[2022-11-18T16:09:31.034-0300] {processor.py:153} INFO - Started process (PID=4538) to work on /home/juliana/Área de Trabalho/datapipeline/.env/lib/python3.8/site-packages/airflow/example_dags/example_xcomargs.py
[2022-11-18T16:09:31.038-0300] {processor.py:640} INFO - Processing file /home/juliana/Área de Trabalho/datapipeline/.env/lib/python3.8/site-packages/airflow/example_dags/example_xcomargs.py for tasks to queue
[2022-11-18T16:09:31.040-0300] {logging_mixin.py:115} INFO - [2022-11-18T16:09:31.040-0300] {dagbag.py:508} INFO - Filling up the DagBag from /home/juliana/Área de Trabalho/datapipeline/.env/lib/python3.8/site-packages/airflow/example_dags/example_xcomargs.py
[2022-11-18T16:09:31.140-0300] {processor.py:650} INFO - DAG(s) dict_keys(['example_xcom_args', 'example_xcom_args_with_operators']) retrieved from /home/juliana/Área de Trabalho/datapipeline/.env/lib/python3.8/site-packages/airflow/example_dags/example_xcomargs.py
[2022-11-18T16:09:37.971-0300] {logging_mixin.py:115} INFO - [2022-11-18T16:09:37.588-0300] {dag.py:2429} INFO - Sync 2 DAGs
[2022-11-18T16:09:43.715-0300] {logging_mixin.py:115} INFO - [2022-11-18T16:09:43.163-0300] {dag.py:2977} INFO - Setting next_dagrun for example_xcom_args to None, run_after=None
[2022-11-18T16:09:47.405-0300] {logging_mixin.py:115} INFO - [2022-11-18T16:09:44.982-0300] {dag.py:2977} INFO - Setting next_dagrun for example_xcom_args_with_operators to None, run_after=None
[2022-11-18T16:10:23.277-0300] {processor.py:161} INFO - Processing /home/juliana/Área de Trabalho/datapipeline/.env/lib/python3.8/site-packages/airflow/example_dags/example_xcomargs.py took 52.256 seconds
[2022-11-18T16:29:26.146-0300] {processor.py:153} INFO - Started process (PID=4728) to work on /home/juliana/Área de Trabalho/datapipeline/.env/lib/python3.8/site-packages/airflow/example_dags/example_xcomargs.py
[2022-11-18T16:29:26.170-0300] {processor.py:640} INFO - Processing file /home/juliana/Área de Trabalho/datapipeline/.env/lib/python3.8/site-packages/airflow/example_dags/example_xcomargs.py for tasks to queue
[2022-11-18T16:29:26.172-0300] {logging_mixin.py:115} INFO - [2022-11-18T16:29:26.171-0300] {dagbag.py:508} INFO - Filling up the DagBag from /home/juliana/Área de Trabalho/datapipeline/.env/lib/python3.8/site-packages/airflow/example_dags/example_xcomargs.py
[2022-11-18T16:29:30.476-0300] {processor.py:650} INFO - DAG(s) dict_keys(['example_xcom_args', 'example_xcom_args_with_operators']) retrieved from /home/juliana/Área de Trabalho/datapipeline/.env/lib/python3.8/site-packages/airflow/example_dags/example_xcomargs.py
[2022-11-18T16:29:43.531-0300] {logging_mixin.py:115} INFO - [2022-11-18T16:29:43.456-0300] {dag.py:2429} INFO - Sync 2 DAGs
[2022-11-18T16:29:51.970-0300] {logging_mixin.py:115} INFO - [2022-11-18T16:29:49.691-0300] {dag.py:2977} INFO - Setting next_dagrun for example_xcom_args to None, run_after=None
[2022-11-18T16:29:54.855-0300] {logging_mixin.py:115} INFO - [2022-11-18T16:29:54.548-0300] {dag.py:2977} INFO - Setting next_dagrun for example_xcom_args_with_operators to None, run_after=None
[2022-11-18T16:31:02.984-0300] {processor.py:161} INFO - Processing /home/juliana/Área de Trabalho/datapipeline/.env/lib/python3.8/site-packages/airflow/example_dags/example_xcomargs.py took 96.872 seconds
[2022-11-18T16:39:48.258-0300] {processor.py:153} INFO - Started process (PID=4946) to work on /home/juliana/Área de Trabalho/datapipeline/.env/lib/python3.8/site-packages/airflow/example_dags/example_xcomargs.py
[2022-11-18T16:39:48.264-0300] {processor.py:640} INFO - Processing file /home/juliana/Área de Trabalho/datapipeline/.env/lib/python3.8/site-packages/airflow/example_dags/example_xcomargs.py for tasks to queue
[2022-11-18T16:39:48.264-0300] {logging_mixin.py:115} INFO - [2022-11-18T16:39:48.264-0300] {dagbag.py:508} INFO - Filling up the DagBag from /home/juliana/Área de Trabalho/datapipeline/.env/lib/python3.8/site-packages/airflow/example_dags/example_xcomargs.py
[2022-11-18T16:39:48.415-0300] {processor.py:650} INFO - DAG(s) dict_keys(['example_xcom_args', 'example_xcom_args_with_operators']) retrieved from /home/juliana/Área de Trabalho/datapipeline/.env/lib/python3.8/site-packages/airflow/example_dags/example_xcomargs.py
[2022-11-18T16:39:49.012-0300] {logging_mixin.py:115} INFO - [2022-11-18T16:39:48.952-0300] {dag.py:2429} INFO - Sync 2 DAGs
[2022-11-18T16:39:49.356-0300] {logging_mixin.py:115} INFO - [2022-11-18T16:39:49.322-0300] {dag.py:2977} INFO - Setting next_dagrun for example_xcom_args to None, run_after=None
[2022-11-18T16:39:49.358-0300] {logging_mixin.py:115} INFO - [2022-11-18T16:39:49.357-0300] {dag.py:2977} INFO - Setting next_dagrun for example_xcom_args_with_operators to None, run_after=None
[2022-11-18T16:39:49.704-0300] {processor.py:161} INFO - Processing /home/juliana/Área de Trabalho/datapipeline/.env/lib/python3.8/site-packages/airflow/example_dags/example_xcomargs.py took 1.467 seconds
[2022-11-18T16:56:39.450-0300] {processor.py:153} INFO - Started process (PID=2185) to work on /home/juliana/Área de Trabalho/datapipeline/.env/lib/python3.8/site-packages/airflow/example_dags/example_xcomargs.py
[2022-11-18T16:56:39.456-0300] {processor.py:640} INFO - Processing file /home/juliana/Área de Trabalho/datapipeline/.env/lib/python3.8/site-packages/airflow/example_dags/example_xcomargs.py for tasks to queue
[2022-11-18T16:56:39.457-0300] {logging_mixin.py:115} INFO - [2022-11-18T16:56:39.457-0300] {dagbag.py:508} INFO - Filling up the DagBag from /home/juliana/Área de Trabalho/datapipeline/.env/lib/python3.8/site-packages/airflow/example_dags/example_xcomargs.py
[2022-11-18T16:56:39.559-0300] {processor.py:650} INFO - DAG(s) dict_keys(['example_xcom_args', 'example_xcom_args_with_operators']) retrieved from /home/juliana/Área de Trabalho/datapipeline/.env/lib/python3.8/site-packages/airflow/example_dags/example_xcomargs.py
[2022-11-18T16:56:39.607-0300] {logging_mixin.py:115} INFO - [2022-11-18T16:56:39.606-0300] {dag.py:2429} INFO - Sync 2 DAGs
[2022-11-18T16:56:39.619-0300] {logging_mixin.py:115} INFO - [2022-11-18T16:56:39.619-0300] {dag.py:2977} INFO - Setting next_dagrun for example_xcom_args to None, run_after=None
[2022-11-18T16:56:39.620-0300] {logging_mixin.py:115} INFO - [2022-11-18T16:56:39.619-0300] {dag.py:2977} INFO - Setting next_dagrun for example_xcom_args_with_operators to None, run_after=None
[2022-11-18T16:56:39.693-0300] {processor.py:161} INFO - Processing /home/juliana/Área de Trabalho/datapipeline/.env/lib/python3.8/site-packages/airflow/example_dags/example_xcomargs.py took 0.248 seconds
[2022-11-18T16:57:17.687-0300] {processor.py:153} INFO - Started process (PID=2309) to work on /home/juliana/Área de Trabalho/datapipeline/.env/lib/python3.8/site-packages/airflow/example_dags/example_xcomargs.py
[2022-11-18T16:57:17.693-0300] {processor.py:640} INFO - Processing file /home/juliana/Área de Trabalho/datapipeline/.env/lib/python3.8/site-packages/airflow/example_dags/example_xcomargs.py for tasks to queue
[2022-11-18T16:57:17.694-0300] {logging_mixin.py:115} INFO - [2022-11-18T16:57:17.694-0300] {dagbag.py:508} INFO - Filling up the DagBag from /home/juliana/Área de Trabalho/datapipeline/.env/lib/python3.8/site-packages/airflow/example_dags/example_xcomargs.py
[2022-11-18T16:57:17.715-0300] {processor.py:650} INFO - DAG(s) dict_keys(['example_xcom_args', 'example_xcom_args_with_operators']) retrieved from /home/juliana/Área de Trabalho/datapipeline/.env/lib/python3.8/site-packages/airflow/example_dags/example_xcomargs.py
[2022-11-18T16:57:17.755-0300] {logging_mixin.py:115} INFO - [2022-11-18T16:57:17.755-0300] {dag.py:2429} INFO - Sync 2 DAGs
[2022-11-18T16:57:17.768-0300] {logging_mixin.py:115} INFO - [2022-11-18T16:57:17.768-0300] {dag.py:2977} INFO - Setting next_dagrun for example_xcom_args to None, run_after=None
[2022-11-18T16:57:17.769-0300] {logging_mixin.py:115} INFO - [2022-11-18T16:57:17.769-0300] {dag.py:2977} INFO - Setting next_dagrun for example_xcom_args_with_operators to None, run_after=None
[2022-11-18T16:57:17.785-0300] {processor.py:161} INFO - Processing /home/juliana/Área de Trabalho/datapipeline/.env/lib/python3.8/site-packages/airflow/example_dags/example_xcomargs.py took 0.103 seconds
[2022-11-18T16:57:53.189-0300] {processor.py:153} INFO - Started process (PID=2611) to work on /home/juliana/Área de Trabalho/datapipeline/.env/lib/python3.8/site-packages/airflow/example_dags/example_xcomargs.py
[2022-11-18T16:57:53.195-0300] {processor.py:640} INFO - Processing file /home/juliana/Área de Trabalho/datapipeline/.env/lib/python3.8/site-packages/airflow/example_dags/example_xcomargs.py for tasks to queue
[2022-11-18T16:57:53.196-0300] {logging_mixin.py:115} INFO - [2022-11-18T16:57:53.196-0300] {dagbag.py:508} INFO - Filling up the DagBag from /home/juliana/Área de Trabalho/datapipeline/.env/lib/python3.8/site-packages/airflow/example_dags/example_xcomargs.py
[2022-11-18T16:57:53.225-0300] {processor.py:650} INFO - DAG(s) dict_keys(['example_xcom_args', 'example_xcom_args_with_operators']) retrieved from /home/juliana/Área de Trabalho/datapipeline/.env/lib/python3.8/site-packages/airflow/example_dags/example_xcomargs.py
[2022-11-18T16:57:53.377-0300] {logging_mixin.py:115} INFO - [2022-11-18T16:57:53.376-0300] {dag.py:2429} INFO - Sync 2 DAGs
[2022-11-18T16:57:53.407-0300] {logging_mixin.py:115} INFO - [2022-11-18T16:57:53.407-0300] {dag.py:2977} INFO - Setting next_dagrun for example_xcom_args to None, run_after=None
[2022-11-18T16:57:53.407-0300] {logging_mixin.py:115} INFO - [2022-11-18T16:57:53.407-0300] {dag.py:2977} INFO - Setting next_dagrun for example_xcom_args_with_operators to None, run_after=None
[2022-11-18T16:57:53.429-0300] {processor.py:161} INFO - Processing /home/juliana/Área de Trabalho/datapipeline/.env/lib/python3.8/site-packages/airflow/example_dags/example_xcomargs.py took 0.244 seconds
[2022-11-18T16:58:24.548-0300] {processor.py:153} INFO - Started process (PID=2809) to work on /home/juliana/Área de Trabalho/datapipeline/.env/lib/python3.8/site-packages/airflow/example_dags/example_xcomargs.py
[2022-11-18T16:58:24.549-0300] {processor.py:640} INFO - Processing file /home/juliana/Área de Trabalho/datapipeline/.env/lib/python3.8/site-packages/airflow/example_dags/example_xcomargs.py for tasks to queue
[2022-11-18T16:58:24.550-0300] {logging_mixin.py:115} INFO - [2022-11-18T16:58:24.550-0300] {dagbag.py:508} INFO - Filling up the DagBag from /home/juliana/Área de Trabalho/datapipeline/.env/lib/python3.8/site-packages/airflow/example_dags/example_xcomargs.py
[2022-11-18T16:58:24.571-0300] {processor.py:650} INFO - DAG(s) dict_keys(['example_xcom_args', 'example_xcom_args_with_operators']) retrieved from /home/juliana/Área de Trabalho/datapipeline/.env/lib/python3.8/site-packages/airflow/example_dags/example_xcomargs.py
[2022-11-18T16:58:24.591-0300] {logging_mixin.py:115} INFO - [2022-11-18T16:58:24.591-0300] {dag.py:2429} INFO - Sync 2 DAGs
[2022-11-18T16:58:24.605-0300] {logging_mixin.py:115} INFO - [2022-11-18T16:58:24.605-0300] {dag.py:2977} INFO - Setting next_dagrun for example_xcom_args to None, run_after=None
[2022-11-18T16:58:24.605-0300] {logging_mixin.py:115} INFO - [2022-11-18T16:58:24.605-0300] {dag.py:2977} INFO - Setting next_dagrun for example_xcom_args_with_operators to None, run_after=None
[2022-11-18T16:58:24.626-0300] {processor.py:161} INFO - Processing /home/juliana/Área de Trabalho/datapipeline/.env/lib/python3.8/site-packages/airflow/example_dags/example_xcomargs.py took 0.082 seconds
[2022-11-18T16:58:57.337-0300] {processor.py:153} INFO - Started process (PID=3012) to work on /home/juliana/Área de Trabalho/datapipeline/.env/lib/python3.8/site-packages/airflow/example_dags/example_xcomargs.py
[2022-11-18T16:58:57.339-0300] {processor.py:640} INFO - Processing file /home/juliana/Área de Trabalho/datapipeline/.env/lib/python3.8/site-packages/airflow/example_dags/example_xcomargs.py for tasks to queue
[2022-11-18T16:58:57.340-0300] {logging_mixin.py:115} INFO - [2022-11-18T16:58:57.340-0300] {dagbag.py:508} INFO - Filling up the DagBag from /home/juliana/Área de Trabalho/datapipeline/.env/lib/python3.8/site-packages/airflow/example_dags/example_xcomargs.py
[2022-11-18T16:58:57.370-0300] {processor.py:650} INFO - DAG(s) dict_keys(['example_xcom_args', 'example_xcom_args_with_operators']) retrieved from /home/juliana/Área de Trabalho/datapipeline/.env/lib/python3.8/site-packages/airflow/example_dags/example_xcomargs.py
[2022-11-18T16:58:57.411-0300] {logging_mixin.py:115} INFO - [2022-11-18T16:58:57.411-0300] {dag.py:2429} INFO - Sync 2 DAGs
[2022-11-18T16:58:57.423-0300] {logging_mixin.py:115} INFO - [2022-11-18T16:58:57.423-0300] {dag.py:2977} INFO - Setting next_dagrun for example_xcom_args to None, run_after=None
[2022-11-18T16:58:57.423-0300] {logging_mixin.py:115} INFO - [2022-11-18T16:58:57.423-0300] {dag.py:2977} INFO - Setting next_dagrun for example_xcom_args_with_operators to None, run_after=None
[2022-11-18T16:58:57.440-0300] {processor.py:161} INFO - Processing /home/juliana/Área de Trabalho/datapipeline/.env/lib/python3.8/site-packages/airflow/example_dags/example_xcomargs.py took 0.108 seconds
[2022-11-18T16:59:29.543-0300] {processor.py:153} INFO - Started process (PID=3200) to work on /home/juliana/Área de Trabalho/datapipeline/.env/lib/python3.8/site-packages/airflow/example_dags/example_xcomargs.py
[2022-11-18T16:59:29.544-0300] {processor.py:640} INFO - Processing file /home/juliana/Área de Trabalho/datapipeline/.env/lib/python3.8/site-packages/airflow/example_dags/example_xcomargs.py for tasks to queue
[2022-11-18T16:59:29.544-0300] {logging_mixin.py:115} INFO - [2022-11-18T16:59:29.544-0300] {dagbag.py:508} INFO - Filling up the DagBag from /home/juliana/Área de Trabalho/datapipeline/.env/lib/python3.8/site-packages/airflow/example_dags/example_xcomargs.py
[2022-11-18T16:59:29.562-0300] {processor.py:650} INFO - DAG(s) dict_keys(['example_xcom_args', 'example_xcom_args_with_operators']) retrieved from /home/juliana/Área de Trabalho/datapipeline/.env/lib/python3.8/site-packages/airflow/example_dags/example_xcomargs.py
[2022-11-18T16:59:29.579-0300] {logging_mixin.py:115} INFO - [2022-11-18T16:59:29.579-0300] {dag.py:2429} INFO - Sync 2 DAGs
[2022-11-18T16:59:29.592-0300] {logging_mixin.py:115} INFO - [2022-11-18T16:59:29.592-0300] {dag.py:2977} INFO - Setting next_dagrun for example_xcom_args to None, run_after=None
[2022-11-18T16:59:29.593-0300] {logging_mixin.py:115} INFO - [2022-11-18T16:59:29.593-0300] {dag.py:2977} INFO - Setting next_dagrun for example_xcom_args_with_operators to None, run_after=None
[2022-11-18T16:59:29.613-0300] {processor.py:161} INFO - Processing /home/juliana/Área de Trabalho/datapipeline/.env/lib/python3.8/site-packages/airflow/example_dags/example_xcomargs.py took 0.073 seconds
[2022-11-18T17:00:00.498-0300] {processor.py:153} INFO - Started process (PID=3390) to work on /home/juliana/Área de Trabalho/datapipeline/.env/lib/python3.8/site-packages/airflow/example_dags/example_xcomargs.py
[2022-11-18T17:00:00.500-0300] {processor.py:640} INFO - Processing file /home/juliana/Área de Trabalho/datapipeline/.env/lib/python3.8/site-packages/airflow/example_dags/example_xcomargs.py for tasks to queue
[2022-11-18T17:00:00.501-0300] {logging_mixin.py:115} INFO - [2022-11-18T17:00:00.501-0300] {dagbag.py:508} INFO - Filling up the DagBag from /home/juliana/Área de Trabalho/datapipeline/.env/lib/python3.8/site-packages/airflow/example_dags/example_xcomargs.py
[2022-11-18T17:00:00.522-0300] {processor.py:650} INFO - DAG(s) dict_keys(['example_xcom_args', 'example_xcom_args_with_operators']) retrieved from /home/juliana/Área de Trabalho/datapipeline/.env/lib/python3.8/site-packages/airflow/example_dags/example_xcomargs.py
[2022-11-18T17:00:00.561-0300] {logging_mixin.py:115} INFO - [2022-11-18T17:00:00.561-0300] {dag.py:2429} INFO - Sync 2 DAGs
[2022-11-18T17:00:00.573-0300] {logging_mixin.py:115} INFO - [2022-11-18T17:00:00.573-0300] {dag.py:2977} INFO - Setting next_dagrun for example_xcom_args to None, run_after=None
[2022-11-18T17:00:00.573-0300] {logging_mixin.py:115} INFO - [2022-11-18T17:00:00.573-0300] {dag.py:2977} INFO - Setting next_dagrun for example_xcom_args_with_operators to None, run_after=None
[2022-11-18T17:00:00.594-0300] {processor.py:161} INFO - Processing /home/juliana/Área de Trabalho/datapipeline/.env/lib/python3.8/site-packages/airflow/example_dags/example_xcomargs.py took 0.101 seconds
[2022-11-18T17:00:35.472-0300] {processor.py:153} INFO - Started process (PID=3528) to work on /home/juliana/Área de Trabalho/datapipeline/.env/lib/python3.8/site-packages/airflow/example_dags/example_xcomargs.py
[2022-11-18T17:00:35.473-0300] {processor.py:640} INFO - Processing file /home/juliana/Área de Trabalho/datapipeline/.env/lib/python3.8/site-packages/airflow/example_dags/example_xcomargs.py for tasks to queue
[2022-11-18T17:00:35.474-0300] {logging_mixin.py:115} INFO - [2022-11-18T17:00:35.474-0300] {dagbag.py:508} INFO - Filling up the DagBag from /home/juliana/Área de Trabalho/datapipeline/.env/lib/python3.8/site-packages/airflow/example_dags/example_xcomargs.py
[2022-11-18T17:00:35.492-0300] {processor.py:650} INFO - DAG(s) dict_keys(['example_xcom_args', 'example_xcom_args_with_operators']) retrieved from /home/juliana/Área de Trabalho/datapipeline/.env/lib/python3.8/site-packages/airflow/example_dags/example_xcomargs.py
[2022-11-18T17:00:35.529-0300] {logging_mixin.py:115} INFO - [2022-11-18T17:00:35.529-0300] {dag.py:2429} INFO - Sync 2 DAGs
[2022-11-18T17:00:35.541-0300] {logging_mixin.py:115} INFO - [2022-11-18T17:00:35.541-0300] {dag.py:2977} INFO - Setting next_dagrun for example_xcom_args to None, run_after=None
[2022-11-18T17:00:35.541-0300] {logging_mixin.py:115} INFO - [2022-11-18T17:00:35.541-0300] {dag.py:2977} INFO - Setting next_dagrun for example_xcom_args_with_operators to None, run_after=None
[2022-11-18T17:00:35.562-0300] {processor.py:161} INFO - Processing /home/juliana/Área de Trabalho/datapipeline/.env/lib/python3.8/site-packages/airflow/example_dags/example_xcomargs.py took 0.094 seconds
