[2022-11-18T16:15:30.485-0300] {processor.py:153} INFO - Started process (PID=4564) to work on /home/juliana/Área de Trabalho/datapipeline/.env/lib/python3.8/site-packages/airflow/example_dags/example_branch_day_of_week_operator.py
[2022-11-18T16:15:30.502-0300] {processor.py:640} INFO - Processing file /home/juliana/Área de Trabalho/datapipeline/.env/lib/python3.8/site-packages/airflow/example_dags/example_branch_day_of_week_operator.py for tasks to queue
[2022-11-18T16:15:30.506-0300] {logging_mixin.py:115} INFO - [2022-11-18T16:15:30.505-0300] {dagbag.py:508} INFO - Filling up the DagBag from /home/juliana/Área de Trabalho/datapipeline/.env/lib/python3.8/site-packages/airflow/example_dags/example_branch_day_of_week_operator.py
[2022-11-18T16:15:30.697-0300] {processor.py:650} INFO - DAG(s) dict_keys(['example_weekday_branch_operator']) retrieved from /home/juliana/Área de Trabalho/datapipeline/.env/lib/python3.8/site-packages/airflow/example_dags/example_branch_day_of_week_operator.py
[2022-11-18T16:15:31.573-0300] {logging_mixin.py:115} INFO - [2022-11-18T16:15:31.500-0300] {dag.py:2429} INFO - Sync 1 DAGs
[2022-11-18T16:15:33.861-0300] {logging_mixin.py:115} INFO - [2022-11-18T16:15:33.831-0300] {dag.py:2977} INFO - Setting next_dagrun for example_weekday_branch_operator to 2022-11-17T00:00:00+00:00, run_after=2022-11-18T00:00:00+00:00
[2022-11-18T16:15:43.047-0300] {processor.py:161} INFO - Processing /home/juliana/Área de Trabalho/datapipeline/.env/lib/python3.8/site-packages/airflow/example_dags/example_branch_day_of_week_operator.py took 12.606 seconds
[2022-11-18T16:33:47.432-0300] {processor.py:153} INFO - Started process (PID=4800) to work on /home/juliana/Área de Trabalho/datapipeline/.env/lib/python3.8/site-packages/airflow/example_dags/example_branch_day_of_week_operator.py
[2022-11-18T16:33:47.440-0300] {processor.py:640} INFO - Processing file /home/juliana/Área de Trabalho/datapipeline/.env/lib/python3.8/site-packages/airflow/example_dags/example_branch_day_of_week_operator.py for tasks to queue
[2022-11-18T16:33:47.447-0300] {logging_mixin.py:115} INFO - [2022-11-18T16:33:47.444-0300] {dagbag.py:508} INFO - Filling up the DagBag from /home/juliana/Área de Trabalho/datapipeline/.env/lib/python3.8/site-packages/airflow/example_dags/example_branch_day_of_week_operator.py
[2022-11-18T16:33:47.580-0300] {processor.py:650} INFO - DAG(s) dict_keys(['example_weekday_branch_operator']) retrieved from /home/juliana/Área de Trabalho/datapipeline/.env/lib/python3.8/site-packages/airflow/example_dags/example_branch_day_of_week_operator.py
[2022-11-18T16:33:47.755-0300] {logging_mixin.py:115} INFO - [2022-11-18T16:33:47.752-0300] {dag.py:2429} INFO - Sync 1 DAGs
[2022-11-18T16:33:47.957-0300] {logging_mixin.py:115} INFO - [2022-11-18T16:33:47.945-0300] {dag.py:2977} INFO - Setting next_dagrun for example_weekday_branch_operator to 2022-11-17T00:00:00+00:00, run_after=2022-11-18T00:00:00+00:00
[2022-11-18T16:33:48.145-0300] {processor.py:161} INFO - Processing /home/juliana/Área de Trabalho/datapipeline/.env/lib/python3.8/site-packages/airflow/example_dags/example_branch_day_of_week_operator.py took 0.732 seconds
[2022-11-18T16:44:01.956-0300] {processor.py:153} INFO - Started process (PID=5002) to work on /home/juliana/Área de Trabalho/datapipeline/.env/lib/python3.8/site-packages/airflow/example_dags/example_branch_day_of_week_operator.py
[2022-11-18T16:44:01.971-0300] {processor.py:640} INFO - Processing file /home/juliana/Área de Trabalho/datapipeline/.env/lib/python3.8/site-packages/airflow/example_dags/example_branch_day_of_week_operator.py for tasks to queue
[2022-11-18T16:44:01.974-0300] {logging_mixin.py:115} INFO - [2022-11-18T16:44:01.974-0300] {dagbag.py:508} INFO - Filling up the DagBag from /home/juliana/Área de Trabalho/datapipeline/.env/lib/python3.8/site-packages/airflow/example_dags/example_branch_day_of_week_operator.py
[2022-11-18T16:44:02.070-0300] {processor.py:650} INFO - DAG(s) dict_keys(['example_weekday_branch_operator']) retrieved from /home/juliana/Área de Trabalho/datapipeline/.env/lib/python3.8/site-packages/airflow/example_dags/example_branch_day_of_week_operator.py
[2022-11-18T16:44:02.428-0300] {logging_mixin.py:115} INFO - [2022-11-18T16:44:02.376-0300] {dag.py:2429} INFO - Sync 1 DAGs
[2022-11-18T16:44:02.708-0300] {logging_mixin.py:115} INFO - [2022-11-18T16:44:02.692-0300] {dag.py:2977} INFO - Setting next_dagrun for example_weekday_branch_operator to 2022-11-17T00:00:00+00:00, run_after=2022-11-18T00:00:00+00:00
[2022-11-18T16:44:03.000-0300] {processor.py:161} INFO - Processing /home/juliana/Área de Trabalho/datapipeline/.env/lib/python3.8/site-packages/airflow/example_dags/example_branch_day_of_week_operator.py took 1.065 seconds
[2022-11-18T16:56:48.101-0300] {processor.py:153} INFO - Started process (PID=2201) to work on /home/juliana/Área de Trabalho/datapipeline/.env/lib/python3.8/site-packages/airflow/example_dags/example_branch_day_of_week_operator.py
[2022-11-18T16:56:48.107-0300] {processor.py:640} INFO - Processing file /home/juliana/Área de Trabalho/datapipeline/.env/lib/python3.8/site-packages/airflow/example_dags/example_branch_day_of_week_operator.py for tasks to queue
[2022-11-18T16:56:48.108-0300] {logging_mixin.py:115} INFO - [2022-11-18T16:56:48.108-0300] {dagbag.py:508} INFO - Filling up the DagBag from /home/juliana/Área de Trabalho/datapipeline/.env/lib/python3.8/site-packages/airflow/example_dags/example_branch_day_of_week_operator.py
[2022-11-18T16:56:48.119-0300] {processor.py:650} INFO - DAG(s) dict_keys(['example_weekday_branch_operator']) retrieved from /home/juliana/Área de Trabalho/datapipeline/.env/lib/python3.8/site-packages/airflow/example_dags/example_branch_day_of_week_operator.py
[2022-11-18T16:56:48.133-0300] {logging_mixin.py:115} INFO - [2022-11-18T16:56:48.133-0300] {dag.py:2429} INFO - Sync 1 DAGs
[2022-11-18T16:56:48.152-0300] {logging_mixin.py:115} INFO - [2022-11-18T16:56:48.152-0300] {dag.py:2977} INFO - Setting next_dagrun for example_weekday_branch_operator to 2022-11-17T00:00:00+00:00, run_after=2022-11-18T00:00:00+00:00
[2022-11-18T16:56:48.186-0300] {processor.py:161} INFO - Processing /home/juliana/Área de Trabalho/datapipeline/.env/lib/python3.8/site-packages/airflow/example_dags/example_branch_day_of_week_operator.py took 0.090 seconds
[2022-11-18T16:57:25.750-0300] {processor.py:153} INFO - Started process (PID=2322) to work on /home/juliana/Área de Trabalho/datapipeline/.env/lib/python3.8/site-packages/airflow/example_dags/example_branch_day_of_week_operator.py
[2022-11-18T16:57:25.756-0300] {processor.py:640} INFO - Processing file /home/juliana/Área de Trabalho/datapipeline/.env/lib/python3.8/site-packages/airflow/example_dags/example_branch_day_of_week_operator.py for tasks to queue
[2022-11-18T16:57:25.756-0300] {logging_mixin.py:115} INFO - [2022-11-18T16:57:25.756-0300] {dagbag.py:508} INFO - Filling up the DagBag from /home/juliana/Área de Trabalho/datapipeline/.env/lib/python3.8/site-packages/airflow/example_dags/example_branch_day_of_week_operator.py
[2022-11-18T16:57:25.781-0300] {processor.py:650} INFO - DAG(s) dict_keys(['example_weekday_branch_operator']) retrieved from /home/juliana/Área de Trabalho/datapipeline/.env/lib/python3.8/site-packages/airflow/example_dags/example_branch_day_of_week_operator.py
[2022-11-18T16:57:25.802-0300] {logging_mixin.py:115} INFO - [2022-11-18T16:57:25.802-0300] {dag.py:2429} INFO - Sync 1 DAGs
[2022-11-18T16:57:25.829-0300] {logging_mixin.py:115} INFO - [2022-11-18T16:57:25.829-0300] {dag.py:2977} INFO - Setting next_dagrun for example_weekday_branch_operator to 2022-11-17T00:00:00+00:00, run_after=2022-11-18T00:00:00+00:00
[2022-11-18T16:57:25.848-0300] {processor.py:161} INFO - Processing /home/juliana/Área de Trabalho/datapipeline/.env/lib/python3.8/site-packages/airflow/example_dags/example_branch_day_of_week_operator.py took 0.105 seconds
[2022-11-18T16:58:01.216-0300] {processor.py:153} INFO - Started process (PID=2645) to work on /home/juliana/Área de Trabalho/datapipeline/.env/lib/python3.8/site-packages/airflow/example_dags/example_branch_day_of_week_operator.py
[2022-11-18T16:58:01.219-0300] {processor.py:640} INFO - Processing file /home/juliana/Área de Trabalho/datapipeline/.env/lib/python3.8/site-packages/airflow/example_dags/example_branch_day_of_week_operator.py for tasks to queue
[2022-11-18T16:58:01.219-0300] {logging_mixin.py:115} INFO - [2022-11-18T16:58:01.219-0300] {dagbag.py:508} INFO - Filling up the DagBag from /home/juliana/Área de Trabalho/datapipeline/.env/lib/python3.8/site-packages/airflow/example_dags/example_branch_day_of_week_operator.py
[2022-11-18T16:58:01.236-0300] {processor.py:650} INFO - DAG(s) dict_keys(['example_weekday_branch_operator']) retrieved from /home/juliana/Área de Trabalho/datapipeline/.env/lib/python3.8/site-packages/airflow/example_dags/example_branch_day_of_week_operator.py
[2022-11-18T16:58:01.255-0300] {logging_mixin.py:115} INFO - [2022-11-18T16:58:01.255-0300] {dag.py:2429} INFO - Sync 1 DAGs
[2022-11-18T16:58:01.281-0300] {logging_mixin.py:115} INFO - [2022-11-18T16:58:01.281-0300] {dag.py:2977} INFO - Setting next_dagrun for example_weekday_branch_operator to 2022-11-17T00:00:00+00:00, run_after=2022-11-18T00:00:00+00:00
[2022-11-18T16:58:01.297-0300] {processor.py:161} INFO - Processing /home/juliana/Área de Trabalho/datapipeline/.env/lib/python3.8/site-packages/airflow/example_dags/example_branch_day_of_week_operator.py took 0.084 seconds
[2022-11-18T16:58:35.959-0300] {processor.py:153} INFO - Started process (PID=2878) to work on /home/juliana/Área de Trabalho/datapipeline/.env/lib/python3.8/site-packages/airflow/example_dags/example_branch_day_of_week_operator.py
[2022-11-18T16:58:35.960-0300] {processor.py:640} INFO - Processing file /home/juliana/Área de Trabalho/datapipeline/.env/lib/python3.8/site-packages/airflow/example_dags/example_branch_day_of_week_operator.py for tasks to queue
[2022-11-18T16:58:35.962-0300] {logging_mixin.py:115} INFO - [2022-11-18T16:58:35.961-0300] {dagbag.py:508} INFO - Filling up the DagBag from /home/juliana/Área de Trabalho/datapipeline/.env/lib/python3.8/site-packages/airflow/example_dags/example_branch_day_of_week_operator.py
[2022-11-18T16:58:35.976-0300] {processor.py:650} INFO - DAG(s) dict_keys(['example_weekday_branch_operator']) retrieved from /home/juliana/Área de Trabalho/datapipeline/.env/lib/python3.8/site-packages/airflow/example_dags/example_branch_day_of_week_operator.py
[2022-11-18T16:58:35.993-0300] {logging_mixin.py:115} INFO - [2022-11-18T16:58:35.992-0300] {dag.py:2429} INFO - Sync 1 DAGs
[2022-11-18T16:58:36.011-0300] {logging_mixin.py:115} INFO - [2022-11-18T16:58:36.011-0300] {dag.py:2977} INFO - Setting next_dagrun for example_weekday_branch_operator to 2022-11-17T00:00:00+00:00, run_after=2022-11-18T00:00:00+00:00
[2022-11-18T16:58:36.027-0300] {processor.py:161} INFO - Processing /home/juliana/Área de Trabalho/datapipeline/.env/lib/python3.8/site-packages/airflow/example_dags/example_branch_day_of_week_operator.py took 0.074 seconds
[2022-11-18T16:59:10.187-0300] {processor.py:153} INFO - Started process (PID=3103) to work on /home/juliana/Área de Trabalho/datapipeline/.env/lib/python3.8/site-packages/airflow/example_dags/example_branch_day_of_week_operator.py
[2022-11-18T16:59:10.189-0300] {processor.py:640} INFO - Processing file /home/juliana/Área de Trabalho/datapipeline/.env/lib/python3.8/site-packages/airflow/example_dags/example_branch_day_of_week_operator.py for tasks to queue
[2022-11-18T16:59:10.190-0300] {logging_mixin.py:115} INFO - [2022-11-18T16:59:10.189-0300] {dagbag.py:508} INFO - Filling up the DagBag from /home/juliana/Área de Trabalho/datapipeline/.env/lib/python3.8/site-packages/airflow/example_dags/example_branch_day_of_week_operator.py
[2022-11-18T16:59:10.201-0300] {processor.py:650} INFO - DAG(s) dict_keys(['example_weekday_branch_operator']) retrieved from /home/juliana/Área de Trabalho/datapipeline/.env/lib/python3.8/site-packages/airflow/example_dags/example_branch_day_of_week_operator.py
[2022-11-18T16:59:10.217-0300] {logging_mixin.py:115} INFO - [2022-11-18T16:59:10.217-0300] {dag.py:2429} INFO - Sync 1 DAGs
[2022-11-18T16:59:10.235-0300] {logging_mixin.py:115} INFO - [2022-11-18T16:59:10.235-0300] {dag.py:2977} INFO - Setting next_dagrun for example_weekday_branch_operator to 2022-11-17T00:00:00+00:00, run_after=2022-11-18T00:00:00+00:00
[2022-11-18T16:59:10.255-0300] {processor.py:161} INFO - Processing /home/juliana/Área de Trabalho/datapipeline/.env/lib/python3.8/site-packages/airflow/example_dags/example_branch_day_of_week_operator.py took 0.073 seconds
[2022-11-18T16:59:45.035-0300] {processor.py:153} INFO - Started process (PID=3297) to work on /home/juliana/Área de Trabalho/datapipeline/.env/lib/python3.8/site-packages/airflow/example_dags/example_branch_day_of_week_operator.py
[2022-11-18T16:59:45.037-0300] {processor.py:640} INFO - Processing file /home/juliana/Área de Trabalho/datapipeline/.env/lib/python3.8/site-packages/airflow/example_dags/example_branch_day_of_week_operator.py for tasks to queue
[2022-11-18T16:59:45.038-0300] {logging_mixin.py:115} INFO - [2022-11-18T16:59:45.038-0300] {dagbag.py:508} INFO - Filling up the DagBag from /home/juliana/Área de Trabalho/datapipeline/.env/lib/python3.8/site-packages/airflow/example_dags/example_branch_day_of_week_operator.py
[2022-11-18T16:59:45.050-0300] {processor.py:650} INFO - DAG(s) dict_keys(['example_weekday_branch_operator']) retrieved from /home/juliana/Área de Trabalho/datapipeline/.env/lib/python3.8/site-packages/airflow/example_dags/example_branch_day_of_week_operator.py
[2022-11-18T16:59:45.066-0300] {logging_mixin.py:115} INFO - [2022-11-18T16:59:45.066-0300] {dag.py:2429} INFO - Sync 1 DAGs
[2022-11-18T16:59:45.083-0300] {logging_mixin.py:115} INFO - [2022-11-18T16:59:45.083-0300] {dag.py:2977} INFO - Setting next_dagrun for example_weekday_branch_operator to 2022-11-17T00:00:00+00:00, run_after=2022-11-18T00:00:00+00:00
[2022-11-18T16:59:45.102-0300] {processor.py:161} INFO - Processing /home/juliana/Área de Trabalho/datapipeline/.env/lib/python3.8/site-packages/airflow/example_dags/example_branch_day_of_week_operator.py took 0.073 seconds
[2022-11-18T17:00:21.049-0300] {processor.py:153} INFO - Started process (PID=3513) to work on /home/juliana/Área de Trabalho/datapipeline/.env/lib/python3.8/site-packages/airflow/example_dags/example_branch_day_of_week_operator.py
[2022-11-18T17:00:21.050-0300] {processor.py:640} INFO - Processing file /home/juliana/Área de Trabalho/datapipeline/.env/lib/python3.8/site-packages/airflow/example_dags/example_branch_day_of_week_operator.py for tasks to queue
[2022-11-18T17:00:21.051-0300] {logging_mixin.py:115} INFO - [2022-11-18T17:00:21.051-0300] {dagbag.py:508} INFO - Filling up the DagBag from /home/juliana/Área de Trabalho/datapipeline/.env/lib/python3.8/site-packages/airflow/example_dags/example_branch_day_of_week_operator.py
[2022-11-18T17:00:21.061-0300] {processor.py:650} INFO - DAG(s) dict_keys(['example_weekday_branch_operator']) retrieved from /home/juliana/Área de Trabalho/datapipeline/.env/lib/python3.8/site-packages/airflow/example_dags/example_branch_day_of_week_operator.py
[2022-11-18T17:00:21.076-0300] {logging_mixin.py:115} INFO - [2022-11-18T17:00:21.076-0300] {dag.py:2429} INFO - Sync 1 DAGs
[2022-11-18T17:00:21.096-0300] {logging_mixin.py:115} INFO - [2022-11-18T17:00:21.096-0300] {dag.py:2977} INFO - Setting next_dagrun for example_weekday_branch_operator to 2022-11-17T00:00:00+00:00, run_after=2022-11-18T00:00:00+00:00
[2022-11-18T17:00:21.121-0300] {processor.py:161} INFO - Processing /home/juliana/Área de Trabalho/datapipeline/.env/lib/python3.8/site-packages/airflow/example_dags/example_branch_day_of_week_operator.py took 0.076 seconds
[2022-11-18T17:00:53.830-0300] {processor.py:153} INFO - Started process (PID=3556) to work on /home/juliana/Área de Trabalho/datapipeline/.env/lib/python3.8/site-packages/airflow/example_dags/example_branch_day_of_week_operator.py
[2022-11-18T17:00:53.833-0300] {processor.py:640} INFO - Processing file /home/juliana/Área de Trabalho/datapipeline/.env/lib/python3.8/site-packages/airflow/example_dags/example_branch_day_of_week_operator.py for tasks to queue
[2022-11-18T17:00:53.833-0300] {logging_mixin.py:115} INFO - [2022-11-18T17:00:53.833-0300] {dagbag.py:508} INFO - Filling up the DagBag from /home/juliana/Área de Trabalho/datapipeline/.env/lib/python3.8/site-packages/airflow/example_dags/example_branch_day_of_week_operator.py
[2022-11-18T17:00:53.849-0300] {processor.py:650} INFO - DAG(s) dict_keys(['example_weekday_branch_operator']) retrieved from /home/juliana/Área de Trabalho/datapipeline/.env/lib/python3.8/site-packages/airflow/example_dags/example_branch_day_of_week_operator.py
[2022-11-18T17:00:53.895-0300] {logging_mixin.py:115} INFO - [2022-11-18T17:00:53.895-0300] {dag.py:2429} INFO - Sync 1 DAGs
[2022-11-18T17:00:53.930-0300] {logging_mixin.py:115} INFO - [2022-11-18T17:00:53.930-0300] {dag.py:2977} INFO - Setting next_dagrun for example_weekday_branch_operator to 2022-11-17T00:00:00+00:00, run_after=2022-11-18T00:00:00+00:00
[2022-11-18T17:00:54.043-0300] {processor.py:161} INFO - Processing /home/juliana/Área de Trabalho/datapipeline/.env/lib/python3.8/site-packages/airflow/example_dags/example_branch_day_of_week_operator.py took 0.219 seconds
