[2022-11-18T16:17:24.883-0300] {processor.py:153} INFO - Started process (PID=4585) to work on /home/juliana/Área de Trabalho/datapipeline/.env/lib/python3.8/site-packages/airflow/example_dags/example_task_group_decorator.py
[2022-11-18T16:17:24.888-0300] {processor.py:640} INFO - Processing file /home/juliana/Área de Trabalho/datapipeline/.env/lib/python3.8/site-packages/airflow/example_dags/example_task_group_decorator.py for tasks to queue
[2022-11-18T16:17:24.889-0300] {logging_mixin.py:115} INFO - [2022-11-18T16:17:24.888-0300] {dagbag.py:508} INFO - Filling up the DagBag from /home/juliana/Área de Trabalho/datapipeline/.env/lib/python3.8/site-packages/airflow/example_dags/example_task_group_decorator.py
[2022-11-18T16:17:25.111-0300] {processor.py:650} INFO - DAG(s) dict_keys(['example_task_group_decorator']) retrieved from /home/juliana/Área de Trabalho/datapipeline/.env/lib/python3.8/site-packages/airflow/example_dags/example_task_group_decorator.py
[2022-11-18T16:17:28.255-0300] {logging_mixin.py:115} INFO - [2022-11-18T16:17:28.125-0300] {dag.py:2429} INFO - Sync 1 DAGs
[2022-11-18T16:17:43.186-0300] {logging_mixin.py:115} INFO - [2022-11-18T16:17:40.845-0300] {dag.py:2977} INFO - Setting next_dagrun for example_task_group_decorator to 2022-11-17T19:17:40.022788+00:00, run_after=2022-11-18T19:17:40.022788+00:00
[2022-11-18T16:18:09.389-0300] {processor.py:161} INFO - Processing /home/juliana/Área de Trabalho/datapipeline/.env/lib/python3.8/site-packages/airflow/example_dags/example_task_group_decorator.py took 44.521 seconds
[2022-11-18T16:36:10.680-0300] {processor.py:153} INFO - Started process (PID=4862) to work on /home/juliana/Área de Trabalho/datapipeline/.env/lib/python3.8/site-packages/airflow/example_dags/example_task_group_decorator.py
[2022-11-18T16:36:10.685-0300] {processor.py:640} INFO - Processing file /home/juliana/Área de Trabalho/datapipeline/.env/lib/python3.8/site-packages/airflow/example_dags/example_task_group_decorator.py for tasks to queue
[2022-11-18T16:36:10.687-0300] {logging_mixin.py:115} INFO - [2022-11-18T16:36:10.686-0300] {dagbag.py:508} INFO - Filling up the DagBag from /home/juliana/Área de Trabalho/datapipeline/.env/lib/python3.8/site-packages/airflow/example_dags/example_task_group_decorator.py
[2022-11-18T16:36:10.931-0300] {processor.py:650} INFO - DAG(s) dict_keys(['example_task_group_decorator']) retrieved from /home/juliana/Área de Trabalho/datapipeline/.env/lib/python3.8/site-packages/airflow/example_dags/example_task_group_decorator.py
[2022-11-18T16:36:13.356-0300] {logging_mixin.py:115} INFO - [2022-11-18T16:36:13.220-0300] {dag.py:2429} INFO - Sync 1 DAGs
[2022-11-18T16:36:15.797-0300] {logging_mixin.py:115} INFO - [2022-11-18T16:36:15.742-0300] {dag.py:2977} INFO - Setting next_dagrun for example_task_group_decorator to 2022-11-17T19:36:15.685965+00:00, run_after=2022-11-18T19:36:15.685965+00:00
[2022-11-18T16:36:18.808-0300] {processor.py:161} INFO - Processing /home/juliana/Área de Trabalho/datapipeline/.env/lib/python3.8/site-packages/airflow/example_dags/example_task_group_decorator.py took 8.144 seconds
[2022-11-18T16:56:59.698-0300] {processor.py:153} INFO - Started process (PID=2289) to work on /home/juliana/Área de Trabalho/datapipeline/.env/lib/python3.8/site-packages/airflow/example_dags/example_task_group_decorator.py
[2022-11-18T16:56:59.705-0300] {processor.py:640} INFO - Processing file /home/juliana/Área de Trabalho/datapipeline/.env/lib/python3.8/site-packages/airflow/example_dags/example_task_group_decorator.py for tasks to queue
[2022-11-18T16:56:59.706-0300] {logging_mixin.py:115} INFO - [2022-11-18T16:56:59.706-0300] {dagbag.py:508} INFO - Filling up the DagBag from /home/juliana/Área de Trabalho/datapipeline/.env/lib/python3.8/site-packages/airflow/example_dags/example_task_group_decorator.py
[2022-11-18T16:56:59.735-0300] {processor.py:650} INFO - DAG(s) dict_keys(['example_task_group_decorator']) retrieved from /home/juliana/Área de Trabalho/datapipeline/.env/lib/python3.8/site-packages/airflow/example_dags/example_task_group_decorator.py
[2022-11-18T16:56:59.770-0300] {logging_mixin.py:115} INFO - [2022-11-18T16:56:59.769-0300] {dag.py:2429} INFO - Sync 1 DAGs
[2022-11-18T16:56:59.781-0300] {logging_mixin.py:115} INFO - [2022-11-18T16:56:59.781-0300] {dag.py:2977} INFO - Setting next_dagrun for example_task_group_decorator to 2022-11-17T19:56:59.781285+00:00, run_after=2022-11-18T19:56:59.781285+00:00
[2022-11-18T16:56:59.796-0300] {processor.py:161} INFO - Processing /home/juliana/Área de Trabalho/datapipeline/.env/lib/python3.8/site-packages/airflow/example_dags/example_task_group_decorator.py took 0.103 seconds
[2022-11-18T16:57:35.022-0300] {processor.py:153} INFO - Started process (PID=2337) to work on /home/juliana/Área de Trabalho/datapipeline/.env/lib/python3.8/site-packages/airflow/example_dags/example_task_group_decorator.py
[2022-11-18T16:57:35.023-0300] {processor.py:640} INFO - Processing file /home/juliana/Área de Trabalho/datapipeline/.env/lib/python3.8/site-packages/airflow/example_dags/example_task_group_decorator.py for tasks to queue
[2022-11-18T16:57:35.024-0300] {logging_mixin.py:115} INFO - [2022-11-18T16:57:35.023-0300] {dagbag.py:508} INFO - Filling up the DagBag from /home/juliana/Área de Trabalho/datapipeline/.env/lib/python3.8/site-packages/airflow/example_dags/example_task_group_decorator.py
[2022-11-18T16:57:35.051-0300] {processor.py:650} INFO - DAG(s) dict_keys(['example_task_group_decorator']) retrieved from /home/juliana/Área de Trabalho/datapipeline/.env/lib/python3.8/site-packages/airflow/example_dags/example_task_group_decorator.py
[2022-11-18T16:57:35.085-0300] {logging_mixin.py:115} INFO - [2022-11-18T16:57:35.085-0300] {dag.py:2429} INFO - Sync 1 DAGs
[2022-11-18T16:57:35.097-0300] {logging_mixin.py:115} INFO - [2022-11-18T16:57:35.097-0300] {dag.py:2977} INFO - Setting next_dagrun for example_task_group_decorator to 2022-11-17T19:57:35.096965+00:00, run_after=2022-11-18T19:57:35.096965+00:00
[2022-11-18T16:57:35.113-0300] {processor.py:161} INFO - Processing /home/juliana/Área de Trabalho/datapipeline/.env/lib/python3.8/site-packages/airflow/example_dags/example_task_group_decorator.py took 0.096 seconds
[2022-11-18T16:58:09.775-0300] {processor.py:153} INFO - Started process (PID=2711) to work on /home/juliana/Área de Trabalho/datapipeline/.env/lib/python3.8/site-packages/airflow/example_dags/example_task_group_decorator.py
[2022-11-18T16:58:09.776-0300] {processor.py:640} INFO - Processing file /home/juliana/Área de Trabalho/datapipeline/.env/lib/python3.8/site-packages/airflow/example_dags/example_task_group_decorator.py for tasks to queue
[2022-11-18T16:58:09.777-0300] {logging_mixin.py:115} INFO - [2022-11-18T16:58:09.776-0300] {dagbag.py:508} INFO - Filling up the DagBag from /home/juliana/Área de Trabalho/datapipeline/.env/lib/python3.8/site-packages/airflow/example_dags/example_task_group_decorator.py
[2022-11-18T16:58:09.802-0300] {processor.py:650} INFO - DAG(s) dict_keys(['example_task_group_decorator']) retrieved from /home/juliana/Área de Trabalho/datapipeline/.env/lib/python3.8/site-packages/airflow/example_dags/example_task_group_decorator.py
[2022-11-18T16:58:09.843-0300] {logging_mixin.py:115} INFO - [2022-11-18T16:58:09.843-0300] {dag.py:2429} INFO - Sync 1 DAGs
[2022-11-18T16:58:09.855-0300] {logging_mixin.py:115} INFO - [2022-11-18T16:58:09.855-0300] {dag.py:2977} INFO - Setting next_dagrun for example_task_group_decorator to 2022-11-17T19:58:09.855111+00:00, run_after=2022-11-18T19:58:09.855111+00:00
[2022-11-18T16:58:09.875-0300] {processor.py:161} INFO - Processing /home/juliana/Área de Trabalho/datapipeline/.env/lib/python3.8/site-packages/airflow/example_dags/example_task_group_decorator.py took 0.107 seconds
[2022-11-18T16:58:45.107-0300] {processor.py:153} INFO - Started process (PID=2945) to work on /home/juliana/Área de Trabalho/datapipeline/.env/lib/python3.8/site-packages/airflow/example_dags/example_task_group_decorator.py
[2022-11-18T16:58:45.109-0300] {processor.py:640} INFO - Processing file /home/juliana/Área de Trabalho/datapipeline/.env/lib/python3.8/site-packages/airflow/example_dags/example_task_group_decorator.py for tasks to queue
[2022-11-18T16:58:45.110-0300] {logging_mixin.py:115} INFO - [2022-11-18T16:58:45.109-0300] {dagbag.py:508} INFO - Filling up the DagBag from /home/juliana/Área de Trabalho/datapipeline/.env/lib/python3.8/site-packages/airflow/example_dags/example_task_group_decorator.py
[2022-11-18T16:58:45.140-0300] {processor.py:650} INFO - DAG(s) dict_keys(['example_task_group_decorator']) retrieved from /home/juliana/Área de Trabalho/datapipeline/.env/lib/python3.8/site-packages/airflow/example_dags/example_task_group_decorator.py
[2022-11-18T16:58:45.175-0300] {logging_mixin.py:115} INFO - [2022-11-18T16:58:45.175-0300] {dag.py:2429} INFO - Sync 1 DAGs
[2022-11-18T16:58:45.187-0300] {logging_mixin.py:115} INFO - [2022-11-18T16:58:45.186-0300] {dag.py:2977} INFO - Setting next_dagrun for example_task_group_decorator to 2022-11-17T19:58:45.186658+00:00, run_after=2022-11-18T19:58:45.186658+00:00
[2022-11-18T16:58:45.208-0300] {processor.py:161} INFO - Processing /home/juliana/Área de Trabalho/datapipeline/.env/lib/python3.8/site-packages/airflow/example_dags/example_task_group_decorator.py took 0.106 seconds
[2022-11-18T16:59:19.119-0300] {processor.py:153} INFO - Started process (PID=3138) to work on /home/juliana/Área de Trabalho/datapipeline/.env/lib/python3.8/site-packages/airflow/example_dags/example_task_group_decorator.py
[2022-11-18T16:59:19.121-0300] {processor.py:640} INFO - Processing file /home/juliana/Área de Trabalho/datapipeline/.env/lib/python3.8/site-packages/airflow/example_dags/example_task_group_decorator.py for tasks to queue
[2022-11-18T16:59:19.122-0300] {logging_mixin.py:115} INFO - [2022-11-18T16:59:19.121-0300] {dagbag.py:508} INFO - Filling up the DagBag from /home/juliana/Área de Trabalho/datapipeline/.env/lib/python3.8/site-packages/airflow/example_dags/example_task_group_decorator.py
[2022-11-18T16:59:19.149-0300] {processor.py:650} INFO - DAG(s) dict_keys(['example_task_group_decorator']) retrieved from /home/juliana/Área de Trabalho/datapipeline/.env/lib/python3.8/site-packages/airflow/example_dags/example_task_group_decorator.py
[2022-11-18T16:59:19.184-0300] {logging_mixin.py:115} INFO - [2022-11-18T16:59:19.183-0300] {dag.py:2429} INFO - Sync 1 DAGs
[2022-11-18T16:59:19.198-0300] {logging_mixin.py:115} INFO - [2022-11-18T16:59:19.197-0300] {dag.py:2977} INFO - Setting next_dagrun for example_task_group_decorator to 2022-11-17T19:59:19.197692+00:00, run_after=2022-11-18T19:59:19.197692+00:00
[2022-11-18T16:59:19.218-0300] {processor.py:161} INFO - Processing /home/juliana/Área de Trabalho/datapipeline/.env/lib/python3.8/site-packages/airflow/example_dags/example_task_group_decorator.py took 0.104 seconds
[2022-11-18T16:59:54.905-0300] {processor.py:153} INFO - Started process (PID=3358) to work on /home/juliana/Área de Trabalho/datapipeline/.env/lib/python3.8/site-packages/airflow/example_dags/example_task_group_decorator.py
[2022-11-18T16:59:54.906-0300] {processor.py:640} INFO - Processing file /home/juliana/Área de Trabalho/datapipeline/.env/lib/python3.8/site-packages/airflow/example_dags/example_task_group_decorator.py for tasks to queue
[2022-11-18T16:59:54.906-0300] {logging_mixin.py:115} INFO - [2022-11-18T16:59:54.906-0300] {dagbag.py:508} INFO - Filling up the DagBag from /home/juliana/Área de Trabalho/datapipeline/.env/lib/python3.8/site-packages/airflow/example_dags/example_task_group_decorator.py
[2022-11-18T16:59:54.929-0300] {processor.py:650} INFO - DAG(s) dict_keys(['example_task_group_decorator']) retrieved from /home/juliana/Área de Trabalho/datapipeline/.env/lib/python3.8/site-packages/airflow/example_dags/example_task_group_decorator.py
[2022-11-18T16:59:54.964-0300] {logging_mixin.py:115} INFO - [2022-11-18T16:59:54.964-0300] {dag.py:2429} INFO - Sync 1 DAGs
[2022-11-18T16:59:54.976-0300] {logging_mixin.py:115} INFO - [2022-11-18T16:59:54.976-0300] {dag.py:2977} INFO - Setting next_dagrun for example_task_group_decorator to 2022-11-17T19:59:54.976183+00:00, run_after=2022-11-18T19:59:54.976183+00:00
[2022-11-18T16:59:54.991-0300] {processor.py:161} INFO - Processing /home/juliana/Área de Trabalho/datapipeline/.env/lib/python3.8/site-packages/airflow/example_dags/example_task_group_decorator.py took 0.089 seconds
[2022-11-18T17:00:31.365-0300] {processor.py:153} INFO - Started process (PID=3524) to work on /home/juliana/Área de Trabalho/datapipeline/.env/lib/python3.8/site-packages/airflow/example_dags/example_task_group_decorator.py
[2022-11-18T17:00:31.367-0300] {processor.py:640} INFO - Processing file /home/juliana/Área de Trabalho/datapipeline/.env/lib/python3.8/site-packages/airflow/example_dags/example_task_group_decorator.py for tasks to queue
[2022-11-18T17:00:31.367-0300] {logging_mixin.py:115} INFO - [2022-11-18T17:00:31.367-0300] {dagbag.py:508} INFO - Filling up the DagBag from /home/juliana/Área de Trabalho/datapipeline/.env/lib/python3.8/site-packages/airflow/example_dags/example_task_group_decorator.py
[2022-11-18T17:00:31.398-0300] {processor.py:650} INFO - DAG(s) dict_keys(['example_task_group_decorator']) retrieved from /home/juliana/Área de Trabalho/datapipeline/.env/lib/python3.8/site-packages/airflow/example_dags/example_task_group_decorator.py
[2022-11-18T17:00:31.437-0300] {logging_mixin.py:115} INFO - [2022-11-18T17:00:31.436-0300] {dag.py:2429} INFO - Sync 1 DAGs
[2022-11-18T17:00:31.449-0300] {logging_mixin.py:115} INFO - [2022-11-18T17:00:31.449-0300] {dag.py:2977} INFO - Setting next_dagrun for example_task_group_decorator to 2022-11-17T20:00:31.448917+00:00, run_after=2022-11-18T20:00:31.448917+00:00
[2022-11-18T17:00:31.474-0300] {processor.py:161} INFO - Processing /home/juliana/Área de Trabalho/datapipeline/.env/lib/python3.8/site-packages/airflow/example_dags/example_task_group_decorator.py took 0.113 seconds
