[2022-11-18T16:15:47.143-0300] {processor.py:153} INFO - Started process (PID=4569) to work on /home/juliana/Área de Trabalho/datapipeline/.env/lib/python3.8/site-packages/airflow/example_dags/example_complex.py
[2022-11-18T16:15:47.146-0300] {processor.py:640} INFO - Processing file /home/juliana/Área de Trabalho/datapipeline/.env/lib/python3.8/site-packages/airflow/example_dags/example_complex.py for tasks to queue
[2022-11-18T16:15:47.147-0300] {logging_mixin.py:115} INFO - [2022-11-18T16:15:47.147-0300] {dagbag.py:508} INFO - Filling up the DagBag from /home/juliana/Área de Trabalho/datapipeline/.env/lib/python3.8/site-packages/airflow/example_dags/example_complex.py
[2022-11-18T16:15:47.220-0300] {processor.py:650} INFO - DAG(s) dict_keys(['example_complex']) retrieved from /home/juliana/Área de Trabalho/datapipeline/.env/lib/python3.8/site-packages/airflow/example_dags/example_complex.py
[2022-11-18T16:15:47.359-0300] {logging_mixin.py:115} INFO - [2022-11-18T16:15:47.354-0300] {dag.py:2429} INFO - Sync 1 DAGs
[2022-11-18T16:15:47.450-0300] {logging_mixin.py:115} INFO - [2022-11-18T16:15:47.450-0300] {dag.py:2977} INFO - Setting next_dagrun for example_complex to None, run_after=None
[2022-11-18T16:15:47.566-0300] {processor.py:161} INFO - Processing /home/juliana/Área de Trabalho/datapipeline/.env/lib/python3.8/site-packages/airflow/example_dags/example_complex.py took 0.433 seconds
[2022-11-18T16:34:24.852-0300] {processor.py:153} INFO - Started process (PID=4803) to work on /home/juliana/Área de Trabalho/datapipeline/.env/lib/python3.8/site-packages/airflow/example_dags/example_complex.py
[2022-11-18T16:34:24.862-0300] {processor.py:640} INFO - Processing file /home/juliana/Área de Trabalho/datapipeline/.env/lib/python3.8/site-packages/airflow/example_dags/example_complex.py for tasks to queue
[2022-11-18T16:34:24.863-0300] {logging_mixin.py:115} INFO - [2022-11-18T16:34:24.863-0300] {dagbag.py:508} INFO - Filling up the DagBag from /home/juliana/Área de Trabalho/datapipeline/.env/lib/python3.8/site-packages/airflow/example_dags/example_complex.py
[2022-11-18T16:34:25.027-0300] {processor.py:650} INFO - DAG(s) dict_keys(['example_complex']) retrieved from /home/juliana/Área de Trabalho/datapipeline/.env/lib/python3.8/site-packages/airflow/example_dags/example_complex.py
[2022-11-18T16:34:25.296-0300] {logging_mixin.py:115} INFO - [2022-11-18T16:34:25.285-0300] {dag.py:2429} INFO - Sync 1 DAGs
[2022-11-18T16:34:25.598-0300] {logging_mixin.py:115} INFO - [2022-11-18T16:34:25.583-0300] {dag.py:2977} INFO - Setting next_dagrun for example_complex to None, run_after=None
[2022-11-18T16:34:26.010-0300] {processor.py:161} INFO - Processing /home/juliana/Área de Trabalho/datapipeline/.env/lib/python3.8/site-packages/airflow/example_dags/example_complex.py took 1.175 seconds
[2022-11-18T16:44:08.661-0300] {processor.py:153} INFO - Started process (PID=5007) to work on /home/juliana/Área de Trabalho/datapipeline/.env/lib/python3.8/site-packages/airflow/example_dags/example_complex.py
[2022-11-18T16:44:08.674-0300] {processor.py:640} INFO - Processing file /home/juliana/Área de Trabalho/datapipeline/.env/lib/python3.8/site-packages/airflow/example_dags/example_complex.py for tasks to queue
[2022-11-18T16:44:08.676-0300] {logging_mixin.py:115} INFO - [2022-11-18T16:44:08.675-0300] {dagbag.py:508} INFO - Filling up the DagBag from /home/juliana/Área de Trabalho/datapipeline/.env/lib/python3.8/site-packages/airflow/example_dags/example_complex.py
[2022-11-18T16:44:08.789-0300] {processor.py:650} INFO - DAG(s) dict_keys(['example_complex']) retrieved from /home/juliana/Área de Trabalho/datapipeline/.env/lib/python3.8/site-packages/airflow/example_dags/example_complex.py
[2022-11-18T16:44:09.001-0300] {logging_mixin.py:115} INFO - [2022-11-18T16:44:08.995-0300] {dag.py:2429} INFO - Sync 1 DAGs
[2022-11-18T16:44:09.266-0300] {logging_mixin.py:115} INFO - [2022-11-18T16:44:09.243-0300] {dag.py:2977} INFO - Setting next_dagrun for example_complex to None, run_after=None
[2022-11-18T16:44:09.489-0300] {processor.py:161} INFO - Processing /home/juliana/Área de Trabalho/datapipeline/.env/lib/python3.8/site-packages/airflow/example_dags/example_complex.py took 0.835 seconds
[2022-11-18T16:56:50.607-0300] {processor.py:153} INFO - Started process (PID=2211) to work on /home/juliana/Área de Trabalho/datapipeline/.env/lib/python3.8/site-packages/airflow/example_dags/example_complex.py
[2022-11-18T16:56:50.613-0300] {processor.py:640} INFO - Processing file /home/juliana/Área de Trabalho/datapipeline/.env/lib/python3.8/site-packages/airflow/example_dags/example_complex.py for tasks to queue
[2022-11-18T16:56:50.614-0300] {logging_mixin.py:115} INFO - [2022-11-18T16:56:50.614-0300] {dagbag.py:508} INFO - Filling up the DagBag from /home/juliana/Área de Trabalho/datapipeline/.env/lib/python3.8/site-packages/airflow/example_dags/example_complex.py
[2022-11-18T16:56:50.633-0300] {processor.py:650} INFO - DAG(s) dict_keys(['example_complex']) retrieved from /home/juliana/Área de Trabalho/datapipeline/.env/lib/python3.8/site-packages/airflow/example_dags/example_complex.py
[2022-11-18T16:56:50.694-0300] {logging_mixin.py:115} INFO - [2022-11-18T16:56:50.693-0300] {dag.py:2429} INFO - Sync 1 DAGs
[2022-11-18T16:56:50.729-0300] {logging_mixin.py:115} INFO - [2022-11-18T16:56:50.728-0300] {dag.py:2977} INFO - Setting next_dagrun for example_complex to None, run_after=None
[2022-11-18T16:56:50.920-0300] {processor.py:161} INFO - Processing /home/juliana/Área de Trabalho/datapipeline/.env/lib/python3.8/site-packages/airflow/example_dags/example_complex.py took 0.316 seconds
[2022-11-18T16:57:28.243-0300] {processor.py:153} INFO - Started process (PID=2324) to work on /home/juliana/Área de Trabalho/datapipeline/.env/lib/python3.8/site-packages/airflow/example_dags/example_complex.py
[2022-11-18T16:57:28.249-0300] {processor.py:640} INFO - Processing file /home/juliana/Área de Trabalho/datapipeline/.env/lib/python3.8/site-packages/airflow/example_dags/example_complex.py for tasks to queue
[2022-11-18T16:57:28.250-0300] {logging_mixin.py:115} INFO - [2022-11-18T16:57:28.250-0300] {dagbag.py:508} INFO - Filling up the DagBag from /home/juliana/Área de Trabalho/datapipeline/.env/lib/python3.8/site-packages/airflow/example_dags/example_complex.py
[2022-11-18T16:57:28.262-0300] {processor.py:650} INFO - DAG(s) dict_keys(['example_complex']) retrieved from /home/juliana/Área de Trabalho/datapipeline/.env/lib/python3.8/site-packages/airflow/example_dags/example_complex.py
[2022-11-18T16:57:28.281-0300] {logging_mixin.py:115} INFO - [2022-11-18T16:57:28.281-0300] {dag.py:2429} INFO - Sync 1 DAGs
[2022-11-18T16:57:28.294-0300] {logging_mixin.py:115} INFO - [2022-11-18T16:57:28.293-0300] {dag.py:2977} INFO - Setting next_dagrun for example_complex to None, run_after=None
[2022-11-18T16:57:28.308-0300] {processor.py:161} INFO - Processing /home/juliana/Área de Trabalho/datapipeline/.env/lib/python3.8/site-packages/airflow/example_dags/example_complex.py took 0.068 seconds
[2022-11-18T16:58:03.618-0300] {processor.py:153} INFO - Started process (PID=2676) to work on /home/juliana/Área de Trabalho/datapipeline/.env/lib/python3.8/site-packages/airflow/example_dags/example_complex.py
[2022-11-18T16:58:03.624-0300] {processor.py:640} INFO - Processing file /home/juliana/Área de Trabalho/datapipeline/.env/lib/python3.8/site-packages/airflow/example_dags/example_complex.py for tasks to queue
[2022-11-18T16:58:03.625-0300] {logging_mixin.py:115} INFO - [2022-11-18T16:58:03.625-0300] {dagbag.py:508} INFO - Filling up the DagBag from /home/juliana/Área de Trabalho/datapipeline/.env/lib/python3.8/site-packages/airflow/example_dags/example_complex.py
[2022-11-18T16:58:03.640-0300] {processor.py:650} INFO - DAG(s) dict_keys(['example_complex']) retrieved from /home/juliana/Área de Trabalho/datapipeline/.env/lib/python3.8/site-packages/airflow/example_dags/example_complex.py
[2022-11-18T16:58:03.660-0300] {logging_mixin.py:115} INFO - [2022-11-18T16:58:03.660-0300] {dag.py:2429} INFO - Sync 1 DAGs
[2022-11-18T16:58:03.674-0300] {logging_mixin.py:115} INFO - [2022-11-18T16:58:03.674-0300] {dag.py:2977} INFO - Setting next_dagrun for example_complex to None, run_after=None
[2022-11-18T16:58:03.690-0300] {processor.py:161} INFO - Processing /home/juliana/Área de Trabalho/datapipeline/.env/lib/python3.8/site-packages/airflow/example_dags/example_complex.py took 0.076 seconds
[2022-11-18T16:58:37.445-0300] {processor.py:153} INFO - Started process (PID=2880) to work on /home/juliana/Área de Trabalho/datapipeline/.env/lib/python3.8/site-packages/airflow/example_dags/example_complex.py
[2022-11-18T16:58:37.446-0300] {processor.py:640} INFO - Processing file /home/juliana/Área de Trabalho/datapipeline/.env/lib/python3.8/site-packages/airflow/example_dags/example_complex.py for tasks to queue
[2022-11-18T16:58:37.447-0300] {logging_mixin.py:115} INFO - [2022-11-18T16:58:37.447-0300] {dagbag.py:508} INFO - Filling up the DagBag from /home/juliana/Área de Trabalho/datapipeline/.env/lib/python3.8/site-packages/airflow/example_dags/example_complex.py
[2022-11-18T16:58:37.465-0300] {processor.py:650} INFO - DAG(s) dict_keys(['example_complex']) retrieved from /home/juliana/Área de Trabalho/datapipeline/.env/lib/python3.8/site-packages/airflow/example_dags/example_complex.py
[2022-11-18T16:58:37.507-0300] {logging_mixin.py:115} INFO - [2022-11-18T16:58:37.507-0300] {dag.py:2429} INFO - Sync 1 DAGs
[2022-11-18T16:58:37.536-0300] {logging_mixin.py:115} INFO - [2022-11-18T16:58:37.535-0300] {dag.py:2977} INFO - Setting next_dagrun for example_complex to None, run_after=None
[2022-11-18T16:58:37.562-0300] {processor.py:161} INFO - Processing /home/juliana/Área de Trabalho/datapipeline/.env/lib/python3.8/site-packages/airflow/example_dags/example_complex.py took 0.123 seconds
[2022-11-18T16:59:12.039-0300] {processor.py:153} INFO - Started process (PID=3105) to work on /home/juliana/Área de Trabalho/datapipeline/.env/lib/python3.8/site-packages/airflow/example_dags/example_complex.py
[2022-11-18T16:59:12.041-0300] {processor.py:640} INFO - Processing file /home/juliana/Área de Trabalho/datapipeline/.env/lib/python3.8/site-packages/airflow/example_dags/example_complex.py for tasks to queue
[2022-11-18T16:59:12.042-0300] {logging_mixin.py:115} INFO - [2022-11-18T16:59:12.042-0300] {dagbag.py:508} INFO - Filling up the DagBag from /home/juliana/Área de Trabalho/datapipeline/.env/lib/python3.8/site-packages/airflow/example_dags/example_complex.py
[2022-11-18T16:59:12.055-0300] {processor.py:650} INFO - DAG(s) dict_keys(['example_complex']) retrieved from /home/juliana/Área de Trabalho/datapipeline/.env/lib/python3.8/site-packages/airflow/example_dags/example_complex.py
[2022-11-18T16:59:12.074-0300] {logging_mixin.py:115} INFO - [2022-11-18T16:59:12.074-0300] {dag.py:2429} INFO - Sync 1 DAGs
[2022-11-18T16:59:12.088-0300] {logging_mixin.py:115} INFO - [2022-11-18T16:59:12.088-0300] {dag.py:2977} INFO - Setting next_dagrun for example_complex to None, run_after=None
[2022-11-18T16:59:12.108-0300] {processor.py:161} INFO - Processing /home/juliana/Área de Trabalho/datapipeline/.env/lib/python3.8/site-packages/airflow/example_dags/example_complex.py took 0.074 seconds
[2022-11-18T16:59:47.335-0300] {processor.py:153} INFO - Started process (PID=3325) to work on /home/juliana/Área de Trabalho/datapipeline/.env/lib/python3.8/site-packages/airflow/example_dags/example_complex.py
[2022-11-18T16:59:47.337-0300] {processor.py:640} INFO - Processing file /home/juliana/Área de Trabalho/datapipeline/.env/lib/python3.8/site-packages/airflow/example_dags/example_complex.py for tasks to queue
[2022-11-18T16:59:47.338-0300] {logging_mixin.py:115} INFO - [2022-11-18T16:59:47.338-0300] {dagbag.py:508} INFO - Filling up the DagBag from /home/juliana/Área de Trabalho/datapipeline/.env/lib/python3.8/site-packages/airflow/example_dags/example_complex.py
[2022-11-18T16:59:47.372-0300] {processor.py:650} INFO - DAG(s) dict_keys(['example_complex']) retrieved from /home/juliana/Área de Trabalho/datapipeline/.env/lib/python3.8/site-packages/airflow/example_dags/example_complex.py
[2022-11-18T16:59:47.407-0300] {logging_mixin.py:115} INFO - [2022-11-18T16:59:47.406-0300] {dag.py:2429} INFO - Sync 1 DAGs
[2022-11-18T16:59:47.420-0300] {logging_mixin.py:115} INFO - [2022-11-18T16:59:47.420-0300] {dag.py:2977} INFO - Setting next_dagrun for example_complex to None, run_after=None
[2022-11-18T16:59:47.441-0300] {processor.py:161} INFO - Processing /home/juliana/Área de Trabalho/datapipeline/.env/lib/python3.8/site-packages/airflow/example_dags/example_complex.py took 0.111 seconds
[2022-11-18T17:00:23.063-0300] {processor.py:153} INFO - Started process (PID=3516) to work on /home/juliana/Área de Trabalho/datapipeline/.env/lib/python3.8/site-packages/airflow/example_dags/example_complex.py
[2022-11-18T17:00:23.064-0300] {processor.py:640} INFO - Processing file /home/juliana/Área de Trabalho/datapipeline/.env/lib/python3.8/site-packages/airflow/example_dags/example_complex.py for tasks to queue
[2022-11-18T17:00:23.065-0300] {logging_mixin.py:115} INFO - [2022-11-18T17:00:23.065-0300] {dagbag.py:508} INFO - Filling up the DagBag from /home/juliana/Área de Trabalho/datapipeline/.env/lib/python3.8/site-packages/airflow/example_dags/example_complex.py
[2022-11-18T17:00:23.079-0300] {processor.py:650} INFO - DAG(s) dict_keys(['example_complex']) retrieved from /home/juliana/Área de Trabalho/datapipeline/.env/lib/python3.8/site-packages/airflow/example_dags/example_complex.py
[2022-11-18T17:00:23.100-0300] {logging_mixin.py:115} INFO - [2022-11-18T17:00:23.100-0300] {dag.py:2429} INFO - Sync 1 DAGs
[2022-11-18T17:00:23.113-0300] {logging_mixin.py:115} INFO - [2022-11-18T17:00:23.113-0300] {dag.py:2977} INFO - Setting next_dagrun for example_complex to None, run_after=None
[2022-11-18T17:00:23.134-0300] {processor.py:161} INFO - Processing /home/juliana/Área de Trabalho/datapipeline/.env/lib/python3.8/site-packages/airflow/example_dags/example_complex.py took 0.076 seconds
[2022-11-18T17:00:57.800-0300] {processor.py:153} INFO - Started process (PID=3715) to work on /home/juliana/Área de Trabalho/datapipeline/.env/lib/python3.8/site-packages/airflow/example_dags/example_complex.py
[2022-11-18T17:00:57.802-0300] {processor.py:640} INFO - Processing file /home/juliana/Área de Trabalho/datapipeline/.env/lib/python3.8/site-packages/airflow/example_dags/example_complex.py for tasks to queue
[2022-11-18T17:00:57.803-0300] {logging_mixin.py:115} INFO - [2022-11-18T17:00:57.803-0300] {dagbag.py:508} INFO - Filling up the DagBag from /home/juliana/Área de Trabalho/datapipeline/.env/lib/python3.8/site-packages/airflow/example_dags/example_complex.py
[2022-11-18T17:00:57.898-0300] {processor.py:650} INFO - DAG(s) dict_keys(['example_complex']) retrieved from /home/juliana/Área de Trabalho/datapipeline/.env/lib/python3.8/site-packages/airflow/example_dags/example_complex.py
[2022-11-18T17:00:57.952-0300] {logging_mixin.py:115} INFO - [2022-11-18T17:00:57.952-0300] {dag.py:2429} INFO - Sync 1 DAGs
[2022-11-18T17:00:57.992-0300] {logging_mixin.py:115} INFO - [2022-11-18T17:00:57.992-0300] {dag.py:2977} INFO - Setting next_dagrun for example_complex to None, run_after=None
[2022-11-18T17:00:58.304-0300] {processor.py:161} INFO - Processing /home/juliana/Área de Trabalho/datapipeline/.env/lib/python3.8/site-packages/airflow/example_dags/example_complex.py took 0.506 seconds
