[2022-11-18T16:10:28.776-0300] {processor.py:153} INFO - Started process (PID=4542) to work on /home/juliana/Área de Trabalho/datapipeline/.env/lib/python3.8/site-packages/airflow/example_dags/example_short_circuit_operator.py
[2022-11-18T16:10:28.780-0300] {processor.py:640} INFO - Processing file /home/juliana/Área de Trabalho/datapipeline/.env/lib/python3.8/site-packages/airflow/example_dags/example_short_circuit_operator.py for tasks to queue
[2022-11-18T16:10:28.780-0300] {logging_mixin.py:115} INFO - [2022-11-18T16:10:28.780-0300] {dagbag.py:508} INFO - Filling up the DagBag from /home/juliana/Área de Trabalho/datapipeline/.env/lib/python3.8/site-packages/airflow/example_dags/example_short_circuit_operator.py
[2022-11-18T16:10:28.843-0300] {processor.py:650} INFO - DAG(s) dict_keys(['example_short_circuit_operator']) retrieved from /home/juliana/Área de Trabalho/datapipeline/.env/lib/python3.8/site-packages/airflow/example_dags/example_short_circuit_operator.py
[2022-11-18T16:10:29.233-0300] {logging_mixin.py:115} INFO - [2022-11-18T16:10:29.162-0300] {dag.py:2429} INFO - Sync 1 DAGs
[2022-11-18T16:10:31.746-0300] {logging_mixin.py:115} INFO - [2022-11-18T16:10:31.207-0300] {dag.py:2977} INFO - Setting next_dagrun for example_short_circuit_operator to 2022-11-17T19:10:30.892061+00:00, run_after=2022-11-18T19:10:30.892061+00:00
[2022-11-18T16:10:45.393-0300] {processor.py:161} INFO - Processing /home/juliana/Área de Trabalho/datapipeline/.env/lib/python3.8/site-packages/airflow/example_dags/example_short_circuit_operator.py took 16.619 seconds
[2022-11-18T16:31:26.585-0300] {processor.py:153} INFO - Started process (PID=4753) to work on /home/juliana/Área de Trabalho/datapipeline/.env/lib/python3.8/site-packages/airflow/example_dags/example_short_circuit_operator.py
[2022-11-18T16:31:26.692-0300] {processor.py:640} INFO - Processing file /home/juliana/Área de Trabalho/datapipeline/.env/lib/python3.8/site-packages/airflow/example_dags/example_short_circuit_operator.py for tasks to queue
[2022-11-18T16:31:27.657-0300] {logging_mixin.py:115} INFO - [2022-11-18T16:31:27.345-0300] {dagbag.py:508} INFO - Filling up the DagBag from /home/juliana/Área de Trabalho/datapipeline/.env/lib/python3.8/site-packages/airflow/example_dags/example_short_circuit_operator.py
[2022-11-18T16:31:28.775-0300] {processor.py:650} INFO - DAG(s) dict_keys(['example_short_circuit_operator']) retrieved from /home/juliana/Área de Trabalho/datapipeline/.env/lib/python3.8/site-packages/airflow/example_dags/example_short_circuit_operator.py
[2022-11-18T16:31:51.730-0300] {logging_mixin.py:115} INFO - [2022-11-18T16:31:51.438-0300] {dag.py:2429} INFO - Sync 1 DAGs
[2022-11-18T16:32:19.102-0300] {logging_mixin.py:115} INFO - [2022-11-18T16:32:16.831-0300] {dag.py:2977} INFO - Setting next_dagrun for example_short_circuit_operator to 2022-11-17T19:32:16.762555+00:00, run_after=2022-11-18T19:32:16.762555+00:00
[2022-11-18T16:32:33.773-0300] {processor.py:161} INFO - Processing /home/juliana/Área de Trabalho/datapipeline/.env/lib/python3.8/site-packages/airflow/example_dags/example_short_circuit_operator.py took 66.969 seconds
[2022-11-18T16:39:51.322-0300] {processor.py:153} INFO - Started process (PID=4947) to work on /home/juliana/Área de Trabalho/datapipeline/.env/lib/python3.8/site-packages/airflow/example_dags/example_short_circuit_operator.py
[2022-11-18T16:39:51.334-0300] {processor.py:640} INFO - Processing file /home/juliana/Área de Trabalho/datapipeline/.env/lib/python3.8/site-packages/airflow/example_dags/example_short_circuit_operator.py for tasks to queue
[2022-11-18T16:39:51.335-0300] {logging_mixin.py:115} INFO - [2022-11-18T16:39:51.335-0300] {dagbag.py:508} INFO - Filling up the DagBag from /home/juliana/Área de Trabalho/datapipeline/.env/lib/python3.8/site-packages/airflow/example_dags/example_short_circuit_operator.py
[2022-11-18T16:39:51.448-0300] {processor.py:650} INFO - DAG(s) dict_keys(['example_short_circuit_operator']) retrieved from /home/juliana/Área de Trabalho/datapipeline/.env/lib/python3.8/site-packages/airflow/example_dags/example_short_circuit_operator.py
[2022-11-18T16:39:51.574-0300] {logging_mixin.py:115} INFO - [2022-11-18T16:39:51.572-0300] {dag.py:2429} INFO - Sync 1 DAGs
[2022-11-18T16:39:51.786-0300] {logging_mixin.py:115} INFO - [2022-11-18T16:39:51.759-0300] {dag.py:2977} INFO - Setting next_dagrun for example_short_circuit_operator to 2022-11-17T19:39:51.732995+00:00, run_after=2022-11-18T19:39:51.732995+00:00
[2022-11-18T16:39:52.346-0300] {processor.py:161} INFO - Processing /home/juliana/Área de Trabalho/datapipeline/.env/lib/python3.8/site-packages/airflow/example_dags/example_short_circuit_operator.py took 1.061 seconds
[2022-11-18T16:56:40.774-0300] {processor.py:153} INFO - Started process (PID=2186) to work on /home/juliana/Área de Trabalho/datapipeline/.env/lib/python3.8/site-packages/airflow/example_dags/example_short_circuit_operator.py
[2022-11-18T16:56:40.781-0300] {processor.py:640} INFO - Processing file /home/juliana/Área de Trabalho/datapipeline/.env/lib/python3.8/site-packages/airflow/example_dags/example_short_circuit_operator.py for tasks to queue
[2022-11-18T16:56:40.782-0300] {logging_mixin.py:115} INFO - [2022-11-18T16:56:40.782-0300] {dagbag.py:508} INFO - Filling up the DagBag from /home/juliana/Área de Trabalho/datapipeline/.env/lib/python3.8/site-packages/airflow/example_dags/example_short_circuit_operator.py
[2022-11-18T16:56:40.794-0300] {processor.py:650} INFO - DAG(s) dict_keys(['example_short_circuit_operator']) retrieved from /home/juliana/Área de Trabalho/datapipeline/.env/lib/python3.8/site-packages/airflow/example_dags/example_short_circuit_operator.py
[2022-11-18T16:56:40.812-0300] {logging_mixin.py:115} INFO - [2022-11-18T16:56:40.812-0300] {dag.py:2429} INFO - Sync 1 DAGs
[2022-11-18T16:56:40.829-0300] {logging_mixin.py:115} INFO - [2022-11-18T16:56:40.828-0300] {dag.py:2977} INFO - Setting next_dagrun for example_short_circuit_operator to 2022-11-17T19:56:40.828757+00:00, run_after=2022-11-18T19:56:40.828757+00:00
[2022-11-18T16:56:40.843-0300] {processor.py:161} INFO - Processing /home/juliana/Área de Trabalho/datapipeline/.env/lib/python3.8/site-packages/airflow/example_dags/example_short_circuit_operator.py took 0.073 seconds
[2022-11-18T16:57:18.807-0300] {processor.py:153} INFO - Started process (PID=2310) to work on /home/juliana/Área de Trabalho/datapipeline/.env/lib/python3.8/site-packages/airflow/example_dags/example_short_circuit_operator.py
[2022-11-18T16:57:18.814-0300] {processor.py:640} INFO - Processing file /home/juliana/Área de Trabalho/datapipeline/.env/lib/python3.8/site-packages/airflow/example_dags/example_short_circuit_operator.py for tasks to queue
[2022-11-18T16:57:18.814-0300] {logging_mixin.py:115} INFO - [2022-11-18T16:57:18.814-0300] {dagbag.py:508} INFO - Filling up the DagBag from /home/juliana/Área de Trabalho/datapipeline/.env/lib/python3.8/site-packages/airflow/example_dags/example_short_circuit_operator.py
[2022-11-18T16:57:18.832-0300] {processor.py:650} INFO - DAG(s) dict_keys(['example_short_circuit_operator']) retrieved from /home/juliana/Área de Trabalho/datapipeline/.env/lib/python3.8/site-packages/airflow/example_dags/example_short_circuit_operator.py
[2022-11-18T16:57:18.862-0300] {logging_mixin.py:115} INFO - [2022-11-18T16:57:18.862-0300] {dag.py:2429} INFO - Sync 1 DAGs
[2022-11-18T16:57:18.897-0300] {logging_mixin.py:115} INFO - [2022-11-18T16:57:18.897-0300] {dag.py:2977} INFO - Setting next_dagrun for example_short_circuit_operator to 2022-11-17T19:57:18.897245+00:00, run_after=2022-11-18T19:57:18.897245+00:00
[2022-11-18T16:57:18.913-0300] {processor.py:161} INFO - Processing /home/juliana/Área de Trabalho/datapipeline/.env/lib/python3.8/site-packages/airflow/example_dags/example_short_circuit_operator.py took 0.110 seconds
[2022-11-18T16:57:54.162-0300] {processor.py:153} INFO - Started process (PID=2612) to work on /home/juliana/Área de Trabalho/datapipeline/.env/lib/python3.8/site-packages/airflow/example_dags/example_short_circuit_operator.py
[2022-11-18T16:57:54.168-0300] {processor.py:640} INFO - Processing file /home/juliana/Área de Trabalho/datapipeline/.env/lib/python3.8/site-packages/airflow/example_dags/example_short_circuit_operator.py for tasks to queue
[2022-11-18T16:57:54.170-0300] {logging_mixin.py:115} INFO - [2022-11-18T16:57:54.169-0300] {dagbag.py:508} INFO - Filling up the DagBag from /home/juliana/Área de Trabalho/datapipeline/.env/lib/python3.8/site-packages/airflow/example_dags/example_short_circuit_operator.py
[2022-11-18T16:57:54.188-0300] {processor.py:650} INFO - DAG(s) dict_keys(['example_short_circuit_operator']) retrieved from /home/juliana/Área de Trabalho/datapipeline/.env/lib/python3.8/site-packages/airflow/example_dags/example_short_circuit_operator.py
[2022-11-18T16:57:54.213-0300] {logging_mixin.py:115} INFO - [2022-11-18T16:57:54.213-0300] {dag.py:2429} INFO - Sync 1 DAGs
[2022-11-18T16:57:54.233-0300] {logging_mixin.py:115} INFO - [2022-11-18T16:57:54.233-0300] {dag.py:2977} INFO - Setting next_dagrun for example_short_circuit_operator to 2022-11-17T19:57:54.232776+00:00, run_after=2022-11-18T19:57:54.232776+00:00
[2022-11-18T16:57:54.252-0300] {processor.py:161} INFO - Processing /home/juliana/Área de Trabalho/datapipeline/.env/lib/python3.8/site-packages/airflow/example_dags/example_short_circuit_operator.py took 0.099 seconds
[2022-11-18T16:58:25.700-0300] {processor.py:153} INFO - Started process (PID=2810) to work on /home/juliana/Área de Trabalho/datapipeline/.env/lib/python3.8/site-packages/airflow/example_dags/example_short_circuit_operator.py
[2022-11-18T16:58:25.701-0300] {processor.py:640} INFO - Processing file /home/juliana/Área de Trabalho/datapipeline/.env/lib/python3.8/site-packages/airflow/example_dags/example_short_circuit_operator.py for tasks to queue
[2022-11-18T16:58:25.703-0300] {logging_mixin.py:115} INFO - [2022-11-18T16:58:25.702-0300] {dagbag.py:508} INFO - Filling up the DagBag from /home/juliana/Área de Trabalho/datapipeline/.env/lib/python3.8/site-packages/airflow/example_dags/example_short_circuit_operator.py
[2022-11-18T16:58:25.715-0300] {processor.py:650} INFO - DAG(s) dict_keys(['example_short_circuit_operator']) retrieved from /home/juliana/Área de Trabalho/datapipeline/.env/lib/python3.8/site-packages/airflow/example_dags/example_short_circuit_operator.py
[2022-11-18T16:58:25.734-0300] {logging_mixin.py:115} INFO - [2022-11-18T16:58:25.734-0300] {dag.py:2429} INFO - Sync 1 DAGs
[2022-11-18T16:58:25.751-0300] {logging_mixin.py:115} INFO - [2022-11-18T16:58:25.751-0300] {dag.py:2977} INFO - Setting next_dagrun for example_short_circuit_operator to 2022-11-17T19:58:25.751154+00:00, run_after=2022-11-18T19:58:25.751154+00:00
[2022-11-18T16:58:25.767-0300] {processor.py:161} INFO - Processing /home/juliana/Área de Trabalho/datapipeline/.env/lib/python3.8/site-packages/airflow/example_dags/example_short_circuit_operator.py took 0.073 seconds
[2022-11-18T16:58:58.399-0300] {processor.py:153} INFO - Started process (PID=3013) to work on /home/juliana/Área de Trabalho/datapipeline/.env/lib/python3.8/site-packages/airflow/example_dags/example_short_circuit_operator.py
[2022-11-18T16:58:58.400-0300] {processor.py:640} INFO - Processing file /home/juliana/Área de Trabalho/datapipeline/.env/lib/python3.8/site-packages/airflow/example_dags/example_short_circuit_operator.py for tasks to queue
[2022-11-18T16:58:58.401-0300] {logging_mixin.py:115} INFO - [2022-11-18T16:58:58.400-0300] {dagbag.py:508} INFO - Filling up the DagBag from /home/juliana/Área de Trabalho/datapipeline/.env/lib/python3.8/site-packages/airflow/example_dags/example_short_circuit_operator.py
[2022-11-18T16:58:58.411-0300] {processor.py:650} INFO - DAG(s) dict_keys(['example_short_circuit_operator']) retrieved from /home/juliana/Área de Trabalho/datapipeline/.env/lib/python3.8/site-packages/airflow/example_dags/example_short_circuit_operator.py
[2022-11-18T16:58:58.427-0300] {logging_mixin.py:115} INFO - [2022-11-18T16:58:58.427-0300] {dag.py:2429} INFO - Sync 1 DAGs
[2022-11-18T16:58:58.444-0300] {logging_mixin.py:115} INFO - [2022-11-18T16:58:58.444-0300] {dag.py:2977} INFO - Setting next_dagrun for example_short_circuit_operator to 2022-11-17T19:58:58.443979+00:00, run_after=2022-11-18T19:58:58.443979+00:00
[2022-11-18T16:58:58.464-0300] {processor.py:161} INFO - Processing /home/juliana/Área de Trabalho/datapipeline/.env/lib/python3.8/site-packages/airflow/example_dags/example_short_circuit_operator.py took 0.069 seconds
[2022-11-18T16:59:30.705-0300] {processor.py:153} INFO - Started process (PID=3227) to work on /home/juliana/Área de Trabalho/datapipeline/.env/lib/python3.8/site-packages/airflow/example_dags/example_short_circuit_operator.py
[2022-11-18T16:59:30.706-0300] {processor.py:640} INFO - Processing file /home/juliana/Área de Trabalho/datapipeline/.env/lib/python3.8/site-packages/airflow/example_dags/example_short_circuit_operator.py for tasks to queue
[2022-11-18T16:59:30.707-0300] {logging_mixin.py:115} INFO - [2022-11-18T16:59:30.707-0300] {dagbag.py:508} INFO - Filling up the DagBag from /home/juliana/Área de Trabalho/datapipeline/.env/lib/python3.8/site-packages/airflow/example_dags/example_short_circuit_operator.py
[2022-11-18T16:59:30.719-0300] {processor.py:650} INFO - DAG(s) dict_keys(['example_short_circuit_operator']) retrieved from /home/juliana/Área de Trabalho/datapipeline/.env/lib/python3.8/site-packages/airflow/example_dags/example_short_circuit_operator.py
[2022-11-18T16:59:30.738-0300] {logging_mixin.py:115} INFO - [2022-11-18T16:59:30.737-0300] {dag.py:2429} INFO - Sync 1 DAGs
[2022-11-18T16:59:30.754-0300] {logging_mixin.py:115} INFO - [2022-11-18T16:59:30.754-0300] {dag.py:2977} INFO - Setting next_dagrun for example_short_circuit_operator to 2022-11-17T19:59:30.753971+00:00, run_after=2022-11-18T19:59:30.753971+00:00
[2022-11-18T16:59:30.770-0300] {processor.py:161} INFO - Processing /home/juliana/Área de Trabalho/datapipeline/.env/lib/python3.8/site-packages/airflow/example_dags/example_short_circuit_operator.py took 0.071 seconds
[2022-11-18T17:00:05.766-0300] {processor.py:153} INFO - Started process (PID=3421) to work on /home/juliana/Área de Trabalho/datapipeline/.env/lib/python3.8/site-packages/airflow/example_dags/example_short_circuit_operator.py
[2022-11-18T17:00:05.772-0300] {processor.py:640} INFO - Processing file /home/juliana/Área de Trabalho/datapipeline/.env/lib/python3.8/site-packages/airflow/example_dags/example_short_circuit_operator.py for tasks to queue
[2022-11-18T17:00:05.772-0300] {logging_mixin.py:115} INFO - [2022-11-18T17:00:05.772-0300] {dagbag.py:508} INFO - Filling up the DagBag from /home/juliana/Área de Trabalho/datapipeline/.env/lib/python3.8/site-packages/airflow/example_dags/example_short_circuit_operator.py
[2022-11-18T17:00:05.783-0300] {processor.py:650} INFO - DAG(s) dict_keys(['example_short_circuit_operator']) retrieved from /home/juliana/Área de Trabalho/datapipeline/.env/lib/python3.8/site-packages/airflow/example_dags/example_short_circuit_operator.py
[2022-11-18T17:00:05.800-0300] {logging_mixin.py:115} INFO - [2022-11-18T17:00:05.800-0300] {dag.py:2429} INFO - Sync 1 DAGs
[2022-11-18T17:00:05.817-0300] {logging_mixin.py:115} INFO - [2022-11-18T17:00:05.817-0300] {dag.py:2977} INFO - Setting next_dagrun for example_short_circuit_operator to 2022-11-17T20:00:05.817603+00:00, run_after=2022-11-18T20:00:05.817603+00:00
[2022-11-18T17:00:05.835-0300] {processor.py:161} INFO - Processing /home/juliana/Área de Trabalho/datapipeline/.env/lib/python3.8/site-packages/airflow/example_dags/example_short_circuit_operator.py took 0.074 seconds
[2022-11-18T17:00:41.296-0300] {processor.py:153} INFO - Started process (PID=3534) to work on /home/juliana/Área de Trabalho/datapipeline/.env/lib/python3.8/site-packages/airflow/example_dags/example_short_circuit_operator.py
[2022-11-18T17:00:41.297-0300] {processor.py:640} INFO - Processing file /home/juliana/Área de Trabalho/datapipeline/.env/lib/python3.8/site-packages/airflow/example_dags/example_short_circuit_operator.py for tasks to queue
[2022-11-18T17:00:41.298-0300] {logging_mixin.py:115} INFO - [2022-11-18T17:00:41.298-0300] {dagbag.py:508} INFO - Filling up the DagBag from /home/juliana/Área de Trabalho/datapipeline/.env/lib/python3.8/site-packages/airflow/example_dags/example_short_circuit_operator.py
[2022-11-18T17:00:41.310-0300] {processor.py:650} INFO - DAG(s) dict_keys(['example_short_circuit_operator']) retrieved from /home/juliana/Área de Trabalho/datapipeline/.env/lib/python3.8/site-packages/airflow/example_dags/example_short_circuit_operator.py
[2022-11-18T17:00:41.327-0300] {logging_mixin.py:115} INFO - [2022-11-18T17:00:41.327-0300] {dag.py:2429} INFO - Sync 1 DAGs
[2022-11-18T17:00:41.344-0300] {logging_mixin.py:115} INFO - [2022-11-18T17:00:41.344-0300] {dag.py:2977} INFO - Setting next_dagrun for example_short_circuit_operator to 2022-11-17T20:00:41.343872+00:00, run_after=2022-11-18T20:00:41.343872+00:00
[2022-11-18T17:00:41.366-0300] {processor.py:161} INFO - Processing /home/juliana/Área de Trabalho/datapipeline/.env/lib/python3.8/site-packages/airflow/example_dags/example_short_circuit_operator.py took 0.076 seconds
