[2022-11-18T16:15:48.836-0300] {processor.py:153} INFO - Started process (PID=4570) to work on /home/juliana/Área de Trabalho/datapipeline/.env/lib/python3.8/site-packages/airflow/example_dags/example_branch_operator.py
[2022-11-18T16:15:48.837-0300] {processor.py:640} INFO - Processing file /home/juliana/Área de Trabalho/datapipeline/.env/lib/python3.8/site-packages/airflow/example_dags/example_branch_operator.py for tasks to queue
[2022-11-18T16:15:48.838-0300] {logging_mixin.py:115} INFO - [2022-11-18T16:15:48.838-0300] {dagbag.py:508} INFO - Filling up the DagBag from /home/juliana/Área de Trabalho/datapipeline/.env/lib/python3.8/site-packages/airflow/example_dags/example_branch_operator.py
[2022-11-18T16:15:48.911-0300] {processor.py:650} INFO - DAG(s) dict_keys(['example_branch_operator']) retrieved from /home/juliana/Área de Trabalho/datapipeline/.env/lib/python3.8/site-packages/airflow/example_dags/example_branch_operator.py
[2022-11-18T16:15:49.028-0300] {logging_mixin.py:115} INFO - [2022-11-18T16:15:49.012-0300] {dag.py:2429} INFO - Sync 1 DAGs
[2022-11-18T16:15:50.997-0300] {logging_mixin.py:115} INFO - [2022-11-18T16:15:50.984-0300] {dag.py:2977} INFO - Setting next_dagrun for example_branch_operator to 2022-11-17T00:00:00+00:00, run_after=2022-11-18T00:00:00+00:00
[2022-11-18T16:15:51.262-0300] {processor.py:161} INFO - Processing /home/juliana/Área de Trabalho/datapipeline/.env/lib/python3.8/site-packages/airflow/example_dags/example_branch_operator.py took 2.441 seconds
[2022-11-18T16:34:27.588-0300] {processor.py:153} INFO - Started process (PID=4814) to work on /home/juliana/Área de Trabalho/datapipeline/.env/lib/python3.8/site-packages/airflow/example_dags/example_branch_operator.py
[2022-11-18T16:34:27.598-0300] {processor.py:640} INFO - Processing file /home/juliana/Área de Trabalho/datapipeline/.env/lib/python3.8/site-packages/airflow/example_dags/example_branch_operator.py for tasks to queue
[2022-11-18T16:34:27.604-0300] {logging_mixin.py:115} INFO - [2022-11-18T16:34:27.600-0300] {dagbag.py:508} INFO - Filling up the DagBag from /home/juliana/Área de Trabalho/datapipeline/.env/lib/python3.8/site-packages/airflow/example_dags/example_branch_operator.py
[2022-11-18T16:34:28.554-0300] {processor.py:650} INFO - DAG(s) dict_keys(['example_branch_operator']) retrieved from /home/juliana/Área de Trabalho/datapipeline/.env/lib/python3.8/site-packages/airflow/example_dags/example_branch_operator.py
[2022-11-18T16:34:31.422-0300] {logging_mixin.py:115} INFO - [2022-11-18T16:34:30.993-0300] {dag.py:2429} INFO - Sync 1 DAGs
[2022-11-18T16:34:48.979-0300] {logging_mixin.py:115} INFO - [2022-11-18T16:34:47.825-0300] {dag.py:2977} INFO - Setting next_dagrun for example_branch_operator to 2022-11-17T00:00:00+00:00, run_after=2022-11-18T00:00:00+00:00
[2022-11-18T16:35:04.746-0300] {processor.py:161} INFO - Processing /home/juliana/Área de Trabalho/datapipeline/.env/lib/python3.8/site-packages/airflow/example_dags/example_branch_operator.py took 37.177 seconds
[2022-11-18T16:44:11.075-0300] {processor.py:153} INFO - Started process (PID=5008) to work on /home/juliana/Área de Trabalho/datapipeline/.env/lib/python3.8/site-packages/airflow/example_dags/example_branch_operator.py
[2022-11-18T16:44:11.085-0300] {processor.py:640} INFO - Processing file /home/juliana/Área de Trabalho/datapipeline/.env/lib/python3.8/site-packages/airflow/example_dags/example_branch_operator.py for tasks to queue
[2022-11-18T16:44:11.086-0300] {logging_mixin.py:115} INFO - [2022-11-18T16:44:11.086-0300] {dagbag.py:508} INFO - Filling up the DagBag from /home/juliana/Área de Trabalho/datapipeline/.env/lib/python3.8/site-packages/airflow/example_dags/example_branch_operator.py
[2022-11-18T16:44:11.214-0300] {processor.py:650} INFO - DAG(s) dict_keys(['example_branch_operator']) retrieved from /home/juliana/Área de Trabalho/datapipeline/.env/lib/python3.8/site-packages/airflow/example_dags/example_branch_operator.py
[2022-11-18T16:44:11.392-0300] {logging_mixin.py:115} INFO - [2022-11-18T16:44:11.378-0300] {dag.py:2429} INFO - Sync 1 DAGs
[2022-11-18T16:44:11.517-0300] {logging_mixin.py:115} INFO - [2022-11-18T16:44:11.517-0300] {dag.py:2977} INFO - Setting next_dagrun for example_branch_operator to 2022-11-17T00:00:00+00:00, run_after=2022-11-18T00:00:00+00:00
[2022-11-18T16:44:11.733-0300] {processor.py:161} INFO - Processing /home/juliana/Área de Trabalho/datapipeline/.env/lib/python3.8/site-packages/airflow/example_dags/example_branch_operator.py took 0.678 seconds
[2022-11-18T16:56:52.072-0300] {processor.py:153} INFO - Started process (PID=2235) to work on /home/juliana/Área de Trabalho/datapipeline/.env/lib/python3.8/site-packages/airflow/example_dags/example_branch_operator.py
[2022-11-18T16:56:52.157-0300] {processor.py:640} INFO - Processing file /home/juliana/Área de Trabalho/datapipeline/.env/lib/python3.8/site-packages/airflow/example_dags/example_branch_operator.py for tasks to queue
[2022-11-18T16:56:52.158-0300] {logging_mixin.py:115} INFO - [2022-11-18T16:56:52.158-0300] {dagbag.py:508} INFO - Filling up the DagBag from /home/juliana/Área de Trabalho/datapipeline/.env/lib/python3.8/site-packages/airflow/example_dags/example_branch_operator.py
[2022-11-18T16:56:52.189-0300] {processor.py:650} INFO - DAG(s) dict_keys(['example_branch_operator']) retrieved from /home/juliana/Área de Trabalho/datapipeline/.env/lib/python3.8/site-packages/airflow/example_dags/example_branch_operator.py
[2022-11-18T16:56:52.211-0300] {logging_mixin.py:115} INFO - [2022-11-18T16:56:52.211-0300] {dag.py:2429} INFO - Sync 1 DAGs
[2022-11-18T16:56:52.233-0300] {logging_mixin.py:115} INFO - [2022-11-18T16:56:52.232-0300] {dag.py:2977} INFO - Setting next_dagrun for example_branch_operator to 2022-11-17T00:00:00+00:00, run_after=2022-11-18T00:00:00+00:00
[2022-11-18T16:56:52.469-0300] {processor.py:161} INFO - Processing /home/juliana/Área de Trabalho/datapipeline/.env/lib/python3.8/site-packages/airflow/example_dags/example_branch_operator.py took 0.400 seconds
[2022-11-18T16:57:29.094-0300] {processor.py:153} INFO - Started process (PID=2325) to work on /home/juliana/Área de Trabalho/datapipeline/.env/lib/python3.8/site-packages/airflow/example_dags/example_branch_operator.py
[2022-11-18T16:57:29.098-0300] {processor.py:640} INFO - Processing file /home/juliana/Área de Trabalho/datapipeline/.env/lib/python3.8/site-packages/airflow/example_dags/example_branch_operator.py for tasks to queue
[2022-11-18T16:57:29.099-0300] {logging_mixin.py:115} INFO - [2022-11-18T16:57:29.099-0300] {dagbag.py:508} INFO - Filling up the DagBag from /home/juliana/Área de Trabalho/datapipeline/.env/lib/python3.8/site-packages/airflow/example_dags/example_branch_operator.py
[2022-11-18T16:57:29.113-0300] {processor.py:650} INFO - DAG(s) dict_keys(['example_branch_operator']) retrieved from /home/juliana/Área de Trabalho/datapipeline/.env/lib/python3.8/site-packages/airflow/example_dags/example_branch_operator.py
[2022-11-18T16:57:29.131-0300] {logging_mixin.py:115} INFO - [2022-11-18T16:57:29.131-0300] {dag.py:2429} INFO - Sync 1 DAGs
[2022-11-18T16:57:29.145-0300] {logging_mixin.py:115} INFO - [2022-11-18T16:57:29.145-0300] {dag.py:2977} INFO - Setting next_dagrun for example_branch_operator to 2022-11-17T00:00:00+00:00, run_after=2022-11-18T00:00:00+00:00
[2022-11-18T16:57:29.160-0300] {processor.py:161} INFO - Processing /home/juliana/Área de Trabalho/datapipeline/.env/lib/python3.8/site-packages/airflow/example_dags/example_branch_operator.py took 0.071 seconds
[2022-11-18T16:58:04.761-0300] {processor.py:153} INFO - Started process (PID=2679) to work on /home/juliana/Área de Trabalho/datapipeline/.env/lib/python3.8/site-packages/airflow/example_dags/example_branch_operator.py
[2022-11-18T16:58:04.764-0300] {processor.py:640} INFO - Processing file /home/juliana/Área de Trabalho/datapipeline/.env/lib/python3.8/site-packages/airflow/example_dags/example_branch_operator.py for tasks to queue
[2022-11-18T16:58:04.765-0300] {logging_mixin.py:115} INFO - [2022-11-18T16:58:04.764-0300] {dagbag.py:508} INFO - Filling up the DagBag from /home/juliana/Área de Trabalho/datapipeline/.env/lib/python3.8/site-packages/airflow/example_dags/example_branch_operator.py
[2022-11-18T16:58:04.781-0300] {processor.py:650} INFO - DAG(s) dict_keys(['example_branch_operator']) retrieved from /home/juliana/Área de Trabalho/datapipeline/.env/lib/python3.8/site-packages/airflow/example_dags/example_branch_operator.py
[2022-11-18T16:58:04.801-0300] {logging_mixin.py:115} INFO - [2022-11-18T16:58:04.801-0300] {dag.py:2429} INFO - Sync 1 DAGs
[2022-11-18T16:58:04.817-0300] {logging_mixin.py:115} INFO - [2022-11-18T16:58:04.817-0300] {dag.py:2977} INFO - Setting next_dagrun for example_branch_operator to 2022-11-17T00:00:00+00:00, run_after=2022-11-18T00:00:00+00:00
[2022-11-18T16:58:04.834-0300] {processor.py:161} INFO - Processing /home/juliana/Área de Trabalho/datapipeline/.env/lib/python3.8/site-packages/airflow/example_dags/example_branch_operator.py took 0.079 seconds
[2022-11-18T16:58:38.710-0300] {processor.py:153} INFO - Started process (PID=2905) to work on /home/juliana/Área de Trabalho/datapipeline/.env/lib/python3.8/site-packages/airflow/example_dags/example_branch_operator.py
[2022-11-18T16:58:38.711-0300] {processor.py:640} INFO - Processing file /home/juliana/Área de Trabalho/datapipeline/.env/lib/python3.8/site-packages/airflow/example_dags/example_branch_operator.py for tasks to queue
[2022-11-18T16:58:38.711-0300] {logging_mixin.py:115} INFO - [2022-11-18T16:58:38.711-0300] {dagbag.py:508} INFO - Filling up the DagBag from /home/juliana/Área de Trabalho/datapipeline/.env/lib/python3.8/site-packages/airflow/example_dags/example_branch_operator.py
[2022-11-18T16:58:38.728-0300] {processor.py:650} INFO - DAG(s) dict_keys(['example_branch_operator']) retrieved from /home/juliana/Área de Trabalho/datapipeline/.env/lib/python3.8/site-packages/airflow/example_dags/example_branch_operator.py
[2022-11-18T16:58:38.756-0300] {logging_mixin.py:115} INFO - [2022-11-18T16:58:38.755-0300] {dag.py:2429} INFO - Sync 1 DAGs
[2022-11-18T16:58:38.789-0300] {logging_mixin.py:115} INFO - [2022-11-18T16:58:38.789-0300] {dag.py:2977} INFO - Setting next_dagrun for example_branch_operator to 2022-11-17T00:00:00+00:00, run_after=2022-11-18T00:00:00+00:00
[2022-11-18T16:58:38.813-0300] {processor.py:161} INFO - Processing /home/juliana/Área de Trabalho/datapipeline/.env/lib/python3.8/site-packages/airflow/example_dags/example_branch_operator.py took 0.110 seconds
[2022-11-18T16:59:13.181-0300] {processor.py:153} INFO - Started process (PID=3106) to work on /home/juliana/Área de Trabalho/datapipeline/.env/lib/python3.8/site-packages/airflow/example_dags/example_branch_operator.py
[2022-11-18T16:59:13.182-0300] {processor.py:640} INFO - Processing file /home/juliana/Área de Trabalho/datapipeline/.env/lib/python3.8/site-packages/airflow/example_dags/example_branch_operator.py for tasks to queue
[2022-11-18T16:59:13.183-0300] {logging_mixin.py:115} INFO - [2022-11-18T16:59:13.183-0300] {dagbag.py:508} INFO - Filling up the DagBag from /home/juliana/Área de Trabalho/datapipeline/.env/lib/python3.8/site-packages/airflow/example_dags/example_branch_operator.py
[2022-11-18T16:59:13.196-0300] {processor.py:650} INFO - DAG(s) dict_keys(['example_branch_operator']) retrieved from /home/juliana/Área de Trabalho/datapipeline/.env/lib/python3.8/site-packages/airflow/example_dags/example_branch_operator.py
[2022-11-18T16:59:13.216-0300] {logging_mixin.py:115} INFO - [2022-11-18T16:59:13.215-0300] {dag.py:2429} INFO - Sync 1 DAGs
[2022-11-18T16:59:13.231-0300] {logging_mixin.py:115} INFO - [2022-11-18T16:59:13.231-0300] {dag.py:2977} INFO - Setting next_dagrun for example_branch_operator to 2022-11-17T00:00:00+00:00, run_after=2022-11-18T00:00:00+00:00
[2022-11-18T16:59:13.252-0300] {processor.py:161} INFO - Processing /home/juliana/Área de Trabalho/datapipeline/.env/lib/python3.8/site-packages/airflow/example_dags/example_branch_operator.py took 0.076 seconds
[2022-11-18T16:59:48.578-0300] {processor.py:153} INFO - Started process (PID=3326) to work on /home/juliana/Área de Trabalho/datapipeline/.env/lib/python3.8/site-packages/airflow/example_dags/example_branch_operator.py
[2022-11-18T16:59:48.580-0300] {processor.py:640} INFO - Processing file /home/juliana/Área de Trabalho/datapipeline/.env/lib/python3.8/site-packages/airflow/example_dags/example_branch_operator.py for tasks to queue
[2022-11-18T16:59:48.582-0300] {logging_mixin.py:115} INFO - [2022-11-18T16:59:48.581-0300] {dagbag.py:508} INFO - Filling up the DagBag from /home/juliana/Área de Trabalho/datapipeline/.env/lib/python3.8/site-packages/airflow/example_dags/example_branch_operator.py
[2022-11-18T16:59:48.597-0300] {processor.py:650} INFO - DAG(s) dict_keys(['example_branch_operator']) retrieved from /home/juliana/Área de Trabalho/datapipeline/.env/lib/python3.8/site-packages/airflow/example_dags/example_branch_operator.py
[2022-11-18T16:59:48.617-0300] {logging_mixin.py:115} INFO - [2022-11-18T16:59:48.617-0300] {dag.py:2429} INFO - Sync 1 DAGs
[2022-11-18T16:59:48.632-0300] {logging_mixin.py:115} INFO - [2022-11-18T16:59:48.631-0300] {dag.py:2977} INFO - Setting next_dagrun for example_branch_operator to 2022-11-17T00:00:00+00:00, run_after=2022-11-18T00:00:00+00:00
[2022-11-18T16:59:48.648-0300] {processor.py:161} INFO - Processing /home/juliana/Área de Trabalho/datapipeline/.env/lib/python3.8/site-packages/airflow/example_dags/example_branch_operator.py took 0.076 seconds
[2022-11-18T17:00:24.196-0300] {processor.py:153} INFO - Started process (PID=3517) to work on /home/juliana/Área de Trabalho/datapipeline/.env/lib/python3.8/site-packages/airflow/example_dags/example_branch_operator.py
[2022-11-18T17:00:24.197-0300] {processor.py:640} INFO - Processing file /home/juliana/Área de Trabalho/datapipeline/.env/lib/python3.8/site-packages/airflow/example_dags/example_branch_operator.py for tasks to queue
[2022-11-18T17:00:24.198-0300] {logging_mixin.py:115} INFO - [2022-11-18T17:00:24.198-0300] {dagbag.py:508} INFO - Filling up the DagBag from /home/juliana/Área de Trabalho/datapipeline/.env/lib/python3.8/site-packages/airflow/example_dags/example_branch_operator.py
[2022-11-18T17:00:24.217-0300] {processor.py:650} INFO - DAG(s) dict_keys(['example_branch_operator']) retrieved from /home/juliana/Área de Trabalho/datapipeline/.env/lib/python3.8/site-packages/airflow/example_dags/example_branch_operator.py
[2022-11-18T17:00:24.239-0300] {logging_mixin.py:115} INFO - [2022-11-18T17:00:24.238-0300] {dag.py:2429} INFO - Sync 1 DAGs
[2022-11-18T17:00:24.254-0300] {logging_mixin.py:115} INFO - [2022-11-18T17:00:24.254-0300] {dag.py:2977} INFO - Setting next_dagrun for example_branch_operator to 2022-11-17T00:00:00+00:00, run_after=2022-11-18T00:00:00+00:00
[2022-11-18T17:00:24.270-0300] {processor.py:161} INFO - Processing /home/juliana/Área de Trabalho/datapipeline/.env/lib/python3.8/site-packages/airflow/example_dags/example_branch_operator.py took 0.078 seconds
[2022-11-18T17:00:59.902-0300] {processor.py:153} INFO - Started process (PID=3773) to work on /home/juliana/Área de Trabalho/datapipeline/.env/lib/python3.8/site-packages/airflow/example_dags/example_branch_operator.py
[2022-11-18T17:00:59.906-0300] {processor.py:640} INFO - Processing file /home/juliana/Área de Trabalho/datapipeline/.env/lib/python3.8/site-packages/airflow/example_dags/example_branch_operator.py for tasks to queue
[2022-11-18T17:00:59.907-0300] {logging_mixin.py:115} INFO - [2022-11-18T17:00:59.907-0300] {dagbag.py:508} INFO - Filling up the DagBag from /home/juliana/Área de Trabalho/datapipeline/.env/lib/python3.8/site-packages/airflow/example_dags/example_branch_operator.py
[2022-11-18T17:00:59.940-0300] {processor.py:650} INFO - DAG(s) dict_keys(['example_branch_operator']) retrieved from /home/juliana/Área de Trabalho/datapipeline/.env/lib/python3.8/site-packages/airflow/example_dags/example_branch_operator.py
[2022-11-18T17:00:59.997-0300] {logging_mixin.py:115} INFO - [2022-11-18T17:00:59.996-0300] {dag.py:2429} INFO - Sync 1 DAGs
[2022-11-18T17:01:00.030-0300] {logging_mixin.py:115} INFO - [2022-11-18T17:01:00.030-0300] {dag.py:2977} INFO - Setting next_dagrun for example_branch_operator to 2022-11-17T00:00:00+00:00, run_after=2022-11-18T00:00:00+00:00
[2022-11-18T17:01:00.066-0300] {processor.py:161} INFO - Processing /home/juliana/Área de Trabalho/datapipeline/.env/lib/python3.8/site-packages/airflow/example_dags/example_branch_operator.py took 0.169 seconds
