[2022-11-18T16:14:24.690-0300] {processor.py:153} INFO - Started process (PID=4562) to work on /home/juliana/Área de Trabalho/datapipeline/.env/lib/python3.8/site-packages/airflow/example_dags/example_nested_branch_dag.py
[2022-11-18T16:14:24.946-0300] {processor.py:640} INFO - Processing file /home/juliana/Área de Trabalho/datapipeline/.env/lib/python3.8/site-packages/airflow/example_dags/example_nested_branch_dag.py for tasks to queue
[2022-11-18T16:14:24.972-0300] {logging_mixin.py:115} INFO - [2022-11-18T16:14:24.972-0300] {dagbag.py:508} INFO - Filling up the DagBag from /home/juliana/Área de Trabalho/datapipeline/.env/lib/python3.8/site-packages/airflow/example_dags/example_nested_branch_dag.py
[2022-11-18T16:14:26.159-0300] {processor.py:650} INFO - DAG(s) dict_keys(['example_nested_branch_dag']) retrieved from /home/juliana/Área de Trabalho/datapipeline/.env/lib/python3.8/site-packages/airflow/example_dags/example_nested_branch_dag.py
[2022-11-18T16:14:31.023-0300] {logging_mixin.py:115} INFO - [2022-11-18T16:14:30.306-0300] {dag.py:2429} INFO - Sync 1 DAGs
[2022-11-18T16:14:58.931-0300] {logging_mixin.py:115} INFO - [2022-11-18T16:14:54.893-0300] {dag.py:2977} INFO - Setting next_dagrun for example_nested_branch_dag to 2022-11-17T00:00:00+00:00, run_after=2022-11-18T00:00:00+00:00
[2022-11-18T16:15:23.729-0300] {processor.py:161} INFO - Processing /home/juliana/Área de Trabalho/datapipeline/.env/lib/python3.8/site-packages/airflow/example_dags/example_nested_branch_dag.py took 59.192 seconds
[2022-11-18T16:33:34.451-0300] {processor.py:153} INFO - Started process (PID=4795) to work on /home/juliana/Área de Trabalho/datapipeline/.env/lib/python3.8/site-packages/airflow/example_dags/example_nested_branch_dag.py
[2022-11-18T16:33:34.462-0300] {processor.py:640} INFO - Processing file /home/juliana/Área de Trabalho/datapipeline/.env/lib/python3.8/site-packages/airflow/example_dags/example_nested_branch_dag.py for tasks to queue
[2022-11-18T16:33:34.465-0300] {logging_mixin.py:115} INFO - [2022-11-18T16:33:34.463-0300] {dagbag.py:508} INFO - Filling up the DagBag from /home/juliana/Área de Trabalho/datapipeline/.env/lib/python3.8/site-packages/airflow/example_dags/example_nested_branch_dag.py
[2022-11-18T16:33:34.635-0300] {processor.py:650} INFO - DAG(s) dict_keys(['example_nested_branch_dag']) retrieved from /home/juliana/Área de Trabalho/datapipeline/.env/lib/python3.8/site-packages/airflow/example_dags/example_nested_branch_dag.py
[2022-11-18T16:33:34.838-0300] {logging_mixin.py:115} INFO - [2022-11-18T16:33:34.815-0300] {dag.py:2429} INFO - Sync 1 DAGs
[2022-11-18T16:33:35.074-0300] {logging_mixin.py:115} INFO - [2022-11-18T16:33:35.051-0300] {dag.py:2977} INFO - Setting next_dagrun for example_nested_branch_dag to 2022-11-17T00:00:00+00:00, run_after=2022-11-18T00:00:00+00:00
[2022-11-18T16:33:35.317-0300] {processor.py:161} INFO - Processing /home/juliana/Área de Trabalho/datapipeline/.env/lib/python3.8/site-packages/airflow/example_dags/example_nested_branch_dag.py took 0.898 seconds
[2022-11-18T16:43:27.537-0300] {processor.py:153} INFO - Started process (PID=4983) to work on /home/juliana/Área de Trabalho/datapipeline/.env/lib/python3.8/site-packages/airflow/example_dags/example_nested_branch_dag.py
[2022-11-18T16:43:27.544-0300] {processor.py:640} INFO - Processing file /home/juliana/Área de Trabalho/datapipeline/.env/lib/python3.8/site-packages/airflow/example_dags/example_nested_branch_dag.py for tasks to queue
[2022-11-18T16:43:27.545-0300] {logging_mixin.py:115} INFO - [2022-11-18T16:43:27.545-0300] {dagbag.py:508} INFO - Filling up the DagBag from /home/juliana/Área de Trabalho/datapipeline/.env/lib/python3.8/site-packages/airflow/example_dags/example_nested_branch_dag.py
[2022-11-18T16:43:27.680-0300] {processor.py:650} INFO - DAG(s) dict_keys(['example_nested_branch_dag']) retrieved from /home/juliana/Área de Trabalho/datapipeline/.env/lib/python3.8/site-packages/airflow/example_dags/example_nested_branch_dag.py
[2022-11-18T16:43:27.980-0300] {logging_mixin.py:115} INFO - [2022-11-18T16:43:27.932-0300] {dag.py:2429} INFO - Sync 1 DAGs
[2022-11-18T16:43:57.110-0300] {logging_mixin.py:115} INFO - [2022-11-18T16:43:57.093-0300] {dag.py:2977} INFO - Setting next_dagrun for example_nested_branch_dag to 2022-11-17T00:00:00+00:00, run_after=2022-11-18T00:00:00+00:00
[2022-11-18T16:43:57.816-0300] {processor.py:161} INFO - Processing /home/juliana/Área de Trabalho/datapipeline/.env/lib/python3.8/site-packages/airflow/example_dags/example_nested_branch_dag.py took 30.306 seconds
[2022-11-18T16:56:46.600-0300] {processor.py:153} INFO - Started process (PID=2199) to work on /home/juliana/Área de Trabalho/datapipeline/.env/lib/python3.8/site-packages/airflow/example_dags/example_nested_branch_dag.py
[2022-11-18T16:56:46.602-0300] {processor.py:640} INFO - Processing file /home/juliana/Área de Trabalho/datapipeline/.env/lib/python3.8/site-packages/airflow/example_dags/example_nested_branch_dag.py for tasks to queue
[2022-11-18T16:56:46.603-0300] {logging_mixin.py:115} INFO - [2022-11-18T16:56:46.602-0300] {dagbag.py:508} INFO - Filling up the DagBag from /home/juliana/Área de Trabalho/datapipeline/.env/lib/python3.8/site-packages/airflow/example_dags/example_nested_branch_dag.py
[2022-11-18T16:56:46.614-0300] {processor.py:650} INFO - DAG(s) dict_keys(['example_nested_branch_dag']) retrieved from /home/juliana/Área de Trabalho/datapipeline/.env/lib/python3.8/site-packages/airflow/example_dags/example_nested_branch_dag.py
[2022-11-18T16:56:46.629-0300] {logging_mixin.py:115} INFO - [2022-11-18T16:56:46.629-0300] {dag.py:2429} INFO - Sync 1 DAGs
[2022-11-18T16:56:46.646-0300] {logging_mixin.py:115} INFO - [2022-11-18T16:56:46.646-0300] {dag.py:2977} INFO - Setting next_dagrun for example_nested_branch_dag to 2022-11-17T00:00:00+00:00, run_after=2022-11-18T00:00:00+00:00
[2022-11-18T16:56:46.661-0300] {processor.py:161} INFO - Processing /home/juliana/Área de Trabalho/datapipeline/.env/lib/python3.8/site-packages/airflow/example_dags/example_nested_branch_dag.py took 0.067 seconds
[2022-11-18T16:57:23.672-0300] {processor.py:153} INFO - Started process (PID=2315) to work on /home/juliana/Área de Trabalho/datapipeline/.env/lib/python3.8/site-packages/airflow/example_dags/example_nested_branch_dag.py
[2022-11-18T16:57:23.681-0300] {processor.py:640} INFO - Processing file /home/juliana/Área de Trabalho/datapipeline/.env/lib/python3.8/site-packages/airflow/example_dags/example_nested_branch_dag.py for tasks to queue
[2022-11-18T16:57:23.682-0300] {logging_mixin.py:115} INFO - [2022-11-18T16:57:23.682-0300] {dagbag.py:508} INFO - Filling up the DagBag from /home/juliana/Área de Trabalho/datapipeline/.env/lib/python3.8/site-packages/airflow/example_dags/example_nested_branch_dag.py
[2022-11-18T16:57:23.709-0300] {processor.py:650} INFO - DAG(s) dict_keys(['example_nested_branch_dag']) retrieved from /home/juliana/Área de Trabalho/datapipeline/.env/lib/python3.8/site-packages/airflow/example_dags/example_nested_branch_dag.py
[2022-11-18T16:57:23.749-0300] {logging_mixin.py:115} INFO - [2022-11-18T16:57:23.748-0300] {dag.py:2429} INFO - Sync 1 DAGs
[2022-11-18T16:57:23.795-0300] {logging_mixin.py:115} INFO - [2022-11-18T16:57:23.794-0300] {dag.py:2977} INFO - Setting next_dagrun for example_nested_branch_dag to 2022-11-17T00:00:00+00:00, run_after=2022-11-18T00:00:00+00:00
[2022-11-18T16:57:23.819-0300] {processor.py:161} INFO - Processing /home/juliana/Área de Trabalho/datapipeline/.env/lib/python3.8/site-packages/airflow/example_dags/example_nested_branch_dag.py took 0.150 seconds
[2022-11-18T16:57:59.535-0300] {processor.py:153} INFO - Started process (PID=2643) to work on /home/juliana/Área de Trabalho/datapipeline/.env/lib/python3.8/site-packages/airflow/example_dags/example_nested_branch_dag.py
[2022-11-18T16:57:59.536-0300] {processor.py:640} INFO - Processing file /home/juliana/Área de Trabalho/datapipeline/.env/lib/python3.8/site-packages/airflow/example_dags/example_nested_branch_dag.py for tasks to queue
[2022-11-18T16:57:59.543-0300] {logging_mixin.py:115} INFO - [2022-11-18T16:57:59.543-0300] {dagbag.py:508} INFO - Filling up the DagBag from /home/juliana/Área de Trabalho/datapipeline/.env/lib/python3.8/site-packages/airflow/example_dags/example_nested_branch_dag.py
[2022-11-18T16:57:59.567-0300] {processor.py:650} INFO - DAG(s) dict_keys(['example_nested_branch_dag']) retrieved from /home/juliana/Área de Trabalho/datapipeline/.env/lib/python3.8/site-packages/airflow/example_dags/example_nested_branch_dag.py
[2022-11-18T16:57:59.593-0300] {logging_mixin.py:115} INFO - [2022-11-18T16:57:59.593-0300] {dag.py:2429} INFO - Sync 1 DAGs
[2022-11-18T16:57:59.617-0300] {logging_mixin.py:115} INFO - [2022-11-18T16:57:59.617-0300] {dag.py:2977} INFO - Setting next_dagrun for example_nested_branch_dag to 2022-11-17T00:00:00+00:00, run_after=2022-11-18T00:00:00+00:00
[2022-11-18T16:57:59.640-0300] {processor.py:161} INFO - Processing /home/juliana/Área de Trabalho/datapipeline/.env/lib/python3.8/site-packages/airflow/example_dags/example_nested_branch_dag.py took 0.108 seconds
[2022-11-18T16:58:33.458-0300] {processor.py:153} INFO - Started process (PID=2850) to work on /home/juliana/Área de Trabalho/datapipeline/.env/lib/python3.8/site-packages/airflow/example_dags/example_nested_branch_dag.py
[2022-11-18T16:58:33.460-0300] {processor.py:640} INFO - Processing file /home/juliana/Área de Trabalho/datapipeline/.env/lib/python3.8/site-packages/airflow/example_dags/example_nested_branch_dag.py for tasks to queue
[2022-11-18T16:58:33.461-0300] {logging_mixin.py:115} INFO - [2022-11-18T16:58:33.460-0300] {dagbag.py:508} INFO - Filling up the DagBag from /home/juliana/Área de Trabalho/datapipeline/.env/lib/python3.8/site-packages/airflow/example_dags/example_nested_branch_dag.py
[2022-11-18T16:58:33.474-0300] {processor.py:650} INFO - DAG(s) dict_keys(['example_nested_branch_dag']) retrieved from /home/juliana/Área de Trabalho/datapipeline/.env/lib/python3.8/site-packages/airflow/example_dags/example_nested_branch_dag.py
[2022-11-18T16:58:33.498-0300] {logging_mixin.py:115} INFO - [2022-11-18T16:58:33.498-0300] {dag.py:2429} INFO - Sync 1 DAGs
[2022-11-18T16:58:33.533-0300] {logging_mixin.py:115} INFO - [2022-11-18T16:58:33.533-0300] {dag.py:2977} INFO - Setting next_dagrun for example_nested_branch_dag to 2022-11-17T00:00:00+00:00, run_after=2022-11-18T00:00:00+00:00
[2022-11-18T16:58:33.576-0300] {processor.py:161} INFO - Processing /home/juliana/Área de Trabalho/datapipeline/.env/lib/python3.8/site-packages/airflow/example_dags/example_nested_branch_dag.py took 0.123 seconds
[2022-11-18T16:59:08.717-0300] {processor.py:153} INFO - Started process (PID=3075) to work on /home/juliana/Área de Trabalho/datapipeline/.env/lib/python3.8/site-packages/airflow/example_dags/example_nested_branch_dag.py
[2022-11-18T16:59:08.718-0300] {processor.py:640} INFO - Processing file /home/juliana/Área de Trabalho/datapipeline/.env/lib/python3.8/site-packages/airflow/example_dags/example_nested_branch_dag.py for tasks to queue
[2022-11-18T16:59:08.719-0300] {logging_mixin.py:115} INFO - [2022-11-18T16:59:08.719-0300] {dagbag.py:508} INFO - Filling up the DagBag from /home/juliana/Área de Trabalho/datapipeline/.env/lib/python3.8/site-packages/airflow/example_dags/example_nested_branch_dag.py
[2022-11-18T16:59:08.730-0300] {processor.py:650} INFO - DAG(s) dict_keys(['example_nested_branch_dag']) retrieved from /home/juliana/Área de Trabalho/datapipeline/.env/lib/python3.8/site-packages/airflow/example_dags/example_nested_branch_dag.py
[2022-11-18T16:59:08.745-0300] {logging_mixin.py:115} INFO - [2022-11-18T16:59:08.745-0300] {dag.py:2429} INFO - Sync 1 DAGs
[2022-11-18T16:59:08.763-0300] {logging_mixin.py:115} INFO - [2022-11-18T16:59:08.762-0300] {dag.py:2977} INFO - Setting next_dagrun for example_nested_branch_dag to 2022-11-17T00:00:00+00:00, run_after=2022-11-18T00:00:00+00:00
[2022-11-18T16:59:08.783-0300] {processor.py:161} INFO - Processing /home/juliana/Área de Trabalho/datapipeline/.env/lib/python3.8/site-packages/airflow/example_dags/example_nested_branch_dag.py took 0.071 seconds
[2022-11-18T16:59:42.573-0300] {processor.py:153} INFO - Started process (PID=3293) to work on /home/juliana/Área de Trabalho/datapipeline/.env/lib/python3.8/site-packages/airflow/example_dags/example_nested_branch_dag.py
[2022-11-18T16:59:42.574-0300] {processor.py:640} INFO - Processing file /home/juliana/Área de Trabalho/datapipeline/.env/lib/python3.8/site-packages/airflow/example_dags/example_nested_branch_dag.py for tasks to queue
[2022-11-18T16:59:42.575-0300] {logging_mixin.py:115} INFO - [2022-11-18T16:59:42.575-0300] {dagbag.py:508} INFO - Filling up the DagBag from /home/juliana/Área de Trabalho/datapipeline/.env/lib/python3.8/site-packages/airflow/example_dags/example_nested_branch_dag.py
[2022-11-18T16:59:42.586-0300] {processor.py:650} INFO - DAG(s) dict_keys(['example_nested_branch_dag']) retrieved from /home/juliana/Área de Trabalho/datapipeline/.env/lib/python3.8/site-packages/airflow/example_dags/example_nested_branch_dag.py
[2022-11-18T16:59:42.602-0300] {logging_mixin.py:115} INFO - [2022-11-18T16:59:42.602-0300] {dag.py:2429} INFO - Sync 1 DAGs
[2022-11-18T16:59:42.620-0300] {logging_mixin.py:115} INFO - [2022-11-18T16:59:42.620-0300] {dag.py:2977} INFO - Setting next_dagrun for example_nested_branch_dag to 2022-11-17T00:00:00+00:00, run_after=2022-11-18T00:00:00+00:00
[2022-11-18T16:59:42.649-0300] {processor.py:161} INFO - Processing /home/juliana/Área de Trabalho/datapipeline/.env/lib/python3.8/site-packages/airflow/example_dags/example_nested_branch_dag.py took 0.080 seconds
[2022-11-18T17:00:18.548-0300] {processor.py:153} INFO - Started process (PID=3511) to work on /home/juliana/Área de Trabalho/datapipeline/.env/lib/python3.8/site-packages/airflow/example_dags/example_nested_branch_dag.py
[2022-11-18T17:00:18.549-0300] {processor.py:640} INFO - Processing file /home/juliana/Área de Trabalho/datapipeline/.env/lib/python3.8/site-packages/airflow/example_dags/example_nested_branch_dag.py for tasks to queue
[2022-11-18T17:00:18.550-0300] {logging_mixin.py:115} INFO - [2022-11-18T17:00:18.549-0300] {dagbag.py:508} INFO - Filling up the DagBag from /home/juliana/Área de Trabalho/datapipeline/.env/lib/python3.8/site-packages/airflow/example_dags/example_nested_branch_dag.py
[2022-11-18T17:00:18.568-0300] {processor.py:650} INFO - DAG(s) dict_keys(['example_nested_branch_dag']) retrieved from /home/juliana/Área de Trabalho/datapipeline/.env/lib/python3.8/site-packages/airflow/example_dags/example_nested_branch_dag.py
[2022-11-18T17:00:18.618-0300] {logging_mixin.py:115} INFO - [2022-11-18T17:00:18.618-0300] {dag.py:2429} INFO - Sync 1 DAGs
[2022-11-18T17:00:18.658-0300] {logging_mixin.py:115} INFO - [2022-11-18T17:00:18.658-0300] {dag.py:2977} INFO - Setting next_dagrun for example_nested_branch_dag to 2022-11-17T00:00:00+00:00, run_after=2022-11-18T00:00:00+00:00
[2022-11-18T17:00:18.686-0300] {processor.py:161} INFO - Processing /home/juliana/Área de Trabalho/datapipeline/.env/lib/python3.8/site-packages/airflow/example_dags/example_nested_branch_dag.py took 0.142 seconds
[2022-11-18T17:00:52.243-0300] {processor.py:153} INFO - Started process (PID=3546) to work on /home/juliana/Área de Trabalho/datapipeline/.env/lib/python3.8/site-packages/airflow/example_dags/example_nested_branch_dag.py
[2022-11-18T17:00:52.244-0300] {processor.py:640} INFO - Processing file /home/juliana/Área de Trabalho/datapipeline/.env/lib/python3.8/site-packages/airflow/example_dags/example_nested_branch_dag.py for tasks to queue
[2022-11-18T17:00:52.245-0300] {logging_mixin.py:115} INFO - [2022-11-18T17:00:52.245-0300] {dagbag.py:508} INFO - Filling up the DagBag from /home/juliana/Área de Trabalho/datapipeline/.env/lib/python3.8/site-packages/airflow/example_dags/example_nested_branch_dag.py
[2022-11-18T17:00:52.256-0300] {processor.py:650} INFO - DAG(s) dict_keys(['example_nested_branch_dag']) retrieved from /home/juliana/Área de Trabalho/datapipeline/.env/lib/python3.8/site-packages/airflow/example_dags/example_nested_branch_dag.py
[2022-11-18T17:00:52.270-0300] {logging_mixin.py:115} INFO - [2022-11-18T17:00:52.270-0300] {dag.py:2429} INFO - Sync 1 DAGs
[2022-11-18T17:00:52.287-0300] {logging_mixin.py:115} INFO - [2022-11-18T17:00:52.287-0300] {dag.py:2977} INFO - Setting next_dagrun for example_nested_branch_dag to 2022-11-17T00:00:00+00:00, run_after=2022-11-18T00:00:00+00:00
[2022-11-18T17:00:52.309-0300] {processor.py:161} INFO - Processing /home/juliana/Área de Trabalho/datapipeline/.env/lib/python3.8/site-packages/airflow/example_dags/example_nested_branch_dag.py took 0.071 seconds
