[2022-11-18T16:23:38.500-0300] {processor.py:153} INFO - Started process (PID=4645) to work on /home/juliana/Área de Trabalho/datapipeline/.env/lib/python3.8/site-packages/airflow/example_dags/example_kubernetes_executor.py
[2022-11-18T16:23:38.515-0300] {processor.py:640} INFO - Processing file /home/juliana/Área de Trabalho/datapipeline/.env/lib/python3.8/site-packages/airflow/example_dags/example_kubernetes_executor.py for tasks to queue
[2022-11-18T16:23:38.516-0300] {logging_mixin.py:115} INFO - [2022-11-18T16:23:38.516-0300] {dagbag.py:508} INFO - Filling up the DagBag from /home/juliana/Área de Trabalho/datapipeline/.env/lib/python3.8/site-packages/airflow/example_dags/example_kubernetes_executor.py
[2022-11-18T16:23:38.950-0300] {logging_mixin.py:115} INFO - [2022-11-18T16:23:38.915-0300] {example_kubernetes_executor.py:39} WARNING - The example_kubernetes_executor example DAG requires the kubernetes provider. Please install it with: pip install apache-airflow[cncf.kubernetes]
[2022-11-18T16:23:38.952-0300] {processor.py:652} WARNING - No viable dags retrieved from /home/juliana/Área de Trabalho/datapipeline/.env/lib/python3.8/site-packages/airflow/example_dags/example_kubernetes_executor.py
[2022-11-18T16:23:39.040-0300] {processor.py:161} INFO - Processing /home/juliana/Área de Trabalho/datapipeline/.env/lib/python3.8/site-packages/airflow/example_dags/example_kubernetes_executor.py took 0.564 seconds
[2022-11-18T16:37:56.534-0300] {processor.py:153} INFO - Started process (PID=4909) to work on /home/juliana/Área de Trabalho/datapipeline/.env/lib/python3.8/site-packages/airflow/example_dags/example_kubernetes_executor.py
[2022-11-18T16:37:56.538-0300] {processor.py:640} INFO - Processing file /home/juliana/Área de Trabalho/datapipeline/.env/lib/python3.8/site-packages/airflow/example_dags/example_kubernetes_executor.py for tasks to queue
[2022-11-18T16:37:56.542-0300] {logging_mixin.py:115} INFO - [2022-11-18T16:37:56.542-0300] {dagbag.py:508} INFO - Filling up the DagBag from /home/juliana/Área de Trabalho/datapipeline/.env/lib/python3.8/site-packages/airflow/example_dags/example_kubernetes_executor.py
[2022-11-18T16:37:56.720-0300] {logging_mixin.py:115} INFO - [2022-11-18T16:37:56.719-0300] {example_kubernetes_executor.py:39} WARNING - The example_kubernetes_executor example DAG requires the kubernetes provider. Please install it with: pip install apache-airflow[cncf.kubernetes]
[2022-11-18T16:37:56.721-0300] {processor.py:652} WARNING - No viable dags retrieved from /home/juliana/Área de Trabalho/datapipeline/.env/lib/python3.8/site-packages/airflow/example_dags/example_kubernetes_executor.py
[2022-11-18T16:37:56.831-0300] {processor.py:161} INFO - Processing /home/juliana/Área de Trabalho/datapipeline/.env/lib/python3.8/site-packages/airflow/example_dags/example_kubernetes_executor.py took 0.324 seconds
[2022-11-18T16:57:08.673-0300] {processor.py:153} INFO - Started process (PID=2298) to work on /home/juliana/Área de Trabalho/datapipeline/.env/lib/python3.8/site-packages/airflow/example_dags/example_kubernetes_executor.py
[2022-11-18T16:57:08.674-0300] {processor.py:640} INFO - Processing file /home/juliana/Área de Trabalho/datapipeline/.env/lib/python3.8/site-packages/airflow/example_dags/example_kubernetes_executor.py for tasks to queue
[2022-11-18T16:57:08.675-0300] {logging_mixin.py:115} INFO - [2022-11-18T16:57:08.675-0300] {dagbag.py:508} INFO - Filling up the DagBag from /home/juliana/Área de Trabalho/datapipeline/.env/lib/python3.8/site-packages/airflow/example_dags/example_kubernetes_executor.py
[2022-11-18T16:57:08.693-0300] {logging_mixin.py:115} INFO - [2022-11-18T16:57:08.693-0300] {example_kubernetes_executor.py:39} WARNING - The example_kubernetes_executor example DAG requires the kubernetes provider. Please install it with: pip install apache-airflow[cncf.kubernetes]
[2022-11-18T16:57:08.693-0300] {processor.py:652} WARNING - No viable dags retrieved from /home/juliana/Área de Trabalho/datapipeline/.env/lib/python3.8/site-packages/airflow/example_dags/example_kubernetes_executor.py
[2022-11-18T16:57:08.704-0300] {processor.py:161} INFO - Processing /home/juliana/Área de Trabalho/datapipeline/.env/lib/python3.8/site-packages/airflow/example_dags/example_kubernetes_executor.py took 0.035 seconds
[2022-11-18T16:57:43.920-0300] {processor.py:153} INFO - Started process (PID=2489) to work on /home/juliana/Área de Trabalho/datapipeline/.env/lib/python3.8/site-packages/airflow/example_dags/example_kubernetes_executor.py
[2022-11-18T16:57:43.922-0300] {processor.py:640} INFO - Processing file /home/juliana/Área de Trabalho/datapipeline/.env/lib/python3.8/site-packages/airflow/example_dags/example_kubernetes_executor.py for tasks to queue
[2022-11-18T16:57:43.923-0300] {logging_mixin.py:115} INFO - [2022-11-18T16:57:43.923-0300] {dagbag.py:508} INFO - Filling up the DagBag from /home/juliana/Área de Trabalho/datapipeline/.env/lib/python3.8/site-packages/airflow/example_dags/example_kubernetes_executor.py
[2022-11-18T16:57:43.964-0300] {logging_mixin.py:115} INFO - [2022-11-18T16:57:43.964-0300] {example_kubernetes_executor.py:39} WARNING - The example_kubernetes_executor example DAG requires the kubernetes provider. Please install it with: pip install apache-airflow[cncf.kubernetes]
[2022-11-18T16:57:43.965-0300] {processor.py:652} WARNING - No viable dags retrieved from /home/juliana/Área de Trabalho/datapipeline/.env/lib/python3.8/site-packages/airflow/example_dags/example_kubernetes_executor.py
[2022-11-18T16:57:43.991-0300] {processor.py:161} INFO - Processing /home/juliana/Área de Trabalho/datapipeline/.env/lib/python3.8/site-packages/airflow/example_dags/example_kubernetes_executor.py took 0.079 seconds
[2022-11-18T16:58:18.992-0300] {processor.py:153} INFO - Started process (PID=2776) to work on /home/juliana/Área de Trabalho/datapipeline/.env/lib/python3.8/site-packages/airflow/example_dags/example_kubernetes_executor.py
[2022-11-18T16:58:18.993-0300] {processor.py:640} INFO - Processing file /home/juliana/Área de Trabalho/datapipeline/.env/lib/python3.8/site-packages/airflow/example_dags/example_kubernetes_executor.py for tasks to queue
[2022-11-18T16:58:18.994-0300] {logging_mixin.py:115} INFO - [2022-11-18T16:58:18.993-0300] {dagbag.py:508} INFO - Filling up the DagBag from /home/juliana/Área de Trabalho/datapipeline/.env/lib/python3.8/site-packages/airflow/example_dags/example_kubernetes_executor.py
[2022-11-18T16:58:19.012-0300] {logging_mixin.py:115} INFO - [2022-11-18T16:58:19.012-0300] {example_kubernetes_executor.py:39} WARNING - The example_kubernetes_executor example DAG requires the kubernetes provider. Please install it with: pip install apache-airflow[cncf.kubernetes]
[2022-11-18T16:58:19.013-0300] {processor.py:652} WARNING - No viable dags retrieved from /home/juliana/Área de Trabalho/datapipeline/.env/lib/python3.8/site-packages/airflow/example_dags/example_kubernetes_executor.py
[2022-11-18T16:58:19.024-0300] {processor.py:161} INFO - Processing /home/juliana/Área de Trabalho/datapipeline/.env/lib/python3.8/site-packages/airflow/example_dags/example_kubernetes_executor.py took 0.036 seconds
[2022-11-18T16:58:54.399-0300] {processor.py:153} INFO - Started process (PID=3008) to work on /home/juliana/Área de Trabalho/datapipeline/.env/lib/python3.8/site-packages/airflow/example_dags/example_kubernetes_executor.py
[2022-11-18T16:58:54.407-0300] {processor.py:640} INFO - Processing file /home/juliana/Área de Trabalho/datapipeline/.env/lib/python3.8/site-packages/airflow/example_dags/example_kubernetes_executor.py for tasks to queue
[2022-11-18T16:58:54.408-0300] {logging_mixin.py:115} INFO - [2022-11-18T16:58:54.407-0300] {dagbag.py:508} INFO - Filling up the DagBag from /home/juliana/Área de Trabalho/datapipeline/.env/lib/python3.8/site-packages/airflow/example_dags/example_kubernetes_executor.py
[2022-11-18T16:58:54.428-0300] {logging_mixin.py:115} INFO - [2022-11-18T16:58:54.428-0300] {example_kubernetes_executor.py:39} WARNING - The example_kubernetes_executor example DAG requires the kubernetes provider. Please install it with: pip install apache-airflow[cncf.kubernetes]
[2022-11-18T16:58:54.430-0300] {processor.py:652} WARNING - No viable dags retrieved from /home/juliana/Área de Trabalho/datapipeline/.env/lib/python3.8/site-packages/airflow/example_dags/example_kubernetes_executor.py
[2022-11-18T16:58:54.441-0300] {processor.py:161} INFO - Processing /home/juliana/Área de Trabalho/datapipeline/.env/lib/python3.8/site-packages/airflow/example_dags/example_kubernetes_executor.py took 0.044 seconds
[2022-11-18T16:59:31.179-0300] {processor.py:153} INFO - Started process (PID=3228) to work on /home/juliana/Área de Trabalho/datapipeline/.env/lib/python3.8/site-packages/airflow/example_dags/example_kubernetes_executor.py
[2022-11-18T16:59:31.181-0300] {processor.py:640} INFO - Processing file /home/juliana/Área de Trabalho/datapipeline/.env/lib/python3.8/site-packages/airflow/example_dags/example_kubernetes_executor.py for tasks to queue
[2022-11-18T16:59:31.182-0300] {logging_mixin.py:115} INFO - [2022-11-18T16:59:31.181-0300] {dagbag.py:508} INFO - Filling up the DagBag from /home/juliana/Área de Trabalho/datapipeline/.env/lib/python3.8/site-packages/airflow/example_dags/example_kubernetes_executor.py
[2022-11-18T16:59:31.197-0300] {logging_mixin.py:115} INFO - [2022-11-18T16:59:31.197-0300] {example_kubernetes_executor.py:39} WARNING - The example_kubernetes_executor example DAG requires the kubernetes provider. Please install it with: pip install apache-airflow[cncf.kubernetes]
[2022-11-18T16:59:31.197-0300] {processor.py:652} WARNING - No viable dags retrieved from /home/juliana/Área de Trabalho/datapipeline/.env/lib/python3.8/site-packages/airflow/example_dags/example_kubernetes_executor.py
[2022-11-18T16:59:31.206-0300] {processor.py:161} INFO - Processing /home/juliana/Área de Trabalho/datapipeline/.env/lib/python3.8/site-packages/airflow/example_dags/example_kubernetes_executor.py took 0.035 seconds
[2022-11-18T17:00:08.069-0300] {processor.py:153} INFO - Started process (PID=3449) to work on /home/juliana/Área de Trabalho/datapipeline/.env/lib/python3.8/site-packages/airflow/example_dags/example_kubernetes_executor.py
[2022-11-18T17:00:08.071-0300] {processor.py:640} INFO - Processing file /home/juliana/Área de Trabalho/datapipeline/.env/lib/python3.8/site-packages/airflow/example_dags/example_kubernetes_executor.py for tasks to queue
[2022-11-18T17:00:08.072-0300] {logging_mixin.py:115} INFO - [2022-11-18T17:00:08.072-0300] {dagbag.py:508} INFO - Filling up the DagBag from /home/juliana/Área de Trabalho/datapipeline/.env/lib/python3.8/site-packages/airflow/example_dags/example_kubernetes_executor.py
[2022-11-18T17:00:08.091-0300] {logging_mixin.py:115} INFO - [2022-11-18T17:00:08.091-0300] {example_kubernetes_executor.py:39} WARNING - The example_kubernetes_executor example DAG requires the kubernetes provider. Please install it with: pip install apache-airflow[cncf.kubernetes]
[2022-11-18T17:00:08.091-0300] {processor.py:652} WARNING - No viable dags retrieved from /home/juliana/Área de Trabalho/datapipeline/.env/lib/python3.8/site-packages/airflow/example_dags/example_kubernetes_executor.py
[2022-11-18T17:00:08.101-0300] {processor.py:161} INFO - Processing /home/juliana/Área de Trabalho/datapipeline/.env/lib/python3.8/site-packages/airflow/example_dags/example_kubernetes_executor.py took 0.038 seconds
[2022-11-18T17:00:43.398-0300] {processor.py:153} INFO - Started process (PID=3537) to work on /home/juliana/Área de Trabalho/datapipeline/.env/lib/python3.8/site-packages/airflow/example_dags/example_kubernetes_executor.py
[2022-11-18T17:00:43.400-0300] {processor.py:640} INFO - Processing file /home/juliana/Área de Trabalho/datapipeline/.env/lib/python3.8/site-packages/airflow/example_dags/example_kubernetes_executor.py for tasks to queue
[2022-11-18T17:00:43.401-0300] {logging_mixin.py:115} INFO - [2022-11-18T17:00:43.400-0300] {dagbag.py:508} INFO - Filling up the DagBag from /home/juliana/Área de Trabalho/datapipeline/.env/lib/python3.8/site-packages/airflow/example_dags/example_kubernetes_executor.py
[2022-11-18T17:00:43.416-0300] {logging_mixin.py:115} INFO - [2022-11-18T17:00:43.415-0300] {example_kubernetes_executor.py:39} WARNING - The example_kubernetes_executor example DAG requires the kubernetes provider. Please install it with: pip install apache-airflow[cncf.kubernetes]
[2022-11-18T17:00:43.416-0300] {processor.py:652} WARNING - No viable dags retrieved from /home/juliana/Área de Trabalho/datapipeline/.env/lib/python3.8/site-packages/airflow/example_dags/example_kubernetes_executor.py
[2022-11-18T17:00:43.425-0300] {processor.py:161} INFO - Processing /home/juliana/Área de Trabalho/datapipeline/.env/lib/python3.8/site-packages/airflow/example_dags/example_kubernetes_executor.py took 0.031 seconds
