[2022-11-18T16:17:12.412-0300] {processor.py:153} INFO - Started process (PID=4584) to work on /home/juliana/Área de Trabalho/datapipeline/.env/lib/python3.8/site-packages/airflow/example_dags/example_skip_dag.py
[2022-11-18T16:17:12.579-0300] {processor.py:640} INFO - Processing file /home/juliana/Área de Trabalho/datapipeline/.env/lib/python3.8/site-packages/airflow/example_dags/example_skip_dag.py for tasks to queue
[2022-11-18T16:17:12.603-0300] {logging_mixin.py:115} INFO - [2022-11-18T16:17:12.602-0300] {dagbag.py:508} INFO - Filling up the DagBag from /home/juliana/Área de Trabalho/datapipeline/.env/lib/python3.8/site-packages/airflow/example_dags/example_skip_dag.py
[2022-11-18T16:17:12.779-0300] {processor.py:650} INFO - DAG(s) dict_keys(['example_skip_dag']) retrieved from /home/juliana/Área de Trabalho/datapipeline/.env/lib/python3.8/site-packages/airflow/example_dags/example_skip_dag.py
[2022-11-18T16:17:15.955-0300] {logging_mixin.py:115} INFO - [2022-11-18T16:17:15.901-0300] {dag.py:2429} INFO - Sync 1 DAGs
[2022-11-18T16:17:16.453-0300] {logging_mixin.py:115} INFO - [2022-11-18T16:17:16.305-0300] {dag.py:2977} INFO - Setting next_dagrun for example_skip_dag to 2022-11-17T19:17:16.276616+00:00, run_after=2022-11-18T19:17:16.276616+00:00
[2022-11-18T16:17:23.347-0300] {processor.py:161} INFO - Processing /home/juliana/Área de Trabalho/datapipeline/.env/lib/python3.8/site-packages/airflow/example_dags/example_skip_dag.py took 11.039 seconds
[2022-11-18T16:36:08.869-0300] {processor.py:153} INFO - Started process (PID=4856) to work on /home/juliana/Área de Trabalho/datapipeline/.env/lib/python3.8/site-packages/airflow/example_dags/example_skip_dag.py
[2022-11-18T16:36:08.875-0300] {processor.py:640} INFO - Processing file /home/juliana/Área de Trabalho/datapipeline/.env/lib/python3.8/site-packages/airflow/example_dags/example_skip_dag.py for tasks to queue
[2022-11-18T16:36:08.876-0300] {logging_mixin.py:115} INFO - [2022-11-18T16:36:08.876-0300] {dagbag.py:508} INFO - Filling up the DagBag from /home/juliana/Área de Trabalho/datapipeline/.env/lib/python3.8/site-packages/airflow/example_dags/example_skip_dag.py
[2022-11-18T16:36:08.920-0300] {processor.py:650} INFO - DAG(s) dict_keys(['example_skip_dag']) retrieved from /home/juliana/Área de Trabalho/datapipeline/.env/lib/python3.8/site-packages/airflow/example_dags/example_skip_dag.py
[2022-11-18T16:36:09.044-0300] {logging_mixin.py:115} INFO - [2022-11-18T16:36:09.040-0300] {dag.py:2429} INFO - Sync 1 DAGs
[2022-11-18T16:36:09.224-0300] {logging_mixin.py:115} INFO - [2022-11-18T16:36:09.223-0300] {dag.py:2977} INFO - Setting next_dagrun for example_skip_dag to 2022-11-17T19:36:09.193766+00:00, run_after=2022-11-18T19:36:09.193766+00:00
[2022-11-18T16:36:09.359-0300] {processor.py:161} INFO - Processing /home/juliana/Área de Trabalho/datapipeline/.env/lib/python3.8/site-packages/airflow/example_dags/example_skip_dag.py took 0.495 seconds
[2022-11-18T16:56:58.362-0300] {processor.py:153} INFO - Started process (PID=2288) to work on /home/juliana/Área de Trabalho/datapipeline/.env/lib/python3.8/site-packages/airflow/example_dags/example_skip_dag.py
[2022-11-18T16:56:58.364-0300] {processor.py:640} INFO - Processing file /home/juliana/Área de Trabalho/datapipeline/.env/lib/python3.8/site-packages/airflow/example_dags/example_skip_dag.py for tasks to queue
[2022-11-18T16:56:58.365-0300] {logging_mixin.py:115} INFO - [2022-11-18T16:56:58.365-0300] {dagbag.py:508} INFO - Filling up the DagBag from /home/juliana/Área de Trabalho/datapipeline/.env/lib/python3.8/site-packages/airflow/example_dags/example_skip_dag.py
[2022-11-18T16:56:58.371-0300] {processor.py:650} INFO - DAG(s) dict_keys(['example_skip_dag']) retrieved from /home/juliana/Área de Trabalho/datapipeline/.env/lib/python3.8/site-packages/airflow/example_dags/example_skip_dag.py
[2022-11-18T16:56:58.420-0300] {logging_mixin.py:115} INFO - [2022-11-18T16:56:58.420-0300] {dag.py:2429} INFO - Sync 1 DAGs
[2022-11-18T16:56:58.465-0300] {logging_mixin.py:115} INFO - [2022-11-18T16:56:58.465-0300] {dag.py:2977} INFO - Setting next_dagrun for example_skip_dag to 2022-11-17T19:56:58.465329+00:00, run_after=2022-11-18T19:56:58.465329+00:00
[2022-11-18T16:56:58.499-0300] {processor.py:161} INFO - Processing /home/juliana/Área de Trabalho/datapipeline/.env/lib/python3.8/site-packages/airflow/example_dags/example_skip_dag.py took 0.145 seconds
[2022-11-18T16:57:34.748-0300] {processor.py:153} INFO - Started process (PID=2336) to work on /home/juliana/Área de Trabalho/datapipeline/.env/lib/python3.8/site-packages/airflow/example_dags/example_skip_dag.py
[2022-11-18T16:57:34.754-0300] {processor.py:640} INFO - Processing file /home/juliana/Área de Trabalho/datapipeline/.env/lib/python3.8/site-packages/airflow/example_dags/example_skip_dag.py for tasks to queue
[2022-11-18T16:57:34.755-0300] {logging_mixin.py:115} INFO - [2022-11-18T16:57:34.755-0300] {dagbag.py:508} INFO - Filling up the DagBag from /home/juliana/Área de Trabalho/datapipeline/.env/lib/python3.8/site-packages/airflow/example_dags/example_skip_dag.py
[2022-11-18T16:57:34.762-0300] {processor.py:650} INFO - DAG(s) dict_keys(['example_skip_dag']) retrieved from /home/juliana/Área de Trabalho/datapipeline/.env/lib/python3.8/site-packages/airflow/example_dags/example_skip_dag.py
[2022-11-18T16:57:34.779-0300] {logging_mixin.py:115} INFO - [2022-11-18T16:57:34.779-0300] {dag.py:2429} INFO - Sync 1 DAGs
[2022-11-18T16:57:34.797-0300] {logging_mixin.py:115} INFO - [2022-11-18T16:57:34.796-0300] {dag.py:2977} INFO - Setting next_dagrun for example_skip_dag to 2022-11-17T19:57:34.796691+00:00, run_after=2022-11-18T19:57:34.796691+00:00
[2022-11-18T16:57:34.811-0300] {processor.py:161} INFO - Processing /home/juliana/Área de Trabalho/datapipeline/.env/lib/python3.8/site-packages/airflow/example_dags/example_skip_dag.py took 0.068 seconds
[2022-11-18T16:58:09.394-0300] {processor.py:153} INFO - Started process (PID=2710) to work on /home/juliana/Área de Trabalho/datapipeline/.env/lib/python3.8/site-packages/airflow/example_dags/example_skip_dag.py
[2022-11-18T16:58:09.401-0300] {processor.py:640} INFO - Processing file /home/juliana/Área de Trabalho/datapipeline/.env/lib/python3.8/site-packages/airflow/example_dags/example_skip_dag.py for tasks to queue
[2022-11-18T16:58:09.401-0300] {logging_mixin.py:115} INFO - [2022-11-18T16:58:09.401-0300] {dagbag.py:508} INFO - Filling up the DagBag from /home/juliana/Área de Trabalho/datapipeline/.env/lib/python3.8/site-packages/airflow/example_dags/example_skip_dag.py
[2022-11-18T16:58:09.409-0300] {processor.py:650} INFO - DAG(s) dict_keys(['example_skip_dag']) retrieved from /home/juliana/Área de Trabalho/datapipeline/.env/lib/python3.8/site-packages/airflow/example_dags/example_skip_dag.py
[2022-11-18T16:58:09.425-0300] {logging_mixin.py:115} INFO - [2022-11-18T16:58:09.425-0300] {dag.py:2429} INFO - Sync 1 DAGs
[2022-11-18T16:58:09.441-0300] {logging_mixin.py:115} INFO - [2022-11-18T16:58:09.441-0300] {dag.py:2977} INFO - Setting next_dagrun for example_skip_dag to 2022-11-17T19:58:09.440890+00:00, run_after=2022-11-18T19:58:09.440890+00:00
[2022-11-18T16:58:09.466-0300] {processor.py:161} INFO - Processing /home/juliana/Área de Trabalho/datapipeline/.env/lib/python3.8/site-packages/airflow/example_dags/example_skip_dag.py took 0.075 seconds
[2022-11-18T16:58:43.872-0300] {processor.py:153} INFO - Started process (PID=2919) to work on /home/juliana/Área de Trabalho/datapipeline/.env/lib/python3.8/site-packages/airflow/example_dags/example_skip_dag.py
[2022-11-18T16:58:43.874-0300] {processor.py:640} INFO - Processing file /home/juliana/Área de Trabalho/datapipeline/.env/lib/python3.8/site-packages/airflow/example_dags/example_skip_dag.py for tasks to queue
[2022-11-18T16:58:43.875-0300] {logging_mixin.py:115} INFO - [2022-11-18T16:58:43.875-0300] {dagbag.py:508} INFO - Filling up the DagBag from /home/juliana/Área de Trabalho/datapipeline/.env/lib/python3.8/site-packages/airflow/example_dags/example_skip_dag.py
[2022-11-18T16:58:43.885-0300] {processor.py:650} INFO - DAG(s) dict_keys(['example_skip_dag']) retrieved from /home/juliana/Área de Trabalho/datapipeline/.env/lib/python3.8/site-packages/airflow/example_dags/example_skip_dag.py
[2022-11-18T16:58:43.911-0300] {logging_mixin.py:115} INFO - [2022-11-18T16:58:43.911-0300] {dag.py:2429} INFO - Sync 1 DAGs
[2022-11-18T16:58:43.947-0300] {logging_mixin.py:115} INFO - [2022-11-18T16:58:43.947-0300] {dag.py:2977} INFO - Setting next_dagrun for example_skip_dag to 2022-11-17T19:58:43.947125+00:00, run_after=2022-11-18T19:58:43.947125+00:00
[2022-11-18T16:58:43.974-0300] {processor.py:161} INFO - Processing /home/juliana/Área de Trabalho/datapipeline/.env/lib/python3.8/site-packages/airflow/example_dags/example_skip_dag.py took 0.111 seconds
[2022-11-18T16:59:18.650-0300] {processor.py:153} INFO - Started process (PID=3137) to work on /home/juliana/Área de Trabalho/datapipeline/.env/lib/python3.8/site-packages/airflow/example_dags/example_skip_dag.py
[2022-11-18T16:59:18.652-0300] {processor.py:640} INFO - Processing file /home/juliana/Área de Trabalho/datapipeline/.env/lib/python3.8/site-packages/airflow/example_dags/example_skip_dag.py for tasks to queue
[2022-11-18T16:59:18.653-0300] {logging_mixin.py:115} INFO - [2022-11-18T16:59:18.653-0300] {dagbag.py:508} INFO - Filling up the DagBag from /home/juliana/Área de Trabalho/datapipeline/.env/lib/python3.8/site-packages/airflow/example_dags/example_skip_dag.py
[2022-11-18T16:59:18.659-0300] {processor.py:650} INFO - DAG(s) dict_keys(['example_skip_dag']) retrieved from /home/juliana/Área de Trabalho/datapipeline/.env/lib/python3.8/site-packages/airflow/example_dags/example_skip_dag.py
[2022-11-18T16:59:18.677-0300] {logging_mixin.py:115} INFO - [2022-11-18T16:59:18.676-0300] {dag.py:2429} INFO - Sync 1 DAGs
[2022-11-18T16:59:18.693-0300] {logging_mixin.py:115} INFO - [2022-11-18T16:59:18.692-0300] {dag.py:2977} INFO - Setting next_dagrun for example_skip_dag to 2022-11-17T19:59:18.692586+00:00, run_after=2022-11-18T19:59:18.692586+00:00
[2022-11-18T16:59:18.721-0300] {processor.py:161} INFO - Processing /home/juliana/Área de Trabalho/datapipeline/.env/lib/python3.8/site-packages/airflow/example_dags/example_skip_dag.py took 0.076 seconds
[2022-11-18T16:59:53.769-0300] {processor.py:153} INFO - Started process (PID=3357) to work on /home/juliana/Área de Trabalho/datapipeline/.env/lib/python3.8/site-packages/airflow/example_dags/example_skip_dag.py
[2022-11-18T16:59:53.771-0300] {processor.py:640} INFO - Processing file /home/juliana/Área de Trabalho/datapipeline/.env/lib/python3.8/site-packages/airflow/example_dags/example_skip_dag.py for tasks to queue
[2022-11-18T16:59:53.772-0300] {logging_mixin.py:115} INFO - [2022-11-18T16:59:53.772-0300] {dagbag.py:508} INFO - Filling up the DagBag from /home/juliana/Área de Trabalho/datapipeline/.env/lib/python3.8/site-packages/airflow/example_dags/example_skip_dag.py
[2022-11-18T16:59:53.780-0300] {processor.py:650} INFO - DAG(s) dict_keys(['example_skip_dag']) retrieved from /home/juliana/Área de Trabalho/datapipeline/.env/lib/python3.8/site-packages/airflow/example_dags/example_skip_dag.py
[2022-11-18T16:59:53.799-0300] {logging_mixin.py:115} INFO - [2022-11-18T16:59:53.798-0300] {dag.py:2429} INFO - Sync 1 DAGs
[2022-11-18T16:59:53.816-0300] {logging_mixin.py:115} INFO - [2022-11-18T16:59:53.815-0300] {dag.py:2977} INFO - Setting next_dagrun for example_skip_dag to 2022-11-17T19:59:53.815656+00:00, run_after=2022-11-18T19:59:53.815656+00:00
[2022-11-18T16:59:53.835-0300] {processor.py:161} INFO - Processing /home/juliana/Área de Trabalho/datapipeline/.env/lib/python3.8/site-packages/airflow/example_dags/example_skip_dag.py took 0.070 seconds
[2022-11-18T17:00:30.214-0300] {processor.py:153} INFO - Started process (PID=3523) to work on /home/juliana/Área de Trabalho/datapipeline/.env/lib/python3.8/site-packages/airflow/example_dags/example_skip_dag.py
[2022-11-18T17:00:30.216-0300] {processor.py:640} INFO - Processing file /home/juliana/Área de Trabalho/datapipeline/.env/lib/python3.8/site-packages/airflow/example_dags/example_skip_dag.py for tasks to queue
[2022-11-18T17:00:30.216-0300] {logging_mixin.py:115} INFO - [2022-11-18T17:00:30.216-0300] {dagbag.py:508} INFO - Filling up the DagBag from /home/juliana/Área de Trabalho/datapipeline/.env/lib/python3.8/site-packages/airflow/example_dags/example_skip_dag.py
[2022-11-18T17:00:30.227-0300] {processor.py:650} INFO - DAG(s) dict_keys(['example_skip_dag']) retrieved from /home/juliana/Área de Trabalho/datapipeline/.env/lib/python3.8/site-packages/airflow/example_dags/example_skip_dag.py
[2022-11-18T17:00:30.243-0300] {logging_mixin.py:115} INFO - [2022-11-18T17:00:30.243-0300] {dag.py:2429} INFO - Sync 1 DAGs
[2022-11-18T17:00:30.259-0300] {logging_mixin.py:115} INFO - [2022-11-18T17:00:30.259-0300] {dag.py:2977} INFO - Setting next_dagrun for example_skip_dag to 2022-11-17T20:00:30.259176+00:00, run_after=2022-11-18T20:00:30.259176+00:00
[2022-11-18T17:00:30.282-0300] {processor.py:161} INFO - Processing /home/juliana/Área de Trabalho/datapipeline/.env/lib/python3.8/site-packages/airflow/example_dags/example_skip_dag.py took 0.071 seconds
