[2022-11-18T16:10:54.885-0300] {processor.py:153} INFO - Started process (PID=4549) to work on /home/juliana/Área de Trabalho/datapipeline/.env/lib/python3.8/site-packages/airflow/example_dags/example_trigger_target_dag.py
[2022-11-18T16:10:54.894-0300] {processor.py:640} INFO - Processing file /home/juliana/Área de Trabalho/datapipeline/.env/lib/python3.8/site-packages/airflow/example_dags/example_trigger_target_dag.py for tasks to queue
[2022-11-18T16:10:54.902-0300] {logging_mixin.py:115} INFO - [2022-11-18T16:10:54.895-0300] {dagbag.py:508} INFO - Filling up the DagBag from /home/juliana/Área de Trabalho/datapipeline/.env/lib/python3.8/site-packages/airflow/example_dags/example_trigger_target_dag.py
[2022-11-18T16:10:55.131-0300] {processor.py:650} INFO - DAG(s) dict_keys(['example_trigger_target_dag']) retrieved from /home/juliana/Área de Trabalho/datapipeline/.env/lib/python3.8/site-packages/airflow/example_dags/example_trigger_target_dag.py
[2022-11-18T16:10:55.608-0300] {logging_mixin.py:115} INFO - [2022-11-18T16:10:55.574-0300] {dag.py:2429} INFO - Sync 1 DAGs
[2022-11-18T16:10:56.042-0300] {logging_mixin.py:115} INFO - [2022-11-18T16:10:56.011-0300] {dag.py:2977} INFO - Setting next_dagrun for example_trigger_target_dag to None, run_after=None
[2022-11-18T16:10:56.313-0300] {processor.py:161} INFO - Processing /home/juliana/Área de Trabalho/datapipeline/.env/lib/python3.8/site-packages/airflow/example_dags/example_trigger_target_dag.py took 1.474 seconds
[2022-11-18T16:32:41.231-0300] {processor.py:153} INFO - Started process (PID=4766) to work on /home/juliana/Área de Trabalho/datapipeline/.env/lib/python3.8/site-packages/airflow/example_dags/example_trigger_target_dag.py
[2022-11-18T16:32:41.369-0300] {processor.py:640} INFO - Processing file /home/juliana/Área de Trabalho/datapipeline/.env/lib/python3.8/site-packages/airflow/example_dags/example_trigger_target_dag.py for tasks to queue
[2022-11-18T16:32:41.389-0300] {logging_mixin.py:115} INFO - [2022-11-18T16:32:41.389-0300] {dagbag.py:508} INFO - Filling up the DagBag from /home/juliana/Área de Trabalho/datapipeline/.env/lib/python3.8/site-packages/airflow/example_dags/example_trigger_target_dag.py
[2022-11-18T16:32:43.676-0300] {processor.py:650} INFO - DAG(s) dict_keys(['example_trigger_target_dag']) retrieved from /home/juliana/Área de Trabalho/datapipeline/.env/lib/python3.8/site-packages/airflow/example_dags/example_trigger_target_dag.py
[2022-11-18T16:32:45.372-0300] {logging_mixin.py:115} INFO - [2022-11-18T16:32:45.172-0300] {dag.py:2429} INFO - Sync 1 DAGs
[2022-11-18T16:32:49.933-0300] {logging_mixin.py:115} INFO - [2022-11-18T16:32:49.882-0300] {dag.py:2977} INFO - Setting next_dagrun for example_trigger_target_dag to None, run_after=None
[2022-11-18T16:32:53.969-0300] {processor.py:161} INFO - Processing /home/juliana/Área de Trabalho/datapipeline/.env/lib/python3.8/site-packages/airflow/example_dags/example_trigger_target_dag.py took 12.809 seconds
[2022-11-18T16:39:53.872-0300] {processor.py:153} INFO - Started process (PID=4950) to work on /home/juliana/Área de Trabalho/datapipeline/.env/lib/python3.8/site-packages/airflow/example_dags/example_trigger_target_dag.py
[2022-11-18T16:39:53.889-0300] {processor.py:640} INFO - Processing file /home/juliana/Área de Trabalho/datapipeline/.env/lib/python3.8/site-packages/airflow/example_dags/example_trigger_target_dag.py for tasks to queue
[2022-11-18T16:39:53.890-0300] {logging_mixin.py:115} INFO - [2022-11-18T16:39:53.889-0300] {dagbag.py:508} INFO - Filling up the DagBag from /home/juliana/Área de Trabalho/datapipeline/.env/lib/python3.8/site-packages/airflow/example_dags/example_trigger_target_dag.py
[2022-11-18T16:39:54.154-0300] {processor.py:650} INFO - DAG(s) dict_keys(['example_trigger_target_dag']) retrieved from /home/juliana/Área de Trabalho/datapipeline/.env/lib/python3.8/site-packages/airflow/example_dags/example_trigger_target_dag.py
[2022-11-18T16:39:54.409-0300] {logging_mixin.py:115} INFO - [2022-11-18T16:39:54.370-0300] {dag.py:2429} INFO - Sync 1 DAGs
[2022-11-18T16:40:03.002-0300] {logging_mixin.py:115} INFO - [2022-11-18T16:40:01.027-0300] {dag.py:2977} INFO - Setting next_dagrun for example_trigger_target_dag to None, run_after=None
[2022-11-18T16:40:35.455-0300] {processor.py:161} INFO - Processing /home/juliana/Área de Trabalho/datapipeline/.env/lib/python3.8/site-packages/airflow/example_dags/example_trigger_target_dag.py took 41.614 seconds
[2022-11-18T16:56:41.910-0300] {processor.py:153} INFO - Started process (PID=2187) to work on /home/juliana/Área de Trabalho/datapipeline/.env/lib/python3.8/site-packages/airflow/example_dags/example_trigger_target_dag.py
[2022-11-18T16:56:41.916-0300] {processor.py:640} INFO - Processing file /home/juliana/Área de Trabalho/datapipeline/.env/lib/python3.8/site-packages/airflow/example_dags/example_trigger_target_dag.py for tasks to queue
[2022-11-18T16:56:41.917-0300] {logging_mixin.py:115} INFO - [2022-11-18T16:56:41.917-0300] {dagbag.py:508} INFO - Filling up the DagBag from /home/juliana/Área de Trabalho/datapipeline/.env/lib/python3.8/site-packages/airflow/example_dags/example_trigger_target_dag.py
[2022-11-18T16:56:41.940-0300] {processor.py:650} INFO - DAG(s) dict_keys(['example_trigger_target_dag']) retrieved from /home/juliana/Área de Trabalho/datapipeline/.env/lib/python3.8/site-packages/airflow/example_dags/example_trigger_target_dag.py
[2022-11-18T16:56:41.956-0300] {logging_mixin.py:115} INFO - [2022-11-18T16:56:41.956-0300] {dag.py:2429} INFO - Sync 1 DAGs
[2022-11-18T16:56:41.975-0300] {logging_mixin.py:115} INFO - [2022-11-18T16:56:41.975-0300] {dag.py:2977} INFO - Setting next_dagrun for example_trigger_target_dag to None, run_after=None
[2022-11-18T16:56:41.990-0300] {processor.py:161} INFO - Processing /home/juliana/Área de Trabalho/datapipeline/.env/lib/python3.8/site-packages/airflow/example_dags/example_trigger_target_dag.py took 0.084 seconds
[2022-11-18T16:57:19.300-0300] {processor.py:153} INFO - Started process (PID=2311) to work on /home/juliana/Área de Trabalho/datapipeline/.env/lib/python3.8/site-packages/airflow/example_dags/example_trigger_target_dag.py
[2022-11-18T16:57:19.311-0300] {processor.py:640} INFO - Processing file /home/juliana/Área de Trabalho/datapipeline/.env/lib/python3.8/site-packages/airflow/example_dags/example_trigger_target_dag.py for tasks to queue
[2022-11-18T16:57:19.312-0300] {logging_mixin.py:115} INFO - [2022-11-18T16:57:19.312-0300] {dagbag.py:508} INFO - Filling up the DagBag from /home/juliana/Área de Trabalho/datapipeline/.env/lib/python3.8/site-packages/airflow/example_dags/example_trigger_target_dag.py
[2022-11-18T16:57:19.357-0300] {processor.py:650} INFO - DAG(s) dict_keys(['example_trigger_target_dag']) retrieved from /home/juliana/Área de Trabalho/datapipeline/.env/lib/python3.8/site-packages/airflow/example_dags/example_trigger_target_dag.py
[2022-11-18T16:57:19.392-0300] {logging_mixin.py:115} INFO - [2022-11-18T16:57:19.391-0300] {dag.py:2429} INFO - Sync 1 DAGs
[2022-11-18T16:57:19.408-0300] {logging_mixin.py:115} INFO - [2022-11-18T16:57:19.408-0300] {dag.py:2977} INFO - Setting next_dagrun for example_trigger_target_dag to None, run_after=None
[2022-11-18T16:57:19.426-0300] {processor.py:161} INFO - Processing /home/juliana/Área de Trabalho/datapipeline/.env/lib/python3.8/site-packages/airflow/example_dags/example_trigger_target_dag.py took 0.135 seconds
[2022-11-18T16:57:55.396-0300] {processor.py:153} INFO - Started process (PID=2613) to work on /home/juliana/Área de Trabalho/datapipeline/.env/lib/python3.8/site-packages/airflow/example_dags/example_trigger_target_dag.py
[2022-11-18T16:57:55.402-0300] {processor.py:640} INFO - Processing file /home/juliana/Área de Trabalho/datapipeline/.env/lib/python3.8/site-packages/airflow/example_dags/example_trigger_target_dag.py for tasks to queue
[2022-11-18T16:57:55.403-0300] {logging_mixin.py:115} INFO - [2022-11-18T16:57:55.402-0300] {dagbag.py:508} INFO - Filling up the DagBag from /home/juliana/Área de Trabalho/datapipeline/.env/lib/python3.8/site-packages/airflow/example_dags/example_trigger_target_dag.py
[2022-11-18T16:57:55.422-0300] {processor.py:650} INFO - DAG(s) dict_keys(['example_trigger_target_dag']) retrieved from /home/juliana/Área de Trabalho/datapipeline/.env/lib/python3.8/site-packages/airflow/example_dags/example_trigger_target_dag.py
[2022-11-18T16:57:55.438-0300] {logging_mixin.py:115} INFO - [2022-11-18T16:57:55.438-0300] {dag.py:2429} INFO - Sync 1 DAGs
[2022-11-18T16:57:55.452-0300] {logging_mixin.py:115} INFO - [2022-11-18T16:57:55.452-0300] {dag.py:2977} INFO - Setting next_dagrun for example_trigger_target_dag to None, run_after=None
[2022-11-18T16:57:55.468-0300] {processor.py:161} INFO - Processing /home/juliana/Área de Trabalho/datapipeline/.env/lib/python3.8/site-packages/airflow/example_dags/example_trigger_target_dag.py took 0.077 seconds
[2022-11-18T16:58:29.421-0300] {processor.py:153} INFO - Started process (PID=2840) to work on /home/juliana/Área de Trabalho/datapipeline/.env/lib/python3.8/site-packages/airflow/example_dags/example_trigger_target_dag.py
[2022-11-18T16:58:29.422-0300] {processor.py:640} INFO - Processing file /home/juliana/Área de Trabalho/datapipeline/.env/lib/python3.8/site-packages/airflow/example_dags/example_trigger_target_dag.py for tasks to queue
[2022-11-18T16:58:29.423-0300] {logging_mixin.py:115} INFO - [2022-11-18T16:58:29.423-0300] {dagbag.py:508} INFO - Filling up the DagBag from /home/juliana/Área de Trabalho/datapipeline/.env/lib/python3.8/site-packages/airflow/example_dags/example_trigger_target_dag.py
[2022-11-18T16:58:29.448-0300] {processor.py:650} INFO - DAG(s) dict_keys(['example_trigger_target_dag']) retrieved from /home/juliana/Área de Trabalho/datapipeline/.env/lib/python3.8/site-packages/airflow/example_dags/example_trigger_target_dag.py
[2022-11-18T16:58:29.467-0300] {logging_mixin.py:115} INFO - [2022-11-18T16:58:29.467-0300] {dag.py:2429} INFO - Sync 1 DAGs
[2022-11-18T16:58:29.485-0300] {logging_mixin.py:115} INFO - [2022-11-18T16:58:29.485-0300] {dag.py:2977} INFO - Setting next_dagrun for example_trigger_target_dag to None, run_after=None
[2022-11-18T16:58:29.503-0300] {processor.py:161} INFO - Processing /home/juliana/Área de Trabalho/datapipeline/.env/lib/python3.8/site-packages/airflow/example_dags/example_trigger_target_dag.py took 0.087 seconds
[2022-11-18T16:59:03.561-0300] {processor.py:153} INFO - Started process (PID=3044) to work on /home/juliana/Área de Trabalho/datapipeline/.env/lib/python3.8/site-packages/airflow/example_dags/example_trigger_target_dag.py
[2022-11-18T16:59:03.567-0300] {processor.py:640} INFO - Processing file /home/juliana/Área de Trabalho/datapipeline/.env/lib/python3.8/site-packages/airflow/example_dags/example_trigger_target_dag.py for tasks to queue
[2022-11-18T16:59:03.568-0300] {logging_mixin.py:115} INFO - [2022-11-18T16:59:03.568-0300] {dagbag.py:508} INFO - Filling up the DagBag from /home/juliana/Área de Trabalho/datapipeline/.env/lib/python3.8/site-packages/airflow/example_dags/example_trigger_target_dag.py
[2022-11-18T16:59:03.598-0300] {processor.py:650} INFO - DAG(s) dict_keys(['example_trigger_target_dag']) retrieved from /home/juliana/Área de Trabalho/datapipeline/.env/lib/python3.8/site-packages/airflow/example_dags/example_trigger_target_dag.py
[2022-11-18T16:59:03.616-0300] {logging_mixin.py:115} INFO - [2022-11-18T16:59:03.616-0300] {dag.py:2429} INFO - Sync 1 DAGs
[2022-11-18T16:59:03.630-0300] {logging_mixin.py:115} INFO - [2022-11-18T16:59:03.630-0300] {dag.py:2977} INFO - Setting next_dagrun for example_trigger_target_dag to None, run_after=None
[2022-11-18T16:59:03.646-0300] {processor.py:161} INFO - Processing /home/juliana/Área de Trabalho/datapipeline/.env/lib/python3.8/site-packages/airflow/example_dags/example_trigger_target_dag.py took 0.090 seconds
[2022-11-18T16:59:34.600-0300] {processor.py:153} INFO - Started process (PID=3231) to work on /home/juliana/Área de Trabalho/datapipeline/.env/lib/python3.8/site-packages/airflow/example_dags/example_trigger_target_dag.py
[2022-11-18T16:59:34.601-0300] {processor.py:640} INFO - Processing file /home/juliana/Área de Trabalho/datapipeline/.env/lib/python3.8/site-packages/airflow/example_dags/example_trigger_target_dag.py for tasks to queue
[2022-11-18T16:59:34.602-0300] {logging_mixin.py:115} INFO - [2022-11-18T16:59:34.602-0300] {dagbag.py:508} INFO - Filling up the DagBag from /home/juliana/Área de Trabalho/datapipeline/.env/lib/python3.8/site-packages/airflow/example_dags/example_trigger_target_dag.py
[2022-11-18T16:59:34.619-0300] {processor.py:650} INFO - DAG(s) dict_keys(['example_trigger_target_dag']) retrieved from /home/juliana/Área de Trabalho/datapipeline/.env/lib/python3.8/site-packages/airflow/example_dags/example_trigger_target_dag.py
[2022-11-18T16:59:34.635-0300] {logging_mixin.py:115} INFO - [2022-11-18T16:59:34.635-0300] {dag.py:2429} INFO - Sync 1 DAGs
[2022-11-18T16:59:34.649-0300] {logging_mixin.py:115} INFO - [2022-11-18T16:59:34.649-0300] {dag.py:2977} INFO - Setting next_dagrun for example_trigger_target_dag to None, run_after=None
[2022-11-18T16:59:34.665-0300] {processor.py:161} INFO - Processing /home/juliana/Área de Trabalho/datapipeline/.env/lib/python3.8/site-packages/airflow/example_dags/example_trigger_target_dag.py took 0.070 seconds
[2022-11-18T17:00:06.915-0300] {processor.py:153} INFO - Started process (PID=3448) to work on /home/juliana/Área de Trabalho/datapipeline/.env/lib/python3.8/site-packages/airflow/example_dags/example_trigger_target_dag.py
[2022-11-18T17:00:06.917-0300] {processor.py:640} INFO - Processing file /home/juliana/Área de Trabalho/datapipeline/.env/lib/python3.8/site-packages/airflow/example_dags/example_trigger_target_dag.py for tasks to queue
[2022-11-18T17:00:06.917-0300] {logging_mixin.py:115} INFO - [2022-11-18T17:00:06.917-0300] {dagbag.py:508} INFO - Filling up the DagBag from /home/juliana/Área de Trabalho/datapipeline/.env/lib/python3.8/site-packages/airflow/example_dags/example_trigger_target_dag.py
[2022-11-18T17:00:06.934-0300] {processor.py:650} INFO - DAG(s) dict_keys(['example_trigger_target_dag']) retrieved from /home/juliana/Área de Trabalho/datapipeline/.env/lib/python3.8/site-packages/airflow/example_dags/example_trigger_target_dag.py
[2022-11-18T17:00:06.949-0300] {logging_mixin.py:115} INFO - [2022-11-18T17:00:06.949-0300] {dag.py:2429} INFO - Sync 1 DAGs
[2022-11-18T17:00:06.964-0300] {logging_mixin.py:115} INFO - [2022-11-18T17:00:06.964-0300] {dag.py:2977} INFO - Setting next_dagrun for example_trigger_target_dag to None, run_after=None
[2022-11-18T17:00:06.993-0300] {processor.py:161} INFO - Processing /home/juliana/Área de Trabalho/datapipeline/.env/lib/python3.8/site-packages/airflow/example_dags/example_trigger_target_dag.py took 0.082 seconds
[2022-11-18T17:00:42.112-0300] {processor.py:153} INFO - Started process (PID=3535) to work on /home/juliana/Área de Trabalho/datapipeline/.env/lib/python3.8/site-packages/airflow/example_dags/example_trigger_target_dag.py
[2022-11-18T17:00:42.114-0300] {processor.py:640} INFO - Processing file /home/juliana/Área de Trabalho/datapipeline/.env/lib/python3.8/site-packages/airflow/example_dags/example_trigger_target_dag.py for tasks to queue
[2022-11-18T17:00:42.115-0300] {logging_mixin.py:115} INFO - [2022-11-18T17:00:42.115-0300] {dagbag.py:508} INFO - Filling up the DagBag from /home/juliana/Área de Trabalho/datapipeline/.env/lib/python3.8/site-packages/airflow/example_dags/example_trigger_target_dag.py
[2022-11-18T17:00:42.132-0300] {processor.py:650} INFO - DAG(s) dict_keys(['example_trigger_target_dag']) retrieved from /home/juliana/Área de Trabalho/datapipeline/.env/lib/python3.8/site-packages/airflow/example_dags/example_trigger_target_dag.py
[2022-11-18T17:00:42.148-0300] {logging_mixin.py:115} INFO - [2022-11-18T17:00:42.148-0300] {dag.py:2429} INFO - Sync 1 DAGs
[2022-11-18T17:00:42.161-0300] {logging_mixin.py:115} INFO - [2022-11-18T17:00:42.161-0300] {dag.py:2977} INFO - Setting next_dagrun for example_trigger_target_dag to None, run_after=None
[2022-11-18T17:00:42.182-0300] {processor.py:161} INFO - Processing /home/juliana/Área de Trabalho/datapipeline/.env/lib/python3.8/site-packages/airflow/example_dags/example_trigger_target_dag.py took 0.074 seconds
