[2022-11-18T16:18:15.648-0300] {processor.py:153} INFO - Started process (PID=4590) to work on /home/juliana/Área de Trabalho/datapipeline/.env/lib/python3.8/site-packages/airflow/example_dags/example_latest_only_with_trigger.py
[2022-11-18T16:18:15.955-0300] {processor.py:640} INFO - Processing file /home/juliana/Área de Trabalho/datapipeline/.env/lib/python3.8/site-packages/airflow/example_dags/example_latest_only_with_trigger.py for tasks to queue
[2022-11-18T16:18:16.451-0300] {logging_mixin.py:115} INFO - [2022-11-18T16:18:16.409-0300] {dagbag.py:508} INFO - Filling up the DagBag from /home/juliana/Área de Trabalho/datapipeline/.env/lib/python3.8/site-packages/airflow/example_dags/example_latest_only_with_trigger.py
[2022-11-18T16:18:18.324-0300] {processor.py:650} INFO - DAG(s) dict_keys(['latest_only_with_trigger']) retrieved from /home/juliana/Área de Trabalho/datapipeline/.env/lib/python3.8/site-packages/airflow/example_dags/example_latest_only_with_trigger.py
[2022-11-18T16:18:33.221-0300] {logging_mixin.py:115} INFO - [2022-11-18T16:18:30.471-0300] {dag.py:2429} INFO - Sync 1 DAGs
[2022-11-18T16:19:54.193-0300] {logging_mixin.py:115} INFO - [2022-11-18T16:19:52.118-0300] {dag.py:2977} INFO - Setting next_dagrun for latest_only_with_trigger to 2022-11-18T15:19:47.542973+00:00, run_after=2022-11-18T19:19:47.542973+00:00
[2022-11-18T16:22:31.652-0300] {processor.py:161} INFO - Processing /home/juliana/Área de Trabalho/datapipeline/.env/lib/python3.8/site-packages/airflow/example_dags/example_latest_only_with_trigger.py took 256.152 seconds
[2022-11-18T16:36:21.156-0300] {processor.py:153} INFO - Started process (PID=4864) to work on /home/juliana/Área de Trabalho/datapipeline/.env/lib/python3.8/site-packages/airflow/example_dags/example_latest_only_with_trigger.py
[2022-11-18T16:36:21.196-0300] {processor.py:640} INFO - Processing file /home/juliana/Área de Trabalho/datapipeline/.env/lib/python3.8/site-packages/airflow/example_dags/example_latest_only_with_trigger.py for tasks to queue
[2022-11-18T16:36:21.197-0300] {logging_mixin.py:115} INFO - [2022-11-18T16:36:21.197-0300] {dagbag.py:508} INFO - Filling up the DagBag from /home/juliana/Área de Trabalho/datapipeline/.env/lib/python3.8/site-packages/airflow/example_dags/example_latest_only_with_trigger.py
[2022-11-18T16:36:21.295-0300] {processor.py:650} INFO - DAG(s) dict_keys(['latest_only_with_trigger']) retrieved from /home/juliana/Área de Trabalho/datapipeline/.env/lib/python3.8/site-packages/airflow/example_dags/example_latest_only_with_trigger.py
[2022-11-18T16:36:21.559-0300] {logging_mixin.py:115} INFO - [2022-11-18T16:36:21.519-0300] {dag.py:2429} INFO - Sync 1 DAGs
[2022-11-18T16:36:24.086-0300] {logging_mixin.py:115} INFO - [2022-11-18T16:36:24.008-0300] {dag.py:2977} INFO - Setting next_dagrun for latest_only_with_trigger to 2022-11-18T15:36:23.566152+00:00, run_after=2022-11-18T19:36:23.566152+00:00
[2022-11-18T16:36:42.272-0300] {processor.py:161} INFO - Processing /home/juliana/Área de Trabalho/datapipeline/.env/lib/python3.8/site-packages/airflow/example_dags/example_latest_only_with_trigger.py took 21.178 seconds
[2022-11-18T16:57:00.940-0300] {processor.py:153} INFO - Started process (PID=2290) to work on /home/juliana/Área de Trabalho/datapipeline/.env/lib/python3.8/site-packages/airflow/example_dags/example_latest_only_with_trigger.py
[2022-11-18T16:57:00.942-0300] {processor.py:640} INFO - Processing file /home/juliana/Área de Trabalho/datapipeline/.env/lib/python3.8/site-packages/airflow/example_dags/example_latest_only_with_trigger.py for tasks to queue
[2022-11-18T16:57:00.943-0300] {logging_mixin.py:115} INFO - [2022-11-18T16:57:00.943-0300] {dagbag.py:508} INFO - Filling up the DagBag from /home/juliana/Área de Trabalho/datapipeline/.env/lib/python3.8/site-packages/airflow/example_dags/example_latest_only_with_trigger.py
[2022-11-18T16:57:00.956-0300] {processor.py:650} INFO - DAG(s) dict_keys(['latest_only_with_trigger']) retrieved from /home/juliana/Área de Trabalho/datapipeline/.env/lib/python3.8/site-packages/airflow/example_dags/example_latest_only_with_trigger.py
[2022-11-18T16:57:00.976-0300] {logging_mixin.py:115} INFO - [2022-11-18T16:57:00.976-0300] {dag.py:2429} INFO - Sync 1 DAGs
[2022-11-18T16:57:01.002-0300] {logging_mixin.py:115} INFO - [2022-11-18T16:57:01.002-0300] {dag.py:2977} INFO - Setting next_dagrun for latest_only_with_trigger to 2022-11-18T15:57:01.001969+00:00, run_after=2022-11-18T19:57:01.001969+00:00
[2022-11-18T16:57:01.020-0300] {processor.py:161} INFO - Processing /home/juliana/Área de Trabalho/datapipeline/.env/lib/python3.8/site-packages/airflow/example_dags/example_latest_only_with_trigger.py took 0.084 seconds
[2022-11-18T16:57:36.293-0300] {processor.py:153} INFO - Started process (PID=2338) to work on /home/juliana/Área de Trabalho/datapipeline/.env/lib/python3.8/site-packages/airflow/example_dags/example_latest_only_with_trigger.py
[2022-11-18T16:57:36.294-0300] {processor.py:640} INFO - Processing file /home/juliana/Área de Trabalho/datapipeline/.env/lib/python3.8/site-packages/airflow/example_dags/example_latest_only_with_trigger.py for tasks to queue
[2022-11-18T16:57:36.295-0300] {logging_mixin.py:115} INFO - [2022-11-18T16:57:36.294-0300] {dagbag.py:508} INFO - Filling up the DagBag from /home/juliana/Área de Trabalho/datapipeline/.env/lib/python3.8/site-packages/airflow/example_dags/example_latest_only_with_trigger.py
[2022-11-18T16:57:36.302-0300] {processor.py:650} INFO - DAG(s) dict_keys(['latest_only_with_trigger']) retrieved from /home/juliana/Área de Trabalho/datapipeline/.env/lib/python3.8/site-packages/airflow/example_dags/example_latest_only_with_trigger.py
[2022-11-18T16:57:36.317-0300] {logging_mixin.py:115} INFO - [2022-11-18T16:57:36.317-0300] {dag.py:2429} INFO - Sync 1 DAGs
[2022-11-18T16:57:36.335-0300] {logging_mixin.py:115} INFO - [2022-11-18T16:57:36.335-0300] {dag.py:2977} INFO - Setting next_dagrun for latest_only_with_trigger to 2022-11-18T15:57:36.335397+00:00, run_after=2022-11-18T19:57:36.335397+00:00
[2022-11-18T16:57:36.355-0300] {processor.py:161} INFO - Processing /home/juliana/Área de Trabalho/datapipeline/.env/lib/python3.8/site-packages/airflow/example_dags/example_latest_only_with_trigger.py took 0.067 seconds
[2022-11-18T16:58:11.041-0300] {processor.py:153} INFO - Started process (PID=2716) to work on /home/juliana/Área de Trabalho/datapipeline/.env/lib/python3.8/site-packages/airflow/example_dags/example_latest_only_with_trigger.py
[2022-11-18T16:58:11.044-0300] {processor.py:640} INFO - Processing file /home/juliana/Área de Trabalho/datapipeline/.env/lib/python3.8/site-packages/airflow/example_dags/example_latest_only_with_trigger.py for tasks to queue
[2022-11-18T16:58:11.045-0300] {logging_mixin.py:115} INFO - [2022-11-18T16:58:11.045-0300] {dagbag.py:508} INFO - Filling up the DagBag from /home/juliana/Área de Trabalho/datapipeline/.env/lib/python3.8/site-packages/airflow/example_dags/example_latest_only_with_trigger.py
[2022-11-18T16:58:11.055-0300] {processor.py:650} INFO - DAG(s) dict_keys(['latest_only_with_trigger']) retrieved from /home/juliana/Área de Trabalho/datapipeline/.env/lib/python3.8/site-packages/airflow/example_dags/example_latest_only_with_trigger.py
[2022-11-18T16:58:11.072-0300] {logging_mixin.py:115} INFO - [2022-11-18T16:58:11.072-0300] {dag.py:2429} INFO - Sync 1 DAGs
[2022-11-18T16:58:11.091-0300] {logging_mixin.py:115} INFO - [2022-11-18T16:58:11.090-0300] {dag.py:2977} INFO - Setting next_dagrun for latest_only_with_trigger to 2022-11-18T15:58:11.090747+00:00, run_after=2022-11-18T19:58:11.090747+00:00
[2022-11-18T16:58:11.107-0300] {processor.py:161} INFO - Processing /home/juliana/Área de Trabalho/datapipeline/.env/lib/python3.8/site-packages/airflow/example_dags/example_latest_only_with_trigger.py took 0.071 seconds
[2022-11-18T16:58:46.343-0300] {processor.py:153} INFO - Started process (PID=2946) to work on /home/juliana/Área de Trabalho/datapipeline/.env/lib/python3.8/site-packages/airflow/example_dags/example_latest_only_with_trigger.py
[2022-11-18T16:58:46.344-0300] {processor.py:640} INFO - Processing file /home/juliana/Área de Trabalho/datapipeline/.env/lib/python3.8/site-packages/airflow/example_dags/example_latest_only_with_trigger.py for tasks to queue
[2022-11-18T16:58:46.345-0300] {logging_mixin.py:115} INFO - [2022-11-18T16:58:46.345-0300] {dagbag.py:508} INFO - Filling up the DagBag from /home/juliana/Área de Trabalho/datapipeline/.env/lib/python3.8/site-packages/airflow/example_dags/example_latest_only_with_trigger.py
[2022-11-18T16:58:46.354-0300] {processor.py:650} INFO - DAG(s) dict_keys(['latest_only_with_trigger']) retrieved from /home/juliana/Área de Trabalho/datapipeline/.env/lib/python3.8/site-packages/airflow/example_dags/example_latest_only_with_trigger.py
[2022-11-18T16:58:46.369-0300] {logging_mixin.py:115} INFO - [2022-11-18T16:58:46.369-0300] {dag.py:2429} INFO - Sync 1 DAGs
[2022-11-18T16:58:46.386-0300] {logging_mixin.py:115} INFO - [2022-11-18T16:58:46.385-0300] {dag.py:2977} INFO - Setting next_dagrun for latest_only_with_trigger to 2022-11-18T15:58:46.385627+00:00, run_after=2022-11-18T19:58:46.385627+00:00
[2022-11-18T16:58:46.406-0300] {processor.py:161} INFO - Processing /home/juliana/Área de Trabalho/datapipeline/.env/lib/python3.8/site-packages/airflow/example_dags/example_latest_only_with_trigger.py took 0.067 seconds
[2022-11-18T16:59:20.385-0300] {processor.py:153} INFO - Started process (PID=3165) to work on /home/juliana/Área de Trabalho/datapipeline/.env/lib/python3.8/site-packages/airflow/example_dags/example_latest_only_with_trigger.py
[2022-11-18T16:59:20.386-0300] {processor.py:640} INFO - Processing file /home/juliana/Área de Trabalho/datapipeline/.env/lib/python3.8/site-packages/airflow/example_dags/example_latest_only_with_trigger.py for tasks to queue
[2022-11-18T16:59:20.386-0300] {logging_mixin.py:115} INFO - [2022-11-18T16:59:20.386-0300] {dagbag.py:508} INFO - Filling up the DagBag from /home/juliana/Área de Trabalho/datapipeline/.env/lib/python3.8/site-packages/airflow/example_dags/example_latest_only_with_trigger.py
[2022-11-18T16:59:20.393-0300] {processor.py:650} INFO - DAG(s) dict_keys(['latest_only_with_trigger']) retrieved from /home/juliana/Área de Trabalho/datapipeline/.env/lib/python3.8/site-packages/airflow/example_dags/example_latest_only_with_trigger.py
[2022-11-18T16:59:20.409-0300] {logging_mixin.py:115} INFO - [2022-11-18T16:59:20.408-0300] {dag.py:2429} INFO - Sync 1 DAGs
[2022-11-18T16:59:20.425-0300] {logging_mixin.py:115} INFO - [2022-11-18T16:59:20.425-0300] {dag.py:2977} INFO - Setting next_dagrun for latest_only_with_trigger to 2022-11-18T15:59:20.424854+00:00, run_after=2022-11-18T19:59:20.424854+00:00
[2022-11-18T16:59:20.444-0300] {processor.py:161} INFO - Processing /home/juliana/Área de Trabalho/datapipeline/.env/lib/python3.8/site-packages/airflow/example_dags/example_latest_only_with_trigger.py took 0.063 seconds
[2022-11-18T16:59:55.605-0300] {processor.py:153} INFO - Started process (PID=3381) to work on /home/juliana/Área de Trabalho/datapipeline/.env/lib/python3.8/site-packages/airflow/example_dags/example_latest_only_with_trigger.py
[2022-11-18T16:59:55.609-0300] {processor.py:640} INFO - Processing file /home/juliana/Área de Trabalho/datapipeline/.env/lib/python3.8/site-packages/airflow/example_dags/example_latest_only_with_trigger.py for tasks to queue
[2022-11-18T16:59:55.609-0300] {logging_mixin.py:115} INFO - [2022-11-18T16:59:55.609-0300] {dagbag.py:508} INFO - Filling up the DagBag from /home/juliana/Área de Trabalho/datapipeline/.env/lib/python3.8/site-packages/airflow/example_dags/example_latest_only_with_trigger.py
[2022-11-18T16:59:55.618-0300] {processor.py:650} INFO - DAG(s) dict_keys(['latest_only_with_trigger']) retrieved from /home/juliana/Área de Trabalho/datapipeline/.env/lib/python3.8/site-packages/airflow/example_dags/example_latest_only_with_trigger.py
[2022-11-18T16:59:55.644-0300] {logging_mixin.py:115} INFO - [2022-11-18T16:59:55.643-0300] {dag.py:2429} INFO - Sync 1 DAGs
[2022-11-18T16:59:55.684-0300] {logging_mixin.py:115} INFO - [2022-11-18T16:59:55.684-0300] {dag.py:2977} INFO - Setting next_dagrun for latest_only_with_trigger to 2022-11-18T15:59:55.683802+00:00, run_after=2022-11-18T19:59:55.683802+00:00
[2022-11-18T16:59:55.711-0300] {processor.py:161} INFO - Processing /home/juliana/Área de Trabalho/datapipeline/.env/lib/python3.8/site-packages/airflow/example_dags/example_latest_only_with_trigger.py took 0.113 seconds
[2022-11-18T17:00:31.836-0300] {processor.py:153} INFO - Started process (PID=3525) to work on /home/juliana/Área de Trabalho/datapipeline/.env/lib/python3.8/site-packages/airflow/example_dags/example_latest_only_with_trigger.py
[2022-11-18T17:00:31.837-0300] {processor.py:640} INFO - Processing file /home/juliana/Área de Trabalho/datapipeline/.env/lib/python3.8/site-packages/airflow/example_dags/example_latest_only_with_trigger.py for tasks to queue
[2022-11-18T17:00:31.837-0300] {logging_mixin.py:115} INFO - [2022-11-18T17:00:31.837-0300] {dagbag.py:508} INFO - Filling up the DagBag from /home/juliana/Área de Trabalho/datapipeline/.env/lib/python3.8/site-packages/airflow/example_dags/example_latest_only_with_trigger.py
[2022-11-18T17:00:31.852-0300] {processor.py:650} INFO - DAG(s) dict_keys(['latest_only_with_trigger']) retrieved from /home/juliana/Área de Trabalho/datapipeline/.env/lib/python3.8/site-packages/airflow/example_dags/example_latest_only_with_trigger.py
[2022-11-18T17:00:31.884-0300] {logging_mixin.py:115} INFO - [2022-11-18T17:00:31.884-0300] {dag.py:2429} INFO - Sync 1 DAGs
[2022-11-18T17:00:31.920-0300] {logging_mixin.py:115} INFO - [2022-11-18T17:00:31.920-0300] {dag.py:2977} INFO - Setting next_dagrun for latest_only_with_trigger to 2022-11-18T16:00:31.920104+00:00, run_after=2022-11-18T20:00:31.920104+00:00
[2022-11-18T17:00:31.953-0300] {processor.py:161} INFO - Processing /home/juliana/Área de Trabalho/datapipeline/.env/lib/python3.8/site-packages/airflow/example_dags/example_latest_only_with_trigger.py took 0.121 seconds
