[2022-11-18T16:15:44.959-0300] {processor.py:153} INFO - Started process (PID=4566) to work on /home/juliana/Área de Trabalho/datapipeline/.env/lib/python3.8/site-packages/airflow/example_dags/example_sla_dag.py
[2022-11-18T16:15:44.962-0300] {processor.py:640} INFO - Processing file /home/juliana/Área de Trabalho/datapipeline/.env/lib/python3.8/site-packages/airflow/example_dags/example_sla_dag.py for tasks to queue
[2022-11-18T16:15:44.963-0300] {logging_mixin.py:115} INFO - [2022-11-18T16:15:44.962-0300] {dagbag.py:508} INFO - Filling up the DagBag from /home/juliana/Área de Trabalho/datapipeline/.env/lib/python3.8/site-packages/airflow/example_dags/example_sla_dag.py
[2022-11-18T16:15:45.179-0300] {processor.py:650} INFO - DAG(s) dict_keys(['example_sla_dag']) retrieved from /home/juliana/Área de Trabalho/datapipeline/.env/lib/python3.8/site-packages/airflow/example_dags/example_sla_dag.py
[2022-11-18T16:15:45.418-0300] {logging_mixin.py:115} INFO - [2022-11-18T16:15:45.417-0300] {dag.py:2429} INFO - Sync 1 DAGs
[2022-11-18T16:15:45.629-0300] {logging_mixin.py:115} INFO - [2022-11-18T16:15:45.626-0300] {dag.py:2977} INFO - Setting next_dagrun for example_sla_dag to 2022-11-18T19:12:00+00:00, run_after=2022-11-18T19:14:00+00:00
[2022-11-18T16:15:45.797-0300] {processor.py:161} INFO - Processing /home/juliana/Área de Trabalho/datapipeline/.env/lib/python3.8/site-packages/airflow/example_dags/example_sla_dag.py took 0.867 seconds
[2022-11-18T16:33:49.696-0300] {processor.py:153} INFO - Started process (PID=4802) to work on /home/juliana/Área de Trabalho/datapipeline/.env/lib/python3.8/site-packages/airflow/example_dags/example_sla_dag.py
[2022-11-18T16:33:49.719-0300] {processor.py:640} INFO - Processing file /home/juliana/Área de Trabalho/datapipeline/.env/lib/python3.8/site-packages/airflow/example_dags/example_sla_dag.py for tasks to queue
[2022-11-18T16:33:49.721-0300] {logging_mixin.py:115} INFO - [2022-11-18T16:33:49.720-0300] {dagbag.py:508} INFO - Filling up the DagBag from /home/juliana/Área de Trabalho/datapipeline/.env/lib/python3.8/site-packages/airflow/example_dags/example_sla_dag.py
[2022-11-18T16:33:49.940-0300] {processor.py:650} INFO - DAG(s) dict_keys(['example_sla_dag']) retrieved from /home/juliana/Área de Trabalho/datapipeline/.env/lib/python3.8/site-packages/airflow/example_dags/example_sla_dag.py
[2022-11-18T16:33:51.929-0300] {logging_mixin.py:115} INFO - [2022-11-18T16:33:51.722-0300] {dag.py:2429} INFO - Sync 1 DAGs
[2022-11-18T16:34:03.149-0300] {logging_mixin.py:115} INFO - [2022-11-18T16:34:03.147-0300] {dag.py:2977} INFO - Setting next_dagrun for example_sla_dag to 2022-11-18T19:30:00+00:00, run_after=2022-11-18T19:32:00+00:00
[2022-11-18T16:34:22.944-0300] {processor.py:161} INFO - Processing /home/juliana/Área de Trabalho/datapipeline/.env/lib/python3.8/site-packages/airflow/example_dags/example_sla_dag.py took 33.259 seconds
[2022-11-18T16:44:05.096-0300] {processor.py:153} INFO - Started process (PID=5004) to work on /home/juliana/Área de Trabalho/datapipeline/.env/lib/python3.8/site-packages/airflow/example_dags/example_sla_dag.py
[2022-11-18T16:44:05.101-0300] {processor.py:640} INFO - Processing file /home/juliana/Área de Trabalho/datapipeline/.env/lib/python3.8/site-packages/airflow/example_dags/example_sla_dag.py for tasks to queue
[2022-11-18T16:44:05.119-0300] {logging_mixin.py:115} INFO - [2022-11-18T16:44:05.103-0300] {dagbag.py:508} INFO - Filling up the DagBag from /home/juliana/Área de Trabalho/datapipeline/.env/lib/python3.8/site-packages/airflow/example_dags/example_sla_dag.py
[2022-11-18T16:44:05.416-0300] {processor.py:650} INFO - DAG(s) dict_keys(['example_sla_dag']) retrieved from /home/juliana/Área de Trabalho/datapipeline/.env/lib/python3.8/site-packages/airflow/example_dags/example_sla_dag.py
[2022-11-18T16:44:05.794-0300] {logging_mixin.py:115} INFO - [2022-11-18T16:44:05.719-0300] {dag.py:2429} INFO - Sync 1 DAGs
[2022-11-18T16:44:06.307-0300] {logging_mixin.py:115} INFO - [2022-11-18T16:44:06.273-0300] {dag.py:2977} INFO - Setting next_dagrun for example_sla_dag to 2022-11-18T19:42:00+00:00, run_after=2022-11-18T19:44:00+00:00
[2022-11-18T16:44:07.019-0300] {processor.py:161} INFO - Processing /home/juliana/Área de Trabalho/datapipeline/.env/lib/python3.8/site-packages/airflow/example_dags/example_sla_dag.py took 1.973 seconds
[2022-11-18T16:56:49.371-0300] {processor.py:153} INFO - Started process (PID=2202) to work on /home/juliana/Área de Trabalho/datapipeline/.env/lib/python3.8/site-packages/airflow/example_dags/example_sla_dag.py
[2022-11-18T16:56:49.382-0300] {processor.py:640} INFO - Processing file /home/juliana/Área de Trabalho/datapipeline/.env/lib/python3.8/site-packages/airflow/example_dags/example_sla_dag.py for tasks to queue
[2022-11-18T16:56:49.382-0300] {logging_mixin.py:115} INFO - [2022-11-18T16:56:49.382-0300] {dagbag.py:508} INFO - Filling up the DagBag from /home/juliana/Área de Trabalho/datapipeline/.env/lib/python3.8/site-packages/airflow/example_dags/example_sla_dag.py
[2022-11-18T16:56:49.412-0300] {processor.py:650} INFO - DAG(s) dict_keys(['example_sla_dag']) retrieved from /home/juliana/Área de Trabalho/datapipeline/.env/lib/python3.8/site-packages/airflow/example_dags/example_sla_dag.py
[2022-11-18T16:56:49.431-0300] {logging_mixin.py:115} INFO - [2022-11-18T16:56:49.431-0300] {dag.py:2429} INFO - Sync 1 DAGs
[2022-11-18T16:56:49.451-0300] {logging_mixin.py:115} INFO - [2022-11-18T16:56:49.451-0300] {dag.py:2977} INFO - Setting next_dagrun for example_sla_dag to 2022-11-18T19:54:00+00:00, run_after=2022-11-18T19:56:00+00:00
[2022-11-18T16:56:49.468-0300] {processor.py:161} INFO - Processing /home/juliana/Área de Trabalho/datapipeline/.env/lib/python3.8/site-packages/airflow/example_dags/example_sla_dag.py took 0.100 seconds
[2022-11-18T16:57:26.999-0300] {processor.py:153} INFO - Started process (PID=2323) to work on /home/juliana/Área de Trabalho/datapipeline/.env/lib/python3.8/site-packages/airflow/example_dags/example_sla_dag.py
[2022-11-18T16:57:27.007-0300] {processor.py:640} INFO - Processing file /home/juliana/Área de Trabalho/datapipeline/.env/lib/python3.8/site-packages/airflow/example_dags/example_sla_dag.py for tasks to queue
[2022-11-18T16:57:27.008-0300] {logging_mixin.py:115} INFO - [2022-11-18T16:57:27.008-0300] {dagbag.py:508} INFO - Filling up the DagBag from /home/juliana/Área de Trabalho/datapipeline/.env/lib/python3.8/site-packages/airflow/example_dags/example_sla_dag.py
[2022-11-18T16:57:27.031-0300] {processor.py:650} INFO - DAG(s) dict_keys(['example_sla_dag']) retrieved from /home/juliana/Área de Trabalho/datapipeline/.env/lib/python3.8/site-packages/airflow/example_dags/example_sla_dag.py
[2022-11-18T16:57:27.052-0300] {logging_mixin.py:115} INFO - [2022-11-18T16:57:27.052-0300] {dag.py:2429} INFO - Sync 1 DAGs
[2022-11-18T16:57:27.075-0300] {logging_mixin.py:115} INFO - [2022-11-18T16:57:27.075-0300] {dag.py:2977} INFO - Setting next_dagrun for example_sla_dag to 2022-11-18T19:54:00+00:00, run_after=2022-11-18T19:56:00+00:00
[2022-11-18T16:57:27.091-0300] {processor.py:161} INFO - Processing /home/juliana/Área de Trabalho/datapipeline/.env/lib/python3.8/site-packages/airflow/example_dags/example_sla_dag.py took 0.100 seconds
[2022-11-18T16:58:02.386-0300] {processor.py:153} INFO - Started process (PID=2647) to work on /home/juliana/Área de Trabalho/datapipeline/.env/lib/python3.8/site-packages/airflow/example_dags/example_sla_dag.py
[2022-11-18T16:58:02.389-0300] {processor.py:640} INFO - Processing file /home/juliana/Área de Trabalho/datapipeline/.env/lib/python3.8/site-packages/airflow/example_dags/example_sla_dag.py for tasks to queue
[2022-11-18T16:58:02.390-0300] {logging_mixin.py:115} INFO - [2022-11-18T16:58:02.390-0300] {dagbag.py:508} INFO - Filling up the DagBag from /home/juliana/Área de Trabalho/datapipeline/.env/lib/python3.8/site-packages/airflow/example_dags/example_sla_dag.py
[2022-11-18T16:58:02.446-0300] {processor.py:650} INFO - DAG(s) dict_keys(['example_sla_dag']) retrieved from /home/juliana/Área de Trabalho/datapipeline/.env/lib/python3.8/site-packages/airflow/example_dags/example_sla_dag.py
[2022-11-18T16:58:02.482-0300] {logging_mixin.py:115} INFO - [2022-11-18T16:58:02.482-0300] {dag.py:2429} INFO - Sync 1 DAGs
[2022-11-18T16:58:02.519-0300] {logging_mixin.py:115} INFO - [2022-11-18T16:58:02.519-0300] {dag.py:2977} INFO - Setting next_dagrun for example_sla_dag to 2022-11-18T19:56:00+00:00, run_after=2022-11-18T19:58:00+00:00
[2022-11-18T16:58:02.544-0300] {processor.py:161} INFO - Processing /home/juliana/Área de Trabalho/datapipeline/.env/lib/python3.8/site-packages/airflow/example_dags/example_sla_dag.py took 0.167 seconds
[2022-11-18T16:58:37.103-0300] {processor.py:153} INFO - Started process (PID=2879) to work on /home/juliana/Área de Trabalho/datapipeline/.env/lib/python3.8/site-packages/airflow/example_dags/example_sla_dag.py
[2022-11-18T16:58:37.104-0300] {processor.py:640} INFO - Processing file /home/juliana/Área de Trabalho/datapipeline/.env/lib/python3.8/site-packages/airflow/example_dags/example_sla_dag.py for tasks to queue
[2022-11-18T16:58:37.105-0300] {logging_mixin.py:115} INFO - [2022-11-18T16:58:37.105-0300] {dagbag.py:508} INFO - Filling up the DagBag from /home/juliana/Área de Trabalho/datapipeline/.env/lib/python3.8/site-packages/airflow/example_dags/example_sla_dag.py
[2022-11-18T16:58:37.135-0300] {processor.py:650} INFO - DAG(s) dict_keys(['example_sla_dag']) retrieved from /home/juliana/Área de Trabalho/datapipeline/.env/lib/python3.8/site-packages/airflow/example_dags/example_sla_dag.py
[2022-11-18T16:58:37.151-0300] {logging_mixin.py:115} INFO - [2022-11-18T16:58:37.150-0300] {dag.py:2429} INFO - Sync 1 DAGs
[2022-11-18T16:58:37.170-0300] {logging_mixin.py:115} INFO - [2022-11-18T16:58:37.169-0300] {dag.py:2977} INFO - Setting next_dagrun for example_sla_dag to 2022-11-18T19:56:00+00:00, run_after=2022-11-18T19:58:00+00:00
[2022-11-18T16:58:37.186-0300] {processor.py:161} INFO - Processing /home/juliana/Área de Trabalho/datapipeline/.env/lib/python3.8/site-packages/airflow/example_dags/example_sla_dag.py took 0.089 seconds
[2022-11-18T16:59:10.896-0300] {processor.py:153} INFO - Started process (PID=3104) to work on /home/juliana/Área de Trabalho/datapipeline/.env/lib/python3.8/site-packages/airflow/example_dags/example_sla_dag.py
[2022-11-18T16:59:10.897-0300] {processor.py:640} INFO - Processing file /home/juliana/Área de Trabalho/datapipeline/.env/lib/python3.8/site-packages/airflow/example_dags/example_sla_dag.py for tasks to queue
[2022-11-18T16:59:10.898-0300] {logging_mixin.py:115} INFO - [2022-11-18T16:59:10.898-0300] {dagbag.py:508} INFO - Filling up the DagBag from /home/juliana/Área de Trabalho/datapipeline/.env/lib/python3.8/site-packages/airflow/example_dags/example_sla_dag.py
[2022-11-18T16:59:10.918-0300] {processor.py:650} INFO - DAG(s) dict_keys(['example_sla_dag']) retrieved from /home/juliana/Área de Trabalho/datapipeline/.env/lib/python3.8/site-packages/airflow/example_dags/example_sla_dag.py
[2022-11-18T16:59:10.942-0300] {logging_mixin.py:115} INFO - [2022-11-18T16:59:10.942-0300] {dag.py:2429} INFO - Sync 1 DAGs
[2022-11-18T16:59:10.958-0300] {logging_mixin.py:115} INFO - [2022-11-18T16:59:10.958-0300] {dag.py:2977} INFO - Setting next_dagrun for example_sla_dag to 2022-11-18T19:56:00+00:00, run_after=2022-11-18T19:58:00+00:00
[2022-11-18T16:59:10.977-0300] {processor.py:161} INFO - Processing /home/juliana/Área de Trabalho/datapipeline/.env/lib/python3.8/site-packages/airflow/example_dags/example_sla_dag.py took 0.086 seconds
[2022-11-18T16:59:46.200-0300] {processor.py:153} INFO - Started process (PID=3324) to work on /home/juliana/Área de Trabalho/datapipeline/.env/lib/python3.8/site-packages/airflow/example_dags/example_sla_dag.py
[2022-11-18T16:59:46.201-0300] {processor.py:640} INFO - Processing file /home/juliana/Área de Trabalho/datapipeline/.env/lib/python3.8/site-packages/airflow/example_dags/example_sla_dag.py for tasks to queue
[2022-11-18T16:59:46.202-0300] {logging_mixin.py:115} INFO - [2022-11-18T16:59:46.202-0300] {dagbag.py:508} INFO - Filling up the DagBag from /home/juliana/Área de Trabalho/datapipeline/.env/lib/python3.8/site-packages/airflow/example_dags/example_sla_dag.py
[2022-11-18T16:59:46.224-0300] {processor.py:650} INFO - DAG(s) dict_keys(['example_sla_dag']) retrieved from /home/juliana/Área de Trabalho/datapipeline/.env/lib/python3.8/site-packages/airflow/example_dags/example_sla_dag.py
[2022-11-18T16:59:46.240-0300] {logging_mixin.py:115} INFO - [2022-11-18T16:59:46.240-0300] {dag.py:2429} INFO - Sync 1 DAGs
[2022-11-18T16:59:46.256-0300] {logging_mixin.py:115} INFO - [2022-11-18T16:59:46.256-0300] {dag.py:2977} INFO - Setting next_dagrun for example_sla_dag to 2022-11-18T19:56:00+00:00, run_after=2022-11-18T19:58:00+00:00
[2022-11-18T16:59:46.276-0300] {processor.py:161} INFO - Processing /home/juliana/Área de Trabalho/datapipeline/.env/lib/python3.8/site-packages/airflow/example_dags/example_sla_dag.py took 0.082 seconds
[2022-11-18T17:00:21.422-0300] {processor.py:153} INFO - Started process (PID=3514) to work on /home/juliana/Área de Trabalho/datapipeline/.env/lib/python3.8/site-packages/airflow/example_dags/example_sla_dag.py
[2022-11-18T17:00:21.423-0300] {processor.py:640} INFO - Processing file /home/juliana/Área de Trabalho/datapipeline/.env/lib/python3.8/site-packages/airflow/example_dags/example_sla_dag.py for tasks to queue
[2022-11-18T17:00:21.424-0300] {logging_mixin.py:115} INFO - [2022-11-18T17:00:21.424-0300] {dagbag.py:508} INFO - Filling up the DagBag from /home/juliana/Área de Trabalho/datapipeline/.env/lib/python3.8/site-packages/airflow/example_dags/example_sla_dag.py
[2022-11-18T17:00:21.446-0300] {processor.py:650} INFO - DAG(s) dict_keys(['example_sla_dag']) retrieved from /home/juliana/Área de Trabalho/datapipeline/.env/lib/python3.8/site-packages/airflow/example_dags/example_sla_dag.py
[2022-11-18T17:00:21.462-0300] {logging_mixin.py:115} INFO - [2022-11-18T17:00:21.462-0300] {dag.py:2429} INFO - Sync 1 DAGs
[2022-11-18T17:00:21.481-0300] {logging_mixin.py:115} INFO - [2022-11-18T17:00:21.481-0300] {dag.py:2977} INFO - Setting next_dagrun for example_sla_dag to 2022-11-18T19:58:00+00:00, run_after=2022-11-18T20:00:00+00:00
[2022-11-18T17:00:21.497-0300] {processor.py:161} INFO - Processing /home/juliana/Área de Trabalho/datapipeline/.env/lib/python3.8/site-packages/airflow/example_dags/example_sla_dag.py took 0.080 seconds
[2022-11-18T17:00:55.192-0300] {processor.py:153} INFO - Started process (PID=3585) to work on /home/juliana/Área de Trabalho/datapipeline/.env/lib/python3.8/site-packages/airflow/example_dags/example_sla_dag.py
[2022-11-18T17:00:55.195-0300] {processor.py:640} INFO - Processing file /home/juliana/Área de Trabalho/datapipeline/.env/lib/python3.8/site-packages/airflow/example_dags/example_sla_dag.py for tasks to queue
[2022-11-18T17:00:55.197-0300] {logging_mixin.py:115} INFO - [2022-11-18T17:00:55.195-0300] {dagbag.py:508} INFO - Filling up the DagBag from /home/juliana/Área de Trabalho/datapipeline/.env/lib/python3.8/site-packages/airflow/example_dags/example_sla_dag.py
[2022-11-18T17:00:55.241-0300] {processor.py:650} INFO - DAG(s) dict_keys(['example_sla_dag']) retrieved from /home/juliana/Área de Trabalho/datapipeline/.env/lib/python3.8/site-packages/airflow/example_dags/example_sla_dag.py
[2022-11-18T17:00:55.283-0300] {logging_mixin.py:115} INFO - [2022-11-18T17:00:55.283-0300] {dag.py:2429} INFO - Sync 1 DAGs
[2022-11-18T17:00:55.320-0300] {logging_mixin.py:115} INFO - [2022-11-18T17:00:55.319-0300] {dag.py:2977} INFO - Setting next_dagrun for example_sla_dag to 2022-11-18T19:58:00+00:00, run_after=2022-11-18T20:00:00+00:00
[2022-11-18T17:00:55.354-0300] {processor.py:161} INFO - Processing /home/juliana/Área de Trabalho/datapipeline/.env/lib/python3.8/site-packages/airflow/example_dags/example_sla_dag.py took 0.171 seconds
