[2022-11-18T16:24:28.319-0300] {processor.py:153} INFO - Started process (PID=4650) to work on /home/juliana/Área de Trabalho/datapipeline/.env/lib/python3.8/site-packages/airflow/example_dags/example_subdag_operator.py
[2022-11-18T16:24:28.325-0300] {processor.py:640} INFO - Processing file /home/juliana/Área de Trabalho/datapipeline/.env/lib/python3.8/site-packages/airflow/example_dags/example_subdag_operator.py for tasks to queue
[2022-11-18T16:24:28.326-0300] {logging_mixin.py:115} INFO - [2022-11-18T16:24:28.326-0300] {dagbag.py:508} INFO - Filling up the DagBag from /home/juliana/Área de Trabalho/datapipeline/.env/lib/python3.8/site-packages/airflow/example_dags/example_subdag_operator.py
[2022-11-18T16:24:32.090-0300] {processor.py:650} INFO - DAG(s) dict_keys(['example_subdag_operator.section-1', 'example_subdag_operator.section-2', 'example_subdag_operator']) retrieved from /home/juliana/Área de Trabalho/datapipeline/.env/lib/python3.8/site-packages/airflow/example_dags/example_subdag_operator.py
[2022-11-18T16:24:47.037-0300] {logging_mixin.py:115} WARNING - /home/juliana/Área de Trabalho/datapipeline/.env/lib/python3.8/site-packages/airflow/plugins_manager.py:256 DeprecationWarning: This decorator is deprecated.

In previous versions, all subclasses of BaseOperator must use apply_default decorator for the `default_args` feature to work properly.

In current version, it is optional. The decorator is applied automatically using the metaclass.
[2022-11-18T16:26:49.608-0300] {logging_mixin.py:115} INFO - [2022-11-18T16:26:48.287-0300] {dag.py:2429} INFO - Sync 3 DAGs
[2022-11-18T16:27:24.065-0300] {logging_mixin.py:115} INFO - [2022-11-18T16:27:22.885-0300] {dag.py:2977} INFO - Setting next_dagrun for example_subdag_operator to 2022-01-01T00:00:00+00:00, run_after=2022-01-01T00:00:00+00:00
[2022-11-18T16:27:28.536-0300] {logging_mixin.py:115} INFO - [2022-11-18T16:27:26.305-0300] {dag.py:2977} INFO - Setting next_dagrun for example_subdag_operator.section-1 to None, run_after=None
[2022-11-18T16:27:32.675-0300] {logging_mixin.py:115} INFO - [2022-11-18T16:27:29.597-0300] {dag.py:2977} INFO - Setting next_dagrun for example_subdag_operator.section-2 to None, run_after=None
[2022-11-18T16:27:43.267-0300] {logging_mixin.py:115} INFO - [2022-11-18T16:27:42.878-0300] {dag.py:2429} INFO - Sync 2 DAGs
[2022-11-18T16:27:46.260-0300] {logging_mixin.py:115} INFO - [2022-11-18T16:27:45.585-0300] {dag.py:2977} INFO - Setting next_dagrun for example_subdag_operator.section-1 to None, run_after=None
[2022-11-18T16:27:51.184-0300] {logging_mixin.py:115} INFO - [2022-11-18T16:27:49.524-0300] {dag.py:2977} INFO - Setting next_dagrun for example_subdag_operator.section-2 to None, run_after=None
[2022-11-18T16:28:27.394-0300] {processor.py:161} INFO - Processing /home/juliana/Área de Trabalho/datapipeline/.env/lib/python3.8/site-packages/airflow/example_dags/example_subdag_operator.py took 239.089 seconds
[2022-11-18T16:38:31.359-0300] {processor.py:153} INFO - Started process (PID=4916) to work on /home/juliana/Área de Trabalho/datapipeline/.env/lib/python3.8/site-packages/airflow/example_dags/example_subdag_operator.py
[2022-11-18T16:38:31.370-0300] {processor.py:640} INFO - Processing file /home/juliana/Área de Trabalho/datapipeline/.env/lib/python3.8/site-packages/airflow/example_dags/example_subdag_operator.py for tasks to queue
[2022-11-18T16:38:31.371-0300] {logging_mixin.py:115} INFO - [2022-11-18T16:38:31.370-0300] {dagbag.py:508} INFO - Filling up the DagBag from /home/juliana/Área de Trabalho/datapipeline/.env/lib/python3.8/site-packages/airflow/example_dags/example_subdag_operator.py
[2022-11-18T16:38:32.337-0300] {processor.py:650} INFO - DAG(s) dict_keys(['example_subdag_operator.section-1', 'example_subdag_operator.section-2', 'example_subdag_operator']) retrieved from /home/juliana/Área de Trabalho/datapipeline/.env/lib/python3.8/site-packages/airflow/example_dags/example_subdag_operator.py
[2022-11-18T16:38:37.243-0300] {logging_mixin.py:115} WARNING - /home/juliana/Área de Trabalho/datapipeline/.env/lib/python3.8/site-packages/airflow/plugins_manager.py:256 DeprecationWarning: This decorator is deprecated.

In previous versions, all subclasses of BaseOperator must use apply_default decorator for the `default_args` feature to work properly.

In current version, it is optional. The decorator is applied automatically using the metaclass.
[2022-11-18T16:39:05.993-0300] {logging_mixin.py:115} INFO - [2022-11-18T16:39:05.982-0300] {dag.py:2429} INFO - Sync 3 DAGs
[2022-11-18T16:39:12.070-0300] {logging_mixin.py:115} INFO - [2022-11-18T16:39:10.875-0300] {dag.py:2977} INFO - Setting next_dagrun for example_subdag_operator to 2022-01-01T00:00:00+00:00, run_after=2022-01-01T00:00:00+00:00
[2022-11-18T16:39:12.078-0300] {logging_mixin.py:115} INFO - [2022-11-18T16:39:12.078-0300] {dag.py:2977} INFO - Setting next_dagrun for example_subdag_operator.section-1 to None, run_after=None
[2022-11-18T16:39:12.079-0300] {logging_mixin.py:115} INFO - [2022-11-18T16:39:12.079-0300] {dag.py:2977} INFO - Setting next_dagrun for example_subdag_operator.section-2 to None, run_after=None
[2022-11-18T16:39:26.589-0300] {logging_mixin.py:115} INFO - [2022-11-18T16:39:26.380-0300] {dag.py:2429} INFO - Sync 2 DAGs
[2022-11-18T16:39:28.093-0300] {logging_mixin.py:115} INFO - [2022-11-18T16:39:26.894-0300] {dag.py:2977} INFO - Setting next_dagrun for example_subdag_operator.section-1 to None, run_after=None
[2022-11-18T16:39:28.164-0300] {logging_mixin.py:115} INFO - [2022-11-18T16:39:28.160-0300] {dag.py:2977} INFO - Setting next_dagrun for example_subdag_operator.section-2 to None, run_after=None
[2022-11-18T16:39:33.610-0300] {processor.py:161} INFO - Processing /home/juliana/Área de Trabalho/datapipeline/.env/lib/python3.8/site-packages/airflow/example_dags/example_subdag_operator.py took 62.275 seconds
[2022-11-18T16:57:11.128-0300] {processor.py:153} INFO - Started process (PID=2301) to work on /home/juliana/Área de Trabalho/datapipeline/.env/lib/python3.8/site-packages/airflow/example_dags/example_subdag_operator.py
[2022-11-18T16:57:11.130-0300] {processor.py:640} INFO - Processing file /home/juliana/Área de Trabalho/datapipeline/.env/lib/python3.8/site-packages/airflow/example_dags/example_subdag_operator.py for tasks to queue
[2022-11-18T16:57:11.131-0300] {logging_mixin.py:115} INFO - [2022-11-18T16:57:11.131-0300] {dagbag.py:508} INFO - Filling up the DagBag from /home/juliana/Área de Trabalho/datapipeline/.env/lib/python3.8/site-packages/airflow/example_dags/example_subdag_operator.py
[2022-11-18T16:57:11.161-0300] {processor.py:650} INFO - DAG(s) dict_keys(['example_subdag_operator.section-1', 'example_subdag_operator.section-2', 'example_subdag_operator']) retrieved from /home/juliana/Área de Trabalho/datapipeline/.env/lib/python3.8/site-packages/airflow/example_dags/example_subdag_operator.py
[2022-11-18T16:57:11.179-0300] {logging_mixin.py:115} WARNING - /home/juliana/Área de Trabalho/datapipeline/.env/lib/python3.8/site-packages/airflow/plugins_manager.py:256 DeprecationWarning: This decorator is deprecated.

In previous versions, all subclasses of BaseOperator must use apply_default decorator for the `default_args` feature to work properly.

In current version, it is optional. The decorator is applied automatically using the metaclass.
[2022-11-18T16:57:11.313-0300] {logging_mixin.py:115} INFO - [2022-11-18T16:57:11.313-0300] {dag.py:2429} INFO - Sync 3 DAGs
[2022-11-18T16:57:11.331-0300] {logging_mixin.py:115} INFO - [2022-11-18T16:57:11.331-0300] {dag.py:2977} INFO - Setting next_dagrun for example_subdag_operator to 2022-01-01T00:00:00+00:00, run_after=2022-01-01T00:00:00+00:00
[2022-11-18T16:57:11.331-0300] {logging_mixin.py:115} INFO - [2022-11-18T16:57:11.331-0300] {dag.py:2977} INFO - Setting next_dagrun for example_subdag_operator.section-1 to None, run_after=None
[2022-11-18T16:57:11.331-0300] {logging_mixin.py:115} INFO - [2022-11-18T16:57:11.331-0300] {dag.py:2977} INFO - Setting next_dagrun for example_subdag_operator.section-2 to None, run_after=None
[2022-11-18T16:57:11.335-0300] {logging_mixin.py:115} INFO - [2022-11-18T16:57:11.335-0300] {dag.py:2429} INFO - Sync 2 DAGs
[2022-11-18T16:57:11.339-0300] {logging_mixin.py:115} INFO - [2022-11-18T16:57:11.339-0300] {dag.py:2977} INFO - Setting next_dagrun for example_subdag_operator.section-1 to None, run_after=None
[2022-11-18T16:57:11.339-0300] {logging_mixin.py:115} INFO - [2022-11-18T16:57:11.339-0300] {dag.py:2977} INFO - Setting next_dagrun for example_subdag_operator.section-2 to None, run_after=None
[2022-11-18T16:57:11.360-0300] {processor.py:161} INFO - Processing /home/juliana/Área de Trabalho/datapipeline/.env/lib/python3.8/site-packages/airflow/example_dags/example_subdag_operator.py took 0.237 seconds
[2022-11-18T16:57:47.850-0300] {processor.py:153} INFO - Started process (PID=2519) to work on /home/juliana/Área de Trabalho/datapipeline/.env/lib/python3.8/site-packages/airflow/example_dags/example_subdag_operator.py
[2022-11-18T16:57:47.857-0300] {processor.py:640} INFO - Processing file /home/juliana/Área de Trabalho/datapipeline/.env/lib/python3.8/site-packages/airflow/example_dags/example_subdag_operator.py for tasks to queue
[2022-11-18T16:57:47.857-0300] {logging_mixin.py:115} INFO - [2022-11-18T16:57:47.857-0300] {dagbag.py:508} INFO - Filling up the DagBag from /home/juliana/Área de Trabalho/datapipeline/.env/lib/python3.8/site-packages/airflow/example_dags/example_subdag_operator.py
[2022-11-18T16:57:47.920-0300] {processor.py:650} INFO - DAG(s) dict_keys(['example_subdag_operator.section-1', 'example_subdag_operator.section-2', 'example_subdag_operator']) retrieved from /home/juliana/Área de Trabalho/datapipeline/.env/lib/python3.8/site-packages/airflow/example_dags/example_subdag_operator.py
[2022-11-18T16:57:47.989-0300] {logging_mixin.py:115} WARNING - /home/juliana/Área de Trabalho/datapipeline/.env/lib/python3.8/site-packages/airflow/plugins_manager.py:256 DeprecationWarning: This decorator is deprecated.

In previous versions, all subclasses of BaseOperator must use apply_default decorator for the `default_args` feature to work properly.

In current version, it is optional. The decorator is applied automatically using the metaclass.
[2022-11-18T16:57:48.224-0300] {logging_mixin.py:115} INFO - [2022-11-18T16:57:48.224-0300] {dag.py:2429} INFO - Sync 3 DAGs
[2022-11-18T16:57:48.281-0300] {logging_mixin.py:115} INFO - [2022-11-18T16:57:48.281-0300] {dag.py:2977} INFO - Setting next_dagrun for example_subdag_operator to 2022-01-01T00:00:00+00:00, run_after=2022-01-01T00:00:00+00:00
[2022-11-18T16:57:48.281-0300] {logging_mixin.py:115} INFO - [2022-11-18T16:57:48.281-0300] {dag.py:2977} INFO - Setting next_dagrun for example_subdag_operator.section-1 to None, run_after=None
[2022-11-18T16:57:48.282-0300] {logging_mixin.py:115} INFO - [2022-11-18T16:57:48.282-0300] {dag.py:2977} INFO - Setting next_dagrun for example_subdag_operator.section-2 to None, run_after=None
[2022-11-18T16:57:48.291-0300] {logging_mixin.py:115} INFO - [2022-11-18T16:57:48.291-0300] {dag.py:2429} INFO - Sync 2 DAGs
[2022-11-18T16:57:48.300-0300] {logging_mixin.py:115} INFO - [2022-11-18T16:57:48.299-0300] {dag.py:2977} INFO - Setting next_dagrun for example_subdag_operator.section-1 to None, run_after=None
[2022-11-18T16:57:48.301-0300] {logging_mixin.py:115} INFO - [2022-11-18T16:57:48.301-0300] {dag.py:2977} INFO - Setting next_dagrun for example_subdag_operator.section-2 to None, run_after=None
[2022-11-18T16:57:48.314-0300] {processor.py:161} INFO - Processing /home/juliana/Área de Trabalho/datapipeline/.env/lib/python3.8/site-packages/airflow/example_dags/example_subdag_operator.py took 0.469 seconds
[2022-11-18T16:58:23.033-0300] {processor.py:153} INFO - Started process (PID=2780) to work on /home/juliana/Área de Trabalho/datapipeline/.env/lib/python3.8/site-packages/airflow/example_dags/example_subdag_operator.py
[2022-11-18T16:58:23.035-0300] {processor.py:640} INFO - Processing file /home/juliana/Área de Trabalho/datapipeline/.env/lib/python3.8/site-packages/airflow/example_dags/example_subdag_operator.py for tasks to queue
[2022-11-18T16:58:23.036-0300] {logging_mixin.py:115} INFO - [2022-11-18T16:58:23.036-0300] {dagbag.py:508} INFO - Filling up the DagBag from /home/juliana/Área de Trabalho/datapipeline/.env/lib/python3.8/site-packages/airflow/example_dags/example_subdag_operator.py
[2022-11-18T16:58:23.073-0300] {processor.py:650} INFO - DAG(s) dict_keys(['example_subdag_operator.section-1', 'example_subdag_operator.section-2', 'example_subdag_operator']) retrieved from /home/juliana/Área de Trabalho/datapipeline/.env/lib/python3.8/site-packages/airflow/example_dags/example_subdag_operator.py
[2022-11-18T16:58:23.091-0300] {logging_mixin.py:115} WARNING - /home/juliana/Área de Trabalho/datapipeline/.env/lib/python3.8/site-packages/airflow/plugins_manager.py:256 DeprecationWarning: This decorator is deprecated.

In previous versions, all subclasses of BaseOperator must use apply_default decorator for the `default_args` feature to work properly.

In current version, it is optional. The decorator is applied automatically using the metaclass.
[2022-11-18T16:58:23.168-0300] {logging_mixin.py:115} INFO - [2022-11-18T16:58:23.168-0300] {dag.py:2429} INFO - Sync 3 DAGs
[2022-11-18T16:58:23.189-0300] {logging_mixin.py:115} INFO - [2022-11-18T16:58:23.189-0300] {dag.py:2977} INFO - Setting next_dagrun for example_subdag_operator to 2022-01-01T00:00:00+00:00, run_after=2022-01-01T00:00:00+00:00
[2022-11-18T16:58:23.192-0300] {logging_mixin.py:115} INFO - [2022-11-18T16:58:23.192-0300] {dag.py:2977} INFO - Setting next_dagrun for example_subdag_operator.section-1 to None, run_after=None
[2022-11-18T16:58:23.192-0300] {logging_mixin.py:115} INFO - [2022-11-18T16:58:23.192-0300] {dag.py:2977} INFO - Setting next_dagrun for example_subdag_operator.section-2 to None, run_after=None
[2022-11-18T16:58:23.204-0300] {logging_mixin.py:115} INFO - [2022-11-18T16:58:23.196-0300] {dag.py:2429} INFO - Sync 2 DAGs
[2022-11-18T16:58:23.208-0300] {logging_mixin.py:115} INFO - [2022-11-18T16:58:23.207-0300] {dag.py:2977} INFO - Setting next_dagrun for example_subdag_operator.section-1 to None, run_after=None
[2022-11-18T16:58:23.208-0300] {logging_mixin.py:115} INFO - [2022-11-18T16:58:23.208-0300] {dag.py:2977} INFO - Setting next_dagrun for example_subdag_operator.section-2 to None, run_after=None
[2022-11-18T16:58:23.223-0300] {processor.py:161} INFO - Processing /home/juliana/Área de Trabalho/datapipeline/.env/lib/python3.8/site-packages/airflow/example_dags/example_subdag_operator.py took 0.201 seconds
[2022-11-18T16:58:59.543-0300] {processor.py:153} INFO - Started process (PID=3040) to work on /home/juliana/Área de Trabalho/datapipeline/.env/lib/python3.8/site-packages/airflow/example_dags/example_subdag_operator.py
[2022-11-18T16:58:59.545-0300] {processor.py:640} INFO - Processing file /home/juliana/Área de Trabalho/datapipeline/.env/lib/python3.8/site-packages/airflow/example_dags/example_subdag_operator.py for tasks to queue
[2022-11-18T16:58:59.546-0300] {logging_mixin.py:115} INFO - [2022-11-18T16:58:59.546-0300] {dagbag.py:508} INFO - Filling up the DagBag from /home/juliana/Área de Trabalho/datapipeline/.env/lib/python3.8/site-packages/airflow/example_dags/example_subdag_operator.py
[2022-11-18T16:58:59.568-0300] {processor.py:650} INFO - DAG(s) dict_keys(['example_subdag_operator.section-1', 'example_subdag_operator.section-2', 'example_subdag_operator']) retrieved from /home/juliana/Área de Trabalho/datapipeline/.env/lib/python3.8/site-packages/airflow/example_dags/example_subdag_operator.py
[2022-11-18T16:58:59.589-0300] {logging_mixin.py:115} WARNING - /home/juliana/Área de Trabalho/datapipeline/.env/lib/python3.8/site-packages/airflow/plugins_manager.py:256 DeprecationWarning: This decorator is deprecated.

In previous versions, all subclasses of BaseOperator must use apply_default decorator for the `default_args` feature to work properly.

In current version, it is optional. The decorator is applied automatically using the metaclass.
[2022-11-18T16:58:59.647-0300] {logging_mixin.py:115} INFO - [2022-11-18T16:58:59.646-0300] {dag.py:2429} INFO - Sync 3 DAGs
[2022-11-18T16:58:59.659-0300] {logging_mixin.py:115} INFO - [2022-11-18T16:58:59.659-0300] {dag.py:2977} INFO - Setting next_dagrun for example_subdag_operator to 2022-01-01T00:00:00+00:00, run_after=2022-01-01T00:00:00+00:00
[2022-11-18T16:58:59.660-0300] {logging_mixin.py:115} INFO - [2022-11-18T16:58:59.660-0300] {dag.py:2977} INFO - Setting next_dagrun for example_subdag_operator.section-1 to None, run_after=None
[2022-11-18T16:58:59.660-0300] {logging_mixin.py:115} INFO - [2022-11-18T16:58:59.660-0300] {dag.py:2977} INFO - Setting next_dagrun for example_subdag_operator.section-2 to None, run_after=None
[2022-11-18T16:58:59.664-0300] {logging_mixin.py:115} INFO - [2022-11-18T16:58:59.664-0300] {dag.py:2429} INFO - Sync 2 DAGs
[2022-11-18T16:58:59.667-0300] {logging_mixin.py:115} INFO - [2022-11-18T16:58:59.667-0300] {dag.py:2977} INFO - Setting next_dagrun for example_subdag_operator.section-1 to None, run_after=None
[2022-11-18T16:58:59.667-0300] {logging_mixin.py:115} INFO - [2022-11-18T16:58:59.667-0300] {dag.py:2977} INFO - Setting next_dagrun for example_subdag_operator.section-2 to None, run_after=None
[2022-11-18T16:58:59.685-0300] {processor.py:161} INFO - Processing /home/juliana/Área de Trabalho/datapipeline/.env/lib/python3.8/site-packages/airflow/example_dags/example_subdag_operator.py took 0.144 seconds
[2022-11-18T16:59:35.754-0300] {processor.py:153} INFO - Started process (PID=3258) to work on /home/juliana/Área de Trabalho/datapipeline/.env/lib/python3.8/site-packages/airflow/example_dags/example_subdag_operator.py
[2022-11-18T16:59:35.755-0300] {processor.py:640} INFO - Processing file /home/juliana/Área de Trabalho/datapipeline/.env/lib/python3.8/site-packages/airflow/example_dags/example_subdag_operator.py for tasks to queue
[2022-11-18T16:59:35.756-0300] {logging_mixin.py:115} INFO - [2022-11-18T16:59:35.756-0300] {dagbag.py:508} INFO - Filling up the DagBag from /home/juliana/Área de Trabalho/datapipeline/.env/lib/python3.8/site-packages/airflow/example_dags/example_subdag_operator.py
[2022-11-18T16:59:35.778-0300] {processor.py:650} INFO - DAG(s) dict_keys(['example_subdag_operator.section-1', 'example_subdag_operator.section-2', 'example_subdag_operator']) retrieved from /home/juliana/Área de Trabalho/datapipeline/.env/lib/python3.8/site-packages/airflow/example_dags/example_subdag_operator.py
[2022-11-18T16:59:35.795-0300] {logging_mixin.py:115} WARNING - /home/juliana/Área de Trabalho/datapipeline/.env/lib/python3.8/site-packages/airflow/plugins_manager.py:256 DeprecationWarning: This decorator is deprecated.

In previous versions, all subclasses of BaseOperator must use apply_default decorator for the `default_args` feature to work properly.

In current version, it is optional. The decorator is applied automatically using the metaclass.
[2022-11-18T16:59:35.852-0300] {logging_mixin.py:115} INFO - [2022-11-18T16:59:35.852-0300] {dag.py:2429} INFO - Sync 3 DAGs
[2022-11-18T16:59:35.869-0300] {logging_mixin.py:115} INFO - [2022-11-18T16:59:35.869-0300] {dag.py:2977} INFO - Setting next_dagrun for example_subdag_operator to 2022-01-01T00:00:00+00:00, run_after=2022-01-01T00:00:00+00:00
[2022-11-18T16:59:35.869-0300] {logging_mixin.py:115} INFO - [2022-11-18T16:59:35.869-0300] {dag.py:2977} INFO - Setting next_dagrun for example_subdag_operator.section-1 to None, run_after=None
[2022-11-18T16:59:35.870-0300] {logging_mixin.py:115} INFO - [2022-11-18T16:59:35.869-0300] {dag.py:2977} INFO - Setting next_dagrun for example_subdag_operator.section-2 to None, run_after=None
[2022-11-18T16:59:35.877-0300] {logging_mixin.py:115} INFO - [2022-11-18T16:59:35.876-0300] {dag.py:2429} INFO - Sync 2 DAGs
[2022-11-18T16:59:35.879-0300] {logging_mixin.py:115} INFO - [2022-11-18T16:59:35.879-0300] {dag.py:2977} INFO - Setting next_dagrun for example_subdag_operator.section-1 to None, run_after=None
[2022-11-18T16:59:35.880-0300] {logging_mixin.py:115} INFO - [2022-11-18T16:59:35.880-0300] {dag.py:2977} INFO - Setting next_dagrun for example_subdag_operator.section-2 to None, run_after=None
[2022-11-18T16:59:35.896-0300] {processor.py:161} INFO - Processing /home/juliana/Área de Trabalho/datapipeline/.env/lib/python3.8/site-packages/airflow/example_dags/example_subdag_operator.py took 0.148 seconds
[2022-11-18T17:00:12.908-0300] {processor.py:153} INFO - Started process (PID=3480) to work on /home/juliana/Área de Trabalho/datapipeline/.env/lib/python3.8/site-packages/airflow/example_dags/example_subdag_operator.py
[2022-11-18T17:00:12.909-0300] {processor.py:640} INFO - Processing file /home/juliana/Área de Trabalho/datapipeline/.env/lib/python3.8/site-packages/airflow/example_dags/example_subdag_operator.py for tasks to queue
[2022-11-18T17:00:12.910-0300] {logging_mixin.py:115} INFO - [2022-11-18T17:00:12.910-0300] {dagbag.py:508} INFO - Filling up the DagBag from /home/juliana/Área de Trabalho/datapipeline/.env/lib/python3.8/site-packages/airflow/example_dags/example_subdag_operator.py
[2022-11-18T17:00:12.931-0300] {processor.py:650} INFO - DAG(s) dict_keys(['example_subdag_operator.section-1', 'example_subdag_operator.section-2', 'example_subdag_operator']) retrieved from /home/juliana/Área de Trabalho/datapipeline/.env/lib/python3.8/site-packages/airflow/example_dags/example_subdag_operator.py
[2022-11-18T17:00:12.948-0300] {logging_mixin.py:115} WARNING - /home/juliana/Área de Trabalho/datapipeline/.env/lib/python3.8/site-packages/airflow/plugins_manager.py:256 DeprecationWarning: This decorator is deprecated.

In previous versions, all subclasses of BaseOperator must use apply_default decorator for the `default_args` feature to work properly.

In current version, it is optional. The decorator is applied automatically using the metaclass.
[2022-11-18T17:00:13.019-0300] {logging_mixin.py:115} INFO - [2022-11-18T17:00:13.019-0300] {dag.py:2429} INFO - Sync 3 DAGs
[2022-11-18T17:00:13.034-0300] {logging_mixin.py:115} INFO - [2022-11-18T17:00:13.034-0300] {dag.py:2977} INFO - Setting next_dagrun for example_subdag_operator to 2022-01-01T00:00:00+00:00, run_after=2022-01-01T00:00:00+00:00
[2022-11-18T17:00:13.034-0300] {logging_mixin.py:115} INFO - [2022-11-18T17:00:13.034-0300] {dag.py:2977} INFO - Setting next_dagrun for example_subdag_operator.section-1 to None, run_after=None
[2022-11-18T17:00:13.034-0300] {logging_mixin.py:115} INFO - [2022-11-18T17:00:13.034-0300] {dag.py:2977} INFO - Setting next_dagrun for example_subdag_operator.section-2 to None, run_after=None
[2022-11-18T17:00:13.039-0300] {logging_mixin.py:115} INFO - [2022-11-18T17:00:13.039-0300] {dag.py:2429} INFO - Sync 2 DAGs
[2022-11-18T17:00:13.043-0300] {logging_mixin.py:115} INFO - [2022-11-18T17:00:13.042-0300] {dag.py:2977} INFO - Setting next_dagrun for example_subdag_operator.section-1 to None, run_after=None
[2022-11-18T17:00:13.043-0300] {logging_mixin.py:115} INFO - [2022-11-18T17:00:13.043-0300] {dag.py:2977} INFO - Setting next_dagrun for example_subdag_operator.section-2 to None, run_after=None
[2022-11-18T17:00:13.055-0300] {processor.py:161} INFO - Processing /home/juliana/Área de Trabalho/datapipeline/.env/lib/python3.8/site-packages/airflow/example_dags/example_subdag_operator.py took 0.150 seconds
[2022-11-18T17:00:47.402-0300] {processor.py:153} INFO - Started process (PID=3541) to work on /home/juliana/Área de Trabalho/datapipeline/.env/lib/python3.8/site-packages/airflow/example_dags/example_subdag_operator.py
[2022-11-18T17:00:47.404-0300] {processor.py:640} INFO - Processing file /home/juliana/Área de Trabalho/datapipeline/.env/lib/python3.8/site-packages/airflow/example_dags/example_subdag_operator.py for tasks to queue
[2022-11-18T17:00:47.405-0300] {logging_mixin.py:115} INFO - [2022-11-18T17:00:47.404-0300] {dagbag.py:508} INFO - Filling up the DagBag from /home/juliana/Área de Trabalho/datapipeline/.env/lib/python3.8/site-packages/airflow/example_dags/example_subdag_operator.py
[2022-11-18T17:00:47.445-0300] {processor.py:650} INFO - DAG(s) dict_keys(['example_subdag_operator.section-1', 'example_subdag_operator.section-2', 'example_subdag_operator']) retrieved from /home/juliana/Área de Trabalho/datapipeline/.env/lib/python3.8/site-packages/airflow/example_dags/example_subdag_operator.py
[2022-11-18T17:00:47.464-0300] {logging_mixin.py:115} WARNING - /home/juliana/Área de Trabalho/datapipeline/.env/lib/python3.8/site-packages/airflow/plugins_manager.py:256 DeprecationWarning: This decorator is deprecated.

In previous versions, all subclasses of BaseOperator must use apply_default decorator for the `default_args` feature to work properly.

In current version, it is optional. The decorator is applied automatically using the metaclass.
[2022-11-18T17:00:47.521-0300] {logging_mixin.py:115} INFO - [2022-11-18T17:00:47.521-0300] {dag.py:2429} INFO - Sync 3 DAGs
[2022-11-18T17:00:47.534-0300] {logging_mixin.py:115} INFO - [2022-11-18T17:00:47.534-0300] {dag.py:2977} INFO - Setting next_dagrun for example_subdag_operator to 2022-01-01T00:00:00+00:00, run_after=2022-01-01T00:00:00+00:00
[2022-11-18T17:00:47.535-0300] {logging_mixin.py:115} INFO - [2022-11-18T17:00:47.534-0300] {dag.py:2977} INFO - Setting next_dagrun for example_subdag_operator.section-1 to None, run_after=None
[2022-11-18T17:00:47.535-0300] {logging_mixin.py:115} INFO - [2022-11-18T17:00:47.535-0300] {dag.py:2977} INFO - Setting next_dagrun for example_subdag_operator.section-2 to None, run_after=None
[2022-11-18T17:00:47.539-0300] {logging_mixin.py:115} INFO - [2022-11-18T17:00:47.539-0300] {dag.py:2429} INFO - Sync 2 DAGs
[2022-11-18T17:00:47.542-0300] {logging_mixin.py:115} INFO - [2022-11-18T17:00:47.542-0300] {dag.py:2977} INFO - Setting next_dagrun for example_subdag_operator.section-1 to None, run_after=None
[2022-11-18T17:00:47.542-0300] {logging_mixin.py:115} INFO - [2022-11-18T17:00:47.542-0300] {dag.py:2977} INFO - Setting next_dagrun for example_subdag_operator.section-2 to None, run_after=None
[2022-11-18T17:00:47.555-0300] {processor.py:161} INFO - Processing /home/juliana/Área de Trabalho/datapipeline/.env/lib/python3.8/site-packages/airflow/example_dags/example_subdag_operator.py took 0.157 seconds
