[2022-11-18T16:12:56.430-0300] {processor.py:153} INFO - Started process (PID=4557) to work on /home/juliana/Área de Trabalho/datapipeline/.env/lib/python3.8/site-packages/airflow/example_dags/example_python_operator.py
[2022-11-18T16:12:56.612-0300] {processor.py:640} INFO - Processing file /home/juliana/Área de Trabalho/datapipeline/.env/lib/python3.8/site-packages/airflow/example_dags/example_python_operator.py for tasks to queue
[2022-11-18T16:12:56.689-0300] {logging_mixin.py:115} INFO - [2022-11-18T16:12:56.686-0300] {dagbag.py:508} INFO - Filling up the DagBag from /home/juliana/Área de Trabalho/datapipeline/.env/lib/python3.8/site-packages/airflow/example_dags/example_python_operator.py
[2022-11-18T16:12:57.125-0300] {logging_mixin.py:115} INFO - [2022-11-18T16:12:57.088-0300] {example_python_operator.py:68} WARNING - The virtalenv_python example task requires virtualenv, please install it.
[2022-11-18T16:12:57.182-0300] {processor.py:650} INFO - DAG(s) dict_keys(['example_python_operator']) retrieved from /home/juliana/Área de Trabalho/datapipeline/.env/lib/python3.8/site-packages/airflow/example_dags/example_python_operator.py
[2022-11-18T16:13:09.385-0300] {logging_mixin.py:115} INFO - [2022-11-18T16:13:08.731-0300] {dag.py:2429} INFO - Sync 1 DAGs
[2022-11-18T16:13:30.222-0300] {logging_mixin.py:115} INFO - [2022-11-18T16:13:28.818-0300] {dag.py:2977} INFO - Setting next_dagrun for example_python_operator to None, run_after=None
[2022-11-18T16:13:51.352-0300] {processor.py:161} INFO - Processing /home/juliana/Área de Trabalho/datapipeline/.env/lib/python3.8/site-packages/airflow/example_dags/example_python_operator.py took 55.213 seconds
[2022-11-18T16:33:29.302-0300] {processor.py:153} INFO - Started process (PID=4788) to work on /home/juliana/Área de Trabalho/datapipeline/.env/lib/python3.8/site-packages/airflow/example_dags/example_python_operator.py
[2022-11-18T16:33:29.310-0300] {processor.py:640} INFO - Processing file /home/juliana/Área de Trabalho/datapipeline/.env/lib/python3.8/site-packages/airflow/example_dags/example_python_operator.py for tasks to queue
[2022-11-18T16:33:29.313-0300] {logging_mixin.py:115} INFO - [2022-11-18T16:33:29.313-0300] {dagbag.py:508} INFO - Filling up the DagBag from /home/juliana/Área de Trabalho/datapipeline/.env/lib/python3.8/site-packages/airflow/example_dags/example_python_operator.py
[2022-11-18T16:33:29.583-0300] {logging_mixin.py:115} INFO - [2022-11-18T16:33:29.579-0300] {example_python_operator.py:68} WARNING - The virtalenv_python example task requires virtualenv, please install it.
[2022-11-18T16:33:29.584-0300] {processor.py:650} INFO - DAG(s) dict_keys(['example_python_operator']) retrieved from /home/juliana/Área de Trabalho/datapipeline/.env/lib/python3.8/site-packages/airflow/example_dags/example_python_operator.py
[2022-11-18T16:33:29.801-0300] {logging_mixin.py:115} INFO - [2022-11-18T16:33:29.782-0300] {dag.py:2429} INFO - Sync 1 DAGs
[2022-11-18T16:33:30.091-0300] {logging_mixin.py:115} INFO - [2022-11-18T16:33:30.057-0300] {dag.py:2977} INFO - Setting next_dagrun for example_python_operator to None, run_after=None
[2022-11-18T16:33:30.369-0300] {processor.py:161} INFO - Processing /home/juliana/Área de Trabalho/datapipeline/.env/lib/python3.8/site-packages/airflow/example_dags/example_python_operator.py took 1.081 seconds
[2022-11-18T16:41:58.643-0300] {processor.py:153} INFO - Started process (PID=4960) to work on /home/juliana/Área de Trabalho/datapipeline/.env/lib/python3.8/site-packages/airflow/example_dags/example_python_operator.py
[2022-11-18T16:41:58.689-0300] {processor.py:640} INFO - Processing file /home/juliana/Área de Trabalho/datapipeline/.env/lib/python3.8/site-packages/airflow/example_dags/example_python_operator.py for tasks to queue
[2022-11-18T16:41:58.691-0300] {logging_mixin.py:115} INFO - [2022-11-18T16:41:58.690-0300] {dagbag.py:508} INFO - Filling up the DagBag from /home/juliana/Área de Trabalho/datapipeline/.env/lib/python3.8/site-packages/airflow/example_dags/example_python_operator.py
[2022-11-18T16:42:04.450-0300] {logging_mixin.py:115} INFO - [2022-11-18T16:42:03.283-0300] {example_python_operator.py:68} WARNING - The virtalenv_python example task requires virtualenv, please install it.
[2022-11-18T16:42:04.826-0300] {processor.py:650} INFO - DAG(s) dict_keys(['example_python_operator']) retrieved from /home/juliana/Área de Trabalho/datapipeline/.env/lib/python3.8/site-packages/airflow/example_dags/example_python_operator.py
[2022-11-18T16:42:12.931-0300] {logging_mixin.py:115} INFO - [2022-11-18T16:42:11.962-0300] {dag.py:2429} INFO - Sync 1 DAGs
[2022-11-18T16:42:45.064-0300] {logging_mixin.py:115} INFO - [2022-11-18T16:42:43.486-0300] {dag.py:2977} INFO - Setting next_dagrun for example_python_operator to None, run_after=None
[2022-11-18T16:43:04.646-0300] {processor.py:161} INFO - Processing /home/juliana/Área de Trabalho/datapipeline/.env/lib/python3.8/site-packages/airflow/example_dags/example_python_operator.py took 66.075 seconds
[2022-11-18T16:56:44.229-0300] {processor.py:153} INFO - Started process (PID=2191) to work on /home/juliana/Área de Trabalho/datapipeline/.env/lib/python3.8/site-packages/airflow/example_dags/example_python_operator.py
[2022-11-18T16:56:44.231-0300] {processor.py:640} INFO - Processing file /home/juliana/Área de Trabalho/datapipeline/.env/lib/python3.8/site-packages/airflow/example_dags/example_python_operator.py for tasks to queue
[2022-11-18T16:56:44.232-0300] {logging_mixin.py:115} INFO - [2022-11-18T16:56:44.231-0300] {dagbag.py:508} INFO - Filling up the DagBag from /home/juliana/Área de Trabalho/datapipeline/.env/lib/python3.8/site-packages/airflow/example_dags/example_python_operator.py
[2022-11-18T16:56:44.275-0300] {logging_mixin.py:115} INFO - [2022-11-18T16:56:44.275-0300] {example_python_operator.py:68} WARNING - The virtalenv_python example task requires virtualenv, please install it.
[2022-11-18T16:56:44.275-0300] {processor.py:650} INFO - DAG(s) dict_keys(['example_python_operator']) retrieved from /home/juliana/Área de Trabalho/datapipeline/.env/lib/python3.8/site-packages/airflow/example_dags/example_python_operator.py
[2022-11-18T16:56:44.295-0300] {logging_mixin.py:115} INFO - [2022-11-18T16:56:44.295-0300] {dag.py:2429} INFO - Sync 1 DAGs
[2022-11-18T16:56:44.314-0300] {logging_mixin.py:115} INFO - [2022-11-18T16:56:44.314-0300] {dag.py:2977} INFO - Setting next_dagrun for example_python_operator to None, run_after=None
[2022-11-18T16:56:44.330-0300] {processor.py:161} INFO - Processing /home/juliana/Área de Trabalho/datapipeline/.env/lib/python3.8/site-packages/airflow/example_dags/example_python_operator.py took 0.115 seconds
[2022-11-18T16:57:21.921-0300] {processor.py:153} INFO - Started process (PID=2313) to work on /home/juliana/Área de Trabalho/datapipeline/.env/lib/python3.8/site-packages/airflow/example_dags/example_python_operator.py
[2022-11-18T16:57:21.927-0300] {processor.py:640} INFO - Processing file /home/juliana/Área de Trabalho/datapipeline/.env/lib/python3.8/site-packages/airflow/example_dags/example_python_operator.py for tasks to queue
[2022-11-18T16:57:21.928-0300] {logging_mixin.py:115} INFO - [2022-11-18T16:57:21.928-0300] {dagbag.py:508} INFO - Filling up the DagBag from /home/juliana/Área de Trabalho/datapipeline/.env/lib/python3.8/site-packages/airflow/example_dags/example_python_operator.py
[2022-11-18T16:57:21.946-0300] {logging_mixin.py:115} INFO - [2022-11-18T16:57:21.946-0300] {example_python_operator.py:68} WARNING - The virtalenv_python example task requires virtualenv, please install it.
[2022-11-18T16:57:21.947-0300] {processor.py:650} INFO - DAG(s) dict_keys(['example_python_operator']) retrieved from /home/juliana/Área de Trabalho/datapipeline/.env/lib/python3.8/site-packages/airflow/example_dags/example_python_operator.py
[2022-11-18T16:57:21.963-0300] {logging_mixin.py:115} INFO - [2022-11-18T16:57:21.963-0300] {dag.py:2429} INFO - Sync 1 DAGs
[2022-11-18T16:57:21.977-0300] {logging_mixin.py:115} INFO - [2022-11-18T16:57:21.977-0300] {dag.py:2977} INFO - Setting next_dagrun for example_python_operator to None, run_after=None
[2022-11-18T16:57:21.994-0300] {processor.py:161} INFO - Processing /home/juliana/Área de Trabalho/datapipeline/.env/lib/python3.8/site-packages/airflow/example_dags/example_python_operator.py took 0.076 seconds
[2022-11-18T16:57:57.217-0300] {processor.py:153} INFO - Started process (PID=2615) to work on /home/juliana/Área de Trabalho/datapipeline/.env/lib/python3.8/site-packages/airflow/example_dags/example_python_operator.py
[2022-11-18T16:57:57.219-0300] {processor.py:640} INFO - Processing file /home/juliana/Área de Trabalho/datapipeline/.env/lib/python3.8/site-packages/airflow/example_dags/example_python_operator.py for tasks to queue
[2022-11-18T16:57:57.221-0300] {logging_mixin.py:115} INFO - [2022-11-18T16:57:57.219-0300] {dagbag.py:508} INFO - Filling up the DagBag from /home/juliana/Área de Trabalho/datapipeline/.env/lib/python3.8/site-packages/airflow/example_dags/example_python_operator.py
[2022-11-18T16:57:57.260-0300] {logging_mixin.py:115} INFO - [2022-11-18T16:57:57.260-0300] {example_python_operator.py:68} WARNING - The virtalenv_python example task requires virtualenv, please install it.
[2022-11-18T16:57:57.265-0300] {processor.py:650} INFO - DAG(s) dict_keys(['example_python_operator']) retrieved from /home/juliana/Área de Trabalho/datapipeline/.env/lib/python3.8/site-packages/airflow/example_dags/example_python_operator.py
[2022-11-18T16:57:57.323-0300] {logging_mixin.py:115} INFO - [2022-11-18T16:57:57.323-0300] {dag.py:2429} INFO - Sync 1 DAGs
[2022-11-18T16:57:57.352-0300] {logging_mixin.py:115} INFO - [2022-11-18T16:57:57.352-0300] {dag.py:2977} INFO - Setting next_dagrun for example_python_operator to None, run_after=None
[2022-11-18T16:57:57.382-0300] {processor.py:161} INFO - Processing /home/juliana/Área de Trabalho/datapipeline/.env/lib/python3.8/site-packages/airflow/example_dags/example_python_operator.py took 0.167 seconds
[2022-11-18T16:58:31.329-0300] {processor.py:153} INFO - Started process (PID=2842) to work on /home/juliana/Área de Trabalho/datapipeline/.env/lib/python3.8/site-packages/airflow/example_dags/example_python_operator.py
[2022-11-18T16:58:31.334-0300] {processor.py:640} INFO - Processing file /home/juliana/Área de Trabalho/datapipeline/.env/lib/python3.8/site-packages/airflow/example_dags/example_python_operator.py for tasks to queue
[2022-11-18T16:58:31.335-0300] {logging_mixin.py:115} INFO - [2022-11-18T16:58:31.335-0300] {dagbag.py:508} INFO - Filling up the DagBag from /home/juliana/Área de Trabalho/datapipeline/.env/lib/python3.8/site-packages/airflow/example_dags/example_python_operator.py
[2022-11-18T16:58:31.364-0300] {logging_mixin.py:115} INFO - [2022-11-18T16:58:31.364-0300] {example_python_operator.py:68} WARNING - The virtalenv_python example task requires virtualenv, please install it.
[2022-11-18T16:58:31.365-0300] {processor.py:650} INFO - DAG(s) dict_keys(['example_python_operator']) retrieved from /home/juliana/Área de Trabalho/datapipeline/.env/lib/python3.8/site-packages/airflow/example_dags/example_python_operator.py
[2022-11-18T16:58:31.387-0300] {logging_mixin.py:115} INFO - [2022-11-18T16:58:31.387-0300] {dag.py:2429} INFO - Sync 1 DAGs
[2022-11-18T16:58:31.405-0300] {logging_mixin.py:115} INFO - [2022-11-18T16:58:31.405-0300] {dag.py:2977} INFO - Setting next_dagrun for example_python_operator to None, run_after=None
[2022-11-18T16:58:31.424-0300] {processor.py:161} INFO - Processing /home/juliana/Área de Trabalho/datapipeline/.env/lib/python3.8/site-packages/airflow/example_dags/example_python_operator.py took 0.099 seconds
[2022-11-18T16:59:05.953-0300] {processor.py:153} INFO - Started process (PID=3072) to work on /home/juliana/Área de Trabalho/datapipeline/.env/lib/python3.8/site-packages/airflow/example_dags/example_python_operator.py
[2022-11-18T16:59:05.955-0300] {processor.py:640} INFO - Processing file /home/juliana/Área de Trabalho/datapipeline/.env/lib/python3.8/site-packages/airflow/example_dags/example_python_operator.py for tasks to queue
[2022-11-18T16:59:05.956-0300] {logging_mixin.py:115} INFO - [2022-11-18T16:59:05.956-0300] {dagbag.py:508} INFO - Filling up the DagBag from /home/juliana/Área de Trabalho/datapipeline/.env/lib/python3.8/site-packages/airflow/example_dags/example_python_operator.py
[2022-11-18T16:59:05.977-0300] {logging_mixin.py:115} INFO - [2022-11-18T16:59:05.977-0300] {example_python_operator.py:68} WARNING - The virtalenv_python example task requires virtualenv, please install it.
[2022-11-18T16:59:05.977-0300] {processor.py:650} INFO - DAG(s) dict_keys(['example_python_operator']) retrieved from /home/juliana/Área de Trabalho/datapipeline/.env/lib/python3.8/site-packages/airflow/example_dags/example_python_operator.py
[2022-11-18T16:59:05.993-0300] {logging_mixin.py:115} INFO - [2022-11-18T16:59:05.993-0300] {dag.py:2429} INFO - Sync 1 DAGs
[2022-11-18T16:59:06.006-0300] {logging_mixin.py:115} INFO - [2022-11-18T16:59:06.006-0300] {dag.py:2977} INFO - Setting next_dagrun for example_python_operator to None, run_after=None
[2022-11-18T16:59:06.026-0300] {processor.py:161} INFO - Processing /home/juliana/Área de Trabalho/datapipeline/.env/lib/python3.8/site-packages/airflow/example_dags/example_python_operator.py took 0.079 seconds
[2022-11-18T16:59:40.461-0300] {processor.py:153} INFO - Started process (PID=3291) to work on /home/juliana/Área de Trabalho/datapipeline/.env/lib/python3.8/site-packages/airflow/example_dags/example_python_operator.py
[2022-11-18T16:59:40.467-0300] {processor.py:640} INFO - Processing file /home/juliana/Área de Trabalho/datapipeline/.env/lib/python3.8/site-packages/airflow/example_dags/example_python_operator.py for tasks to queue
[2022-11-18T16:59:40.468-0300] {logging_mixin.py:115} INFO - [2022-11-18T16:59:40.468-0300] {dagbag.py:508} INFO - Filling up the DagBag from /home/juliana/Área de Trabalho/datapipeline/.env/lib/python3.8/site-packages/airflow/example_dags/example_python_operator.py
[2022-11-18T16:59:40.486-0300] {logging_mixin.py:115} INFO - [2022-11-18T16:59:40.486-0300] {example_python_operator.py:68} WARNING - The virtalenv_python example task requires virtualenv, please install it.
[2022-11-18T16:59:40.486-0300] {processor.py:650} INFO - DAG(s) dict_keys(['example_python_operator']) retrieved from /home/juliana/Área de Trabalho/datapipeline/.env/lib/python3.8/site-packages/airflow/example_dags/example_python_operator.py
[2022-11-18T16:59:40.512-0300] {logging_mixin.py:115} INFO - [2022-11-18T16:59:40.512-0300] {dag.py:2429} INFO - Sync 1 DAGs
[2022-11-18T16:59:40.526-0300] {logging_mixin.py:115} INFO - [2022-11-18T16:59:40.526-0300] {dag.py:2977} INFO - Setting next_dagrun for example_python_operator to None, run_after=None
[2022-11-18T16:59:40.543-0300] {processor.py:161} INFO - Processing /home/juliana/Área de Trabalho/datapipeline/.env/lib/python3.8/site-packages/airflow/example_dags/example_python_operator.py took 0.085 seconds
[2022-11-18T17:00:11.778-0300] {processor.py:153} INFO - Started process (PID=3479) to work on /home/juliana/Área de Trabalho/datapipeline/.env/lib/python3.8/site-packages/airflow/example_dags/example_python_operator.py
[2022-11-18T17:00:11.779-0300] {processor.py:640} INFO - Processing file /home/juliana/Área de Trabalho/datapipeline/.env/lib/python3.8/site-packages/airflow/example_dags/example_python_operator.py for tasks to queue
[2022-11-18T17:00:11.780-0300] {logging_mixin.py:115} INFO - [2022-11-18T17:00:11.780-0300] {dagbag.py:508} INFO - Filling up the DagBag from /home/juliana/Área de Trabalho/datapipeline/.env/lib/python3.8/site-packages/airflow/example_dags/example_python_operator.py
[2022-11-18T17:00:11.797-0300] {logging_mixin.py:115} INFO - [2022-11-18T17:00:11.797-0300] {example_python_operator.py:68} WARNING - The virtalenv_python example task requires virtualenv, please install it.
[2022-11-18T17:00:11.797-0300] {processor.py:650} INFO - DAG(s) dict_keys(['example_python_operator']) retrieved from /home/juliana/Área de Trabalho/datapipeline/.env/lib/python3.8/site-packages/airflow/example_dags/example_python_operator.py
[2022-11-18T17:00:11.814-0300] {logging_mixin.py:115} INFO - [2022-11-18T17:00:11.814-0300] {dag.py:2429} INFO - Sync 1 DAGs
[2022-11-18T17:00:11.828-0300] {logging_mixin.py:115} INFO - [2022-11-18T17:00:11.828-0300] {dag.py:2977} INFO - Setting next_dagrun for example_python_operator to None, run_after=None
[2022-11-18T17:00:11.849-0300] {processor.py:161} INFO - Processing /home/juliana/Área de Trabalho/datapipeline/.env/lib/python3.8/site-packages/airflow/example_dags/example_python_operator.py took 0.074 seconds
[2022-11-18T17:00:46.838-0300] {processor.py:153} INFO - Started process (PID=3540) to work on /home/juliana/Área de Trabalho/datapipeline/.env/lib/python3.8/site-packages/airflow/example_dags/example_python_operator.py
[2022-11-18T17:00:46.840-0300] {processor.py:640} INFO - Processing file /home/juliana/Área de Trabalho/datapipeline/.env/lib/python3.8/site-packages/airflow/example_dags/example_python_operator.py for tasks to queue
[2022-11-18T17:00:46.841-0300] {logging_mixin.py:115} INFO - [2022-11-18T17:00:46.841-0300] {dagbag.py:508} INFO - Filling up the DagBag from /home/juliana/Área de Trabalho/datapipeline/.env/lib/python3.8/site-packages/airflow/example_dags/example_python_operator.py
[2022-11-18T17:00:46.862-0300] {logging_mixin.py:115} INFO - [2022-11-18T17:00:46.862-0300] {example_python_operator.py:68} WARNING - The virtalenv_python example task requires virtualenv, please install it.
[2022-11-18T17:00:46.862-0300] {processor.py:650} INFO - DAG(s) dict_keys(['example_python_operator']) retrieved from /home/juliana/Área de Trabalho/datapipeline/.env/lib/python3.8/site-packages/airflow/example_dags/example_python_operator.py
[2022-11-18T17:00:46.879-0300] {logging_mixin.py:115} INFO - [2022-11-18T17:00:46.879-0300] {dag.py:2429} INFO - Sync 1 DAGs
[2022-11-18T17:00:46.893-0300] {logging_mixin.py:115} INFO - [2022-11-18T17:00:46.893-0300] {dag.py:2977} INFO - Setting next_dagrun for example_python_operator to None, run_after=None
[2022-11-18T17:00:46.909-0300] {processor.py:161} INFO - Processing /home/juliana/Área de Trabalho/datapipeline/.env/lib/python3.8/site-packages/airflow/example_dags/example_python_operator.py took 0.075 seconds
