[2022-11-18T16:29:09.107-0300] {processor.py:153} INFO - Started process (PID=4705) to work on /home/juliana/Área de Trabalho/datapipeline/.env/lib/python3.8/site-packages/airflow/example_dags/example_bash_operator.py
[2022-11-18T16:29:09.111-0300] {processor.py:640} INFO - Processing file /home/juliana/Área de Trabalho/datapipeline/.env/lib/python3.8/site-packages/airflow/example_dags/example_bash_operator.py for tasks to queue
[2022-11-18T16:29:09.114-0300] {logging_mixin.py:115} INFO - [2022-11-18T16:29:09.112-0300] {dagbag.py:508} INFO - Filling up the DagBag from /home/juliana/Área de Trabalho/datapipeline/.env/lib/python3.8/site-packages/airflow/example_dags/example_bash_operator.py
[2022-11-18T16:29:09.546-0300] {processor.py:650} INFO - DAG(s) dict_keys(['example_bash_operator']) retrieved from /home/juliana/Área de Trabalho/datapipeline/.env/lib/python3.8/site-packages/airflow/example_dags/example_bash_operator.py
[2022-11-18T16:29:10.169-0300] {logging_mixin.py:115} INFO - [2022-11-18T16:29:10.148-0300] {dag.py:2429} INFO - Sync 1 DAGs
[2022-11-18T16:29:11.482-0300] {logging_mixin.py:115} INFO - [2022-11-18T16:29:11.463-0300] {dag.py:2977} INFO - Setting next_dagrun for example_bash_operator to 2022-11-17T00:00:00+00:00, run_after=2022-11-18T00:00:00+00:00
[2022-11-18T16:29:15.223-0300] {processor.py:161} INFO - Processing /home/juliana/Área de Trabalho/datapipeline/.env/lib/python3.8/site-packages/airflow/example_dags/example_bash_operator.py took 6.131 seconds
[2022-11-18T16:57:15.286-0300] {processor.py:153} INFO - Started process (PID=2307) to work on /home/juliana/Área de Trabalho/datapipeline/.env/lib/python3.8/site-packages/airflow/example_dags/example_bash_operator.py
[2022-11-18T16:57:15.291-0300] {processor.py:640} INFO - Processing file /home/juliana/Área de Trabalho/datapipeline/.env/lib/python3.8/site-packages/airflow/example_dags/example_bash_operator.py for tasks to queue
[2022-11-18T16:57:15.292-0300] {logging_mixin.py:115} INFO - [2022-11-18T16:57:15.292-0300] {dagbag.py:508} INFO - Filling up the DagBag from /home/juliana/Área de Trabalho/datapipeline/.env/lib/python3.8/site-packages/airflow/example_dags/example_bash_operator.py
[2022-11-18T16:57:15.313-0300] {processor.py:650} INFO - DAG(s) dict_keys(['example_bash_operator']) retrieved from /home/juliana/Área de Trabalho/datapipeline/.env/lib/python3.8/site-packages/airflow/example_dags/example_bash_operator.py
[2022-11-18T16:57:15.377-0300] {logging_mixin.py:115} INFO - [2022-11-18T16:57:15.377-0300] {dag.py:2429} INFO - Sync 1 DAGs
[2022-11-18T16:57:15.396-0300] {logging_mixin.py:115} INFO - [2022-11-18T16:57:15.396-0300] {dag.py:2977} INFO - Setting next_dagrun for example_bash_operator to 2022-11-17T00:00:00+00:00, run_after=2022-11-18T00:00:00+00:00
[2022-11-18T16:57:15.420-0300] {processor.py:161} INFO - Processing /home/juliana/Área de Trabalho/datapipeline/.env/lib/python3.8/site-packages/airflow/example_dags/example_bash_operator.py took 0.138 seconds
[2022-11-18T16:57:51.935-0300] {processor.py:153} INFO - Started process (PID=2584) to work on /home/juliana/Área de Trabalho/datapipeline/.env/lib/python3.8/site-packages/airflow/example_dags/example_bash_operator.py
[2022-11-18T16:57:51.940-0300] {processor.py:640} INFO - Processing file /home/juliana/Área de Trabalho/datapipeline/.env/lib/python3.8/site-packages/airflow/example_dags/example_bash_operator.py for tasks to queue
[2022-11-18T16:57:51.941-0300] {logging_mixin.py:115} INFO - [2022-11-18T16:57:51.941-0300] {dagbag.py:508} INFO - Filling up the DagBag from /home/juliana/Área de Trabalho/datapipeline/.env/lib/python3.8/site-packages/airflow/example_dags/example_bash_operator.py
[2022-11-18T16:57:51.961-0300] {processor.py:650} INFO - DAG(s) dict_keys(['example_bash_operator']) retrieved from /home/juliana/Área de Trabalho/datapipeline/.env/lib/python3.8/site-packages/airflow/example_dags/example_bash_operator.py
[2022-11-18T16:57:52.002-0300] {logging_mixin.py:115} INFO - [2022-11-18T16:57:52.002-0300] {dag.py:2429} INFO - Sync 1 DAGs
[2022-11-18T16:57:52.036-0300] {logging_mixin.py:115} INFO - [2022-11-18T16:57:52.036-0300] {dag.py:2977} INFO - Setting next_dagrun for example_bash_operator to 2022-11-17T00:00:00+00:00, run_after=2022-11-18T00:00:00+00:00
[2022-11-18T16:57:52.122-0300] {processor.py:161} INFO - Processing /home/juliana/Área de Trabalho/datapipeline/.env/lib/python3.8/site-packages/airflow/example_dags/example_bash_operator.py took 0.190 seconds
[2022-11-18T16:58:28.179-0300] {processor.py:153} INFO - Started process (PID=2813) to work on /home/juliana/Área de Trabalho/datapipeline/.env/lib/python3.8/site-packages/airflow/example_dags/example_bash_operator.py
[2022-11-18T16:58:28.183-0300] {processor.py:640} INFO - Processing file /home/juliana/Área de Trabalho/datapipeline/.env/lib/python3.8/site-packages/airflow/example_dags/example_bash_operator.py for tasks to queue
[2022-11-18T16:58:28.184-0300] {logging_mixin.py:115} INFO - [2022-11-18T16:58:28.184-0300] {dagbag.py:508} INFO - Filling up the DagBag from /home/juliana/Área de Trabalho/datapipeline/.env/lib/python3.8/site-packages/airflow/example_dags/example_bash_operator.py
[2022-11-18T16:58:28.205-0300] {processor.py:650} INFO - DAG(s) dict_keys(['example_bash_operator']) retrieved from /home/juliana/Área de Trabalho/datapipeline/.env/lib/python3.8/site-packages/airflow/example_dags/example_bash_operator.py
[2022-11-18T16:58:28.240-0300] {logging_mixin.py:115} INFO - [2022-11-18T16:58:28.240-0300] {dag.py:2429} INFO - Sync 1 DAGs
[2022-11-18T16:58:28.268-0300] {logging_mixin.py:115} INFO - [2022-11-18T16:58:28.268-0300] {dag.py:2977} INFO - Setting next_dagrun for example_bash_operator to 2022-11-17T00:00:00+00:00, run_after=2022-11-18T00:00:00+00:00
[2022-11-18T16:58:28.285-0300] {processor.py:161} INFO - Processing /home/juliana/Área de Trabalho/datapipeline/.env/lib/python3.8/site-packages/airflow/example_dags/example_bash_operator.py took 0.110 seconds
[2022-11-18T16:59:08.234-0300] {processor.py:153} INFO - Started process (PID=3074) to work on /home/juliana/Área de Trabalho/datapipeline/.env/lib/python3.8/site-packages/airflow/example_dags/example_bash_operator.py
[2022-11-18T16:59:08.235-0300] {processor.py:640} INFO - Processing file /home/juliana/Área de Trabalho/datapipeline/.env/lib/python3.8/site-packages/airflow/example_dags/example_bash_operator.py for tasks to queue
[2022-11-18T16:59:08.236-0300] {logging_mixin.py:115} INFO - [2022-11-18T16:59:08.236-0300] {dagbag.py:508} INFO - Filling up the DagBag from /home/juliana/Área de Trabalho/datapipeline/.env/lib/python3.8/site-packages/airflow/example_dags/example_bash_operator.py
[2022-11-18T16:59:08.250-0300] {processor.py:650} INFO - DAG(s) dict_keys(['example_bash_operator']) retrieved from /home/juliana/Área de Trabalho/datapipeline/.env/lib/python3.8/site-packages/airflow/example_dags/example_bash_operator.py
[2022-11-18T16:59:08.272-0300] {logging_mixin.py:115} INFO - [2022-11-18T16:59:08.272-0300] {dag.py:2429} INFO - Sync 1 DAGs
[2022-11-18T16:59:08.287-0300] {logging_mixin.py:115} INFO - [2022-11-18T16:59:08.286-0300] {dag.py:2977} INFO - Setting next_dagrun for example_bash_operator to 2022-11-17T00:00:00+00:00, run_after=2022-11-18T00:00:00+00:00
[2022-11-18T16:59:08.307-0300] {processor.py:161} INFO - Processing /home/juliana/Área de Trabalho/datapipeline/.env/lib/python3.8/site-packages/airflow/example_dags/example_bash_operator.py took 0.078 seconds
[2022-11-18T16:59:43.711-0300] {processor.py:153} INFO - Started process (PID=3294) to work on /home/juliana/Área de Trabalho/datapipeline/.env/lib/python3.8/site-packages/airflow/example_dags/example_bash_operator.py
[2022-11-18T16:59:43.712-0300] {processor.py:640} INFO - Processing file /home/juliana/Área de Trabalho/datapipeline/.env/lib/python3.8/site-packages/airflow/example_dags/example_bash_operator.py for tasks to queue
[2022-11-18T16:59:43.713-0300] {logging_mixin.py:115} INFO - [2022-11-18T16:59:43.713-0300] {dagbag.py:508} INFO - Filling up the DagBag from /home/juliana/Área de Trabalho/datapipeline/.env/lib/python3.8/site-packages/airflow/example_dags/example_bash_operator.py
[2022-11-18T16:59:43.729-0300] {processor.py:650} INFO - DAG(s) dict_keys(['example_bash_operator']) retrieved from /home/juliana/Área de Trabalho/datapipeline/.env/lib/python3.8/site-packages/airflow/example_dags/example_bash_operator.py
[2022-11-18T16:59:43.754-0300] {logging_mixin.py:115} INFO - [2022-11-18T16:59:43.754-0300] {dag.py:2429} INFO - Sync 1 DAGs
[2022-11-18T16:59:43.769-0300] {logging_mixin.py:115} INFO - [2022-11-18T16:59:43.768-0300] {dag.py:2977} INFO - Setting next_dagrun for example_bash_operator to 2022-11-17T00:00:00+00:00, run_after=2022-11-18T00:00:00+00:00
[2022-11-18T16:59:43.785-0300] {processor.py:161} INFO - Processing /home/juliana/Área de Trabalho/datapipeline/.env/lib/python3.8/site-packages/airflow/example_dags/example_bash_operator.py took 0.079 seconds
[2022-11-18T17:00:21.925-0300] {processor.py:153} INFO - Started process (PID=3515) to work on /home/juliana/Área de Trabalho/datapipeline/.env/lib/python3.8/site-packages/airflow/example_dags/example_bash_operator.py
[2022-11-18T17:00:21.926-0300] {processor.py:640} INFO - Processing file /home/juliana/Área de Trabalho/datapipeline/.env/lib/python3.8/site-packages/airflow/example_dags/example_bash_operator.py for tasks to queue
[2022-11-18T17:00:21.927-0300] {logging_mixin.py:115} INFO - [2022-11-18T17:00:21.927-0300] {dagbag.py:508} INFO - Filling up the DagBag from /home/juliana/Área de Trabalho/datapipeline/.env/lib/python3.8/site-packages/airflow/example_dags/example_bash_operator.py
[2022-11-18T17:00:21.943-0300] {processor.py:650} INFO - DAG(s) dict_keys(['example_bash_operator']) retrieved from /home/juliana/Área de Trabalho/datapipeline/.env/lib/python3.8/site-packages/airflow/example_dags/example_bash_operator.py
[2022-11-18T17:00:21.966-0300] {logging_mixin.py:115} INFO - [2022-11-18T17:00:21.966-0300] {dag.py:2429} INFO - Sync 1 DAGs
[2022-11-18T17:00:21.980-0300] {logging_mixin.py:115} INFO - [2022-11-18T17:00:21.980-0300] {dag.py:2977} INFO - Setting next_dagrun for example_bash_operator to 2022-11-17T00:00:00+00:00, run_after=2022-11-18T00:00:00+00:00
[2022-11-18T17:00:22.000-0300] {processor.py:161} INFO - Processing /home/juliana/Área de Trabalho/datapipeline/.env/lib/python3.8/site-packages/airflow/example_dags/example_bash_operator.py took 0.081 seconds
[2022-11-18T17:00:56.431-0300] {processor.py:153} INFO - Started process (PID=3670) to work on /home/juliana/Área de Trabalho/datapipeline/.env/lib/python3.8/site-packages/airflow/example_dags/example_bash_operator.py
[2022-11-18T17:00:56.473-0300] {processor.py:640} INFO - Processing file /home/juliana/Área de Trabalho/datapipeline/.env/lib/python3.8/site-packages/airflow/example_dags/example_bash_operator.py for tasks to queue
[2022-11-18T17:00:56.473-0300] {logging_mixin.py:115} INFO - [2022-11-18T17:00:56.473-0300] {dagbag.py:508} INFO - Filling up the DagBag from /home/juliana/Área de Trabalho/datapipeline/.env/lib/python3.8/site-packages/airflow/example_dags/example_bash_operator.py
[2022-11-18T17:00:56.507-0300] {processor.py:650} INFO - DAG(s) dict_keys(['example_bash_operator']) retrieved from /home/juliana/Área de Trabalho/datapipeline/.env/lib/python3.8/site-packages/airflow/example_dags/example_bash_operator.py
[2022-11-18T17:00:56.578-0300] {logging_mixin.py:115} INFO - [2022-11-18T17:00:56.578-0300] {dag.py:2429} INFO - Sync 1 DAGs
[2022-11-18T17:00:56.626-0300] {logging_mixin.py:115} INFO - [2022-11-18T17:00:56.625-0300] {dag.py:2977} INFO - Setting next_dagrun for example_bash_operator to 2022-11-17T00:00:00+00:00, run_after=2022-11-18T00:00:00+00:00
[2022-11-18T17:00:56.655-0300] {processor.py:161} INFO - Processing /home/juliana/Área de Trabalho/datapipeline/.env/lib/python3.8/site-packages/airflow/example_dags/example_bash_operator.py took 0.226 seconds
