[2022-11-18T16:13:54.811-0300] {processor.py:153} INFO - Started process (PID=4561) to work on /home/juliana/Área de Trabalho/datapipeline/.env/lib/python3.8/site-packages/airflow/example_dags/example_branch_operator_decorator.py
[2022-11-18T16:13:54.833-0300] {processor.py:640} INFO - Processing file /home/juliana/Área de Trabalho/datapipeline/.env/lib/python3.8/site-packages/airflow/example_dags/example_branch_operator_decorator.py for tasks to queue
[2022-11-18T16:13:54.847-0300] {logging_mixin.py:115} INFO - [2022-11-18T16:13:54.834-0300] {dagbag.py:508} INFO - Filling up the DagBag from /home/juliana/Área de Trabalho/datapipeline/.env/lib/python3.8/site-packages/airflow/example_dags/example_branch_operator_decorator.py
[2022-11-18T16:13:59.050-0300] {processor.py:650} INFO - DAG(s) dict_keys(['example_branch_python_operator_decorator']) retrieved from /home/juliana/Área de Trabalho/datapipeline/.env/lib/python3.8/site-packages/airflow/example_dags/example_branch_operator_decorator.py
[2022-11-18T16:14:06.115-0300] {logging_mixin.py:115} INFO - [2022-11-18T16:14:05.426-0300] {dag.py:2429} INFO - Sync 1 DAGs
[2022-11-18T16:14:21.567-0300] {logging_mixin.py:115} INFO - [2022-11-18T16:14:21.528-0300] {dag.py:2977} INFO - Setting next_dagrun for example_branch_python_operator_decorator to 2022-11-17T00:00:00+00:00, run_after=2022-11-18T00:00:00+00:00
[2022-11-18T16:14:22.396-0300] {processor.py:161} INFO - Processing /home/juliana/Área de Trabalho/datapipeline/.env/lib/python3.8/site-packages/airflow/example_dags/example_branch_operator_decorator.py took 27.636 seconds
[2022-11-18T16:33:31.999-0300] {processor.py:153} INFO - Started process (PID=4794) to work on /home/juliana/Área de Trabalho/datapipeline/.env/lib/python3.8/site-packages/airflow/example_dags/example_branch_operator_decorator.py
[2022-11-18T16:33:32.014-0300] {processor.py:640} INFO - Processing file /home/juliana/Área de Trabalho/datapipeline/.env/lib/python3.8/site-packages/airflow/example_dags/example_branch_operator_decorator.py for tasks to queue
[2022-11-18T16:33:32.015-0300] {logging_mixin.py:115} INFO - [2022-11-18T16:33:32.015-0300] {dagbag.py:508} INFO - Filling up the DagBag from /home/juliana/Área de Trabalho/datapipeline/.env/lib/python3.8/site-packages/airflow/example_dags/example_branch_operator_decorator.py
[2022-11-18T16:33:32.270-0300] {processor.py:650} INFO - DAG(s) dict_keys(['example_branch_python_operator_decorator']) retrieved from /home/juliana/Área de Trabalho/datapipeline/.env/lib/python3.8/site-packages/airflow/example_dags/example_branch_operator_decorator.py
[2022-11-18T16:33:32.508-0300] {logging_mixin.py:115} INFO - [2022-11-18T16:33:32.472-0300] {dag.py:2429} INFO - Sync 1 DAGs
[2022-11-18T16:33:32.689-0300] {logging_mixin.py:115} INFO - [2022-11-18T16:33:32.680-0300] {dag.py:2977} INFO - Setting next_dagrun for example_branch_python_operator_decorator to 2022-11-17T00:00:00+00:00, run_after=2022-11-18T00:00:00+00:00
[2022-11-18T16:33:32.944-0300] {processor.py:161} INFO - Processing /home/juliana/Área de Trabalho/datapipeline/.env/lib/python3.8/site-packages/airflow/example_dags/example_branch_operator_decorator.py took 0.975 seconds
[2022-11-18T16:43:15.380-0300] {processor.py:153} INFO - Started process (PID=4972) to work on /home/juliana/Área de Trabalho/datapipeline/.env/lib/python3.8/site-packages/airflow/example_dags/example_branch_operator_decorator.py
[2022-11-18T16:43:15.389-0300] {processor.py:640} INFO - Processing file /home/juliana/Área de Trabalho/datapipeline/.env/lib/python3.8/site-packages/airflow/example_dags/example_branch_operator_decorator.py for tasks to queue
[2022-11-18T16:43:15.390-0300] {logging_mixin.py:115} INFO - [2022-11-18T16:43:15.390-0300] {dagbag.py:508} INFO - Filling up the DagBag from /home/juliana/Área de Trabalho/datapipeline/.env/lib/python3.8/site-packages/airflow/example_dags/example_branch_operator_decorator.py
[2022-11-18T16:43:15.596-0300] {processor.py:650} INFO - DAG(s) dict_keys(['example_branch_python_operator_decorator']) retrieved from /home/juliana/Área de Trabalho/datapipeline/.env/lib/python3.8/site-packages/airflow/example_dags/example_branch_operator_decorator.py
[2022-11-18T16:43:15.828-0300] {logging_mixin.py:115} INFO - [2022-11-18T16:43:15.802-0300] {dag.py:2429} INFO - Sync 1 DAGs
[2022-11-18T16:43:16.073-0300] {logging_mixin.py:115} INFO - [2022-11-18T16:43:16.040-0300] {dag.py:2977} INFO - Setting next_dagrun for example_branch_python_operator_decorator to 2022-11-17T00:00:00+00:00, run_after=2022-11-18T00:00:00+00:00
[2022-11-18T16:43:25.778-0300] {processor.py:161} INFO - Processing /home/juliana/Área de Trabalho/datapipeline/.env/lib/python3.8/site-packages/airflow/example_dags/example_branch_operator_decorator.py took 10.405 seconds
[2022-11-18T16:56:45.445-0300] {processor.py:153} INFO - Started process (PID=2198) to work on /home/juliana/Área de Trabalho/datapipeline/.env/lib/python3.8/site-packages/airflow/example_dags/example_branch_operator_decorator.py
[2022-11-18T16:56:45.447-0300] {processor.py:640} INFO - Processing file /home/juliana/Área de Trabalho/datapipeline/.env/lib/python3.8/site-packages/airflow/example_dags/example_branch_operator_decorator.py for tasks to queue
[2022-11-18T16:56:45.448-0300] {logging_mixin.py:115} INFO - [2022-11-18T16:56:45.447-0300] {dagbag.py:508} INFO - Filling up the DagBag from /home/juliana/Área de Trabalho/datapipeline/.env/lib/python3.8/site-packages/airflow/example_dags/example_branch_operator_decorator.py
[2022-11-18T16:56:45.469-0300] {processor.py:650} INFO - DAG(s) dict_keys(['example_branch_python_operator_decorator']) retrieved from /home/juliana/Área de Trabalho/datapipeline/.env/lib/python3.8/site-packages/airflow/example_dags/example_branch_operator_decorator.py
[2022-11-18T16:56:45.483-0300] {logging_mixin.py:115} INFO - [2022-11-18T16:56:45.483-0300] {dag.py:2429} INFO - Sync 1 DAGs
[2022-11-18T16:56:45.497-0300] {logging_mixin.py:115} INFO - [2022-11-18T16:56:45.497-0300] {dag.py:2977} INFO - Setting next_dagrun for example_branch_python_operator_decorator to 2022-11-17T00:00:00+00:00, run_after=2022-11-18T00:00:00+00:00
[2022-11-18T16:56:45.513-0300] {processor.py:161} INFO - Processing /home/juliana/Área de Trabalho/datapipeline/.env/lib/python3.8/site-packages/airflow/example_dags/example_branch_operator_decorator.py took 0.071 seconds
[2022-11-18T16:57:23.060-0300] {processor.py:153} INFO - Started process (PID=2314) to work on /home/juliana/Área de Trabalho/datapipeline/.env/lib/python3.8/site-packages/airflow/example_dags/example_branch_operator_decorator.py
[2022-11-18T16:57:23.062-0300] {processor.py:640} INFO - Processing file /home/juliana/Área de Trabalho/datapipeline/.env/lib/python3.8/site-packages/airflow/example_dags/example_branch_operator_decorator.py for tasks to queue
[2022-11-18T16:57:23.063-0300] {logging_mixin.py:115} INFO - [2022-11-18T16:57:23.063-0300] {dagbag.py:508} INFO - Filling up the DagBag from /home/juliana/Área de Trabalho/datapipeline/.env/lib/python3.8/site-packages/airflow/example_dags/example_branch_operator_decorator.py
[2022-11-18T16:57:23.093-0300] {processor.py:650} INFO - DAG(s) dict_keys(['example_branch_python_operator_decorator']) retrieved from /home/juliana/Área de Trabalho/datapipeline/.env/lib/python3.8/site-packages/airflow/example_dags/example_branch_operator_decorator.py
[2022-11-18T16:57:23.113-0300] {logging_mixin.py:115} INFO - [2022-11-18T16:57:23.113-0300] {dag.py:2429} INFO - Sync 1 DAGs
[2022-11-18T16:57:23.132-0300] {logging_mixin.py:115} INFO - [2022-11-18T16:57:23.131-0300] {dag.py:2977} INFO - Setting next_dagrun for example_branch_python_operator_decorator to 2022-11-17T00:00:00+00:00, run_after=2022-11-18T00:00:00+00:00
[2022-11-18T16:57:23.150-0300] {processor.py:161} INFO - Processing /home/juliana/Área de Trabalho/datapipeline/.env/lib/python3.8/site-packages/airflow/example_dags/example_branch_operator_decorator.py took 0.093 seconds
[2022-11-18T16:57:58.458-0300] {processor.py:153} INFO - Started process (PID=2642) to work on /home/juliana/Área de Trabalho/datapipeline/.env/lib/python3.8/site-packages/airflow/example_dags/example_branch_operator_decorator.py
[2022-11-18T16:57:58.460-0300] {processor.py:640} INFO - Processing file /home/juliana/Área de Trabalho/datapipeline/.env/lib/python3.8/site-packages/airflow/example_dags/example_branch_operator_decorator.py for tasks to queue
[2022-11-18T16:57:58.461-0300] {logging_mixin.py:115} INFO - [2022-11-18T16:57:58.461-0300] {dagbag.py:508} INFO - Filling up the DagBag from /home/juliana/Área de Trabalho/datapipeline/.env/lib/python3.8/site-packages/airflow/example_dags/example_branch_operator_decorator.py
[2022-11-18T16:57:58.483-0300] {processor.py:650} INFO - DAG(s) dict_keys(['example_branch_python_operator_decorator']) retrieved from /home/juliana/Área de Trabalho/datapipeline/.env/lib/python3.8/site-packages/airflow/example_dags/example_branch_operator_decorator.py
[2022-11-18T16:57:58.507-0300] {logging_mixin.py:115} INFO - [2022-11-18T16:57:58.507-0300] {dag.py:2429} INFO - Sync 1 DAGs
[2022-11-18T16:57:58.526-0300] {logging_mixin.py:115} INFO - [2022-11-18T16:57:58.526-0300] {dag.py:2977} INFO - Setting next_dagrun for example_branch_python_operator_decorator to 2022-11-17T00:00:00+00:00, run_after=2022-11-18T00:00:00+00:00
[2022-11-18T16:57:58.544-0300] {processor.py:161} INFO - Processing /home/juliana/Área de Trabalho/datapipeline/.env/lib/python3.8/site-packages/airflow/example_dags/example_branch_operator_decorator.py took 0.092 seconds
[2022-11-18T16:58:32.179-0300] {processor.py:153} INFO - Started process (PID=2848) to work on /home/juliana/Área de Trabalho/datapipeline/.env/lib/python3.8/site-packages/airflow/example_dags/example_branch_operator_decorator.py
[2022-11-18T16:58:32.180-0300] {processor.py:640} INFO - Processing file /home/juliana/Área de Trabalho/datapipeline/.env/lib/python3.8/site-packages/airflow/example_dags/example_branch_operator_decorator.py for tasks to queue
[2022-11-18T16:58:32.181-0300] {logging_mixin.py:115} INFO - [2022-11-18T16:58:32.181-0300] {dagbag.py:508} INFO - Filling up the DagBag from /home/juliana/Área de Trabalho/datapipeline/.env/lib/python3.8/site-packages/airflow/example_dags/example_branch_operator_decorator.py
[2022-11-18T16:58:32.218-0300] {processor.py:650} INFO - DAG(s) dict_keys(['example_branch_python_operator_decorator']) retrieved from /home/juliana/Área de Trabalho/datapipeline/.env/lib/python3.8/site-packages/airflow/example_dags/example_branch_operator_decorator.py
[2022-11-18T16:58:32.245-0300] {logging_mixin.py:115} INFO - [2022-11-18T16:58:32.245-0300] {dag.py:2429} INFO - Sync 1 DAGs
[2022-11-18T16:58:32.264-0300] {logging_mixin.py:115} INFO - [2022-11-18T16:58:32.264-0300] {dag.py:2977} INFO - Setting next_dagrun for example_branch_python_operator_decorator to 2022-11-17T00:00:00+00:00, run_after=2022-11-18T00:00:00+00:00
[2022-11-18T16:58:32.285-0300] {processor.py:161} INFO - Processing /home/juliana/Área de Trabalho/datapipeline/.env/lib/python3.8/site-packages/airflow/example_dags/example_branch_operator_decorator.py took 0.112 seconds
[2022-11-18T16:59:07.094-0300] {processor.py:153} INFO - Started process (PID=3073) to work on /home/juliana/Área de Trabalho/datapipeline/.env/lib/python3.8/site-packages/airflow/example_dags/example_branch_operator_decorator.py
[2022-11-18T16:59:07.096-0300] {processor.py:640} INFO - Processing file /home/juliana/Área de Trabalho/datapipeline/.env/lib/python3.8/site-packages/airflow/example_dags/example_branch_operator_decorator.py for tasks to queue
[2022-11-18T16:59:07.097-0300] {logging_mixin.py:115} INFO - [2022-11-18T16:59:07.097-0300] {dagbag.py:508} INFO - Filling up the DagBag from /home/juliana/Área de Trabalho/datapipeline/.env/lib/python3.8/site-packages/airflow/example_dags/example_branch_operator_decorator.py
[2022-11-18T16:59:07.119-0300] {processor.py:650} INFO - DAG(s) dict_keys(['example_branch_python_operator_decorator']) retrieved from /home/juliana/Área de Trabalho/datapipeline/.env/lib/python3.8/site-packages/airflow/example_dags/example_branch_operator_decorator.py
[2022-11-18T16:59:07.135-0300] {logging_mixin.py:115} INFO - [2022-11-18T16:59:07.135-0300] {dag.py:2429} INFO - Sync 1 DAGs
[2022-11-18T16:59:07.150-0300] {logging_mixin.py:115} INFO - [2022-11-18T16:59:07.150-0300] {dag.py:2977} INFO - Setting next_dagrun for example_branch_python_operator_decorator to 2022-11-17T00:00:00+00:00, run_after=2022-11-18T00:00:00+00:00
[2022-11-18T16:59:07.170-0300] {processor.py:161} INFO - Processing /home/juliana/Área de Trabalho/datapipeline/.env/lib/python3.8/site-packages/airflow/example_dags/example_branch_operator_decorator.py took 0.080 seconds
[2022-11-18T16:59:41.322-0300] {processor.py:153} INFO - Started process (PID=3292) to work on /home/juliana/Área de Trabalho/datapipeline/.env/lib/python3.8/site-packages/airflow/example_dags/example_branch_operator_decorator.py
[2022-11-18T16:59:41.323-0300] {processor.py:640} INFO - Processing file /home/juliana/Área de Trabalho/datapipeline/.env/lib/python3.8/site-packages/airflow/example_dags/example_branch_operator_decorator.py for tasks to queue
[2022-11-18T16:59:41.325-0300] {logging_mixin.py:115} INFO - [2022-11-18T16:59:41.324-0300] {dagbag.py:508} INFO - Filling up the DagBag from /home/juliana/Área de Trabalho/datapipeline/.env/lib/python3.8/site-packages/airflow/example_dags/example_branch_operator_decorator.py
[2022-11-18T16:59:41.349-0300] {processor.py:650} INFO - DAG(s) dict_keys(['example_branch_python_operator_decorator']) retrieved from /home/juliana/Área de Trabalho/datapipeline/.env/lib/python3.8/site-packages/airflow/example_dags/example_branch_operator_decorator.py
[2022-11-18T16:59:41.370-0300] {logging_mixin.py:115} INFO - [2022-11-18T16:59:41.369-0300] {dag.py:2429} INFO - Sync 1 DAGs
[2022-11-18T16:59:41.391-0300] {logging_mixin.py:115} INFO - [2022-11-18T16:59:41.391-0300] {dag.py:2977} INFO - Setting next_dagrun for example_branch_python_operator_decorator to 2022-11-17T00:00:00+00:00, run_after=2022-11-18T00:00:00+00:00
[2022-11-18T16:59:41.407-0300] {processor.py:161} INFO - Processing /home/juliana/Área de Trabalho/datapipeline/.env/lib/python3.8/site-packages/airflow/example_dags/example_branch_operator_decorator.py took 0.093 seconds
[2022-11-18T17:00:17.416-0300] {processor.py:153} INFO - Started process (PID=3510) to work on /home/juliana/Área de Trabalho/datapipeline/.env/lib/python3.8/site-packages/airflow/example_dags/example_branch_operator_decorator.py
[2022-11-18T17:00:17.417-0300] {processor.py:640} INFO - Processing file /home/juliana/Área de Trabalho/datapipeline/.env/lib/python3.8/site-packages/airflow/example_dags/example_branch_operator_decorator.py for tasks to queue
[2022-11-18T17:00:17.418-0300] {logging_mixin.py:115} INFO - [2022-11-18T17:00:17.418-0300] {dagbag.py:508} INFO - Filling up the DagBag from /home/juliana/Área de Trabalho/datapipeline/.env/lib/python3.8/site-packages/airflow/example_dags/example_branch_operator_decorator.py
[2022-11-18T17:00:17.438-0300] {processor.py:650} INFO - DAG(s) dict_keys(['example_branch_python_operator_decorator']) retrieved from /home/juliana/Área de Trabalho/datapipeline/.env/lib/python3.8/site-packages/airflow/example_dags/example_branch_operator_decorator.py
[2022-11-18T17:00:17.460-0300] {logging_mixin.py:115} INFO - [2022-11-18T17:00:17.460-0300] {dag.py:2429} INFO - Sync 1 DAGs
[2022-11-18T17:00:17.476-0300] {logging_mixin.py:115} INFO - [2022-11-18T17:00:17.476-0300] {dag.py:2977} INFO - Setting next_dagrun for example_branch_python_operator_decorator to 2022-11-17T00:00:00+00:00, run_after=2022-11-18T00:00:00+00:00
[2022-11-18T17:00:17.496-0300] {processor.py:161} INFO - Processing /home/juliana/Área de Trabalho/datapipeline/.env/lib/python3.8/site-packages/airflow/example_dags/example_branch_operator_decorator.py took 0.084 seconds
[2022-11-18T17:00:52.107-0300] {processor.py:153} INFO - Started process (PID=3545) to work on /home/juliana/Área de Trabalho/datapipeline/.env/lib/python3.8/site-packages/airflow/example_dags/example_branch_operator_decorator.py
[2022-11-18T17:00:52.109-0300] {processor.py:640} INFO - Processing file /home/juliana/Área de Trabalho/datapipeline/.env/lib/python3.8/site-packages/airflow/example_dags/example_branch_operator_decorator.py for tasks to queue
[2022-11-18T17:00:52.110-0300] {logging_mixin.py:115} INFO - [2022-11-18T17:00:52.110-0300] {dagbag.py:508} INFO - Filling up the DagBag from /home/juliana/Área de Trabalho/datapipeline/.env/lib/python3.8/site-packages/airflow/example_dags/example_branch_operator_decorator.py
[2022-11-18T17:00:52.133-0300] {processor.py:650} INFO - DAG(s) dict_keys(['example_branch_python_operator_decorator']) retrieved from /home/juliana/Área de Trabalho/datapipeline/.env/lib/python3.8/site-packages/airflow/example_dags/example_branch_operator_decorator.py
[2022-11-18T17:00:52.149-0300] {logging_mixin.py:115} INFO - [2022-11-18T17:00:52.149-0300] {dag.py:2429} INFO - Sync 1 DAGs
[2022-11-18T17:00:52.164-0300] {logging_mixin.py:115} INFO - [2022-11-18T17:00:52.164-0300] {dag.py:2977} INFO - Setting next_dagrun for example_branch_python_operator_decorator to 2022-11-17T00:00:00+00:00, run_after=2022-11-18T00:00:00+00:00
[2022-11-18T17:00:52.185-0300] {processor.py:161} INFO - Processing /home/juliana/Área de Trabalho/datapipeline/.env/lib/python3.8/site-packages/airflow/example_dags/example_branch_operator_decorator.py took 0.084 seconds
