[2022-11-18T16:23:18.622-0300] {processor.py:153} INFO - Started process (PID=4623) to work on /home/juliana/Área de Trabalho/datapipeline/.env/lib/python3.8/site-packages/airflow/example_dags/example_task_group.py
[2022-11-18T16:23:18.630-0300] {processor.py:640} INFO - Processing file /home/juliana/Área de Trabalho/datapipeline/.env/lib/python3.8/site-packages/airflow/example_dags/example_task_group.py for tasks to queue
[2022-11-18T16:23:18.631-0300] {logging_mixin.py:115} INFO - [2022-11-18T16:23:18.631-0300] {dagbag.py:508} INFO - Filling up the DagBag from /home/juliana/Área de Trabalho/datapipeline/.env/lib/python3.8/site-packages/airflow/example_dags/example_task_group.py
[2022-11-18T16:23:18.762-0300] {processor.py:650} INFO - DAG(s) dict_keys(['example_task_group']) retrieved from /home/juliana/Área de Trabalho/datapipeline/.env/lib/python3.8/site-packages/airflow/example_dags/example_task_group.py
[2022-11-18T16:23:19.163-0300] {logging_mixin.py:115} INFO - [2022-11-18T16:23:19.144-0300] {dag.py:2429} INFO - Sync 1 DAGs
[2022-11-18T16:23:20.130-0300] {logging_mixin.py:115} INFO - [2022-11-18T16:23:20.049-0300] {dag.py:2977} INFO - Setting next_dagrun for example_task_group to 2022-11-17T19:23:19.935631+00:00, run_after=2022-11-18T19:23:19.935631+00:00
[2022-11-18T16:23:21.126-0300] {processor.py:161} INFO - Processing /home/juliana/Área de Trabalho/datapipeline/.env/lib/python3.8/site-packages/airflow/example_dags/example_task_group.py took 2.563 seconds
[2022-11-18T16:36:53.015-0300] {processor.py:153} INFO - Started process (PID=4870) to work on /home/juliana/Área de Trabalho/datapipeline/.env/lib/python3.8/site-packages/airflow/example_dags/example_task_group.py
[2022-11-18T16:36:53.026-0300] {processor.py:640} INFO - Processing file /home/juliana/Área de Trabalho/datapipeline/.env/lib/python3.8/site-packages/airflow/example_dags/example_task_group.py for tasks to queue
[2022-11-18T16:36:53.027-0300] {logging_mixin.py:115} INFO - [2022-11-18T16:36:53.027-0300] {dagbag.py:508} INFO - Filling up the DagBag from /home/juliana/Área de Trabalho/datapipeline/.env/lib/python3.8/site-packages/airflow/example_dags/example_task_group.py
[2022-11-18T16:36:53.160-0300] {processor.py:650} INFO - DAG(s) dict_keys(['example_task_group']) retrieved from /home/juliana/Área de Trabalho/datapipeline/.env/lib/python3.8/site-packages/airflow/example_dags/example_task_group.py
[2022-11-18T16:36:53.328-0300] {logging_mixin.py:115} INFO - [2022-11-18T16:36:53.320-0300] {dag.py:2429} INFO - Sync 1 DAGs
[2022-11-18T16:36:53.530-0300] {logging_mixin.py:115} INFO - [2022-11-18T16:36:53.506-0300] {dag.py:2977} INFO - Setting next_dagrun for example_task_group to 2022-11-17T19:36:53.475605+00:00, run_after=2022-11-18T19:36:53.475605+00:00
[2022-11-18T16:36:53.738-0300] {processor.py:161} INFO - Processing /home/juliana/Área de Trabalho/datapipeline/.env/lib/python3.8/site-packages/airflow/example_dags/example_task_group.py took 0.751 seconds
[2022-11-18T16:57:03.682-0300] {processor.py:153} INFO - Started process (PID=2293) to work on /home/juliana/Área de Trabalho/datapipeline/.env/lib/python3.8/site-packages/airflow/example_dags/example_task_group.py
[2022-11-18T16:57:03.688-0300] {processor.py:640} INFO - Processing file /home/juliana/Área de Trabalho/datapipeline/.env/lib/python3.8/site-packages/airflow/example_dags/example_task_group.py for tasks to queue
[2022-11-18T16:57:03.689-0300] {logging_mixin.py:115} INFO - [2022-11-18T16:57:03.689-0300] {dagbag.py:508} INFO - Filling up the DagBag from /home/juliana/Área de Trabalho/datapipeline/.env/lib/python3.8/site-packages/airflow/example_dags/example_task_group.py
[2022-11-18T16:57:03.697-0300] {processor.py:650} INFO - DAG(s) dict_keys(['example_task_group']) retrieved from /home/juliana/Área de Trabalho/datapipeline/.env/lib/python3.8/site-packages/airflow/example_dags/example_task_group.py
[2022-11-18T16:57:03.715-0300] {logging_mixin.py:115} INFO - [2022-11-18T16:57:03.715-0300] {dag.py:2429} INFO - Sync 1 DAGs
[2022-11-18T16:57:03.731-0300] {logging_mixin.py:115} INFO - [2022-11-18T16:57:03.731-0300] {dag.py:2977} INFO - Setting next_dagrun for example_task_group to 2022-11-17T19:57:03.731188+00:00, run_after=2022-11-18T19:57:03.731188+00:00
[2022-11-18T16:57:03.746-0300] {processor.py:161} INFO - Processing /home/juliana/Área de Trabalho/datapipeline/.env/lib/python3.8/site-packages/airflow/example_dags/example_task_group.py took 0.067 seconds
[2022-11-18T16:57:38.906-0300] {processor.py:153} INFO - Started process (PID=2368) to work on /home/juliana/Área de Trabalho/datapipeline/.env/lib/python3.8/site-packages/airflow/example_dags/example_task_group.py
[2022-11-18T16:57:38.907-0300] {processor.py:640} INFO - Processing file /home/juliana/Área de Trabalho/datapipeline/.env/lib/python3.8/site-packages/airflow/example_dags/example_task_group.py for tasks to queue
[2022-11-18T16:57:38.908-0300] {logging_mixin.py:115} INFO - [2022-11-18T16:57:38.908-0300] {dagbag.py:508} INFO - Filling up the DagBag from /home/juliana/Área de Trabalho/datapipeline/.env/lib/python3.8/site-packages/airflow/example_dags/example_task_group.py
[2022-11-18T16:57:38.914-0300] {processor.py:650} INFO - DAG(s) dict_keys(['example_task_group']) retrieved from /home/juliana/Área de Trabalho/datapipeline/.env/lib/python3.8/site-packages/airflow/example_dags/example_task_group.py
[2022-11-18T16:57:38.938-0300] {logging_mixin.py:115} INFO - [2022-11-18T16:57:38.938-0300] {dag.py:2429} INFO - Sync 1 DAGs
[2022-11-18T16:57:38.994-0300] {logging_mixin.py:115} INFO - [2022-11-18T16:57:38.994-0300] {dag.py:2977} INFO - Setting next_dagrun for example_task_group to 2022-11-17T19:57:38.994087+00:00, run_after=2022-11-18T19:57:38.994087+00:00
[2022-11-18T16:57:39.017-0300] {processor.py:161} INFO - Processing /home/juliana/Área de Trabalho/datapipeline/.env/lib/python3.8/site-packages/airflow/example_dags/example_task_group.py took 0.117 seconds
[2022-11-18T16:58:13.955-0300] {processor.py:153} INFO - Started process (PID=2745) to work on /home/juliana/Área de Trabalho/datapipeline/.env/lib/python3.8/site-packages/airflow/example_dags/example_task_group.py
[2022-11-18T16:58:13.962-0300] {processor.py:640} INFO - Processing file /home/juliana/Área de Trabalho/datapipeline/.env/lib/python3.8/site-packages/airflow/example_dags/example_task_group.py for tasks to queue
[2022-11-18T16:58:13.964-0300] {logging_mixin.py:115} INFO - [2022-11-18T16:58:13.963-0300] {dagbag.py:508} INFO - Filling up the DagBag from /home/juliana/Área de Trabalho/datapipeline/.env/lib/python3.8/site-packages/airflow/example_dags/example_task_group.py
[2022-11-18T16:58:13.981-0300] {processor.py:650} INFO - DAG(s) dict_keys(['example_task_group']) retrieved from /home/juliana/Área de Trabalho/datapipeline/.env/lib/python3.8/site-packages/airflow/example_dags/example_task_group.py
[2022-11-18T16:58:14.002-0300] {logging_mixin.py:115} INFO - [2022-11-18T16:58:14.002-0300] {dag.py:2429} INFO - Sync 1 DAGs
[2022-11-18T16:58:14.020-0300] {logging_mixin.py:115} INFO - [2022-11-18T16:58:14.020-0300] {dag.py:2977} INFO - Setting next_dagrun for example_task_group to 2022-11-17T19:58:14.020105+00:00, run_after=2022-11-18T19:58:14.020105+00:00
[2022-11-18T16:58:14.048-0300] {processor.py:161} INFO - Processing /home/juliana/Área de Trabalho/datapipeline/.env/lib/python3.8/site-packages/airflow/example_dags/example_task_group.py took 0.099 seconds
[2022-11-18T16:58:49.147-0300] {processor.py:153} INFO - Started process (PID=2975) to work on /home/juliana/Área de Trabalho/datapipeline/.env/lib/python3.8/site-packages/airflow/example_dags/example_task_group.py
[2022-11-18T16:58:49.149-0300] {processor.py:640} INFO - Processing file /home/juliana/Área de Trabalho/datapipeline/.env/lib/python3.8/site-packages/airflow/example_dags/example_task_group.py for tasks to queue
[2022-11-18T16:58:49.149-0300] {logging_mixin.py:115} INFO - [2022-11-18T16:58:49.149-0300] {dagbag.py:508} INFO - Filling up the DagBag from /home/juliana/Área de Trabalho/datapipeline/.env/lib/python3.8/site-packages/airflow/example_dags/example_task_group.py
[2022-11-18T16:58:49.159-0300] {processor.py:650} INFO - DAG(s) dict_keys(['example_task_group']) retrieved from /home/juliana/Área de Trabalho/datapipeline/.env/lib/python3.8/site-packages/airflow/example_dags/example_task_group.py
[2022-11-18T16:58:49.186-0300] {logging_mixin.py:115} INFO - [2022-11-18T16:58:49.186-0300] {dag.py:2429} INFO - Sync 1 DAGs
[2022-11-18T16:58:49.211-0300] {logging_mixin.py:115} INFO - [2022-11-18T16:58:49.211-0300] {dag.py:2977} INFO - Setting next_dagrun for example_task_group to 2022-11-17T19:58:49.211226+00:00, run_after=2022-11-18T19:58:49.211226+00:00
[2022-11-18T16:58:49.236-0300] {processor.py:161} INFO - Processing /home/juliana/Área de Trabalho/datapipeline/.env/lib/python3.8/site-packages/airflow/example_dags/example_task_group.py took 0.099 seconds
[2022-11-18T16:59:24.396-0300] {processor.py:153} INFO - Started process (PID=3169) to work on /home/juliana/Área de Trabalho/datapipeline/.env/lib/python3.8/site-packages/airflow/example_dags/example_task_group.py
[2022-11-18T16:59:24.398-0300] {processor.py:640} INFO - Processing file /home/juliana/Área de Trabalho/datapipeline/.env/lib/python3.8/site-packages/airflow/example_dags/example_task_group.py for tasks to queue
[2022-11-18T16:59:24.398-0300] {logging_mixin.py:115} INFO - [2022-11-18T16:59:24.398-0300] {dagbag.py:508} INFO - Filling up the DagBag from /home/juliana/Área de Trabalho/datapipeline/.env/lib/python3.8/site-packages/airflow/example_dags/example_task_group.py
[2022-11-18T16:59:24.406-0300] {processor.py:650} INFO - DAG(s) dict_keys(['example_task_group']) retrieved from /home/juliana/Área de Trabalho/datapipeline/.env/lib/python3.8/site-packages/airflow/example_dags/example_task_group.py
[2022-11-18T16:59:24.423-0300] {logging_mixin.py:115} INFO - [2022-11-18T16:59:24.423-0300] {dag.py:2429} INFO - Sync 1 DAGs
[2022-11-18T16:59:24.451-0300] {logging_mixin.py:115} INFO - [2022-11-18T16:59:24.451-0300] {dag.py:2977} INFO - Setting next_dagrun for example_task_group to 2022-11-17T19:59:24.450817+00:00, run_after=2022-11-18T19:59:24.450817+00:00
[2022-11-18T16:59:24.477-0300] {processor.py:161} INFO - Processing /home/juliana/Área de Trabalho/datapipeline/.env/lib/python3.8/site-packages/airflow/example_dags/example_task_group.py took 0.085 seconds
[2022-11-18T16:59:59.358-0300] {processor.py:153} INFO - Started process (PID=3389) to work on /home/juliana/Área de Trabalho/datapipeline/.env/lib/python3.8/site-packages/airflow/example_dags/example_task_group.py
[2022-11-18T16:59:59.363-0300] {processor.py:640} INFO - Processing file /home/juliana/Área de Trabalho/datapipeline/.env/lib/python3.8/site-packages/airflow/example_dags/example_task_group.py for tasks to queue
[2022-11-18T16:59:59.364-0300] {logging_mixin.py:115} INFO - [2022-11-18T16:59:59.364-0300] {dagbag.py:508} INFO - Filling up the DagBag from /home/juliana/Área de Trabalho/datapipeline/.env/lib/python3.8/site-packages/airflow/example_dags/example_task_group.py
[2022-11-18T16:59:59.374-0300] {processor.py:650} INFO - DAG(s) dict_keys(['example_task_group']) retrieved from /home/juliana/Área de Trabalho/datapipeline/.env/lib/python3.8/site-packages/airflow/example_dags/example_task_group.py
[2022-11-18T16:59:59.393-0300] {logging_mixin.py:115} INFO - [2022-11-18T16:59:59.393-0300] {dag.py:2429} INFO - Sync 1 DAGs
[2022-11-18T16:59:59.410-0300] {logging_mixin.py:115} INFO - [2022-11-18T16:59:59.410-0300] {dag.py:2977} INFO - Setting next_dagrun for example_task_group to 2022-11-17T19:59:59.410623+00:00, run_after=2022-11-18T19:59:59.410623+00:00
[2022-11-18T16:59:59.430-0300] {processor.py:161} INFO - Processing /home/juliana/Área de Trabalho/datapipeline/.env/lib/python3.8/site-packages/airflow/example_dags/example_task_group.py took 0.076 seconds
[2022-11-18T17:00:36.618-0300] {processor.py:153} INFO - Started process (PID=3529) to work on /home/juliana/Área de Trabalho/datapipeline/.env/lib/python3.8/site-packages/airflow/example_dags/example_task_group.py
[2022-11-18T17:00:36.620-0300] {processor.py:640} INFO - Processing file /home/juliana/Área de Trabalho/datapipeline/.env/lib/python3.8/site-packages/airflow/example_dags/example_task_group.py for tasks to queue
[2022-11-18T17:00:36.621-0300] {logging_mixin.py:115} INFO - [2022-11-18T17:00:36.621-0300] {dagbag.py:508} INFO - Filling up the DagBag from /home/juliana/Área de Trabalho/datapipeline/.env/lib/python3.8/site-packages/airflow/example_dags/example_task_group.py
[2022-11-18T17:00:36.632-0300] {processor.py:650} INFO - DAG(s) dict_keys(['example_task_group']) retrieved from /home/juliana/Área de Trabalho/datapipeline/.env/lib/python3.8/site-packages/airflow/example_dags/example_task_group.py
[2022-11-18T17:00:36.650-0300] {logging_mixin.py:115} INFO - [2022-11-18T17:00:36.650-0300] {dag.py:2429} INFO - Sync 1 DAGs
[2022-11-18T17:00:36.668-0300] {logging_mixin.py:115} INFO - [2022-11-18T17:00:36.668-0300] {dag.py:2977} INFO - Setting next_dagrun for example_task_group to 2022-11-17T20:00:36.667929+00:00, run_after=2022-11-18T20:00:36.667929+00:00
[2022-11-18T17:00:36.687-0300] {processor.py:161} INFO - Processing /home/juliana/Área de Trabalho/datapipeline/.env/lib/python3.8/site-packages/airflow/example_dags/example_task_group.py took 0.075 seconds
