[2022-11-18T16:16:24.912-0300] {processor.py:153} INFO - Started process (PID=4576) to work on /home/juliana/Área de Trabalho/datapipeline/.env/lib/python3.8/site-packages/airflow/example_dags/example_trigger_controller_dag.py
[2022-11-18T16:16:24.916-0300] {processor.py:640} INFO - Processing file /home/juliana/Área de Trabalho/datapipeline/.env/lib/python3.8/site-packages/airflow/example_dags/example_trigger_controller_dag.py for tasks to queue
[2022-11-18T16:16:24.917-0300] {logging_mixin.py:115} INFO - [2022-11-18T16:16:24.917-0300] {dagbag.py:508} INFO - Filling up the DagBag from /home/juliana/Área de Trabalho/datapipeline/.env/lib/python3.8/site-packages/airflow/example_dags/example_trigger_controller_dag.py
[2022-11-18T16:16:24.981-0300] {processor.py:650} INFO - DAG(s) dict_keys(['example_trigger_controller_dag']) retrieved from /home/juliana/Área de Trabalho/datapipeline/.env/lib/python3.8/site-packages/airflow/example_dags/example_trigger_controller_dag.py
[2022-11-18T16:16:25.721-0300] {logging_mixin.py:115} INFO - [2022-11-18T16:16:25.649-0300] {dag.py:2429} INFO - Sync 1 DAGs
[2022-11-18T16:16:29.361-0300] {logging_mixin.py:115} INFO - [2022-11-18T16:16:29.318-0300] {dag.py:2977} INFO - Setting next_dagrun for example_trigger_controller_dag to 2021-01-01T00:00:00+00:00, run_after=2021-01-01T00:00:00+00:00
[2022-11-18T16:16:35.173-0300] {processor.py:161} INFO - Processing /home/juliana/Área de Trabalho/datapipeline/.env/lib/python3.8/site-packages/airflow/example_dags/example_trigger_controller_dag.py took 10.265 seconds
[2022-11-18T16:35:24.008-0300] {processor.py:153} INFO - Started process (PID=4833) to work on /home/juliana/Área de Trabalho/datapipeline/.env/lib/python3.8/site-packages/airflow/example_dags/example_trigger_controller_dag.py
[2022-11-18T16:35:24.023-0300] {processor.py:640} INFO - Processing file /home/juliana/Área de Trabalho/datapipeline/.env/lib/python3.8/site-packages/airflow/example_dags/example_trigger_controller_dag.py for tasks to queue
[2022-11-18T16:35:24.024-0300] {logging_mixin.py:115} INFO - [2022-11-18T16:35:24.023-0300] {dagbag.py:508} INFO - Filling up the DagBag from /home/juliana/Área de Trabalho/datapipeline/.env/lib/python3.8/site-packages/airflow/example_dags/example_trigger_controller_dag.py
[2022-11-18T16:35:24.135-0300] {processor.py:650} INFO - DAG(s) dict_keys(['example_trigger_controller_dag']) retrieved from /home/juliana/Área de Trabalho/datapipeline/.env/lib/python3.8/site-packages/airflow/example_dags/example_trigger_controller_dag.py
[2022-11-18T16:35:25.069-0300] {logging_mixin.py:115} INFO - [2022-11-18T16:35:25.018-0300] {dag.py:2429} INFO - Sync 1 DAGs
[2022-11-18T16:35:26.302-0300] {logging_mixin.py:115} INFO - [2022-11-18T16:35:26.179-0300] {dag.py:2977} INFO - Setting next_dagrun for example_trigger_controller_dag to 2021-01-01T00:00:00+00:00, run_after=2021-01-01T00:00:00+00:00
[2022-11-18T16:35:26.696-0300] {processor.py:161} INFO - Processing /home/juliana/Área de Trabalho/datapipeline/.env/lib/python3.8/site-packages/airflow/example_dags/example_trigger_controller_dag.py took 2.718 seconds
[2022-11-18T16:44:52.613-0300] {processor.py:153} INFO - Started process (PID=5014) to work on /home/juliana/Área de Trabalho/datapipeline/.env/lib/python3.8/site-packages/airflow/example_dags/example_trigger_controller_dag.py
[2022-11-18T16:44:52.739-0300] {processor.py:640} INFO - Processing file /home/juliana/Área de Trabalho/datapipeline/.env/lib/python3.8/site-packages/airflow/example_dags/example_trigger_controller_dag.py for tasks to queue
[2022-11-18T16:44:52.798-0300] {logging_mixin.py:115} INFO - [2022-11-18T16:44:52.786-0300] {dagbag.py:508} INFO - Filling up the DagBag from /home/juliana/Área de Trabalho/datapipeline/.env/lib/python3.8/site-packages/airflow/example_dags/example_trigger_controller_dag.py
[2022-11-18T16:44:53.352-0300] {processor.py:650} INFO - DAG(s) dict_keys(['example_trigger_controller_dag']) retrieved from /home/juliana/Área de Trabalho/datapipeline/.env/lib/python3.8/site-packages/airflow/example_dags/example_trigger_controller_dag.py
[2022-11-18T16:44:56.029-0300] {logging_mixin.py:115} INFO - [2022-11-18T16:44:55.793-0300] {dag.py:2429} INFO - Sync 1 DAGs
[2022-11-18T16:44:56.561-0300] {logging_mixin.py:115} INFO - [2022-11-18T16:44:56.480-0300] {dag.py:2977} INFO - Setting next_dagrun for example_trigger_controller_dag to 2021-01-01T00:00:00+00:00, run_after=2021-01-01T00:00:00+00:00
[2022-11-18T16:45:02.550-0300] {processor.py:161} INFO - Processing /home/juliana/Área de Trabalho/datapipeline/.env/lib/python3.8/site-packages/airflow/example_dags/example_trigger_controller_dag.py took 10.041 seconds
[2022-11-18T16:56:54.568-0300] {processor.py:153} INFO - Started process (PID=2285) to work on /home/juliana/Área de Trabalho/datapipeline/.env/lib/python3.8/site-packages/airflow/example_dags/example_trigger_controller_dag.py
[2022-11-18T16:56:54.581-0300] {processor.py:640} INFO - Processing file /home/juliana/Área de Trabalho/datapipeline/.env/lib/python3.8/site-packages/airflow/example_dags/example_trigger_controller_dag.py for tasks to queue
[2022-11-18T16:56:54.582-0300] {logging_mixin.py:115} INFO - [2022-11-18T16:56:54.582-0300] {dagbag.py:508} INFO - Filling up the DagBag from /home/juliana/Área de Trabalho/datapipeline/.env/lib/python3.8/site-packages/airflow/example_dags/example_trigger_controller_dag.py
[2022-11-18T16:56:54.607-0300] {processor.py:650} INFO - DAG(s) dict_keys(['example_trigger_controller_dag']) retrieved from /home/juliana/Área de Trabalho/datapipeline/.env/lib/python3.8/site-packages/airflow/example_dags/example_trigger_controller_dag.py
[2022-11-18T16:56:54.636-0300] {logging_mixin.py:115} INFO - [2022-11-18T16:56:54.636-0300] {dag.py:2429} INFO - Sync 1 DAGs
[2022-11-18T16:56:54.654-0300] {logging_mixin.py:115} INFO - [2022-11-18T16:56:54.653-0300] {dag.py:2977} INFO - Setting next_dagrun for example_trigger_controller_dag to 2021-01-01T00:00:00+00:00, run_after=2021-01-01T00:00:00+00:00
[2022-11-18T16:56:55.181-0300] {processor.py:161} INFO - Processing /home/juliana/Área de Trabalho/datapipeline/.env/lib/python3.8/site-packages/airflow/example_dags/example_trigger_controller_dag.py took 0.633 seconds
[2022-11-18T16:57:31.020-0300] {processor.py:153} INFO - Started process (PID=2327) to work on /home/juliana/Área de Trabalho/datapipeline/.env/lib/python3.8/site-packages/airflow/example_dags/example_trigger_controller_dag.py
[2022-11-18T16:57:31.021-0300] {processor.py:640} INFO - Processing file /home/juliana/Área de Trabalho/datapipeline/.env/lib/python3.8/site-packages/airflow/example_dags/example_trigger_controller_dag.py for tasks to queue
[2022-11-18T16:57:31.022-0300] {logging_mixin.py:115} INFO - [2022-11-18T16:57:31.022-0300] {dagbag.py:508} INFO - Filling up the DagBag from /home/juliana/Área de Trabalho/datapipeline/.env/lib/python3.8/site-packages/airflow/example_dags/example_trigger_controller_dag.py
[2022-11-18T16:57:31.026-0300] {processor.py:650} INFO - DAG(s) dict_keys(['example_trigger_controller_dag']) retrieved from /home/juliana/Área de Trabalho/datapipeline/.env/lib/python3.8/site-packages/airflow/example_dags/example_trigger_controller_dag.py
[2022-11-18T16:57:31.043-0300] {logging_mixin.py:115} INFO - [2022-11-18T16:57:31.043-0300] {dag.py:2429} INFO - Sync 1 DAGs
[2022-11-18T16:57:31.060-0300] {logging_mixin.py:115} INFO - [2022-11-18T16:57:31.060-0300] {dag.py:2977} INFO - Setting next_dagrun for example_trigger_controller_dag to 2021-01-01T00:00:00+00:00, run_after=2021-01-01T00:00:00+00:00
[2022-11-18T16:57:31.074-0300] {processor.py:161} INFO - Processing /home/juliana/Área de Trabalho/datapipeline/.env/lib/python3.8/site-packages/airflow/example_dags/example_trigger_controller_dag.py took 0.058 seconds
[2022-11-18T16:58:06.381-0300] {processor.py:153} INFO - Started process (PID=2681) to work on /home/juliana/Área de Trabalho/datapipeline/.env/lib/python3.8/site-packages/airflow/example_dags/example_trigger_controller_dag.py
[2022-11-18T16:58:06.386-0300] {processor.py:640} INFO - Processing file /home/juliana/Área de Trabalho/datapipeline/.env/lib/python3.8/site-packages/airflow/example_dags/example_trigger_controller_dag.py for tasks to queue
[2022-11-18T16:58:06.387-0300] {logging_mixin.py:115} INFO - [2022-11-18T16:58:06.387-0300] {dagbag.py:508} INFO - Filling up the DagBag from /home/juliana/Área de Trabalho/datapipeline/.env/lib/python3.8/site-packages/airflow/example_dags/example_trigger_controller_dag.py
[2022-11-18T16:58:06.391-0300] {processor.py:650} INFO - DAG(s) dict_keys(['example_trigger_controller_dag']) retrieved from /home/juliana/Área de Trabalho/datapipeline/.env/lib/python3.8/site-packages/airflow/example_dags/example_trigger_controller_dag.py
[2022-11-18T16:58:06.411-0300] {logging_mixin.py:115} INFO - [2022-11-18T16:58:06.411-0300] {dag.py:2429} INFO - Sync 1 DAGs
[2022-11-18T16:58:06.427-0300] {logging_mixin.py:115} INFO - [2022-11-18T16:58:06.427-0300] {dag.py:2977} INFO - Setting next_dagrun for example_trigger_controller_dag to 2021-01-01T00:00:00+00:00, run_after=2021-01-01T00:00:00+00:00
[2022-11-18T16:58:06.443-0300] {processor.py:161} INFO - Processing /home/juliana/Área de Trabalho/datapipeline/.env/lib/python3.8/site-packages/airflow/example_dags/example_trigger_controller_dag.py took 0.069 seconds
[2022-11-18T16:58:40.350-0300] {processor.py:153} INFO - Started process (PID=2914) to work on /home/juliana/Área de Trabalho/datapipeline/.env/lib/python3.8/site-packages/airflow/example_dags/example_trigger_controller_dag.py
[2022-11-18T16:58:40.351-0300] {processor.py:640} INFO - Processing file /home/juliana/Área de Trabalho/datapipeline/.env/lib/python3.8/site-packages/airflow/example_dags/example_trigger_controller_dag.py for tasks to queue
[2022-11-18T16:58:40.352-0300] {logging_mixin.py:115} INFO - [2022-11-18T16:58:40.352-0300] {dagbag.py:508} INFO - Filling up the DagBag from /home/juliana/Área de Trabalho/datapipeline/.env/lib/python3.8/site-packages/airflow/example_dags/example_trigger_controller_dag.py
[2022-11-18T16:58:40.358-0300] {processor.py:650} INFO - DAG(s) dict_keys(['example_trigger_controller_dag']) retrieved from /home/juliana/Área de Trabalho/datapipeline/.env/lib/python3.8/site-packages/airflow/example_dags/example_trigger_controller_dag.py
[2022-11-18T16:58:40.389-0300] {logging_mixin.py:115} INFO - [2022-11-18T16:58:40.389-0300] {dag.py:2429} INFO - Sync 1 DAGs
[2022-11-18T16:58:40.421-0300] {logging_mixin.py:115} INFO - [2022-11-18T16:58:40.421-0300] {dag.py:2977} INFO - Setting next_dagrun for example_trigger_controller_dag to 2021-01-01T00:00:00+00:00, run_after=2021-01-01T00:00:00+00:00
[2022-11-18T16:58:40.443-0300] {processor.py:161} INFO - Processing /home/juliana/Área de Trabalho/datapipeline/.env/lib/python3.8/site-packages/airflow/example_dags/example_trigger_controller_dag.py took 0.101 seconds
[2022-11-18T16:59:15.117-0300] {processor.py:153} INFO - Started process (PID=3134) to work on /home/juliana/Área de Trabalho/datapipeline/.env/lib/python3.8/site-packages/airflow/example_dags/example_trigger_controller_dag.py
[2022-11-18T16:59:15.124-0300] {processor.py:640} INFO - Processing file /home/juliana/Área de Trabalho/datapipeline/.env/lib/python3.8/site-packages/airflow/example_dags/example_trigger_controller_dag.py for tasks to queue
[2022-11-18T16:59:15.125-0300] {logging_mixin.py:115} INFO - [2022-11-18T16:59:15.125-0300] {dagbag.py:508} INFO - Filling up the DagBag from /home/juliana/Área de Trabalho/datapipeline/.env/lib/python3.8/site-packages/airflow/example_dags/example_trigger_controller_dag.py
[2022-11-18T16:59:15.129-0300] {processor.py:650} INFO - DAG(s) dict_keys(['example_trigger_controller_dag']) retrieved from /home/juliana/Área de Trabalho/datapipeline/.env/lib/python3.8/site-packages/airflow/example_dags/example_trigger_controller_dag.py
[2022-11-18T16:59:15.147-0300] {logging_mixin.py:115} INFO - [2022-11-18T16:59:15.147-0300] {dag.py:2429} INFO - Sync 1 DAGs
[2022-11-18T16:59:15.164-0300] {logging_mixin.py:115} INFO - [2022-11-18T16:59:15.164-0300] {dag.py:2977} INFO - Setting next_dagrun for example_trigger_controller_dag to 2021-01-01T00:00:00+00:00, run_after=2021-01-01T00:00:00+00:00
[2022-11-18T16:59:15.181-0300] {processor.py:161} INFO - Processing /home/juliana/Área de Trabalho/datapipeline/.env/lib/python3.8/site-packages/airflow/example_dags/example_trigger_controller_dag.py took 0.069 seconds
[2022-11-18T16:59:50.188-0300] {processor.py:153} INFO - Started process (PID=3328) to work on /home/juliana/Área de Trabalho/datapipeline/.env/lib/python3.8/site-packages/airflow/example_dags/example_trigger_controller_dag.py
[2022-11-18T16:59:50.189-0300] {processor.py:640} INFO - Processing file /home/juliana/Área de Trabalho/datapipeline/.env/lib/python3.8/site-packages/airflow/example_dags/example_trigger_controller_dag.py for tasks to queue
[2022-11-18T16:59:50.190-0300] {logging_mixin.py:115} INFO - [2022-11-18T16:59:50.190-0300] {dagbag.py:508} INFO - Filling up the DagBag from /home/juliana/Área de Trabalho/datapipeline/.env/lib/python3.8/site-packages/airflow/example_dags/example_trigger_controller_dag.py
[2022-11-18T16:59:50.194-0300] {processor.py:650} INFO - DAG(s) dict_keys(['example_trigger_controller_dag']) retrieved from /home/juliana/Área de Trabalho/datapipeline/.env/lib/python3.8/site-packages/airflow/example_dags/example_trigger_controller_dag.py
[2022-11-18T16:59:50.229-0300] {logging_mixin.py:115} INFO - [2022-11-18T16:59:50.229-0300] {dag.py:2429} INFO - Sync 1 DAGs
[2022-11-18T16:59:50.248-0300] {logging_mixin.py:115} INFO - [2022-11-18T16:59:50.247-0300] {dag.py:2977} INFO - Setting next_dagrun for example_trigger_controller_dag to 2021-01-01T00:00:00+00:00, run_after=2021-01-01T00:00:00+00:00
[2022-11-18T16:59:50.265-0300] {processor.py:161} INFO - Processing /home/juliana/Área de Trabalho/datapipeline/.env/lib/python3.8/site-packages/airflow/example_dags/example_trigger_controller_dag.py took 0.081 seconds
[2022-11-18T17:00:26.140-0300] {processor.py:153} INFO - Started process (PID=3519) to work on /home/juliana/Área de Trabalho/datapipeline/.env/lib/python3.8/site-packages/airflow/example_dags/example_trigger_controller_dag.py
[2022-11-18T17:00:26.142-0300] {processor.py:640} INFO - Processing file /home/juliana/Área de Trabalho/datapipeline/.env/lib/python3.8/site-packages/airflow/example_dags/example_trigger_controller_dag.py for tasks to queue
[2022-11-18T17:00:26.142-0300] {logging_mixin.py:115} INFO - [2022-11-18T17:00:26.142-0300] {dagbag.py:508} INFO - Filling up the DagBag from /home/juliana/Área de Trabalho/datapipeline/.env/lib/python3.8/site-packages/airflow/example_dags/example_trigger_controller_dag.py
[2022-11-18T17:00:26.146-0300] {processor.py:650} INFO - DAG(s) dict_keys(['example_trigger_controller_dag']) retrieved from /home/juliana/Área de Trabalho/datapipeline/.env/lib/python3.8/site-packages/airflow/example_dags/example_trigger_controller_dag.py
[2022-11-18T17:00:26.163-0300] {logging_mixin.py:115} INFO - [2022-11-18T17:00:26.163-0300] {dag.py:2429} INFO - Sync 1 DAGs
[2022-11-18T17:00:26.180-0300] {logging_mixin.py:115} INFO - [2022-11-18T17:00:26.180-0300] {dag.py:2977} INFO - Setting next_dagrun for example_trigger_controller_dag to 2021-01-01T00:00:00+00:00, run_after=2021-01-01T00:00:00+00:00
[2022-11-18T17:00:26.200-0300] {processor.py:161} INFO - Processing /home/juliana/Área de Trabalho/datapipeline/.env/lib/python3.8/site-packages/airflow/example_dags/example_trigger_controller_dag.py took 0.064 seconds
[2022-11-18T17:01:02.530-0300] {processor.py:153} INFO - Started process (PID=3788) to work on /home/juliana/Área de Trabalho/datapipeline/.env/lib/python3.8/site-packages/airflow/example_dags/example_trigger_controller_dag.py
[2022-11-18T17:01:02.543-0300] {processor.py:640} INFO - Processing file /home/juliana/Área de Trabalho/datapipeline/.env/lib/python3.8/site-packages/airflow/example_dags/example_trigger_controller_dag.py for tasks to queue
[2022-11-18T17:01:02.544-0300] {logging_mixin.py:115} INFO - [2022-11-18T17:01:02.543-0300] {dagbag.py:508} INFO - Filling up the DagBag from /home/juliana/Área de Trabalho/datapipeline/.env/lib/python3.8/site-packages/airflow/example_dags/example_trigger_controller_dag.py
[2022-11-18T17:01:02.584-0300] {processor.py:650} INFO - DAG(s) dict_keys(['example_trigger_controller_dag']) retrieved from /home/juliana/Área de Trabalho/datapipeline/.env/lib/python3.8/site-packages/airflow/example_dags/example_trigger_controller_dag.py
[2022-11-18T17:01:02.779-0300] {logging_mixin.py:115} INFO - [2022-11-18T17:01:02.778-0300] {dag.py:2429} INFO - Sync 1 DAGs
[2022-11-18T17:01:02.838-0300] {logging_mixin.py:115} INFO - [2022-11-18T17:01:02.838-0300] {dag.py:2977} INFO - Setting next_dagrun for example_trigger_controller_dag to 2021-01-01T00:00:00+00:00, run_after=2021-01-01T00:00:00+00:00
[2022-11-18T17:01:03.244-0300] {processor.py:161} INFO - Processing /home/juliana/Área de Trabalho/datapipeline/.env/lib/python3.8/site-packages/airflow/example_dags/example_trigger_controller_dag.py took 0.764 seconds
