[2022-11-18T16:23:40.492-0300] {processor.py:153} INFO - Started process (PID=4646) to work on /home/juliana/Área de Trabalho/datapipeline/.env/lib/python3.8/site-packages/airflow/example_dags/example_branch_labels.py
[2022-11-18T16:23:40.616-0300] {processor.py:640} INFO - Processing file /home/juliana/Área de Trabalho/datapipeline/.env/lib/python3.8/site-packages/airflow/example_dags/example_branch_labels.py for tasks to queue
[2022-11-18T16:23:40.666-0300] {logging_mixin.py:115} INFO - [2022-11-18T16:23:40.656-0300] {dagbag.py:508} INFO - Filling up the DagBag from /home/juliana/Área de Trabalho/datapipeline/.env/lib/python3.8/site-packages/airflow/example_dags/example_branch_labels.py
[2022-11-18T16:23:41.422-0300] {processor.py:650} INFO - DAG(s) dict_keys(['example_branch_labels']) retrieved from /home/juliana/Área de Trabalho/datapipeline/.env/lib/python3.8/site-packages/airflow/example_dags/example_branch_labels.py
[2022-11-18T16:23:44.381-0300] {logging_mixin.py:115} INFO - [2022-11-18T16:23:43.989-0300] {dag.py:2429} INFO - Sync 1 DAGs
[2022-11-18T16:24:14.903-0300] {logging_mixin.py:115} INFO - [2022-11-18T16:24:14.577-0300] {dag.py:2977} INFO - Setting next_dagrun for example_branch_labels to 2022-11-17T00:00:00+00:00, run_after=2022-11-18T00:00:00+00:00
[2022-11-18T16:24:23.888-0300] {processor.py:161} INFO - Processing /home/juliana/Área de Trabalho/datapipeline/.env/lib/python3.8/site-packages/airflow/example_dags/example_branch_labels.py took 43.416 seconds
[2022-11-18T16:37:58.309-0300] {processor.py:153} INFO - Started process (PID=4914) to work on /home/juliana/Área de Trabalho/datapipeline/.env/lib/python3.8/site-packages/airflow/example_dags/example_branch_labels.py
[2022-11-18T16:37:58.341-0300] {processor.py:640} INFO - Processing file /home/juliana/Área de Trabalho/datapipeline/.env/lib/python3.8/site-packages/airflow/example_dags/example_branch_labels.py for tasks to queue
[2022-11-18T16:37:58.344-0300] {logging_mixin.py:115} INFO - [2022-11-18T16:37:58.344-0300] {dagbag.py:508} INFO - Filling up the DagBag from /home/juliana/Área de Trabalho/datapipeline/.env/lib/python3.8/site-packages/airflow/example_dags/example_branch_labels.py
[2022-11-18T16:37:58.863-0300] {processor.py:650} INFO - DAG(s) dict_keys(['example_branch_labels']) retrieved from /home/juliana/Área de Trabalho/datapipeline/.env/lib/python3.8/site-packages/airflow/example_dags/example_branch_labels.py
[2022-11-18T16:38:00.181-0300] {logging_mixin.py:115} INFO - [2022-11-18T16:37:59.984-0300] {dag.py:2429} INFO - Sync 1 DAGs
[2022-11-18T16:38:05.390-0300] {logging_mixin.py:115} INFO - [2022-11-18T16:38:05.313-0300] {dag.py:2977} INFO - Setting next_dagrun for example_branch_labels to 2022-11-17T00:00:00+00:00, run_after=2022-11-18T00:00:00+00:00
[2022-11-18T16:38:21.069-0300] {processor.py:161} INFO - Processing /home/juliana/Área de Trabalho/datapipeline/.env/lib/python3.8/site-packages/airflow/example_dags/example_branch_labels.py took 22.790 seconds
[2022-11-18T16:57:08.824-0300] {processor.py:153} INFO - Started process (PID=2299) to work on /home/juliana/Área de Trabalho/datapipeline/.env/lib/python3.8/site-packages/airflow/example_dags/example_branch_labels.py
[2022-11-18T16:57:08.830-0300] {processor.py:640} INFO - Processing file /home/juliana/Área de Trabalho/datapipeline/.env/lib/python3.8/site-packages/airflow/example_dags/example_branch_labels.py for tasks to queue
[2022-11-18T16:57:08.831-0300] {logging_mixin.py:115} INFO - [2022-11-18T16:57:08.830-0300] {dagbag.py:508} INFO - Filling up the DagBag from /home/juliana/Área de Trabalho/datapipeline/.env/lib/python3.8/site-packages/airflow/example_dags/example_branch_labels.py
[2022-11-18T16:57:08.840-0300] {processor.py:650} INFO - DAG(s) dict_keys(['example_branch_labels']) retrieved from /home/juliana/Área de Trabalho/datapipeline/.env/lib/python3.8/site-packages/airflow/example_dags/example_branch_labels.py
[2022-11-18T16:57:08.855-0300] {logging_mixin.py:115} INFO - [2022-11-18T16:57:08.855-0300] {dag.py:2429} INFO - Sync 1 DAGs
[2022-11-18T16:57:08.873-0300] {logging_mixin.py:115} INFO - [2022-11-18T16:57:08.873-0300] {dag.py:2977} INFO - Setting next_dagrun for example_branch_labels to 2022-11-17T00:00:00+00:00, run_after=2022-11-18T00:00:00+00:00
[2022-11-18T16:57:08.888-0300] {processor.py:161} INFO - Processing /home/juliana/Área de Trabalho/datapipeline/.env/lib/python3.8/site-packages/airflow/example_dags/example_branch_labels.py took 0.067 seconds
[2022-11-18T16:57:45.074-0300] {processor.py:153} INFO - Started process (PID=2497) to work on /home/juliana/Área de Trabalho/datapipeline/.env/lib/python3.8/site-packages/airflow/example_dags/example_branch_labels.py
[2022-11-18T16:57:45.078-0300] {processor.py:640} INFO - Processing file /home/juliana/Área de Trabalho/datapipeline/.env/lib/python3.8/site-packages/airflow/example_dags/example_branch_labels.py for tasks to queue
[2022-11-18T16:57:45.079-0300] {logging_mixin.py:115} INFO - [2022-11-18T16:57:45.079-0300] {dagbag.py:508} INFO - Filling up the DagBag from /home/juliana/Área de Trabalho/datapipeline/.env/lib/python3.8/site-packages/airflow/example_dags/example_branch_labels.py
[2022-11-18T16:57:45.091-0300] {processor.py:650} INFO - DAG(s) dict_keys(['example_branch_labels']) retrieved from /home/juliana/Área de Trabalho/datapipeline/.env/lib/python3.8/site-packages/airflow/example_dags/example_branch_labels.py
[2022-11-18T16:57:45.157-0300] {logging_mixin.py:115} INFO - [2022-11-18T16:57:45.156-0300] {dag.py:2429} INFO - Sync 1 DAGs
[2022-11-18T16:57:45.196-0300] {logging_mixin.py:115} INFO - [2022-11-18T16:57:45.196-0300] {dag.py:2977} INFO - Setting next_dagrun for example_branch_labels to 2022-11-17T00:00:00+00:00, run_after=2022-11-18T00:00:00+00:00
[2022-11-18T16:57:45.211-0300] {processor.py:161} INFO - Processing /home/juliana/Área de Trabalho/datapipeline/.env/lib/python3.8/site-packages/airflow/example_dags/example_branch_labels.py took 0.151 seconds
[2022-11-18T16:58:21.197-0300] {processor.py:153} INFO - Started process (PID=2778) to work on /home/juliana/Área de Trabalho/datapipeline/.env/lib/python3.8/site-packages/airflow/example_dags/example_branch_labels.py
[2022-11-18T16:58:21.201-0300] {processor.py:640} INFO - Processing file /home/juliana/Área de Trabalho/datapipeline/.env/lib/python3.8/site-packages/airflow/example_dags/example_branch_labels.py for tasks to queue
[2022-11-18T16:58:21.202-0300] {logging_mixin.py:115} INFO - [2022-11-18T16:58:21.202-0300] {dagbag.py:508} INFO - Filling up the DagBag from /home/juliana/Área de Trabalho/datapipeline/.env/lib/python3.8/site-packages/airflow/example_dags/example_branch_labels.py
[2022-11-18T16:58:21.214-0300] {processor.py:650} INFO - DAG(s) dict_keys(['example_branch_labels']) retrieved from /home/juliana/Área de Trabalho/datapipeline/.env/lib/python3.8/site-packages/airflow/example_dags/example_branch_labels.py
[2022-11-18T16:58:21.233-0300] {logging_mixin.py:115} INFO - [2022-11-18T16:58:21.232-0300] {dag.py:2429} INFO - Sync 1 DAGs
[2022-11-18T16:58:21.254-0300] {logging_mixin.py:115} INFO - [2022-11-18T16:58:21.254-0300] {dag.py:2977} INFO - Setting next_dagrun for example_branch_labels to 2022-11-17T00:00:00+00:00, run_after=2022-11-18T00:00:00+00:00
[2022-11-18T16:58:21.282-0300] {processor.py:161} INFO - Processing /home/juliana/Área de Trabalho/datapipeline/.env/lib/python3.8/site-packages/airflow/example_dags/example_branch_labels.py took 0.094 seconds
[2022-11-18T16:58:54.947-0300] {processor.py:153} INFO - Started process (PID=3009) to work on /home/juliana/Área de Trabalho/datapipeline/.env/lib/python3.8/site-packages/airflow/example_dags/example_branch_labels.py
[2022-11-18T16:58:54.953-0300] {processor.py:640} INFO - Processing file /home/juliana/Área de Trabalho/datapipeline/.env/lib/python3.8/site-packages/airflow/example_dags/example_branch_labels.py for tasks to queue
[2022-11-18T16:58:54.953-0300] {logging_mixin.py:115} INFO - [2022-11-18T16:58:54.953-0300] {dagbag.py:508} INFO - Filling up the DagBag from /home/juliana/Área de Trabalho/datapipeline/.env/lib/python3.8/site-packages/airflow/example_dags/example_branch_labels.py
[2022-11-18T16:58:54.969-0300] {processor.py:650} INFO - DAG(s) dict_keys(['example_branch_labels']) retrieved from /home/juliana/Área de Trabalho/datapipeline/.env/lib/python3.8/site-packages/airflow/example_dags/example_branch_labels.py
[2022-11-18T16:58:54.995-0300] {logging_mixin.py:115} INFO - [2022-11-18T16:58:54.995-0300] {dag.py:2429} INFO - Sync 1 DAGs
[2022-11-18T16:58:55.035-0300] {logging_mixin.py:115} INFO - [2022-11-18T16:58:55.035-0300] {dag.py:2977} INFO - Setting next_dagrun for example_branch_labels to 2022-11-17T00:00:00+00:00, run_after=2022-11-18T00:00:00+00:00
[2022-11-18T16:58:55.058-0300] {processor.py:161} INFO - Processing /home/juliana/Área de Trabalho/datapipeline/.env/lib/python3.8/site-packages/airflow/example_dags/example_branch_labels.py took 0.120 seconds
[2022-11-18T16:59:32.316-0300] {processor.py:153} INFO - Started process (PID=3229) to work on /home/juliana/Área de Trabalho/datapipeline/.env/lib/python3.8/site-packages/airflow/example_dags/example_branch_labels.py
[2022-11-18T16:59:32.318-0300] {processor.py:640} INFO - Processing file /home/juliana/Área de Trabalho/datapipeline/.env/lib/python3.8/site-packages/airflow/example_dags/example_branch_labels.py for tasks to queue
[2022-11-18T16:59:32.319-0300] {logging_mixin.py:115} INFO - [2022-11-18T16:59:32.319-0300] {dagbag.py:508} INFO - Filling up the DagBag from /home/juliana/Área de Trabalho/datapipeline/.env/lib/python3.8/site-packages/airflow/example_dags/example_branch_labels.py
[2022-11-18T16:59:32.329-0300] {processor.py:650} INFO - DAG(s) dict_keys(['example_branch_labels']) retrieved from /home/juliana/Área de Trabalho/datapipeline/.env/lib/python3.8/site-packages/airflow/example_dags/example_branch_labels.py
[2022-11-18T16:59:32.346-0300] {logging_mixin.py:115} INFO - [2022-11-18T16:59:32.345-0300] {dag.py:2429} INFO - Sync 1 DAGs
[2022-11-18T16:59:32.370-0300] {logging_mixin.py:115} INFO - [2022-11-18T16:59:32.370-0300] {dag.py:2977} INFO - Setting next_dagrun for example_branch_labels to 2022-11-17T00:00:00+00:00, run_after=2022-11-18T00:00:00+00:00
[2022-11-18T16:59:32.391-0300] {processor.py:161} INFO - Processing /home/juliana/Área de Trabalho/datapipeline/.env/lib/python3.8/site-packages/airflow/example_dags/example_branch_labels.py took 0.080 seconds
[2022-11-18T17:00:09.212-0300] {processor.py:153} INFO - Started process (PID=3450) to work on /home/juliana/Área de Trabalho/datapipeline/.env/lib/python3.8/site-packages/airflow/example_dags/example_branch_labels.py
[2022-11-18T17:00:09.214-0300] {processor.py:640} INFO - Processing file /home/juliana/Área de Trabalho/datapipeline/.env/lib/python3.8/site-packages/airflow/example_dags/example_branch_labels.py for tasks to queue
[2022-11-18T17:00:09.215-0300] {logging_mixin.py:115} INFO - [2022-11-18T17:00:09.215-0300] {dagbag.py:508} INFO - Filling up the DagBag from /home/juliana/Área de Trabalho/datapipeline/.env/lib/python3.8/site-packages/airflow/example_dags/example_branch_labels.py
[2022-11-18T17:00:09.226-0300] {processor.py:650} INFO - DAG(s) dict_keys(['example_branch_labels']) retrieved from /home/juliana/Área de Trabalho/datapipeline/.env/lib/python3.8/site-packages/airflow/example_dags/example_branch_labels.py
[2022-11-18T17:00:09.244-0300] {logging_mixin.py:115} INFO - [2022-11-18T17:00:09.243-0300] {dag.py:2429} INFO - Sync 1 DAGs
[2022-11-18T17:00:09.261-0300] {logging_mixin.py:115} INFO - [2022-11-18T17:00:09.261-0300] {dag.py:2977} INFO - Setting next_dagrun for example_branch_labels to 2022-11-17T00:00:00+00:00, run_after=2022-11-18T00:00:00+00:00
[2022-11-18T17:00:09.276-0300] {processor.py:161} INFO - Processing /home/juliana/Área de Trabalho/datapipeline/.env/lib/python3.8/site-packages/airflow/example_dags/example_branch_labels.py took 0.069 seconds
[2022-11-18T17:00:44.554-0300] {processor.py:153} INFO - Started process (PID=3538) to work on /home/juliana/Área de Trabalho/datapipeline/.env/lib/python3.8/site-packages/airflow/example_dags/example_branch_labels.py
[2022-11-18T17:00:44.555-0300] {processor.py:640} INFO - Processing file /home/juliana/Área de Trabalho/datapipeline/.env/lib/python3.8/site-packages/airflow/example_dags/example_branch_labels.py for tasks to queue
[2022-11-18T17:00:44.556-0300] {logging_mixin.py:115} INFO - [2022-11-18T17:00:44.556-0300] {dagbag.py:508} INFO - Filling up the DagBag from /home/juliana/Área de Trabalho/datapipeline/.env/lib/python3.8/site-packages/airflow/example_dags/example_branch_labels.py
[2022-11-18T17:00:44.566-0300] {processor.py:650} INFO - DAG(s) dict_keys(['example_branch_labels']) retrieved from /home/juliana/Área de Trabalho/datapipeline/.env/lib/python3.8/site-packages/airflow/example_dags/example_branch_labels.py
[2022-11-18T17:00:44.584-0300] {logging_mixin.py:115} INFO - [2022-11-18T17:00:44.584-0300] {dag.py:2429} INFO - Sync 1 DAGs
[2022-11-18T17:00:44.613-0300] {logging_mixin.py:115} INFO - [2022-11-18T17:00:44.613-0300] {dag.py:2977} INFO - Setting next_dagrun for example_branch_labels to 2022-11-17T00:00:00+00:00, run_after=2022-11-18T00:00:00+00:00
[2022-11-18T17:00:44.639-0300] {processor.py:161} INFO - Processing /home/juliana/Área de Trabalho/datapipeline/.env/lib/python3.8/site-packages/airflow/example_dags/example_branch_labels.py took 0.090 seconds
