[2022-11-18T16:23:25.506-0300] {processor.py:153} INFO - Started process (PID=4640) to work on /home/juliana/Área de Trabalho/datapipeline/.env/lib/python3.8/site-packages/airflow/example_dags/example_branch_python_dop_operator_3.py
[2022-11-18T16:23:25.515-0300] {processor.py:640} INFO - Processing file /home/juliana/Área de Trabalho/datapipeline/.env/lib/python3.8/site-packages/airflow/example_dags/example_branch_python_dop_operator_3.py for tasks to queue
[2022-11-18T16:23:25.516-0300] {logging_mixin.py:115} INFO - [2022-11-18T16:23:25.516-0300] {dagbag.py:508} INFO - Filling up the DagBag from /home/juliana/Área de Trabalho/datapipeline/.env/lib/python3.8/site-packages/airflow/example_dags/example_branch_python_dop_operator_3.py
[2022-11-18T16:23:25.609-0300] {processor.py:650} INFO - DAG(s) dict_keys(['example_branch_dop_operator_v3']) retrieved from /home/juliana/Área de Trabalho/datapipeline/.env/lib/python3.8/site-packages/airflow/example_dags/example_branch_python_dop_operator_3.py
[2022-11-18T16:23:25.807-0300] {logging_mixin.py:115} INFO - [2022-11-18T16:23:25.804-0300] {dag.py:2429} INFO - Sync 1 DAGs
[2022-11-18T16:23:25.970-0300] {logging_mixin.py:115} INFO - [2022-11-18T16:23:25.965-0300] {dag.py:2977} INFO - Setting next_dagrun for example_branch_dop_operator_v3 to 2022-11-18T19:22:00+00:00, run_after=2022-11-18T19:23:00+00:00
[2022-11-18T16:23:26.100-0300] {processor.py:161} INFO - Processing /home/juliana/Área de Trabalho/datapipeline/.env/lib/python3.8/site-packages/airflow/example_dags/example_branch_python_dop_operator_3.py took 0.632 seconds
[2022-11-18T16:37:20.239-0300] {processor.py:153} INFO - Started process (PID=4884) to work on /home/juliana/Área de Trabalho/datapipeline/.env/lib/python3.8/site-packages/airflow/example_dags/example_branch_python_dop_operator_3.py
[2022-11-18T16:37:20.245-0300] {processor.py:640} INFO - Processing file /home/juliana/Área de Trabalho/datapipeline/.env/lib/python3.8/site-packages/airflow/example_dags/example_branch_python_dop_operator_3.py for tasks to queue
[2022-11-18T16:37:20.257-0300] {logging_mixin.py:115} INFO - [2022-11-18T16:37:20.246-0300] {dagbag.py:508} INFO - Filling up the DagBag from /home/juliana/Área de Trabalho/datapipeline/.env/lib/python3.8/site-packages/airflow/example_dags/example_branch_python_dop_operator_3.py
[2022-11-18T16:37:20.438-0300] {processor.py:650} INFO - DAG(s) dict_keys(['example_branch_dop_operator_v3']) retrieved from /home/juliana/Área de Trabalho/datapipeline/.env/lib/python3.8/site-packages/airflow/example_dags/example_branch_python_dop_operator_3.py
[2022-11-18T16:37:21.709-0300] {logging_mixin.py:115} INFO - [2022-11-18T16:37:21.455-0300] {dag.py:2429} INFO - Sync 1 DAGs
[2022-11-18T16:37:34.542-0300] {logging_mixin.py:115} INFO - [2022-11-18T16:37:34.478-0300] {dag.py:2977} INFO - Setting next_dagrun for example_branch_dop_operator_v3 to 2022-11-18T19:36:00+00:00, run_after=2022-11-18T19:37:00+00:00
[2022-11-18T16:37:50.137-0300] {processor.py:161} INFO - Processing /home/juliana/Área de Trabalho/datapipeline/.env/lib/python3.8/site-packages/airflow/example_dags/example_branch_python_dop_operator_3.py took 29.928 seconds
[2022-11-18T16:57:06.123-0300] {processor.py:153} INFO - Started process (PID=2295) to work on /home/juliana/Área de Trabalho/datapipeline/.env/lib/python3.8/site-packages/airflow/example_dags/example_branch_python_dop_operator_3.py
[2022-11-18T16:57:06.127-0300] {processor.py:640} INFO - Processing file /home/juliana/Área de Trabalho/datapipeline/.env/lib/python3.8/site-packages/airflow/example_dags/example_branch_python_dop_operator_3.py for tasks to queue
[2022-11-18T16:57:06.128-0300] {logging_mixin.py:115} INFO - [2022-11-18T16:57:06.128-0300] {dagbag.py:508} INFO - Filling up the DagBag from /home/juliana/Área de Trabalho/datapipeline/.env/lib/python3.8/site-packages/airflow/example_dags/example_branch_python_dop_operator_3.py
[2022-11-18T16:57:06.149-0300] {processor.py:650} INFO - DAG(s) dict_keys(['example_branch_dop_operator_v3']) retrieved from /home/juliana/Área de Trabalho/datapipeline/.env/lib/python3.8/site-packages/airflow/example_dags/example_branch_python_dop_operator_3.py
[2022-11-18T16:57:06.190-0300] {logging_mixin.py:115} INFO - [2022-11-18T16:57:06.190-0300] {dag.py:2429} INFO - Sync 1 DAGs
[2022-11-18T16:57:06.235-0300] {logging_mixin.py:115} INFO - [2022-11-18T16:57:06.234-0300] {dag.py:2977} INFO - Setting next_dagrun for example_branch_dop_operator_v3 to 2022-11-18T19:56:00+00:00, run_after=2022-11-18T19:57:00+00:00
[2022-11-18T16:57:06.272-0300] {processor.py:161} INFO - Processing /home/juliana/Área de Trabalho/datapipeline/.env/lib/python3.8/site-packages/airflow/example_dags/example_branch_python_dop_operator_3.py took 0.154 seconds
[2022-11-18T16:57:40.296-0300] {processor.py:153} INFO - Started process (PID=2433) to work on /home/juliana/Área de Trabalho/datapipeline/.env/lib/python3.8/site-packages/airflow/example_dags/example_branch_python_dop_operator_3.py
[2022-11-18T16:57:40.299-0300] {processor.py:640} INFO - Processing file /home/juliana/Área de Trabalho/datapipeline/.env/lib/python3.8/site-packages/airflow/example_dags/example_branch_python_dop_operator_3.py for tasks to queue
[2022-11-18T16:57:40.300-0300] {logging_mixin.py:115} INFO - [2022-11-18T16:57:40.300-0300] {dagbag.py:508} INFO - Filling up the DagBag from /home/juliana/Área de Trabalho/datapipeline/.env/lib/python3.8/site-packages/airflow/example_dags/example_branch_python_dop_operator_3.py
[2022-11-18T16:57:40.323-0300] {processor.py:650} INFO - DAG(s) dict_keys(['example_branch_dop_operator_v3']) retrieved from /home/juliana/Área de Trabalho/datapipeline/.env/lib/python3.8/site-packages/airflow/example_dags/example_branch_python_dop_operator_3.py
[2022-11-18T16:57:40.363-0300] {logging_mixin.py:115} INFO - [2022-11-18T16:57:40.363-0300] {dag.py:2429} INFO - Sync 1 DAGs
[2022-11-18T16:57:40.414-0300] {logging_mixin.py:115} INFO - [2022-11-18T16:57:40.413-0300] {dag.py:2977} INFO - Setting next_dagrun for example_branch_dop_operator_v3 to 2022-11-18T19:56:00+00:00, run_after=2022-11-18T19:57:00+00:00
[2022-11-18T16:57:40.435-0300] {processor.py:161} INFO - Processing /home/juliana/Área de Trabalho/datapipeline/.env/lib/python3.8/site-packages/airflow/example_dags/example_branch_python_dop_operator_3.py took 0.150 seconds
[2022-11-18T16:58:16.363-0300] {processor.py:153} INFO - Started process (PID=2747) to work on /home/juliana/Área de Trabalho/datapipeline/.env/lib/python3.8/site-packages/airflow/example_dags/example_branch_python_dop_operator_3.py
[2022-11-18T16:58:16.365-0300] {processor.py:640} INFO - Processing file /home/juliana/Área de Trabalho/datapipeline/.env/lib/python3.8/site-packages/airflow/example_dags/example_branch_python_dop_operator_3.py for tasks to queue
[2022-11-18T16:58:16.366-0300] {logging_mixin.py:115} INFO - [2022-11-18T16:58:16.366-0300] {dagbag.py:508} INFO - Filling up the DagBag from /home/juliana/Área de Trabalho/datapipeline/.env/lib/python3.8/site-packages/airflow/example_dags/example_branch_python_dop_operator_3.py
[2022-11-18T16:58:16.381-0300] {processor.py:650} INFO - DAG(s) dict_keys(['example_branch_dop_operator_v3']) retrieved from /home/juliana/Área de Trabalho/datapipeline/.env/lib/python3.8/site-packages/airflow/example_dags/example_branch_python_dop_operator_3.py
[2022-11-18T16:58:16.397-0300] {logging_mixin.py:115} INFO - [2022-11-18T16:58:16.397-0300] {dag.py:2429} INFO - Sync 1 DAGs
[2022-11-18T16:58:16.418-0300] {logging_mixin.py:115} INFO - [2022-11-18T16:58:16.418-0300] {dag.py:2977} INFO - Setting next_dagrun for example_branch_dop_operator_v3 to 2022-11-18T19:57:00+00:00, run_after=2022-11-18T19:58:00+00:00
[2022-11-18T16:58:16.434-0300] {processor.py:161} INFO - Processing /home/juliana/Área de Trabalho/datapipeline/.env/lib/python3.8/site-packages/airflow/example_dags/example_branch_python_dop_operator_3.py took 0.074 seconds
[2022-11-18T16:58:50.597-0300] {processor.py:153} INFO - Started process (PID=2977) to work on /home/juliana/Área de Trabalho/datapipeline/.env/lib/python3.8/site-packages/airflow/example_dags/example_branch_python_dop_operator_3.py
[2022-11-18T16:58:50.598-0300] {processor.py:640} INFO - Processing file /home/juliana/Área de Trabalho/datapipeline/.env/lib/python3.8/site-packages/airflow/example_dags/example_branch_python_dop_operator_3.py for tasks to queue
[2022-11-18T16:58:50.598-0300] {logging_mixin.py:115} INFO - [2022-11-18T16:58:50.598-0300] {dagbag.py:508} INFO - Filling up the DagBag from /home/juliana/Área de Trabalho/datapipeline/.env/lib/python3.8/site-packages/airflow/example_dags/example_branch_python_dop_operator_3.py
[2022-11-18T16:58:50.609-0300] {processor.py:650} INFO - DAG(s) dict_keys(['example_branch_dop_operator_v3']) retrieved from /home/juliana/Área de Trabalho/datapipeline/.env/lib/python3.8/site-packages/airflow/example_dags/example_branch_python_dop_operator_3.py
[2022-11-18T16:58:50.631-0300] {logging_mixin.py:115} INFO - [2022-11-18T16:58:50.631-0300] {dag.py:2429} INFO - Sync 1 DAGs
[2022-11-18T16:58:50.656-0300] {logging_mixin.py:115} INFO - [2022-11-18T16:58:50.655-0300] {dag.py:2977} INFO - Setting next_dagrun for example_branch_dop_operator_v3 to 2022-11-18T19:57:00+00:00, run_after=2022-11-18T19:58:00+00:00
[2022-11-18T16:58:50.683-0300] {processor.py:161} INFO - Processing /home/juliana/Área de Trabalho/datapipeline/.env/lib/python3.8/site-packages/airflow/example_dags/example_branch_python_dop_operator_3.py took 0.093 seconds
[2022-11-18T16:59:26.477-0300] {processor.py:153} INFO - Started process (PID=3197) to work on /home/juliana/Área de Trabalho/datapipeline/.env/lib/python3.8/site-packages/airflow/example_dags/example_branch_python_dop_operator_3.py
[2022-11-18T16:59:26.480-0300] {processor.py:640} INFO - Processing file /home/juliana/Área de Trabalho/datapipeline/.env/lib/python3.8/site-packages/airflow/example_dags/example_branch_python_dop_operator_3.py for tasks to queue
[2022-11-18T16:59:26.481-0300] {logging_mixin.py:115} INFO - [2022-11-18T16:59:26.481-0300] {dagbag.py:508} INFO - Filling up the DagBag from /home/juliana/Área de Trabalho/datapipeline/.env/lib/python3.8/site-packages/airflow/example_dags/example_branch_python_dop_operator_3.py
[2022-11-18T16:59:26.495-0300] {processor.py:650} INFO - DAG(s) dict_keys(['example_branch_dop_operator_v3']) retrieved from /home/juliana/Área de Trabalho/datapipeline/.env/lib/python3.8/site-packages/airflow/example_dags/example_branch_python_dop_operator_3.py
[2022-11-18T16:59:26.511-0300] {logging_mixin.py:115} INFO - [2022-11-18T16:59:26.511-0300] {dag.py:2429} INFO - Sync 1 DAGs
[2022-11-18T16:59:26.533-0300] {logging_mixin.py:115} INFO - [2022-11-18T16:59:26.533-0300] {dag.py:2977} INFO - Setting next_dagrun for example_branch_dop_operator_v3 to 2022-11-18T19:58:00+00:00, run_after=2022-11-18T19:59:00+00:00
[2022-11-18T16:59:26.549-0300] {processor.py:161} INFO - Processing /home/juliana/Área de Trabalho/datapipeline/.env/lib/python3.8/site-packages/airflow/example_dags/example_branch_python_dop_operator_3.py took 0.078 seconds
[2022-11-18T17:00:02.786-0300] {processor.py:153} INFO - Started process (PID=3418) to work on /home/juliana/Área de Trabalho/datapipeline/.env/lib/python3.8/site-packages/airflow/example_dags/example_branch_python_dop_operator_3.py
[2022-11-18T17:00:02.793-0300] {processor.py:640} INFO - Processing file /home/juliana/Área de Trabalho/datapipeline/.env/lib/python3.8/site-packages/airflow/example_dags/example_branch_python_dop_operator_3.py for tasks to queue
[2022-11-18T17:00:02.794-0300] {logging_mixin.py:115} INFO - [2022-11-18T17:00:02.794-0300] {dagbag.py:508} INFO - Filling up the DagBag from /home/juliana/Área de Trabalho/datapipeline/.env/lib/python3.8/site-packages/airflow/example_dags/example_branch_python_dop_operator_3.py
[2022-11-18T17:00:02.813-0300] {processor.py:650} INFO - DAG(s) dict_keys(['example_branch_dop_operator_v3']) retrieved from /home/juliana/Área de Trabalho/datapipeline/.env/lib/python3.8/site-packages/airflow/example_dags/example_branch_python_dop_operator_3.py
[2022-11-18T17:00:02.828-0300] {logging_mixin.py:115} INFO - [2022-11-18T17:00:02.828-0300] {dag.py:2429} INFO - Sync 1 DAGs
[2022-11-18T17:00:02.847-0300] {logging_mixin.py:115} INFO - [2022-11-18T17:00:02.846-0300] {dag.py:2977} INFO - Setting next_dagrun for example_branch_dop_operator_v3 to 2022-11-18T19:59:00+00:00, run_after=2022-11-18T20:00:00+00:00
[2022-11-18T17:00:02.868-0300] {processor.py:161} INFO - Processing /home/juliana/Área de Trabalho/datapipeline/.env/lib/python3.8/site-packages/airflow/example_dags/example_branch_python_dop_operator_3.py took 0.088 seconds
[2022-11-18T17:00:38.263-0300] {processor.py:153} INFO - Started process (PID=3531) to work on /home/juliana/Área de Trabalho/datapipeline/.env/lib/python3.8/site-packages/airflow/example_dags/example_branch_python_dop_operator_3.py
[2022-11-18T17:00:38.265-0300] {processor.py:640} INFO - Processing file /home/juliana/Área de Trabalho/datapipeline/.env/lib/python3.8/site-packages/airflow/example_dags/example_branch_python_dop_operator_3.py for tasks to queue
[2022-11-18T17:00:38.266-0300] {logging_mixin.py:115} INFO - [2022-11-18T17:00:38.266-0300] {dagbag.py:508} INFO - Filling up the DagBag from /home/juliana/Área de Trabalho/datapipeline/.env/lib/python3.8/site-packages/airflow/example_dags/example_branch_python_dop_operator_3.py
[2022-11-18T17:00:38.280-0300] {processor.py:650} INFO - DAG(s) dict_keys(['example_branch_dop_operator_v3']) retrieved from /home/juliana/Área de Trabalho/datapipeline/.env/lib/python3.8/site-packages/airflow/example_dags/example_branch_python_dop_operator_3.py
[2022-11-18T17:00:38.297-0300] {logging_mixin.py:115} INFO - [2022-11-18T17:00:38.297-0300] {dag.py:2429} INFO - Sync 1 DAGs
[2022-11-18T17:00:38.317-0300] {logging_mixin.py:115} INFO - [2022-11-18T17:00:38.317-0300] {dag.py:2977} INFO - Setting next_dagrun for example_branch_dop_operator_v3 to 2022-11-18T19:59:00+00:00, run_after=2022-11-18T20:00:00+00:00
[2022-11-18T17:00:38.335-0300] {processor.py:161} INFO - Processing /home/juliana/Área de Trabalho/datapipeline/.env/lib/python3.8/site-packages/airflow/example_dags/example_branch_python_dop_operator_3.py took 0.078 seconds
