[2022-11-18T16:23:22.480-0300] {processor.py:153} INFO - Started process (PID=4627) to work on /home/juliana/Área de Trabalho/datapipeline/.env/lib/python3.8/site-packages/airflow/example_dags/tutorial_etl_dag.py
[2022-11-18T16:23:22.483-0300] {processor.py:640} INFO - Processing file /home/juliana/Área de Trabalho/datapipeline/.env/lib/python3.8/site-packages/airflow/example_dags/tutorial_etl_dag.py for tasks to queue
[2022-11-18T16:23:22.486-0300] {logging_mixin.py:115} INFO - [2022-11-18T16:23:22.484-0300] {dagbag.py:508} INFO - Filling up the DagBag from /home/juliana/Área de Trabalho/datapipeline/.env/lib/python3.8/site-packages/airflow/example_dags/tutorial_etl_dag.py
[2022-11-18T16:23:22.550-0300] {processor.py:650} INFO - DAG(s) dict_keys(['tutorial_etl_dag']) retrieved from /home/juliana/Área de Trabalho/datapipeline/.env/lib/python3.8/site-packages/airflow/example_dags/tutorial_etl_dag.py
[2022-11-18T16:23:22.738-0300] {logging_mixin.py:115} INFO - [2022-11-18T16:23:22.729-0300] {dag.py:2429} INFO - Sync 1 DAGs
[2022-11-18T16:23:22.853-0300] {logging_mixin.py:115} INFO - [2022-11-18T16:23:22.853-0300] {dag.py:2977} INFO - Setting next_dagrun for tutorial_etl_dag to None, run_after=None
[2022-11-18T16:23:23.321-0300] {processor.py:161} INFO - Processing /home/juliana/Área de Trabalho/datapipeline/.env/lib/python3.8/site-packages/airflow/example_dags/tutorial_etl_dag.py took 0.868 seconds
[2022-11-18T16:36:55.202-0300] {processor.py:153} INFO - Started process (PID=4878) to work on /home/juliana/Área de Trabalho/datapipeline/.env/lib/python3.8/site-packages/airflow/example_dags/tutorial_etl_dag.py
[2022-11-18T16:36:55.215-0300] {processor.py:640} INFO - Processing file /home/juliana/Área de Trabalho/datapipeline/.env/lib/python3.8/site-packages/airflow/example_dags/tutorial_etl_dag.py for tasks to queue
[2022-11-18T16:36:55.216-0300] {logging_mixin.py:115} INFO - [2022-11-18T16:36:55.216-0300] {dagbag.py:508} INFO - Filling up the DagBag from /home/juliana/Área de Trabalho/datapipeline/.env/lib/python3.8/site-packages/airflow/example_dags/tutorial_etl_dag.py
[2022-11-18T16:36:56.166-0300] {processor.py:650} INFO - DAG(s) dict_keys(['tutorial_etl_dag']) retrieved from /home/juliana/Área de Trabalho/datapipeline/.env/lib/python3.8/site-packages/airflow/example_dags/tutorial_etl_dag.py
[2022-11-18T16:36:59.093-0300] {logging_mixin.py:115} INFO - [2022-11-18T16:36:58.952-0300] {dag.py:2429} INFO - Sync 1 DAGs
[2022-11-18T16:37:05.603-0300] {logging_mixin.py:115} INFO - [2022-11-18T16:37:05.561-0300] {dag.py:2977} INFO - Setting next_dagrun for tutorial_etl_dag to None, run_after=None
[2022-11-18T16:37:18.148-0300] {processor.py:161} INFO - Processing /home/juliana/Área de Trabalho/datapipeline/.env/lib/python3.8/site-packages/airflow/example_dags/tutorial_etl_dag.py took 22.961 seconds
[2022-11-18T16:57:04.839-0300] {processor.py:153} INFO - Started process (PID=2294) to work on /home/juliana/Área de Trabalho/datapipeline/.env/lib/python3.8/site-packages/airflow/example_dags/tutorial_etl_dag.py
[2022-11-18T16:57:04.848-0300] {processor.py:640} INFO - Processing file /home/juliana/Área de Trabalho/datapipeline/.env/lib/python3.8/site-packages/airflow/example_dags/tutorial_etl_dag.py for tasks to queue
[2022-11-18T16:57:04.849-0300] {logging_mixin.py:115} INFO - [2022-11-18T16:57:04.849-0300] {dagbag.py:508} INFO - Filling up the DagBag from /home/juliana/Área de Trabalho/datapipeline/.env/lib/python3.8/site-packages/airflow/example_dags/tutorial_etl_dag.py
[2022-11-18T16:57:04.856-0300] {processor.py:650} INFO - DAG(s) dict_keys(['tutorial_etl_dag']) retrieved from /home/juliana/Área de Trabalho/datapipeline/.env/lib/python3.8/site-packages/airflow/example_dags/tutorial_etl_dag.py
[2022-11-18T16:57:04.889-0300] {logging_mixin.py:115} INFO - [2022-11-18T16:57:04.888-0300] {dag.py:2429} INFO - Sync 1 DAGs
[2022-11-18T16:57:04.922-0300] {logging_mixin.py:115} INFO - [2022-11-18T16:57:04.922-0300] {dag.py:2977} INFO - Setting next_dagrun for tutorial_etl_dag to None, run_after=None
[2022-11-18T16:57:04.954-0300] {processor.py:161} INFO - Processing /home/juliana/Área de Trabalho/datapipeline/.env/lib/python3.8/site-packages/airflow/example_dags/tutorial_etl_dag.py took 0.118 seconds
[2022-11-18T16:57:39.227-0300] {processor.py:153} INFO - Started process (PID=2395) to work on /home/juliana/Área de Trabalho/datapipeline/.env/lib/python3.8/site-packages/airflow/example_dags/tutorial_etl_dag.py
[2022-11-18T16:57:39.228-0300] {processor.py:640} INFO - Processing file /home/juliana/Área de Trabalho/datapipeline/.env/lib/python3.8/site-packages/airflow/example_dags/tutorial_etl_dag.py for tasks to queue
[2022-11-18T16:57:39.233-0300] {logging_mixin.py:115} INFO - [2022-11-18T16:57:39.232-0300] {dagbag.py:508} INFO - Filling up the DagBag from /home/juliana/Área de Trabalho/datapipeline/.env/lib/python3.8/site-packages/airflow/example_dags/tutorial_etl_dag.py
[2022-11-18T16:57:39.245-0300] {processor.py:650} INFO - DAG(s) dict_keys(['tutorial_etl_dag']) retrieved from /home/juliana/Área de Trabalho/datapipeline/.env/lib/python3.8/site-packages/airflow/example_dags/tutorial_etl_dag.py
[2022-11-18T16:57:39.276-0300] {logging_mixin.py:115} INFO - [2022-11-18T16:57:39.276-0300] {dag.py:2429} INFO - Sync 1 DAGs
[2022-11-18T16:57:39.324-0300] {logging_mixin.py:115} INFO - [2022-11-18T16:57:39.323-0300] {dag.py:2977} INFO - Setting next_dagrun for tutorial_etl_dag to None, run_after=None
[2022-11-18T16:57:39.370-0300] {processor.py:161} INFO - Processing /home/juliana/Área de Trabalho/datapipeline/.env/lib/python3.8/site-packages/airflow/example_dags/tutorial_etl_dag.py took 0.149 seconds
[2022-11-18T16:58:15.219-0300] {processor.py:153} INFO - Started process (PID=2746) to work on /home/juliana/Área de Trabalho/datapipeline/.env/lib/python3.8/site-packages/airflow/example_dags/tutorial_etl_dag.py
[2022-11-18T16:58:15.220-0300] {processor.py:640} INFO - Processing file /home/juliana/Área de Trabalho/datapipeline/.env/lib/python3.8/site-packages/airflow/example_dags/tutorial_etl_dag.py for tasks to queue
[2022-11-18T16:58:15.221-0300] {logging_mixin.py:115} INFO - [2022-11-18T16:58:15.221-0300] {dagbag.py:508} INFO - Filling up the DagBag from /home/juliana/Área de Trabalho/datapipeline/.env/lib/python3.8/site-packages/airflow/example_dags/tutorial_etl_dag.py
[2022-11-18T16:58:15.232-0300] {processor.py:650} INFO - DAG(s) dict_keys(['tutorial_etl_dag']) retrieved from /home/juliana/Área de Trabalho/datapipeline/.env/lib/python3.8/site-packages/airflow/example_dags/tutorial_etl_dag.py
[2022-11-18T16:58:15.249-0300] {logging_mixin.py:115} INFO - [2022-11-18T16:58:15.249-0300] {dag.py:2429} INFO - Sync 1 DAGs
[2022-11-18T16:58:15.266-0300] {logging_mixin.py:115} INFO - [2022-11-18T16:58:15.266-0300] {dag.py:2977} INFO - Setting next_dagrun for tutorial_etl_dag to None, run_after=None
[2022-11-18T16:58:15.283-0300] {processor.py:161} INFO - Processing /home/juliana/Área de Trabalho/datapipeline/.env/lib/python3.8/site-packages/airflow/example_dags/tutorial_etl_dag.py took 0.068 seconds
[2022-11-18T16:58:50.404-0300] {processor.py:153} INFO - Started process (PID=2976) to work on /home/juliana/Área de Trabalho/datapipeline/.env/lib/python3.8/site-packages/airflow/example_dags/tutorial_etl_dag.py
[2022-11-18T16:58:50.406-0300] {processor.py:640} INFO - Processing file /home/juliana/Área de Trabalho/datapipeline/.env/lib/python3.8/site-packages/airflow/example_dags/tutorial_etl_dag.py for tasks to queue
[2022-11-18T16:58:50.406-0300] {logging_mixin.py:115} INFO - [2022-11-18T16:58:50.406-0300] {dagbag.py:508} INFO - Filling up the DagBag from /home/juliana/Área de Trabalho/datapipeline/.env/lib/python3.8/site-packages/airflow/example_dags/tutorial_etl_dag.py
[2022-11-18T16:58:50.418-0300] {processor.py:650} INFO - DAG(s) dict_keys(['tutorial_etl_dag']) retrieved from /home/juliana/Área de Trabalho/datapipeline/.env/lib/python3.8/site-packages/airflow/example_dags/tutorial_etl_dag.py
[2022-11-18T16:58:50.437-0300] {logging_mixin.py:115} INFO - [2022-11-18T16:58:50.437-0300] {dag.py:2429} INFO - Sync 1 DAGs
[2022-11-18T16:58:50.458-0300] {logging_mixin.py:115} INFO - [2022-11-18T16:58:50.458-0300] {dag.py:2977} INFO - Setting next_dagrun for tutorial_etl_dag to None, run_after=None
[2022-11-18T16:58:50.488-0300] {processor.py:161} INFO - Processing /home/juliana/Área de Trabalho/datapipeline/.env/lib/python3.8/site-packages/airflow/example_dags/tutorial_etl_dag.py took 0.087 seconds
[2022-11-18T16:59:25.335-0300] {processor.py:153} INFO - Started process (PID=3196) to work on /home/juliana/Área de Trabalho/datapipeline/.env/lib/python3.8/site-packages/airflow/example_dags/tutorial_etl_dag.py
[2022-11-18T16:59:25.337-0300] {processor.py:640} INFO - Processing file /home/juliana/Área de Trabalho/datapipeline/.env/lib/python3.8/site-packages/airflow/example_dags/tutorial_etl_dag.py for tasks to queue
[2022-11-18T16:59:25.338-0300] {logging_mixin.py:115} INFO - [2022-11-18T16:59:25.338-0300] {dagbag.py:508} INFO - Filling up the DagBag from /home/juliana/Área de Trabalho/datapipeline/.env/lib/python3.8/site-packages/airflow/example_dags/tutorial_etl_dag.py
[2022-11-18T16:59:25.350-0300] {processor.py:650} INFO - DAG(s) dict_keys(['tutorial_etl_dag']) retrieved from /home/juliana/Área de Trabalho/datapipeline/.env/lib/python3.8/site-packages/airflow/example_dags/tutorial_etl_dag.py
[2022-11-18T16:59:25.371-0300] {logging_mixin.py:115} INFO - [2022-11-18T16:59:25.371-0300] {dag.py:2429} INFO - Sync 1 DAGs
[2022-11-18T16:59:25.387-0300] {logging_mixin.py:115} INFO - [2022-11-18T16:59:25.386-0300] {dag.py:2977} INFO - Setting next_dagrun for tutorial_etl_dag to None, run_after=None
[2022-11-18T16:59:25.406-0300] {processor.py:161} INFO - Processing /home/juliana/Área de Trabalho/datapipeline/.env/lib/python3.8/site-packages/airflow/example_dags/tutorial_etl_dag.py took 0.077 seconds
[2022-11-18T17:00:01.638-0300] {processor.py:153} INFO - Started process (PID=3417) to work on /home/juliana/Área de Trabalho/datapipeline/.env/lib/python3.8/site-packages/airflow/example_dags/tutorial_etl_dag.py
[2022-11-18T17:00:01.640-0300] {processor.py:640} INFO - Processing file /home/juliana/Área de Trabalho/datapipeline/.env/lib/python3.8/site-packages/airflow/example_dags/tutorial_etl_dag.py for tasks to queue
[2022-11-18T17:00:01.641-0300] {logging_mixin.py:115} INFO - [2022-11-18T17:00:01.641-0300] {dagbag.py:508} INFO - Filling up the DagBag from /home/juliana/Área de Trabalho/datapipeline/.env/lib/python3.8/site-packages/airflow/example_dags/tutorial_etl_dag.py
[2022-11-18T17:00:01.650-0300] {processor.py:650} INFO - DAG(s) dict_keys(['tutorial_etl_dag']) retrieved from /home/juliana/Área de Trabalho/datapipeline/.env/lib/python3.8/site-packages/airflow/example_dags/tutorial_etl_dag.py
[2022-11-18T17:00:01.666-0300] {logging_mixin.py:115} INFO - [2022-11-18T17:00:01.666-0300] {dag.py:2429} INFO - Sync 1 DAGs
[2022-11-18T17:00:01.682-0300] {logging_mixin.py:115} INFO - [2022-11-18T17:00:01.682-0300] {dag.py:2977} INFO - Setting next_dagrun for tutorial_etl_dag to None, run_after=None
[2022-11-18T17:00:01.702-0300] {processor.py:161} INFO - Processing /home/juliana/Área de Trabalho/datapipeline/.env/lib/python3.8/site-packages/airflow/example_dags/tutorial_etl_dag.py took 0.069 seconds
[2022-11-18T17:00:37.109-0300] {processor.py:153} INFO - Started process (PID=3530) to work on /home/juliana/Área de Trabalho/datapipeline/.env/lib/python3.8/site-packages/airflow/example_dags/tutorial_etl_dag.py
[2022-11-18T17:00:37.111-0300] {processor.py:640} INFO - Processing file /home/juliana/Área de Trabalho/datapipeline/.env/lib/python3.8/site-packages/airflow/example_dags/tutorial_etl_dag.py for tasks to queue
[2022-11-18T17:00:37.112-0300] {logging_mixin.py:115} INFO - [2022-11-18T17:00:37.112-0300] {dagbag.py:508} INFO - Filling up the DagBag from /home/juliana/Área de Trabalho/datapipeline/.env/lib/python3.8/site-packages/airflow/example_dags/tutorial_etl_dag.py
[2022-11-18T17:00:37.122-0300] {processor.py:650} INFO - DAG(s) dict_keys(['tutorial_etl_dag']) retrieved from /home/juliana/Área de Trabalho/datapipeline/.env/lib/python3.8/site-packages/airflow/example_dags/tutorial_etl_dag.py
[2022-11-18T17:00:37.138-0300] {logging_mixin.py:115} INFO - [2022-11-18T17:00:37.138-0300] {dag.py:2429} INFO - Sync 1 DAGs
[2022-11-18T17:00:37.154-0300] {logging_mixin.py:115} INFO - [2022-11-18T17:00:37.154-0300] {dag.py:2977} INFO - Setting next_dagrun for tutorial_etl_dag to None, run_after=None
[2022-11-18T17:00:37.173-0300] {processor.py:161} INFO - Processing /home/juliana/Área de Trabalho/datapipeline/.env/lib/python3.8/site-packages/airflow/example_dags/tutorial_etl_dag.py took 0.070 seconds
