[2022-11-18T16:10:57.943-0300] {processor.py:153} INFO - Started process (PID=4551) to work on /home/juliana/Área de Trabalho/datapipeline/.env/lib/python3.8/site-packages/airflow/example_dags/tutorial_taskflow_api_etl.py
[2022-11-18T16:10:57.949-0300] {processor.py:640} INFO - Processing file /home/juliana/Área de Trabalho/datapipeline/.env/lib/python3.8/site-packages/airflow/example_dags/tutorial_taskflow_api_etl.py for tasks to queue
[2022-11-18T16:10:57.950-0300] {logging_mixin.py:115} INFO - [2022-11-18T16:10:57.950-0300] {dagbag.py:508} INFO - Filling up the DagBag from /home/juliana/Área de Trabalho/datapipeline/.env/lib/python3.8/site-packages/airflow/example_dags/tutorial_taskflow_api_etl.py
[2022-11-18T16:10:58.182-0300] {processor.py:650} INFO - DAG(s) dict_keys(['tutorial_taskflow_api_etl']) retrieved from /home/juliana/Área de Trabalho/datapipeline/.env/lib/python3.8/site-packages/airflow/example_dags/tutorial_taskflow_api_etl.py
[2022-11-18T16:11:12.988-0300] {logging_mixin.py:115} INFO - [2022-11-18T16:11:12.953-0300] {dag.py:2429} INFO - Sync 1 DAGs
[2022-11-18T16:11:31.085-0300] {logging_mixin.py:115} INFO - [2022-11-18T16:11:30.195-0300] {dag.py:2977} INFO - Setting next_dagrun for tutorial_taskflow_api_etl to None, run_after=None
[2022-11-18T16:12:44.555-0300] {processor.py:161} INFO - Processing /home/juliana/Área de Trabalho/datapipeline/.env/lib/python3.8/site-packages/airflow/example_dags/tutorial_taskflow_api_etl.py took 106.649 seconds
[2022-11-18T16:32:58.090-0300] {processor.py:153} INFO - Started process (PID=4779) to work on /home/juliana/Área de Trabalho/datapipeline/.env/lib/python3.8/site-packages/airflow/example_dags/tutorial_taskflow_api_etl.py
[2022-11-18T16:32:58.107-0300] {processor.py:640} INFO - Processing file /home/juliana/Área de Trabalho/datapipeline/.env/lib/python3.8/site-packages/airflow/example_dags/tutorial_taskflow_api_etl.py for tasks to queue
[2022-11-18T16:32:58.112-0300] {logging_mixin.py:115} INFO - [2022-11-18T16:32:58.108-0300] {dagbag.py:508} INFO - Filling up the DagBag from /home/juliana/Área de Trabalho/datapipeline/.env/lib/python3.8/site-packages/airflow/example_dags/tutorial_taskflow_api_etl.py
[2022-11-18T16:32:59.132-0300] {processor.py:650} INFO - DAG(s) dict_keys(['tutorial_taskflow_api_etl']) retrieved from /home/juliana/Área de Trabalho/datapipeline/.env/lib/python3.8/site-packages/airflow/example_dags/tutorial_taskflow_api_etl.py
[2022-11-18T16:33:13.546-0300] {logging_mixin.py:115} INFO - [2022-11-18T16:33:13.464-0300] {dag.py:2429} INFO - Sync 1 DAGs
[2022-11-18T16:33:26.247-0300] {logging_mixin.py:115} INFO - [2022-11-18T16:33:25.023-0300] {dag.py:2977} INFO - Setting next_dagrun for tutorial_taskflow_api_etl to None, run_after=None
[2022-11-18T16:33:27.516-0300] {processor.py:161} INFO - Processing /home/juliana/Área de Trabalho/datapipeline/.env/lib/python3.8/site-packages/airflow/example_dags/tutorial_taskflow_api_etl.py took 29.451 seconds
[2022-11-18T16:40:40.894-0300] {processor.py:153} INFO - Started process (PID=4951) to work on /home/juliana/Área de Trabalho/datapipeline/.env/lib/python3.8/site-packages/airflow/example_dags/tutorial_taskflow_api_etl.py
[2022-11-18T16:40:41.120-0300] {processor.py:640} INFO - Processing file /home/juliana/Área de Trabalho/datapipeline/.env/lib/python3.8/site-packages/airflow/example_dags/tutorial_taskflow_api_etl.py for tasks to queue
[2022-11-18T16:40:41.383-0300] {logging_mixin.py:115} INFO - [2022-11-18T16:40:41.377-0300] {dagbag.py:508} INFO - Filling up the DagBag from /home/juliana/Área de Trabalho/datapipeline/.env/lib/python3.8/site-packages/airflow/example_dags/tutorial_taskflow_api_etl.py
[2022-11-18T16:40:43.951-0300] {processor.py:650} INFO - DAG(s) dict_keys(['tutorial_taskflow_api_etl']) retrieved from /home/juliana/Área de Trabalho/datapipeline/.env/lib/python3.8/site-packages/airflow/example_dags/tutorial_taskflow_api_etl.py
[2022-11-18T16:41:08.484-0300] {logging_mixin.py:115} INFO - [2022-11-18T16:41:08.391-0300] {dag.py:2429} INFO - Sync 1 DAGs
[2022-11-18T16:41:27.989-0300] {logging_mixin.py:115} INFO - [2022-11-18T16:41:27.955-0300] {dag.py:2977} INFO - Setting next_dagrun for tutorial_taskflow_api_etl to None, run_after=None
[2022-11-18T16:41:55.960-0300] {processor.py:161} INFO - Processing /home/juliana/Área de Trabalho/datapipeline/.env/lib/python3.8/site-packages/airflow/example_dags/tutorial_taskflow_api_etl.py took 75.133 seconds
[2022-11-18T16:56:43.039-0300] {processor.py:153} INFO - Started process (PID=2188) to work on /home/juliana/Área de Trabalho/datapipeline/.env/lib/python3.8/site-packages/airflow/example_dags/tutorial_taskflow_api_etl.py
[2022-11-18T16:56:43.046-0300] {processor.py:640} INFO - Processing file /home/juliana/Área de Trabalho/datapipeline/.env/lib/python3.8/site-packages/airflow/example_dags/tutorial_taskflow_api_etl.py for tasks to queue
[2022-11-18T16:56:43.047-0300] {logging_mixin.py:115} INFO - [2022-11-18T16:56:43.046-0300] {dagbag.py:508} INFO - Filling up the DagBag from /home/juliana/Área de Trabalho/datapipeline/.env/lib/python3.8/site-packages/airflow/example_dags/tutorial_taskflow_api_etl.py
[2022-11-18T16:56:43.067-0300] {processor.py:650} INFO - DAG(s) dict_keys(['tutorial_taskflow_api_etl']) retrieved from /home/juliana/Área de Trabalho/datapipeline/.env/lib/python3.8/site-packages/airflow/example_dags/tutorial_taskflow_api_etl.py
[2022-11-18T16:56:43.103-0300] {logging_mixin.py:115} INFO - [2022-11-18T16:56:43.103-0300] {dag.py:2429} INFO - Sync 1 DAGs
[2022-11-18T16:56:43.114-0300] {logging_mixin.py:115} INFO - [2022-11-18T16:56:43.114-0300] {dag.py:2977} INFO - Setting next_dagrun for tutorial_taskflow_api_etl to None, run_after=None
[2022-11-18T16:56:43.131-0300] {processor.py:161} INFO - Processing /home/juliana/Área de Trabalho/datapipeline/.env/lib/python3.8/site-packages/airflow/example_dags/tutorial_taskflow_api_etl.py took 0.095 seconds
[2022-11-18T16:57:20.575-0300] {processor.py:153} INFO - Started process (PID=2312) to work on /home/juliana/Área de Trabalho/datapipeline/.env/lib/python3.8/site-packages/airflow/example_dags/tutorial_taskflow_api_etl.py
[2022-11-18T16:57:20.581-0300] {processor.py:640} INFO - Processing file /home/juliana/Área de Trabalho/datapipeline/.env/lib/python3.8/site-packages/airflow/example_dags/tutorial_taskflow_api_etl.py for tasks to queue
[2022-11-18T16:57:20.582-0300] {logging_mixin.py:115} INFO - [2022-11-18T16:57:20.582-0300] {dagbag.py:508} INFO - Filling up the DagBag from /home/juliana/Área de Trabalho/datapipeline/.env/lib/python3.8/site-packages/airflow/example_dags/tutorial_taskflow_api_etl.py
[2022-11-18T16:57:20.602-0300] {processor.py:650} INFO - DAG(s) dict_keys(['tutorial_taskflow_api_etl']) retrieved from /home/juliana/Área de Trabalho/datapipeline/.env/lib/python3.8/site-packages/airflow/example_dags/tutorial_taskflow_api_etl.py
[2022-11-18T16:57:20.712-0300] {logging_mixin.py:115} INFO - [2022-11-18T16:57:20.712-0300] {dag.py:2429} INFO - Sync 1 DAGs
[2022-11-18T16:57:20.764-0300] {logging_mixin.py:115} INFO - [2022-11-18T16:57:20.763-0300] {dag.py:2977} INFO - Setting next_dagrun for tutorial_taskflow_api_etl to None, run_after=None
[2022-11-18T16:57:20.799-0300] {processor.py:161} INFO - Processing /home/juliana/Área de Trabalho/datapipeline/.env/lib/python3.8/site-packages/airflow/example_dags/tutorial_taskflow_api_etl.py took 0.222 seconds
[2022-11-18T16:57:55.949-0300] {processor.py:153} INFO - Started process (PID=2614) to work on /home/juliana/Área de Trabalho/datapipeline/.env/lib/python3.8/site-packages/airflow/example_dags/tutorial_taskflow_api_etl.py
[2022-11-18T16:57:55.955-0300] {processor.py:640} INFO - Processing file /home/juliana/Área de Trabalho/datapipeline/.env/lib/python3.8/site-packages/airflow/example_dags/tutorial_taskflow_api_etl.py for tasks to queue
[2022-11-18T16:57:55.957-0300] {logging_mixin.py:115} INFO - [2022-11-18T16:57:55.957-0300] {dagbag.py:508} INFO - Filling up the DagBag from /home/juliana/Área de Trabalho/datapipeline/.env/lib/python3.8/site-packages/airflow/example_dags/tutorial_taskflow_api_etl.py
[2022-11-18T16:57:55.980-0300] {processor.py:650} INFO - DAG(s) dict_keys(['tutorial_taskflow_api_etl']) retrieved from /home/juliana/Área de Trabalho/datapipeline/.env/lib/python3.8/site-packages/airflow/example_dags/tutorial_taskflow_api_etl.py
[2022-11-18T16:57:56.017-0300] {logging_mixin.py:115} INFO - [2022-11-18T16:57:56.017-0300] {dag.py:2429} INFO - Sync 1 DAGs
[2022-11-18T16:57:56.029-0300] {logging_mixin.py:115} INFO - [2022-11-18T16:57:56.029-0300] {dag.py:2977} INFO - Setting next_dagrun for tutorial_taskflow_api_etl to None, run_after=None
[2022-11-18T16:57:56.051-0300] {processor.py:161} INFO - Processing /home/juliana/Área de Trabalho/datapipeline/.env/lib/python3.8/site-packages/airflow/example_dags/tutorial_taskflow_api_etl.py took 0.108 seconds
[2022-11-18T16:58:30.186-0300] {processor.py:153} INFO - Started process (PID=2841) to work on /home/juliana/Área de Trabalho/datapipeline/.env/lib/python3.8/site-packages/airflow/example_dags/tutorial_taskflow_api_etl.py
[2022-11-18T16:58:30.188-0300] {processor.py:640} INFO - Processing file /home/juliana/Área de Trabalho/datapipeline/.env/lib/python3.8/site-packages/airflow/example_dags/tutorial_taskflow_api_etl.py for tasks to queue
[2022-11-18T16:58:30.188-0300] {logging_mixin.py:115} INFO - [2022-11-18T16:58:30.188-0300] {dagbag.py:508} INFO - Filling up the DagBag from /home/juliana/Área de Trabalho/datapipeline/.env/lib/python3.8/site-packages/airflow/example_dags/tutorial_taskflow_api_etl.py
[2022-11-18T16:58:30.207-0300] {processor.py:650} INFO - DAG(s) dict_keys(['tutorial_taskflow_api_etl']) retrieved from /home/juliana/Área de Trabalho/datapipeline/.env/lib/python3.8/site-packages/airflow/example_dags/tutorial_taskflow_api_etl.py
[2022-11-18T16:58:30.222-0300] {logging_mixin.py:115} INFO - [2022-11-18T16:58:30.222-0300] {dag.py:2429} INFO - Sync 1 DAGs
[2022-11-18T16:58:30.235-0300] {logging_mixin.py:115} INFO - [2022-11-18T16:58:30.235-0300] {dag.py:2977} INFO - Setting next_dagrun for tutorial_taskflow_api_etl to None, run_after=None
[2022-11-18T16:58:30.256-0300] {processor.py:161} INFO - Processing /home/juliana/Área de Trabalho/datapipeline/.env/lib/python3.8/site-packages/airflow/example_dags/tutorial_taskflow_api_etl.py took 0.074 seconds
[2022-11-18T16:59:04.707-0300] {processor.py:153} INFO - Started process (PID=3071) to work on /home/juliana/Área de Trabalho/datapipeline/.env/lib/python3.8/site-packages/airflow/example_dags/tutorial_taskflow_api_etl.py
[2022-11-18T16:59:04.715-0300] {processor.py:640} INFO - Processing file /home/juliana/Área de Trabalho/datapipeline/.env/lib/python3.8/site-packages/airflow/example_dags/tutorial_taskflow_api_etl.py for tasks to queue
[2022-11-18T16:59:04.716-0300] {logging_mixin.py:115} INFO - [2022-11-18T16:59:04.716-0300] {dagbag.py:508} INFO - Filling up the DagBag from /home/juliana/Área de Trabalho/datapipeline/.env/lib/python3.8/site-packages/airflow/example_dags/tutorial_taskflow_api_etl.py
[2022-11-18T16:59:04.731-0300] {processor.py:650} INFO - DAG(s) dict_keys(['tutorial_taskflow_api_etl']) retrieved from /home/juliana/Área de Trabalho/datapipeline/.env/lib/python3.8/site-packages/airflow/example_dags/tutorial_taskflow_api_etl.py
[2022-11-18T16:59:04.768-0300] {logging_mixin.py:115} INFO - [2022-11-18T16:59:04.767-0300] {dag.py:2429} INFO - Sync 1 DAGs
[2022-11-18T16:59:04.779-0300] {logging_mixin.py:115} INFO - [2022-11-18T16:59:04.779-0300] {dag.py:2977} INFO - Setting next_dagrun for tutorial_taskflow_api_etl to None, run_after=None
[2022-11-18T16:59:04.796-0300] {processor.py:161} INFO - Processing /home/juliana/Área de Trabalho/datapipeline/.env/lib/python3.8/site-packages/airflow/example_dags/tutorial_taskflow_api_etl.py took 0.093 seconds
[2022-11-18T16:59:39.766-0300] {processor.py:153} INFO - Started process (PID=3262) to work on /home/juliana/Área de Trabalho/datapipeline/.env/lib/python3.8/site-packages/airflow/example_dags/tutorial_taskflow_api_etl.py
[2022-11-18T16:59:39.767-0300] {processor.py:640} INFO - Processing file /home/juliana/Área de Trabalho/datapipeline/.env/lib/python3.8/site-packages/airflow/example_dags/tutorial_taskflow_api_etl.py for tasks to queue
[2022-11-18T16:59:39.768-0300] {logging_mixin.py:115} INFO - [2022-11-18T16:59:39.768-0300] {dagbag.py:508} INFO - Filling up the DagBag from /home/juliana/Área de Trabalho/datapipeline/.env/lib/python3.8/site-packages/airflow/example_dags/tutorial_taskflow_api_etl.py
[2022-11-18T16:59:39.789-0300] {processor.py:650} INFO - DAG(s) dict_keys(['tutorial_taskflow_api_etl']) retrieved from /home/juliana/Área de Trabalho/datapipeline/.env/lib/python3.8/site-packages/airflow/example_dags/tutorial_taskflow_api_etl.py
[2022-11-18T16:59:39.825-0300] {logging_mixin.py:115} INFO - [2022-11-18T16:59:39.825-0300] {dag.py:2429} INFO - Sync 1 DAGs
[2022-11-18T16:59:39.837-0300] {logging_mixin.py:115} INFO - [2022-11-18T16:59:39.837-0300] {dag.py:2977} INFO - Setting next_dagrun for tutorial_taskflow_api_etl to None, run_after=None
[2022-11-18T16:59:39.863-0300] {processor.py:161} INFO - Processing /home/juliana/Área de Trabalho/datapipeline/.env/lib/python3.8/site-packages/airflow/example_dags/tutorial_taskflow_api_etl.py took 0.101 seconds
[2022-11-18T17:00:10.870-0300] {processor.py:153} INFO - Started process (PID=3452) to work on /home/juliana/Área de Trabalho/datapipeline/.env/lib/python3.8/site-packages/airflow/example_dags/tutorial_taskflow_api_etl.py
[2022-11-18T17:00:10.871-0300] {processor.py:640} INFO - Processing file /home/juliana/Área de Trabalho/datapipeline/.env/lib/python3.8/site-packages/airflow/example_dags/tutorial_taskflow_api_etl.py for tasks to queue
[2022-11-18T17:00:10.875-0300] {logging_mixin.py:115} INFO - [2022-11-18T17:00:10.875-0300] {dagbag.py:508} INFO - Filling up the DagBag from /home/juliana/Área de Trabalho/datapipeline/.env/lib/python3.8/site-packages/airflow/example_dags/tutorial_taskflow_api_etl.py
[2022-11-18T17:00:10.894-0300] {processor.py:650} INFO - DAG(s) dict_keys(['tutorial_taskflow_api_etl']) retrieved from /home/juliana/Área de Trabalho/datapipeline/.env/lib/python3.8/site-packages/airflow/example_dags/tutorial_taskflow_api_etl.py
[2022-11-18T17:00:10.930-0300] {logging_mixin.py:115} INFO - [2022-11-18T17:00:10.930-0300] {dag.py:2429} INFO - Sync 1 DAGs
[2022-11-18T17:00:10.942-0300] {logging_mixin.py:115} INFO - [2022-11-18T17:00:10.942-0300] {dag.py:2977} INFO - Setting next_dagrun for tutorial_taskflow_api_etl to None, run_after=None
[2022-11-18T17:00:10.967-0300] {processor.py:161} INFO - Processing /home/juliana/Área de Trabalho/datapipeline/.env/lib/python3.8/site-packages/airflow/example_dags/tutorial_taskflow_api_etl.py took 0.104 seconds
[2022-11-18T17:00:42.247-0300] {processor.py:153} INFO - Started process (PID=3536) to work on /home/juliana/Área de Trabalho/datapipeline/.env/lib/python3.8/site-packages/airflow/example_dags/tutorial_taskflow_api_etl.py
[2022-11-18T17:00:42.248-0300] {processor.py:640} INFO - Processing file /home/juliana/Área de Trabalho/datapipeline/.env/lib/python3.8/site-packages/airflow/example_dags/tutorial_taskflow_api_etl.py for tasks to queue
[2022-11-18T17:00:42.248-0300] {logging_mixin.py:115} INFO - [2022-11-18T17:00:42.248-0300] {dagbag.py:508} INFO - Filling up the DagBag from /home/juliana/Área de Trabalho/datapipeline/.env/lib/python3.8/site-packages/airflow/example_dags/tutorial_taskflow_api_etl.py
[2022-11-18T17:00:42.263-0300] {processor.py:650} INFO - DAG(s) dict_keys(['tutorial_taskflow_api_etl']) retrieved from /home/juliana/Área de Trabalho/datapipeline/.env/lib/python3.8/site-packages/airflow/example_dags/tutorial_taskflow_api_etl.py
[2022-11-18T17:00:42.298-0300] {logging_mixin.py:115} INFO - [2022-11-18T17:00:42.298-0300] {dag.py:2429} INFO - Sync 1 DAGs
[2022-11-18T17:00:42.310-0300] {logging_mixin.py:115} INFO - [2022-11-18T17:00:42.310-0300] {dag.py:2977} INFO - Setting next_dagrun for tutorial_taskflow_api_etl to None, run_after=None
[2022-11-18T17:00:42.331-0300] {processor.py:161} INFO - Processing /home/juliana/Área de Trabalho/datapipeline/.env/lib/python3.8/site-packages/airflow/example_dags/tutorial_taskflow_api_etl.py took 0.087 seconds
