[2022-11-18T16:15:27.582-0300] {processor.py:153} INFO - Started process (PID=4563) to work on /home/juliana/Área de Trabalho/datapipeline/.env/lib/python3.8/site-packages/airflow/example_dags/tutorial.py
[2022-11-18T16:15:27.583-0300] {processor.py:640} INFO - Processing file /home/juliana/Área de Trabalho/datapipeline/.env/lib/python3.8/site-packages/airflow/example_dags/tutorial.py for tasks to queue
[2022-11-18T16:15:27.584-0300] {logging_mixin.py:115} INFO - [2022-11-18T16:15:27.584-0300] {dagbag.py:508} INFO - Filling up the DagBag from /home/juliana/Área de Trabalho/datapipeline/.env/lib/python3.8/site-packages/airflow/example_dags/tutorial.py
[2022-11-18T16:15:27.639-0300] {processor.py:650} INFO - DAG(s) dict_keys(['tutorial']) retrieved from /home/juliana/Área de Trabalho/datapipeline/.env/lib/python3.8/site-packages/airflow/example_dags/tutorial.py
[2022-11-18T16:15:27.797-0300] {logging_mixin.py:115} INFO - [2022-11-18T16:15:27.786-0300] {dag.py:2429} INFO - Sync 1 DAGs
[2022-11-18T16:15:28.090-0300] {logging_mixin.py:115} INFO - [2022-11-18T16:15:28.063-0300] {dag.py:2977} INFO - Setting next_dagrun for tutorial to 2022-11-17T19:15:28.009206+00:00, run_after=2022-11-18T19:15:28.009206+00:00
[2022-11-18T16:15:28.710-0300] {processor.py:161} INFO - Processing /home/juliana/Área de Trabalho/datapipeline/.env/lib/python3.8/site-packages/airflow/example_dags/tutorial.py took 1.133 seconds
[2022-11-18T16:33:37.415-0300] {processor.py:153} INFO - Started process (PID=4798) to work on /home/juliana/Área de Trabalho/datapipeline/.env/lib/python3.8/site-packages/airflow/example_dags/tutorial.py
[2022-11-18T16:33:37.427-0300] {processor.py:640} INFO - Processing file /home/juliana/Área de Trabalho/datapipeline/.env/lib/python3.8/site-packages/airflow/example_dags/tutorial.py for tasks to queue
[2022-11-18T16:33:37.430-0300] {logging_mixin.py:115} INFO - [2022-11-18T16:33:37.428-0300] {dagbag.py:508} INFO - Filling up the DagBag from /home/juliana/Área de Trabalho/datapipeline/.env/lib/python3.8/site-packages/airflow/example_dags/tutorial.py
[2022-11-18T16:33:37.497-0300] {processor.py:650} INFO - DAG(s) dict_keys(['tutorial']) retrieved from /home/juliana/Área de Trabalho/datapipeline/.env/lib/python3.8/site-packages/airflow/example_dags/tutorial.py
[2022-11-18T16:33:37.764-0300] {logging_mixin.py:115} INFO - [2022-11-18T16:33:37.720-0300] {dag.py:2429} INFO - Sync 1 DAGs
[2022-11-18T16:33:42.342-0300] {logging_mixin.py:115} INFO - [2022-11-18T16:33:42.140-0300] {dag.py:2977} INFO - Setting next_dagrun for tutorial to 2022-11-17T19:33:38.843437+00:00, run_after=2022-11-18T19:33:38.843437+00:00
[2022-11-18T16:33:44.751-0300] {processor.py:161} INFO - Processing /home/juliana/Área de Trabalho/datapipeline/.env/lib/python3.8/site-packages/airflow/example_dags/tutorial.py took 7.366 seconds
[2022-11-18T16:43:59.665-0300] {processor.py:153} INFO - Started process (PID=4997) to work on /home/juliana/Área de Trabalho/datapipeline/.env/lib/python3.8/site-packages/airflow/example_dags/tutorial.py
[2022-11-18T16:43:59.678-0300] {processor.py:640} INFO - Processing file /home/juliana/Área de Trabalho/datapipeline/.env/lib/python3.8/site-packages/airflow/example_dags/tutorial.py for tasks to queue
[2022-11-18T16:43:59.679-0300] {logging_mixin.py:115} INFO - [2022-11-18T16:43:59.679-0300] {dagbag.py:508} INFO - Filling up the DagBag from /home/juliana/Área de Trabalho/datapipeline/.env/lib/python3.8/site-packages/airflow/example_dags/tutorial.py
[2022-11-18T16:43:59.770-0300] {processor.py:650} INFO - DAG(s) dict_keys(['tutorial']) retrieved from /home/juliana/Área de Trabalho/datapipeline/.env/lib/python3.8/site-packages/airflow/example_dags/tutorial.py
[2022-11-18T16:43:59.956-0300] {logging_mixin.py:115} INFO - [2022-11-18T16:43:59.956-0300] {dag.py:2429} INFO - Sync 1 DAGs
[2022-11-18T16:44:00.232-0300] {logging_mixin.py:115} INFO - [2022-11-18T16:44:00.208-0300] {dag.py:2977} INFO - Setting next_dagrun for tutorial to 2022-11-17T19:44:00.165256+00:00, run_after=2022-11-18T19:44:00.165256+00:00
[2022-11-18T16:44:00.520-0300] {processor.py:161} INFO - Processing /home/juliana/Área de Trabalho/datapipeline/.env/lib/python3.8/site-packages/airflow/example_dags/tutorial.py took 0.888 seconds
[2022-11-18T16:56:47.761-0300] {processor.py:153} INFO - Started process (PID=2200) to work on /home/juliana/Área de Trabalho/datapipeline/.env/lib/python3.8/site-packages/airflow/example_dags/tutorial.py
[2022-11-18T16:56:47.767-0300] {processor.py:640} INFO - Processing file /home/juliana/Área de Trabalho/datapipeline/.env/lib/python3.8/site-packages/airflow/example_dags/tutorial.py for tasks to queue
[2022-11-18T16:56:47.768-0300] {logging_mixin.py:115} INFO - [2022-11-18T16:56:47.768-0300] {dagbag.py:508} INFO - Filling up the DagBag from /home/juliana/Área de Trabalho/datapipeline/.env/lib/python3.8/site-packages/airflow/example_dags/tutorial.py
[2022-11-18T16:56:47.774-0300] {processor.py:650} INFO - DAG(s) dict_keys(['tutorial']) retrieved from /home/juliana/Área de Trabalho/datapipeline/.env/lib/python3.8/site-packages/airflow/example_dags/tutorial.py
[2022-11-18T16:56:47.789-0300] {logging_mixin.py:115} INFO - [2022-11-18T16:56:47.789-0300] {dag.py:2429} INFO - Sync 1 DAGs
[2022-11-18T16:56:47.818-0300] {logging_mixin.py:115} INFO - [2022-11-18T16:56:47.818-0300] {dag.py:2977} INFO - Setting next_dagrun for tutorial to 2022-11-17T19:56:47.818116+00:00, run_after=2022-11-18T19:56:47.818116+00:00
[2022-11-18T16:56:47.834-0300] {processor.py:161} INFO - Processing /home/juliana/Área de Trabalho/datapipeline/.env/lib/python3.8/site-packages/airflow/example_dags/tutorial.py took 0.076 seconds
[2022-11-18T16:57:24.584-0300] {processor.py:153} INFO - Started process (PID=2317) to work on /home/juliana/Área de Trabalho/datapipeline/.env/lib/python3.8/site-packages/airflow/example_dags/tutorial.py
[2022-11-18T16:57:24.590-0300] {processor.py:640} INFO - Processing file /home/juliana/Área de Trabalho/datapipeline/.env/lib/python3.8/site-packages/airflow/example_dags/tutorial.py for tasks to queue
[2022-11-18T16:57:24.591-0300] {logging_mixin.py:115} INFO - [2022-11-18T16:57:24.590-0300] {dagbag.py:508} INFO - Filling up the DagBag from /home/juliana/Área de Trabalho/datapipeline/.env/lib/python3.8/site-packages/airflow/example_dags/tutorial.py
[2022-11-18T16:57:24.598-0300] {processor.py:650} INFO - DAG(s) dict_keys(['tutorial']) retrieved from /home/juliana/Área de Trabalho/datapipeline/.env/lib/python3.8/site-packages/airflow/example_dags/tutorial.py
[2022-11-18T16:57:24.617-0300] {logging_mixin.py:115} INFO - [2022-11-18T16:57:24.617-0300] {dag.py:2429} INFO - Sync 1 DAGs
[2022-11-18T16:57:24.635-0300] {logging_mixin.py:115} INFO - [2022-11-18T16:57:24.635-0300] {dag.py:2977} INFO - Setting next_dagrun for tutorial to 2022-11-17T19:57:24.635361+00:00, run_after=2022-11-18T19:57:24.635361+00:00
[2022-11-18T16:57:24.650-0300] {processor.py:161} INFO - Processing /home/juliana/Área de Trabalho/datapipeline/.env/lib/python3.8/site-packages/airflow/example_dags/tutorial.py took 0.070 seconds
[2022-11-18T16:58:00.780-0300] {processor.py:153} INFO - Started process (PID=2644) to work on /home/juliana/Área de Trabalho/datapipeline/.env/lib/python3.8/site-packages/airflow/example_dags/tutorial.py
[2022-11-18T16:58:00.786-0300] {processor.py:640} INFO - Processing file /home/juliana/Área de Trabalho/datapipeline/.env/lib/python3.8/site-packages/airflow/example_dags/tutorial.py for tasks to queue
[2022-11-18T16:58:00.787-0300] {logging_mixin.py:115} INFO - [2022-11-18T16:58:00.787-0300] {dagbag.py:508} INFO - Filling up the DagBag from /home/juliana/Área de Trabalho/datapipeline/.env/lib/python3.8/site-packages/airflow/example_dags/tutorial.py
[2022-11-18T16:58:00.801-0300] {processor.py:650} INFO - DAG(s) dict_keys(['tutorial']) retrieved from /home/juliana/Área de Trabalho/datapipeline/.env/lib/python3.8/site-packages/airflow/example_dags/tutorial.py
[2022-11-18T16:58:00.822-0300] {logging_mixin.py:115} INFO - [2022-11-18T16:58:00.822-0300] {dag.py:2429} INFO - Sync 1 DAGs
[2022-11-18T16:58:00.848-0300] {logging_mixin.py:115} INFO - [2022-11-18T16:58:00.848-0300] {dag.py:2977} INFO - Setting next_dagrun for tutorial to 2022-11-17T19:58:00.848313+00:00, run_after=2022-11-18T19:58:00.848313+00:00
[2022-11-18T16:58:00.871-0300] {processor.py:161} INFO - Processing /home/juliana/Área de Trabalho/datapipeline/.env/lib/python3.8/site-packages/airflow/example_dags/tutorial.py took 0.095 seconds
[2022-11-18T16:58:34.705-0300] {processor.py:153} INFO - Started process (PID=2877) to work on /home/juliana/Área de Trabalho/datapipeline/.env/lib/python3.8/site-packages/airflow/example_dags/tutorial.py
[2022-11-18T16:58:34.709-0300] {processor.py:640} INFO - Processing file /home/juliana/Área de Trabalho/datapipeline/.env/lib/python3.8/site-packages/airflow/example_dags/tutorial.py for tasks to queue
[2022-11-18T16:58:34.710-0300] {logging_mixin.py:115} INFO - [2022-11-18T16:58:34.710-0300] {dagbag.py:508} INFO - Filling up the DagBag from /home/juliana/Área de Trabalho/datapipeline/.env/lib/python3.8/site-packages/airflow/example_dags/tutorial.py
[2022-11-18T16:58:34.715-0300] {processor.py:650} INFO - DAG(s) dict_keys(['tutorial']) retrieved from /home/juliana/Área de Trabalho/datapipeline/.env/lib/python3.8/site-packages/airflow/example_dags/tutorial.py
[2022-11-18T16:58:34.740-0300] {logging_mixin.py:115} INFO - [2022-11-18T16:58:34.739-0300] {dag.py:2429} INFO - Sync 1 DAGs
[2022-11-18T16:58:34.768-0300] {logging_mixin.py:115} INFO - [2022-11-18T16:58:34.768-0300] {dag.py:2977} INFO - Setting next_dagrun for tutorial to 2022-11-17T19:58:34.768038+00:00, run_after=2022-11-18T19:58:34.768038+00:00
[2022-11-18T16:58:34.797-0300] {processor.py:161} INFO - Processing /home/juliana/Área de Trabalho/datapipeline/.env/lib/python3.8/site-packages/airflow/example_dags/tutorial.py took 0.098 seconds
[2022-11-18T16:59:09.873-0300] {processor.py:153} INFO - Started process (PID=3102) to work on /home/juliana/Área de Trabalho/datapipeline/.env/lib/python3.8/site-packages/airflow/example_dags/tutorial.py
[2022-11-18T16:59:09.879-0300] {processor.py:640} INFO - Processing file /home/juliana/Área de Trabalho/datapipeline/.env/lib/python3.8/site-packages/airflow/example_dags/tutorial.py for tasks to queue
[2022-11-18T16:59:09.880-0300] {logging_mixin.py:115} INFO - [2022-11-18T16:59:09.880-0300] {dagbag.py:508} INFO - Filling up the DagBag from /home/juliana/Área de Trabalho/datapipeline/.env/lib/python3.8/site-packages/airflow/example_dags/tutorial.py
[2022-11-18T16:59:09.893-0300] {processor.py:650} INFO - DAG(s) dict_keys(['tutorial']) retrieved from /home/juliana/Área de Trabalho/datapipeline/.env/lib/python3.8/site-packages/airflow/example_dags/tutorial.py
[2022-11-18T16:59:09.911-0300] {logging_mixin.py:115} INFO - [2022-11-18T16:59:09.911-0300] {dag.py:2429} INFO - Sync 1 DAGs
[2022-11-18T16:59:09.928-0300] {logging_mixin.py:115} INFO - [2022-11-18T16:59:09.928-0300] {dag.py:2977} INFO - Setting next_dagrun for tutorial to 2022-11-17T19:59:09.928223+00:00, run_after=2022-11-18T19:59:09.928223+00:00
[2022-11-18T16:59:09.943-0300] {processor.py:161} INFO - Processing /home/juliana/Área de Trabalho/datapipeline/.env/lib/python3.8/site-packages/airflow/example_dags/tutorial.py took 0.077 seconds
[2022-11-18T16:59:44.841-0300] {processor.py:153} INFO - Started process (PID=3296) to work on /home/juliana/Área de Trabalho/datapipeline/.env/lib/python3.8/site-packages/airflow/example_dags/tutorial.py
[2022-11-18T16:59:44.843-0300] {processor.py:640} INFO - Processing file /home/juliana/Área de Trabalho/datapipeline/.env/lib/python3.8/site-packages/airflow/example_dags/tutorial.py for tasks to queue
[2022-11-18T16:59:44.844-0300] {logging_mixin.py:115} INFO - [2022-11-18T16:59:44.844-0300] {dagbag.py:508} INFO - Filling up the DagBag from /home/juliana/Área de Trabalho/datapipeline/.env/lib/python3.8/site-packages/airflow/example_dags/tutorial.py
[2022-11-18T16:59:44.852-0300] {processor.py:650} INFO - DAG(s) dict_keys(['tutorial']) retrieved from /home/juliana/Área de Trabalho/datapipeline/.env/lib/python3.8/site-packages/airflow/example_dags/tutorial.py
[2022-11-18T16:59:44.876-0300] {logging_mixin.py:115} INFO - [2022-11-18T16:59:44.875-0300] {dag.py:2429} INFO - Sync 1 DAGs
[2022-11-18T16:59:44.894-0300] {logging_mixin.py:115} INFO - [2022-11-18T16:59:44.893-0300] {dag.py:2977} INFO - Setting next_dagrun for tutorial to 2022-11-17T19:59:44.893534+00:00, run_after=2022-11-18T19:59:44.893534+00:00
[2022-11-18T16:59:44.915-0300] {processor.py:161} INFO - Processing /home/juliana/Área de Trabalho/datapipeline/.env/lib/python3.8/site-packages/airflow/example_dags/tutorial.py took 0.079 seconds
[2022-11-18T17:00:19.808-0300] {processor.py:153} INFO - Started process (PID=3512) to work on /home/juliana/Área de Trabalho/datapipeline/.env/lib/python3.8/site-packages/airflow/example_dags/tutorial.py
[2022-11-18T17:00:19.821-0300] {processor.py:640} INFO - Processing file /home/juliana/Área de Trabalho/datapipeline/.env/lib/python3.8/site-packages/airflow/example_dags/tutorial.py for tasks to queue
[2022-11-18T17:00:19.821-0300] {logging_mixin.py:115} INFO - [2022-11-18T17:00:19.821-0300] {dagbag.py:508} INFO - Filling up the DagBag from /home/juliana/Área de Trabalho/datapipeline/.env/lib/python3.8/site-packages/airflow/example_dags/tutorial.py
[2022-11-18T17:00:19.834-0300] {processor.py:650} INFO - DAG(s) dict_keys(['tutorial']) retrieved from /home/juliana/Área de Trabalho/datapipeline/.env/lib/python3.8/site-packages/airflow/example_dags/tutorial.py
[2022-11-18T17:00:19.865-0300] {logging_mixin.py:115} INFO - [2022-11-18T17:00:19.864-0300] {dag.py:2429} INFO - Sync 1 DAGs
[2022-11-18T17:00:19.907-0300] {logging_mixin.py:115} INFO - [2022-11-18T17:00:19.907-0300] {dag.py:2977} INFO - Setting next_dagrun for tutorial to 2022-11-17T20:00:19.906645+00:00, run_after=2022-11-18T20:00:19.906645+00:00
[2022-11-18T17:00:19.926-0300] {processor.py:161} INFO - Processing /home/juliana/Área de Trabalho/datapipeline/.env/lib/python3.8/site-packages/airflow/example_dags/tutorial.py took 0.121 seconds
[2022-11-18T17:00:52.674-0300] {processor.py:153} INFO - Started process (PID=3547) to work on /home/juliana/Área de Trabalho/datapipeline/.env/lib/python3.8/site-packages/airflow/example_dags/tutorial.py
[2022-11-18T17:00:52.675-0300] {processor.py:640} INFO - Processing file /home/juliana/Área de Trabalho/datapipeline/.env/lib/python3.8/site-packages/airflow/example_dags/tutorial.py for tasks to queue
[2022-11-18T17:00:52.676-0300] {logging_mixin.py:115} INFO - [2022-11-18T17:00:52.676-0300] {dagbag.py:508} INFO - Filling up the DagBag from /home/juliana/Área de Trabalho/datapipeline/.env/lib/python3.8/site-packages/airflow/example_dags/tutorial.py
[2022-11-18T17:00:52.684-0300] {processor.py:650} INFO - DAG(s) dict_keys(['tutorial']) retrieved from /home/juliana/Área de Trabalho/datapipeline/.env/lib/python3.8/site-packages/airflow/example_dags/tutorial.py
[2022-11-18T17:00:52.702-0300] {logging_mixin.py:115} INFO - [2022-11-18T17:00:52.701-0300] {dag.py:2429} INFO - Sync 1 DAGs
[2022-11-18T17:00:52.719-0300] {logging_mixin.py:115} INFO - [2022-11-18T17:00:52.719-0300] {dag.py:2977} INFO - Setting next_dagrun for tutorial to 2022-11-17T20:00:52.718797+00:00, run_after=2022-11-18T20:00:52.718797+00:00
[2022-11-18T17:00:52.734-0300] {processor.py:161} INFO - Processing /home/juliana/Área de Trabalho/datapipeline/.env/lib/python3.8/site-packages/airflow/example_dags/tutorial.py took 0.065 seconds
