[2022-11-09T21:30:12.270-0300] {processor.py:153} INFO - Started process (PID=1822) to work on /home/juliana/Área de Trabalho/datapipeline/.env/lib/python3.8/site-packages/airflow/example_dags/example_kubernetes_executor.py
[2022-11-09T21:30:12.271-0300] {processor.py:640} INFO - Processing file /home/juliana/Área de Trabalho/datapipeline/.env/lib/python3.8/site-packages/airflow/example_dags/example_kubernetes_executor.py for tasks to queue
[2022-11-09T21:30:12.271-0300] {logging_mixin.py:115} INFO - [2022-11-09T21:30:12.271-0300] {dagbag.py:508} INFO - Filling up the DagBag from /home/juliana/Área de Trabalho/datapipeline/.env/lib/python3.8/site-packages/airflow/example_dags/example_kubernetes_executor.py
[2022-11-09T21:30:12.298-0300] {logging_mixin.py:115} INFO - [2022-11-09T21:30:12.298-0300] {example_kubernetes_executor.py:39} WARNING - The example_kubernetes_executor example DAG requires the kubernetes provider. Please install it with: pip install apache-airflow[cncf.kubernetes]
[2022-11-09T21:30:12.298-0300] {processor.py:652} WARNING - No viable dags retrieved from /home/juliana/Área de Trabalho/datapipeline/.env/lib/python3.8/site-packages/airflow/example_dags/example_kubernetes_executor.py
[2022-11-09T21:30:12.314-0300] {processor.py:161} INFO - Processing /home/juliana/Área de Trabalho/datapipeline/.env/lib/python3.8/site-packages/airflow/example_dags/example_kubernetes_executor.py took 0.051 seconds
[2022-11-09T21:30:46.405-0300] {processor.py:153} INFO - Started process (PID=1885) to work on /home/juliana/Área de Trabalho/datapipeline/.env/lib/python3.8/site-packages/airflow/example_dags/example_kubernetes_executor.py
[2022-11-09T21:30:46.406-0300] {processor.py:640} INFO - Processing file /home/juliana/Área de Trabalho/datapipeline/.env/lib/python3.8/site-packages/airflow/example_dags/example_kubernetes_executor.py for tasks to queue
[2022-11-09T21:30:46.407-0300] {logging_mixin.py:115} INFO - [2022-11-09T21:30:46.406-0300] {dagbag.py:508} INFO - Filling up the DagBag from /home/juliana/Área de Trabalho/datapipeline/.env/lib/python3.8/site-packages/airflow/example_dags/example_kubernetes_executor.py
[2022-11-09T21:30:46.419-0300] {logging_mixin.py:115} INFO - [2022-11-09T21:30:46.419-0300] {example_kubernetes_executor.py:39} WARNING - The example_kubernetes_executor example DAG requires the kubernetes provider. Please install it with: pip install apache-airflow[cncf.kubernetes]
[2022-11-09T21:30:46.419-0300] {processor.py:652} WARNING - No viable dags retrieved from /home/juliana/Área de Trabalho/datapipeline/.env/lib/python3.8/site-packages/airflow/example_dags/example_kubernetes_executor.py
[2022-11-09T21:30:46.429-0300] {processor.py:161} INFO - Processing /home/juliana/Área de Trabalho/datapipeline/.env/lib/python3.8/site-packages/airflow/example_dags/example_kubernetes_executor.py took 0.027 seconds
[2022-11-09T21:31:20.040-0300] {processor.py:153} INFO - Started process (PID=1948) to work on /home/juliana/Área de Trabalho/datapipeline/.env/lib/python3.8/site-packages/airflow/example_dags/example_kubernetes_executor.py
[2022-11-09T21:31:20.046-0300] {processor.py:640} INFO - Processing file /home/juliana/Área de Trabalho/datapipeline/.env/lib/python3.8/site-packages/airflow/example_dags/example_kubernetes_executor.py for tasks to queue
[2022-11-09T21:31:20.047-0300] {logging_mixin.py:115} INFO - [2022-11-09T21:31:20.047-0300] {dagbag.py:508} INFO - Filling up the DagBag from /home/juliana/Área de Trabalho/datapipeline/.env/lib/python3.8/site-packages/airflow/example_dags/example_kubernetes_executor.py
[2022-11-09T21:31:20.066-0300] {logging_mixin.py:115} INFO - [2022-11-09T21:31:20.066-0300] {example_kubernetes_executor.py:39} WARNING - The example_kubernetes_executor example DAG requires the kubernetes provider. Please install it with: pip install apache-airflow[cncf.kubernetes]
[2022-11-09T21:31:20.067-0300] {processor.py:652} WARNING - No viable dags retrieved from /home/juliana/Área de Trabalho/datapipeline/.env/lib/python3.8/site-packages/airflow/example_dags/example_kubernetes_executor.py
[2022-11-09T21:31:20.077-0300] {processor.py:161} INFO - Processing /home/juliana/Área de Trabalho/datapipeline/.env/lib/python3.8/site-packages/airflow/example_dags/example_kubernetes_executor.py took 0.043 seconds
[2022-11-09T21:31:55.197-0300] {processor.py:153} INFO - Started process (PID=2004) to work on /home/juliana/Área de Trabalho/datapipeline/.env/lib/python3.8/site-packages/airflow/example_dags/example_kubernetes_executor.py
[2022-11-09T21:31:55.198-0300] {processor.py:640} INFO - Processing file /home/juliana/Área de Trabalho/datapipeline/.env/lib/python3.8/site-packages/airflow/example_dags/example_kubernetes_executor.py for tasks to queue
[2022-11-09T21:31:55.199-0300] {logging_mixin.py:115} INFO - [2022-11-09T21:31:55.198-0300] {dagbag.py:508} INFO - Filling up the DagBag from /home/juliana/Área de Trabalho/datapipeline/.env/lib/python3.8/site-packages/airflow/example_dags/example_kubernetes_executor.py
[2022-11-09T21:31:55.218-0300] {logging_mixin.py:115} INFO - [2022-11-09T21:31:55.218-0300] {example_kubernetes_executor.py:39} WARNING - The example_kubernetes_executor example DAG requires the kubernetes provider. Please install it with: pip install apache-airflow[cncf.kubernetes]
[2022-11-09T21:31:55.218-0300] {processor.py:652} WARNING - No viable dags retrieved from /home/juliana/Área de Trabalho/datapipeline/.env/lib/python3.8/site-packages/airflow/example_dags/example_kubernetes_executor.py
[2022-11-09T21:31:55.236-0300] {processor.py:161} INFO - Processing /home/juliana/Área de Trabalho/datapipeline/.env/lib/python3.8/site-packages/airflow/example_dags/example_kubernetes_executor.py took 0.042 seconds
[2022-11-09T21:34:44.700-0300] {processor.py:153} INFO - Started process (PID=2532) to work on /home/juliana/Área de Trabalho/datapipeline/.env/lib/python3.8/site-packages/airflow/example_dags/example_kubernetes_executor.py
[2022-11-09T21:34:44.705-0300] {processor.py:640} INFO - Processing file /home/juliana/Área de Trabalho/datapipeline/.env/lib/python3.8/site-packages/airflow/example_dags/example_kubernetes_executor.py for tasks to queue
[2022-11-09T21:34:44.706-0300] {logging_mixin.py:115} INFO - [2022-11-09T21:34:44.706-0300] {dagbag.py:508} INFO - Filling up the DagBag from /home/juliana/Área de Trabalho/datapipeline/.env/lib/python3.8/site-packages/airflow/example_dags/example_kubernetes_executor.py
[2022-11-09T21:34:44.719-0300] {logging_mixin.py:115} INFO - [2022-11-09T21:34:44.718-0300] {example_kubernetes_executor.py:39} WARNING - The example_kubernetes_executor example DAG requires the kubernetes provider. Please install it with: pip install apache-airflow[cncf.kubernetes]
[2022-11-09T21:34:44.719-0300] {processor.py:652} WARNING - No viable dags retrieved from /home/juliana/Área de Trabalho/datapipeline/.env/lib/python3.8/site-packages/airflow/example_dags/example_kubernetes_executor.py
[2022-11-09T21:34:44.728-0300] {processor.py:161} INFO - Processing /home/juliana/Área de Trabalho/datapipeline/.env/lib/python3.8/site-packages/airflow/example_dags/example_kubernetes_executor.py took 0.031 seconds
