[2022-11-09T21:29:49.041-0300] {processor.py:153} INFO - Started process (PID=1533) to work on /home/juliana/Área de Trabalho/datapipeline/.env/lib/python3.8/site-packages/airflow/example_dags/example_branch_operator_decorator.py
[2022-11-09T21:29:49.043-0300] {processor.py:640} INFO - Processing file /home/juliana/Área de Trabalho/datapipeline/.env/lib/python3.8/site-packages/airflow/example_dags/example_branch_operator_decorator.py for tasks to queue
[2022-11-09T21:29:49.044-0300] {logging_mixin.py:115} INFO - [2022-11-09T21:29:49.044-0300] {dagbag.py:508} INFO - Filling up the DagBag from /home/juliana/Área de Trabalho/datapipeline/.env/lib/python3.8/site-packages/airflow/example_dags/example_branch_operator_decorator.py
[2022-11-09T21:29:49.097-0300] {processor.py:650} INFO - DAG(s) dict_keys(['example_branch_python_operator_decorator']) retrieved from /home/juliana/Área de Trabalho/datapipeline/.env/lib/python3.8/site-packages/airflow/example_dags/example_branch_operator_decorator.py
[2022-11-09T21:29:49.130-0300] {logging_mixin.py:115} INFO - [2022-11-09T21:29:49.130-0300] {dag.py:2429} INFO - Sync 1 DAGs
[2022-11-09T21:29:49.150-0300] {logging_mixin.py:115} INFO - [2022-11-09T21:29:49.150-0300] {dag.py:2977} INFO - Setting next_dagrun for example_branch_python_operator_decorator to 2022-11-09T00:00:00+00:00, run_after=2022-11-10T00:00:00+00:00
[2022-11-09T21:29:49.171-0300] {processor.py:161} INFO - Processing /home/juliana/Área de Trabalho/datapipeline/.env/lib/python3.8/site-packages/airflow/example_dags/example_branch_operator_decorator.py took 0.135 seconds
[2022-11-09T21:30:24.501-0300] {processor.py:153} INFO - Started process (PID=1860) to work on /home/juliana/Área de Trabalho/datapipeline/.env/lib/python3.8/site-packages/airflow/example_dags/example_branch_operator_decorator.py
[2022-11-09T21:30:24.512-0300] {processor.py:640} INFO - Processing file /home/juliana/Área de Trabalho/datapipeline/.env/lib/python3.8/site-packages/airflow/example_dags/example_branch_operator_decorator.py for tasks to queue
[2022-11-09T21:30:24.513-0300] {logging_mixin.py:115} INFO - [2022-11-09T21:30:24.512-0300] {dagbag.py:508} INFO - Filling up the DagBag from /home/juliana/Área de Trabalho/datapipeline/.env/lib/python3.8/site-packages/airflow/example_dags/example_branch_operator_decorator.py
[2022-11-09T21:30:24.534-0300] {processor.py:650} INFO - DAG(s) dict_keys(['example_branch_python_operator_decorator']) retrieved from /home/juliana/Área de Trabalho/datapipeline/.env/lib/python3.8/site-packages/airflow/example_dags/example_branch_operator_decorator.py
[2022-11-09T21:30:24.553-0300] {logging_mixin.py:115} INFO - [2022-11-09T21:30:24.552-0300] {dag.py:2429} INFO - Sync 1 DAGs
[2022-11-09T21:30:24.570-0300] {logging_mixin.py:115} INFO - [2022-11-09T21:30:24.570-0300] {dag.py:2977} INFO - Setting next_dagrun for example_branch_python_operator_decorator to 2022-11-09T00:00:00+00:00, run_after=2022-11-10T00:00:00+00:00
[2022-11-09T21:30:24.587-0300] {processor.py:161} INFO - Processing /home/juliana/Área de Trabalho/datapipeline/.env/lib/python3.8/site-packages/airflow/example_dags/example_branch_operator_decorator.py took 0.090 seconds
[2022-11-09T21:30:59.793-0300] {processor.py:153} INFO - Started process (PID=1900) to work on /home/juliana/Área de Trabalho/datapipeline/.env/lib/python3.8/site-packages/airflow/example_dags/example_branch_operator_decorator.py
[2022-11-09T21:30:59.794-0300] {processor.py:640} INFO - Processing file /home/juliana/Área de Trabalho/datapipeline/.env/lib/python3.8/site-packages/airflow/example_dags/example_branch_operator_decorator.py for tasks to queue
[2022-11-09T21:30:59.795-0300] {logging_mixin.py:115} INFO - [2022-11-09T21:30:59.795-0300] {dagbag.py:508} INFO - Filling up the DagBag from /home/juliana/Área de Trabalho/datapipeline/.env/lib/python3.8/site-packages/airflow/example_dags/example_branch_operator_decorator.py
[2022-11-09T21:30:59.816-0300] {processor.py:650} INFO - DAG(s) dict_keys(['example_branch_python_operator_decorator']) retrieved from /home/juliana/Área de Trabalho/datapipeline/.env/lib/python3.8/site-packages/airflow/example_dags/example_branch_operator_decorator.py
[2022-11-09T21:30:59.834-0300] {logging_mixin.py:115} INFO - [2022-11-09T21:30:59.834-0300] {dag.py:2429} INFO - Sync 1 DAGs
[2022-11-09T21:30:59.856-0300] {logging_mixin.py:115} INFO - [2022-11-09T21:30:59.856-0300] {dag.py:2977} INFO - Setting next_dagrun for example_branch_python_operator_decorator to 2022-11-09T00:00:00+00:00, run_after=2022-11-10T00:00:00+00:00
[2022-11-09T21:30:59.878-0300] {processor.py:161} INFO - Processing /home/juliana/Área de Trabalho/datapipeline/.env/lib/python3.8/site-packages/airflow/example_dags/example_branch_operator_decorator.py took 0.087 seconds
[2022-11-09T21:31:33.355-0300] {processor.py:153} INFO - Started process (PID=1969) to work on /home/juliana/Área de Trabalho/datapipeline/.env/lib/python3.8/site-packages/airflow/example_dags/example_branch_operator_decorator.py
[2022-11-09T21:31:33.356-0300] {processor.py:640} INFO - Processing file /home/juliana/Área de Trabalho/datapipeline/.env/lib/python3.8/site-packages/airflow/example_dags/example_branch_operator_decorator.py for tasks to queue
[2022-11-09T21:31:33.357-0300] {logging_mixin.py:115} INFO - [2022-11-09T21:31:33.357-0300] {dagbag.py:508} INFO - Filling up the DagBag from /home/juliana/Área de Trabalho/datapipeline/.env/lib/python3.8/site-packages/airflow/example_dags/example_branch_operator_decorator.py
[2022-11-09T21:31:33.378-0300] {processor.py:650} INFO - DAG(s) dict_keys(['example_branch_python_operator_decorator']) retrieved from /home/juliana/Área de Trabalho/datapipeline/.env/lib/python3.8/site-packages/airflow/example_dags/example_branch_operator_decorator.py
[2022-11-09T21:31:33.404-0300] {logging_mixin.py:115} INFO - [2022-11-09T21:31:33.404-0300] {dag.py:2429} INFO - Sync 1 DAGs
[2022-11-09T21:31:33.429-0300] {logging_mixin.py:115} INFO - [2022-11-09T21:31:33.429-0300] {dag.py:2977} INFO - Setting next_dagrun for example_branch_python_operator_decorator to 2022-11-09T00:00:00+00:00, run_after=2022-11-10T00:00:00+00:00
[2022-11-09T21:31:33.456-0300] {processor.py:161} INFO - Processing /home/juliana/Área de Trabalho/datapipeline/.env/lib/python3.8/site-packages/airflow/example_dags/example_branch_operator_decorator.py took 0.104 seconds
[2022-11-09T21:32:08.187-0300] {processor.py:153} INFO - Started process (PID=2033) to work on /home/juliana/Área de Trabalho/datapipeline/.env/lib/python3.8/site-packages/airflow/example_dags/example_branch_operator_decorator.py
[2022-11-09T21:32:08.193-0300] {processor.py:640} INFO - Processing file /home/juliana/Área de Trabalho/datapipeline/.env/lib/python3.8/site-packages/airflow/example_dags/example_branch_operator_decorator.py for tasks to queue
[2022-11-09T21:32:08.194-0300] {logging_mixin.py:115} INFO - [2022-11-09T21:32:08.194-0300] {dagbag.py:508} INFO - Filling up the DagBag from /home/juliana/Área de Trabalho/datapipeline/.env/lib/python3.8/site-packages/airflow/example_dags/example_branch_operator_decorator.py
[2022-11-09T21:32:08.219-0300] {processor.py:650} INFO - DAG(s) dict_keys(['example_branch_python_operator_decorator']) retrieved from /home/juliana/Área de Trabalho/datapipeline/.env/lib/python3.8/site-packages/airflow/example_dags/example_branch_operator_decorator.py
[2022-11-09T21:32:08.236-0300] {logging_mixin.py:115} INFO - [2022-11-09T21:32:08.236-0300] {dag.py:2429} INFO - Sync 1 DAGs
[2022-11-09T21:32:08.253-0300] {logging_mixin.py:115} INFO - [2022-11-09T21:32:08.253-0300] {dag.py:2977} INFO - Setting next_dagrun for example_branch_python_operator_decorator to 2022-11-09T00:00:00+00:00, run_after=2022-11-10T00:00:00+00:00
[2022-11-09T21:32:08.269-0300] {processor.py:161} INFO - Processing /home/juliana/Área de Trabalho/datapipeline/.env/lib/python3.8/site-packages/airflow/example_dags/example_branch_operator_decorator.py took 0.086 seconds
[2022-11-09T21:34:21.433-0300] {processor.py:153} INFO - Started process (PID=2384) to work on /home/juliana/Área de Trabalho/datapipeline/.env/lib/python3.8/site-packages/airflow/example_dags/example_branch_operator_decorator.py
[2022-11-09T21:34:21.439-0300] {processor.py:640} INFO - Processing file /home/juliana/Área de Trabalho/datapipeline/.env/lib/python3.8/site-packages/airflow/example_dags/example_branch_operator_decorator.py for tasks to queue
[2022-11-09T21:34:21.440-0300] {logging_mixin.py:115} INFO - [2022-11-09T21:34:21.440-0300] {dagbag.py:508} INFO - Filling up the DagBag from /home/juliana/Área de Trabalho/datapipeline/.env/lib/python3.8/site-packages/airflow/example_dags/example_branch_operator_decorator.py
[2022-11-09T21:34:21.464-0300] {processor.py:650} INFO - DAG(s) dict_keys(['example_branch_python_operator_decorator']) retrieved from /home/juliana/Área de Trabalho/datapipeline/.env/lib/python3.8/site-packages/airflow/example_dags/example_branch_operator_decorator.py
[2022-11-09T21:34:21.480-0300] {logging_mixin.py:115} INFO - [2022-11-09T21:34:21.480-0300] {dag.py:2429} INFO - Sync 1 DAGs
[2022-11-09T21:34:21.494-0300] {logging_mixin.py:115} INFO - [2022-11-09T21:34:21.494-0300] {dag.py:2977} INFO - Setting next_dagrun for example_branch_python_operator_decorator to 2022-11-09T00:00:00+00:00, run_after=2022-11-10T00:00:00+00:00
[2022-11-09T21:34:21.510-0300] {processor.py:161} INFO - Processing /home/juliana/Área de Trabalho/datapipeline/.env/lib/python3.8/site-packages/airflow/example_dags/example_branch_operator_decorator.py took 0.082 seconds
[2022-11-09T21:34:56.977-0300] {processor.py:153} INFO - Started process (PID=2545) to work on /home/juliana/Área de Trabalho/datapipeline/.env/lib/python3.8/site-packages/airflow/example_dags/example_branch_operator_decorator.py
[2022-11-09T21:34:56.979-0300] {processor.py:640} INFO - Processing file /home/juliana/Área de Trabalho/datapipeline/.env/lib/python3.8/site-packages/airflow/example_dags/example_branch_operator_decorator.py for tasks to queue
[2022-11-09T21:34:56.979-0300] {logging_mixin.py:115} INFO - [2022-11-09T21:34:56.979-0300] {dagbag.py:508} INFO - Filling up the DagBag from /home/juliana/Área de Trabalho/datapipeline/.env/lib/python3.8/site-packages/airflow/example_dags/example_branch_operator_decorator.py
[2022-11-09T21:34:57.000-0300] {processor.py:650} INFO - DAG(s) dict_keys(['example_branch_python_operator_decorator']) retrieved from /home/juliana/Área de Trabalho/datapipeline/.env/lib/python3.8/site-packages/airflow/example_dags/example_branch_operator_decorator.py
[2022-11-09T21:34:57.016-0300] {logging_mixin.py:115} INFO - [2022-11-09T21:34:57.016-0300] {dag.py:2429} INFO - Sync 1 DAGs
[2022-11-09T21:34:57.030-0300] {logging_mixin.py:115} INFO - [2022-11-09T21:34:57.030-0300] {dag.py:2977} INFO - Setting next_dagrun for example_branch_python_operator_decorator to 2022-11-09T00:00:00+00:00, run_after=2022-11-10T00:00:00+00:00
[2022-11-09T21:34:57.056-0300] {processor.py:161} INFO - Processing /home/juliana/Área de Trabalho/datapipeline/.env/lib/python3.8/site-packages/airflow/example_dags/example_branch_operator_decorator.py took 0.082 seconds
