[2022-11-09T21:29:44.345-0300] {processor.py:153} INFO - Started process (PID=1528) to work on /home/juliana/Área de Trabalho/datapipeline/.env/lib/python3.8/site-packages/airflow/example_dags/example_short_circuit_operator.py
[2022-11-09T21:29:44.346-0300] {processor.py:640} INFO - Processing file /home/juliana/Área de Trabalho/datapipeline/.env/lib/python3.8/site-packages/airflow/example_dags/example_short_circuit_operator.py for tasks to queue
[2022-11-09T21:29:44.347-0300] {logging_mixin.py:115} INFO - [2022-11-09T21:29:44.347-0300] {dagbag.py:508} INFO - Filling up the DagBag from /home/juliana/Área de Trabalho/datapipeline/.env/lib/python3.8/site-packages/airflow/example_dags/example_short_circuit_operator.py
[2022-11-09T21:29:44.359-0300] {processor.py:650} INFO - DAG(s) dict_keys(['example_short_circuit_operator']) retrieved from /home/juliana/Área de Trabalho/datapipeline/.env/lib/python3.8/site-packages/airflow/example_dags/example_short_circuit_operator.py
[2022-11-09T21:29:44.376-0300] {logging_mixin.py:115} INFO - [2022-11-09T21:29:44.376-0300] {dag.py:2429} INFO - Sync 1 DAGs
[2022-11-09T21:29:44.393-0300] {logging_mixin.py:115} INFO - [2022-11-09T21:29:44.393-0300] {dag.py:2977} INFO - Setting next_dagrun for example_short_circuit_operator to 2022-11-09T00:29:44.392873+00:00, run_after=2022-11-10T00:29:44.392873+00:00
[2022-11-09T21:29:44.412-0300] {processor.py:161} INFO - Processing /home/juliana/Área de Trabalho/datapipeline/.env/lib/python3.8/site-packages/airflow/example_dags/example_short_circuit_operator.py took 0.071 seconds
[2022-11-09T21:30:20.497-0300] {processor.py:153} INFO - Started process (PID=1856) to work on /home/juliana/Área de Trabalho/datapipeline/.env/lib/python3.8/site-packages/airflow/example_dags/example_short_circuit_operator.py
[2022-11-09T21:30:20.503-0300] {processor.py:640} INFO - Processing file /home/juliana/Área de Trabalho/datapipeline/.env/lib/python3.8/site-packages/airflow/example_dags/example_short_circuit_operator.py for tasks to queue
[2022-11-09T21:30:20.504-0300] {logging_mixin.py:115} INFO - [2022-11-09T21:30:20.504-0300] {dagbag.py:508} INFO - Filling up the DagBag from /home/juliana/Área de Trabalho/datapipeline/.env/lib/python3.8/site-packages/airflow/example_dags/example_short_circuit_operator.py
[2022-11-09T21:30:20.512-0300] {processor.py:650} INFO - DAG(s) dict_keys(['example_short_circuit_operator']) retrieved from /home/juliana/Área de Trabalho/datapipeline/.env/lib/python3.8/site-packages/airflow/example_dags/example_short_circuit_operator.py
[2022-11-09T21:30:20.528-0300] {logging_mixin.py:115} INFO - [2022-11-09T21:30:20.528-0300] {dag.py:2429} INFO - Sync 1 DAGs
[2022-11-09T21:30:20.544-0300] {logging_mixin.py:115} INFO - [2022-11-09T21:30:20.544-0300] {dag.py:2977} INFO - Setting next_dagrun for example_short_circuit_operator to 2022-11-09T00:30:20.544081+00:00, run_after=2022-11-10T00:30:20.544081+00:00
[2022-11-09T21:30:20.558-0300] {processor.py:161} INFO - Processing /home/juliana/Área de Trabalho/datapipeline/.env/lib/python3.8/site-packages/airflow/example_dags/example_short_circuit_operator.py took 0.064 seconds
[2022-11-09T21:30:55.651-0300] {processor.py:153} INFO - Started process (PID=1896) to work on /home/juliana/Área de Trabalho/datapipeline/.env/lib/python3.8/site-packages/airflow/example_dags/example_short_circuit_operator.py
[2022-11-09T21:30:55.652-0300] {processor.py:640} INFO - Processing file /home/juliana/Área de Trabalho/datapipeline/.env/lib/python3.8/site-packages/airflow/example_dags/example_short_circuit_operator.py for tasks to queue
[2022-11-09T21:30:55.653-0300] {logging_mixin.py:115} INFO - [2022-11-09T21:30:55.653-0300] {dagbag.py:508} INFO - Filling up the DagBag from /home/juliana/Área de Trabalho/datapipeline/.env/lib/python3.8/site-packages/airflow/example_dags/example_short_circuit_operator.py
[2022-11-09T21:30:55.662-0300] {processor.py:650} INFO - DAG(s) dict_keys(['example_short_circuit_operator']) retrieved from /home/juliana/Área de Trabalho/datapipeline/.env/lib/python3.8/site-packages/airflow/example_dags/example_short_circuit_operator.py
[2022-11-09T21:30:55.687-0300] {logging_mixin.py:115} INFO - [2022-11-09T21:30:55.687-0300] {dag.py:2429} INFO - Sync 1 DAGs
[2022-11-09T21:30:55.709-0300] {logging_mixin.py:115} INFO - [2022-11-09T21:30:55.709-0300] {dag.py:2977} INFO - Setting next_dagrun for example_short_circuit_operator to 2022-11-09T00:30:55.709457+00:00, run_after=2022-11-10T00:30:55.709457+00:00
[2022-11-09T21:30:55.724-0300] {processor.py:161} INFO - Processing /home/juliana/Área de Trabalho/datapipeline/.env/lib/python3.8/site-packages/airflow/example_dags/example_short_circuit_operator.py took 0.078 seconds
[2022-11-09T21:31:26.096-0300] {processor.py:153} INFO - Started process (PID=1962) to work on /home/juliana/Área de Trabalho/datapipeline/.env/lib/python3.8/site-packages/airflow/example_dags/example_short_circuit_operator.py
[2022-11-09T21:31:26.097-0300] {processor.py:640} INFO - Processing file /home/juliana/Área de Trabalho/datapipeline/.env/lib/python3.8/site-packages/airflow/example_dags/example_short_circuit_operator.py for tasks to queue
[2022-11-09T21:31:26.098-0300] {logging_mixin.py:115} INFO - [2022-11-09T21:31:26.098-0300] {dagbag.py:508} INFO - Filling up the DagBag from /home/juliana/Área de Trabalho/datapipeline/.env/lib/python3.8/site-packages/airflow/example_dags/example_short_circuit_operator.py
[2022-11-09T21:31:26.110-0300] {processor.py:650} INFO - DAG(s) dict_keys(['example_short_circuit_operator']) retrieved from /home/juliana/Área de Trabalho/datapipeline/.env/lib/python3.8/site-packages/airflow/example_dags/example_short_circuit_operator.py
[2022-11-09T21:31:26.127-0300] {logging_mixin.py:115} INFO - [2022-11-09T21:31:26.127-0300] {dag.py:2429} INFO - Sync 1 DAGs
[2022-11-09T21:31:26.158-0300] {logging_mixin.py:115} INFO - [2022-11-09T21:31:26.158-0300] {dag.py:2977} INFO - Setting next_dagrun for example_short_circuit_operator to 2022-11-09T00:31:26.158218+00:00, run_after=2022-11-10T00:31:26.158218+00:00
[2022-11-09T21:31:26.191-0300] {processor.py:161} INFO - Processing /home/juliana/Área de Trabalho/datapipeline/.env/lib/python3.8/site-packages/airflow/example_dags/example_short_circuit_operator.py took 0.100 seconds
[2022-11-09T21:31:59.310-0300] {processor.py:153} INFO - Started process (PID=2011) to work on /home/juliana/Área de Trabalho/datapipeline/.env/lib/python3.8/site-packages/airflow/example_dags/example_short_circuit_operator.py
[2022-11-09T21:31:59.316-0300] {processor.py:640} INFO - Processing file /home/juliana/Área de Trabalho/datapipeline/.env/lib/python3.8/site-packages/airflow/example_dags/example_short_circuit_operator.py for tasks to queue
[2022-11-09T21:31:59.317-0300] {logging_mixin.py:115} INFO - [2022-11-09T21:31:59.317-0300] {dagbag.py:508} INFO - Filling up the DagBag from /home/juliana/Área de Trabalho/datapipeline/.env/lib/python3.8/site-packages/airflow/example_dags/example_short_circuit_operator.py
[2022-11-09T21:31:59.326-0300] {processor.py:650} INFO - DAG(s) dict_keys(['example_short_circuit_operator']) retrieved from /home/juliana/Área de Trabalho/datapipeline/.env/lib/python3.8/site-packages/airflow/example_dags/example_short_circuit_operator.py
[2022-11-09T21:31:59.342-0300] {logging_mixin.py:115} INFO - [2022-11-09T21:31:59.342-0300] {dag.py:2429} INFO - Sync 1 DAGs
[2022-11-09T21:31:59.357-0300] {logging_mixin.py:115} INFO - [2022-11-09T21:31:59.357-0300] {dag.py:2977} INFO - Setting next_dagrun for example_short_circuit_operator to 2022-11-09T00:31:59.357256+00:00, run_after=2022-11-10T00:31:59.357256+00:00
[2022-11-09T21:31:59.373-0300] {processor.py:161} INFO - Processing /home/juliana/Área de Trabalho/datapipeline/.env/lib/python3.8/site-packages/airflow/example_dags/example_short_circuit_operator.py took 0.068 seconds
[2022-11-09T21:34:17.649-0300] {processor.py:153} INFO - Started process (PID=2380) to work on /home/juliana/Área de Trabalho/datapipeline/.env/lib/python3.8/site-packages/airflow/example_dags/example_short_circuit_operator.py
[2022-11-09T21:34:17.652-0300] {processor.py:640} INFO - Processing file /home/juliana/Área de Trabalho/datapipeline/.env/lib/python3.8/site-packages/airflow/example_dags/example_short_circuit_operator.py for tasks to queue
[2022-11-09T21:34:17.653-0300] {logging_mixin.py:115} INFO - [2022-11-09T21:34:17.652-0300] {dagbag.py:508} INFO - Filling up the DagBag from /home/juliana/Área de Trabalho/datapipeline/.env/lib/python3.8/site-packages/airflow/example_dags/example_short_circuit_operator.py
[2022-11-09T21:34:17.664-0300] {processor.py:650} INFO - DAG(s) dict_keys(['example_short_circuit_operator']) retrieved from /home/juliana/Área de Trabalho/datapipeline/.env/lib/python3.8/site-packages/airflow/example_dags/example_short_circuit_operator.py
[2022-11-09T21:34:17.680-0300] {logging_mixin.py:115} INFO - [2022-11-09T21:34:17.680-0300] {dag.py:2429} INFO - Sync 1 DAGs
[2022-11-09T21:34:17.695-0300] {logging_mixin.py:115} INFO - [2022-11-09T21:34:17.695-0300] {dag.py:2977} INFO - Setting next_dagrun for example_short_circuit_operator to 2022-11-09T00:34:17.695218+00:00, run_after=2022-11-10T00:34:17.695218+00:00
[2022-11-09T21:34:17.709-0300] {processor.py:161} INFO - Processing /home/juliana/Área de Trabalho/datapipeline/.env/lib/python3.8/site-packages/airflow/example_dags/example_short_circuit_operator.py took 0.065 seconds
[2022-11-09T21:34:52.717-0300] {processor.py:153} INFO - Started process (PID=2541) to work on /home/juliana/Área de Trabalho/datapipeline/.env/lib/python3.8/site-packages/airflow/example_dags/example_short_circuit_operator.py
[2022-11-09T21:34:52.719-0300] {processor.py:640} INFO - Processing file /home/juliana/Área de Trabalho/datapipeline/.env/lib/python3.8/site-packages/airflow/example_dags/example_short_circuit_operator.py for tasks to queue
[2022-11-09T21:34:52.720-0300] {logging_mixin.py:115} INFO - [2022-11-09T21:34:52.720-0300] {dagbag.py:508} INFO - Filling up the DagBag from /home/juliana/Área de Trabalho/datapipeline/.env/lib/python3.8/site-packages/airflow/example_dags/example_short_circuit_operator.py
[2022-11-09T21:34:52.731-0300] {processor.py:650} INFO - DAG(s) dict_keys(['example_short_circuit_operator']) retrieved from /home/juliana/Área de Trabalho/datapipeline/.env/lib/python3.8/site-packages/airflow/example_dags/example_short_circuit_operator.py
[2022-11-09T21:34:52.748-0300] {logging_mixin.py:115} INFO - [2022-11-09T21:34:52.748-0300] {dag.py:2429} INFO - Sync 1 DAGs
[2022-11-09T21:34:52.765-0300] {logging_mixin.py:115} INFO - [2022-11-09T21:34:52.764-0300] {dag.py:2977} INFO - Setting next_dagrun for example_short_circuit_operator to 2022-11-09T00:34:52.764777+00:00, run_after=2022-11-10T00:34:52.764777+00:00
[2022-11-09T21:34:52.783-0300] {processor.py:161} INFO - Processing /home/juliana/Área de Trabalho/datapipeline/.env/lib/python3.8/site-packages/airflow/example_dags/example_short_circuit_operator.py took 0.070 seconds
