[2022-11-09T21:30:06.094-0300] {processor.py:153} INFO - Started process (PID=1711) to work on /home/juliana/Área de Trabalho/datapipeline/.env/lib/python3.8/site-packages/airflow/example_dags/example_task_group.py
[2022-11-09T21:30:06.095-0300] {processor.py:640} INFO - Processing file /home/juliana/Área de Trabalho/datapipeline/.env/lib/python3.8/site-packages/airflow/example_dags/example_task_group.py for tasks to queue
[2022-11-09T21:30:06.096-0300] {logging_mixin.py:115} INFO - [2022-11-09T21:30:06.095-0300] {dagbag.py:508} INFO - Filling up the DagBag from /home/juliana/Área de Trabalho/datapipeline/.env/lib/python3.8/site-packages/airflow/example_dags/example_task_group.py
[2022-11-09T21:30:06.110-0300] {processor.py:650} INFO - DAG(s) dict_keys(['example_task_group']) retrieved from /home/juliana/Área de Trabalho/datapipeline/.env/lib/python3.8/site-packages/airflow/example_dags/example_task_group.py
[2022-11-09T21:30:06.142-0300] {logging_mixin.py:115} INFO - [2022-11-09T21:30:06.142-0300] {dag.py:2429} INFO - Sync 1 DAGs
[2022-11-09T21:30:06.181-0300] {logging_mixin.py:115} INFO - [2022-11-09T21:30:06.181-0300] {dag.py:2977} INFO - Setting next_dagrun for example_task_group to 2022-11-09T00:30:06.180990+00:00, run_after=2022-11-10T00:30:06.180990+00:00
[2022-11-09T21:30:06.205-0300] {processor.py:161} INFO - Processing /home/juliana/Área de Trabalho/datapipeline/.env/lib/python3.8/site-packages/airflow/example_dags/example_task_group.py took 0.113 seconds
[2022-11-09T21:30:41.214-0300] {processor.py:153} INFO - Started process (PID=1880) to work on /home/juliana/Área de Trabalho/datapipeline/.env/lib/python3.8/site-packages/airflow/example_dags/example_task_group.py
[2022-11-09T21:30:41.216-0300] {processor.py:640} INFO - Processing file /home/juliana/Área de Trabalho/datapipeline/.env/lib/python3.8/site-packages/airflow/example_dags/example_task_group.py for tasks to queue
[2022-11-09T21:30:41.217-0300] {logging_mixin.py:115} INFO - [2022-11-09T21:30:41.217-0300] {dagbag.py:508} INFO - Filling up the DagBag from /home/juliana/Área de Trabalho/datapipeline/.env/lib/python3.8/site-packages/airflow/example_dags/example_task_group.py
[2022-11-09T21:30:41.224-0300] {processor.py:650} INFO - DAG(s) dict_keys(['example_task_group']) retrieved from /home/juliana/Área de Trabalho/datapipeline/.env/lib/python3.8/site-packages/airflow/example_dags/example_task_group.py
[2022-11-09T21:30:41.241-0300] {logging_mixin.py:115} INFO - [2022-11-09T21:30:41.241-0300] {dag.py:2429} INFO - Sync 1 DAGs
[2022-11-09T21:30:41.283-0300] {logging_mixin.py:115} INFO - [2022-11-09T21:30:41.283-0300] {dag.py:2977} INFO - Setting next_dagrun for example_task_group to 2022-11-09T00:30:41.283164+00:00, run_after=2022-11-10T00:30:41.283164+00:00
[2022-11-09T21:30:41.298-0300] {processor.py:161} INFO - Processing /home/juliana/Área de Trabalho/datapipeline/.env/lib/python3.8/site-packages/airflow/example_dags/example_task_group.py took 0.086 seconds
[2022-11-09T21:31:14.783-0300] {processor.py:153} INFO - Started process (PID=1929) to work on /home/juliana/Área de Trabalho/datapipeline/.env/lib/python3.8/site-packages/airflow/example_dags/example_task_group.py
[2022-11-09T21:31:14.785-0300] {processor.py:640} INFO - Processing file /home/juliana/Área de Trabalho/datapipeline/.env/lib/python3.8/site-packages/airflow/example_dags/example_task_group.py for tasks to queue
[2022-11-09T21:31:14.786-0300] {logging_mixin.py:115} INFO - [2022-11-09T21:31:14.785-0300] {dagbag.py:508} INFO - Filling up the DagBag from /home/juliana/Área de Trabalho/datapipeline/.env/lib/python3.8/site-packages/airflow/example_dags/example_task_group.py
[2022-11-09T21:31:14.793-0300] {processor.py:650} INFO - DAG(s) dict_keys(['example_task_group']) retrieved from /home/juliana/Área de Trabalho/datapipeline/.env/lib/python3.8/site-packages/airflow/example_dags/example_task_group.py
[2022-11-09T21:31:14.818-0300] {logging_mixin.py:115} INFO - [2022-11-09T21:31:14.818-0300] {dag.py:2429} INFO - Sync 1 DAGs
[2022-11-09T21:31:14.836-0300] {logging_mixin.py:115} INFO - [2022-11-09T21:31:14.835-0300] {dag.py:2977} INFO - Setting next_dagrun for example_task_group to 2022-11-09T00:31:14.835498+00:00, run_after=2022-11-10T00:31:14.835498+00:00
[2022-11-09T21:31:14.858-0300] {processor.py:161} INFO - Processing /home/juliana/Área de Trabalho/datapipeline/.env/lib/python3.8/site-packages/airflow/example_dags/example_task_group.py took 0.080 seconds
[2022-11-09T21:31:50.200-0300] {processor.py:153} INFO - Started process (PID=1999) to work on /home/juliana/Área de Trabalho/datapipeline/.env/lib/python3.8/site-packages/airflow/example_dags/example_task_group.py
[2022-11-09T21:31:50.202-0300] {processor.py:640} INFO - Processing file /home/juliana/Área de Trabalho/datapipeline/.env/lib/python3.8/site-packages/airflow/example_dags/example_task_group.py for tasks to queue
[2022-11-09T21:31:50.203-0300] {logging_mixin.py:115} INFO - [2022-11-09T21:31:50.202-0300] {dagbag.py:508} INFO - Filling up the DagBag from /home/juliana/Área de Trabalho/datapipeline/.env/lib/python3.8/site-packages/airflow/example_dags/example_task_group.py
[2022-11-09T21:31:50.211-0300] {processor.py:650} INFO - DAG(s) dict_keys(['example_task_group']) retrieved from /home/juliana/Área de Trabalho/datapipeline/.env/lib/python3.8/site-packages/airflow/example_dags/example_task_group.py
[2022-11-09T21:31:50.227-0300] {logging_mixin.py:115} INFO - [2022-11-09T21:31:50.227-0300] {dag.py:2429} INFO - Sync 1 DAGs
[2022-11-09T21:31:50.244-0300] {logging_mixin.py:115} INFO - [2022-11-09T21:31:50.244-0300] {dag.py:2977} INFO - Setting next_dagrun for example_task_group to 2022-11-09T00:31:50.244008+00:00, run_after=2022-11-10T00:31:50.244008+00:00
[2022-11-09T21:31:50.264-0300] {processor.py:161} INFO - Processing /home/juliana/Área de Trabalho/datapipeline/.env/lib/python3.8/site-packages/airflow/example_dags/example_task_group.py took 0.069 seconds
[2022-11-09T21:34:39.629-0300] {processor.py:153} INFO - Started process (PID=2525) to work on /home/juliana/Área de Trabalho/datapipeline/.env/lib/python3.8/site-packages/airflow/example_dags/example_task_group.py
[2022-11-09T21:34:39.631-0300] {processor.py:640} INFO - Processing file /home/juliana/Área de Trabalho/datapipeline/.env/lib/python3.8/site-packages/airflow/example_dags/example_task_group.py for tasks to queue
[2022-11-09T21:34:39.632-0300] {logging_mixin.py:115} INFO - [2022-11-09T21:34:39.632-0300] {dagbag.py:508} INFO - Filling up the DagBag from /home/juliana/Área de Trabalho/datapipeline/.env/lib/python3.8/site-packages/airflow/example_dags/example_task_group.py
[2022-11-09T21:34:39.641-0300] {processor.py:650} INFO - DAG(s) dict_keys(['example_task_group']) retrieved from /home/juliana/Área de Trabalho/datapipeline/.env/lib/python3.8/site-packages/airflow/example_dags/example_task_group.py
[2022-11-09T21:34:39.655-0300] {logging_mixin.py:115} INFO - [2022-11-09T21:34:39.655-0300] {dag.py:2429} INFO - Sync 1 DAGs
[2022-11-09T21:34:39.672-0300] {logging_mixin.py:115} INFO - [2022-11-09T21:34:39.672-0300] {dag.py:2977} INFO - Setting next_dagrun for example_task_group to 2022-11-09T00:34:39.672540+00:00, run_after=2022-11-10T00:34:39.672540+00:00
[2022-11-09T21:34:39.686-0300] {processor.py:161} INFO - Processing /home/juliana/Área de Trabalho/datapipeline/.env/lib/python3.8/site-packages/airflow/example_dags/example_task_group.py took 0.060 seconds
