[2022-11-09T21:29:52.977-0300] {processor.py:153} INFO - Started process (PID=1546) to work on /home/juliana/Área de Trabalho/datapipeline/.env/lib/python3.8/site-packages/airflow/example_dags/example_sla_dag.py
[2022-11-09T21:29:52.979-0300] {processor.py:640} INFO - Processing file /home/juliana/Área de Trabalho/datapipeline/.env/lib/python3.8/site-packages/airflow/example_dags/example_sla_dag.py for tasks to queue
[2022-11-09T21:29:52.980-0300] {logging_mixin.py:115} INFO - [2022-11-09T21:29:52.979-0300] {dagbag.py:508} INFO - Filling up the DagBag from /home/juliana/Área de Trabalho/datapipeline/.env/lib/python3.8/site-packages/airflow/example_dags/example_sla_dag.py
[2022-11-09T21:29:53.001-0300] {processor.py:650} INFO - DAG(s) dict_keys(['example_sla_dag']) retrieved from /home/juliana/Área de Trabalho/datapipeline/.env/lib/python3.8/site-packages/airflow/example_dags/example_sla_dag.py
[2022-11-09T21:29:53.024-0300] {logging_mixin.py:115} INFO - [2022-11-09T21:29:53.023-0300] {dag.py:2429} INFO - Sync 1 DAGs
[2022-11-09T21:29:53.046-0300] {logging_mixin.py:115} INFO - [2022-11-09T21:29:53.046-0300] {dag.py:2977} INFO - Setting next_dagrun for example_sla_dag to 2022-11-10T00:26:00+00:00, run_after=2022-11-10T00:28:00+00:00
[2022-11-09T21:29:53.069-0300] {processor.py:161} INFO - Processing /home/juliana/Área de Trabalho/datapipeline/.env/lib/python3.8/site-packages/airflow/example_dags/example_sla_dag.py took 0.097 seconds
[2022-11-09T21:30:28.376-0300] {processor.py:153} INFO - Started process (PID=1864) to work on /home/juliana/Área de Trabalho/datapipeline/.env/lib/python3.8/site-packages/airflow/example_dags/example_sla_dag.py
[2022-11-09T21:30:28.382-0300] {processor.py:640} INFO - Processing file /home/juliana/Área de Trabalho/datapipeline/.env/lib/python3.8/site-packages/airflow/example_dags/example_sla_dag.py for tasks to queue
[2022-11-09T21:30:28.382-0300] {logging_mixin.py:115} INFO - [2022-11-09T21:30:28.382-0300] {dagbag.py:508} INFO - Filling up the DagBag from /home/juliana/Área de Trabalho/datapipeline/.env/lib/python3.8/site-packages/airflow/example_dags/example_sla_dag.py
[2022-11-09T21:30:28.399-0300] {processor.py:650} INFO - DAG(s) dict_keys(['example_sla_dag']) retrieved from /home/juliana/Área de Trabalho/datapipeline/.env/lib/python3.8/site-packages/airflow/example_dags/example_sla_dag.py
[2022-11-09T21:30:28.420-0300] {logging_mixin.py:115} INFO - [2022-11-09T21:30:28.420-0300] {dag.py:2429} INFO - Sync 1 DAGs
[2022-11-09T21:30:28.443-0300] {logging_mixin.py:115} INFO - [2022-11-09T21:30:28.443-0300] {dag.py:2977} INFO - Setting next_dagrun for example_sla_dag to 2022-11-10T00:28:00+00:00, run_after=2022-11-10T00:30:00+00:00
[2022-11-09T21:30:28.459-0300] {processor.py:161} INFO - Processing /home/juliana/Área de Trabalho/datapipeline/.env/lib/python3.8/site-packages/airflow/example_dags/example_sla_dag.py took 0.085 seconds
[2022-11-09T21:31:04.264-0300] {processor.py:153} INFO - Started process (PID=1904) to work on /home/juliana/Área de Trabalho/datapipeline/.env/lib/python3.8/site-packages/airflow/example_dags/example_sla_dag.py
[2022-11-09T21:31:04.266-0300] {processor.py:640} INFO - Processing file /home/juliana/Área de Trabalho/datapipeline/.env/lib/python3.8/site-packages/airflow/example_dags/example_sla_dag.py for tasks to queue
[2022-11-09T21:31:04.267-0300] {logging_mixin.py:115} INFO - [2022-11-09T21:31:04.267-0300] {dagbag.py:508} INFO - Filling up the DagBag from /home/juliana/Área de Trabalho/datapipeline/.env/lib/python3.8/site-packages/airflow/example_dags/example_sla_dag.py
[2022-11-09T21:31:04.288-0300] {processor.py:650} INFO - DAG(s) dict_keys(['example_sla_dag']) retrieved from /home/juliana/Área de Trabalho/datapipeline/.env/lib/python3.8/site-packages/airflow/example_dags/example_sla_dag.py
[2022-11-09T21:31:04.304-0300] {logging_mixin.py:115} INFO - [2022-11-09T21:31:04.304-0300] {dag.py:2429} INFO - Sync 1 DAGs
[2022-11-09T21:31:04.319-0300] {logging_mixin.py:115} INFO - [2022-11-09T21:31:04.319-0300] {dag.py:2977} INFO - Setting next_dagrun for example_sla_dag to 2022-11-10T00:28:00+00:00, run_after=2022-11-10T00:30:00+00:00
[2022-11-09T21:31:04.339-0300] {processor.py:161} INFO - Processing /home/juliana/Área de Trabalho/datapipeline/.env/lib/python3.8/site-packages/airflow/example_dags/example_sla_dag.py took 0.080 seconds
[2022-11-09T21:31:37.372-0300] {processor.py:153} INFO - Started process (PID=1973) to work on /home/juliana/Área de Trabalho/datapipeline/.env/lib/python3.8/site-packages/airflow/example_dags/example_sla_dag.py
[2022-11-09T21:31:37.374-0300] {processor.py:640} INFO - Processing file /home/juliana/Área de Trabalho/datapipeline/.env/lib/python3.8/site-packages/airflow/example_dags/example_sla_dag.py for tasks to queue
[2022-11-09T21:31:37.375-0300] {logging_mixin.py:115} INFO - [2022-11-09T21:31:37.374-0300] {dagbag.py:508} INFO - Filling up the DagBag from /home/juliana/Área de Trabalho/datapipeline/.env/lib/python3.8/site-packages/airflow/example_dags/example_sla_dag.py
[2022-11-09T21:31:37.398-0300] {processor.py:650} INFO - DAG(s) dict_keys(['example_sla_dag']) retrieved from /home/juliana/Área de Trabalho/datapipeline/.env/lib/python3.8/site-packages/airflow/example_dags/example_sla_dag.py
[2022-11-09T21:31:37.414-0300] {logging_mixin.py:115} INFO - [2022-11-09T21:31:37.414-0300] {dag.py:2429} INFO - Sync 1 DAGs
[2022-11-09T21:31:37.430-0300] {logging_mixin.py:115} INFO - [2022-11-09T21:31:37.430-0300] {dag.py:2977} INFO - Setting next_dagrun for example_sla_dag to 2022-11-10T00:28:00+00:00, run_after=2022-11-10T00:30:00+00:00
[2022-11-09T21:31:37.450-0300] {processor.py:161} INFO - Processing /home/juliana/Área de Trabalho/datapipeline/.env/lib/python3.8/site-packages/airflow/example_dags/example_sla_dag.py took 0.083 seconds
[2022-11-09T21:32:11.996-0300] {processor.py:153} INFO - Started process (PID=2037) to work on /home/juliana/Área de Trabalho/datapipeline/.env/lib/python3.8/site-packages/airflow/example_dags/example_sla_dag.py
[2022-11-09T21:32:12.005-0300] {processor.py:640} INFO - Processing file /home/juliana/Área de Trabalho/datapipeline/.env/lib/python3.8/site-packages/airflow/example_dags/example_sla_dag.py for tasks to queue
[2022-11-09T21:32:12.006-0300] {logging_mixin.py:115} INFO - [2022-11-09T21:32:12.006-0300] {dagbag.py:508} INFO - Filling up the DagBag from /home/juliana/Área de Trabalho/datapipeline/.env/lib/python3.8/site-packages/airflow/example_dags/example_sla_dag.py
[2022-11-09T21:32:12.036-0300] {processor.py:650} INFO - DAG(s) dict_keys(['example_sla_dag']) retrieved from /home/juliana/Área de Trabalho/datapipeline/.env/lib/python3.8/site-packages/airflow/example_dags/example_sla_dag.py
[2022-11-09T21:32:12.066-0300] {logging_mixin.py:115} INFO - [2022-11-09T21:32:12.066-0300] {dag.py:2429} INFO - Sync 1 DAGs
[2022-11-09T21:32:12.089-0300] {logging_mixin.py:115} INFO - [2022-11-09T21:32:12.089-0300] {dag.py:2977} INFO - Setting next_dagrun for example_sla_dag to 2022-11-10T00:30:00+00:00, run_after=2022-11-10T00:32:00+00:00
[2022-11-09T21:32:12.103-0300] {processor.py:161} INFO - Processing /home/juliana/Área de Trabalho/datapipeline/.env/lib/python3.8/site-packages/airflow/example_dags/example_sla_dag.py took 0.119 seconds
[2022-11-09T21:34:25.962-0300] {processor.py:153} INFO - Started process (PID=2388) to work on /home/juliana/Área de Trabalho/datapipeline/.env/lib/python3.8/site-packages/airflow/example_dags/example_sla_dag.py
[2022-11-09T21:34:25.968-0300] {processor.py:640} INFO - Processing file /home/juliana/Área de Trabalho/datapipeline/.env/lib/python3.8/site-packages/airflow/example_dags/example_sla_dag.py for tasks to queue
[2022-11-09T21:34:25.969-0300] {logging_mixin.py:115} INFO - [2022-11-09T21:34:25.969-0300] {dagbag.py:508} INFO - Filling up the DagBag from /home/juliana/Área de Trabalho/datapipeline/.env/lib/python3.8/site-packages/airflow/example_dags/example_sla_dag.py
[2022-11-09T21:34:25.986-0300] {processor.py:650} INFO - DAG(s) dict_keys(['example_sla_dag']) retrieved from /home/juliana/Área de Trabalho/datapipeline/.env/lib/python3.8/site-packages/airflow/example_dags/example_sla_dag.py
[2022-11-09T21:34:26.000-0300] {logging_mixin.py:115} INFO - [2022-11-09T21:34:26.000-0300] {dag.py:2429} INFO - Sync 1 DAGs
[2022-11-09T21:34:26.017-0300] {logging_mixin.py:115} INFO - [2022-11-09T21:34:26.017-0300] {dag.py:2977} INFO - Setting next_dagrun for example_sla_dag to 2022-11-10T00:32:00+00:00, run_after=2022-11-10T00:34:00+00:00
[2022-11-09T21:34:26.031-0300] {processor.py:161} INFO - Processing /home/juliana/Área de Trabalho/datapipeline/.env/lib/python3.8/site-packages/airflow/example_dags/example_sla_dag.py took 0.072 seconds
[2022-11-09T21:35:01.318-0300] {processor.py:153} INFO - Started process (PID=2549) to work on /home/juliana/Área de Trabalho/datapipeline/.env/lib/python3.8/site-packages/airflow/example_dags/example_sla_dag.py
[2022-11-09T21:35:01.320-0300] {processor.py:640} INFO - Processing file /home/juliana/Área de Trabalho/datapipeline/.env/lib/python3.8/site-packages/airflow/example_dags/example_sla_dag.py for tasks to queue
[2022-11-09T21:35:01.321-0300] {logging_mixin.py:115} INFO - [2022-11-09T21:35:01.321-0300] {dagbag.py:508} INFO - Filling up the DagBag from /home/juliana/Área de Trabalho/datapipeline/.env/lib/python3.8/site-packages/airflow/example_dags/example_sla_dag.py
[2022-11-09T21:35:01.344-0300] {processor.py:650} INFO - DAG(s) dict_keys(['example_sla_dag']) retrieved from /home/juliana/Área de Trabalho/datapipeline/.env/lib/python3.8/site-packages/airflow/example_dags/example_sla_dag.py
[2022-11-09T21:35:01.359-0300] {logging_mixin.py:115} INFO - [2022-11-09T21:35:01.359-0300] {dag.py:2429} INFO - Sync 1 DAGs
[2022-11-09T21:35:01.380-0300] {logging_mixin.py:115} INFO - [2022-11-09T21:35:01.379-0300] {dag.py:2977} INFO - Setting next_dagrun for example_sla_dag to 2022-11-10T00:32:00+00:00, run_after=2022-11-10T00:34:00+00:00
[2022-11-09T21:35:01.393-0300] {processor.py:161} INFO - Processing /home/juliana/Área de Trabalho/datapipeline/.env/lib/python3.8/site-packages/airflow/example_dags/example_sla_dag.py took 0.085 seconds
