[2022-11-09T21:30:03.244-0300] {processor.py:153} INFO - Started process (PID=1563) to work on /home/juliana/Área de Trabalho/datapipeline/.env/lib/python3.8/site-packages/airflow/example_dags/example_latest_only_with_trigger.py
[2022-11-09T21:30:03.244-0300] {processor.py:640} INFO - Processing file /home/juliana/Área de Trabalho/datapipeline/.env/lib/python3.8/site-packages/airflow/example_dags/example_latest_only_with_trigger.py for tasks to queue
[2022-11-09T21:30:03.245-0300] {logging_mixin.py:115} INFO - [2022-11-09T21:30:03.245-0300] {dagbag.py:508} INFO - Filling up the DagBag from /home/juliana/Área de Trabalho/datapipeline/.env/lib/python3.8/site-packages/airflow/example_dags/example_latest_only_with_trigger.py
[2022-11-09T21:30:03.257-0300] {processor.py:650} INFO - DAG(s) dict_keys(['latest_only_with_trigger']) retrieved from /home/juliana/Área de Trabalho/datapipeline/.env/lib/python3.8/site-packages/airflow/example_dags/example_latest_only_with_trigger.py
[2022-11-09T21:30:03.279-0300] {logging_mixin.py:115} INFO - [2022-11-09T21:30:03.279-0300] {dag.py:2429} INFO - Sync 1 DAGs
[2022-11-09T21:30:03.325-0300] {logging_mixin.py:115} INFO - [2022-11-09T21:30:03.325-0300] {dag.py:2977} INFO - Setting next_dagrun for latest_only_with_trigger to 2022-11-09T20:30:03.324710+00:00, run_after=2022-11-10T00:30:03.324710+00:00
[2022-11-09T21:30:03.345-0300] {processor.py:161} INFO - Processing /home/juliana/Área de Trabalho/datapipeline/.env/lib/python3.8/site-packages/airflow/example_dags/example_latest_only_with_trigger.py took 0.107 seconds
[2022-11-09T21:30:38.342-0300] {processor.py:153} INFO - Started process (PID=1877) to work on /home/juliana/Área de Trabalho/datapipeline/.env/lib/python3.8/site-packages/airflow/example_dags/example_latest_only_with_trigger.py
[2022-11-09T21:30:38.348-0300] {processor.py:640} INFO - Processing file /home/juliana/Área de Trabalho/datapipeline/.env/lib/python3.8/site-packages/airflow/example_dags/example_latest_only_with_trigger.py for tasks to queue
[2022-11-09T21:30:38.349-0300] {logging_mixin.py:115} INFO - [2022-11-09T21:30:38.349-0300] {dagbag.py:508} INFO - Filling up the DagBag from /home/juliana/Área de Trabalho/datapipeline/.env/lib/python3.8/site-packages/airflow/example_dags/example_latest_only_with_trigger.py
[2022-11-09T21:30:38.360-0300] {processor.py:650} INFO - DAG(s) dict_keys(['latest_only_with_trigger']) retrieved from /home/juliana/Área de Trabalho/datapipeline/.env/lib/python3.8/site-packages/airflow/example_dags/example_latest_only_with_trigger.py
[2022-11-09T21:30:38.378-0300] {logging_mixin.py:115} INFO - [2022-11-09T21:30:38.377-0300] {dag.py:2429} INFO - Sync 1 DAGs
[2022-11-09T21:30:38.397-0300] {logging_mixin.py:115} INFO - [2022-11-09T21:30:38.396-0300] {dag.py:2977} INFO - Setting next_dagrun for latest_only_with_trigger to 2022-11-09T20:30:38.396589+00:00, run_after=2022-11-10T00:30:38.396589+00:00
[2022-11-09T21:30:38.420-0300] {processor.py:161} INFO - Processing /home/juliana/Área de Trabalho/datapipeline/.env/lib/python3.8/site-packages/airflow/example_dags/example_latest_only_with_trigger.py took 0.086 seconds
[2022-11-09T21:31:12.491-0300] {processor.py:153} INFO - Started process (PID=1925) to work on /home/juliana/Área de Trabalho/datapipeline/.env/lib/python3.8/site-packages/airflow/example_dags/example_latest_only_with_trigger.py
[2022-11-09T21:31:12.492-0300] {processor.py:640} INFO - Processing file /home/juliana/Área de Trabalho/datapipeline/.env/lib/python3.8/site-packages/airflow/example_dags/example_latest_only_with_trigger.py for tasks to queue
[2022-11-09T21:31:12.493-0300] {logging_mixin.py:115} INFO - [2022-11-09T21:31:12.493-0300] {dagbag.py:508} INFO - Filling up the DagBag from /home/juliana/Área de Trabalho/datapipeline/.env/lib/python3.8/site-packages/airflow/example_dags/example_latest_only_with_trigger.py
[2022-11-09T21:31:12.500-0300] {processor.py:650} INFO - DAG(s) dict_keys(['latest_only_with_trigger']) retrieved from /home/juliana/Área de Trabalho/datapipeline/.env/lib/python3.8/site-packages/airflow/example_dags/example_latest_only_with_trigger.py
[2022-11-09T21:31:12.518-0300] {logging_mixin.py:115} INFO - [2022-11-09T21:31:12.518-0300] {dag.py:2429} INFO - Sync 1 DAGs
[2022-11-09T21:31:12.535-0300] {logging_mixin.py:115} INFO - [2022-11-09T21:31:12.535-0300] {dag.py:2977} INFO - Setting next_dagrun for latest_only_with_trigger to 2022-11-09T20:31:12.535285+00:00, run_after=2022-11-10T00:31:12.535285+00:00
[2022-11-09T21:31:12.566-0300] {processor.py:161} INFO - Processing /home/juliana/Área de Trabalho/datapipeline/.env/lib/python3.8/site-packages/airflow/example_dags/example_latest_only_with_trigger.py took 0.080 seconds
[2022-11-09T21:31:46.643-0300] {processor.py:153} INFO - Started process (PID=1982) to work on /home/juliana/Área de Trabalho/datapipeline/.env/lib/python3.8/site-packages/airflow/example_dags/example_latest_only_with_trigger.py
[2022-11-09T21:31:46.645-0300] {processor.py:640} INFO - Processing file /home/juliana/Área de Trabalho/datapipeline/.env/lib/python3.8/site-packages/airflow/example_dags/example_latest_only_with_trigger.py for tasks to queue
[2022-11-09T21:31:46.646-0300] {logging_mixin.py:115} INFO - [2022-11-09T21:31:46.646-0300] {dagbag.py:508} INFO - Filling up the DagBag from /home/juliana/Área de Trabalho/datapipeline/.env/lib/python3.8/site-packages/airflow/example_dags/example_latest_only_with_trigger.py
[2022-11-09T21:31:46.656-0300] {processor.py:650} INFO - DAG(s) dict_keys(['latest_only_with_trigger']) retrieved from /home/juliana/Área de Trabalho/datapipeline/.env/lib/python3.8/site-packages/airflow/example_dags/example_latest_only_with_trigger.py
[2022-11-09T21:31:46.673-0300] {logging_mixin.py:115} INFO - [2022-11-09T21:31:46.673-0300] {dag.py:2429} INFO - Sync 1 DAGs
[2022-11-09T21:31:46.691-0300] {logging_mixin.py:115} INFO - [2022-11-09T21:31:46.691-0300] {dag.py:2977} INFO - Setting next_dagrun for latest_only_with_trigger to 2022-11-09T20:31:46.691359+00:00, run_after=2022-11-10T00:31:46.691359+00:00
[2022-11-09T21:31:46.720-0300] {processor.py:161} INFO - Processing /home/juliana/Área de Trabalho/datapipeline/.env/lib/python3.8/site-packages/airflow/example_dags/example_latest_only_with_trigger.py took 0.085 seconds
[2022-11-09T21:34:36.681-0300] {processor.py:153} INFO - Started process (PID=2522) to work on /home/juliana/Área de Trabalho/datapipeline/.env/lib/python3.8/site-packages/airflow/example_dags/example_latest_only_with_trigger.py
[2022-11-09T21:34:36.682-0300] {processor.py:640} INFO - Processing file /home/juliana/Área de Trabalho/datapipeline/.env/lib/python3.8/site-packages/airflow/example_dags/example_latest_only_with_trigger.py for tasks to queue
[2022-11-09T21:34:36.682-0300] {logging_mixin.py:115} INFO - [2022-11-09T21:34:36.682-0300] {dagbag.py:508} INFO - Filling up the DagBag from /home/juliana/Área de Trabalho/datapipeline/.env/lib/python3.8/site-packages/airflow/example_dags/example_latest_only_with_trigger.py
[2022-11-09T21:34:36.697-0300] {processor.py:650} INFO - DAG(s) dict_keys(['latest_only_with_trigger']) retrieved from /home/juliana/Área de Trabalho/datapipeline/.env/lib/python3.8/site-packages/airflow/example_dags/example_latest_only_with_trigger.py
[2022-11-09T21:34:36.711-0300] {logging_mixin.py:115} INFO - [2022-11-09T21:34:36.711-0300] {dag.py:2429} INFO - Sync 1 DAGs
[2022-11-09T21:34:36.729-0300] {logging_mixin.py:115} INFO - [2022-11-09T21:34:36.729-0300] {dag.py:2977} INFO - Setting next_dagrun for latest_only_with_trigger to 2022-11-09T20:34:36.729282+00:00, run_after=2022-11-10T00:34:36.729282+00:00
[2022-11-09T21:34:36.744-0300] {processor.py:161} INFO - Processing /home/juliana/Área de Trabalho/datapipeline/.env/lib/python3.8/site-packages/airflow/example_dags/example_latest_only_with_trigger.py took 0.066 seconds
