[2022-11-09T21:30:08.607-0300] {processor.py:153} INFO - Started process (PID=1795) to work on /home/juliana/Área de Trabalho/datapipeline/.env/lib/python3.8/site-packages/airflow/example_dags/example_branch_python_dop_operator_3.py
[2022-11-09T21:30:08.607-0300] {processor.py:640} INFO - Processing file /home/juliana/Área de Trabalho/datapipeline/.env/lib/python3.8/site-packages/airflow/example_dags/example_branch_python_dop_operator_3.py for tasks to queue
[2022-11-09T21:30:08.611-0300] {logging_mixin.py:115} INFO - [2022-11-09T21:30:08.611-0300] {dagbag.py:508} INFO - Filling up the DagBag from /home/juliana/Área de Trabalho/datapipeline/.env/lib/python3.8/site-packages/airflow/example_dags/example_branch_python_dop_operator_3.py
[2022-11-09T21:30:08.640-0300] {processor.py:650} INFO - DAG(s) dict_keys(['example_branch_dop_operator_v3']) retrieved from /home/juliana/Área de Trabalho/datapipeline/.env/lib/python3.8/site-packages/airflow/example_dags/example_branch_python_dop_operator_3.py
[2022-11-09T21:30:08.677-0300] {logging_mixin.py:115} INFO - [2022-11-09T21:30:08.677-0300] {dag.py:2429} INFO - Sync 1 DAGs
[2022-11-09T21:30:08.749-0300] {logging_mixin.py:115} INFO - [2022-11-09T21:30:08.749-0300] {dag.py:2977} INFO - Setting next_dagrun for example_branch_dop_operator_v3 to 2022-11-10T00:29:00+00:00, run_after=2022-11-10T00:30:00+00:00
[2022-11-09T21:30:08.776-0300] {processor.py:161} INFO - Processing /home/juliana/Área de Trabalho/datapipeline/.env/lib/python3.8/site-packages/airflow/example_dags/example_branch_python_dop_operator_3.py took 0.178 seconds
[2022-11-09T21:30:43.493-0300] {processor.py:153} INFO - Started process (PID=1882) to work on /home/juliana/Área de Trabalho/datapipeline/.env/lib/python3.8/site-packages/airflow/example_dags/example_branch_python_dop_operator_3.py
[2022-11-09T21:30:43.494-0300] {processor.py:640} INFO - Processing file /home/juliana/Área de Trabalho/datapipeline/.env/lib/python3.8/site-packages/airflow/example_dags/example_branch_python_dop_operator_3.py for tasks to queue
[2022-11-09T21:30:43.495-0300] {logging_mixin.py:115} INFO - [2022-11-09T21:30:43.495-0300] {dagbag.py:508} INFO - Filling up the DagBag from /home/juliana/Área de Trabalho/datapipeline/.env/lib/python3.8/site-packages/airflow/example_dags/example_branch_python_dop_operator_3.py
[2022-11-09T21:30:43.503-0300] {processor.py:650} INFO - DAG(s) dict_keys(['example_branch_dop_operator_v3']) retrieved from /home/juliana/Área de Trabalho/datapipeline/.env/lib/python3.8/site-packages/airflow/example_dags/example_branch_python_dop_operator_3.py
[2022-11-09T21:30:43.516-0300] {logging_mixin.py:115} INFO - [2022-11-09T21:30:43.516-0300] {dag.py:2429} INFO - Sync 1 DAGs
[2022-11-09T21:30:43.540-0300] {logging_mixin.py:115} INFO - [2022-11-09T21:30:43.540-0300] {dag.py:2977} INFO - Setting next_dagrun for example_branch_dop_operator_v3 to 2022-11-10T00:29:00+00:00, run_after=2022-11-10T00:30:00+00:00
[2022-11-09T21:30:43.560-0300] {processor.py:161} INFO - Processing /home/juliana/Área de Trabalho/datapipeline/.env/lib/python3.8/site-packages/airflow/example_dags/example_branch_python_dop_operator_3.py took 0.069 seconds
[2022-11-09T21:31:16.481-0300] {processor.py:153} INFO - Started process (PID=1931) to work on /home/juliana/Área de Trabalho/datapipeline/.env/lib/python3.8/site-packages/airflow/example_dags/example_branch_python_dop_operator_3.py
[2022-11-09T21:31:16.483-0300] {processor.py:640} INFO - Processing file /home/juliana/Área de Trabalho/datapipeline/.env/lib/python3.8/site-packages/airflow/example_dags/example_branch_python_dop_operator_3.py for tasks to queue
[2022-11-09T21:31:16.484-0300] {logging_mixin.py:115} INFO - [2022-11-09T21:31:16.483-0300] {dagbag.py:508} INFO - Filling up the DagBag from /home/juliana/Área de Trabalho/datapipeline/.env/lib/python3.8/site-packages/airflow/example_dags/example_branch_python_dop_operator_3.py
[2022-11-09T21:31:16.512-0300] {processor.py:650} INFO - DAG(s) dict_keys(['example_branch_dop_operator_v3']) retrieved from /home/juliana/Área de Trabalho/datapipeline/.env/lib/python3.8/site-packages/airflow/example_dags/example_branch_python_dop_operator_3.py
[2022-11-09T21:31:16.549-0300] {logging_mixin.py:115} INFO - [2022-11-09T21:31:16.549-0300] {dag.py:2429} INFO - Sync 1 DAGs
[2022-11-09T21:31:16.589-0300] {logging_mixin.py:115} INFO - [2022-11-09T21:31:16.589-0300] {dag.py:2977} INFO - Setting next_dagrun for example_branch_dop_operator_v3 to 2022-11-10T00:30:00+00:00, run_after=2022-11-10T00:31:00+00:00
[2022-11-09T21:31:16.611-0300] {processor.py:161} INFO - Processing /home/juliana/Área de Trabalho/datapipeline/.env/lib/python3.8/site-packages/airflow/example_dags/example_branch_python_dop_operator_3.py took 0.140 seconds
[2022-11-09T21:31:52.461-0300] {processor.py:153} INFO - Started process (PID=2001) to work on /home/juliana/Área de Trabalho/datapipeline/.env/lib/python3.8/site-packages/airflow/example_dags/example_branch_python_dop_operator_3.py
[2022-11-09T21:31:52.462-0300] {processor.py:640} INFO - Processing file /home/juliana/Área de Trabalho/datapipeline/.env/lib/python3.8/site-packages/airflow/example_dags/example_branch_python_dop_operator_3.py for tasks to queue
[2022-11-09T21:31:52.462-0300] {logging_mixin.py:115} INFO - [2022-11-09T21:31:52.462-0300] {dagbag.py:508} INFO - Filling up the DagBag from /home/juliana/Área de Trabalho/datapipeline/.env/lib/python3.8/site-packages/airflow/example_dags/example_branch_python_dop_operator_3.py
[2022-11-09T21:31:52.475-0300] {processor.py:650} INFO - DAG(s) dict_keys(['example_branch_dop_operator_v3']) retrieved from /home/juliana/Área de Trabalho/datapipeline/.env/lib/python3.8/site-packages/airflow/example_dags/example_branch_python_dop_operator_3.py
[2022-11-09T21:31:52.492-0300] {logging_mixin.py:115} INFO - [2022-11-09T21:31:52.491-0300] {dag.py:2429} INFO - Sync 1 DAGs
[2022-11-09T21:31:52.523-0300] {logging_mixin.py:115} INFO - [2022-11-09T21:31:52.523-0300] {dag.py:2977} INFO - Setting next_dagrun for example_branch_dop_operator_v3 to 2022-11-10T00:30:00+00:00, run_after=2022-11-10T00:31:00+00:00
[2022-11-09T21:31:52.541-0300] {processor.py:161} INFO - Processing /home/juliana/Área de Trabalho/datapipeline/.env/lib/python3.8/site-packages/airflow/example_dags/example_branch_python_dop_operator_3.py took 0.083 seconds
[2022-11-09T21:34:41.907-0300] {processor.py:153} INFO - Started process (PID=2529) to work on /home/juliana/Área de Trabalho/datapipeline/.env/lib/python3.8/site-packages/airflow/example_dags/example_branch_python_dop_operator_3.py
[2022-11-09T21:34:41.913-0300] {processor.py:640} INFO - Processing file /home/juliana/Área de Trabalho/datapipeline/.env/lib/python3.8/site-packages/airflow/example_dags/example_branch_python_dop_operator_3.py for tasks to queue
[2022-11-09T21:34:41.914-0300] {logging_mixin.py:115} INFO - [2022-11-09T21:34:41.914-0300] {dagbag.py:508} INFO - Filling up the DagBag from /home/juliana/Área de Trabalho/datapipeline/.env/lib/python3.8/site-packages/airflow/example_dags/example_branch_python_dop_operator_3.py
[2022-11-09T21:34:41.929-0300] {processor.py:650} INFO - DAG(s) dict_keys(['example_branch_dop_operator_v3']) retrieved from /home/juliana/Área de Trabalho/datapipeline/.env/lib/python3.8/site-packages/airflow/example_dags/example_branch_python_dop_operator_3.py
[2022-11-09T21:34:41.947-0300] {logging_mixin.py:115} INFO - [2022-11-09T21:34:41.946-0300] {dag.py:2429} INFO - Sync 1 DAGs
[2022-11-09T21:34:41.966-0300] {logging_mixin.py:115} INFO - [2022-11-09T21:34:41.966-0300] {dag.py:2977} INFO - Setting next_dagrun for example_branch_dop_operator_v3 to 2022-11-10T00:33:00+00:00, run_after=2022-11-10T00:34:00+00:00
[2022-11-09T21:34:41.982-0300] {processor.py:161} INFO - Processing /home/juliana/Área de Trabalho/datapipeline/.env/lib/python3.8/site-packages/airflow/example_dags/example_branch_python_dop_operator_3.py took 0.083 seconds
