[2022-11-09T21:29:54.251-0300] {processor.py:153} INFO - Started process (PID=1547) to work on /home/juliana/Área de Trabalho/datapipeline/.env/lib/python3.8/site-packages/airflow/example_dags/example_complex.py
[2022-11-09T21:29:54.253-0300] {processor.py:640} INFO - Processing file /home/juliana/Área de Trabalho/datapipeline/.env/lib/python3.8/site-packages/airflow/example_dags/example_complex.py for tasks to queue
[2022-11-09T21:29:54.254-0300] {logging_mixin.py:115} INFO - [2022-11-09T21:29:54.254-0300] {dagbag.py:508} INFO - Filling up the DagBag from /home/juliana/Área de Trabalho/datapipeline/.env/lib/python3.8/site-packages/airflow/example_dags/example_complex.py
[2022-11-09T21:29:54.269-0300] {processor.py:650} INFO - DAG(s) dict_keys(['example_complex']) retrieved from /home/juliana/Área de Trabalho/datapipeline/.env/lib/python3.8/site-packages/airflow/example_dags/example_complex.py
[2022-11-09T21:29:54.297-0300] {logging_mixin.py:115} INFO - [2022-11-09T21:29:54.297-0300] {dag.py:2429} INFO - Sync 1 DAGs
[2022-11-09T21:29:54.319-0300] {logging_mixin.py:115} INFO - [2022-11-09T21:29:54.318-0300] {dag.py:2977} INFO - Setting next_dagrun for example_complex to None, run_after=None
[2022-11-09T21:29:54.336-0300] {processor.py:161} INFO - Processing /home/juliana/Área de Trabalho/datapipeline/.env/lib/python3.8/site-packages/airflow/example_dags/example_complex.py took 0.090 seconds
[2022-11-09T21:30:29.526-0300] {processor.py:153} INFO - Started process (PID=1865) to work on /home/juliana/Área de Trabalho/datapipeline/.env/lib/python3.8/site-packages/airflow/example_dags/example_complex.py
[2022-11-09T21:30:29.532-0300] {processor.py:640} INFO - Processing file /home/juliana/Área de Trabalho/datapipeline/.env/lib/python3.8/site-packages/airflow/example_dags/example_complex.py for tasks to queue
[2022-11-09T21:30:29.533-0300] {logging_mixin.py:115} INFO - [2022-11-09T21:30:29.533-0300] {dagbag.py:508} INFO - Filling up the DagBag from /home/juliana/Área de Trabalho/datapipeline/.env/lib/python3.8/site-packages/airflow/example_dags/example_complex.py
[2022-11-09T21:30:29.550-0300] {processor.py:650} INFO - DAG(s) dict_keys(['example_complex']) retrieved from /home/juliana/Área de Trabalho/datapipeline/.env/lib/python3.8/site-packages/airflow/example_dags/example_complex.py
[2022-11-09T21:30:29.573-0300] {logging_mixin.py:115} INFO - [2022-11-09T21:30:29.573-0300] {dag.py:2429} INFO - Sync 1 DAGs
[2022-11-09T21:30:29.587-0300] {logging_mixin.py:115} INFO - [2022-11-09T21:30:29.587-0300] {dag.py:2977} INFO - Setting next_dagrun for example_complex to None, run_after=None
[2022-11-09T21:30:29.602-0300] {processor.py:161} INFO - Processing /home/juliana/Área de Trabalho/datapipeline/.env/lib/python3.8/site-packages/airflow/example_dags/example_complex.py took 0.082 seconds
[2022-11-09T21:31:04.635-0300] {processor.py:153} INFO - Started process (PID=1912) to work on /home/juliana/Área de Trabalho/datapipeline/.env/lib/python3.8/site-packages/airflow/example_dags/example_complex.py
[2022-11-09T21:31:04.637-0300] {processor.py:640} INFO - Processing file /home/juliana/Área de Trabalho/datapipeline/.env/lib/python3.8/site-packages/airflow/example_dags/example_complex.py for tasks to queue
[2022-11-09T21:31:04.638-0300] {logging_mixin.py:115} INFO - [2022-11-09T21:31:04.637-0300] {dagbag.py:508} INFO - Filling up the DagBag from /home/juliana/Área de Trabalho/datapipeline/.env/lib/python3.8/site-packages/airflow/example_dags/example_complex.py
[2022-11-09T21:31:04.651-0300] {processor.py:650} INFO - DAG(s) dict_keys(['example_complex']) retrieved from /home/juliana/Área de Trabalho/datapipeline/.env/lib/python3.8/site-packages/airflow/example_dags/example_complex.py
[2022-11-09T21:31:04.679-0300] {logging_mixin.py:115} INFO - [2022-11-09T21:31:04.679-0300] {dag.py:2429} INFO - Sync 1 DAGs
[2022-11-09T21:31:04.699-0300] {logging_mixin.py:115} INFO - [2022-11-09T21:31:04.699-0300] {dag.py:2977} INFO - Setting next_dagrun for example_complex to None, run_after=None
[2022-11-09T21:31:04.718-0300] {processor.py:161} INFO - Processing /home/juliana/Área de Trabalho/datapipeline/.env/lib/python3.8/site-packages/airflow/example_dags/example_complex.py took 0.088 seconds
[2022-11-09T21:31:38.526-0300] {processor.py:153} INFO - Started process (PID=1974) to work on /home/juliana/Área de Trabalho/datapipeline/.env/lib/python3.8/site-packages/airflow/example_dags/example_complex.py
[2022-11-09T21:31:38.528-0300] {processor.py:640} INFO - Processing file /home/juliana/Área de Trabalho/datapipeline/.env/lib/python3.8/site-packages/airflow/example_dags/example_complex.py for tasks to queue
[2022-11-09T21:31:38.529-0300] {logging_mixin.py:115} INFO - [2022-11-09T21:31:38.529-0300] {dagbag.py:508} INFO - Filling up the DagBag from /home/juliana/Área de Trabalho/datapipeline/.env/lib/python3.8/site-packages/airflow/example_dags/example_complex.py
[2022-11-09T21:31:38.559-0300] {processor.py:650} INFO - DAG(s) dict_keys(['example_complex']) retrieved from /home/juliana/Área de Trabalho/datapipeline/.env/lib/python3.8/site-packages/airflow/example_dags/example_complex.py
[2022-11-09T21:31:38.610-0300] {logging_mixin.py:115} INFO - [2022-11-09T21:31:38.609-0300] {dag.py:2429} INFO - Sync 1 DAGs
[2022-11-09T21:31:38.639-0300] {logging_mixin.py:115} INFO - [2022-11-09T21:31:38.639-0300] {dag.py:2977} INFO - Setting next_dagrun for example_complex to None, run_after=None
[2022-11-09T21:31:38.661-0300] {processor.py:161} INFO - Processing /home/juliana/Área de Trabalho/datapipeline/.env/lib/python3.8/site-packages/airflow/example_dags/example_complex.py took 0.140 seconds
[2022-11-09T21:32:13.227-0300] {processor.py:153} INFO - Started process (PID=2038) to work on /home/juliana/Área de Trabalho/datapipeline/.env/lib/python3.8/site-packages/airflow/example_dags/example_complex.py
[2022-11-09T21:32:13.233-0300] {processor.py:640} INFO - Processing file /home/juliana/Área de Trabalho/datapipeline/.env/lib/python3.8/site-packages/airflow/example_dags/example_complex.py for tasks to queue
[2022-11-09T21:32:13.234-0300] {logging_mixin.py:115} INFO - [2022-11-09T21:32:13.234-0300] {dagbag.py:508} INFO - Filling up the DagBag from /home/juliana/Área de Trabalho/datapipeline/.env/lib/python3.8/site-packages/airflow/example_dags/example_complex.py
[2022-11-09T21:32:13.245-0300] {processor.py:650} INFO - DAG(s) dict_keys(['example_complex']) retrieved from /home/juliana/Área de Trabalho/datapipeline/.env/lib/python3.8/site-packages/airflow/example_dags/example_complex.py
[2022-11-09T21:32:13.274-0300] {logging_mixin.py:115} INFO - [2022-11-09T21:32:13.274-0300] {dag.py:2429} INFO - Sync 1 DAGs
[2022-11-09T21:32:13.302-0300] {logging_mixin.py:115} INFO - [2022-11-09T21:32:13.302-0300] {dag.py:2977} INFO - Setting next_dagrun for example_complex to None, run_after=None
[2022-11-09T21:32:13.323-0300] {processor.py:161} INFO - Processing /home/juliana/Área de Trabalho/datapipeline/.env/lib/python3.8/site-packages/airflow/example_dags/example_complex.py took 0.099 seconds
[2022-11-09T21:34:26.428-0300] {processor.py:153} INFO - Started process (PID=2389) to work on /home/juliana/Área de Trabalho/datapipeline/.env/lib/python3.8/site-packages/airflow/example_dags/example_complex.py
[2022-11-09T21:34:26.434-0300] {processor.py:640} INFO - Processing file /home/juliana/Área de Trabalho/datapipeline/.env/lib/python3.8/site-packages/airflow/example_dags/example_complex.py for tasks to queue
[2022-11-09T21:34:26.434-0300] {logging_mixin.py:115} INFO - [2022-11-09T21:34:26.434-0300] {dagbag.py:508} INFO - Filling up the DagBag from /home/juliana/Área de Trabalho/datapipeline/.env/lib/python3.8/site-packages/airflow/example_dags/example_complex.py
[2022-11-09T21:34:26.457-0300] {processor.py:650} INFO - DAG(s) dict_keys(['example_complex']) retrieved from /home/juliana/Área de Trabalho/datapipeline/.env/lib/python3.8/site-packages/airflow/example_dags/example_complex.py
[2022-11-09T21:34:26.484-0300] {logging_mixin.py:115} INFO - [2022-11-09T21:34:26.484-0300] {dag.py:2429} INFO - Sync 1 DAGs
[2022-11-09T21:34:26.511-0300] {logging_mixin.py:115} INFO - [2022-11-09T21:34:26.511-0300] {dag.py:2977} INFO - Setting next_dagrun for example_complex to None, run_after=None
[2022-11-09T21:34:26.533-0300] {processor.py:161} INFO - Processing /home/juliana/Área de Trabalho/datapipeline/.env/lib/python3.8/site-packages/airflow/example_dags/example_complex.py took 0.108 seconds
[2022-11-09T21:35:02.437-0300] {processor.py:153} INFO - Started process (PID=2550) to work on /home/juliana/Área de Trabalho/datapipeline/.env/lib/python3.8/site-packages/airflow/example_dags/example_complex.py
[2022-11-09T21:35:02.438-0300] {processor.py:640} INFO - Processing file /home/juliana/Área de Trabalho/datapipeline/.env/lib/python3.8/site-packages/airflow/example_dags/example_complex.py for tasks to queue
[2022-11-09T21:35:02.439-0300] {logging_mixin.py:115} INFO - [2022-11-09T21:35:02.438-0300] {dagbag.py:508} INFO - Filling up the DagBag from /home/juliana/Área de Trabalho/datapipeline/.env/lib/python3.8/site-packages/airflow/example_dags/example_complex.py
[2022-11-09T21:35:02.450-0300] {processor.py:650} INFO - DAG(s) dict_keys(['example_complex']) retrieved from /home/juliana/Área de Trabalho/datapipeline/.env/lib/python3.8/site-packages/airflow/example_dags/example_complex.py
[2022-11-09T21:35:02.469-0300] {logging_mixin.py:115} INFO - [2022-11-09T21:35:02.469-0300] {dag.py:2429} INFO - Sync 1 DAGs
[2022-11-09T21:35:02.483-0300] {logging_mixin.py:115} INFO - [2022-11-09T21:35:02.483-0300] {dag.py:2977} INFO - Setting next_dagrun for example_complex to None, run_after=None
[2022-11-09T21:35:02.498-0300] {processor.py:161} INFO - Processing /home/juliana/Área de Trabalho/datapipeline/.env/lib/python3.8/site-packages/airflow/example_dags/example_complex.py took 0.065 seconds
