[2022-11-09T21:29:55.386-0300] {processor.py:153} INFO - Started process (PID=1548) to work on /home/juliana/Área de Trabalho/datapipeline/.env/lib/python3.8/site-packages/airflow/example_dags/example_branch_operator.py
[2022-11-09T21:29:55.386-0300] {processor.py:640} INFO - Processing file /home/juliana/Área de Trabalho/datapipeline/.env/lib/python3.8/site-packages/airflow/example_dags/example_branch_operator.py for tasks to queue
[2022-11-09T21:29:55.387-0300] {logging_mixin.py:115} INFO - [2022-11-09T21:29:55.387-0300] {dagbag.py:508} INFO - Filling up the DagBag from /home/juliana/Área de Trabalho/datapipeline/.env/lib/python3.8/site-packages/airflow/example_dags/example_branch_operator.py
[2022-11-09T21:29:55.402-0300] {processor.py:650} INFO - DAG(s) dict_keys(['example_branch_operator']) retrieved from /home/juliana/Área de Trabalho/datapipeline/.env/lib/python3.8/site-packages/airflow/example_dags/example_branch_operator.py
[2022-11-09T21:29:55.426-0300] {logging_mixin.py:115} INFO - [2022-11-09T21:29:55.426-0300] {dag.py:2429} INFO - Sync 1 DAGs
[2022-11-09T21:29:55.453-0300] {logging_mixin.py:115} INFO - [2022-11-09T21:29:55.453-0300] {dag.py:2977} INFO - Setting next_dagrun for example_branch_operator to 2022-11-09T00:00:00+00:00, run_after=2022-11-10T00:00:00+00:00
[2022-11-09T21:29:55.471-0300] {processor.py:161} INFO - Processing /home/juliana/Área de Trabalho/datapipeline/.env/lib/python3.8/site-packages/airflow/example_dags/example_branch_operator.py took 0.091 seconds
[2022-11-09T21:30:30.675-0300] {processor.py:153} INFO - Started process (PID=1866) to work on /home/juliana/Área de Trabalho/datapipeline/.env/lib/python3.8/site-packages/airflow/example_dags/example_branch_operator.py
[2022-11-09T21:30:30.681-0300] {processor.py:640} INFO - Processing file /home/juliana/Área de Trabalho/datapipeline/.env/lib/python3.8/site-packages/airflow/example_dags/example_branch_operator.py for tasks to queue
[2022-11-09T21:30:30.681-0300] {logging_mixin.py:115} INFO - [2022-11-09T21:30:30.681-0300] {dagbag.py:508} INFO - Filling up the DagBag from /home/juliana/Área de Trabalho/datapipeline/.env/lib/python3.8/site-packages/airflow/example_dags/example_branch_operator.py
[2022-11-09T21:30:30.696-0300] {processor.py:650} INFO - DAG(s) dict_keys(['example_branch_operator']) retrieved from /home/juliana/Área de Trabalho/datapipeline/.env/lib/python3.8/site-packages/airflow/example_dags/example_branch_operator.py
[2022-11-09T21:30:30.711-0300] {logging_mixin.py:115} INFO - [2022-11-09T21:30:30.711-0300] {dag.py:2429} INFO - Sync 1 DAGs
[2022-11-09T21:30:30.728-0300] {logging_mixin.py:115} INFO - [2022-11-09T21:30:30.727-0300] {dag.py:2977} INFO - Setting next_dagrun for example_branch_operator to 2022-11-09T00:00:00+00:00, run_after=2022-11-10T00:00:00+00:00
[2022-11-09T21:30:30.743-0300] {processor.py:161} INFO - Processing /home/juliana/Área de Trabalho/datapipeline/.env/lib/python3.8/site-packages/airflow/example_dags/example_branch_operator.py took 0.072 seconds
[2022-11-09T21:31:05.778-0300] {processor.py:153} INFO - Started process (PID=1913) to work on /home/juliana/Área de Trabalho/datapipeline/.env/lib/python3.8/site-packages/airflow/example_dags/example_branch_operator.py
[2022-11-09T21:31:05.780-0300] {processor.py:640} INFO - Processing file /home/juliana/Área de Trabalho/datapipeline/.env/lib/python3.8/site-packages/airflow/example_dags/example_branch_operator.py for tasks to queue
[2022-11-09T21:31:05.781-0300] {logging_mixin.py:115} INFO - [2022-11-09T21:31:05.781-0300] {dagbag.py:508} INFO - Filling up the DagBag from /home/juliana/Área de Trabalho/datapipeline/.env/lib/python3.8/site-packages/airflow/example_dags/example_branch_operator.py
[2022-11-09T21:31:05.799-0300] {processor.py:650} INFO - DAG(s) dict_keys(['example_branch_operator']) retrieved from /home/juliana/Área de Trabalho/datapipeline/.env/lib/python3.8/site-packages/airflow/example_dags/example_branch_operator.py
[2022-11-09T21:31:05.816-0300] {logging_mixin.py:115} INFO - [2022-11-09T21:31:05.816-0300] {dag.py:2429} INFO - Sync 1 DAGs
[2022-11-09T21:31:05.834-0300] {logging_mixin.py:115} INFO - [2022-11-09T21:31:05.834-0300] {dag.py:2977} INFO - Setting next_dagrun for example_branch_operator to 2022-11-09T00:00:00+00:00, run_after=2022-11-10T00:00:00+00:00
[2022-11-09T21:31:05.852-0300] {processor.py:161} INFO - Processing /home/juliana/Área de Trabalho/datapipeline/.env/lib/python3.8/site-packages/airflow/example_dags/example_branch_operator.py took 0.078 seconds
[2022-11-09T21:31:39.768-0300] {processor.py:153} INFO - Started process (PID=1975) to work on /home/juliana/Área de Trabalho/datapipeline/.env/lib/python3.8/site-packages/airflow/example_dags/example_branch_operator.py
[2022-11-09T21:31:39.769-0300] {processor.py:640} INFO - Processing file /home/juliana/Área de Trabalho/datapipeline/.env/lib/python3.8/site-packages/airflow/example_dags/example_branch_operator.py for tasks to queue
[2022-11-09T21:31:39.771-0300] {logging_mixin.py:115} INFO - [2022-11-09T21:31:39.770-0300] {dagbag.py:508} INFO - Filling up the DagBag from /home/juliana/Área de Trabalho/datapipeline/.env/lib/python3.8/site-packages/airflow/example_dags/example_branch_operator.py
[2022-11-09T21:31:39.796-0300] {processor.py:650} INFO - DAG(s) dict_keys(['example_branch_operator']) retrieved from /home/juliana/Área de Trabalho/datapipeline/.env/lib/python3.8/site-packages/airflow/example_dags/example_branch_operator.py
[2022-11-09T21:31:39.819-0300] {logging_mixin.py:115} INFO - [2022-11-09T21:31:39.818-0300] {dag.py:2429} INFO - Sync 1 DAGs
[2022-11-09T21:31:39.851-0300] {logging_mixin.py:115} INFO - [2022-11-09T21:31:39.851-0300] {dag.py:2977} INFO - Setting next_dagrun for example_branch_operator to 2022-11-09T00:00:00+00:00, run_after=2022-11-10T00:00:00+00:00
[2022-11-09T21:31:39.873-0300] {processor.py:161} INFO - Processing /home/juliana/Área de Trabalho/datapipeline/.env/lib/python3.8/site-packages/airflow/example_dags/example_branch_operator.py took 0.109 seconds
[2022-11-09T21:32:13.492-0300] {processor.py:153} INFO - Started process (PID=2039) to work on /home/juliana/Área de Trabalho/datapipeline/.env/lib/python3.8/site-packages/airflow/example_dags/example_branch_operator.py
[2022-11-09T21:32:13.493-0300] {processor.py:640} INFO - Processing file /home/juliana/Área de Trabalho/datapipeline/.env/lib/python3.8/site-packages/airflow/example_dags/example_branch_operator.py for tasks to queue
[2022-11-09T21:32:13.494-0300] {logging_mixin.py:115} INFO - [2022-11-09T21:32:13.493-0300] {dagbag.py:508} INFO - Filling up the DagBag from /home/juliana/Área de Trabalho/datapipeline/.env/lib/python3.8/site-packages/airflow/example_dags/example_branch_operator.py
[2022-11-09T21:32:13.511-0300] {processor.py:650} INFO - DAG(s) dict_keys(['example_branch_operator']) retrieved from /home/juliana/Área de Trabalho/datapipeline/.env/lib/python3.8/site-packages/airflow/example_dags/example_branch_operator.py
[2022-11-09T21:32:13.528-0300] {logging_mixin.py:115} INFO - [2022-11-09T21:32:13.528-0300] {dag.py:2429} INFO - Sync 1 DAGs
[2022-11-09T21:32:13.552-0300] {logging_mixin.py:115} INFO - [2022-11-09T21:32:13.551-0300] {dag.py:2977} INFO - Setting next_dagrun for example_branch_operator to 2022-11-09T00:00:00+00:00, run_after=2022-11-10T00:00:00+00:00
[2022-11-09T21:32:13.574-0300] {processor.py:161} INFO - Processing /home/juliana/Área de Trabalho/datapipeline/.env/lib/python3.8/site-packages/airflow/example_dags/example_branch_operator.py took 0.086 seconds
[2022-11-09T21:34:27.684-0300] {processor.py:153} INFO - Started process (PID=2390) to work on /home/juliana/Área de Trabalho/datapipeline/.env/lib/python3.8/site-packages/airflow/example_dags/example_branch_operator.py
[2022-11-09T21:34:27.686-0300] {processor.py:640} INFO - Processing file /home/juliana/Área de Trabalho/datapipeline/.env/lib/python3.8/site-packages/airflow/example_dags/example_branch_operator.py for tasks to queue
[2022-11-09T21:34:27.686-0300] {logging_mixin.py:115} INFO - [2022-11-09T21:34:27.686-0300] {dagbag.py:508} INFO - Filling up the DagBag from /home/juliana/Área de Trabalho/datapipeline/.env/lib/python3.8/site-packages/airflow/example_dags/example_branch_operator.py
[2022-11-09T21:34:27.698-0300] {processor.py:650} INFO - DAG(s) dict_keys(['example_branch_operator']) retrieved from /home/juliana/Área de Trabalho/datapipeline/.env/lib/python3.8/site-packages/airflow/example_dags/example_branch_operator.py
[2022-11-09T21:34:27.714-0300] {logging_mixin.py:115} INFO - [2022-11-09T21:34:27.713-0300] {dag.py:2429} INFO - Sync 1 DAGs
[2022-11-09T21:34:27.731-0300] {logging_mixin.py:115} INFO - [2022-11-09T21:34:27.731-0300] {dag.py:2977} INFO - Setting next_dagrun for example_branch_operator to 2022-11-09T00:00:00+00:00, run_after=2022-11-10T00:00:00+00:00
[2022-11-09T21:34:27.747-0300] {processor.py:161} INFO - Processing /home/juliana/Área de Trabalho/datapipeline/.env/lib/python3.8/site-packages/airflow/example_dags/example_branch_operator.py took 0.066 seconds
[2022-11-09T21:35:03.002-0300] {processor.py:153} INFO - Started process (PID=2551) to work on /home/juliana/Área de Trabalho/datapipeline/.env/lib/python3.8/site-packages/airflow/example_dags/example_branch_operator.py
[2022-11-09T21:35:03.004-0300] {processor.py:640} INFO - Processing file /home/juliana/Área de Trabalho/datapipeline/.env/lib/python3.8/site-packages/airflow/example_dags/example_branch_operator.py for tasks to queue
[2022-11-09T21:35:03.004-0300] {logging_mixin.py:115} INFO - [2022-11-09T21:35:03.004-0300] {dagbag.py:508} INFO - Filling up the DagBag from /home/juliana/Área de Trabalho/datapipeline/.env/lib/python3.8/site-packages/airflow/example_dags/example_branch_operator.py
[2022-11-09T21:35:03.017-0300] {processor.py:650} INFO - DAG(s) dict_keys(['example_branch_operator']) retrieved from /home/juliana/Área de Trabalho/datapipeline/.env/lib/python3.8/site-packages/airflow/example_dags/example_branch_operator.py
[2022-11-09T21:35:03.033-0300] {logging_mixin.py:115} INFO - [2022-11-09T21:35:03.033-0300] {dag.py:2429} INFO - Sync 1 DAGs
[2022-11-09T21:35:03.051-0300] {logging_mixin.py:115} INFO - [2022-11-09T21:35:03.051-0300] {dag.py:2977} INFO - Setting next_dagrun for example_branch_operator to 2022-11-09T00:00:00+00:00, run_after=2022-11-10T00:00:00+00:00
[2022-11-09T21:35:03.066-0300] {processor.py:161} INFO - Processing /home/juliana/Área de Trabalho/datapipeline/.env/lib/python3.8/site-packages/airflow/example_dags/example_branch_operator.py took 0.067 seconds
