[2022-11-09T21:30:17.534-0300] {processor.py:153} INFO - Started process (PID=1853) to work on /home/juliana/Área de Trabalho/datapipeline/.env/lib/python3.8/site-packages/airflow/example_dags/example_branch_datetime_operator.py
[2022-11-09T21:30:17.535-0300] {processor.py:640} INFO - Processing file /home/juliana/Área de Trabalho/datapipeline/.env/lib/python3.8/site-packages/airflow/example_dags/example_branch_datetime_operator.py for tasks to queue
[2022-11-09T21:30:17.537-0300] {logging_mixin.py:115} INFO - [2022-11-09T21:30:17.537-0300] {dagbag.py:508} INFO - Filling up the DagBag from /home/juliana/Área de Trabalho/datapipeline/.env/lib/python3.8/site-packages/airflow/example_dags/example_branch_datetime_operator.py
[2022-11-09T21:30:17.551-0300] {processor.py:650} INFO - DAG(s) dict_keys(['example_branch_datetime_operator', 'example_branch_datetime_operator_2']) retrieved from /home/juliana/Área de Trabalho/datapipeline/.env/lib/python3.8/site-packages/airflow/example_dags/example_branch_datetime_operator.py
[2022-11-09T21:30:17.565-0300] {logging_mixin.py:115} INFO - [2022-11-09T21:30:17.565-0300] {dag.py:2429} INFO - Sync 2 DAGs
[2022-11-09T21:30:17.585-0300] {logging_mixin.py:115} INFO - [2022-11-09T21:30:17.585-0300] {dag.py:2977} INFO - Setting next_dagrun for example_branch_datetime_operator to 2022-11-09T00:00:00+00:00, run_after=2022-11-10T00:00:00+00:00
[2022-11-09T21:30:17.586-0300] {logging_mixin.py:115} INFO - [2022-11-09T21:30:17.586-0300] {dag.py:2977} INFO - Setting next_dagrun for example_branch_datetime_operator_2 to 2022-11-09T00:00:00+00:00, run_after=2022-11-10T00:00:00+00:00
[2022-11-09T21:30:17.606-0300] {processor.py:161} INFO - Processing /home/juliana/Área de Trabalho/datapipeline/.env/lib/python3.8/site-packages/airflow/example_dags/example_branch_datetime_operator.py took 0.075 seconds
[2022-11-09T21:30:53.989-0300] {processor.py:153} INFO - Started process (PID=1894) to work on /home/juliana/Área de Trabalho/datapipeline/.env/lib/python3.8/site-packages/airflow/example_dags/example_branch_datetime_operator.py
[2022-11-09T21:30:53.990-0300] {processor.py:640} INFO - Processing file /home/juliana/Área de Trabalho/datapipeline/.env/lib/python3.8/site-packages/airflow/example_dags/example_branch_datetime_operator.py for tasks to queue
[2022-11-09T21:30:53.991-0300] {logging_mixin.py:115} INFO - [2022-11-09T21:30:53.991-0300] {dagbag.py:508} INFO - Filling up the DagBag from /home/juliana/Área de Trabalho/datapipeline/.env/lib/python3.8/site-packages/airflow/example_dags/example_branch_datetime_operator.py
[2022-11-09T21:30:54.001-0300] {processor.py:650} INFO - DAG(s) dict_keys(['example_branch_datetime_operator', 'example_branch_datetime_operator_2']) retrieved from /home/juliana/Área de Trabalho/datapipeline/.env/lib/python3.8/site-packages/airflow/example_dags/example_branch_datetime_operator.py
[2022-11-09T21:30:54.018-0300] {logging_mixin.py:115} INFO - [2022-11-09T21:30:54.018-0300] {dag.py:2429} INFO - Sync 2 DAGs
[2022-11-09T21:30:54.038-0300] {logging_mixin.py:115} INFO - [2022-11-09T21:30:54.038-0300] {dag.py:2977} INFO - Setting next_dagrun for example_branch_datetime_operator to 2022-11-09T00:00:00+00:00, run_after=2022-11-10T00:00:00+00:00
[2022-11-09T21:30:54.039-0300] {logging_mixin.py:115} INFO - [2022-11-09T21:30:54.039-0300] {dag.py:2977} INFO - Setting next_dagrun for example_branch_datetime_operator_2 to 2022-11-09T00:00:00+00:00, run_after=2022-11-10T00:00:00+00:00
[2022-11-09T21:30:54.059-0300] {processor.py:161} INFO - Processing /home/juliana/Área de Trabalho/datapipeline/.env/lib/python3.8/site-packages/airflow/example_dags/example_branch_datetime_operator.py took 0.073 seconds
[2022-11-09T21:31:28.089-0300] {processor.py:153} INFO - Started process (PID=1964) to work on /home/juliana/Área de Trabalho/datapipeline/.env/lib/python3.8/site-packages/airflow/example_dags/example_branch_datetime_operator.py
[2022-11-09T21:31:28.096-0300] {processor.py:640} INFO - Processing file /home/juliana/Área de Trabalho/datapipeline/.env/lib/python3.8/site-packages/airflow/example_dags/example_branch_datetime_operator.py for tasks to queue
[2022-11-09T21:31:28.097-0300] {logging_mixin.py:115} INFO - [2022-11-09T21:31:28.097-0300] {dagbag.py:508} INFO - Filling up the DagBag from /home/juliana/Área de Trabalho/datapipeline/.env/lib/python3.8/site-packages/airflow/example_dags/example_branch_datetime_operator.py
[2022-11-09T21:31:28.112-0300] {processor.py:650} INFO - DAG(s) dict_keys(['example_branch_datetime_operator', 'example_branch_datetime_operator_2']) retrieved from /home/juliana/Área de Trabalho/datapipeline/.env/lib/python3.8/site-packages/airflow/example_dags/example_branch_datetime_operator.py
[2022-11-09T21:31:28.132-0300] {logging_mixin.py:115} INFO - [2022-11-09T21:31:28.131-0300] {dag.py:2429} INFO - Sync 2 DAGs
[2022-11-09T21:31:28.149-0300] {logging_mixin.py:115} INFO - [2022-11-09T21:31:28.148-0300] {dag.py:2977} INFO - Setting next_dagrun for example_branch_datetime_operator to 2022-11-09T00:00:00+00:00, run_after=2022-11-10T00:00:00+00:00
[2022-11-09T21:31:28.150-0300] {logging_mixin.py:115} INFO - [2022-11-09T21:31:28.150-0300] {dag.py:2977} INFO - Setting next_dagrun for example_branch_datetime_operator_2 to 2022-11-09T00:00:00+00:00, run_after=2022-11-10T00:00:00+00:00
[2022-11-09T21:31:28.166-0300] {processor.py:161} INFO - Processing /home/juliana/Área de Trabalho/datapipeline/.env/lib/python3.8/site-packages/airflow/example_dags/example_branch_datetime_operator.py took 0.083 seconds
[2022-11-09T21:32:05.891-0300] {processor.py:153} INFO - Started process (PID=2031) to work on /home/juliana/Área de Trabalho/datapipeline/.env/lib/python3.8/site-packages/airflow/example_dags/example_branch_datetime_operator.py
[2022-11-09T21:32:05.892-0300] {processor.py:640} INFO - Processing file /home/juliana/Área de Trabalho/datapipeline/.env/lib/python3.8/site-packages/airflow/example_dags/example_branch_datetime_operator.py for tasks to queue
[2022-11-09T21:32:05.893-0300] {logging_mixin.py:115} INFO - [2022-11-09T21:32:05.892-0300] {dagbag.py:508} INFO - Filling up the DagBag from /home/juliana/Área de Trabalho/datapipeline/.env/lib/python3.8/site-packages/airflow/example_dags/example_branch_datetime_operator.py
[2022-11-09T21:32:05.905-0300] {processor.py:650} INFO - DAG(s) dict_keys(['example_branch_datetime_operator', 'example_branch_datetime_operator_2']) retrieved from /home/juliana/Área de Trabalho/datapipeline/.env/lib/python3.8/site-packages/airflow/example_dags/example_branch_datetime_operator.py
[2022-11-09T21:32:05.928-0300] {logging_mixin.py:115} INFO - [2022-11-09T21:32:05.927-0300] {dag.py:2429} INFO - Sync 2 DAGs
[2022-11-09T21:32:05.951-0300] {logging_mixin.py:115} INFO - [2022-11-09T21:32:05.951-0300] {dag.py:2977} INFO - Setting next_dagrun for example_branch_datetime_operator to 2022-11-09T00:00:00+00:00, run_after=2022-11-10T00:00:00+00:00
[2022-11-09T21:32:05.954-0300] {logging_mixin.py:115} INFO - [2022-11-09T21:32:05.953-0300] {dag.py:2977} INFO - Setting next_dagrun for example_branch_datetime_operator_2 to 2022-11-09T00:00:00+00:00, run_after=2022-11-10T00:00:00+00:00
[2022-11-09T21:32:05.974-0300] {processor.py:161} INFO - Processing /home/juliana/Área de Trabalho/datapipeline/.env/lib/python3.8/site-packages/airflow/example_dags/example_branch_datetime_operator.py took 0.087 seconds
[2022-11-09T21:34:49.842-0300] {processor.py:153} INFO - Started process (PID=2538) to work on /home/juliana/Área de Trabalho/datapipeline/.env/lib/python3.8/site-packages/airflow/example_dags/example_branch_datetime_operator.py
[2022-11-09T21:34:49.849-0300] {processor.py:640} INFO - Processing file /home/juliana/Área de Trabalho/datapipeline/.env/lib/python3.8/site-packages/airflow/example_dags/example_branch_datetime_operator.py for tasks to queue
[2022-11-09T21:34:49.850-0300] {logging_mixin.py:115} INFO - [2022-11-09T21:34:49.850-0300] {dagbag.py:508} INFO - Filling up the DagBag from /home/juliana/Área de Trabalho/datapipeline/.env/lib/python3.8/site-packages/airflow/example_dags/example_branch_datetime_operator.py
[2022-11-09T21:34:49.865-0300] {processor.py:650} INFO - DAG(s) dict_keys(['example_branch_datetime_operator', 'example_branch_datetime_operator_2']) retrieved from /home/juliana/Área de Trabalho/datapipeline/.env/lib/python3.8/site-packages/airflow/example_dags/example_branch_datetime_operator.py
[2022-11-09T21:34:49.882-0300] {logging_mixin.py:115} INFO - [2022-11-09T21:34:49.882-0300] {dag.py:2429} INFO - Sync 2 DAGs
[2022-11-09T21:34:49.900-0300] {logging_mixin.py:115} INFO - [2022-11-09T21:34:49.900-0300] {dag.py:2977} INFO - Setting next_dagrun for example_branch_datetime_operator to 2022-11-09T00:00:00+00:00, run_after=2022-11-10T00:00:00+00:00
[2022-11-09T21:34:49.901-0300] {logging_mixin.py:115} INFO - [2022-11-09T21:34:49.901-0300] {dag.py:2977} INFO - Setting next_dagrun for example_branch_datetime_operator_2 to 2022-11-09T00:00:00+00:00, run_after=2022-11-10T00:00:00+00:00
[2022-11-09T21:34:49.916-0300] {processor.py:161} INFO - Processing /home/juliana/Área de Trabalho/datapipeline/.env/lib/python3.8/site-packages/airflow/example_dags/example_branch_datetime_operator.py took 0.079 seconds
