[2022-11-09T21:29:52.691-0300] {processor.py:153} INFO - Started process (PID=1545) to work on /home/juliana/Área de Trabalho/datapipeline/.env/lib/python3.8/site-packages/airflow/example_dags/example_branch_day_of_week_operator.py
[2022-11-09T21:29:52.692-0300] {processor.py:640} INFO - Processing file /home/juliana/Área de Trabalho/datapipeline/.env/lib/python3.8/site-packages/airflow/example_dags/example_branch_day_of_week_operator.py for tasks to queue
[2022-11-09T21:29:52.693-0300] {logging_mixin.py:115} INFO - [2022-11-09T21:29:52.692-0300] {dagbag.py:508} INFO - Filling up the DagBag from /home/juliana/Área de Trabalho/datapipeline/.env/lib/python3.8/site-packages/airflow/example_dags/example_branch_day_of_week_operator.py
[2022-11-09T21:29:52.726-0300] {processor.py:650} INFO - DAG(s) dict_keys(['example_weekday_branch_operator']) retrieved from /home/juliana/Área de Trabalho/datapipeline/.env/lib/python3.8/site-packages/airflow/example_dags/example_branch_day_of_week_operator.py
[2022-11-09T21:29:52.746-0300] {logging_mixin.py:115} INFO - [2022-11-09T21:29:52.746-0300] {dag.py:2429} INFO - Sync 1 DAGs
[2022-11-09T21:29:52.766-0300] {logging_mixin.py:115} INFO - [2022-11-09T21:29:52.766-0300] {dag.py:2977} INFO - Setting next_dagrun for example_weekday_branch_operator to 2022-11-09T00:00:00+00:00, run_after=2022-11-10T00:00:00+00:00
[2022-11-09T21:29:52.782-0300] {processor.py:161} INFO - Processing /home/juliana/Área de Trabalho/datapipeline/.env/lib/python3.8/site-packages/airflow/example_dags/example_branch_day_of_week_operator.py took 0.095 seconds
[2022-11-09T21:30:28.120-0300] {processor.py:153} INFO - Started process (PID=1863) to work on /home/juliana/Área de Trabalho/datapipeline/.env/lib/python3.8/site-packages/airflow/example_dags/example_branch_day_of_week_operator.py
[2022-11-09T21:30:28.130-0300] {processor.py:640} INFO - Processing file /home/juliana/Área de Trabalho/datapipeline/.env/lib/python3.8/site-packages/airflow/example_dags/example_branch_day_of_week_operator.py for tasks to queue
[2022-11-09T21:30:28.131-0300] {logging_mixin.py:115} INFO - [2022-11-09T21:30:28.131-0300] {dagbag.py:508} INFO - Filling up the DagBag from /home/juliana/Área de Trabalho/datapipeline/.env/lib/python3.8/site-packages/airflow/example_dags/example_branch_day_of_week_operator.py
[2022-11-09T21:30:28.142-0300] {processor.py:650} INFO - DAG(s) dict_keys(['example_weekday_branch_operator']) retrieved from /home/juliana/Área de Trabalho/datapipeline/.env/lib/python3.8/site-packages/airflow/example_dags/example_branch_day_of_week_operator.py
[2022-11-09T21:30:28.157-0300] {logging_mixin.py:115} INFO - [2022-11-09T21:30:28.157-0300] {dag.py:2429} INFO - Sync 1 DAGs
[2022-11-09T21:30:28.177-0300] {logging_mixin.py:115} INFO - [2022-11-09T21:30:28.177-0300] {dag.py:2977} INFO - Setting next_dagrun for example_weekday_branch_operator to 2022-11-09T00:00:00+00:00, run_after=2022-11-10T00:00:00+00:00
[2022-11-09T21:30:28.193-0300] {processor.py:161} INFO - Processing /home/juliana/Área de Trabalho/datapipeline/.env/lib/python3.8/site-packages/airflow/example_dags/example_branch_day_of_week_operator.py took 0.082 seconds
[2022-11-09T21:31:03.104-0300] {processor.py:153} INFO - Started process (PID=1903) to work on /home/juliana/Área de Trabalho/datapipeline/.env/lib/python3.8/site-packages/airflow/example_dags/example_branch_day_of_week_operator.py
[2022-11-09T21:31:03.106-0300] {processor.py:640} INFO - Processing file /home/juliana/Área de Trabalho/datapipeline/.env/lib/python3.8/site-packages/airflow/example_dags/example_branch_day_of_week_operator.py for tasks to queue
[2022-11-09T21:31:03.107-0300] {logging_mixin.py:115} INFO - [2022-11-09T21:31:03.107-0300] {dagbag.py:508} INFO - Filling up the DagBag from /home/juliana/Área de Trabalho/datapipeline/.env/lib/python3.8/site-packages/airflow/example_dags/example_branch_day_of_week_operator.py
[2022-11-09T21:31:03.117-0300] {processor.py:650} INFO - DAG(s) dict_keys(['example_weekday_branch_operator']) retrieved from /home/juliana/Área de Trabalho/datapipeline/.env/lib/python3.8/site-packages/airflow/example_dags/example_branch_day_of_week_operator.py
[2022-11-09T21:31:03.133-0300] {logging_mixin.py:115} INFO - [2022-11-09T21:31:03.132-0300] {dag.py:2429} INFO - Sync 1 DAGs
[2022-11-09T21:31:03.150-0300] {logging_mixin.py:115} INFO - [2022-11-09T21:31:03.150-0300] {dag.py:2977} INFO - Setting next_dagrun for example_weekday_branch_operator to 2022-11-09T00:00:00+00:00, run_after=2022-11-10T00:00:00+00:00
[2022-11-09T21:31:03.168-0300] {processor.py:161} INFO - Processing /home/juliana/Área de Trabalho/datapipeline/.env/lib/python3.8/site-packages/airflow/example_dags/example_branch_day_of_week_operator.py took 0.069 seconds
[2022-11-09T21:31:36.363-0300] {processor.py:153} INFO - Started process (PID=1972) to work on /home/juliana/Área de Trabalho/datapipeline/.env/lib/python3.8/site-packages/airflow/example_dags/example_branch_day_of_week_operator.py
[2022-11-09T21:31:36.363-0300] {processor.py:640} INFO - Processing file /home/juliana/Área de Trabalho/datapipeline/.env/lib/python3.8/site-packages/airflow/example_dags/example_branch_day_of_week_operator.py for tasks to queue
[2022-11-09T21:31:36.364-0300] {logging_mixin.py:115} INFO - [2022-11-09T21:31:36.364-0300] {dagbag.py:508} INFO - Filling up the DagBag from /home/juliana/Área de Trabalho/datapipeline/.env/lib/python3.8/site-packages/airflow/example_dags/example_branch_day_of_week_operator.py
[2022-11-09T21:31:36.372-0300] {processor.py:650} INFO - DAG(s) dict_keys(['example_weekday_branch_operator']) retrieved from /home/juliana/Área de Trabalho/datapipeline/.env/lib/python3.8/site-packages/airflow/example_dags/example_branch_day_of_week_operator.py
[2022-11-09T21:31:36.397-0300] {logging_mixin.py:115} INFO - [2022-11-09T21:31:36.396-0300] {dag.py:2429} INFO - Sync 1 DAGs
[2022-11-09T21:31:36.415-0300] {logging_mixin.py:115} INFO - [2022-11-09T21:31:36.414-0300] {dag.py:2977} INFO - Setting next_dagrun for example_weekday_branch_operator to 2022-11-09T00:00:00+00:00, run_after=2022-11-10T00:00:00+00:00
[2022-11-09T21:31:36.445-0300] {processor.py:161} INFO - Processing /home/juliana/Área de Trabalho/datapipeline/.env/lib/python3.8/site-packages/airflow/example_dags/example_branch_day_of_week_operator.py took 0.085 seconds
[2022-11-09T21:32:10.739-0300] {processor.py:153} INFO - Started process (PID=2036) to work on /home/juliana/Área de Trabalho/datapipeline/.env/lib/python3.8/site-packages/airflow/example_dags/example_branch_day_of_week_operator.py
[2022-11-09T21:32:10.740-0300] {processor.py:640} INFO - Processing file /home/juliana/Área de Trabalho/datapipeline/.env/lib/python3.8/site-packages/airflow/example_dags/example_branch_day_of_week_operator.py for tasks to queue
[2022-11-09T21:32:10.741-0300] {logging_mixin.py:115} INFO - [2022-11-09T21:32:10.741-0300] {dagbag.py:508} INFO - Filling up the DagBag from /home/juliana/Área de Trabalho/datapipeline/.env/lib/python3.8/site-packages/airflow/example_dags/example_branch_day_of_week_operator.py
[2022-11-09T21:32:10.755-0300] {processor.py:650} INFO - DAG(s) dict_keys(['example_weekday_branch_operator']) retrieved from /home/juliana/Área de Trabalho/datapipeline/.env/lib/python3.8/site-packages/airflow/example_dags/example_branch_day_of_week_operator.py
[2022-11-09T21:32:10.778-0300] {logging_mixin.py:115} INFO - [2022-11-09T21:32:10.778-0300] {dag.py:2429} INFO - Sync 1 DAGs
[2022-11-09T21:32:10.818-0300] {logging_mixin.py:115} INFO - [2022-11-09T21:32:10.818-0300] {dag.py:2977} INFO - Setting next_dagrun for example_weekday_branch_operator to 2022-11-09T00:00:00+00:00, run_after=2022-11-10T00:00:00+00:00
[2022-11-09T21:32:10.843-0300] {processor.py:161} INFO - Processing /home/juliana/Área de Trabalho/datapipeline/.env/lib/python3.8/site-packages/airflow/example_dags/example_branch_day_of_week_operator.py took 0.109 seconds
[2022-11-09T21:34:24.829-0300] {processor.py:153} INFO - Started process (PID=2387) to work on /home/juliana/Área de Trabalho/datapipeline/.env/lib/python3.8/site-packages/airflow/example_dags/example_branch_day_of_week_operator.py
[2022-11-09T21:34:24.835-0300] {processor.py:640} INFO - Processing file /home/juliana/Área de Trabalho/datapipeline/.env/lib/python3.8/site-packages/airflow/example_dags/example_branch_day_of_week_operator.py for tasks to queue
[2022-11-09T21:34:24.836-0300] {logging_mixin.py:115} INFO - [2022-11-09T21:34:24.836-0300] {dagbag.py:508} INFO - Filling up the DagBag from /home/juliana/Área de Trabalho/datapipeline/.env/lib/python3.8/site-packages/airflow/example_dags/example_branch_day_of_week_operator.py
[2022-11-09T21:34:24.850-0300] {processor.py:650} INFO - DAG(s) dict_keys(['example_weekday_branch_operator']) retrieved from /home/juliana/Área de Trabalho/datapipeline/.env/lib/python3.8/site-packages/airflow/example_dags/example_branch_day_of_week_operator.py
[2022-11-09T21:34:24.865-0300] {logging_mixin.py:115} INFO - [2022-11-09T21:34:24.865-0300] {dag.py:2429} INFO - Sync 1 DAGs
[2022-11-09T21:34:24.885-0300] {logging_mixin.py:115} INFO - [2022-11-09T21:34:24.885-0300] {dag.py:2977} INFO - Setting next_dagrun for example_weekday_branch_operator to 2022-11-09T00:00:00+00:00, run_after=2022-11-10T00:00:00+00:00
[2022-11-09T21:34:24.907-0300] {processor.py:161} INFO - Processing /home/juliana/Área de Trabalho/datapipeline/.env/lib/python3.8/site-packages/airflow/example_dags/example_branch_day_of_week_operator.py took 0.080 seconds
[2022-11-09T21:35:00.177-0300] {processor.py:153} INFO - Started process (PID=2548) to work on /home/juliana/Área de Trabalho/datapipeline/.env/lib/python3.8/site-packages/airflow/example_dags/example_branch_day_of_week_operator.py
[2022-11-09T21:35:00.179-0300] {processor.py:640} INFO - Processing file /home/juliana/Área de Trabalho/datapipeline/.env/lib/python3.8/site-packages/airflow/example_dags/example_branch_day_of_week_operator.py for tasks to queue
[2022-11-09T21:35:00.180-0300] {logging_mixin.py:115} INFO - [2022-11-09T21:35:00.180-0300] {dagbag.py:508} INFO - Filling up the DagBag from /home/juliana/Área de Trabalho/datapipeline/.env/lib/python3.8/site-packages/airflow/example_dags/example_branch_day_of_week_operator.py
[2022-11-09T21:35:00.193-0300] {processor.py:650} INFO - DAG(s) dict_keys(['example_weekday_branch_operator']) retrieved from /home/juliana/Área de Trabalho/datapipeline/.env/lib/python3.8/site-packages/airflow/example_dags/example_branch_day_of_week_operator.py
[2022-11-09T21:35:00.211-0300] {logging_mixin.py:115} INFO - [2022-11-09T21:35:00.211-0300] {dag.py:2429} INFO - Sync 1 DAGs
[2022-11-09T21:35:00.244-0300] {logging_mixin.py:115} INFO - [2022-11-09T21:35:00.244-0300] {dag.py:2977} INFO - Setting next_dagrun for example_weekday_branch_operator to 2022-11-09T00:00:00+00:00, run_after=2022-11-10T00:00:00+00:00
[2022-11-09T21:35:00.260-0300] {processor.py:161} INFO - Processing /home/juliana/Área de Trabalho/datapipeline/.env/lib/python3.8/site-packages/airflow/example_dags/example_branch_day_of_week_operator.py took 0.088 seconds
