[2022-11-09T21:30:18.690-0300] {processor.py:153} INFO - Started process (PID=1854) to work on /home/juliana/Área de Trabalho/datapipeline/.env/lib/python3.8/site-packages/airflow/example_dags/example_bash_operator.py
[2022-11-09T21:30:18.693-0300] {processor.py:640} INFO - Processing file /home/juliana/Área de Trabalho/datapipeline/.env/lib/python3.8/site-packages/airflow/example_dags/example_bash_operator.py for tasks to queue
[2022-11-09T21:30:18.694-0300] {logging_mixin.py:115} INFO - [2022-11-09T21:30:18.694-0300] {dagbag.py:508} INFO - Filling up the DagBag from /home/juliana/Área de Trabalho/datapipeline/.env/lib/python3.8/site-packages/airflow/example_dags/example_bash_operator.py
[2022-11-09T21:30:18.727-0300] {processor.py:650} INFO - DAG(s) dict_keys(['example_bash_operator']) retrieved from /home/juliana/Área de Trabalho/datapipeline/.env/lib/python3.8/site-packages/airflow/example_dags/example_bash_operator.py
[2022-11-09T21:30:18.762-0300] {logging_mixin.py:115} INFO - [2022-11-09T21:30:18.762-0300] {dag.py:2429} INFO - Sync 1 DAGs
[2022-11-09T21:30:18.776-0300] {logging_mixin.py:115} INFO - [2022-11-09T21:30:18.776-0300] {dag.py:2977} INFO - Setting next_dagrun for example_bash_operator to 2022-11-09T00:00:00+00:00, run_after=2022-11-10T00:00:00+00:00
[2022-11-09T21:30:18.790-0300] {processor.py:161} INFO - Processing /home/juliana/Área de Trabalho/datapipeline/.env/lib/python3.8/site-packages/airflow/example_dags/example_bash_operator.py took 0.111 seconds
[2022-11-09T21:30:54.489-0300] {processor.py:153} INFO - Started process (PID=1895) to work on /home/juliana/Área de Trabalho/datapipeline/.env/lib/python3.8/site-packages/airflow/example_dags/example_bash_operator.py
[2022-11-09T21:30:54.490-0300] {processor.py:640} INFO - Processing file /home/juliana/Área de Trabalho/datapipeline/.env/lib/python3.8/site-packages/airflow/example_dags/example_bash_operator.py for tasks to queue
[2022-11-09T21:30:54.491-0300] {logging_mixin.py:115} INFO - [2022-11-09T21:30:54.491-0300] {dagbag.py:508} INFO - Filling up the DagBag from /home/juliana/Área de Trabalho/datapipeline/.env/lib/python3.8/site-packages/airflow/example_dags/example_bash_operator.py
[2022-11-09T21:30:54.502-0300] {processor.py:650} INFO - DAG(s) dict_keys(['example_bash_operator']) retrieved from /home/juliana/Área de Trabalho/datapipeline/.env/lib/python3.8/site-packages/airflow/example_dags/example_bash_operator.py
[2022-11-09T21:30:54.523-0300] {logging_mixin.py:115} INFO - [2022-11-09T21:30:54.523-0300] {dag.py:2429} INFO - Sync 1 DAGs
[2022-11-09T21:30:54.538-0300] {logging_mixin.py:115} INFO - [2022-11-09T21:30:54.538-0300] {dag.py:2977} INFO - Setting next_dagrun for example_bash_operator to 2022-11-09T00:00:00+00:00, run_after=2022-11-10T00:00:00+00:00
[2022-11-09T21:30:54.554-0300] {processor.py:161} INFO - Processing /home/juliana/Área de Trabalho/datapipeline/.env/lib/python3.8/site-packages/airflow/example_dags/example_bash_operator.py took 0.068 seconds
[2022-11-09T21:31:29.149-0300] {processor.py:153} INFO - Started process (PID=1965) to work on /home/juliana/Área de Trabalho/datapipeline/.env/lib/python3.8/site-packages/airflow/example_dags/example_bash_operator.py
[2022-11-09T21:31:29.150-0300] {processor.py:640} INFO - Processing file /home/juliana/Área de Trabalho/datapipeline/.env/lib/python3.8/site-packages/airflow/example_dags/example_bash_operator.py for tasks to queue
[2022-11-09T21:31:29.151-0300] {logging_mixin.py:115} INFO - [2022-11-09T21:31:29.151-0300] {dagbag.py:508} INFO - Filling up the DagBag from /home/juliana/Área de Trabalho/datapipeline/.env/lib/python3.8/site-packages/airflow/example_dags/example_bash_operator.py
[2022-11-09T21:31:29.167-0300] {processor.py:650} INFO - DAG(s) dict_keys(['example_bash_operator']) retrieved from /home/juliana/Área de Trabalho/datapipeline/.env/lib/python3.8/site-packages/airflow/example_dags/example_bash_operator.py
[2022-11-09T21:31:29.225-0300] {logging_mixin.py:115} INFO - [2022-11-09T21:31:29.225-0300] {dag.py:2429} INFO - Sync 1 DAGs
[2022-11-09T21:31:29.271-0300] {logging_mixin.py:115} INFO - [2022-11-09T21:31:29.271-0300] {dag.py:2977} INFO - Setting next_dagrun for example_bash_operator to 2022-11-09T00:00:00+00:00, run_after=2022-11-10T00:00:00+00:00
[2022-11-09T21:31:29.298-0300] {processor.py:161} INFO - Processing /home/juliana/Área de Trabalho/datapipeline/.env/lib/python3.8/site-packages/airflow/example_dags/example_bash_operator.py took 0.155 seconds
[2022-11-09T21:32:07.049-0300] {processor.py:153} INFO - Started process (PID=2032) to work on /home/juliana/Área de Trabalho/datapipeline/.env/lib/python3.8/site-packages/airflow/example_dags/example_bash_operator.py
[2022-11-09T21:32:07.055-0300] {processor.py:640} INFO - Processing file /home/juliana/Área de Trabalho/datapipeline/.env/lib/python3.8/site-packages/airflow/example_dags/example_bash_operator.py for tasks to queue
[2022-11-09T21:32:07.056-0300] {logging_mixin.py:115} INFO - [2022-11-09T21:32:07.055-0300] {dagbag.py:508} INFO - Filling up the DagBag from /home/juliana/Área de Trabalho/datapipeline/.env/lib/python3.8/site-packages/airflow/example_dags/example_bash_operator.py
[2022-11-09T21:32:07.070-0300] {processor.py:650} INFO - DAG(s) dict_keys(['example_bash_operator']) retrieved from /home/juliana/Área de Trabalho/datapipeline/.env/lib/python3.8/site-packages/airflow/example_dags/example_bash_operator.py
[2022-11-09T21:32:07.095-0300] {logging_mixin.py:115} INFO - [2022-11-09T21:32:07.094-0300] {dag.py:2429} INFO - Sync 1 DAGs
[2022-11-09T21:32:07.109-0300] {logging_mixin.py:115} INFO - [2022-11-09T21:32:07.109-0300] {dag.py:2977} INFO - Setting next_dagrun for example_bash_operator to 2022-11-09T00:00:00+00:00, run_after=2022-11-10T00:00:00+00:00
[2022-11-09T21:32:07.125-0300] {processor.py:161} INFO - Processing /home/juliana/Área de Trabalho/datapipeline/.env/lib/python3.8/site-packages/airflow/example_dags/example_bash_operator.py took 0.082 seconds
[2022-11-09T21:34:50.992-0300] {processor.py:153} INFO - Started process (PID=2539) to work on /home/juliana/Área de Trabalho/datapipeline/.env/lib/python3.8/site-packages/airflow/example_dags/example_bash_operator.py
[2022-11-09T21:34:50.998-0300] {processor.py:640} INFO - Processing file /home/juliana/Área de Trabalho/datapipeline/.env/lib/python3.8/site-packages/airflow/example_dags/example_bash_operator.py for tasks to queue
[2022-11-09T21:34:50.998-0300] {logging_mixin.py:115} INFO - [2022-11-09T21:34:50.998-0300] {dagbag.py:508} INFO - Filling up the DagBag from /home/juliana/Área de Trabalho/datapipeline/.env/lib/python3.8/site-packages/airflow/example_dags/example_bash_operator.py
[2022-11-09T21:34:51.012-0300] {processor.py:650} INFO - DAG(s) dict_keys(['example_bash_operator']) retrieved from /home/juliana/Área de Trabalho/datapipeline/.env/lib/python3.8/site-packages/airflow/example_dags/example_bash_operator.py
[2022-11-09T21:34:51.038-0300] {logging_mixin.py:115} INFO - [2022-11-09T21:34:51.037-0300] {dag.py:2429} INFO - Sync 1 DAGs
[2022-11-09T21:34:51.055-0300] {logging_mixin.py:115} INFO - [2022-11-09T21:34:51.055-0300] {dag.py:2977} INFO - Setting next_dagrun for example_bash_operator to 2022-11-09T00:00:00+00:00, run_after=2022-11-10T00:00:00+00:00
[2022-11-09T21:34:51.070-0300] {processor.py:161} INFO - Processing /home/juliana/Área de Trabalho/datapipeline/.env/lib/python3.8/site-packages/airflow/example_dags/example_bash_operator.py took 0.083 seconds
