[2022-11-09T21:29:47.882-0300] {processor.py:153} INFO - Started process (PID=1532) to work on /home/juliana/Área de Trabalho/datapipeline/.env/lib/python3.8/site-packages/airflow/example_dags/example_python_operator.py
[2022-11-09T21:29:47.884-0300] {processor.py:640} INFO - Processing file /home/juliana/Área de Trabalho/datapipeline/.env/lib/python3.8/site-packages/airflow/example_dags/example_python_operator.py for tasks to queue
[2022-11-09T21:29:47.885-0300] {logging_mixin.py:115} INFO - [2022-11-09T21:29:47.884-0300] {dagbag.py:508} INFO - Filling up the DagBag from /home/juliana/Área de Trabalho/datapipeline/.env/lib/python3.8/site-packages/airflow/example_dags/example_python_operator.py
[2022-11-09T21:29:47.911-0300] {logging_mixin.py:115} INFO - [2022-11-09T21:29:47.910-0300] {example_python_operator.py:68} WARNING - The virtalenv_python example task requires virtualenv, please install it.
[2022-11-09T21:29:47.911-0300] {processor.py:650} INFO - DAG(s) dict_keys(['example_python_operator']) retrieved from /home/juliana/Área de Trabalho/datapipeline/.env/lib/python3.8/site-packages/airflow/example_dags/example_python_operator.py
[2022-11-09T21:29:47.929-0300] {logging_mixin.py:115} INFO - [2022-11-09T21:29:47.928-0300] {dag.py:2429} INFO - Sync 1 DAGs
[2022-11-09T21:29:47.945-0300] {logging_mixin.py:115} INFO - [2022-11-09T21:29:47.945-0300] {dag.py:2977} INFO - Setting next_dagrun for example_python_operator to None, run_after=None
[2022-11-09T21:29:47.962-0300] {processor.py:161} INFO - Processing /home/juliana/Área de Trabalho/datapipeline/.env/lib/python3.8/site-packages/airflow/example_dags/example_python_operator.py took 0.085 seconds
[2022-11-09T21:30:23.634-0300] {processor.py:153} INFO - Started process (PID=1859) to work on /home/juliana/Área de Trabalho/datapipeline/.env/lib/python3.8/site-packages/airflow/example_dags/example_python_operator.py
[2022-11-09T21:30:23.642-0300] {processor.py:640} INFO - Processing file /home/juliana/Área de Trabalho/datapipeline/.env/lib/python3.8/site-packages/airflow/example_dags/example_python_operator.py for tasks to queue
[2022-11-09T21:30:23.642-0300] {logging_mixin.py:115} INFO - [2022-11-09T21:30:23.642-0300] {dagbag.py:508} INFO - Filling up the DagBag from /home/juliana/Área de Trabalho/datapipeline/.env/lib/python3.8/site-packages/airflow/example_dags/example_python_operator.py
[2022-11-09T21:30:23.665-0300] {logging_mixin.py:115} INFO - [2022-11-09T21:30:23.665-0300] {example_python_operator.py:68} WARNING - The virtalenv_python example task requires virtualenv, please install it.
[2022-11-09T21:30:23.665-0300] {processor.py:650} INFO - DAG(s) dict_keys(['example_python_operator']) retrieved from /home/juliana/Área de Trabalho/datapipeline/.env/lib/python3.8/site-packages/airflow/example_dags/example_python_operator.py
[2022-11-09T21:30:23.688-0300] {logging_mixin.py:115} INFO - [2022-11-09T21:30:23.687-0300] {dag.py:2429} INFO - Sync 1 DAGs
[2022-11-09T21:30:23.703-0300] {logging_mixin.py:115} INFO - [2022-11-09T21:30:23.702-0300] {dag.py:2977} INFO - Setting next_dagrun for example_python_operator to None, run_after=None
[2022-11-09T21:30:23.720-0300] {processor.py:161} INFO - Processing /home/juliana/Área de Trabalho/datapipeline/.env/lib/python3.8/site-packages/airflow/example_dags/example_python_operator.py took 0.089 seconds
[2022-11-09T21:30:58.637-0300] {processor.py:153} INFO - Started process (PID=1899) to work on /home/juliana/Área de Trabalho/datapipeline/.env/lib/python3.8/site-packages/airflow/example_dags/example_python_operator.py
[2022-11-09T21:30:58.638-0300] {processor.py:640} INFO - Processing file /home/juliana/Área de Trabalho/datapipeline/.env/lib/python3.8/site-packages/airflow/example_dags/example_python_operator.py for tasks to queue
[2022-11-09T21:30:58.640-0300] {logging_mixin.py:115} INFO - [2022-11-09T21:30:58.640-0300] {dagbag.py:508} INFO - Filling up the DagBag from /home/juliana/Área de Trabalho/datapipeline/.env/lib/python3.8/site-packages/airflow/example_dags/example_python_operator.py
[2022-11-09T21:30:58.658-0300] {logging_mixin.py:115} INFO - [2022-11-09T21:30:58.657-0300] {example_python_operator.py:68} WARNING - The virtalenv_python example task requires virtualenv, please install it.
[2022-11-09T21:30:58.658-0300] {processor.py:650} INFO - DAG(s) dict_keys(['example_python_operator']) retrieved from /home/juliana/Área de Trabalho/datapipeline/.env/lib/python3.8/site-packages/airflow/example_dags/example_python_operator.py
[2022-11-09T21:30:58.676-0300] {logging_mixin.py:115} INFO - [2022-11-09T21:30:58.676-0300] {dag.py:2429} INFO - Sync 1 DAGs
[2022-11-09T21:30:58.692-0300] {logging_mixin.py:115} INFO - [2022-11-09T21:30:58.692-0300] {dag.py:2977} INFO - Setting next_dagrun for example_python_operator to None, run_after=None
[2022-11-09T21:30:58.710-0300] {processor.py:161} INFO - Processing /home/juliana/Área de Trabalho/datapipeline/.env/lib/python3.8/site-packages/airflow/example_dags/example_python_operator.py took 0.077 seconds
[2022-11-09T21:31:32.078-0300] {processor.py:153} INFO - Started process (PID=1968) to work on /home/juliana/Área de Trabalho/datapipeline/.env/lib/python3.8/site-packages/airflow/example_dags/example_python_operator.py
[2022-11-09T21:31:32.079-0300] {processor.py:640} INFO - Processing file /home/juliana/Área de Trabalho/datapipeline/.env/lib/python3.8/site-packages/airflow/example_dags/example_python_operator.py for tasks to queue
[2022-11-09T21:31:32.080-0300] {logging_mixin.py:115} INFO - [2022-11-09T21:31:32.080-0300] {dagbag.py:508} INFO - Filling up the DagBag from /home/juliana/Área de Trabalho/datapipeline/.env/lib/python3.8/site-packages/airflow/example_dags/example_python_operator.py
[2022-11-09T21:31:32.122-0300] {logging_mixin.py:115} INFO - [2022-11-09T21:31:32.122-0300] {example_python_operator.py:68} WARNING - The virtalenv_python example task requires virtualenv, please install it.
[2022-11-09T21:31:32.123-0300] {processor.py:650} INFO - DAG(s) dict_keys(['example_python_operator']) retrieved from /home/juliana/Área de Trabalho/datapipeline/.env/lib/python3.8/site-packages/airflow/example_dags/example_python_operator.py
[2022-11-09T21:31:32.155-0300] {logging_mixin.py:115} INFO - [2022-11-09T21:31:32.155-0300] {dag.py:2429} INFO - Sync 1 DAGs
[2022-11-09T21:31:32.188-0300] {logging_mixin.py:115} INFO - [2022-11-09T21:31:32.188-0300] {dag.py:2977} INFO - Setting next_dagrun for example_python_operator to None, run_after=None
[2022-11-09T21:31:32.211-0300] {processor.py:161} INFO - Processing /home/juliana/Área de Trabalho/datapipeline/.env/lib/python3.8/site-packages/airflow/example_dags/example_python_operator.py took 0.137 seconds
[2022-11-09T21:32:05.590-0300] {processor.py:153} INFO - Started process (PID=2030) to work on /home/juliana/Área de Trabalho/datapipeline/.env/lib/python3.8/site-packages/airflow/example_dags/example_python_operator.py
[2022-11-09T21:32:05.591-0300] {processor.py:640} INFO - Processing file /home/juliana/Área de Trabalho/datapipeline/.env/lib/python3.8/site-packages/airflow/example_dags/example_python_operator.py for tasks to queue
[2022-11-09T21:32:05.592-0300] {logging_mixin.py:115} INFO - [2022-11-09T21:32:05.592-0300] {dagbag.py:508} INFO - Filling up the DagBag from /home/juliana/Área de Trabalho/datapipeline/.env/lib/python3.8/site-packages/airflow/example_dags/example_python_operator.py
[2022-11-09T21:32:05.611-0300] {logging_mixin.py:115} INFO - [2022-11-09T21:32:05.611-0300] {example_python_operator.py:68} WARNING - The virtalenv_python example task requires virtualenv, please install it.
[2022-11-09T21:32:05.611-0300] {processor.py:650} INFO - DAG(s) dict_keys(['example_python_operator']) retrieved from /home/juliana/Área de Trabalho/datapipeline/.env/lib/python3.8/site-packages/airflow/example_dags/example_python_operator.py
[2022-11-09T21:32:05.627-0300] {logging_mixin.py:115} INFO - [2022-11-09T21:32:05.627-0300] {dag.py:2429} INFO - Sync 1 DAGs
[2022-11-09T21:32:05.642-0300] {logging_mixin.py:115} INFO - [2022-11-09T21:32:05.642-0300] {dag.py:2977} INFO - Setting next_dagrun for example_python_operator to None, run_after=None
[2022-11-09T21:32:05.662-0300] {processor.py:161} INFO - Processing /home/juliana/Área de Trabalho/datapipeline/.env/lib/python3.8/site-packages/airflow/example_dags/example_python_operator.py took 0.077 seconds
[2022-11-09T21:34:21.174-0300] {processor.py:153} INFO - Started process (PID=2383) to work on /home/juliana/Área de Trabalho/datapipeline/.env/lib/python3.8/site-packages/airflow/example_dags/example_python_operator.py
[2022-11-09T21:34:21.180-0300] {processor.py:640} INFO - Processing file /home/juliana/Área de Trabalho/datapipeline/.env/lib/python3.8/site-packages/airflow/example_dags/example_python_operator.py for tasks to queue
[2022-11-09T21:34:21.181-0300] {logging_mixin.py:115} INFO - [2022-11-09T21:34:21.181-0300] {dagbag.py:508} INFO - Filling up the DagBag from /home/juliana/Área de Trabalho/datapipeline/.env/lib/python3.8/site-packages/airflow/example_dags/example_python_operator.py
[2022-11-09T21:34:21.205-0300] {logging_mixin.py:115} INFO - [2022-11-09T21:34:21.205-0300] {example_python_operator.py:68} WARNING - The virtalenv_python example task requires virtualenv, please install it.
[2022-11-09T21:34:21.205-0300] {processor.py:650} INFO - DAG(s) dict_keys(['example_python_operator']) retrieved from /home/juliana/Área de Trabalho/datapipeline/.env/lib/python3.8/site-packages/airflow/example_dags/example_python_operator.py
[2022-11-09T21:34:21.222-0300] {logging_mixin.py:115} INFO - [2022-11-09T21:34:21.222-0300] {dag.py:2429} INFO - Sync 1 DAGs
[2022-11-09T21:34:21.237-0300] {logging_mixin.py:115} INFO - [2022-11-09T21:34:21.237-0300] {dag.py:2977} INFO - Setting next_dagrun for example_python_operator to None, run_after=None
[2022-11-09T21:34:21.253-0300] {processor.py:161} INFO - Processing /home/juliana/Área de Trabalho/datapipeline/.env/lib/python3.8/site-packages/airflow/example_dags/example_python_operator.py took 0.082 seconds
[2022-11-09T21:34:56.260-0300] {processor.py:153} INFO - Started process (PID=2544) to work on /home/juliana/Área de Trabalho/datapipeline/.env/lib/python3.8/site-packages/airflow/example_dags/example_python_operator.py
[2022-11-09T21:34:56.262-0300] {processor.py:640} INFO - Processing file /home/juliana/Área de Trabalho/datapipeline/.env/lib/python3.8/site-packages/airflow/example_dags/example_python_operator.py for tasks to queue
[2022-11-09T21:34:56.264-0300] {logging_mixin.py:115} INFO - [2022-11-09T21:34:56.263-0300] {dagbag.py:508} INFO - Filling up the DagBag from /home/juliana/Área de Trabalho/datapipeline/.env/lib/python3.8/site-packages/airflow/example_dags/example_python_operator.py
[2022-11-09T21:34:56.293-0300] {logging_mixin.py:115} INFO - [2022-11-09T21:34:56.293-0300] {example_python_operator.py:68} WARNING - The virtalenv_python example task requires virtualenv, please install it.
[2022-11-09T21:34:56.293-0300] {processor.py:650} INFO - DAG(s) dict_keys(['example_python_operator']) retrieved from /home/juliana/Área de Trabalho/datapipeline/.env/lib/python3.8/site-packages/airflow/example_dags/example_python_operator.py
[2022-11-09T21:34:56.309-0300] {logging_mixin.py:115} INFO - [2022-11-09T21:34:56.309-0300] {dag.py:2429} INFO - Sync 1 DAGs
[2022-11-09T21:34:56.329-0300] {logging_mixin.py:115} INFO - [2022-11-09T21:34:56.329-0300] {dag.py:2977} INFO - Setting next_dagrun for example_python_operator to None, run_after=None
[2022-11-09T21:34:56.350-0300] {processor.py:161} INFO - Processing /home/juliana/Área de Trabalho/datapipeline/.env/lib/python3.8/site-packages/airflow/example_dags/example_python_operator.py took 0.095 seconds
