[2022-11-09T21:29:57.769-0300] {processor.py:153} INFO - Started process (PID=1550) to work on /home/juliana/Área de Trabalho/datapipeline/.env/lib/python3.8/site-packages/airflow/example_dags/example_trigger_controller_dag.py
[2022-11-09T21:29:57.774-0300] {processor.py:640} INFO - Processing file /home/juliana/Área de Trabalho/datapipeline/.env/lib/python3.8/site-packages/airflow/example_dags/example_trigger_controller_dag.py for tasks to queue
[2022-11-09T21:29:57.777-0300] {logging_mixin.py:115} INFO - [2022-11-09T21:29:57.776-0300] {dagbag.py:508} INFO - Filling up the DagBag from /home/juliana/Área de Trabalho/datapipeline/.env/lib/python3.8/site-packages/airflow/example_dags/example_trigger_controller_dag.py
[2022-11-09T21:29:57.788-0300] {processor.py:650} INFO - DAG(s) dict_keys(['example_trigger_controller_dag']) retrieved from /home/juliana/Área de Trabalho/datapipeline/.env/lib/python3.8/site-packages/airflow/example_dags/example_trigger_controller_dag.py
[2022-11-09T21:29:57.820-0300] {logging_mixin.py:115} INFO - [2022-11-09T21:29:57.820-0300] {dag.py:2429} INFO - Sync 1 DAGs
[2022-11-09T21:29:57.861-0300] {logging_mixin.py:115} INFO - [2022-11-09T21:29:57.861-0300] {dag.py:2977} INFO - Setting next_dagrun for example_trigger_controller_dag to 2021-01-01T00:00:00+00:00, run_after=2021-01-01T00:00:00+00:00
[2022-11-09T21:29:57.891-0300] {processor.py:161} INFO - Processing /home/juliana/Área de Trabalho/datapipeline/.env/lib/python3.8/site-packages/airflow/example_dags/example_trigger_controller_dag.py took 0.128 seconds
[2022-11-09T21:30:33.044-0300] {processor.py:153} INFO - Started process (PID=1868) to work on /home/juliana/Área de Trabalho/datapipeline/.env/lib/python3.8/site-packages/airflow/example_dags/example_trigger_controller_dag.py
[2022-11-09T21:30:33.050-0300] {processor.py:640} INFO - Processing file /home/juliana/Área de Trabalho/datapipeline/.env/lib/python3.8/site-packages/airflow/example_dags/example_trigger_controller_dag.py for tasks to queue
[2022-11-09T21:30:33.051-0300] {logging_mixin.py:115} INFO - [2022-11-09T21:30:33.051-0300] {dagbag.py:508} INFO - Filling up the DagBag from /home/juliana/Área de Trabalho/datapipeline/.env/lib/python3.8/site-packages/airflow/example_dags/example_trigger_controller_dag.py
[2022-11-09T21:30:33.056-0300] {processor.py:650} INFO - DAG(s) dict_keys(['example_trigger_controller_dag']) retrieved from /home/juliana/Área de Trabalho/datapipeline/.env/lib/python3.8/site-packages/airflow/example_dags/example_trigger_controller_dag.py
[2022-11-09T21:30:33.075-0300] {logging_mixin.py:115} INFO - [2022-11-09T21:30:33.075-0300] {dag.py:2429} INFO - Sync 1 DAGs
[2022-11-09T21:30:33.094-0300] {logging_mixin.py:115} INFO - [2022-11-09T21:30:33.093-0300] {dag.py:2977} INFO - Setting next_dagrun for example_trigger_controller_dag to 2021-01-01T00:00:00+00:00, run_after=2021-01-01T00:00:00+00:00
[2022-11-09T21:30:33.109-0300] {processor.py:161} INFO - Processing /home/juliana/Área de Trabalho/datapipeline/.env/lib/python3.8/site-packages/airflow/example_dags/example_trigger_controller_dag.py took 0.069 seconds
[2022-11-09T21:31:07.236-0300] {processor.py:153} INFO - Started process (PID=1917) to work on /home/juliana/Área de Trabalho/datapipeline/.env/lib/python3.8/site-packages/airflow/example_dags/example_trigger_controller_dag.py
[2022-11-09T21:31:07.237-0300] {processor.py:640} INFO - Processing file /home/juliana/Área de Trabalho/datapipeline/.env/lib/python3.8/site-packages/airflow/example_dags/example_trigger_controller_dag.py for tasks to queue
[2022-11-09T21:31:07.238-0300] {logging_mixin.py:115} INFO - [2022-11-09T21:31:07.238-0300] {dagbag.py:508} INFO - Filling up the DagBag from /home/juliana/Área de Trabalho/datapipeline/.env/lib/python3.8/site-packages/airflow/example_dags/example_trigger_controller_dag.py
[2022-11-09T21:31:07.243-0300] {processor.py:650} INFO - DAG(s) dict_keys(['example_trigger_controller_dag']) retrieved from /home/juliana/Área de Trabalho/datapipeline/.env/lib/python3.8/site-packages/airflow/example_dags/example_trigger_controller_dag.py
[2022-11-09T21:31:07.266-0300] {logging_mixin.py:115} INFO - [2022-11-09T21:31:07.265-0300] {dag.py:2429} INFO - Sync 1 DAGs
[2022-11-09T21:31:07.285-0300] {logging_mixin.py:115} INFO - [2022-11-09T21:31:07.285-0300] {dag.py:2977} INFO - Setting next_dagrun for example_trigger_controller_dag to 2021-01-01T00:00:00+00:00, run_after=2021-01-01T00:00:00+00:00
[2022-11-09T21:31:07.305-0300] {processor.py:161} INFO - Processing /home/juliana/Área de Trabalho/datapipeline/.env/lib/python3.8/site-packages/airflow/example_dags/example_trigger_controller_dag.py took 0.074 seconds
[2022-11-09T21:31:42.360-0300] {processor.py:153} INFO - Started process (PID=1977) to work on /home/juliana/Área de Trabalho/datapipeline/.env/lib/python3.8/site-packages/airflow/example_dags/example_trigger_controller_dag.py
[2022-11-09T21:31:42.366-0300] {processor.py:640} INFO - Processing file /home/juliana/Área de Trabalho/datapipeline/.env/lib/python3.8/site-packages/airflow/example_dags/example_trigger_controller_dag.py for tasks to queue
[2022-11-09T21:31:42.367-0300] {logging_mixin.py:115} INFO - [2022-11-09T21:31:42.367-0300] {dagbag.py:508} INFO - Filling up the DagBag from /home/juliana/Área de Trabalho/datapipeline/.env/lib/python3.8/site-packages/airflow/example_dags/example_trigger_controller_dag.py
[2022-11-09T21:31:42.370-0300] {processor.py:650} INFO - DAG(s) dict_keys(['example_trigger_controller_dag']) retrieved from /home/juliana/Área de Trabalho/datapipeline/.env/lib/python3.8/site-packages/airflow/example_dags/example_trigger_controller_dag.py
[2022-11-09T21:31:42.385-0300] {logging_mixin.py:115} INFO - [2022-11-09T21:31:42.384-0300] {dag.py:2429} INFO - Sync 1 DAGs
[2022-11-09T21:31:42.406-0300] {logging_mixin.py:115} INFO - [2022-11-09T21:31:42.406-0300] {dag.py:2977} INFO - Setting next_dagrun for example_trigger_controller_dag to 2021-01-01T00:00:00+00:00, run_after=2021-01-01T00:00:00+00:00
[2022-11-09T21:31:42.426-0300] {processor.py:161} INFO - Processing /home/juliana/Área de Trabalho/datapipeline/.env/lib/python3.8/site-packages/airflow/example_dags/example_trigger_controller_dag.py took 0.069 seconds
[2022-11-09T21:32:15.947-0300] {processor.py:153} INFO - Started process (PID=2041) to work on /home/juliana/Área de Trabalho/datapipeline/.env/lib/python3.8/site-packages/airflow/example_dags/example_trigger_controller_dag.py
[2022-11-09T21:32:15.948-0300] {processor.py:640} INFO - Processing file /home/juliana/Área de Trabalho/datapipeline/.env/lib/python3.8/site-packages/airflow/example_dags/example_trigger_controller_dag.py for tasks to queue
[2022-11-09T21:32:15.949-0300] {logging_mixin.py:115} INFO - [2022-11-09T21:32:15.948-0300] {dagbag.py:508} INFO - Filling up the DagBag from /home/juliana/Área de Trabalho/datapipeline/.env/lib/python3.8/site-packages/airflow/example_dags/example_trigger_controller_dag.py
[2022-11-09T21:32:15.952-0300] {processor.py:650} INFO - DAG(s) dict_keys(['example_trigger_controller_dag']) retrieved from /home/juliana/Área de Trabalho/datapipeline/.env/lib/python3.8/site-packages/airflow/example_dags/example_trigger_controller_dag.py
[2022-11-09T21:32:15.983-0300] {logging_mixin.py:115} INFO - [2022-11-09T21:32:15.982-0300] {dag.py:2429} INFO - Sync 1 DAGs
[2022-11-09T21:32:16.028-0300] {logging_mixin.py:115} INFO - [2022-11-09T21:32:16.027-0300] {dag.py:2977} INFO - Setting next_dagrun for example_trigger_controller_dag to 2021-01-01T00:00:00+00:00, run_after=2021-01-01T00:00:00+00:00
[2022-11-09T21:32:16.060-0300] {processor.py:161} INFO - Processing /home/juliana/Área de Trabalho/datapipeline/.env/lib/python3.8/site-packages/airflow/example_dags/example_trigger_controller_dag.py took 0.118 seconds
[2022-11-09T21:34:30.185-0300] {processor.py:153} INFO - Started process (PID=2392) to work on /home/juliana/Área de Trabalho/datapipeline/.env/lib/python3.8/site-packages/airflow/example_dags/example_trigger_controller_dag.py
[2022-11-09T21:34:30.188-0300] {processor.py:640} INFO - Processing file /home/juliana/Área de Trabalho/datapipeline/.env/lib/python3.8/site-packages/airflow/example_dags/example_trigger_controller_dag.py for tasks to queue
[2022-11-09T21:34:30.189-0300] {logging_mixin.py:115} INFO - [2022-11-09T21:34:30.189-0300] {dagbag.py:508} INFO - Filling up the DagBag from /home/juliana/Área de Trabalho/datapipeline/.env/lib/python3.8/site-packages/airflow/example_dags/example_trigger_controller_dag.py
[2022-11-09T21:34:30.198-0300] {processor.py:650} INFO - DAG(s) dict_keys(['example_trigger_controller_dag']) retrieved from /home/juliana/Área de Trabalho/datapipeline/.env/lib/python3.8/site-packages/airflow/example_dags/example_trigger_controller_dag.py
[2022-11-09T21:34:30.229-0300] {logging_mixin.py:115} INFO - [2022-11-09T21:34:30.229-0300] {dag.py:2429} INFO - Sync 1 DAGs
[2022-11-09T21:34:30.286-0300] {logging_mixin.py:115} INFO - [2022-11-09T21:34:30.286-0300] {dag.py:2977} INFO - Setting next_dagrun for example_trigger_controller_dag to 2021-01-01T00:00:00+00:00, run_after=2021-01-01T00:00:00+00:00
[2022-11-09T21:34:30.310-0300] {processor.py:161} INFO - Processing /home/juliana/Área de Trabalho/datapipeline/.env/lib/python3.8/site-packages/airflow/example_dags/example_trigger_controller_dag.py took 0.139 seconds
[2022-11-09T21:35:05.383-0300] {processor.py:153} INFO - Started process (PID=2553) to work on /home/juliana/Área de Trabalho/datapipeline/.env/lib/python3.8/site-packages/airflow/example_dags/example_trigger_controller_dag.py
[2022-11-09T21:35:05.384-0300] {processor.py:640} INFO - Processing file /home/juliana/Área de Trabalho/datapipeline/.env/lib/python3.8/site-packages/airflow/example_dags/example_trigger_controller_dag.py for tasks to queue
[2022-11-09T21:35:05.385-0300] {logging_mixin.py:115} INFO - [2022-11-09T21:35:05.385-0300] {dagbag.py:508} INFO - Filling up the DagBag from /home/juliana/Área de Trabalho/datapipeline/.env/lib/python3.8/site-packages/airflow/example_dags/example_trigger_controller_dag.py
[2022-11-09T21:35:05.389-0300] {processor.py:650} INFO - DAG(s) dict_keys(['example_trigger_controller_dag']) retrieved from /home/juliana/Área de Trabalho/datapipeline/.env/lib/python3.8/site-packages/airflow/example_dags/example_trigger_controller_dag.py
[2022-11-09T21:35:05.406-0300] {logging_mixin.py:115} INFO - [2022-11-09T21:35:05.406-0300] {dag.py:2429} INFO - Sync 1 DAGs
[2022-11-09T21:35:05.432-0300] {logging_mixin.py:115} INFO - [2022-11-09T21:35:05.432-0300] {dag.py:2977} INFO - Setting next_dagrun for example_trigger_controller_dag to 2021-01-01T00:00:00+00:00, run_after=2021-01-01T00:00:00+00:00
[2022-11-09T21:35:05.451-0300] {processor.py:161} INFO - Processing /home/juliana/Área de Trabalho/datapipeline/.env/lib/python3.8/site-packages/airflow/example_dags/example_trigger_controller_dag.py took 0.073 seconds
