[2022-11-09T21:29:58.257-0300] {processor.py:153} INFO - Started process (PID=1551) to work on /home/juliana/Área de Trabalho/datapipeline/.env/lib/python3.8/site-packages/airflow/example_dags/example_external_task_marker_dag.py
[2022-11-09T21:29:58.259-0300] {processor.py:640} INFO - Processing file /home/juliana/Área de Trabalho/datapipeline/.env/lib/python3.8/site-packages/airflow/example_dags/example_external_task_marker_dag.py for tasks to queue
[2022-11-09T21:29:58.262-0300] {logging_mixin.py:115} INFO - [2022-11-09T21:29:58.261-0300] {dagbag.py:508} INFO - Filling up the DagBag from /home/juliana/Área de Trabalho/datapipeline/.env/lib/python3.8/site-packages/airflow/example_dags/example_external_task_marker_dag.py
[2022-11-09T21:29:58.271-0300] {processor.py:650} INFO - DAG(s) dict_keys(['example_external_task_marker_parent', 'example_external_task_marker_child']) retrieved from /home/juliana/Área de Trabalho/datapipeline/.env/lib/python3.8/site-packages/airflow/example_dags/example_external_task_marker_dag.py
[2022-11-09T21:29:58.401-0300] {logging_mixin.py:115} INFO - [2022-11-09T21:29:58.401-0300] {dag.py:2429} INFO - Sync 2 DAGs
[2022-11-09T21:29:58.414-0300] {logging_mixin.py:115} INFO - [2022-11-09T21:29:58.414-0300] {dag.py:2977} INFO - Setting next_dagrun for example_external_task_marker_child to None, run_after=None
[2022-11-09T21:29:58.415-0300] {logging_mixin.py:115} INFO - [2022-11-09T21:29:58.415-0300] {dag.py:2977} INFO - Setting next_dagrun for example_external_task_marker_parent to None, run_after=None
[2022-11-09T21:29:58.436-0300] {processor.py:161} INFO - Processing /home/juliana/Área de Trabalho/datapipeline/.env/lib/python3.8/site-packages/airflow/example_dags/example_external_task_marker_dag.py took 0.191 seconds
[2022-11-09T21:30:33.778-0300] {processor.py:153} INFO - Started process (PID=1869) to work on /home/juliana/Área de Trabalho/datapipeline/.env/lib/python3.8/site-packages/airflow/example_dags/example_external_task_marker_dag.py
[2022-11-09T21:30:33.781-0300] {processor.py:640} INFO - Processing file /home/juliana/Área de Trabalho/datapipeline/.env/lib/python3.8/site-packages/airflow/example_dags/example_external_task_marker_dag.py for tasks to queue
[2022-11-09T21:30:33.782-0300] {logging_mixin.py:115} INFO - [2022-11-09T21:30:33.781-0300] {dagbag.py:508} INFO - Filling up the DagBag from /home/juliana/Área de Trabalho/datapipeline/.env/lib/python3.8/site-packages/airflow/example_dags/example_external_task_marker_dag.py
[2022-11-09T21:30:33.790-0300] {processor.py:650} INFO - DAG(s) dict_keys(['example_external_task_marker_parent', 'example_external_task_marker_child']) retrieved from /home/juliana/Área de Trabalho/datapipeline/.env/lib/python3.8/site-packages/airflow/example_dags/example_external_task_marker_dag.py
[2022-11-09T21:30:33.942-0300] {logging_mixin.py:115} INFO - [2022-11-09T21:30:33.941-0300] {dag.py:2429} INFO - Sync 2 DAGs
[2022-11-09T21:30:33.957-0300] {logging_mixin.py:115} INFO - [2022-11-09T21:30:33.957-0300] {dag.py:2977} INFO - Setting next_dagrun for example_external_task_marker_child to None, run_after=None
[2022-11-09T21:30:33.957-0300] {logging_mixin.py:115} INFO - [2022-11-09T21:30:33.957-0300] {dag.py:2977} INFO - Setting next_dagrun for example_external_task_marker_parent to None, run_after=None
[2022-11-09T21:30:34.262-0300] {processor.py:161} INFO - Processing /home/juliana/Área de Trabalho/datapipeline/.env/lib/python3.8/site-packages/airflow/example_dags/example_external_task_marker_dag.py took 0.488 seconds
[2022-11-09T21:31:08.366-0300] {processor.py:153} INFO - Started process (PID=1918) to work on /home/juliana/Área de Trabalho/datapipeline/.env/lib/python3.8/site-packages/airflow/example_dags/example_external_task_marker_dag.py
[2022-11-09T21:31:08.368-0300] {processor.py:640} INFO - Processing file /home/juliana/Área de Trabalho/datapipeline/.env/lib/python3.8/site-packages/airflow/example_dags/example_external_task_marker_dag.py for tasks to queue
[2022-11-09T21:31:08.369-0300] {logging_mixin.py:115} INFO - [2022-11-09T21:31:08.369-0300] {dagbag.py:508} INFO - Filling up the DagBag from /home/juliana/Área de Trabalho/datapipeline/.env/lib/python3.8/site-packages/airflow/example_dags/example_external_task_marker_dag.py
[2022-11-09T21:31:08.377-0300] {processor.py:650} INFO - DAG(s) dict_keys(['example_external_task_marker_parent', 'example_external_task_marker_child']) retrieved from /home/juliana/Área de Trabalho/datapipeline/.env/lib/python3.8/site-packages/airflow/example_dags/example_external_task_marker_dag.py
[2022-11-09T21:31:08.462-0300] {logging_mixin.py:115} INFO - [2022-11-09T21:31:08.462-0300] {dag.py:2429} INFO - Sync 2 DAGs
[2022-11-09T21:31:08.477-0300] {logging_mixin.py:115} INFO - [2022-11-09T21:31:08.477-0300] {dag.py:2977} INFO - Setting next_dagrun for example_external_task_marker_child to None, run_after=None
[2022-11-09T21:31:08.478-0300] {logging_mixin.py:115} INFO - [2022-11-09T21:31:08.478-0300] {dag.py:2977} INFO - Setting next_dagrun for example_external_task_marker_parent to None, run_after=None
[2022-11-09T21:31:08.491-0300] {processor.py:161} INFO - Processing /home/juliana/Área de Trabalho/datapipeline/.env/lib/python3.8/site-packages/airflow/example_dags/example_external_task_marker_dag.py took 0.127 seconds
[2022-11-09T21:31:42.507-0300] {processor.py:153} INFO - Started process (PID=1978) to work on /home/juliana/Área de Trabalho/datapipeline/.env/lib/python3.8/site-packages/airflow/example_dags/example_external_task_marker_dag.py
[2022-11-09T21:31:42.508-0300] {processor.py:640} INFO - Processing file /home/juliana/Área de Trabalho/datapipeline/.env/lib/python3.8/site-packages/airflow/example_dags/example_external_task_marker_dag.py for tasks to queue
[2022-11-09T21:31:42.509-0300] {logging_mixin.py:115} INFO - [2022-11-09T21:31:42.509-0300] {dagbag.py:508} INFO - Filling up the DagBag from /home/juliana/Área de Trabalho/datapipeline/.env/lib/python3.8/site-packages/airflow/example_dags/example_external_task_marker_dag.py
[2022-11-09T21:31:42.519-0300] {processor.py:650} INFO - DAG(s) dict_keys(['example_external_task_marker_parent', 'example_external_task_marker_child']) retrieved from /home/juliana/Área de Trabalho/datapipeline/.env/lib/python3.8/site-packages/airflow/example_dags/example_external_task_marker_dag.py
[2022-11-09T21:31:42.623-0300] {logging_mixin.py:115} INFO - [2022-11-09T21:31:42.623-0300] {dag.py:2429} INFO - Sync 2 DAGs
[2022-11-09T21:31:42.643-0300] {logging_mixin.py:115} INFO - [2022-11-09T21:31:42.643-0300] {dag.py:2977} INFO - Setting next_dagrun for example_external_task_marker_child to None, run_after=None
[2022-11-09T21:31:42.644-0300] {logging_mixin.py:115} INFO - [2022-11-09T21:31:42.644-0300] {dag.py:2977} INFO - Setting next_dagrun for example_external_task_marker_parent to None, run_after=None
[2022-11-09T21:31:42.672-0300] {processor.py:161} INFO - Processing /home/juliana/Área de Trabalho/datapipeline/.env/lib/python3.8/site-packages/airflow/example_dags/example_external_task_marker_dag.py took 0.167 seconds
[2022-11-09T21:32:17.192-0300] {processor.py:153} INFO - Started process (PID=2042) to work on /home/juliana/Área de Trabalho/datapipeline/.env/lib/python3.8/site-packages/airflow/example_dags/example_external_task_marker_dag.py
[2022-11-09T21:32:17.193-0300] {processor.py:640} INFO - Processing file /home/juliana/Área de Trabalho/datapipeline/.env/lib/python3.8/site-packages/airflow/example_dags/example_external_task_marker_dag.py for tasks to queue
[2022-11-09T21:32:17.194-0300] {logging_mixin.py:115} INFO - [2022-11-09T21:32:17.194-0300] {dagbag.py:508} INFO - Filling up the DagBag from /home/juliana/Área de Trabalho/datapipeline/.env/lib/python3.8/site-packages/airflow/example_dags/example_external_task_marker_dag.py
[2022-11-09T21:32:17.199-0300] {processor.py:650} INFO - DAG(s) dict_keys(['example_external_task_marker_parent', 'example_external_task_marker_child']) retrieved from /home/juliana/Área de Trabalho/datapipeline/.env/lib/python3.8/site-packages/airflow/example_dags/example_external_task_marker_dag.py
[2022-11-09T21:32:17.274-0300] {logging_mixin.py:115} INFO - [2022-11-09T21:32:17.274-0300] {dag.py:2429} INFO - Sync 2 DAGs
[2022-11-09T21:32:17.287-0300] {logging_mixin.py:115} INFO - [2022-11-09T21:32:17.287-0300] {dag.py:2977} INFO - Setting next_dagrun for example_external_task_marker_child to None, run_after=None
[2022-11-09T21:32:17.288-0300] {logging_mixin.py:115} INFO - [2022-11-09T21:32:17.288-0300] {dag.py:2977} INFO - Setting next_dagrun for example_external_task_marker_parent to None, run_after=None
[2022-11-09T21:32:17.313-0300] {processor.py:161} INFO - Processing /home/juliana/Área de Trabalho/datapipeline/.env/lib/python3.8/site-packages/airflow/example_dags/example_external_task_marker_dag.py took 0.125 seconds
[2022-11-09T21:34:31.423-0300] {processor.py:153} INFO - Started process (PID=2395) to work on /home/juliana/Área de Trabalho/datapipeline/.env/lib/python3.8/site-packages/airflow/example_dags/example_external_task_marker_dag.py
[2022-11-09T21:34:31.425-0300] {processor.py:640} INFO - Processing file /home/juliana/Área de Trabalho/datapipeline/.env/lib/python3.8/site-packages/airflow/example_dags/example_external_task_marker_dag.py for tasks to queue
[2022-11-09T21:34:31.443-0300] {logging_mixin.py:115} INFO - [2022-11-09T21:34:31.443-0300] {dagbag.py:508} INFO - Filling up the DagBag from /home/juliana/Área de Trabalho/datapipeline/.env/lib/python3.8/site-packages/airflow/example_dags/example_external_task_marker_dag.py
[2022-11-09T21:34:31.455-0300] {processor.py:650} INFO - DAG(s) dict_keys(['example_external_task_marker_parent', 'example_external_task_marker_child']) retrieved from /home/juliana/Área de Trabalho/datapipeline/.env/lib/python3.8/site-packages/airflow/example_dags/example_external_task_marker_dag.py
[2022-11-09T21:34:31.899-0300] {logging_mixin.py:115} INFO - [2022-11-09T21:34:31.899-0300] {dag.py:2429} INFO - Sync 2 DAGs
[2022-11-09T21:34:31.958-0300] {logging_mixin.py:115} INFO - [2022-11-09T21:34:31.958-0300] {dag.py:2977} INFO - Setting next_dagrun for example_external_task_marker_child to None, run_after=None
[2022-11-09T21:34:31.959-0300] {logging_mixin.py:115} INFO - [2022-11-09T21:34:31.959-0300] {dag.py:2977} INFO - Setting next_dagrun for example_external_task_marker_parent to None, run_after=None
[2022-11-09T21:34:31.987-0300] {processor.py:161} INFO - Processing /home/juliana/Área de Trabalho/datapipeline/.env/lib/python3.8/site-packages/airflow/example_dags/example_external_task_marker_dag.py took 0.571 seconds
[2022-11-09T21:35:06.514-0300] {processor.py:153} INFO - Started process (PID=2555) to work on /home/juliana/Área de Trabalho/datapipeline/.env/lib/python3.8/site-packages/airflow/example_dags/example_external_task_marker_dag.py
[2022-11-09T21:35:06.515-0300] {processor.py:640} INFO - Processing file /home/juliana/Área de Trabalho/datapipeline/.env/lib/python3.8/site-packages/airflow/example_dags/example_external_task_marker_dag.py for tasks to queue
[2022-11-09T21:35:06.516-0300] {logging_mixin.py:115} INFO - [2022-11-09T21:35:06.515-0300] {dagbag.py:508} INFO - Filling up the DagBag from /home/juliana/Área de Trabalho/datapipeline/.env/lib/python3.8/site-packages/airflow/example_dags/example_external_task_marker_dag.py
[2022-11-09T21:35:06.519-0300] {processor.py:650} INFO - DAG(s) dict_keys(['example_external_task_marker_parent', 'example_external_task_marker_child']) retrieved from /home/juliana/Área de Trabalho/datapipeline/.env/lib/python3.8/site-packages/airflow/example_dags/example_external_task_marker_dag.py
[2022-11-09T21:35:06.604-0300] {logging_mixin.py:115} INFO - [2022-11-09T21:35:06.604-0300] {dag.py:2429} INFO - Sync 2 DAGs
[2022-11-09T21:35:06.624-0300] {logging_mixin.py:115} INFO - [2022-11-09T21:35:06.624-0300] {dag.py:2977} INFO - Setting next_dagrun for example_external_task_marker_child to None, run_after=None
[2022-11-09T21:35:06.625-0300] {logging_mixin.py:115} INFO - [2022-11-09T21:35:06.625-0300] {dag.py:2977} INFO - Setting next_dagrun for example_external_task_marker_parent to None, run_after=None
[2022-11-09T21:35:06.668-0300] {processor.py:161} INFO - Processing /home/juliana/Área de Trabalho/datapipeline/.env/lib/python3.8/site-packages/airflow/example_dags/example_external_task_marker_dag.py took 0.157 seconds
