[2022-11-09T21:30:04.858-0300] {processor.py:153} INFO - Started process (PID=1614) to work on /home/juliana/Área de Trabalho/datapipeline/.env/lib/python3.8/site-packages/airflow/example_dags/example_dag_decorator.py
[2022-11-09T21:30:04.859-0300] {processor.py:640} INFO - Processing file /home/juliana/Área de Trabalho/datapipeline/.env/lib/python3.8/site-packages/airflow/example_dags/example_dag_decorator.py for tasks to queue
[2022-11-09T21:30:04.859-0300] {logging_mixin.py:115} INFO - [2022-11-09T21:30:04.859-0300] {dagbag.py:508} INFO - Filling up the DagBag from /home/juliana/Área de Trabalho/datapipeline/.env/lib/python3.8/site-packages/airflow/example_dags/example_dag_decorator.py
[2022-11-09T21:30:04.903-0300] {processor.py:650} INFO - DAG(s) dict_keys(['example_dag_decorator']) retrieved from /home/juliana/Área de Trabalho/datapipeline/.env/lib/python3.8/site-packages/airflow/example_dags/example_dag_decorator.py
[2022-11-09T21:30:04.982-0300] {logging_mixin.py:115} INFO - [2022-11-09T21:30:04.982-0300] {dag.py:2429} INFO - Sync 1 DAGs
[2022-11-09T21:30:05.006-0300] {logging_mixin.py:115} INFO - [2022-11-09T21:30:05.006-0300] {dag.py:2977} INFO - Setting next_dagrun for example_dag_decorator to None, run_after=None
[2022-11-09T21:30:05.040-0300] {processor.py:161} INFO - Processing /home/juliana/Área de Trabalho/datapipeline/.env/lib/python3.8/site-packages/airflow/example_dags/example_dag_decorator.py took 0.186 seconds
[2022-11-09T21:30:39.924-0300] {processor.py:153} INFO - Started process (PID=1879) to work on /home/juliana/Área de Trabalho/datapipeline/.env/lib/python3.8/site-packages/airflow/example_dags/example_dag_decorator.py
[2022-11-09T21:30:39.926-0300] {processor.py:640} INFO - Processing file /home/juliana/Área de Trabalho/datapipeline/.env/lib/python3.8/site-packages/airflow/example_dags/example_dag_decorator.py for tasks to queue
[2022-11-09T21:30:39.926-0300] {logging_mixin.py:115} INFO - [2022-11-09T21:30:39.926-0300] {dagbag.py:508} INFO - Filling up the DagBag from /home/juliana/Área de Trabalho/datapipeline/.env/lib/python3.8/site-packages/airflow/example_dags/example_dag_decorator.py
[2022-11-09T21:30:39.949-0300] {processor.py:650} INFO - DAG(s) dict_keys(['example_dag_decorator']) retrieved from /home/juliana/Área de Trabalho/datapipeline/.env/lib/python3.8/site-packages/airflow/example_dags/example_dag_decorator.py
[2022-11-09T21:30:40.017-0300] {logging_mixin.py:115} INFO - [2022-11-09T21:30:40.017-0300] {dag.py:2429} INFO - Sync 1 DAGs
[2022-11-09T21:30:40.035-0300] {logging_mixin.py:115} INFO - [2022-11-09T21:30:40.035-0300] {dag.py:2977} INFO - Setting next_dagrun for example_dag_decorator to None, run_after=None
[2022-11-09T21:30:40.054-0300] {processor.py:161} INFO - Processing /home/juliana/Área de Trabalho/datapipeline/.env/lib/python3.8/site-packages/airflow/example_dags/example_dag_decorator.py took 0.135 seconds
[2022-11-09T21:31:13.778-0300] {processor.py:153} INFO - Started process (PID=1927) to work on /home/juliana/Área de Trabalho/datapipeline/.env/lib/python3.8/site-packages/airflow/example_dags/example_dag_decorator.py
[2022-11-09T21:31:13.780-0300] {processor.py:640} INFO - Processing file /home/juliana/Área de Trabalho/datapipeline/.env/lib/python3.8/site-packages/airflow/example_dags/example_dag_decorator.py for tasks to queue
[2022-11-09T21:31:13.781-0300] {logging_mixin.py:115} INFO - [2022-11-09T21:31:13.781-0300] {dagbag.py:508} INFO - Filling up the DagBag from /home/juliana/Área de Trabalho/datapipeline/.env/lib/python3.8/site-packages/airflow/example_dags/example_dag_decorator.py
[2022-11-09T21:31:13.834-0300] {processor.py:650} INFO - DAG(s) dict_keys(['example_dag_decorator']) retrieved from /home/juliana/Área de Trabalho/datapipeline/.env/lib/python3.8/site-packages/airflow/example_dags/example_dag_decorator.py
[2022-11-09T21:31:13.951-0300] {logging_mixin.py:115} INFO - [2022-11-09T21:31:13.951-0300] {dag.py:2429} INFO - Sync 1 DAGs
[2022-11-09T21:31:13.991-0300] {logging_mixin.py:115} INFO - [2022-11-09T21:31:13.990-0300] {dag.py:2977} INFO - Setting next_dagrun for example_dag_decorator to None, run_after=None
[2022-11-09T21:31:14.028-0300] {processor.py:161} INFO - Processing /home/juliana/Área de Trabalho/datapipeline/.env/lib/python3.8/site-packages/airflow/example_dags/example_dag_decorator.py took 0.254 seconds
[2022-11-09T21:31:48.913-0300] {processor.py:153} INFO - Started process (PID=1986) to work on /home/juliana/Área de Trabalho/datapipeline/.env/lib/python3.8/site-packages/airflow/example_dags/example_dag_decorator.py
[2022-11-09T21:31:48.919-0300] {processor.py:640} INFO - Processing file /home/juliana/Área de Trabalho/datapipeline/.env/lib/python3.8/site-packages/airflow/example_dags/example_dag_decorator.py for tasks to queue
[2022-11-09T21:31:48.920-0300] {logging_mixin.py:115} INFO - [2022-11-09T21:31:48.920-0300] {dagbag.py:508} INFO - Filling up the DagBag from /home/juliana/Área de Trabalho/datapipeline/.env/lib/python3.8/site-packages/airflow/example_dags/example_dag_decorator.py
[2022-11-09T21:31:48.948-0300] {processor.py:650} INFO - DAG(s) dict_keys(['example_dag_decorator']) retrieved from /home/juliana/Área de Trabalho/datapipeline/.env/lib/python3.8/site-packages/airflow/example_dags/example_dag_decorator.py
[2022-11-09T21:31:48.984-0300] {logging_mixin.py:115} INFO - [2022-11-09T21:31:48.984-0300] {dag.py:2429} INFO - Sync 1 DAGs
[2022-11-09T21:31:48.996-0300] {logging_mixin.py:115} INFO - [2022-11-09T21:31:48.996-0300] {dag.py:2977} INFO - Setting next_dagrun for example_dag_decorator to None, run_after=None
[2022-11-09T21:31:49.013-0300] {processor.py:161} INFO - Processing /home/juliana/Área de Trabalho/datapipeline/.env/lib/python3.8/site-packages/airflow/example_dags/example_dag_decorator.py took 0.105 seconds
[2022-11-09T21:34:38.398-0300] {processor.py:153} INFO - Started process (PID=2524) to work on /home/juliana/Área de Trabalho/datapipeline/.env/lib/python3.8/site-packages/airflow/example_dags/example_dag_decorator.py
[2022-11-09T21:34:38.401-0300] {processor.py:640} INFO - Processing file /home/juliana/Área de Trabalho/datapipeline/.env/lib/python3.8/site-packages/airflow/example_dags/example_dag_decorator.py for tasks to queue
[2022-11-09T21:34:38.402-0300] {logging_mixin.py:115} INFO - [2022-11-09T21:34:38.402-0300] {dagbag.py:508} INFO - Filling up the DagBag from /home/juliana/Área de Trabalho/datapipeline/.env/lib/python3.8/site-packages/airflow/example_dags/example_dag_decorator.py
[2022-11-09T21:34:38.431-0300] {processor.py:650} INFO - DAG(s) dict_keys(['example_dag_decorator']) retrieved from /home/juliana/Área de Trabalho/datapipeline/.env/lib/python3.8/site-packages/airflow/example_dags/example_dag_decorator.py
[2022-11-09T21:34:38.478-0300] {logging_mixin.py:115} INFO - [2022-11-09T21:34:38.478-0300] {dag.py:2429} INFO - Sync 1 DAGs
[2022-11-09T21:34:38.498-0300] {logging_mixin.py:115} INFO - [2022-11-09T21:34:38.497-0300] {dag.py:2977} INFO - Setting next_dagrun for example_dag_decorator to None, run_after=None
[2022-11-09T21:34:38.511-0300] {processor.py:161} INFO - Processing /home/juliana/Área de Trabalho/datapipeline/.env/lib/python3.8/site-packages/airflow/example_dags/example_dag_decorator.py took 0.119 seconds
