[2022-11-09T21:30:11.032-0300] {processor.py:153} INFO - Started process (PID=1821) to work on /home/juliana/Área de Trabalho/datapipeline/.env/lib/python3.8/site-packages/airflow/example_dags/example_latest_only.py
[2022-11-09T21:30:11.035-0300] {processor.py:640} INFO - Processing file /home/juliana/Área de Trabalho/datapipeline/.env/lib/python3.8/site-packages/airflow/example_dags/example_latest_only.py for tasks to queue
[2022-11-09T21:30:11.037-0300] {logging_mixin.py:115} INFO - [2022-11-09T21:30:11.037-0300] {dagbag.py:508} INFO - Filling up the DagBag from /home/juliana/Área de Trabalho/datapipeline/.env/lib/python3.8/site-packages/airflow/example_dags/example_latest_only.py
[2022-11-09T21:30:11.049-0300] {processor.py:650} INFO - DAG(s) dict_keys(['latest_only']) retrieved from /home/juliana/Área de Trabalho/datapipeline/.env/lib/python3.8/site-packages/airflow/example_dags/example_latest_only.py
[2022-11-09T21:30:11.106-0300] {logging_mixin.py:115} INFO - [2022-11-09T21:30:11.106-0300] {dag.py:2429} INFO - Sync 1 DAGs
[2022-11-09T21:30:11.153-0300] {logging_mixin.py:115} INFO - [2022-11-09T21:30:11.153-0300] {dag.py:2977} INFO - Setting next_dagrun for latest_only to 2022-11-09T20:30:11.153283+00:00, run_after=2022-11-10T00:30:11.153283+00:00
[2022-11-09T21:30:11.177-0300] {processor.py:161} INFO - Processing /home/juliana/Área de Trabalho/datapipeline/.env/lib/python3.8/site-packages/airflow/example_dags/example_latest_only.py took 0.152 seconds
[2022-11-09T21:30:45.233-0300] {processor.py:153} INFO - Started process (PID=1884) to work on /home/juliana/Área de Trabalho/datapipeline/.env/lib/python3.8/site-packages/airflow/example_dags/example_latest_only.py
[2022-11-09T21:30:45.235-0300] {processor.py:640} INFO - Processing file /home/juliana/Área de Trabalho/datapipeline/.env/lib/python3.8/site-packages/airflow/example_dags/example_latest_only.py for tasks to queue
[2022-11-09T21:30:45.236-0300] {logging_mixin.py:115} INFO - [2022-11-09T21:30:45.235-0300] {dagbag.py:508} INFO - Filling up the DagBag from /home/juliana/Área de Trabalho/datapipeline/.env/lib/python3.8/site-packages/airflow/example_dags/example_latest_only.py
[2022-11-09T21:30:45.242-0300] {processor.py:650} INFO - DAG(s) dict_keys(['latest_only']) retrieved from /home/juliana/Área de Trabalho/datapipeline/.env/lib/python3.8/site-packages/airflow/example_dags/example_latest_only.py
[2022-11-09T21:30:45.261-0300] {logging_mixin.py:115} INFO - [2022-11-09T21:30:45.261-0300] {dag.py:2429} INFO - Sync 1 DAGs
[2022-11-09T21:30:45.294-0300] {logging_mixin.py:115} INFO - [2022-11-09T21:30:45.294-0300] {dag.py:2977} INFO - Setting next_dagrun for latest_only to 2022-11-09T20:30:45.293758+00:00, run_after=2022-11-10T00:30:45.293758+00:00
[2022-11-09T21:30:45.311-0300] {processor.py:161} INFO - Processing /home/juliana/Área de Trabalho/datapipeline/.env/lib/python3.8/site-packages/airflow/example_dags/example_latest_only.py took 0.083 seconds
[2022-11-09T21:31:18.893-0300] {processor.py:153} INFO - Started process (PID=1947) to work on /home/juliana/Área de Trabalho/datapipeline/.env/lib/python3.8/site-packages/airflow/example_dags/example_latest_only.py
[2022-11-09T21:31:18.893-0300] {processor.py:640} INFO - Processing file /home/juliana/Área de Trabalho/datapipeline/.env/lib/python3.8/site-packages/airflow/example_dags/example_latest_only.py for tasks to queue
[2022-11-09T21:31:18.894-0300] {logging_mixin.py:115} INFO - [2022-11-09T21:31:18.894-0300] {dagbag.py:508} INFO - Filling up the DagBag from /home/juliana/Área de Trabalho/datapipeline/.env/lib/python3.8/site-packages/airflow/example_dags/example_latest_only.py
[2022-11-09T21:31:18.900-0300] {processor.py:650} INFO - DAG(s) dict_keys(['latest_only']) retrieved from /home/juliana/Área de Trabalho/datapipeline/.env/lib/python3.8/site-packages/airflow/example_dags/example_latest_only.py
[2022-11-09T21:31:18.917-0300] {logging_mixin.py:115} INFO - [2022-11-09T21:31:18.917-0300] {dag.py:2429} INFO - Sync 1 DAGs
[2022-11-09T21:31:18.935-0300] {logging_mixin.py:115} INFO - [2022-11-09T21:31:18.934-0300] {dag.py:2977} INFO - Setting next_dagrun for latest_only to 2022-11-09T20:31:18.934551+00:00, run_after=2022-11-10T00:31:18.934551+00:00
[2022-11-09T21:31:18.955-0300] {processor.py:161} INFO - Processing /home/juliana/Área de Trabalho/datapipeline/.env/lib/python3.8/site-packages/airflow/example_dags/example_latest_only.py took 0.067 seconds
[2022-11-09T21:31:54.049-0300] {processor.py:153} INFO - Started process (PID=2003) to work on /home/juliana/Área de Trabalho/datapipeline/.env/lib/python3.8/site-packages/airflow/example_dags/example_latest_only.py
[2022-11-09T21:31:54.050-0300] {processor.py:640} INFO - Processing file /home/juliana/Área de Trabalho/datapipeline/.env/lib/python3.8/site-packages/airflow/example_dags/example_latest_only.py for tasks to queue
[2022-11-09T21:31:54.051-0300] {logging_mixin.py:115} INFO - [2022-11-09T21:31:54.051-0300] {dagbag.py:508} INFO - Filling up the DagBag from /home/juliana/Área de Trabalho/datapipeline/.env/lib/python3.8/site-packages/airflow/example_dags/example_latest_only.py
[2022-11-09T21:31:54.056-0300] {processor.py:650} INFO - DAG(s) dict_keys(['latest_only']) retrieved from /home/juliana/Área de Trabalho/datapipeline/.env/lib/python3.8/site-packages/airflow/example_dags/example_latest_only.py
[2022-11-09T21:31:54.070-0300] {logging_mixin.py:115} INFO - [2022-11-09T21:31:54.069-0300] {dag.py:2429} INFO - Sync 1 DAGs
[2022-11-09T21:31:54.086-0300] {logging_mixin.py:115} INFO - [2022-11-09T21:31:54.085-0300] {dag.py:2977} INFO - Setting next_dagrun for latest_only to 2022-11-09T20:31:54.085659+00:00, run_after=2022-11-10T00:31:54.085659+00:00
[2022-11-09T21:31:54.103-0300] {processor.py:161} INFO - Processing /home/juliana/Área de Trabalho/datapipeline/.env/lib/python3.8/site-packages/airflow/example_dags/example_latest_only.py took 0.058 seconds
[2022-11-09T21:34:43.565-0300] {processor.py:153} INFO - Started process (PID=2531) to work on /home/juliana/Área de Trabalho/datapipeline/.env/lib/python3.8/site-packages/airflow/example_dags/example_latest_only.py
[2022-11-09T21:34:43.571-0300] {processor.py:640} INFO - Processing file /home/juliana/Área de Trabalho/datapipeline/.env/lib/python3.8/site-packages/airflow/example_dags/example_latest_only.py for tasks to queue
[2022-11-09T21:34:43.572-0300] {logging_mixin.py:115} INFO - [2022-11-09T21:34:43.572-0300] {dagbag.py:508} INFO - Filling up the DagBag from /home/juliana/Área de Trabalho/datapipeline/.env/lib/python3.8/site-packages/airflow/example_dags/example_latest_only.py
[2022-11-09T21:34:43.580-0300] {processor.py:650} INFO - DAG(s) dict_keys(['latest_only']) retrieved from /home/juliana/Área de Trabalho/datapipeline/.env/lib/python3.8/site-packages/airflow/example_dags/example_latest_only.py
[2022-11-09T21:34:43.597-0300] {logging_mixin.py:115} INFO - [2022-11-09T21:34:43.597-0300] {dag.py:2429} INFO - Sync 1 DAGs
[2022-11-09T21:34:43.616-0300] {logging_mixin.py:115} INFO - [2022-11-09T21:34:43.615-0300] {dag.py:2977} INFO - Setting next_dagrun for latest_only to 2022-11-09T20:34:43.615588+00:00, run_after=2022-11-10T00:34:43.615588+00:00
[2022-11-09T21:34:43.633-0300] {processor.py:161} INFO - Processing /home/juliana/Área de Trabalho/datapipeline/.env/lib/python3.8/site-packages/airflow/example_dags/example_latest_only.py took 0.072 seconds
