[2022-11-09T21:30:00.890-0300] {processor.py:153} INFO - Started process (PID=1553) to work on /home/juliana/Área de Trabalho/datapipeline/.env/lib/python3.8/site-packages/airflow/example_dags/example_skip_dag.py
[2022-11-09T21:30:00.891-0300] {processor.py:640} INFO - Processing file /home/juliana/Área de Trabalho/datapipeline/.env/lib/python3.8/site-packages/airflow/example_dags/example_skip_dag.py for tasks to queue
[2022-11-09T21:30:00.892-0300] {logging_mixin.py:115} INFO - [2022-11-09T21:30:00.892-0300] {dagbag.py:508} INFO - Filling up the DagBag from /home/juliana/Área de Trabalho/datapipeline/.env/lib/python3.8/site-packages/airflow/example_dags/example_skip_dag.py
[2022-11-09T21:30:00.900-0300] {processor.py:650} INFO - DAG(s) dict_keys(['example_skip_dag']) retrieved from /home/juliana/Área de Trabalho/datapipeline/.env/lib/python3.8/site-packages/airflow/example_dags/example_skip_dag.py
[2022-11-09T21:30:00.920-0300] {logging_mixin.py:115} INFO - [2022-11-09T21:30:00.920-0300] {dag.py:2429} INFO - Sync 1 DAGs
[2022-11-09T21:30:00.937-0300] {logging_mixin.py:115} INFO - [2022-11-09T21:30:00.937-0300] {dag.py:2977} INFO - Setting next_dagrun for example_skip_dag to 2022-11-09T00:30:00.937136+00:00, run_after=2022-11-10T00:30:00.937136+00:00
[2022-11-09T21:30:00.958-0300] {processor.py:161} INFO - Processing /home/juliana/Área de Trabalho/datapipeline/.env/lib/python3.8/site-packages/airflow/example_dags/example_skip_dag.py took 0.074 seconds
[2022-11-09T21:30:35.939-0300] {processor.py:153} INFO - Started process (PID=1871) to work on /home/juliana/Área de Trabalho/datapipeline/.env/lib/python3.8/site-packages/airflow/example_dags/example_skip_dag.py
[2022-11-09T21:30:35.946-0300] {processor.py:640} INFO - Processing file /home/juliana/Área de Trabalho/datapipeline/.env/lib/python3.8/site-packages/airflow/example_dags/example_skip_dag.py for tasks to queue
[2022-11-09T21:30:35.946-0300] {logging_mixin.py:115} INFO - [2022-11-09T21:30:35.946-0300] {dagbag.py:508} INFO - Filling up the DagBag from /home/juliana/Área de Trabalho/datapipeline/.env/lib/python3.8/site-packages/airflow/example_dags/example_skip_dag.py
[2022-11-09T21:30:35.954-0300] {processor.py:650} INFO - DAG(s) dict_keys(['example_skip_dag']) retrieved from /home/juliana/Área de Trabalho/datapipeline/.env/lib/python3.8/site-packages/airflow/example_dags/example_skip_dag.py
[2022-11-09T21:30:35.972-0300] {logging_mixin.py:115} INFO - [2022-11-09T21:30:35.971-0300] {dag.py:2429} INFO - Sync 1 DAGs
[2022-11-09T21:30:35.994-0300] {logging_mixin.py:115} INFO - [2022-11-09T21:30:35.993-0300] {dag.py:2977} INFO - Setting next_dagrun for example_skip_dag to 2022-11-09T00:30:35.993706+00:00, run_after=2022-11-10T00:30:35.993706+00:00
[2022-11-09T21:30:36.011-0300] {processor.py:161} INFO - Processing /home/juliana/Área de Trabalho/datapipeline/.env/lib/python3.8/site-packages/airflow/example_dags/example_skip_dag.py took 0.076 seconds
[2022-11-09T21:31:10.886-0300] {processor.py:153} INFO - Started process (PID=1923) to work on /home/juliana/Área de Trabalho/datapipeline/.env/lib/python3.8/site-packages/airflow/example_dags/example_skip_dag.py
[2022-11-09T21:31:10.887-0300] {processor.py:640} INFO - Processing file /home/juliana/Área de Trabalho/datapipeline/.env/lib/python3.8/site-packages/airflow/example_dags/example_skip_dag.py for tasks to queue
[2022-11-09T21:31:10.888-0300] {logging_mixin.py:115} INFO - [2022-11-09T21:31:10.888-0300] {dagbag.py:508} INFO - Filling up the DagBag from /home/juliana/Área de Trabalho/datapipeline/.env/lib/python3.8/site-packages/airflow/example_dags/example_skip_dag.py
[2022-11-09T21:31:10.894-0300] {processor.py:650} INFO - DAG(s) dict_keys(['example_skip_dag']) retrieved from /home/juliana/Área de Trabalho/datapipeline/.env/lib/python3.8/site-packages/airflow/example_dags/example_skip_dag.py
[2022-11-09T21:31:10.913-0300] {logging_mixin.py:115} INFO - [2022-11-09T21:31:10.913-0300] {dag.py:2429} INFO - Sync 1 DAGs
[2022-11-09T21:31:10.930-0300] {logging_mixin.py:115} INFO - [2022-11-09T21:31:10.930-0300] {dag.py:2977} INFO - Setting next_dagrun for example_skip_dag to 2022-11-09T00:31:10.929880+00:00, run_after=2022-11-10T00:31:10.929880+00:00
[2022-11-09T21:31:10.945-0300] {processor.py:161} INFO - Processing /home/juliana/Área de Trabalho/datapipeline/.env/lib/python3.8/site-packages/airflow/example_dags/example_skip_dag.py took 0.064 seconds
[2022-11-09T21:31:44.387-0300] {processor.py:153} INFO - Started process (PID=1980) to work on /home/juliana/Área de Trabalho/datapipeline/.env/lib/python3.8/site-packages/airflow/example_dags/example_skip_dag.py
[2022-11-09T21:31:44.388-0300] {processor.py:640} INFO - Processing file /home/juliana/Área de Trabalho/datapipeline/.env/lib/python3.8/site-packages/airflow/example_dags/example_skip_dag.py for tasks to queue
[2022-11-09T21:31:44.389-0300] {logging_mixin.py:115} INFO - [2022-11-09T21:31:44.388-0300] {dagbag.py:508} INFO - Filling up the DagBag from /home/juliana/Área de Trabalho/datapipeline/.env/lib/python3.8/site-packages/airflow/example_dags/example_skip_dag.py
[2022-11-09T21:31:44.395-0300] {processor.py:650} INFO - DAG(s) dict_keys(['example_skip_dag']) retrieved from /home/juliana/Área de Trabalho/datapipeline/.env/lib/python3.8/site-packages/airflow/example_dags/example_skip_dag.py
[2022-11-09T21:31:44.413-0300] {logging_mixin.py:115} INFO - [2022-11-09T21:31:44.412-0300] {dag.py:2429} INFO - Sync 1 DAGs
[2022-11-09T21:31:44.429-0300] {logging_mixin.py:115} INFO - [2022-11-09T21:31:44.429-0300] {dag.py:2977} INFO - Setting next_dagrun for example_skip_dag to 2022-11-09T00:31:44.429144+00:00, run_after=2022-11-10T00:31:44.429144+00:00
[2022-11-09T21:31:44.445-0300] {processor.py:161} INFO - Processing /home/juliana/Área de Trabalho/datapipeline/.env/lib/python3.8/site-packages/airflow/example_dags/example_skip_dag.py took 0.064 seconds
[2022-11-09T21:32:19.706-0300] {processor.py:153} INFO - Started process (PID=2044) to work on /home/juliana/Área de Trabalho/datapipeline/.env/lib/python3.8/site-packages/airflow/example_dags/example_skip_dag.py
[2022-11-09T21:32:19.707-0300] {processor.py:640} INFO - Processing file /home/juliana/Área de Trabalho/datapipeline/.env/lib/python3.8/site-packages/airflow/example_dags/example_skip_dag.py for tasks to queue
[2022-11-09T21:32:19.708-0300] {logging_mixin.py:115} INFO - [2022-11-09T21:32:19.708-0300] {dagbag.py:508} INFO - Filling up the DagBag from /home/juliana/Área de Trabalho/datapipeline/.env/lib/python3.8/site-packages/airflow/example_dags/example_skip_dag.py
[2022-11-09T21:32:19.712-0300] {processor.py:650} INFO - DAG(s) dict_keys(['example_skip_dag']) retrieved from /home/juliana/Área de Trabalho/datapipeline/.env/lib/python3.8/site-packages/airflow/example_dags/example_skip_dag.py
[2022-11-09T21:32:19.728-0300] {logging_mixin.py:115} INFO - [2022-11-09T21:32:19.728-0300] {dag.py:2429} INFO - Sync 1 DAGs
[2022-11-09T21:32:19.745-0300] {logging_mixin.py:115} INFO - [2022-11-09T21:32:19.745-0300] {dag.py:2977} INFO - Setting next_dagrun for example_skip_dag to 2022-11-09T00:32:19.744982+00:00, run_after=2022-11-10T00:32:19.744982+00:00
[2022-11-09T21:32:19.769-0300] {processor.py:161} INFO - Processing /home/juliana/Área de Trabalho/datapipeline/.env/lib/python3.8/site-packages/airflow/example_dags/example_skip_dag.py took 0.065 seconds
[2022-11-09T21:34:34.378-0300] {processor.py:153} INFO - Started process (PID=2488) to work on /home/juliana/Área de Trabalho/datapipeline/.env/lib/python3.8/site-packages/airflow/example_dags/example_skip_dag.py
[2022-11-09T21:34:34.385-0300] {processor.py:640} INFO - Processing file /home/juliana/Área de Trabalho/datapipeline/.env/lib/python3.8/site-packages/airflow/example_dags/example_skip_dag.py for tasks to queue
[2022-11-09T21:34:34.386-0300] {logging_mixin.py:115} INFO - [2022-11-09T21:34:34.386-0300] {dagbag.py:508} INFO - Filling up the DagBag from /home/juliana/Área de Trabalho/datapipeline/.env/lib/python3.8/site-packages/airflow/example_dags/example_skip_dag.py
[2022-11-09T21:34:34.392-0300] {processor.py:650} INFO - DAG(s) dict_keys(['example_skip_dag']) retrieved from /home/juliana/Área de Trabalho/datapipeline/.env/lib/python3.8/site-packages/airflow/example_dags/example_skip_dag.py
[2022-11-09T21:34:34.428-0300] {logging_mixin.py:115} INFO - [2022-11-09T21:34:34.428-0300] {dag.py:2429} INFO - Sync 1 DAGs
[2022-11-09T21:34:34.460-0300] {logging_mixin.py:115} INFO - [2022-11-09T21:34:34.460-0300] {dag.py:2977} INFO - Setting next_dagrun for example_skip_dag to 2022-11-09T00:34:34.458191+00:00, run_after=2022-11-10T00:34:34.458191+00:00
[2022-11-09T21:34:34.477-0300] {processor.py:161} INFO - Processing /home/juliana/Área de Trabalho/datapipeline/.env/lib/python3.8/site-packages/airflow/example_dags/example_skip_dag.py took 0.106 seconds
[2022-11-09T21:35:08.150-0300] {processor.py:153} INFO - Started process (PID=2559) to work on /home/juliana/Área de Trabalho/datapipeline/.env/lib/python3.8/site-packages/airflow/example_dags/example_skip_dag.py
[2022-11-09T21:35:08.151-0300] {processor.py:640} INFO - Processing file /home/juliana/Área de Trabalho/datapipeline/.env/lib/python3.8/site-packages/airflow/example_dags/example_skip_dag.py for tasks to queue
[2022-11-09T21:35:08.152-0300] {logging_mixin.py:115} INFO - [2022-11-09T21:35:08.152-0300] {dagbag.py:508} INFO - Filling up the DagBag from /home/juliana/Área de Trabalho/datapipeline/.env/lib/python3.8/site-packages/airflow/example_dags/example_skip_dag.py
[2022-11-09T21:35:08.158-0300] {processor.py:650} INFO - DAG(s) dict_keys(['example_skip_dag']) retrieved from /home/juliana/Área de Trabalho/datapipeline/.env/lib/python3.8/site-packages/airflow/example_dags/example_skip_dag.py
[2022-11-09T21:35:08.176-0300] {logging_mixin.py:115} INFO - [2022-11-09T21:35:08.176-0300] {dag.py:2429} INFO - Sync 1 DAGs
[2022-11-09T21:35:08.199-0300] {logging_mixin.py:115} INFO - [2022-11-09T21:35:08.199-0300] {dag.py:2977} INFO - Setting next_dagrun for example_skip_dag to 2022-11-09T00:35:08.198797+00:00, run_after=2022-11-10T00:35:08.198797+00:00
[2022-11-09T21:35:08.227-0300] {processor.py:161} INFO - Processing /home/juliana/Área de Trabalho/datapipeline/.env/lib/python3.8/site-packages/airflow/example_dags/example_skip_dag.py took 0.082 seconds
