[2022-11-09T21:30:02.024-0300] {processor.py:153} INFO - Started process (PID=1556) to work on /home/juliana/Área de Trabalho/datapipeline/.env/lib/python3.8/site-packages/airflow/example_dags/example_task_group_decorator.py
[2022-11-09T21:30:02.026-0300] {processor.py:640} INFO - Processing file /home/juliana/Área de Trabalho/datapipeline/.env/lib/python3.8/site-packages/airflow/example_dags/example_task_group_decorator.py for tasks to queue
[2022-11-09T21:30:02.027-0300] {logging_mixin.py:115} INFO - [2022-11-09T21:30:02.027-0300] {dagbag.py:508} INFO - Filling up the DagBag from /home/juliana/Área de Trabalho/datapipeline/.env/lib/python3.8/site-packages/airflow/example_dags/example_task_group_decorator.py
[2022-11-09T21:30:02.074-0300] {processor.py:650} INFO - DAG(s) dict_keys(['example_task_group_decorator']) retrieved from /home/juliana/Área de Trabalho/datapipeline/.env/lib/python3.8/site-packages/airflow/example_dags/example_task_group_decorator.py
[2022-11-09T21:30:02.129-0300] {logging_mixin.py:115} INFO - [2022-11-09T21:30:02.129-0300] {dag.py:2429} INFO - Sync 1 DAGs
[2022-11-09T21:30:02.148-0300] {logging_mixin.py:115} INFO - [2022-11-09T21:30:02.148-0300] {dag.py:2977} INFO - Setting next_dagrun for example_task_group_decorator to 2022-11-09T00:30:02.147744+00:00, run_after=2022-11-10T00:30:02.147744+00:00
[2022-11-09T21:30:02.169-0300] {processor.py:161} INFO - Processing /home/juliana/Área de Trabalho/datapipeline/.env/lib/python3.8/site-packages/airflow/example_dags/example_task_group_decorator.py took 0.152 seconds
[2022-11-09T21:30:37.089-0300] {processor.py:153} INFO - Started process (PID=1872) to work on /home/juliana/Área de Trabalho/datapipeline/.env/lib/python3.8/site-packages/airflow/example_dags/example_task_group_decorator.py
[2022-11-09T21:30:37.096-0300] {processor.py:640} INFO - Processing file /home/juliana/Área de Trabalho/datapipeline/.env/lib/python3.8/site-packages/airflow/example_dags/example_task_group_decorator.py for tasks to queue
[2022-11-09T21:30:37.099-0300] {logging_mixin.py:115} INFO - [2022-11-09T21:30:37.098-0300] {dagbag.py:508} INFO - Filling up the DagBag from /home/juliana/Área de Trabalho/datapipeline/.env/lib/python3.8/site-packages/airflow/example_dags/example_task_group_decorator.py
[2022-11-09T21:30:37.139-0300] {processor.py:650} INFO - DAG(s) dict_keys(['example_task_group_decorator']) retrieved from /home/juliana/Área de Trabalho/datapipeline/.env/lib/python3.8/site-packages/airflow/example_dags/example_task_group_decorator.py
[2022-11-09T21:30:37.182-0300] {logging_mixin.py:115} INFO - [2022-11-09T21:30:37.182-0300] {dag.py:2429} INFO - Sync 1 DAGs
[2022-11-09T21:30:37.194-0300] {logging_mixin.py:115} INFO - [2022-11-09T21:30:37.194-0300] {dag.py:2977} INFO - Setting next_dagrun for example_task_group_decorator to 2022-11-09T00:30:37.194035+00:00, run_after=2022-11-10T00:30:37.194035+00:00
[2022-11-09T21:30:37.209-0300] {processor.py:161} INFO - Processing /home/juliana/Área de Trabalho/datapipeline/.env/lib/python3.8/site-packages/airflow/example_dags/example_task_group_decorator.py took 0.124 seconds
[2022-11-09T21:31:11.219-0300] {processor.py:153} INFO - Started process (PID=1924) to work on /home/juliana/Área de Trabalho/datapipeline/.env/lib/python3.8/site-packages/airflow/example_dags/example_task_group_decorator.py
[2022-11-09T21:31:11.220-0300] {processor.py:640} INFO - Processing file /home/juliana/Área de Trabalho/datapipeline/.env/lib/python3.8/site-packages/airflow/example_dags/example_task_group_decorator.py for tasks to queue
[2022-11-09T21:31:11.222-0300] {logging_mixin.py:115} INFO - [2022-11-09T21:31:11.221-0300] {dagbag.py:508} INFO - Filling up the DagBag from /home/juliana/Área de Trabalho/datapipeline/.env/lib/python3.8/site-packages/airflow/example_dags/example_task_group_decorator.py
[2022-11-09T21:31:11.248-0300] {processor.py:650} INFO - DAG(s) dict_keys(['example_task_group_decorator']) retrieved from /home/juliana/Área de Trabalho/datapipeline/.env/lib/python3.8/site-packages/airflow/example_dags/example_task_group_decorator.py
[2022-11-09T21:31:11.286-0300] {logging_mixin.py:115} INFO - [2022-11-09T21:31:11.286-0300] {dag.py:2429} INFO - Sync 1 DAGs
[2022-11-09T21:31:11.303-0300] {logging_mixin.py:115} INFO - [2022-11-09T21:31:11.303-0300] {dag.py:2977} INFO - Setting next_dagrun for example_task_group_decorator to 2022-11-09T00:31:11.302812+00:00, run_after=2022-11-10T00:31:11.302812+00:00
[2022-11-09T21:31:11.318-0300] {processor.py:161} INFO - Processing /home/juliana/Área de Trabalho/datapipeline/.env/lib/python3.8/site-packages/airflow/example_dags/example_task_group_decorator.py took 0.102 seconds
[2022-11-09T21:31:45.362-0300] {processor.py:153} INFO - Started process (PID=1981) to work on /home/juliana/Área de Trabalho/datapipeline/.env/lib/python3.8/site-packages/airflow/example_dags/example_task_group_decorator.py
[2022-11-09T21:31:45.363-0300] {processor.py:640} INFO - Processing file /home/juliana/Área de Trabalho/datapipeline/.env/lib/python3.8/site-packages/airflow/example_dags/example_task_group_decorator.py for tasks to queue
[2022-11-09T21:31:45.364-0300] {logging_mixin.py:115} INFO - [2022-11-09T21:31:45.364-0300] {dagbag.py:508} INFO - Filling up the DagBag from /home/juliana/Área de Trabalho/datapipeline/.env/lib/python3.8/site-packages/airflow/example_dags/example_task_group_decorator.py
[2022-11-09T21:31:45.388-0300] {processor.py:650} INFO - DAG(s) dict_keys(['example_task_group_decorator']) retrieved from /home/juliana/Área de Trabalho/datapipeline/.env/lib/python3.8/site-packages/airflow/example_dags/example_task_group_decorator.py
[2022-11-09T21:31:45.422-0300] {logging_mixin.py:115} INFO - [2022-11-09T21:31:45.422-0300] {dag.py:2429} INFO - Sync 1 DAGs
[2022-11-09T21:31:45.434-0300] {logging_mixin.py:115} INFO - [2022-11-09T21:31:45.434-0300] {dag.py:2977} INFO - Setting next_dagrun for example_task_group_decorator to 2022-11-09T00:31:45.434027+00:00, run_after=2022-11-10T00:31:45.434027+00:00
[2022-11-09T21:31:45.456-0300] {processor.py:161} INFO - Processing /home/juliana/Área de Trabalho/datapipeline/.env/lib/python3.8/site-packages/airflow/example_dags/example_task_group_decorator.py took 0.097 seconds
[2022-11-09T21:32:20.859-0300] {processor.py:153} INFO - Started process (PID=2045) to work on /home/juliana/Área de Trabalho/datapipeline/.env/lib/python3.8/site-packages/airflow/example_dags/example_task_group_decorator.py
[2022-11-09T21:32:20.861-0300] {processor.py:640} INFO - Processing file /home/juliana/Área de Trabalho/datapipeline/.env/lib/python3.8/site-packages/airflow/example_dags/example_task_group_decorator.py for tasks to queue
[2022-11-09T21:32:20.862-0300] {logging_mixin.py:115} INFO - [2022-11-09T21:32:20.862-0300] {dagbag.py:508} INFO - Filling up the DagBag from /home/juliana/Área de Trabalho/datapipeline/.env/lib/python3.8/site-packages/airflow/example_dags/example_task_group_decorator.py
[2022-11-09T21:32:20.896-0300] {processor.py:650} INFO - DAG(s) dict_keys(['example_task_group_decorator']) retrieved from /home/juliana/Área de Trabalho/datapipeline/.env/lib/python3.8/site-packages/airflow/example_dags/example_task_group_decorator.py
[2022-11-09T21:32:20.912-0300] {logging_mixin.py:115} INFO - [2022-11-09T21:32:20.912-0300] {dag.py:2429} INFO - Sync 1 DAGs
[2022-11-09T21:32:20.932-0300] {logging_mixin.py:115} INFO - [2022-11-09T21:32:20.932-0300] {dag.py:2977} INFO - Setting next_dagrun for example_task_group_decorator to 2022-11-09T00:32:20.931838+00:00, run_after=2022-11-10T00:32:20.931838+00:00
[2022-11-09T21:32:20.951-0300] {processor.py:161} INFO - Processing /home/juliana/Área de Trabalho/datapipeline/.env/lib/python3.8/site-packages/airflow/example_dags/example_task_group_decorator.py took 0.098 seconds
[2022-11-09T21:34:35.615-0300] {processor.py:153} INFO - Started process (PID=2493) to work on /home/juliana/Área de Trabalho/datapipeline/.env/lib/python3.8/site-packages/airflow/example_dags/example_task_group_decorator.py
[2022-11-09T21:34:35.619-0300] {processor.py:640} INFO - Processing file /home/juliana/Área de Trabalho/datapipeline/.env/lib/python3.8/site-packages/airflow/example_dags/example_task_group_decorator.py for tasks to queue
[2022-11-09T21:34:35.620-0300] {logging_mixin.py:115} INFO - [2022-11-09T21:34:35.620-0300] {dagbag.py:508} INFO - Filling up the DagBag from /home/juliana/Área de Trabalho/datapipeline/.env/lib/python3.8/site-packages/airflow/example_dags/example_task_group_decorator.py
[2022-11-09T21:34:35.676-0300] {processor.py:650} INFO - DAG(s) dict_keys(['example_task_group_decorator']) retrieved from /home/juliana/Área de Trabalho/datapipeline/.env/lib/python3.8/site-packages/airflow/example_dags/example_task_group_decorator.py
[2022-11-09T21:34:35.790-0300] {logging_mixin.py:115} INFO - [2022-11-09T21:34:35.790-0300] {dag.py:2429} INFO - Sync 1 DAGs
[2022-11-09T21:34:35.816-0300] {logging_mixin.py:115} INFO - [2022-11-09T21:34:35.816-0300] {dag.py:2977} INFO - Setting next_dagrun for example_task_group_decorator to 2022-11-09T00:34:35.815909+00:00, run_after=2022-11-10T00:34:35.815909+00:00
[2022-11-09T21:34:35.856-0300] {processor.py:161} INFO - Processing /home/juliana/Área de Trabalho/datapipeline/.env/lib/python3.8/site-packages/airflow/example_dags/example_task_group_decorator.py took 0.244 seconds
