[2022-11-09T21:29:45.482-0300] {processor.py:153} INFO - Started process (PID=1529) to work on /home/juliana/Área de Trabalho/datapipeline/.env/lib/python3.8/site-packages/airflow/example_dags/example_trigger_target_dag.py
[2022-11-09T21:29:45.483-0300] {processor.py:640} INFO - Processing file /home/juliana/Área de Trabalho/datapipeline/.env/lib/python3.8/site-packages/airflow/example_dags/example_trigger_target_dag.py for tasks to queue
[2022-11-09T21:29:45.484-0300] {logging_mixin.py:115} INFO - [2022-11-09T21:29:45.483-0300] {dagbag.py:508} INFO - Filling up the DagBag from /home/juliana/Área de Trabalho/datapipeline/.env/lib/python3.8/site-packages/airflow/example_dags/example_trigger_target_dag.py
[2022-11-09T21:29:45.502-0300] {processor.py:650} INFO - DAG(s) dict_keys(['example_trigger_target_dag']) retrieved from /home/juliana/Área de Trabalho/datapipeline/.env/lib/python3.8/site-packages/airflow/example_dags/example_trigger_target_dag.py
[2022-11-09T21:29:45.518-0300] {logging_mixin.py:115} INFO - [2022-11-09T21:29:45.518-0300] {dag.py:2429} INFO - Sync 1 DAGs
[2022-11-09T21:29:45.531-0300] {logging_mixin.py:115} INFO - [2022-11-09T21:29:45.531-0300] {dag.py:2977} INFO - Setting next_dagrun for example_trigger_target_dag to None, run_after=None
[2022-11-09T21:29:45.552-0300] {processor.py:161} INFO - Processing /home/juliana/Área de Trabalho/datapipeline/.env/lib/python3.8/site-packages/airflow/example_dags/example_trigger_target_dag.py took 0.075 seconds
[2022-11-09T21:30:21.636-0300] {processor.py:153} INFO - Started process (PID=1857) to work on /home/juliana/Área de Trabalho/datapipeline/.env/lib/python3.8/site-packages/airflow/example_dags/example_trigger_target_dag.py
[2022-11-09T21:30:21.643-0300] {processor.py:640} INFO - Processing file /home/juliana/Área de Trabalho/datapipeline/.env/lib/python3.8/site-packages/airflow/example_dags/example_trigger_target_dag.py for tasks to queue
[2022-11-09T21:30:21.643-0300] {logging_mixin.py:115} INFO - [2022-11-09T21:30:21.643-0300] {dagbag.py:508} INFO - Filling up the DagBag from /home/juliana/Área de Trabalho/datapipeline/.env/lib/python3.8/site-packages/airflow/example_dags/example_trigger_target_dag.py
[2022-11-09T21:30:21.660-0300] {processor.py:650} INFO - DAG(s) dict_keys(['example_trigger_target_dag']) retrieved from /home/juliana/Área de Trabalho/datapipeline/.env/lib/python3.8/site-packages/airflow/example_dags/example_trigger_target_dag.py
[2022-11-09T21:30:21.675-0300] {logging_mixin.py:115} INFO - [2022-11-09T21:30:21.675-0300] {dag.py:2429} INFO - Sync 1 DAGs
[2022-11-09T21:30:21.693-0300] {logging_mixin.py:115} INFO - [2022-11-09T21:30:21.691-0300] {dag.py:2977} INFO - Setting next_dagrun for example_trigger_target_dag to None, run_after=None
[2022-11-09T21:30:21.708-0300] {processor.py:161} INFO - Processing /home/juliana/Área de Trabalho/datapipeline/.env/lib/python3.8/site-packages/airflow/example_dags/example_trigger_target_dag.py took 0.077 seconds
[2022-11-09T21:30:56.794-0300] {processor.py:153} INFO - Started process (PID=1897) to work on /home/juliana/Área de Trabalho/datapipeline/.env/lib/python3.8/site-packages/airflow/example_dags/example_trigger_target_dag.py
[2022-11-09T21:30:56.796-0300] {processor.py:640} INFO - Processing file /home/juliana/Área de Trabalho/datapipeline/.env/lib/python3.8/site-packages/airflow/example_dags/example_trigger_target_dag.py for tasks to queue
[2022-11-09T21:30:56.796-0300] {logging_mixin.py:115} INFO - [2022-11-09T21:30:56.796-0300] {dagbag.py:508} INFO - Filling up the DagBag from /home/juliana/Área de Trabalho/datapipeline/.env/lib/python3.8/site-packages/airflow/example_dags/example_trigger_target_dag.py
[2022-11-09T21:30:56.818-0300] {processor.py:650} INFO - DAG(s) dict_keys(['example_trigger_target_dag']) retrieved from /home/juliana/Área de Trabalho/datapipeline/.env/lib/python3.8/site-packages/airflow/example_dags/example_trigger_target_dag.py
[2022-11-09T21:30:56.834-0300] {logging_mixin.py:115} INFO - [2022-11-09T21:30:56.834-0300] {dag.py:2429} INFO - Sync 1 DAGs
[2022-11-09T21:30:56.852-0300] {logging_mixin.py:115} INFO - [2022-11-09T21:30:56.852-0300] {dag.py:2977} INFO - Setting next_dagrun for example_trigger_target_dag to None, run_after=None
[2022-11-09T21:30:56.868-0300] {processor.py:161} INFO - Processing /home/juliana/Área de Trabalho/datapipeline/.env/lib/python3.8/site-packages/airflow/example_dags/example_trigger_target_dag.py took 0.077 seconds
[2022-11-09T21:31:30.387-0300] {processor.py:153} INFO - Started process (PID=1966) to work on /home/juliana/Área de Trabalho/datapipeline/.env/lib/python3.8/site-packages/airflow/example_dags/example_trigger_target_dag.py
[2022-11-09T21:31:30.388-0300] {processor.py:640} INFO - Processing file /home/juliana/Área de Trabalho/datapipeline/.env/lib/python3.8/site-packages/airflow/example_dags/example_trigger_target_dag.py for tasks to queue
[2022-11-09T21:31:30.389-0300] {logging_mixin.py:115} INFO - [2022-11-09T21:31:30.388-0300] {dagbag.py:508} INFO - Filling up the DagBag from /home/juliana/Área de Trabalho/datapipeline/.env/lib/python3.8/site-packages/airflow/example_dags/example_trigger_target_dag.py
[2022-11-09T21:31:30.420-0300] {processor.py:650} INFO - DAG(s) dict_keys(['example_trigger_target_dag']) retrieved from /home/juliana/Área de Trabalho/datapipeline/.env/lib/python3.8/site-packages/airflow/example_dags/example_trigger_target_dag.py
[2022-11-09T21:31:30.440-0300] {logging_mixin.py:115} INFO - [2022-11-09T21:31:30.440-0300] {dag.py:2429} INFO - Sync 1 DAGs
[2022-11-09T21:31:30.465-0300] {logging_mixin.py:115} INFO - [2022-11-09T21:31:30.465-0300] {dag.py:2977} INFO - Setting next_dagrun for example_trigger_target_dag to None, run_after=None
[2022-11-09T21:31:30.484-0300] {processor.py:161} INFO - Processing /home/juliana/Área de Trabalho/datapipeline/.env/lib/python3.8/site-packages/airflow/example_dags/example_trigger_target_dag.py took 0.100 seconds
[2022-11-09T21:32:03.074-0300] {processor.py:153} INFO - Started process (PID=2023) to work on /home/juliana/Área de Trabalho/datapipeline/.env/lib/python3.8/site-packages/airflow/example_dags/example_trigger_target_dag.py
[2022-11-09T21:32:03.075-0300] {processor.py:640} INFO - Processing file /home/juliana/Área de Trabalho/datapipeline/.env/lib/python3.8/site-packages/airflow/example_dags/example_trigger_target_dag.py for tasks to queue
[2022-11-09T21:32:03.076-0300] {logging_mixin.py:115} INFO - [2022-11-09T21:32:03.076-0300] {dagbag.py:508} INFO - Filling up the DagBag from /home/juliana/Área de Trabalho/datapipeline/.env/lib/python3.8/site-packages/airflow/example_dags/example_trigger_target_dag.py
[2022-11-09T21:32:03.093-0300] {processor.py:650} INFO - DAG(s) dict_keys(['example_trigger_target_dag']) retrieved from /home/juliana/Área de Trabalho/datapipeline/.env/lib/python3.8/site-packages/airflow/example_dags/example_trigger_target_dag.py
[2022-11-09T21:32:03.123-0300] {logging_mixin.py:115} INFO - [2022-11-09T21:32:03.123-0300] {dag.py:2429} INFO - Sync 1 DAGs
[2022-11-09T21:32:03.154-0300] {logging_mixin.py:115} INFO - [2022-11-09T21:32:03.154-0300] {dag.py:2977} INFO - Setting next_dagrun for example_trigger_target_dag to None, run_after=None
[2022-11-09T21:32:03.171-0300] {processor.py:161} INFO - Processing /home/juliana/Área de Trabalho/datapipeline/.env/lib/python3.8/site-packages/airflow/example_dags/example_trigger_target_dag.py took 0.101 seconds
[2022-11-09T21:34:18.794-0300] {processor.py:153} INFO - Started process (PID=2381) to work on /home/juliana/Área de Trabalho/datapipeline/.env/lib/python3.8/site-packages/airflow/example_dags/example_trigger_target_dag.py
[2022-11-09T21:34:18.800-0300] {processor.py:640} INFO - Processing file /home/juliana/Área de Trabalho/datapipeline/.env/lib/python3.8/site-packages/airflow/example_dags/example_trigger_target_dag.py for tasks to queue
[2022-11-09T21:34:18.801-0300] {logging_mixin.py:115} INFO - [2022-11-09T21:34:18.801-0300] {dagbag.py:508} INFO - Filling up the DagBag from /home/juliana/Área de Trabalho/datapipeline/.env/lib/python3.8/site-packages/airflow/example_dags/example_trigger_target_dag.py
[2022-11-09T21:34:18.822-0300] {processor.py:650} INFO - DAG(s) dict_keys(['example_trigger_target_dag']) retrieved from /home/juliana/Área de Trabalho/datapipeline/.env/lib/python3.8/site-packages/airflow/example_dags/example_trigger_target_dag.py
[2022-11-09T21:34:18.843-0300] {logging_mixin.py:115} INFO - [2022-11-09T21:34:18.843-0300] {dag.py:2429} INFO - Sync 1 DAGs
[2022-11-09T21:34:18.858-0300] {logging_mixin.py:115} INFO - [2022-11-09T21:34:18.858-0300] {dag.py:2977} INFO - Setting next_dagrun for example_trigger_target_dag to None, run_after=None
[2022-11-09T21:34:18.874-0300] {processor.py:161} INFO - Processing /home/juliana/Área de Trabalho/datapipeline/.env/lib/python3.8/site-packages/airflow/example_dags/example_trigger_target_dag.py took 0.085 seconds
[2022-11-09T21:34:53.867-0300] {processor.py:153} INFO - Started process (PID=2542) to work on /home/juliana/Área de Trabalho/datapipeline/.env/lib/python3.8/site-packages/airflow/example_dags/example_trigger_target_dag.py
[2022-11-09T21:34:53.869-0300] {processor.py:640} INFO - Processing file /home/juliana/Área de Trabalho/datapipeline/.env/lib/python3.8/site-packages/airflow/example_dags/example_trigger_target_dag.py for tasks to queue
[2022-11-09T21:34:53.870-0300] {logging_mixin.py:115} INFO - [2022-11-09T21:34:53.870-0300] {dagbag.py:508} INFO - Filling up the DagBag from /home/juliana/Área de Trabalho/datapipeline/.env/lib/python3.8/site-packages/airflow/example_dags/example_trigger_target_dag.py
[2022-11-09T21:34:53.894-0300] {processor.py:650} INFO - DAG(s) dict_keys(['example_trigger_target_dag']) retrieved from /home/juliana/Área de Trabalho/datapipeline/.env/lib/python3.8/site-packages/airflow/example_dags/example_trigger_target_dag.py
[2022-11-09T21:34:53.910-0300] {logging_mixin.py:115} INFO - [2022-11-09T21:34:53.910-0300] {dag.py:2429} INFO - Sync 1 DAGs
[2022-11-09T21:34:53.924-0300] {logging_mixin.py:115} INFO - [2022-11-09T21:34:53.924-0300] {dag.py:2977} INFO - Setting next_dagrun for example_trigger_target_dag to None, run_after=None
[2022-11-09T21:34:53.939-0300] {processor.py:161} INFO - Processing /home/juliana/Área de Trabalho/datapipeline/.env/lib/python3.8/site-packages/airflow/example_dags/example_trigger_target_dag.py took 0.075 seconds
