[2022-11-09T21:29:51.547-0300] {processor.py:153} INFO - Started process (PID=1544) to work on /home/juliana/Área de Trabalho/datapipeline/.env/lib/python3.8/site-packages/airflow/example_dags/tutorial.py
[2022-11-09T21:29:51.548-0300] {processor.py:640} INFO - Processing file /home/juliana/Área de Trabalho/datapipeline/.env/lib/python3.8/site-packages/airflow/example_dags/tutorial.py for tasks to queue
[2022-11-09T21:29:51.548-0300] {logging_mixin.py:115} INFO - [2022-11-09T21:29:51.548-0300] {dagbag.py:508} INFO - Filling up the DagBag from /home/juliana/Área de Trabalho/datapipeline/.env/lib/python3.8/site-packages/airflow/example_dags/tutorial.py
[2022-11-09T21:29:51.556-0300] {processor.py:650} INFO - DAG(s) dict_keys(['tutorial']) retrieved from /home/juliana/Área de Trabalho/datapipeline/.env/lib/python3.8/site-packages/airflow/example_dags/tutorial.py
[2022-11-09T21:29:51.572-0300] {logging_mixin.py:115} INFO - [2022-11-09T21:29:51.572-0300] {dag.py:2429} INFO - Sync 1 DAGs
[2022-11-09T21:29:51.590-0300] {logging_mixin.py:115} INFO - [2022-11-09T21:29:51.590-0300] {dag.py:2977} INFO - Setting next_dagrun for tutorial to 2022-11-09T00:29:51.589854+00:00, run_after=2022-11-10T00:29:51.589854+00:00
[2022-11-09T21:29:51.606-0300] {processor.py:161} INFO - Processing /home/juliana/Área de Trabalho/datapipeline/.env/lib/python3.8/site-packages/airflow/example_dags/tutorial.py took 0.063 seconds
[2022-11-09T21:30:26.935-0300] {processor.py:153} INFO - Started process (PID=1862) to work on /home/juliana/Área de Trabalho/datapipeline/.env/lib/python3.8/site-packages/airflow/example_dags/tutorial.py
[2022-11-09T21:30:26.941-0300] {processor.py:640} INFO - Processing file /home/juliana/Área de Trabalho/datapipeline/.env/lib/python3.8/site-packages/airflow/example_dags/tutorial.py for tasks to queue
[2022-11-09T21:30:26.942-0300] {logging_mixin.py:115} INFO - [2022-11-09T21:30:26.942-0300] {dagbag.py:508} INFO - Filling up the DagBag from /home/juliana/Área de Trabalho/datapipeline/.env/lib/python3.8/site-packages/airflow/example_dags/tutorial.py
[2022-11-09T21:30:26.950-0300] {processor.py:650} INFO - DAG(s) dict_keys(['tutorial']) retrieved from /home/juliana/Área de Trabalho/datapipeline/.env/lib/python3.8/site-packages/airflow/example_dags/tutorial.py
[2022-11-09T21:30:26.969-0300] {logging_mixin.py:115} INFO - [2022-11-09T21:30:26.969-0300] {dag.py:2429} INFO - Sync 1 DAGs
[2022-11-09T21:30:26.988-0300] {logging_mixin.py:115} INFO - [2022-11-09T21:30:26.988-0300] {dag.py:2977} INFO - Setting next_dagrun for tutorial to 2022-11-09T00:30:26.987784+00:00, run_after=2022-11-10T00:30:26.987784+00:00
[2022-11-09T21:30:27.010-0300] {processor.py:161} INFO - Processing /home/juliana/Área de Trabalho/datapipeline/.env/lib/python3.8/site-packages/airflow/example_dags/tutorial.py took 0.080 seconds
[2022-11-09T21:31:01.961-0300] {processor.py:153} INFO - Started process (PID=1902) to work on /home/juliana/Área de Trabalho/datapipeline/.env/lib/python3.8/site-packages/airflow/example_dags/tutorial.py
[2022-11-09T21:31:01.963-0300] {processor.py:640} INFO - Processing file /home/juliana/Área de Trabalho/datapipeline/.env/lib/python3.8/site-packages/airflow/example_dags/tutorial.py for tasks to queue
[2022-11-09T21:31:01.964-0300] {logging_mixin.py:115} INFO - [2022-11-09T21:31:01.964-0300] {dagbag.py:508} INFO - Filling up the DagBag from /home/juliana/Área de Trabalho/datapipeline/.env/lib/python3.8/site-packages/airflow/example_dags/tutorial.py
[2022-11-09T21:31:01.972-0300] {processor.py:650} INFO - DAG(s) dict_keys(['tutorial']) retrieved from /home/juliana/Área de Trabalho/datapipeline/.env/lib/python3.8/site-packages/airflow/example_dags/tutorial.py
[2022-11-09T21:31:01.989-0300] {logging_mixin.py:115} INFO - [2022-11-09T21:31:01.989-0300] {dag.py:2429} INFO - Sync 1 DAGs
[2022-11-09T21:31:02.006-0300] {logging_mixin.py:115} INFO - [2022-11-09T21:31:02.006-0300] {dag.py:2977} INFO - Setting next_dagrun for tutorial to 2022-11-09T00:31:02.006348+00:00, run_after=2022-11-10T00:31:02.006348+00:00
[2022-11-09T21:31:02.027-0300] {processor.py:161} INFO - Processing /home/juliana/Área de Trabalho/datapipeline/.env/lib/python3.8/site-packages/airflow/example_dags/tutorial.py took 0.070 seconds
[2022-11-09T21:31:35.093-0300] {processor.py:153} INFO - Started process (PID=1971) to work on /home/juliana/Área de Trabalho/datapipeline/.env/lib/python3.8/site-packages/airflow/example_dags/tutorial.py
[2022-11-09T21:31:35.093-0300] {processor.py:640} INFO - Processing file /home/juliana/Área de Trabalho/datapipeline/.env/lib/python3.8/site-packages/airflow/example_dags/tutorial.py for tasks to queue
[2022-11-09T21:31:35.094-0300] {logging_mixin.py:115} INFO - [2022-11-09T21:31:35.094-0300] {dagbag.py:508} INFO - Filling up the DagBag from /home/juliana/Área de Trabalho/datapipeline/.env/lib/python3.8/site-packages/airflow/example_dags/tutorial.py
[2022-11-09T21:31:35.111-0300] {processor.py:650} INFO - DAG(s) dict_keys(['tutorial']) retrieved from /home/juliana/Área de Trabalho/datapipeline/.env/lib/python3.8/site-packages/airflow/example_dags/tutorial.py
[2022-11-09T21:31:35.150-0300] {logging_mixin.py:115} INFO - [2022-11-09T21:31:35.150-0300] {dag.py:2429} INFO - Sync 1 DAGs
[2022-11-09T21:31:35.186-0300] {logging_mixin.py:115} INFO - [2022-11-09T21:31:35.185-0300] {dag.py:2977} INFO - Setting next_dagrun for tutorial to 2022-11-09T00:31:35.185255+00:00, run_after=2022-11-10T00:31:35.185255+00:00
[2022-11-09T21:31:35.214-0300] {processor.py:161} INFO - Processing /home/juliana/Área de Trabalho/datapipeline/.env/lib/python3.8/site-packages/airflow/example_dags/tutorial.py took 0.128 seconds
[2022-11-09T21:32:09.501-0300] {processor.py:153} INFO - Started process (PID=2035) to work on /home/juliana/Área de Trabalho/datapipeline/.env/lib/python3.8/site-packages/airflow/example_dags/tutorial.py
[2022-11-09T21:32:09.502-0300] {processor.py:640} INFO - Processing file /home/juliana/Área de Trabalho/datapipeline/.env/lib/python3.8/site-packages/airflow/example_dags/tutorial.py for tasks to queue
[2022-11-09T21:32:09.503-0300] {logging_mixin.py:115} INFO - [2022-11-09T21:32:09.503-0300] {dagbag.py:508} INFO - Filling up the DagBag from /home/juliana/Área de Trabalho/datapipeline/.env/lib/python3.8/site-packages/airflow/example_dags/tutorial.py
[2022-11-09T21:32:09.520-0300] {processor.py:650} INFO - DAG(s) dict_keys(['tutorial']) retrieved from /home/juliana/Área de Trabalho/datapipeline/.env/lib/python3.8/site-packages/airflow/example_dags/tutorial.py
[2022-11-09T21:32:09.554-0300] {logging_mixin.py:115} INFO - [2022-11-09T21:32:09.553-0300] {dag.py:2429} INFO - Sync 1 DAGs
[2022-11-09T21:32:09.583-0300] {logging_mixin.py:115} INFO - [2022-11-09T21:32:09.582-0300] {dag.py:2977} INFO - Setting next_dagrun for tutorial to 2022-11-09T00:32:09.582598+00:00, run_after=2022-11-10T00:32:09.582598+00:00
[2022-11-09T21:32:09.601-0300] {processor.py:161} INFO - Processing /home/juliana/Área de Trabalho/datapipeline/.env/lib/python3.8/site-packages/airflow/example_dags/tutorial.py took 0.108 seconds
[2022-11-09T21:34:23.707-0300] {processor.py:153} INFO - Started process (PID=2386) to work on /home/juliana/Área de Trabalho/datapipeline/.env/lib/python3.8/site-packages/airflow/example_dags/tutorial.py
[2022-11-09T21:34:23.714-0300] {processor.py:640} INFO - Processing file /home/juliana/Área de Trabalho/datapipeline/.env/lib/python3.8/site-packages/airflow/example_dags/tutorial.py for tasks to queue
[2022-11-09T21:34:23.715-0300] {logging_mixin.py:115} INFO - [2022-11-09T21:34:23.715-0300] {dagbag.py:508} INFO - Filling up the DagBag from /home/juliana/Área de Trabalho/datapipeline/.env/lib/python3.8/site-packages/airflow/example_dags/tutorial.py
[2022-11-09T21:34:23.723-0300] {processor.py:650} INFO - DAG(s) dict_keys(['tutorial']) retrieved from /home/juliana/Área de Trabalho/datapipeline/.env/lib/python3.8/site-packages/airflow/example_dags/tutorial.py
[2022-11-09T21:34:23.749-0300] {logging_mixin.py:115} INFO - [2022-11-09T21:34:23.748-0300] {dag.py:2429} INFO - Sync 1 DAGs
[2022-11-09T21:34:23.766-0300] {logging_mixin.py:115} INFO - [2022-11-09T21:34:23.766-0300] {dag.py:2977} INFO - Setting next_dagrun for tutorial to 2022-11-09T00:34:23.766274+00:00, run_after=2022-11-10T00:34:23.766274+00:00
[2022-11-09T21:34:23.782-0300] {processor.py:161} INFO - Processing /home/juliana/Área de Trabalho/datapipeline/.env/lib/python3.8/site-packages/airflow/example_dags/tutorial.py took 0.081 seconds
[2022-11-09T21:34:59.031-0300] {processor.py:153} INFO - Started process (PID=2547) to work on /home/juliana/Área de Trabalho/datapipeline/.env/lib/python3.8/site-packages/airflow/example_dags/tutorial.py
[2022-11-09T21:34:59.032-0300] {processor.py:640} INFO - Processing file /home/juliana/Área de Trabalho/datapipeline/.env/lib/python3.8/site-packages/airflow/example_dags/tutorial.py for tasks to queue
[2022-11-09T21:34:59.033-0300] {logging_mixin.py:115} INFO - [2022-11-09T21:34:59.033-0300] {dagbag.py:508} INFO - Filling up the DagBag from /home/juliana/Área de Trabalho/datapipeline/.env/lib/python3.8/site-packages/airflow/example_dags/tutorial.py
[2022-11-09T21:34:59.043-0300] {processor.py:650} INFO - DAG(s) dict_keys(['tutorial']) retrieved from /home/juliana/Área de Trabalho/datapipeline/.env/lib/python3.8/site-packages/airflow/example_dags/tutorial.py
[2022-11-09T21:34:59.059-0300] {logging_mixin.py:115} INFO - [2022-11-09T21:34:59.059-0300] {dag.py:2429} INFO - Sync 1 DAGs
[2022-11-09T21:34:59.076-0300] {logging_mixin.py:115} INFO - [2022-11-09T21:34:59.075-0300] {dag.py:2977} INFO - Setting next_dagrun for tutorial to 2022-11-09T00:34:59.075755+00:00, run_after=2022-11-10T00:34:59.075755+00:00
[2022-11-09T21:34:59.096-0300] {processor.py:161} INFO - Processing /home/juliana/Área de Trabalho/datapipeline/.env/lib/python3.8/site-packages/airflow/example_dags/tutorial.py took 0.071 seconds
