[2022-11-09T21:30:07.357-0300] {processor.py:153} INFO - Started process (PID=1761) to work on /home/juliana/Área de Trabalho/datapipeline/.env/lib/python3.8/site-packages/airflow/example_dags/tutorial_etl_dag.py
[2022-11-09T21:30:07.358-0300] {processor.py:640} INFO - Processing file /home/juliana/Área de Trabalho/datapipeline/.env/lib/python3.8/site-packages/airflow/example_dags/tutorial_etl_dag.py for tasks to queue
[2022-11-09T21:30:07.358-0300] {logging_mixin.py:115} INFO - [2022-11-09T21:30:07.358-0300] {dagbag.py:508} INFO - Filling up the DagBag from /home/juliana/Área de Trabalho/datapipeline/.env/lib/python3.8/site-packages/airflow/example_dags/tutorial_etl_dag.py
[2022-11-09T21:30:07.374-0300] {processor.py:650} INFO - DAG(s) dict_keys(['tutorial_etl_dag']) retrieved from /home/juliana/Área de Trabalho/datapipeline/.env/lib/python3.8/site-packages/airflow/example_dags/tutorial_etl_dag.py
[2022-11-09T21:30:07.399-0300] {logging_mixin.py:115} INFO - [2022-11-09T21:30:07.399-0300] {dag.py:2429} INFO - Sync 1 DAGs
[2022-11-09T21:30:07.437-0300] {logging_mixin.py:115} INFO - [2022-11-09T21:30:07.437-0300] {dag.py:2977} INFO - Setting next_dagrun for tutorial_etl_dag to None, run_after=None
[2022-11-09T21:30:07.459-0300] {processor.py:161} INFO - Processing /home/juliana/Área de Trabalho/datapipeline/.env/lib/python3.8/site-packages/airflow/example_dags/tutorial_etl_dag.py took 0.111 seconds
[2022-11-09T21:30:42.364-0300] {processor.py:153} INFO - Started process (PID=1881) to work on /home/juliana/Área de Trabalho/datapipeline/.env/lib/python3.8/site-packages/airflow/example_dags/tutorial_etl_dag.py
[2022-11-09T21:30:42.365-0300] {processor.py:640} INFO - Processing file /home/juliana/Área de Trabalho/datapipeline/.env/lib/python3.8/site-packages/airflow/example_dags/tutorial_etl_dag.py for tasks to queue
[2022-11-09T21:30:42.366-0300] {logging_mixin.py:115} INFO - [2022-11-09T21:30:42.366-0300] {dagbag.py:508} INFO - Filling up the DagBag from /home/juliana/Área de Trabalho/datapipeline/.env/lib/python3.8/site-packages/airflow/example_dags/tutorial_etl_dag.py
[2022-11-09T21:30:42.376-0300] {processor.py:650} INFO - DAG(s) dict_keys(['tutorial_etl_dag']) retrieved from /home/juliana/Área de Trabalho/datapipeline/.env/lib/python3.8/site-packages/airflow/example_dags/tutorial_etl_dag.py
[2022-11-09T21:30:42.397-0300] {logging_mixin.py:115} INFO - [2022-11-09T21:30:42.397-0300] {dag.py:2429} INFO - Sync 1 DAGs
[2022-11-09T21:30:42.416-0300] {logging_mixin.py:115} INFO - [2022-11-09T21:30:42.416-0300] {dag.py:2977} INFO - Setting next_dagrun for tutorial_etl_dag to None, run_after=None
[2022-11-09T21:30:42.432-0300] {processor.py:161} INFO - Processing /home/juliana/Área de Trabalho/datapipeline/.env/lib/python3.8/site-packages/airflow/example_dags/tutorial_etl_dag.py took 0.073 seconds
[2022-11-09T21:31:15.927-0300] {processor.py:153} INFO - Started process (PID=1930) to work on /home/juliana/Área de Trabalho/datapipeline/.env/lib/python3.8/site-packages/airflow/example_dags/tutorial_etl_dag.py
[2022-11-09T21:31:15.928-0300] {processor.py:640} INFO - Processing file /home/juliana/Área de Trabalho/datapipeline/.env/lib/python3.8/site-packages/airflow/example_dags/tutorial_etl_dag.py for tasks to queue
[2022-11-09T21:31:15.929-0300] {logging_mixin.py:115} INFO - [2022-11-09T21:31:15.929-0300] {dagbag.py:508} INFO - Filling up the DagBag from /home/juliana/Área de Trabalho/datapipeline/.env/lib/python3.8/site-packages/airflow/example_dags/tutorial_etl_dag.py
[2022-11-09T21:31:15.935-0300] {processor.py:650} INFO - DAG(s) dict_keys(['tutorial_etl_dag']) retrieved from /home/juliana/Área de Trabalho/datapipeline/.env/lib/python3.8/site-packages/airflow/example_dags/tutorial_etl_dag.py
[2022-11-09T21:31:15.950-0300] {logging_mixin.py:115} INFO - [2022-11-09T21:31:15.950-0300] {dag.py:2429} INFO - Sync 1 DAGs
[2022-11-09T21:31:15.968-0300] {logging_mixin.py:115} INFO - [2022-11-09T21:31:15.968-0300] {dag.py:2977} INFO - Setting next_dagrun for tutorial_etl_dag to None, run_after=None
[2022-11-09T21:31:15.984-0300] {processor.py:161} INFO - Processing /home/juliana/Área de Trabalho/datapipeline/.env/lib/python3.8/site-packages/airflow/example_dags/tutorial_etl_dag.py took 0.059 seconds
[2022-11-09T21:31:51.327-0300] {processor.py:153} INFO - Started process (PID=2000) to work on /home/juliana/Área de Trabalho/datapipeline/.env/lib/python3.8/site-packages/airflow/example_dags/tutorial_etl_dag.py
[2022-11-09T21:31:51.328-0300] {processor.py:640} INFO - Processing file /home/juliana/Área de Trabalho/datapipeline/.env/lib/python3.8/site-packages/airflow/example_dags/tutorial_etl_dag.py for tasks to queue
[2022-11-09T21:31:51.329-0300] {logging_mixin.py:115} INFO - [2022-11-09T21:31:51.329-0300] {dagbag.py:508} INFO - Filling up the DagBag from /home/juliana/Área de Trabalho/datapipeline/.env/lib/python3.8/site-packages/airflow/example_dags/tutorial_etl_dag.py
[2022-11-09T21:31:51.335-0300] {processor.py:650} INFO - DAG(s) dict_keys(['tutorial_etl_dag']) retrieved from /home/juliana/Área de Trabalho/datapipeline/.env/lib/python3.8/site-packages/airflow/example_dags/tutorial_etl_dag.py
[2022-11-09T21:31:51.348-0300] {logging_mixin.py:115} INFO - [2022-11-09T21:31:51.348-0300] {dag.py:2429} INFO - Sync 1 DAGs
[2022-11-09T21:31:51.366-0300] {logging_mixin.py:115} INFO - [2022-11-09T21:31:51.365-0300] {dag.py:2977} INFO - Setting next_dagrun for tutorial_etl_dag to None, run_after=None
[2022-11-09T21:31:51.379-0300] {processor.py:161} INFO - Processing /home/juliana/Área de Trabalho/datapipeline/.env/lib/python3.8/site-packages/airflow/example_dags/tutorial_etl_dag.py took 0.054 seconds
[2022-11-09T21:34:40.756-0300] {processor.py:153} INFO - Started process (PID=2526) to work on /home/juliana/Área de Trabalho/datapipeline/.env/lib/python3.8/site-packages/airflow/example_dags/tutorial_etl_dag.py
[2022-11-09T21:34:40.757-0300] {processor.py:640} INFO - Processing file /home/juliana/Área de Trabalho/datapipeline/.env/lib/python3.8/site-packages/airflow/example_dags/tutorial_etl_dag.py for tasks to queue
[2022-11-09T21:34:40.758-0300] {logging_mixin.py:115} INFO - [2022-11-09T21:34:40.758-0300] {dagbag.py:508} INFO - Filling up the DagBag from /home/juliana/Área de Trabalho/datapipeline/.env/lib/python3.8/site-packages/airflow/example_dags/tutorial_etl_dag.py
[2022-11-09T21:34:40.766-0300] {processor.py:650} INFO - DAG(s) dict_keys(['tutorial_etl_dag']) retrieved from /home/juliana/Área de Trabalho/datapipeline/.env/lib/python3.8/site-packages/airflow/example_dags/tutorial_etl_dag.py
[2022-11-09T21:34:40.780-0300] {logging_mixin.py:115} INFO - [2022-11-09T21:34:40.780-0300] {dag.py:2429} INFO - Sync 1 DAGs
[2022-11-09T21:34:40.799-0300] {logging_mixin.py:115} INFO - [2022-11-09T21:34:40.799-0300] {dag.py:2977} INFO - Setting next_dagrun for tutorial_etl_dag to None, run_after=None
[2022-11-09T21:34:40.812-0300] {processor.py:161} INFO - Processing /home/juliana/Área de Trabalho/datapipeline/.env/lib/python3.8/site-packages/airflow/example_dags/tutorial_etl_dag.py took 0.060 seconds
