[2022-11-09T21:29:46.628-0300] {processor.py:153} INFO - Started process (PID=1530) to work on /home/juliana/Área de Trabalho/datapipeline/.env/lib/python3.8/site-packages/airflow/example_dags/tutorial_taskflow_api_etl.py
[2022-11-09T21:29:46.629-0300] {processor.py:640} INFO - Processing file /home/juliana/Área de Trabalho/datapipeline/.env/lib/python3.8/site-packages/airflow/example_dags/tutorial_taskflow_api_etl.py for tasks to queue
[2022-11-09T21:29:46.630-0300] {logging_mixin.py:115} INFO - [2022-11-09T21:29:46.630-0300] {dagbag.py:508} INFO - Filling up the DagBag from /home/juliana/Área de Trabalho/datapipeline/.env/lib/python3.8/site-packages/airflow/example_dags/tutorial_taskflow_api_etl.py
[2022-11-09T21:29:46.650-0300] {processor.py:650} INFO - DAG(s) dict_keys(['tutorial_taskflow_api_etl']) retrieved from /home/juliana/Área de Trabalho/datapipeline/.env/lib/python3.8/site-packages/airflow/example_dags/tutorial_taskflow_api_etl.py
[2022-11-09T21:29:46.687-0300] {logging_mixin.py:115} INFO - [2022-11-09T21:29:46.687-0300] {dag.py:2429} INFO - Sync 1 DAGs
[2022-11-09T21:29:46.698-0300] {logging_mixin.py:115} INFO - [2022-11-09T21:29:46.698-0300] {dag.py:2977} INFO - Setting next_dagrun for tutorial_taskflow_api_etl to None, run_after=None
[2022-11-09T21:29:46.717-0300] {processor.py:161} INFO - Processing /home/juliana/Área de Trabalho/datapipeline/.env/lib/python3.8/site-packages/airflow/example_dags/tutorial_taskflow_api_etl.py took 0.095 seconds
[2022-11-09T21:30:22.792-0300] {processor.py:153} INFO - Started process (PID=1858) to work on /home/juliana/Área de Trabalho/datapipeline/.env/lib/python3.8/site-packages/airflow/example_dags/tutorial_taskflow_api_etl.py
[2022-11-09T21:30:22.797-0300] {processor.py:640} INFO - Processing file /home/juliana/Área de Trabalho/datapipeline/.env/lib/python3.8/site-packages/airflow/example_dags/tutorial_taskflow_api_etl.py for tasks to queue
[2022-11-09T21:30:22.799-0300] {logging_mixin.py:115} INFO - [2022-11-09T21:30:22.798-0300] {dagbag.py:508} INFO - Filling up the DagBag from /home/juliana/Área de Trabalho/datapipeline/.env/lib/python3.8/site-packages/airflow/example_dags/tutorial_taskflow_api_etl.py
[2022-11-09T21:30:22.817-0300] {processor.py:650} INFO - DAG(s) dict_keys(['tutorial_taskflow_api_etl']) retrieved from /home/juliana/Área de Trabalho/datapipeline/.env/lib/python3.8/site-packages/airflow/example_dags/tutorial_taskflow_api_etl.py
[2022-11-09T21:30:22.854-0300] {logging_mixin.py:115} INFO - [2022-11-09T21:30:22.854-0300] {dag.py:2429} INFO - Sync 1 DAGs
[2022-11-09T21:30:22.868-0300] {logging_mixin.py:115} INFO - [2022-11-09T21:30:22.867-0300] {dag.py:2977} INFO - Setting next_dagrun for tutorial_taskflow_api_etl to None, run_after=None
[2022-11-09T21:30:22.894-0300] {processor.py:161} INFO - Processing /home/juliana/Área de Trabalho/datapipeline/.env/lib/python3.8/site-packages/airflow/example_dags/tutorial_taskflow_api_etl.py took 0.120 seconds
[2022-11-09T21:30:57.941-0300] {processor.py:153} INFO - Started process (PID=1898) to work on /home/juliana/Área de Trabalho/datapipeline/.env/lib/python3.8/site-packages/airflow/example_dags/tutorial_taskflow_api_etl.py
[2022-11-09T21:30:57.942-0300] {processor.py:640} INFO - Processing file /home/juliana/Área de Trabalho/datapipeline/.env/lib/python3.8/site-packages/airflow/example_dags/tutorial_taskflow_api_etl.py for tasks to queue
[2022-11-09T21:30:57.943-0300] {logging_mixin.py:115} INFO - [2022-11-09T21:30:57.943-0300] {dagbag.py:508} INFO - Filling up the DagBag from /home/juliana/Área de Trabalho/datapipeline/.env/lib/python3.8/site-packages/airflow/example_dags/tutorial_taskflow_api_etl.py
[2022-11-09T21:30:57.968-0300] {processor.py:650} INFO - DAG(s) dict_keys(['tutorial_taskflow_api_etl']) retrieved from /home/juliana/Área de Trabalho/datapipeline/.env/lib/python3.8/site-packages/airflow/example_dags/tutorial_taskflow_api_etl.py
[2022-11-09T21:30:58.009-0300] {logging_mixin.py:115} INFO - [2022-11-09T21:30:58.008-0300] {dag.py:2429} INFO - Sync 1 DAGs
[2022-11-09T21:30:58.020-0300] {logging_mixin.py:115} INFO - [2022-11-09T21:30:58.020-0300] {dag.py:2977} INFO - Setting next_dagrun for tutorial_taskflow_api_etl to None, run_after=None
[2022-11-09T21:30:58.036-0300] {processor.py:161} INFO - Processing /home/juliana/Área de Trabalho/datapipeline/.env/lib/python3.8/site-packages/airflow/example_dags/tutorial_taskflow_api_etl.py took 0.100 seconds
[2022-11-09T21:31:31.656-0300] {processor.py:153} INFO - Started process (PID=1967) to work on /home/juliana/Área de Trabalho/datapipeline/.env/lib/python3.8/site-packages/airflow/example_dags/tutorial_taskflow_api_etl.py
[2022-11-09T21:31:31.657-0300] {processor.py:640} INFO - Processing file /home/juliana/Área de Trabalho/datapipeline/.env/lib/python3.8/site-packages/airflow/example_dags/tutorial_taskflow_api_etl.py for tasks to queue
[2022-11-09T21:31:31.658-0300] {logging_mixin.py:115} INFO - [2022-11-09T21:31:31.658-0300] {dagbag.py:508} INFO - Filling up the DagBag from /home/juliana/Área de Trabalho/datapipeline/.env/lib/python3.8/site-packages/airflow/example_dags/tutorial_taskflow_api_etl.py
[2022-11-09T21:31:31.676-0300] {processor.py:650} INFO - DAG(s) dict_keys(['tutorial_taskflow_api_etl']) retrieved from /home/juliana/Área de Trabalho/datapipeline/.env/lib/python3.8/site-packages/airflow/example_dags/tutorial_taskflow_api_etl.py
[2022-11-09T21:31:31.693-0300] {logging_mixin.py:115} INFO - [2022-11-09T21:31:31.693-0300] {dag.py:2429} INFO - Sync 1 DAGs
[2022-11-09T21:31:31.706-0300] {logging_mixin.py:115} INFO - [2022-11-09T21:31:31.706-0300] {dag.py:2977} INFO - Setting next_dagrun for tutorial_taskflow_api_etl to None, run_after=None
[2022-11-09T21:31:31.726-0300] {processor.py:161} INFO - Processing /home/juliana/Área de Trabalho/datapipeline/.env/lib/python3.8/site-packages/airflow/example_dags/tutorial_taskflow_api_etl.py took 0.073 seconds
[2022-11-09T21:32:04.345-0300] {processor.py:153} INFO - Started process (PID=2029) to work on /home/juliana/Área de Trabalho/datapipeline/.env/lib/python3.8/site-packages/airflow/example_dags/tutorial_taskflow_api_etl.py
[2022-11-09T21:32:04.346-0300] {processor.py:640} INFO - Processing file /home/juliana/Área de Trabalho/datapipeline/.env/lib/python3.8/site-packages/airflow/example_dags/tutorial_taskflow_api_etl.py for tasks to queue
[2022-11-09T21:32:04.348-0300] {logging_mixin.py:115} INFO - [2022-11-09T21:32:04.347-0300] {dagbag.py:508} INFO - Filling up the DagBag from /home/juliana/Área de Trabalho/datapipeline/.env/lib/python3.8/site-packages/airflow/example_dags/tutorial_taskflow_api_etl.py
[2022-11-09T21:32:04.367-0300] {processor.py:650} INFO - DAG(s) dict_keys(['tutorial_taskflow_api_etl']) retrieved from /home/juliana/Área de Trabalho/datapipeline/.env/lib/python3.8/site-packages/airflow/example_dags/tutorial_taskflow_api_etl.py
[2022-11-09T21:32:04.417-0300] {logging_mixin.py:115} INFO - [2022-11-09T21:32:04.417-0300] {dag.py:2429} INFO - Sync 1 DAGs
[2022-11-09T21:32:04.431-0300] {logging_mixin.py:115} INFO - [2022-11-09T21:32:04.431-0300] {dag.py:2977} INFO - Setting next_dagrun for tutorial_taskflow_api_etl to None, run_after=None
[2022-11-09T21:32:04.445-0300] {processor.py:161} INFO - Processing /home/juliana/Área de Trabalho/datapipeline/.env/lib/python3.8/site-packages/airflow/example_dags/tutorial_taskflow_api_etl.py took 0.105 seconds
[2022-11-09T21:34:19.936-0300] {processor.py:153} INFO - Started process (PID=2382) to work on /home/juliana/Área de Trabalho/datapipeline/.env/lib/python3.8/site-packages/airflow/example_dags/tutorial_taskflow_api_etl.py
[2022-11-09T21:34:19.943-0300] {processor.py:640} INFO - Processing file /home/juliana/Área de Trabalho/datapipeline/.env/lib/python3.8/site-packages/airflow/example_dags/tutorial_taskflow_api_etl.py for tasks to queue
[2022-11-09T21:34:19.944-0300] {logging_mixin.py:115} INFO - [2022-11-09T21:34:19.943-0300] {dagbag.py:508} INFO - Filling up the DagBag from /home/juliana/Área de Trabalho/datapipeline/.env/lib/python3.8/site-packages/airflow/example_dags/tutorial_taskflow_api_etl.py
[2022-11-09T21:34:19.965-0300] {processor.py:650} INFO - DAG(s) dict_keys(['tutorial_taskflow_api_etl']) retrieved from /home/juliana/Área de Trabalho/datapipeline/.env/lib/python3.8/site-packages/airflow/example_dags/tutorial_taskflow_api_etl.py
[2022-11-09T21:34:20.002-0300] {logging_mixin.py:115} INFO - [2022-11-09T21:34:20.002-0300] {dag.py:2429} INFO - Sync 1 DAGs
[2022-11-09T21:34:20.014-0300] {logging_mixin.py:115} INFO - [2022-11-09T21:34:20.013-0300] {dag.py:2977} INFO - Setting next_dagrun for tutorial_taskflow_api_etl to None, run_after=None
[2022-11-09T21:34:20.030-0300] {processor.py:161} INFO - Processing /home/juliana/Área de Trabalho/datapipeline/.env/lib/python3.8/site-packages/airflow/example_dags/tutorial_taskflow_api_etl.py took 0.099 seconds
[2022-11-09T21:34:54.999-0300] {processor.py:153} INFO - Started process (PID=2543) to work on /home/juliana/Área de Trabalho/datapipeline/.env/lib/python3.8/site-packages/airflow/example_dags/tutorial_taskflow_api_etl.py
[2022-11-09T21:34:55.000-0300] {processor.py:640} INFO - Processing file /home/juliana/Área de Trabalho/datapipeline/.env/lib/python3.8/site-packages/airflow/example_dags/tutorial_taskflow_api_etl.py for tasks to queue
[2022-11-09T21:34:55.001-0300] {logging_mixin.py:115} INFO - [2022-11-09T21:34:55.000-0300] {dagbag.py:508} INFO - Filling up the DagBag from /home/juliana/Área de Trabalho/datapipeline/.env/lib/python3.8/site-packages/airflow/example_dags/tutorial_taskflow_api_etl.py
[2022-11-09T21:34:55.018-0300] {processor.py:650} INFO - DAG(s) dict_keys(['tutorial_taskflow_api_etl']) retrieved from /home/juliana/Área de Trabalho/datapipeline/.env/lib/python3.8/site-packages/airflow/example_dags/tutorial_taskflow_api_etl.py
[2022-11-09T21:34:55.055-0300] {logging_mixin.py:115} INFO - [2022-11-09T21:34:55.055-0300] {dag.py:2429} INFO - Sync 1 DAGs
[2022-11-09T21:34:55.067-0300] {logging_mixin.py:115} INFO - [2022-11-09T21:34:55.067-0300] {dag.py:2977} INFO - Setting next_dagrun for tutorial_taskflow_api_etl to None, run_after=None
[2022-11-09T21:34:55.095-0300] {processor.py:161} INFO - Processing /home/juliana/Área de Trabalho/datapipeline/.env/lib/python3.8/site-packages/airflow/example_dags/tutorial_taskflow_api_etl.py took 0.101 seconds
