[2022-09-14T21:00:08.588-0300] {processor.py:153} INFO - Started process (PID=19972) to work on /home/juliana/Área de Trabalho/datapipeline/.env/lib/python3.8/site-packages/airflow/example_dags/example_trigger_controller_dag.py
[2022-09-14T21:00:08.589-0300] {processor.py:640} INFO - Processing file /home/juliana/Área de Trabalho/datapipeline/.env/lib/python3.8/site-packages/airflow/example_dags/example_trigger_controller_dag.py for tasks to queue
[2022-09-14T21:00:08.594-0300] {logging_mixin.py:115} INFO - [2022-09-14T21:00:08.594-0300] {dagbag.py:508} INFO - Filling up the DagBag from /home/juliana/Área de Trabalho/datapipeline/.env/lib/python3.8/site-packages/airflow/example_dags/example_trigger_controller_dag.py
[2022-09-14T21:00:08.599-0300] {processor.py:650} INFO - DAG(s) dict_keys(['example_trigger_controller_dag']) retrieved from /home/juliana/Área de Trabalho/datapipeline/.env/lib/python3.8/site-packages/airflow/example_dags/example_trigger_controller_dag.py
[2022-09-14T21:00:08.617-0300] {logging_mixin.py:115} INFO - [2022-09-14T21:00:08.617-0300] {dag.py:2429} INFO - Sync 1 DAGs
[2022-09-14T21:00:08.638-0300] {logging_mixin.py:115} INFO - [2022-09-14T21:00:08.638-0300] {dag.py:2977} INFO - Setting next_dagrun for example_trigger_controller_dag to 2021-01-01T00:00:00+00:00, run_after=2021-01-01T00:00:00+00:00
[2022-09-14T21:00:08.654-0300] {processor.py:161} INFO - Processing /home/juliana/Área de Trabalho/datapipeline/.env/lib/python3.8/site-packages/airflow/example_dags/example_trigger_controller_dag.py took 0.094 seconds
[2022-09-14T21:00:41.609-0300] {processor.py:153} INFO - Started process (PID=20007) to work on /home/juliana/Área de Trabalho/datapipeline/.env/lib/python3.8/site-packages/airflow/example_dags/example_trigger_controller_dag.py
[2022-09-14T21:00:41.610-0300] {processor.py:640} INFO - Processing file /home/juliana/Área de Trabalho/datapipeline/.env/lib/python3.8/site-packages/airflow/example_dags/example_trigger_controller_dag.py for tasks to queue
[2022-09-14T21:00:41.612-0300] {logging_mixin.py:115} INFO - [2022-09-14T21:00:41.612-0300] {dagbag.py:508} INFO - Filling up the DagBag from /home/juliana/Área de Trabalho/datapipeline/.env/lib/python3.8/site-packages/airflow/example_dags/example_trigger_controller_dag.py
[2022-09-14T21:00:41.617-0300] {processor.py:650} INFO - DAG(s) dict_keys(['example_trigger_controller_dag']) retrieved from /home/juliana/Área de Trabalho/datapipeline/.env/lib/python3.8/site-packages/airflow/example_dags/example_trigger_controller_dag.py
[2022-09-14T21:00:41.637-0300] {logging_mixin.py:115} INFO - [2022-09-14T21:00:41.636-0300] {dag.py:2429} INFO - Sync 1 DAGs
[2022-09-14T21:00:41.654-0300] {logging_mixin.py:115} INFO - [2022-09-14T21:00:41.653-0300] {dag.py:2977} INFO - Setting next_dagrun for example_trigger_controller_dag to 2021-01-01T00:00:00+00:00, run_after=2021-01-01T00:00:00+00:00
[2022-09-14T21:00:41.675-0300] {processor.py:161} INFO - Processing /home/juliana/Área de Trabalho/datapipeline/.env/lib/python3.8/site-packages/airflow/example_dags/example_trigger_controller_dag.py took 0.073 seconds
[2022-09-14T21:01:14.471-0300] {processor.py:153} INFO - Started process (PID=20040) to work on /home/juliana/Área de Trabalho/datapipeline/.env/lib/python3.8/site-packages/airflow/example_dags/example_trigger_controller_dag.py
[2022-09-14T21:01:14.472-0300] {processor.py:640} INFO - Processing file /home/juliana/Área de Trabalho/datapipeline/.env/lib/python3.8/site-packages/airflow/example_dags/example_trigger_controller_dag.py for tasks to queue
[2022-09-14T21:01:14.473-0300] {logging_mixin.py:115} INFO - [2022-09-14T21:01:14.473-0300] {dagbag.py:508} INFO - Filling up the DagBag from /home/juliana/Área de Trabalho/datapipeline/.env/lib/python3.8/site-packages/airflow/example_dags/example_trigger_controller_dag.py
[2022-09-14T21:01:14.478-0300] {processor.py:650} INFO - DAG(s) dict_keys(['example_trigger_controller_dag']) retrieved from /home/juliana/Área de Trabalho/datapipeline/.env/lib/python3.8/site-packages/airflow/example_dags/example_trigger_controller_dag.py
[2022-09-14T21:01:14.496-0300] {logging_mixin.py:115} INFO - [2022-09-14T21:01:14.496-0300] {dag.py:2429} INFO - Sync 1 DAGs
[2022-09-14T21:01:14.513-0300] {logging_mixin.py:115} INFO - [2022-09-14T21:01:14.513-0300] {dag.py:2977} INFO - Setting next_dagrun for example_trigger_controller_dag to 2021-01-01T00:00:00+00:00, run_after=2021-01-01T00:00:00+00:00
[2022-09-14T21:01:14.533-0300] {processor.py:161} INFO - Processing /home/juliana/Área de Trabalho/datapipeline/.env/lib/python3.8/site-packages/airflow/example_dags/example_trigger_controller_dag.py took 0.066 seconds
[2022-09-14T21:01:49.571-0300] {processor.py:153} INFO - Started process (PID=20076) to work on /home/juliana/Área de Trabalho/datapipeline/.env/lib/python3.8/site-packages/airflow/example_dags/example_trigger_controller_dag.py
[2022-09-14T21:01:49.572-0300] {processor.py:640} INFO - Processing file /home/juliana/Área de Trabalho/datapipeline/.env/lib/python3.8/site-packages/airflow/example_dags/example_trigger_controller_dag.py for tasks to queue
[2022-09-14T21:01:49.573-0300] {logging_mixin.py:115} INFO - [2022-09-14T21:01:49.573-0300] {dagbag.py:508} INFO - Filling up the DagBag from /home/juliana/Área de Trabalho/datapipeline/.env/lib/python3.8/site-packages/airflow/example_dags/example_trigger_controller_dag.py
[2022-09-14T21:01:49.579-0300] {processor.py:650} INFO - DAG(s) dict_keys(['example_trigger_controller_dag']) retrieved from /home/juliana/Área de Trabalho/datapipeline/.env/lib/python3.8/site-packages/airflow/example_dags/example_trigger_controller_dag.py
[2022-09-14T21:01:49.600-0300] {logging_mixin.py:115} INFO - [2022-09-14T21:01:49.600-0300] {dag.py:2429} INFO - Sync 1 DAGs
[2022-09-14T21:01:49.618-0300] {logging_mixin.py:115} INFO - [2022-09-14T21:01:49.618-0300] {dag.py:2977} INFO - Setting next_dagrun for example_trigger_controller_dag to 2021-01-01T00:00:00+00:00, run_after=2021-01-01T00:00:00+00:00
[2022-09-14T21:01:49.634-0300] {processor.py:161} INFO - Processing /home/juliana/Área de Trabalho/datapipeline/.env/lib/python3.8/site-packages/airflow/example_dags/example_trigger_controller_dag.py took 0.069 seconds
[2022-09-14T21:02:23.389-0300] {processor.py:153} INFO - Started process (PID=20130) to work on /home/juliana/Área de Trabalho/datapipeline/.env/lib/python3.8/site-packages/airflow/example_dags/example_trigger_controller_dag.py
[2022-09-14T21:02:23.391-0300] {processor.py:640} INFO - Processing file /home/juliana/Área de Trabalho/datapipeline/.env/lib/python3.8/site-packages/airflow/example_dags/example_trigger_controller_dag.py for tasks to queue
[2022-09-14T21:02:23.391-0300] {logging_mixin.py:115} INFO - [2022-09-14T21:02:23.391-0300] {dagbag.py:508} INFO - Filling up the DagBag from /home/juliana/Área de Trabalho/datapipeline/.env/lib/python3.8/site-packages/airflow/example_dags/example_trigger_controller_dag.py
[2022-09-14T21:02:23.396-0300] {processor.py:650} INFO - DAG(s) dict_keys(['example_trigger_controller_dag']) retrieved from /home/juliana/Área de Trabalho/datapipeline/.env/lib/python3.8/site-packages/airflow/example_dags/example_trigger_controller_dag.py
[2022-09-14T21:02:23.427-0300] {logging_mixin.py:115} INFO - [2022-09-14T21:02:23.426-0300] {dag.py:2429} INFO - Sync 1 DAGs
[2022-09-14T21:02:23.463-0300] {logging_mixin.py:115} INFO - [2022-09-14T21:02:23.462-0300] {dag.py:2977} INFO - Setting next_dagrun for example_trigger_controller_dag to 2021-01-01T00:00:00+00:00, run_after=2021-01-01T00:00:00+00:00
[2022-09-14T21:02:23.488-0300] {processor.py:161} INFO - Processing /home/juliana/Área de Trabalho/datapipeline/.env/lib/python3.8/site-packages/airflow/example_dags/example_trigger_controller_dag.py took 0.102 seconds
[2022-09-14T21:03:12.507-0300] {processor.py:153} INFO - Started process (PID=20178) to work on /home/juliana/Área de Trabalho/datapipeline/.env/lib/python3.8/site-packages/airflow/example_dags/example_trigger_controller_dag.py
[2022-09-14T21:03:12.510-0300] {processor.py:640} INFO - Processing file /home/juliana/Área de Trabalho/datapipeline/.env/lib/python3.8/site-packages/airflow/example_dags/example_trigger_controller_dag.py for tasks to queue
[2022-09-14T21:03:12.511-0300] {logging_mixin.py:115} INFO - [2022-09-14T21:03:12.511-0300] {dagbag.py:508} INFO - Filling up the DagBag from /home/juliana/Área de Trabalho/datapipeline/.env/lib/python3.8/site-packages/airflow/example_dags/example_trigger_controller_dag.py
[2022-09-14T21:03:12.544-0300] {processor.py:650} INFO - DAG(s) dict_keys(['example_trigger_controller_dag']) retrieved from /home/juliana/Área de Trabalho/datapipeline/.env/lib/python3.8/site-packages/airflow/example_dags/example_trigger_controller_dag.py
[2022-09-14T21:03:12.591-0300] {logging_mixin.py:115} INFO - [2022-09-14T21:03:12.591-0300] {dag.py:2429} INFO - Sync 1 DAGs
[2022-09-14T21:03:12.620-0300] {logging_mixin.py:115} INFO - [2022-09-14T21:03:12.619-0300] {dag.py:2977} INFO - Setting next_dagrun for example_trigger_controller_dag to 2021-01-01T00:00:00+00:00, run_after=2021-01-01T00:00:00+00:00
[2022-09-14T21:03:12.638-0300] {processor.py:161} INFO - Processing /home/juliana/Área de Trabalho/datapipeline/.env/lib/python3.8/site-packages/airflow/example_dags/example_trigger_controller_dag.py took 0.136 seconds
[2022-09-14T21:03:49.661-0300] {processor.py:153} INFO - Started process (PID=20212) to work on /home/juliana/Área de Trabalho/datapipeline/.env/lib/python3.8/site-packages/airflow/example_dags/example_trigger_controller_dag.py
[2022-09-14T21:03:49.663-0300] {processor.py:640} INFO - Processing file /home/juliana/Área de Trabalho/datapipeline/.env/lib/python3.8/site-packages/airflow/example_dags/example_trigger_controller_dag.py for tasks to queue
[2022-09-14T21:03:49.664-0300] {logging_mixin.py:115} INFO - [2022-09-14T21:03:49.664-0300] {dagbag.py:508} INFO - Filling up the DagBag from /home/juliana/Área de Trabalho/datapipeline/.env/lib/python3.8/site-packages/airflow/example_dags/example_trigger_controller_dag.py
[2022-09-14T21:03:49.674-0300] {processor.py:650} INFO - DAG(s) dict_keys(['example_trigger_controller_dag']) retrieved from /home/juliana/Área de Trabalho/datapipeline/.env/lib/python3.8/site-packages/airflow/example_dags/example_trigger_controller_dag.py
[2022-09-14T21:03:49.702-0300] {logging_mixin.py:115} INFO - [2022-09-14T21:03:49.702-0300] {dag.py:2429} INFO - Sync 1 DAGs
[2022-09-14T21:03:49.722-0300] {logging_mixin.py:115} INFO - [2022-09-14T21:03:49.720-0300] {dag.py:2977} INFO - Setting next_dagrun for example_trigger_controller_dag to 2021-01-01T00:00:00+00:00, run_after=2021-01-01T00:00:00+00:00
[2022-09-14T21:03:49.739-0300] {processor.py:161} INFO - Processing /home/juliana/Área de Trabalho/datapipeline/.env/lib/python3.8/site-packages/airflow/example_dags/example_trigger_controller_dag.py took 0.086 seconds
[2022-09-14T21:04:26.484-0300] {processor.py:153} INFO - Started process (PID=20246) to work on /home/juliana/Área de Trabalho/datapipeline/.env/lib/python3.8/site-packages/airflow/example_dags/example_trigger_controller_dag.py
[2022-09-14T21:04:26.487-0300] {processor.py:640} INFO - Processing file /home/juliana/Área de Trabalho/datapipeline/.env/lib/python3.8/site-packages/airflow/example_dags/example_trigger_controller_dag.py for tasks to queue
[2022-09-14T21:04:26.488-0300] {logging_mixin.py:115} INFO - [2022-09-14T21:04:26.487-0300] {dagbag.py:508} INFO - Filling up the DagBag from /home/juliana/Área de Trabalho/datapipeline/.env/lib/python3.8/site-packages/airflow/example_dags/example_trigger_controller_dag.py
[2022-09-14T21:04:26.503-0300] {processor.py:650} INFO - DAG(s) dict_keys(['example_trigger_controller_dag']) retrieved from /home/juliana/Área de Trabalho/datapipeline/.env/lib/python3.8/site-packages/airflow/example_dags/example_trigger_controller_dag.py
[2022-09-14T21:04:26.556-0300] {logging_mixin.py:115} INFO - [2022-09-14T21:04:26.555-0300] {dag.py:2429} INFO - Sync 1 DAGs
[2022-09-14T21:04:26.583-0300] {logging_mixin.py:115} INFO - [2022-09-14T21:04:26.583-0300] {dag.py:2977} INFO - Setting next_dagrun for example_trigger_controller_dag to 2021-01-01T00:00:00+00:00, run_after=2021-01-01T00:00:00+00:00
[2022-09-14T21:04:26.620-0300] {processor.py:161} INFO - Processing /home/juliana/Área de Trabalho/datapipeline/.env/lib/python3.8/site-packages/airflow/example_dags/example_trigger_controller_dag.py took 0.143 seconds
[2022-09-14T21:05:46.905-0300] {processor.py:153} INFO - Started process (PID=20288) to work on /home/juliana/Área de Trabalho/datapipeline/.env/lib/python3.8/site-packages/airflow/example_dags/example_trigger_controller_dag.py
[2022-09-14T21:05:46.907-0300] {processor.py:640} INFO - Processing file /home/juliana/Área de Trabalho/datapipeline/.env/lib/python3.8/site-packages/airflow/example_dags/example_trigger_controller_dag.py for tasks to queue
[2022-09-14T21:05:46.908-0300] {logging_mixin.py:115} INFO - [2022-09-14T21:05:46.907-0300] {dagbag.py:508} INFO - Filling up the DagBag from /home/juliana/Área de Trabalho/datapipeline/.env/lib/python3.8/site-packages/airflow/example_dags/example_trigger_controller_dag.py
[2022-09-14T21:05:46.913-0300] {processor.py:650} INFO - DAG(s) dict_keys(['example_trigger_controller_dag']) retrieved from /home/juliana/Área de Trabalho/datapipeline/.env/lib/python3.8/site-packages/airflow/example_dags/example_trigger_controller_dag.py
[2022-09-14T21:05:46.933-0300] {logging_mixin.py:115} INFO - [2022-09-14T21:05:46.933-0300] {dag.py:2429} INFO - Sync 1 DAGs
[2022-09-14T21:05:46.951-0300] {logging_mixin.py:115} INFO - [2022-09-14T21:05:46.951-0300] {dag.py:2977} INFO - Setting next_dagrun for example_trigger_controller_dag to 2021-01-01T00:00:00+00:00, run_after=2021-01-01T00:00:00+00:00
[2022-09-14T21:05:46.966-0300] {processor.py:161} INFO - Processing /home/juliana/Área de Trabalho/datapipeline/.env/lib/python3.8/site-packages/airflow/example_dags/example_trigger_controller_dag.py took 0.066 seconds
[2022-09-14T21:06:20.343-0300] {processor.py:153} INFO - Started process (PID=20322) to work on /home/juliana/Área de Trabalho/datapipeline/.env/lib/python3.8/site-packages/airflow/example_dags/example_trigger_controller_dag.py
[2022-09-14T21:06:20.344-0300] {processor.py:640} INFO - Processing file /home/juliana/Área de Trabalho/datapipeline/.env/lib/python3.8/site-packages/airflow/example_dags/example_trigger_controller_dag.py for tasks to queue
[2022-09-14T21:06:20.345-0300] {logging_mixin.py:115} INFO - [2022-09-14T21:06:20.345-0300] {dagbag.py:508} INFO - Filling up the DagBag from /home/juliana/Área de Trabalho/datapipeline/.env/lib/python3.8/site-packages/airflow/example_dags/example_trigger_controller_dag.py
[2022-09-14T21:06:20.356-0300] {processor.py:650} INFO - DAG(s) dict_keys(['example_trigger_controller_dag']) retrieved from /home/juliana/Área de Trabalho/datapipeline/.env/lib/python3.8/site-packages/airflow/example_dags/example_trigger_controller_dag.py
[2022-09-14T21:06:20.377-0300] {logging_mixin.py:115} INFO - [2022-09-14T21:06:20.377-0300] {dag.py:2429} INFO - Sync 1 DAGs
[2022-09-14T21:06:20.394-0300] {logging_mixin.py:115} INFO - [2022-09-14T21:06:20.394-0300] {dag.py:2977} INFO - Setting next_dagrun for example_trigger_controller_dag to 2021-01-01T00:00:00+00:00, run_after=2021-01-01T00:00:00+00:00
[2022-09-14T21:06:20.410-0300] {processor.py:161} INFO - Processing /home/juliana/Área de Trabalho/datapipeline/.env/lib/python3.8/site-packages/airflow/example_dags/example_trigger_controller_dag.py took 0.072 seconds
[2022-09-14T21:06:55.354-0300] {processor.py:153} INFO - Started process (PID=20357) to work on /home/juliana/Área de Trabalho/datapipeline/.env/lib/python3.8/site-packages/airflow/example_dags/example_trigger_controller_dag.py
[2022-09-14T21:06:55.356-0300] {processor.py:640} INFO - Processing file /home/juliana/Área de Trabalho/datapipeline/.env/lib/python3.8/site-packages/airflow/example_dags/example_trigger_controller_dag.py for tasks to queue
[2022-09-14T21:06:55.357-0300] {logging_mixin.py:115} INFO - [2022-09-14T21:06:55.357-0300] {dagbag.py:508} INFO - Filling up the DagBag from /home/juliana/Área de Trabalho/datapipeline/.env/lib/python3.8/site-packages/airflow/example_dags/example_trigger_controller_dag.py
[2022-09-14T21:06:55.362-0300] {processor.py:650} INFO - DAG(s) dict_keys(['example_trigger_controller_dag']) retrieved from /home/juliana/Área de Trabalho/datapipeline/.env/lib/python3.8/site-packages/airflow/example_dags/example_trigger_controller_dag.py
[2022-09-14T21:06:55.380-0300] {logging_mixin.py:115} INFO - [2022-09-14T21:06:55.380-0300] {dag.py:2429} INFO - Sync 1 DAGs
[2022-09-14T21:06:55.396-0300] {logging_mixin.py:115} INFO - [2022-09-14T21:06:55.396-0300] {dag.py:2977} INFO - Setting next_dagrun for example_trigger_controller_dag to 2021-01-01T00:00:00+00:00, run_after=2021-01-01T00:00:00+00:00
[2022-09-14T21:06:55.412-0300] {processor.py:161} INFO - Processing /home/juliana/Área de Trabalho/datapipeline/.env/lib/python3.8/site-packages/airflow/example_dags/example_trigger_controller_dag.py took 0.063 seconds
[2022-09-14T21:07:28.463-0300] {processor.py:153} INFO - Started process (PID=20395) to work on /home/juliana/Área de Trabalho/datapipeline/.env/lib/python3.8/site-packages/airflow/example_dags/example_trigger_controller_dag.py
[2022-09-14T21:07:28.464-0300] {processor.py:640} INFO - Processing file /home/juliana/Área de Trabalho/datapipeline/.env/lib/python3.8/site-packages/airflow/example_dags/example_trigger_controller_dag.py for tasks to queue
[2022-09-14T21:07:28.465-0300] {logging_mixin.py:115} INFO - [2022-09-14T21:07:28.465-0300] {dagbag.py:508} INFO - Filling up the DagBag from /home/juliana/Área de Trabalho/datapipeline/.env/lib/python3.8/site-packages/airflow/example_dags/example_trigger_controller_dag.py
[2022-09-14T21:07:28.468-0300] {processor.py:650} INFO - DAG(s) dict_keys(['example_trigger_controller_dag']) retrieved from /home/juliana/Área de Trabalho/datapipeline/.env/lib/python3.8/site-packages/airflow/example_dags/example_trigger_controller_dag.py
[2022-09-14T21:07:28.484-0300] {logging_mixin.py:115} INFO - [2022-09-14T21:07:28.484-0300] {dag.py:2429} INFO - Sync 1 DAGs
[2022-09-14T21:07:28.500-0300] {logging_mixin.py:115} INFO - [2022-09-14T21:07:28.500-0300] {dag.py:2977} INFO - Setting next_dagrun for example_trigger_controller_dag to 2021-01-01T00:00:00+00:00, run_after=2021-01-01T00:00:00+00:00
[2022-09-14T21:07:28.522-0300] {processor.py:161} INFO - Processing /home/juliana/Área de Trabalho/datapipeline/.env/lib/python3.8/site-packages/airflow/example_dags/example_trigger_controller_dag.py took 0.062 seconds
[2022-09-14T21:08:02.677-0300] {processor.py:153} INFO - Started process (PID=20434) to work on /home/juliana/Área de Trabalho/datapipeline/.env/lib/python3.8/site-packages/airflow/example_dags/example_trigger_controller_dag.py
[2022-09-14T21:08:02.678-0300] {processor.py:640} INFO - Processing file /home/juliana/Área de Trabalho/datapipeline/.env/lib/python3.8/site-packages/airflow/example_dags/example_trigger_controller_dag.py for tasks to queue
[2022-09-14T21:08:02.679-0300] {logging_mixin.py:115} INFO - [2022-09-14T21:08:02.679-0300] {dagbag.py:508} INFO - Filling up the DagBag from /home/juliana/Área de Trabalho/datapipeline/.env/lib/python3.8/site-packages/airflow/example_dags/example_trigger_controller_dag.py
[2022-09-14T21:08:02.684-0300] {processor.py:650} INFO - DAG(s) dict_keys(['example_trigger_controller_dag']) retrieved from /home/juliana/Área de Trabalho/datapipeline/.env/lib/python3.8/site-packages/airflow/example_dags/example_trigger_controller_dag.py
[2022-09-14T21:08:02.704-0300] {logging_mixin.py:115} INFO - [2022-09-14T21:08:02.704-0300] {dag.py:2429} INFO - Sync 1 DAGs
[2022-09-14T21:08:02.720-0300] {logging_mixin.py:115} INFO - [2022-09-14T21:08:02.720-0300] {dag.py:2977} INFO - Setting next_dagrun for example_trigger_controller_dag to 2021-01-01T00:00:00+00:00, run_after=2021-01-01T00:00:00+00:00
[2022-09-14T21:08:02.741-0300] {processor.py:161} INFO - Processing /home/juliana/Área de Trabalho/datapipeline/.env/lib/python3.8/site-packages/airflow/example_dags/example_trigger_controller_dag.py took 0.069 seconds
[2022-09-14T21:08:36.017-0300] {processor.py:153} INFO - Started process (PID=20467) to work on /home/juliana/Área de Trabalho/datapipeline/.env/lib/python3.8/site-packages/airflow/example_dags/example_trigger_controller_dag.py
[2022-09-14T21:08:36.019-0300] {processor.py:640} INFO - Processing file /home/juliana/Área de Trabalho/datapipeline/.env/lib/python3.8/site-packages/airflow/example_dags/example_trigger_controller_dag.py for tasks to queue
[2022-09-14T21:08:36.020-0300] {logging_mixin.py:115} INFO - [2022-09-14T21:08:36.020-0300] {dagbag.py:508} INFO - Filling up the DagBag from /home/juliana/Área de Trabalho/datapipeline/.env/lib/python3.8/site-packages/airflow/example_dags/example_trigger_controller_dag.py
[2022-09-14T21:08:36.025-0300] {processor.py:650} INFO - DAG(s) dict_keys(['example_trigger_controller_dag']) retrieved from /home/juliana/Área de Trabalho/datapipeline/.env/lib/python3.8/site-packages/airflow/example_dags/example_trigger_controller_dag.py
[2022-09-14T21:08:36.044-0300] {logging_mixin.py:115} INFO - [2022-09-14T21:08:36.044-0300] {dag.py:2429} INFO - Sync 1 DAGs
[2022-09-14T21:08:36.061-0300] {logging_mixin.py:115} INFO - [2022-09-14T21:08:36.061-0300] {dag.py:2977} INFO - Setting next_dagrun for example_trigger_controller_dag to 2021-01-01T00:00:00+00:00, run_after=2021-01-01T00:00:00+00:00
[2022-09-14T21:08:36.082-0300] {processor.py:161} INFO - Processing /home/juliana/Área de Trabalho/datapipeline/.env/lib/python3.8/site-packages/airflow/example_dags/example_trigger_controller_dag.py took 0.069 seconds
[2022-09-14T21:09:11.032-0300] {processor.py:153} INFO - Started process (PID=20503) to work on /home/juliana/Área de Trabalho/datapipeline/.env/lib/python3.8/site-packages/airflow/example_dags/example_trigger_controller_dag.py
[2022-09-14T21:09:11.033-0300] {processor.py:640} INFO - Processing file /home/juliana/Área de Trabalho/datapipeline/.env/lib/python3.8/site-packages/airflow/example_dags/example_trigger_controller_dag.py for tasks to queue
[2022-09-14T21:09:11.034-0300] {logging_mixin.py:115} INFO - [2022-09-14T21:09:11.034-0300] {dagbag.py:508} INFO - Filling up the DagBag from /home/juliana/Área de Trabalho/datapipeline/.env/lib/python3.8/site-packages/airflow/example_dags/example_trigger_controller_dag.py
[2022-09-14T21:09:11.039-0300] {processor.py:650} INFO - DAG(s) dict_keys(['example_trigger_controller_dag']) retrieved from /home/juliana/Área de Trabalho/datapipeline/.env/lib/python3.8/site-packages/airflow/example_dags/example_trigger_controller_dag.py
[2022-09-14T21:09:11.059-0300] {logging_mixin.py:115} INFO - [2022-09-14T21:09:11.059-0300] {dag.py:2429} INFO - Sync 1 DAGs
[2022-09-14T21:09:11.084-0300] {logging_mixin.py:115} INFO - [2022-09-14T21:09:11.084-0300] {dag.py:2977} INFO - Setting next_dagrun for example_trigger_controller_dag to 2021-01-01T00:00:00+00:00, run_after=2021-01-01T00:00:00+00:00
[2022-09-14T21:09:11.105-0300] {processor.py:161} INFO - Processing /home/juliana/Área de Trabalho/datapipeline/.env/lib/python3.8/site-packages/airflow/example_dags/example_trigger_controller_dag.py took 0.079 seconds
[2022-09-14T21:09:43.025-0300] {processor.py:153} INFO - Started process (PID=20536) to work on /home/juliana/Área de Trabalho/datapipeline/.env/lib/python3.8/site-packages/airflow/example_dags/example_trigger_controller_dag.py
[2022-09-14T21:09:43.026-0300] {processor.py:640} INFO - Processing file /home/juliana/Área de Trabalho/datapipeline/.env/lib/python3.8/site-packages/airflow/example_dags/example_trigger_controller_dag.py for tasks to queue
[2022-09-14T21:09:43.026-0300] {logging_mixin.py:115} INFO - [2022-09-14T21:09:43.026-0300] {dagbag.py:508} INFO - Filling up the DagBag from /home/juliana/Área de Trabalho/datapipeline/.env/lib/python3.8/site-packages/airflow/example_dags/example_trigger_controller_dag.py
[2022-09-14T21:09:43.029-0300] {processor.py:650} INFO - DAG(s) dict_keys(['example_trigger_controller_dag']) retrieved from /home/juliana/Área de Trabalho/datapipeline/.env/lib/python3.8/site-packages/airflow/example_dags/example_trigger_controller_dag.py
[2022-09-14T21:09:43.044-0300] {logging_mixin.py:115} INFO - [2022-09-14T21:09:43.044-0300] {dag.py:2429} INFO - Sync 1 DAGs
[2022-09-14T21:09:43.062-0300] {logging_mixin.py:115} INFO - [2022-09-14T21:09:43.062-0300] {dag.py:2977} INFO - Setting next_dagrun for example_trigger_controller_dag to 2021-01-01T00:00:00+00:00, run_after=2021-01-01T00:00:00+00:00
[2022-09-14T21:09:43.080-0300] {processor.py:161} INFO - Processing /home/juliana/Área de Trabalho/datapipeline/.env/lib/python3.8/site-packages/airflow/example_dags/example_trigger_controller_dag.py took 0.059 seconds
[2022-09-14T21:10:14.770-0300] {processor.py:153} INFO - Started process (PID=20574) to work on /home/juliana/Área de Trabalho/datapipeline/.env/lib/python3.8/site-packages/airflow/example_dags/example_trigger_controller_dag.py
[2022-09-14T21:10:14.772-0300] {processor.py:640} INFO - Processing file /home/juliana/Área de Trabalho/datapipeline/.env/lib/python3.8/site-packages/airflow/example_dags/example_trigger_controller_dag.py for tasks to queue
[2022-09-14T21:10:14.774-0300] {logging_mixin.py:115} INFO - [2022-09-14T21:10:14.774-0300] {dagbag.py:508} INFO - Filling up the DagBag from /home/juliana/Área de Trabalho/datapipeline/.env/lib/python3.8/site-packages/airflow/example_dags/example_trigger_controller_dag.py
[2022-09-14T21:10:14.787-0300] {processor.py:650} INFO - DAG(s) dict_keys(['example_trigger_controller_dag']) retrieved from /home/juliana/Área de Trabalho/datapipeline/.env/lib/python3.8/site-packages/airflow/example_dags/example_trigger_controller_dag.py
[2022-09-14T21:10:14.811-0300] {logging_mixin.py:115} INFO - [2022-09-14T21:10:14.811-0300] {dag.py:2429} INFO - Sync 1 DAGs
[2022-09-14T21:10:14.829-0300] {logging_mixin.py:115} INFO - [2022-09-14T21:10:14.829-0300] {dag.py:2977} INFO - Setting next_dagrun for example_trigger_controller_dag to 2021-01-01T00:00:00+00:00, run_after=2021-01-01T00:00:00+00:00
[2022-09-14T21:10:14.846-0300] {processor.py:161} INFO - Processing /home/juliana/Área de Trabalho/datapipeline/.env/lib/python3.8/site-packages/airflow/example_dags/example_trigger_controller_dag.py took 0.082 seconds
[2022-09-14T21:10:47.578-0300] {processor.py:153} INFO - Started process (PID=20609) to work on /home/juliana/Área de Trabalho/datapipeline/.env/lib/python3.8/site-packages/airflow/example_dags/example_trigger_controller_dag.py
[2022-09-14T21:10:47.580-0300] {processor.py:640} INFO - Processing file /home/juliana/Área de Trabalho/datapipeline/.env/lib/python3.8/site-packages/airflow/example_dags/example_trigger_controller_dag.py for tasks to queue
[2022-09-14T21:10:47.581-0300] {logging_mixin.py:115} INFO - [2022-09-14T21:10:47.581-0300] {dagbag.py:508} INFO - Filling up the DagBag from /home/juliana/Área de Trabalho/datapipeline/.env/lib/python3.8/site-packages/airflow/example_dags/example_trigger_controller_dag.py
[2022-09-14T21:10:47.586-0300] {processor.py:650} INFO - DAG(s) dict_keys(['example_trigger_controller_dag']) retrieved from /home/juliana/Área de Trabalho/datapipeline/.env/lib/python3.8/site-packages/airflow/example_dags/example_trigger_controller_dag.py
[2022-09-14T21:10:47.606-0300] {logging_mixin.py:115} INFO - [2022-09-14T21:10:47.606-0300] {dag.py:2429} INFO - Sync 1 DAGs
[2022-09-14T21:10:47.629-0300] {logging_mixin.py:115} INFO - [2022-09-14T21:10:47.629-0300] {dag.py:2977} INFO - Setting next_dagrun for example_trigger_controller_dag to 2021-01-01T00:00:00+00:00, run_after=2021-01-01T00:00:00+00:00
[2022-09-14T21:10:47.651-0300] {processor.py:161} INFO - Processing /home/juliana/Área de Trabalho/datapipeline/.env/lib/python3.8/site-packages/airflow/example_dags/example_trigger_controller_dag.py took 0.080 seconds
[2022-09-14T21:11:18.828-0300] {processor.py:153} INFO - Started process (PID=20640) to work on /home/juliana/Área de Trabalho/datapipeline/.env/lib/python3.8/site-packages/airflow/example_dags/example_trigger_controller_dag.py
[2022-09-14T21:11:18.829-0300] {processor.py:640} INFO - Processing file /home/juliana/Área de Trabalho/datapipeline/.env/lib/python3.8/site-packages/airflow/example_dags/example_trigger_controller_dag.py for tasks to queue
[2022-09-14T21:11:18.830-0300] {logging_mixin.py:115} INFO - [2022-09-14T21:11:18.830-0300] {dagbag.py:508} INFO - Filling up the DagBag from /home/juliana/Área de Trabalho/datapipeline/.env/lib/python3.8/site-packages/airflow/example_dags/example_trigger_controller_dag.py
[2022-09-14T21:11:18.834-0300] {processor.py:650} INFO - DAG(s) dict_keys(['example_trigger_controller_dag']) retrieved from /home/juliana/Área de Trabalho/datapipeline/.env/lib/python3.8/site-packages/airflow/example_dags/example_trigger_controller_dag.py
[2022-09-14T21:11:18.852-0300] {logging_mixin.py:115} INFO - [2022-09-14T21:11:18.852-0300] {dag.py:2429} INFO - Sync 1 DAGs
[2022-09-14T21:11:18.867-0300] {logging_mixin.py:115} INFO - [2022-09-14T21:11:18.867-0300] {dag.py:2977} INFO - Setting next_dagrun for example_trigger_controller_dag to 2021-01-01T00:00:00+00:00, run_after=2021-01-01T00:00:00+00:00
[2022-09-14T21:11:18.886-0300] {processor.py:161} INFO - Processing /home/juliana/Área de Trabalho/datapipeline/.env/lib/python3.8/site-packages/airflow/example_dags/example_trigger_controller_dag.py took 0.062 seconds
[2022-09-14T21:11:51.488-0300] {processor.py:153} INFO - Started process (PID=20675) to work on /home/juliana/Área de Trabalho/datapipeline/.env/lib/python3.8/site-packages/airflow/example_dags/example_trigger_controller_dag.py
[2022-09-14T21:11:51.489-0300] {processor.py:640} INFO - Processing file /home/juliana/Área de Trabalho/datapipeline/.env/lib/python3.8/site-packages/airflow/example_dags/example_trigger_controller_dag.py for tasks to queue
[2022-09-14T21:11:51.490-0300] {logging_mixin.py:115} INFO - [2022-09-14T21:11:51.489-0300] {dagbag.py:508} INFO - Filling up the DagBag from /home/juliana/Área de Trabalho/datapipeline/.env/lib/python3.8/site-packages/airflow/example_dags/example_trigger_controller_dag.py
[2022-09-14T21:11:51.494-0300] {processor.py:650} INFO - DAG(s) dict_keys(['example_trigger_controller_dag']) retrieved from /home/juliana/Área de Trabalho/datapipeline/.env/lib/python3.8/site-packages/airflow/example_dags/example_trigger_controller_dag.py
[2022-09-14T21:11:51.511-0300] {logging_mixin.py:115} INFO - [2022-09-14T21:11:51.511-0300] {dag.py:2429} INFO - Sync 1 DAGs
[2022-09-14T21:11:51.527-0300] {logging_mixin.py:115} INFO - [2022-09-14T21:11:51.527-0300] {dag.py:2977} INFO - Setting next_dagrun for example_trigger_controller_dag to 2021-01-01T00:00:00+00:00, run_after=2021-01-01T00:00:00+00:00
[2022-09-14T21:11:51.544-0300] {processor.py:161} INFO - Processing /home/juliana/Área de Trabalho/datapipeline/.env/lib/python3.8/site-packages/airflow/example_dags/example_trigger_controller_dag.py took 0.060 seconds
[2022-09-14T21:12:22.717-0300] {processor.py:153} INFO - Started process (PID=20707) to work on /home/juliana/Área de Trabalho/datapipeline/.env/lib/python3.8/site-packages/airflow/example_dags/example_trigger_controller_dag.py
[2022-09-14T21:12:22.718-0300] {processor.py:640} INFO - Processing file /home/juliana/Área de Trabalho/datapipeline/.env/lib/python3.8/site-packages/airflow/example_dags/example_trigger_controller_dag.py for tasks to queue
[2022-09-14T21:12:22.720-0300] {logging_mixin.py:115} INFO - [2022-09-14T21:12:22.719-0300] {dagbag.py:508} INFO - Filling up the DagBag from /home/juliana/Área de Trabalho/datapipeline/.env/lib/python3.8/site-packages/airflow/example_dags/example_trigger_controller_dag.py
[2022-09-14T21:12:22.725-0300] {processor.py:650} INFO - DAG(s) dict_keys(['example_trigger_controller_dag']) retrieved from /home/juliana/Área de Trabalho/datapipeline/.env/lib/python3.8/site-packages/airflow/example_dags/example_trigger_controller_dag.py
[2022-09-14T21:12:22.746-0300] {logging_mixin.py:115} INFO - [2022-09-14T21:12:22.745-0300] {dag.py:2429} INFO - Sync 1 DAGs
[2022-09-14T21:12:22.763-0300] {logging_mixin.py:115} INFO - [2022-09-14T21:12:22.763-0300] {dag.py:2977} INFO - Setting next_dagrun for example_trigger_controller_dag to 2021-01-01T00:00:00+00:00, run_after=2021-01-01T00:00:00+00:00
[2022-09-14T21:12:22.794-0300] {processor.py:161} INFO - Processing /home/juliana/Área de Trabalho/datapipeline/.env/lib/python3.8/site-packages/airflow/example_dags/example_trigger_controller_dag.py took 0.083 seconds
[2022-09-14T21:12:55.366-0300] {processor.py:153} INFO - Started process (PID=20745) to work on /home/juliana/Área de Trabalho/datapipeline/.env/lib/python3.8/site-packages/airflow/example_dags/example_trigger_controller_dag.py
[2022-09-14T21:12:55.368-0300] {processor.py:640} INFO - Processing file /home/juliana/Área de Trabalho/datapipeline/.env/lib/python3.8/site-packages/airflow/example_dags/example_trigger_controller_dag.py for tasks to queue
[2022-09-14T21:12:55.369-0300] {logging_mixin.py:115} INFO - [2022-09-14T21:12:55.369-0300] {dagbag.py:508} INFO - Filling up the DagBag from /home/juliana/Área de Trabalho/datapipeline/.env/lib/python3.8/site-packages/airflow/example_dags/example_trigger_controller_dag.py
[2022-09-14T21:12:55.374-0300] {processor.py:650} INFO - DAG(s) dict_keys(['example_trigger_controller_dag']) retrieved from /home/juliana/Área de Trabalho/datapipeline/.env/lib/python3.8/site-packages/airflow/example_dags/example_trigger_controller_dag.py
[2022-09-14T21:12:55.393-0300] {logging_mixin.py:115} INFO - [2022-09-14T21:12:55.393-0300] {dag.py:2429} INFO - Sync 1 DAGs
[2022-09-14T21:12:55.410-0300] {logging_mixin.py:115} INFO - [2022-09-14T21:12:55.410-0300] {dag.py:2977} INFO - Setting next_dagrun for example_trigger_controller_dag to 2021-01-01T00:00:00+00:00, run_after=2021-01-01T00:00:00+00:00
[2022-09-14T21:12:55.428-0300] {processor.py:161} INFO - Processing /home/juliana/Área de Trabalho/datapipeline/.env/lib/python3.8/site-packages/airflow/example_dags/example_trigger_controller_dag.py took 0.066 seconds
[2022-09-14T21:13:30.705-0300] {processor.py:153} INFO - Started process (PID=20780) to work on /home/juliana/Área de Trabalho/datapipeline/.env/lib/python3.8/site-packages/airflow/example_dags/example_trigger_controller_dag.py
[2022-09-14T21:13:30.707-0300] {processor.py:640} INFO - Processing file /home/juliana/Área de Trabalho/datapipeline/.env/lib/python3.8/site-packages/airflow/example_dags/example_trigger_controller_dag.py for tasks to queue
[2022-09-14T21:13:30.707-0300] {logging_mixin.py:115} INFO - [2022-09-14T21:13:30.707-0300] {dagbag.py:508} INFO - Filling up the DagBag from /home/juliana/Área de Trabalho/datapipeline/.env/lib/python3.8/site-packages/airflow/example_dags/example_trigger_controller_dag.py
[2022-09-14T21:13:30.712-0300] {processor.py:650} INFO - DAG(s) dict_keys(['example_trigger_controller_dag']) retrieved from /home/juliana/Área de Trabalho/datapipeline/.env/lib/python3.8/site-packages/airflow/example_dags/example_trigger_controller_dag.py
[2022-09-14T21:13:30.731-0300] {logging_mixin.py:115} INFO - [2022-09-14T21:13:30.731-0300] {dag.py:2429} INFO - Sync 1 DAGs
[2022-09-14T21:13:30.748-0300] {logging_mixin.py:115} INFO - [2022-09-14T21:13:30.747-0300] {dag.py:2977} INFO - Setting next_dagrun for example_trigger_controller_dag to 2021-01-01T00:00:00+00:00, run_after=2021-01-01T00:00:00+00:00
[2022-09-14T21:13:30.768-0300] {processor.py:161} INFO - Processing /home/juliana/Área de Trabalho/datapipeline/.env/lib/python3.8/site-packages/airflow/example_dags/example_trigger_controller_dag.py took 0.067 seconds
[2022-09-14T21:14:03.309-0300] {processor.py:153} INFO - Started process (PID=20816) to work on /home/juliana/Área de Trabalho/datapipeline/.env/lib/python3.8/site-packages/airflow/example_dags/example_trigger_controller_dag.py
[2022-09-14T21:14:03.311-0300] {processor.py:640} INFO - Processing file /home/juliana/Área de Trabalho/datapipeline/.env/lib/python3.8/site-packages/airflow/example_dags/example_trigger_controller_dag.py for tasks to queue
[2022-09-14T21:14:03.312-0300] {logging_mixin.py:115} INFO - [2022-09-14T21:14:03.312-0300] {dagbag.py:508} INFO - Filling up the DagBag from /home/juliana/Área de Trabalho/datapipeline/.env/lib/python3.8/site-packages/airflow/example_dags/example_trigger_controller_dag.py
[2022-09-14T21:14:03.317-0300] {processor.py:650} INFO - DAG(s) dict_keys(['example_trigger_controller_dag']) retrieved from /home/juliana/Área de Trabalho/datapipeline/.env/lib/python3.8/site-packages/airflow/example_dags/example_trigger_controller_dag.py
[2022-09-14T21:14:03.339-0300] {logging_mixin.py:115} INFO - [2022-09-14T21:14:03.339-0300] {dag.py:2429} INFO - Sync 1 DAGs
[2022-09-14T21:14:03.356-0300] {logging_mixin.py:115} INFO - [2022-09-14T21:14:03.356-0300] {dag.py:2977} INFO - Setting next_dagrun for example_trigger_controller_dag to 2021-01-01T00:00:00+00:00, run_after=2021-01-01T00:00:00+00:00
[2022-09-14T21:14:03.384-0300] {processor.py:161} INFO - Processing /home/juliana/Área de Trabalho/datapipeline/.env/lib/python3.8/site-packages/airflow/example_dags/example_trigger_controller_dag.py took 0.082 seconds
[2022-09-14T21:14:39.168-0300] {processor.py:153} INFO - Started process (PID=20851) to work on /home/juliana/Área de Trabalho/datapipeline/.env/lib/python3.8/site-packages/airflow/example_dags/example_trigger_controller_dag.py
[2022-09-14T21:14:39.170-0300] {processor.py:640} INFO - Processing file /home/juliana/Área de Trabalho/datapipeline/.env/lib/python3.8/site-packages/airflow/example_dags/example_trigger_controller_dag.py for tasks to queue
[2022-09-14T21:14:39.170-0300] {logging_mixin.py:115} INFO - [2022-09-14T21:14:39.170-0300] {dagbag.py:508} INFO - Filling up the DagBag from /home/juliana/Área de Trabalho/datapipeline/.env/lib/python3.8/site-packages/airflow/example_dags/example_trigger_controller_dag.py
[2022-09-14T21:14:39.175-0300] {processor.py:650} INFO - DAG(s) dict_keys(['example_trigger_controller_dag']) retrieved from /home/juliana/Área de Trabalho/datapipeline/.env/lib/python3.8/site-packages/airflow/example_dags/example_trigger_controller_dag.py
[2022-09-14T21:14:39.194-0300] {logging_mixin.py:115} INFO - [2022-09-14T21:14:39.194-0300] {dag.py:2429} INFO - Sync 1 DAGs
[2022-09-14T21:14:39.211-0300] {logging_mixin.py:115} INFO - [2022-09-14T21:14:39.211-0300] {dag.py:2977} INFO - Setting next_dagrun for example_trigger_controller_dag to 2021-01-01T00:00:00+00:00, run_after=2021-01-01T00:00:00+00:00
[2022-09-14T21:14:39.232-0300] {processor.py:161} INFO - Processing /home/juliana/Área de Trabalho/datapipeline/.env/lib/python3.8/site-packages/airflow/example_dags/example_trigger_controller_dag.py took 0.068 seconds
[2022-09-14T21:15:12.321-0300] {processor.py:153} INFO - Started process (PID=20887) to work on /home/juliana/Área de Trabalho/datapipeline/.env/lib/python3.8/site-packages/airflow/example_dags/example_trigger_controller_dag.py
[2022-09-14T21:15:12.323-0300] {processor.py:640} INFO - Processing file /home/juliana/Área de Trabalho/datapipeline/.env/lib/python3.8/site-packages/airflow/example_dags/example_trigger_controller_dag.py for tasks to queue
[2022-09-14T21:15:12.324-0300] {logging_mixin.py:115} INFO - [2022-09-14T21:15:12.323-0300] {dagbag.py:508} INFO - Filling up the DagBag from /home/juliana/Área de Trabalho/datapipeline/.env/lib/python3.8/site-packages/airflow/example_dags/example_trigger_controller_dag.py
[2022-09-14T21:15:12.328-0300] {processor.py:650} INFO - DAG(s) dict_keys(['example_trigger_controller_dag']) retrieved from /home/juliana/Área de Trabalho/datapipeline/.env/lib/python3.8/site-packages/airflow/example_dags/example_trigger_controller_dag.py
[2022-09-14T21:15:12.347-0300] {logging_mixin.py:115} INFO - [2022-09-14T21:15:12.347-0300] {dag.py:2429} INFO - Sync 1 DAGs
[2022-09-14T21:15:12.362-0300] {logging_mixin.py:115} INFO - [2022-09-14T21:15:12.362-0300] {dag.py:2977} INFO - Setting next_dagrun for example_trigger_controller_dag to 2021-01-01T00:00:00+00:00, run_after=2021-01-01T00:00:00+00:00
[2022-09-14T21:15:12.379-0300] {processor.py:161} INFO - Processing /home/juliana/Área de Trabalho/datapipeline/.env/lib/python3.8/site-packages/airflow/example_dags/example_trigger_controller_dag.py took 0.062 seconds
[2022-09-14T21:15:46.412-0300] {processor.py:153} INFO - Started process (PID=20922) to work on /home/juliana/Área de Trabalho/datapipeline/.env/lib/python3.8/site-packages/airflow/example_dags/example_trigger_controller_dag.py
[2022-09-14T21:15:46.418-0300] {processor.py:640} INFO - Processing file /home/juliana/Área de Trabalho/datapipeline/.env/lib/python3.8/site-packages/airflow/example_dags/example_trigger_controller_dag.py for tasks to queue
[2022-09-14T21:15:46.419-0300] {logging_mixin.py:115} INFO - [2022-09-14T21:15:46.419-0300] {dagbag.py:508} INFO - Filling up the DagBag from /home/juliana/Área de Trabalho/datapipeline/.env/lib/python3.8/site-packages/airflow/example_dags/example_trigger_controller_dag.py
[2022-09-14T21:15:46.423-0300] {processor.py:650} INFO - DAG(s) dict_keys(['example_trigger_controller_dag']) retrieved from /home/juliana/Área de Trabalho/datapipeline/.env/lib/python3.8/site-packages/airflow/example_dags/example_trigger_controller_dag.py
[2022-09-14T21:15:46.440-0300] {logging_mixin.py:115} INFO - [2022-09-14T21:15:46.440-0300] {dag.py:2429} INFO - Sync 1 DAGs
[2022-09-14T21:15:46.455-0300] {logging_mixin.py:115} INFO - [2022-09-14T21:15:46.455-0300] {dag.py:2977} INFO - Setting next_dagrun for example_trigger_controller_dag to 2021-01-01T00:00:00+00:00, run_after=2021-01-01T00:00:00+00:00
[2022-09-14T21:15:46.472-0300] {processor.py:161} INFO - Processing /home/juliana/Área de Trabalho/datapipeline/.env/lib/python3.8/site-packages/airflow/example_dags/example_trigger_controller_dag.py took 0.063 seconds
[2022-09-14T21:16:20.154-0300] {processor.py:153} INFO - Started process (PID=20958) to work on /home/juliana/Área de Trabalho/datapipeline/.env/lib/python3.8/site-packages/airflow/example_dags/example_trigger_controller_dag.py
[2022-09-14T21:16:20.156-0300] {processor.py:640} INFO - Processing file /home/juliana/Área de Trabalho/datapipeline/.env/lib/python3.8/site-packages/airflow/example_dags/example_trigger_controller_dag.py for tasks to queue
[2022-09-14T21:16:20.158-0300] {logging_mixin.py:115} INFO - [2022-09-14T21:16:20.157-0300] {dagbag.py:508} INFO - Filling up the DagBag from /home/juliana/Área de Trabalho/datapipeline/.env/lib/python3.8/site-packages/airflow/example_dags/example_trigger_controller_dag.py
[2022-09-14T21:16:20.164-0300] {processor.py:650} INFO - DAG(s) dict_keys(['example_trigger_controller_dag']) retrieved from /home/juliana/Área de Trabalho/datapipeline/.env/lib/python3.8/site-packages/airflow/example_dags/example_trigger_controller_dag.py
[2022-09-14T21:16:20.185-0300] {logging_mixin.py:115} INFO - [2022-09-14T21:16:20.185-0300] {dag.py:2429} INFO - Sync 1 DAGs
[2022-09-14T21:16:20.203-0300] {logging_mixin.py:115} INFO - [2022-09-14T21:16:20.202-0300] {dag.py:2977} INFO - Setting next_dagrun for example_trigger_controller_dag to 2021-01-01T00:00:00+00:00, run_after=2021-01-01T00:00:00+00:00
[2022-09-14T21:16:20.219-0300] {processor.py:161} INFO - Processing /home/juliana/Área de Trabalho/datapipeline/.env/lib/python3.8/site-packages/airflow/example_dags/example_trigger_controller_dag.py took 0.072 seconds
[2022-09-14T21:16:54.418-0300] {processor.py:153} INFO - Started process (PID=20992) to work on /home/juliana/Área de Trabalho/datapipeline/.env/lib/python3.8/site-packages/airflow/example_dags/example_trigger_controller_dag.py
[2022-09-14T21:16:54.419-0300] {processor.py:640} INFO - Processing file /home/juliana/Área de Trabalho/datapipeline/.env/lib/python3.8/site-packages/airflow/example_dags/example_trigger_controller_dag.py for tasks to queue
[2022-09-14T21:16:54.420-0300] {logging_mixin.py:115} INFO - [2022-09-14T21:16:54.420-0300] {dagbag.py:508} INFO - Filling up the DagBag from /home/juliana/Área de Trabalho/datapipeline/.env/lib/python3.8/site-packages/airflow/example_dags/example_trigger_controller_dag.py
[2022-09-14T21:16:54.424-0300] {processor.py:650} INFO - DAG(s) dict_keys(['example_trigger_controller_dag']) retrieved from /home/juliana/Área de Trabalho/datapipeline/.env/lib/python3.8/site-packages/airflow/example_dags/example_trigger_controller_dag.py
[2022-09-14T21:16:54.441-0300] {logging_mixin.py:115} INFO - [2022-09-14T21:16:54.441-0300] {dag.py:2429} INFO - Sync 1 DAGs
[2022-09-14T21:16:54.464-0300] {logging_mixin.py:115} INFO - [2022-09-14T21:16:54.464-0300] {dag.py:2977} INFO - Setting next_dagrun for example_trigger_controller_dag to 2021-01-01T00:00:00+00:00, run_after=2021-01-01T00:00:00+00:00
[2022-09-14T21:16:54.481-0300] {processor.py:161} INFO - Processing /home/juliana/Área de Trabalho/datapipeline/.env/lib/python3.8/site-packages/airflow/example_dags/example_trigger_controller_dag.py took 0.066 seconds
[2022-09-14T21:17:25.792-0300] {processor.py:153} INFO - Started process (PID=21027) to work on /home/juliana/Área de Trabalho/datapipeline/.env/lib/python3.8/site-packages/airflow/example_dags/example_trigger_controller_dag.py
[2022-09-14T21:17:25.793-0300] {processor.py:640} INFO - Processing file /home/juliana/Área de Trabalho/datapipeline/.env/lib/python3.8/site-packages/airflow/example_dags/example_trigger_controller_dag.py for tasks to queue
[2022-09-14T21:17:25.794-0300] {logging_mixin.py:115} INFO - [2022-09-14T21:17:25.794-0300] {dagbag.py:508} INFO - Filling up the DagBag from /home/juliana/Área de Trabalho/datapipeline/.env/lib/python3.8/site-packages/airflow/example_dags/example_trigger_controller_dag.py
[2022-09-14T21:17:25.799-0300] {processor.py:650} INFO - DAG(s) dict_keys(['example_trigger_controller_dag']) retrieved from /home/juliana/Área de Trabalho/datapipeline/.env/lib/python3.8/site-packages/airflow/example_dags/example_trigger_controller_dag.py
[2022-09-14T21:17:25.818-0300] {logging_mixin.py:115} INFO - [2022-09-14T21:17:25.818-0300] {dag.py:2429} INFO - Sync 1 DAGs
[2022-09-14T21:17:25.835-0300] {logging_mixin.py:115} INFO - [2022-09-14T21:17:25.835-0300] {dag.py:2977} INFO - Setting next_dagrun for example_trigger_controller_dag to 2021-01-01T00:00:00+00:00, run_after=2021-01-01T00:00:00+00:00
[2022-09-14T21:17:25.851-0300] {processor.py:161} INFO - Processing /home/juliana/Área de Trabalho/datapipeline/.env/lib/python3.8/site-packages/airflow/example_dags/example_trigger_controller_dag.py took 0.064 seconds
[2022-09-14T21:17:58.370-0300] {processor.py:153} INFO - Started process (PID=21067) to work on /home/juliana/Área de Trabalho/datapipeline/.env/lib/python3.8/site-packages/airflow/example_dags/example_trigger_controller_dag.py
[2022-09-14T21:17:58.372-0300] {processor.py:640} INFO - Processing file /home/juliana/Área de Trabalho/datapipeline/.env/lib/python3.8/site-packages/airflow/example_dags/example_trigger_controller_dag.py for tasks to queue
[2022-09-14T21:17:58.373-0300] {logging_mixin.py:115} INFO - [2022-09-14T21:17:58.372-0300] {dagbag.py:508} INFO - Filling up the DagBag from /home/juliana/Área de Trabalho/datapipeline/.env/lib/python3.8/site-packages/airflow/example_dags/example_trigger_controller_dag.py
[2022-09-14T21:17:58.378-0300] {processor.py:650} INFO - DAG(s) dict_keys(['example_trigger_controller_dag']) retrieved from /home/juliana/Área de Trabalho/datapipeline/.env/lib/python3.8/site-packages/airflow/example_dags/example_trigger_controller_dag.py
[2022-09-14T21:17:58.400-0300] {logging_mixin.py:115} INFO - [2022-09-14T21:17:58.399-0300] {dag.py:2429} INFO - Sync 1 DAGs
[2022-09-14T21:17:58.416-0300] {logging_mixin.py:115} INFO - [2022-09-14T21:17:58.416-0300] {dag.py:2977} INFO - Setting next_dagrun for example_trigger_controller_dag to 2021-01-01T00:00:00+00:00, run_after=2021-01-01T00:00:00+00:00
[2022-09-14T21:17:58.435-0300] {processor.py:161} INFO - Processing /home/juliana/Área de Trabalho/datapipeline/.env/lib/python3.8/site-packages/airflow/example_dags/example_trigger_controller_dag.py took 0.070 seconds
[2022-09-14T21:18:30.628-0300] {processor.py:153} INFO - Started process (PID=21103) to work on /home/juliana/Área de Trabalho/datapipeline/.env/lib/python3.8/site-packages/airflow/example_dags/example_trigger_controller_dag.py
[2022-09-14T21:18:30.628-0300] {processor.py:640} INFO - Processing file /home/juliana/Área de Trabalho/datapipeline/.env/lib/python3.8/site-packages/airflow/example_dags/example_trigger_controller_dag.py for tasks to queue
[2022-09-14T21:18:30.629-0300] {logging_mixin.py:115} INFO - [2022-09-14T21:18:30.629-0300] {dagbag.py:508} INFO - Filling up the DagBag from /home/juliana/Área de Trabalho/datapipeline/.env/lib/python3.8/site-packages/airflow/example_dags/example_trigger_controller_dag.py
[2022-09-14T21:18:30.632-0300] {processor.py:650} INFO - DAG(s) dict_keys(['example_trigger_controller_dag']) retrieved from /home/juliana/Área de Trabalho/datapipeline/.env/lib/python3.8/site-packages/airflow/example_dags/example_trigger_controller_dag.py
[2022-09-14T21:18:30.647-0300] {logging_mixin.py:115} INFO - [2022-09-14T21:18:30.647-0300] {dag.py:2429} INFO - Sync 1 DAGs
[2022-09-14T21:18:30.663-0300] {logging_mixin.py:115} INFO - [2022-09-14T21:18:30.663-0300] {dag.py:2977} INFO - Setting next_dagrun for example_trigger_controller_dag to 2021-01-01T00:00:00+00:00, run_after=2021-01-01T00:00:00+00:00
[2022-09-14T21:18:30.678-0300] {processor.py:161} INFO - Processing /home/juliana/Área de Trabalho/datapipeline/.env/lib/python3.8/site-packages/airflow/example_dags/example_trigger_controller_dag.py took 0.053 seconds
[2022-09-14T21:19:03.778-0300] {processor.py:153} INFO - Started process (PID=21138) to work on /home/juliana/Área de Trabalho/datapipeline/.env/lib/python3.8/site-packages/airflow/example_dags/example_trigger_controller_dag.py
[2022-09-14T21:19:03.780-0300] {processor.py:640} INFO - Processing file /home/juliana/Área de Trabalho/datapipeline/.env/lib/python3.8/site-packages/airflow/example_dags/example_trigger_controller_dag.py for tasks to queue
[2022-09-14T21:19:03.781-0300] {logging_mixin.py:115} INFO - [2022-09-14T21:19:03.781-0300] {dagbag.py:508} INFO - Filling up the DagBag from /home/juliana/Área de Trabalho/datapipeline/.env/lib/python3.8/site-packages/airflow/example_dags/example_trigger_controller_dag.py
[2022-09-14T21:19:03.787-0300] {processor.py:650} INFO - DAG(s) dict_keys(['example_trigger_controller_dag']) retrieved from /home/juliana/Área de Trabalho/datapipeline/.env/lib/python3.8/site-packages/airflow/example_dags/example_trigger_controller_dag.py
[2022-09-14T21:19:03.808-0300] {logging_mixin.py:115} INFO - [2022-09-14T21:19:03.808-0300] {dag.py:2429} INFO - Sync 1 DAGs
[2022-09-14T21:19:03.834-0300] {logging_mixin.py:115} INFO - [2022-09-14T21:19:03.834-0300] {dag.py:2977} INFO - Setting next_dagrun for example_trigger_controller_dag to 2021-01-01T00:00:00+00:00, run_after=2021-01-01T00:00:00+00:00
[2022-09-14T21:19:03.852-0300] {processor.py:161} INFO - Processing /home/juliana/Área de Trabalho/datapipeline/.env/lib/python3.8/site-packages/airflow/example_dags/example_trigger_controller_dag.py took 0.080 seconds
[2022-09-14T21:19:38.713-0300] {processor.py:153} INFO - Started process (PID=21172) to work on /home/juliana/Área de Trabalho/datapipeline/.env/lib/python3.8/site-packages/airflow/example_dags/example_trigger_controller_dag.py
[2022-09-14T21:19:38.714-0300] {processor.py:640} INFO - Processing file /home/juliana/Área de Trabalho/datapipeline/.env/lib/python3.8/site-packages/airflow/example_dags/example_trigger_controller_dag.py for tasks to queue
[2022-09-14T21:19:38.715-0300] {logging_mixin.py:115} INFO - [2022-09-14T21:19:38.715-0300] {dagbag.py:508} INFO - Filling up the DagBag from /home/juliana/Área de Trabalho/datapipeline/.env/lib/python3.8/site-packages/airflow/example_dags/example_trigger_controller_dag.py
[2022-09-14T21:19:38.718-0300] {processor.py:650} INFO - DAG(s) dict_keys(['example_trigger_controller_dag']) retrieved from /home/juliana/Área de Trabalho/datapipeline/.env/lib/python3.8/site-packages/airflow/example_dags/example_trigger_controller_dag.py
[2022-09-14T21:19:38.733-0300] {logging_mixin.py:115} INFO - [2022-09-14T21:19:38.733-0300] {dag.py:2429} INFO - Sync 1 DAGs
[2022-09-14T21:19:38.749-0300] {logging_mixin.py:115} INFO - [2022-09-14T21:19:38.749-0300] {dag.py:2977} INFO - Setting next_dagrun for example_trigger_controller_dag to 2021-01-01T00:00:00+00:00, run_after=2021-01-01T00:00:00+00:00
[2022-09-14T21:19:38.767-0300] {processor.py:161} INFO - Processing /home/juliana/Área de Trabalho/datapipeline/.env/lib/python3.8/site-packages/airflow/example_dags/example_trigger_controller_dag.py took 0.056 seconds
[2022-09-14T21:20:13.911-0300] {processor.py:153} INFO - Started process (PID=21208) to work on /home/juliana/Área de Trabalho/datapipeline/.env/lib/python3.8/site-packages/airflow/example_dags/example_trigger_controller_dag.py
[2022-09-14T21:20:13.913-0300] {processor.py:640} INFO - Processing file /home/juliana/Área de Trabalho/datapipeline/.env/lib/python3.8/site-packages/airflow/example_dags/example_trigger_controller_dag.py for tasks to queue
[2022-09-14T21:20:13.914-0300] {logging_mixin.py:115} INFO - [2022-09-14T21:20:13.913-0300] {dagbag.py:508} INFO - Filling up the DagBag from /home/juliana/Área de Trabalho/datapipeline/.env/lib/python3.8/site-packages/airflow/example_dags/example_trigger_controller_dag.py
[2022-09-14T21:20:13.919-0300] {processor.py:650} INFO - DAG(s) dict_keys(['example_trigger_controller_dag']) retrieved from /home/juliana/Área de Trabalho/datapipeline/.env/lib/python3.8/site-packages/airflow/example_dags/example_trigger_controller_dag.py
[2022-09-14T21:20:13.939-0300] {logging_mixin.py:115} INFO - [2022-09-14T21:20:13.939-0300] {dag.py:2429} INFO - Sync 1 DAGs
[2022-09-14T21:20:13.956-0300] {logging_mixin.py:115} INFO - [2022-09-14T21:20:13.956-0300] {dag.py:2977} INFO - Setting next_dagrun for example_trigger_controller_dag to 2021-01-01T00:00:00+00:00, run_after=2021-01-01T00:00:00+00:00
[2022-09-14T21:20:13.975-0300] {processor.py:161} INFO - Processing /home/juliana/Área de Trabalho/datapipeline/.env/lib/python3.8/site-packages/airflow/example_dags/example_trigger_controller_dag.py took 0.070 seconds
[2022-09-14T21:20:48.349-0300] {processor.py:153} INFO - Started process (PID=21245) to work on /home/juliana/Área de Trabalho/datapipeline/.env/lib/python3.8/site-packages/airflow/example_dags/example_trigger_controller_dag.py
[2022-09-14T21:20:48.351-0300] {processor.py:640} INFO - Processing file /home/juliana/Área de Trabalho/datapipeline/.env/lib/python3.8/site-packages/airflow/example_dags/example_trigger_controller_dag.py for tasks to queue
[2022-09-14T21:20:48.352-0300] {logging_mixin.py:115} INFO - [2022-09-14T21:20:48.352-0300] {dagbag.py:508} INFO - Filling up the DagBag from /home/juliana/Área de Trabalho/datapipeline/.env/lib/python3.8/site-packages/airflow/example_dags/example_trigger_controller_dag.py
[2022-09-14T21:20:48.357-0300] {processor.py:650} INFO - DAG(s) dict_keys(['example_trigger_controller_dag']) retrieved from /home/juliana/Área de Trabalho/datapipeline/.env/lib/python3.8/site-packages/airflow/example_dags/example_trigger_controller_dag.py
[2022-09-14T21:20:48.384-0300] {logging_mixin.py:115} INFO - [2022-09-14T21:20:48.384-0300] {dag.py:2429} INFO - Sync 1 DAGs
[2022-09-14T21:20:48.399-0300] {logging_mixin.py:115} INFO - [2022-09-14T21:20:48.399-0300] {dag.py:2977} INFO - Setting next_dagrun for example_trigger_controller_dag to 2021-01-01T00:00:00+00:00, run_after=2021-01-01T00:00:00+00:00
[2022-09-14T21:20:48.421-0300] {processor.py:161} INFO - Processing /home/juliana/Área de Trabalho/datapipeline/.env/lib/python3.8/site-packages/airflow/example_dags/example_trigger_controller_dag.py took 0.078 seconds
[2022-09-14T21:21:19.744-0300] {processor.py:153} INFO - Started process (PID=21279) to work on /home/juliana/Área de Trabalho/datapipeline/.env/lib/python3.8/site-packages/airflow/example_dags/example_trigger_controller_dag.py
[2022-09-14T21:21:19.746-0300] {processor.py:640} INFO - Processing file /home/juliana/Área de Trabalho/datapipeline/.env/lib/python3.8/site-packages/airflow/example_dags/example_trigger_controller_dag.py for tasks to queue
[2022-09-14T21:21:19.747-0300] {logging_mixin.py:115} INFO - [2022-09-14T21:21:19.746-0300] {dagbag.py:508} INFO - Filling up the DagBag from /home/juliana/Área de Trabalho/datapipeline/.env/lib/python3.8/site-packages/airflow/example_dags/example_trigger_controller_dag.py
[2022-09-14T21:21:19.752-0300] {processor.py:650} INFO - DAG(s) dict_keys(['example_trigger_controller_dag']) retrieved from /home/juliana/Área de Trabalho/datapipeline/.env/lib/python3.8/site-packages/airflow/example_dags/example_trigger_controller_dag.py
[2022-09-14T21:21:19.772-0300] {logging_mixin.py:115} INFO - [2022-09-14T21:21:19.772-0300] {dag.py:2429} INFO - Sync 1 DAGs
[2022-09-14T21:21:19.789-0300] {logging_mixin.py:115} INFO - [2022-09-14T21:21:19.789-0300] {dag.py:2977} INFO - Setting next_dagrun for example_trigger_controller_dag to 2021-01-01T00:00:00+00:00, run_after=2021-01-01T00:00:00+00:00
[2022-09-14T21:21:19.805-0300] {processor.py:161} INFO - Processing /home/juliana/Área de Trabalho/datapipeline/.env/lib/python3.8/site-packages/airflow/example_dags/example_trigger_controller_dag.py took 0.067 seconds
[2022-09-14T21:21:52.244-0300] {processor.py:153} INFO - Started process (PID=21313) to work on /home/juliana/Área de Trabalho/datapipeline/.env/lib/python3.8/site-packages/airflow/example_dags/example_trigger_controller_dag.py
[2022-09-14T21:21:52.247-0300] {processor.py:640} INFO - Processing file /home/juliana/Área de Trabalho/datapipeline/.env/lib/python3.8/site-packages/airflow/example_dags/example_trigger_controller_dag.py for tasks to queue
[2022-09-14T21:21:52.249-0300] {logging_mixin.py:115} INFO - [2022-09-14T21:21:52.248-0300] {dagbag.py:508} INFO - Filling up the DagBag from /home/juliana/Área de Trabalho/datapipeline/.env/lib/python3.8/site-packages/airflow/example_dags/example_trigger_controller_dag.py
[2022-09-14T21:21:52.254-0300] {processor.py:650} INFO - DAG(s) dict_keys(['example_trigger_controller_dag']) retrieved from /home/juliana/Área de Trabalho/datapipeline/.env/lib/python3.8/site-packages/airflow/example_dags/example_trigger_controller_dag.py
[2022-09-14T21:21:52.274-0300] {logging_mixin.py:115} INFO - [2022-09-14T21:21:52.273-0300] {dag.py:2429} INFO - Sync 1 DAGs
[2022-09-14T21:21:52.290-0300] {logging_mixin.py:115} INFO - [2022-09-14T21:21:52.290-0300] {dag.py:2977} INFO - Setting next_dagrun for example_trigger_controller_dag to 2021-01-01T00:00:00+00:00, run_after=2021-01-01T00:00:00+00:00
[2022-09-14T21:21:52.311-0300] {processor.py:161} INFO - Processing /home/juliana/Área de Trabalho/datapipeline/.env/lib/python3.8/site-packages/airflow/example_dags/example_trigger_controller_dag.py took 0.072 seconds
[2022-09-14T21:22:28.459-0300] {processor.py:153} INFO - Started process (PID=21355) to work on /home/juliana/Área de Trabalho/datapipeline/.env/lib/python3.8/site-packages/airflow/example_dags/example_trigger_controller_dag.py
[2022-09-14T21:22:28.460-0300] {processor.py:640} INFO - Processing file /home/juliana/Área de Trabalho/datapipeline/.env/lib/python3.8/site-packages/airflow/example_dags/example_trigger_controller_dag.py for tasks to queue
[2022-09-14T21:22:28.461-0300] {logging_mixin.py:115} INFO - [2022-09-14T21:22:28.460-0300] {dagbag.py:508} INFO - Filling up the DagBag from /home/juliana/Área de Trabalho/datapipeline/.env/lib/python3.8/site-packages/airflow/example_dags/example_trigger_controller_dag.py
[2022-09-14T21:22:28.464-0300] {processor.py:650} INFO - DAG(s) dict_keys(['example_trigger_controller_dag']) retrieved from /home/juliana/Área de Trabalho/datapipeline/.env/lib/python3.8/site-packages/airflow/example_dags/example_trigger_controller_dag.py
[2022-09-14T21:22:28.478-0300] {logging_mixin.py:115} INFO - [2022-09-14T21:22:28.478-0300] {dag.py:2429} INFO - Sync 1 DAGs
[2022-09-14T21:22:28.496-0300] {logging_mixin.py:115} INFO - [2022-09-14T21:22:28.495-0300] {dag.py:2977} INFO - Setting next_dagrun for example_trigger_controller_dag to 2021-01-01T00:00:00+00:00, run_after=2021-01-01T00:00:00+00:00
[2022-09-14T21:22:28.524-0300] {processor.py:161} INFO - Processing /home/juliana/Área de Trabalho/datapipeline/.env/lib/python3.8/site-packages/airflow/example_dags/example_trigger_controller_dag.py took 0.068 seconds
[2022-09-14T21:23:02.496-0300] {processor.py:153} INFO - Started process (PID=21396) to work on /home/juliana/Área de Trabalho/datapipeline/.env/lib/python3.8/site-packages/airflow/example_dags/example_trigger_controller_dag.py
[2022-09-14T21:23:02.498-0300] {processor.py:640} INFO - Processing file /home/juliana/Área de Trabalho/datapipeline/.env/lib/python3.8/site-packages/airflow/example_dags/example_trigger_controller_dag.py for tasks to queue
[2022-09-14T21:23:02.499-0300] {logging_mixin.py:115} INFO - [2022-09-14T21:23:02.499-0300] {dagbag.py:508} INFO - Filling up the DagBag from /home/juliana/Área de Trabalho/datapipeline/.env/lib/python3.8/site-packages/airflow/example_dags/example_trigger_controller_dag.py
[2022-09-14T21:23:02.504-0300] {processor.py:650} INFO - DAG(s) dict_keys(['example_trigger_controller_dag']) retrieved from /home/juliana/Área de Trabalho/datapipeline/.env/lib/python3.8/site-packages/airflow/example_dags/example_trigger_controller_dag.py
[2022-09-14T21:23:02.522-0300] {logging_mixin.py:115} INFO - [2022-09-14T21:23:02.522-0300] {dag.py:2429} INFO - Sync 1 DAGs
[2022-09-14T21:23:02.539-0300] {logging_mixin.py:115} INFO - [2022-09-14T21:23:02.538-0300] {dag.py:2977} INFO - Setting next_dagrun for example_trigger_controller_dag to 2021-01-01T00:00:00+00:00, run_after=2021-01-01T00:00:00+00:00
[2022-09-14T21:23:02.558-0300] {processor.py:161} INFO - Processing /home/juliana/Área de Trabalho/datapipeline/.env/lib/python3.8/site-packages/airflow/example_dags/example_trigger_controller_dag.py took 0.066 seconds
[2022-09-14T21:23:36.535-0300] {processor.py:153} INFO - Started process (PID=21470) to work on /home/juliana/Área de Trabalho/datapipeline/.env/lib/python3.8/site-packages/airflow/example_dags/example_trigger_controller_dag.py
[2022-09-14T21:23:36.537-0300] {processor.py:640} INFO - Processing file /home/juliana/Área de Trabalho/datapipeline/.env/lib/python3.8/site-packages/airflow/example_dags/example_trigger_controller_dag.py for tasks to queue
[2022-09-14T21:23:36.538-0300] {logging_mixin.py:115} INFO - [2022-09-14T21:23:36.538-0300] {dagbag.py:508} INFO - Filling up the DagBag from /home/juliana/Área de Trabalho/datapipeline/.env/lib/python3.8/site-packages/airflow/example_dags/example_trigger_controller_dag.py
[2022-09-14T21:23:36.547-0300] {processor.py:650} INFO - DAG(s) dict_keys(['example_trigger_controller_dag']) retrieved from /home/juliana/Área de Trabalho/datapipeline/.env/lib/python3.8/site-packages/airflow/example_dags/example_trigger_controller_dag.py
[2022-09-14T21:23:36.568-0300] {logging_mixin.py:115} INFO - [2022-09-14T21:23:36.568-0300] {dag.py:2429} INFO - Sync 1 DAGs
[2022-09-14T21:23:36.588-0300] {logging_mixin.py:115} INFO - [2022-09-14T21:23:36.587-0300] {dag.py:2977} INFO - Setting next_dagrun for example_trigger_controller_dag to 2021-01-01T00:00:00+00:00, run_after=2021-01-01T00:00:00+00:00
[2022-09-14T21:23:36.605-0300] {processor.py:161} INFO - Processing /home/juliana/Área de Trabalho/datapipeline/.env/lib/python3.8/site-packages/airflow/example_dags/example_trigger_controller_dag.py took 0.074 seconds
[2022-09-14T21:24:12.270-0300] {processor.py:153} INFO - Started process (PID=21506) to work on /home/juliana/Área de Trabalho/datapipeline/.env/lib/python3.8/site-packages/airflow/example_dags/example_trigger_controller_dag.py
[2022-09-14T21:24:12.272-0300] {processor.py:640} INFO - Processing file /home/juliana/Área de Trabalho/datapipeline/.env/lib/python3.8/site-packages/airflow/example_dags/example_trigger_controller_dag.py for tasks to queue
[2022-09-14T21:24:12.273-0300] {logging_mixin.py:115} INFO - [2022-09-14T21:24:12.272-0300] {dagbag.py:508} INFO - Filling up the DagBag from /home/juliana/Área de Trabalho/datapipeline/.env/lib/python3.8/site-packages/airflow/example_dags/example_trigger_controller_dag.py
[2022-09-14T21:24:12.283-0300] {processor.py:650} INFO - DAG(s) dict_keys(['example_trigger_controller_dag']) retrieved from /home/juliana/Área de Trabalho/datapipeline/.env/lib/python3.8/site-packages/airflow/example_dags/example_trigger_controller_dag.py
[2022-09-14T21:24:12.310-0300] {logging_mixin.py:115} INFO - [2022-09-14T21:24:12.310-0300] {dag.py:2429} INFO - Sync 1 DAGs
[2022-09-14T21:24:12.342-0300] {logging_mixin.py:115} INFO - [2022-09-14T21:24:12.342-0300] {dag.py:2977} INFO - Setting next_dagrun for example_trigger_controller_dag to 2021-01-01T00:00:00+00:00, run_after=2021-01-01T00:00:00+00:00
[2022-09-14T21:24:12.368-0300] {processor.py:161} INFO - Processing /home/juliana/Área de Trabalho/datapipeline/.env/lib/python3.8/site-packages/airflow/example_dags/example_trigger_controller_dag.py took 0.101 seconds
[2022-09-14T21:24:47.911-0300] {processor.py:153} INFO - Started process (PID=21557) to work on /home/juliana/Área de Trabalho/datapipeline/.env/lib/python3.8/site-packages/airflow/example_dags/example_trigger_controller_dag.py
[2022-09-14T21:24:47.914-0300] {processor.py:640} INFO - Processing file /home/juliana/Área de Trabalho/datapipeline/.env/lib/python3.8/site-packages/airflow/example_dags/example_trigger_controller_dag.py for tasks to queue
[2022-09-14T21:24:47.916-0300] {logging_mixin.py:115} INFO - [2022-09-14T21:24:47.916-0300] {dagbag.py:508} INFO - Filling up the DagBag from /home/juliana/Área de Trabalho/datapipeline/.env/lib/python3.8/site-packages/airflow/example_dags/example_trigger_controller_dag.py
[2022-09-14T21:24:47.924-0300] {processor.py:650} INFO - DAG(s) dict_keys(['example_trigger_controller_dag']) retrieved from /home/juliana/Área de Trabalho/datapipeline/.env/lib/python3.8/site-packages/airflow/example_dags/example_trigger_controller_dag.py
[2022-09-14T21:24:47.946-0300] {logging_mixin.py:115} INFO - [2022-09-14T21:24:47.946-0300] {dag.py:2429} INFO - Sync 1 DAGs
[2022-09-14T21:24:47.966-0300] {logging_mixin.py:115} INFO - [2022-09-14T21:24:47.966-0300] {dag.py:2977} INFO - Setting next_dagrun for example_trigger_controller_dag to 2021-01-01T00:00:00+00:00, run_after=2021-01-01T00:00:00+00:00
[2022-09-14T21:24:47.983-0300] {processor.py:161} INFO - Processing /home/juliana/Área de Trabalho/datapipeline/.env/lib/python3.8/site-packages/airflow/example_dags/example_trigger_controller_dag.py took 0.077 seconds
[2022-09-14T21:25:23.700-0300] {processor.py:153} INFO - Started process (PID=21593) to work on /home/juliana/Área de Trabalho/datapipeline/.env/lib/python3.8/site-packages/airflow/example_dags/example_trigger_controller_dag.py
[2022-09-14T21:25:23.702-0300] {processor.py:640} INFO - Processing file /home/juliana/Área de Trabalho/datapipeline/.env/lib/python3.8/site-packages/airflow/example_dags/example_trigger_controller_dag.py for tasks to queue
[2022-09-14T21:25:23.703-0300] {logging_mixin.py:115} INFO - [2022-09-14T21:25:23.703-0300] {dagbag.py:508} INFO - Filling up the DagBag from /home/juliana/Área de Trabalho/datapipeline/.env/lib/python3.8/site-packages/airflow/example_dags/example_trigger_controller_dag.py
[2022-09-14T21:25:23.709-0300] {processor.py:650} INFO - DAG(s) dict_keys(['example_trigger_controller_dag']) retrieved from /home/juliana/Área de Trabalho/datapipeline/.env/lib/python3.8/site-packages/airflow/example_dags/example_trigger_controller_dag.py
[2022-09-14T21:25:23.728-0300] {logging_mixin.py:115} INFO - [2022-09-14T21:25:23.728-0300] {dag.py:2429} INFO - Sync 1 DAGs
[2022-09-14T21:25:23.746-0300] {logging_mixin.py:115} INFO - [2022-09-14T21:25:23.746-0300] {dag.py:2977} INFO - Setting next_dagrun for example_trigger_controller_dag to 2021-01-01T00:00:00+00:00, run_after=2021-01-01T00:00:00+00:00
[2022-09-14T21:25:23.764-0300] {processor.py:161} INFO - Processing /home/juliana/Área de Trabalho/datapipeline/.env/lib/python3.8/site-packages/airflow/example_dags/example_trigger_controller_dag.py took 0.070 seconds
[2022-09-14T21:25:55.098-0300] {processor.py:153} INFO - Started process (PID=21626) to work on /home/juliana/Área de Trabalho/datapipeline/.env/lib/python3.8/site-packages/airflow/example_dags/example_trigger_controller_dag.py
[2022-09-14T21:25:55.098-0300] {processor.py:640} INFO - Processing file /home/juliana/Área de Trabalho/datapipeline/.env/lib/python3.8/site-packages/airflow/example_dags/example_trigger_controller_dag.py for tasks to queue
[2022-09-14T21:25:55.099-0300] {logging_mixin.py:115} INFO - [2022-09-14T21:25:55.099-0300] {dagbag.py:508} INFO - Filling up the DagBag from /home/juliana/Área de Trabalho/datapipeline/.env/lib/python3.8/site-packages/airflow/example_dags/example_trigger_controller_dag.py
[2022-09-14T21:25:55.102-0300] {processor.py:650} INFO - DAG(s) dict_keys(['example_trigger_controller_dag']) retrieved from /home/juliana/Área de Trabalho/datapipeline/.env/lib/python3.8/site-packages/airflow/example_dags/example_trigger_controller_dag.py
[2022-09-14T21:25:55.117-0300] {logging_mixin.py:115} INFO - [2022-09-14T21:25:55.117-0300] {dag.py:2429} INFO - Sync 1 DAGs
[2022-09-14T21:25:55.134-0300] {logging_mixin.py:115} INFO - [2022-09-14T21:25:55.133-0300] {dag.py:2977} INFO - Setting next_dagrun for example_trigger_controller_dag to 2021-01-01T00:00:00+00:00, run_after=2021-01-01T00:00:00+00:00
[2022-09-14T21:25:55.156-0300] {processor.py:161} INFO - Processing /home/juliana/Área de Trabalho/datapipeline/.env/lib/python3.8/site-packages/airflow/example_dags/example_trigger_controller_dag.py took 0.061 seconds
[2022-09-14T21:26:27.302-0300] {processor.py:153} INFO - Started process (PID=21661) to work on /home/juliana/Área de Trabalho/datapipeline/.env/lib/python3.8/site-packages/airflow/example_dags/example_trigger_controller_dag.py
[2022-09-14T21:26:27.303-0300] {processor.py:640} INFO - Processing file /home/juliana/Área de Trabalho/datapipeline/.env/lib/python3.8/site-packages/airflow/example_dags/example_trigger_controller_dag.py for tasks to queue
[2022-09-14T21:26:27.304-0300] {logging_mixin.py:115} INFO - [2022-09-14T21:26:27.304-0300] {dagbag.py:508} INFO - Filling up the DagBag from /home/juliana/Área de Trabalho/datapipeline/.env/lib/python3.8/site-packages/airflow/example_dags/example_trigger_controller_dag.py
[2022-09-14T21:26:27.309-0300] {processor.py:650} INFO - DAG(s) dict_keys(['example_trigger_controller_dag']) retrieved from /home/juliana/Área de Trabalho/datapipeline/.env/lib/python3.8/site-packages/airflow/example_dags/example_trigger_controller_dag.py
[2022-09-14T21:26:27.330-0300] {logging_mixin.py:115} INFO - [2022-09-14T21:26:27.330-0300] {dag.py:2429} INFO - Sync 1 DAGs
[2022-09-14T21:26:27.347-0300] {logging_mixin.py:115} INFO - [2022-09-14T21:26:27.347-0300] {dag.py:2977} INFO - Setting next_dagrun for example_trigger_controller_dag to 2021-01-01T00:00:00+00:00, run_after=2021-01-01T00:00:00+00:00
[2022-09-14T21:26:27.368-0300] {processor.py:161} INFO - Processing /home/juliana/Área de Trabalho/datapipeline/.env/lib/python3.8/site-packages/airflow/example_dags/example_trigger_controller_dag.py took 0.072 seconds
[2022-09-14T21:27:04.849-0300] {processor.py:153} INFO - Started process (PID=21707) to work on /home/juliana/Área de Trabalho/datapipeline/.env/lib/python3.8/site-packages/airflow/example_dags/example_trigger_controller_dag.py
[2022-09-14T21:27:04.852-0300] {processor.py:640} INFO - Processing file /home/juliana/Área de Trabalho/datapipeline/.env/lib/python3.8/site-packages/airflow/example_dags/example_trigger_controller_dag.py for tasks to queue
[2022-09-14T21:27:04.853-0300] {logging_mixin.py:115} INFO - [2022-09-14T21:27:04.852-0300] {dagbag.py:508} INFO - Filling up the DagBag from /home/juliana/Área de Trabalho/datapipeline/.env/lib/python3.8/site-packages/airflow/example_dags/example_trigger_controller_dag.py
[2022-09-14T21:27:04.864-0300] {processor.py:650} INFO - DAG(s) dict_keys(['example_trigger_controller_dag']) retrieved from /home/juliana/Área de Trabalho/datapipeline/.env/lib/python3.8/site-packages/airflow/example_dags/example_trigger_controller_dag.py
[2022-09-14T21:27:04.897-0300] {logging_mixin.py:115} INFO - [2022-09-14T21:27:04.897-0300] {dag.py:2429} INFO - Sync 1 DAGs
[2022-09-14T21:27:04.915-0300] {logging_mixin.py:115} INFO - [2022-09-14T21:27:04.915-0300] {dag.py:2977} INFO - Setting next_dagrun for example_trigger_controller_dag to 2021-01-01T00:00:00+00:00, run_after=2021-01-01T00:00:00+00:00
[2022-09-14T21:27:04.931-0300] {processor.py:161} INFO - Processing /home/juliana/Área de Trabalho/datapipeline/.env/lib/python3.8/site-packages/airflow/example_dags/example_trigger_controller_dag.py took 0.085 seconds
[2022-09-14T21:33:19.799-0300] {processor.py:153} INFO - Started process (PID=21867) to work on /home/juliana/Área de Trabalho/datapipeline/.env/lib/python3.8/site-packages/airflow/example_dags/example_trigger_controller_dag.py
[2022-09-14T21:33:19.824-0300] {processor.py:640} INFO - Processing file /home/juliana/Área de Trabalho/datapipeline/.env/lib/python3.8/site-packages/airflow/example_dags/example_trigger_controller_dag.py for tasks to queue
[2022-09-14T21:33:19.827-0300] {logging_mixin.py:115} INFO - [2022-09-14T21:33:19.826-0300] {dagbag.py:508} INFO - Filling up the DagBag from /home/juliana/Área de Trabalho/datapipeline/.env/lib/python3.8/site-packages/airflow/example_dags/example_trigger_controller_dag.py
[2022-09-14T21:33:20.059-0300] {processor.py:650} INFO - DAG(s) dict_keys(['example_trigger_controller_dag']) retrieved from /home/juliana/Área de Trabalho/datapipeline/.env/lib/python3.8/site-packages/airflow/example_dags/example_trigger_controller_dag.py
[2022-09-14T21:33:21.857-0300] {logging_mixin.py:115} INFO - [2022-09-14T21:33:21.742-0300] {dag.py:2429} INFO - Sync 1 DAGs
[2022-09-14T21:33:25.327-0300] {logging_mixin.py:115} INFO - [2022-09-14T21:33:25.084-0300] {dag.py:2977} INFO - Setting next_dagrun for example_trigger_controller_dag to 2021-01-01T00:00:00+00:00, run_after=2021-01-01T00:00:00+00:00
[2022-09-14T21:33:28.972-0300] {processor.py:161} INFO - Processing /home/juliana/Área de Trabalho/datapipeline/.env/lib/python3.8/site-packages/airflow/example_dags/example_trigger_controller_dag.py took 9.184 seconds
[2022-09-14T21:45:33.829-0300] {processor.py:153} INFO - Started process (PID=21982) to work on /home/juliana/Área de Trabalho/datapipeline/.env/lib/python3.8/site-packages/airflow/example_dags/example_trigger_controller_dag.py
[2022-09-14T21:45:33.886-0300] {processor.py:640} INFO - Processing file /home/juliana/Área de Trabalho/datapipeline/.env/lib/python3.8/site-packages/airflow/example_dags/example_trigger_controller_dag.py for tasks to queue
[2022-09-14T21:45:33.888-0300] {logging_mixin.py:115} INFO - [2022-09-14T21:45:33.887-0300] {dagbag.py:508} INFO - Filling up the DagBag from /home/juliana/Área de Trabalho/datapipeline/.env/lib/python3.8/site-packages/airflow/example_dags/example_trigger_controller_dag.py
[2022-09-14T21:45:34.455-0300] {processor.py:650} INFO - DAG(s) dict_keys(['example_trigger_controller_dag']) retrieved from /home/juliana/Área de Trabalho/datapipeline/.env/lib/python3.8/site-packages/airflow/example_dags/example_trigger_controller_dag.py
[2022-09-14T21:45:36.206-0300] {logging_mixin.py:115} INFO - [2022-09-14T21:45:36.031-0300] {dag.py:2429} INFO - Sync 1 DAGs
[2022-09-14T21:45:40.210-0300] {logging_mixin.py:115} INFO - [2022-09-14T21:45:40.123-0300] {dag.py:2977} INFO - Setting next_dagrun for example_trigger_controller_dag to 2021-01-01T00:00:00+00:00, run_after=2021-01-01T00:00:00+00:00
[2022-09-14T21:45:40.553-0300] {processor.py:161} INFO - Processing /home/juliana/Área de Trabalho/datapipeline/.env/lib/python3.8/site-packages/airflow/example_dags/example_trigger_controller_dag.py took 6.756 seconds
[2022-09-15T13:35:30.286-0300] {processor.py:153} INFO - Started process (PID=7073) to work on /home/juliana/Área de Trabalho/datapipeline/.env/lib/python3.8/site-packages/airflow/example_dags/example_trigger_controller_dag.py
[2022-09-15T13:35:30.288-0300] {processor.py:640} INFO - Processing file /home/juliana/Área de Trabalho/datapipeline/.env/lib/python3.8/site-packages/airflow/example_dags/example_trigger_controller_dag.py for tasks to queue
[2022-09-15T13:35:30.289-0300] {logging_mixin.py:115} INFO - [2022-09-15T13:35:30.289-0300] {dagbag.py:508} INFO - Filling up the DagBag from /home/juliana/Área de Trabalho/datapipeline/.env/lib/python3.8/site-packages/airflow/example_dags/example_trigger_controller_dag.py
[2022-09-15T13:35:30.298-0300] {processor.py:650} INFO - DAG(s) dict_keys(['example_trigger_controller_dag']) retrieved from /home/juliana/Área de Trabalho/datapipeline/.env/lib/python3.8/site-packages/airflow/example_dags/example_trigger_controller_dag.py
[2022-09-15T13:35:30.371-0300] {logging_mixin.py:115} INFO - [2022-09-15T13:35:30.367-0300] {dag.py:2429} INFO - Sync 1 DAGs
[2022-09-15T13:35:30.453-0300] {logging_mixin.py:115} INFO - [2022-09-15T13:35:30.452-0300] {dag.py:2977} INFO - Setting next_dagrun for example_trigger_controller_dag to 2021-01-01T00:00:00+00:00, run_after=2021-01-01T00:00:00+00:00
[2022-09-15T13:35:30.506-0300] {processor.py:161} INFO - Processing /home/juliana/Área de Trabalho/datapipeline/.env/lib/python3.8/site-packages/airflow/example_dags/example_trigger_controller_dag.py took 0.239 seconds
[2022-09-15T13:36:14.669-0300] {processor.py:153} INFO - Started process (PID=7446) to work on /home/juliana/Área de Trabalho/datapipeline/.env/lib/python3.8/site-packages/airflow/example_dags/example_trigger_controller_dag.py
[2022-09-15T13:36:14.676-0300] {processor.py:640} INFO - Processing file /home/juliana/Área de Trabalho/datapipeline/.env/lib/python3.8/site-packages/airflow/example_dags/example_trigger_controller_dag.py for tasks to queue
[2022-09-15T13:36:14.677-0300] {logging_mixin.py:115} INFO - [2022-09-15T13:36:14.676-0300] {dagbag.py:508} INFO - Filling up the DagBag from /home/juliana/Área de Trabalho/datapipeline/.env/lib/python3.8/site-packages/airflow/example_dags/example_trigger_controller_dag.py
[2022-09-15T13:36:14.684-0300] {processor.py:650} INFO - DAG(s) dict_keys(['example_trigger_controller_dag']) retrieved from /home/juliana/Área de Trabalho/datapipeline/.env/lib/python3.8/site-packages/airflow/example_dags/example_trigger_controller_dag.py
[2022-09-15T13:36:14.724-0300] {logging_mixin.py:115} INFO - [2022-09-15T13:36:14.724-0300] {dag.py:2429} INFO - Sync 1 DAGs
[2022-09-15T13:36:14.749-0300] {logging_mixin.py:115} INFO - [2022-09-15T13:36:14.749-0300] {dag.py:2977} INFO - Setting next_dagrun for example_trigger_controller_dag to 2021-01-01T00:00:00+00:00, run_after=2021-01-01T00:00:00+00:00
[2022-09-15T13:36:14.768-0300] {processor.py:161} INFO - Processing /home/juliana/Área de Trabalho/datapipeline/.env/lib/python3.8/site-packages/airflow/example_dags/example_trigger_controller_dag.py took 0.103 seconds
[2022-09-15T13:36:52.974-0300] {processor.py:153} INFO - Started process (PID=7591) to work on /home/juliana/Área de Trabalho/datapipeline/.env/lib/python3.8/site-packages/airflow/example_dags/example_trigger_controller_dag.py
[2022-09-15T13:36:52.980-0300] {processor.py:640} INFO - Processing file /home/juliana/Área de Trabalho/datapipeline/.env/lib/python3.8/site-packages/airflow/example_dags/example_trigger_controller_dag.py for tasks to queue
[2022-09-15T13:36:52.982-0300] {logging_mixin.py:115} INFO - [2022-09-15T13:36:52.982-0300] {dagbag.py:508} INFO - Filling up the DagBag from /home/juliana/Área de Trabalho/datapipeline/.env/lib/python3.8/site-packages/airflow/example_dags/example_trigger_controller_dag.py
[2022-09-15T13:36:52.988-0300] {processor.py:650} INFO - DAG(s) dict_keys(['example_trigger_controller_dag']) retrieved from /home/juliana/Área de Trabalho/datapipeline/.env/lib/python3.8/site-packages/airflow/example_dags/example_trigger_controller_dag.py
[2022-09-15T13:36:53.014-0300] {logging_mixin.py:115} INFO - [2022-09-15T13:36:53.014-0300] {dag.py:2429} INFO - Sync 1 DAGs
[2022-09-15T13:36:53.035-0300] {logging_mixin.py:115} INFO - [2022-09-15T13:36:53.035-0300] {dag.py:2977} INFO - Setting next_dagrun for example_trigger_controller_dag to 2021-01-01T00:00:00+00:00, run_after=2021-01-01T00:00:00+00:00
[2022-09-15T13:36:53.055-0300] {processor.py:161} INFO - Processing /home/juliana/Área de Trabalho/datapipeline/.env/lib/python3.8/site-packages/airflow/example_dags/example_trigger_controller_dag.py took 0.088 seconds
[2022-09-15T13:37:30.917-0300] {processor.py:153} INFO - Started process (PID=7727) to work on /home/juliana/Área de Trabalho/datapipeline/.env/lib/python3.8/site-packages/airflow/example_dags/example_trigger_controller_dag.py
[2022-09-15T13:37:30.921-0300] {processor.py:640} INFO - Processing file /home/juliana/Área de Trabalho/datapipeline/.env/lib/python3.8/site-packages/airflow/example_dags/example_trigger_controller_dag.py for tasks to queue
[2022-09-15T13:37:30.922-0300] {logging_mixin.py:115} INFO - [2022-09-15T13:37:30.921-0300] {dagbag.py:508} INFO - Filling up the DagBag from /home/juliana/Área de Trabalho/datapipeline/.env/lib/python3.8/site-packages/airflow/example_dags/example_trigger_controller_dag.py
[2022-09-15T13:37:30.929-0300] {processor.py:650} INFO - DAG(s) dict_keys(['example_trigger_controller_dag']) retrieved from /home/juliana/Área de Trabalho/datapipeline/.env/lib/python3.8/site-packages/airflow/example_dags/example_trigger_controller_dag.py
[2022-09-15T13:37:30.961-0300] {logging_mixin.py:115} INFO - [2022-09-15T13:37:30.961-0300] {dag.py:2429} INFO - Sync 1 DAGs
[2022-09-15T13:37:31.127-0300] {logging_mixin.py:115} INFO - [2022-09-15T13:37:31.126-0300] {dag.py:2977} INFO - Setting next_dagrun for example_trigger_controller_dag to 2021-01-01T00:00:00+00:00, run_after=2021-01-01T00:00:00+00:00
[2022-09-15T13:37:31.189-0300] {processor.py:161} INFO - Processing /home/juliana/Área de Trabalho/datapipeline/.env/lib/python3.8/site-packages/airflow/example_dags/example_trigger_controller_dag.py took 0.278 seconds
[2022-09-15T13:38:13.019-0300] {processor.py:153} INFO - Started process (PID=7872) to work on /home/juliana/Área de Trabalho/datapipeline/.env/lib/python3.8/site-packages/airflow/example_dags/example_trigger_controller_dag.py
[2022-09-15T13:38:13.026-0300] {processor.py:640} INFO - Processing file /home/juliana/Área de Trabalho/datapipeline/.env/lib/python3.8/site-packages/airflow/example_dags/example_trigger_controller_dag.py for tasks to queue
[2022-09-15T13:38:13.027-0300] {logging_mixin.py:115} INFO - [2022-09-15T13:38:13.027-0300] {dagbag.py:508} INFO - Filling up the DagBag from /home/juliana/Área de Trabalho/datapipeline/.env/lib/python3.8/site-packages/airflow/example_dags/example_trigger_controller_dag.py
[2022-09-15T13:38:13.033-0300] {processor.py:650} INFO - DAG(s) dict_keys(['example_trigger_controller_dag']) retrieved from /home/juliana/Área de Trabalho/datapipeline/.env/lib/python3.8/site-packages/airflow/example_dags/example_trigger_controller_dag.py
[2022-09-15T13:38:13.053-0300] {logging_mixin.py:115} INFO - [2022-09-15T13:38:13.053-0300] {dag.py:2429} INFO - Sync 1 DAGs
[2022-09-15T13:38:13.074-0300] {logging_mixin.py:115} INFO - [2022-09-15T13:38:13.073-0300] {dag.py:2977} INFO - Setting next_dagrun for example_trigger_controller_dag to 2021-01-01T00:00:00+00:00, run_after=2021-01-01T00:00:00+00:00
[2022-09-15T13:38:13.116-0300] {processor.py:161} INFO - Processing /home/juliana/Área de Trabalho/datapipeline/.env/lib/python3.8/site-packages/airflow/example_dags/example_trigger_controller_dag.py took 0.103 seconds
[2022-09-15T13:38:51.685-0300] {processor.py:153} INFO - Started process (PID=8002) to work on /home/juliana/Área de Trabalho/datapipeline/.env/lib/python3.8/site-packages/airflow/example_dags/example_trigger_controller_dag.py
[2022-09-15T13:38:51.688-0300] {processor.py:640} INFO - Processing file /home/juliana/Área de Trabalho/datapipeline/.env/lib/python3.8/site-packages/airflow/example_dags/example_trigger_controller_dag.py for tasks to queue
[2022-09-15T13:38:51.689-0300] {logging_mixin.py:115} INFO - [2022-09-15T13:38:51.689-0300] {dagbag.py:508} INFO - Filling up the DagBag from /home/juliana/Área de Trabalho/datapipeline/.env/lib/python3.8/site-packages/airflow/example_dags/example_trigger_controller_dag.py
[2022-09-15T13:38:51.695-0300] {processor.py:650} INFO - DAG(s) dict_keys(['example_trigger_controller_dag']) retrieved from /home/juliana/Área de Trabalho/datapipeline/.env/lib/python3.8/site-packages/airflow/example_dags/example_trigger_controller_dag.py
[2022-09-15T13:38:51.716-0300] {logging_mixin.py:115} INFO - [2022-09-15T13:38:51.716-0300] {dag.py:2429} INFO - Sync 1 DAGs
[2022-09-15T13:38:51.738-0300] {logging_mixin.py:115} INFO - [2022-09-15T13:38:51.737-0300] {dag.py:2977} INFO - Setting next_dagrun for example_trigger_controller_dag to 2021-01-01T00:00:00+00:00, run_after=2021-01-01T00:00:00+00:00
[2022-09-15T13:38:51.757-0300] {processor.py:161} INFO - Processing /home/juliana/Área de Trabalho/datapipeline/.env/lib/python3.8/site-packages/airflow/example_dags/example_trigger_controller_dag.py took 0.078 seconds
[2022-09-15T13:39:30.770-0300] {processor.py:153} INFO - Started process (PID=8135) to work on /home/juliana/Área de Trabalho/datapipeline/.env/lib/python3.8/site-packages/airflow/example_dags/example_trigger_controller_dag.py
[2022-09-15T13:39:30.772-0300] {processor.py:640} INFO - Processing file /home/juliana/Área de Trabalho/datapipeline/.env/lib/python3.8/site-packages/airflow/example_dags/example_trigger_controller_dag.py for tasks to queue
[2022-09-15T13:39:30.773-0300] {logging_mixin.py:115} INFO - [2022-09-15T13:39:30.773-0300] {dagbag.py:508} INFO - Filling up the DagBag from /home/juliana/Área de Trabalho/datapipeline/.env/lib/python3.8/site-packages/airflow/example_dags/example_trigger_controller_dag.py
[2022-09-15T13:39:30.784-0300] {processor.py:650} INFO - DAG(s) dict_keys(['example_trigger_controller_dag']) retrieved from /home/juliana/Área de Trabalho/datapipeline/.env/lib/python3.8/site-packages/airflow/example_dags/example_trigger_controller_dag.py
[2022-09-15T13:39:30.813-0300] {logging_mixin.py:115} INFO - [2022-09-15T13:39:30.813-0300] {dag.py:2429} INFO - Sync 1 DAGs
[2022-09-15T13:39:30.833-0300] {logging_mixin.py:115} INFO - [2022-09-15T13:39:30.833-0300] {dag.py:2977} INFO - Setting next_dagrun for example_trigger_controller_dag to 2021-01-01T00:00:00+00:00, run_after=2021-01-01T00:00:00+00:00
[2022-09-15T13:39:30.851-0300] {processor.py:161} INFO - Processing /home/juliana/Área de Trabalho/datapipeline/.env/lib/python3.8/site-packages/airflow/example_dags/example_trigger_controller_dag.py took 0.086 seconds
[2022-09-15T13:40:08.626-0300] {processor.py:153} INFO - Started process (PID=8266) to work on /home/juliana/Área de Trabalho/datapipeline/.env/lib/python3.8/site-packages/airflow/example_dags/example_trigger_controller_dag.py
[2022-09-15T13:40:08.633-0300] {processor.py:640} INFO - Processing file /home/juliana/Área de Trabalho/datapipeline/.env/lib/python3.8/site-packages/airflow/example_dags/example_trigger_controller_dag.py for tasks to queue
[2022-09-15T13:40:08.634-0300] {logging_mixin.py:115} INFO - [2022-09-15T13:40:08.633-0300] {dagbag.py:508} INFO - Filling up the DagBag from /home/juliana/Área de Trabalho/datapipeline/.env/lib/python3.8/site-packages/airflow/example_dags/example_trigger_controller_dag.py
[2022-09-15T13:40:08.641-0300] {processor.py:650} INFO - DAG(s) dict_keys(['example_trigger_controller_dag']) retrieved from /home/juliana/Área de Trabalho/datapipeline/.env/lib/python3.8/site-packages/airflow/example_dags/example_trigger_controller_dag.py
[2022-09-15T13:40:08.683-0300] {logging_mixin.py:115} INFO - [2022-09-15T13:40:08.682-0300] {dag.py:2429} INFO - Sync 1 DAGs
[2022-09-15T13:40:08.728-0300] {logging_mixin.py:115} INFO - [2022-09-15T13:40:08.728-0300] {dag.py:2977} INFO - Setting next_dagrun for example_trigger_controller_dag to 2021-01-01T00:00:00+00:00, run_after=2021-01-01T00:00:00+00:00
[2022-09-15T13:40:08.755-0300] {processor.py:161} INFO - Processing /home/juliana/Área de Trabalho/datapipeline/.env/lib/python3.8/site-packages/airflow/example_dags/example_trigger_controller_dag.py took 0.140 seconds
[2022-09-15T13:40:45.679-0300] {processor.py:153} INFO - Started process (PID=8408) to work on /home/juliana/Área de Trabalho/datapipeline/.env/lib/python3.8/site-packages/airflow/example_dags/example_trigger_controller_dag.py
[2022-09-15T13:40:45.687-0300] {processor.py:640} INFO - Processing file /home/juliana/Área de Trabalho/datapipeline/.env/lib/python3.8/site-packages/airflow/example_dags/example_trigger_controller_dag.py for tasks to queue
[2022-09-15T13:40:45.688-0300] {logging_mixin.py:115} INFO - [2022-09-15T13:40:45.688-0300] {dagbag.py:508} INFO - Filling up the DagBag from /home/juliana/Área de Trabalho/datapipeline/.env/lib/python3.8/site-packages/airflow/example_dags/example_trigger_controller_dag.py
[2022-09-15T13:40:45.697-0300] {processor.py:650} INFO - DAG(s) dict_keys(['example_trigger_controller_dag']) retrieved from /home/juliana/Área de Trabalho/datapipeline/.env/lib/python3.8/site-packages/airflow/example_dags/example_trigger_controller_dag.py
[2022-09-15T13:40:45.739-0300] {logging_mixin.py:115} INFO - [2022-09-15T13:40:45.739-0300] {dag.py:2429} INFO - Sync 1 DAGs
[2022-09-15T13:40:45.759-0300] {logging_mixin.py:115} INFO - [2022-09-15T13:40:45.759-0300] {dag.py:2977} INFO - Setting next_dagrun for example_trigger_controller_dag to 2021-01-01T00:00:00+00:00, run_after=2021-01-01T00:00:00+00:00
[2022-09-15T13:40:45.853-0300] {processor.py:161} INFO - Processing /home/juliana/Área de Trabalho/datapipeline/.env/lib/python3.8/site-packages/airflow/example_dags/example_trigger_controller_dag.py took 0.181 seconds
[2022-09-15T13:41:22.964-0300] {processor.py:153} INFO - Started process (PID=8541) to work on /home/juliana/Área de Trabalho/datapipeline/.env/lib/python3.8/site-packages/airflow/example_dags/example_trigger_controller_dag.py
[2022-09-15T13:41:22.971-0300] {processor.py:640} INFO - Processing file /home/juliana/Área de Trabalho/datapipeline/.env/lib/python3.8/site-packages/airflow/example_dags/example_trigger_controller_dag.py for tasks to queue
[2022-09-15T13:41:22.972-0300] {logging_mixin.py:115} INFO - [2022-09-15T13:41:22.972-0300] {dagbag.py:508} INFO - Filling up the DagBag from /home/juliana/Área de Trabalho/datapipeline/.env/lib/python3.8/site-packages/airflow/example_dags/example_trigger_controller_dag.py
[2022-09-15T13:41:22.977-0300] {processor.py:650} INFO - DAG(s) dict_keys(['example_trigger_controller_dag']) retrieved from /home/juliana/Área de Trabalho/datapipeline/.env/lib/python3.8/site-packages/airflow/example_dags/example_trigger_controller_dag.py
[2022-09-15T13:41:23.018-0300] {logging_mixin.py:115} INFO - [2022-09-15T13:41:23.017-0300] {dag.py:2429} INFO - Sync 1 DAGs
[2022-09-15T13:41:23.050-0300] {logging_mixin.py:115} INFO - [2022-09-15T13:41:23.050-0300] {dag.py:2977} INFO - Setting next_dagrun for example_trigger_controller_dag to 2021-01-01T00:00:00+00:00, run_after=2021-01-01T00:00:00+00:00
[2022-09-15T13:41:23.068-0300] {processor.py:161} INFO - Processing /home/juliana/Área de Trabalho/datapipeline/.env/lib/python3.8/site-packages/airflow/example_dags/example_trigger_controller_dag.py took 0.110 seconds
[2022-09-15T13:41:57.869-0300] {processor.py:153} INFO - Started process (PID=8668) to work on /home/juliana/Área de Trabalho/datapipeline/.env/lib/python3.8/site-packages/airflow/example_dags/example_trigger_controller_dag.py
[2022-09-15T13:41:57.878-0300] {processor.py:640} INFO - Processing file /home/juliana/Área de Trabalho/datapipeline/.env/lib/python3.8/site-packages/airflow/example_dags/example_trigger_controller_dag.py for tasks to queue
[2022-09-15T13:41:57.881-0300] {logging_mixin.py:115} INFO - [2022-09-15T13:41:57.880-0300] {dagbag.py:508} INFO - Filling up the DagBag from /home/juliana/Área de Trabalho/datapipeline/.env/lib/python3.8/site-packages/airflow/example_dags/example_trigger_controller_dag.py
[2022-09-15T13:41:57.891-0300] {processor.py:650} INFO - DAG(s) dict_keys(['example_trigger_controller_dag']) retrieved from /home/juliana/Área de Trabalho/datapipeline/.env/lib/python3.8/site-packages/airflow/example_dags/example_trigger_controller_dag.py
[2022-09-15T13:41:57.937-0300] {logging_mixin.py:115} INFO - [2022-09-15T13:41:57.937-0300] {dag.py:2429} INFO - Sync 1 DAGs
[2022-09-15T13:41:58.021-0300] {logging_mixin.py:115} INFO - [2022-09-15T13:41:58.021-0300] {dag.py:2977} INFO - Setting next_dagrun for example_trigger_controller_dag to 2021-01-01T00:00:00+00:00, run_after=2021-01-01T00:00:00+00:00
[2022-09-15T13:41:58.114-0300] {processor.py:161} INFO - Processing /home/juliana/Área de Trabalho/datapipeline/.env/lib/python3.8/site-packages/airflow/example_dags/example_trigger_controller_dag.py took 0.250 seconds
[2022-09-15T13:42:36.752-0300] {processor.py:153} INFO - Started process (PID=8812) to work on /home/juliana/Área de Trabalho/datapipeline/.env/lib/python3.8/site-packages/airflow/example_dags/example_trigger_controller_dag.py
[2022-09-15T13:42:36.755-0300] {processor.py:640} INFO - Processing file /home/juliana/Área de Trabalho/datapipeline/.env/lib/python3.8/site-packages/airflow/example_dags/example_trigger_controller_dag.py for tasks to queue
[2022-09-15T13:42:36.756-0300] {logging_mixin.py:115} INFO - [2022-09-15T13:42:36.756-0300] {dagbag.py:508} INFO - Filling up the DagBag from /home/juliana/Área de Trabalho/datapipeline/.env/lib/python3.8/site-packages/airflow/example_dags/example_trigger_controller_dag.py
[2022-09-15T13:42:36.772-0300] {processor.py:650} INFO - DAG(s) dict_keys(['example_trigger_controller_dag']) retrieved from /home/juliana/Área de Trabalho/datapipeline/.env/lib/python3.8/site-packages/airflow/example_dags/example_trigger_controller_dag.py
[2022-09-15T13:42:36.831-0300] {logging_mixin.py:115} INFO - [2022-09-15T13:42:36.831-0300] {dag.py:2429} INFO - Sync 1 DAGs
[2022-09-15T13:42:36.884-0300] {logging_mixin.py:115} INFO - [2022-09-15T13:42:36.884-0300] {dag.py:2977} INFO - Setting next_dagrun for example_trigger_controller_dag to 2021-01-01T00:00:00+00:00, run_after=2021-01-01T00:00:00+00:00
[2022-09-15T13:42:37.195-0300] {processor.py:161} INFO - Processing /home/juliana/Área de Trabalho/datapipeline/.env/lib/python3.8/site-packages/airflow/example_dags/example_trigger_controller_dag.py took 0.450 seconds
