[2022-09-14T21:00:33.982-0300] {processor.py:153} INFO - Started process (PID=19997) to work on /home/juliana/Área de Trabalho/datapipeline/.env/lib/python3.8/site-packages/airflow/example_dags/example_task_group_decorator.py
[2022-09-14T21:00:33.983-0300] {processor.py:640} INFO - Processing file /home/juliana/Área de Trabalho/datapipeline/.env/lib/python3.8/site-packages/airflow/example_dags/example_task_group_decorator.py for tasks to queue
[2022-09-14T21:00:33.984-0300] {logging_mixin.py:115} INFO - [2022-09-14T21:00:33.984-0300] {dagbag.py:508} INFO - Filling up the DagBag from /home/juliana/Área de Trabalho/datapipeline/.env/lib/python3.8/site-packages/airflow/example_dags/example_task_group_decorator.py
[2022-09-14T21:00:34.016-0300] {processor.py:650} INFO - DAG(s) dict_keys(['example_task_group_decorator']) retrieved from /home/juliana/Área de Trabalho/datapipeline/.env/lib/python3.8/site-packages/airflow/example_dags/example_task_group_decorator.py
[2022-09-14T21:00:34.035-0300] {logging_mixin.py:115} INFO - [2022-09-14T21:00:34.035-0300] {dag.py:2429} INFO - Sync 1 DAGs
[2022-09-14T21:00:34.053-0300] {logging_mixin.py:115} INFO - [2022-09-14T21:00:34.052-0300] {dag.py:2977} INFO - Setting next_dagrun for example_task_group_decorator to 2022-09-14T00:00:34.052705+00:00, run_after=2022-09-15T00:00:34.052705+00:00
[2022-09-14T21:00:34.070-0300] {processor.py:161} INFO - Processing /home/juliana/Área de Trabalho/datapipeline/.env/lib/python3.8/site-packages/airflow/example_dags/example_task_group_decorator.py took 0.091 seconds
[2022-09-14T21:01:06.926-0300] {processor.py:153} INFO - Started process (PID=20032) to work on /home/juliana/Área de Trabalho/datapipeline/.env/lib/python3.8/site-packages/airflow/example_dags/example_task_group_decorator.py
[2022-09-14T21:01:06.928-0300] {processor.py:640} INFO - Processing file /home/juliana/Área de Trabalho/datapipeline/.env/lib/python3.8/site-packages/airflow/example_dags/example_task_group_decorator.py for tasks to queue
[2022-09-14T21:01:06.929-0300] {logging_mixin.py:115} INFO - [2022-09-14T21:01:06.929-0300] {dagbag.py:508} INFO - Filling up the DagBag from /home/juliana/Área de Trabalho/datapipeline/.env/lib/python3.8/site-packages/airflow/example_dags/example_task_group_decorator.py
[2022-09-14T21:01:06.965-0300] {processor.py:650} INFO - DAG(s) dict_keys(['example_task_group_decorator']) retrieved from /home/juliana/Área de Trabalho/datapipeline/.env/lib/python3.8/site-packages/airflow/example_dags/example_task_group_decorator.py
[2022-09-14T21:01:06.980-0300] {logging_mixin.py:115} INFO - [2022-09-14T21:01:06.980-0300] {dag.py:2429} INFO - Sync 1 DAGs
[2022-09-14T21:01:06.995-0300] {logging_mixin.py:115} INFO - [2022-09-14T21:01:06.995-0300] {dag.py:2977} INFO - Setting next_dagrun for example_task_group_decorator to 2022-09-14T00:01:06.994867+00:00, run_after=2022-09-15T00:01:06.994867+00:00
[2022-09-14T21:01:07.016-0300] {processor.py:161} INFO - Processing /home/juliana/Área de Trabalho/datapipeline/.env/lib/python3.8/site-packages/airflow/example_dags/example_task_group_decorator.py took 0.096 seconds
[2022-09-14T21:01:39.504-0300] {processor.py:153} INFO - Started process (PID=20066) to work on /home/juliana/Área de Trabalho/datapipeline/.env/lib/python3.8/site-packages/airflow/example_dags/example_task_group_decorator.py
[2022-09-14T21:01:39.506-0300] {processor.py:640} INFO - Processing file /home/juliana/Área de Trabalho/datapipeline/.env/lib/python3.8/site-packages/airflow/example_dags/example_task_group_decorator.py for tasks to queue
[2022-09-14T21:01:39.507-0300] {logging_mixin.py:115} INFO - [2022-09-14T21:01:39.507-0300] {dagbag.py:508} INFO - Filling up the DagBag from /home/juliana/Área de Trabalho/datapipeline/.env/lib/python3.8/site-packages/airflow/example_dags/example_task_group_decorator.py
[2022-09-14T21:01:39.546-0300] {processor.py:650} INFO - DAG(s) dict_keys(['example_task_group_decorator']) retrieved from /home/juliana/Área de Trabalho/datapipeline/.env/lib/python3.8/site-packages/airflow/example_dags/example_task_group_decorator.py
[2022-09-14T21:01:39.568-0300] {logging_mixin.py:115} INFO - [2022-09-14T21:01:39.568-0300] {dag.py:2429} INFO - Sync 1 DAGs
[2022-09-14T21:01:39.582-0300] {logging_mixin.py:115} INFO - [2022-09-14T21:01:39.582-0300] {dag.py:2977} INFO - Setting next_dagrun for example_task_group_decorator to 2022-09-14T00:01:39.581800+00:00, run_after=2022-09-15T00:01:39.581800+00:00
[2022-09-14T21:01:39.599-0300] {processor.py:161} INFO - Processing /home/juliana/Área de Trabalho/datapipeline/.env/lib/python3.8/site-packages/airflow/example_dags/example_task_group_decorator.py took 0.101 seconds
[2022-09-14T21:02:12.689-0300] {processor.py:153} INFO - Started process (PID=20101) to work on /home/juliana/Área de Trabalho/datapipeline/.env/lib/python3.8/site-packages/airflow/example_dags/example_task_group_decorator.py
[2022-09-14T21:02:12.690-0300] {processor.py:640} INFO - Processing file /home/juliana/Área de Trabalho/datapipeline/.env/lib/python3.8/site-packages/airflow/example_dags/example_task_group_decorator.py for tasks to queue
[2022-09-14T21:02:12.691-0300] {logging_mixin.py:115} INFO - [2022-09-14T21:02:12.691-0300] {dagbag.py:508} INFO - Filling up the DagBag from /home/juliana/Área de Trabalho/datapipeline/.env/lib/python3.8/site-packages/airflow/example_dags/example_task_group_decorator.py
[2022-09-14T21:02:12.715-0300] {processor.py:650} INFO - DAG(s) dict_keys(['example_task_group_decorator']) retrieved from /home/juliana/Área de Trabalho/datapipeline/.env/lib/python3.8/site-packages/airflow/example_dags/example_task_group_decorator.py
[2022-09-14T21:02:12.750-0300] {logging_mixin.py:115} INFO - [2022-09-14T21:02:12.749-0300] {dag.py:2429} INFO - Sync 1 DAGs
[2022-09-14T21:02:12.762-0300] {logging_mixin.py:115} INFO - [2022-09-14T21:02:12.762-0300] {dag.py:2977} INFO - Setting next_dagrun for example_task_group_decorator to 2022-09-14T00:02:12.761970+00:00, run_after=2022-09-15T00:02:12.761970+00:00
[2022-09-14T21:02:12.785-0300] {processor.py:161} INFO - Processing /home/juliana/Área de Trabalho/datapipeline/.env/lib/python3.8/site-packages/airflow/example_dags/example_task_group_decorator.py took 0.100 seconds
[2022-09-14T21:03:13.092-0300] {processor.py:153} INFO - Started process (PID=20179) to work on /home/juliana/Área de Trabalho/datapipeline/.env/lib/python3.8/site-packages/airflow/example_dags/example_task_group_decorator.py
[2022-09-14T21:03:13.095-0300] {processor.py:640} INFO - Processing file /home/juliana/Área de Trabalho/datapipeline/.env/lib/python3.8/site-packages/airflow/example_dags/example_task_group_decorator.py for tasks to queue
[2022-09-14T21:03:13.096-0300] {logging_mixin.py:115} INFO - [2022-09-14T21:03:13.096-0300] {dagbag.py:508} INFO - Filling up the DagBag from /home/juliana/Área de Trabalho/datapipeline/.env/lib/python3.8/site-packages/airflow/example_dags/example_task_group_decorator.py
[2022-09-14T21:03:13.150-0300] {processor.py:650} INFO - DAG(s) dict_keys(['example_task_group_decorator']) retrieved from /home/juliana/Área de Trabalho/datapipeline/.env/lib/python3.8/site-packages/airflow/example_dags/example_task_group_decorator.py
[2022-09-14T21:03:13.226-0300] {logging_mixin.py:115} INFO - [2022-09-14T21:03:13.226-0300] {dag.py:2429} INFO - Sync 1 DAGs
[2022-09-14T21:03:13.262-0300] {logging_mixin.py:115} INFO - [2022-09-14T21:03:13.261-0300] {dag.py:2977} INFO - Setting next_dagrun for example_task_group_decorator to 2022-09-14T00:03:13.255406+00:00, run_after=2022-09-15T00:03:13.255406+00:00
[2022-09-14T21:03:13.290-0300] {processor.py:161} INFO - Processing /home/juliana/Área de Trabalho/datapipeline/.env/lib/python3.8/site-packages/airflow/example_dags/example_task_group_decorator.py took 0.203 seconds
[2022-09-14T21:03:50.905-0300] {processor.py:153} INFO - Started process (PID=20213) to work on /home/juliana/Área de Trabalho/datapipeline/.env/lib/python3.8/site-packages/airflow/example_dags/example_task_group_decorator.py
[2022-09-14T21:03:50.907-0300] {processor.py:640} INFO - Processing file /home/juliana/Área de Trabalho/datapipeline/.env/lib/python3.8/site-packages/airflow/example_dags/example_task_group_decorator.py for tasks to queue
[2022-09-14T21:03:50.908-0300] {logging_mixin.py:115} INFO - [2022-09-14T21:03:50.908-0300] {dagbag.py:508} INFO - Filling up the DagBag from /home/juliana/Área de Trabalho/datapipeline/.env/lib/python3.8/site-packages/airflow/example_dags/example_task_group_decorator.py
[2022-09-14T21:03:50.951-0300] {processor.py:650} INFO - DAG(s) dict_keys(['example_task_group_decorator']) retrieved from /home/juliana/Área de Trabalho/datapipeline/.env/lib/python3.8/site-packages/airflow/example_dags/example_task_group_decorator.py
[2022-09-14T21:03:50.972-0300] {logging_mixin.py:115} INFO - [2022-09-14T21:03:50.972-0300] {dag.py:2429} INFO - Sync 1 DAGs
[2022-09-14T21:03:51.001-0300] {logging_mixin.py:115} INFO - [2022-09-14T21:03:51.001-0300] {dag.py:2977} INFO - Setting next_dagrun for example_task_group_decorator to 2022-09-14T00:03:50.994034+00:00, run_after=2022-09-15T00:03:50.994034+00:00
[2022-09-14T21:03:51.025-0300] {processor.py:161} INFO - Processing /home/juliana/Área de Trabalho/datapipeline/.env/lib/python3.8/site-packages/airflow/example_dags/example_task_group_decorator.py took 0.124 seconds
[2022-09-14T21:04:27.624-0300] {processor.py:153} INFO - Started process (PID=20247) to work on /home/juliana/Área de Trabalho/datapipeline/.env/lib/python3.8/site-packages/airflow/example_dags/example_task_group_decorator.py
[2022-09-14T21:04:27.626-0300] {processor.py:640} INFO - Processing file /home/juliana/Área de Trabalho/datapipeline/.env/lib/python3.8/site-packages/airflow/example_dags/example_task_group_decorator.py for tasks to queue
[2022-09-14T21:04:27.627-0300] {logging_mixin.py:115} INFO - [2022-09-14T21:04:27.626-0300] {dagbag.py:508} INFO - Filling up the DagBag from /home/juliana/Área de Trabalho/datapipeline/.env/lib/python3.8/site-packages/airflow/example_dags/example_task_group_decorator.py
[2022-09-14T21:04:27.673-0300] {processor.py:650} INFO - DAG(s) dict_keys(['example_task_group_decorator']) retrieved from /home/juliana/Área de Trabalho/datapipeline/.env/lib/python3.8/site-packages/airflow/example_dags/example_task_group_decorator.py
[2022-09-14T21:04:27.691-0300] {logging_mixin.py:115} INFO - [2022-09-14T21:04:27.691-0300] {dag.py:2429} INFO - Sync 1 DAGs
[2022-09-14T21:04:27.722-0300] {logging_mixin.py:115} INFO - [2022-09-14T21:04:27.722-0300] {dag.py:2977} INFO - Setting next_dagrun for example_task_group_decorator to 2022-09-14T00:04:27.720803+00:00, run_after=2022-09-15T00:04:27.720803+00:00
[2022-09-14T21:04:27.744-0300] {processor.py:161} INFO - Processing /home/juliana/Área de Trabalho/datapipeline/.env/lib/python3.8/site-packages/airflow/example_dags/example_task_group_decorator.py took 0.126 seconds
[2022-09-14T21:05:48.039-0300] {processor.py:153} INFO - Started process (PID=20289) to work on /home/juliana/Área de Trabalho/datapipeline/.env/lib/python3.8/site-packages/airflow/example_dags/example_task_group_decorator.py
[2022-09-14T21:05:48.045-0300] {processor.py:640} INFO - Processing file /home/juliana/Área de Trabalho/datapipeline/.env/lib/python3.8/site-packages/airflow/example_dags/example_task_group_decorator.py for tasks to queue
[2022-09-14T21:05:48.046-0300] {logging_mixin.py:115} INFO - [2022-09-14T21:05:48.046-0300] {dagbag.py:508} INFO - Filling up the DagBag from /home/juliana/Área de Trabalho/datapipeline/.env/lib/python3.8/site-packages/airflow/example_dags/example_task_group_decorator.py
[2022-09-14T21:05:48.094-0300] {processor.py:650} INFO - DAG(s) dict_keys(['example_task_group_decorator']) retrieved from /home/juliana/Área de Trabalho/datapipeline/.env/lib/python3.8/site-packages/airflow/example_dags/example_task_group_decorator.py
[2022-09-14T21:05:48.111-0300] {logging_mixin.py:115} INFO - [2022-09-14T21:05:48.111-0300] {dag.py:2429} INFO - Sync 1 DAGs
[2022-09-14T21:05:48.125-0300] {logging_mixin.py:115} INFO - [2022-09-14T21:05:48.125-0300] {dag.py:2977} INFO - Setting next_dagrun for example_task_group_decorator to 2022-09-14T00:05:48.125460+00:00, run_after=2022-09-15T00:05:48.125460+00:00
[2022-09-14T21:05:48.142-0300] {processor.py:161} INFO - Processing /home/juliana/Área de Trabalho/datapipeline/.env/lib/python3.8/site-packages/airflow/example_dags/example_task_group_decorator.py took 0.107 seconds
[2022-09-14T21:06:21.485-0300] {processor.py:153} INFO - Started process (PID=20323) to work on /home/juliana/Área de Trabalho/datapipeline/.env/lib/python3.8/site-packages/airflow/example_dags/example_task_group_decorator.py
[2022-09-14T21:06:21.487-0300] {processor.py:640} INFO - Processing file /home/juliana/Área de Trabalho/datapipeline/.env/lib/python3.8/site-packages/airflow/example_dags/example_task_group_decorator.py for tasks to queue
[2022-09-14T21:06:21.488-0300] {logging_mixin.py:115} INFO - [2022-09-14T21:06:21.487-0300] {dagbag.py:508} INFO - Filling up the DagBag from /home/juliana/Área de Trabalho/datapipeline/.env/lib/python3.8/site-packages/airflow/example_dags/example_task_group_decorator.py
[2022-09-14T21:06:21.522-0300] {processor.py:650} INFO - DAG(s) dict_keys(['example_task_group_decorator']) retrieved from /home/juliana/Área de Trabalho/datapipeline/.env/lib/python3.8/site-packages/airflow/example_dags/example_task_group_decorator.py
[2022-09-14T21:06:21.539-0300] {logging_mixin.py:115} INFO - [2022-09-14T21:06:21.538-0300] {dag.py:2429} INFO - Sync 1 DAGs
[2022-09-14T21:06:21.553-0300] {logging_mixin.py:115} INFO - [2022-09-14T21:06:21.553-0300] {dag.py:2977} INFO - Setting next_dagrun for example_task_group_decorator to 2022-09-14T00:06:21.553189+00:00, run_after=2022-09-15T00:06:21.553189+00:00
[2022-09-14T21:06:21.574-0300] {processor.py:161} INFO - Processing /home/juliana/Área de Trabalho/datapipeline/.env/lib/python3.8/site-packages/airflow/example_dags/example_task_group_decorator.py took 0.093 seconds
[2022-09-14T21:06:56.450-0300] {processor.py:153} INFO - Started process (PID=20358) to work on /home/juliana/Área de Trabalho/datapipeline/.env/lib/python3.8/site-packages/airflow/example_dags/example_task_group_decorator.py
[2022-09-14T21:06:56.452-0300] {processor.py:640} INFO - Processing file /home/juliana/Área de Trabalho/datapipeline/.env/lib/python3.8/site-packages/airflow/example_dags/example_task_group_decorator.py for tasks to queue
[2022-09-14T21:06:56.453-0300] {logging_mixin.py:115} INFO - [2022-09-14T21:06:56.452-0300] {dagbag.py:508} INFO - Filling up the DagBag from /home/juliana/Área de Trabalho/datapipeline/.env/lib/python3.8/site-packages/airflow/example_dags/example_task_group_decorator.py
[2022-09-14T21:06:56.484-0300] {processor.py:650} INFO - DAG(s) dict_keys(['example_task_group_decorator']) retrieved from /home/juliana/Área de Trabalho/datapipeline/.env/lib/python3.8/site-packages/airflow/example_dags/example_task_group_decorator.py
[2022-09-14T21:06:56.500-0300] {logging_mixin.py:115} INFO - [2022-09-14T21:06:56.500-0300] {dag.py:2429} INFO - Sync 1 DAGs
[2022-09-14T21:06:56.514-0300] {logging_mixin.py:115} INFO - [2022-09-14T21:06:56.514-0300] {dag.py:2977} INFO - Setting next_dagrun for example_task_group_decorator to 2022-09-14T00:06:56.514398+00:00, run_after=2022-09-15T00:06:56.514398+00:00
[2022-09-14T21:06:56.544-0300] {processor.py:161} INFO - Processing /home/juliana/Área de Trabalho/datapipeline/.env/lib/python3.8/site-packages/airflow/example_dags/example_task_group_decorator.py took 0.101 seconds
[2022-09-14T21:07:29.618-0300] {processor.py:153} INFO - Started process (PID=20396) to work on /home/juliana/Área de Trabalho/datapipeline/.env/lib/python3.8/site-packages/airflow/example_dags/example_task_group_decorator.py
[2022-09-14T21:07:29.620-0300] {processor.py:640} INFO - Processing file /home/juliana/Área de Trabalho/datapipeline/.env/lib/python3.8/site-packages/airflow/example_dags/example_task_group_decorator.py for tasks to queue
[2022-09-14T21:07:29.621-0300] {logging_mixin.py:115} INFO - [2022-09-14T21:07:29.621-0300] {dagbag.py:508} INFO - Filling up the DagBag from /home/juliana/Área de Trabalho/datapipeline/.env/lib/python3.8/site-packages/airflow/example_dags/example_task_group_decorator.py
[2022-09-14T21:07:29.650-0300] {processor.py:650} INFO - DAG(s) dict_keys(['example_task_group_decorator']) retrieved from /home/juliana/Área de Trabalho/datapipeline/.env/lib/python3.8/site-packages/airflow/example_dags/example_task_group_decorator.py
[2022-09-14T21:07:29.688-0300] {logging_mixin.py:115} INFO - [2022-09-14T21:07:29.687-0300] {dag.py:2429} INFO - Sync 1 DAGs
[2022-09-14T21:07:29.700-0300] {logging_mixin.py:115} INFO - [2022-09-14T21:07:29.700-0300] {dag.py:2977} INFO - Setting next_dagrun for example_task_group_decorator to 2022-09-14T00:07:29.700388+00:00, run_after=2022-09-15T00:07:29.700388+00:00
[2022-09-14T21:07:29.723-0300] {processor.py:161} INFO - Processing /home/juliana/Área de Trabalho/datapipeline/.env/lib/python3.8/site-packages/airflow/example_dags/example_task_group_decorator.py took 0.111 seconds
[2022-09-14T21:08:03.707-0300] {processor.py:153} INFO - Started process (PID=20435) to work on /home/juliana/Área de Trabalho/datapipeline/.env/lib/python3.8/site-packages/airflow/example_dags/example_task_group_decorator.py
[2022-09-14T21:08:03.708-0300] {processor.py:640} INFO - Processing file /home/juliana/Área de Trabalho/datapipeline/.env/lib/python3.8/site-packages/airflow/example_dags/example_task_group_decorator.py for tasks to queue
[2022-09-14T21:08:03.709-0300] {logging_mixin.py:115} INFO - [2022-09-14T21:08:03.708-0300] {dagbag.py:508} INFO - Filling up the DagBag from /home/juliana/Área de Trabalho/datapipeline/.env/lib/python3.8/site-packages/airflow/example_dags/example_task_group_decorator.py
[2022-09-14T21:08:03.730-0300] {processor.py:650} INFO - DAG(s) dict_keys(['example_task_group_decorator']) retrieved from /home/juliana/Área de Trabalho/datapipeline/.env/lib/python3.8/site-packages/airflow/example_dags/example_task_group_decorator.py
[2022-09-14T21:08:03.769-0300] {logging_mixin.py:115} INFO - [2022-09-14T21:08:03.768-0300] {dag.py:2429} INFO - Sync 1 DAGs
[2022-09-14T21:08:03.782-0300] {logging_mixin.py:115} INFO - [2022-09-14T21:08:03.782-0300] {dag.py:2977} INFO - Setting next_dagrun for example_task_group_decorator to 2022-09-14T00:08:03.781956+00:00, run_after=2022-09-15T00:08:03.781956+00:00
[2022-09-14T21:08:03.810-0300] {processor.py:161} INFO - Processing /home/juliana/Área de Trabalho/datapipeline/.env/lib/python3.8/site-packages/airflow/example_dags/example_task_group_decorator.py took 0.105 seconds
[2022-09-14T21:08:37.164-0300] {processor.py:153} INFO - Started process (PID=20468) to work on /home/juliana/Área de Trabalho/datapipeline/.env/lib/python3.8/site-packages/airflow/example_dags/example_task_group_decorator.py
[2022-09-14T21:08:37.165-0300] {processor.py:640} INFO - Processing file /home/juliana/Área de Trabalho/datapipeline/.env/lib/python3.8/site-packages/airflow/example_dags/example_task_group_decorator.py for tasks to queue
[2022-09-14T21:08:37.167-0300] {logging_mixin.py:115} INFO - [2022-09-14T21:08:37.166-0300] {dagbag.py:508} INFO - Filling up the DagBag from /home/juliana/Área de Trabalho/datapipeline/.env/lib/python3.8/site-packages/airflow/example_dags/example_task_group_decorator.py
[2022-09-14T21:08:37.199-0300] {processor.py:650} INFO - DAG(s) dict_keys(['example_task_group_decorator']) retrieved from /home/juliana/Área de Trabalho/datapipeline/.env/lib/python3.8/site-packages/airflow/example_dags/example_task_group_decorator.py
[2022-09-14T21:08:37.215-0300] {logging_mixin.py:115} INFO - [2022-09-14T21:08:37.215-0300] {dag.py:2429} INFO - Sync 1 DAGs
[2022-09-14T21:08:37.229-0300] {logging_mixin.py:115} INFO - [2022-09-14T21:08:37.229-0300] {dag.py:2977} INFO - Setting next_dagrun for example_task_group_decorator to 2022-09-14T00:08:37.229155+00:00, run_after=2022-09-15T00:08:37.229155+00:00
[2022-09-14T21:08:37.250-0300] {processor.py:161} INFO - Processing /home/juliana/Área de Trabalho/datapipeline/.env/lib/python3.8/site-packages/airflow/example_dags/example_task_group_decorator.py took 0.092 seconds
[2022-09-14T21:09:12.178-0300] {processor.py:153} INFO - Started process (PID=20504) to work on /home/juliana/Área de Trabalho/datapipeline/.env/lib/python3.8/site-packages/airflow/example_dags/example_task_group_decorator.py
[2022-09-14T21:09:12.180-0300] {processor.py:640} INFO - Processing file /home/juliana/Área de Trabalho/datapipeline/.env/lib/python3.8/site-packages/airflow/example_dags/example_task_group_decorator.py for tasks to queue
[2022-09-14T21:09:12.180-0300] {logging_mixin.py:115} INFO - [2022-09-14T21:09:12.180-0300] {dagbag.py:508} INFO - Filling up the DagBag from /home/juliana/Área de Trabalho/datapipeline/.env/lib/python3.8/site-packages/airflow/example_dags/example_task_group_decorator.py
[2022-09-14T21:09:12.208-0300] {processor.py:650} INFO - DAG(s) dict_keys(['example_task_group_decorator']) retrieved from /home/juliana/Área de Trabalho/datapipeline/.env/lib/python3.8/site-packages/airflow/example_dags/example_task_group_decorator.py
[2022-09-14T21:09:12.224-0300] {logging_mixin.py:115} INFO - [2022-09-14T21:09:12.224-0300] {dag.py:2429} INFO - Sync 1 DAGs
[2022-09-14T21:09:12.240-0300] {logging_mixin.py:115} INFO - [2022-09-14T21:09:12.240-0300] {dag.py:2977} INFO - Setting next_dagrun for example_task_group_decorator to 2022-09-14T00:09:12.240263+00:00, run_after=2022-09-15T00:09:12.240263+00:00
[2022-09-14T21:09:12.261-0300] {processor.py:161} INFO - Processing /home/juliana/Área de Trabalho/datapipeline/.env/lib/python3.8/site-packages/airflow/example_dags/example_task_group_decorator.py took 0.087 seconds
[2022-09-14T21:09:47.021-0300] {processor.py:153} INFO - Started process (PID=20541) to work on /home/juliana/Área de Trabalho/datapipeline/.env/lib/python3.8/site-packages/airflow/example_dags/example_task_group_decorator.py
[2022-09-14T21:09:47.022-0300] {processor.py:640} INFO - Processing file /home/juliana/Área de Trabalho/datapipeline/.env/lib/python3.8/site-packages/airflow/example_dags/example_task_group_decorator.py for tasks to queue
[2022-09-14T21:09:47.022-0300] {logging_mixin.py:115} INFO - [2022-09-14T21:09:47.022-0300] {dagbag.py:508} INFO - Filling up the DagBag from /home/juliana/Área de Trabalho/datapipeline/.env/lib/python3.8/site-packages/airflow/example_dags/example_task_group_decorator.py
[2022-09-14T21:09:47.046-0300] {processor.py:650} INFO - DAG(s) dict_keys(['example_task_group_decorator']) retrieved from /home/juliana/Área de Trabalho/datapipeline/.env/lib/python3.8/site-packages/airflow/example_dags/example_task_group_decorator.py
[2022-09-14T21:09:47.061-0300] {logging_mixin.py:115} INFO - [2022-09-14T21:09:47.061-0300] {dag.py:2429} INFO - Sync 1 DAGs
[2022-09-14T21:09:47.077-0300] {logging_mixin.py:115} INFO - [2022-09-14T21:09:47.077-0300] {dag.py:2977} INFO - Setting next_dagrun for example_task_group_decorator to 2022-09-14T00:09:47.076836+00:00, run_after=2022-09-15T00:09:47.076836+00:00
[2022-09-14T21:09:47.092-0300] {processor.py:161} INFO - Processing /home/juliana/Área de Trabalho/datapipeline/.env/lib/python3.8/site-packages/airflow/example_dags/example_task_group_decorator.py took 0.074 seconds
[2022-09-14T21:10:19.478-0300] {processor.py:153} INFO - Started process (PID=20578) to work on /home/juliana/Área de Trabalho/datapipeline/.env/lib/python3.8/site-packages/airflow/example_dags/example_task_group_decorator.py
[2022-09-14T21:10:19.480-0300] {processor.py:640} INFO - Processing file /home/juliana/Área de Trabalho/datapipeline/.env/lib/python3.8/site-packages/airflow/example_dags/example_task_group_decorator.py for tasks to queue
[2022-09-14T21:10:19.481-0300] {logging_mixin.py:115} INFO - [2022-09-14T21:10:19.480-0300] {dagbag.py:508} INFO - Filling up the DagBag from /home/juliana/Área de Trabalho/datapipeline/.env/lib/python3.8/site-packages/airflow/example_dags/example_task_group_decorator.py
[2022-09-14T21:10:19.512-0300] {processor.py:650} INFO - DAG(s) dict_keys(['example_task_group_decorator']) retrieved from /home/juliana/Área de Trabalho/datapipeline/.env/lib/python3.8/site-packages/airflow/example_dags/example_task_group_decorator.py
[2022-09-14T21:10:19.528-0300] {logging_mixin.py:115} INFO - [2022-09-14T21:10:19.528-0300] {dag.py:2429} INFO - Sync 1 DAGs
[2022-09-14T21:10:19.542-0300] {logging_mixin.py:115} INFO - [2022-09-14T21:10:19.542-0300] {dag.py:2977} INFO - Setting next_dagrun for example_task_group_decorator to 2022-09-14T00:10:19.542321+00:00, run_after=2022-09-15T00:10:19.542321+00:00
[2022-09-14T21:10:19.557-0300] {processor.py:161} INFO - Processing /home/juliana/Área de Trabalho/datapipeline/.env/lib/python3.8/site-packages/airflow/example_dags/example_task_group_decorator.py took 0.083 seconds
[2022-09-14T21:10:53.442-0300] {processor.py:153} INFO - Started process (PID=20615) to work on /home/juliana/Área de Trabalho/datapipeline/.env/lib/python3.8/site-packages/airflow/example_dags/example_task_group_decorator.py
[2022-09-14T21:10:53.444-0300] {processor.py:640} INFO - Processing file /home/juliana/Área de Trabalho/datapipeline/.env/lib/python3.8/site-packages/airflow/example_dags/example_task_group_decorator.py for tasks to queue
[2022-09-14T21:10:53.445-0300] {logging_mixin.py:115} INFO - [2022-09-14T21:10:53.445-0300] {dagbag.py:508} INFO - Filling up the DagBag from /home/juliana/Área de Trabalho/datapipeline/.env/lib/python3.8/site-packages/airflow/example_dags/example_task_group_decorator.py
[2022-09-14T21:10:53.475-0300] {processor.py:650} INFO - DAG(s) dict_keys(['example_task_group_decorator']) retrieved from /home/juliana/Área de Trabalho/datapipeline/.env/lib/python3.8/site-packages/airflow/example_dags/example_task_group_decorator.py
[2022-09-14T21:10:53.490-0300] {logging_mixin.py:115} INFO - [2022-09-14T21:10:53.490-0300] {dag.py:2429} INFO - Sync 1 DAGs
[2022-09-14T21:10:53.504-0300] {logging_mixin.py:115} INFO - [2022-09-14T21:10:53.504-0300] {dag.py:2977} INFO - Setting next_dagrun for example_task_group_decorator to 2022-09-14T00:10:53.504487+00:00, run_after=2022-09-15T00:10:53.504487+00:00
[2022-09-14T21:10:53.525-0300] {processor.py:161} INFO - Processing /home/juliana/Área de Trabalho/datapipeline/.env/lib/python3.8/site-packages/airflow/example_dags/example_task_group_decorator.py took 0.089 seconds
[2022-09-14T21:11:29.166-0300] {processor.py:153} INFO - Started process (PID=20650) to work on /home/juliana/Área de Trabalho/datapipeline/.env/lib/python3.8/site-packages/airflow/example_dags/example_task_group_decorator.py
[2022-09-14T21:11:29.168-0300] {processor.py:640} INFO - Processing file /home/juliana/Área de Trabalho/datapipeline/.env/lib/python3.8/site-packages/airflow/example_dags/example_task_group_decorator.py for tasks to queue
[2022-09-14T21:11:29.169-0300] {logging_mixin.py:115} INFO - [2022-09-14T21:11:29.169-0300] {dagbag.py:508} INFO - Filling up the DagBag from /home/juliana/Área de Trabalho/datapipeline/.env/lib/python3.8/site-packages/airflow/example_dags/example_task_group_decorator.py
[2022-09-14T21:11:29.199-0300] {processor.py:650} INFO - DAG(s) dict_keys(['example_task_group_decorator']) retrieved from /home/juliana/Área de Trabalho/datapipeline/.env/lib/python3.8/site-packages/airflow/example_dags/example_task_group_decorator.py
[2022-09-14T21:11:29.215-0300] {logging_mixin.py:115} INFO - [2022-09-14T21:11:29.214-0300] {dag.py:2429} INFO - Sync 1 DAGs
[2022-09-14T21:11:29.228-0300] {logging_mixin.py:115} INFO - [2022-09-14T21:11:29.228-0300] {dag.py:2977} INFO - Setting next_dagrun for example_task_group_decorator to 2022-09-14T00:11:29.228463+00:00, run_after=2022-09-15T00:11:29.228463+00:00
[2022-09-14T21:11:29.249-0300] {processor.py:161} INFO - Processing /home/juliana/Área de Trabalho/datapipeline/.env/lib/python3.8/site-packages/airflow/example_dags/example_task_group_decorator.py took 0.089 seconds
[2022-09-14T21:12:01.837-0300] {processor.py:153} INFO - Started process (PID=20685) to work on /home/juliana/Área de Trabalho/datapipeline/.env/lib/python3.8/site-packages/airflow/example_dags/example_task_group_decorator.py
[2022-09-14T21:12:01.838-0300] {processor.py:640} INFO - Processing file /home/juliana/Área de Trabalho/datapipeline/.env/lib/python3.8/site-packages/airflow/example_dags/example_task_group_decorator.py for tasks to queue
[2022-09-14T21:12:01.839-0300] {logging_mixin.py:115} INFO - [2022-09-14T21:12:01.839-0300] {dagbag.py:508} INFO - Filling up the DagBag from /home/juliana/Área de Trabalho/datapipeline/.env/lib/python3.8/site-packages/airflow/example_dags/example_task_group_decorator.py
[2022-09-14T21:12:01.870-0300] {processor.py:650} INFO - DAG(s) dict_keys(['example_task_group_decorator']) retrieved from /home/juliana/Área de Trabalho/datapipeline/.env/lib/python3.8/site-packages/airflow/example_dags/example_task_group_decorator.py
[2022-09-14T21:12:01.908-0300] {logging_mixin.py:115} INFO - [2022-09-14T21:12:01.908-0300] {dag.py:2429} INFO - Sync 1 DAGs
[2022-09-14T21:12:01.921-0300] {logging_mixin.py:115} INFO - [2022-09-14T21:12:01.921-0300] {dag.py:2977} INFO - Setting next_dagrun for example_task_group_decorator to 2022-09-14T00:12:01.921153+00:00, run_after=2022-09-15T00:12:01.921153+00:00
[2022-09-14T21:12:01.938-0300] {processor.py:161} INFO - Processing /home/juliana/Área de Trabalho/datapipeline/.env/lib/python3.8/site-packages/airflow/example_dags/example_task_group_decorator.py took 0.107 seconds
[2022-09-14T21:12:34.978-0300] {processor.py:153} INFO - Started process (PID=20721) to work on /home/juliana/Área de Trabalho/datapipeline/.env/lib/python3.8/site-packages/airflow/example_dags/example_task_group_decorator.py
[2022-09-14T21:12:34.980-0300] {processor.py:640} INFO - Processing file /home/juliana/Área de Trabalho/datapipeline/.env/lib/python3.8/site-packages/airflow/example_dags/example_task_group_decorator.py for tasks to queue
[2022-09-14T21:12:34.981-0300] {logging_mixin.py:115} INFO - [2022-09-14T21:12:34.981-0300] {dagbag.py:508} INFO - Filling up the DagBag from /home/juliana/Área de Trabalho/datapipeline/.env/lib/python3.8/site-packages/airflow/example_dags/example_task_group_decorator.py
[2022-09-14T21:12:35.010-0300] {processor.py:650} INFO - DAG(s) dict_keys(['example_task_group_decorator']) retrieved from /home/juliana/Área de Trabalho/datapipeline/.env/lib/python3.8/site-packages/airflow/example_dags/example_task_group_decorator.py
[2022-09-14T21:12:35.026-0300] {logging_mixin.py:115} INFO - [2022-09-14T21:12:35.026-0300] {dag.py:2429} INFO - Sync 1 DAGs
[2022-09-14T21:12:35.041-0300] {logging_mixin.py:115} INFO - [2022-09-14T21:12:35.041-0300] {dag.py:2977} INFO - Setting next_dagrun for example_task_group_decorator to 2022-09-14T00:12:35.041159+00:00, run_after=2022-09-15T00:12:35.041159+00:00
[2022-09-14T21:12:35.057-0300] {processor.py:161} INFO - Processing /home/juliana/Área de Trabalho/datapipeline/.env/lib/python3.8/site-packages/airflow/example_dags/example_task_group_decorator.py took 0.085 seconds
[2022-09-14T21:13:07.812-0300] {processor.py:153} INFO - Started process (PID=20757) to work on /home/juliana/Área de Trabalho/datapipeline/.env/lib/python3.8/site-packages/airflow/example_dags/example_task_group_decorator.py
[2022-09-14T21:13:07.814-0300] {processor.py:640} INFO - Processing file /home/juliana/Área de Trabalho/datapipeline/.env/lib/python3.8/site-packages/airflow/example_dags/example_task_group_decorator.py for tasks to queue
[2022-09-14T21:13:07.815-0300] {logging_mixin.py:115} INFO - [2022-09-14T21:13:07.815-0300] {dagbag.py:508} INFO - Filling up the DagBag from /home/juliana/Área de Trabalho/datapipeline/.env/lib/python3.8/site-packages/airflow/example_dags/example_task_group_decorator.py
[2022-09-14T21:13:07.854-0300] {processor.py:650} INFO - DAG(s) dict_keys(['example_task_group_decorator']) retrieved from /home/juliana/Área de Trabalho/datapipeline/.env/lib/python3.8/site-packages/airflow/example_dags/example_task_group_decorator.py
[2022-09-14T21:13:07.869-0300] {logging_mixin.py:115} INFO - [2022-09-14T21:13:07.869-0300] {dag.py:2429} INFO - Sync 1 DAGs
[2022-09-14T21:13:07.884-0300] {logging_mixin.py:115} INFO - [2022-09-14T21:13:07.883-0300] {dag.py:2977} INFO - Setting next_dagrun for example_task_group_decorator to 2022-09-14T00:13:07.883681+00:00, run_after=2022-09-15T00:13:07.883681+00:00
[2022-09-14T21:13:07.905-0300] {processor.py:161} INFO - Processing /home/juliana/Área de Trabalho/datapipeline/.env/lib/python3.8/site-packages/airflow/example_dags/example_task_group_decorator.py took 0.099 seconds
[2022-09-14T21:13:39.598-0300] {processor.py:153} INFO - Started process (PID=20789) to work on /home/juliana/Área de Trabalho/datapipeline/.env/lib/python3.8/site-packages/airflow/example_dags/example_task_group_decorator.py
[2022-09-14T21:13:39.600-0300] {processor.py:640} INFO - Processing file /home/juliana/Área de Trabalho/datapipeline/.env/lib/python3.8/site-packages/airflow/example_dags/example_task_group_decorator.py for tasks to queue
[2022-09-14T21:13:39.600-0300] {logging_mixin.py:115} INFO - [2022-09-14T21:13:39.600-0300] {dagbag.py:508} INFO - Filling up the DagBag from /home/juliana/Área de Trabalho/datapipeline/.env/lib/python3.8/site-packages/airflow/example_dags/example_task_group_decorator.py
[2022-09-14T21:13:39.627-0300] {processor.py:650} INFO - DAG(s) dict_keys(['example_task_group_decorator']) retrieved from /home/juliana/Área de Trabalho/datapipeline/.env/lib/python3.8/site-packages/airflow/example_dags/example_task_group_decorator.py
[2022-09-14T21:13:39.641-0300] {logging_mixin.py:115} INFO - [2022-09-14T21:13:39.641-0300] {dag.py:2429} INFO - Sync 1 DAGs
[2022-09-14T21:13:39.656-0300] {logging_mixin.py:115} INFO - [2022-09-14T21:13:39.656-0300] {dag.py:2977} INFO - Setting next_dagrun for example_task_group_decorator to 2022-09-14T00:13:39.655927+00:00, run_after=2022-09-15T00:13:39.655927+00:00
[2022-09-14T21:13:39.676-0300] {processor.py:161} INFO - Processing /home/juliana/Área de Trabalho/datapipeline/.env/lib/python3.8/site-packages/airflow/example_dags/example_task_group_decorator.py took 0.082 seconds
[2022-09-14T21:14:11.044-0300] {processor.py:153} INFO - Started process (PID=20824) to work on /home/juliana/Área de Trabalho/datapipeline/.env/lib/python3.8/site-packages/airflow/example_dags/example_task_group_decorator.py
[2022-09-14T21:14:11.045-0300] {processor.py:640} INFO - Processing file /home/juliana/Área de Trabalho/datapipeline/.env/lib/python3.8/site-packages/airflow/example_dags/example_task_group_decorator.py for tasks to queue
[2022-09-14T21:14:11.045-0300] {logging_mixin.py:115} INFO - [2022-09-14T21:14:11.045-0300] {dagbag.py:508} INFO - Filling up the DagBag from /home/juliana/Área de Trabalho/datapipeline/.env/lib/python3.8/site-packages/airflow/example_dags/example_task_group_decorator.py
[2022-09-14T21:14:11.071-0300] {processor.py:650} INFO - DAG(s) dict_keys(['example_task_group_decorator']) retrieved from /home/juliana/Área de Trabalho/datapipeline/.env/lib/python3.8/site-packages/airflow/example_dags/example_task_group_decorator.py
[2022-09-14T21:14:11.090-0300] {logging_mixin.py:115} INFO - [2022-09-14T21:14:11.090-0300] {dag.py:2429} INFO - Sync 1 DAGs
[2022-09-14T21:14:11.106-0300] {logging_mixin.py:115} INFO - [2022-09-14T21:14:11.106-0300] {dag.py:2977} INFO - Setting next_dagrun for example_task_group_decorator to 2022-09-14T00:14:11.106597+00:00, run_after=2022-09-15T00:14:11.106597+00:00
[2022-09-14T21:14:11.129-0300] {processor.py:161} INFO - Processing /home/juliana/Área de Trabalho/datapipeline/.env/lib/python3.8/site-packages/airflow/example_dags/example_task_group_decorator.py took 0.087 seconds
[2022-09-14T21:14:45.458-0300] {processor.py:153} INFO - Started process (PID=20857) to work on /home/juliana/Área de Trabalho/datapipeline/.env/lib/python3.8/site-packages/airflow/example_dags/example_task_group_decorator.py
[2022-09-14T21:14:45.459-0300] {processor.py:640} INFO - Processing file /home/juliana/Área de Trabalho/datapipeline/.env/lib/python3.8/site-packages/airflow/example_dags/example_task_group_decorator.py for tasks to queue
[2022-09-14T21:14:45.460-0300] {logging_mixin.py:115} INFO - [2022-09-14T21:14:45.459-0300] {dagbag.py:508} INFO - Filling up the DagBag from /home/juliana/Área de Trabalho/datapipeline/.env/lib/python3.8/site-packages/airflow/example_dags/example_task_group_decorator.py
[2022-09-14T21:14:45.485-0300] {processor.py:650} INFO - DAG(s) dict_keys(['example_task_group_decorator']) retrieved from /home/juliana/Área de Trabalho/datapipeline/.env/lib/python3.8/site-packages/airflow/example_dags/example_task_group_decorator.py
[2022-09-14T21:14:45.500-0300] {logging_mixin.py:115} INFO - [2022-09-14T21:14:45.500-0300] {dag.py:2429} INFO - Sync 1 DAGs
[2022-09-14T21:14:45.514-0300] {logging_mixin.py:115} INFO - [2022-09-14T21:14:45.514-0300] {dag.py:2977} INFO - Setting next_dagrun for example_task_group_decorator to 2022-09-14T00:14:45.514145+00:00, run_after=2022-09-15T00:14:45.514145+00:00
[2022-09-14T21:14:45.530-0300] {processor.py:161} INFO - Processing /home/juliana/Área de Trabalho/datapipeline/.env/lib/python3.8/site-packages/airflow/example_dags/example_task_group_decorator.py took 0.076 seconds
[2022-09-14T21:15:17.763-0300] {processor.py:153} INFO - Started process (PID=20894) to work on /home/juliana/Área de Trabalho/datapipeline/.env/lib/python3.8/site-packages/airflow/example_dags/example_task_group_decorator.py
[2022-09-14T21:15:17.764-0300] {processor.py:640} INFO - Processing file /home/juliana/Área de Trabalho/datapipeline/.env/lib/python3.8/site-packages/airflow/example_dags/example_task_group_decorator.py for tasks to queue
[2022-09-14T21:15:17.765-0300] {logging_mixin.py:115} INFO - [2022-09-14T21:15:17.765-0300] {dagbag.py:508} INFO - Filling up the DagBag from /home/juliana/Área de Trabalho/datapipeline/.env/lib/python3.8/site-packages/airflow/example_dags/example_task_group_decorator.py
[2022-09-14T21:15:17.789-0300] {processor.py:650} INFO - DAG(s) dict_keys(['example_task_group_decorator']) retrieved from /home/juliana/Área de Trabalho/datapipeline/.env/lib/python3.8/site-packages/airflow/example_dags/example_task_group_decorator.py
[2022-09-14T21:15:17.807-0300] {logging_mixin.py:115} INFO - [2022-09-14T21:15:17.807-0300] {dag.py:2429} INFO - Sync 1 DAGs
[2022-09-14T21:15:17.824-0300] {logging_mixin.py:115} INFO - [2022-09-14T21:15:17.824-0300] {dag.py:2977} INFO - Setting next_dagrun for example_task_group_decorator to 2022-09-14T00:15:17.824420+00:00, run_after=2022-09-15T00:15:17.824420+00:00
[2022-09-14T21:15:17.840-0300] {processor.py:161} INFO - Processing /home/juliana/Área de Trabalho/datapipeline/.env/lib/python3.8/site-packages/airflow/example_dags/example_task_group_decorator.py took 0.080 seconds
[2022-09-14T21:15:51.495-0300] {processor.py:153} INFO - Started process (PID=20927) to work on /home/juliana/Área de Trabalho/datapipeline/.env/lib/python3.8/site-packages/airflow/example_dags/example_task_group_decorator.py
[2022-09-14T21:15:51.497-0300] {processor.py:640} INFO - Processing file /home/juliana/Área de Trabalho/datapipeline/.env/lib/python3.8/site-packages/airflow/example_dags/example_task_group_decorator.py for tasks to queue
[2022-09-14T21:15:51.498-0300] {logging_mixin.py:115} INFO - [2022-09-14T21:15:51.498-0300] {dagbag.py:508} INFO - Filling up the DagBag from /home/juliana/Área de Trabalho/datapipeline/.env/lib/python3.8/site-packages/airflow/example_dags/example_task_group_decorator.py
[2022-09-14T21:15:51.527-0300] {processor.py:650} INFO - DAG(s) dict_keys(['example_task_group_decorator']) retrieved from /home/juliana/Área de Trabalho/datapipeline/.env/lib/python3.8/site-packages/airflow/example_dags/example_task_group_decorator.py
[2022-09-14T21:15:51.542-0300] {logging_mixin.py:115} INFO - [2022-09-14T21:15:51.542-0300] {dag.py:2429} INFO - Sync 1 DAGs
[2022-09-14T21:15:51.556-0300] {logging_mixin.py:115} INFO - [2022-09-14T21:15:51.556-0300] {dag.py:2977} INFO - Setting next_dagrun for example_task_group_decorator to 2022-09-14T00:15:51.555923+00:00, run_after=2022-09-15T00:15:51.555923+00:00
[2022-09-14T21:15:51.577-0300] {processor.py:161} INFO - Processing /home/juliana/Área de Trabalho/datapipeline/.env/lib/python3.8/site-packages/airflow/example_dags/example_task_group_decorator.py took 0.088 seconds
[2022-09-14T21:16:27.367-0300] {processor.py:153} INFO - Started process (PID=20965) to work on /home/juliana/Área de Trabalho/datapipeline/.env/lib/python3.8/site-packages/airflow/example_dags/example_task_group_decorator.py
[2022-09-14T21:16:27.368-0300] {processor.py:640} INFO - Processing file /home/juliana/Área de Trabalho/datapipeline/.env/lib/python3.8/site-packages/airflow/example_dags/example_task_group_decorator.py for tasks to queue
[2022-09-14T21:16:27.370-0300] {logging_mixin.py:115} INFO - [2022-09-14T21:16:27.369-0300] {dagbag.py:508} INFO - Filling up the DagBag from /home/juliana/Área de Trabalho/datapipeline/.env/lib/python3.8/site-packages/airflow/example_dags/example_task_group_decorator.py
[2022-09-14T21:16:27.403-0300] {processor.py:650} INFO - DAG(s) dict_keys(['example_task_group_decorator']) retrieved from /home/juliana/Área de Trabalho/datapipeline/.env/lib/python3.8/site-packages/airflow/example_dags/example_task_group_decorator.py
[2022-09-14T21:16:27.418-0300] {logging_mixin.py:115} INFO - [2022-09-14T21:16:27.418-0300] {dag.py:2429} INFO - Sync 1 DAGs
[2022-09-14T21:16:27.434-0300] {logging_mixin.py:115} INFO - [2022-09-14T21:16:27.434-0300] {dag.py:2977} INFO - Setting next_dagrun for example_task_group_decorator to 2022-09-14T00:16:27.434535+00:00, run_after=2022-09-15T00:16:27.434535+00:00
[2022-09-14T21:16:27.471-0300] {processor.py:161} INFO - Processing /home/juliana/Área de Trabalho/datapipeline/.env/lib/python3.8/site-packages/airflow/example_dags/example_task_group_decorator.py took 0.111 seconds
[2022-09-14T21:17:01.421-0300] {processor.py:153} INFO - Started process (PID=20999) to work on /home/juliana/Área de Trabalho/datapipeline/.env/lib/python3.8/site-packages/airflow/example_dags/example_task_group_decorator.py
[2022-09-14T21:17:01.422-0300] {processor.py:640} INFO - Processing file /home/juliana/Área de Trabalho/datapipeline/.env/lib/python3.8/site-packages/airflow/example_dags/example_task_group_decorator.py for tasks to queue
[2022-09-14T21:17:01.423-0300] {logging_mixin.py:115} INFO - [2022-09-14T21:17:01.423-0300] {dagbag.py:508} INFO - Filling up the DagBag from /home/juliana/Área de Trabalho/datapipeline/.env/lib/python3.8/site-packages/airflow/example_dags/example_task_group_decorator.py
[2022-09-14T21:17:01.447-0300] {processor.py:650} INFO - DAG(s) dict_keys(['example_task_group_decorator']) retrieved from /home/juliana/Área de Trabalho/datapipeline/.env/lib/python3.8/site-packages/airflow/example_dags/example_task_group_decorator.py
[2022-09-14T21:17:01.499-0300] {logging_mixin.py:115} INFO - [2022-09-14T21:17:01.497-0300] {dag.py:2429} INFO - Sync 1 DAGs
[2022-09-14T21:17:01.547-0300] {logging_mixin.py:115} INFO - [2022-09-14T21:17:01.547-0300] {dag.py:2977} INFO - Setting next_dagrun for example_task_group_decorator to 2022-09-14T00:17:01.546171+00:00, run_after=2022-09-15T00:17:01.546171+00:00
[2022-09-14T21:17:01.580-0300] {processor.py:161} INFO - Processing /home/juliana/Área de Trabalho/datapipeline/.env/lib/python3.8/site-packages/airflow/example_dags/example_task_group_decorator.py took 0.162 seconds
[2022-09-14T21:17:35.237-0300] {processor.py:153} INFO - Started process (PID=21040) to work on /home/juliana/Área de Trabalho/datapipeline/.env/lib/python3.8/site-packages/airflow/example_dags/example_task_group_decorator.py
[2022-09-14T21:17:35.238-0300] {processor.py:640} INFO - Processing file /home/juliana/Área de Trabalho/datapipeline/.env/lib/python3.8/site-packages/airflow/example_dags/example_task_group_decorator.py for tasks to queue
[2022-09-14T21:17:35.239-0300] {logging_mixin.py:115} INFO - [2022-09-14T21:17:35.239-0300] {dagbag.py:508} INFO - Filling up the DagBag from /home/juliana/Área de Trabalho/datapipeline/.env/lib/python3.8/site-packages/airflow/example_dags/example_task_group_decorator.py
[2022-09-14T21:17:35.264-0300] {processor.py:650} INFO - DAG(s) dict_keys(['example_task_group_decorator']) retrieved from /home/juliana/Área de Trabalho/datapipeline/.env/lib/python3.8/site-packages/airflow/example_dags/example_task_group_decorator.py
[2022-09-14T21:17:35.281-0300] {logging_mixin.py:115} INFO - [2022-09-14T21:17:35.281-0300] {dag.py:2429} INFO - Sync 1 DAGs
[2022-09-14T21:17:35.298-0300] {logging_mixin.py:115} INFO - [2022-09-14T21:17:35.298-0300] {dag.py:2977} INFO - Setting next_dagrun for example_task_group_decorator to 2022-09-14T00:17:35.297798+00:00, run_after=2022-09-15T00:17:35.297798+00:00
[2022-09-14T21:17:35.314-0300] {processor.py:161} INFO - Processing /home/juliana/Área de Trabalho/datapipeline/.env/lib/python3.8/site-packages/airflow/example_dags/example_task_group_decorator.py took 0.080 seconds
[2022-09-14T21:18:08.651-0300] {processor.py:153} INFO - Started process (PID=21078) to work on /home/juliana/Área de Trabalho/datapipeline/.env/lib/python3.8/site-packages/airflow/example_dags/example_task_group_decorator.py
[2022-09-14T21:18:08.652-0300] {processor.py:640} INFO - Processing file /home/juliana/Área de Trabalho/datapipeline/.env/lib/python3.8/site-packages/airflow/example_dags/example_task_group_decorator.py for tasks to queue
[2022-09-14T21:18:08.653-0300] {logging_mixin.py:115} INFO - [2022-09-14T21:18:08.653-0300] {dagbag.py:508} INFO - Filling up the DagBag from /home/juliana/Área de Trabalho/datapipeline/.env/lib/python3.8/site-packages/airflow/example_dags/example_task_group_decorator.py
[2022-09-14T21:18:08.675-0300] {processor.py:650} INFO - DAG(s) dict_keys(['example_task_group_decorator']) retrieved from /home/juliana/Área de Trabalho/datapipeline/.env/lib/python3.8/site-packages/airflow/example_dags/example_task_group_decorator.py
[2022-09-14T21:18:08.692-0300] {logging_mixin.py:115} INFO - [2022-09-14T21:18:08.692-0300] {dag.py:2429} INFO - Sync 1 DAGs
[2022-09-14T21:18:08.708-0300] {logging_mixin.py:115} INFO - [2022-09-14T21:18:08.708-0300] {dag.py:2977} INFO - Setting next_dagrun for example_task_group_decorator to 2022-09-14T00:18:08.708093+00:00, run_after=2022-09-15T00:18:08.708093+00:00
[2022-09-14T21:18:08.729-0300] {processor.py:161} INFO - Processing /home/juliana/Área de Trabalho/datapipeline/.env/lib/python3.8/site-packages/airflow/example_dags/example_task_group_decorator.py took 0.080 seconds
[2022-09-14T21:18:40.639-0300] {processor.py:153} INFO - Started process (PID=21113) to work on /home/juliana/Área de Trabalho/datapipeline/.env/lib/python3.8/site-packages/airflow/example_dags/example_task_group_decorator.py
[2022-09-14T21:18:40.641-0300] {processor.py:640} INFO - Processing file /home/juliana/Área de Trabalho/datapipeline/.env/lib/python3.8/site-packages/airflow/example_dags/example_task_group_decorator.py for tasks to queue
[2022-09-14T21:18:40.642-0300] {logging_mixin.py:115} INFO - [2022-09-14T21:18:40.641-0300] {dagbag.py:508} INFO - Filling up the DagBag from /home/juliana/Área de Trabalho/datapipeline/.env/lib/python3.8/site-packages/airflow/example_dags/example_task_group_decorator.py
[2022-09-14T21:18:40.669-0300] {processor.py:650} INFO - DAG(s) dict_keys(['example_task_group_decorator']) retrieved from /home/juliana/Área de Trabalho/datapipeline/.env/lib/python3.8/site-packages/airflow/example_dags/example_task_group_decorator.py
[2022-09-14T21:18:40.685-0300] {logging_mixin.py:115} INFO - [2022-09-14T21:18:40.685-0300] {dag.py:2429} INFO - Sync 1 DAGs
[2022-09-14T21:18:40.700-0300] {logging_mixin.py:115} INFO - [2022-09-14T21:18:40.700-0300] {dag.py:2977} INFO - Setting next_dagrun for example_task_group_decorator to 2022-09-14T00:18:40.699773+00:00, run_after=2022-09-15T00:18:40.699773+00:00
[2022-09-14T21:18:40.719-0300] {processor.py:161} INFO - Processing /home/juliana/Área de Trabalho/datapipeline/.env/lib/python3.8/site-packages/airflow/example_dags/example_task_group_decorator.py took 0.085 seconds
[2022-09-14T21:19:13.856-0300] {processor.py:153} INFO - Started process (PID=21148) to work on /home/juliana/Área de Trabalho/datapipeline/.env/lib/python3.8/site-packages/airflow/example_dags/example_task_group_decorator.py
[2022-09-14T21:19:13.862-0300] {processor.py:640} INFO - Processing file /home/juliana/Área de Trabalho/datapipeline/.env/lib/python3.8/site-packages/airflow/example_dags/example_task_group_decorator.py for tasks to queue
[2022-09-14T21:19:13.864-0300] {logging_mixin.py:115} INFO - [2022-09-14T21:19:13.864-0300] {dagbag.py:508} INFO - Filling up the DagBag from /home/juliana/Área de Trabalho/datapipeline/.env/lib/python3.8/site-packages/airflow/example_dags/example_task_group_decorator.py
[2022-09-14T21:19:13.894-0300] {processor.py:650} INFO - DAG(s) dict_keys(['example_task_group_decorator']) retrieved from /home/juliana/Área de Trabalho/datapipeline/.env/lib/python3.8/site-packages/airflow/example_dags/example_task_group_decorator.py
[2022-09-14T21:19:13.910-0300] {logging_mixin.py:115} INFO - [2022-09-14T21:19:13.909-0300] {dag.py:2429} INFO - Sync 1 DAGs
[2022-09-14T21:19:13.925-0300] {logging_mixin.py:115} INFO - [2022-09-14T21:19:13.925-0300] {dag.py:2977} INFO - Setting next_dagrun for example_task_group_decorator to 2022-09-14T00:19:13.924875+00:00, run_after=2022-09-15T00:19:13.924875+00:00
[2022-09-14T21:19:13.941-0300] {processor.py:161} INFO - Processing /home/juliana/Área de Trabalho/datapipeline/.env/lib/python3.8/site-packages/airflow/example_dags/example_task_group_decorator.py took 0.090 seconds
[2022-09-14T21:19:50.287-0300] {processor.py:153} INFO - Started process (PID=21183) to work on /home/juliana/Área de Trabalho/datapipeline/.env/lib/python3.8/site-packages/airflow/example_dags/example_task_group_decorator.py
[2022-09-14T21:19:50.288-0300] {processor.py:640} INFO - Processing file /home/juliana/Área de Trabalho/datapipeline/.env/lib/python3.8/site-packages/airflow/example_dags/example_task_group_decorator.py for tasks to queue
[2022-09-14T21:19:50.289-0300] {logging_mixin.py:115} INFO - [2022-09-14T21:19:50.289-0300] {dagbag.py:508} INFO - Filling up the DagBag from /home/juliana/Área de Trabalho/datapipeline/.env/lib/python3.8/site-packages/airflow/example_dags/example_task_group_decorator.py
[2022-09-14T21:19:50.317-0300] {processor.py:650} INFO - DAG(s) dict_keys(['example_task_group_decorator']) retrieved from /home/juliana/Área de Trabalho/datapipeline/.env/lib/python3.8/site-packages/airflow/example_dags/example_task_group_decorator.py
[2022-09-14T21:19:50.332-0300] {logging_mixin.py:115} INFO - [2022-09-14T21:19:50.332-0300] {dag.py:2429} INFO - Sync 1 DAGs
[2022-09-14T21:19:50.347-0300] {logging_mixin.py:115} INFO - [2022-09-14T21:19:50.346-0300] {dag.py:2977} INFO - Setting next_dagrun for example_task_group_decorator to 2022-09-14T00:19:50.346626+00:00, run_after=2022-09-15T00:19:50.346626+00:00
[2022-09-14T21:19:50.364-0300] {processor.py:161} INFO - Processing /home/juliana/Área de Trabalho/datapipeline/.env/lib/python3.8/site-packages/airflow/example_dags/example_task_group_decorator.py took 0.082 seconds
[2022-09-14T21:20:23.069-0300] {processor.py:153} INFO - Started process (PID=21219) to work on /home/juliana/Área de Trabalho/datapipeline/.env/lib/python3.8/site-packages/airflow/example_dags/example_task_group_decorator.py
[2022-09-14T21:20:23.072-0300] {processor.py:640} INFO - Processing file /home/juliana/Área de Trabalho/datapipeline/.env/lib/python3.8/site-packages/airflow/example_dags/example_task_group_decorator.py for tasks to queue
[2022-09-14T21:20:23.073-0300] {logging_mixin.py:115} INFO - [2022-09-14T21:20:23.073-0300] {dagbag.py:508} INFO - Filling up the DagBag from /home/juliana/Área de Trabalho/datapipeline/.env/lib/python3.8/site-packages/airflow/example_dags/example_task_group_decorator.py
[2022-09-14T21:20:23.103-0300] {processor.py:650} INFO - DAG(s) dict_keys(['example_task_group_decorator']) retrieved from /home/juliana/Área de Trabalho/datapipeline/.env/lib/python3.8/site-packages/airflow/example_dags/example_task_group_decorator.py
[2022-09-14T21:20:23.118-0300] {logging_mixin.py:115} INFO - [2022-09-14T21:20:23.118-0300] {dag.py:2429} INFO - Sync 1 DAGs
[2022-09-14T21:20:23.133-0300] {logging_mixin.py:115} INFO - [2022-09-14T21:20:23.132-0300] {dag.py:2977} INFO - Setting next_dagrun for example_task_group_decorator to 2022-09-14T00:20:23.132724+00:00, run_after=2022-09-15T00:20:23.132724+00:00
[2022-09-14T21:20:23.150-0300] {processor.py:161} INFO - Processing /home/juliana/Área de Trabalho/datapipeline/.env/lib/python3.8/site-packages/airflow/example_dags/example_task_group_decorator.py took 0.088 seconds
[2022-09-14T21:20:58.640-0300] {processor.py:153} INFO - Started process (PID=21257) to work on /home/juliana/Área de Trabalho/datapipeline/.env/lib/python3.8/site-packages/airflow/example_dags/example_task_group_decorator.py
[2022-09-14T21:20:58.642-0300] {processor.py:640} INFO - Processing file /home/juliana/Área de Trabalho/datapipeline/.env/lib/python3.8/site-packages/airflow/example_dags/example_task_group_decorator.py for tasks to queue
[2022-09-14T21:20:58.643-0300] {logging_mixin.py:115} INFO - [2022-09-14T21:20:58.642-0300] {dagbag.py:508} INFO - Filling up the DagBag from /home/juliana/Área de Trabalho/datapipeline/.env/lib/python3.8/site-packages/airflow/example_dags/example_task_group_decorator.py
[2022-09-14T21:20:58.699-0300] {processor.py:650} INFO - DAG(s) dict_keys(['example_task_group_decorator']) retrieved from /home/juliana/Área de Trabalho/datapipeline/.env/lib/python3.8/site-packages/airflow/example_dags/example_task_group_decorator.py
[2022-09-14T21:20:58.716-0300] {logging_mixin.py:115} INFO - [2022-09-14T21:20:58.716-0300] {dag.py:2429} INFO - Sync 1 DAGs
[2022-09-14T21:20:58.731-0300] {logging_mixin.py:115} INFO - [2022-09-14T21:20:58.731-0300] {dag.py:2977} INFO - Setting next_dagrun for example_task_group_decorator to 2022-09-14T00:20:58.730811+00:00, run_after=2022-09-15T00:20:58.730811+00:00
[2022-09-14T21:20:58.751-0300] {processor.py:161} INFO - Processing /home/juliana/Área de Trabalho/datapipeline/.env/lib/python3.8/site-packages/airflow/example_dags/example_task_group_decorator.py took 0.118 seconds
[2022-09-14T21:21:31.447-0300] {processor.py:153} INFO - Started process (PID=21291) to work on /home/juliana/Área de Trabalho/datapipeline/.env/lib/python3.8/site-packages/airflow/example_dags/example_task_group_decorator.py
[2022-09-14T21:21:31.448-0300] {processor.py:640} INFO - Processing file /home/juliana/Área de Trabalho/datapipeline/.env/lib/python3.8/site-packages/airflow/example_dags/example_task_group_decorator.py for tasks to queue
[2022-09-14T21:21:31.449-0300] {logging_mixin.py:115} INFO - [2022-09-14T21:21:31.449-0300] {dagbag.py:508} INFO - Filling up the DagBag from /home/juliana/Área de Trabalho/datapipeline/.env/lib/python3.8/site-packages/airflow/example_dags/example_task_group_decorator.py
[2022-09-14T21:21:31.486-0300] {processor.py:650} INFO - DAG(s) dict_keys(['example_task_group_decorator']) retrieved from /home/juliana/Área de Trabalho/datapipeline/.env/lib/python3.8/site-packages/airflow/example_dags/example_task_group_decorator.py
[2022-09-14T21:21:31.527-0300] {logging_mixin.py:115} INFO - [2022-09-14T21:21:31.527-0300] {dag.py:2429} INFO - Sync 1 DAGs
[2022-09-14T21:21:31.551-0300] {logging_mixin.py:115} INFO - [2022-09-14T21:21:31.551-0300] {dag.py:2977} INFO - Setting next_dagrun for example_task_group_decorator to 2022-09-14T00:21:31.551262+00:00, run_after=2022-09-15T00:21:31.551262+00:00
[2022-09-14T21:21:31.570-0300] {processor.py:161} INFO - Processing /home/juliana/Área de Trabalho/datapipeline/.env/lib/python3.8/site-packages/airflow/example_dags/example_task_group_decorator.py took 0.128 seconds
[2022-09-14T21:22:06.562-0300] {processor.py:153} INFO - Started process (PID=21330) to work on /home/juliana/Área de Trabalho/datapipeline/.env/lib/python3.8/site-packages/airflow/example_dags/example_task_group_decorator.py
[2022-09-14T21:22:06.568-0300] {processor.py:640} INFO - Processing file /home/juliana/Área de Trabalho/datapipeline/.env/lib/python3.8/site-packages/airflow/example_dags/example_task_group_decorator.py for tasks to queue
[2022-09-14T21:22:06.569-0300] {logging_mixin.py:115} INFO - [2022-09-14T21:22:06.569-0300] {dagbag.py:508} INFO - Filling up the DagBag from /home/juliana/Área de Trabalho/datapipeline/.env/lib/python3.8/site-packages/airflow/example_dags/example_task_group_decorator.py
[2022-09-14T21:22:06.598-0300] {processor.py:650} INFO - DAG(s) dict_keys(['example_task_group_decorator']) retrieved from /home/juliana/Área de Trabalho/datapipeline/.env/lib/python3.8/site-packages/airflow/example_dags/example_task_group_decorator.py
[2022-09-14T21:22:06.635-0300] {logging_mixin.py:115} INFO - [2022-09-14T21:22:06.635-0300] {dag.py:2429} INFO - Sync 1 DAGs
[2022-09-14T21:22:06.649-0300] {logging_mixin.py:115} INFO - [2022-09-14T21:22:06.649-0300] {dag.py:2977} INFO - Setting next_dagrun for example_task_group_decorator to 2022-09-14T00:22:06.648982+00:00, run_after=2022-09-15T00:22:06.648982+00:00
[2022-09-14T21:22:06.664-0300] {processor.py:161} INFO - Processing /home/juliana/Área de Trabalho/datapipeline/.env/lib/python3.8/site-packages/airflow/example_dags/example_task_group_decorator.py took 0.109 seconds
[2022-09-14T21:22:39.404-0300] {processor.py:153} INFO - Started process (PID=21367) to work on /home/juliana/Área de Trabalho/datapipeline/.env/lib/python3.8/site-packages/airflow/example_dags/example_task_group_decorator.py
[2022-09-14T21:22:39.406-0300] {processor.py:640} INFO - Processing file /home/juliana/Área de Trabalho/datapipeline/.env/lib/python3.8/site-packages/airflow/example_dags/example_task_group_decorator.py for tasks to queue
[2022-09-14T21:22:39.407-0300] {logging_mixin.py:115} INFO - [2022-09-14T21:22:39.407-0300] {dagbag.py:508} INFO - Filling up the DagBag from /home/juliana/Área de Trabalho/datapipeline/.env/lib/python3.8/site-packages/airflow/example_dags/example_task_group_decorator.py
[2022-09-14T21:22:39.439-0300] {processor.py:650} INFO - DAG(s) dict_keys(['example_task_group_decorator']) retrieved from /home/juliana/Área de Trabalho/datapipeline/.env/lib/python3.8/site-packages/airflow/example_dags/example_task_group_decorator.py
[2022-09-14T21:22:39.475-0300] {logging_mixin.py:115} INFO - [2022-09-14T21:22:39.475-0300] {dag.py:2429} INFO - Sync 1 DAGs
[2022-09-14T21:22:39.488-0300] {logging_mixin.py:115} INFO - [2022-09-14T21:22:39.488-0300] {dag.py:2977} INFO - Setting next_dagrun for example_task_group_decorator to 2022-09-14T00:22:39.488008+00:00, run_after=2022-09-15T00:22:39.488008+00:00
[2022-09-14T21:22:39.532-0300] {processor.py:161} INFO - Processing /home/juliana/Área de Trabalho/datapipeline/.env/lib/python3.8/site-packages/airflow/example_dags/example_task_group_decorator.py took 0.134 seconds
[2022-09-14T21:23:13.818-0300] {processor.py:153} INFO - Started process (PID=21432) to work on /home/juliana/Área de Trabalho/datapipeline/.env/lib/python3.8/site-packages/airflow/example_dags/example_task_group_decorator.py
[2022-09-14T21:23:13.820-0300] {processor.py:640} INFO - Processing file /home/juliana/Área de Trabalho/datapipeline/.env/lib/python3.8/site-packages/airflow/example_dags/example_task_group_decorator.py for tasks to queue
[2022-09-14T21:23:13.820-0300] {logging_mixin.py:115} INFO - [2022-09-14T21:23:13.820-0300] {dagbag.py:508} INFO - Filling up the DagBag from /home/juliana/Área de Trabalho/datapipeline/.env/lib/python3.8/site-packages/airflow/example_dags/example_task_group_decorator.py
[2022-09-14T21:23:13.844-0300] {processor.py:650} INFO - DAG(s) dict_keys(['example_task_group_decorator']) retrieved from /home/juliana/Área de Trabalho/datapipeline/.env/lib/python3.8/site-packages/airflow/example_dags/example_task_group_decorator.py
[2022-09-14T21:23:13.860-0300] {logging_mixin.py:115} INFO - [2022-09-14T21:23:13.860-0300] {dag.py:2429} INFO - Sync 1 DAGs
[2022-09-14T21:23:13.875-0300] {logging_mixin.py:115} INFO - [2022-09-14T21:23:13.875-0300] {dag.py:2977} INFO - Setting next_dagrun for example_task_group_decorator to 2022-09-14T00:23:13.874906+00:00, run_after=2022-09-15T00:23:13.874906+00:00
[2022-09-14T21:23:13.892-0300] {processor.py:161} INFO - Processing /home/juliana/Área de Trabalho/datapipeline/.env/lib/python3.8/site-packages/airflow/example_dags/example_task_group_decorator.py took 0.078 seconds
[2022-09-14T21:23:51.442-0300] {processor.py:153} INFO - Started process (PID=21485) to work on /home/juliana/Área de Trabalho/datapipeline/.env/lib/python3.8/site-packages/airflow/example_dags/example_task_group_decorator.py
[2022-09-14T21:23:51.443-0300] {processor.py:640} INFO - Processing file /home/juliana/Área de Trabalho/datapipeline/.env/lib/python3.8/site-packages/airflow/example_dags/example_task_group_decorator.py for tasks to queue
[2022-09-14T21:23:51.444-0300] {logging_mixin.py:115} INFO - [2022-09-14T21:23:51.444-0300] {dagbag.py:508} INFO - Filling up the DagBag from /home/juliana/Área de Trabalho/datapipeline/.env/lib/python3.8/site-packages/airflow/example_dags/example_task_group_decorator.py
[2022-09-14T21:23:51.492-0300] {processor.py:650} INFO - DAG(s) dict_keys(['example_task_group_decorator']) retrieved from /home/juliana/Área de Trabalho/datapipeline/.env/lib/python3.8/site-packages/airflow/example_dags/example_task_group_decorator.py
[2022-09-14T21:23:51.517-0300] {logging_mixin.py:115} INFO - [2022-09-14T21:23:51.517-0300] {dag.py:2429} INFO - Sync 1 DAGs
[2022-09-14T21:23:51.545-0300] {logging_mixin.py:115} INFO - [2022-09-14T21:23:51.545-0300] {dag.py:2977} INFO - Setting next_dagrun for example_task_group_decorator to 2022-09-14T00:23:51.545335+00:00, run_after=2022-09-15T00:23:51.545335+00:00
[2022-09-14T21:23:51.568-0300] {processor.py:161} INFO - Processing /home/juliana/Área de Trabalho/datapipeline/.env/lib/python3.8/site-packages/airflow/example_dags/example_task_group_decorator.py took 0.133 seconds
[2022-09-14T21:24:29.399-0300] {processor.py:153} INFO - Started process (PID=21532) to work on /home/juliana/Área de Trabalho/datapipeline/.env/lib/python3.8/site-packages/airflow/example_dags/example_task_group_decorator.py
[2022-09-14T21:24:29.402-0300] {processor.py:640} INFO - Processing file /home/juliana/Área de Trabalho/datapipeline/.env/lib/python3.8/site-packages/airflow/example_dags/example_task_group_decorator.py for tasks to queue
[2022-09-14T21:24:29.403-0300] {logging_mixin.py:115} INFO - [2022-09-14T21:24:29.403-0300] {dagbag.py:508} INFO - Filling up the DagBag from /home/juliana/Área de Trabalho/datapipeline/.env/lib/python3.8/site-packages/airflow/example_dags/example_task_group_decorator.py
[2022-09-14T21:24:29.433-0300] {processor.py:650} INFO - DAG(s) dict_keys(['example_task_group_decorator']) retrieved from /home/juliana/Área de Trabalho/datapipeline/.env/lib/python3.8/site-packages/airflow/example_dags/example_task_group_decorator.py
[2022-09-14T21:24:29.460-0300] {logging_mixin.py:115} INFO - [2022-09-14T21:24:29.460-0300] {dag.py:2429} INFO - Sync 1 DAGs
[2022-09-14T21:24:29.493-0300] {logging_mixin.py:115} INFO - [2022-09-14T21:24:29.493-0300] {dag.py:2977} INFO - Setting next_dagrun for example_task_group_decorator to 2022-09-14T00:24:29.493557+00:00, run_after=2022-09-15T00:24:29.493557+00:00
[2022-09-14T21:24:29.527-0300] {processor.py:161} INFO - Processing /home/juliana/Área de Trabalho/datapipeline/.env/lib/python3.8/site-packages/airflow/example_dags/example_task_group_decorator.py took 0.132 seconds
[2022-09-14T21:25:03.942-0300] {processor.py:153} INFO - Started process (PID=21573) to work on /home/juliana/Área de Trabalho/datapipeline/.env/lib/python3.8/site-packages/airflow/example_dags/example_task_group_decorator.py
[2022-09-14T21:25:03.949-0300] {processor.py:640} INFO - Processing file /home/juliana/Área de Trabalho/datapipeline/.env/lib/python3.8/site-packages/airflow/example_dags/example_task_group_decorator.py for tasks to queue
[2022-09-14T21:25:03.951-0300] {logging_mixin.py:115} INFO - [2022-09-14T21:25:03.950-0300] {dagbag.py:508} INFO - Filling up the DagBag from /home/juliana/Área de Trabalho/datapipeline/.env/lib/python3.8/site-packages/airflow/example_dags/example_task_group_decorator.py
[2022-09-14T21:25:03.987-0300] {processor.py:650} INFO - DAG(s) dict_keys(['example_task_group_decorator']) retrieved from /home/juliana/Área de Trabalho/datapipeline/.env/lib/python3.8/site-packages/airflow/example_dags/example_task_group_decorator.py
[2022-09-14T21:25:04.004-0300] {logging_mixin.py:115} INFO - [2022-09-14T21:25:04.004-0300] {dag.py:2429} INFO - Sync 1 DAGs
[2022-09-14T21:25:04.020-0300] {logging_mixin.py:115} INFO - [2022-09-14T21:25:04.020-0300] {dag.py:2977} INFO - Setting next_dagrun for example_task_group_decorator to 2022-09-14T00:25:04.019892+00:00, run_after=2022-09-15T00:25:04.019892+00:00
[2022-09-14T21:25:04.038-0300] {processor.py:161} INFO - Processing /home/juliana/Área de Trabalho/datapipeline/.env/lib/python3.8/site-packages/airflow/example_dags/example_task_group_decorator.py took 0.102 seconds
[2022-09-14T21:25:36.035-0300] {processor.py:153} INFO - Started process (PID=21606) to work on /home/juliana/Área de Trabalho/datapipeline/.env/lib/python3.8/site-packages/airflow/example_dags/example_task_group_decorator.py
[2022-09-14T21:25:36.036-0300] {processor.py:640} INFO - Processing file /home/juliana/Área de Trabalho/datapipeline/.env/lib/python3.8/site-packages/airflow/example_dags/example_task_group_decorator.py for tasks to queue
[2022-09-14T21:25:36.037-0300] {logging_mixin.py:115} INFO - [2022-09-14T21:25:36.037-0300] {dagbag.py:508} INFO - Filling up the DagBag from /home/juliana/Área de Trabalho/datapipeline/.env/lib/python3.8/site-packages/airflow/example_dags/example_task_group_decorator.py
[2022-09-14T21:25:36.068-0300] {processor.py:650} INFO - DAG(s) dict_keys(['example_task_group_decorator']) retrieved from /home/juliana/Área de Trabalho/datapipeline/.env/lib/python3.8/site-packages/airflow/example_dags/example_task_group_decorator.py
[2022-09-14T21:25:36.085-0300] {logging_mixin.py:115} INFO - [2022-09-14T21:25:36.085-0300] {dag.py:2429} INFO - Sync 1 DAGs
[2022-09-14T21:25:36.101-0300] {logging_mixin.py:115} INFO - [2022-09-14T21:25:36.100-0300] {dag.py:2977} INFO - Setting next_dagrun for example_task_group_decorator to 2022-09-14T00:25:36.100754+00:00, run_after=2022-09-15T00:25:36.100754+00:00
[2022-09-14T21:25:36.122-0300] {processor.py:161} INFO - Processing /home/juliana/Área de Trabalho/datapipeline/.env/lib/python3.8/site-packages/airflow/example_dags/example_task_group_decorator.py took 0.100 seconds
[2022-09-14T21:26:07.734-0300] {processor.py:153} INFO - Started process (PID=21639) to work on /home/juliana/Área de Trabalho/datapipeline/.env/lib/python3.8/site-packages/airflow/example_dags/example_task_group_decorator.py
[2022-09-14T21:26:07.735-0300] {processor.py:640} INFO - Processing file /home/juliana/Área de Trabalho/datapipeline/.env/lib/python3.8/site-packages/airflow/example_dags/example_task_group_decorator.py for tasks to queue
[2022-09-14T21:26:07.736-0300] {logging_mixin.py:115} INFO - [2022-09-14T21:26:07.736-0300] {dagbag.py:508} INFO - Filling up the DagBag from /home/juliana/Área de Trabalho/datapipeline/.env/lib/python3.8/site-packages/airflow/example_dags/example_task_group_decorator.py
[2022-09-14T21:26:07.766-0300] {processor.py:650} INFO - DAG(s) dict_keys(['example_task_group_decorator']) retrieved from /home/juliana/Área de Trabalho/datapipeline/.env/lib/python3.8/site-packages/airflow/example_dags/example_task_group_decorator.py
[2022-09-14T21:26:07.786-0300] {logging_mixin.py:115} INFO - [2022-09-14T21:26:07.786-0300] {dag.py:2429} INFO - Sync 1 DAGs
[2022-09-14T21:26:07.804-0300] {logging_mixin.py:115} INFO - [2022-09-14T21:26:07.804-0300] {dag.py:2977} INFO - Setting next_dagrun for example_task_group_decorator to 2022-09-14T00:26:07.803913+00:00, run_after=2022-09-15T00:26:07.803913+00:00
[2022-09-14T21:26:07.827-0300] {processor.py:161} INFO - Processing /home/juliana/Área de Trabalho/datapipeline/.env/lib/python3.8/site-packages/airflow/example_dags/example_task_group_decorator.py took 0.097 seconds
[2022-09-14T21:26:41.752-0300] {processor.py:153} INFO - Started process (PID=21677) to work on /home/juliana/Área de Trabalho/datapipeline/.env/lib/python3.8/site-packages/airflow/example_dags/example_task_group_decorator.py
[2022-09-14T21:26:41.754-0300] {processor.py:640} INFO - Processing file /home/juliana/Área de Trabalho/datapipeline/.env/lib/python3.8/site-packages/airflow/example_dags/example_task_group_decorator.py for tasks to queue
[2022-09-14T21:26:41.755-0300] {logging_mixin.py:115} INFO - [2022-09-14T21:26:41.754-0300] {dagbag.py:508} INFO - Filling up the DagBag from /home/juliana/Área de Trabalho/datapipeline/.env/lib/python3.8/site-packages/airflow/example_dags/example_task_group_decorator.py
[2022-09-14T21:26:41.783-0300] {processor.py:650} INFO - DAG(s) dict_keys(['example_task_group_decorator']) retrieved from /home/juliana/Área de Trabalho/datapipeline/.env/lib/python3.8/site-packages/airflow/example_dags/example_task_group_decorator.py
[2022-09-14T21:26:41.799-0300] {logging_mixin.py:115} INFO - [2022-09-14T21:26:41.799-0300] {dag.py:2429} INFO - Sync 1 DAGs
[2022-09-14T21:26:41.817-0300] {logging_mixin.py:115} INFO - [2022-09-14T21:26:41.817-0300] {dag.py:2977} INFO - Setting next_dagrun for example_task_group_decorator to 2022-09-14T00:26:41.816767+00:00, run_after=2022-09-15T00:26:41.816767+00:00
[2022-09-14T21:26:41.836-0300] {processor.py:161} INFO - Processing /home/juliana/Área de Trabalho/datapipeline/.env/lib/python3.8/site-packages/airflow/example_dags/example_task_group_decorator.py took 0.088 seconds
[2022-09-14T21:27:20.300-0300] {processor.py:153} INFO - Started process (PID=21731) to work on /home/juliana/Área de Trabalho/datapipeline/.env/lib/python3.8/site-packages/airflow/example_dags/example_task_group_decorator.py
[2022-09-14T21:27:20.301-0300] {processor.py:640} INFO - Processing file /home/juliana/Área de Trabalho/datapipeline/.env/lib/python3.8/site-packages/airflow/example_dags/example_task_group_decorator.py for tasks to queue
[2022-09-14T21:27:20.302-0300] {logging_mixin.py:115} INFO - [2022-09-14T21:27:20.302-0300] {dagbag.py:508} INFO - Filling up the DagBag from /home/juliana/Área de Trabalho/datapipeline/.env/lib/python3.8/site-packages/airflow/example_dags/example_task_group_decorator.py
[2022-09-14T21:27:20.335-0300] {processor.py:650} INFO - DAG(s) dict_keys(['example_task_group_decorator']) retrieved from /home/juliana/Área de Trabalho/datapipeline/.env/lib/python3.8/site-packages/airflow/example_dags/example_task_group_decorator.py
[2022-09-14T21:27:20.383-0300] {logging_mixin.py:115} INFO - [2022-09-14T21:27:20.383-0300] {dag.py:2429} INFO - Sync 1 DAGs
[2022-09-14T21:27:20.399-0300] {logging_mixin.py:115} INFO - [2022-09-14T21:27:20.399-0300] {dag.py:2977} INFO - Setting next_dagrun for example_task_group_decorator to 2022-09-14T00:27:20.399353+00:00, run_after=2022-09-15T00:27:20.399353+00:00
[2022-09-14T21:27:20.418-0300] {processor.py:161} INFO - Processing /home/juliana/Área de Trabalho/datapipeline/.env/lib/python3.8/site-packages/airflow/example_dags/example_task_group_decorator.py took 0.125 seconds
[2022-09-14T21:34:50.313-0300] {processor.py:153} INFO - Started process (PID=21879) to work on /home/juliana/Área de Trabalho/datapipeline/.env/lib/python3.8/site-packages/airflow/example_dags/example_task_group_decorator.py
[2022-09-14T21:34:50.344-0300] {processor.py:640} INFO - Processing file /home/juliana/Área de Trabalho/datapipeline/.env/lib/python3.8/site-packages/airflow/example_dags/example_task_group_decorator.py for tasks to queue
[2022-09-14T21:34:50.345-0300] {logging_mixin.py:115} INFO - [2022-09-14T21:34:50.345-0300] {dagbag.py:508} INFO - Filling up the DagBag from /home/juliana/Área de Trabalho/datapipeline/.env/lib/python3.8/site-packages/airflow/example_dags/example_task_group_decorator.py
[2022-09-14T21:34:51.196-0300] {processor.py:650} INFO - DAG(s) dict_keys(['example_task_group_decorator']) retrieved from /home/juliana/Área de Trabalho/datapipeline/.env/lib/python3.8/site-packages/airflow/example_dags/example_task_group_decorator.py
[2022-09-14T21:34:56.949-0300] {logging_mixin.py:115} INFO - [2022-09-14T21:34:56.592-0300] {dag.py:2429} INFO - Sync 1 DAGs
[2022-09-14T21:35:05.873-0300] {logging_mixin.py:115} INFO - [2022-09-14T21:35:05.010-0300] {dag.py:2977} INFO - Setting next_dagrun for example_task_group_decorator to 2022-09-14T00:35:04.718807+00:00, run_after=2022-09-15T00:35:04.718807+00:00
[2022-09-14T21:35:14.441-0300] {processor.py:161} INFO - Processing /home/juliana/Área de Trabalho/datapipeline/.env/lib/python3.8/site-packages/airflow/example_dags/example_task_group_decorator.py took 24.132 seconds
[2022-09-15T13:35:35.512-0300] {processor.py:153} INFO - Started process (PID=7242) to work on /home/juliana/Área de Trabalho/datapipeline/.env/lib/python3.8/site-packages/airflow/example_dags/example_task_group_decorator.py
[2022-09-15T13:35:35.524-0300] {processor.py:640} INFO - Processing file /home/juliana/Área de Trabalho/datapipeline/.env/lib/python3.8/site-packages/airflow/example_dags/example_task_group_decorator.py for tasks to queue
[2022-09-15T13:35:35.525-0300] {logging_mixin.py:115} INFO - [2022-09-15T13:35:35.525-0300] {dagbag.py:508} INFO - Filling up the DagBag from /home/juliana/Área de Trabalho/datapipeline/.env/lib/python3.8/site-packages/airflow/example_dags/example_task_group_decorator.py
[2022-09-15T13:35:35.811-0300] {processor.py:650} INFO - DAG(s) dict_keys(['example_task_group_decorator']) retrieved from /home/juliana/Área de Trabalho/datapipeline/.env/lib/python3.8/site-packages/airflow/example_dags/example_task_group_decorator.py
[2022-09-15T13:35:36.110-0300] {logging_mixin.py:115} INFO - [2022-09-15T13:35:36.103-0300] {dag.py:2429} INFO - Sync 1 DAGs
[2022-09-15T13:35:36.173-0300] {logging_mixin.py:115} INFO - [2022-09-15T13:35:36.173-0300] {dag.py:2977} INFO - Setting next_dagrun for example_task_group_decorator to 2022-09-14T16:35:36.173335+00:00, run_after=2022-09-15T16:35:36.173335+00:00
[2022-09-15T13:35:36.224-0300] {processor.py:161} INFO - Processing /home/juliana/Área de Trabalho/datapipeline/.env/lib/python3.8/site-packages/airflow/example_dags/example_task_group_decorator.py took 0.739 seconds
[2022-09-15T13:36:19.791-0300] {processor.py:153} INFO - Started process (PID=7463) to work on /home/juliana/Área de Trabalho/datapipeline/.env/lib/python3.8/site-packages/airflow/example_dags/example_task_group_decorator.py
[2022-09-15T13:36:19.794-0300] {processor.py:640} INFO - Processing file /home/juliana/Área de Trabalho/datapipeline/.env/lib/python3.8/site-packages/airflow/example_dags/example_task_group_decorator.py for tasks to queue
[2022-09-15T13:36:19.795-0300] {logging_mixin.py:115} INFO - [2022-09-15T13:36:19.795-0300] {dagbag.py:508} INFO - Filling up the DagBag from /home/juliana/Área de Trabalho/datapipeline/.env/lib/python3.8/site-packages/airflow/example_dags/example_task_group_decorator.py
[2022-09-15T13:36:19.830-0300] {processor.py:650} INFO - DAG(s) dict_keys(['example_task_group_decorator']) retrieved from /home/juliana/Área de Trabalho/datapipeline/.env/lib/python3.8/site-packages/airflow/example_dags/example_task_group_decorator.py
[2022-09-15T13:36:19.890-0300] {logging_mixin.py:115} INFO - [2022-09-15T13:36:19.890-0300] {dag.py:2429} INFO - Sync 1 DAGs
[2022-09-15T13:36:19.903-0300] {logging_mixin.py:115} INFO - [2022-09-15T13:36:19.903-0300] {dag.py:2977} INFO - Setting next_dagrun for example_task_group_decorator to 2022-09-14T16:36:19.903466+00:00, run_after=2022-09-15T16:36:19.903466+00:00
[2022-09-15T13:36:19.922-0300] {processor.py:161} INFO - Processing /home/juliana/Área de Trabalho/datapipeline/.env/lib/python3.8/site-packages/airflow/example_dags/example_task_group_decorator.py took 0.136 seconds
[2022-09-15T13:36:58.123-0300] {processor.py:153} INFO - Started process (PID=7608) to work on /home/juliana/Área de Trabalho/datapipeline/.env/lib/python3.8/site-packages/airflow/example_dags/example_task_group_decorator.py
[2022-09-15T13:36:58.131-0300] {processor.py:640} INFO - Processing file /home/juliana/Área de Trabalho/datapipeline/.env/lib/python3.8/site-packages/airflow/example_dags/example_task_group_decorator.py for tasks to queue
[2022-09-15T13:36:58.132-0300] {logging_mixin.py:115} INFO - [2022-09-15T13:36:58.132-0300] {dagbag.py:508} INFO - Filling up the DagBag from /home/juliana/Área de Trabalho/datapipeline/.env/lib/python3.8/site-packages/airflow/example_dags/example_task_group_decorator.py
[2022-09-15T13:36:58.164-0300] {processor.py:650} INFO - DAG(s) dict_keys(['example_task_group_decorator']) retrieved from /home/juliana/Área de Trabalho/datapipeline/.env/lib/python3.8/site-packages/airflow/example_dags/example_task_group_decorator.py
[2022-09-15T13:36:58.180-0300] {logging_mixin.py:115} INFO - [2022-09-15T13:36:58.180-0300] {dag.py:2429} INFO - Sync 1 DAGs
[2022-09-15T13:36:58.196-0300] {logging_mixin.py:115} INFO - [2022-09-15T13:36:58.196-0300] {dag.py:2977} INFO - Setting next_dagrun for example_task_group_decorator to 2022-09-14T16:36:58.196286+00:00, run_after=2022-09-15T16:36:58.196286+00:00
[2022-09-15T13:36:58.218-0300] {processor.py:161} INFO - Processing /home/juliana/Área de Trabalho/datapipeline/.env/lib/python3.8/site-packages/airflow/example_dags/example_task_group_decorator.py took 0.101 seconds
[2022-09-15T13:37:36.324-0300] {processor.py:153} INFO - Started process (PID=7748) to work on /home/juliana/Área de Trabalho/datapipeline/.env/lib/python3.8/site-packages/airflow/example_dags/example_task_group_decorator.py
[2022-09-15T13:37:36.331-0300] {processor.py:640} INFO - Processing file /home/juliana/Área de Trabalho/datapipeline/.env/lib/python3.8/site-packages/airflow/example_dags/example_task_group_decorator.py for tasks to queue
[2022-09-15T13:37:36.332-0300] {logging_mixin.py:115} INFO - [2022-09-15T13:37:36.332-0300] {dagbag.py:508} INFO - Filling up the DagBag from /home/juliana/Área de Trabalho/datapipeline/.env/lib/python3.8/site-packages/airflow/example_dags/example_task_group_decorator.py
[2022-09-15T13:37:36.374-0300] {processor.py:650} INFO - DAG(s) dict_keys(['example_task_group_decorator']) retrieved from /home/juliana/Área de Trabalho/datapipeline/.env/lib/python3.8/site-packages/airflow/example_dags/example_task_group_decorator.py
[2022-09-15T13:37:36.414-0300] {logging_mixin.py:115} INFO - [2022-09-15T13:37:36.413-0300] {dag.py:2429} INFO - Sync 1 DAGs
[2022-09-15T13:37:36.434-0300] {logging_mixin.py:115} INFO - [2022-09-15T13:37:36.434-0300] {dag.py:2977} INFO - Setting next_dagrun for example_task_group_decorator to 2022-09-14T16:37:36.434108+00:00, run_after=2022-09-15T16:37:36.434108+00:00
[2022-09-15T13:37:36.523-0300] {processor.py:161} INFO - Processing /home/juliana/Área de Trabalho/datapipeline/.env/lib/python3.8/site-packages/airflow/example_dags/example_task_group_decorator.py took 0.205 seconds
[2022-09-15T13:38:17.005-0300] {processor.py:153} INFO - Started process (PID=7885) to work on /home/juliana/Área de Trabalho/datapipeline/.env/lib/python3.8/site-packages/airflow/example_dags/example_task_group_decorator.py
[2022-09-15T13:38:17.008-0300] {processor.py:640} INFO - Processing file /home/juliana/Área de Trabalho/datapipeline/.env/lib/python3.8/site-packages/airflow/example_dags/example_task_group_decorator.py for tasks to queue
[2022-09-15T13:38:17.009-0300] {logging_mixin.py:115} INFO - [2022-09-15T13:38:17.009-0300] {dagbag.py:508} INFO - Filling up the DagBag from /home/juliana/Área de Trabalho/datapipeline/.env/lib/python3.8/site-packages/airflow/example_dags/example_task_group_decorator.py
[2022-09-15T13:38:17.058-0300] {processor.py:650} INFO - DAG(s) dict_keys(['example_task_group_decorator']) retrieved from /home/juliana/Área de Trabalho/datapipeline/.env/lib/python3.8/site-packages/airflow/example_dags/example_task_group_decorator.py
[2022-09-15T13:38:17.097-0300] {logging_mixin.py:115} INFO - [2022-09-15T13:38:17.097-0300] {dag.py:2429} INFO - Sync 1 DAGs
[2022-09-15T13:38:17.109-0300] {logging_mixin.py:115} INFO - [2022-09-15T13:38:17.109-0300] {dag.py:2977} INFO - Setting next_dagrun for example_task_group_decorator to 2022-09-14T16:38:17.109445+00:00, run_after=2022-09-15T16:38:17.109445+00:00
[2022-09-15T13:38:17.216-0300] {processor.py:161} INFO - Processing /home/juliana/Área de Trabalho/datapipeline/.env/lib/python3.8/site-packages/airflow/example_dags/example_task_group_decorator.py took 0.217 seconds
[2022-09-15T13:38:56.636-0300] {processor.py:153} INFO - Started process (PID=8018) to work on /home/juliana/Área de Trabalho/datapipeline/.env/lib/python3.8/site-packages/airflow/example_dags/example_task_group_decorator.py
[2022-09-15T13:38:56.644-0300] {processor.py:640} INFO - Processing file /home/juliana/Área de Trabalho/datapipeline/.env/lib/python3.8/site-packages/airflow/example_dags/example_task_group_decorator.py for tasks to queue
[2022-09-15T13:38:56.645-0300] {logging_mixin.py:115} INFO - [2022-09-15T13:38:56.645-0300] {dagbag.py:508} INFO - Filling up the DagBag from /home/juliana/Área de Trabalho/datapipeline/.env/lib/python3.8/site-packages/airflow/example_dags/example_task_group_decorator.py
[2022-09-15T13:38:56.680-0300] {processor.py:650} INFO - DAG(s) dict_keys(['example_task_group_decorator']) retrieved from /home/juliana/Área de Trabalho/datapipeline/.env/lib/python3.8/site-packages/airflow/example_dags/example_task_group_decorator.py
[2022-09-15T13:38:56.696-0300] {logging_mixin.py:115} INFO - [2022-09-15T13:38:56.696-0300] {dag.py:2429} INFO - Sync 1 DAGs
[2022-09-15T13:38:56.712-0300] {logging_mixin.py:115} INFO - [2022-09-15T13:38:56.711-0300] {dag.py:2977} INFO - Setting next_dagrun for example_task_group_decorator to 2022-09-14T16:38:56.711658+00:00, run_after=2022-09-15T16:38:56.711658+00:00
[2022-09-15T13:38:56.729-0300] {processor.py:161} INFO - Processing /home/juliana/Área de Trabalho/datapipeline/.env/lib/python3.8/site-packages/airflow/example_dags/example_task_group_decorator.py took 0.100 seconds
[2022-09-15T13:39:35.785-0300] {processor.py:153} INFO - Started process (PID=8152) to work on /home/juliana/Área de Trabalho/datapipeline/.env/lib/python3.8/site-packages/airflow/example_dags/example_task_group_decorator.py
[2022-09-15T13:39:35.792-0300] {processor.py:640} INFO - Processing file /home/juliana/Área de Trabalho/datapipeline/.env/lib/python3.8/site-packages/airflow/example_dags/example_task_group_decorator.py for tasks to queue
[2022-09-15T13:39:35.793-0300] {logging_mixin.py:115} INFO - [2022-09-15T13:39:35.793-0300] {dagbag.py:508} INFO - Filling up the DagBag from /home/juliana/Área de Trabalho/datapipeline/.env/lib/python3.8/site-packages/airflow/example_dags/example_task_group_decorator.py
[2022-09-15T13:39:35.823-0300] {processor.py:650} INFO - DAG(s) dict_keys(['example_task_group_decorator']) retrieved from /home/juliana/Área de Trabalho/datapipeline/.env/lib/python3.8/site-packages/airflow/example_dags/example_task_group_decorator.py
[2022-09-15T13:39:35.862-0300] {logging_mixin.py:115} INFO - [2022-09-15T13:39:35.862-0300] {dag.py:2429} INFO - Sync 1 DAGs
[2022-09-15T13:39:35.875-0300] {logging_mixin.py:115} INFO - [2022-09-15T13:39:35.875-0300] {dag.py:2977} INFO - Setting next_dagrun for example_task_group_decorator to 2022-09-14T16:39:35.875210+00:00, run_after=2022-09-15T16:39:35.875210+00:00
[2022-09-15T13:39:35.967-0300] {processor.py:161} INFO - Processing /home/juliana/Área de Trabalho/datapipeline/.env/lib/python3.8/site-packages/airflow/example_dags/example_task_group_decorator.py took 0.186 seconds
[2022-09-15T13:40:13.757-0300] {processor.py:153} INFO - Started process (PID=8285) to work on /home/juliana/Área de Trabalho/datapipeline/.env/lib/python3.8/site-packages/airflow/example_dags/example_task_group_decorator.py
[2022-09-15T13:40:13.759-0300] {processor.py:640} INFO - Processing file /home/juliana/Área de Trabalho/datapipeline/.env/lib/python3.8/site-packages/airflow/example_dags/example_task_group_decorator.py for tasks to queue
[2022-09-15T13:40:13.760-0300] {logging_mixin.py:115} INFO - [2022-09-15T13:40:13.760-0300] {dagbag.py:508} INFO - Filling up the DagBag from /home/juliana/Área de Trabalho/datapipeline/.env/lib/python3.8/site-packages/airflow/example_dags/example_task_group_decorator.py
[2022-09-15T13:40:13.790-0300] {processor.py:650} INFO - DAG(s) dict_keys(['example_task_group_decorator']) retrieved from /home/juliana/Área de Trabalho/datapipeline/.env/lib/python3.8/site-packages/airflow/example_dags/example_task_group_decorator.py
[2022-09-15T13:40:13.832-0300] {logging_mixin.py:115} INFO - [2022-09-15T13:40:13.832-0300] {dag.py:2429} INFO - Sync 1 DAGs
[2022-09-15T13:40:13.846-0300] {logging_mixin.py:115} INFO - [2022-09-15T13:40:13.846-0300] {dag.py:2977} INFO - Setting next_dagrun for example_task_group_decorator to 2022-09-14T16:40:13.846259+00:00, run_after=2022-09-15T16:40:13.846259+00:00
[2022-09-15T13:40:13.865-0300] {processor.py:161} INFO - Processing /home/juliana/Área de Trabalho/datapipeline/.env/lib/python3.8/site-packages/airflow/example_dags/example_task_group_decorator.py took 0.111 seconds
[2022-09-15T13:40:52.252-0300] {processor.py:153} INFO - Started process (PID=8430) to work on /home/juliana/Área de Trabalho/datapipeline/.env/lib/python3.8/site-packages/airflow/example_dags/example_task_group_decorator.py
[2022-09-15T13:40:52.260-0300] {processor.py:640} INFO - Processing file /home/juliana/Área de Trabalho/datapipeline/.env/lib/python3.8/site-packages/airflow/example_dags/example_task_group_decorator.py for tasks to queue
[2022-09-15T13:40:52.261-0300] {logging_mixin.py:115} INFO - [2022-09-15T13:40:52.261-0300] {dagbag.py:508} INFO - Filling up the DagBag from /home/juliana/Área de Trabalho/datapipeline/.env/lib/python3.8/site-packages/airflow/example_dags/example_task_group_decorator.py
[2022-09-15T13:40:52.307-0300] {processor.py:650} INFO - DAG(s) dict_keys(['example_task_group_decorator']) retrieved from /home/juliana/Área de Trabalho/datapipeline/.env/lib/python3.8/site-packages/airflow/example_dags/example_task_group_decorator.py
[2022-09-15T13:40:52.337-0300] {logging_mixin.py:115} INFO - [2022-09-15T13:40:52.337-0300] {dag.py:2429} INFO - Sync 1 DAGs
[2022-09-15T13:40:52.380-0300] {logging_mixin.py:115} INFO - [2022-09-15T13:40:52.380-0300] {dag.py:2977} INFO - Setting next_dagrun for example_task_group_decorator to 2022-09-14T16:40:52.380269+00:00, run_after=2022-09-15T16:40:52.380269+00:00
[2022-09-15T13:40:52.408-0300] {processor.py:161} INFO - Processing /home/juliana/Área de Trabalho/datapipeline/.env/lib/python3.8/site-packages/airflow/example_dags/example_task_group_decorator.py took 0.162 seconds
[2022-09-15T13:41:27.917-0300] {processor.py:153} INFO - Started process (PID=8558) to work on /home/juliana/Área de Trabalho/datapipeline/.env/lib/python3.8/site-packages/airflow/example_dags/example_task_group_decorator.py
[2022-09-15T13:41:27.924-0300] {processor.py:640} INFO - Processing file /home/juliana/Área de Trabalho/datapipeline/.env/lib/python3.8/site-packages/airflow/example_dags/example_task_group_decorator.py for tasks to queue
[2022-09-15T13:41:27.925-0300] {logging_mixin.py:115} INFO - [2022-09-15T13:41:27.925-0300] {dagbag.py:508} INFO - Filling up the DagBag from /home/juliana/Área de Trabalho/datapipeline/.env/lib/python3.8/site-packages/airflow/example_dags/example_task_group_decorator.py
[2022-09-15T13:41:27.957-0300] {processor.py:650} INFO - DAG(s) dict_keys(['example_task_group_decorator']) retrieved from /home/juliana/Área de Trabalho/datapipeline/.env/lib/python3.8/site-packages/airflow/example_dags/example_task_group_decorator.py
[2022-09-15T13:41:27.974-0300] {logging_mixin.py:115} INFO - [2022-09-15T13:41:27.974-0300] {dag.py:2429} INFO - Sync 1 DAGs
[2022-09-15T13:41:27.989-0300] {logging_mixin.py:115} INFO - [2022-09-15T13:41:27.989-0300] {dag.py:2977} INFO - Setting next_dagrun for example_task_group_decorator to 2022-09-14T16:41:27.989315+00:00, run_after=2022-09-15T16:41:27.989315+00:00
[2022-09-15T13:41:28.008-0300] {processor.py:161} INFO - Processing /home/juliana/Área de Trabalho/datapipeline/.env/lib/python3.8/site-packages/airflow/example_dags/example_task_group_decorator.py took 0.097 seconds
[2022-09-15T13:42:08.664-0300] {processor.py:153} INFO - Started process (PID=8706) to work on /home/juliana/Área de Trabalho/datapipeline/.env/lib/python3.8/site-packages/airflow/example_dags/example_task_group_decorator.py
[2022-09-15T13:42:08.668-0300] {processor.py:640} INFO - Processing file /home/juliana/Área de Trabalho/datapipeline/.env/lib/python3.8/site-packages/airflow/example_dags/example_task_group_decorator.py for tasks to queue
[2022-09-15T13:42:08.669-0300] {logging_mixin.py:115} INFO - [2022-09-15T13:42:08.669-0300] {dagbag.py:508} INFO - Filling up the DagBag from /home/juliana/Área de Trabalho/datapipeline/.env/lib/python3.8/site-packages/airflow/example_dags/example_task_group_decorator.py
[2022-09-15T13:42:08.728-0300] {processor.py:650} INFO - DAG(s) dict_keys(['example_task_group_decorator']) retrieved from /home/juliana/Área de Trabalho/datapipeline/.env/lib/python3.8/site-packages/airflow/example_dags/example_task_group_decorator.py
[2022-09-15T13:42:08.751-0300] {logging_mixin.py:115} INFO - [2022-09-15T13:42:08.751-0300] {dag.py:2429} INFO - Sync 1 DAGs
[2022-09-15T13:42:08.778-0300] {logging_mixin.py:115} INFO - [2022-09-15T13:42:08.777-0300] {dag.py:2977} INFO - Setting next_dagrun for example_task_group_decorator to 2022-09-14T16:42:08.777553+00:00, run_after=2022-09-15T16:42:08.777553+00:00
[2022-09-15T13:42:08.799-0300] {processor.py:161} INFO - Processing /home/juliana/Área de Trabalho/datapipeline/.env/lib/python3.8/site-packages/airflow/example_dags/example_task_group_decorator.py took 0.139 seconds
[2022-09-15T13:42:51.652-0300] {processor.py:153} INFO - Started process (PID=8853) to work on /home/juliana/Área de Trabalho/datapipeline/.env/lib/python3.8/site-packages/airflow/example_dags/example_task_group_decorator.py
[2022-09-15T13:42:51.678-0300] {processor.py:640} INFO - Processing file /home/juliana/Área de Trabalho/datapipeline/.env/lib/python3.8/site-packages/airflow/example_dags/example_task_group_decorator.py for tasks to queue
[2022-09-15T13:42:51.680-0300] {logging_mixin.py:115} INFO - [2022-09-15T13:42:51.679-0300] {dagbag.py:508} INFO - Filling up the DagBag from /home/juliana/Área de Trabalho/datapipeline/.env/lib/python3.8/site-packages/airflow/example_dags/example_task_group_decorator.py
[2022-09-15T13:42:51.776-0300] {processor.py:650} INFO - DAG(s) dict_keys(['example_task_group_decorator']) retrieved from /home/juliana/Área de Trabalho/datapipeline/.env/lib/python3.8/site-packages/airflow/example_dags/example_task_group_decorator.py
[2022-09-15T13:42:51.813-0300] {logging_mixin.py:115} INFO - [2022-09-15T13:42:51.813-0300] {dag.py:2429} INFO - Sync 1 DAGs
[2022-09-15T13:42:51.837-0300] {logging_mixin.py:115} INFO - [2022-09-15T13:42:51.836-0300] {dag.py:2977} INFO - Setting next_dagrun for example_task_group_decorator to 2022-09-14T16:42:51.836717+00:00, run_after=2022-09-15T16:42:51.836717+00:00
[2022-09-15T13:42:52.153-0300] {processor.py:161} INFO - Processing /home/juliana/Área de Trabalho/datapipeline/.env/lib/python3.8/site-packages/airflow/example_dags/example_task_group_decorator.py took 0.505 seconds
