[2022-09-14T21:00:09.844-0300] {processor.py:153} INFO - Started process (PID=19973) to work on /home/juliana/Área de Trabalho/datapipeline/.env/lib/python3.8/site-packages/airflow/example_dags/example_latest_only.py
[2022-09-14T21:00:09.845-0300] {processor.py:640} INFO - Processing file /home/juliana/Área de Trabalho/datapipeline/.env/lib/python3.8/site-packages/airflow/example_dags/example_latest_only.py for tasks to queue
[2022-09-14T21:00:09.846-0300] {logging_mixin.py:115} INFO - [2022-09-14T21:00:09.846-0300] {dagbag.py:508} INFO - Filling up the DagBag from /home/juliana/Área de Trabalho/datapipeline/.env/lib/python3.8/site-packages/airflow/example_dags/example_latest_only.py
[2022-09-14T21:00:09.851-0300] {processor.py:650} INFO - DAG(s) dict_keys(['latest_only']) retrieved from /home/juliana/Área de Trabalho/datapipeline/.env/lib/python3.8/site-packages/airflow/example_dags/example_latest_only.py
[2022-09-14T21:00:09.868-0300] {logging_mixin.py:115} INFO - [2022-09-14T21:00:09.868-0300] {dag.py:2429} INFO - Sync 1 DAGs
[2022-09-14T21:00:09.886-0300] {logging_mixin.py:115} INFO - [2022-09-14T21:00:09.886-0300] {dag.py:2977} INFO - Setting next_dagrun for latest_only to 2022-09-14T20:00:09.885856+00:00, run_after=2022-09-15T00:00:09.885856+00:00
[2022-09-14T21:00:09.907-0300] {processor.py:161} INFO - Processing /home/juliana/Área de Trabalho/datapipeline/.env/lib/python3.8/site-packages/airflow/example_dags/example_latest_only.py took 0.069 seconds
[2022-09-14T21:00:46.158-0300] {processor.py:153} INFO - Started process (PID=20011) to work on /home/juliana/Área de Trabalho/datapipeline/.env/lib/python3.8/site-packages/airflow/example_dags/example_latest_only.py
[2022-09-14T21:00:46.160-0300] {processor.py:640} INFO - Processing file /home/juliana/Área de Trabalho/datapipeline/.env/lib/python3.8/site-packages/airflow/example_dags/example_latest_only.py for tasks to queue
[2022-09-14T21:00:46.161-0300] {logging_mixin.py:115} INFO - [2022-09-14T21:00:46.161-0300] {dagbag.py:508} INFO - Filling up the DagBag from /home/juliana/Área de Trabalho/datapipeline/.env/lib/python3.8/site-packages/airflow/example_dags/example_latest_only.py
[2022-09-14T21:00:46.169-0300] {processor.py:650} INFO - DAG(s) dict_keys(['latest_only']) retrieved from /home/juliana/Área de Trabalho/datapipeline/.env/lib/python3.8/site-packages/airflow/example_dags/example_latest_only.py
[2022-09-14T21:00:46.190-0300] {logging_mixin.py:115} INFO - [2022-09-14T21:00:46.190-0300] {dag.py:2429} INFO - Sync 1 DAGs
[2022-09-14T21:00:46.207-0300] {logging_mixin.py:115} INFO - [2022-09-14T21:00:46.207-0300] {dag.py:2977} INFO - Setting next_dagrun for latest_only to 2022-09-14T20:00:46.206782+00:00, run_after=2022-09-15T00:00:46.206782+00:00
[2022-09-14T21:00:46.224-0300] {processor.py:161} INFO - Processing /home/juliana/Área de Trabalho/datapipeline/.env/lib/python3.8/site-packages/airflow/example_dags/example_latest_only.py took 0.072 seconds
[2022-09-14T21:01:20.124-0300] {processor.py:153} INFO - Started process (PID=20046) to work on /home/juliana/Área de Trabalho/datapipeline/.env/lib/python3.8/site-packages/airflow/example_dags/example_latest_only.py
[2022-09-14T21:01:20.125-0300] {processor.py:640} INFO - Processing file /home/juliana/Área de Trabalho/datapipeline/.env/lib/python3.8/site-packages/airflow/example_dags/example_latest_only.py for tasks to queue
[2022-09-14T21:01:20.126-0300] {logging_mixin.py:115} INFO - [2022-09-14T21:01:20.125-0300] {dagbag.py:508} INFO - Filling up the DagBag from /home/juliana/Área de Trabalho/datapipeline/.env/lib/python3.8/site-packages/airflow/example_dags/example_latest_only.py
[2022-09-14T21:01:20.136-0300] {processor.py:650} INFO - DAG(s) dict_keys(['latest_only']) retrieved from /home/juliana/Área de Trabalho/datapipeline/.env/lib/python3.8/site-packages/airflow/example_dags/example_latest_only.py
[2022-09-14T21:01:20.152-0300] {logging_mixin.py:115} INFO - [2022-09-14T21:01:20.151-0300] {dag.py:2429} INFO - Sync 1 DAGs
[2022-09-14T21:01:20.172-0300] {logging_mixin.py:115} INFO - [2022-09-14T21:01:20.172-0300] {dag.py:2977} INFO - Setting next_dagrun for latest_only to 2022-09-14T20:01:20.171646+00:00, run_after=2022-09-15T00:01:20.171646+00:00
[2022-09-14T21:01:20.188-0300] {processor.py:161} INFO - Processing /home/juliana/Área de Trabalho/datapipeline/.env/lib/python3.8/site-packages/airflow/example_dags/example_latest_only.py took 0.070 seconds
[2022-09-14T21:01:53.591-0300] {processor.py:153} INFO - Started process (PID=20081) to work on /home/juliana/Área de Trabalho/datapipeline/.env/lib/python3.8/site-packages/airflow/example_dags/example_latest_only.py
[2022-09-14T21:01:53.593-0300] {processor.py:640} INFO - Processing file /home/juliana/Área de Trabalho/datapipeline/.env/lib/python3.8/site-packages/airflow/example_dags/example_latest_only.py for tasks to queue
[2022-09-14T21:01:53.594-0300] {logging_mixin.py:115} INFO - [2022-09-14T21:01:53.594-0300] {dagbag.py:508} INFO - Filling up the DagBag from /home/juliana/Área de Trabalho/datapipeline/.env/lib/python3.8/site-packages/airflow/example_dags/example_latest_only.py
[2022-09-14T21:01:53.608-0300] {processor.py:650} INFO - DAG(s) dict_keys(['latest_only']) retrieved from /home/juliana/Área de Trabalho/datapipeline/.env/lib/python3.8/site-packages/airflow/example_dags/example_latest_only.py
[2022-09-14T21:01:53.628-0300] {logging_mixin.py:115} INFO - [2022-09-14T21:01:53.628-0300] {dag.py:2429} INFO - Sync 1 DAGs
[2022-09-14T21:01:53.655-0300] {logging_mixin.py:115} INFO - [2022-09-14T21:01:53.655-0300] {dag.py:2977} INFO - Setting next_dagrun for latest_only to 2022-09-14T20:01:53.655097+00:00, run_after=2022-09-15T00:01:53.655097+00:00
[2022-09-14T21:01:53.673-0300] {processor.py:161} INFO - Processing /home/juliana/Área de Trabalho/datapipeline/.env/lib/python3.8/site-packages/airflow/example_dags/example_latest_only.py took 0.088 seconds
[2022-09-14T21:02:28.666-0300] {processor.py:153} INFO - Started process (PID=20147) to work on /home/juliana/Área de Trabalho/datapipeline/.env/lib/python3.8/site-packages/airflow/example_dags/example_latest_only.py
[2022-09-14T21:02:28.667-0300] {processor.py:640} INFO - Processing file /home/juliana/Área de Trabalho/datapipeline/.env/lib/python3.8/site-packages/airflow/example_dags/example_latest_only.py for tasks to queue
[2022-09-14T21:02:28.668-0300] {logging_mixin.py:115} INFO - [2022-09-14T21:02:28.668-0300] {dagbag.py:508} INFO - Filling up the DagBag from /home/juliana/Área de Trabalho/datapipeline/.env/lib/python3.8/site-packages/airflow/example_dags/example_latest_only.py
[2022-09-14T21:02:28.687-0300] {processor.py:650} INFO - DAG(s) dict_keys(['latest_only']) retrieved from /home/juliana/Área de Trabalho/datapipeline/.env/lib/python3.8/site-packages/airflow/example_dags/example_latest_only.py
[2022-09-14T21:02:28.723-0300] {logging_mixin.py:115} INFO - [2022-09-14T21:02:28.722-0300] {dag.py:2429} INFO - Sync 1 DAGs
[2022-09-14T21:02:28.825-0300] {logging_mixin.py:115} INFO - [2022-09-14T21:02:28.825-0300] {dag.py:2977} INFO - Setting next_dagrun for latest_only to 2022-09-14T20:02:28.824730+00:00, run_after=2022-09-15T00:02:28.824730+00:00
[2022-09-14T21:02:28.854-0300] {processor.py:161} INFO - Processing /home/juliana/Área de Trabalho/datapipeline/.env/lib/python3.8/site-packages/airflow/example_dags/example_latest_only.py took 0.199 seconds
[2022-09-14T21:03:36.078-0300] {processor.py:153} INFO - Started process (PID=20200) to work on /home/juliana/Área de Trabalho/datapipeline/.env/lib/python3.8/site-packages/airflow/example_dags/example_latest_only.py
[2022-09-14T21:03:36.080-0300] {processor.py:640} INFO - Processing file /home/juliana/Área de Trabalho/datapipeline/.env/lib/python3.8/site-packages/airflow/example_dags/example_latest_only.py for tasks to queue
[2022-09-14T21:03:36.081-0300] {logging_mixin.py:115} INFO - [2022-09-14T21:03:36.081-0300] {dagbag.py:508} INFO - Filling up the DagBag from /home/juliana/Área de Trabalho/datapipeline/.env/lib/python3.8/site-packages/airflow/example_dags/example_latest_only.py
[2022-09-14T21:03:36.096-0300] {processor.py:650} INFO - DAG(s) dict_keys(['latest_only']) retrieved from /home/juliana/Área de Trabalho/datapipeline/.env/lib/python3.8/site-packages/airflow/example_dags/example_latest_only.py
[2022-09-14T21:03:36.115-0300] {logging_mixin.py:115} INFO - [2022-09-14T21:03:36.115-0300] {dag.py:2429} INFO - Sync 1 DAGs
[2022-09-14T21:03:36.132-0300] {logging_mixin.py:115} INFO - [2022-09-14T21:03:36.131-0300] {dag.py:2977} INFO - Setting next_dagrun for latest_only to 2022-09-14T20:03:36.131682+00:00, run_after=2022-09-15T00:03:36.131682+00:00
[2022-09-14T21:03:36.149-0300] {processor.py:161} INFO - Processing /home/juliana/Área de Trabalho/datapipeline/.env/lib/python3.8/site-packages/airflow/example_dags/example_latest_only.py took 0.076 seconds
[2022-09-14T21:04:13.209-0300] {processor.py:153} INFO - Started process (PID=20234) to work on /home/juliana/Área de Trabalho/datapipeline/.env/lib/python3.8/site-packages/airflow/example_dags/example_latest_only.py
[2022-09-14T21:04:13.210-0300] {processor.py:640} INFO - Processing file /home/juliana/Área de Trabalho/datapipeline/.env/lib/python3.8/site-packages/airflow/example_dags/example_latest_only.py for tasks to queue
[2022-09-14T21:04:13.211-0300] {logging_mixin.py:115} INFO - [2022-09-14T21:04:13.211-0300] {dagbag.py:508} INFO - Filling up the DagBag from /home/juliana/Área de Trabalho/datapipeline/.env/lib/python3.8/site-packages/airflow/example_dags/example_latest_only.py
[2022-09-14T21:04:13.225-0300] {processor.py:650} INFO - DAG(s) dict_keys(['latest_only']) retrieved from /home/juliana/Área de Trabalho/datapipeline/.env/lib/python3.8/site-packages/airflow/example_dags/example_latest_only.py
[2022-09-14T21:04:13.252-0300] {logging_mixin.py:115} INFO - [2022-09-14T21:04:13.252-0300] {dag.py:2429} INFO - Sync 1 DAGs
[2022-09-14T21:04:13.281-0300] {logging_mixin.py:115} INFO - [2022-09-14T21:04:13.280-0300] {dag.py:2977} INFO - Setting next_dagrun for latest_only to 2022-09-14T20:04:13.276582+00:00, run_after=2022-09-15T00:04:13.276582+00:00
[2022-09-14T21:04:13.319-0300] {processor.py:161} INFO - Processing /home/juliana/Área de Trabalho/datapipeline/.env/lib/python3.8/site-packages/airflow/example_dags/example_latest_only.py took 0.113 seconds
[2022-09-14T21:04:55.302-0300] {processor.py:153} INFO - Started process (PID=20269) to work on /home/juliana/Área de Trabalho/datapipeline/.env/lib/python3.8/site-packages/airflow/example_dags/example_latest_only.py
[2022-09-14T21:04:55.310-0300] {processor.py:640} INFO - Processing file /home/juliana/Área de Trabalho/datapipeline/.env/lib/python3.8/site-packages/airflow/example_dags/example_latest_only.py for tasks to queue
[2022-09-14T21:04:55.310-0300] {logging_mixin.py:115} INFO - [2022-09-14T21:04:55.310-0300] {dagbag.py:508} INFO - Filling up the DagBag from /home/juliana/Área de Trabalho/datapipeline/.env/lib/python3.8/site-packages/airflow/example_dags/example_latest_only.py
[2022-09-14T21:04:55.383-0300] {processor.py:650} INFO - DAG(s) dict_keys(['latest_only']) retrieved from /home/juliana/Área de Trabalho/datapipeline/.env/lib/python3.8/site-packages/airflow/example_dags/example_latest_only.py
[2022-09-14T21:04:55.896-0300] {logging_mixin.py:115} INFO - [2022-09-14T21:04:55.841-0300] {dag.py:2429} INFO - Sync 1 DAGs
[2022-09-14T21:04:56.212-0300] {logging_mixin.py:115} INFO - [2022-09-14T21:04:56.124-0300] {dag.py:2977} INFO - Setting next_dagrun for latest_only to 2022-09-14T20:04:56.091007+00:00, run_after=2022-09-15T00:04:56.091007+00:00
[2022-09-14T21:04:57.319-0300] {processor.py:161} INFO - Processing /home/juliana/Área de Trabalho/datapipeline/.env/lib/python3.8/site-packages/airflow/example_dags/example_latest_only.py took 2.034 seconds
[2022-09-14T21:06:10.017-0300] {processor.py:153} INFO - Started process (PID=20311) to work on /home/juliana/Área de Trabalho/datapipeline/.env/lib/python3.8/site-packages/airflow/example_dags/example_latest_only.py
[2022-09-14T21:06:10.024-0300] {processor.py:640} INFO - Processing file /home/juliana/Área de Trabalho/datapipeline/.env/lib/python3.8/site-packages/airflow/example_dags/example_latest_only.py for tasks to queue
[2022-09-14T21:06:10.024-0300] {logging_mixin.py:115} INFO - [2022-09-14T21:06:10.024-0300] {dagbag.py:508} INFO - Filling up the DagBag from /home/juliana/Área de Trabalho/datapipeline/.env/lib/python3.8/site-packages/airflow/example_dags/example_latest_only.py
[2022-09-14T21:06:10.032-0300] {processor.py:650} INFO - DAG(s) dict_keys(['latest_only']) retrieved from /home/juliana/Área de Trabalho/datapipeline/.env/lib/python3.8/site-packages/airflow/example_dags/example_latest_only.py
[2022-09-14T21:06:10.049-0300] {logging_mixin.py:115} INFO - [2022-09-14T21:06:10.048-0300] {dag.py:2429} INFO - Sync 1 DAGs
[2022-09-14T21:06:10.070-0300] {logging_mixin.py:115} INFO - [2022-09-14T21:06:10.070-0300] {dag.py:2977} INFO - Setting next_dagrun for latest_only to 2022-09-14T20:06:10.070225+00:00, run_after=2022-09-15T00:06:10.070225+00:00
[2022-09-14T21:06:10.089-0300] {processor.py:161} INFO - Processing /home/juliana/Área de Trabalho/datapipeline/.env/lib/python3.8/site-packages/airflow/example_dags/example_latest_only.py took 0.076 seconds
[2022-09-14T21:06:43.984-0300] {processor.py:153} INFO - Started process (PID=20346) to work on /home/juliana/Área de Trabalho/datapipeline/.env/lib/python3.8/site-packages/airflow/example_dags/example_latest_only.py
[2022-09-14T21:06:43.987-0300] {processor.py:640} INFO - Processing file /home/juliana/Área de Trabalho/datapipeline/.env/lib/python3.8/site-packages/airflow/example_dags/example_latest_only.py for tasks to queue
[2022-09-14T21:06:43.989-0300] {logging_mixin.py:115} INFO - [2022-09-14T21:06:43.989-0300] {dagbag.py:508} INFO - Filling up the DagBag from /home/juliana/Área de Trabalho/datapipeline/.env/lib/python3.8/site-packages/airflow/example_dags/example_latest_only.py
[2022-09-14T21:06:43.997-0300] {processor.py:650} INFO - DAG(s) dict_keys(['latest_only']) retrieved from /home/juliana/Área de Trabalho/datapipeline/.env/lib/python3.8/site-packages/airflow/example_dags/example_latest_only.py
[2022-09-14T21:06:44.017-0300] {logging_mixin.py:115} INFO - [2022-09-14T21:06:44.017-0300] {dag.py:2429} INFO - Sync 1 DAGs
[2022-09-14T21:06:44.042-0300] {logging_mixin.py:115} INFO - [2022-09-14T21:06:44.041-0300] {dag.py:2977} INFO - Setting next_dagrun for latest_only to 2022-09-14T20:06:44.041557+00:00, run_after=2022-09-15T00:06:44.041557+00:00
[2022-09-14T21:06:44.063-0300] {processor.py:161} INFO - Processing /home/juliana/Área de Trabalho/datapipeline/.env/lib/python3.8/site-packages/airflow/example_dags/example_latest_only.py took 0.083 seconds
[2022-09-14T21:07:18.328-0300] {processor.py:153} INFO - Started process (PID=20381) to work on /home/juliana/Área de Trabalho/datapipeline/.env/lib/python3.8/site-packages/airflow/example_dags/example_latest_only.py
[2022-09-14T21:07:18.329-0300] {processor.py:640} INFO - Processing file /home/juliana/Área de Trabalho/datapipeline/.env/lib/python3.8/site-packages/airflow/example_dags/example_latest_only.py for tasks to queue
[2022-09-14T21:07:18.330-0300] {logging_mixin.py:115} INFO - [2022-09-14T21:07:18.330-0300] {dagbag.py:508} INFO - Filling up the DagBag from /home/juliana/Área de Trabalho/datapipeline/.env/lib/python3.8/site-packages/airflow/example_dags/example_latest_only.py
[2022-09-14T21:07:18.338-0300] {processor.py:650} INFO - DAG(s) dict_keys(['latest_only']) retrieved from /home/juliana/Área de Trabalho/datapipeline/.env/lib/python3.8/site-packages/airflow/example_dags/example_latest_only.py
[2022-09-14T21:07:18.356-0300] {logging_mixin.py:115} INFO - [2022-09-14T21:07:18.355-0300] {dag.py:2429} INFO - Sync 1 DAGs
[2022-09-14T21:07:18.372-0300] {logging_mixin.py:115} INFO - [2022-09-14T21:07:18.372-0300] {dag.py:2977} INFO - Setting next_dagrun for latest_only to 2022-09-14T20:07:18.371827+00:00, run_after=2022-09-15T00:07:18.371827+00:00
[2022-09-14T21:07:18.393-0300] {processor.py:161} INFO - Processing /home/juliana/Área de Trabalho/datapipeline/.env/lib/python3.8/site-packages/airflow/example_dags/example_latest_only.py took 0.070 seconds
[2022-09-14T21:07:52.504-0300] {processor.py:153} INFO - Started process (PID=20424) to work on /home/juliana/Área de Trabalho/datapipeline/.env/lib/python3.8/site-packages/airflow/example_dags/example_latest_only.py
[2022-09-14T21:07:52.510-0300] {processor.py:640} INFO - Processing file /home/juliana/Área de Trabalho/datapipeline/.env/lib/python3.8/site-packages/airflow/example_dags/example_latest_only.py for tasks to queue
[2022-09-14T21:07:52.510-0300] {logging_mixin.py:115} INFO - [2022-09-14T21:07:52.510-0300] {dagbag.py:508} INFO - Filling up the DagBag from /home/juliana/Área de Trabalho/datapipeline/.env/lib/python3.8/site-packages/airflow/example_dags/example_latest_only.py
[2022-09-14T21:07:52.515-0300] {processor.py:650} INFO - DAG(s) dict_keys(['latest_only']) retrieved from /home/juliana/Área de Trabalho/datapipeline/.env/lib/python3.8/site-packages/airflow/example_dags/example_latest_only.py
[2022-09-14T21:07:52.532-0300] {logging_mixin.py:115} INFO - [2022-09-14T21:07:52.532-0300] {dag.py:2429} INFO - Sync 1 DAGs
[2022-09-14T21:07:52.550-0300] {logging_mixin.py:115} INFO - [2022-09-14T21:07:52.550-0300] {dag.py:2977} INFO - Setting next_dagrun for latest_only to 2022-09-14T20:07:52.550100+00:00, run_after=2022-09-15T00:07:52.550100+00:00
[2022-09-14T21:07:52.566-0300] {processor.py:161} INFO - Processing /home/juliana/Área de Trabalho/datapipeline/.env/lib/python3.8/site-packages/airflow/example_dags/example_latest_only.py took 0.065 seconds
[2022-09-14T21:08:26.702-0300] {processor.py:153} INFO - Started process (PID=20458) to work on /home/juliana/Área de Trabalho/datapipeline/.env/lib/python3.8/site-packages/airflow/example_dags/example_latest_only.py
[2022-09-14T21:08:26.704-0300] {processor.py:640} INFO - Processing file /home/juliana/Área de Trabalho/datapipeline/.env/lib/python3.8/site-packages/airflow/example_dags/example_latest_only.py for tasks to queue
[2022-09-14T21:08:26.706-0300] {logging_mixin.py:115} INFO - [2022-09-14T21:08:26.705-0300] {dagbag.py:508} INFO - Filling up the DagBag from /home/juliana/Área de Trabalho/datapipeline/.env/lib/python3.8/site-packages/airflow/example_dags/example_latest_only.py
[2022-09-14T21:08:26.711-0300] {processor.py:650} INFO - DAG(s) dict_keys(['latest_only']) retrieved from /home/juliana/Área de Trabalho/datapipeline/.env/lib/python3.8/site-packages/airflow/example_dags/example_latest_only.py
[2022-09-14T21:08:26.728-0300] {logging_mixin.py:115} INFO - [2022-09-14T21:08:26.728-0300] {dag.py:2429} INFO - Sync 1 DAGs
[2022-09-14T21:08:26.744-0300] {logging_mixin.py:115} INFO - [2022-09-14T21:08:26.744-0300] {dag.py:2977} INFO - Setting next_dagrun for latest_only to 2022-09-14T20:08:26.744103+00:00, run_after=2022-09-15T00:08:26.744103+00:00
[2022-09-14T21:08:26.763-0300] {processor.py:161} INFO - Processing /home/juliana/Área de Trabalho/datapipeline/.env/lib/python3.8/site-packages/airflow/example_dags/example_latest_only.py took 0.064 seconds
[2022-09-14T21:09:02.924-0300] {processor.py:153} INFO - Started process (PID=20495) to work on /home/juliana/Área de Trabalho/datapipeline/.env/lib/python3.8/site-packages/airflow/example_dags/example_latest_only.py
[2022-09-14T21:09:02.926-0300] {processor.py:640} INFO - Processing file /home/juliana/Área de Trabalho/datapipeline/.env/lib/python3.8/site-packages/airflow/example_dags/example_latest_only.py for tasks to queue
[2022-09-14T21:09:02.927-0300] {logging_mixin.py:115} INFO - [2022-09-14T21:09:02.927-0300] {dagbag.py:508} INFO - Filling up the DagBag from /home/juliana/Área de Trabalho/datapipeline/.env/lib/python3.8/site-packages/airflow/example_dags/example_latest_only.py
[2022-09-14T21:09:02.934-0300] {processor.py:650} INFO - DAG(s) dict_keys(['latest_only']) retrieved from /home/juliana/Área de Trabalho/datapipeline/.env/lib/python3.8/site-packages/airflow/example_dags/example_latest_only.py
[2022-09-14T21:09:02.951-0300] {logging_mixin.py:115} INFO - [2022-09-14T21:09:02.951-0300] {dag.py:2429} INFO - Sync 1 DAGs
[2022-09-14T21:09:02.967-0300] {logging_mixin.py:115} INFO - [2022-09-14T21:09:02.967-0300] {dag.py:2977} INFO - Setting next_dagrun for latest_only to 2022-09-14T20:09:02.966755+00:00, run_after=2022-09-15T00:09:02.966755+00:00
[2022-09-14T21:09:02.984-0300] {processor.py:161} INFO - Processing /home/juliana/Área de Trabalho/datapipeline/.env/lib/python3.8/site-packages/airflow/example_dags/example_latest_only.py took 0.066 seconds
[2022-09-14T21:09:40.455-0300] {processor.py:153} INFO - Started process (PID=20533) to work on /home/juliana/Área de Trabalho/datapipeline/.env/lib/python3.8/site-packages/airflow/example_dags/example_latest_only.py
[2022-09-14T21:09:40.456-0300] {processor.py:640} INFO - Processing file /home/juliana/Área de Trabalho/datapipeline/.env/lib/python3.8/site-packages/airflow/example_dags/example_latest_only.py for tasks to queue
[2022-09-14T21:09:40.457-0300] {logging_mixin.py:115} INFO - [2022-09-14T21:09:40.457-0300] {dagbag.py:508} INFO - Filling up the DagBag from /home/juliana/Área de Trabalho/datapipeline/.env/lib/python3.8/site-packages/airflow/example_dags/example_latest_only.py
[2022-09-14T21:09:40.462-0300] {processor.py:650} INFO - DAG(s) dict_keys(['latest_only']) retrieved from /home/juliana/Área de Trabalho/datapipeline/.env/lib/python3.8/site-packages/airflow/example_dags/example_latest_only.py
[2022-09-14T21:09:40.483-0300] {logging_mixin.py:115} INFO - [2022-09-14T21:09:40.482-0300] {dag.py:2429} INFO - Sync 1 DAGs
[2022-09-14T21:09:40.506-0300] {logging_mixin.py:115} INFO - [2022-09-14T21:09:40.505-0300] {dag.py:2977} INFO - Setting next_dagrun for latest_only to 2022-09-14T20:09:40.505573+00:00, run_after=2022-09-15T00:09:40.505573+00:00
[2022-09-14T21:09:40.522-0300] {processor.py:161} INFO - Processing /home/juliana/Área de Trabalho/datapipeline/.env/lib/python3.8/site-packages/airflow/example_dags/example_latest_only.py took 0.070 seconds
[2022-09-14T21:10:13.048-0300] {processor.py:153} INFO - Started process (PID=20572) to work on /home/juliana/Área de Trabalho/datapipeline/.env/lib/python3.8/site-packages/airflow/example_dags/example_latest_only.py
[2022-09-14T21:10:13.050-0300] {processor.py:640} INFO - Processing file /home/juliana/Área de Trabalho/datapipeline/.env/lib/python3.8/site-packages/airflow/example_dags/example_latest_only.py for tasks to queue
[2022-09-14T21:10:13.051-0300] {logging_mixin.py:115} INFO - [2022-09-14T21:10:13.051-0300] {dagbag.py:508} INFO - Filling up the DagBag from /home/juliana/Área de Trabalho/datapipeline/.env/lib/python3.8/site-packages/airflow/example_dags/example_latest_only.py
[2022-09-14T21:10:13.068-0300] {processor.py:650} INFO - DAG(s) dict_keys(['latest_only']) retrieved from /home/juliana/Área de Trabalho/datapipeline/.env/lib/python3.8/site-packages/airflow/example_dags/example_latest_only.py
[2022-09-14T21:10:13.092-0300] {logging_mixin.py:115} INFO - [2022-09-14T21:10:13.092-0300] {dag.py:2429} INFO - Sync 1 DAGs
[2022-09-14T21:10:13.110-0300] {logging_mixin.py:115} INFO - [2022-09-14T21:10:13.109-0300] {dag.py:2977} INFO - Setting next_dagrun for latest_only to 2022-09-14T20:10:13.109680+00:00, run_after=2022-09-15T00:10:13.109680+00:00
[2022-09-14T21:10:13.128-0300] {processor.py:161} INFO - Processing /home/juliana/Área de Trabalho/datapipeline/.env/lib/python3.8/site-packages/airflow/example_dags/example_latest_only.py took 0.084 seconds
[2022-09-14T21:10:48.721-0300] {processor.py:153} INFO - Started process (PID=20610) to work on /home/juliana/Área de Trabalho/datapipeline/.env/lib/python3.8/site-packages/airflow/example_dags/example_latest_only.py
[2022-09-14T21:10:48.722-0300] {processor.py:640} INFO - Processing file /home/juliana/Área de Trabalho/datapipeline/.env/lib/python3.8/site-packages/airflow/example_dags/example_latest_only.py for tasks to queue
[2022-09-14T21:10:48.724-0300] {logging_mixin.py:115} INFO - [2022-09-14T21:10:48.723-0300] {dagbag.py:508} INFO - Filling up the DagBag from /home/juliana/Área de Trabalho/datapipeline/.env/lib/python3.8/site-packages/airflow/example_dags/example_latest_only.py
[2022-09-14T21:10:48.732-0300] {processor.py:650} INFO - DAG(s) dict_keys(['latest_only']) retrieved from /home/juliana/Área de Trabalho/datapipeline/.env/lib/python3.8/site-packages/airflow/example_dags/example_latest_only.py
[2022-09-14T21:10:48.753-0300] {logging_mixin.py:115} INFO - [2022-09-14T21:10:48.753-0300] {dag.py:2429} INFO - Sync 1 DAGs
[2022-09-14T21:10:48.773-0300] {logging_mixin.py:115} INFO - [2022-09-14T21:10:48.773-0300] {dag.py:2977} INFO - Setting next_dagrun for latest_only to 2022-09-14T20:10:48.773234+00:00, run_after=2022-09-15T00:10:48.773234+00:00
[2022-09-14T21:10:48.790-0300] {processor.py:161} INFO - Processing /home/juliana/Área de Trabalho/datapipeline/.env/lib/python3.8/site-packages/airflow/example_dags/example_latest_only.py took 0.076 seconds
[2022-09-14T21:11:25.001-0300] {processor.py:153} INFO - Started process (PID=20646) to work on /home/juliana/Área de Trabalho/datapipeline/.env/lib/python3.8/site-packages/airflow/example_dags/example_latest_only.py
[2022-09-14T21:11:25.002-0300] {processor.py:640} INFO - Processing file /home/juliana/Área de Trabalho/datapipeline/.env/lib/python3.8/site-packages/airflow/example_dags/example_latest_only.py for tasks to queue
[2022-09-14T21:11:25.002-0300] {logging_mixin.py:115} INFO - [2022-09-14T21:11:25.002-0300] {dagbag.py:508} INFO - Filling up the DagBag from /home/juliana/Área de Trabalho/datapipeline/.env/lib/python3.8/site-packages/airflow/example_dags/example_latest_only.py
[2022-09-14T21:11:25.007-0300] {processor.py:650} INFO - DAG(s) dict_keys(['latest_only']) retrieved from /home/juliana/Área de Trabalho/datapipeline/.env/lib/python3.8/site-packages/airflow/example_dags/example_latest_only.py
[2022-09-14T21:11:25.021-0300] {logging_mixin.py:115} INFO - [2022-09-14T21:11:25.021-0300] {dag.py:2429} INFO - Sync 1 DAGs
[2022-09-14T21:11:25.037-0300] {logging_mixin.py:115} INFO - [2022-09-14T21:11:25.037-0300] {dag.py:2977} INFO - Setting next_dagrun for latest_only to 2022-09-14T20:11:25.037372+00:00, run_after=2022-09-15T00:11:25.037372+00:00
[2022-09-14T21:11:25.056-0300] {processor.py:161} INFO - Processing /home/juliana/Área de Trabalho/datapipeline/.env/lib/python3.8/site-packages/airflow/example_dags/example_latest_only.py took 0.057 seconds
[2022-09-14T21:11:57.823-0300] {processor.py:153} INFO - Started process (PID=20681) to work on /home/juliana/Área de Trabalho/datapipeline/.env/lib/python3.8/site-packages/airflow/example_dags/example_latest_only.py
[2022-09-14T21:11:57.824-0300] {processor.py:640} INFO - Processing file /home/juliana/Área de Trabalho/datapipeline/.env/lib/python3.8/site-packages/airflow/example_dags/example_latest_only.py for tasks to queue
[2022-09-14T21:11:57.825-0300] {logging_mixin.py:115} INFO - [2022-09-14T21:11:57.825-0300] {dagbag.py:508} INFO - Filling up the DagBag from /home/juliana/Área de Trabalho/datapipeline/.env/lib/python3.8/site-packages/airflow/example_dags/example_latest_only.py
[2022-09-14T21:11:57.832-0300] {processor.py:650} INFO - DAG(s) dict_keys(['latest_only']) retrieved from /home/juliana/Área de Trabalho/datapipeline/.env/lib/python3.8/site-packages/airflow/example_dags/example_latest_only.py
[2022-09-14T21:11:57.862-0300] {logging_mixin.py:115} INFO - [2022-09-14T21:11:57.862-0300] {dag.py:2429} INFO - Sync 1 DAGs
[2022-09-14T21:11:57.879-0300] {logging_mixin.py:115} INFO - [2022-09-14T21:11:57.879-0300] {dag.py:2977} INFO - Setting next_dagrun for latest_only to 2022-09-14T20:11:57.878957+00:00, run_after=2022-09-15T00:11:57.878957+00:00
[2022-09-14T21:11:57.900-0300] {processor.py:161} INFO - Processing /home/juliana/Área de Trabalho/datapipeline/.env/lib/python3.8/site-packages/airflow/example_dags/example_latest_only.py took 0.080 seconds
[2022-09-14T21:12:30.146-0300] {processor.py:153} INFO - Started process (PID=20716) to work on /home/juliana/Área de Trabalho/datapipeline/.env/lib/python3.8/site-packages/airflow/example_dags/example_latest_only.py
[2022-09-14T21:12:30.149-0300] {processor.py:640} INFO - Processing file /home/juliana/Área de Trabalho/datapipeline/.env/lib/python3.8/site-packages/airflow/example_dags/example_latest_only.py for tasks to queue
[2022-09-14T21:12:30.150-0300] {logging_mixin.py:115} INFO - [2022-09-14T21:12:30.150-0300] {dagbag.py:508} INFO - Filling up the DagBag from /home/juliana/Área de Trabalho/datapipeline/.env/lib/python3.8/site-packages/airflow/example_dags/example_latest_only.py
[2022-09-14T21:12:30.158-0300] {processor.py:650} INFO - DAG(s) dict_keys(['latest_only']) retrieved from /home/juliana/Área de Trabalho/datapipeline/.env/lib/python3.8/site-packages/airflow/example_dags/example_latest_only.py
[2022-09-14T21:12:30.185-0300] {logging_mixin.py:115} INFO - [2022-09-14T21:12:30.185-0300] {dag.py:2429} INFO - Sync 1 DAGs
[2022-09-14T21:12:30.201-0300] {logging_mixin.py:115} INFO - [2022-09-14T21:12:30.201-0300] {dag.py:2977} INFO - Setting next_dagrun for latest_only to 2022-09-14T20:12:30.201480+00:00, run_after=2022-09-15T00:12:30.201480+00:00
[2022-09-14T21:12:30.219-0300] {processor.py:161} INFO - Processing /home/juliana/Área de Trabalho/datapipeline/.env/lib/python3.8/site-packages/airflow/example_dags/example_latest_only.py took 0.078 seconds
[2022-09-14T21:13:03.960-0300] {processor.py:153} INFO - Started process (PID=20753) to work on /home/juliana/Área de Trabalho/datapipeline/.env/lib/python3.8/site-packages/airflow/example_dags/example_latest_only.py
[2022-09-14T21:13:03.961-0300] {processor.py:640} INFO - Processing file /home/juliana/Área de Trabalho/datapipeline/.env/lib/python3.8/site-packages/airflow/example_dags/example_latest_only.py for tasks to queue
[2022-09-14T21:13:03.961-0300] {logging_mixin.py:115} INFO - [2022-09-14T21:13:03.961-0300] {dagbag.py:508} INFO - Filling up the DagBag from /home/juliana/Área de Trabalho/datapipeline/.env/lib/python3.8/site-packages/airflow/example_dags/example_latest_only.py
[2022-09-14T21:13:03.967-0300] {processor.py:650} INFO - DAG(s) dict_keys(['latest_only']) retrieved from /home/juliana/Área de Trabalho/datapipeline/.env/lib/python3.8/site-packages/airflow/example_dags/example_latest_only.py
[2022-09-14T21:13:03.983-0300] {logging_mixin.py:115} INFO - [2022-09-14T21:13:03.983-0300] {dag.py:2429} INFO - Sync 1 DAGs
[2022-09-14T21:13:03.999-0300] {logging_mixin.py:115} INFO - [2022-09-14T21:13:03.999-0300] {dag.py:2977} INFO - Setting next_dagrun for latest_only to 2022-09-14T20:13:03.999068+00:00, run_after=2022-09-15T00:13:03.999068+00:00
[2022-09-14T21:13:04.025-0300] {processor.py:161} INFO - Processing /home/juliana/Área de Trabalho/datapipeline/.env/lib/python3.8/site-packages/airflow/example_dags/example_latest_only.py took 0.068 seconds
[2022-09-14T21:13:36.060-0300] {processor.py:153} INFO - Started process (PID=20786) to work on /home/juliana/Área de Trabalho/datapipeline/.env/lib/python3.8/site-packages/airflow/example_dags/example_latest_only.py
[2022-09-14T21:13:36.061-0300] {processor.py:640} INFO - Processing file /home/juliana/Área de Trabalho/datapipeline/.env/lib/python3.8/site-packages/airflow/example_dags/example_latest_only.py for tasks to queue
[2022-09-14T21:13:36.061-0300] {logging_mixin.py:115} INFO - [2022-09-14T21:13:36.061-0300] {dagbag.py:508} INFO - Filling up the DagBag from /home/juliana/Área de Trabalho/datapipeline/.env/lib/python3.8/site-packages/airflow/example_dags/example_latest_only.py
[2022-09-14T21:13:36.066-0300] {processor.py:650} INFO - DAG(s) dict_keys(['latest_only']) retrieved from /home/juliana/Área de Trabalho/datapipeline/.env/lib/python3.8/site-packages/airflow/example_dags/example_latest_only.py
[2022-09-14T21:13:36.080-0300] {logging_mixin.py:115} INFO - [2022-09-14T21:13:36.080-0300] {dag.py:2429} INFO - Sync 1 DAGs
[2022-09-14T21:13:36.095-0300] {logging_mixin.py:115} INFO - [2022-09-14T21:13:36.095-0300] {dag.py:2977} INFO - Setting next_dagrun for latest_only to 2022-09-14T20:13:36.095335+00:00, run_after=2022-09-15T00:13:36.095335+00:00
[2022-09-14T21:13:36.115-0300] {processor.py:161} INFO - Processing /home/juliana/Área de Trabalho/datapipeline/.env/lib/python3.8/site-packages/airflow/example_dags/example_latest_only.py took 0.058 seconds
[2022-09-14T21:14:09.346-0300] {processor.py:153} INFO - Started process (PID=20822) to work on /home/juliana/Área de Trabalho/datapipeline/.env/lib/python3.8/site-packages/airflow/example_dags/example_latest_only.py
[2022-09-14T21:14:09.347-0300] {processor.py:640} INFO - Processing file /home/juliana/Área de Trabalho/datapipeline/.env/lib/python3.8/site-packages/airflow/example_dags/example_latest_only.py for tasks to queue
[2022-09-14T21:14:09.348-0300] {logging_mixin.py:115} INFO - [2022-09-14T21:14:09.348-0300] {dagbag.py:508} INFO - Filling up the DagBag from /home/juliana/Área de Trabalho/datapipeline/.env/lib/python3.8/site-packages/airflow/example_dags/example_latest_only.py
[2022-09-14T21:14:09.356-0300] {processor.py:650} INFO - DAG(s) dict_keys(['latest_only']) retrieved from /home/juliana/Área de Trabalho/datapipeline/.env/lib/python3.8/site-packages/airflow/example_dags/example_latest_only.py
[2022-09-14T21:14:09.375-0300] {logging_mixin.py:115} INFO - [2022-09-14T21:14:09.375-0300] {dag.py:2429} INFO - Sync 1 DAGs
[2022-09-14T21:14:09.391-0300] {logging_mixin.py:115} INFO - [2022-09-14T21:14:09.390-0300] {dag.py:2977} INFO - Setting next_dagrun for latest_only to 2022-09-14T20:14:09.390679+00:00, run_after=2022-09-15T00:14:09.390679+00:00
[2022-09-14T21:14:09.406-0300] {processor.py:161} INFO - Processing /home/juliana/Área de Trabalho/datapipeline/.env/lib/python3.8/site-packages/airflow/example_dags/example_latest_only.py took 0.066 seconds
[2022-09-14T21:14:45.846-0300] {processor.py:153} INFO - Started process (PID=20858) to work on /home/juliana/Área de Trabalho/datapipeline/.env/lib/python3.8/site-packages/airflow/example_dags/example_latest_only.py
[2022-09-14T21:14:45.847-0300] {processor.py:640} INFO - Processing file /home/juliana/Área de Trabalho/datapipeline/.env/lib/python3.8/site-packages/airflow/example_dags/example_latest_only.py for tasks to queue
[2022-09-14T21:14:45.848-0300] {logging_mixin.py:115} INFO - [2022-09-14T21:14:45.848-0300] {dagbag.py:508} INFO - Filling up the DagBag from /home/juliana/Área de Trabalho/datapipeline/.env/lib/python3.8/site-packages/airflow/example_dags/example_latest_only.py
[2022-09-14T21:14:45.853-0300] {processor.py:650} INFO - DAG(s) dict_keys(['latest_only']) retrieved from /home/juliana/Área de Trabalho/datapipeline/.env/lib/python3.8/site-packages/airflow/example_dags/example_latest_only.py
[2022-09-14T21:14:45.869-0300] {logging_mixin.py:115} INFO - [2022-09-14T21:14:45.868-0300] {dag.py:2429} INFO - Sync 1 DAGs
[2022-09-14T21:14:45.886-0300] {logging_mixin.py:115} INFO - [2022-09-14T21:14:45.885-0300] {dag.py:2977} INFO - Setting next_dagrun for latest_only to 2022-09-14T20:14:45.885673+00:00, run_after=2022-09-15T00:14:45.885673+00:00
[2022-09-14T21:14:45.907-0300] {processor.py:161} INFO - Processing /home/juliana/Área de Trabalho/datapipeline/.env/lib/python3.8/site-packages/airflow/example_dags/example_latest_only.py took 0.063 seconds
[2022-09-14T21:15:18.065-0300] {processor.py:153} INFO - Started process (PID=20895) to work on /home/juliana/Área de Trabalho/datapipeline/.env/lib/python3.8/site-packages/airflow/example_dags/example_latest_only.py
[2022-09-14T21:15:18.065-0300] {processor.py:640} INFO - Processing file /home/juliana/Área de Trabalho/datapipeline/.env/lib/python3.8/site-packages/airflow/example_dags/example_latest_only.py for tasks to queue
[2022-09-14T21:15:18.066-0300] {logging_mixin.py:115} INFO - [2022-09-14T21:15:18.066-0300] {dagbag.py:508} INFO - Filling up the DagBag from /home/juliana/Área de Trabalho/datapipeline/.env/lib/python3.8/site-packages/airflow/example_dags/example_latest_only.py
[2022-09-14T21:15:18.071-0300] {processor.py:650} INFO - DAG(s) dict_keys(['latest_only']) retrieved from /home/juliana/Área de Trabalho/datapipeline/.env/lib/python3.8/site-packages/airflow/example_dags/example_latest_only.py
[2022-09-14T21:15:18.086-0300] {logging_mixin.py:115} INFO - [2022-09-14T21:15:18.086-0300] {dag.py:2429} INFO - Sync 1 DAGs
[2022-09-14T21:15:18.107-0300] {logging_mixin.py:115} INFO - [2022-09-14T21:15:18.107-0300] {dag.py:2977} INFO - Setting next_dagrun for latest_only to 2022-09-14T20:15:18.106666+00:00, run_after=2022-09-15T00:15:18.106666+00:00
[2022-09-14T21:15:18.128-0300] {processor.py:161} INFO - Processing /home/juliana/Área de Trabalho/datapipeline/.env/lib/python3.8/site-packages/airflow/example_dags/example_latest_only.py took 0.067 seconds
[2022-09-14T21:15:56.616-0300] {processor.py:153} INFO - Started process (PID=20932) to work on /home/juliana/Área de Trabalho/datapipeline/.env/lib/python3.8/site-packages/airflow/example_dags/example_latest_only.py
[2022-09-14T21:15:56.617-0300] {processor.py:640} INFO - Processing file /home/juliana/Área de Trabalho/datapipeline/.env/lib/python3.8/site-packages/airflow/example_dags/example_latest_only.py for tasks to queue
[2022-09-14T21:15:56.618-0300] {logging_mixin.py:115} INFO - [2022-09-14T21:15:56.618-0300] {dagbag.py:508} INFO - Filling up the DagBag from /home/juliana/Área de Trabalho/datapipeline/.env/lib/python3.8/site-packages/airflow/example_dags/example_latest_only.py
[2022-09-14T21:15:56.625-0300] {processor.py:650} INFO - DAG(s) dict_keys(['latest_only']) retrieved from /home/juliana/Área de Trabalho/datapipeline/.env/lib/python3.8/site-packages/airflow/example_dags/example_latest_only.py
[2022-09-14T21:15:56.647-0300] {logging_mixin.py:115} INFO - [2022-09-14T21:15:56.646-0300] {dag.py:2429} INFO - Sync 1 DAGs
[2022-09-14T21:15:56.665-0300] {logging_mixin.py:115} INFO - [2022-09-14T21:15:56.664-0300] {dag.py:2977} INFO - Setting next_dagrun for latest_only to 2022-09-14T20:15:56.664677+00:00, run_after=2022-09-15T00:15:56.664677+00:00
[2022-09-14T21:15:56.686-0300] {processor.py:161} INFO - Processing /home/juliana/Área de Trabalho/datapipeline/.env/lib/python3.8/site-packages/airflow/example_dags/example_latest_only.py took 0.076 seconds
[2022-09-14T21:16:31.772-0300] {processor.py:153} INFO - Started process (PID=20969) to work on /home/juliana/Área de Trabalho/datapipeline/.env/lib/python3.8/site-packages/airflow/example_dags/example_latest_only.py
[2022-09-14T21:16:31.774-0300] {processor.py:640} INFO - Processing file /home/juliana/Área de Trabalho/datapipeline/.env/lib/python3.8/site-packages/airflow/example_dags/example_latest_only.py for tasks to queue
[2022-09-14T21:16:31.775-0300] {logging_mixin.py:115} INFO - [2022-09-14T21:16:31.775-0300] {dagbag.py:508} INFO - Filling up the DagBag from /home/juliana/Área de Trabalho/datapipeline/.env/lib/python3.8/site-packages/airflow/example_dags/example_latest_only.py
[2022-09-14T21:16:31.782-0300] {processor.py:650} INFO - DAG(s) dict_keys(['latest_only']) retrieved from /home/juliana/Área de Trabalho/datapipeline/.env/lib/python3.8/site-packages/airflow/example_dags/example_latest_only.py
[2022-09-14T21:16:31.801-0300] {logging_mixin.py:115} INFO - [2022-09-14T21:16:31.800-0300] {dag.py:2429} INFO - Sync 1 DAGs
[2022-09-14T21:16:31.816-0300] {logging_mixin.py:115} INFO - [2022-09-14T21:16:31.816-0300] {dag.py:2977} INFO - Setting next_dagrun for latest_only to 2022-09-14T20:16:31.816500+00:00, run_after=2022-09-15T00:16:31.816500+00:00
[2022-09-14T21:16:31.833-0300] {processor.py:161} INFO - Processing /home/juliana/Área de Trabalho/datapipeline/.env/lib/python3.8/site-packages/airflow/example_dags/example_latest_only.py took 0.066 seconds
[2022-09-14T21:17:06.086-0300] {processor.py:153} INFO - Started process (PID=21006) to work on /home/juliana/Área de Trabalho/datapipeline/.env/lib/python3.8/site-packages/airflow/example_dags/example_latest_only.py
[2022-09-14T21:17:06.088-0300] {processor.py:640} INFO - Processing file /home/juliana/Área de Trabalho/datapipeline/.env/lib/python3.8/site-packages/airflow/example_dags/example_latest_only.py for tasks to queue
[2022-09-14T21:17:06.089-0300] {logging_mixin.py:115} INFO - [2022-09-14T21:17:06.089-0300] {dagbag.py:508} INFO - Filling up the DagBag from /home/juliana/Área de Trabalho/datapipeline/.env/lib/python3.8/site-packages/airflow/example_dags/example_latest_only.py
[2022-09-14T21:17:06.096-0300] {processor.py:650} INFO - DAG(s) dict_keys(['latest_only']) retrieved from /home/juliana/Área de Trabalho/datapipeline/.env/lib/python3.8/site-packages/airflow/example_dags/example_latest_only.py
[2022-09-14T21:17:06.114-0300] {logging_mixin.py:115} INFO - [2022-09-14T21:17:06.114-0300] {dag.py:2429} INFO - Sync 1 DAGs
[2022-09-14T21:17:06.133-0300] {logging_mixin.py:115} INFO - [2022-09-14T21:17:06.133-0300] {dag.py:2977} INFO - Setting next_dagrun for latest_only to 2022-09-14T20:17:06.132709+00:00, run_after=2022-09-15T00:17:06.132709+00:00
[2022-09-14T21:17:06.162-0300] {processor.py:161} INFO - Processing /home/juliana/Área de Trabalho/datapipeline/.env/lib/python3.8/site-packages/airflow/example_dags/example_latest_only.py took 0.082 seconds
[2022-09-14T21:17:37.707-0300] {processor.py:153} INFO - Started process (PID=21043) to work on /home/juliana/Área de Trabalho/datapipeline/.env/lib/python3.8/site-packages/airflow/example_dags/example_latest_only.py
[2022-09-14T21:17:37.708-0300] {processor.py:640} INFO - Processing file /home/juliana/Área de Trabalho/datapipeline/.env/lib/python3.8/site-packages/airflow/example_dags/example_latest_only.py for tasks to queue
[2022-09-14T21:17:37.709-0300] {logging_mixin.py:115} INFO - [2022-09-14T21:17:37.709-0300] {dagbag.py:508} INFO - Filling up the DagBag from /home/juliana/Área de Trabalho/datapipeline/.env/lib/python3.8/site-packages/airflow/example_dags/example_latest_only.py
[2022-09-14T21:17:37.714-0300] {processor.py:650} INFO - DAG(s) dict_keys(['latest_only']) retrieved from /home/juliana/Área de Trabalho/datapipeline/.env/lib/python3.8/site-packages/airflow/example_dags/example_latest_only.py
[2022-09-14T21:17:37.732-0300] {logging_mixin.py:115} INFO - [2022-09-14T21:17:37.732-0300] {dag.py:2429} INFO - Sync 1 DAGs
[2022-09-14T21:17:37.749-0300] {logging_mixin.py:115} INFO - [2022-09-14T21:17:37.749-0300] {dag.py:2977} INFO - Setting next_dagrun for latest_only to 2022-09-14T20:17:37.749454+00:00, run_after=2022-09-15T00:17:37.749454+00:00
[2022-09-14T21:17:37.769-0300] {processor.py:161} INFO - Processing /home/juliana/Área de Trabalho/datapipeline/.env/lib/python3.8/site-packages/airflow/example_dags/example_latest_only.py took 0.066 seconds
[2022-09-14T21:18:11.277-0300] {processor.py:153} INFO - Started process (PID=21081) to work on /home/juliana/Área de Trabalho/datapipeline/.env/lib/python3.8/site-packages/airflow/example_dags/example_latest_only.py
[2022-09-14T21:18:11.279-0300] {processor.py:640} INFO - Processing file /home/juliana/Área de Trabalho/datapipeline/.env/lib/python3.8/site-packages/airflow/example_dags/example_latest_only.py for tasks to queue
[2022-09-14T21:18:11.280-0300] {logging_mixin.py:115} INFO - [2022-09-14T21:18:11.280-0300] {dagbag.py:508} INFO - Filling up the DagBag from /home/juliana/Área de Trabalho/datapipeline/.env/lib/python3.8/site-packages/airflow/example_dags/example_latest_only.py
[2022-09-14T21:18:11.287-0300] {processor.py:650} INFO - DAG(s) dict_keys(['latest_only']) retrieved from /home/juliana/Área de Trabalho/datapipeline/.env/lib/python3.8/site-packages/airflow/example_dags/example_latest_only.py
[2022-09-14T21:18:11.305-0300] {logging_mixin.py:115} INFO - [2022-09-14T21:18:11.305-0300] {dag.py:2429} INFO - Sync 1 DAGs
[2022-09-14T21:18:11.323-0300] {logging_mixin.py:115} INFO - [2022-09-14T21:18:11.322-0300] {dag.py:2977} INFO - Setting next_dagrun for latest_only to 2022-09-14T20:18:11.322623+00:00, run_after=2022-09-15T00:18:11.322623+00:00
[2022-09-14T21:18:11.343-0300] {processor.py:161} INFO - Processing /home/juliana/Área de Trabalho/datapipeline/.env/lib/python3.8/site-packages/airflow/example_dags/example_latest_only.py took 0.071 seconds
[2022-09-14T21:18:45.796-0300] {processor.py:153} INFO - Started process (PID=21118) to work on /home/juliana/Área de Trabalho/datapipeline/.env/lib/python3.8/site-packages/airflow/example_dags/example_latest_only.py
[2022-09-14T21:18:45.803-0300] {processor.py:640} INFO - Processing file /home/juliana/Área de Trabalho/datapipeline/.env/lib/python3.8/site-packages/airflow/example_dags/example_latest_only.py for tasks to queue
[2022-09-14T21:18:45.805-0300] {logging_mixin.py:115} INFO - [2022-09-14T21:18:45.804-0300] {dagbag.py:508} INFO - Filling up the DagBag from /home/juliana/Área de Trabalho/datapipeline/.env/lib/python3.8/site-packages/airflow/example_dags/example_latest_only.py
[2022-09-14T21:18:45.811-0300] {processor.py:650} INFO - DAG(s) dict_keys(['latest_only']) retrieved from /home/juliana/Área de Trabalho/datapipeline/.env/lib/python3.8/site-packages/airflow/example_dags/example_latest_only.py
[2022-09-14T21:18:45.829-0300] {logging_mixin.py:115} INFO - [2022-09-14T21:18:45.828-0300] {dag.py:2429} INFO - Sync 1 DAGs
[2022-09-14T21:18:45.846-0300] {logging_mixin.py:115} INFO - [2022-09-14T21:18:45.846-0300] {dag.py:2977} INFO - Setting next_dagrun for latest_only to 2022-09-14T20:18:45.846345+00:00, run_after=2022-09-15T00:18:45.846345+00:00
[2022-09-14T21:18:45.862-0300] {processor.py:161} INFO - Processing /home/juliana/Área de Trabalho/datapipeline/.env/lib/python3.8/site-packages/airflow/example_dags/example_latest_only.py took 0.069 seconds
[2022-09-14T21:19:20.046-0300] {processor.py:153} INFO - Started process (PID=21154) to work on /home/juliana/Área de Trabalho/datapipeline/.env/lib/python3.8/site-packages/airflow/example_dags/example_latest_only.py
[2022-09-14T21:19:20.047-0300] {processor.py:640} INFO - Processing file /home/juliana/Área de Trabalho/datapipeline/.env/lib/python3.8/site-packages/airflow/example_dags/example_latest_only.py for tasks to queue
[2022-09-14T21:19:20.048-0300] {logging_mixin.py:115} INFO - [2022-09-14T21:19:20.048-0300] {dagbag.py:508} INFO - Filling up the DagBag from /home/juliana/Área de Trabalho/datapipeline/.env/lib/python3.8/site-packages/airflow/example_dags/example_latest_only.py
[2022-09-14T21:19:20.052-0300] {processor.py:650} INFO - DAG(s) dict_keys(['latest_only']) retrieved from /home/juliana/Área de Trabalho/datapipeline/.env/lib/python3.8/site-packages/airflow/example_dags/example_latest_only.py
[2022-09-14T21:19:20.067-0300] {logging_mixin.py:115} INFO - [2022-09-14T21:19:20.067-0300] {dag.py:2429} INFO - Sync 1 DAGs
[2022-09-14T21:19:20.084-0300] {logging_mixin.py:115} INFO - [2022-09-14T21:19:20.084-0300] {dag.py:2977} INFO - Setting next_dagrun for latest_only to 2022-09-14T20:19:20.084232+00:00, run_after=2022-09-15T00:19:20.084232+00:00
[2022-09-14T21:19:20.112-0300] {processor.py:161} INFO - Processing /home/juliana/Área de Trabalho/datapipeline/.env/lib/python3.8/site-packages/airflow/example_dags/example_latest_only.py took 0.068 seconds
[2022-09-14T21:19:53.051-0300] {processor.py:153} INFO - Started process (PID=21187) to work on /home/juliana/Área de Trabalho/datapipeline/.env/lib/python3.8/site-packages/airflow/example_dags/example_latest_only.py
[2022-09-14T21:19:53.052-0300] {processor.py:640} INFO - Processing file /home/juliana/Área de Trabalho/datapipeline/.env/lib/python3.8/site-packages/airflow/example_dags/example_latest_only.py for tasks to queue
[2022-09-14T21:19:53.052-0300] {logging_mixin.py:115} INFO - [2022-09-14T21:19:53.052-0300] {dagbag.py:508} INFO - Filling up the DagBag from /home/juliana/Área de Trabalho/datapipeline/.env/lib/python3.8/site-packages/airflow/example_dags/example_latest_only.py
[2022-09-14T21:19:53.057-0300] {processor.py:650} INFO - DAG(s) dict_keys(['latest_only']) retrieved from /home/juliana/Área de Trabalho/datapipeline/.env/lib/python3.8/site-packages/airflow/example_dags/example_latest_only.py
[2022-09-14T21:19:53.072-0300] {logging_mixin.py:115} INFO - [2022-09-14T21:19:53.071-0300] {dag.py:2429} INFO - Sync 1 DAGs
[2022-09-14T21:19:53.088-0300] {logging_mixin.py:115} INFO - [2022-09-14T21:19:53.087-0300] {dag.py:2977} INFO - Setting next_dagrun for latest_only to 2022-09-14T20:19:53.087588+00:00, run_after=2022-09-15T00:19:53.087588+00:00
[2022-09-14T21:19:53.105-0300] {processor.py:161} INFO - Processing /home/juliana/Área de Trabalho/datapipeline/.env/lib/python3.8/site-packages/airflow/example_dags/example_latest_only.py took 0.056 seconds
[2022-09-14T21:20:27.737-0300] {processor.py:153} INFO - Started process (PID=21223) to work on /home/juliana/Área de Trabalho/datapipeline/.env/lib/python3.8/site-packages/airflow/example_dags/example_latest_only.py
[2022-09-14T21:20:27.739-0300] {processor.py:640} INFO - Processing file /home/juliana/Área de Trabalho/datapipeline/.env/lib/python3.8/site-packages/airflow/example_dags/example_latest_only.py for tasks to queue
[2022-09-14T21:20:27.740-0300] {logging_mixin.py:115} INFO - [2022-09-14T21:20:27.740-0300] {dagbag.py:508} INFO - Filling up the DagBag from /home/juliana/Área de Trabalho/datapipeline/.env/lib/python3.8/site-packages/airflow/example_dags/example_latest_only.py
[2022-09-14T21:20:27.747-0300] {processor.py:650} INFO - DAG(s) dict_keys(['latest_only']) retrieved from /home/juliana/Área de Trabalho/datapipeline/.env/lib/python3.8/site-packages/airflow/example_dags/example_latest_only.py
[2022-09-14T21:20:27.763-0300] {logging_mixin.py:115} INFO - [2022-09-14T21:20:27.762-0300] {dag.py:2429} INFO - Sync 1 DAGs
[2022-09-14T21:20:27.779-0300] {logging_mixin.py:115} INFO - [2022-09-14T21:20:27.779-0300] {dag.py:2977} INFO - Setting next_dagrun for latest_only to 2022-09-14T20:20:27.779400+00:00, run_after=2022-09-15T00:20:27.779400+00:00
[2022-09-14T21:20:27.799-0300] {processor.py:161} INFO - Processing /home/juliana/Área de Trabalho/datapipeline/.env/lib/python3.8/site-packages/airflow/example_dags/example_latest_only.py took 0.065 seconds
[2022-09-14T21:21:03.917-0300] {processor.py:153} INFO - Started process (PID=21263) to work on /home/juliana/Área de Trabalho/datapipeline/.env/lib/python3.8/site-packages/airflow/example_dags/example_latest_only.py
[2022-09-14T21:21:03.918-0300] {processor.py:640} INFO - Processing file /home/juliana/Área de Trabalho/datapipeline/.env/lib/python3.8/site-packages/airflow/example_dags/example_latest_only.py for tasks to queue
[2022-09-14T21:21:03.920-0300] {logging_mixin.py:115} INFO - [2022-09-14T21:21:03.919-0300] {dagbag.py:508} INFO - Filling up the DagBag from /home/juliana/Área de Trabalho/datapipeline/.env/lib/python3.8/site-packages/airflow/example_dags/example_latest_only.py
[2022-09-14T21:21:03.926-0300] {processor.py:650} INFO - DAG(s) dict_keys(['latest_only']) retrieved from /home/juliana/Área de Trabalho/datapipeline/.env/lib/python3.8/site-packages/airflow/example_dags/example_latest_only.py
[2022-09-14T21:21:03.946-0300] {logging_mixin.py:115} INFO - [2022-09-14T21:21:03.945-0300] {dag.py:2429} INFO - Sync 1 DAGs
[2022-09-14T21:21:03.964-0300] {logging_mixin.py:115} INFO - [2022-09-14T21:21:03.964-0300] {dag.py:2977} INFO - Setting next_dagrun for latest_only to 2022-09-14T20:21:03.964373+00:00, run_after=2022-09-15T00:21:03.964373+00:00
[2022-09-14T21:21:03.983-0300] {processor.py:161} INFO - Processing /home/juliana/Área de Trabalho/datapipeline/.env/lib/python3.8/site-packages/airflow/example_dags/example_latest_only.py took 0.070 seconds
[2022-09-14T21:21:37.757-0300] {processor.py:153} INFO - Started process (PID=21299) to work on /home/juliana/Área de Trabalho/datapipeline/.env/lib/python3.8/site-packages/airflow/example_dags/example_latest_only.py
[2022-09-14T21:21:37.760-0300] {processor.py:640} INFO - Processing file /home/juliana/Área de Trabalho/datapipeline/.env/lib/python3.8/site-packages/airflow/example_dags/example_latest_only.py for tasks to queue
[2022-09-14T21:21:37.761-0300] {logging_mixin.py:115} INFO - [2022-09-14T21:21:37.760-0300] {dagbag.py:508} INFO - Filling up the DagBag from /home/juliana/Área de Trabalho/datapipeline/.env/lib/python3.8/site-packages/airflow/example_dags/example_latest_only.py
[2022-09-14T21:21:37.768-0300] {processor.py:650} INFO - DAG(s) dict_keys(['latest_only']) retrieved from /home/juliana/Área de Trabalho/datapipeline/.env/lib/python3.8/site-packages/airflow/example_dags/example_latest_only.py
[2022-09-14T21:21:37.786-0300] {logging_mixin.py:115} INFO - [2022-09-14T21:21:37.786-0300] {dag.py:2429} INFO - Sync 1 DAGs
[2022-09-14T21:21:37.802-0300] {logging_mixin.py:115} INFO - [2022-09-14T21:21:37.802-0300] {dag.py:2977} INFO - Setting next_dagrun for latest_only to 2022-09-14T20:21:37.802259+00:00, run_after=2022-09-15T00:21:37.802259+00:00
[2022-09-14T21:21:37.833-0300] {processor.py:161} INFO - Processing /home/juliana/Área de Trabalho/datapipeline/.env/lib/python3.8/site-packages/airflow/example_dags/example_latest_only.py took 0.081 seconds
[2022-09-14T21:22:11.831-0300] {processor.py:153} INFO - Started process (PID=21337) to work on /home/juliana/Área de Trabalho/datapipeline/.env/lib/python3.8/site-packages/airflow/example_dags/example_latest_only.py
[2022-09-14T21:22:11.833-0300] {processor.py:640} INFO - Processing file /home/juliana/Área de Trabalho/datapipeline/.env/lib/python3.8/site-packages/airflow/example_dags/example_latest_only.py for tasks to queue
[2022-09-14T21:22:11.834-0300] {logging_mixin.py:115} INFO - [2022-09-14T21:22:11.833-0300] {dagbag.py:508} INFO - Filling up the DagBag from /home/juliana/Área de Trabalho/datapipeline/.env/lib/python3.8/site-packages/airflow/example_dags/example_latest_only.py
[2022-09-14T21:22:11.839-0300] {processor.py:650} INFO - DAG(s) dict_keys(['latest_only']) retrieved from /home/juliana/Área de Trabalho/datapipeline/.env/lib/python3.8/site-packages/airflow/example_dags/example_latest_only.py
[2022-09-14T21:22:11.858-0300] {logging_mixin.py:115} INFO - [2022-09-14T21:22:11.858-0300] {dag.py:2429} INFO - Sync 1 DAGs
[2022-09-14T21:22:11.877-0300] {logging_mixin.py:115} INFO - [2022-09-14T21:22:11.877-0300] {dag.py:2977} INFO - Setting next_dagrun for latest_only to 2022-09-14T20:22:11.876809+00:00, run_after=2022-09-15T00:22:11.876809+00:00
[2022-09-14T21:22:11.903-0300] {processor.py:161} INFO - Processing /home/juliana/Área de Trabalho/datapipeline/.env/lib/python3.8/site-packages/airflow/example_dags/example_latest_only.py took 0.076 seconds
[2022-09-14T21:22:47.857-0300] {processor.py:153} INFO - Started process (PID=21376) to work on /home/juliana/Área de Trabalho/datapipeline/.env/lib/python3.8/site-packages/airflow/example_dags/example_latest_only.py
[2022-09-14T21:22:47.859-0300] {processor.py:640} INFO - Processing file /home/juliana/Área de Trabalho/datapipeline/.env/lib/python3.8/site-packages/airflow/example_dags/example_latest_only.py for tasks to queue
[2022-09-14T21:22:47.860-0300] {logging_mixin.py:115} INFO - [2022-09-14T21:22:47.860-0300] {dagbag.py:508} INFO - Filling up the DagBag from /home/juliana/Área de Trabalho/datapipeline/.env/lib/python3.8/site-packages/airflow/example_dags/example_latest_only.py
[2022-09-14T21:22:47.868-0300] {processor.py:650} INFO - DAG(s) dict_keys(['latest_only']) retrieved from /home/juliana/Área de Trabalho/datapipeline/.env/lib/python3.8/site-packages/airflow/example_dags/example_latest_only.py
[2022-09-14T21:22:47.887-0300] {logging_mixin.py:115} INFO - [2022-09-14T21:22:47.887-0300] {dag.py:2429} INFO - Sync 1 DAGs
[2022-09-14T21:22:47.903-0300] {logging_mixin.py:115} INFO - [2022-09-14T21:22:47.903-0300] {dag.py:2977} INFO - Setting next_dagrun for latest_only to 2022-09-14T20:22:47.903147+00:00, run_after=2022-09-15T00:22:47.903147+00:00
[2022-09-14T21:22:47.921-0300] {processor.py:161} INFO - Processing /home/juliana/Área de Trabalho/datapipeline/.env/lib/python3.8/site-packages/airflow/example_dags/example_latest_only.py took 0.069 seconds
[2022-09-14T21:23:22.556-0300] {processor.py:153} INFO - Started process (PID=21443) to work on /home/juliana/Área de Trabalho/datapipeline/.env/lib/python3.8/site-packages/airflow/example_dags/example_latest_only.py
[2022-09-14T21:23:22.565-0300] {processor.py:640} INFO - Processing file /home/juliana/Área de Trabalho/datapipeline/.env/lib/python3.8/site-packages/airflow/example_dags/example_latest_only.py for tasks to queue
[2022-09-14T21:23:22.570-0300] {logging_mixin.py:115} INFO - [2022-09-14T21:23:22.566-0300] {dagbag.py:508} INFO - Filling up the DagBag from /home/juliana/Área de Trabalho/datapipeline/.env/lib/python3.8/site-packages/airflow/example_dags/example_latest_only.py
[2022-09-14T21:23:22.585-0300] {processor.py:650} INFO - DAG(s) dict_keys(['latest_only']) retrieved from /home/juliana/Área de Trabalho/datapipeline/.env/lib/python3.8/site-packages/airflow/example_dags/example_latest_only.py
[2022-09-14T21:23:22.640-0300] {logging_mixin.py:115} INFO - [2022-09-14T21:23:22.640-0300] {dag.py:2429} INFO - Sync 1 DAGs
[2022-09-14T21:23:22.673-0300] {logging_mixin.py:115} INFO - [2022-09-14T21:23:22.673-0300] {dag.py:2977} INFO - Setting next_dagrun for latest_only to 2022-09-14T20:23:22.673441+00:00, run_after=2022-09-15T00:23:22.673441+00:00
[2022-09-14T21:23:22.704-0300] {processor.py:161} INFO - Processing /home/juliana/Área de Trabalho/datapipeline/.env/lib/python3.8/site-packages/airflow/example_dags/example_latest_only.py took 0.161 seconds
[2022-09-14T21:23:59.005-0300] {processor.py:153} INFO - Started process (PID=21492) to work on /home/juliana/Área de Trabalho/datapipeline/.env/lib/python3.8/site-packages/airflow/example_dags/example_latest_only.py
[2022-09-14T21:23:59.011-0300] {processor.py:640} INFO - Processing file /home/juliana/Área de Trabalho/datapipeline/.env/lib/python3.8/site-packages/airflow/example_dags/example_latest_only.py for tasks to queue
[2022-09-14T21:23:59.012-0300] {logging_mixin.py:115} INFO - [2022-09-14T21:23:59.011-0300] {dagbag.py:508} INFO - Filling up the DagBag from /home/juliana/Área de Trabalho/datapipeline/.env/lib/python3.8/site-packages/airflow/example_dags/example_latest_only.py
[2022-09-14T21:23:59.018-0300] {processor.py:650} INFO - DAG(s) dict_keys(['latest_only']) retrieved from /home/juliana/Área de Trabalho/datapipeline/.env/lib/python3.8/site-packages/airflow/example_dags/example_latest_only.py
[2022-09-14T21:23:59.032-0300] {logging_mixin.py:115} INFO - [2022-09-14T21:23:59.032-0300] {dag.py:2429} INFO - Sync 1 DAGs
[2022-09-14T21:23:59.047-0300] {logging_mixin.py:115} INFO - [2022-09-14T21:23:59.047-0300] {dag.py:2977} INFO - Setting next_dagrun for latest_only to 2022-09-14T20:23:59.047156+00:00, run_after=2022-09-15T00:23:59.047156+00:00
[2022-09-14T21:23:59.061-0300] {processor.py:161} INFO - Processing /home/juliana/Área de Trabalho/datapipeline/.env/lib/python3.8/site-packages/airflow/example_dags/example_latest_only.py took 0.059 seconds
[2022-09-14T21:24:38.160-0300] {processor.py:153} INFO - Started process (PID=21543) to work on /home/juliana/Área de Trabalho/datapipeline/.env/lib/python3.8/site-packages/airflow/example_dags/example_latest_only.py
[2022-09-14T21:24:38.162-0300] {processor.py:640} INFO - Processing file /home/juliana/Área de Trabalho/datapipeline/.env/lib/python3.8/site-packages/airflow/example_dags/example_latest_only.py for tasks to queue
[2022-09-14T21:24:38.163-0300] {logging_mixin.py:115} INFO - [2022-09-14T21:24:38.163-0300] {dagbag.py:508} INFO - Filling up the DagBag from /home/juliana/Área de Trabalho/datapipeline/.env/lib/python3.8/site-packages/airflow/example_dags/example_latest_only.py
[2022-09-14T21:24:38.172-0300] {processor.py:650} INFO - DAG(s) dict_keys(['latest_only']) retrieved from /home/juliana/Área de Trabalho/datapipeline/.env/lib/python3.8/site-packages/airflow/example_dags/example_latest_only.py
[2022-09-14T21:24:38.205-0300] {logging_mixin.py:115} INFO - [2022-09-14T21:24:38.204-0300] {dag.py:2429} INFO - Sync 1 DAGs
[2022-09-14T21:24:38.246-0300] {logging_mixin.py:115} INFO - [2022-09-14T21:24:38.246-0300] {dag.py:2977} INFO - Setting next_dagrun for latest_only to 2022-09-14T20:24:38.245850+00:00, run_after=2022-09-15T00:24:38.245850+00:00
[2022-09-14T21:24:38.267-0300] {processor.py:161} INFO - Processing /home/juliana/Área de Trabalho/datapipeline/.env/lib/python3.8/site-packages/airflow/example_dags/example_latest_only.py took 0.110 seconds
[2022-09-14T21:25:14.232-0300] {processor.py:153} INFO - Started process (PID=21583) to work on /home/juliana/Área de Trabalho/datapipeline/.env/lib/python3.8/site-packages/airflow/example_dags/example_latest_only.py
[2022-09-14T21:25:14.234-0300] {processor.py:640} INFO - Processing file /home/juliana/Área de Trabalho/datapipeline/.env/lib/python3.8/site-packages/airflow/example_dags/example_latest_only.py for tasks to queue
[2022-09-14T21:25:14.235-0300] {logging_mixin.py:115} INFO - [2022-09-14T21:25:14.235-0300] {dagbag.py:508} INFO - Filling up the DagBag from /home/juliana/Área de Trabalho/datapipeline/.env/lib/python3.8/site-packages/airflow/example_dags/example_latest_only.py
[2022-09-14T21:25:14.243-0300] {processor.py:650} INFO - DAG(s) dict_keys(['latest_only']) retrieved from /home/juliana/Área de Trabalho/datapipeline/.env/lib/python3.8/site-packages/airflow/example_dags/example_latest_only.py
[2022-09-14T21:25:14.259-0300] {logging_mixin.py:115} INFO - [2022-09-14T21:25:14.259-0300] {dag.py:2429} INFO - Sync 1 DAGs
[2022-09-14T21:25:14.277-0300] {logging_mixin.py:115} INFO - [2022-09-14T21:25:14.277-0300] {dag.py:2977} INFO - Setting next_dagrun for latest_only to 2022-09-14T20:25:14.277312+00:00, run_after=2022-09-15T00:25:14.277312+00:00
[2022-09-14T21:25:14.293-0300] {processor.py:161} INFO - Processing /home/juliana/Área de Trabalho/datapipeline/.env/lib/python3.8/site-packages/airflow/example_dags/example_latest_only.py took 0.065 seconds
[2022-09-14T21:25:46.282-0300] {processor.py:153} INFO - Started process (PID=21617) to work on /home/juliana/Área de Trabalho/datapipeline/.env/lib/python3.8/site-packages/airflow/example_dags/example_latest_only.py
[2022-09-14T21:25:46.283-0300] {processor.py:640} INFO - Processing file /home/juliana/Área de Trabalho/datapipeline/.env/lib/python3.8/site-packages/airflow/example_dags/example_latest_only.py for tasks to queue
[2022-09-14T21:25:46.284-0300] {logging_mixin.py:115} INFO - [2022-09-14T21:25:46.284-0300] {dagbag.py:508} INFO - Filling up the DagBag from /home/juliana/Área de Trabalho/datapipeline/.env/lib/python3.8/site-packages/airflow/example_dags/example_latest_only.py
[2022-09-14T21:25:46.290-0300] {processor.py:650} INFO - DAG(s) dict_keys(['latest_only']) retrieved from /home/juliana/Área de Trabalho/datapipeline/.env/lib/python3.8/site-packages/airflow/example_dags/example_latest_only.py
[2022-09-14T21:25:46.309-0300] {logging_mixin.py:115} INFO - [2022-09-14T21:25:46.308-0300] {dag.py:2429} INFO - Sync 1 DAGs
[2022-09-14T21:25:46.325-0300] {logging_mixin.py:115} INFO - [2022-09-14T21:25:46.325-0300] {dag.py:2977} INFO - Setting next_dagrun for latest_only to 2022-09-14T20:25:46.325374+00:00, run_after=2022-09-15T00:25:46.325374+00:00
[2022-09-14T21:25:46.351-0300] {processor.py:161} INFO - Processing /home/juliana/Área de Trabalho/datapipeline/.env/lib/python3.8/site-packages/airflow/example_dags/example_latest_only.py took 0.073 seconds
[2022-09-14T21:26:19.266-0300] {processor.py:153} INFO - Started process (PID=21651) to work on /home/juliana/Área de Trabalho/datapipeline/.env/lib/python3.8/site-packages/airflow/example_dags/example_latest_only.py
[2022-09-14T21:26:19.267-0300] {processor.py:640} INFO - Processing file /home/juliana/Área de Trabalho/datapipeline/.env/lib/python3.8/site-packages/airflow/example_dags/example_latest_only.py for tasks to queue
[2022-09-14T21:26:19.268-0300] {logging_mixin.py:115} INFO - [2022-09-14T21:26:19.268-0300] {dagbag.py:508} INFO - Filling up the DagBag from /home/juliana/Área de Trabalho/datapipeline/.env/lib/python3.8/site-packages/airflow/example_dags/example_latest_only.py
[2022-09-14T21:26:19.276-0300] {processor.py:650} INFO - DAG(s) dict_keys(['latest_only']) retrieved from /home/juliana/Área de Trabalho/datapipeline/.env/lib/python3.8/site-packages/airflow/example_dags/example_latest_only.py
[2022-09-14T21:26:19.292-0300] {logging_mixin.py:115} INFO - [2022-09-14T21:26:19.292-0300] {dag.py:2429} INFO - Sync 1 DAGs
[2022-09-14T21:26:19.309-0300] {logging_mixin.py:115} INFO - [2022-09-14T21:26:19.309-0300] {dag.py:2977} INFO - Setting next_dagrun for latest_only to 2022-09-14T20:26:19.309082+00:00, run_after=2022-09-15T00:26:19.309082+00:00
[2022-09-14T21:26:19.325-0300] {processor.py:161} INFO - Processing /home/juliana/Área de Trabalho/datapipeline/.env/lib/python3.8/site-packages/airflow/example_dags/example_latest_only.py took 0.064 seconds
[2022-09-14T21:26:53.477-0300] {processor.py:153} INFO - Started process (PID=21689) to work on /home/juliana/Área de Trabalho/datapipeline/.env/lib/python3.8/site-packages/airflow/example_dags/example_latest_only.py
[2022-09-14T21:26:53.483-0300] {processor.py:640} INFO - Processing file /home/juliana/Área de Trabalho/datapipeline/.env/lib/python3.8/site-packages/airflow/example_dags/example_latest_only.py for tasks to queue
[2022-09-14T21:26:53.484-0300] {logging_mixin.py:115} INFO - [2022-09-14T21:26:53.484-0300] {dagbag.py:508} INFO - Filling up the DagBag from /home/juliana/Área de Trabalho/datapipeline/.env/lib/python3.8/site-packages/airflow/example_dags/example_latest_only.py
[2022-09-14T21:26:53.489-0300] {processor.py:650} INFO - DAG(s) dict_keys(['latest_only']) retrieved from /home/juliana/Área de Trabalho/datapipeline/.env/lib/python3.8/site-packages/airflow/example_dags/example_latest_only.py
[2022-09-14T21:26:53.512-0300] {logging_mixin.py:115} INFO - [2022-09-14T21:26:53.512-0300] {dag.py:2429} INFO - Sync 1 DAGs
[2022-09-14T21:26:53.538-0300] {logging_mixin.py:115} INFO - [2022-09-14T21:26:53.537-0300] {dag.py:2977} INFO - Setting next_dagrun for latest_only to 2022-09-14T20:26:53.537644+00:00, run_after=2022-09-15T00:26:53.537644+00:00
[2022-09-14T21:26:53.554-0300] {processor.py:161} INFO - Processing /home/juliana/Área de Trabalho/datapipeline/.env/lib/python3.8/site-packages/airflow/example_dags/example_latest_only.py took 0.081 seconds
[2022-09-14T21:27:38.485-0300] {processor.py:153} INFO - Started process (PID=21817) to work on /home/juliana/Área de Trabalho/datapipeline/.env/lib/python3.8/site-packages/airflow/example_dags/example_latest_only.py
[2022-09-14T21:27:38.513-0300] {processor.py:640} INFO - Processing file /home/juliana/Área de Trabalho/datapipeline/.env/lib/python3.8/site-packages/airflow/example_dags/example_latest_only.py for tasks to queue
[2022-09-14T21:27:38.518-0300] {logging_mixin.py:115} INFO - [2022-09-14T21:27:38.518-0300] {dagbag.py:508} INFO - Filling up the DagBag from /home/juliana/Área de Trabalho/datapipeline/.env/lib/python3.8/site-packages/airflow/example_dags/example_latest_only.py
[2022-09-14T21:27:38.921-0300] {processor.py:650} INFO - DAG(s) dict_keys(['latest_only']) retrieved from /home/juliana/Área de Trabalho/datapipeline/.env/lib/python3.8/site-packages/airflow/example_dags/example_latest_only.py
[2022-09-14T21:27:42.831-0300] {logging_mixin.py:115} INFO - [2022-09-14T21:27:42.675-0300] {dag.py:2429} INFO - Sync 1 DAGs
[2022-09-14T21:27:58.074-0300] {logging_mixin.py:115} INFO - [2022-09-14T21:27:56.560-0300] {dag.py:2977} INFO - Setting next_dagrun for latest_only to 2022-09-14T20:27:54.806981+00:00, run_after=2022-09-15T00:27:54.806981+00:00
[2022-09-14T21:28:13.407-0300] {processor.py:161} INFO - Processing /home/juliana/Área de Trabalho/datapipeline/.env/lib/python3.8/site-packages/airflow/example_dags/example_latest_only.py took 34.971 seconds
[2022-09-14T21:36:40.064-0300] {processor.py:153} INFO - Started process (PID=21899) to work on /home/juliana/Área de Trabalho/datapipeline/.env/lib/python3.8/site-packages/airflow/example_dags/example_latest_only.py
[2022-09-14T21:36:40.078-0300] {processor.py:640} INFO - Processing file /home/juliana/Área de Trabalho/datapipeline/.env/lib/python3.8/site-packages/airflow/example_dags/example_latest_only.py for tasks to queue
[2022-09-14T21:36:40.079-0300] {logging_mixin.py:115} INFO - [2022-09-14T21:36:40.079-0300] {dagbag.py:508} INFO - Filling up the DagBag from /home/juliana/Área de Trabalho/datapipeline/.env/lib/python3.8/site-packages/airflow/example_dags/example_latest_only.py
[2022-09-14T21:36:40.165-0300] {processor.py:650} INFO - DAG(s) dict_keys(['latest_only']) retrieved from /home/juliana/Área de Trabalho/datapipeline/.env/lib/python3.8/site-packages/airflow/example_dags/example_latest_only.py
[2022-09-14T21:36:40.293-0300] {logging_mixin.py:115} INFO - [2022-09-14T21:36:40.290-0300] {dag.py:2429} INFO - Sync 1 DAGs
[2022-09-14T21:36:40.423-0300] {logging_mixin.py:115} INFO - [2022-09-14T21:36:40.421-0300] {dag.py:2977} INFO - Setting next_dagrun for latest_only to 2022-09-14T20:36:40.404947+00:00, run_after=2022-09-15T00:36:40.404947+00:00
[2022-09-14T21:36:40.522-0300] {processor.py:161} INFO - Processing /home/juliana/Área de Trabalho/datapipeline/.env/lib/python3.8/site-packages/airflow/example_dags/example_latest_only.py took 0.474 seconds
[2022-09-15T13:35:46.442-0300] {processor.py:153} INFO - Started process (PID=7354) to work on /home/juliana/Área de Trabalho/datapipeline/.env/lib/python3.8/site-packages/airflow/example_dags/example_latest_only.py
[2022-09-15T13:35:46.448-0300] {processor.py:640} INFO - Processing file /home/juliana/Área de Trabalho/datapipeline/.env/lib/python3.8/site-packages/airflow/example_dags/example_latest_only.py for tasks to queue
[2022-09-15T13:35:46.449-0300] {logging_mixin.py:115} INFO - [2022-09-15T13:35:46.449-0300] {dagbag.py:508} INFO - Filling up the DagBag from /home/juliana/Área de Trabalho/datapipeline/.env/lib/python3.8/site-packages/airflow/example_dags/example_latest_only.py
[2022-09-15T13:35:46.470-0300] {processor.py:650} INFO - DAG(s) dict_keys(['latest_only']) retrieved from /home/juliana/Área de Trabalho/datapipeline/.env/lib/python3.8/site-packages/airflow/example_dags/example_latest_only.py
[2022-09-15T13:35:46.529-0300] {logging_mixin.py:115} INFO - [2022-09-15T13:35:46.528-0300] {dag.py:2429} INFO - Sync 1 DAGs
[2022-09-15T13:35:46.594-0300] {logging_mixin.py:115} INFO - [2022-09-15T13:35:46.594-0300] {dag.py:2977} INFO - Setting next_dagrun for latest_only to 2022-09-15T12:35:46.586292+00:00, run_after=2022-09-15T16:35:46.586292+00:00
[2022-09-15T13:35:46.628-0300] {processor.py:161} INFO - Processing /home/juliana/Área de Trabalho/datapipeline/.env/lib/python3.8/site-packages/airflow/example_dags/example_latest_only.py took 0.197 seconds
[2022-09-15T13:36:27.813-0300] {processor.py:153} INFO - Started process (PID=7494) to work on /home/juliana/Área de Trabalho/datapipeline/.env/lib/python3.8/site-packages/airflow/example_dags/example_latest_only.py
[2022-09-15T13:36:27.820-0300] {processor.py:640} INFO - Processing file /home/juliana/Área de Trabalho/datapipeline/.env/lib/python3.8/site-packages/airflow/example_dags/example_latest_only.py for tasks to queue
[2022-09-15T13:36:27.821-0300] {logging_mixin.py:115} INFO - [2022-09-15T13:36:27.821-0300] {dagbag.py:508} INFO - Filling up the DagBag from /home/juliana/Área de Trabalho/datapipeline/.env/lib/python3.8/site-packages/airflow/example_dags/example_latest_only.py
[2022-09-15T13:36:27.833-0300] {processor.py:650} INFO - DAG(s) dict_keys(['latest_only']) retrieved from /home/juliana/Área de Trabalho/datapipeline/.env/lib/python3.8/site-packages/airflow/example_dags/example_latest_only.py
[2022-09-15T13:36:27.863-0300] {logging_mixin.py:115} INFO - [2022-09-15T13:36:27.863-0300] {dag.py:2429} INFO - Sync 1 DAGs
[2022-09-15T13:36:27.889-0300] {logging_mixin.py:115} INFO - [2022-09-15T13:36:27.889-0300] {dag.py:2977} INFO - Setting next_dagrun for latest_only to 2022-09-15T12:36:27.888958+00:00, run_after=2022-09-15T16:36:27.888958+00:00
[2022-09-15T13:36:27.915-0300] {processor.py:161} INFO - Processing /home/juliana/Área de Trabalho/datapipeline/.env/lib/python3.8/site-packages/airflow/example_dags/example_latest_only.py took 0.107 seconds
[2022-09-15T13:37:07.047-0300] {processor.py:153} INFO - Started process (PID=7641) to work on /home/juliana/Área de Trabalho/datapipeline/.env/lib/python3.8/site-packages/airflow/example_dags/example_latest_only.py
[2022-09-15T13:37:07.053-0300] {processor.py:640} INFO - Processing file /home/juliana/Área de Trabalho/datapipeline/.env/lib/python3.8/site-packages/airflow/example_dags/example_latest_only.py for tasks to queue
[2022-09-15T13:37:07.054-0300] {logging_mixin.py:115} INFO - [2022-09-15T13:37:07.054-0300] {dagbag.py:508} INFO - Filling up the DagBag from /home/juliana/Área de Trabalho/datapipeline/.env/lib/python3.8/site-packages/airflow/example_dags/example_latest_only.py
[2022-09-15T13:37:07.061-0300] {processor.py:650} INFO - DAG(s) dict_keys(['latest_only']) retrieved from /home/juliana/Área de Trabalho/datapipeline/.env/lib/python3.8/site-packages/airflow/example_dags/example_latest_only.py
[2022-09-15T13:37:07.079-0300] {logging_mixin.py:115} INFO - [2022-09-15T13:37:07.078-0300] {dag.py:2429} INFO - Sync 1 DAGs
[2022-09-15T13:37:07.098-0300] {logging_mixin.py:115} INFO - [2022-09-15T13:37:07.098-0300] {dag.py:2977} INFO - Setting next_dagrun for latest_only to 2022-09-15T12:37:07.098241+00:00, run_after=2022-09-15T16:37:07.098241+00:00
[2022-09-15T13:37:07.116-0300] {processor.py:161} INFO - Processing /home/juliana/Área de Trabalho/datapipeline/.env/lib/python3.8/site-packages/airflow/example_dags/example_latest_only.py took 0.084 seconds
[2022-09-15T13:37:53.352-0300] {processor.py:153} INFO - Started process (PID=7807) to work on /home/juliana/Área de Trabalho/datapipeline/.env/lib/python3.8/site-packages/airflow/example_dags/example_latest_only.py
[2022-09-15T13:37:53.355-0300] {processor.py:640} INFO - Processing file /home/juliana/Área de Trabalho/datapipeline/.env/lib/python3.8/site-packages/airflow/example_dags/example_latest_only.py for tasks to queue
[2022-09-15T13:37:53.356-0300] {logging_mixin.py:115} INFO - [2022-09-15T13:37:53.356-0300] {dagbag.py:508} INFO - Filling up the DagBag from /home/juliana/Área de Trabalho/datapipeline/.env/lib/python3.8/site-packages/airflow/example_dags/example_latest_only.py
[2022-09-15T13:37:53.367-0300] {processor.py:650} INFO - DAG(s) dict_keys(['latest_only']) retrieved from /home/juliana/Área de Trabalho/datapipeline/.env/lib/python3.8/site-packages/airflow/example_dags/example_latest_only.py
[2022-09-15T13:37:53.400-0300] {logging_mixin.py:115} INFO - [2022-09-15T13:37:53.400-0300] {dag.py:2429} INFO - Sync 1 DAGs
[2022-09-15T13:37:53.422-0300] {logging_mixin.py:115} INFO - [2022-09-15T13:37:53.422-0300] {dag.py:2977} INFO - Setting next_dagrun for latest_only to 2022-09-15T12:37:53.422101+00:00, run_after=2022-09-15T16:37:53.422101+00:00
[2022-09-15T13:37:53.442-0300] {processor.py:161} INFO - Processing /home/juliana/Área de Trabalho/datapipeline/.env/lib/python3.8/site-packages/airflow/example_dags/example_latest_only.py took 0.095 seconds
[2022-09-15T13:38:32.402-0300] {processor.py:153} INFO - Started process (PID=7941) to work on /home/juliana/Área de Trabalho/datapipeline/.env/lib/python3.8/site-packages/airflow/example_dags/example_latest_only.py
[2022-09-15T13:38:32.405-0300] {processor.py:640} INFO - Processing file /home/juliana/Área de Trabalho/datapipeline/.env/lib/python3.8/site-packages/airflow/example_dags/example_latest_only.py for tasks to queue
[2022-09-15T13:38:32.406-0300] {logging_mixin.py:115} INFO - [2022-09-15T13:38:32.406-0300] {dagbag.py:508} INFO - Filling up the DagBag from /home/juliana/Área de Trabalho/datapipeline/.env/lib/python3.8/site-packages/airflow/example_dags/example_latest_only.py
[2022-09-15T13:38:32.425-0300] {processor.py:650} INFO - DAG(s) dict_keys(['latest_only']) retrieved from /home/juliana/Área de Trabalho/datapipeline/.env/lib/python3.8/site-packages/airflow/example_dags/example_latest_only.py
[2022-09-15T13:38:32.459-0300] {logging_mixin.py:115} INFO - [2022-09-15T13:38:32.459-0300] {dag.py:2429} INFO - Sync 1 DAGs
[2022-09-15T13:38:32.496-0300] {logging_mixin.py:115} INFO - [2022-09-15T13:38:32.496-0300] {dag.py:2977} INFO - Setting next_dagrun for latest_only to 2022-09-15T12:38:32.496014+00:00, run_after=2022-09-15T16:38:32.496014+00:00
[2022-09-15T13:38:32.525-0300] {processor.py:161} INFO - Processing /home/juliana/Área de Trabalho/datapipeline/.env/lib/python3.8/site-packages/airflow/example_dags/example_latest_only.py took 0.132 seconds
[2022-09-15T13:39:15.183-0300] {processor.py:153} INFO - Started process (PID=8085) to work on /home/juliana/Área de Trabalho/datapipeline/.env/lib/python3.8/site-packages/airflow/example_dags/example_latest_only.py
[2022-09-15T13:39:15.197-0300] {processor.py:640} INFO - Processing file /home/juliana/Área de Trabalho/datapipeline/.env/lib/python3.8/site-packages/airflow/example_dags/example_latest_only.py for tasks to queue
[2022-09-15T13:39:15.198-0300] {logging_mixin.py:115} INFO - [2022-09-15T13:39:15.198-0300] {dagbag.py:508} INFO - Filling up the DagBag from /home/juliana/Área de Trabalho/datapipeline/.env/lib/python3.8/site-packages/airflow/example_dags/example_latest_only.py
[2022-09-15T13:39:15.209-0300] {processor.py:650} INFO - DAG(s) dict_keys(['latest_only']) retrieved from /home/juliana/Área de Trabalho/datapipeline/.env/lib/python3.8/site-packages/airflow/example_dags/example_latest_only.py
[2022-09-15T13:39:15.229-0300] {logging_mixin.py:115} INFO - [2022-09-15T13:39:15.229-0300] {dag.py:2429} INFO - Sync 1 DAGs
[2022-09-15T13:39:15.250-0300] {logging_mixin.py:115} INFO - [2022-09-15T13:39:15.249-0300] {dag.py:2977} INFO - Setting next_dagrun for latest_only to 2022-09-15T12:39:15.249543+00:00, run_after=2022-09-15T16:39:15.249543+00:00
[2022-09-15T13:39:15.334-0300] {processor.py:161} INFO - Processing /home/juliana/Área de Trabalho/datapipeline/.env/lib/python3.8/site-packages/airflow/example_dags/example_latest_only.py took 0.157 seconds
[2022-09-15T13:39:54.278-0300] {processor.py:153} INFO - Started process (PID=8220) to work on /home/juliana/Área de Trabalho/datapipeline/.env/lib/python3.8/site-packages/airflow/example_dags/example_latest_only.py
[2022-09-15T13:39:54.289-0300] {processor.py:640} INFO - Processing file /home/juliana/Área de Trabalho/datapipeline/.env/lib/python3.8/site-packages/airflow/example_dags/example_latest_only.py for tasks to queue
[2022-09-15T13:39:54.290-0300] {logging_mixin.py:115} INFO - [2022-09-15T13:39:54.289-0300] {dagbag.py:508} INFO - Filling up the DagBag from /home/juliana/Área de Trabalho/datapipeline/.env/lib/python3.8/site-packages/airflow/example_dags/example_latest_only.py
[2022-09-15T13:39:54.301-0300] {processor.py:650} INFO - DAG(s) dict_keys(['latest_only']) retrieved from /home/juliana/Área de Trabalho/datapipeline/.env/lib/python3.8/site-packages/airflow/example_dags/example_latest_only.py
[2022-09-15T13:39:54.325-0300] {logging_mixin.py:115} INFO - [2022-09-15T13:39:54.325-0300] {dag.py:2429} INFO - Sync 1 DAGs
[2022-09-15T13:39:54.347-0300] {logging_mixin.py:115} INFO - [2022-09-15T13:39:54.346-0300] {dag.py:2977} INFO - Setting next_dagrun for latest_only to 2022-09-15T12:39:54.346419+00:00, run_after=2022-09-15T16:39:54.346419+00:00
[2022-09-15T13:39:54.365-0300] {processor.py:161} INFO - Processing /home/juliana/Área de Trabalho/datapipeline/.env/lib/python3.8/site-packages/airflow/example_dags/example_latest_only.py took 0.092 seconds
[2022-09-15T13:40:33.645-0300] {processor.py:153} INFO - Started process (PID=8361) to work on /home/juliana/Área de Trabalho/datapipeline/.env/lib/python3.8/site-packages/airflow/example_dags/example_latest_only.py
[2022-09-15T13:40:33.651-0300] {processor.py:640} INFO - Processing file /home/juliana/Área de Trabalho/datapipeline/.env/lib/python3.8/site-packages/airflow/example_dags/example_latest_only.py for tasks to queue
[2022-09-15T13:40:33.652-0300] {logging_mixin.py:115} INFO - [2022-09-15T13:40:33.652-0300] {dagbag.py:508} INFO - Filling up the DagBag from /home/juliana/Área de Trabalho/datapipeline/.env/lib/python3.8/site-packages/airflow/example_dags/example_latest_only.py
[2022-09-15T13:40:33.665-0300] {processor.py:650} INFO - DAG(s) dict_keys(['latest_only']) retrieved from /home/juliana/Área de Trabalho/datapipeline/.env/lib/python3.8/site-packages/airflow/example_dags/example_latest_only.py
[2022-09-15T13:40:33.744-0300] {logging_mixin.py:115} INFO - [2022-09-15T13:40:33.743-0300] {dag.py:2429} INFO - Sync 1 DAGs
[2022-09-15T13:40:33.816-0300] {logging_mixin.py:115} INFO - [2022-09-15T13:40:33.816-0300] {dag.py:2977} INFO - Setting next_dagrun for latest_only to 2022-09-15T12:40:33.815945+00:00, run_after=2022-09-15T16:40:33.815945+00:00
[2022-09-15T13:40:33.880-0300] {processor.py:161} INFO - Processing /home/juliana/Área de Trabalho/datapipeline/.env/lib/python3.8/site-packages/airflow/example_dags/example_latest_only.py took 0.242 seconds
[2022-09-15T13:41:10.470-0300] {processor.py:153} INFO - Started process (PID=8494) to work on /home/juliana/Área de Trabalho/datapipeline/.env/lib/python3.8/site-packages/airflow/example_dags/example_latest_only.py
[2022-09-15T13:41:10.477-0300] {processor.py:640} INFO - Processing file /home/juliana/Área de Trabalho/datapipeline/.env/lib/python3.8/site-packages/airflow/example_dags/example_latest_only.py for tasks to queue
[2022-09-15T13:41:10.478-0300] {logging_mixin.py:115} INFO - [2022-09-15T13:41:10.478-0300] {dagbag.py:508} INFO - Filling up the DagBag from /home/juliana/Área de Trabalho/datapipeline/.env/lib/python3.8/site-packages/airflow/example_dags/example_latest_only.py
[2022-09-15T13:41:10.489-0300] {processor.py:650} INFO - DAG(s) dict_keys(['latest_only']) retrieved from /home/juliana/Área de Trabalho/datapipeline/.env/lib/python3.8/site-packages/airflow/example_dags/example_latest_only.py
[2022-09-15T13:41:10.509-0300] {logging_mixin.py:115} INFO - [2022-09-15T13:41:10.509-0300] {dag.py:2429} INFO - Sync 1 DAGs
[2022-09-15T13:41:10.530-0300] {logging_mixin.py:115} INFO - [2022-09-15T13:41:10.530-0300] {dag.py:2977} INFO - Setting next_dagrun for latest_only to 2022-09-15T12:41:10.530363+00:00, run_after=2022-09-15T16:41:10.530363+00:00
[2022-09-15T13:41:10.657-0300] {processor.py:161} INFO - Processing /home/juliana/Área de Trabalho/datapipeline/.env/lib/python3.8/site-packages/airflow/example_dags/example_latest_only.py took 0.194 seconds
[2022-09-15T13:41:50.833-0300] {processor.py:153} INFO - Started process (PID=8642) to work on /home/juliana/Área de Trabalho/datapipeline/.env/lib/python3.8/site-packages/airflow/example_dags/example_latest_only.py
[2022-09-15T13:41:50.835-0300] {processor.py:640} INFO - Processing file /home/juliana/Área de Trabalho/datapipeline/.env/lib/python3.8/site-packages/airflow/example_dags/example_latest_only.py for tasks to queue
[2022-09-15T13:41:50.836-0300] {logging_mixin.py:115} INFO - [2022-09-15T13:41:50.836-0300] {dagbag.py:508} INFO - Filling up the DagBag from /home/juliana/Área de Trabalho/datapipeline/.env/lib/python3.8/site-packages/airflow/example_dags/example_latest_only.py
[2022-09-15T13:41:50.847-0300] {processor.py:650} INFO - DAG(s) dict_keys(['latest_only']) retrieved from /home/juliana/Área de Trabalho/datapipeline/.env/lib/python3.8/site-packages/airflow/example_dags/example_latest_only.py
[2022-09-15T13:41:50.887-0300] {logging_mixin.py:115} INFO - [2022-09-15T13:41:50.886-0300] {dag.py:2429} INFO - Sync 1 DAGs
[2022-09-15T13:41:50.953-0300] {logging_mixin.py:115} INFO - [2022-09-15T13:41:50.953-0300] {dag.py:2977} INFO - Setting next_dagrun for latest_only to 2022-09-15T12:41:50.953372+00:00, run_after=2022-09-15T16:41:50.953372+00:00
[2022-09-15T13:41:50.977-0300] {processor.py:161} INFO - Processing /home/juliana/Área de Trabalho/datapipeline/.env/lib/python3.8/site-packages/airflow/example_dags/example_latest_only.py took 0.155 seconds
[2022-09-15T13:42:30.750-0300] {processor.py:153} INFO - Started process (PID=8794) to work on /home/juliana/Área de Trabalho/datapipeline/.env/lib/python3.8/site-packages/airflow/example_dags/example_latest_only.py
[2022-09-15T13:42:30.753-0300] {processor.py:640} INFO - Processing file /home/juliana/Área de Trabalho/datapipeline/.env/lib/python3.8/site-packages/airflow/example_dags/example_latest_only.py for tasks to queue
[2022-09-15T13:42:30.755-0300] {logging_mixin.py:115} INFO - [2022-09-15T13:42:30.754-0300] {dagbag.py:508} INFO - Filling up the DagBag from /home/juliana/Área de Trabalho/datapipeline/.env/lib/python3.8/site-packages/airflow/example_dags/example_latest_only.py
[2022-09-15T13:42:30.767-0300] {processor.py:650} INFO - DAG(s) dict_keys(['latest_only']) retrieved from /home/juliana/Área de Trabalho/datapipeline/.env/lib/python3.8/site-packages/airflow/example_dags/example_latest_only.py
[2022-09-15T13:42:30.803-0300] {logging_mixin.py:115} INFO - [2022-09-15T13:42:30.802-0300] {dag.py:2429} INFO - Sync 1 DAGs
[2022-09-15T13:42:30.849-0300] {logging_mixin.py:115} INFO - [2022-09-15T13:42:30.849-0300] {dag.py:2977} INFO - Setting next_dagrun for latest_only to 2022-09-15T12:42:30.848686+00:00, run_after=2022-09-15T16:42:30.848686+00:00
[2022-09-15T13:42:30.881-0300] {processor.py:161} INFO - Processing /home/juliana/Área de Trabalho/datapipeline/.env/lib/python3.8/site-packages/airflow/example_dags/example_latest_only.py took 0.140 seconds
