[2022-09-14T21:00:29.411-0300] {processor.py:153} INFO - Started process (PID=19993) to work on /home/juliana/Área de Trabalho/datapipeline/.env/lib/python3.8/site-packages/airflow/example_dags/example_complex.py
[2022-09-14T21:00:29.412-0300] {processor.py:640} INFO - Processing file /home/juliana/Área de Trabalho/datapipeline/.env/lib/python3.8/site-packages/airflow/example_dags/example_complex.py for tasks to queue
[2022-09-14T21:00:29.413-0300] {logging_mixin.py:115} INFO - [2022-09-14T21:00:29.413-0300] {dagbag.py:508} INFO - Filling up the DagBag from /home/juliana/Área de Trabalho/datapipeline/.env/lib/python3.8/site-packages/airflow/example_dags/example_complex.py
[2022-09-14T21:00:29.429-0300] {processor.py:650} INFO - DAG(s) dict_keys(['example_complex']) retrieved from /home/juliana/Área de Trabalho/datapipeline/.env/lib/python3.8/site-packages/airflow/example_dags/example_complex.py
[2022-09-14T21:00:29.449-0300] {logging_mixin.py:115} INFO - [2022-09-14T21:00:29.448-0300] {dag.py:2429} INFO - Sync 1 DAGs
[2022-09-14T21:00:29.463-0300] {logging_mixin.py:115} INFO - [2022-09-14T21:00:29.463-0300] {dag.py:2977} INFO - Setting next_dagrun for example_complex to None, run_after=None
[2022-09-14T21:00:29.484-0300] {processor.py:161} INFO - Processing /home/juliana/Área de Trabalho/datapipeline/.env/lib/python3.8/site-packages/airflow/example_dags/example_complex.py took 0.078 seconds
[2022-09-14T21:01:02.904-0300] {processor.py:153} INFO - Started process (PID=20028) to work on /home/juliana/Área de Trabalho/datapipeline/.env/lib/python3.8/site-packages/airflow/example_dags/example_complex.py
[2022-09-14T21:01:02.906-0300] {processor.py:640} INFO - Processing file /home/juliana/Área de Trabalho/datapipeline/.env/lib/python3.8/site-packages/airflow/example_dags/example_complex.py for tasks to queue
[2022-09-14T21:01:02.907-0300] {logging_mixin.py:115} INFO - [2022-09-14T21:01:02.907-0300] {dagbag.py:508} INFO - Filling up the DagBag from /home/juliana/Área de Trabalho/datapipeline/.env/lib/python3.8/site-packages/airflow/example_dags/example_complex.py
[2022-09-14T21:01:02.930-0300] {processor.py:650} INFO - DAG(s) dict_keys(['example_complex']) retrieved from /home/juliana/Área de Trabalho/datapipeline/.env/lib/python3.8/site-packages/airflow/example_dags/example_complex.py
[2022-09-14T21:01:02.952-0300] {logging_mixin.py:115} INFO - [2022-09-14T21:01:02.952-0300] {dag.py:2429} INFO - Sync 1 DAGs
[2022-09-14T21:01:02.970-0300] {logging_mixin.py:115} INFO - [2022-09-14T21:01:02.970-0300] {dag.py:2977} INFO - Setting next_dagrun for example_complex to None, run_after=None
[2022-09-14T21:01:02.988-0300] {processor.py:161} INFO - Processing /home/juliana/Área de Trabalho/datapipeline/.env/lib/python3.8/site-packages/airflow/example_dags/example_complex.py took 0.090 seconds
[2022-09-14T21:01:36.226-0300] {processor.py:153} INFO - Started process (PID=20062) to work on /home/juliana/Área de Trabalho/datapipeline/.env/lib/python3.8/site-packages/airflow/example_dags/example_complex.py
[2022-09-14T21:01:36.228-0300] {processor.py:640} INFO - Processing file /home/juliana/Área de Trabalho/datapipeline/.env/lib/python3.8/site-packages/airflow/example_dags/example_complex.py for tasks to queue
[2022-09-14T21:01:36.229-0300] {logging_mixin.py:115} INFO - [2022-09-14T21:01:36.229-0300] {dagbag.py:508} INFO - Filling up the DagBag from /home/juliana/Área de Trabalho/datapipeline/.env/lib/python3.8/site-packages/airflow/example_dags/example_complex.py
[2022-09-14T21:01:36.245-0300] {processor.py:650} INFO - DAG(s) dict_keys(['example_complex']) retrieved from /home/juliana/Área de Trabalho/datapipeline/.env/lib/python3.8/site-packages/airflow/example_dags/example_complex.py
[2022-09-14T21:01:36.276-0300] {logging_mixin.py:115} INFO - [2022-09-14T21:01:36.276-0300] {dag.py:2429} INFO - Sync 1 DAGs
[2022-09-14T21:01:36.306-0300] {logging_mixin.py:115} INFO - [2022-09-14T21:01:36.306-0300] {dag.py:2977} INFO - Setting next_dagrun for example_complex to None, run_after=None
[2022-09-14T21:01:36.321-0300] {processor.py:161} INFO - Processing /home/juliana/Área de Trabalho/datapipeline/.env/lib/python3.8/site-packages/airflow/example_dags/example_complex.py took 0.100 seconds
[2022-09-14T21:02:09.116-0300] {processor.py:153} INFO - Started process (PID=20097) to work on /home/juliana/Área de Trabalho/datapipeline/.env/lib/python3.8/site-packages/airflow/example_dags/example_complex.py
[2022-09-14T21:02:09.117-0300] {processor.py:640} INFO - Processing file /home/juliana/Área de Trabalho/datapipeline/.env/lib/python3.8/site-packages/airflow/example_dags/example_complex.py for tasks to queue
[2022-09-14T21:02:09.118-0300] {logging_mixin.py:115} INFO - [2022-09-14T21:02:09.118-0300] {dagbag.py:508} INFO - Filling up the DagBag from /home/juliana/Área de Trabalho/datapipeline/.env/lib/python3.8/site-packages/airflow/example_dags/example_complex.py
[2022-09-14T21:02:09.134-0300] {processor.py:650} INFO - DAG(s) dict_keys(['example_complex']) retrieved from /home/juliana/Área de Trabalho/datapipeline/.env/lib/python3.8/site-packages/airflow/example_dags/example_complex.py
[2022-09-14T21:02:09.156-0300] {logging_mixin.py:115} INFO - [2022-09-14T21:02:09.156-0300] {dag.py:2429} INFO - Sync 1 DAGs
[2022-09-14T21:02:09.174-0300] {logging_mixin.py:115} INFO - [2022-09-14T21:02:09.173-0300] {dag.py:2977} INFO - Setting next_dagrun for example_complex to None, run_after=None
[2022-09-14T21:02:09.191-0300] {processor.py:161} INFO - Processing /home/juliana/Área de Trabalho/datapipeline/.env/lib/python3.8/site-packages/airflow/example_dags/example_complex.py took 0.081 seconds
[2022-09-14T21:03:07.487-0300] {processor.py:153} INFO - Started process (PID=20175) to work on /home/juliana/Área de Trabalho/datapipeline/.env/lib/python3.8/site-packages/airflow/example_dags/example_complex.py
[2022-09-14T21:03:07.489-0300] {processor.py:640} INFO - Processing file /home/juliana/Área de Trabalho/datapipeline/.env/lib/python3.8/site-packages/airflow/example_dags/example_complex.py for tasks to queue
[2022-09-14T21:03:07.491-0300] {logging_mixin.py:115} INFO - [2022-09-14T21:03:07.490-0300] {dagbag.py:508} INFO - Filling up the DagBag from /home/juliana/Área de Trabalho/datapipeline/.env/lib/python3.8/site-packages/airflow/example_dags/example_complex.py
[2022-09-14T21:03:07.542-0300] {processor.py:650} INFO - DAG(s) dict_keys(['example_complex']) retrieved from /home/juliana/Área de Trabalho/datapipeline/.env/lib/python3.8/site-packages/airflow/example_dags/example_complex.py
[2022-09-14T21:03:07.619-0300] {logging_mixin.py:115} INFO - [2022-09-14T21:03:07.619-0300] {dag.py:2429} INFO - Sync 1 DAGs
[2022-09-14T21:03:07.708-0300] {logging_mixin.py:115} INFO - [2022-09-14T21:03:07.708-0300] {dag.py:2977} INFO - Setting next_dagrun for example_complex to None, run_after=None
[2022-09-14T21:03:07.766-0300] {processor.py:161} INFO - Processing /home/juliana/Área de Trabalho/datapipeline/.env/lib/python3.8/site-packages/airflow/example_dags/example_complex.py took 0.284 seconds
[2022-09-14T21:03:46.110-0300] {processor.py:153} INFO - Started process (PID=20209) to work on /home/juliana/Área de Trabalho/datapipeline/.env/lib/python3.8/site-packages/airflow/example_dags/example_complex.py
[2022-09-14T21:03:46.112-0300] {processor.py:640} INFO - Processing file /home/juliana/Área de Trabalho/datapipeline/.env/lib/python3.8/site-packages/airflow/example_dags/example_complex.py for tasks to queue
[2022-09-14T21:03:46.114-0300] {logging_mixin.py:115} INFO - [2022-09-14T21:03:46.114-0300] {dagbag.py:508} INFO - Filling up the DagBag from /home/juliana/Área de Trabalho/datapipeline/.env/lib/python3.8/site-packages/airflow/example_dags/example_complex.py
[2022-09-14T21:03:46.131-0300] {processor.py:650} INFO - DAG(s) dict_keys(['example_complex']) retrieved from /home/juliana/Área de Trabalho/datapipeline/.env/lib/python3.8/site-packages/airflow/example_dags/example_complex.py
[2022-09-14T21:03:46.153-0300] {logging_mixin.py:115} INFO - [2022-09-14T21:03:46.153-0300] {dag.py:2429} INFO - Sync 1 DAGs
[2022-09-14T21:03:46.169-0300] {logging_mixin.py:115} INFO - [2022-09-14T21:03:46.169-0300] {dag.py:2977} INFO - Setting next_dagrun for example_complex to None, run_after=None
[2022-09-14T21:03:46.186-0300] {processor.py:161} INFO - Processing /home/juliana/Área de Trabalho/datapipeline/.env/lib/python3.8/site-packages/airflow/example_dags/example_complex.py took 0.082 seconds
[2022-09-14T21:04:22.341-0300] {processor.py:153} INFO - Started process (PID=20243) to work on /home/juliana/Área de Trabalho/datapipeline/.env/lib/python3.8/site-packages/airflow/example_dags/example_complex.py
[2022-09-14T21:04:22.342-0300] {processor.py:640} INFO - Processing file /home/juliana/Área de Trabalho/datapipeline/.env/lib/python3.8/site-packages/airflow/example_dags/example_complex.py for tasks to queue
[2022-09-14T21:04:22.344-0300] {logging_mixin.py:115} INFO - [2022-09-14T21:04:22.343-0300] {dagbag.py:508} INFO - Filling up the DagBag from /home/juliana/Área de Trabalho/datapipeline/.env/lib/python3.8/site-packages/airflow/example_dags/example_complex.py
[2022-09-14T21:04:22.372-0300] {processor.py:650} INFO - DAG(s) dict_keys(['example_complex']) retrieved from /home/juliana/Área de Trabalho/datapipeline/.env/lib/python3.8/site-packages/airflow/example_dags/example_complex.py
[2022-09-14T21:04:22.395-0300] {logging_mixin.py:115} INFO - [2022-09-14T21:04:22.394-0300] {dag.py:2429} INFO - Sync 1 DAGs
[2022-09-14T21:04:22.411-0300] {logging_mixin.py:115} INFO - [2022-09-14T21:04:22.411-0300] {dag.py:2977} INFO - Setting next_dagrun for example_complex to None, run_after=None
[2022-09-14T21:04:22.426-0300] {processor.py:161} INFO - Processing /home/juliana/Área de Trabalho/datapipeline/.env/lib/python3.8/site-packages/airflow/example_dags/example_complex.py took 0.091 seconds
[2022-09-14T21:05:37.748-0300] {processor.py:153} INFO - Started process (PID=20284) to work on /home/juliana/Área de Trabalho/datapipeline/.env/lib/python3.8/site-packages/airflow/example_dags/example_complex.py
[2022-09-14T21:05:37.757-0300] {processor.py:640} INFO - Processing file /home/juliana/Área de Trabalho/datapipeline/.env/lib/python3.8/site-packages/airflow/example_dags/example_complex.py for tasks to queue
[2022-09-14T21:05:37.760-0300] {logging_mixin.py:115} INFO - [2022-09-14T21:05:37.758-0300] {dagbag.py:508} INFO - Filling up the DagBag from /home/juliana/Área de Trabalho/datapipeline/.env/lib/python3.8/site-packages/airflow/example_dags/example_complex.py
[2022-09-14T21:05:38.105-0300] {processor.py:650} INFO - DAG(s) dict_keys(['example_complex']) retrieved from /home/juliana/Área de Trabalho/datapipeline/.env/lib/python3.8/site-packages/airflow/example_dags/example_complex.py
[2022-09-14T21:05:38.889-0300] {logging_mixin.py:115} INFO - [2022-09-14T21:05:38.767-0300] {dag.py:2429} INFO - Sync 1 DAGs
[2022-09-14T21:05:39.923-0300] {logging_mixin.py:115} INFO - [2022-09-14T21:05:39.841-0300] {dag.py:2977} INFO - Setting next_dagrun for example_complex to None, run_after=None
[2022-09-14T21:05:40.890-0300] {processor.py:161} INFO - Processing /home/juliana/Área de Trabalho/datapipeline/.env/lib/python3.8/site-packages/airflow/example_dags/example_complex.py took 3.175 seconds
[2022-09-14T21:06:17.429-0300] {processor.py:153} INFO - Started process (PID=20319) to work on /home/juliana/Área de Trabalho/datapipeline/.env/lib/python3.8/site-packages/airflow/example_dags/example_complex.py
[2022-09-14T21:06:17.432-0300] {processor.py:640} INFO - Processing file /home/juliana/Área de Trabalho/datapipeline/.env/lib/python3.8/site-packages/airflow/example_dags/example_complex.py for tasks to queue
[2022-09-14T21:06:17.433-0300] {logging_mixin.py:115} INFO - [2022-09-14T21:06:17.433-0300] {dagbag.py:508} INFO - Filling up the DagBag from /home/juliana/Área de Trabalho/datapipeline/.env/lib/python3.8/site-packages/airflow/example_dags/example_complex.py
[2022-09-14T21:06:17.452-0300] {processor.py:650} INFO - DAG(s) dict_keys(['example_complex']) retrieved from /home/juliana/Área de Trabalho/datapipeline/.env/lib/python3.8/site-packages/airflow/example_dags/example_complex.py
[2022-09-14T21:06:17.472-0300] {logging_mixin.py:115} INFO - [2022-09-14T21:06:17.472-0300] {dag.py:2429} INFO - Sync 1 DAGs
[2022-09-14T21:06:17.487-0300] {logging_mixin.py:115} INFO - [2022-09-14T21:06:17.487-0300] {dag.py:2977} INFO - Setting next_dagrun for example_complex to None, run_after=None
[2022-09-14T21:06:17.503-0300] {processor.py:161} INFO - Processing /home/juliana/Área de Trabalho/datapipeline/.env/lib/python3.8/site-packages/airflow/example_dags/example_complex.py took 0.080 seconds
[2022-09-14T21:06:50.145-0300] {processor.py:153} INFO - Started process (PID=20352) to work on /home/juliana/Área de Trabalho/datapipeline/.env/lib/python3.8/site-packages/airflow/example_dags/example_complex.py
[2022-09-14T21:06:50.146-0300] {processor.py:640} INFO - Processing file /home/juliana/Área de Trabalho/datapipeline/.env/lib/python3.8/site-packages/airflow/example_dags/example_complex.py for tasks to queue
[2022-09-14T21:06:50.148-0300] {logging_mixin.py:115} INFO - [2022-09-14T21:06:50.147-0300] {dagbag.py:508} INFO - Filling up the DagBag from /home/juliana/Área de Trabalho/datapipeline/.env/lib/python3.8/site-packages/airflow/example_dags/example_complex.py
[2022-09-14T21:06:50.163-0300] {processor.py:650} INFO - DAG(s) dict_keys(['example_complex']) retrieved from /home/juliana/Área de Trabalho/datapipeline/.env/lib/python3.8/site-packages/airflow/example_dags/example_complex.py
[2022-09-14T21:06:50.189-0300] {logging_mixin.py:115} INFO - [2022-09-14T21:06:50.189-0300] {dag.py:2429} INFO - Sync 1 DAGs
[2022-09-14T21:06:50.203-0300] {logging_mixin.py:115} INFO - [2022-09-14T21:06:50.203-0300] {dag.py:2977} INFO - Setting next_dagrun for example_complex to None, run_after=None
[2022-09-14T21:06:50.220-0300] {processor.py:161} INFO - Processing /home/juliana/Área de Trabalho/datapipeline/.env/lib/python3.8/site-packages/airflow/example_dags/example_complex.py took 0.081 seconds
[2022-09-14T21:07:24.743-0300] {processor.py:153} INFO - Started process (PID=20390) to work on /home/juliana/Área de Trabalho/datapipeline/.env/lib/python3.8/site-packages/airflow/example_dags/example_complex.py
[2022-09-14T21:07:24.744-0300] {processor.py:640} INFO - Processing file /home/juliana/Área de Trabalho/datapipeline/.env/lib/python3.8/site-packages/airflow/example_dags/example_complex.py for tasks to queue
[2022-09-14T21:07:24.745-0300] {logging_mixin.py:115} INFO - [2022-09-14T21:07:24.744-0300] {dagbag.py:508} INFO - Filling up the DagBag from /home/juliana/Área de Trabalho/datapipeline/.env/lib/python3.8/site-packages/airflow/example_dags/example_complex.py
[2022-09-14T21:07:24.761-0300] {processor.py:650} INFO - DAG(s) dict_keys(['example_complex']) retrieved from /home/juliana/Área de Trabalho/datapipeline/.env/lib/python3.8/site-packages/airflow/example_dags/example_complex.py
[2022-09-14T21:07:24.784-0300] {logging_mixin.py:115} INFO - [2022-09-14T21:07:24.783-0300] {dag.py:2429} INFO - Sync 1 DAGs
[2022-09-14T21:07:24.807-0300] {logging_mixin.py:115} INFO - [2022-09-14T21:07:24.807-0300] {dag.py:2977} INFO - Setting next_dagrun for example_complex to None, run_after=None
[2022-09-14T21:07:24.833-0300] {processor.py:161} INFO - Processing /home/juliana/Área de Trabalho/datapipeline/.env/lib/python3.8/site-packages/airflow/example_dags/example_complex.py took 0.093 seconds
[2022-09-14T21:07:58.562-0300] {processor.py:153} INFO - Started process (PID=20430) to work on /home/juliana/Área de Trabalho/datapipeline/.env/lib/python3.8/site-packages/airflow/example_dags/example_complex.py
[2022-09-14T21:07:58.563-0300] {processor.py:640} INFO - Processing file /home/juliana/Área de Trabalho/datapipeline/.env/lib/python3.8/site-packages/airflow/example_dags/example_complex.py for tasks to queue
[2022-09-14T21:07:58.564-0300] {logging_mixin.py:115} INFO - [2022-09-14T21:07:58.564-0300] {dagbag.py:508} INFO - Filling up the DagBag from /home/juliana/Área de Trabalho/datapipeline/.env/lib/python3.8/site-packages/airflow/example_dags/example_complex.py
[2022-09-14T21:07:58.581-0300] {processor.py:650} INFO - DAG(s) dict_keys(['example_complex']) retrieved from /home/juliana/Área de Trabalho/datapipeline/.env/lib/python3.8/site-packages/airflow/example_dags/example_complex.py
[2022-09-14T21:07:58.604-0300] {logging_mixin.py:115} INFO - [2022-09-14T21:07:58.604-0300] {dag.py:2429} INFO - Sync 1 DAGs
[2022-09-14T21:07:58.619-0300] {logging_mixin.py:115} INFO - [2022-09-14T21:07:58.619-0300] {dag.py:2977} INFO - Setting next_dagrun for example_complex to None, run_after=None
[2022-09-14T21:07:58.635-0300] {processor.py:161} INFO - Processing /home/juliana/Área de Trabalho/datapipeline/.env/lib/python3.8/site-packages/airflow/example_dags/example_complex.py took 0.078 seconds
[2022-09-14T21:08:29.449-0300] {processor.py:153} INFO - Started process (PID=20461) to work on /home/juliana/Área de Trabalho/datapipeline/.env/lib/python3.8/site-packages/airflow/example_dags/example_complex.py
[2022-09-14T21:08:29.451-0300] {processor.py:640} INFO - Processing file /home/juliana/Área de Trabalho/datapipeline/.env/lib/python3.8/site-packages/airflow/example_dags/example_complex.py for tasks to queue
[2022-09-14T21:08:29.452-0300] {logging_mixin.py:115} INFO - [2022-09-14T21:08:29.452-0300] {dagbag.py:508} INFO - Filling up the DagBag from /home/juliana/Área de Trabalho/datapipeline/.env/lib/python3.8/site-packages/airflow/example_dags/example_complex.py
[2022-09-14T21:08:29.472-0300] {processor.py:650} INFO - DAG(s) dict_keys(['example_complex']) retrieved from /home/juliana/Área de Trabalho/datapipeline/.env/lib/python3.8/site-packages/airflow/example_dags/example_complex.py
[2022-09-14T21:08:29.492-0300] {logging_mixin.py:115} INFO - [2022-09-14T21:08:29.492-0300] {dag.py:2429} INFO - Sync 1 DAGs
[2022-09-14T21:08:29.507-0300] {logging_mixin.py:115} INFO - [2022-09-14T21:08:29.507-0300] {dag.py:2977} INFO - Setting next_dagrun for example_complex to None, run_after=None
[2022-09-14T21:08:29.535-0300] {processor.py:161} INFO - Processing /home/juliana/Área de Trabalho/datapipeline/.env/lib/python3.8/site-packages/airflow/example_dags/example_complex.py took 0.092 seconds
[2022-09-14T21:09:00.630-0300] {processor.py:153} INFO - Started process (PID=20493) to work on /home/juliana/Área de Trabalho/datapipeline/.env/lib/python3.8/site-packages/airflow/example_dags/example_complex.py
[2022-09-14T21:09:00.632-0300] {processor.py:640} INFO - Processing file /home/juliana/Área de Trabalho/datapipeline/.env/lib/python3.8/site-packages/airflow/example_dags/example_complex.py for tasks to queue
[2022-09-14T21:09:00.633-0300] {logging_mixin.py:115} INFO - [2022-09-14T21:09:00.632-0300] {dagbag.py:508} INFO - Filling up the DagBag from /home/juliana/Área de Trabalho/datapipeline/.env/lib/python3.8/site-packages/airflow/example_dags/example_complex.py
[2022-09-14T21:09:00.649-0300] {processor.py:650} INFO - DAG(s) dict_keys(['example_complex']) retrieved from /home/juliana/Área de Trabalho/datapipeline/.env/lib/python3.8/site-packages/airflow/example_dags/example_complex.py
[2022-09-14T21:09:00.668-0300] {logging_mixin.py:115} INFO - [2022-09-14T21:09:00.667-0300] {dag.py:2429} INFO - Sync 1 DAGs
[2022-09-14T21:09:00.683-0300] {logging_mixin.py:115} INFO - [2022-09-14T21:09:00.683-0300] {dag.py:2977} INFO - Setting next_dagrun for example_complex to None, run_after=None
[2022-09-14T21:09:00.700-0300] {processor.py:161} INFO - Processing /home/juliana/Área de Trabalho/datapipeline/.env/lib/python3.8/site-packages/airflow/example_dags/example_complex.py took 0.076 seconds
[2022-09-14T21:09:32.804-0300] {processor.py:153} INFO - Started process (PID=20526) to work on /home/juliana/Área de Trabalho/datapipeline/.env/lib/python3.8/site-packages/airflow/example_dags/example_complex.py
[2022-09-14T21:09:32.805-0300] {processor.py:640} INFO - Processing file /home/juliana/Área de Trabalho/datapipeline/.env/lib/python3.8/site-packages/airflow/example_dags/example_complex.py for tasks to queue
[2022-09-14T21:09:32.808-0300] {logging_mixin.py:115} INFO - [2022-09-14T21:09:32.806-0300] {dagbag.py:508} INFO - Filling up the DagBag from /home/juliana/Área de Trabalho/datapipeline/.env/lib/python3.8/site-packages/airflow/example_dags/example_complex.py
[2022-09-14T21:09:32.820-0300] {processor.py:650} INFO - DAG(s) dict_keys(['example_complex']) retrieved from /home/juliana/Área de Trabalho/datapipeline/.env/lib/python3.8/site-packages/airflow/example_dags/example_complex.py
[2022-09-14T21:09:32.841-0300] {logging_mixin.py:115} INFO - [2022-09-14T21:09:32.841-0300] {dag.py:2429} INFO - Sync 1 DAGs
[2022-09-14T21:09:32.861-0300] {logging_mixin.py:115} INFO - [2022-09-14T21:09:32.861-0300] {dag.py:2977} INFO - Setting next_dagrun for example_complex to None, run_after=None
[2022-09-14T21:09:32.884-0300] {processor.py:161} INFO - Processing /home/juliana/Área de Trabalho/datapipeline/.env/lib/python3.8/site-packages/airflow/example_dags/example_complex.py took 0.084 seconds
[2022-09-14T21:10:05.195-0300] {processor.py:153} INFO - Started process (PID=20563) to work on /home/juliana/Área de Trabalho/datapipeline/.env/lib/python3.8/site-packages/airflow/example_dags/example_complex.py
[2022-09-14T21:10:05.196-0300] {processor.py:640} INFO - Processing file /home/juliana/Área de Trabalho/datapipeline/.env/lib/python3.8/site-packages/airflow/example_dags/example_complex.py for tasks to queue
[2022-09-14T21:10:05.203-0300] {logging_mixin.py:115} INFO - [2022-09-14T21:10:05.203-0300] {dagbag.py:508} INFO - Filling up the DagBag from /home/juliana/Área de Trabalho/datapipeline/.env/lib/python3.8/site-packages/airflow/example_dags/example_complex.py
[2022-09-14T21:10:05.216-0300] {processor.py:650} INFO - DAG(s) dict_keys(['example_complex']) retrieved from /home/juliana/Área de Trabalho/datapipeline/.env/lib/python3.8/site-packages/airflow/example_dags/example_complex.py
[2022-09-14T21:10:05.239-0300] {logging_mixin.py:115} INFO - [2022-09-14T21:10:05.238-0300] {dag.py:2429} INFO - Sync 1 DAGs
[2022-09-14T21:10:05.255-0300] {logging_mixin.py:115} INFO - [2022-09-14T21:10:05.255-0300] {dag.py:2977} INFO - Setting next_dagrun for example_complex to None, run_after=None
[2022-09-14T21:10:05.274-0300] {processor.py:161} INFO - Processing /home/juliana/Área de Trabalho/datapipeline/.env/lib/python3.8/site-packages/airflow/example_dags/example_complex.py took 0.082 seconds
[2022-09-14T21:10:38.381-0300] {processor.py:153} INFO - Started process (PID=20596) to work on /home/juliana/Área de Trabalho/datapipeline/.env/lib/python3.8/site-packages/airflow/example_dags/example_complex.py
[2022-09-14T21:10:38.383-0300] {processor.py:640} INFO - Processing file /home/juliana/Área de Trabalho/datapipeline/.env/lib/python3.8/site-packages/airflow/example_dags/example_complex.py for tasks to queue
[2022-09-14T21:10:38.384-0300] {logging_mixin.py:115} INFO - [2022-09-14T21:10:38.383-0300] {dagbag.py:508} INFO - Filling up the DagBag from /home/juliana/Área de Trabalho/datapipeline/.env/lib/python3.8/site-packages/airflow/example_dags/example_complex.py
[2022-09-14T21:10:38.402-0300] {processor.py:650} INFO - DAG(s) dict_keys(['example_complex']) retrieved from /home/juliana/Área de Trabalho/datapipeline/.env/lib/python3.8/site-packages/airflow/example_dags/example_complex.py
[2022-09-14T21:10:38.424-0300] {logging_mixin.py:115} INFO - [2022-09-14T21:10:38.424-0300] {dag.py:2429} INFO - Sync 1 DAGs
[2022-09-14T21:10:38.440-0300] {logging_mixin.py:115} INFO - [2022-09-14T21:10:38.440-0300] {dag.py:2977} INFO - Setting next_dagrun for example_complex to None, run_after=None
[2022-09-14T21:10:38.454-0300] {processor.py:161} INFO - Processing /home/juliana/Área de Trabalho/datapipeline/.env/lib/python3.8/site-packages/airflow/example_dags/example_complex.py took 0.078 seconds
[2022-09-14T21:11:11.168-0300] {processor.py:153} INFO - Started process (PID=20632) to work on /home/juliana/Área de Trabalho/datapipeline/.env/lib/python3.8/site-packages/airflow/example_dags/example_complex.py
[2022-09-14T21:11:11.169-0300] {processor.py:640} INFO - Processing file /home/juliana/Área de Trabalho/datapipeline/.env/lib/python3.8/site-packages/airflow/example_dags/example_complex.py for tasks to queue
[2022-09-14T21:11:11.170-0300] {logging_mixin.py:115} INFO - [2022-09-14T21:11:11.170-0300] {dagbag.py:508} INFO - Filling up the DagBag from /home/juliana/Área de Trabalho/datapipeline/.env/lib/python3.8/site-packages/airflow/example_dags/example_complex.py
[2022-09-14T21:11:11.181-0300] {processor.py:650} INFO - DAG(s) dict_keys(['example_complex']) retrieved from /home/juliana/Área de Trabalho/datapipeline/.env/lib/python3.8/site-packages/airflow/example_dags/example_complex.py
[2022-09-14T21:11:11.199-0300] {logging_mixin.py:115} INFO - [2022-09-14T21:11:11.198-0300] {dag.py:2429} INFO - Sync 1 DAGs
[2022-09-14T21:11:11.213-0300] {logging_mixin.py:115} INFO - [2022-09-14T21:11:11.213-0300] {dag.py:2977} INFO - Setting next_dagrun for example_complex to None, run_after=None
[2022-09-14T21:11:11.230-0300] {processor.py:161} INFO - Processing /home/juliana/Área de Trabalho/datapipeline/.env/lib/python3.8/site-packages/airflow/example_dags/example_complex.py took 0.065 seconds
[2022-09-14T21:11:44.153-0300] {processor.py:153} INFO - Started process (PID=20667) to work on /home/juliana/Área de Trabalho/datapipeline/.env/lib/python3.8/site-packages/airflow/example_dags/example_complex.py
[2022-09-14T21:11:44.154-0300] {processor.py:640} INFO - Processing file /home/juliana/Área de Trabalho/datapipeline/.env/lib/python3.8/site-packages/airflow/example_dags/example_complex.py for tasks to queue
[2022-09-14T21:11:44.156-0300] {logging_mixin.py:115} INFO - [2022-09-14T21:11:44.155-0300] {dagbag.py:508} INFO - Filling up the DagBag from /home/juliana/Área de Trabalho/datapipeline/.env/lib/python3.8/site-packages/airflow/example_dags/example_complex.py
[2022-09-14T21:11:44.173-0300] {processor.py:650} INFO - DAG(s) dict_keys(['example_complex']) retrieved from /home/juliana/Área de Trabalho/datapipeline/.env/lib/python3.8/site-packages/airflow/example_dags/example_complex.py
[2022-09-14T21:11:44.195-0300] {logging_mixin.py:115} INFO - [2022-09-14T21:11:44.195-0300] {dag.py:2429} INFO - Sync 1 DAGs
[2022-09-14T21:11:44.213-0300] {logging_mixin.py:115} INFO - [2022-09-14T21:11:44.212-0300] {dag.py:2977} INFO - Setting next_dagrun for example_complex to None, run_after=None
[2022-09-14T21:11:44.234-0300] {processor.py:161} INFO - Processing /home/juliana/Área de Trabalho/datapipeline/.env/lib/python3.8/site-packages/airflow/example_dags/example_complex.py took 0.086 seconds
[2022-09-14T21:12:16.126-0300] {processor.py:153} INFO - Started process (PID=20700) to work on /home/juliana/Área de Trabalho/datapipeline/.env/lib/python3.8/site-packages/airflow/example_dags/example_complex.py
[2022-09-14T21:12:16.127-0300] {processor.py:640} INFO - Processing file /home/juliana/Área de Trabalho/datapipeline/.env/lib/python3.8/site-packages/airflow/example_dags/example_complex.py for tasks to queue
[2022-09-14T21:12:16.127-0300] {logging_mixin.py:115} INFO - [2022-09-14T21:12:16.127-0300] {dagbag.py:508} INFO - Filling up the DagBag from /home/juliana/Área de Trabalho/datapipeline/.env/lib/python3.8/site-packages/airflow/example_dags/example_complex.py
[2022-09-14T21:12:16.139-0300] {processor.py:650} INFO - DAG(s) dict_keys(['example_complex']) retrieved from /home/juliana/Área de Trabalho/datapipeline/.env/lib/python3.8/site-packages/airflow/example_dags/example_complex.py
[2022-09-14T21:12:16.161-0300] {logging_mixin.py:115} INFO - [2022-09-14T21:12:16.161-0300] {dag.py:2429} INFO - Sync 1 DAGs
[2022-09-14T21:12:16.184-0300] {logging_mixin.py:115} INFO - [2022-09-14T21:12:16.184-0300] {dag.py:2977} INFO - Setting next_dagrun for example_complex to None, run_after=None
[2022-09-14T21:12:16.201-0300] {processor.py:161} INFO - Processing /home/juliana/Área de Trabalho/datapipeline/.env/lib/python3.8/site-packages/airflow/example_dags/example_complex.py took 0.078 seconds
[2022-09-14T21:12:49.641-0300] {processor.py:153} INFO - Started process (PID=20739) to work on /home/juliana/Área de Trabalho/datapipeline/.env/lib/python3.8/site-packages/airflow/example_dags/example_complex.py
[2022-09-14T21:12:49.642-0300] {processor.py:640} INFO - Processing file /home/juliana/Área de Trabalho/datapipeline/.env/lib/python3.8/site-packages/airflow/example_dags/example_complex.py for tasks to queue
[2022-09-14T21:12:49.643-0300] {logging_mixin.py:115} INFO - [2022-09-14T21:12:49.643-0300] {dagbag.py:508} INFO - Filling up the DagBag from /home/juliana/Área de Trabalho/datapipeline/.env/lib/python3.8/site-packages/airflow/example_dags/example_complex.py
[2022-09-14T21:12:49.657-0300] {processor.py:650} INFO - DAG(s) dict_keys(['example_complex']) retrieved from /home/juliana/Área de Trabalho/datapipeline/.env/lib/python3.8/site-packages/airflow/example_dags/example_complex.py
[2022-09-14T21:12:49.682-0300] {logging_mixin.py:115} INFO - [2022-09-14T21:12:49.682-0300] {dag.py:2429} INFO - Sync 1 DAGs
[2022-09-14T21:12:49.716-0300] {logging_mixin.py:115} INFO - [2022-09-14T21:12:49.715-0300] {dag.py:2977} INFO - Setting next_dagrun for example_complex to None, run_after=None
[2022-09-14T21:12:49.738-0300] {processor.py:161} INFO - Processing /home/juliana/Área de Trabalho/datapipeline/.env/lib/python3.8/site-packages/airflow/example_dags/example_complex.py took 0.102 seconds
[2022-09-14T21:13:24.138-0300] {processor.py:153} INFO - Started process (PID=20773) to work on /home/juliana/Área de Trabalho/datapipeline/.env/lib/python3.8/site-packages/airflow/example_dags/example_complex.py
[2022-09-14T21:13:24.139-0300] {processor.py:640} INFO - Processing file /home/juliana/Área de Trabalho/datapipeline/.env/lib/python3.8/site-packages/airflow/example_dags/example_complex.py for tasks to queue
[2022-09-14T21:13:24.139-0300] {logging_mixin.py:115} INFO - [2022-09-14T21:13:24.139-0300] {dagbag.py:508} INFO - Filling up the DagBag from /home/juliana/Área de Trabalho/datapipeline/.env/lib/python3.8/site-packages/airflow/example_dags/example_complex.py
[2022-09-14T21:13:24.150-0300] {processor.py:650} INFO - DAG(s) dict_keys(['example_complex']) retrieved from /home/juliana/Área de Trabalho/datapipeline/.env/lib/python3.8/site-packages/airflow/example_dags/example_complex.py
[2022-09-14T21:13:24.168-0300] {logging_mixin.py:115} INFO - [2022-09-14T21:13:24.168-0300] {dag.py:2429} INFO - Sync 1 DAGs
[2022-09-14T21:13:24.186-0300] {logging_mixin.py:115} INFO - [2022-09-14T21:13:24.185-0300] {dag.py:2977} INFO - Setting next_dagrun for example_complex to None, run_after=None
[2022-09-14T21:13:24.206-0300] {processor.py:161} INFO - Processing /home/juliana/Área de Trabalho/datapipeline/.env/lib/python3.8/site-packages/airflow/example_dags/example_complex.py took 0.071 seconds
[2022-09-14T21:13:55.062-0300] {processor.py:153} INFO - Started process (PID=20807) to work on /home/juliana/Área de Trabalho/datapipeline/.env/lib/python3.8/site-packages/airflow/example_dags/example_complex.py
[2022-09-14T21:13:55.064-0300] {processor.py:640} INFO - Processing file /home/juliana/Área de Trabalho/datapipeline/.env/lib/python3.8/site-packages/airflow/example_dags/example_complex.py for tasks to queue
[2022-09-14T21:13:55.065-0300] {logging_mixin.py:115} INFO - [2022-09-14T21:13:55.065-0300] {dagbag.py:508} INFO - Filling up the DagBag from /home/juliana/Área de Trabalho/datapipeline/.env/lib/python3.8/site-packages/airflow/example_dags/example_complex.py
[2022-09-14T21:13:55.082-0300] {processor.py:650} INFO - DAG(s) dict_keys(['example_complex']) retrieved from /home/juliana/Área de Trabalho/datapipeline/.env/lib/python3.8/site-packages/airflow/example_dags/example_complex.py
[2022-09-14T21:13:55.102-0300] {logging_mixin.py:115} INFO - [2022-09-14T21:13:55.102-0300] {dag.py:2429} INFO - Sync 1 DAGs
[2022-09-14T21:13:55.117-0300] {logging_mixin.py:115} INFO - [2022-09-14T21:13:55.117-0300] {dag.py:2977} INFO - Setting next_dagrun for example_complex to None, run_after=None
[2022-09-14T21:13:55.133-0300] {processor.py:161} INFO - Processing /home/juliana/Área de Trabalho/datapipeline/.env/lib/python3.8/site-packages/airflow/example_dags/example_complex.py took 0.077 seconds
[2022-09-14T21:14:28.817-0300] {processor.py:153} INFO - Started process (PID=20841) to work on /home/juliana/Área de Trabalho/datapipeline/.env/lib/python3.8/site-packages/airflow/example_dags/example_complex.py
[2022-09-14T21:14:28.824-0300] {processor.py:640} INFO - Processing file /home/juliana/Área de Trabalho/datapipeline/.env/lib/python3.8/site-packages/airflow/example_dags/example_complex.py for tasks to queue
[2022-09-14T21:14:28.825-0300] {logging_mixin.py:115} INFO - [2022-09-14T21:14:28.824-0300] {dagbag.py:508} INFO - Filling up the DagBag from /home/juliana/Área de Trabalho/datapipeline/.env/lib/python3.8/site-packages/airflow/example_dags/example_complex.py
[2022-09-14T21:14:28.847-0300] {processor.py:650} INFO - DAG(s) dict_keys(['example_complex']) retrieved from /home/juliana/Área de Trabalho/datapipeline/.env/lib/python3.8/site-packages/airflow/example_dags/example_complex.py
[2022-09-14T21:14:28.868-0300] {logging_mixin.py:115} INFO - [2022-09-14T21:14:28.868-0300] {dag.py:2429} INFO - Sync 1 DAGs
[2022-09-14T21:14:28.891-0300] {logging_mixin.py:115} INFO - [2022-09-14T21:14:28.891-0300] {dag.py:2977} INFO - Setting next_dagrun for example_complex to None, run_after=None
[2022-09-14T21:14:28.913-0300] {processor.py:161} INFO - Processing /home/juliana/Área de Trabalho/datapipeline/.env/lib/python3.8/site-packages/airflow/example_dags/example_complex.py took 0.100 seconds
[2022-09-14T21:15:01.475-0300] {processor.py:153} INFO - Started process (PID=20875) to work on /home/juliana/Área de Trabalho/datapipeline/.env/lib/python3.8/site-packages/airflow/example_dags/example_complex.py
[2022-09-14T21:15:01.476-0300] {processor.py:640} INFO - Processing file /home/juliana/Área de Trabalho/datapipeline/.env/lib/python3.8/site-packages/airflow/example_dags/example_complex.py for tasks to queue
[2022-09-14T21:15:01.477-0300] {logging_mixin.py:115} INFO - [2022-09-14T21:15:01.477-0300] {dagbag.py:508} INFO - Filling up the DagBag from /home/juliana/Área de Trabalho/datapipeline/.env/lib/python3.8/site-packages/airflow/example_dags/example_complex.py
[2022-09-14T21:15:01.489-0300] {processor.py:650} INFO - DAG(s) dict_keys(['example_complex']) retrieved from /home/juliana/Área de Trabalho/datapipeline/.env/lib/python3.8/site-packages/airflow/example_dags/example_complex.py
[2022-09-14T21:15:01.508-0300] {logging_mixin.py:115} INFO - [2022-09-14T21:15:01.508-0300] {dag.py:2429} INFO - Sync 1 DAGs
[2022-09-14T21:15:01.526-0300] {logging_mixin.py:115} INFO - [2022-09-14T21:15:01.526-0300] {dag.py:2977} INFO - Setting next_dagrun for example_complex to None, run_after=None
[2022-09-14T21:15:01.548-0300] {processor.py:161} INFO - Processing /home/juliana/Área de Trabalho/datapipeline/.env/lib/python3.8/site-packages/airflow/example_dags/example_complex.py took 0.077 seconds
[2022-09-14T21:15:36.692-0300] {processor.py:153} INFO - Started process (PID=20913) to work on /home/juliana/Área de Trabalho/datapipeline/.env/lib/python3.8/site-packages/airflow/example_dags/example_complex.py
[2022-09-14T21:15:36.693-0300] {processor.py:640} INFO - Processing file /home/juliana/Área de Trabalho/datapipeline/.env/lib/python3.8/site-packages/airflow/example_dags/example_complex.py for tasks to queue
[2022-09-14T21:15:36.694-0300] {logging_mixin.py:115} INFO - [2022-09-14T21:15:36.694-0300] {dagbag.py:508} INFO - Filling up the DagBag from /home/juliana/Área de Trabalho/datapipeline/.env/lib/python3.8/site-packages/airflow/example_dags/example_complex.py
[2022-09-14T21:15:36.710-0300] {processor.py:650} INFO - DAG(s) dict_keys(['example_complex']) retrieved from /home/juliana/Área de Trabalho/datapipeline/.env/lib/python3.8/site-packages/airflow/example_dags/example_complex.py
[2022-09-14T21:15:36.729-0300] {logging_mixin.py:115} INFO - [2022-09-14T21:15:36.729-0300] {dag.py:2429} INFO - Sync 1 DAGs
[2022-09-14T21:15:36.743-0300] {logging_mixin.py:115} INFO - [2022-09-14T21:15:36.743-0300] {dag.py:2977} INFO - Setting next_dagrun for example_complex to None, run_after=None
[2022-09-14T21:15:36.757-0300] {processor.py:161} INFO - Processing /home/juliana/Área de Trabalho/datapipeline/.env/lib/python3.8/site-packages/airflow/example_dags/example_complex.py took 0.071 seconds
[2022-09-14T21:16:10.977-0300] {processor.py:153} INFO - Started process (PID=20949) to work on /home/juliana/Área de Trabalho/datapipeline/.env/lib/python3.8/site-packages/airflow/example_dags/example_complex.py
[2022-09-14T21:16:10.978-0300] {processor.py:640} INFO - Processing file /home/juliana/Área de Trabalho/datapipeline/.env/lib/python3.8/site-packages/airflow/example_dags/example_complex.py for tasks to queue
[2022-09-14T21:16:10.978-0300] {logging_mixin.py:115} INFO - [2022-09-14T21:16:10.978-0300] {dagbag.py:508} INFO - Filling up the DagBag from /home/juliana/Área de Trabalho/datapipeline/.env/lib/python3.8/site-packages/airflow/example_dags/example_complex.py
[2022-09-14T21:16:10.994-0300] {processor.py:650} INFO - DAG(s) dict_keys(['example_complex']) retrieved from /home/juliana/Área de Trabalho/datapipeline/.env/lib/python3.8/site-packages/airflow/example_dags/example_complex.py
[2022-09-14T21:16:11.013-0300] {logging_mixin.py:115} INFO - [2022-09-14T21:16:11.012-0300] {dag.py:2429} INFO - Sync 1 DAGs
[2022-09-14T21:16:11.029-0300] {logging_mixin.py:115} INFO - [2022-09-14T21:16:11.029-0300] {dag.py:2977} INFO - Setting next_dagrun for example_complex to None, run_after=None
[2022-09-14T21:16:11.050-0300] {processor.py:161} INFO - Processing /home/juliana/Área de Trabalho/datapipeline/.env/lib/python3.8/site-packages/airflow/example_dags/example_complex.py took 0.076 seconds
[2022-09-14T21:16:47.519-0300] {processor.py:153} INFO - Started process (PID=20985) to work on /home/juliana/Área de Trabalho/datapipeline/.env/lib/python3.8/site-packages/airflow/example_dags/example_complex.py
[2022-09-14T21:16:47.520-0300] {processor.py:640} INFO - Processing file /home/juliana/Área de Trabalho/datapipeline/.env/lib/python3.8/site-packages/airflow/example_dags/example_complex.py for tasks to queue
[2022-09-14T21:16:47.521-0300] {logging_mixin.py:115} INFO - [2022-09-14T21:16:47.521-0300] {dagbag.py:508} INFO - Filling up the DagBag from /home/juliana/Área de Trabalho/datapipeline/.env/lib/python3.8/site-packages/airflow/example_dags/example_complex.py
[2022-09-14T21:16:47.535-0300] {processor.py:650} INFO - DAG(s) dict_keys(['example_complex']) retrieved from /home/juliana/Área de Trabalho/datapipeline/.env/lib/python3.8/site-packages/airflow/example_dags/example_complex.py
[2022-09-14T21:16:47.554-0300] {logging_mixin.py:115} INFO - [2022-09-14T21:16:47.553-0300] {dag.py:2429} INFO - Sync 1 DAGs
[2022-09-14T21:16:47.569-0300] {logging_mixin.py:115} INFO - [2022-09-14T21:16:47.568-0300] {dag.py:2977} INFO - Setting next_dagrun for example_complex to None, run_after=None
[2022-09-14T21:16:47.584-0300] {processor.py:161} INFO - Processing /home/juliana/Área de Trabalho/datapipeline/.env/lib/python3.8/site-packages/airflow/example_dags/example_complex.py took 0.071 seconds
[2022-09-14T21:17:19.413-0300] {processor.py:153} INFO - Started process (PID=21021) to work on /home/juliana/Área de Trabalho/datapipeline/.env/lib/python3.8/site-packages/airflow/example_dags/example_complex.py
[2022-09-14T21:17:19.414-0300] {processor.py:640} INFO - Processing file /home/juliana/Área de Trabalho/datapipeline/.env/lib/python3.8/site-packages/airflow/example_dags/example_complex.py for tasks to queue
[2022-09-14T21:17:19.415-0300] {logging_mixin.py:115} INFO - [2022-09-14T21:17:19.415-0300] {dagbag.py:508} INFO - Filling up the DagBag from /home/juliana/Área de Trabalho/datapipeline/.env/lib/python3.8/site-packages/airflow/example_dags/example_complex.py
[2022-09-14T21:17:19.431-0300] {processor.py:650} INFO - DAG(s) dict_keys(['example_complex']) retrieved from /home/juliana/Área de Trabalho/datapipeline/.env/lib/python3.8/site-packages/airflow/example_dags/example_complex.py
[2022-09-14T21:17:19.450-0300] {logging_mixin.py:115} INFO - [2022-09-14T21:17:19.450-0300] {dag.py:2429} INFO - Sync 1 DAGs
[2022-09-14T21:17:19.465-0300] {logging_mixin.py:115} INFO - [2022-09-14T21:17:19.465-0300] {dag.py:2977} INFO - Setting next_dagrun for example_complex to None, run_after=None
[2022-09-14T21:17:19.488-0300] {processor.py:161} INFO - Processing /home/juliana/Área de Trabalho/datapipeline/.env/lib/python3.8/site-packages/airflow/example_dags/example_complex.py took 0.081 seconds
[2022-09-14T21:17:54.373-0300] {processor.py:153} INFO - Started process (PID=21062) to work on /home/juliana/Área de Trabalho/datapipeline/.env/lib/python3.8/site-packages/airflow/example_dags/example_complex.py
[2022-09-14T21:17:54.374-0300] {processor.py:640} INFO - Processing file /home/juliana/Área de Trabalho/datapipeline/.env/lib/python3.8/site-packages/airflow/example_dags/example_complex.py for tasks to queue
[2022-09-14T21:17:54.375-0300] {logging_mixin.py:115} INFO - [2022-09-14T21:17:54.375-0300] {dagbag.py:508} INFO - Filling up the DagBag from /home/juliana/Área de Trabalho/datapipeline/.env/lib/python3.8/site-packages/airflow/example_dags/example_complex.py
[2022-09-14T21:17:54.388-0300] {processor.py:650} INFO - DAG(s) dict_keys(['example_complex']) retrieved from /home/juliana/Área de Trabalho/datapipeline/.env/lib/python3.8/site-packages/airflow/example_dags/example_complex.py
[2022-09-14T21:17:54.405-0300] {logging_mixin.py:115} INFO - [2022-09-14T21:17:54.405-0300] {dag.py:2429} INFO - Sync 1 DAGs
[2022-09-14T21:17:54.421-0300] {logging_mixin.py:115} INFO - [2022-09-14T21:17:54.421-0300] {dag.py:2977} INFO - Setting next_dagrun for example_complex to None, run_after=None
[2022-09-14T21:17:54.436-0300] {processor.py:161} INFO - Processing /home/juliana/Área de Trabalho/datapipeline/.env/lib/python3.8/site-packages/airflow/example_dags/example_complex.py took 0.068 seconds
[2022-09-14T21:18:27.447-0300] {processor.py:153} INFO - Started process (PID=21099) to work on /home/juliana/Área de Trabalho/datapipeline/.env/lib/python3.8/site-packages/airflow/example_dags/example_complex.py
[2022-09-14T21:18:27.448-0300] {processor.py:640} INFO - Processing file /home/juliana/Área de Trabalho/datapipeline/.env/lib/python3.8/site-packages/airflow/example_dags/example_complex.py for tasks to queue
[2022-09-14T21:18:27.450-0300] {logging_mixin.py:115} INFO - [2022-09-14T21:18:27.449-0300] {dagbag.py:508} INFO - Filling up the DagBag from /home/juliana/Área de Trabalho/datapipeline/.env/lib/python3.8/site-packages/airflow/example_dags/example_complex.py
[2022-09-14T21:18:27.466-0300] {processor.py:650} INFO - DAG(s) dict_keys(['example_complex']) retrieved from /home/juliana/Área de Trabalho/datapipeline/.env/lib/python3.8/site-packages/airflow/example_dags/example_complex.py
[2022-09-14T21:18:27.486-0300] {logging_mixin.py:115} INFO - [2022-09-14T21:18:27.486-0300] {dag.py:2429} INFO - Sync 1 DAGs
[2022-09-14T21:18:27.501-0300] {logging_mixin.py:115} INFO - [2022-09-14T21:18:27.501-0300] {dag.py:2977} INFO - Setting next_dagrun for example_complex to None, run_after=None
[2022-09-14T21:18:27.518-0300] {processor.py:161} INFO - Processing /home/juliana/Área de Trabalho/datapipeline/.env/lib/python3.8/site-packages/airflow/example_dags/example_complex.py took 0.077 seconds
[2022-09-14T21:18:59.523-0300] {processor.py:153} INFO - Started process (PID=21133) to work on /home/juliana/Área de Trabalho/datapipeline/.env/lib/python3.8/site-packages/airflow/example_dags/example_complex.py
[2022-09-14T21:18:59.525-0300] {processor.py:640} INFO - Processing file /home/juliana/Área de Trabalho/datapipeline/.env/lib/python3.8/site-packages/airflow/example_dags/example_complex.py for tasks to queue
[2022-09-14T21:18:59.525-0300] {logging_mixin.py:115} INFO - [2022-09-14T21:18:59.525-0300] {dagbag.py:508} INFO - Filling up the DagBag from /home/juliana/Área de Trabalho/datapipeline/.env/lib/python3.8/site-packages/airflow/example_dags/example_complex.py
[2022-09-14T21:18:59.538-0300] {processor.py:650} INFO - DAG(s) dict_keys(['example_complex']) retrieved from /home/juliana/Área de Trabalho/datapipeline/.env/lib/python3.8/site-packages/airflow/example_dags/example_complex.py
[2022-09-14T21:18:59.568-0300] {logging_mixin.py:115} INFO - [2022-09-14T21:18:59.567-0300] {dag.py:2429} INFO - Sync 1 DAGs
[2022-09-14T21:18:59.598-0300] {logging_mixin.py:115} INFO - [2022-09-14T21:18:59.598-0300] {dag.py:2977} INFO - Setting next_dagrun for example_complex to None, run_after=None
[2022-09-14T21:18:59.623-0300] {processor.py:161} INFO - Processing /home/juliana/Área de Trabalho/datapipeline/.env/lib/python3.8/site-packages/airflow/example_dags/example_complex.py took 0.106 seconds
[2022-09-14T21:19:32.292-0300] {processor.py:153} INFO - Started process (PID=21166) to work on /home/juliana/Área de Trabalho/datapipeline/.env/lib/python3.8/site-packages/airflow/example_dags/example_complex.py
[2022-09-14T21:19:32.293-0300] {processor.py:640} INFO - Processing file /home/juliana/Área de Trabalho/datapipeline/.env/lib/python3.8/site-packages/airflow/example_dags/example_complex.py for tasks to queue
[2022-09-14T21:19:32.294-0300] {logging_mixin.py:115} INFO - [2022-09-14T21:19:32.294-0300] {dagbag.py:508} INFO - Filling up the DagBag from /home/juliana/Área de Trabalho/datapipeline/.env/lib/python3.8/site-packages/airflow/example_dags/example_complex.py
[2022-09-14T21:19:32.304-0300] {processor.py:650} INFO - DAG(s) dict_keys(['example_complex']) retrieved from /home/juliana/Área de Trabalho/datapipeline/.env/lib/python3.8/site-packages/airflow/example_dags/example_complex.py
[2022-09-14T21:19:32.323-0300] {logging_mixin.py:115} INFO - [2022-09-14T21:19:32.322-0300] {dag.py:2429} INFO - Sync 1 DAGs
[2022-09-14T21:19:32.346-0300] {logging_mixin.py:115} INFO - [2022-09-14T21:19:32.346-0300] {dag.py:2977} INFO - Setting next_dagrun for example_complex to None, run_after=None
[2022-09-14T21:19:32.369-0300] {processor.py:161} INFO - Processing /home/juliana/Área de Trabalho/datapipeline/.env/lib/python3.8/site-packages/airflow/example_dags/example_complex.py took 0.082 seconds
[2022-09-14T21:20:07.473-0300] {processor.py:153} INFO - Started process (PID=21202) to work on /home/juliana/Área de Trabalho/datapipeline/.env/lib/python3.8/site-packages/airflow/example_dags/example_complex.py
[2022-09-14T21:20:07.474-0300] {processor.py:640} INFO - Processing file /home/juliana/Área de Trabalho/datapipeline/.env/lib/python3.8/site-packages/airflow/example_dags/example_complex.py for tasks to queue
[2022-09-14T21:20:07.475-0300] {logging_mixin.py:115} INFO - [2022-09-14T21:20:07.475-0300] {dagbag.py:508} INFO - Filling up the DagBag from /home/juliana/Área de Trabalho/datapipeline/.env/lib/python3.8/site-packages/airflow/example_dags/example_complex.py
[2022-09-14T21:20:07.486-0300] {processor.py:650} INFO - DAG(s) dict_keys(['example_complex']) retrieved from /home/juliana/Área de Trabalho/datapipeline/.env/lib/python3.8/site-packages/airflow/example_dags/example_complex.py
[2022-09-14T21:20:07.504-0300] {logging_mixin.py:115} INFO - [2022-09-14T21:20:07.504-0300] {dag.py:2429} INFO - Sync 1 DAGs
[2022-09-14T21:20:07.520-0300] {logging_mixin.py:115} INFO - [2022-09-14T21:20:07.519-0300] {dag.py:2977} INFO - Setting next_dagrun for example_complex to None, run_after=None
[2022-09-14T21:20:07.539-0300] {processor.py:161} INFO - Processing /home/juliana/Área de Trabalho/datapipeline/.env/lib/python3.8/site-packages/airflow/example_dags/example_complex.py took 0.069 seconds
[2022-09-14T21:20:40.834-0300] {processor.py:153} INFO - Started process (PID=21238) to work on /home/juliana/Área de Trabalho/datapipeline/.env/lib/python3.8/site-packages/airflow/example_dags/example_complex.py
[2022-09-14T21:20:40.835-0300] {processor.py:640} INFO - Processing file /home/juliana/Área de Trabalho/datapipeline/.env/lib/python3.8/site-packages/airflow/example_dags/example_complex.py for tasks to queue
[2022-09-14T21:20:40.836-0300] {logging_mixin.py:115} INFO - [2022-09-14T21:20:40.836-0300] {dagbag.py:508} INFO - Filling up the DagBag from /home/juliana/Área de Trabalho/datapipeline/.env/lib/python3.8/site-packages/airflow/example_dags/example_complex.py
[2022-09-14T21:20:40.846-0300] {processor.py:650} INFO - DAG(s) dict_keys(['example_complex']) retrieved from /home/juliana/Área de Trabalho/datapipeline/.env/lib/python3.8/site-packages/airflow/example_dags/example_complex.py
[2022-09-14T21:20:40.863-0300] {logging_mixin.py:115} INFO - [2022-09-14T21:20:40.862-0300] {dag.py:2429} INFO - Sync 1 DAGs
[2022-09-14T21:20:40.878-0300] {logging_mixin.py:115} INFO - [2022-09-14T21:20:40.878-0300] {dag.py:2977} INFO - Setting next_dagrun for example_complex to None, run_after=None
[2022-09-14T21:20:40.891-0300] {processor.py:161} INFO - Processing /home/juliana/Área de Trabalho/datapipeline/.env/lib/python3.8/site-packages/airflow/example_dags/example_complex.py took 0.060 seconds
[2022-09-14T21:21:15.729-0300] {processor.py:153} INFO - Started process (PID=21275) to work on /home/juliana/Área de Trabalho/datapipeline/.env/lib/python3.8/site-packages/airflow/example_dags/example_complex.py
[2022-09-14T21:21:15.730-0300] {processor.py:640} INFO - Processing file /home/juliana/Área de Trabalho/datapipeline/.env/lib/python3.8/site-packages/airflow/example_dags/example_complex.py for tasks to queue
[2022-09-14T21:21:15.731-0300] {logging_mixin.py:115} INFO - [2022-09-14T21:21:15.731-0300] {dagbag.py:508} INFO - Filling up the DagBag from /home/juliana/Área de Trabalho/datapipeline/.env/lib/python3.8/site-packages/airflow/example_dags/example_complex.py
[2022-09-14T21:21:15.745-0300] {processor.py:650} INFO - DAG(s) dict_keys(['example_complex']) retrieved from /home/juliana/Área de Trabalho/datapipeline/.env/lib/python3.8/site-packages/airflow/example_dags/example_complex.py
[2022-09-14T21:21:15.762-0300] {logging_mixin.py:115} INFO - [2022-09-14T21:21:15.762-0300] {dag.py:2429} INFO - Sync 1 DAGs
[2022-09-14T21:21:15.776-0300] {logging_mixin.py:115} INFO - [2022-09-14T21:21:15.776-0300] {dag.py:2977} INFO - Setting next_dagrun for example_complex to None, run_after=None
[2022-09-14T21:21:15.797-0300] {processor.py:161} INFO - Processing /home/juliana/Área de Trabalho/datapipeline/.env/lib/python3.8/site-packages/airflow/example_dags/example_complex.py took 0.073 seconds
[2022-09-14T21:21:48.076-0300] {processor.py:153} INFO - Started process (PID=21309) to work on /home/juliana/Área de Trabalho/datapipeline/.env/lib/python3.8/site-packages/airflow/example_dags/example_complex.py
[2022-09-14T21:21:48.078-0300] {processor.py:640} INFO - Processing file /home/juliana/Área de Trabalho/datapipeline/.env/lib/python3.8/site-packages/airflow/example_dags/example_complex.py for tasks to queue
[2022-09-14T21:21:48.079-0300] {logging_mixin.py:115} INFO - [2022-09-14T21:21:48.079-0300] {dagbag.py:508} INFO - Filling up the DagBag from /home/juliana/Área de Trabalho/datapipeline/.env/lib/python3.8/site-packages/airflow/example_dags/example_complex.py
[2022-09-14T21:21:48.091-0300] {processor.py:650} INFO - DAG(s) dict_keys(['example_complex']) retrieved from /home/juliana/Área de Trabalho/datapipeline/.env/lib/python3.8/site-packages/airflow/example_dags/example_complex.py
[2022-09-14T21:21:48.113-0300] {logging_mixin.py:115} INFO - [2022-09-14T21:21:48.113-0300] {dag.py:2429} INFO - Sync 1 DAGs
[2022-09-14T21:21:48.132-0300] {logging_mixin.py:115} INFO - [2022-09-14T21:21:48.132-0300] {dag.py:2977} INFO - Setting next_dagrun for example_complex to None, run_after=None
[2022-09-14T21:21:48.152-0300] {processor.py:161} INFO - Processing /home/juliana/Área de Trabalho/datapipeline/.env/lib/python3.8/site-packages/airflow/example_dags/example_complex.py took 0.080 seconds
[2022-09-14T21:22:22.139-0300] {processor.py:153} INFO - Started process (PID=21347) to work on /home/juliana/Área de Trabalho/datapipeline/.env/lib/python3.8/site-packages/airflow/example_dags/example_complex.py
[2022-09-14T21:22:22.140-0300] {processor.py:640} INFO - Processing file /home/juliana/Área de Trabalho/datapipeline/.env/lib/python3.8/site-packages/airflow/example_dags/example_complex.py for tasks to queue
[2022-09-14T21:22:22.140-0300] {logging_mixin.py:115} INFO - [2022-09-14T21:22:22.140-0300] {dagbag.py:508} INFO - Filling up the DagBag from /home/juliana/Área de Trabalho/datapipeline/.env/lib/python3.8/site-packages/airflow/example_dags/example_complex.py
[2022-09-14T21:22:22.150-0300] {processor.py:650} INFO - DAG(s) dict_keys(['example_complex']) retrieved from /home/juliana/Área de Trabalho/datapipeline/.env/lib/python3.8/site-packages/airflow/example_dags/example_complex.py
[2022-09-14T21:22:22.168-0300] {logging_mixin.py:115} INFO - [2022-09-14T21:22:22.168-0300] {dag.py:2429} INFO - Sync 1 DAGs
[2022-09-14T21:22:22.186-0300] {logging_mixin.py:115} INFO - [2022-09-14T21:22:22.186-0300] {dag.py:2977} INFO - Setting next_dagrun for example_complex to None, run_after=None
[2022-09-14T21:22:22.201-0300] {processor.py:161} INFO - Processing /home/juliana/Área de Trabalho/datapipeline/.env/lib/python3.8/site-packages/airflow/example_dags/example_complex.py took 0.065 seconds
[2022-09-14T21:22:56.112-0300] {processor.py:153} INFO - Started process (PID=21390) to work on /home/juliana/Área de Trabalho/datapipeline/.env/lib/python3.8/site-packages/airflow/example_dags/example_complex.py
[2022-09-14T21:22:56.114-0300] {processor.py:640} INFO - Processing file /home/juliana/Área de Trabalho/datapipeline/.env/lib/python3.8/site-packages/airflow/example_dags/example_complex.py for tasks to queue
[2022-09-14T21:22:56.115-0300] {logging_mixin.py:115} INFO - [2022-09-14T21:22:56.115-0300] {dagbag.py:508} INFO - Filling up the DagBag from /home/juliana/Área de Trabalho/datapipeline/.env/lib/python3.8/site-packages/airflow/example_dags/example_complex.py
[2022-09-14T21:22:56.134-0300] {processor.py:650} INFO - DAG(s) dict_keys(['example_complex']) retrieved from /home/juliana/Área de Trabalho/datapipeline/.env/lib/python3.8/site-packages/airflow/example_dags/example_complex.py
[2022-09-14T21:22:56.157-0300] {logging_mixin.py:115} INFO - [2022-09-14T21:22:56.156-0300] {dag.py:2429} INFO - Sync 1 DAGs
[2022-09-14T21:22:56.172-0300] {logging_mixin.py:115} INFO - [2022-09-14T21:22:56.172-0300] {dag.py:2977} INFO - Setting next_dagrun for example_complex to None, run_after=None
[2022-09-14T21:22:56.188-0300] {processor.py:161} INFO - Processing /home/juliana/Área de Trabalho/datapipeline/.env/lib/python3.8/site-packages/airflow/example_dags/example_complex.py took 0.082 seconds
[2022-09-14T21:23:33.641-0300] {processor.py:153} INFO - Started process (PID=21462) to work on /home/juliana/Área de Trabalho/datapipeline/.env/lib/python3.8/site-packages/airflow/example_dags/example_complex.py
[2022-09-14T21:23:33.643-0300] {processor.py:640} INFO - Processing file /home/juliana/Área de Trabalho/datapipeline/.env/lib/python3.8/site-packages/airflow/example_dags/example_complex.py for tasks to queue
[2022-09-14T21:23:33.644-0300] {logging_mixin.py:115} INFO - [2022-09-14T21:23:33.644-0300] {dagbag.py:508} INFO - Filling up the DagBag from /home/juliana/Área de Trabalho/datapipeline/.env/lib/python3.8/site-packages/airflow/example_dags/example_complex.py
[2022-09-14T21:23:33.667-0300] {processor.py:650} INFO - DAG(s) dict_keys(['example_complex']) retrieved from /home/juliana/Área de Trabalho/datapipeline/.env/lib/python3.8/site-packages/airflow/example_dags/example_complex.py
[2022-09-14T21:23:33.688-0300] {logging_mixin.py:115} INFO - [2022-09-14T21:23:33.688-0300] {dag.py:2429} INFO - Sync 1 DAGs
[2022-09-14T21:23:33.711-0300] {logging_mixin.py:115} INFO - [2022-09-14T21:23:33.711-0300] {dag.py:2977} INFO - Setting next_dagrun for example_complex to None, run_after=None
[2022-09-14T21:23:33.725-0300] {processor.py:161} INFO - Processing /home/juliana/Área de Trabalho/datapipeline/.env/lib/python3.8/site-packages/airflow/example_dags/example_complex.py took 0.089 seconds
[2022-09-14T21:24:08.303-0300] {processor.py:153} INFO - Started process (PID=21503) to work on /home/juliana/Área de Trabalho/datapipeline/.env/lib/python3.8/site-packages/airflow/example_dags/example_complex.py
[2022-09-14T21:24:08.305-0300] {processor.py:640} INFO - Processing file /home/juliana/Área de Trabalho/datapipeline/.env/lib/python3.8/site-packages/airflow/example_dags/example_complex.py for tasks to queue
[2022-09-14T21:24:08.306-0300] {logging_mixin.py:115} INFO - [2022-09-14T21:24:08.306-0300] {dagbag.py:508} INFO - Filling up the DagBag from /home/juliana/Área de Trabalho/datapipeline/.env/lib/python3.8/site-packages/airflow/example_dags/example_complex.py
[2022-09-14T21:24:08.323-0300] {processor.py:650} INFO - DAG(s) dict_keys(['example_complex']) retrieved from /home/juliana/Área de Trabalho/datapipeline/.env/lib/python3.8/site-packages/airflow/example_dags/example_complex.py
[2022-09-14T21:24:08.343-0300] {logging_mixin.py:115} INFO - [2022-09-14T21:24:08.343-0300] {dag.py:2429} INFO - Sync 1 DAGs
[2022-09-14T21:24:08.357-0300] {logging_mixin.py:115} INFO - [2022-09-14T21:24:08.357-0300] {dag.py:2977} INFO - Setting next_dagrun for example_complex to None, run_after=None
[2022-09-14T21:24:08.375-0300] {processor.py:161} INFO - Processing /home/juliana/Área de Trabalho/datapipeline/.env/lib/python3.8/site-packages/airflow/example_dags/example_complex.py took 0.077 seconds
[2022-09-14T21:24:43.332-0300] {processor.py:153} INFO - Started process (PID=21552) to work on /home/juliana/Área de Trabalho/datapipeline/.env/lib/python3.8/site-packages/airflow/example_dags/example_complex.py
[2022-09-14T21:24:43.334-0300] {processor.py:640} INFO - Processing file /home/juliana/Área de Trabalho/datapipeline/.env/lib/python3.8/site-packages/airflow/example_dags/example_complex.py for tasks to queue
[2022-09-14T21:24:43.335-0300] {logging_mixin.py:115} INFO - [2022-09-14T21:24:43.335-0300] {dagbag.py:508} INFO - Filling up the DagBag from /home/juliana/Área de Trabalho/datapipeline/.env/lib/python3.8/site-packages/airflow/example_dags/example_complex.py
[2022-09-14T21:24:43.355-0300] {processor.py:650} INFO - DAG(s) dict_keys(['example_complex']) retrieved from /home/juliana/Área de Trabalho/datapipeline/.env/lib/python3.8/site-packages/airflow/example_dags/example_complex.py
[2022-09-14T21:24:43.377-0300] {logging_mixin.py:115} INFO - [2022-09-14T21:24:43.376-0300] {dag.py:2429} INFO - Sync 1 DAGs
[2022-09-14T21:24:43.400-0300] {logging_mixin.py:115} INFO - [2022-09-14T21:24:43.400-0300] {dag.py:2977} INFO - Setting next_dagrun for example_complex to None, run_after=None
[2022-09-14T21:24:43.416-0300] {processor.py:161} INFO - Processing /home/juliana/Área de Trabalho/datapipeline/.env/lib/python3.8/site-packages/airflow/example_dags/example_complex.py took 0.088 seconds
[2022-09-14T21:25:18.107-0300] {processor.py:153} INFO - Started process (PID=21587) to work on /home/juliana/Área de Trabalho/datapipeline/.env/lib/python3.8/site-packages/airflow/example_dags/example_complex.py
[2022-09-14T21:25:18.109-0300] {processor.py:640} INFO - Processing file /home/juliana/Área de Trabalho/datapipeline/.env/lib/python3.8/site-packages/airflow/example_dags/example_complex.py for tasks to queue
[2022-09-14T21:25:18.109-0300] {logging_mixin.py:115} INFO - [2022-09-14T21:25:18.109-0300] {dagbag.py:508} INFO - Filling up the DagBag from /home/juliana/Área de Trabalho/datapipeline/.env/lib/python3.8/site-packages/airflow/example_dags/example_complex.py
[2022-09-14T21:25:18.126-0300] {processor.py:650} INFO - DAG(s) dict_keys(['example_complex']) retrieved from /home/juliana/Área de Trabalho/datapipeline/.env/lib/python3.8/site-packages/airflow/example_dags/example_complex.py
[2022-09-14T21:25:18.157-0300] {logging_mixin.py:115} INFO - [2022-09-14T21:25:18.157-0300] {dag.py:2429} INFO - Sync 1 DAGs
[2022-09-14T21:25:18.178-0300] {logging_mixin.py:115} INFO - [2022-09-14T21:25:18.178-0300] {dag.py:2977} INFO - Setting next_dagrun for example_complex to None, run_after=None
[2022-09-14T21:25:18.198-0300] {processor.py:161} INFO - Processing /home/juliana/Área de Trabalho/datapipeline/.env/lib/python3.8/site-packages/airflow/example_dags/example_complex.py took 0.097 seconds
[2022-09-14T21:25:50.953-0300] {processor.py:153} INFO - Started process (PID=21621) to work on /home/juliana/Área de Trabalho/datapipeline/.env/lib/python3.8/site-packages/airflow/example_dags/example_complex.py
[2022-09-14T21:25:50.955-0300] {processor.py:640} INFO - Processing file /home/juliana/Área de Trabalho/datapipeline/.env/lib/python3.8/site-packages/airflow/example_dags/example_complex.py for tasks to queue
[2022-09-14T21:25:50.956-0300] {logging_mixin.py:115} INFO - [2022-09-14T21:25:50.956-0300] {dagbag.py:508} INFO - Filling up the DagBag from /home/juliana/Área de Trabalho/datapipeline/.env/lib/python3.8/site-packages/airflow/example_dags/example_complex.py
[2022-09-14T21:25:50.972-0300] {processor.py:650} INFO - DAG(s) dict_keys(['example_complex']) retrieved from /home/juliana/Área de Trabalho/datapipeline/.env/lib/python3.8/site-packages/airflow/example_dags/example_complex.py
[2022-09-14T21:25:50.992-0300] {logging_mixin.py:115} INFO - [2022-09-14T21:25:50.992-0300] {dag.py:2429} INFO - Sync 1 DAGs
[2022-09-14T21:25:51.006-0300] {logging_mixin.py:115} INFO - [2022-09-14T21:25:51.006-0300] {dag.py:2977} INFO - Setting next_dagrun for example_complex to None, run_after=None
[2022-09-14T21:25:51.027-0300] {processor.py:161} INFO - Processing /home/juliana/Área de Trabalho/datapipeline/.env/lib/python3.8/site-packages/airflow/example_dags/example_complex.py took 0.080 seconds
[2022-09-14T21:26:22.983-0300] {processor.py:153} INFO - Started process (PID=21656) to work on /home/juliana/Área de Trabalho/datapipeline/.env/lib/python3.8/site-packages/airflow/example_dags/example_complex.py
[2022-09-14T21:26:22.985-0300] {processor.py:640} INFO - Processing file /home/juliana/Área de Trabalho/datapipeline/.env/lib/python3.8/site-packages/airflow/example_dags/example_complex.py for tasks to queue
[2022-09-14T21:26:22.987-0300] {logging_mixin.py:115} INFO - [2022-09-14T21:26:22.987-0300] {dagbag.py:508} INFO - Filling up the DagBag from /home/juliana/Área de Trabalho/datapipeline/.env/lib/python3.8/site-packages/airflow/example_dags/example_complex.py
[2022-09-14T21:26:23.009-0300] {processor.py:650} INFO - DAG(s) dict_keys(['example_complex']) retrieved from /home/juliana/Área de Trabalho/datapipeline/.env/lib/python3.8/site-packages/airflow/example_dags/example_complex.py
[2022-09-14T21:26:23.041-0300] {logging_mixin.py:115} INFO - [2022-09-14T21:26:23.041-0300] {dag.py:2429} INFO - Sync 1 DAGs
[2022-09-14T21:26:23.063-0300] {logging_mixin.py:115} INFO - [2022-09-14T21:26:23.063-0300] {dag.py:2977} INFO - Setting next_dagrun for example_complex to None, run_after=None
[2022-09-14T21:26:23.083-0300] {processor.py:161} INFO - Processing /home/juliana/Área de Trabalho/datapipeline/.env/lib/python3.8/site-packages/airflow/example_dags/example_complex.py took 0.106 seconds
[2022-09-14T21:26:58.237-0300] {processor.py:153} INFO - Started process (PID=21695) to work on /home/juliana/Área de Trabalho/datapipeline/.env/lib/python3.8/site-packages/airflow/example_dags/example_complex.py
[2022-09-14T21:26:58.241-0300] {processor.py:640} INFO - Processing file /home/juliana/Área de Trabalho/datapipeline/.env/lib/python3.8/site-packages/airflow/example_dags/example_complex.py for tasks to queue
[2022-09-14T21:26:58.243-0300] {logging_mixin.py:115} INFO - [2022-09-14T21:26:58.243-0300] {dagbag.py:508} INFO - Filling up the DagBag from /home/juliana/Área de Trabalho/datapipeline/.env/lib/python3.8/site-packages/airflow/example_dags/example_complex.py
[2022-09-14T21:26:58.284-0300] {processor.py:650} INFO - DAG(s) dict_keys(['example_complex']) retrieved from /home/juliana/Área de Trabalho/datapipeline/.env/lib/python3.8/site-packages/airflow/example_dags/example_complex.py
[2022-09-14T21:26:58.362-0300] {logging_mixin.py:115} INFO - [2022-09-14T21:26:58.362-0300] {dag.py:2429} INFO - Sync 1 DAGs
[2022-09-14T21:26:58.416-0300] {logging_mixin.py:115} INFO - [2022-09-14T21:26:58.416-0300] {dag.py:2977} INFO - Setting next_dagrun for example_complex to None, run_after=None
[2022-09-14T21:26:58.455-0300] {processor.py:161} INFO - Processing /home/juliana/Área de Trabalho/datapipeline/.env/lib/python3.8/site-packages/airflow/example_dags/example_complex.py took 0.232 seconds
[2022-09-14T21:33:09.858-0300] {processor.py:153} INFO - Started process (PID=21862) to work on /home/juliana/Área de Trabalho/datapipeline/.env/lib/python3.8/site-packages/airflow/example_dags/example_complex.py
[2022-09-14T21:33:09.865-0300] {processor.py:640} INFO - Processing file /home/juliana/Área de Trabalho/datapipeline/.env/lib/python3.8/site-packages/airflow/example_dags/example_complex.py for tasks to queue
[2022-09-14T21:33:09.866-0300] {logging_mixin.py:115} INFO - [2022-09-14T21:33:09.866-0300] {dagbag.py:508} INFO - Filling up the DagBag from /home/juliana/Área de Trabalho/datapipeline/.env/lib/python3.8/site-packages/airflow/example_dags/example_complex.py
[2022-09-14T21:33:10.140-0300] {processor.py:650} INFO - DAG(s) dict_keys(['example_complex']) retrieved from /home/juliana/Área de Trabalho/datapipeline/.env/lib/python3.8/site-packages/airflow/example_dags/example_complex.py
[2022-09-14T21:33:10.948-0300] {logging_mixin.py:115} INFO - [2022-09-14T21:33:10.928-0300] {dag.py:2429} INFO - Sync 1 DAGs
[2022-09-14T21:33:11.106-0300] {logging_mixin.py:115} INFO - [2022-09-14T21:33:11.062-0300] {dag.py:2977} INFO - Setting next_dagrun for example_complex to None, run_after=None
[2022-09-14T21:33:12.128-0300] {processor.py:161} INFO - Processing /home/juliana/Área de Trabalho/datapipeline/.env/lib/python3.8/site-packages/airflow/example_dags/example_complex.py took 2.284 seconds
[2022-09-14T21:43:28.507-0300] {processor.py:153} INFO - Started process (PID=21963) to work on /home/juliana/Área de Trabalho/datapipeline/.env/lib/python3.8/site-packages/airflow/example_dags/example_complex.py
[2022-09-14T21:43:28.682-0300] {processor.py:640} INFO - Processing file /home/juliana/Área de Trabalho/datapipeline/.env/lib/python3.8/site-packages/airflow/example_dags/example_complex.py for tasks to queue
[2022-09-14T21:43:29.230-0300] {logging_mixin.py:115} INFO - [2022-09-14T21:43:28.807-0300] {dagbag.py:508} INFO - Filling up the DagBag from /home/juliana/Área de Trabalho/datapipeline/.env/lib/python3.8/site-packages/airflow/example_dags/example_complex.py
[2022-09-14T21:43:30.332-0300] {processor.py:650} INFO - DAG(s) dict_keys(['example_complex']) retrieved from /home/juliana/Área de Trabalho/datapipeline/.env/lib/python3.8/site-packages/airflow/example_dags/example_complex.py
[2022-09-14T21:43:37.186-0300] {logging_mixin.py:115} INFO - [2022-09-14T21:43:37.000-0300] {dag.py:2429} INFO - Sync 1 DAGs
[2022-09-14T21:44:10.009-0300] {logging_mixin.py:115} INFO - [2022-09-14T21:44:08.477-0300] {dag.py:2977} INFO - Setting next_dagrun for example_complex to None, run_after=None
[2022-09-14T21:44:20.180-0300] {processor.py:161} INFO - Processing /home/juliana/Área de Trabalho/datapipeline/.env/lib/python3.8/site-packages/airflow/example_dags/example_complex.py took 51.805 seconds
[2022-09-15T13:35:26.312-0300] {processor.py:153} INFO - Started process (PID=7024) to work on /home/juliana/Área de Trabalho/datapipeline/.env/lib/python3.8/site-packages/airflow/example_dags/example_complex.py
[2022-09-15T13:35:26.321-0300] {processor.py:640} INFO - Processing file /home/juliana/Área de Trabalho/datapipeline/.env/lib/python3.8/site-packages/airflow/example_dags/example_complex.py for tasks to queue
[2022-09-15T13:35:26.323-0300] {logging_mixin.py:115} INFO - [2022-09-15T13:35:26.322-0300] {dagbag.py:508} INFO - Filling up the DagBag from /home/juliana/Área de Trabalho/datapipeline/.env/lib/python3.8/site-packages/airflow/example_dags/example_complex.py
[2022-09-15T13:35:26.354-0300] {processor.py:650} INFO - DAG(s) dict_keys(['example_complex']) retrieved from /home/juliana/Área de Trabalho/datapipeline/.env/lib/python3.8/site-packages/airflow/example_dags/example_complex.py
[2022-09-15T13:35:26.382-0300] {logging_mixin.py:115} INFO - [2022-09-15T13:35:26.382-0300] {dag.py:2429} INFO - Sync 1 DAGs
[2022-09-15T13:35:26.398-0300] {logging_mixin.py:115} INFO - [2022-09-15T13:35:26.398-0300] {dag.py:2977} INFO - Setting next_dagrun for example_complex to None, run_after=None
[2022-09-15T13:35:26.416-0300] {processor.py:161} INFO - Processing /home/juliana/Área de Trabalho/datapipeline/.env/lib/python3.8/site-packages/airflow/example_dags/example_complex.py took 0.109 seconds
[2022-09-15T13:36:11.026-0300] {processor.py:153} INFO - Started process (PID=7434) to work on /home/juliana/Área de Trabalho/datapipeline/.env/lib/python3.8/site-packages/airflow/example_dags/example_complex.py
[2022-09-15T13:36:11.029-0300] {processor.py:640} INFO - Processing file /home/juliana/Área de Trabalho/datapipeline/.env/lib/python3.8/site-packages/airflow/example_dags/example_complex.py for tasks to queue
[2022-09-15T13:36:11.031-0300] {logging_mixin.py:115} INFO - [2022-09-15T13:36:11.030-0300] {dagbag.py:508} INFO - Filling up the DagBag from /home/juliana/Área de Trabalho/datapipeline/.env/lib/python3.8/site-packages/airflow/example_dags/example_complex.py
[2022-09-15T13:36:11.053-0300] {processor.py:650} INFO - DAG(s) dict_keys(['example_complex']) retrieved from /home/juliana/Área de Trabalho/datapipeline/.env/lib/python3.8/site-packages/airflow/example_dags/example_complex.py
[2022-09-15T13:36:11.084-0300] {logging_mixin.py:115} INFO - [2022-09-15T13:36:11.084-0300] {dag.py:2429} INFO - Sync 1 DAGs
[2022-09-15T13:36:11.103-0300] {logging_mixin.py:115} INFO - [2022-09-15T13:36:11.103-0300] {dag.py:2977} INFO - Setting next_dagrun for example_complex to None, run_after=None
[2022-09-15T13:36:11.125-0300] {processor.py:161} INFO - Processing /home/juliana/Área de Trabalho/datapipeline/.env/lib/python3.8/site-packages/airflow/example_dags/example_complex.py took 0.104 seconds
[2022-09-15T13:36:49.195-0300] {processor.py:153} INFO - Started process (PID=7579) to work on /home/juliana/Área de Trabalho/datapipeline/.env/lib/python3.8/site-packages/airflow/example_dags/example_complex.py
[2022-09-15T13:36:49.202-0300] {processor.py:640} INFO - Processing file /home/juliana/Área de Trabalho/datapipeline/.env/lib/python3.8/site-packages/airflow/example_dags/example_complex.py for tasks to queue
[2022-09-15T13:36:49.203-0300] {logging_mixin.py:115} INFO - [2022-09-15T13:36:49.203-0300] {dagbag.py:508} INFO - Filling up the DagBag from /home/juliana/Área de Trabalho/datapipeline/.env/lib/python3.8/site-packages/airflow/example_dags/example_complex.py
[2022-09-15T13:36:49.218-0300] {processor.py:650} INFO - DAG(s) dict_keys(['example_complex']) retrieved from /home/juliana/Área de Trabalho/datapipeline/.env/lib/python3.8/site-packages/airflow/example_dags/example_complex.py
[2022-09-15T13:36:49.250-0300] {logging_mixin.py:115} INFO - [2022-09-15T13:36:49.249-0300] {dag.py:2429} INFO - Sync 1 DAGs
[2022-09-15T13:36:49.272-0300] {logging_mixin.py:115} INFO - [2022-09-15T13:36:49.272-0300] {dag.py:2977} INFO - Setting next_dagrun for example_complex to None, run_after=None
[2022-09-15T13:36:49.291-0300] {processor.py:161} INFO - Processing /home/juliana/Área de Trabalho/datapipeline/.env/lib/python3.8/site-packages/airflow/example_dags/example_complex.py took 0.102 seconds
[2022-09-15T13:37:27.310-0300] {processor.py:153} INFO - Started process (PID=7714) to work on /home/juliana/Área de Trabalho/datapipeline/.env/lib/python3.8/site-packages/airflow/example_dags/example_complex.py
[2022-09-15T13:37:27.316-0300] {processor.py:640} INFO - Processing file /home/juliana/Área de Trabalho/datapipeline/.env/lib/python3.8/site-packages/airflow/example_dags/example_complex.py for tasks to queue
[2022-09-15T13:37:27.317-0300] {logging_mixin.py:115} INFO - [2022-09-15T13:37:27.317-0300] {dagbag.py:508} INFO - Filling up the DagBag from /home/juliana/Área de Trabalho/datapipeline/.env/lib/python3.8/site-packages/airflow/example_dags/example_complex.py
[2022-09-15T13:37:27.340-0300] {processor.py:650} INFO - DAG(s) dict_keys(['example_complex']) retrieved from /home/juliana/Área de Trabalho/datapipeline/.env/lib/python3.8/site-packages/airflow/example_dags/example_complex.py
[2022-09-15T13:37:27.399-0300] {logging_mixin.py:115} INFO - [2022-09-15T13:37:27.398-0300] {dag.py:2429} INFO - Sync 1 DAGs
[2022-09-15T13:37:27.442-0300] {logging_mixin.py:115} INFO - [2022-09-15T13:37:27.442-0300] {dag.py:2977} INFO - Setting next_dagrun for example_complex to None, run_after=None
[2022-09-15T13:37:27.476-0300] {processor.py:161} INFO - Processing /home/juliana/Área de Trabalho/datapipeline/.env/lib/python3.8/site-packages/airflow/example_dags/example_complex.py took 0.175 seconds
[2022-09-15T13:38:05.883-0300] {processor.py:153} INFO - Started process (PID=7848) to work on /home/juliana/Área de Trabalho/datapipeline/.env/lib/python3.8/site-packages/airflow/example_dags/example_complex.py
[2022-09-15T13:38:05.886-0300] {processor.py:640} INFO - Processing file /home/juliana/Área de Trabalho/datapipeline/.env/lib/python3.8/site-packages/airflow/example_dags/example_complex.py for tasks to queue
[2022-09-15T13:38:05.887-0300] {logging_mixin.py:115} INFO - [2022-09-15T13:38:05.887-0300] {dagbag.py:508} INFO - Filling up the DagBag from /home/juliana/Área de Trabalho/datapipeline/.env/lib/python3.8/site-packages/airflow/example_dags/example_complex.py
[2022-09-15T13:38:05.903-0300] {processor.py:650} INFO - DAG(s) dict_keys(['example_complex']) retrieved from /home/juliana/Área de Trabalho/datapipeline/.env/lib/python3.8/site-packages/airflow/example_dags/example_complex.py
[2022-09-15T13:38:05.927-0300] {logging_mixin.py:115} INFO - [2022-09-15T13:38:05.927-0300] {dag.py:2429} INFO - Sync 1 DAGs
[2022-09-15T13:38:05.949-0300] {logging_mixin.py:115} INFO - [2022-09-15T13:38:05.948-0300] {dag.py:2977} INFO - Setting next_dagrun for example_complex to None, run_after=None
[2022-09-15T13:38:05.967-0300] {processor.py:161} INFO - Processing /home/juliana/Área de Trabalho/datapipeline/.env/lib/python3.8/site-packages/airflow/example_dags/example_complex.py took 0.089 seconds
[2022-09-15T13:38:45.046-0300] {processor.py:153} INFO - Started process (PID=7981) to work on /home/juliana/Área de Trabalho/datapipeline/.env/lib/python3.8/site-packages/airflow/example_dags/example_complex.py
[2022-09-15T13:38:45.054-0300] {processor.py:640} INFO - Processing file /home/juliana/Área de Trabalho/datapipeline/.env/lib/python3.8/site-packages/airflow/example_dags/example_complex.py for tasks to queue
[2022-09-15T13:38:45.055-0300] {logging_mixin.py:115} INFO - [2022-09-15T13:38:45.054-0300] {dagbag.py:508} INFO - Filling up the DagBag from /home/juliana/Área de Trabalho/datapipeline/.env/lib/python3.8/site-packages/airflow/example_dags/example_complex.py
[2022-09-15T13:38:45.083-0300] {processor.py:650} INFO - DAG(s) dict_keys(['example_complex']) retrieved from /home/juliana/Área de Trabalho/datapipeline/.env/lib/python3.8/site-packages/airflow/example_dags/example_complex.py
[2022-09-15T13:38:45.160-0300] {logging_mixin.py:115} INFO - [2022-09-15T13:38:45.160-0300] {dag.py:2429} INFO - Sync 1 DAGs
[2022-09-15T13:38:45.200-0300] {logging_mixin.py:115} INFO - [2022-09-15T13:38:45.199-0300] {dag.py:2977} INFO - Setting next_dagrun for example_complex to None, run_after=None
[2022-09-15T13:38:45.288-0300] {processor.py:161} INFO - Processing /home/juliana/Área de Trabalho/datapipeline/.env/lib/python3.8/site-packages/airflow/example_dags/example_complex.py took 0.247 seconds
[2022-09-15T13:39:25.464-0300] {processor.py:153} INFO - Started process (PID=8116) to work on /home/juliana/Área de Trabalho/datapipeline/.env/lib/python3.8/site-packages/airflow/example_dags/example_complex.py
[2022-09-15T13:39:25.472-0300] {processor.py:640} INFO - Processing file /home/juliana/Área de Trabalho/datapipeline/.env/lib/python3.8/site-packages/airflow/example_dags/example_complex.py for tasks to queue
[2022-09-15T13:39:25.473-0300] {logging_mixin.py:115} INFO - [2022-09-15T13:39:25.473-0300] {dagbag.py:508} INFO - Filling up the DagBag from /home/juliana/Área de Trabalho/datapipeline/.env/lib/python3.8/site-packages/airflow/example_dags/example_complex.py
[2022-09-15T13:39:25.490-0300] {processor.py:650} INFO - DAG(s) dict_keys(['example_complex']) retrieved from /home/juliana/Área de Trabalho/datapipeline/.env/lib/python3.8/site-packages/airflow/example_dags/example_complex.py
[2022-09-15T13:39:25.515-0300] {logging_mixin.py:115} INFO - [2022-09-15T13:39:25.515-0300] {dag.py:2429} INFO - Sync 1 DAGs
[2022-09-15T13:39:25.532-0300] {logging_mixin.py:115} INFO - [2022-09-15T13:39:25.532-0300] {dag.py:2977} INFO - Setting next_dagrun for example_complex to None, run_after=None
[2022-09-15T13:39:25.550-0300] {processor.py:161} INFO - Processing /home/juliana/Área de Trabalho/datapipeline/.env/lib/python3.8/site-packages/airflow/example_dags/example_complex.py took 0.092 seconds
[2022-09-15T13:40:03.372-0300] {processor.py:153} INFO - Started process (PID=8247) to work on /home/juliana/Área de Trabalho/datapipeline/.env/lib/python3.8/site-packages/airflow/example_dags/example_complex.py
[2022-09-15T13:40:03.379-0300] {processor.py:640} INFO - Processing file /home/juliana/Área de Trabalho/datapipeline/.env/lib/python3.8/site-packages/airflow/example_dags/example_complex.py for tasks to queue
[2022-09-15T13:40:03.381-0300] {logging_mixin.py:115} INFO - [2022-09-15T13:40:03.380-0300] {dagbag.py:508} INFO - Filling up the DagBag from /home/juliana/Área de Trabalho/datapipeline/.env/lib/python3.8/site-packages/airflow/example_dags/example_complex.py
[2022-09-15T13:40:03.399-0300] {processor.py:650} INFO - DAG(s) dict_keys(['example_complex']) retrieved from /home/juliana/Área de Trabalho/datapipeline/.env/lib/python3.8/site-packages/airflow/example_dags/example_complex.py
[2022-09-15T13:40:03.454-0300] {logging_mixin.py:115} INFO - [2022-09-15T13:40:03.454-0300] {dag.py:2429} INFO - Sync 1 DAGs
[2022-09-15T13:40:03.482-0300] {logging_mixin.py:115} INFO - [2022-09-15T13:40:03.482-0300] {dag.py:2977} INFO - Setting next_dagrun for example_complex to None, run_after=None
[2022-09-15T13:40:03.500-0300] {processor.py:161} INFO - Processing /home/juliana/Área de Trabalho/datapipeline/.env/lib/python3.8/site-packages/airflow/example_dags/example_complex.py took 0.133 seconds
[2022-09-15T13:40:42.047-0300] {processor.py:153} INFO - Started process (PID=8394) to work on /home/juliana/Área de Trabalho/datapipeline/.env/lib/python3.8/site-packages/airflow/example_dags/example_complex.py
[2022-09-15T13:40:42.053-0300] {processor.py:640} INFO - Processing file /home/juliana/Área de Trabalho/datapipeline/.env/lib/python3.8/site-packages/airflow/example_dags/example_complex.py for tasks to queue
[2022-09-15T13:40:42.054-0300] {logging_mixin.py:115} INFO - [2022-09-15T13:40:42.054-0300] {dagbag.py:508} INFO - Filling up the DagBag from /home/juliana/Área de Trabalho/datapipeline/.env/lib/python3.8/site-packages/airflow/example_dags/example_complex.py
[2022-09-15T13:40:42.083-0300] {processor.py:650} INFO - DAG(s) dict_keys(['example_complex']) retrieved from /home/juliana/Área de Trabalho/datapipeline/.env/lib/python3.8/site-packages/airflow/example_dags/example_complex.py
[2022-09-15T13:40:42.124-0300] {logging_mixin.py:115} INFO - [2022-09-15T13:40:42.123-0300] {dag.py:2429} INFO - Sync 1 DAGs
[2022-09-15T13:40:42.155-0300] {logging_mixin.py:115} INFO - [2022-09-15T13:40:42.155-0300] {dag.py:2977} INFO - Setting next_dagrun for example_complex to None, run_after=None
[2022-09-15T13:40:42.206-0300] {processor.py:161} INFO - Processing /home/juliana/Área de Trabalho/datapipeline/.env/lib/python3.8/site-packages/airflow/example_dags/example_complex.py took 0.168 seconds
[2022-09-15T13:41:17.237-0300] {processor.py:153} INFO - Started process (PID=8520) to work on /home/juliana/Área de Trabalho/datapipeline/.env/lib/python3.8/site-packages/airflow/example_dags/example_complex.py
[2022-09-15T13:41:17.244-0300] {processor.py:640} INFO - Processing file /home/juliana/Área de Trabalho/datapipeline/.env/lib/python3.8/site-packages/airflow/example_dags/example_complex.py for tasks to queue
[2022-09-15T13:41:17.245-0300] {logging_mixin.py:115} INFO - [2022-09-15T13:41:17.245-0300] {dagbag.py:508} INFO - Filling up the DagBag from /home/juliana/Área de Trabalho/datapipeline/.env/lib/python3.8/site-packages/airflow/example_dags/example_complex.py
[2022-09-15T13:41:17.260-0300] {processor.py:650} INFO - DAG(s) dict_keys(['example_complex']) retrieved from /home/juliana/Área de Trabalho/datapipeline/.env/lib/python3.8/site-packages/airflow/example_dags/example_complex.py
[2022-09-15T13:41:17.284-0300] {logging_mixin.py:115} INFO - [2022-09-15T13:41:17.284-0300] {dag.py:2429} INFO - Sync 1 DAGs
[2022-09-15T13:41:17.300-0300] {logging_mixin.py:115} INFO - [2022-09-15T13:41:17.300-0300] {dag.py:2977} INFO - Setting next_dagrun for example_complex to None, run_after=None
[2022-09-15T13:41:17.322-0300] {processor.py:161} INFO - Processing /home/juliana/Área de Trabalho/datapipeline/.env/lib/python3.8/site-packages/airflow/example_dags/example_complex.py took 0.089 seconds
[2022-09-15T13:41:53.661-0300] {processor.py:153} INFO - Started process (PID=8655) to work on /home/juliana/Área de Trabalho/datapipeline/.env/lib/python3.8/site-packages/airflow/example_dags/example_complex.py
[2022-09-15T13:41:53.664-0300] {processor.py:640} INFO - Processing file /home/juliana/Área de Trabalho/datapipeline/.env/lib/python3.8/site-packages/airflow/example_dags/example_complex.py for tasks to queue
[2022-09-15T13:41:53.665-0300] {logging_mixin.py:115} INFO - [2022-09-15T13:41:53.665-0300] {dagbag.py:508} INFO - Filling up the DagBag from /home/juliana/Área de Trabalho/datapipeline/.env/lib/python3.8/site-packages/airflow/example_dags/example_complex.py
[2022-09-15T13:41:53.708-0300] {processor.py:650} INFO - DAG(s) dict_keys(['example_complex']) retrieved from /home/juliana/Área de Trabalho/datapipeline/.env/lib/python3.8/site-packages/airflow/example_dags/example_complex.py
[2022-09-15T13:41:53.761-0300] {logging_mixin.py:115} INFO - [2022-09-15T13:41:53.761-0300] {dag.py:2429} INFO - Sync 1 DAGs
[2022-09-15T13:41:53.782-0300] {logging_mixin.py:115} INFO - [2022-09-15T13:41:53.782-0300] {dag.py:2977} INFO - Setting next_dagrun for example_complex to None, run_after=None
[2022-09-15T13:41:53.809-0300] {processor.py:161} INFO - Processing /home/juliana/Área de Trabalho/datapipeline/.env/lib/python3.8/site-packages/airflow/example_dags/example_complex.py took 0.156 seconds
[2022-09-15T13:42:31.998-0300] {processor.py:153} INFO - Started process (PID=8798) to work on /home/juliana/Área de Trabalho/datapipeline/.env/lib/python3.8/site-packages/airflow/example_dags/example_complex.py
[2022-09-15T13:42:32.001-0300] {processor.py:640} INFO - Processing file /home/juliana/Área de Trabalho/datapipeline/.env/lib/python3.8/site-packages/airflow/example_dags/example_complex.py for tasks to queue
[2022-09-15T13:42:32.002-0300] {logging_mixin.py:115} INFO - [2022-09-15T13:42:32.002-0300] {dagbag.py:508} INFO - Filling up the DagBag from /home/juliana/Área de Trabalho/datapipeline/.env/lib/python3.8/site-packages/airflow/example_dags/example_complex.py
[2022-09-15T13:42:32.025-0300] {processor.py:650} INFO - DAG(s) dict_keys(['example_complex']) retrieved from /home/juliana/Área de Trabalho/datapipeline/.env/lib/python3.8/site-packages/airflow/example_dags/example_complex.py
[2022-09-15T13:42:32.084-0300] {logging_mixin.py:115} INFO - [2022-09-15T13:42:32.084-0300] {dag.py:2429} INFO - Sync 1 DAGs
[2022-09-15T13:42:32.147-0300] {logging_mixin.py:115} INFO - [2022-09-15T13:42:32.146-0300] {dag.py:2977} INFO - Setting next_dagrun for example_complex to None, run_after=None
[2022-09-15T13:42:32.284-0300] {processor.py:161} INFO - Processing /home/juliana/Área de Trabalho/datapipeline/.env/lib/python3.8/site-packages/airflow/example_dags/example_complex.py took 0.290 seconds
