[2022-09-14T21:00:15.009-0300] {processor.py:153} INFO - Started process (PID=19979) to work on /home/juliana/Área de Trabalho/datapipeline/.env/lib/python3.8/site-packages/airflow/example_dags/example_branch_labels.py
[2022-09-14T21:00:15.011-0300] {processor.py:640} INFO - Processing file /home/juliana/Área de Trabalho/datapipeline/.env/lib/python3.8/site-packages/airflow/example_dags/example_branch_labels.py for tasks to queue
[2022-09-14T21:00:15.012-0300] {logging_mixin.py:115} INFO - [2022-09-14T21:00:15.012-0300] {dagbag.py:508} INFO - Filling up the DagBag from /home/juliana/Área de Trabalho/datapipeline/.env/lib/python3.8/site-packages/airflow/example_dags/example_branch_labels.py
[2022-09-14T21:00:15.023-0300] {processor.py:650} INFO - DAG(s) dict_keys(['example_branch_labels']) retrieved from /home/juliana/Área de Trabalho/datapipeline/.env/lib/python3.8/site-packages/airflow/example_dags/example_branch_labels.py
[2022-09-14T21:00:15.043-0300] {logging_mixin.py:115} INFO - [2022-09-14T21:00:15.043-0300] {dag.py:2429} INFO - Sync 1 DAGs
[2022-09-14T21:00:15.061-0300] {logging_mixin.py:115} INFO - [2022-09-14T21:00:15.060-0300] {dag.py:2977} INFO - Setting next_dagrun for example_branch_labels to 2022-09-14T00:00:00+00:00, run_after=2022-09-15T00:00:00+00:00
[2022-09-14T21:00:15.082-0300] {processor.py:161} INFO - Processing /home/juliana/Área de Trabalho/datapipeline/.env/lib/python3.8/site-packages/airflow/example_dags/example_branch_labels.py took 0.079 seconds
[2022-09-14T21:00:49.582-0300] {processor.py:153} INFO - Started process (PID=20014) to work on /home/juliana/Área de Trabalho/datapipeline/.env/lib/python3.8/site-packages/airflow/example_dags/example_branch_labels.py
[2022-09-14T21:00:49.584-0300] {processor.py:640} INFO - Processing file /home/juliana/Área de Trabalho/datapipeline/.env/lib/python3.8/site-packages/airflow/example_dags/example_branch_labels.py for tasks to queue
[2022-09-14T21:00:49.585-0300] {logging_mixin.py:115} INFO - [2022-09-14T21:00:49.585-0300] {dagbag.py:508} INFO - Filling up the DagBag from /home/juliana/Área de Trabalho/datapipeline/.env/lib/python3.8/site-packages/airflow/example_dags/example_branch_labels.py
[2022-09-14T21:00:49.594-0300] {processor.py:650} INFO - DAG(s) dict_keys(['example_branch_labels']) retrieved from /home/juliana/Área de Trabalho/datapipeline/.env/lib/python3.8/site-packages/airflow/example_dags/example_branch_labels.py
[2022-09-14T21:00:49.612-0300] {logging_mixin.py:115} INFO - [2022-09-14T21:00:49.612-0300] {dag.py:2429} INFO - Sync 1 DAGs
[2022-09-14T21:00:49.630-0300] {logging_mixin.py:115} INFO - [2022-09-14T21:00:49.630-0300] {dag.py:2977} INFO - Setting next_dagrun for example_branch_labels to 2022-09-14T00:00:00+00:00, run_after=2022-09-15T00:00:00+00:00
[2022-09-14T21:00:49.648-0300] {processor.py:161} INFO - Processing /home/juliana/Área de Trabalho/datapipeline/.env/lib/python3.8/site-packages/airflow/example_dags/example_branch_labels.py took 0.071 seconds
[2022-09-14T21:01:23.524-0300] {processor.py:153} INFO - Started process (PID=20049) to work on /home/juliana/Área de Trabalho/datapipeline/.env/lib/python3.8/site-packages/airflow/example_dags/example_branch_labels.py
[2022-09-14T21:01:23.526-0300] {processor.py:640} INFO - Processing file /home/juliana/Área de Trabalho/datapipeline/.env/lib/python3.8/site-packages/airflow/example_dags/example_branch_labels.py for tasks to queue
[2022-09-14T21:01:23.527-0300] {logging_mixin.py:115} INFO - [2022-09-14T21:01:23.527-0300] {dagbag.py:508} INFO - Filling up the DagBag from /home/juliana/Área de Trabalho/datapipeline/.env/lib/python3.8/site-packages/airflow/example_dags/example_branch_labels.py
[2022-09-14T21:01:23.534-0300] {processor.py:650} INFO - DAG(s) dict_keys(['example_branch_labels']) retrieved from /home/juliana/Área de Trabalho/datapipeline/.env/lib/python3.8/site-packages/airflow/example_dags/example_branch_labels.py
[2022-09-14T21:01:23.564-0300] {logging_mixin.py:115} INFO - [2022-09-14T21:01:23.564-0300] {dag.py:2429} INFO - Sync 1 DAGs
[2022-09-14T21:01:23.588-0300] {logging_mixin.py:115} INFO - [2022-09-14T21:01:23.588-0300] {dag.py:2977} INFO - Setting next_dagrun for example_branch_labels to 2022-09-14T00:00:00+00:00, run_after=2022-09-15T00:00:00+00:00
[2022-09-14T21:01:23.769-0300] {processor.py:161} INFO - Processing /home/juliana/Área de Trabalho/datapipeline/.env/lib/python3.8/site-packages/airflow/example_dags/example_branch_labels.py took 0.248 seconds
[2022-09-14T21:01:56.282-0300] {processor.py:153} INFO - Started process (PID=20084) to work on /home/juliana/Área de Trabalho/datapipeline/.env/lib/python3.8/site-packages/airflow/example_dags/example_branch_labels.py
[2022-09-14T21:01:56.284-0300] {processor.py:640} INFO - Processing file /home/juliana/Área de Trabalho/datapipeline/.env/lib/python3.8/site-packages/airflow/example_dags/example_branch_labels.py for tasks to queue
[2022-09-14T21:01:56.285-0300] {logging_mixin.py:115} INFO - [2022-09-14T21:01:56.284-0300] {dagbag.py:508} INFO - Filling up the DagBag from /home/juliana/Área de Trabalho/datapipeline/.env/lib/python3.8/site-packages/airflow/example_dags/example_branch_labels.py
[2022-09-14T21:01:56.302-0300] {processor.py:650} INFO - DAG(s) dict_keys(['example_branch_labels']) retrieved from /home/juliana/Área de Trabalho/datapipeline/.env/lib/python3.8/site-packages/airflow/example_dags/example_branch_labels.py
[2022-09-14T21:01:56.319-0300] {logging_mixin.py:115} INFO - [2022-09-14T21:01:56.318-0300] {dag.py:2429} INFO - Sync 1 DAGs
[2022-09-14T21:01:56.347-0300] {logging_mixin.py:115} INFO - [2022-09-14T21:01:56.347-0300] {dag.py:2977} INFO - Setting next_dagrun for example_branch_labels to 2022-09-14T00:00:00+00:00, run_after=2022-09-15T00:00:00+00:00
[2022-09-14T21:01:56.369-0300] {processor.py:161} INFO - Processing /home/juliana/Área de Trabalho/datapipeline/.env/lib/python3.8/site-packages/airflow/example_dags/example_branch_labels.py took 0.097 seconds
[2022-09-14T21:02:33.065-0300] {processor.py:153} INFO - Started process (PID=20151) to work on /home/juliana/Área de Trabalho/datapipeline/.env/lib/python3.8/site-packages/airflow/example_dags/example_branch_labels.py
[2022-09-14T21:02:33.067-0300] {processor.py:640} INFO - Processing file /home/juliana/Área de Trabalho/datapipeline/.env/lib/python3.8/site-packages/airflow/example_dags/example_branch_labels.py for tasks to queue
[2022-09-14T21:02:33.068-0300] {logging_mixin.py:115} INFO - [2022-09-14T21:02:33.068-0300] {dagbag.py:508} INFO - Filling up the DagBag from /home/juliana/Área de Trabalho/datapipeline/.env/lib/python3.8/site-packages/airflow/example_dags/example_branch_labels.py
[2022-09-14T21:02:33.114-0300] {processor.py:650} INFO - DAG(s) dict_keys(['example_branch_labels']) retrieved from /home/juliana/Área de Trabalho/datapipeline/.env/lib/python3.8/site-packages/airflow/example_dags/example_branch_labels.py
[2022-09-14T21:02:33.210-0300] {logging_mixin.py:115} INFO - [2022-09-14T21:02:33.210-0300] {dag.py:2429} INFO - Sync 1 DAGs
[2022-09-14T21:02:33.294-0300] {logging_mixin.py:115} INFO - [2022-09-14T21:02:33.293-0300] {dag.py:2977} INFO - Setting next_dagrun for example_branch_labels to 2022-09-14T00:00:00+00:00, run_after=2022-09-15T00:00:00+00:00
[2022-09-14T21:02:33.340-0300] {processor.py:161} INFO - Processing /home/juliana/Área de Trabalho/datapipeline/.env/lib/python3.8/site-packages/airflow/example_dags/example_branch_labels.py took 0.286 seconds
[2022-09-14T21:03:37.540-0300] {processor.py:153} INFO - Started process (PID=20202) to work on /home/juliana/Área de Trabalho/datapipeline/.env/lib/python3.8/site-packages/airflow/example_dags/example_branch_labels.py
[2022-09-14T21:03:37.541-0300] {processor.py:640} INFO - Processing file /home/juliana/Área de Trabalho/datapipeline/.env/lib/python3.8/site-packages/airflow/example_dags/example_branch_labels.py for tasks to queue
[2022-09-14T21:03:37.542-0300] {logging_mixin.py:115} INFO - [2022-09-14T21:03:37.542-0300] {dagbag.py:508} INFO - Filling up the DagBag from /home/juliana/Área de Trabalho/datapipeline/.env/lib/python3.8/site-packages/airflow/example_dags/example_branch_labels.py
[2022-09-14T21:03:37.557-0300] {processor.py:650} INFO - DAG(s) dict_keys(['example_branch_labels']) retrieved from /home/juliana/Área de Trabalho/datapipeline/.env/lib/python3.8/site-packages/airflow/example_dags/example_branch_labels.py
[2022-09-14T21:03:37.575-0300] {logging_mixin.py:115} INFO - [2022-09-14T21:03:37.575-0300] {dag.py:2429} INFO - Sync 1 DAGs
[2022-09-14T21:03:37.615-0300] {logging_mixin.py:115} INFO - [2022-09-14T21:03:37.611-0300] {dag.py:2977} INFO - Setting next_dagrun for example_branch_labels to 2022-09-14T00:00:00+00:00, run_after=2022-09-15T00:00:00+00:00
[2022-09-14T21:03:37.634-0300] {processor.py:161} INFO - Processing /home/juliana/Área de Trabalho/datapipeline/.env/lib/python3.8/site-packages/airflow/example_dags/example_branch_labels.py took 0.099 seconds
[2022-09-14T21:04:14.529-0300] {processor.py:153} INFO - Started process (PID=20236) to work on /home/juliana/Área de Trabalho/datapipeline/.env/lib/python3.8/site-packages/airflow/example_dags/example_branch_labels.py
[2022-09-14T21:04:14.530-0300] {processor.py:640} INFO - Processing file /home/juliana/Área de Trabalho/datapipeline/.env/lib/python3.8/site-packages/airflow/example_dags/example_branch_labels.py for tasks to queue
[2022-09-14T21:04:14.531-0300] {logging_mixin.py:115} INFO - [2022-09-14T21:04:14.531-0300] {dagbag.py:508} INFO - Filling up the DagBag from /home/juliana/Área de Trabalho/datapipeline/.env/lib/python3.8/site-packages/airflow/example_dags/example_branch_labels.py
[2022-09-14T21:04:14.551-0300] {processor.py:650} INFO - DAG(s) dict_keys(['example_branch_labels']) retrieved from /home/juliana/Área de Trabalho/datapipeline/.env/lib/python3.8/site-packages/airflow/example_dags/example_branch_labels.py
[2022-09-14T21:04:14.570-0300] {logging_mixin.py:115} INFO - [2022-09-14T21:04:14.570-0300] {dag.py:2429} INFO - Sync 1 DAGs
[2022-09-14T21:04:14.596-0300] {logging_mixin.py:115} INFO - [2022-09-14T21:04:14.596-0300] {dag.py:2977} INFO - Setting next_dagrun for example_branch_labels to 2022-09-14T00:00:00+00:00, run_after=2022-09-15T00:00:00+00:00
[2022-09-14T21:04:14.618-0300] {processor.py:161} INFO - Processing /home/juliana/Área de Trabalho/datapipeline/.env/lib/python3.8/site-packages/airflow/example_dags/example_branch_labels.py took 0.093 seconds
[2022-09-14T21:04:59.373-0300] {processor.py:153} INFO - Started process (PID=20271) to work on /home/juliana/Área de Trabalho/datapipeline/.env/lib/python3.8/site-packages/airflow/example_dags/example_branch_labels.py
[2022-09-14T21:04:59.380-0300] {processor.py:640} INFO - Processing file /home/juliana/Área de Trabalho/datapipeline/.env/lib/python3.8/site-packages/airflow/example_dags/example_branch_labels.py for tasks to queue
[2022-09-14T21:04:59.384-0300] {logging_mixin.py:115} INFO - [2022-09-14T21:04:59.383-0300] {dagbag.py:508} INFO - Filling up the DagBag from /home/juliana/Área de Trabalho/datapipeline/.env/lib/python3.8/site-packages/airflow/example_dags/example_branch_labels.py
[2022-09-14T21:04:59.552-0300] {processor.py:650} INFO - DAG(s) dict_keys(['example_branch_labels']) retrieved from /home/juliana/Área de Trabalho/datapipeline/.env/lib/python3.8/site-packages/airflow/example_dags/example_branch_labels.py
[2022-09-14T21:05:00.259-0300] {logging_mixin.py:115} INFO - [2022-09-14T21:05:00.220-0300] {dag.py:2429} INFO - Sync 1 DAGs
[2022-09-14T21:05:01.310-0300] {logging_mixin.py:115} INFO - [2022-09-14T21:05:01.296-0300] {dag.py:2977} INFO - Setting next_dagrun for example_branch_labels to 2022-09-14T00:00:00+00:00, run_after=2022-09-15T00:00:00+00:00
[2022-09-14T21:05:02.879-0300] {processor.py:161} INFO - Processing /home/juliana/Área de Trabalho/datapipeline/.env/lib/python3.8/site-packages/airflow/example_dags/example_branch_labels.py took 3.509 seconds
[2022-09-14T21:06:11.423-0300] {processor.py:153} INFO - Started process (PID=20313) to work on /home/juliana/Área de Trabalho/datapipeline/.env/lib/python3.8/site-packages/airflow/example_dags/example_branch_labels.py
[2022-09-14T21:06:11.430-0300] {processor.py:640} INFO - Processing file /home/juliana/Área de Trabalho/datapipeline/.env/lib/python3.8/site-packages/airflow/example_dags/example_branch_labels.py for tasks to queue
[2022-09-14T21:06:11.431-0300] {logging_mixin.py:115} INFO - [2022-09-14T21:06:11.431-0300] {dagbag.py:508} INFO - Filling up the DagBag from /home/juliana/Área de Trabalho/datapipeline/.env/lib/python3.8/site-packages/airflow/example_dags/example_branch_labels.py
[2022-09-14T21:06:11.444-0300] {processor.py:650} INFO - DAG(s) dict_keys(['example_branch_labels']) retrieved from /home/juliana/Área de Trabalho/datapipeline/.env/lib/python3.8/site-packages/airflow/example_dags/example_branch_labels.py
[2022-09-14T21:06:11.467-0300] {logging_mixin.py:115} INFO - [2022-09-14T21:06:11.466-0300] {dag.py:2429} INFO - Sync 1 DAGs
[2022-09-14T21:06:11.486-0300] {logging_mixin.py:115} INFO - [2022-09-14T21:06:11.486-0300] {dag.py:2977} INFO - Setting next_dagrun for example_branch_labels to 2022-09-14T00:00:00+00:00, run_after=2022-09-15T00:00:00+00:00
[2022-09-14T21:06:11.500-0300] {processor.py:161} INFO - Processing /home/juliana/Área de Trabalho/datapipeline/.env/lib/python3.8/site-packages/airflow/example_dags/example_branch_labels.py took 0.084 seconds
[2022-09-14T21:06:46.214-0300] {processor.py:153} INFO - Started process (PID=20348) to work on /home/juliana/Área de Trabalho/datapipeline/.env/lib/python3.8/site-packages/airflow/example_dags/example_branch_labels.py
[2022-09-14T21:06:46.216-0300] {processor.py:640} INFO - Processing file /home/juliana/Área de Trabalho/datapipeline/.env/lib/python3.8/site-packages/airflow/example_dags/example_branch_labels.py for tasks to queue
[2022-09-14T21:06:46.217-0300] {logging_mixin.py:115} INFO - [2022-09-14T21:06:46.216-0300] {dagbag.py:508} INFO - Filling up the DagBag from /home/juliana/Área de Trabalho/datapipeline/.env/lib/python3.8/site-packages/airflow/example_dags/example_branch_labels.py
[2022-09-14T21:06:46.227-0300] {processor.py:650} INFO - DAG(s) dict_keys(['example_branch_labels']) retrieved from /home/juliana/Área de Trabalho/datapipeline/.env/lib/python3.8/site-packages/airflow/example_dags/example_branch_labels.py
[2022-09-14T21:06:46.246-0300] {logging_mixin.py:115} INFO - [2022-09-14T21:06:46.245-0300] {dag.py:2429} INFO - Sync 1 DAGs
[2022-09-14T21:06:46.263-0300] {logging_mixin.py:115} INFO - [2022-09-14T21:06:46.262-0300] {dag.py:2977} INFO - Setting next_dagrun for example_branch_labels to 2022-09-14T00:00:00+00:00, run_after=2022-09-15T00:00:00+00:00
[2022-09-14T21:06:46.284-0300] {processor.py:161} INFO - Processing /home/juliana/Área de Trabalho/datapipeline/.env/lib/python3.8/site-packages/airflow/example_dags/example_branch_labels.py took 0.075 seconds
[2022-09-14T21:07:20.595-0300] {processor.py:153} INFO - Started process (PID=20383) to work on /home/juliana/Área de Trabalho/datapipeline/.env/lib/python3.8/site-packages/airflow/example_dags/example_branch_labels.py
[2022-09-14T21:07:20.597-0300] {processor.py:640} INFO - Processing file /home/juliana/Área de Trabalho/datapipeline/.env/lib/python3.8/site-packages/airflow/example_dags/example_branch_labels.py for tasks to queue
[2022-09-14T21:07:20.597-0300] {logging_mixin.py:115} INFO - [2022-09-14T21:07:20.597-0300] {dagbag.py:508} INFO - Filling up the DagBag from /home/juliana/Área de Trabalho/datapipeline/.env/lib/python3.8/site-packages/airflow/example_dags/example_branch_labels.py
[2022-09-14T21:07:20.604-0300] {processor.py:650} INFO - DAG(s) dict_keys(['example_branch_labels']) retrieved from /home/juliana/Área de Trabalho/datapipeline/.env/lib/python3.8/site-packages/airflow/example_dags/example_branch_labels.py
[2022-09-14T21:07:20.619-0300] {logging_mixin.py:115} INFO - [2022-09-14T21:07:20.619-0300] {dag.py:2429} INFO - Sync 1 DAGs
[2022-09-14T21:07:20.636-0300] {logging_mixin.py:115} INFO - [2022-09-14T21:07:20.636-0300] {dag.py:2977} INFO - Setting next_dagrun for example_branch_labels to 2022-09-14T00:00:00+00:00, run_after=2022-09-15T00:00:00+00:00
[2022-09-14T21:07:20.663-0300] {processor.py:161} INFO - Processing /home/juliana/Área de Trabalho/datapipeline/.env/lib/python3.8/site-packages/airflow/example_dags/example_branch_labels.py took 0.071 seconds
[2022-09-14T21:07:54.618-0300] {processor.py:153} INFO - Started process (PID=20426) to work on /home/juliana/Área de Trabalho/datapipeline/.env/lib/python3.8/site-packages/airflow/example_dags/example_branch_labels.py
[2022-09-14T21:07:54.620-0300] {processor.py:640} INFO - Processing file /home/juliana/Área de Trabalho/datapipeline/.env/lib/python3.8/site-packages/airflow/example_dags/example_branch_labels.py for tasks to queue
[2022-09-14T21:07:54.622-0300] {logging_mixin.py:115} INFO - [2022-09-14T21:07:54.622-0300] {dagbag.py:508} INFO - Filling up the DagBag from /home/juliana/Área de Trabalho/datapipeline/.env/lib/python3.8/site-packages/airflow/example_dags/example_branch_labels.py
[2022-09-14T21:07:54.632-0300] {processor.py:650} INFO - DAG(s) dict_keys(['example_branch_labels']) retrieved from /home/juliana/Área de Trabalho/datapipeline/.env/lib/python3.8/site-packages/airflow/example_dags/example_branch_labels.py
[2022-09-14T21:07:54.656-0300] {logging_mixin.py:115} INFO - [2022-09-14T21:07:54.655-0300] {dag.py:2429} INFO - Sync 1 DAGs
[2022-09-14T21:07:54.682-0300] {logging_mixin.py:115} INFO - [2022-09-14T21:07:54.681-0300] {dag.py:2977} INFO - Setting next_dagrun for example_branch_labels to 2022-09-14T00:00:00+00:00, run_after=2022-09-15T00:00:00+00:00
[2022-09-14T21:07:54.702-0300] {processor.py:161} INFO - Processing /home/juliana/Área de Trabalho/datapipeline/.env/lib/python3.8/site-packages/airflow/example_dags/example_branch_labels.py took 0.087 seconds
[2022-09-14T21:08:30.718-0300] {processor.py:153} INFO - Started process (PID=20462) to work on /home/juliana/Área de Trabalho/datapipeline/.env/lib/python3.8/site-packages/airflow/example_dags/example_branch_labels.py
[2022-09-14T21:08:30.718-0300] {processor.py:640} INFO - Processing file /home/juliana/Área de Trabalho/datapipeline/.env/lib/python3.8/site-packages/airflow/example_dags/example_branch_labels.py for tasks to queue
[2022-09-14T21:08:30.719-0300] {logging_mixin.py:115} INFO - [2022-09-14T21:08:30.719-0300] {dagbag.py:508} INFO - Filling up the DagBag from /home/juliana/Área de Trabalho/datapipeline/.env/lib/python3.8/site-packages/airflow/example_dags/example_branch_labels.py
[2022-09-14T21:08:30.727-0300] {processor.py:650} INFO - DAG(s) dict_keys(['example_branch_labels']) retrieved from /home/juliana/Área de Trabalho/datapipeline/.env/lib/python3.8/site-packages/airflow/example_dags/example_branch_labels.py
[2022-09-14T21:08:30.743-0300] {logging_mixin.py:115} INFO - [2022-09-14T21:08:30.743-0300] {dag.py:2429} INFO - Sync 1 DAGs
[2022-09-14T21:08:30.761-0300] {logging_mixin.py:115} INFO - [2022-09-14T21:08:30.760-0300] {dag.py:2977} INFO - Setting next_dagrun for example_branch_labels to 2022-09-14T00:00:00+00:00, run_after=2022-09-15T00:00:00+00:00
[2022-09-14T21:08:30.778-0300] {processor.py:161} INFO - Processing /home/juliana/Área de Trabalho/datapipeline/.env/lib/python3.8/site-packages/airflow/example_dags/example_branch_labels.py took 0.063 seconds
[2022-09-14T21:09:07.038-0300] {processor.py:153} INFO - Started process (PID=20499) to work on /home/juliana/Área de Trabalho/datapipeline/.env/lib/python3.8/site-packages/airflow/example_dags/example_branch_labels.py
[2022-09-14T21:09:07.039-0300] {processor.py:640} INFO - Processing file /home/juliana/Área de Trabalho/datapipeline/.env/lib/python3.8/site-packages/airflow/example_dags/example_branch_labels.py for tasks to queue
[2022-09-14T21:09:07.041-0300] {logging_mixin.py:115} INFO - [2022-09-14T21:09:07.040-0300] {dagbag.py:508} INFO - Filling up the DagBag from /home/juliana/Área de Trabalho/datapipeline/.env/lib/python3.8/site-packages/airflow/example_dags/example_branch_labels.py
[2022-09-14T21:09:07.051-0300] {processor.py:650} INFO - DAG(s) dict_keys(['example_branch_labels']) retrieved from /home/juliana/Área de Trabalho/datapipeline/.env/lib/python3.8/site-packages/airflow/example_dags/example_branch_labels.py
[2022-09-14T21:09:07.070-0300] {logging_mixin.py:115} INFO - [2022-09-14T21:09:07.070-0300] {dag.py:2429} INFO - Sync 1 DAGs
[2022-09-14T21:09:07.087-0300] {logging_mixin.py:115} INFO - [2022-09-14T21:09:07.087-0300] {dag.py:2977} INFO - Setting next_dagrun for example_branch_labels to 2022-09-14T00:00:00+00:00, run_after=2022-09-15T00:00:00+00:00
[2022-09-14T21:09:07.108-0300] {processor.py:161} INFO - Processing /home/juliana/Área de Trabalho/datapipeline/.env/lib/python3.8/site-packages/airflow/example_dags/example_branch_labels.py took 0.076 seconds
[2022-09-14T21:09:43.319-0300] {processor.py:153} INFO - Started process (PID=20537) to work on /home/juliana/Área de Trabalho/datapipeline/.env/lib/python3.8/site-packages/airflow/example_dags/example_branch_labels.py
[2022-09-14T21:09:43.320-0300] {processor.py:640} INFO - Processing file /home/juliana/Área de Trabalho/datapipeline/.env/lib/python3.8/site-packages/airflow/example_dags/example_branch_labels.py for tasks to queue
[2022-09-14T21:09:43.321-0300] {logging_mixin.py:115} INFO - [2022-09-14T21:09:43.321-0300] {dagbag.py:508} INFO - Filling up the DagBag from /home/juliana/Área de Trabalho/datapipeline/.env/lib/python3.8/site-packages/airflow/example_dags/example_branch_labels.py
[2022-09-14T21:09:43.328-0300] {processor.py:650} INFO - DAG(s) dict_keys(['example_branch_labels']) retrieved from /home/juliana/Área de Trabalho/datapipeline/.env/lib/python3.8/site-packages/airflow/example_dags/example_branch_labels.py
[2022-09-14T21:09:43.343-0300] {logging_mixin.py:115} INFO - [2022-09-14T21:09:43.343-0300] {dag.py:2429} INFO - Sync 1 DAGs
[2022-09-14T21:09:43.362-0300] {logging_mixin.py:115} INFO - [2022-09-14T21:09:43.361-0300] {dag.py:2977} INFO - Setting next_dagrun for example_branch_labels to 2022-09-14T00:00:00+00:00, run_after=2022-09-15T00:00:00+00:00
[2022-09-14T21:09:43.376-0300] {processor.py:161} INFO - Processing /home/juliana/Área de Trabalho/datapipeline/.env/lib/python3.8/site-packages/airflow/example_dags/example_branch_labels.py took 0.060 seconds
[2022-09-14T21:10:15.920-0300] {processor.py:153} INFO - Started process (PID=20575) to work on /home/juliana/Área de Trabalho/datapipeline/.env/lib/python3.8/site-packages/airflow/example_dags/example_branch_labels.py
[2022-09-14T21:10:15.922-0300] {processor.py:640} INFO - Processing file /home/juliana/Área de Trabalho/datapipeline/.env/lib/python3.8/site-packages/airflow/example_dags/example_branch_labels.py for tasks to queue
[2022-09-14T21:10:15.923-0300] {logging_mixin.py:115} INFO - [2022-09-14T21:10:15.923-0300] {dagbag.py:508} INFO - Filling up the DagBag from /home/juliana/Área de Trabalho/datapipeline/.env/lib/python3.8/site-packages/airflow/example_dags/example_branch_labels.py
[2022-09-14T21:10:15.940-0300] {processor.py:650} INFO - DAG(s) dict_keys(['example_branch_labels']) retrieved from /home/juliana/Área de Trabalho/datapipeline/.env/lib/python3.8/site-packages/airflow/example_dags/example_branch_labels.py
[2022-09-14T21:10:15.958-0300] {logging_mixin.py:115} INFO - [2022-09-14T21:10:15.958-0300] {dag.py:2429} INFO - Sync 1 DAGs
[2022-09-14T21:10:15.975-0300] {logging_mixin.py:115} INFO - [2022-09-14T21:10:15.975-0300] {dag.py:2977} INFO - Setting next_dagrun for example_branch_labels to 2022-09-14T00:00:00+00:00, run_after=2022-09-15T00:00:00+00:00
[2022-09-14T21:10:15.991-0300] {processor.py:161} INFO - Processing /home/juliana/Área de Trabalho/datapipeline/.env/lib/python3.8/site-packages/airflow/example_dags/example_branch_labels.py took 0.076 seconds
[2022-09-14T21:10:50.512-0300] {processor.py:153} INFO - Started process (PID=20612) to work on /home/juliana/Área de Trabalho/datapipeline/.env/lib/python3.8/site-packages/airflow/example_dags/example_branch_labels.py
[2022-09-14T21:10:50.513-0300] {processor.py:640} INFO - Processing file /home/juliana/Área de Trabalho/datapipeline/.env/lib/python3.8/site-packages/airflow/example_dags/example_branch_labels.py for tasks to queue
[2022-09-14T21:10:50.514-0300] {logging_mixin.py:115} INFO - [2022-09-14T21:10:50.514-0300] {dagbag.py:508} INFO - Filling up the DagBag from /home/juliana/Área de Trabalho/datapipeline/.env/lib/python3.8/site-packages/airflow/example_dags/example_branch_labels.py
[2022-09-14T21:10:50.523-0300] {processor.py:650} INFO - DAG(s) dict_keys(['example_branch_labels']) retrieved from /home/juliana/Área de Trabalho/datapipeline/.env/lib/python3.8/site-packages/airflow/example_dags/example_branch_labels.py
[2022-09-14T21:10:50.543-0300] {logging_mixin.py:115} INFO - [2022-09-14T21:10:50.543-0300] {dag.py:2429} INFO - Sync 1 DAGs
[2022-09-14T21:10:50.565-0300] {logging_mixin.py:115} INFO - [2022-09-14T21:10:50.565-0300] {dag.py:2977} INFO - Setting next_dagrun for example_branch_labels to 2022-09-14T00:00:00+00:00, run_after=2022-09-15T00:00:00+00:00
[2022-09-14T21:10:50.633-0300] {processor.py:161} INFO - Processing /home/juliana/Área de Trabalho/datapipeline/.env/lib/python3.8/site-packages/airflow/example_dags/example_branch_labels.py took 0.126 seconds
[2022-09-14T21:11:26.751-0300] {processor.py:153} INFO - Started process (PID=20648) to work on /home/juliana/Área de Trabalho/datapipeline/.env/lib/python3.8/site-packages/airflow/example_dags/example_branch_labels.py
[2022-09-14T21:11:26.753-0300] {processor.py:640} INFO - Processing file /home/juliana/Área de Trabalho/datapipeline/.env/lib/python3.8/site-packages/airflow/example_dags/example_branch_labels.py for tasks to queue
[2022-09-14T21:11:26.753-0300] {logging_mixin.py:115} INFO - [2022-09-14T21:11:26.753-0300] {dagbag.py:508} INFO - Filling up the DagBag from /home/juliana/Área de Trabalho/datapipeline/.env/lib/python3.8/site-packages/airflow/example_dags/example_branch_labels.py
[2022-09-14T21:11:26.759-0300] {processor.py:650} INFO - DAG(s) dict_keys(['example_branch_labels']) retrieved from /home/juliana/Área de Trabalho/datapipeline/.env/lib/python3.8/site-packages/airflow/example_dags/example_branch_labels.py
[2022-09-14T21:11:26.781-0300] {logging_mixin.py:115} INFO - [2022-09-14T21:11:26.780-0300] {dag.py:2429} INFO - Sync 1 DAGs
[2022-09-14T21:11:26.802-0300] {logging_mixin.py:115} INFO - [2022-09-14T21:11:26.802-0300] {dag.py:2977} INFO - Setting next_dagrun for example_branch_labels to 2022-09-14T00:00:00+00:00, run_after=2022-09-15T00:00:00+00:00
[2022-09-14T21:11:26.820-0300] {processor.py:161} INFO - Processing /home/juliana/Área de Trabalho/datapipeline/.env/lib/python3.8/site-packages/airflow/example_dags/example_branch_labels.py took 0.072 seconds
[2022-09-14T21:11:59.731-0300] {processor.py:153} INFO - Started process (PID=20683) to work on /home/juliana/Área de Trabalho/datapipeline/.env/lib/python3.8/site-packages/airflow/example_dags/example_branch_labels.py
[2022-09-14T21:11:59.733-0300] {processor.py:640} INFO - Processing file /home/juliana/Área de Trabalho/datapipeline/.env/lib/python3.8/site-packages/airflow/example_dags/example_branch_labels.py for tasks to queue
[2022-09-14T21:11:59.734-0300] {logging_mixin.py:115} INFO - [2022-09-14T21:11:59.734-0300] {dagbag.py:508} INFO - Filling up the DagBag from /home/juliana/Área de Trabalho/datapipeline/.env/lib/python3.8/site-packages/airflow/example_dags/example_branch_labels.py
[2022-09-14T21:11:59.745-0300] {processor.py:650} INFO - DAG(s) dict_keys(['example_branch_labels']) retrieved from /home/juliana/Área de Trabalho/datapipeline/.env/lib/python3.8/site-packages/airflow/example_dags/example_branch_labels.py
[2022-09-14T21:11:59.766-0300] {logging_mixin.py:115} INFO - [2022-09-14T21:11:59.766-0300] {dag.py:2429} INFO - Sync 1 DAGs
[2022-09-14T21:11:59.784-0300] {logging_mixin.py:115} INFO - [2022-09-14T21:11:59.784-0300] {dag.py:2977} INFO - Setting next_dagrun for example_branch_labels to 2022-09-14T00:00:00+00:00, run_after=2022-09-15T00:00:00+00:00
[2022-09-14T21:11:59.803-0300] {processor.py:161} INFO - Processing /home/juliana/Área de Trabalho/datapipeline/.env/lib/python3.8/site-packages/airflow/example_dags/example_branch_labels.py took 0.078 seconds
[2022-09-14T21:12:32.452-0300] {processor.py:153} INFO - Started process (PID=20718) to work on /home/juliana/Área de Trabalho/datapipeline/.env/lib/python3.8/site-packages/airflow/example_dags/example_branch_labels.py
[2022-09-14T21:12:32.454-0300] {processor.py:640} INFO - Processing file /home/juliana/Área de Trabalho/datapipeline/.env/lib/python3.8/site-packages/airflow/example_dags/example_branch_labels.py for tasks to queue
[2022-09-14T21:12:32.455-0300] {logging_mixin.py:115} INFO - [2022-09-14T21:12:32.454-0300] {dagbag.py:508} INFO - Filling up the DagBag from /home/juliana/Área de Trabalho/datapipeline/.env/lib/python3.8/site-packages/airflow/example_dags/example_branch_labels.py
[2022-09-14T21:12:32.465-0300] {processor.py:650} INFO - DAG(s) dict_keys(['example_branch_labels']) retrieved from /home/juliana/Área de Trabalho/datapipeline/.env/lib/python3.8/site-packages/airflow/example_dags/example_branch_labels.py
[2022-09-14T21:12:32.486-0300] {logging_mixin.py:115} INFO - [2022-09-14T21:12:32.486-0300] {dag.py:2429} INFO - Sync 1 DAGs
[2022-09-14T21:12:32.505-0300] {logging_mixin.py:115} INFO - [2022-09-14T21:12:32.505-0300] {dag.py:2977} INFO - Setting next_dagrun for example_branch_labels to 2022-09-14T00:00:00+00:00, run_after=2022-09-15T00:00:00+00:00
[2022-09-14T21:12:32.522-0300] {processor.py:161} INFO - Processing /home/juliana/Área de Trabalho/datapipeline/.env/lib/python3.8/site-packages/airflow/example_dags/example_branch_labels.py took 0.076 seconds
[2022-09-14T21:13:05.526-0300] {processor.py:153} INFO - Started process (PID=20755) to work on /home/juliana/Área de Trabalho/datapipeline/.env/lib/python3.8/site-packages/airflow/example_dags/example_branch_labels.py
[2022-09-14T21:13:05.528-0300] {processor.py:640} INFO - Processing file /home/juliana/Área de Trabalho/datapipeline/.env/lib/python3.8/site-packages/airflow/example_dags/example_branch_labels.py for tasks to queue
[2022-09-14T21:13:05.529-0300] {logging_mixin.py:115} INFO - [2022-09-14T21:13:05.528-0300] {dagbag.py:508} INFO - Filling up the DagBag from /home/juliana/Área de Trabalho/datapipeline/.env/lib/python3.8/site-packages/airflow/example_dags/example_branch_labels.py
[2022-09-14T21:13:05.539-0300] {processor.py:650} INFO - DAG(s) dict_keys(['example_branch_labels']) retrieved from /home/juliana/Área de Trabalho/datapipeline/.env/lib/python3.8/site-packages/airflow/example_dags/example_branch_labels.py
[2022-09-14T21:13:05.558-0300] {logging_mixin.py:115} INFO - [2022-09-14T21:13:05.558-0300] {dag.py:2429} INFO - Sync 1 DAGs
[2022-09-14T21:13:05.576-0300] {logging_mixin.py:115} INFO - [2022-09-14T21:13:05.575-0300] {dag.py:2977} INFO - Setting next_dagrun for example_branch_labels to 2022-09-14T00:00:00+00:00, run_after=2022-09-15T00:00:00+00:00
[2022-09-14T21:13:05.596-0300] {processor.py:161} INFO - Processing /home/juliana/Área de Trabalho/datapipeline/.env/lib/python3.8/site-packages/airflow/example_dags/example_branch_labels.py took 0.075 seconds
[2022-09-14T21:13:41.246-0300] {processor.py:153} INFO - Started process (PID=20791) to work on /home/juliana/Área de Trabalho/datapipeline/.env/lib/python3.8/site-packages/airflow/example_dags/example_branch_labels.py
[2022-09-14T21:13:41.248-0300] {processor.py:640} INFO - Processing file /home/juliana/Área de Trabalho/datapipeline/.env/lib/python3.8/site-packages/airflow/example_dags/example_branch_labels.py for tasks to queue
[2022-09-14T21:13:41.249-0300] {logging_mixin.py:115} INFO - [2022-09-14T21:13:41.249-0300] {dagbag.py:508} INFO - Filling up the DagBag from /home/juliana/Área de Trabalho/datapipeline/.env/lib/python3.8/site-packages/airflow/example_dags/example_branch_labels.py
[2022-09-14T21:13:41.260-0300] {processor.py:650} INFO - DAG(s) dict_keys(['example_branch_labels']) retrieved from /home/juliana/Área de Trabalho/datapipeline/.env/lib/python3.8/site-packages/airflow/example_dags/example_branch_labels.py
[2022-09-14T21:13:41.279-0300] {logging_mixin.py:115} INFO - [2022-09-14T21:13:41.278-0300] {dag.py:2429} INFO - Sync 1 DAGs
[2022-09-14T21:13:41.296-0300] {logging_mixin.py:115} INFO - [2022-09-14T21:13:41.296-0300] {dag.py:2977} INFO - Setting next_dagrun for example_branch_labels to 2022-09-14T00:00:00+00:00, run_after=2022-09-15T00:00:00+00:00
[2022-09-14T21:13:41.314-0300] {processor.py:161} INFO - Processing /home/juliana/Área de Trabalho/datapipeline/.env/lib/python3.8/site-packages/airflow/example_dags/example_branch_labels.py took 0.074 seconds
[2022-09-14T21:14:15.445-0300] {processor.py:153} INFO - Started process (PID=20828) to work on /home/juliana/Área de Trabalho/datapipeline/.env/lib/python3.8/site-packages/airflow/example_dags/example_branch_labels.py
[2022-09-14T21:14:15.446-0300] {processor.py:640} INFO - Processing file /home/juliana/Área de Trabalho/datapipeline/.env/lib/python3.8/site-packages/airflow/example_dags/example_branch_labels.py for tasks to queue
[2022-09-14T21:14:15.446-0300] {logging_mixin.py:115} INFO - [2022-09-14T21:14:15.446-0300] {dagbag.py:508} INFO - Filling up the DagBag from /home/juliana/Área de Trabalho/datapipeline/.env/lib/python3.8/site-packages/airflow/example_dags/example_branch_labels.py
[2022-09-14T21:14:15.453-0300] {processor.py:650} INFO - DAG(s) dict_keys(['example_branch_labels']) retrieved from /home/juliana/Área de Trabalho/datapipeline/.env/lib/python3.8/site-packages/airflow/example_dags/example_branch_labels.py
[2022-09-14T21:14:15.471-0300] {logging_mixin.py:115} INFO - [2022-09-14T21:14:15.471-0300] {dag.py:2429} INFO - Sync 1 DAGs
[2022-09-14T21:14:15.490-0300] {logging_mixin.py:115} INFO - [2022-09-14T21:14:15.490-0300] {dag.py:2977} INFO - Setting next_dagrun for example_branch_labels to 2022-09-14T00:00:00+00:00, run_after=2022-09-15T00:00:00+00:00
[2022-09-14T21:14:15.506-0300] {processor.py:161} INFO - Processing /home/juliana/Área de Trabalho/datapipeline/.env/lib/python3.8/site-packages/airflow/example_dags/example_branch_labels.py took 0.065 seconds
[2022-09-14T21:14:48.361-0300] {processor.py:153} INFO - Started process (PID=20861) to work on /home/juliana/Área de Trabalho/datapipeline/.env/lib/python3.8/site-packages/airflow/example_dags/example_branch_labels.py
[2022-09-14T21:14:48.362-0300] {processor.py:640} INFO - Processing file /home/juliana/Área de Trabalho/datapipeline/.env/lib/python3.8/site-packages/airflow/example_dags/example_branch_labels.py for tasks to queue
[2022-09-14T21:14:48.363-0300] {logging_mixin.py:115} INFO - [2022-09-14T21:14:48.363-0300] {dagbag.py:508} INFO - Filling up the DagBag from /home/juliana/Área de Trabalho/datapipeline/.env/lib/python3.8/site-packages/airflow/example_dags/example_branch_labels.py
[2022-09-14T21:14:48.373-0300] {processor.py:650} INFO - DAG(s) dict_keys(['example_branch_labels']) retrieved from /home/juliana/Área de Trabalho/datapipeline/.env/lib/python3.8/site-packages/airflow/example_dags/example_branch_labels.py
[2022-09-14T21:14:48.389-0300] {logging_mixin.py:115} INFO - [2022-09-14T21:14:48.389-0300] {dag.py:2429} INFO - Sync 1 DAGs
[2022-09-14T21:14:48.404-0300] {logging_mixin.py:115} INFO - [2022-09-14T21:14:48.404-0300] {dag.py:2977} INFO - Setting next_dagrun for example_branch_labels to 2022-09-14T00:00:00+00:00, run_after=2022-09-15T00:00:00+00:00
[2022-09-14T21:14:48.421-0300] {processor.py:161} INFO - Processing /home/juliana/Área de Trabalho/datapipeline/.env/lib/python3.8/site-packages/airflow/example_dags/example_branch_labels.py took 0.064 seconds
[2022-09-14T21:15:21.661-0300] {processor.py:153} INFO - Started process (PID=20898) to work on /home/juliana/Área de Trabalho/datapipeline/.env/lib/python3.8/site-packages/airflow/example_dags/example_branch_labels.py
[2022-09-14T21:15:21.663-0300] {processor.py:640} INFO - Processing file /home/juliana/Área de Trabalho/datapipeline/.env/lib/python3.8/site-packages/airflow/example_dags/example_branch_labels.py for tasks to queue
[2022-09-14T21:15:21.664-0300] {logging_mixin.py:115} INFO - [2022-09-14T21:15:21.664-0300] {dagbag.py:508} INFO - Filling up the DagBag from /home/juliana/Área de Trabalho/datapipeline/.env/lib/python3.8/site-packages/airflow/example_dags/example_branch_labels.py
[2022-09-14T21:15:21.672-0300] {processor.py:650} INFO - DAG(s) dict_keys(['example_branch_labels']) retrieved from /home/juliana/Área de Trabalho/datapipeline/.env/lib/python3.8/site-packages/airflow/example_dags/example_branch_labels.py
[2022-09-14T21:15:21.689-0300] {logging_mixin.py:115} INFO - [2022-09-14T21:15:21.689-0300] {dag.py:2429} INFO - Sync 1 DAGs
[2022-09-14T21:15:21.706-0300] {logging_mixin.py:115} INFO - [2022-09-14T21:15:21.706-0300] {dag.py:2977} INFO - Setting next_dagrun for example_branch_labels to 2022-09-14T00:00:00+00:00, run_after=2022-09-15T00:00:00+00:00
[2022-09-14T21:15:21.720-0300] {processor.py:161} INFO - Processing /home/juliana/Área de Trabalho/datapipeline/.env/lib/python3.8/site-packages/airflow/example_dags/example_branch_labels.py took 0.063 seconds
[2022-09-14T21:15:58.166-0300] {processor.py:153} INFO - Started process (PID=20934) to work on /home/juliana/Área de Trabalho/datapipeline/.env/lib/python3.8/site-packages/airflow/example_dags/example_branch_labels.py
[2022-09-14T21:15:58.168-0300] {processor.py:640} INFO - Processing file /home/juliana/Área de Trabalho/datapipeline/.env/lib/python3.8/site-packages/airflow/example_dags/example_branch_labels.py for tasks to queue
[2022-09-14T21:15:58.169-0300] {logging_mixin.py:115} INFO - [2022-09-14T21:15:58.168-0300] {dagbag.py:508} INFO - Filling up the DagBag from /home/juliana/Área de Trabalho/datapipeline/.env/lib/python3.8/site-packages/airflow/example_dags/example_branch_labels.py
[2022-09-14T21:15:58.178-0300] {processor.py:650} INFO - DAG(s) dict_keys(['example_branch_labels']) retrieved from /home/juliana/Área de Trabalho/datapipeline/.env/lib/python3.8/site-packages/airflow/example_dags/example_branch_labels.py
[2022-09-14T21:15:58.196-0300] {logging_mixin.py:115} INFO - [2022-09-14T21:15:58.196-0300] {dag.py:2429} INFO - Sync 1 DAGs
[2022-09-14T21:15:58.218-0300] {logging_mixin.py:115} INFO - [2022-09-14T21:15:58.218-0300] {dag.py:2977} INFO - Setting next_dagrun for example_branch_labels to 2022-09-14T00:00:00+00:00, run_after=2022-09-15T00:00:00+00:00
[2022-09-14T21:15:58.245-0300] {processor.py:161} INFO - Processing /home/juliana/Área de Trabalho/datapipeline/.env/lib/python3.8/site-packages/airflow/example_dags/example_branch_labels.py took 0.085 seconds
[2022-09-14T21:16:33.509-0300] {processor.py:153} INFO - Started process (PID=20971) to work on /home/juliana/Área de Trabalho/datapipeline/.env/lib/python3.8/site-packages/airflow/example_dags/example_branch_labels.py
[2022-09-14T21:16:33.510-0300] {processor.py:640} INFO - Processing file /home/juliana/Área de Trabalho/datapipeline/.env/lib/python3.8/site-packages/airflow/example_dags/example_branch_labels.py for tasks to queue
[2022-09-14T21:16:33.511-0300] {logging_mixin.py:115} INFO - [2022-09-14T21:16:33.511-0300] {dagbag.py:508} INFO - Filling up the DagBag from /home/juliana/Área de Trabalho/datapipeline/.env/lib/python3.8/site-packages/airflow/example_dags/example_branch_labels.py
[2022-09-14T21:16:33.520-0300] {processor.py:650} INFO - DAG(s) dict_keys(['example_branch_labels']) retrieved from /home/juliana/Área de Trabalho/datapipeline/.env/lib/python3.8/site-packages/airflow/example_dags/example_branch_labels.py
[2022-09-14T21:16:33.536-0300] {logging_mixin.py:115} INFO - [2022-09-14T21:16:33.536-0300] {dag.py:2429} INFO - Sync 1 DAGs
[2022-09-14T21:16:33.552-0300] {logging_mixin.py:115} INFO - [2022-09-14T21:16:33.552-0300] {dag.py:2977} INFO - Setting next_dagrun for example_branch_labels to 2022-09-14T00:00:00+00:00, run_after=2022-09-15T00:00:00+00:00
[2022-09-14T21:16:33.573-0300] {processor.py:161} INFO - Processing /home/juliana/Área de Trabalho/datapipeline/.env/lib/python3.8/site-packages/airflow/example_dags/example_branch_labels.py took 0.068 seconds
[2022-09-14T21:17:09.260-0300] {processor.py:153} INFO - Started process (PID=21010) to work on /home/juliana/Área de Trabalho/datapipeline/.env/lib/python3.8/site-packages/airflow/example_dags/example_branch_labels.py
[2022-09-14T21:17:09.261-0300] {processor.py:640} INFO - Processing file /home/juliana/Área de Trabalho/datapipeline/.env/lib/python3.8/site-packages/airflow/example_dags/example_branch_labels.py for tasks to queue
[2022-09-14T21:17:09.262-0300] {logging_mixin.py:115} INFO - [2022-09-14T21:17:09.262-0300] {dagbag.py:508} INFO - Filling up the DagBag from /home/juliana/Área de Trabalho/datapipeline/.env/lib/python3.8/site-packages/airflow/example_dags/example_branch_labels.py
[2022-09-14T21:17:09.269-0300] {processor.py:650} INFO - DAG(s) dict_keys(['example_branch_labels']) retrieved from /home/juliana/Área de Trabalho/datapipeline/.env/lib/python3.8/site-packages/airflow/example_dags/example_branch_labels.py
[2022-09-14T21:17:09.285-0300] {logging_mixin.py:115} INFO - [2022-09-14T21:17:09.285-0300] {dag.py:2429} INFO - Sync 1 DAGs
[2022-09-14T21:17:09.303-0300] {logging_mixin.py:115} INFO - [2022-09-14T21:17:09.303-0300] {dag.py:2977} INFO - Setting next_dagrun for example_branch_labels to 2022-09-14T00:00:00+00:00, run_after=2022-09-15T00:00:00+00:00
[2022-09-14T21:17:09.319-0300] {processor.py:161} INFO - Processing /home/juliana/Área de Trabalho/datapipeline/.env/lib/python3.8/site-packages/airflow/example_dags/example_branch_labels.py took 0.062 seconds
[2022-09-14T21:17:42.018-0300] {processor.py:153} INFO - Started process (PID=21047) to work on /home/juliana/Área de Trabalho/datapipeline/.env/lib/python3.8/site-packages/airflow/example_dags/example_branch_labels.py
[2022-09-14T21:17:42.019-0300] {processor.py:640} INFO - Processing file /home/juliana/Área de Trabalho/datapipeline/.env/lib/python3.8/site-packages/airflow/example_dags/example_branch_labels.py for tasks to queue
[2022-09-14T21:17:42.020-0300] {logging_mixin.py:115} INFO - [2022-09-14T21:17:42.020-0300] {dagbag.py:508} INFO - Filling up the DagBag from /home/juliana/Área de Trabalho/datapipeline/.env/lib/python3.8/site-packages/airflow/example_dags/example_branch_labels.py
[2022-09-14T21:17:42.028-0300] {processor.py:650} INFO - DAG(s) dict_keys(['example_branch_labels']) retrieved from /home/juliana/Área de Trabalho/datapipeline/.env/lib/python3.8/site-packages/airflow/example_dags/example_branch_labels.py
[2022-09-14T21:17:42.045-0300] {logging_mixin.py:115} INFO - [2022-09-14T21:17:42.045-0300] {dag.py:2429} INFO - Sync 1 DAGs
[2022-09-14T21:17:42.063-0300] {logging_mixin.py:115} INFO - [2022-09-14T21:17:42.063-0300] {dag.py:2977} INFO - Setting next_dagrun for example_branch_labels to 2022-09-14T00:00:00+00:00, run_after=2022-09-15T00:00:00+00:00
[2022-09-14T21:17:42.078-0300] {processor.py:161} INFO - Processing /home/juliana/Área de Trabalho/datapipeline/.env/lib/python3.8/site-packages/airflow/example_dags/example_branch_labels.py took 0.065 seconds
[2022-09-14T21:18:15.978-0300] {processor.py:153} INFO - Started process (PID=21087) to work on /home/juliana/Área de Trabalho/datapipeline/.env/lib/python3.8/site-packages/airflow/example_dags/example_branch_labels.py
[2022-09-14T21:18:15.980-0300] {processor.py:640} INFO - Processing file /home/juliana/Área de Trabalho/datapipeline/.env/lib/python3.8/site-packages/airflow/example_dags/example_branch_labels.py for tasks to queue
[2022-09-14T21:18:15.980-0300] {logging_mixin.py:115} INFO - [2022-09-14T21:18:15.980-0300] {dagbag.py:508} INFO - Filling up the DagBag from /home/juliana/Área de Trabalho/datapipeline/.env/lib/python3.8/site-packages/airflow/example_dags/example_branch_labels.py
[2022-09-14T21:18:15.987-0300] {processor.py:650} INFO - DAG(s) dict_keys(['example_branch_labels']) retrieved from /home/juliana/Área de Trabalho/datapipeline/.env/lib/python3.8/site-packages/airflow/example_dags/example_branch_labels.py
[2022-09-14T21:18:16.002-0300] {logging_mixin.py:115} INFO - [2022-09-14T21:18:16.002-0300] {dag.py:2429} INFO - Sync 1 DAGs
[2022-09-14T21:18:16.021-0300] {logging_mixin.py:115} INFO - [2022-09-14T21:18:16.020-0300] {dag.py:2977} INFO - Setting next_dagrun for example_branch_labels to 2022-09-14T00:00:00+00:00, run_after=2022-09-15T00:00:00+00:00
[2022-09-14T21:18:16.038-0300] {processor.py:161} INFO - Processing /home/juliana/Área de Trabalho/datapipeline/.env/lib/python3.8/site-packages/airflow/example_dags/example_branch_labels.py took 0.064 seconds
[2022-09-14T21:18:48.648-0300] {processor.py:153} INFO - Started process (PID=21122) to work on /home/juliana/Área de Trabalho/datapipeline/.env/lib/python3.8/site-packages/airflow/example_dags/example_branch_labels.py
[2022-09-14T21:18:48.649-0300] {processor.py:640} INFO - Processing file /home/juliana/Área de Trabalho/datapipeline/.env/lib/python3.8/site-packages/airflow/example_dags/example_branch_labels.py for tasks to queue
[2022-09-14T21:18:48.650-0300] {logging_mixin.py:115} INFO - [2022-09-14T21:18:48.650-0300] {dagbag.py:508} INFO - Filling up the DagBag from /home/juliana/Área de Trabalho/datapipeline/.env/lib/python3.8/site-packages/airflow/example_dags/example_branch_labels.py
[2022-09-14T21:18:48.656-0300] {processor.py:650} INFO - DAG(s) dict_keys(['example_branch_labels']) retrieved from /home/juliana/Área de Trabalho/datapipeline/.env/lib/python3.8/site-packages/airflow/example_dags/example_branch_labels.py
[2022-09-14T21:18:48.672-0300] {logging_mixin.py:115} INFO - [2022-09-14T21:18:48.672-0300] {dag.py:2429} INFO - Sync 1 DAGs
[2022-09-14T21:18:48.689-0300] {logging_mixin.py:115} INFO - [2022-09-14T21:18:48.689-0300] {dag.py:2977} INFO - Setting next_dagrun for example_branch_labels to 2022-09-14T00:00:00+00:00, run_after=2022-09-15T00:00:00+00:00
[2022-09-14T21:18:48.710-0300] {processor.py:161} INFO - Processing /home/juliana/Área de Trabalho/datapipeline/.env/lib/python3.8/site-packages/airflow/example_dags/example_branch_labels.py took 0.065 seconds
[2022-09-14T21:19:21.908-0300] {processor.py:153} INFO - Started process (PID=21156) to work on /home/juliana/Área de Trabalho/datapipeline/.env/lib/python3.8/site-packages/airflow/example_dags/example_branch_labels.py
[2022-09-14T21:19:21.910-0300] {processor.py:640} INFO - Processing file /home/juliana/Área de Trabalho/datapipeline/.env/lib/python3.8/site-packages/airflow/example_dags/example_branch_labels.py for tasks to queue
[2022-09-14T21:19:21.911-0300] {logging_mixin.py:115} INFO - [2022-09-14T21:19:21.911-0300] {dagbag.py:508} INFO - Filling up the DagBag from /home/juliana/Área de Trabalho/datapipeline/.env/lib/python3.8/site-packages/airflow/example_dags/example_branch_labels.py
[2022-09-14T21:19:21.921-0300] {processor.py:650} INFO - DAG(s) dict_keys(['example_branch_labels']) retrieved from /home/juliana/Área de Trabalho/datapipeline/.env/lib/python3.8/site-packages/airflow/example_dags/example_branch_labels.py
[2022-09-14T21:19:21.937-0300] {logging_mixin.py:115} INFO - [2022-09-14T21:19:21.937-0300] {dag.py:2429} INFO - Sync 1 DAGs
[2022-09-14T21:19:21.954-0300] {logging_mixin.py:115} INFO - [2022-09-14T21:19:21.954-0300] {dag.py:2977} INFO - Setting next_dagrun for example_branch_labels to 2022-09-14T00:00:00+00:00, run_after=2022-09-15T00:00:00+00:00
[2022-09-14T21:19:21.970-0300] {processor.py:161} INFO - Processing /home/juliana/Área de Trabalho/datapipeline/.env/lib/python3.8/site-packages/airflow/example_dags/example_branch_labels.py took 0.067 seconds
[2022-09-14T21:19:58.337-0300] {processor.py:153} INFO - Started process (PID=21192) to work on /home/juliana/Área de Trabalho/datapipeline/.env/lib/python3.8/site-packages/airflow/example_dags/example_branch_labels.py
[2022-09-14T21:19:58.339-0300] {processor.py:640} INFO - Processing file /home/juliana/Área de Trabalho/datapipeline/.env/lib/python3.8/site-packages/airflow/example_dags/example_branch_labels.py for tasks to queue
[2022-09-14T21:19:58.340-0300] {logging_mixin.py:115} INFO - [2022-09-14T21:19:58.340-0300] {dagbag.py:508} INFO - Filling up the DagBag from /home/juliana/Área de Trabalho/datapipeline/.env/lib/python3.8/site-packages/airflow/example_dags/example_branch_labels.py
[2022-09-14T21:19:58.349-0300] {processor.py:650} INFO - DAG(s) dict_keys(['example_branch_labels']) retrieved from /home/juliana/Área de Trabalho/datapipeline/.env/lib/python3.8/site-packages/airflow/example_dags/example_branch_labels.py
[2022-09-14T21:19:58.369-0300] {logging_mixin.py:115} INFO - [2022-09-14T21:19:58.369-0300] {dag.py:2429} INFO - Sync 1 DAGs
[2022-09-14T21:19:58.392-0300] {logging_mixin.py:115} INFO - [2022-09-14T21:19:58.392-0300] {dag.py:2977} INFO - Setting next_dagrun for example_branch_labels to 2022-09-14T00:00:00+00:00, run_after=2022-09-15T00:00:00+00:00
[2022-09-14T21:19:58.408-0300] {processor.py:161} INFO - Processing /home/juliana/Área de Trabalho/datapipeline/.env/lib/python3.8/site-packages/airflow/example_dags/example_branch_labels.py took 0.076 seconds
[2022-09-14T21:20:31.195-0300] {processor.py:153} INFO - Started process (PID=21228) to work on /home/juliana/Área de Trabalho/datapipeline/.env/lib/python3.8/site-packages/airflow/example_dags/example_branch_labels.py
[2022-09-14T21:20:31.197-0300] {processor.py:640} INFO - Processing file /home/juliana/Área de Trabalho/datapipeline/.env/lib/python3.8/site-packages/airflow/example_dags/example_branch_labels.py for tasks to queue
[2022-09-14T21:20:31.198-0300] {logging_mixin.py:115} INFO - [2022-09-14T21:20:31.198-0300] {dagbag.py:508} INFO - Filling up the DagBag from /home/juliana/Área de Trabalho/datapipeline/.env/lib/python3.8/site-packages/airflow/example_dags/example_branch_labels.py
[2022-09-14T21:20:31.208-0300] {processor.py:650} INFO - DAG(s) dict_keys(['example_branch_labels']) retrieved from /home/juliana/Área de Trabalho/datapipeline/.env/lib/python3.8/site-packages/airflow/example_dags/example_branch_labels.py
[2022-09-14T21:20:31.226-0300] {logging_mixin.py:115} INFO - [2022-09-14T21:20:31.226-0300] {dag.py:2429} INFO - Sync 1 DAGs
[2022-09-14T21:20:31.246-0300] {logging_mixin.py:115} INFO - [2022-09-14T21:20:31.245-0300] {dag.py:2977} INFO - Setting next_dagrun for example_branch_labels to 2022-09-14T00:00:00+00:00, run_after=2022-09-15T00:00:00+00:00
[2022-09-14T21:20:31.261-0300] {processor.py:161} INFO - Processing /home/juliana/Área de Trabalho/datapipeline/.env/lib/python3.8/site-packages/airflow/example_dags/example_branch_labels.py took 0.071 seconds
[2022-09-14T21:21:04.821-0300] {processor.py:153} INFO - Started process (PID=21265) to work on /home/juliana/Área de Trabalho/datapipeline/.env/lib/python3.8/site-packages/airflow/example_dags/example_branch_labels.py
[2022-09-14T21:21:04.823-0300] {processor.py:640} INFO - Processing file /home/juliana/Área de Trabalho/datapipeline/.env/lib/python3.8/site-packages/airflow/example_dags/example_branch_labels.py for tasks to queue
[2022-09-14T21:21:04.824-0300] {logging_mixin.py:115} INFO - [2022-09-14T21:21:04.824-0300] {dagbag.py:508} INFO - Filling up the DagBag from /home/juliana/Área de Trabalho/datapipeline/.env/lib/python3.8/site-packages/airflow/example_dags/example_branch_labels.py
[2022-09-14T21:21:04.834-0300] {processor.py:650} INFO - DAG(s) dict_keys(['example_branch_labels']) retrieved from /home/juliana/Área de Trabalho/datapipeline/.env/lib/python3.8/site-packages/airflow/example_dags/example_branch_labels.py
[2022-09-14T21:21:04.852-0300] {logging_mixin.py:115} INFO - [2022-09-14T21:21:04.852-0300] {dag.py:2429} INFO - Sync 1 DAGs
[2022-09-14T21:21:04.869-0300] {logging_mixin.py:115} INFO - [2022-09-14T21:21:04.869-0300] {dag.py:2977} INFO - Setting next_dagrun for example_branch_labels to 2022-09-14T00:00:00+00:00, run_after=2022-09-15T00:00:00+00:00
[2022-09-14T21:21:04.899-0300] {processor.py:161} INFO - Processing /home/juliana/Área de Trabalho/datapipeline/.env/lib/python3.8/site-packages/airflow/example_dags/example_branch_labels.py took 0.083 seconds
[2022-09-14T21:21:40.037-0300] {processor.py:153} INFO - Started process (PID=21301) to work on /home/juliana/Área de Trabalho/datapipeline/.env/lib/python3.8/site-packages/airflow/example_dags/example_branch_labels.py
[2022-09-14T21:21:40.038-0300] {processor.py:640} INFO - Processing file /home/juliana/Área de Trabalho/datapipeline/.env/lib/python3.8/site-packages/airflow/example_dags/example_branch_labels.py for tasks to queue
[2022-09-14T21:21:40.039-0300] {logging_mixin.py:115} INFO - [2022-09-14T21:21:40.038-0300] {dagbag.py:508} INFO - Filling up the DagBag from /home/juliana/Área de Trabalho/datapipeline/.env/lib/python3.8/site-packages/airflow/example_dags/example_branch_labels.py
[2022-09-14T21:21:40.045-0300] {processor.py:650} INFO - DAG(s) dict_keys(['example_branch_labels']) retrieved from /home/juliana/Área de Trabalho/datapipeline/.env/lib/python3.8/site-packages/airflow/example_dags/example_branch_labels.py
[2022-09-14T21:21:40.061-0300] {logging_mixin.py:115} INFO - [2022-09-14T21:21:40.061-0300] {dag.py:2429} INFO - Sync 1 DAGs
[2022-09-14T21:21:40.078-0300] {logging_mixin.py:115} INFO - [2022-09-14T21:21:40.078-0300] {dag.py:2977} INFO - Setting next_dagrun for example_branch_labels to 2022-09-14T00:00:00+00:00, run_after=2022-09-15T00:00:00+00:00
[2022-09-14T21:21:40.096-0300] {processor.py:161} INFO - Processing /home/juliana/Área de Trabalho/datapipeline/.env/lib/python3.8/site-packages/airflow/example_dags/example_branch_labels.py took 0.062 seconds
[2022-09-14T21:22:14.992-0300] {processor.py:153} INFO - Started process (PID=21340) to work on /home/juliana/Área de Trabalho/datapipeline/.env/lib/python3.8/site-packages/airflow/example_dags/example_branch_labels.py
[2022-09-14T21:22:14.993-0300] {processor.py:640} INFO - Processing file /home/juliana/Área de Trabalho/datapipeline/.env/lib/python3.8/site-packages/airflow/example_dags/example_branch_labels.py for tasks to queue
[2022-09-14T21:22:14.993-0300] {logging_mixin.py:115} INFO - [2022-09-14T21:22:14.993-0300] {dagbag.py:508} INFO - Filling up the DagBag from /home/juliana/Área de Trabalho/datapipeline/.env/lib/python3.8/site-packages/airflow/example_dags/example_branch_labels.py
[2022-09-14T21:22:15.002-0300] {processor.py:650} INFO - DAG(s) dict_keys(['example_branch_labels']) retrieved from /home/juliana/Área de Trabalho/datapipeline/.env/lib/python3.8/site-packages/airflow/example_dags/example_branch_labels.py
[2022-09-14T21:22:15.020-0300] {logging_mixin.py:115} INFO - [2022-09-14T21:22:15.019-0300] {dag.py:2429} INFO - Sync 1 DAGs
[2022-09-14T21:22:15.040-0300] {logging_mixin.py:115} INFO - [2022-09-14T21:22:15.040-0300] {dag.py:2977} INFO - Setting next_dagrun for example_branch_labels to 2022-09-14T00:00:00+00:00, run_after=2022-09-15T00:00:00+00:00
[2022-09-14T21:22:15.060-0300] {processor.py:161} INFO - Processing /home/juliana/Área de Trabalho/datapipeline/.env/lib/python3.8/site-packages/airflow/example_dags/example_branch_labels.py took 0.071 seconds
[2022-09-14T21:22:50.815-0300] {processor.py:153} INFO - Started process (PID=21384) to work on /home/juliana/Área de Trabalho/datapipeline/.env/lib/python3.8/site-packages/airflow/example_dags/example_branch_labels.py
[2022-09-14T21:22:50.817-0300] {processor.py:640} INFO - Processing file /home/juliana/Área de Trabalho/datapipeline/.env/lib/python3.8/site-packages/airflow/example_dags/example_branch_labels.py for tasks to queue
[2022-09-14T21:22:50.818-0300] {logging_mixin.py:115} INFO - [2022-09-14T21:22:50.817-0300] {dagbag.py:508} INFO - Filling up the DagBag from /home/juliana/Área de Trabalho/datapipeline/.env/lib/python3.8/site-packages/airflow/example_dags/example_branch_labels.py
[2022-09-14T21:22:50.829-0300] {processor.py:650} INFO - DAG(s) dict_keys(['example_branch_labels']) retrieved from /home/juliana/Área de Trabalho/datapipeline/.env/lib/python3.8/site-packages/airflow/example_dags/example_branch_labels.py
[2022-09-14T21:22:50.847-0300] {logging_mixin.py:115} INFO - [2022-09-14T21:22:50.847-0300] {dag.py:2429} INFO - Sync 1 DAGs
[2022-09-14T21:22:50.882-0300] {logging_mixin.py:115} INFO - [2022-09-14T21:22:50.881-0300] {dag.py:2977} INFO - Setting next_dagrun for example_branch_labels to 2022-09-14T00:00:00+00:00, run_after=2022-09-15T00:00:00+00:00
[2022-09-14T21:22:50.906-0300] {processor.py:161} INFO - Processing /home/juliana/Área de Trabalho/datapipeline/.env/lib/python3.8/site-packages/airflow/example_dags/example_branch_labels.py took 0.097 seconds
[2022-09-14T21:23:25.934-0300] {processor.py:153} INFO - Started process (PID=21446) to work on /home/juliana/Área de Trabalho/datapipeline/.env/lib/python3.8/site-packages/airflow/example_dags/example_branch_labels.py
[2022-09-14T21:23:25.935-0300] {processor.py:640} INFO - Processing file /home/juliana/Área de Trabalho/datapipeline/.env/lib/python3.8/site-packages/airflow/example_dags/example_branch_labels.py for tasks to queue
[2022-09-14T21:23:25.936-0300] {logging_mixin.py:115} INFO - [2022-09-14T21:23:25.936-0300] {dagbag.py:508} INFO - Filling up the DagBag from /home/juliana/Área de Trabalho/datapipeline/.env/lib/python3.8/site-packages/airflow/example_dags/example_branch_labels.py
[2022-09-14T21:23:25.945-0300] {processor.py:650} INFO - DAG(s) dict_keys(['example_branch_labels']) retrieved from /home/juliana/Área de Trabalho/datapipeline/.env/lib/python3.8/site-packages/airflow/example_dags/example_branch_labels.py
[2022-09-14T21:23:25.961-0300] {logging_mixin.py:115} INFO - [2022-09-14T21:23:25.961-0300] {dag.py:2429} INFO - Sync 1 DAGs
[2022-09-14T21:23:25.978-0300] {logging_mixin.py:115} INFO - [2022-09-14T21:23:25.978-0300] {dag.py:2977} INFO - Setting next_dagrun for example_branch_labels to 2022-09-14T00:00:00+00:00, run_after=2022-09-15T00:00:00+00:00
[2022-09-14T21:23:25.991-0300] {processor.py:161} INFO - Processing /home/juliana/Área de Trabalho/datapipeline/.env/lib/python3.8/site-packages/airflow/example_dags/example_branch_labels.py took 0.062 seconds
[2022-09-14T21:24:04.269-0300] {processor.py:153} INFO - Started process (PID=21498) to work on /home/juliana/Área de Trabalho/datapipeline/.env/lib/python3.8/site-packages/airflow/example_dags/example_branch_labels.py
[2022-09-14T21:24:04.272-0300] {processor.py:640} INFO - Processing file /home/juliana/Área de Trabalho/datapipeline/.env/lib/python3.8/site-packages/airflow/example_dags/example_branch_labels.py for tasks to queue
[2022-09-14T21:24:04.272-0300] {logging_mixin.py:115} INFO - [2022-09-14T21:24:04.272-0300] {dagbag.py:508} INFO - Filling up the DagBag from /home/juliana/Área de Trabalho/datapipeline/.env/lib/python3.8/site-packages/airflow/example_dags/example_branch_labels.py
[2022-09-14T21:24:04.289-0300] {processor.py:650} INFO - DAG(s) dict_keys(['example_branch_labels']) retrieved from /home/juliana/Área de Trabalho/datapipeline/.env/lib/python3.8/site-packages/airflow/example_dags/example_branch_labels.py
[2022-09-14T21:24:04.322-0300] {logging_mixin.py:115} INFO - [2022-09-14T21:24:04.321-0300] {dag.py:2429} INFO - Sync 1 DAGs
[2022-09-14T21:24:04.361-0300] {logging_mixin.py:115} INFO - [2022-09-14T21:24:04.361-0300] {dag.py:2977} INFO - Setting next_dagrun for example_branch_labels to 2022-09-14T00:00:00+00:00, run_after=2022-09-15T00:00:00+00:00
[2022-09-14T21:24:04.387-0300] {processor.py:161} INFO - Processing /home/juliana/Área de Trabalho/datapipeline/.env/lib/python3.8/site-packages/airflow/example_dags/example_branch_labels.py took 0.125 seconds
[2022-09-14T21:24:39.715-0300] {processor.py:153} INFO - Started process (PID=21548) to work on /home/juliana/Área de Trabalho/datapipeline/.env/lib/python3.8/site-packages/airflow/example_dags/example_branch_labels.py
[2022-09-14T21:24:39.717-0300] {processor.py:640} INFO - Processing file /home/juliana/Área de Trabalho/datapipeline/.env/lib/python3.8/site-packages/airflow/example_dags/example_branch_labels.py for tasks to queue
[2022-09-14T21:24:39.718-0300] {logging_mixin.py:115} INFO - [2022-09-14T21:24:39.718-0300] {dagbag.py:508} INFO - Filling up the DagBag from /home/juliana/Área de Trabalho/datapipeline/.env/lib/python3.8/site-packages/airflow/example_dags/example_branch_labels.py
[2022-09-14T21:24:39.739-0300] {processor.py:650} INFO - DAG(s) dict_keys(['example_branch_labels']) retrieved from /home/juliana/Área de Trabalho/datapipeline/.env/lib/python3.8/site-packages/airflow/example_dags/example_branch_labels.py
[2022-09-14T21:24:39.763-0300] {logging_mixin.py:115} INFO - [2022-09-14T21:24:39.762-0300] {dag.py:2429} INFO - Sync 1 DAGs
[2022-09-14T21:24:39.779-0300] {logging_mixin.py:115} INFO - [2022-09-14T21:24:39.779-0300] {dag.py:2977} INFO - Setting next_dagrun for example_branch_labels to 2022-09-14T00:00:00+00:00, run_after=2022-09-15T00:00:00+00:00
[2022-09-14T21:24:39.795-0300] {processor.py:161} INFO - Processing /home/juliana/Área de Trabalho/datapipeline/.env/lib/python3.8/site-packages/airflow/example_dags/example_branch_labels.py took 0.091 seconds
[2022-09-14T21:25:15.626-0300] {processor.py:153} INFO - Started process (PID=21585) to work on /home/juliana/Área de Trabalho/datapipeline/.env/lib/python3.8/site-packages/airflow/example_dags/example_branch_labels.py
[2022-09-14T21:25:15.627-0300] {processor.py:640} INFO - Processing file /home/juliana/Área de Trabalho/datapipeline/.env/lib/python3.8/site-packages/airflow/example_dags/example_branch_labels.py for tasks to queue
[2022-09-14T21:25:15.629-0300] {logging_mixin.py:115} INFO - [2022-09-14T21:25:15.628-0300] {dagbag.py:508} INFO - Filling up the DagBag from /home/juliana/Área de Trabalho/datapipeline/.env/lib/python3.8/site-packages/airflow/example_dags/example_branch_labels.py
[2022-09-14T21:25:15.651-0300] {processor.py:650} INFO - DAG(s) dict_keys(['example_branch_labels']) retrieved from /home/juliana/Área de Trabalho/datapipeline/.env/lib/python3.8/site-packages/airflow/example_dags/example_branch_labels.py
[2022-09-14T21:25:15.669-0300] {logging_mixin.py:115} INFO - [2022-09-14T21:25:15.669-0300] {dag.py:2429} INFO - Sync 1 DAGs
[2022-09-14T21:25:15.696-0300] {logging_mixin.py:115} INFO - [2022-09-14T21:25:15.696-0300] {dag.py:2977} INFO - Setting next_dagrun for example_branch_labels to 2022-09-14T00:00:00+00:00, run_after=2022-09-15T00:00:00+00:00
[2022-09-14T21:25:15.734-0300] {processor.py:161} INFO - Processing /home/juliana/Área de Trabalho/datapipeline/.env/lib/python3.8/site-packages/airflow/example_dags/example_branch_labels.py took 0.112 seconds
[2022-09-14T21:25:48.563-0300] {processor.py:153} INFO - Started process (PID=21619) to work on /home/juliana/Área de Trabalho/datapipeline/.env/lib/python3.8/site-packages/airflow/example_dags/example_branch_labels.py
[2022-09-14T21:25:48.564-0300] {processor.py:640} INFO - Processing file /home/juliana/Área de Trabalho/datapipeline/.env/lib/python3.8/site-packages/airflow/example_dags/example_branch_labels.py for tasks to queue
[2022-09-14T21:25:48.565-0300] {logging_mixin.py:115} INFO - [2022-09-14T21:25:48.564-0300] {dagbag.py:508} INFO - Filling up the DagBag from /home/juliana/Área de Trabalho/datapipeline/.env/lib/python3.8/site-packages/airflow/example_dags/example_branch_labels.py
[2022-09-14T21:25:48.574-0300] {processor.py:650} INFO - DAG(s) dict_keys(['example_branch_labels']) retrieved from /home/juliana/Área de Trabalho/datapipeline/.env/lib/python3.8/site-packages/airflow/example_dags/example_branch_labels.py
[2022-09-14T21:25:48.591-0300] {logging_mixin.py:115} INFO - [2022-09-14T21:25:48.591-0300] {dag.py:2429} INFO - Sync 1 DAGs
[2022-09-14T21:25:48.607-0300] {logging_mixin.py:115} INFO - [2022-09-14T21:25:48.607-0300] {dag.py:2977} INFO - Setting next_dagrun for example_branch_labels to 2022-09-14T00:00:00+00:00, run_after=2022-09-15T00:00:00+00:00
[2022-09-14T21:25:48.631-0300] {processor.py:161} INFO - Processing /home/juliana/Área de Trabalho/datapipeline/.env/lib/python3.8/site-packages/airflow/example_dags/example_branch_labels.py took 0.073 seconds
[2022-09-14T21:26:22.140-0300] {processor.py:153} INFO - Started process (PID=21655) to work on /home/juliana/Área de Trabalho/datapipeline/.env/lib/python3.8/site-packages/airflow/example_dags/example_branch_labels.py
[2022-09-14T21:26:22.148-0300] {processor.py:640} INFO - Processing file /home/juliana/Área de Trabalho/datapipeline/.env/lib/python3.8/site-packages/airflow/example_dags/example_branch_labels.py for tasks to queue
[2022-09-14T21:26:22.149-0300] {logging_mixin.py:115} INFO - [2022-09-14T21:26:22.149-0300] {dagbag.py:508} INFO - Filling up the DagBag from /home/juliana/Área de Trabalho/datapipeline/.env/lib/python3.8/site-packages/airflow/example_dags/example_branch_labels.py
[2022-09-14T21:26:22.162-0300] {processor.py:650} INFO - DAG(s) dict_keys(['example_branch_labels']) retrieved from /home/juliana/Área de Trabalho/datapipeline/.env/lib/python3.8/site-packages/airflow/example_dags/example_branch_labels.py
[2022-09-14T21:26:22.180-0300] {logging_mixin.py:115} INFO - [2022-09-14T21:26:22.180-0300] {dag.py:2429} INFO - Sync 1 DAGs
[2022-09-14T21:26:22.198-0300] {logging_mixin.py:115} INFO - [2022-09-14T21:26:22.198-0300] {dag.py:2977} INFO - Setting next_dagrun for example_branch_labels to 2022-09-14T00:00:00+00:00, run_after=2022-09-15T00:00:00+00:00
[2022-09-14T21:26:22.213-0300] {processor.py:161} INFO - Processing /home/juliana/Área de Trabalho/datapipeline/.env/lib/python3.8/site-packages/airflow/example_dags/example_branch_labels.py took 0.078 seconds
[2022-09-14T21:26:55.918-0300] {processor.py:153} INFO - Started process (PID=21692) to work on /home/juliana/Área de Trabalho/datapipeline/.env/lib/python3.8/site-packages/airflow/example_dags/example_branch_labels.py
[2022-09-14T21:26:55.923-0300] {processor.py:640} INFO - Processing file /home/juliana/Área de Trabalho/datapipeline/.env/lib/python3.8/site-packages/airflow/example_dags/example_branch_labels.py for tasks to queue
[2022-09-14T21:26:55.933-0300] {logging_mixin.py:115} INFO - [2022-09-14T21:26:55.928-0300] {dagbag.py:508} INFO - Filling up the DagBag from /home/juliana/Área de Trabalho/datapipeline/.env/lib/python3.8/site-packages/airflow/example_dags/example_branch_labels.py
[2022-09-14T21:26:55.970-0300] {processor.py:650} INFO - DAG(s) dict_keys(['example_branch_labels']) retrieved from /home/juliana/Área de Trabalho/datapipeline/.env/lib/python3.8/site-packages/airflow/example_dags/example_branch_labels.py
[2022-09-14T21:26:56.079-0300] {logging_mixin.py:115} INFO - [2022-09-14T21:26:56.079-0300] {dag.py:2429} INFO - Sync 1 DAGs
[2022-09-14T21:26:56.194-0300] {logging_mixin.py:115} INFO - [2022-09-14T21:26:56.191-0300] {dag.py:2977} INFO - Setting next_dagrun for example_branch_labels to 2022-09-14T00:00:00+00:00, run_after=2022-09-15T00:00:00+00:00
[2022-09-14T21:26:56.242-0300] {processor.py:161} INFO - Processing /home/juliana/Área de Trabalho/datapipeline/.env/lib/python3.8/site-packages/airflow/example_dags/example_branch_labels.py took 0.353 seconds
[2022-09-14T21:36:41.682-0300] {processor.py:153} INFO - Started process (PID=21904) to work on /home/juliana/Área de Trabalho/datapipeline/.env/lib/python3.8/site-packages/airflow/example_dags/example_branch_labels.py
[2022-09-14T21:36:41.692-0300] {processor.py:640} INFO - Processing file /home/juliana/Área de Trabalho/datapipeline/.env/lib/python3.8/site-packages/airflow/example_dags/example_branch_labels.py for tasks to queue
[2022-09-14T21:36:41.694-0300] {logging_mixin.py:115} INFO - [2022-09-14T21:36:41.693-0300] {dagbag.py:508} INFO - Filling up the DagBag from /home/juliana/Área de Trabalho/datapipeline/.env/lib/python3.8/site-packages/airflow/example_dags/example_branch_labels.py
[2022-09-14T21:36:41.718-0300] {processor.py:650} INFO - DAG(s) dict_keys(['example_branch_labels']) retrieved from /home/juliana/Área de Trabalho/datapipeline/.env/lib/python3.8/site-packages/airflow/example_dags/example_branch_labels.py
[2022-09-14T21:36:41.791-0300] {logging_mixin.py:115} INFO - [2022-09-14T21:36:41.790-0300] {dag.py:2429} INFO - Sync 1 DAGs
[2022-09-14T21:36:41.857-0300] {logging_mixin.py:115} INFO - [2022-09-14T21:36:41.857-0300] {dag.py:2977} INFO - Setting next_dagrun for example_branch_labels to 2022-09-14T00:00:00+00:00, run_after=2022-09-15T00:00:00+00:00
[2022-09-14T21:36:41.907-0300] {processor.py:161} INFO - Processing /home/juliana/Área de Trabalho/datapipeline/.env/lib/python3.8/site-packages/airflow/example_dags/example_branch_labels.py took 0.245 seconds
[2022-09-15T13:35:48.875-0300] {processor.py:153} INFO - Started process (PID=7362) to work on /home/juliana/Área de Trabalho/datapipeline/.env/lib/python3.8/site-packages/airflow/example_dags/example_branch_labels.py
[2022-09-15T13:35:48.943-0300] {processor.py:640} INFO - Processing file /home/juliana/Área de Trabalho/datapipeline/.env/lib/python3.8/site-packages/airflow/example_dags/example_branch_labels.py for tasks to queue
[2022-09-15T13:35:48.945-0300] {logging_mixin.py:115} INFO - [2022-09-15T13:35:48.945-0300] {dagbag.py:508} INFO - Filling up the DagBag from /home/juliana/Área de Trabalho/datapipeline/.env/lib/python3.8/site-packages/airflow/example_dags/example_branch_labels.py
[2022-09-15T13:35:49.018-0300] {processor.py:650} INFO - DAG(s) dict_keys(['example_branch_labels']) retrieved from /home/juliana/Área de Trabalho/datapipeline/.env/lib/python3.8/site-packages/airflow/example_dags/example_branch_labels.py
[2022-09-15T13:35:49.088-0300] {logging_mixin.py:115} INFO - [2022-09-15T13:35:49.088-0300] {dag.py:2429} INFO - Sync 1 DAGs
[2022-09-15T13:35:49.139-0300] {logging_mixin.py:115} INFO - [2022-09-15T13:35:49.139-0300] {dag.py:2977} INFO - Setting next_dagrun for example_branch_labels to 2022-09-14T00:00:00+00:00, run_after=2022-09-15T00:00:00+00:00
[2022-09-15T13:35:49.442-0300] {processor.py:161} INFO - Processing /home/juliana/Área de Trabalho/datapipeline/.env/lib/python3.8/site-packages/airflow/example_dags/example_branch_labels.py took 0.571 seconds
[2022-09-15T13:36:29.987-0300] {processor.py:153} INFO - Started process (PID=7502) to work on /home/juliana/Área de Trabalho/datapipeline/.env/lib/python3.8/site-packages/airflow/example_dags/example_branch_labels.py
[2022-09-15T13:36:29.993-0300] {processor.py:640} INFO - Processing file /home/juliana/Área de Trabalho/datapipeline/.env/lib/python3.8/site-packages/airflow/example_dags/example_branch_labels.py for tasks to queue
[2022-09-15T13:36:29.994-0300] {logging_mixin.py:115} INFO - [2022-09-15T13:36:29.994-0300] {dagbag.py:508} INFO - Filling up the DagBag from /home/juliana/Área de Trabalho/datapipeline/.env/lib/python3.8/site-packages/airflow/example_dags/example_branch_labels.py
[2022-09-15T13:36:30.004-0300] {processor.py:650} INFO - DAG(s) dict_keys(['example_branch_labels']) retrieved from /home/juliana/Área de Trabalho/datapipeline/.env/lib/python3.8/site-packages/airflow/example_dags/example_branch_labels.py
[2022-09-15T13:36:30.022-0300] {logging_mixin.py:115} INFO - [2022-09-15T13:36:30.022-0300] {dag.py:2429} INFO - Sync 1 DAGs
[2022-09-15T13:36:30.046-0300] {logging_mixin.py:115} INFO - [2022-09-15T13:36:30.046-0300] {dag.py:2977} INFO - Setting next_dagrun for example_branch_labels to 2022-09-14T00:00:00+00:00, run_after=2022-09-15T00:00:00+00:00
[2022-09-15T13:36:30.065-0300] {processor.py:161} INFO - Processing /home/juliana/Área de Trabalho/datapipeline/.env/lib/python3.8/site-packages/airflow/example_dags/example_branch_labels.py took 0.083 seconds
[2022-09-15T13:37:08.655-0300] {processor.py:153} INFO - Started process (PID=7645) to work on /home/juliana/Área de Trabalho/datapipeline/.env/lib/python3.8/site-packages/airflow/example_dags/example_branch_labels.py
[2022-09-15T13:37:08.662-0300] {processor.py:640} INFO - Processing file /home/juliana/Área de Trabalho/datapipeline/.env/lib/python3.8/site-packages/airflow/example_dags/example_branch_labels.py for tasks to queue
[2022-09-15T13:37:08.664-0300] {logging_mixin.py:115} INFO - [2022-09-15T13:37:08.664-0300] {dagbag.py:508} INFO - Filling up the DagBag from /home/juliana/Área de Trabalho/datapipeline/.env/lib/python3.8/site-packages/airflow/example_dags/example_branch_labels.py
[2022-09-15T13:37:08.674-0300] {processor.py:650} INFO - DAG(s) dict_keys(['example_branch_labels']) retrieved from /home/juliana/Área de Trabalho/datapipeline/.env/lib/python3.8/site-packages/airflow/example_dags/example_branch_labels.py
[2022-09-15T13:37:08.697-0300] {logging_mixin.py:115} INFO - [2022-09-15T13:37:08.697-0300] {dag.py:2429} INFO - Sync 1 DAGs
[2022-09-15T13:37:08.733-0300] {logging_mixin.py:115} INFO - [2022-09-15T13:37:08.732-0300] {dag.py:2977} INFO - Setting next_dagrun for example_branch_labels to 2022-09-14T00:00:00+00:00, run_after=2022-09-15T00:00:00+00:00
[2022-09-15T13:37:08.752-0300] {processor.py:161} INFO - Processing /home/juliana/Área de Trabalho/datapipeline/.env/lib/python3.8/site-packages/airflow/example_dags/example_branch_labels.py took 0.102 seconds
[2022-09-15T13:37:55.795-0300] {processor.py:153} INFO - Started process (PID=7813) to work on /home/juliana/Área de Trabalho/datapipeline/.env/lib/python3.8/site-packages/airflow/example_dags/example_branch_labels.py
[2022-09-15T13:37:55.798-0300] {processor.py:640} INFO - Processing file /home/juliana/Área de Trabalho/datapipeline/.env/lib/python3.8/site-packages/airflow/example_dags/example_branch_labels.py for tasks to queue
[2022-09-15T13:37:55.799-0300] {logging_mixin.py:115} INFO - [2022-09-15T13:37:55.799-0300] {dagbag.py:508} INFO - Filling up the DagBag from /home/juliana/Área de Trabalho/datapipeline/.env/lib/python3.8/site-packages/airflow/example_dags/example_branch_labels.py
[2022-09-15T13:37:55.816-0300] {processor.py:650} INFO - DAG(s) dict_keys(['example_branch_labels']) retrieved from /home/juliana/Área de Trabalho/datapipeline/.env/lib/python3.8/site-packages/airflow/example_dags/example_branch_labels.py
[2022-09-15T13:37:55.845-0300] {logging_mixin.py:115} INFO - [2022-09-15T13:37:55.845-0300] {dag.py:2429} INFO - Sync 1 DAGs
[2022-09-15T13:37:55.867-0300] {logging_mixin.py:115} INFO - [2022-09-15T13:37:55.867-0300] {dag.py:2977} INFO - Setting next_dagrun for example_branch_labels to 2022-09-14T00:00:00+00:00, run_after=2022-09-15T00:00:00+00:00
[2022-09-15T13:37:55.890-0300] {processor.py:161} INFO - Processing /home/juliana/Área de Trabalho/datapipeline/.env/lib/python3.8/site-packages/airflow/example_dags/example_branch_labels.py took 0.101 seconds
[2022-09-15T13:38:34.497-0300] {processor.py:153} INFO - Started process (PID=7950) to work on /home/juliana/Área de Trabalho/datapipeline/.env/lib/python3.8/site-packages/airflow/example_dags/example_branch_labels.py
[2022-09-15T13:38:34.507-0300] {processor.py:640} INFO - Processing file /home/juliana/Área de Trabalho/datapipeline/.env/lib/python3.8/site-packages/airflow/example_dags/example_branch_labels.py for tasks to queue
[2022-09-15T13:38:34.508-0300] {logging_mixin.py:115} INFO - [2022-09-15T13:38:34.508-0300] {dagbag.py:508} INFO - Filling up the DagBag from /home/juliana/Área de Trabalho/datapipeline/.env/lib/python3.8/site-packages/airflow/example_dags/example_branch_labels.py
[2022-09-15T13:38:34.524-0300] {processor.py:650} INFO - DAG(s) dict_keys(['example_branch_labels']) retrieved from /home/juliana/Área de Trabalho/datapipeline/.env/lib/python3.8/site-packages/airflow/example_dags/example_branch_labels.py
[2022-09-15T13:38:34.544-0300] {logging_mixin.py:115} INFO - [2022-09-15T13:38:34.544-0300] {dag.py:2429} INFO - Sync 1 DAGs
[2022-09-15T13:38:34.567-0300] {logging_mixin.py:115} INFO - [2022-09-15T13:38:34.567-0300] {dag.py:2977} INFO - Setting next_dagrun for example_branch_labels to 2022-09-14T00:00:00+00:00, run_after=2022-09-15T00:00:00+00:00
[2022-09-15T13:38:34.588-0300] {processor.py:161} INFO - Processing /home/juliana/Área de Trabalho/datapipeline/.env/lib/python3.8/site-packages/airflow/example_dags/example_branch_labels.py took 0.096 seconds
[2022-09-15T13:39:17.621-0300] {processor.py:153} INFO - Started process (PID=8093) to work on /home/juliana/Área de Trabalho/datapipeline/.env/lib/python3.8/site-packages/airflow/example_dags/example_branch_labels.py
[2022-09-15T13:39:17.629-0300] {processor.py:640} INFO - Processing file /home/juliana/Área de Trabalho/datapipeline/.env/lib/python3.8/site-packages/airflow/example_dags/example_branch_labels.py for tasks to queue
[2022-09-15T13:39:17.631-0300] {logging_mixin.py:115} INFO - [2022-09-15T13:39:17.631-0300] {dagbag.py:508} INFO - Filling up the DagBag from /home/juliana/Área de Trabalho/datapipeline/.env/lib/python3.8/site-packages/airflow/example_dags/example_branch_labels.py
[2022-09-15T13:39:17.646-0300] {processor.py:650} INFO - DAG(s) dict_keys(['example_branch_labels']) retrieved from /home/juliana/Área de Trabalho/datapipeline/.env/lib/python3.8/site-packages/airflow/example_dags/example_branch_labels.py
[2022-09-15T13:39:17.665-0300] {logging_mixin.py:115} INFO - [2022-09-15T13:39:17.665-0300] {dag.py:2429} INFO - Sync 1 DAGs
[2022-09-15T13:39:17.686-0300] {logging_mixin.py:115} INFO - [2022-09-15T13:39:17.686-0300] {dag.py:2977} INFO - Setting next_dagrun for example_branch_labels to 2022-09-14T00:00:00+00:00, run_after=2022-09-15T00:00:00+00:00
[2022-09-15T13:39:17.703-0300] {processor.py:161} INFO - Processing /home/juliana/Área de Trabalho/datapipeline/.env/lib/python3.8/site-packages/airflow/example_dags/example_branch_labels.py took 0.088 seconds
[2022-09-15T13:39:56.715-0300] {processor.py:153} INFO - Started process (PID=8226) to work on /home/juliana/Área de Trabalho/datapipeline/.env/lib/python3.8/site-packages/airflow/example_dags/example_branch_labels.py
[2022-09-15T13:39:56.723-0300] {processor.py:640} INFO - Processing file /home/juliana/Área de Trabalho/datapipeline/.env/lib/python3.8/site-packages/airflow/example_dags/example_branch_labels.py for tasks to queue
[2022-09-15T13:39:56.724-0300] {logging_mixin.py:115} INFO - [2022-09-15T13:39:56.724-0300] {dagbag.py:508} INFO - Filling up the DagBag from /home/juliana/Área de Trabalho/datapipeline/.env/lib/python3.8/site-packages/airflow/example_dags/example_branch_labels.py
[2022-09-15T13:39:56.737-0300] {processor.py:650} INFO - DAG(s) dict_keys(['example_branch_labels']) retrieved from /home/juliana/Área de Trabalho/datapipeline/.env/lib/python3.8/site-packages/airflow/example_dags/example_branch_labels.py
[2022-09-15T13:39:56.761-0300] {logging_mixin.py:115} INFO - [2022-09-15T13:39:56.761-0300] {dag.py:2429} INFO - Sync 1 DAGs
[2022-09-15T13:39:56.783-0300] {logging_mixin.py:115} INFO - [2022-09-15T13:39:56.783-0300] {dag.py:2977} INFO - Setting next_dagrun for example_branch_labels to 2022-09-14T00:00:00+00:00, run_after=2022-09-15T00:00:00+00:00
[2022-09-15T13:39:56.800-0300] {processor.py:161} INFO - Processing /home/juliana/Área de Trabalho/datapipeline/.env/lib/python3.8/site-packages/airflow/example_dags/example_branch_labels.py took 0.089 seconds
[2022-09-15T13:40:35.791-0300] {processor.py:153} INFO - Started process (PID=8371) to work on /home/juliana/Área de Trabalho/datapipeline/.env/lib/python3.8/site-packages/airflow/example_dags/example_branch_labels.py
[2022-09-15T13:40:35.794-0300] {processor.py:640} INFO - Processing file /home/juliana/Área de Trabalho/datapipeline/.env/lib/python3.8/site-packages/airflow/example_dags/example_branch_labels.py for tasks to queue
[2022-09-15T13:40:35.795-0300] {logging_mixin.py:115} INFO - [2022-09-15T13:40:35.794-0300] {dagbag.py:508} INFO - Filling up the DagBag from /home/juliana/Área de Trabalho/datapipeline/.env/lib/python3.8/site-packages/airflow/example_dags/example_branch_labels.py
[2022-09-15T13:40:35.803-0300] {processor.py:650} INFO - DAG(s) dict_keys(['example_branch_labels']) retrieved from /home/juliana/Área de Trabalho/datapipeline/.env/lib/python3.8/site-packages/airflow/example_dags/example_branch_labels.py
[2022-09-15T13:40:35.822-0300] {logging_mixin.py:115} INFO - [2022-09-15T13:40:35.822-0300] {dag.py:2429} INFO - Sync 1 DAGs
[2022-09-15T13:40:35.844-0300] {logging_mixin.py:115} INFO - [2022-09-15T13:40:35.844-0300] {dag.py:2977} INFO - Setting next_dagrun for example_branch_labels to 2022-09-14T00:00:00+00:00, run_after=2022-09-15T00:00:00+00:00
[2022-09-15T13:40:35.862-0300] {processor.py:161} INFO - Processing /home/juliana/Área de Trabalho/datapipeline/.env/lib/python3.8/site-packages/airflow/example_dags/example_branch_labels.py took 0.077 seconds
[2022-09-15T13:41:19.675-0300] {processor.py:153} INFO - Started process (PID=8528) to work on /home/juliana/Área de Trabalho/datapipeline/.env/lib/python3.8/site-packages/airflow/example_dags/example_branch_labels.py
[2022-09-15T13:41:19.682-0300] {processor.py:640} INFO - Processing file /home/juliana/Área de Trabalho/datapipeline/.env/lib/python3.8/site-packages/airflow/example_dags/example_branch_labels.py for tasks to queue
[2022-09-15T13:41:19.683-0300] {logging_mixin.py:115} INFO - [2022-09-15T13:41:19.683-0300] {dagbag.py:508} INFO - Filling up the DagBag from /home/juliana/Área de Trabalho/datapipeline/.env/lib/python3.8/site-packages/airflow/example_dags/example_branch_labels.py
[2022-09-15T13:41:19.692-0300] {processor.py:650} INFO - DAG(s) dict_keys(['example_branch_labels']) retrieved from /home/juliana/Área de Trabalho/datapipeline/.env/lib/python3.8/site-packages/airflow/example_dags/example_branch_labels.py
[2022-09-15T13:41:19.710-0300] {logging_mixin.py:115} INFO - [2022-09-15T13:41:19.710-0300] {dag.py:2429} INFO - Sync 1 DAGs
[2022-09-15T13:41:19.732-0300] {logging_mixin.py:115} INFO - [2022-09-15T13:41:19.732-0300] {dag.py:2977} INFO - Setting next_dagrun for example_branch_labels to 2022-09-14T00:00:00+00:00, run_after=2022-09-15T00:00:00+00:00
[2022-09-15T13:41:19.751-0300] {processor.py:161} INFO - Processing /home/juliana/Área de Trabalho/datapipeline/.env/lib/python3.8/site-packages/airflow/example_dags/example_branch_labels.py took 0.083 seconds
[2022-09-15T13:41:59.278-0300] {processor.py:153} INFO - Started process (PID=8672) to work on /home/juliana/Área de Trabalho/datapipeline/.env/lib/python3.8/site-packages/airflow/example_dags/example_branch_labels.py
[2022-09-15T13:41:59.281-0300] {processor.py:640} INFO - Processing file /home/juliana/Área de Trabalho/datapipeline/.env/lib/python3.8/site-packages/airflow/example_dags/example_branch_labels.py for tasks to queue
[2022-09-15T13:41:59.283-0300] {logging_mixin.py:115} INFO - [2022-09-15T13:41:59.282-0300] {dagbag.py:508} INFO - Filling up the DagBag from /home/juliana/Área de Trabalho/datapipeline/.env/lib/python3.8/site-packages/airflow/example_dags/example_branch_labels.py
[2022-09-15T13:41:59.306-0300] {processor.py:650} INFO - DAG(s) dict_keys(['example_branch_labels']) retrieved from /home/juliana/Área de Trabalho/datapipeline/.env/lib/python3.8/site-packages/airflow/example_dags/example_branch_labels.py
[2022-09-15T13:41:59.329-0300] {logging_mixin.py:115} INFO - [2022-09-15T13:41:59.329-0300] {dag.py:2429} INFO - Sync 1 DAGs
[2022-09-15T13:41:59.351-0300] {logging_mixin.py:115} INFO - [2022-09-15T13:41:59.351-0300] {dag.py:2977} INFO - Setting next_dagrun for example_branch_labels to 2022-09-14T00:00:00+00:00, run_after=2022-09-15T00:00:00+00:00
[2022-09-15T13:41:59.371-0300] {processor.py:161} INFO - Processing /home/juliana/Área de Trabalho/datapipeline/.env/lib/python3.8/site-packages/airflow/example_dags/example_branch_labels.py took 0.100 seconds
[2022-09-15T13:42:39.618-0300] {processor.py:153} INFO - Started process (PID=8818) to work on /home/juliana/Área de Trabalho/datapipeline/.env/lib/python3.8/site-packages/airflow/example_dags/example_branch_labels.py
[2022-09-15T13:42:39.621-0300] {processor.py:640} INFO - Processing file /home/juliana/Área de Trabalho/datapipeline/.env/lib/python3.8/site-packages/airflow/example_dags/example_branch_labels.py for tasks to queue
[2022-09-15T13:42:39.622-0300] {logging_mixin.py:115} INFO - [2022-09-15T13:42:39.622-0300] {dagbag.py:508} INFO - Filling up the DagBag from /home/juliana/Área de Trabalho/datapipeline/.env/lib/python3.8/site-packages/airflow/example_dags/example_branch_labels.py
[2022-09-15T13:42:39.642-0300] {processor.py:650} INFO - DAG(s) dict_keys(['example_branch_labels']) retrieved from /home/juliana/Área de Trabalho/datapipeline/.env/lib/python3.8/site-packages/airflow/example_dags/example_branch_labels.py
[2022-09-15T13:42:39.874-0300] {logging_mixin.py:115} INFO - [2022-09-15T13:42:39.872-0300] {dag.py:2429} INFO - Sync 1 DAGs
[2022-09-15T13:42:39.925-0300] {logging_mixin.py:115} INFO - [2022-09-15T13:42:39.918-0300] {dag.py:2977} INFO - Setting next_dagrun for example_branch_labels to 2022-09-14T00:00:00+00:00, run_after=2022-09-15T00:00:00+00:00
[2022-09-15T13:42:40.119-0300] {processor.py:161} INFO - Processing /home/juliana/Área de Trabalho/datapipeline/.env/lib/python3.8/site-packages/airflow/example_dags/example_branch_labels.py took 0.506 seconds
