[2022-09-14T21:00:03.408-0300] {processor.py:153} INFO - Started process (PID=19966) to work on /home/juliana/Área de Trabalho/datapipeline/.env/lib/python3.8/site-packages/airflow/example_dags/example_branch_python_dop_operator_3.py
[2022-09-14T21:00:03.409-0300] {processor.py:640} INFO - Processing file /home/juliana/Área de Trabalho/datapipeline/.env/lib/python3.8/site-packages/airflow/example_dags/example_branch_python_dop_operator_3.py for tasks to queue
[2022-09-14T21:00:03.410-0300] {logging_mixin.py:115} INFO - [2022-09-14T21:00:03.410-0300] {dagbag.py:508} INFO - Filling up the DagBag from /home/juliana/Área de Trabalho/datapipeline/.env/lib/python3.8/site-packages/airflow/example_dags/example_branch_python_dop_operator_3.py
[2022-09-14T21:00:03.421-0300] {processor.py:650} INFO - DAG(s) dict_keys(['example_branch_dop_operator_v3']) retrieved from /home/juliana/Área de Trabalho/datapipeline/.env/lib/python3.8/site-packages/airflow/example_dags/example_branch_python_dop_operator_3.py
[2022-09-14T21:00:03.437-0300] {logging_mixin.py:115} INFO - [2022-09-14T21:00:03.437-0300] {dag.py:2429} INFO - Sync 1 DAGs
[2022-09-14T21:00:03.457-0300] {logging_mixin.py:115} INFO - [2022-09-14T21:00:03.456-0300] {dag.py:2977} INFO - Setting next_dagrun for example_branch_dop_operator_v3 to 2022-09-14T23:59:00+00:00, run_after=2022-09-15T00:00:00+00:00
[2022-09-14T21:00:03.477-0300] {processor.py:161} INFO - Processing /home/juliana/Área de Trabalho/datapipeline/.env/lib/python3.8/site-packages/airflow/example_dags/example_branch_python_dop_operator_3.py took 0.073 seconds
[2022-09-14T21:00:37.995-0300] {processor.py:153} INFO - Started process (PID=20002) to work on /home/juliana/Área de Trabalho/datapipeline/.env/lib/python3.8/site-packages/airflow/example_dags/example_branch_python_dop_operator_3.py
[2022-09-14T21:00:37.997-0300] {processor.py:640} INFO - Processing file /home/juliana/Área de Trabalho/datapipeline/.env/lib/python3.8/site-packages/airflow/example_dags/example_branch_python_dop_operator_3.py for tasks to queue
[2022-09-14T21:00:37.997-0300] {logging_mixin.py:115} INFO - [2022-09-14T21:00:37.997-0300] {dagbag.py:508} INFO - Filling up the DagBag from /home/juliana/Área de Trabalho/datapipeline/.env/lib/python3.8/site-packages/airflow/example_dags/example_branch_python_dop_operator_3.py
[2022-09-14T21:00:38.011-0300] {processor.py:650} INFO - DAG(s) dict_keys(['example_branch_dop_operator_v3']) retrieved from /home/juliana/Área de Trabalho/datapipeline/.env/lib/python3.8/site-packages/airflow/example_dags/example_branch_python_dop_operator_3.py
[2022-09-14T21:00:38.028-0300] {logging_mixin.py:115} INFO - [2022-09-14T21:00:38.028-0300] {dag.py:2429} INFO - Sync 1 DAGs
[2022-09-14T21:00:38.047-0300] {logging_mixin.py:115} INFO - [2022-09-14T21:00:38.047-0300] {dag.py:2977} INFO - Setting next_dagrun for example_branch_dop_operator_v3 to 2022-09-14T23:59:00+00:00, run_after=2022-09-15T00:00:00+00:00
[2022-09-14T21:00:38.068-0300] {processor.py:161} INFO - Processing /home/juliana/Área de Trabalho/datapipeline/.env/lib/python3.8/site-packages/airflow/example_dags/example_branch_python_dop_operator_3.py took 0.077 seconds
[2022-09-14T21:01:09.988-0300] {processor.py:153} INFO - Started process (PID=20035) to work on /home/juliana/Área de Trabalho/datapipeline/.env/lib/python3.8/site-packages/airflow/example_dags/example_branch_python_dop_operator_3.py
[2022-09-14T21:01:09.990-0300] {processor.py:640} INFO - Processing file /home/juliana/Área de Trabalho/datapipeline/.env/lib/python3.8/site-packages/airflow/example_dags/example_branch_python_dop_operator_3.py for tasks to queue
[2022-09-14T21:01:09.991-0300] {logging_mixin.py:115} INFO - [2022-09-14T21:01:09.991-0300] {dagbag.py:508} INFO - Filling up the DagBag from /home/juliana/Área de Trabalho/datapipeline/.env/lib/python3.8/site-packages/airflow/example_dags/example_branch_python_dop_operator_3.py
[2022-09-14T21:01:10.010-0300] {processor.py:650} INFO - DAG(s) dict_keys(['example_branch_dop_operator_v3']) retrieved from /home/juliana/Área de Trabalho/datapipeline/.env/lib/python3.8/site-packages/airflow/example_dags/example_branch_python_dop_operator_3.py
[2022-09-14T21:01:10.026-0300] {logging_mixin.py:115} INFO - [2022-09-14T21:01:10.026-0300] {dag.py:2429} INFO - Sync 1 DAGs
[2022-09-14T21:01:10.044-0300] {logging_mixin.py:115} INFO - [2022-09-14T21:01:10.044-0300] {dag.py:2977} INFO - Setting next_dagrun for example_branch_dop_operator_v3 to 2022-09-15T00:00:00+00:00, run_after=2022-09-15T00:01:00+00:00
[2022-09-14T21:01:10.061-0300] {processor.py:161} INFO - Processing /home/juliana/Área de Trabalho/datapipeline/.env/lib/python3.8/site-packages/airflow/example_dags/example_branch_python_dop_operator_3.py took 0.079 seconds
[2022-09-14T21:01:44.177-0300] {processor.py:153} INFO - Started process (PID=20071) to work on /home/juliana/Área de Trabalho/datapipeline/.env/lib/python3.8/site-packages/airflow/example_dags/example_branch_python_dop_operator_3.py
[2022-09-14T21:01:44.179-0300] {processor.py:640} INFO - Processing file /home/juliana/Área de Trabalho/datapipeline/.env/lib/python3.8/site-packages/airflow/example_dags/example_branch_python_dop_operator_3.py for tasks to queue
[2022-09-14T21:01:44.180-0300] {logging_mixin.py:115} INFO - [2022-09-14T21:01:44.180-0300] {dagbag.py:508} INFO - Filling up the DagBag from /home/juliana/Área de Trabalho/datapipeline/.env/lib/python3.8/site-packages/airflow/example_dags/example_branch_python_dop_operator_3.py
[2022-09-14T21:01:44.202-0300] {processor.py:650} INFO - DAG(s) dict_keys(['example_branch_dop_operator_v3']) retrieved from /home/juliana/Área de Trabalho/datapipeline/.env/lib/python3.8/site-packages/airflow/example_dags/example_branch_python_dop_operator_3.py
[2022-09-14T21:01:44.220-0300] {logging_mixin.py:115} INFO - [2022-09-14T21:01:44.220-0300] {dag.py:2429} INFO - Sync 1 DAGs
[2022-09-14T21:01:44.239-0300] {logging_mixin.py:115} INFO - [2022-09-14T21:01:44.238-0300] {dag.py:2977} INFO - Setting next_dagrun for example_branch_dop_operator_v3 to 2022-09-15T00:00:00+00:00, run_after=2022-09-15T00:01:00+00:00
[2022-09-14T21:01:44.256-0300] {processor.py:161} INFO - Processing /home/juliana/Área de Trabalho/datapipeline/.env/lib/python3.8/site-packages/airflow/example_dags/example_branch_python_dop_operator_3.py took 0.084 seconds
[2022-09-14T21:02:16.664-0300] {processor.py:153} INFO - Started process (PID=20105) to work on /home/juliana/Área de Trabalho/datapipeline/.env/lib/python3.8/site-packages/airflow/example_dags/example_branch_python_dop_operator_3.py
[2022-09-14T21:02:16.666-0300] {processor.py:640} INFO - Processing file /home/juliana/Área de Trabalho/datapipeline/.env/lib/python3.8/site-packages/airflow/example_dags/example_branch_python_dop_operator_3.py for tasks to queue
[2022-09-14T21:02:16.667-0300] {logging_mixin.py:115} INFO - [2022-09-14T21:02:16.667-0300] {dagbag.py:508} INFO - Filling up the DagBag from /home/juliana/Área de Trabalho/datapipeline/.env/lib/python3.8/site-packages/airflow/example_dags/example_branch_python_dop_operator_3.py
[2022-09-14T21:02:16.681-0300] {processor.py:650} INFO - DAG(s) dict_keys(['example_branch_dop_operator_v3']) retrieved from /home/juliana/Área de Trabalho/datapipeline/.env/lib/python3.8/site-packages/airflow/example_dags/example_branch_python_dop_operator_3.py
[2022-09-14T21:02:16.707-0300] {logging_mixin.py:115} INFO - [2022-09-14T21:02:16.706-0300] {dag.py:2429} INFO - Sync 1 DAGs
[2022-09-14T21:02:16.724-0300] {logging_mixin.py:115} INFO - [2022-09-14T21:02:16.724-0300] {dag.py:2977} INFO - Setting next_dagrun for example_branch_dop_operator_v3 to 2022-09-15T00:01:00+00:00, run_after=2022-09-15T00:02:00+00:00
[2022-09-14T21:02:16.746-0300] {processor.py:161} INFO - Processing /home/juliana/Área de Trabalho/datapipeline/.env/lib/python3.8/site-packages/airflow/example_dags/example_branch_python_dop_operator_3.py took 0.088 seconds
[2022-09-14T21:03:20.092-0300] {processor.py:153} INFO - Started process (PID=20185) to work on /home/juliana/Área de Trabalho/datapipeline/.env/lib/python3.8/site-packages/airflow/example_dags/example_branch_python_dop_operator_3.py
[2022-09-14T21:03:20.094-0300] {processor.py:640} INFO - Processing file /home/juliana/Área de Trabalho/datapipeline/.env/lib/python3.8/site-packages/airflow/example_dags/example_branch_python_dop_operator_3.py for tasks to queue
[2022-09-14T21:03:20.095-0300] {logging_mixin.py:115} INFO - [2022-09-14T21:03:20.095-0300] {dagbag.py:508} INFO - Filling up the DagBag from /home/juliana/Área de Trabalho/datapipeline/.env/lib/python3.8/site-packages/airflow/example_dags/example_branch_python_dop_operator_3.py
[2022-09-14T21:03:20.114-0300] {processor.py:650} INFO - DAG(s) dict_keys(['example_branch_dop_operator_v3']) retrieved from /home/juliana/Área de Trabalho/datapipeline/.env/lib/python3.8/site-packages/airflow/example_dags/example_branch_python_dop_operator_3.py
[2022-09-14T21:03:20.131-0300] {logging_mixin.py:115} INFO - [2022-09-14T21:03:20.131-0300] {dag.py:2429} INFO - Sync 1 DAGs
[2022-09-14T21:03:20.150-0300] {logging_mixin.py:115} INFO - [2022-09-14T21:03:20.150-0300] {dag.py:2977} INFO - Setting next_dagrun for example_branch_dop_operator_v3 to 2022-09-15T00:02:00+00:00, run_after=2022-09-15T00:03:00+00:00
[2022-09-14T21:03:20.167-0300] {processor.py:161} INFO - Processing /home/juliana/Área de Trabalho/datapipeline/.env/lib/python3.8/site-packages/airflow/example_dags/example_branch_python_dop_operator_3.py took 0.082 seconds
[2022-09-14T21:03:58.321-0300] {processor.py:153} INFO - Started process (PID=20220) to work on /home/juliana/Área de Trabalho/datapipeline/.env/lib/python3.8/site-packages/airflow/example_dags/example_branch_python_dop_operator_3.py
[2022-09-14T21:03:58.323-0300] {processor.py:640} INFO - Processing file /home/juliana/Área de Trabalho/datapipeline/.env/lib/python3.8/site-packages/airflow/example_dags/example_branch_python_dop_operator_3.py for tasks to queue
[2022-09-14T21:03:58.324-0300] {logging_mixin.py:115} INFO - [2022-09-14T21:03:58.323-0300] {dagbag.py:508} INFO - Filling up the DagBag from /home/juliana/Área de Trabalho/datapipeline/.env/lib/python3.8/site-packages/airflow/example_dags/example_branch_python_dop_operator_3.py
[2022-09-14T21:03:58.343-0300] {processor.py:650} INFO - DAG(s) dict_keys(['example_branch_dop_operator_v3']) retrieved from /home/juliana/Área de Trabalho/datapipeline/.env/lib/python3.8/site-packages/airflow/example_dags/example_branch_python_dop_operator_3.py
[2022-09-14T21:03:58.374-0300] {logging_mixin.py:115} INFO - [2022-09-14T21:03:58.373-0300] {dag.py:2429} INFO - Sync 1 DAGs
[2022-09-14T21:03:58.430-0300] {logging_mixin.py:115} INFO - [2022-09-14T21:03:58.429-0300] {dag.py:2977} INFO - Setting next_dagrun for example_branch_dop_operator_v3 to 2022-09-15T00:02:00+00:00, run_after=2022-09-15T00:03:00+00:00
[2022-09-14T21:03:58.455-0300] {processor.py:161} INFO - Processing /home/juliana/Área de Trabalho/datapipeline/.env/lib/python3.8/site-packages/airflow/example_dags/example_branch_python_dop_operator_3.py took 0.138 seconds
[2022-09-14T21:04:35.319-0300] {processor.py:153} INFO - Started process (PID=20254) to work on /home/juliana/Área de Trabalho/datapipeline/.env/lib/python3.8/site-packages/airflow/example_dags/example_branch_python_dop_operator_3.py
[2022-09-14T21:04:35.321-0300] {processor.py:640} INFO - Processing file /home/juliana/Área de Trabalho/datapipeline/.env/lib/python3.8/site-packages/airflow/example_dags/example_branch_python_dop_operator_3.py for tasks to queue
[2022-09-14T21:04:35.322-0300] {logging_mixin.py:115} INFO - [2022-09-14T21:04:35.322-0300] {dagbag.py:508} INFO - Filling up the DagBag from /home/juliana/Área de Trabalho/datapipeline/.env/lib/python3.8/site-packages/airflow/example_dags/example_branch_python_dop_operator_3.py
[2022-09-14T21:04:35.350-0300] {processor.py:650} INFO - DAG(s) dict_keys(['example_branch_dop_operator_v3']) retrieved from /home/juliana/Área de Trabalho/datapipeline/.env/lib/python3.8/site-packages/airflow/example_dags/example_branch_python_dop_operator_3.py
[2022-09-14T21:04:35.375-0300] {logging_mixin.py:115} INFO - [2022-09-14T21:04:35.375-0300] {dag.py:2429} INFO - Sync 1 DAGs
[2022-09-14T21:04:35.399-0300] {logging_mixin.py:115} INFO - [2022-09-14T21:04:35.399-0300] {dag.py:2977} INFO - Setting next_dagrun for example_branch_dop_operator_v3 to 2022-09-15T00:03:00+00:00, run_after=2022-09-15T00:04:00+00:00
[2022-09-14T21:04:35.418-0300] {processor.py:161} INFO - Processing /home/juliana/Área de Trabalho/datapipeline/.env/lib/python3.8/site-packages/airflow/example_dags/example_branch_python_dop_operator_3.py took 0.104 seconds
[2022-09-14T21:05:54.462-0300] {processor.py:153} INFO - Started process (PID=20295) to work on /home/juliana/Área de Trabalho/datapipeline/.env/lib/python3.8/site-packages/airflow/example_dags/example_branch_python_dop_operator_3.py
[2022-09-14T21:05:54.469-0300] {processor.py:640} INFO - Processing file /home/juliana/Área de Trabalho/datapipeline/.env/lib/python3.8/site-packages/airflow/example_dags/example_branch_python_dop_operator_3.py for tasks to queue
[2022-09-14T21:05:54.470-0300] {logging_mixin.py:115} INFO - [2022-09-14T21:05:54.470-0300] {dagbag.py:508} INFO - Filling up the DagBag from /home/juliana/Área de Trabalho/datapipeline/.env/lib/python3.8/site-packages/airflow/example_dags/example_branch_python_dop_operator_3.py
[2022-09-14T21:05:54.484-0300] {processor.py:650} INFO - DAG(s) dict_keys(['example_branch_dop_operator_v3']) retrieved from /home/juliana/Área de Trabalho/datapipeline/.env/lib/python3.8/site-packages/airflow/example_dags/example_branch_python_dop_operator_3.py
[2022-09-14T21:05:54.504-0300] {logging_mixin.py:115} INFO - [2022-09-14T21:05:54.504-0300] {dag.py:2429} INFO - Sync 1 DAGs
[2022-09-14T21:05:54.527-0300] {logging_mixin.py:115} INFO - [2022-09-14T21:05:54.527-0300] {dag.py:2977} INFO - Setting next_dagrun for example_branch_dop_operator_v3 to 2022-09-15T00:04:00+00:00, run_after=2022-09-15T00:05:00+00:00
[2022-09-14T21:05:54.549-0300] {processor.py:161} INFO - Processing /home/juliana/Área de Trabalho/datapipeline/.env/lib/python3.8/site-packages/airflow/example_dags/example_branch_python_dop_operator_3.py took 0.090 seconds
[2022-09-14T21:06:27.569-0300] {processor.py:153} INFO - Started process (PID=20330) to work on /home/juliana/Área de Trabalho/datapipeline/.env/lib/python3.8/site-packages/airflow/example_dags/example_branch_python_dop_operator_3.py
[2022-09-14T21:06:27.571-0300] {processor.py:640} INFO - Processing file /home/juliana/Área de Trabalho/datapipeline/.env/lib/python3.8/site-packages/airflow/example_dags/example_branch_python_dop_operator_3.py for tasks to queue
[2022-09-14T21:06:27.572-0300] {logging_mixin.py:115} INFO - [2022-09-14T21:06:27.572-0300] {dagbag.py:508} INFO - Filling up the DagBag from /home/juliana/Área de Trabalho/datapipeline/.env/lib/python3.8/site-packages/airflow/example_dags/example_branch_python_dop_operator_3.py
[2022-09-14T21:06:27.591-0300] {processor.py:650} INFO - DAG(s) dict_keys(['example_branch_dop_operator_v3']) retrieved from /home/juliana/Área de Trabalho/datapipeline/.env/lib/python3.8/site-packages/airflow/example_dags/example_branch_python_dop_operator_3.py
[2022-09-14T21:06:27.608-0300] {logging_mixin.py:115} INFO - [2022-09-14T21:06:27.608-0300] {dag.py:2429} INFO - Sync 1 DAGs
[2022-09-14T21:06:27.626-0300] {logging_mixin.py:115} INFO - [2022-09-14T21:06:27.626-0300] {dag.py:2977} INFO - Setting next_dagrun for example_branch_dop_operator_v3 to 2022-09-15T00:05:00+00:00, run_after=2022-09-15T00:06:00+00:00
[2022-09-14T21:06:27.643-0300] {processor.py:161} INFO - Processing /home/juliana/Área de Trabalho/datapipeline/.env/lib/python3.8/site-packages/airflow/example_dags/example_branch_python_dop_operator_3.py took 0.080 seconds
[2022-09-14T21:07:01.708-0300] {processor.py:153} INFO - Started process (PID=20364) to work on /home/juliana/Área de Trabalho/datapipeline/.env/lib/python3.8/site-packages/airflow/example_dags/example_branch_python_dop_operator_3.py
[2022-09-14T21:07:01.709-0300] {processor.py:640} INFO - Processing file /home/juliana/Área de Trabalho/datapipeline/.env/lib/python3.8/site-packages/airflow/example_dags/example_branch_python_dop_operator_3.py for tasks to queue
[2022-09-14T21:07:01.710-0300] {logging_mixin.py:115} INFO - [2022-09-14T21:07:01.710-0300] {dagbag.py:508} INFO - Filling up the DagBag from /home/juliana/Área de Trabalho/datapipeline/.env/lib/python3.8/site-packages/airflow/example_dags/example_branch_python_dop_operator_3.py
[2022-09-14T21:07:01.719-0300] {processor.py:650} INFO - DAG(s) dict_keys(['example_branch_dop_operator_v3']) retrieved from /home/juliana/Área de Trabalho/datapipeline/.env/lib/python3.8/site-packages/airflow/example_dags/example_branch_python_dop_operator_3.py
[2022-09-14T21:07:01.733-0300] {logging_mixin.py:115} INFO - [2022-09-14T21:07:01.733-0300] {dag.py:2429} INFO - Sync 1 DAGs
[2022-09-14T21:07:01.756-0300] {logging_mixin.py:115} INFO - [2022-09-14T21:07:01.756-0300] {dag.py:2977} INFO - Setting next_dagrun for example_branch_dop_operator_v3 to 2022-09-15T00:06:00+00:00, run_after=2022-09-15T00:07:00+00:00
[2022-09-14T21:07:01.776-0300] {processor.py:161} INFO - Processing /home/juliana/Área de Trabalho/datapipeline/.env/lib/python3.8/site-packages/airflow/example_dags/example_branch_python_dop_operator_3.py took 0.071 seconds
[2022-09-14T21:07:37.447-0300] {processor.py:153} INFO - Started process (PID=20404) to work on /home/juliana/Área de Trabalho/datapipeline/.env/lib/python3.8/site-packages/airflow/example_dags/example_branch_python_dop_operator_3.py
[2022-09-14T21:07:37.448-0300] {processor.py:640} INFO - Processing file /home/juliana/Área de Trabalho/datapipeline/.env/lib/python3.8/site-packages/airflow/example_dags/example_branch_python_dop_operator_3.py for tasks to queue
[2022-09-14T21:07:37.449-0300] {logging_mixin.py:115} INFO - [2022-09-14T21:07:37.449-0300] {dagbag.py:508} INFO - Filling up the DagBag from /home/juliana/Área de Trabalho/datapipeline/.env/lib/python3.8/site-packages/airflow/example_dags/example_branch_python_dop_operator_3.py
[2022-09-14T21:07:37.461-0300] {processor.py:650} INFO - DAG(s) dict_keys(['example_branch_dop_operator_v3']) retrieved from /home/juliana/Área de Trabalho/datapipeline/.env/lib/python3.8/site-packages/airflow/example_dags/example_branch_python_dop_operator_3.py
[2022-09-14T21:07:37.477-0300] {logging_mixin.py:115} INFO - [2022-09-14T21:07:37.477-0300] {dag.py:2429} INFO - Sync 1 DAGs
[2022-09-14T21:07:37.499-0300] {logging_mixin.py:115} INFO - [2022-09-14T21:07:37.499-0300] {dag.py:2977} INFO - Setting next_dagrun for example_branch_dop_operator_v3 to 2022-09-15T00:06:00+00:00, run_after=2022-09-15T00:07:00+00:00
[2022-09-14T21:07:37.520-0300] {processor.py:161} INFO - Processing /home/juliana/Área de Trabalho/datapipeline/.env/lib/python3.8/site-packages/airflow/example_dags/example_branch_python_dop_operator_3.py took 0.075 seconds
[2022-09-14T21:08:12.563-0300] {processor.py:153} INFO - Started process (PID=20444) to work on /home/juliana/Área de Trabalho/datapipeline/.env/lib/python3.8/site-packages/airflow/example_dags/example_branch_python_dop_operator_3.py
[2022-09-14T21:08:12.565-0300] {processor.py:640} INFO - Processing file /home/juliana/Área de Trabalho/datapipeline/.env/lib/python3.8/site-packages/airflow/example_dags/example_branch_python_dop_operator_3.py for tasks to queue
[2022-09-14T21:08:12.566-0300] {logging_mixin.py:115} INFO - [2022-09-14T21:08:12.566-0300] {dagbag.py:508} INFO - Filling up the DagBag from /home/juliana/Área de Trabalho/datapipeline/.env/lib/python3.8/site-packages/airflow/example_dags/example_branch_python_dop_operator_3.py
[2022-09-14T21:08:12.582-0300] {processor.py:650} INFO - DAG(s) dict_keys(['example_branch_dop_operator_v3']) retrieved from /home/juliana/Área de Trabalho/datapipeline/.env/lib/python3.8/site-packages/airflow/example_dags/example_branch_python_dop_operator_3.py
[2022-09-14T21:08:12.599-0300] {logging_mixin.py:115} INFO - [2022-09-14T21:08:12.598-0300] {dag.py:2429} INFO - Sync 1 DAGs
[2022-09-14T21:08:12.618-0300] {logging_mixin.py:115} INFO - [2022-09-14T21:08:12.617-0300] {dag.py:2977} INFO - Setting next_dagrun for example_branch_dop_operator_v3 to 2022-09-15T00:07:00+00:00, run_after=2022-09-15T00:08:00+00:00
[2022-09-14T21:08:12.639-0300] {processor.py:161} INFO - Processing /home/juliana/Área de Trabalho/datapipeline/.env/lib/python3.8/site-packages/airflow/example_dags/example_branch_python_dop_operator_3.py took 0.082 seconds
[2022-09-14T21:08:49.750-0300] {processor.py:153} INFO - Started process (PID=20481) to work on /home/juliana/Área de Trabalho/datapipeline/.env/lib/python3.8/site-packages/airflow/example_dags/example_branch_python_dop_operator_3.py
[2022-09-14T21:08:49.752-0300] {processor.py:640} INFO - Processing file /home/juliana/Área de Trabalho/datapipeline/.env/lib/python3.8/site-packages/airflow/example_dags/example_branch_python_dop_operator_3.py for tasks to queue
[2022-09-14T21:08:49.753-0300] {logging_mixin.py:115} INFO - [2022-09-14T21:08:49.753-0300] {dagbag.py:508} INFO - Filling up the DagBag from /home/juliana/Área de Trabalho/datapipeline/.env/lib/python3.8/site-packages/airflow/example_dags/example_branch_python_dop_operator_3.py
[2022-09-14T21:08:49.768-0300] {processor.py:650} INFO - DAG(s) dict_keys(['example_branch_dop_operator_v3']) retrieved from /home/juliana/Área de Trabalho/datapipeline/.env/lib/python3.8/site-packages/airflow/example_dags/example_branch_python_dop_operator_3.py
[2022-09-14T21:08:49.784-0300] {logging_mixin.py:115} INFO - [2022-09-14T21:08:49.784-0300] {dag.py:2429} INFO - Sync 1 DAGs
[2022-09-14T21:08:49.805-0300] {logging_mixin.py:115} INFO - [2022-09-14T21:08:49.805-0300] {dag.py:2977} INFO - Setting next_dagrun for example_branch_dop_operator_v3 to 2022-09-15T00:07:00+00:00, run_after=2022-09-15T00:08:00+00:00
[2022-09-14T21:08:49.822-0300] {processor.py:161} INFO - Processing /home/juliana/Área de Trabalho/datapipeline/.env/lib/python3.8/site-packages/airflow/example_dags/example_branch_python_dop_operator_3.py took 0.078 seconds
[2022-09-14T21:09:25.921-0300] {processor.py:153} INFO - Started process (PID=20519) to work on /home/juliana/Área de Trabalho/datapipeline/.env/lib/python3.8/site-packages/airflow/example_dags/example_branch_python_dop_operator_3.py
[2022-09-14T21:09:25.923-0300] {processor.py:640} INFO - Processing file /home/juliana/Área de Trabalho/datapipeline/.env/lib/python3.8/site-packages/airflow/example_dags/example_branch_python_dop_operator_3.py for tasks to queue
[2022-09-14T21:09:25.923-0300] {logging_mixin.py:115} INFO - [2022-09-14T21:09:25.923-0300] {dagbag.py:508} INFO - Filling up the DagBag from /home/juliana/Área de Trabalho/datapipeline/.env/lib/python3.8/site-packages/airflow/example_dags/example_branch_python_dop_operator_3.py
[2022-09-14T21:09:25.933-0300] {processor.py:650} INFO - DAG(s) dict_keys(['example_branch_dop_operator_v3']) retrieved from /home/juliana/Área de Trabalho/datapipeline/.env/lib/python3.8/site-packages/airflow/example_dags/example_branch_python_dop_operator_3.py
[2022-09-14T21:09:25.947-0300] {logging_mixin.py:115} INFO - [2022-09-14T21:09:25.947-0300] {dag.py:2429} INFO - Sync 1 DAGs
[2022-09-14T21:09:25.965-0300] {logging_mixin.py:115} INFO - [2022-09-14T21:09:25.965-0300] {dag.py:2977} INFO - Setting next_dagrun for example_branch_dop_operator_v3 to 2022-09-15T00:08:00+00:00, run_after=2022-09-15T00:09:00+00:00
[2022-09-14T21:09:25.982-0300] {processor.py:161} INFO - Processing /home/juliana/Área de Trabalho/datapipeline/.env/lib/python3.8/site-packages/airflow/example_dags/example_branch_python_dop_operator_3.py took 0.064 seconds
[2022-09-14T21:09:59.634-0300] {processor.py:153} INFO - Started process (PID=20555) to work on /home/juliana/Área de Trabalho/datapipeline/.env/lib/python3.8/site-packages/airflow/example_dags/example_branch_python_dop_operator_3.py
[2022-09-14T21:09:59.636-0300] {processor.py:640} INFO - Processing file /home/juliana/Área de Trabalho/datapipeline/.env/lib/python3.8/site-packages/airflow/example_dags/example_branch_python_dop_operator_3.py for tasks to queue
[2022-09-14T21:09:59.637-0300] {logging_mixin.py:115} INFO - [2022-09-14T21:09:59.637-0300] {dagbag.py:508} INFO - Filling up the DagBag from /home/juliana/Área de Trabalho/datapipeline/.env/lib/python3.8/site-packages/airflow/example_dags/example_branch_python_dop_operator_3.py
[2022-09-14T21:09:59.650-0300] {processor.py:650} INFO - DAG(s) dict_keys(['example_branch_dop_operator_v3']) retrieved from /home/juliana/Área de Trabalho/datapipeline/.env/lib/python3.8/site-packages/airflow/example_dags/example_branch_python_dop_operator_3.py
[2022-09-14T21:09:59.665-0300] {logging_mixin.py:115} INFO - [2022-09-14T21:09:59.665-0300] {dag.py:2429} INFO - Sync 1 DAGs
[2022-09-14T21:09:59.683-0300] {logging_mixin.py:115} INFO - [2022-09-14T21:09:59.683-0300] {dag.py:2977} INFO - Setting next_dagrun for example_branch_dop_operator_v3 to 2022-09-15T00:08:00+00:00, run_after=2022-09-15T00:09:00+00:00
[2022-09-14T21:09:59.698-0300] {processor.py:161} INFO - Processing /home/juliana/Área de Trabalho/datapipeline/.env/lib/python3.8/site-packages/airflow/example_dags/example_branch_python_dop_operator_3.py took 0.072 seconds
[2022-09-14T21:10:34.957-0300] {processor.py:153} INFO - Started process (PID=20593) to work on /home/juliana/Área de Trabalho/datapipeline/.env/lib/python3.8/site-packages/airflow/example_dags/example_branch_python_dop_operator_3.py
[2022-09-14T21:10:34.959-0300] {processor.py:640} INFO - Processing file /home/juliana/Área de Trabalho/datapipeline/.env/lib/python3.8/site-packages/airflow/example_dags/example_branch_python_dop_operator_3.py for tasks to queue
[2022-09-14T21:10:34.960-0300] {logging_mixin.py:115} INFO - [2022-09-14T21:10:34.960-0300] {dagbag.py:508} INFO - Filling up the DagBag from /home/juliana/Área de Trabalho/datapipeline/.env/lib/python3.8/site-packages/airflow/example_dags/example_branch_python_dop_operator_3.py
[2022-09-14T21:10:34.981-0300] {processor.py:650} INFO - DAG(s) dict_keys(['example_branch_dop_operator_v3']) retrieved from /home/juliana/Área de Trabalho/datapipeline/.env/lib/python3.8/site-packages/airflow/example_dags/example_branch_python_dop_operator_3.py
[2022-09-14T21:10:34.998-0300] {logging_mixin.py:115} INFO - [2022-09-14T21:10:34.998-0300] {dag.py:2429} INFO - Sync 1 DAGs
[2022-09-14T21:10:35.019-0300] {logging_mixin.py:115} INFO - [2022-09-14T21:10:35.019-0300] {dag.py:2977} INFO - Setting next_dagrun for example_branch_dop_operator_v3 to 2022-09-15T00:09:00+00:00, run_after=2022-09-15T00:10:00+00:00
[2022-09-14T21:10:35.041-0300] {processor.py:161} INFO - Processing /home/juliana/Área de Trabalho/datapipeline/.env/lib/python3.8/site-packages/airflow/example_dags/example_branch_python_dop_operator_3.py took 0.089 seconds
[2022-09-14T21:11:12.328-0300] {processor.py:153} INFO - Started process (PID=20633) to work on /home/juliana/Área de Trabalho/datapipeline/.env/lib/python3.8/site-packages/airflow/example_dags/example_branch_python_dop_operator_3.py
[2022-09-14T21:11:12.329-0300] {processor.py:640} INFO - Processing file /home/juliana/Área de Trabalho/datapipeline/.env/lib/python3.8/site-packages/airflow/example_dags/example_branch_python_dop_operator_3.py for tasks to queue
[2022-09-14T21:11:12.330-0300] {logging_mixin.py:115} INFO - [2022-09-14T21:11:12.330-0300] {dagbag.py:508} INFO - Filling up the DagBag from /home/juliana/Área de Trabalho/datapipeline/.env/lib/python3.8/site-packages/airflow/example_dags/example_branch_python_dop_operator_3.py
[2022-09-14T21:11:12.345-0300] {processor.py:650} INFO - DAG(s) dict_keys(['example_branch_dop_operator_v3']) retrieved from /home/juliana/Área de Trabalho/datapipeline/.env/lib/python3.8/site-packages/airflow/example_dags/example_branch_python_dop_operator_3.py
[2022-09-14T21:11:12.363-0300] {logging_mixin.py:115} INFO - [2022-09-14T21:11:12.363-0300] {dag.py:2429} INFO - Sync 1 DAGs
[2022-09-14T21:11:12.383-0300] {logging_mixin.py:115} INFO - [2022-09-14T21:11:12.383-0300] {dag.py:2977} INFO - Setting next_dagrun for example_branch_dop_operator_v3 to 2022-09-15T00:10:00+00:00, run_after=2022-09-15T00:11:00+00:00
[2022-09-14T21:11:12.404-0300] {processor.py:161} INFO - Processing /home/juliana/Área de Trabalho/datapipeline/.env/lib/python3.8/site-packages/airflow/example_dags/example_branch_python_dop_operator_3.py took 0.081 seconds
[2022-09-14T21:11:45.711-0300] {processor.py:153} INFO - Started process (PID=20669) to work on /home/juliana/Área de Trabalho/datapipeline/.env/lib/python3.8/site-packages/airflow/example_dags/example_branch_python_dop_operator_3.py
[2022-09-14T21:11:45.712-0300] {processor.py:640} INFO - Processing file /home/juliana/Área de Trabalho/datapipeline/.env/lib/python3.8/site-packages/airflow/example_dags/example_branch_python_dop_operator_3.py for tasks to queue
[2022-09-14T21:11:45.713-0300] {logging_mixin.py:115} INFO - [2022-09-14T21:11:45.713-0300] {dagbag.py:508} INFO - Filling up the DagBag from /home/juliana/Área de Trabalho/datapipeline/.env/lib/python3.8/site-packages/airflow/example_dags/example_branch_python_dop_operator_3.py
[2022-09-14T21:11:45.722-0300] {processor.py:650} INFO - DAG(s) dict_keys(['example_branch_dop_operator_v3']) retrieved from /home/juliana/Área de Trabalho/datapipeline/.env/lib/python3.8/site-packages/airflow/example_dags/example_branch_python_dop_operator_3.py
[2022-09-14T21:11:45.736-0300] {logging_mixin.py:115} INFO - [2022-09-14T21:11:45.736-0300] {dag.py:2429} INFO - Sync 1 DAGs
[2022-09-14T21:11:45.758-0300] {logging_mixin.py:115} INFO - [2022-09-14T21:11:45.758-0300] {dag.py:2977} INFO - Setting next_dagrun for example_branch_dop_operator_v3 to 2022-09-15T00:10:00+00:00, run_after=2022-09-15T00:11:00+00:00
[2022-09-14T21:11:45.782-0300] {processor.py:161} INFO - Processing /home/juliana/Área de Trabalho/datapipeline/.env/lib/python3.8/site-packages/airflow/example_dags/example_branch_python_dop_operator_3.py took 0.074 seconds
[2022-09-14T21:12:19.959-0300] {processor.py:153} INFO - Started process (PID=20704) to work on /home/juliana/Área de Trabalho/datapipeline/.env/lib/python3.8/site-packages/airflow/example_dags/example_branch_python_dop_operator_3.py
[2022-09-14T21:12:19.960-0300] {processor.py:640} INFO - Processing file /home/juliana/Área de Trabalho/datapipeline/.env/lib/python3.8/site-packages/airflow/example_dags/example_branch_python_dop_operator_3.py for tasks to queue
[2022-09-14T21:12:19.962-0300] {logging_mixin.py:115} INFO - [2022-09-14T21:12:19.961-0300] {dagbag.py:508} INFO - Filling up the DagBag from /home/juliana/Área de Trabalho/datapipeline/.env/lib/python3.8/site-packages/airflow/example_dags/example_branch_python_dop_operator_3.py
[2022-09-14T21:12:19.976-0300] {processor.py:650} INFO - DAG(s) dict_keys(['example_branch_dop_operator_v3']) retrieved from /home/juliana/Área de Trabalho/datapipeline/.env/lib/python3.8/site-packages/airflow/example_dags/example_branch_python_dop_operator_3.py
[2022-09-14T21:12:19.992-0300] {logging_mixin.py:115} INFO - [2022-09-14T21:12:19.992-0300] {dag.py:2429} INFO - Sync 1 DAGs
[2022-09-14T21:12:20.036-0300] {logging_mixin.py:115} INFO - [2022-09-14T21:12:20.035-0300] {dag.py:2977} INFO - Setting next_dagrun for example_branch_dop_operator_v3 to 2022-09-15T00:11:00+00:00, run_after=2022-09-15T00:12:00+00:00
[2022-09-14T21:12:20.057-0300] {processor.py:161} INFO - Processing /home/juliana/Área de Trabalho/datapipeline/.env/lib/python3.8/site-packages/airflow/example_dags/example_branch_python_dop_operator_3.py took 0.104 seconds
[2022-09-14T21:12:53.635-0300] {processor.py:153} INFO - Started process (PID=20743) to work on /home/juliana/Área de Trabalho/datapipeline/.env/lib/python3.8/site-packages/airflow/example_dags/example_branch_python_dop_operator_3.py
[2022-09-14T21:12:53.636-0300] {processor.py:640} INFO - Processing file /home/juliana/Área de Trabalho/datapipeline/.env/lib/python3.8/site-packages/airflow/example_dags/example_branch_python_dop_operator_3.py for tasks to queue
[2022-09-14T21:12:53.637-0300] {logging_mixin.py:115} INFO - [2022-09-14T21:12:53.637-0300] {dagbag.py:508} INFO - Filling up the DagBag from /home/juliana/Área de Trabalho/datapipeline/.env/lib/python3.8/site-packages/airflow/example_dags/example_branch_python_dop_operator_3.py
[2022-09-14T21:12:53.649-0300] {processor.py:650} INFO - DAG(s) dict_keys(['example_branch_dop_operator_v3']) retrieved from /home/juliana/Área de Trabalho/datapipeline/.env/lib/python3.8/site-packages/airflow/example_dags/example_branch_python_dop_operator_3.py
[2022-09-14T21:12:53.669-0300] {logging_mixin.py:115} INFO - [2022-09-14T21:12:53.668-0300] {dag.py:2429} INFO - Sync 1 DAGs
[2022-09-14T21:12:53.692-0300] {logging_mixin.py:115} INFO - [2022-09-14T21:12:53.692-0300] {dag.py:2977} INFO - Setting next_dagrun for example_branch_dop_operator_v3 to 2022-09-15T00:11:00+00:00, run_after=2022-09-15T00:12:00+00:00
[2022-09-14T21:12:53.710-0300] {processor.py:161} INFO - Processing /home/juliana/Área de Trabalho/datapipeline/.env/lib/python3.8/site-packages/airflow/example_dags/example_branch_python_dop_operator_3.py took 0.078 seconds
[2022-09-14T21:13:28.155-0300] {processor.py:153} INFO - Started process (PID=20777) to work on /home/juliana/Área de Trabalho/datapipeline/.env/lib/python3.8/site-packages/airflow/example_dags/example_branch_python_dop_operator_3.py
[2022-09-14T21:13:28.157-0300] {processor.py:640} INFO - Processing file /home/juliana/Área de Trabalho/datapipeline/.env/lib/python3.8/site-packages/airflow/example_dags/example_branch_python_dop_operator_3.py for tasks to queue
[2022-09-14T21:13:28.158-0300] {logging_mixin.py:115} INFO - [2022-09-14T21:13:28.158-0300] {dagbag.py:508} INFO - Filling up the DagBag from /home/juliana/Área de Trabalho/datapipeline/.env/lib/python3.8/site-packages/airflow/example_dags/example_branch_python_dop_operator_3.py
[2022-09-14T21:13:28.171-0300] {processor.py:650} INFO - DAG(s) dict_keys(['example_branch_dop_operator_v3']) retrieved from /home/juliana/Área de Trabalho/datapipeline/.env/lib/python3.8/site-packages/airflow/example_dags/example_branch_python_dop_operator_3.py
[2022-09-14T21:13:28.189-0300] {logging_mixin.py:115} INFO - [2022-09-14T21:13:28.189-0300] {dag.py:2429} INFO - Sync 1 DAGs
[2022-09-14T21:13:28.208-0300] {logging_mixin.py:115} INFO - [2022-09-14T21:13:28.208-0300] {dag.py:2977} INFO - Setting next_dagrun for example_branch_dop_operator_v3 to 2022-09-15T00:12:00+00:00, run_after=2022-09-15T00:13:00+00:00
[2022-09-14T21:13:28.225-0300] {processor.py:161} INFO - Processing /home/juliana/Área de Trabalho/datapipeline/.env/lib/python3.8/site-packages/airflow/example_dags/example_branch_python_dop_operator_3.py took 0.076 seconds
[2022-09-14T21:14:00.732-0300] {processor.py:153} INFO - Started process (PID=20813) to work on /home/juliana/Área de Trabalho/datapipeline/.env/lib/python3.8/site-packages/airflow/example_dags/example_branch_python_dop_operator_3.py
[2022-09-14T21:14:00.733-0300] {processor.py:640} INFO - Processing file /home/juliana/Área de Trabalho/datapipeline/.env/lib/python3.8/site-packages/airflow/example_dags/example_branch_python_dop_operator_3.py for tasks to queue
[2022-09-14T21:14:00.734-0300] {logging_mixin.py:115} INFO - [2022-09-14T21:14:00.734-0300] {dagbag.py:508} INFO - Filling up the DagBag from /home/juliana/Área de Trabalho/datapipeline/.env/lib/python3.8/site-packages/airflow/example_dags/example_branch_python_dop_operator_3.py
[2022-09-14T21:14:00.746-0300] {processor.py:650} INFO - DAG(s) dict_keys(['example_branch_dop_operator_v3']) retrieved from /home/juliana/Área de Trabalho/datapipeline/.env/lib/python3.8/site-packages/airflow/example_dags/example_branch_python_dop_operator_3.py
[2022-09-14T21:14:00.762-0300] {logging_mixin.py:115} INFO - [2022-09-14T21:14:00.762-0300] {dag.py:2429} INFO - Sync 1 DAGs
[2022-09-14T21:14:00.781-0300] {logging_mixin.py:115} INFO - [2022-09-14T21:14:00.781-0300] {dag.py:2977} INFO - Setting next_dagrun for example_branch_dop_operator_v3 to 2022-09-15T00:13:00+00:00, run_after=2022-09-15T00:14:00+00:00
[2022-09-14T21:14:00.801-0300] {processor.py:161} INFO - Processing /home/juliana/Área de Trabalho/datapipeline/.env/lib/python3.8/site-packages/airflow/example_dags/example_branch_python_dop_operator_3.py took 0.073 seconds
[2022-09-14T21:14:35.199-0300] {processor.py:153} INFO - Started process (PID=20847) to work on /home/juliana/Área de Trabalho/datapipeline/.env/lib/python3.8/site-packages/airflow/example_dags/example_branch_python_dop_operator_3.py
[2022-09-14T21:14:35.206-0300] {processor.py:640} INFO - Processing file /home/juliana/Área de Trabalho/datapipeline/.env/lib/python3.8/site-packages/airflow/example_dags/example_branch_python_dop_operator_3.py for tasks to queue
[2022-09-14T21:14:35.207-0300] {logging_mixin.py:115} INFO - [2022-09-14T21:14:35.207-0300] {dagbag.py:508} INFO - Filling up the DagBag from /home/juliana/Área de Trabalho/datapipeline/.env/lib/python3.8/site-packages/airflow/example_dags/example_branch_python_dop_operator_3.py
[2022-09-14T21:14:35.220-0300] {processor.py:650} INFO - DAG(s) dict_keys(['example_branch_dop_operator_v3']) retrieved from /home/juliana/Área de Trabalho/datapipeline/.env/lib/python3.8/site-packages/airflow/example_dags/example_branch_python_dop_operator_3.py
[2022-09-14T21:14:35.237-0300] {logging_mixin.py:115} INFO - [2022-09-14T21:14:35.237-0300] {dag.py:2429} INFO - Sync 1 DAGs
[2022-09-14T21:14:35.256-0300] {logging_mixin.py:115} INFO - [2022-09-14T21:14:35.256-0300] {dag.py:2977} INFO - Setting next_dagrun for example_branch_dop_operator_v3 to 2022-09-15T00:13:00+00:00, run_after=2022-09-15T00:14:00+00:00
[2022-09-14T21:14:35.272-0300] {processor.py:161} INFO - Processing /home/juliana/Área de Trabalho/datapipeline/.env/lib/python3.8/site-packages/airflow/example_dags/example_branch_python_dop_operator_3.py took 0.080 seconds
[2022-09-14T21:15:07.765-0300] {processor.py:153} INFO - Started process (PID=20882) to work on /home/juliana/Área de Trabalho/datapipeline/.env/lib/python3.8/site-packages/airflow/example_dags/example_branch_python_dop_operator_3.py
[2022-09-14T21:15:07.766-0300] {processor.py:640} INFO - Processing file /home/juliana/Área de Trabalho/datapipeline/.env/lib/python3.8/site-packages/airflow/example_dags/example_branch_python_dop_operator_3.py for tasks to queue
[2022-09-14T21:15:07.766-0300] {logging_mixin.py:115} INFO - [2022-09-14T21:15:07.766-0300] {dagbag.py:508} INFO - Filling up the DagBag from /home/juliana/Área de Trabalho/datapipeline/.env/lib/python3.8/site-packages/airflow/example_dags/example_branch_python_dop_operator_3.py
[2022-09-14T21:15:07.776-0300] {processor.py:650} INFO - DAG(s) dict_keys(['example_branch_dop_operator_v3']) retrieved from /home/juliana/Área de Trabalho/datapipeline/.env/lib/python3.8/site-packages/airflow/example_dags/example_branch_python_dop_operator_3.py
[2022-09-14T21:15:07.793-0300] {logging_mixin.py:115} INFO - [2022-09-14T21:15:07.792-0300] {dag.py:2429} INFO - Sync 1 DAGs
[2022-09-14T21:15:07.816-0300] {logging_mixin.py:115} INFO - [2022-09-14T21:15:07.816-0300] {dag.py:2977} INFO - Setting next_dagrun for example_branch_dop_operator_v3 to 2022-09-15T00:14:00+00:00, run_after=2022-09-15T00:15:00+00:00
[2022-09-14T21:15:07.834-0300] {processor.py:161} INFO - Processing /home/juliana/Área de Trabalho/datapipeline/.env/lib/python3.8/site-packages/airflow/example_dags/example_branch_python_dop_operator_3.py took 0.074 seconds
[2022-09-14T21:15:42.302-0300] {processor.py:153} INFO - Started process (PID=20918) to work on /home/juliana/Área de Trabalho/datapipeline/.env/lib/python3.8/site-packages/airflow/example_dags/example_branch_python_dop_operator_3.py
[2022-09-14T21:15:42.304-0300] {processor.py:640} INFO - Processing file /home/juliana/Área de Trabalho/datapipeline/.env/lib/python3.8/site-packages/airflow/example_dags/example_branch_python_dop_operator_3.py for tasks to queue
[2022-09-14T21:15:42.305-0300] {logging_mixin.py:115} INFO - [2022-09-14T21:15:42.305-0300] {dagbag.py:508} INFO - Filling up the DagBag from /home/juliana/Área de Trabalho/datapipeline/.env/lib/python3.8/site-packages/airflow/example_dags/example_branch_python_dop_operator_3.py
[2022-09-14T21:15:42.319-0300] {processor.py:650} INFO - DAG(s) dict_keys(['example_branch_dop_operator_v3']) retrieved from /home/juliana/Área de Trabalho/datapipeline/.env/lib/python3.8/site-packages/airflow/example_dags/example_branch_python_dop_operator_3.py
[2022-09-14T21:15:42.337-0300] {logging_mixin.py:115} INFO - [2022-09-14T21:15:42.336-0300] {dag.py:2429} INFO - Sync 1 DAGs
[2022-09-14T21:15:42.355-0300] {logging_mixin.py:115} INFO - [2022-09-14T21:15:42.355-0300] {dag.py:2977} INFO - Setting next_dagrun for example_branch_dop_operator_v3 to 2022-09-15T00:14:00+00:00, run_after=2022-09-15T00:15:00+00:00
[2022-09-14T21:15:42.376-0300] {processor.py:161} INFO - Processing /home/juliana/Área de Trabalho/datapipeline/.env/lib/python3.8/site-packages/airflow/example_dags/example_branch_python_dop_operator_3.py took 0.080 seconds
[2022-09-14T21:16:18.372-0300] {processor.py:153} INFO - Started process (PID=20956) to work on /home/juliana/Área de Trabalho/datapipeline/.env/lib/python3.8/site-packages/airflow/example_dags/example_branch_python_dop_operator_3.py
[2022-09-14T21:16:18.373-0300] {processor.py:640} INFO - Processing file /home/juliana/Área de Trabalho/datapipeline/.env/lib/python3.8/site-packages/airflow/example_dags/example_branch_python_dop_operator_3.py for tasks to queue
[2022-09-14T21:16:18.375-0300] {logging_mixin.py:115} INFO - [2022-09-14T21:16:18.374-0300] {dagbag.py:508} INFO - Filling up the DagBag from /home/juliana/Área de Trabalho/datapipeline/.env/lib/python3.8/site-packages/airflow/example_dags/example_branch_python_dop_operator_3.py
[2022-09-14T21:16:18.388-0300] {processor.py:650} INFO - DAG(s) dict_keys(['example_branch_dop_operator_v3']) retrieved from /home/juliana/Área de Trabalho/datapipeline/.env/lib/python3.8/site-packages/airflow/example_dags/example_branch_python_dop_operator_3.py
[2022-09-14T21:16:18.405-0300] {logging_mixin.py:115} INFO - [2022-09-14T21:16:18.405-0300] {dag.py:2429} INFO - Sync 1 DAGs
[2022-09-14T21:16:18.425-0300] {logging_mixin.py:115} INFO - [2022-09-14T21:16:18.424-0300] {dag.py:2977} INFO - Setting next_dagrun for example_branch_dop_operator_v3 to 2022-09-15T00:15:00+00:00, run_after=2022-09-15T00:16:00+00:00
[2022-09-14T21:16:18.454-0300] {processor.py:161} INFO - Processing /home/juliana/Área de Trabalho/datapipeline/.env/lib/python3.8/site-packages/airflow/example_dags/example_branch_python_dop_operator_3.py took 0.088 seconds
[2022-09-14T21:16:53.571-0300] {processor.py:153} INFO - Started process (PID=20991) to work on /home/juliana/Área de Trabalho/datapipeline/.env/lib/python3.8/site-packages/airflow/example_dags/example_branch_python_dop_operator_3.py
[2022-09-14T21:16:53.572-0300] {processor.py:640} INFO - Processing file /home/juliana/Área de Trabalho/datapipeline/.env/lib/python3.8/site-packages/airflow/example_dags/example_branch_python_dop_operator_3.py for tasks to queue
[2022-09-14T21:16:53.574-0300] {logging_mixin.py:115} INFO - [2022-09-14T21:16:53.573-0300] {dagbag.py:508} INFO - Filling up the DagBag from /home/juliana/Área de Trabalho/datapipeline/.env/lib/python3.8/site-packages/airflow/example_dags/example_branch_python_dop_operator_3.py
[2022-09-14T21:16:53.604-0300] {processor.py:650} INFO - DAG(s) dict_keys(['example_branch_dop_operator_v3']) retrieved from /home/juliana/Área de Trabalho/datapipeline/.env/lib/python3.8/site-packages/airflow/example_dags/example_branch_python_dop_operator_3.py
[2022-09-14T21:16:53.626-0300] {logging_mixin.py:115} INFO - [2022-09-14T21:16:53.626-0300] {dag.py:2429} INFO - Sync 1 DAGs
[2022-09-14T21:16:53.662-0300] {logging_mixin.py:115} INFO - [2022-09-14T21:16:53.661-0300] {dag.py:2977} INFO - Setting next_dagrun for example_branch_dop_operator_v3 to 2022-09-15T00:15:00+00:00, run_after=2022-09-15T00:16:00+00:00
[2022-09-14T21:16:53.688-0300] {processor.py:161} INFO - Processing /home/juliana/Área de Trabalho/datapipeline/.env/lib/python3.8/site-packages/airflow/example_dags/example_branch_python_dop_operator_3.py took 0.126 seconds
[2022-09-14T21:17:28.411-0300] {processor.py:153} INFO - Started process (PID=21033) to work on /home/juliana/Área de Trabalho/datapipeline/.env/lib/python3.8/site-packages/airflow/example_dags/example_branch_python_dop_operator_3.py
[2022-09-14T21:17:28.413-0300] {processor.py:640} INFO - Processing file /home/juliana/Área de Trabalho/datapipeline/.env/lib/python3.8/site-packages/airflow/example_dags/example_branch_python_dop_operator_3.py for tasks to queue
[2022-09-14T21:17:28.414-0300] {logging_mixin.py:115} INFO - [2022-09-14T21:17:28.414-0300] {dagbag.py:508} INFO - Filling up the DagBag from /home/juliana/Área de Trabalho/datapipeline/.env/lib/python3.8/site-packages/airflow/example_dags/example_branch_python_dop_operator_3.py
[2022-09-14T21:17:28.428-0300] {processor.py:650} INFO - DAG(s) dict_keys(['example_branch_dop_operator_v3']) retrieved from /home/juliana/Área de Trabalho/datapipeline/.env/lib/python3.8/site-packages/airflow/example_dags/example_branch_python_dop_operator_3.py
[2022-09-14T21:17:28.443-0300] {logging_mixin.py:115} INFO - [2022-09-14T21:17:28.443-0300] {dag.py:2429} INFO - Sync 1 DAGs
[2022-09-14T21:17:28.462-0300] {logging_mixin.py:115} INFO - [2022-09-14T21:17:28.462-0300] {dag.py:2977} INFO - Setting next_dagrun for example_branch_dop_operator_v3 to 2022-09-15T00:16:00+00:00, run_after=2022-09-15T00:17:00+00:00
[2022-09-14T21:17:28.477-0300] {processor.py:161} INFO - Processing /home/juliana/Área de Trabalho/datapipeline/.env/lib/python3.8/site-packages/airflow/example_dags/example_branch_python_dop_operator_3.py took 0.070 seconds
[2022-09-14T21:18:03.207-0300] {processor.py:153} INFO - Started process (PID=21072) to work on /home/juliana/Área de Trabalho/datapipeline/.env/lib/python3.8/site-packages/airflow/example_dags/example_branch_python_dop_operator_3.py
[2022-09-14T21:18:03.208-0300] {processor.py:640} INFO - Processing file /home/juliana/Área de Trabalho/datapipeline/.env/lib/python3.8/site-packages/airflow/example_dags/example_branch_python_dop_operator_3.py for tasks to queue
[2022-09-14T21:18:03.209-0300] {logging_mixin.py:115} INFO - [2022-09-14T21:18:03.208-0300] {dagbag.py:508} INFO - Filling up the DagBag from /home/juliana/Área de Trabalho/datapipeline/.env/lib/python3.8/site-packages/airflow/example_dags/example_branch_python_dop_operator_3.py
[2022-09-14T21:18:03.223-0300] {processor.py:650} INFO - DAG(s) dict_keys(['example_branch_dop_operator_v3']) retrieved from /home/juliana/Área de Trabalho/datapipeline/.env/lib/python3.8/site-packages/airflow/example_dags/example_branch_python_dop_operator_3.py
[2022-09-14T21:18:03.237-0300] {logging_mixin.py:115} INFO - [2022-09-14T21:18:03.237-0300] {dag.py:2429} INFO - Sync 1 DAGs
[2022-09-14T21:18:03.256-0300] {logging_mixin.py:115} INFO - [2022-09-14T21:18:03.256-0300] {dag.py:2977} INFO - Setting next_dagrun for example_branch_dop_operator_v3 to 2022-09-15T00:17:00+00:00, run_after=2022-09-15T00:18:00+00:00
[2022-09-14T21:18:03.280-0300] {processor.py:161} INFO - Processing /home/juliana/Área de Trabalho/datapipeline/.env/lib/python3.8/site-packages/airflow/example_dags/example_branch_python_dop_operator_3.py took 0.077 seconds
[2022-09-14T21:18:37.786-0300] {processor.py:153} INFO - Started process (PID=21110) to work on /home/juliana/Área de Trabalho/datapipeline/.env/lib/python3.8/site-packages/airflow/example_dags/example_branch_python_dop_operator_3.py
[2022-09-14T21:18:37.787-0300] {processor.py:640} INFO - Processing file /home/juliana/Área de Trabalho/datapipeline/.env/lib/python3.8/site-packages/airflow/example_dags/example_branch_python_dop_operator_3.py for tasks to queue
[2022-09-14T21:18:37.788-0300] {logging_mixin.py:115} INFO - [2022-09-14T21:18:37.788-0300] {dagbag.py:508} INFO - Filling up the DagBag from /home/juliana/Área de Trabalho/datapipeline/.env/lib/python3.8/site-packages/airflow/example_dags/example_branch_python_dop_operator_3.py
[2022-09-14T21:18:37.802-0300] {processor.py:650} INFO - DAG(s) dict_keys(['example_branch_dop_operator_v3']) retrieved from /home/juliana/Área de Trabalho/datapipeline/.env/lib/python3.8/site-packages/airflow/example_dags/example_branch_python_dop_operator_3.py
[2022-09-14T21:18:37.818-0300] {logging_mixin.py:115} INFO - [2022-09-14T21:18:37.818-0300] {dag.py:2429} INFO - Sync 1 DAGs
[2022-09-14T21:18:37.836-0300] {logging_mixin.py:115} INFO - [2022-09-14T21:18:37.836-0300] {dag.py:2977} INFO - Setting next_dagrun for example_branch_dop_operator_v3 to 2022-09-15T00:17:00+00:00, run_after=2022-09-15T00:18:00+00:00
[2022-09-14T21:18:37.857-0300] {processor.py:161} INFO - Processing /home/juliana/Área de Trabalho/datapipeline/.env/lib/python3.8/site-packages/airflow/example_dags/example_branch_python_dop_operator_3.py took 0.077 seconds
[2022-09-14T21:19:10.410-0300] {processor.py:153} INFO - Started process (PID=21145) to work on /home/juliana/Área de Trabalho/datapipeline/.env/lib/python3.8/site-packages/airflow/example_dags/example_branch_python_dop_operator_3.py
[2022-09-14T21:19:10.411-0300] {processor.py:640} INFO - Processing file /home/juliana/Área de Trabalho/datapipeline/.env/lib/python3.8/site-packages/airflow/example_dags/example_branch_python_dop_operator_3.py for tasks to queue
[2022-09-14T21:19:10.412-0300] {logging_mixin.py:115} INFO - [2022-09-14T21:19:10.412-0300] {dagbag.py:508} INFO - Filling up the DagBag from /home/juliana/Área de Trabalho/datapipeline/.env/lib/python3.8/site-packages/airflow/example_dags/example_branch_python_dop_operator_3.py
[2022-09-14T21:19:10.422-0300] {processor.py:650} INFO - DAG(s) dict_keys(['example_branch_dop_operator_v3']) retrieved from /home/juliana/Área de Trabalho/datapipeline/.env/lib/python3.8/site-packages/airflow/example_dags/example_branch_python_dop_operator_3.py
[2022-09-14T21:19:10.441-0300] {logging_mixin.py:115} INFO - [2022-09-14T21:19:10.441-0300] {dag.py:2429} INFO - Sync 1 DAGs
[2022-09-14T21:19:10.463-0300] {logging_mixin.py:115} INFO - [2022-09-14T21:19:10.463-0300] {dag.py:2977} INFO - Setting next_dagrun for example_branch_dop_operator_v3 to 2022-09-15T00:18:00+00:00, run_after=2022-09-15T00:19:00+00:00
[2022-09-14T21:19:10.486-0300] {processor.py:161} INFO - Processing /home/juliana/Área de Trabalho/datapipeline/.env/lib/python3.8/site-packages/airflow/example_dags/example_branch_python_dop_operator_3.py took 0.072 seconds
[2022-09-14T21:19:46.288-0300] {processor.py:153} INFO - Started process (PID=21179) to work on /home/juliana/Área de Trabalho/datapipeline/.env/lib/python3.8/site-packages/airflow/example_dags/example_branch_python_dop_operator_3.py
[2022-09-14T21:19:46.290-0300] {processor.py:640} INFO - Processing file /home/juliana/Área de Trabalho/datapipeline/.env/lib/python3.8/site-packages/airflow/example_dags/example_branch_python_dop_operator_3.py for tasks to queue
[2022-09-14T21:19:46.291-0300] {logging_mixin.py:115} INFO - [2022-09-14T21:19:46.291-0300] {dagbag.py:508} INFO - Filling up the DagBag from /home/juliana/Área de Trabalho/datapipeline/.env/lib/python3.8/site-packages/airflow/example_dags/example_branch_python_dop_operator_3.py
[2022-09-14T21:19:46.306-0300] {processor.py:650} INFO - DAG(s) dict_keys(['example_branch_dop_operator_v3']) retrieved from /home/juliana/Área de Trabalho/datapipeline/.env/lib/python3.8/site-packages/airflow/example_dags/example_branch_python_dop_operator_3.py
[2022-09-14T21:19:46.324-0300] {logging_mixin.py:115} INFO - [2022-09-14T21:19:46.324-0300] {dag.py:2429} INFO - Sync 1 DAGs
[2022-09-14T21:19:46.344-0300] {logging_mixin.py:115} INFO - [2022-09-14T21:19:46.344-0300] {dag.py:2977} INFO - Setting next_dagrun for example_branch_dop_operator_v3 to 2022-09-15T00:18:00+00:00, run_after=2022-09-15T00:19:00+00:00
[2022-09-14T21:19:46.363-0300] {processor.py:161} INFO - Processing /home/juliana/Área de Trabalho/datapipeline/.env/lib/python3.8/site-packages/airflow/example_dags/example_branch_python_dop_operator_3.py took 0.082 seconds
[2022-09-14T21:20:20.585-0300] {processor.py:153} INFO - Started process (PID=21216) to work on /home/juliana/Área de Trabalho/datapipeline/.env/lib/python3.8/site-packages/airflow/example_dags/example_branch_python_dop_operator_3.py
[2022-09-14T21:20:20.587-0300] {processor.py:640} INFO - Processing file /home/juliana/Área de Trabalho/datapipeline/.env/lib/python3.8/site-packages/airflow/example_dags/example_branch_python_dop_operator_3.py for tasks to queue
[2022-09-14T21:20:20.588-0300] {logging_mixin.py:115} INFO - [2022-09-14T21:20:20.588-0300] {dagbag.py:508} INFO - Filling up the DagBag from /home/juliana/Área de Trabalho/datapipeline/.env/lib/python3.8/site-packages/airflow/example_dags/example_branch_python_dop_operator_3.py
[2022-09-14T21:20:20.603-0300] {processor.py:650} INFO - DAG(s) dict_keys(['example_branch_dop_operator_v3']) retrieved from /home/juliana/Área de Trabalho/datapipeline/.env/lib/python3.8/site-packages/airflow/example_dags/example_branch_python_dop_operator_3.py
[2022-09-14T21:20:20.620-0300] {logging_mixin.py:115} INFO - [2022-09-14T21:20:20.620-0300] {dag.py:2429} INFO - Sync 1 DAGs
[2022-09-14T21:20:20.639-0300] {logging_mixin.py:115} INFO - [2022-09-14T21:20:20.639-0300] {dag.py:2977} INFO - Setting next_dagrun for example_branch_dop_operator_v3 to 2022-09-15T00:19:00+00:00, run_after=2022-09-15T00:20:00+00:00
[2022-09-14T21:20:20.655-0300] {processor.py:161} INFO - Processing /home/juliana/Área de Trabalho/datapipeline/.env/lib/python3.8/site-packages/airflow/example_dags/example_branch_python_dop_operator_3.py took 0.076 seconds
[2022-09-14T21:20:55.061-0300] {processor.py:153} INFO - Started process (PID=21252) to work on /home/juliana/Área de Trabalho/datapipeline/.env/lib/python3.8/site-packages/airflow/example_dags/example_branch_python_dop_operator_3.py
[2022-09-14T21:20:55.063-0300] {processor.py:640} INFO - Processing file /home/juliana/Área de Trabalho/datapipeline/.env/lib/python3.8/site-packages/airflow/example_dags/example_branch_python_dop_operator_3.py for tasks to queue
[2022-09-14T21:20:55.064-0300] {logging_mixin.py:115} INFO - [2022-09-14T21:20:55.064-0300] {dagbag.py:508} INFO - Filling up the DagBag from /home/juliana/Área de Trabalho/datapipeline/.env/lib/python3.8/site-packages/airflow/example_dags/example_branch_python_dop_operator_3.py
[2022-09-14T21:20:55.079-0300] {processor.py:650} INFO - DAG(s) dict_keys(['example_branch_dop_operator_v3']) retrieved from /home/juliana/Área de Trabalho/datapipeline/.env/lib/python3.8/site-packages/airflow/example_dags/example_branch_python_dop_operator_3.py
[2022-09-14T21:20:55.097-0300] {logging_mixin.py:115} INFO - [2022-09-14T21:20:55.097-0300] {dag.py:2429} INFO - Sync 1 DAGs
[2022-09-14T21:20:55.116-0300] {logging_mixin.py:115} INFO - [2022-09-14T21:20:55.116-0300] {dag.py:2977} INFO - Setting next_dagrun for example_branch_dop_operator_v3 to 2022-09-15T00:19:00+00:00, run_after=2022-09-15T00:20:00+00:00
[2022-09-14T21:20:55.137-0300] {processor.py:161} INFO - Processing /home/juliana/Área de Trabalho/datapipeline/.env/lib/python3.8/site-packages/airflow/example_dags/example_branch_python_dop_operator_3.py took 0.081 seconds
[2022-09-14T21:21:29.626-0300] {processor.py:153} INFO - Started process (PID=21289) to work on /home/juliana/Área de Trabalho/datapipeline/.env/lib/python3.8/site-packages/airflow/example_dags/example_branch_python_dop_operator_3.py
[2022-09-14T21:21:29.627-0300] {processor.py:640} INFO - Processing file /home/juliana/Área de Trabalho/datapipeline/.env/lib/python3.8/site-packages/airflow/example_dags/example_branch_python_dop_operator_3.py for tasks to queue
[2022-09-14T21:21:29.627-0300] {logging_mixin.py:115} INFO - [2022-09-14T21:21:29.627-0300] {dagbag.py:508} INFO - Filling up the DagBag from /home/juliana/Área de Trabalho/datapipeline/.env/lib/python3.8/site-packages/airflow/example_dags/example_branch_python_dop_operator_3.py
[2022-09-14T21:21:29.638-0300] {processor.py:650} INFO - DAG(s) dict_keys(['example_branch_dop_operator_v3']) retrieved from /home/juliana/Área de Trabalho/datapipeline/.env/lib/python3.8/site-packages/airflow/example_dags/example_branch_python_dop_operator_3.py
[2022-09-14T21:21:29.653-0300] {logging_mixin.py:115} INFO - [2022-09-14T21:21:29.652-0300] {dag.py:2429} INFO - Sync 1 DAGs
[2022-09-14T21:21:29.673-0300] {logging_mixin.py:115} INFO - [2022-09-14T21:21:29.673-0300] {dag.py:2977} INFO - Setting next_dagrun for example_branch_dop_operator_v3 to 2022-09-15T00:20:00+00:00, run_after=2022-09-15T00:21:00+00:00
[2022-09-14T21:21:29.687-0300] {processor.py:161} INFO - Processing /home/juliana/Área de Trabalho/datapipeline/.env/lib/python3.8/site-packages/airflow/example_dags/example_branch_python_dop_operator_3.py took 0.065 seconds
[2022-09-14T21:22:03.706-0300] {processor.py:153} INFO - Started process (PID=21327) to work on /home/juliana/Área de Trabalho/datapipeline/.env/lib/python3.8/site-packages/airflow/example_dags/example_branch_python_dop_operator_3.py
[2022-09-14T21:22:03.708-0300] {processor.py:640} INFO - Processing file /home/juliana/Área de Trabalho/datapipeline/.env/lib/python3.8/site-packages/airflow/example_dags/example_branch_python_dop_operator_3.py for tasks to queue
[2022-09-14T21:22:03.709-0300] {logging_mixin.py:115} INFO - [2022-09-14T21:22:03.708-0300] {dagbag.py:508} INFO - Filling up the DagBag from /home/juliana/Área de Trabalho/datapipeline/.env/lib/python3.8/site-packages/airflow/example_dags/example_branch_python_dop_operator_3.py
[2022-09-14T21:22:03.720-0300] {processor.py:650} INFO - DAG(s) dict_keys(['example_branch_dop_operator_v3']) retrieved from /home/juliana/Área de Trabalho/datapipeline/.env/lib/python3.8/site-packages/airflow/example_dags/example_branch_python_dop_operator_3.py
[2022-09-14T21:22:03.735-0300] {logging_mixin.py:115} INFO - [2022-09-14T21:22:03.735-0300] {dag.py:2429} INFO - Sync 1 DAGs
[2022-09-14T21:22:03.754-0300] {logging_mixin.py:115} INFO - [2022-09-14T21:22:03.754-0300] {dag.py:2977} INFO - Setting next_dagrun for example_branch_dop_operator_v3 to 2022-09-15T00:21:00+00:00, run_after=2022-09-15T00:22:00+00:00
[2022-09-14T21:22:03.768-0300] {processor.py:161} INFO - Processing /home/juliana/Área de Trabalho/datapipeline/.env/lib/python3.8/site-packages/airflow/example_dags/example_branch_python_dop_operator_3.py took 0.067 seconds
[2022-09-14T21:22:41.792-0300] {processor.py:153} INFO - Started process (PID=21369) to work on /home/juliana/Área de Trabalho/datapipeline/.env/lib/python3.8/site-packages/airflow/example_dags/example_branch_python_dop_operator_3.py
[2022-09-14T21:22:41.794-0300] {processor.py:640} INFO - Processing file /home/juliana/Área de Trabalho/datapipeline/.env/lib/python3.8/site-packages/airflow/example_dags/example_branch_python_dop_operator_3.py for tasks to queue
[2022-09-14T21:22:41.795-0300] {logging_mixin.py:115} INFO - [2022-09-14T21:22:41.795-0300] {dagbag.py:508} INFO - Filling up the DagBag from /home/juliana/Área de Trabalho/datapipeline/.env/lib/python3.8/site-packages/airflow/example_dags/example_branch_python_dop_operator_3.py
[2022-09-14T21:22:41.808-0300] {processor.py:650} INFO - DAG(s) dict_keys(['example_branch_dop_operator_v3']) retrieved from /home/juliana/Área de Trabalho/datapipeline/.env/lib/python3.8/site-packages/airflow/example_dags/example_branch_python_dop_operator_3.py
[2022-09-14T21:22:41.824-0300] {logging_mixin.py:115} INFO - [2022-09-14T21:22:41.824-0300] {dag.py:2429} INFO - Sync 1 DAGs
[2022-09-14T21:22:41.844-0300] {logging_mixin.py:115} INFO - [2022-09-14T21:22:41.844-0300] {dag.py:2977} INFO - Setting next_dagrun for example_branch_dop_operator_v3 to 2022-09-15T00:21:00+00:00, run_after=2022-09-15T00:22:00+00:00
[2022-09-14T21:22:41.861-0300] {processor.py:161} INFO - Processing /home/juliana/Área de Trabalho/datapipeline/.env/lib/python3.8/site-packages/airflow/example_dags/example_branch_python_dop_operator_3.py took 0.074 seconds
[2022-09-14T21:23:18.894-0300] {processor.py:153} INFO - Started process (PID=21438) to work on /home/juliana/Área de Trabalho/datapipeline/.env/lib/python3.8/site-packages/airflow/example_dags/example_branch_python_dop_operator_3.py
[2022-09-14T21:23:18.896-0300] {processor.py:640} INFO - Processing file /home/juliana/Área de Trabalho/datapipeline/.env/lib/python3.8/site-packages/airflow/example_dags/example_branch_python_dop_operator_3.py for tasks to queue
[2022-09-14T21:23:18.900-0300] {logging_mixin.py:115} INFO - [2022-09-14T21:23:18.900-0300] {dagbag.py:508} INFO - Filling up the DagBag from /home/juliana/Área de Trabalho/datapipeline/.env/lib/python3.8/site-packages/airflow/example_dags/example_branch_python_dop_operator_3.py
[2022-09-14T21:23:18.919-0300] {processor.py:650} INFO - DAG(s) dict_keys(['example_branch_dop_operator_v3']) retrieved from /home/juliana/Área de Trabalho/datapipeline/.env/lib/python3.8/site-packages/airflow/example_dags/example_branch_python_dop_operator_3.py
[2022-09-14T21:23:18.943-0300] {logging_mixin.py:115} INFO - [2022-09-14T21:23:18.943-0300] {dag.py:2429} INFO - Sync 1 DAGs
[2022-09-14T21:23:18.974-0300] {logging_mixin.py:115} INFO - [2022-09-14T21:23:18.974-0300] {dag.py:2977} INFO - Setting next_dagrun for example_branch_dop_operator_v3 to 2022-09-15T00:22:00+00:00, run_after=2022-09-15T00:23:00+00:00
[2022-09-14T21:23:18.993-0300] {processor.py:161} INFO - Processing /home/juliana/Área de Trabalho/datapipeline/.env/lib/python3.8/site-packages/airflow/example_dags/example_branch_python_dop_operator_3.py took 0.101 seconds
[2022-09-14T21:23:56.700-0300] {processor.py:153} INFO - Started process (PID=21490) to work on /home/juliana/Área de Trabalho/datapipeline/.env/lib/python3.8/site-packages/airflow/example_dags/example_branch_python_dop_operator_3.py
[2022-09-14T21:23:56.706-0300] {processor.py:640} INFO - Processing file /home/juliana/Área de Trabalho/datapipeline/.env/lib/python3.8/site-packages/airflow/example_dags/example_branch_python_dop_operator_3.py for tasks to queue
[2022-09-14T21:23:56.707-0300] {logging_mixin.py:115} INFO - [2022-09-14T21:23:56.706-0300] {dagbag.py:508} INFO - Filling up the DagBag from /home/juliana/Área de Trabalho/datapipeline/.env/lib/python3.8/site-packages/airflow/example_dags/example_branch_python_dop_operator_3.py
[2022-09-14T21:23:56.716-0300] {processor.py:650} INFO - DAG(s) dict_keys(['example_branch_dop_operator_v3']) retrieved from /home/juliana/Área de Trabalho/datapipeline/.env/lib/python3.8/site-packages/airflow/example_dags/example_branch_python_dop_operator_3.py
[2022-09-14T21:23:56.730-0300] {logging_mixin.py:115} INFO - [2022-09-14T21:23:56.730-0300] {dag.py:2429} INFO - Sync 1 DAGs
[2022-09-14T21:23:56.749-0300] {logging_mixin.py:115} INFO - [2022-09-14T21:23:56.749-0300] {dag.py:2977} INFO - Setting next_dagrun for example_branch_dop_operator_v3 to 2022-09-15T00:22:00+00:00, run_after=2022-09-15T00:23:00+00:00
[2022-09-14T21:23:56.765-0300] {processor.py:161} INFO - Processing /home/juliana/Área de Trabalho/datapipeline/.env/lib/python3.8/site-packages/airflow/example_dags/example_branch_python_dop_operator_3.py took 0.067 seconds
[2022-09-14T21:24:33.392-0300] {processor.py:153} INFO - Started process (PID=21536) to work on /home/juliana/Área de Trabalho/datapipeline/.env/lib/python3.8/site-packages/airflow/example_dags/example_branch_python_dop_operator_3.py
[2022-09-14T21:24:33.396-0300] {processor.py:640} INFO - Processing file /home/juliana/Área de Trabalho/datapipeline/.env/lib/python3.8/site-packages/airflow/example_dags/example_branch_python_dop_operator_3.py for tasks to queue
[2022-09-14T21:24:33.400-0300] {logging_mixin.py:115} INFO - [2022-09-14T21:24:33.400-0300] {dagbag.py:508} INFO - Filling up the DagBag from /home/juliana/Área de Trabalho/datapipeline/.env/lib/python3.8/site-packages/airflow/example_dags/example_branch_python_dop_operator_3.py
[2022-09-14T21:24:33.416-0300] {processor.py:650} INFO - DAG(s) dict_keys(['example_branch_dop_operator_v3']) retrieved from /home/juliana/Área de Trabalho/datapipeline/.env/lib/python3.8/site-packages/airflow/example_dags/example_branch_python_dop_operator_3.py
[2022-09-14T21:24:33.436-0300] {logging_mixin.py:115} INFO - [2022-09-14T21:24:33.435-0300] {dag.py:2429} INFO - Sync 1 DAGs
[2022-09-14T21:24:33.461-0300] {logging_mixin.py:115} INFO - [2022-09-14T21:24:33.461-0300] {dag.py:2977} INFO - Setting next_dagrun for example_branch_dop_operator_v3 to 2022-09-15T00:23:00+00:00, run_after=2022-09-15T00:24:00+00:00
[2022-09-14T21:24:33.477-0300] {processor.py:161} INFO - Processing /home/juliana/Área de Trabalho/datapipeline/.env/lib/python3.8/site-packages/airflow/example_dags/example_branch_python_dop_operator_3.py took 0.088 seconds
[2022-09-14T21:25:10.841-0300] {processor.py:153} INFO - Started process (PID=21580) to work on /home/juliana/Área de Trabalho/datapipeline/.env/lib/python3.8/site-packages/airflow/example_dags/example_branch_python_dop_operator_3.py
[2022-09-14T21:25:10.848-0300] {processor.py:640} INFO - Processing file /home/juliana/Área de Trabalho/datapipeline/.env/lib/python3.8/site-packages/airflow/example_dags/example_branch_python_dop_operator_3.py for tasks to queue
[2022-09-14T21:25:10.849-0300] {logging_mixin.py:115} INFO - [2022-09-14T21:25:10.849-0300] {dagbag.py:508} INFO - Filling up the DagBag from /home/juliana/Área de Trabalho/datapipeline/.env/lib/python3.8/site-packages/airflow/example_dags/example_branch_python_dop_operator_3.py
[2022-09-14T21:25:10.866-0300] {processor.py:650} INFO - DAG(s) dict_keys(['example_branch_dop_operator_v3']) retrieved from /home/juliana/Área de Trabalho/datapipeline/.env/lib/python3.8/site-packages/airflow/example_dags/example_branch_python_dop_operator_3.py
[2022-09-14T21:25:10.884-0300] {logging_mixin.py:115} INFO - [2022-09-14T21:25:10.884-0300] {dag.py:2429} INFO - Sync 1 DAGs
[2022-09-14T21:25:10.902-0300] {logging_mixin.py:115} INFO - [2022-09-14T21:25:10.902-0300] {dag.py:2977} INFO - Setting next_dagrun for example_branch_dop_operator_v3 to 2022-09-15T00:24:00+00:00, run_after=2022-09-15T00:25:00+00:00
[2022-09-14T21:25:10.920-0300] {processor.py:161} INFO - Processing /home/juliana/Área de Trabalho/datapipeline/.env/lib/python3.8/site-packages/airflow/example_dags/example_branch_python_dop_operator_3.py took 0.085 seconds
[2022-09-14T21:25:45.432-0300] {processor.py:153} INFO - Started process (PID=21615) to work on /home/juliana/Área de Trabalho/datapipeline/.env/lib/python3.8/site-packages/airflow/example_dags/example_branch_python_dop_operator_3.py
[2022-09-14T21:25:45.434-0300] {processor.py:640} INFO - Processing file /home/juliana/Área de Trabalho/datapipeline/.env/lib/python3.8/site-packages/airflow/example_dags/example_branch_python_dop_operator_3.py for tasks to queue
[2022-09-14T21:25:45.435-0300] {logging_mixin.py:115} INFO - [2022-09-14T21:25:45.435-0300] {dagbag.py:508} INFO - Filling up the DagBag from /home/juliana/Área de Trabalho/datapipeline/.env/lib/python3.8/site-packages/airflow/example_dags/example_branch_python_dop_operator_3.py
[2022-09-14T21:25:45.450-0300] {processor.py:650} INFO - DAG(s) dict_keys(['example_branch_dop_operator_v3']) retrieved from /home/juliana/Área de Trabalho/datapipeline/.env/lib/python3.8/site-packages/airflow/example_dags/example_branch_python_dop_operator_3.py
[2022-09-14T21:25:45.482-0300] {logging_mixin.py:115} INFO - [2022-09-14T21:25:45.481-0300] {dag.py:2429} INFO - Sync 1 DAGs
[2022-09-14T21:25:45.499-0300] {logging_mixin.py:115} INFO - [2022-09-14T21:25:45.499-0300] {dag.py:2977} INFO - Setting next_dagrun for example_branch_dop_operator_v3 to 2022-09-15T00:24:00+00:00, run_after=2022-09-15T00:25:00+00:00
[2022-09-14T21:25:45.513-0300] {processor.py:161} INFO - Processing /home/juliana/Área de Trabalho/datapipeline/.env/lib/python3.8/site-packages/airflow/example_dags/example_branch_python_dop_operator_3.py took 0.088 seconds
[2022-09-14T21:26:16.976-0300] {processor.py:153} INFO - Started process (PID=21649) to work on /home/juliana/Área de Trabalho/datapipeline/.env/lib/python3.8/site-packages/airflow/example_dags/example_branch_python_dop_operator_3.py
[2022-09-14T21:26:16.977-0300] {processor.py:640} INFO - Processing file /home/juliana/Área de Trabalho/datapipeline/.env/lib/python3.8/site-packages/airflow/example_dags/example_branch_python_dop_operator_3.py for tasks to queue
[2022-09-14T21:26:16.978-0300] {logging_mixin.py:115} INFO - [2022-09-14T21:26:16.977-0300] {dagbag.py:508} INFO - Filling up the DagBag from /home/juliana/Área de Trabalho/datapipeline/.env/lib/python3.8/site-packages/airflow/example_dags/example_branch_python_dop_operator_3.py
[2022-09-14T21:26:16.987-0300] {processor.py:650} INFO - DAG(s) dict_keys(['example_branch_dop_operator_v3']) retrieved from /home/juliana/Área de Trabalho/datapipeline/.env/lib/python3.8/site-packages/airflow/example_dags/example_branch_python_dop_operator_3.py
[2022-09-14T21:26:17.001-0300] {logging_mixin.py:115} INFO - [2022-09-14T21:26:17.001-0300] {dag.py:2429} INFO - Sync 1 DAGs
[2022-09-14T21:26:17.019-0300] {logging_mixin.py:115} INFO - [2022-09-14T21:26:17.019-0300] {dag.py:2977} INFO - Setting next_dagrun for example_branch_dop_operator_v3 to 2022-09-15T00:25:00+00:00, run_after=2022-09-15T00:26:00+00:00
[2022-09-14T21:26:17.040-0300] {processor.py:161} INFO - Processing /home/juliana/Área de Trabalho/datapipeline/.env/lib/python3.8/site-packages/airflow/example_dags/example_branch_python_dop_operator_3.py took 0.067 seconds
[2022-09-14T21:26:51.354-0300] {processor.py:153} INFO - Started process (PID=21686) to work on /home/juliana/Área de Trabalho/datapipeline/.env/lib/python3.8/site-packages/airflow/example_dags/example_branch_python_dop_operator_3.py
[2022-09-14T21:26:51.355-0300] {processor.py:640} INFO - Processing file /home/juliana/Área de Trabalho/datapipeline/.env/lib/python3.8/site-packages/airflow/example_dags/example_branch_python_dop_operator_3.py for tasks to queue
[2022-09-14T21:26:51.356-0300] {logging_mixin.py:115} INFO - [2022-09-14T21:26:51.355-0300] {dagbag.py:508} INFO - Filling up the DagBag from /home/juliana/Área de Trabalho/datapipeline/.env/lib/python3.8/site-packages/airflow/example_dags/example_branch_python_dop_operator_3.py
[2022-09-14T21:26:51.366-0300] {processor.py:650} INFO - DAG(s) dict_keys(['example_branch_dop_operator_v3']) retrieved from /home/juliana/Área de Trabalho/datapipeline/.env/lib/python3.8/site-packages/airflow/example_dags/example_branch_python_dop_operator_3.py
[2022-09-14T21:26:51.381-0300] {logging_mixin.py:115} INFO - [2022-09-14T21:26:51.381-0300] {dag.py:2429} INFO - Sync 1 DAGs
[2022-09-14T21:26:51.401-0300] {logging_mixin.py:115} INFO - [2022-09-14T21:26:51.401-0300] {dag.py:2977} INFO - Setting next_dagrun for example_branch_dop_operator_v3 to 2022-09-15T00:25:00+00:00, run_after=2022-09-15T00:26:00+00:00
[2022-09-14T21:26:51.420-0300] {processor.py:161} INFO - Processing /home/juliana/Área de Trabalho/datapipeline/.env/lib/python3.8/site-packages/airflow/example_dags/example_branch_python_dop_operator_3.py took 0.068 seconds
[2022-09-14T21:27:33.156-0300] {processor.py:153} INFO - Started process (PID=21799) to work on /home/juliana/Área de Trabalho/datapipeline/.env/lib/python3.8/site-packages/airflow/example_dags/example_branch_python_dop_operator_3.py
[2022-09-14T21:27:33.164-0300] {processor.py:640} INFO - Processing file /home/juliana/Área de Trabalho/datapipeline/.env/lib/python3.8/site-packages/airflow/example_dags/example_branch_python_dop_operator_3.py for tasks to queue
[2022-09-14T21:27:33.165-0300] {logging_mixin.py:115} INFO - [2022-09-14T21:27:33.165-0300] {dagbag.py:508} INFO - Filling up the DagBag from /home/juliana/Área de Trabalho/datapipeline/.env/lib/python3.8/site-packages/airflow/example_dags/example_branch_python_dop_operator_3.py
[2022-09-14T21:27:33.262-0300] {processor.py:650} INFO - DAG(s) dict_keys(['example_branch_dop_operator_v3']) retrieved from /home/juliana/Área de Trabalho/datapipeline/.env/lib/python3.8/site-packages/airflow/example_dags/example_branch_python_dop_operator_3.py
[2022-09-14T21:27:33.401-0300] {logging_mixin.py:115} INFO - [2022-09-14T21:27:33.401-0300] {dag.py:2429} INFO - Sync 1 DAGs
[2022-09-14T21:27:33.526-0300] {logging_mixin.py:115} INFO - [2022-09-14T21:27:33.522-0300] {dag.py:2977} INFO - Setting next_dagrun for example_branch_dop_operator_v3 to 2022-09-15T00:26:00+00:00, run_after=2022-09-15T00:27:00+00:00
[2022-09-14T21:27:33.639-0300] {processor.py:161} INFO - Processing /home/juliana/Área de Trabalho/datapipeline/.env/lib/python3.8/site-packages/airflow/example_dags/example_branch_python_dop_operator_3.py took 0.493 seconds
[2022-09-14T21:36:31.261-0300] {processor.py:153} INFO - Started process (PID=21897) to work on /home/juliana/Área de Trabalho/datapipeline/.env/lib/python3.8/site-packages/airflow/example_dags/example_branch_python_dop_operator_3.py
[2022-09-14T21:36:31.270-0300] {processor.py:640} INFO - Processing file /home/juliana/Área de Trabalho/datapipeline/.env/lib/python3.8/site-packages/airflow/example_dags/example_branch_python_dop_operator_3.py for tasks to queue
[2022-09-14T21:36:31.271-0300] {logging_mixin.py:115} INFO - [2022-09-14T21:36:31.271-0300] {dagbag.py:508} INFO - Filling up the DagBag from /home/juliana/Área de Trabalho/datapipeline/.env/lib/python3.8/site-packages/airflow/example_dags/example_branch_python_dop_operator_3.py
[2022-09-14T21:36:31.431-0300] {processor.py:650} INFO - DAG(s) dict_keys(['example_branch_dop_operator_v3']) retrieved from /home/juliana/Área de Trabalho/datapipeline/.env/lib/python3.8/site-packages/airflow/example_dags/example_branch_python_dop_operator_3.py
[2022-09-14T21:36:31.631-0300] {logging_mixin.py:115} INFO - [2022-09-14T21:36:31.631-0300] {dag.py:2429} INFO - Sync 1 DAGs
[2022-09-14T21:36:32.003-0300] {logging_mixin.py:115} INFO - [2022-09-14T21:36:31.966-0300] {dag.py:2977} INFO - Setting next_dagrun for example_branch_dop_operator_v3 to 2022-09-15T00:35:00+00:00, run_after=2022-09-15T00:36:00+00:00
[2022-09-14T21:36:35.041-0300] {processor.py:161} INFO - Processing /home/juliana/Área de Trabalho/datapipeline/.env/lib/python3.8/site-packages/airflow/example_dags/example_branch_python_dop_operator_3.py took 3.780 seconds
[2022-09-15T13:35:44.284-0300] {processor.py:153} INFO - Started process (PID=7347) to work on /home/juliana/Área de Trabalho/datapipeline/.env/lib/python3.8/site-packages/airflow/example_dags/example_branch_python_dop_operator_3.py
[2022-09-15T13:35:44.287-0300] {processor.py:640} INFO - Processing file /home/juliana/Área de Trabalho/datapipeline/.env/lib/python3.8/site-packages/airflow/example_dags/example_branch_python_dop_operator_3.py for tasks to queue
[2022-09-15T13:35:44.288-0300] {logging_mixin.py:115} INFO - [2022-09-15T13:35:44.288-0300] {dagbag.py:508} INFO - Filling up the DagBag from /home/juliana/Área de Trabalho/datapipeline/.env/lib/python3.8/site-packages/airflow/example_dags/example_branch_python_dop_operator_3.py
[2022-09-15T13:35:44.327-0300] {processor.py:650} INFO - DAG(s) dict_keys(['example_branch_dop_operator_v3']) retrieved from /home/juliana/Área de Trabalho/datapipeline/.env/lib/python3.8/site-packages/airflow/example_dags/example_branch_python_dop_operator_3.py
[2022-09-15T13:35:44.368-0300] {logging_mixin.py:115} INFO - [2022-09-15T13:35:44.368-0300] {dag.py:2429} INFO - Sync 1 DAGs
[2022-09-15T13:35:44.420-0300] {logging_mixin.py:115} INFO - [2022-09-15T13:35:44.420-0300] {dag.py:2977} INFO - Setting next_dagrun for example_branch_dop_operator_v3 to 2022-09-15T16:34:00+00:00, run_after=2022-09-15T16:35:00+00:00
[2022-09-15T13:35:44.450-0300] {processor.py:161} INFO - Processing /home/juliana/Área de Trabalho/datapipeline/.env/lib/python3.8/site-packages/airflow/example_dags/example_branch_python_dop_operator_3.py took 0.172 seconds
[2022-09-15T13:36:26.159-0300] {processor.py:153} INFO - Started process (PID=7489) to work on /home/juliana/Área de Trabalho/datapipeline/.env/lib/python3.8/site-packages/airflow/example_dags/example_branch_python_dop_operator_3.py
[2022-09-15T13:36:26.162-0300] {processor.py:640} INFO - Processing file /home/juliana/Área de Trabalho/datapipeline/.env/lib/python3.8/site-packages/airflow/example_dags/example_branch_python_dop_operator_3.py for tasks to queue
[2022-09-15T13:36:26.163-0300] {logging_mixin.py:115} INFO - [2022-09-15T13:36:26.163-0300] {dagbag.py:508} INFO - Filling up the DagBag from /home/juliana/Área de Trabalho/datapipeline/.env/lib/python3.8/site-packages/airflow/example_dags/example_branch_python_dop_operator_3.py
[2022-09-15T13:36:26.178-0300] {processor.py:650} INFO - DAG(s) dict_keys(['example_branch_dop_operator_v3']) retrieved from /home/juliana/Área de Trabalho/datapipeline/.env/lib/python3.8/site-packages/airflow/example_dags/example_branch_python_dop_operator_3.py
[2022-09-15T13:36:26.195-0300] {logging_mixin.py:115} INFO - [2022-09-15T13:36:26.195-0300] {dag.py:2429} INFO - Sync 1 DAGs
[2022-09-15T13:36:26.218-0300] {logging_mixin.py:115} INFO - [2022-09-15T13:36:26.218-0300] {dag.py:2977} INFO - Setting next_dagrun for example_branch_dop_operator_v3 to 2022-09-15T16:35:00+00:00, run_after=2022-09-15T16:36:00+00:00
[2022-09-15T13:36:26.236-0300] {processor.py:161} INFO - Processing /home/juliana/Área de Trabalho/datapipeline/.env/lib/python3.8/site-packages/airflow/example_dags/example_branch_python_dop_operator_3.py took 0.083 seconds
[2022-09-15T13:37:04.631-0300] {processor.py:153} INFO - Started process (PID=7634) to work on /home/juliana/Área de Trabalho/datapipeline/.env/lib/python3.8/site-packages/airflow/example_dags/example_branch_python_dop_operator_3.py
[2022-09-15T13:37:04.633-0300] {processor.py:640} INFO - Processing file /home/juliana/Área de Trabalho/datapipeline/.env/lib/python3.8/site-packages/airflow/example_dags/example_branch_python_dop_operator_3.py for tasks to queue
[2022-09-15T13:37:04.634-0300] {logging_mixin.py:115} INFO - [2022-09-15T13:37:04.634-0300] {dagbag.py:508} INFO - Filling up the DagBag from /home/juliana/Área de Trabalho/datapipeline/.env/lib/python3.8/site-packages/airflow/example_dags/example_branch_python_dop_operator_3.py
[2022-09-15T13:37:04.649-0300] {processor.py:650} INFO - DAG(s) dict_keys(['example_branch_dop_operator_v3']) retrieved from /home/juliana/Área de Trabalho/datapipeline/.env/lib/python3.8/site-packages/airflow/example_dags/example_branch_python_dop_operator_3.py
[2022-09-15T13:37:04.670-0300] {logging_mixin.py:115} INFO - [2022-09-15T13:37:04.670-0300] {dag.py:2429} INFO - Sync 1 DAGs
[2022-09-15T13:37:04.693-0300] {logging_mixin.py:115} INFO - [2022-09-15T13:37:04.693-0300] {dag.py:2977} INFO - Setting next_dagrun for example_branch_dop_operator_v3 to 2022-09-15T16:36:00+00:00, run_after=2022-09-15T16:37:00+00:00
[2022-09-15T13:37:04.786-0300] {processor.py:161} INFO - Processing /home/juliana/Área de Trabalho/datapipeline/.env/lib/python3.8/site-packages/airflow/example_dags/example_branch_python_dop_operator_3.py took 0.158 seconds
[2022-09-15T13:37:44.273-0300] {processor.py:153} INFO - Started process (PID=7774) to work on /home/juliana/Área de Trabalho/datapipeline/.env/lib/python3.8/site-packages/airflow/example_dags/example_branch_python_dop_operator_3.py
[2022-09-15T13:37:44.275-0300] {processor.py:640} INFO - Processing file /home/juliana/Área de Trabalho/datapipeline/.env/lib/python3.8/site-packages/airflow/example_dags/example_branch_python_dop_operator_3.py for tasks to queue
[2022-09-15T13:37:44.277-0300] {logging_mixin.py:115} INFO - [2022-09-15T13:37:44.276-0300] {dagbag.py:508} INFO - Filling up the DagBag from /home/juliana/Área de Trabalho/datapipeline/.env/lib/python3.8/site-packages/airflow/example_dags/example_branch_python_dop_operator_3.py
[2022-09-15T13:37:44.290-0300] {processor.py:650} INFO - DAG(s) dict_keys(['example_branch_dop_operator_v3']) retrieved from /home/juliana/Área de Trabalho/datapipeline/.env/lib/python3.8/site-packages/airflow/example_dags/example_branch_python_dop_operator_3.py
[2022-09-15T13:37:44.307-0300] {logging_mixin.py:115} INFO - [2022-09-15T13:37:44.307-0300] {dag.py:2429} INFO - Sync 1 DAGs
[2022-09-15T13:37:44.331-0300] {logging_mixin.py:115} INFO - [2022-09-15T13:37:44.331-0300] {dag.py:2977} INFO - Setting next_dagrun for example_branch_dop_operator_v3 to 2022-09-15T16:36:00+00:00, run_after=2022-09-15T16:37:00+00:00
[2022-09-15T13:37:44.486-0300] {processor.py:161} INFO - Processing /home/juliana/Área de Trabalho/datapipeline/.env/lib/python3.8/site-packages/airflow/example_dags/example_branch_python_dop_operator_3.py took 0.218 seconds
[2022-09-15T13:38:28.232-0300] {processor.py:153} INFO - Started process (PID=7928) to work on /home/juliana/Área de Trabalho/datapipeline/.env/lib/python3.8/site-packages/airflow/example_dags/example_branch_python_dop_operator_3.py
[2022-09-15T13:38:28.234-0300] {processor.py:640} INFO - Processing file /home/juliana/Área de Trabalho/datapipeline/.env/lib/python3.8/site-packages/airflow/example_dags/example_branch_python_dop_operator_3.py for tasks to queue
[2022-09-15T13:38:28.235-0300] {logging_mixin.py:115} INFO - [2022-09-15T13:38:28.235-0300] {dagbag.py:508} INFO - Filling up the DagBag from /home/juliana/Área de Trabalho/datapipeline/.env/lib/python3.8/site-packages/airflow/example_dags/example_branch_python_dop_operator_3.py
[2022-09-15T13:38:28.259-0300] {processor.py:650} INFO - DAG(s) dict_keys(['example_branch_dop_operator_v3']) retrieved from /home/juliana/Área de Trabalho/datapipeline/.env/lib/python3.8/site-packages/airflow/example_dags/example_branch_python_dop_operator_3.py
[2022-09-15T13:38:28.277-0300] {logging_mixin.py:115} INFO - [2022-09-15T13:38:28.276-0300] {dag.py:2429} INFO - Sync 1 DAGs
[2022-09-15T13:38:28.300-0300] {logging_mixin.py:115} INFO - [2022-09-15T13:38:28.300-0300] {dag.py:2977} INFO - Setting next_dagrun for example_branch_dop_operator_v3 to 2022-09-15T16:37:00+00:00, run_after=2022-09-15T16:38:00+00:00
[2022-09-15T13:38:28.346-0300] {processor.py:161} INFO - Processing /home/juliana/Área de Trabalho/datapipeline/.env/lib/python3.8/site-packages/airflow/example_dags/example_branch_python_dop_operator_3.py took 0.119 seconds
[2022-09-15T13:39:09.306-0300] {processor.py:153} INFO - Started process (PID=8064) to work on /home/juliana/Área de Trabalho/datapipeline/.env/lib/python3.8/site-packages/airflow/example_dags/example_branch_python_dop_operator_3.py
[2022-09-15T13:39:09.315-0300] {processor.py:640} INFO - Processing file /home/juliana/Área de Trabalho/datapipeline/.env/lib/python3.8/site-packages/airflow/example_dags/example_branch_python_dop_operator_3.py for tasks to queue
[2022-09-15T13:39:09.319-0300] {logging_mixin.py:115} INFO - [2022-09-15T13:39:09.319-0300] {dagbag.py:508} INFO - Filling up the DagBag from /home/juliana/Área de Trabalho/datapipeline/.env/lib/python3.8/site-packages/airflow/example_dags/example_branch_python_dop_operator_3.py
[2022-09-15T13:39:09.345-0300] {processor.py:650} INFO - DAG(s) dict_keys(['example_branch_dop_operator_v3']) retrieved from /home/juliana/Área de Trabalho/datapipeline/.env/lib/python3.8/site-packages/airflow/example_dags/example_branch_python_dop_operator_3.py
[2022-09-15T13:39:09.365-0300] {logging_mixin.py:115} INFO - [2022-09-15T13:39:09.365-0300] {dag.py:2429} INFO - Sync 1 DAGs
[2022-09-15T13:39:09.388-0300] {logging_mixin.py:115} INFO - [2022-09-15T13:39:09.388-0300] {dag.py:2977} INFO - Setting next_dagrun for example_branch_dop_operator_v3 to 2022-09-15T16:38:00+00:00, run_after=2022-09-15T16:39:00+00:00
[2022-09-15T13:39:09.406-0300] {processor.py:161} INFO - Processing /home/juliana/Área de Trabalho/datapipeline/.env/lib/python3.8/site-packages/airflow/example_dags/example_branch_python_dop_operator_3.py took 0.106 seconds
[2022-09-15T13:39:48.643-0300] {processor.py:153} INFO - Started process (PID=8198) to work on /home/juliana/Área de Trabalho/datapipeline/.env/lib/python3.8/site-packages/airflow/example_dags/example_branch_python_dop_operator_3.py
[2022-09-15T13:39:48.651-0300] {processor.py:640} INFO - Processing file /home/juliana/Área de Trabalho/datapipeline/.env/lib/python3.8/site-packages/airflow/example_dags/example_branch_python_dop_operator_3.py for tasks to queue
[2022-09-15T13:39:48.652-0300] {logging_mixin.py:115} INFO - [2022-09-15T13:39:48.652-0300] {dagbag.py:508} INFO - Filling up the DagBag from /home/juliana/Área de Trabalho/datapipeline/.env/lib/python3.8/site-packages/airflow/example_dags/example_branch_python_dop_operator_3.py
[2022-09-15T13:39:48.670-0300] {processor.py:650} INFO - DAG(s) dict_keys(['example_branch_dop_operator_v3']) retrieved from /home/juliana/Área de Trabalho/datapipeline/.env/lib/python3.8/site-packages/airflow/example_dags/example_branch_python_dop_operator_3.py
[2022-09-15T13:39:48.688-0300] {logging_mixin.py:115} INFO - [2022-09-15T13:39:48.688-0300] {dag.py:2429} INFO - Sync 1 DAGs
[2022-09-15T13:39:48.713-0300] {logging_mixin.py:115} INFO - [2022-09-15T13:39:48.713-0300] {dag.py:2977} INFO - Setting next_dagrun for example_branch_dop_operator_v3 to 2022-09-15T16:38:00+00:00, run_after=2022-09-15T16:39:00+00:00
[2022-09-15T13:39:48.803-0300] {processor.py:161} INFO - Processing /home/juliana/Área de Trabalho/datapipeline/.env/lib/python3.8/site-packages/airflow/example_dags/example_branch_python_dop_operator_3.py took 0.166 seconds
[2022-09-15T13:40:27.053-0300] {processor.py:153} INFO - Started process (PID=8332) to work on /home/juliana/Área de Trabalho/datapipeline/.env/lib/python3.8/site-packages/airflow/example_dags/example_branch_python_dop_operator_3.py
[2022-09-15T13:40:27.061-0300] {processor.py:640} INFO - Processing file /home/juliana/Área de Trabalho/datapipeline/.env/lib/python3.8/site-packages/airflow/example_dags/example_branch_python_dop_operator_3.py for tasks to queue
[2022-09-15T13:40:27.062-0300] {logging_mixin.py:115} INFO - [2022-09-15T13:40:27.061-0300] {dagbag.py:508} INFO - Filling up the DagBag from /home/juliana/Área de Trabalho/datapipeline/.env/lib/python3.8/site-packages/airflow/example_dags/example_branch_python_dop_operator_3.py
[2022-09-15T13:40:27.082-0300] {processor.py:650} INFO - DAG(s) dict_keys(['example_branch_dop_operator_v3']) retrieved from /home/juliana/Área de Trabalho/datapipeline/.env/lib/python3.8/site-packages/airflow/example_dags/example_branch_python_dop_operator_3.py
[2022-09-15T13:40:27.131-0300] {logging_mixin.py:115} INFO - [2022-09-15T13:40:27.131-0300] {dag.py:2429} INFO - Sync 1 DAGs
[2022-09-15T13:40:27.181-0300] {logging_mixin.py:115} INFO - [2022-09-15T13:40:27.181-0300] {dag.py:2977} INFO - Setting next_dagrun for example_branch_dop_operator_v3 to 2022-09-15T16:39:00+00:00, run_after=2022-09-15T16:40:00+00:00
[2022-09-15T13:40:27.220-0300] {processor.py:161} INFO - Processing /home/juliana/Área de Trabalho/datapipeline/.env/lib/python3.8/site-packages/airflow/example_dags/example_branch_python_dop_operator_3.py took 0.174 seconds
[2022-09-15T13:41:08.028-0300] {processor.py:153} INFO - Started process (PID=8488) to work on /home/juliana/Área de Trabalho/datapipeline/.env/lib/python3.8/site-packages/airflow/example_dags/example_branch_python_dop_operator_3.py
[2022-09-15T13:41:08.035-0300] {processor.py:640} INFO - Processing file /home/juliana/Área de Trabalho/datapipeline/.env/lib/python3.8/site-packages/airflow/example_dags/example_branch_python_dop_operator_3.py for tasks to queue
[2022-09-15T13:41:08.037-0300] {logging_mixin.py:115} INFO - [2022-09-15T13:41:08.037-0300] {dagbag.py:508} INFO - Filling up the DagBag from /home/juliana/Área de Trabalho/datapipeline/.env/lib/python3.8/site-packages/airflow/example_dags/example_branch_python_dop_operator_3.py
[2022-09-15T13:41:08.060-0300] {processor.py:650} INFO - DAG(s) dict_keys(['example_branch_dop_operator_v3']) retrieved from /home/juliana/Área de Trabalho/datapipeline/.env/lib/python3.8/site-packages/airflow/example_dags/example_branch_python_dop_operator_3.py
[2022-09-15T13:41:08.089-0300] {logging_mixin.py:115} INFO - [2022-09-15T13:41:08.089-0300] {dag.py:2429} INFO - Sync 1 DAGs
[2022-09-15T13:41:08.109-0300] {logging_mixin.py:115} INFO - [2022-09-15T13:41:08.109-0300] {dag.py:2977} INFO - Setting next_dagrun for example_branch_dop_operator_v3 to 2022-09-15T16:40:00+00:00, run_after=2022-09-15T16:41:00+00:00
[2022-09-15T13:41:08.129-0300] {processor.py:161} INFO - Processing /home/juliana/Área de Trabalho/datapipeline/.env/lib/python3.8/site-packages/airflow/example_dags/example_branch_python_dop_operator_3.py took 0.107 seconds
[2022-09-15T13:41:45.956-0300] {processor.py:153} INFO - Started process (PID=8624) to work on /home/juliana/Área de Trabalho/datapipeline/.env/lib/python3.8/site-packages/airflow/example_dags/example_branch_python_dop_operator_3.py
[2022-09-15T13:41:45.963-0300] {processor.py:640} INFO - Processing file /home/juliana/Área de Trabalho/datapipeline/.env/lib/python3.8/site-packages/airflow/example_dags/example_branch_python_dop_operator_3.py for tasks to queue
[2022-09-15T13:41:45.964-0300] {logging_mixin.py:115} INFO - [2022-09-15T13:41:45.964-0300] {dagbag.py:508} INFO - Filling up the DagBag from /home/juliana/Área de Trabalho/datapipeline/.env/lib/python3.8/site-packages/airflow/example_dags/example_branch_python_dop_operator_3.py
[2022-09-15T13:41:45.977-0300] {processor.py:650} INFO - DAG(s) dict_keys(['example_branch_dop_operator_v3']) retrieved from /home/juliana/Área de Trabalho/datapipeline/.env/lib/python3.8/site-packages/airflow/example_dags/example_branch_python_dop_operator_3.py
[2022-09-15T13:41:45.997-0300] {logging_mixin.py:115} INFO - [2022-09-15T13:41:45.997-0300] {dag.py:2429} INFO - Sync 1 DAGs
[2022-09-15T13:41:46.017-0300] {logging_mixin.py:115} INFO - [2022-09-15T13:41:46.017-0300] {dag.py:2977} INFO - Setting next_dagrun for example_branch_dop_operator_v3 to 2022-09-15T16:40:00+00:00, run_after=2022-09-15T16:41:00+00:00
[2022-09-15T13:41:46.041-0300] {processor.py:161} INFO - Processing /home/juliana/Área de Trabalho/datapipeline/.env/lib/python3.8/site-packages/airflow/example_dags/example_branch_python_dop_operator_3.py took 0.092 seconds
[2022-09-15T13:42:28.317-0300] {processor.py:153} INFO - Started process (PID=8786) to work on /home/juliana/Área de Trabalho/datapipeline/.env/lib/python3.8/site-packages/airflow/example_dags/example_branch_python_dop_operator_3.py
[2022-09-15T13:42:28.325-0300] {processor.py:640} INFO - Processing file /home/juliana/Área de Trabalho/datapipeline/.env/lib/python3.8/site-packages/airflow/example_dags/example_branch_python_dop_operator_3.py for tasks to queue
[2022-09-15T13:42:28.326-0300] {logging_mixin.py:115} INFO - [2022-09-15T13:42:28.326-0300] {dagbag.py:508} INFO - Filling up the DagBag from /home/juliana/Área de Trabalho/datapipeline/.env/lib/python3.8/site-packages/airflow/example_dags/example_branch_python_dop_operator_3.py
[2022-09-15T13:42:28.349-0300] {processor.py:650} INFO - DAG(s) dict_keys(['example_branch_dop_operator_v3']) retrieved from /home/juliana/Área de Trabalho/datapipeline/.env/lib/python3.8/site-packages/airflow/example_dags/example_branch_python_dop_operator_3.py
[2022-09-15T13:42:28.376-0300] {logging_mixin.py:115} INFO - [2022-09-15T13:42:28.376-0300] {dag.py:2429} INFO - Sync 1 DAGs
[2022-09-15T13:42:28.397-0300] {logging_mixin.py:115} INFO - [2022-09-15T13:42:28.397-0300] {dag.py:2977} INFO - Setting next_dagrun for example_branch_dop_operator_v3 to 2022-09-15T16:41:00+00:00, run_after=2022-09-15T16:42:00+00:00
[2022-09-15T13:42:28.415-0300] {processor.py:161} INFO - Processing /home/juliana/Área de Trabalho/datapipeline/.env/lib/python3.8/site-packages/airflow/example_dags/example_branch_python_dop_operator_3.py took 0.104 seconds
