[2022-09-14T21:00:22.654-0300] {processor.py:153} INFO - Started process (PID=19986) to work on /home/juliana/Área de Trabalho/datapipeline/.env/lib/python3.8/site-packages/airflow/example_dags/example_dag_decorator.py
[2022-09-14T21:00:22.655-0300] {processor.py:640} INFO - Processing file /home/juliana/Área de Trabalho/datapipeline/.env/lib/python3.8/site-packages/airflow/example_dags/example_dag_decorator.py for tasks to queue
[2022-09-14T21:00:22.656-0300] {logging_mixin.py:115} INFO - [2022-09-14T21:00:22.656-0300] {dagbag.py:508} INFO - Filling up the DagBag from /home/juliana/Área de Trabalho/datapipeline/.env/lib/python3.8/site-packages/airflow/example_dags/example_dag_decorator.py
[2022-09-14T21:00:22.688-0300] {processor.py:650} INFO - DAG(s) dict_keys(['example_dag_decorator']) retrieved from /home/juliana/Área de Trabalho/datapipeline/.env/lib/python3.8/site-packages/airflow/example_dags/example_dag_decorator.py
[2022-09-14T21:00:22.704-0300] {logging_mixin.py:115} INFO - [2022-09-14T21:00:22.704-0300] {dag.py:2429} INFO - Sync 1 DAGs
[2022-09-14T21:00:22.718-0300] {logging_mixin.py:115} INFO - [2022-09-14T21:00:22.717-0300] {dag.py:2977} INFO - Setting next_dagrun for example_dag_decorator to None, run_after=None
[2022-09-14T21:00:22.737-0300] {processor.py:161} INFO - Processing /home/juliana/Área de Trabalho/datapipeline/.env/lib/python3.8/site-packages/airflow/example_dags/example_dag_decorator.py took 0.090 seconds
[2022-09-14T21:00:56.745-0300] {processor.py:153} INFO - Started process (PID=20022) to work on /home/juliana/Área de Trabalho/datapipeline/.env/lib/python3.8/site-packages/airflow/example_dags/example_dag_decorator.py
[2022-09-14T21:00:56.747-0300] {processor.py:640} INFO - Processing file /home/juliana/Área de Trabalho/datapipeline/.env/lib/python3.8/site-packages/airflow/example_dags/example_dag_decorator.py for tasks to queue
[2022-09-14T21:00:56.748-0300] {logging_mixin.py:115} INFO - [2022-09-14T21:00:56.748-0300] {dagbag.py:508} INFO - Filling up the DagBag from /home/juliana/Área de Trabalho/datapipeline/.env/lib/python3.8/site-packages/airflow/example_dags/example_dag_decorator.py
[2022-09-14T21:00:56.786-0300] {processor.py:650} INFO - DAG(s) dict_keys(['example_dag_decorator']) retrieved from /home/juliana/Área de Trabalho/datapipeline/.env/lib/python3.8/site-packages/airflow/example_dags/example_dag_decorator.py
[2022-09-14T21:00:56.806-0300] {logging_mixin.py:115} INFO - [2022-09-14T21:00:56.805-0300] {dag.py:2429} INFO - Sync 1 DAGs
[2022-09-14T21:00:56.821-0300] {logging_mixin.py:115} INFO - [2022-09-14T21:00:56.820-0300] {dag.py:2977} INFO - Setting next_dagrun for example_dag_decorator to None, run_after=None
[2022-09-14T21:00:56.837-0300] {processor.py:161} INFO - Processing /home/juliana/Área de Trabalho/datapipeline/.env/lib/python3.8/site-packages/airflow/example_dags/example_dag_decorator.py took 0.098 seconds
[2022-09-14T21:01:32.701-0300] {processor.py:153} INFO - Started process (PID=20058) to work on /home/juliana/Área de Trabalho/datapipeline/.env/lib/python3.8/site-packages/airflow/example_dags/example_dag_decorator.py
[2022-09-14T21:01:32.703-0300] {processor.py:640} INFO - Processing file /home/juliana/Área de Trabalho/datapipeline/.env/lib/python3.8/site-packages/airflow/example_dags/example_dag_decorator.py for tasks to queue
[2022-09-14T21:01:32.704-0300] {logging_mixin.py:115} INFO - [2022-09-14T21:01:32.703-0300] {dagbag.py:508} INFO - Filling up the DagBag from /home/juliana/Área de Trabalho/datapipeline/.env/lib/python3.8/site-packages/airflow/example_dags/example_dag_decorator.py
[2022-09-14T21:01:32.742-0300] {processor.py:650} INFO - DAG(s) dict_keys(['example_dag_decorator']) retrieved from /home/juliana/Área de Trabalho/datapipeline/.env/lib/python3.8/site-packages/airflow/example_dags/example_dag_decorator.py
[2022-09-14T21:01:32.768-0300] {logging_mixin.py:115} INFO - [2022-09-14T21:01:32.767-0300] {dag.py:2429} INFO - Sync 1 DAGs
[2022-09-14T21:01:32.781-0300] {logging_mixin.py:115} INFO - [2022-09-14T21:01:32.781-0300] {dag.py:2977} INFO - Setting next_dagrun for example_dag_decorator to None, run_after=None
[2022-09-14T21:01:32.797-0300] {processor.py:161} INFO - Processing /home/juliana/Área de Trabalho/datapipeline/.env/lib/python3.8/site-packages/airflow/example_dags/example_dag_decorator.py took 0.100 seconds
[2022-09-14T21:02:07.661-0300] {processor.py:153} INFO - Started process (PID=20094) to work on /home/juliana/Área de Trabalho/datapipeline/.env/lib/python3.8/site-packages/airflow/example_dags/example_dag_decorator.py
[2022-09-14T21:02:07.663-0300] {processor.py:640} INFO - Processing file /home/juliana/Área de Trabalho/datapipeline/.env/lib/python3.8/site-packages/airflow/example_dags/example_dag_decorator.py for tasks to queue
[2022-09-14T21:02:07.664-0300] {logging_mixin.py:115} INFO - [2022-09-14T21:02:07.664-0300] {dagbag.py:508} INFO - Filling up the DagBag from /home/juliana/Área de Trabalho/datapipeline/.env/lib/python3.8/site-packages/airflow/example_dags/example_dag_decorator.py
[2022-09-14T21:02:07.700-0300] {processor.py:650} INFO - DAG(s) dict_keys(['example_dag_decorator']) retrieved from /home/juliana/Área de Trabalho/datapipeline/.env/lib/python3.8/site-packages/airflow/example_dags/example_dag_decorator.py
[2022-09-14T21:02:07.749-0300] {logging_mixin.py:115} INFO - [2022-09-14T21:02:07.749-0300] {dag.py:2429} INFO - Sync 1 DAGs
[2022-09-14T21:02:07.766-0300] {logging_mixin.py:115} INFO - [2022-09-14T21:02:07.766-0300] {dag.py:2977} INFO - Setting next_dagrun for example_dag_decorator to None, run_after=None
[2022-09-14T21:02:07.785-0300] {processor.py:161} INFO - Processing /home/juliana/Área de Trabalho/datapipeline/.env/lib/python3.8/site-packages/airflow/example_dags/example_dag_decorator.py took 0.129 seconds
[2022-09-14T21:03:16.415-0300] {processor.py:153} INFO - Started process (PID=20182) to work on /home/juliana/Área de Trabalho/datapipeline/.env/lib/python3.8/site-packages/airflow/example_dags/example_dag_decorator.py
[2022-09-14T21:03:16.417-0300] {processor.py:640} INFO - Processing file /home/juliana/Área de Trabalho/datapipeline/.env/lib/python3.8/site-packages/airflow/example_dags/example_dag_decorator.py for tasks to queue
[2022-09-14T21:03:16.417-0300] {logging_mixin.py:115} INFO - [2022-09-14T21:03:16.417-0300] {dagbag.py:508} INFO - Filling up the DagBag from /home/juliana/Área de Trabalho/datapipeline/.env/lib/python3.8/site-packages/airflow/example_dags/example_dag_decorator.py
[2022-09-14T21:03:16.449-0300] {processor.py:650} INFO - DAG(s) dict_keys(['example_dag_decorator']) retrieved from /home/juliana/Área de Trabalho/datapipeline/.env/lib/python3.8/site-packages/airflow/example_dags/example_dag_decorator.py
[2022-09-14T21:03:16.511-0300] {logging_mixin.py:115} INFO - [2022-09-14T21:03:16.511-0300] {dag.py:2429} INFO - Sync 1 DAGs
[2022-09-14T21:03:16.529-0300] {logging_mixin.py:115} INFO - [2022-09-14T21:03:16.529-0300] {dag.py:2977} INFO - Setting next_dagrun for example_dag_decorator to None, run_after=None
[2022-09-14T21:03:16.546-0300] {processor.py:161} INFO - Processing /home/juliana/Área de Trabalho/datapipeline/.env/lib/python3.8/site-packages/airflow/example_dags/example_dag_decorator.py took 0.134 seconds
[2022-09-14T21:03:53.639-0300] {processor.py:153} INFO - Started process (PID=20216) to work on /home/juliana/Área de Trabalho/datapipeline/.env/lib/python3.8/site-packages/airflow/example_dags/example_dag_decorator.py
[2022-09-14T21:03:53.641-0300] {processor.py:640} INFO - Processing file /home/juliana/Área de Trabalho/datapipeline/.env/lib/python3.8/site-packages/airflow/example_dags/example_dag_decorator.py for tasks to queue
[2022-09-14T21:03:53.642-0300] {logging_mixin.py:115} INFO - [2022-09-14T21:03:53.642-0300] {dagbag.py:508} INFO - Filling up the DagBag from /home/juliana/Área de Trabalho/datapipeline/.env/lib/python3.8/site-packages/airflow/example_dags/example_dag_decorator.py
[2022-09-14T21:03:53.675-0300] {processor.py:650} INFO - DAG(s) dict_keys(['example_dag_decorator']) retrieved from /home/juliana/Área de Trabalho/datapipeline/.env/lib/python3.8/site-packages/airflow/example_dags/example_dag_decorator.py
[2022-09-14T21:03:53.691-0300] {logging_mixin.py:115} INFO - [2022-09-14T21:03:53.691-0300] {dag.py:2429} INFO - Sync 1 DAGs
[2022-09-14T21:03:53.705-0300] {logging_mixin.py:115} INFO - [2022-09-14T21:03:53.705-0300] {dag.py:2977} INFO - Setting next_dagrun for example_dag_decorator to None, run_after=None
[2022-09-14T21:03:53.719-0300] {processor.py:161} INFO - Processing /home/juliana/Área de Trabalho/datapipeline/.env/lib/python3.8/site-packages/airflow/example_dags/example_dag_decorator.py took 0.085 seconds
[2022-09-14T21:04:30.458-0300] {processor.py:153} INFO - Started process (PID=20250) to work on /home/juliana/Área de Trabalho/datapipeline/.env/lib/python3.8/site-packages/airflow/example_dags/example_dag_decorator.py
[2022-09-14T21:04:30.460-0300] {processor.py:640} INFO - Processing file /home/juliana/Área de Trabalho/datapipeline/.env/lib/python3.8/site-packages/airflow/example_dags/example_dag_decorator.py for tasks to queue
[2022-09-14T21:04:30.463-0300] {logging_mixin.py:115} INFO - [2022-09-14T21:04:30.463-0300] {dagbag.py:508} INFO - Filling up the DagBag from /home/juliana/Área de Trabalho/datapipeline/.env/lib/python3.8/site-packages/airflow/example_dags/example_dag_decorator.py
[2022-09-14T21:04:30.498-0300] {processor.py:650} INFO - DAG(s) dict_keys(['example_dag_decorator']) retrieved from /home/juliana/Área de Trabalho/datapipeline/.env/lib/python3.8/site-packages/airflow/example_dags/example_dag_decorator.py
[2022-09-14T21:04:30.515-0300] {logging_mixin.py:115} INFO - [2022-09-14T21:04:30.515-0300] {dag.py:2429} INFO - Sync 1 DAGs
[2022-09-14T21:04:30.529-0300] {logging_mixin.py:115} INFO - [2022-09-14T21:04:30.529-0300] {dag.py:2977} INFO - Setting next_dagrun for example_dag_decorator to None, run_after=None
[2022-09-14T21:04:30.547-0300] {processor.py:161} INFO - Processing /home/juliana/Área de Trabalho/datapipeline/.env/lib/python3.8/site-packages/airflow/example_dags/example_dag_decorator.py took 0.094 seconds
[2022-09-14T21:05:51.726-0300] {processor.py:153} INFO - Started process (PID=20292) to work on /home/juliana/Área de Trabalho/datapipeline/.env/lib/python3.8/site-packages/airflow/example_dags/example_dag_decorator.py
[2022-09-14T21:05:51.732-0300] {processor.py:640} INFO - Processing file /home/juliana/Área de Trabalho/datapipeline/.env/lib/python3.8/site-packages/airflow/example_dags/example_dag_decorator.py for tasks to queue
[2022-09-14T21:05:51.733-0300] {logging_mixin.py:115} INFO - [2022-09-14T21:05:51.733-0300] {dagbag.py:508} INFO - Filling up the DagBag from /home/juliana/Área de Trabalho/datapipeline/.env/lib/python3.8/site-packages/airflow/example_dags/example_dag_decorator.py
[2022-09-14T21:05:51.772-0300] {processor.py:650} INFO - DAG(s) dict_keys(['example_dag_decorator']) retrieved from /home/juliana/Área de Trabalho/datapipeline/.env/lib/python3.8/site-packages/airflow/example_dags/example_dag_decorator.py
[2022-09-14T21:05:51.792-0300] {logging_mixin.py:115} INFO - [2022-09-14T21:05:51.792-0300] {dag.py:2429} INFO - Sync 1 DAGs
[2022-09-14T21:05:51.811-0300] {logging_mixin.py:115} INFO - [2022-09-14T21:05:51.811-0300] {dag.py:2977} INFO - Setting next_dagrun for example_dag_decorator to None, run_after=None
[2022-09-14T21:05:51.829-0300] {processor.py:161} INFO - Processing /home/juliana/Área de Trabalho/datapipeline/.env/lib/python3.8/site-packages/airflow/example_dags/example_dag_decorator.py took 0.109 seconds
[2022-09-14T21:06:24.919-0300] {processor.py:153} INFO - Started process (PID=20327) to work on /home/juliana/Área de Trabalho/datapipeline/.env/lib/python3.8/site-packages/airflow/example_dags/example_dag_decorator.py
[2022-09-14T21:06:24.921-0300] {processor.py:640} INFO - Processing file /home/juliana/Área de Trabalho/datapipeline/.env/lib/python3.8/site-packages/airflow/example_dags/example_dag_decorator.py for tasks to queue
[2022-09-14T21:06:24.922-0300] {logging_mixin.py:115} INFO - [2022-09-14T21:06:24.921-0300] {dagbag.py:508} INFO - Filling up the DagBag from /home/juliana/Área de Trabalho/datapipeline/.env/lib/python3.8/site-packages/airflow/example_dags/example_dag_decorator.py
[2022-09-14T21:06:24.962-0300] {processor.py:650} INFO - DAG(s) dict_keys(['example_dag_decorator']) retrieved from /home/juliana/Área de Trabalho/datapipeline/.env/lib/python3.8/site-packages/airflow/example_dags/example_dag_decorator.py
[2022-09-14T21:06:24.979-0300] {logging_mixin.py:115} INFO - [2022-09-14T21:06:24.979-0300] {dag.py:2429} INFO - Sync 1 DAGs
[2022-09-14T21:06:24.992-0300] {logging_mixin.py:115} INFO - [2022-09-14T21:06:24.992-0300] {dag.py:2977} INFO - Setting next_dagrun for example_dag_decorator to None, run_after=None
[2022-09-14T21:06:25.008-0300] {processor.py:161} INFO - Processing /home/juliana/Área de Trabalho/datapipeline/.env/lib/python3.8/site-packages/airflow/example_dags/example_dag_decorator.py took 0.095 seconds
[2022-09-14T21:06:59.176-0300] {processor.py:153} INFO - Started process (PID=20361) to work on /home/juliana/Área de Trabalho/datapipeline/.env/lib/python3.8/site-packages/airflow/example_dags/example_dag_decorator.py
[2022-09-14T21:06:59.177-0300] {processor.py:640} INFO - Processing file /home/juliana/Área de Trabalho/datapipeline/.env/lib/python3.8/site-packages/airflow/example_dags/example_dag_decorator.py for tasks to queue
[2022-09-14T21:06:59.178-0300] {logging_mixin.py:115} INFO - [2022-09-14T21:06:59.178-0300] {dagbag.py:508} INFO - Filling up the DagBag from /home/juliana/Área de Trabalho/datapipeline/.env/lib/python3.8/site-packages/airflow/example_dags/example_dag_decorator.py
[2022-09-14T21:06:59.209-0300] {processor.py:650} INFO - DAG(s) dict_keys(['example_dag_decorator']) retrieved from /home/juliana/Área de Trabalho/datapipeline/.env/lib/python3.8/site-packages/airflow/example_dags/example_dag_decorator.py
[2022-09-14T21:06:59.254-0300] {logging_mixin.py:115} INFO - [2022-09-14T21:06:59.254-0300] {dag.py:2429} INFO - Sync 1 DAGs
[2022-09-14T21:06:59.265-0300] {logging_mixin.py:115} INFO - [2022-09-14T21:06:59.265-0300] {dag.py:2977} INFO - Setting next_dagrun for example_dag_decorator to None, run_after=None
[2022-09-14T21:06:59.284-0300] {processor.py:161} INFO - Processing /home/juliana/Área de Trabalho/datapipeline/.env/lib/python3.8/site-packages/airflow/example_dags/example_dag_decorator.py took 0.114 seconds
[2022-09-14T21:07:34.029-0300] {processor.py:153} INFO - Started process (PID=20401) to work on /home/juliana/Área de Trabalho/datapipeline/.env/lib/python3.8/site-packages/airflow/example_dags/example_dag_decorator.py
[2022-09-14T21:07:34.030-0300] {processor.py:640} INFO - Processing file /home/juliana/Área de Trabalho/datapipeline/.env/lib/python3.8/site-packages/airflow/example_dags/example_dag_decorator.py for tasks to queue
[2022-09-14T21:07:34.031-0300] {logging_mixin.py:115} INFO - [2022-09-14T21:07:34.031-0300] {dagbag.py:508} INFO - Filling up the DagBag from /home/juliana/Área de Trabalho/datapipeline/.env/lib/python3.8/site-packages/airflow/example_dags/example_dag_decorator.py
[2022-09-14T21:07:34.061-0300] {processor.py:650} INFO - DAG(s) dict_keys(['example_dag_decorator']) retrieved from /home/juliana/Área de Trabalho/datapipeline/.env/lib/python3.8/site-packages/airflow/example_dags/example_dag_decorator.py
[2022-09-14T21:07:34.078-0300] {logging_mixin.py:115} INFO - [2022-09-14T21:07:34.078-0300] {dag.py:2429} INFO - Sync 1 DAGs
[2022-09-14T21:07:34.092-0300] {logging_mixin.py:115} INFO - [2022-09-14T21:07:34.092-0300] {dag.py:2977} INFO - Setting next_dagrun for example_dag_decorator to None, run_after=None
[2022-09-14T21:07:34.113-0300] {processor.py:161} INFO - Processing /home/juliana/Área de Trabalho/datapipeline/.env/lib/python3.8/site-packages/airflow/example_dags/example_dag_decorator.py took 0.090 seconds
[2022-09-14T21:08:07.252-0300] {processor.py:153} INFO - Started process (PID=20438) to work on /home/juliana/Área de Trabalho/datapipeline/.env/lib/python3.8/site-packages/airflow/example_dags/example_dag_decorator.py
[2022-09-14T21:08:07.255-0300] {processor.py:640} INFO - Processing file /home/juliana/Área de Trabalho/datapipeline/.env/lib/python3.8/site-packages/airflow/example_dags/example_dag_decorator.py for tasks to queue
[2022-09-14T21:08:07.256-0300] {logging_mixin.py:115} INFO - [2022-09-14T21:08:07.256-0300] {dagbag.py:508} INFO - Filling up the DagBag from /home/juliana/Área de Trabalho/datapipeline/.env/lib/python3.8/site-packages/airflow/example_dags/example_dag_decorator.py
[2022-09-14T21:08:07.294-0300] {processor.py:650} INFO - DAG(s) dict_keys(['example_dag_decorator']) retrieved from /home/juliana/Área de Trabalho/datapipeline/.env/lib/python3.8/site-packages/airflow/example_dags/example_dag_decorator.py
[2022-09-14T21:08:07.310-0300] {logging_mixin.py:115} INFO - [2022-09-14T21:08:07.310-0300] {dag.py:2429} INFO - Sync 1 DAGs
[2022-09-14T21:08:07.327-0300] {logging_mixin.py:115} INFO - [2022-09-14T21:08:07.327-0300] {dag.py:2977} INFO - Setting next_dagrun for example_dag_decorator to None, run_after=None
[2022-09-14T21:08:07.343-0300] {processor.py:161} INFO - Processing /home/juliana/Área de Trabalho/datapipeline/.env/lib/python3.8/site-packages/airflow/example_dags/example_dag_decorator.py took 0.098 seconds
[2022-09-14T21:08:42.409-0300] {processor.py:153} INFO - Started process (PID=20473) to work on /home/juliana/Área de Trabalho/datapipeline/.env/lib/python3.8/site-packages/airflow/example_dags/example_dag_decorator.py
[2022-09-14T21:08:42.411-0300] {processor.py:640} INFO - Processing file /home/juliana/Área de Trabalho/datapipeline/.env/lib/python3.8/site-packages/airflow/example_dags/example_dag_decorator.py for tasks to queue
[2022-09-14T21:08:42.427-0300] {logging_mixin.py:115} INFO - [2022-09-14T21:08:42.426-0300] {dagbag.py:508} INFO - Filling up the DagBag from /home/juliana/Área de Trabalho/datapipeline/.env/lib/python3.8/site-packages/airflow/example_dags/example_dag_decorator.py
[2022-09-14T21:08:42.451-0300] {processor.py:650} INFO - DAG(s) dict_keys(['example_dag_decorator']) retrieved from /home/juliana/Área de Trabalho/datapipeline/.env/lib/python3.8/site-packages/airflow/example_dags/example_dag_decorator.py
[2022-09-14T21:08:42.466-0300] {logging_mixin.py:115} INFO - [2022-09-14T21:08:42.466-0300] {dag.py:2429} INFO - Sync 1 DAGs
[2022-09-14T21:08:42.479-0300] {logging_mixin.py:115} INFO - [2022-09-14T21:08:42.479-0300] {dag.py:2977} INFO - Setting next_dagrun for example_dag_decorator to None, run_after=None
[2022-09-14T21:08:42.499-0300] {processor.py:161} INFO - Processing /home/juliana/Área de Trabalho/datapipeline/.env/lib/python3.8/site-packages/airflow/example_dags/example_dag_decorator.py took 0.095 seconds
[2022-09-14T21:09:17.363-0300] {processor.py:153} INFO - Started process (PID=20509) to work on /home/juliana/Área de Trabalho/datapipeline/.env/lib/python3.8/site-packages/airflow/example_dags/example_dag_decorator.py
[2022-09-14T21:09:17.368-0300] {processor.py:640} INFO - Processing file /home/juliana/Área de Trabalho/datapipeline/.env/lib/python3.8/site-packages/airflow/example_dags/example_dag_decorator.py for tasks to queue
[2022-09-14T21:09:17.374-0300] {logging_mixin.py:115} INFO - [2022-09-14T21:09:17.374-0300] {dagbag.py:508} INFO - Filling up the DagBag from /home/juliana/Área de Trabalho/datapipeline/.env/lib/python3.8/site-packages/airflow/example_dags/example_dag_decorator.py
[2022-09-14T21:09:17.412-0300] {processor.py:650} INFO - DAG(s) dict_keys(['example_dag_decorator']) retrieved from /home/juliana/Área de Trabalho/datapipeline/.env/lib/python3.8/site-packages/airflow/example_dags/example_dag_decorator.py
[2022-09-14T21:09:17.441-0300] {logging_mixin.py:115} INFO - [2022-09-14T21:09:17.441-0300] {dag.py:2429} INFO - Sync 1 DAGs
[2022-09-14T21:09:17.465-0300] {logging_mixin.py:115} INFO - [2022-09-14T21:09:17.464-0300] {dag.py:2977} INFO - Setting next_dagrun for example_dag_decorator to None, run_after=None
[2022-09-14T21:09:17.490-0300] {processor.py:161} INFO - Processing /home/juliana/Área de Trabalho/datapipeline/.env/lib/python3.8/site-packages/airflow/example_dags/example_dag_decorator.py took 0.130 seconds
[2022-09-14T21:09:52.024-0300] {processor.py:153} INFO - Started process (PID=20546) to work on /home/juliana/Área de Trabalho/datapipeline/.env/lib/python3.8/site-packages/airflow/example_dags/example_dag_decorator.py
[2022-09-14T21:09:52.026-0300] {processor.py:640} INFO - Processing file /home/juliana/Área de Trabalho/datapipeline/.env/lib/python3.8/site-packages/airflow/example_dags/example_dag_decorator.py for tasks to queue
[2022-09-14T21:09:52.027-0300] {logging_mixin.py:115} INFO - [2022-09-14T21:09:52.026-0300] {dagbag.py:508} INFO - Filling up the DagBag from /home/juliana/Área de Trabalho/datapipeline/.env/lib/python3.8/site-packages/airflow/example_dags/example_dag_decorator.py
[2022-09-14T21:09:52.056-0300] {processor.py:650} INFO - DAG(s) dict_keys(['example_dag_decorator']) retrieved from /home/juliana/Área de Trabalho/datapipeline/.env/lib/python3.8/site-packages/airflow/example_dags/example_dag_decorator.py
[2022-09-14T21:09:52.073-0300] {logging_mixin.py:115} INFO - [2022-09-14T21:09:52.073-0300] {dag.py:2429} INFO - Sync 1 DAGs
[2022-09-14T21:09:52.086-0300] {logging_mixin.py:115} INFO - [2022-09-14T21:09:52.086-0300] {dag.py:2977} INFO - Setting next_dagrun for example_dag_decorator to None, run_after=None
[2022-09-14T21:09:52.102-0300] {processor.py:161} INFO - Processing /home/juliana/Área de Trabalho/datapipeline/.env/lib/python3.8/site-packages/airflow/example_dags/example_dag_decorator.py took 0.084 seconds
[2022-09-14T21:10:28.036-0300] {processor.py:153} INFO - Started process (PID=20586) to work on /home/juliana/Área de Trabalho/datapipeline/.env/lib/python3.8/site-packages/airflow/example_dags/example_dag_decorator.py
[2022-09-14T21:10:28.037-0300] {processor.py:640} INFO - Processing file /home/juliana/Área de Trabalho/datapipeline/.env/lib/python3.8/site-packages/airflow/example_dags/example_dag_decorator.py for tasks to queue
[2022-09-14T21:10:28.038-0300] {logging_mixin.py:115} INFO - [2022-09-14T21:10:28.037-0300] {dagbag.py:508} INFO - Filling up the DagBag from /home/juliana/Área de Trabalho/datapipeline/.env/lib/python3.8/site-packages/airflow/example_dags/example_dag_decorator.py
[2022-09-14T21:10:28.068-0300] {processor.py:650} INFO - DAG(s) dict_keys(['example_dag_decorator']) retrieved from /home/juliana/Área de Trabalho/datapipeline/.env/lib/python3.8/site-packages/airflow/example_dags/example_dag_decorator.py
[2022-09-14T21:10:28.085-0300] {logging_mixin.py:115} INFO - [2022-09-14T21:10:28.085-0300] {dag.py:2429} INFO - Sync 1 DAGs
[2022-09-14T21:10:28.101-0300] {logging_mixin.py:115} INFO - [2022-09-14T21:10:28.101-0300] {dag.py:2977} INFO - Setting next_dagrun for example_dag_decorator to None, run_after=None
[2022-09-14T21:10:28.116-0300] {processor.py:161} INFO - Processing /home/juliana/Área de Trabalho/datapipeline/.env/lib/python3.8/site-packages/airflow/example_dags/example_dag_decorator.py took 0.083 seconds
[2022-09-14T21:11:02.085-0300] {processor.py:153} INFO - Started process (PID=20623) to work on /home/juliana/Área de Trabalho/datapipeline/.env/lib/python3.8/site-packages/airflow/example_dags/example_dag_decorator.py
[2022-09-14T21:11:02.086-0300] {processor.py:640} INFO - Processing file /home/juliana/Área de Trabalho/datapipeline/.env/lib/python3.8/site-packages/airflow/example_dags/example_dag_decorator.py for tasks to queue
[2022-09-14T21:11:02.087-0300] {logging_mixin.py:115} INFO - [2022-09-14T21:11:02.087-0300] {dagbag.py:508} INFO - Filling up the DagBag from /home/juliana/Área de Trabalho/datapipeline/.env/lib/python3.8/site-packages/airflow/example_dags/example_dag_decorator.py
[2022-09-14T21:11:02.112-0300] {processor.py:650} INFO - DAG(s) dict_keys(['example_dag_decorator']) retrieved from /home/juliana/Área de Trabalho/datapipeline/.env/lib/python3.8/site-packages/airflow/example_dags/example_dag_decorator.py
[2022-09-14T21:11:02.129-0300] {logging_mixin.py:115} INFO - [2022-09-14T21:11:02.128-0300] {dag.py:2429} INFO - Sync 1 DAGs
[2022-09-14T21:11:02.142-0300] {logging_mixin.py:115} INFO - [2022-09-14T21:11:02.142-0300] {dag.py:2977} INFO - Setting next_dagrun for example_dag_decorator to None, run_after=None
[2022-09-14T21:11:02.158-0300] {processor.py:161} INFO - Processing /home/juliana/Área de Trabalho/datapipeline/.env/lib/python3.8/site-packages/airflow/example_dags/example_dag_decorator.py took 0.078 seconds
[2022-09-14T21:11:35.145-0300] {processor.py:153} INFO - Started process (PID=20658) to work on /home/juliana/Área de Trabalho/datapipeline/.env/lib/python3.8/site-packages/airflow/example_dags/example_dag_decorator.py
[2022-09-14T21:11:35.146-0300] {processor.py:640} INFO - Processing file /home/juliana/Área de Trabalho/datapipeline/.env/lib/python3.8/site-packages/airflow/example_dags/example_dag_decorator.py for tasks to queue
[2022-09-14T21:11:35.147-0300] {logging_mixin.py:115} INFO - [2022-09-14T21:11:35.147-0300] {dagbag.py:508} INFO - Filling up the DagBag from /home/juliana/Área de Trabalho/datapipeline/.env/lib/python3.8/site-packages/airflow/example_dags/example_dag_decorator.py
[2022-09-14T21:11:35.170-0300] {processor.py:650} INFO - DAG(s) dict_keys(['example_dag_decorator']) retrieved from /home/juliana/Área de Trabalho/datapipeline/.env/lib/python3.8/site-packages/airflow/example_dags/example_dag_decorator.py
[2022-09-14T21:11:35.187-0300] {logging_mixin.py:115} INFO - [2022-09-14T21:11:35.187-0300] {dag.py:2429} INFO - Sync 1 DAGs
[2022-09-14T21:11:35.200-0300] {logging_mixin.py:115} INFO - [2022-09-14T21:11:35.200-0300] {dag.py:2977} INFO - Setting next_dagrun for example_dag_decorator to None, run_after=None
[2022-09-14T21:11:35.220-0300] {processor.py:161} INFO - Processing /home/juliana/Área de Trabalho/datapipeline/.env/lib/python3.8/site-packages/airflow/example_dags/example_dag_decorator.py took 0.079 seconds
[2022-09-14T21:12:08.251-0300] {processor.py:153} INFO - Started process (PID=20692) to work on /home/juliana/Área de Trabalho/datapipeline/.env/lib/python3.8/site-packages/airflow/example_dags/example_dag_decorator.py
[2022-09-14T21:12:08.253-0300] {processor.py:640} INFO - Processing file /home/juliana/Área de Trabalho/datapipeline/.env/lib/python3.8/site-packages/airflow/example_dags/example_dag_decorator.py for tasks to queue
[2022-09-14T21:12:08.254-0300] {logging_mixin.py:115} INFO - [2022-09-14T21:12:08.254-0300] {dagbag.py:508} INFO - Filling up the DagBag from /home/juliana/Área de Trabalho/datapipeline/.env/lib/python3.8/site-packages/airflow/example_dags/example_dag_decorator.py
[2022-09-14T21:12:08.282-0300] {processor.py:650} INFO - DAG(s) dict_keys(['example_dag_decorator']) retrieved from /home/juliana/Área de Trabalho/datapipeline/.env/lib/python3.8/site-packages/airflow/example_dags/example_dag_decorator.py
[2022-09-14T21:12:08.321-0300] {logging_mixin.py:115} INFO - [2022-09-14T21:12:08.320-0300] {dag.py:2429} INFO - Sync 1 DAGs
[2022-09-14T21:12:08.333-0300] {logging_mixin.py:115} INFO - [2022-09-14T21:12:08.333-0300] {dag.py:2977} INFO - Setting next_dagrun for example_dag_decorator to None, run_after=None
[2022-09-14T21:12:08.350-0300] {processor.py:161} INFO - Processing /home/juliana/Área de Trabalho/datapipeline/.env/lib/python3.8/site-packages/airflow/example_dags/example_dag_decorator.py took 0.104 seconds
[2022-09-14T21:12:43.976-0300] {processor.py:153} INFO - Started process (PID=20730) to work on /home/juliana/Área de Trabalho/datapipeline/.env/lib/python3.8/site-packages/airflow/example_dags/example_dag_decorator.py
[2022-09-14T21:12:43.978-0300] {processor.py:640} INFO - Processing file /home/juliana/Área de Trabalho/datapipeline/.env/lib/python3.8/site-packages/airflow/example_dags/example_dag_decorator.py for tasks to queue
[2022-09-14T21:12:43.979-0300] {logging_mixin.py:115} INFO - [2022-09-14T21:12:43.979-0300] {dagbag.py:508} INFO - Filling up the DagBag from /home/juliana/Área de Trabalho/datapipeline/.env/lib/python3.8/site-packages/airflow/example_dags/example_dag_decorator.py
[2022-09-14T21:12:44.008-0300] {processor.py:650} INFO - DAG(s) dict_keys(['example_dag_decorator']) retrieved from /home/juliana/Área de Trabalho/datapipeline/.env/lib/python3.8/site-packages/airflow/example_dags/example_dag_decorator.py
[2022-09-14T21:12:44.025-0300] {logging_mixin.py:115} INFO - [2022-09-14T21:12:44.025-0300] {dag.py:2429} INFO - Sync 1 DAGs
[2022-09-14T21:12:44.038-0300] {logging_mixin.py:115} INFO - [2022-09-14T21:12:44.038-0300] {dag.py:2977} INFO - Setting next_dagrun for example_dag_decorator to None, run_after=None
[2022-09-14T21:12:44.057-0300] {processor.py:161} INFO - Processing /home/juliana/Área de Trabalho/datapipeline/.env/lib/python3.8/site-packages/airflow/example_dags/example_dag_decorator.py took 0.087 seconds
[2022-09-14T21:13:16.726-0300] {processor.py:153} INFO - Started process (PID=20766) to work on /home/juliana/Área de Trabalho/datapipeline/.env/lib/python3.8/site-packages/airflow/example_dags/example_dag_decorator.py
[2022-09-14T21:13:16.728-0300] {processor.py:640} INFO - Processing file /home/juliana/Área de Trabalho/datapipeline/.env/lib/python3.8/site-packages/airflow/example_dags/example_dag_decorator.py for tasks to queue
[2022-09-14T21:13:16.729-0300] {logging_mixin.py:115} INFO - [2022-09-14T21:13:16.729-0300] {dagbag.py:508} INFO - Filling up the DagBag from /home/juliana/Área de Trabalho/datapipeline/.env/lib/python3.8/site-packages/airflow/example_dags/example_dag_decorator.py
[2022-09-14T21:13:16.762-0300] {processor.py:650} INFO - DAG(s) dict_keys(['example_dag_decorator']) retrieved from /home/juliana/Área de Trabalho/datapipeline/.env/lib/python3.8/site-packages/airflow/example_dags/example_dag_decorator.py
[2022-09-14T21:13:16.780-0300] {logging_mixin.py:115} INFO - [2022-09-14T21:13:16.780-0300] {dag.py:2429} INFO - Sync 1 DAGs
[2022-09-14T21:13:16.793-0300] {logging_mixin.py:115} INFO - [2022-09-14T21:13:16.793-0300] {dag.py:2977} INFO - Setting next_dagrun for example_dag_decorator to None, run_after=None
[2022-09-14T21:13:16.813-0300] {processor.py:161} INFO - Processing /home/juliana/Área de Trabalho/datapipeline/.env/lib/python3.8/site-packages/airflow/example_dags/example_dag_decorator.py took 0.093 seconds
[2022-09-14T21:13:49.311-0300] {processor.py:153} INFO - Started process (PID=20802) to work on /home/juliana/Área de Trabalho/datapipeline/.env/lib/python3.8/site-packages/airflow/example_dags/example_dag_decorator.py
[2022-09-14T21:13:49.313-0300] {processor.py:640} INFO - Processing file /home/juliana/Área de Trabalho/datapipeline/.env/lib/python3.8/site-packages/airflow/example_dags/example_dag_decorator.py for tasks to queue
[2022-09-14T21:13:49.314-0300] {logging_mixin.py:115} INFO - [2022-09-14T21:13:49.314-0300] {dagbag.py:508} INFO - Filling up the DagBag from /home/juliana/Área de Trabalho/datapipeline/.env/lib/python3.8/site-packages/airflow/example_dags/example_dag_decorator.py
[2022-09-14T21:13:49.342-0300] {processor.py:650} INFO - DAG(s) dict_keys(['example_dag_decorator']) retrieved from /home/juliana/Área de Trabalho/datapipeline/.env/lib/python3.8/site-packages/airflow/example_dags/example_dag_decorator.py
[2022-09-14T21:13:49.359-0300] {logging_mixin.py:115} INFO - [2022-09-14T21:13:49.358-0300] {dag.py:2429} INFO - Sync 1 DAGs
[2022-09-14T21:13:49.372-0300] {logging_mixin.py:115} INFO - [2022-09-14T21:13:49.372-0300] {dag.py:2977} INFO - Setting next_dagrun for example_dag_decorator to None, run_after=None
[2022-09-14T21:13:49.387-0300] {processor.py:161} INFO - Processing /home/juliana/Área de Trabalho/datapipeline/.env/lib/python3.8/site-packages/airflow/example_dags/example_dag_decorator.py took 0.082 seconds
[2022-09-14T21:14:24.751-0300] {processor.py:153} INFO - Started process (PID=20837) to work on /home/juliana/Área de Trabalho/datapipeline/.env/lib/python3.8/site-packages/airflow/example_dags/example_dag_decorator.py
[2022-09-14T21:14:24.758-0300] {processor.py:640} INFO - Processing file /home/juliana/Área de Trabalho/datapipeline/.env/lib/python3.8/site-packages/airflow/example_dags/example_dag_decorator.py for tasks to queue
[2022-09-14T21:14:24.759-0300] {logging_mixin.py:115} INFO - [2022-09-14T21:14:24.759-0300] {dagbag.py:508} INFO - Filling up the DagBag from /home/juliana/Área de Trabalho/datapipeline/.env/lib/python3.8/site-packages/airflow/example_dags/example_dag_decorator.py
[2022-09-14T21:14:24.786-0300] {processor.py:650} INFO - DAG(s) dict_keys(['example_dag_decorator']) retrieved from /home/juliana/Área de Trabalho/datapipeline/.env/lib/python3.8/site-packages/airflow/example_dags/example_dag_decorator.py
[2022-09-14T21:14:24.803-0300] {logging_mixin.py:115} INFO - [2022-09-14T21:14:24.802-0300] {dag.py:2429} INFO - Sync 1 DAGs
[2022-09-14T21:14:24.816-0300] {logging_mixin.py:115} INFO - [2022-09-14T21:14:24.816-0300] {dag.py:2977} INFO - Setting next_dagrun for example_dag_decorator to None, run_after=None
[2022-09-14T21:14:24.832-0300] {processor.py:161} INFO - Processing /home/juliana/Área de Trabalho/datapipeline/.env/lib/python3.8/site-packages/airflow/example_dags/example_dag_decorator.py took 0.088 seconds
[2022-09-14T21:14:57.516-0300] {processor.py:153} INFO - Started process (PID=20871) to work on /home/juliana/Área de Trabalho/datapipeline/.env/lib/python3.8/site-packages/airflow/example_dags/example_dag_decorator.py
[2022-09-14T21:14:57.517-0300] {processor.py:640} INFO - Processing file /home/juliana/Área de Trabalho/datapipeline/.env/lib/python3.8/site-packages/airflow/example_dags/example_dag_decorator.py for tasks to queue
[2022-09-14T21:14:57.518-0300] {logging_mixin.py:115} INFO - [2022-09-14T21:14:57.518-0300] {dagbag.py:508} INFO - Filling up the DagBag from /home/juliana/Área de Trabalho/datapipeline/.env/lib/python3.8/site-packages/airflow/example_dags/example_dag_decorator.py
[2022-09-14T21:14:57.547-0300] {processor.py:650} INFO - DAG(s) dict_keys(['example_dag_decorator']) retrieved from /home/juliana/Área de Trabalho/datapipeline/.env/lib/python3.8/site-packages/airflow/example_dags/example_dag_decorator.py
[2022-09-14T21:14:57.564-0300] {logging_mixin.py:115} INFO - [2022-09-14T21:14:57.564-0300] {dag.py:2429} INFO - Sync 1 DAGs
[2022-09-14T21:14:57.578-0300] {logging_mixin.py:115} INFO - [2022-09-14T21:14:57.578-0300] {dag.py:2977} INFO - Setting next_dagrun for example_dag_decorator to None, run_after=None
[2022-09-14T21:14:57.600-0300] {processor.py:161} INFO - Processing /home/juliana/Área de Trabalho/datapipeline/.env/lib/python3.8/site-packages/airflow/example_dags/example_dag_decorator.py took 0.089 seconds
[2022-09-14T21:15:32.935-0300] {processor.py:153} INFO - Started process (PID=20909) to work on /home/juliana/Área de Trabalho/datapipeline/.env/lib/python3.8/site-packages/airflow/example_dags/example_dag_decorator.py
[2022-09-14T21:15:32.936-0300] {processor.py:640} INFO - Processing file /home/juliana/Área de Trabalho/datapipeline/.env/lib/python3.8/site-packages/airflow/example_dags/example_dag_decorator.py for tasks to queue
[2022-09-14T21:15:32.937-0300] {logging_mixin.py:115} INFO - [2022-09-14T21:15:32.937-0300] {dagbag.py:508} INFO - Filling up the DagBag from /home/juliana/Área de Trabalho/datapipeline/.env/lib/python3.8/site-packages/airflow/example_dags/example_dag_decorator.py
[2022-09-14T21:15:32.963-0300] {processor.py:650} INFO - DAG(s) dict_keys(['example_dag_decorator']) retrieved from /home/juliana/Área de Trabalho/datapipeline/.env/lib/python3.8/site-packages/airflow/example_dags/example_dag_decorator.py
[2022-09-14T21:15:32.978-0300] {logging_mixin.py:115} INFO - [2022-09-14T21:15:32.977-0300] {dag.py:2429} INFO - Sync 1 DAGs
[2022-09-14T21:15:32.996-0300] {logging_mixin.py:115} INFO - [2022-09-14T21:15:32.996-0300] {dag.py:2977} INFO - Setting next_dagrun for example_dag_decorator to None, run_after=None
[2022-09-14T21:15:33.017-0300] {processor.py:161} INFO - Processing /home/juliana/Área de Trabalho/datapipeline/.env/lib/python3.8/site-packages/airflow/example_dags/example_dag_decorator.py took 0.086 seconds
[2022-09-14T21:16:05.820-0300] {processor.py:153} INFO - Started process (PID=20943) to work on /home/juliana/Área de Trabalho/datapipeline/.env/lib/python3.8/site-packages/airflow/example_dags/example_dag_decorator.py
[2022-09-14T21:16:05.821-0300] {processor.py:640} INFO - Processing file /home/juliana/Área de Trabalho/datapipeline/.env/lib/python3.8/site-packages/airflow/example_dags/example_dag_decorator.py for tasks to queue
[2022-09-14T21:16:05.822-0300] {logging_mixin.py:115} INFO - [2022-09-14T21:16:05.822-0300] {dagbag.py:508} INFO - Filling up the DagBag from /home/juliana/Área de Trabalho/datapipeline/.env/lib/python3.8/site-packages/airflow/example_dags/example_dag_decorator.py
[2022-09-14T21:16:05.852-0300] {processor.py:650} INFO - DAG(s) dict_keys(['example_dag_decorator']) retrieved from /home/juliana/Área de Trabalho/datapipeline/.env/lib/python3.8/site-packages/airflow/example_dags/example_dag_decorator.py
[2022-09-14T21:16:05.876-0300] {logging_mixin.py:115} INFO - [2022-09-14T21:16:05.876-0300] {dag.py:2429} INFO - Sync 1 DAGs
[2022-09-14T21:16:05.894-0300] {logging_mixin.py:115} INFO - [2022-09-14T21:16:05.894-0300] {dag.py:2977} INFO - Setting next_dagrun for example_dag_decorator to None, run_after=None
[2022-09-14T21:16:05.916-0300] {processor.py:161} INFO - Processing /home/juliana/Área de Trabalho/datapipeline/.env/lib/python3.8/site-packages/airflow/example_dags/example_dag_decorator.py took 0.101 seconds
[2022-09-14T21:16:43.227-0300] {processor.py:153} INFO - Started process (PID=20980) to work on /home/juliana/Área de Trabalho/datapipeline/.env/lib/python3.8/site-packages/airflow/example_dags/example_dag_decorator.py
[2022-09-14T21:16:43.229-0300] {processor.py:640} INFO - Processing file /home/juliana/Área de Trabalho/datapipeline/.env/lib/python3.8/site-packages/airflow/example_dags/example_dag_decorator.py for tasks to queue
[2022-09-14T21:16:43.230-0300] {logging_mixin.py:115} INFO - [2022-09-14T21:16:43.230-0300] {dagbag.py:508} INFO - Filling up the DagBag from /home/juliana/Área de Trabalho/datapipeline/.env/lib/python3.8/site-packages/airflow/example_dags/example_dag_decorator.py
[2022-09-14T21:16:43.258-0300] {processor.py:650} INFO - DAG(s) dict_keys(['example_dag_decorator']) retrieved from /home/juliana/Área de Trabalho/datapipeline/.env/lib/python3.8/site-packages/airflow/example_dags/example_dag_decorator.py
[2022-09-14T21:16:43.282-0300] {logging_mixin.py:115} INFO - [2022-09-14T21:16:43.282-0300] {dag.py:2429} INFO - Sync 1 DAGs
[2022-09-14T21:16:43.297-0300] {logging_mixin.py:115} INFO - [2022-09-14T21:16:43.297-0300] {dag.py:2977} INFO - Setting next_dagrun for example_dag_decorator to None, run_after=None
[2022-09-14T21:16:43.319-0300] {processor.py:161} INFO - Processing /home/juliana/Área de Trabalho/datapipeline/.env/lib/python3.8/site-packages/airflow/example_dags/example_dag_decorator.py took 0.098 seconds
[2022-09-14T21:17:16.523-0300] {processor.py:153} INFO - Started process (PID=21017) to work on /home/juliana/Área de Trabalho/datapipeline/.env/lib/python3.8/site-packages/airflow/example_dags/example_dag_decorator.py
[2022-09-14T21:17:16.524-0300] {processor.py:640} INFO - Processing file /home/juliana/Área de Trabalho/datapipeline/.env/lib/python3.8/site-packages/airflow/example_dags/example_dag_decorator.py for tasks to queue
[2022-09-14T21:17:16.525-0300] {logging_mixin.py:115} INFO - [2022-09-14T21:17:16.525-0300] {dagbag.py:508} INFO - Filling up the DagBag from /home/juliana/Área de Trabalho/datapipeline/.env/lib/python3.8/site-packages/airflow/example_dags/example_dag_decorator.py
[2022-09-14T21:17:16.547-0300] {processor.py:650} INFO - DAG(s) dict_keys(['example_dag_decorator']) retrieved from /home/juliana/Área de Trabalho/datapipeline/.env/lib/python3.8/site-packages/airflow/example_dags/example_dag_decorator.py
[2022-09-14T21:17:16.588-0300] {logging_mixin.py:115} INFO - [2022-09-14T21:17:16.587-0300] {dag.py:2429} INFO - Sync 1 DAGs
[2022-09-14T21:17:16.602-0300] {logging_mixin.py:115} INFO - [2022-09-14T21:17:16.602-0300] {dag.py:2977} INFO - Setting next_dagrun for example_dag_decorator to None, run_after=None
[2022-09-14T21:17:16.618-0300] {processor.py:161} INFO - Processing /home/juliana/Área de Trabalho/datapipeline/.env/lib/python3.8/site-packages/airflow/example_dags/example_dag_decorator.py took 0.099 seconds
[2022-09-14T21:17:49.843-0300] {processor.py:153} INFO - Started process (PID=21058) to work on /home/juliana/Área de Trabalho/datapipeline/.env/lib/python3.8/site-packages/airflow/example_dags/example_dag_decorator.py
[2022-09-14T21:17:49.844-0300] {processor.py:640} INFO - Processing file /home/juliana/Área de Trabalho/datapipeline/.env/lib/python3.8/site-packages/airflow/example_dags/example_dag_decorator.py for tasks to queue
[2022-09-14T21:17:49.845-0300] {logging_mixin.py:115} INFO - [2022-09-14T21:17:49.845-0300] {dagbag.py:508} INFO - Filling up the DagBag from /home/juliana/Área de Trabalho/datapipeline/.env/lib/python3.8/site-packages/airflow/example_dags/example_dag_decorator.py
[2022-09-14T21:17:49.865-0300] {processor.py:650} INFO - DAG(s) dict_keys(['example_dag_decorator']) retrieved from /home/juliana/Área de Trabalho/datapipeline/.env/lib/python3.8/site-packages/airflow/example_dags/example_dag_decorator.py
[2022-09-14T21:17:49.880-0300] {logging_mixin.py:115} INFO - [2022-09-14T21:17:49.880-0300] {dag.py:2429} INFO - Sync 1 DAGs
[2022-09-14T21:17:49.895-0300] {logging_mixin.py:115} INFO - [2022-09-14T21:17:49.894-0300] {dag.py:2977} INFO - Setting next_dagrun for example_dag_decorator to None, run_after=None
[2022-09-14T21:17:49.909-0300] {processor.py:161} INFO - Processing /home/juliana/Área de Trabalho/datapipeline/.env/lib/python3.8/site-packages/airflow/example_dags/example_dag_decorator.py took 0.068 seconds
[2022-09-14T21:18:22.682-0300] {processor.py:153} INFO - Started process (PID=21094) to work on /home/juliana/Área de Trabalho/datapipeline/.env/lib/python3.8/site-packages/airflow/example_dags/example_dag_decorator.py
[2022-09-14T21:18:22.684-0300] {processor.py:640} INFO - Processing file /home/juliana/Área de Trabalho/datapipeline/.env/lib/python3.8/site-packages/airflow/example_dags/example_dag_decorator.py for tasks to queue
[2022-09-14T21:18:22.685-0300] {logging_mixin.py:115} INFO - [2022-09-14T21:18:22.685-0300] {dagbag.py:508} INFO - Filling up the DagBag from /home/juliana/Área de Trabalho/datapipeline/.env/lib/python3.8/site-packages/airflow/example_dags/example_dag_decorator.py
[2022-09-14T21:18:22.715-0300] {processor.py:650} INFO - DAG(s) dict_keys(['example_dag_decorator']) retrieved from /home/juliana/Área de Trabalho/datapipeline/.env/lib/python3.8/site-packages/airflow/example_dags/example_dag_decorator.py
[2022-09-14T21:18:22.732-0300] {logging_mixin.py:115} INFO - [2022-09-14T21:18:22.732-0300] {dag.py:2429} INFO - Sync 1 DAGs
[2022-09-14T21:18:22.745-0300] {logging_mixin.py:115} INFO - [2022-09-14T21:18:22.745-0300] {dag.py:2977} INFO - Setting next_dagrun for example_dag_decorator to None, run_after=None
[2022-09-14T21:18:22.766-0300] {processor.py:161} INFO - Processing /home/juliana/Área de Trabalho/datapipeline/.env/lib/python3.8/site-packages/airflow/example_dags/example_dag_decorator.py took 0.090 seconds
[2022-09-14T21:18:54.954-0300] {processor.py:153} INFO - Started process (PID=21129) to work on /home/juliana/Área de Trabalho/datapipeline/.env/lib/python3.8/site-packages/airflow/example_dags/example_dag_decorator.py
[2022-09-14T21:18:54.956-0300] {processor.py:640} INFO - Processing file /home/juliana/Área de Trabalho/datapipeline/.env/lib/python3.8/site-packages/airflow/example_dags/example_dag_decorator.py for tasks to queue
[2022-09-14T21:18:54.957-0300] {logging_mixin.py:115} INFO - [2022-09-14T21:18:54.956-0300] {dagbag.py:508} INFO - Filling up the DagBag from /home/juliana/Área de Trabalho/datapipeline/.env/lib/python3.8/site-packages/airflow/example_dags/example_dag_decorator.py
[2022-09-14T21:18:54.984-0300] {processor.py:650} INFO - DAG(s) dict_keys(['example_dag_decorator']) retrieved from /home/juliana/Área de Trabalho/datapipeline/.env/lib/python3.8/site-packages/airflow/example_dags/example_dag_decorator.py
[2022-09-14T21:18:55.001-0300] {logging_mixin.py:115} INFO - [2022-09-14T21:18:55.000-0300] {dag.py:2429} INFO - Sync 1 DAGs
[2022-09-14T21:18:55.016-0300] {logging_mixin.py:115} INFO - [2022-09-14T21:18:55.016-0300] {dag.py:2977} INFO - Setting next_dagrun for example_dag_decorator to None, run_after=None
[2022-09-14T21:18:55.031-0300] {processor.py:161} INFO - Processing /home/juliana/Área de Trabalho/datapipeline/.env/lib/python3.8/site-packages/airflow/example_dags/example_dag_decorator.py took 0.082 seconds
[2022-09-14T21:19:30.204-0300] {processor.py:153} INFO - Started process (PID=21164) to work on /home/juliana/Área de Trabalho/datapipeline/.env/lib/python3.8/site-packages/airflow/example_dags/example_dag_decorator.py
[2022-09-14T21:19:30.206-0300] {processor.py:640} INFO - Processing file /home/juliana/Área de Trabalho/datapipeline/.env/lib/python3.8/site-packages/airflow/example_dags/example_dag_decorator.py for tasks to queue
[2022-09-14T21:19:30.207-0300] {logging_mixin.py:115} INFO - [2022-09-14T21:19:30.207-0300] {dagbag.py:508} INFO - Filling up the DagBag from /home/juliana/Área de Trabalho/datapipeline/.env/lib/python3.8/site-packages/airflow/example_dags/example_dag_decorator.py
[2022-09-14T21:19:30.237-0300] {processor.py:650} INFO - DAG(s) dict_keys(['example_dag_decorator']) retrieved from /home/juliana/Área de Trabalho/datapipeline/.env/lib/python3.8/site-packages/airflow/example_dags/example_dag_decorator.py
[2022-09-14T21:19:30.253-0300] {logging_mixin.py:115} INFO - [2022-09-14T21:19:30.253-0300] {dag.py:2429} INFO - Sync 1 DAGs
[2022-09-14T21:19:30.267-0300] {logging_mixin.py:115} INFO - [2022-09-14T21:19:30.267-0300] {dag.py:2977} INFO - Setting next_dagrun for example_dag_decorator to None, run_after=None
[2022-09-14T21:19:30.288-0300] {processor.py:161} INFO - Processing /home/juliana/Área de Trabalho/datapipeline/.env/lib/python3.8/site-packages/airflow/example_dags/example_dag_decorator.py took 0.089 seconds
[2022-09-14T21:20:05.417-0300] {processor.py:153} INFO - Started process (PID=21200) to work on /home/juliana/Área de Trabalho/datapipeline/.env/lib/python3.8/site-packages/airflow/example_dags/example_dag_decorator.py
[2022-09-14T21:20:05.418-0300] {processor.py:640} INFO - Processing file /home/juliana/Área de Trabalho/datapipeline/.env/lib/python3.8/site-packages/airflow/example_dags/example_dag_decorator.py for tasks to queue
[2022-09-14T21:20:05.418-0300] {logging_mixin.py:115} INFO - [2022-09-14T21:20:05.418-0300] {dagbag.py:508} INFO - Filling up the DagBag from /home/juliana/Área de Trabalho/datapipeline/.env/lib/python3.8/site-packages/airflow/example_dags/example_dag_decorator.py
[2022-09-14T21:20:05.439-0300] {processor.py:650} INFO - DAG(s) dict_keys(['example_dag_decorator']) retrieved from /home/juliana/Área de Trabalho/datapipeline/.env/lib/python3.8/site-packages/airflow/example_dags/example_dag_decorator.py
[2022-09-14T21:20:05.455-0300] {logging_mixin.py:115} INFO - [2022-09-14T21:20:05.455-0300] {dag.py:2429} INFO - Sync 1 DAGs
[2022-09-14T21:20:05.469-0300] {logging_mixin.py:115} INFO - [2022-09-14T21:20:05.469-0300] {dag.py:2977} INFO - Setting next_dagrun for example_dag_decorator to None, run_after=None
[2022-09-14T21:20:05.489-0300] {processor.py:161} INFO - Processing /home/juliana/Área de Trabalho/datapipeline/.env/lib/python3.8/site-packages/airflow/example_dags/example_dag_decorator.py took 0.075 seconds
[2022-09-14T21:20:41.329-0300] {processor.py:153} INFO - Started process (PID=21239) to work on /home/juliana/Área de Trabalho/datapipeline/.env/lib/python3.8/site-packages/airflow/example_dags/example_dag_decorator.py
[2022-09-14T21:20:41.330-0300] {processor.py:640} INFO - Processing file /home/juliana/Área de Trabalho/datapipeline/.env/lib/python3.8/site-packages/airflow/example_dags/example_dag_decorator.py for tasks to queue
[2022-09-14T21:20:41.330-0300] {logging_mixin.py:115} INFO - [2022-09-14T21:20:41.330-0300] {dagbag.py:508} INFO - Filling up the DagBag from /home/juliana/Área de Trabalho/datapipeline/.env/lib/python3.8/site-packages/airflow/example_dags/example_dag_decorator.py
[2022-09-14T21:20:41.351-0300] {processor.py:650} INFO - DAG(s) dict_keys(['example_dag_decorator']) retrieved from /home/juliana/Área de Trabalho/datapipeline/.env/lib/python3.8/site-packages/airflow/example_dags/example_dag_decorator.py
[2022-09-14T21:20:41.366-0300] {logging_mixin.py:115} INFO - [2022-09-14T21:20:41.366-0300] {dag.py:2429} INFO - Sync 1 DAGs
[2022-09-14T21:20:41.382-0300] {logging_mixin.py:115} INFO - [2022-09-14T21:20:41.381-0300] {dag.py:2977} INFO - Setting next_dagrun for example_dag_decorator to None, run_after=None
[2022-09-14T21:20:41.403-0300] {processor.py:161} INFO - Processing /home/juliana/Área de Trabalho/datapipeline/.env/lib/python3.8/site-packages/airflow/example_dags/example_dag_decorator.py took 0.076 seconds
[2022-09-14T21:21:18.026-0300] {processor.py:153} INFO - Started process (PID=21277) to work on /home/juliana/Área de Trabalho/datapipeline/.env/lib/python3.8/site-packages/airflow/example_dags/example_dag_decorator.py
[2022-09-14T21:21:18.028-0300] {processor.py:640} INFO - Processing file /home/juliana/Área de Trabalho/datapipeline/.env/lib/python3.8/site-packages/airflow/example_dags/example_dag_decorator.py for tasks to queue
[2022-09-14T21:21:18.029-0300] {logging_mixin.py:115} INFO - [2022-09-14T21:21:18.029-0300] {dagbag.py:508} INFO - Filling up the DagBag from /home/juliana/Área de Trabalho/datapipeline/.env/lib/python3.8/site-packages/airflow/example_dags/example_dag_decorator.py
[2022-09-14T21:21:18.059-0300] {processor.py:650} INFO - DAG(s) dict_keys(['example_dag_decorator']) retrieved from /home/juliana/Área de Trabalho/datapipeline/.env/lib/python3.8/site-packages/airflow/example_dags/example_dag_decorator.py
[2022-09-14T21:21:18.076-0300] {logging_mixin.py:115} INFO - [2022-09-14T21:21:18.075-0300] {dag.py:2429} INFO - Sync 1 DAGs
[2022-09-14T21:21:18.089-0300] {logging_mixin.py:115} INFO - [2022-09-14T21:21:18.089-0300] {dag.py:2977} INFO - Setting next_dagrun for example_dag_decorator to None, run_after=None
[2022-09-14T21:21:18.109-0300] {processor.py:161} INFO - Processing /home/juliana/Área de Trabalho/datapipeline/.env/lib/python3.8/site-packages/airflow/example_dags/example_dag_decorator.py took 0.090 seconds
[2022-09-14T21:21:52.531-0300] {processor.py:153} INFO - Started process (PID=21314) to work on /home/juliana/Área de Trabalho/datapipeline/.env/lib/python3.8/site-packages/airflow/example_dags/example_dag_decorator.py
[2022-09-14T21:21:52.532-0300] {processor.py:640} INFO - Processing file /home/juliana/Área de Trabalho/datapipeline/.env/lib/python3.8/site-packages/airflow/example_dags/example_dag_decorator.py for tasks to queue
[2022-09-14T21:21:52.533-0300] {logging_mixin.py:115} INFO - [2022-09-14T21:21:52.533-0300] {dagbag.py:508} INFO - Filling up the DagBag from /home/juliana/Área de Trabalho/datapipeline/.env/lib/python3.8/site-packages/airflow/example_dags/example_dag_decorator.py
[2022-09-14T21:21:52.556-0300] {processor.py:650} INFO - DAG(s) dict_keys(['example_dag_decorator']) retrieved from /home/juliana/Área de Trabalho/datapipeline/.env/lib/python3.8/site-packages/airflow/example_dags/example_dag_decorator.py
[2022-09-14T21:21:52.572-0300] {logging_mixin.py:115} INFO - [2022-09-14T21:21:52.572-0300] {dag.py:2429} INFO - Sync 1 DAGs
[2022-09-14T21:21:52.585-0300] {logging_mixin.py:115} INFO - [2022-09-14T21:21:52.585-0300] {dag.py:2977} INFO - Setting next_dagrun for example_dag_decorator to None, run_after=None
[2022-09-14T21:21:52.601-0300] {processor.py:161} INFO - Processing /home/juliana/Área de Trabalho/datapipeline/.env/lib/python3.8/site-packages/airflow/example_dags/example_dag_decorator.py took 0.074 seconds
[2022-09-14T21:22:29.590-0300] {processor.py:153} INFO - Started process (PID=21356) to work on /home/juliana/Área de Trabalho/datapipeline/.env/lib/python3.8/site-packages/airflow/example_dags/example_dag_decorator.py
[2022-09-14T21:22:29.591-0300] {processor.py:640} INFO - Processing file /home/juliana/Área de Trabalho/datapipeline/.env/lib/python3.8/site-packages/airflow/example_dags/example_dag_decorator.py for tasks to queue
[2022-09-14T21:22:29.592-0300] {logging_mixin.py:115} INFO - [2022-09-14T21:22:29.592-0300] {dagbag.py:508} INFO - Filling up the DagBag from /home/juliana/Área de Trabalho/datapipeline/.env/lib/python3.8/site-packages/airflow/example_dags/example_dag_decorator.py
[2022-09-14T21:22:29.612-0300] {processor.py:650} INFO - DAG(s) dict_keys(['example_dag_decorator']) retrieved from /home/juliana/Área de Trabalho/datapipeline/.env/lib/python3.8/site-packages/airflow/example_dags/example_dag_decorator.py
[2022-09-14T21:22:29.655-0300] {logging_mixin.py:115} INFO - [2022-09-14T21:22:29.655-0300] {dag.py:2429} INFO - Sync 1 DAGs
[2022-09-14T21:22:29.672-0300] {logging_mixin.py:115} INFO - [2022-09-14T21:22:29.672-0300] {dag.py:2977} INFO - Setting next_dagrun for example_dag_decorator to None, run_after=None
[2022-09-14T21:22:29.693-0300] {processor.py:161} INFO - Processing /home/juliana/Área de Trabalho/datapipeline/.env/lib/python3.8/site-packages/airflow/example_dags/example_dag_decorator.py took 0.106 seconds
[2022-09-14T21:23:03.564-0300] {processor.py:153} INFO - Started process (PID=21399) to work on /home/juliana/Área de Trabalho/datapipeline/.env/lib/python3.8/site-packages/airflow/example_dags/example_dag_decorator.py
[2022-09-14T21:23:03.565-0300] {processor.py:640} INFO - Processing file /home/juliana/Área de Trabalho/datapipeline/.env/lib/python3.8/site-packages/airflow/example_dags/example_dag_decorator.py for tasks to queue
[2022-09-14T21:23:03.566-0300] {logging_mixin.py:115} INFO - [2022-09-14T21:23:03.566-0300] {dagbag.py:508} INFO - Filling up the DagBag from /home/juliana/Área de Trabalho/datapipeline/.env/lib/python3.8/site-packages/airflow/example_dags/example_dag_decorator.py
[2022-09-14T21:23:03.590-0300] {processor.py:650} INFO - DAG(s) dict_keys(['example_dag_decorator']) retrieved from /home/juliana/Área de Trabalho/datapipeline/.env/lib/python3.8/site-packages/airflow/example_dags/example_dag_decorator.py
[2022-09-14T21:23:03.627-0300] {logging_mixin.py:115} INFO - [2022-09-14T21:23:03.627-0300] {dag.py:2429} INFO - Sync 1 DAGs
[2022-09-14T21:23:03.640-0300] {logging_mixin.py:115} INFO - [2022-09-14T21:23:03.640-0300] {dag.py:2977} INFO - Setting next_dagrun for example_dag_decorator to None, run_after=None
[2022-09-14T21:23:03.657-0300] {processor.py:161} INFO - Processing /home/juliana/Área de Trabalho/datapipeline/.env/lib/python3.8/site-packages/airflow/example_dags/example_dag_decorator.py took 0.098 seconds
[2022-09-14T21:23:37.690-0300] {processor.py:153} INFO - Started process (PID=21471) to work on /home/juliana/Área de Trabalho/datapipeline/.env/lib/python3.8/site-packages/airflow/example_dags/example_dag_decorator.py
[2022-09-14T21:23:37.694-0300] {processor.py:640} INFO - Processing file /home/juliana/Área de Trabalho/datapipeline/.env/lib/python3.8/site-packages/airflow/example_dags/example_dag_decorator.py for tasks to queue
[2022-09-14T21:23:37.695-0300] {logging_mixin.py:115} INFO - [2022-09-14T21:23:37.694-0300] {dagbag.py:508} INFO - Filling up the DagBag from /home/juliana/Área de Trabalho/datapipeline/.env/lib/python3.8/site-packages/airflow/example_dags/example_dag_decorator.py
[2022-09-14T21:23:37.743-0300] {processor.py:650} INFO - DAG(s) dict_keys(['example_dag_decorator']) retrieved from /home/juliana/Área de Trabalho/datapipeline/.env/lib/python3.8/site-packages/airflow/example_dags/example_dag_decorator.py
[2022-09-14T21:23:37.764-0300] {logging_mixin.py:115} INFO - [2022-09-14T21:23:37.764-0300] {dag.py:2429} INFO - Sync 1 DAGs
[2022-09-14T21:23:37.785-0300] {logging_mixin.py:115} INFO - [2022-09-14T21:23:37.783-0300] {dag.py:2977} INFO - Setting next_dagrun for example_dag_decorator to None, run_after=None
[2022-09-14T21:23:37.804-0300] {processor.py:161} INFO - Processing /home/juliana/Área de Trabalho/datapipeline/.env/lib/python3.8/site-packages/airflow/example_dags/example_dag_decorator.py took 0.123 seconds
[2022-09-14T21:24:16.929-0300] {processor.py:153} INFO - Started process (PID=21510) to work on /home/juliana/Área de Trabalho/datapipeline/.env/lib/python3.8/site-packages/airflow/example_dags/example_dag_decorator.py
[2022-09-14T21:24:16.936-0300] {processor.py:640} INFO - Processing file /home/juliana/Área de Trabalho/datapipeline/.env/lib/python3.8/site-packages/airflow/example_dags/example_dag_decorator.py for tasks to queue
[2022-09-14T21:24:16.937-0300] {logging_mixin.py:115} INFO - [2022-09-14T21:24:16.937-0300] {dagbag.py:508} INFO - Filling up the DagBag from /home/juliana/Área de Trabalho/datapipeline/.env/lib/python3.8/site-packages/airflow/example_dags/example_dag_decorator.py
[2022-09-14T21:24:16.986-0300] {processor.py:650} INFO - DAG(s) dict_keys(['example_dag_decorator']) retrieved from /home/juliana/Área de Trabalho/datapipeline/.env/lib/python3.8/site-packages/airflow/example_dags/example_dag_decorator.py
[2022-09-14T21:24:17.058-0300] {logging_mixin.py:115} INFO - [2022-09-14T21:24:17.058-0300] {dag.py:2429} INFO - Sync 1 DAGs
[2022-09-14T21:24:17.088-0300] {logging_mixin.py:115} INFO - [2022-09-14T21:24:17.088-0300] {dag.py:2977} INFO - Setting next_dagrun for example_dag_decorator to None, run_after=None
[2022-09-14T21:24:17.110-0300] {processor.py:161} INFO - Processing /home/juliana/Área de Trabalho/datapipeline/.env/lib/python3.8/site-packages/airflow/example_dags/example_dag_decorator.py took 0.183 seconds
[2022-09-14T21:24:54.217-0300] {processor.py:153} INFO - Started process (PID=21563) to work on /home/juliana/Área de Trabalho/datapipeline/.env/lib/python3.8/site-packages/airflow/example_dags/example_dag_decorator.py
[2022-09-14T21:24:54.220-0300] {processor.py:640} INFO - Processing file /home/juliana/Área de Trabalho/datapipeline/.env/lib/python3.8/site-packages/airflow/example_dags/example_dag_decorator.py for tasks to queue
[2022-09-14T21:24:54.220-0300] {logging_mixin.py:115} INFO - [2022-09-14T21:24:54.220-0300] {dagbag.py:508} INFO - Filling up the DagBag from /home/juliana/Área de Trabalho/datapipeline/.env/lib/python3.8/site-packages/airflow/example_dags/example_dag_decorator.py
[2022-09-14T21:24:54.247-0300] {processor.py:650} INFO - DAG(s) dict_keys(['example_dag_decorator']) retrieved from /home/juliana/Área de Trabalho/datapipeline/.env/lib/python3.8/site-packages/airflow/example_dags/example_dag_decorator.py
[2022-09-14T21:24:54.264-0300] {logging_mixin.py:115} INFO - [2022-09-14T21:24:54.264-0300] {dag.py:2429} INFO - Sync 1 DAGs
[2022-09-14T21:24:54.278-0300] {logging_mixin.py:115} INFO - [2022-09-14T21:24:54.278-0300] {dag.py:2977} INFO - Setting next_dagrun for example_dag_decorator to None, run_after=None
[2022-09-14T21:24:54.293-0300] {processor.py:161} INFO - Processing /home/juliana/Área de Trabalho/datapipeline/.env/lib/python3.8/site-packages/airflow/example_dags/example_dag_decorator.py took 0.082 seconds
[2022-09-14T21:25:28.151-0300] {processor.py:153} INFO - Started process (PID=21598) to work on /home/juliana/Área de Trabalho/datapipeline/.env/lib/python3.8/site-packages/airflow/example_dags/example_dag_decorator.py
[2022-09-14T21:25:28.152-0300] {processor.py:640} INFO - Processing file /home/juliana/Área de Trabalho/datapipeline/.env/lib/python3.8/site-packages/airflow/example_dags/example_dag_decorator.py for tasks to queue
[2022-09-14T21:25:28.153-0300] {logging_mixin.py:115} INFO - [2022-09-14T21:25:28.153-0300] {dagbag.py:508} INFO - Filling up the DagBag from /home/juliana/Área de Trabalho/datapipeline/.env/lib/python3.8/site-packages/airflow/example_dags/example_dag_decorator.py
[2022-09-14T21:25:28.179-0300] {processor.py:650} INFO - DAG(s) dict_keys(['example_dag_decorator']) retrieved from /home/juliana/Área de Trabalho/datapipeline/.env/lib/python3.8/site-packages/airflow/example_dags/example_dag_decorator.py
[2022-09-14T21:25:28.195-0300] {logging_mixin.py:115} INFO - [2022-09-14T21:25:28.195-0300] {dag.py:2429} INFO - Sync 1 DAGs
[2022-09-14T21:25:28.210-0300] {logging_mixin.py:115} INFO - [2022-09-14T21:25:28.210-0300] {dag.py:2977} INFO - Setting next_dagrun for example_dag_decorator to None, run_after=None
[2022-09-14T21:25:28.224-0300] {processor.py:161} INFO - Processing /home/juliana/Área de Trabalho/datapipeline/.env/lib/python3.8/site-packages/airflow/example_dags/example_dag_decorator.py took 0.079 seconds
[2022-09-14T21:26:01.075-0300] {processor.py:153} INFO - Started process (PID=21632) to work on /home/juliana/Área de Trabalho/datapipeline/.env/lib/python3.8/site-packages/airflow/example_dags/example_dag_decorator.py
[2022-09-14T21:26:01.076-0300] {processor.py:640} INFO - Processing file /home/juliana/Área de Trabalho/datapipeline/.env/lib/python3.8/site-packages/airflow/example_dags/example_dag_decorator.py for tasks to queue
[2022-09-14T21:26:01.077-0300] {logging_mixin.py:115} INFO - [2022-09-14T21:26:01.077-0300] {dagbag.py:508} INFO - Filling up the DagBag from /home/juliana/Área de Trabalho/datapipeline/.env/lib/python3.8/site-packages/airflow/example_dags/example_dag_decorator.py
[2022-09-14T21:26:01.104-0300] {processor.py:650} INFO - DAG(s) dict_keys(['example_dag_decorator']) retrieved from /home/juliana/Área de Trabalho/datapipeline/.env/lib/python3.8/site-packages/airflow/example_dags/example_dag_decorator.py
[2022-09-14T21:26:01.123-0300] {logging_mixin.py:115} INFO - [2022-09-14T21:26:01.123-0300] {dag.py:2429} INFO - Sync 1 DAGs
[2022-09-14T21:26:01.141-0300] {logging_mixin.py:115} INFO - [2022-09-14T21:26:01.141-0300] {dag.py:2977} INFO - Setting next_dagrun for example_dag_decorator to None, run_after=None
[2022-09-14T21:26:01.177-0300] {processor.py:161} INFO - Processing /home/juliana/Área de Trabalho/datapipeline/.env/lib/python3.8/site-packages/airflow/example_dags/example_dag_decorator.py took 0.105 seconds
[2022-09-14T21:26:34.755-0300] {processor.py:153} INFO - Started process (PID=21668) to work on /home/juliana/Área de Trabalho/datapipeline/.env/lib/python3.8/site-packages/airflow/example_dags/example_dag_decorator.py
[2022-09-14T21:26:34.756-0300] {processor.py:640} INFO - Processing file /home/juliana/Área de Trabalho/datapipeline/.env/lib/python3.8/site-packages/airflow/example_dags/example_dag_decorator.py for tasks to queue
[2022-09-14T21:26:34.757-0300] {logging_mixin.py:115} INFO - [2022-09-14T21:26:34.757-0300] {dagbag.py:508} INFO - Filling up the DagBag from /home/juliana/Área de Trabalho/datapipeline/.env/lib/python3.8/site-packages/airflow/example_dags/example_dag_decorator.py
[2022-09-14T21:26:34.777-0300] {processor.py:650} INFO - DAG(s) dict_keys(['example_dag_decorator']) retrieved from /home/juliana/Área de Trabalho/datapipeline/.env/lib/python3.8/site-packages/airflow/example_dags/example_dag_decorator.py
[2022-09-14T21:26:34.795-0300] {logging_mixin.py:115} INFO - [2022-09-14T21:26:34.795-0300] {dag.py:2429} INFO - Sync 1 DAGs
[2022-09-14T21:26:34.811-0300] {logging_mixin.py:115} INFO - [2022-09-14T21:26:34.811-0300] {dag.py:2977} INFO - Setting next_dagrun for example_dag_decorator to None, run_after=None
[2022-09-14T21:26:34.831-0300] {processor.py:161} INFO - Processing /home/juliana/Área de Trabalho/datapipeline/.env/lib/python3.8/site-packages/airflow/example_dags/example_dag_decorator.py took 0.079 seconds
[2022-09-14T21:27:13.419-0300] {processor.py:153} INFO - Started process (PID=21716) to work on /home/juliana/Área de Trabalho/datapipeline/.env/lib/python3.8/site-packages/airflow/example_dags/example_dag_decorator.py
[2022-09-14T21:27:13.425-0300] {processor.py:640} INFO - Processing file /home/juliana/Área de Trabalho/datapipeline/.env/lib/python3.8/site-packages/airflow/example_dags/example_dag_decorator.py for tasks to queue
[2022-09-14T21:27:13.426-0300] {logging_mixin.py:115} INFO - [2022-09-14T21:27:13.426-0300] {dagbag.py:508} INFO - Filling up the DagBag from /home/juliana/Área de Trabalho/datapipeline/.env/lib/python3.8/site-packages/airflow/example_dags/example_dag_decorator.py
[2022-09-14T21:27:13.453-0300] {processor.py:650} INFO - DAG(s) dict_keys(['example_dag_decorator']) retrieved from /home/juliana/Área de Trabalho/datapipeline/.env/lib/python3.8/site-packages/airflow/example_dags/example_dag_decorator.py
[2022-09-14T21:27:13.513-0300] {logging_mixin.py:115} INFO - [2022-09-14T21:27:13.513-0300] {dag.py:2429} INFO - Sync 1 DAGs
[2022-09-14T21:27:13.541-0300] {logging_mixin.py:115} INFO - [2022-09-14T21:27:13.541-0300] {dag.py:2977} INFO - Setting next_dagrun for example_dag_decorator to None, run_after=None
[2022-09-14T21:27:13.558-0300] {processor.py:161} INFO - Processing /home/juliana/Área de Trabalho/datapipeline/.env/lib/python3.8/site-packages/airflow/example_dags/example_dag_decorator.py took 0.141 seconds
[2022-09-14T21:36:00.164-0300] {processor.py:153} INFO - Started process (PID=21891) to work on /home/juliana/Área de Trabalho/datapipeline/.env/lib/python3.8/site-packages/airflow/example_dags/example_dag_decorator.py
[2022-09-14T21:36:00.178-0300] {processor.py:640} INFO - Processing file /home/juliana/Área de Trabalho/datapipeline/.env/lib/python3.8/site-packages/airflow/example_dags/example_dag_decorator.py for tasks to queue
[2022-09-14T21:36:00.180-0300] {logging_mixin.py:115} INFO - [2022-09-14T21:36:00.179-0300] {dagbag.py:508} INFO - Filling up the DagBag from /home/juliana/Área de Trabalho/datapipeline/.env/lib/python3.8/site-packages/airflow/example_dags/example_dag_decorator.py
[2022-09-14T21:36:01.776-0300] {processor.py:650} INFO - DAG(s) dict_keys(['example_dag_decorator']) retrieved from /home/juliana/Área de Trabalho/datapipeline/.env/lib/python3.8/site-packages/airflow/example_dags/example_dag_decorator.py
[2022-09-14T21:36:06.446-0300] {logging_mixin.py:115} INFO - [2022-09-14T21:36:06.226-0300] {dag.py:2429} INFO - Sync 1 DAGs
[2022-09-14T21:36:10.810-0300] {logging_mixin.py:115} INFO - [2022-09-14T21:36:10.691-0300] {dag.py:2977} INFO - Setting next_dagrun for example_dag_decorator to None, run_after=None
[2022-09-14T21:36:17.598-0300] {processor.py:161} INFO - Processing /home/juliana/Área de Trabalho/datapipeline/.env/lib/python3.8/site-packages/airflow/example_dags/example_dag_decorator.py took 17.446 seconds
[2022-09-15T13:35:39.497-0300] {processor.py:153} INFO - Started process (PID=7309) to work on /home/juliana/Área de Trabalho/datapipeline/.env/lib/python3.8/site-packages/airflow/example_dags/example_dag_decorator.py
[2022-09-15T13:35:39.503-0300] {processor.py:640} INFO - Processing file /home/juliana/Área de Trabalho/datapipeline/.env/lib/python3.8/site-packages/airflow/example_dags/example_dag_decorator.py for tasks to queue
[2022-09-15T13:35:39.504-0300] {logging_mixin.py:115} INFO - [2022-09-15T13:35:39.504-0300] {dagbag.py:508} INFO - Filling up the DagBag from /home/juliana/Área de Trabalho/datapipeline/.env/lib/python3.8/site-packages/airflow/example_dags/example_dag_decorator.py
[2022-09-15T13:35:39.602-0300] {processor.py:650} INFO - DAG(s) dict_keys(['example_dag_decorator']) retrieved from /home/juliana/Área de Trabalho/datapipeline/.env/lib/python3.8/site-packages/airflow/example_dags/example_dag_decorator.py
[2022-09-15T13:35:39.899-0300] {logging_mixin.py:115} INFO - [2022-09-15T13:35:39.899-0300] {dag.py:2429} INFO - Sync 1 DAGs
[2022-09-15T13:35:40.010-0300] {logging_mixin.py:115} INFO - [2022-09-15T13:35:40.010-0300] {dag.py:2977} INFO - Setting next_dagrun for example_dag_decorator to None, run_after=None
[2022-09-15T13:35:40.071-0300] {processor.py:161} INFO - Processing /home/juliana/Área de Trabalho/datapipeline/.env/lib/python3.8/site-packages/airflow/example_dags/example_dag_decorator.py took 0.583 seconds
[2022-09-15T13:36:22.645-0300] {processor.py:153} INFO - Started process (PID=7475) to work on /home/juliana/Área de Trabalho/datapipeline/.env/lib/python3.8/site-packages/airflow/example_dags/example_dag_decorator.py
[2022-09-15T13:36:22.665-0300] {processor.py:640} INFO - Processing file /home/juliana/Área de Trabalho/datapipeline/.env/lib/python3.8/site-packages/airflow/example_dags/example_dag_decorator.py for tasks to queue
[2022-09-15T13:36:22.667-0300] {logging_mixin.py:115} INFO - [2022-09-15T13:36:22.667-0300] {dagbag.py:508} INFO - Filling up the DagBag from /home/juliana/Área de Trabalho/datapipeline/.env/lib/python3.8/site-packages/airflow/example_dags/example_dag_decorator.py
[2022-09-15T13:36:22.711-0300] {processor.py:650} INFO - DAG(s) dict_keys(['example_dag_decorator']) retrieved from /home/juliana/Área de Trabalho/datapipeline/.env/lib/python3.8/site-packages/airflow/example_dags/example_dag_decorator.py
[2022-09-15T13:36:22.764-0300] {logging_mixin.py:115} INFO - [2022-09-15T13:36:22.764-0300] {dag.py:2429} INFO - Sync 1 DAGs
[2022-09-15T13:36:22.777-0300] {logging_mixin.py:115} INFO - [2022-09-15T13:36:22.777-0300] {dag.py:2977} INFO - Setting next_dagrun for example_dag_decorator to None, run_after=None
[2022-09-15T13:36:22.797-0300] {processor.py:161} INFO - Processing /home/juliana/Área de Trabalho/datapipeline/.env/lib/python3.8/site-packages/airflow/example_dags/example_dag_decorator.py took 0.157 seconds
[2022-09-15T13:37:01.657-0300] {processor.py:153} INFO - Started process (PID=7623) to work on /home/juliana/Área de Trabalho/datapipeline/.env/lib/python3.8/site-packages/airflow/example_dags/example_dag_decorator.py
[2022-09-15T13:37:01.659-0300] {processor.py:640} INFO - Processing file /home/juliana/Área de Trabalho/datapipeline/.env/lib/python3.8/site-packages/airflow/example_dags/example_dag_decorator.py for tasks to queue
[2022-09-15T13:37:01.661-0300] {logging_mixin.py:115} INFO - [2022-09-15T13:37:01.660-0300] {dagbag.py:508} INFO - Filling up the DagBag from /home/juliana/Área de Trabalho/datapipeline/.env/lib/python3.8/site-packages/airflow/example_dags/example_dag_decorator.py
[2022-09-15T13:37:01.704-0300] {processor.py:650} INFO - DAG(s) dict_keys(['example_dag_decorator']) retrieved from /home/juliana/Área de Trabalho/datapipeline/.env/lib/python3.8/site-packages/airflow/example_dags/example_dag_decorator.py
[2022-09-15T13:37:01.722-0300] {logging_mixin.py:115} INFO - [2022-09-15T13:37:01.722-0300] {dag.py:2429} INFO - Sync 1 DAGs
[2022-09-15T13:37:01.737-0300] {logging_mixin.py:115} INFO - [2022-09-15T13:37:01.737-0300] {dag.py:2977} INFO - Setting next_dagrun for example_dag_decorator to None, run_after=None
[2022-09-15T13:37:01.755-0300] {processor.py:161} INFO - Processing /home/juliana/Área de Trabalho/datapipeline/.env/lib/python3.8/site-packages/airflow/example_dags/example_dag_decorator.py took 0.104 seconds
[2022-09-15T13:37:40.300-0300] {processor.py:153} INFO - Started process (PID=7762) to work on /home/juliana/Área de Trabalho/datapipeline/.env/lib/python3.8/site-packages/airflow/example_dags/example_dag_decorator.py
[2022-09-15T13:37:40.302-0300] {processor.py:640} INFO - Processing file /home/juliana/Área de Trabalho/datapipeline/.env/lib/python3.8/site-packages/airflow/example_dags/example_dag_decorator.py for tasks to queue
[2022-09-15T13:37:40.303-0300] {logging_mixin.py:115} INFO - [2022-09-15T13:37:40.303-0300] {dagbag.py:508} INFO - Filling up the DagBag from /home/juliana/Área de Trabalho/datapipeline/.env/lib/python3.8/site-packages/airflow/example_dags/example_dag_decorator.py
[2022-09-15T13:37:40.347-0300] {processor.py:650} INFO - DAG(s) dict_keys(['example_dag_decorator']) retrieved from /home/juliana/Área de Trabalho/datapipeline/.env/lib/python3.8/site-packages/airflow/example_dags/example_dag_decorator.py
[2022-09-15T13:37:40.387-0300] {logging_mixin.py:115} INFO - [2022-09-15T13:37:40.387-0300] {dag.py:2429} INFO - Sync 1 DAGs
[2022-09-15T13:37:40.415-0300] {logging_mixin.py:115} INFO - [2022-09-15T13:37:40.415-0300] {dag.py:2977} INFO - Setting next_dagrun for example_dag_decorator to None, run_after=None
[2022-09-15T13:37:40.514-0300] {processor.py:161} INFO - Processing /home/juliana/Área de Trabalho/datapipeline/.env/lib/python3.8/site-packages/airflow/example_dags/example_dag_decorator.py took 0.218 seconds
[2022-09-15T13:38:20.520-0300] {processor.py:153} INFO - Started process (PID=7900) to work on /home/juliana/Área de Trabalho/datapipeline/.env/lib/python3.8/site-packages/airflow/example_dags/example_dag_decorator.py
[2022-09-15T13:38:20.526-0300] {processor.py:640} INFO - Processing file /home/juliana/Área de Trabalho/datapipeline/.env/lib/python3.8/site-packages/airflow/example_dags/example_dag_decorator.py for tasks to queue
[2022-09-15T13:38:20.528-0300] {logging_mixin.py:115} INFO - [2022-09-15T13:38:20.528-0300] {dagbag.py:508} INFO - Filling up the DagBag from /home/juliana/Área de Trabalho/datapipeline/.env/lib/python3.8/site-packages/airflow/example_dags/example_dag_decorator.py
[2022-09-15T13:38:20.577-0300] {processor.py:650} INFO - DAG(s) dict_keys(['example_dag_decorator']) retrieved from /home/juliana/Área de Trabalho/datapipeline/.env/lib/python3.8/site-packages/airflow/example_dags/example_dag_decorator.py
[2022-09-15T13:38:20.622-0300] {logging_mixin.py:115} INFO - [2022-09-15T13:38:20.622-0300] {dag.py:2429} INFO - Sync 1 DAGs
[2022-09-15T13:38:20.637-0300] {logging_mixin.py:115} INFO - [2022-09-15T13:38:20.637-0300] {dag.py:2977} INFO - Setting next_dagrun for example_dag_decorator to None, run_after=None
[2022-09-15T13:38:20.778-0300] {processor.py:161} INFO - Processing /home/juliana/Área de Trabalho/datapipeline/.env/lib/python3.8/site-packages/airflow/example_dags/example_dag_decorator.py took 0.263 seconds
[2022-09-15T13:39:06.032-0300] {processor.py:153} INFO - Started process (PID=8053) to work on /home/juliana/Área de Trabalho/datapipeline/.env/lib/python3.8/site-packages/airflow/example_dags/example_dag_decorator.py
[2022-09-15T13:39:06.035-0300] {processor.py:640} INFO - Processing file /home/juliana/Área de Trabalho/datapipeline/.env/lib/python3.8/site-packages/airflow/example_dags/example_dag_decorator.py for tasks to queue
[2022-09-15T13:39:06.036-0300] {logging_mixin.py:115} INFO - [2022-09-15T13:39:06.036-0300] {dagbag.py:508} INFO - Filling up the DagBag from /home/juliana/Área de Trabalho/datapipeline/.env/lib/python3.8/site-packages/airflow/example_dags/example_dag_decorator.py
[2022-09-15T13:39:06.075-0300] {processor.py:650} INFO - DAG(s) dict_keys(['example_dag_decorator']) retrieved from /home/juliana/Área de Trabalho/datapipeline/.env/lib/python3.8/site-packages/airflow/example_dags/example_dag_decorator.py
[2022-09-15T13:39:06.146-0300] {logging_mixin.py:115} INFO - [2022-09-15T13:39:06.146-0300] {dag.py:2429} INFO - Sync 1 DAGs
[2022-09-15T13:39:06.173-0300] {logging_mixin.py:115} INFO - [2022-09-15T13:39:06.172-0300] {dag.py:2977} INFO - Setting next_dagrun for example_dag_decorator to None, run_after=None
[2022-09-15T13:39:06.197-0300] {processor.py:161} INFO - Processing /home/juliana/Área de Trabalho/datapipeline/.env/lib/python3.8/site-packages/airflow/example_dags/example_dag_decorator.py took 0.169 seconds
[2022-09-15T13:39:45.337-0300] {processor.py:153} INFO - Started process (PID=8185) to work on /home/juliana/Área de Trabalho/datapipeline/.env/lib/python3.8/site-packages/airflow/example_dags/example_dag_decorator.py
[2022-09-15T13:39:45.339-0300] {processor.py:640} INFO - Processing file /home/juliana/Área de Trabalho/datapipeline/.env/lib/python3.8/site-packages/airflow/example_dags/example_dag_decorator.py for tasks to queue
[2022-09-15T13:39:45.340-0300] {logging_mixin.py:115} INFO - [2022-09-15T13:39:45.340-0300] {dagbag.py:508} INFO - Filling up the DagBag from /home/juliana/Área de Trabalho/datapipeline/.env/lib/python3.8/site-packages/airflow/example_dags/example_dag_decorator.py
[2022-09-15T13:39:45.379-0300] {processor.py:650} INFO - DAG(s) dict_keys(['example_dag_decorator']) retrieved from /home/juliana/Área de Trabalho/datapipeline/.env/lib/python3.8/site-packages/airflow/example_dags/example_dag_decorator.py
[2022-09-15T13:39:45.437-0300] {logging_mixin.py:115} INFO - [2022-09-15T13:39:45.437-0300] {dag.py:2429} INFO - Sync 1 DAGs
[2022-09-15T13:39:45.450-0300] {logging_mixin.py:115} INFO - [2022-09-15T13:39:45.450-0300] {dag.py:2977} INFO - Setting next_dagrun for example_dag_decorator to None, run_after=None
[2022-09-15T13:39:45.734-0300] {processor.py:161} INFO - Processing /home/juliana/Área de Trabalho/datapipeline/.env/lib/python3.8/site-packages/airflow/example_dags/example_dag_decorator.py took 0.401 seconds
[2022-09-15T13:40:23.244-0300] {processor.py:153} INFO - Started process (PID=8318) to work on /home/juliana/Área de Trabalho/datapipeline/.env/lib/python3.8/site-packages/airflow/example_dags/example_dag_decorator.py
[2022-09-15T13:40:23.247-0300] {processor.py:640} INFO - Processing file /home/juliana/Área de Trabalho/datapipeline/.env/lib/python3.8/site-packages/airflow/example_dags/example_dag_decorator.py for tasks to queue
[2022-09-15T13:40:23.249-0300] {logging_mixin.py:115} INFO - [2022-09-15T13:40:23.248-0300] {dagbag.py:508} INFO - Filling up the DagBag from /home/juliana/Área de Trabalho/datapipeline/.env/lib/python3.8/site-packages/airflow/example_dags/example_dag_decorator.py
[2022-09-15T13:40:23.314-0300] {processor.py:650} INFO - DAG(s) dict_keys(['example_dag_decorator']) retrieved from /home/juliana/Área de Trabalho/datapipeline/.env/lib/python3.8/site-packages/airflow/example_dags/example_dag_decorator.py
[2022-09-15T13:40:23.378-0300] {logging_mixin.py:115} INFO - [2022-09-15T13:40:23.378-0300] {dag.py:2429} INFO - Sync 1 DAGs
[2022-09-15T13:40:23.392-0300] {logging_mixin.py:115} INFO - [2022-09-15T13:40:23.391-0300] {dag.py:2977} INFO - Setting next_dagrun for example_dag_decorator to None, run_after=None
[2022-09-15T13:40:23.411-0300] {processor.py:161} INFO - Processing /home/juliana/Área de Trabalho/datapipeline/.env/lib/python3.8/site-packages/airflow/example_dags/example_dag_decorator.py took 0.173 seconds
[2022-09-15T13:41:01.439-0300] {processor.py:153} INFO - Started process (PID=8463) to work on /home/juliana/Área de Trabalho/datapipeline/.env/lib/python3.8/site-packages/airflow/example_dags/example_dag_decorator.py
[2022-09-15T13:41:01.446-0300] {processor.py:640} INFO - Processing file /home/juliana/Área de Trabalho/datapipeline/.env/lib/python3.8/site-packages/airflow/example_dags/example_dag_decorator.py for tasks to queue
[2022-09-15T13:41:01.447-0300] {logging_mixin.py:115} INFO - [2022-09-15T13:41:01.447-0300] {dagbag.py:508} INFO - Filling up the DagBag from /home/juliana/Área de Trabalho/datapipeline/.env/lib/python3.8/site-packages/airflow/example_dags/example_dag_decorator.py
[2022-09-15T13:41:01.493-0300] {processor.py:650} INFO - DAG(s) dict_keys(['example_dag_decorator']) retrieved from /home/juliana/Área de Trabalho/datapipeline/.env/lib/python3.8/site-packages/airflow/example_dags/example_dag_decorator.py
[2022-09-15T13:41:01.534-0300] {logging_mixin.py:115} INFO - [2022-09-15T13:41:01.534-0300] {dag.py:2429} INFO - Sync 1 DAGs
[2022-09-15T13:41:01.546-0300] {logging_mixin.py:115} INFO - [2022-09-15T13:41:01.546-0300] {dag.py:2977} INFO - Setting next_dagrun for example_dag_decorator to None, run_after=None
[2022-09-15T13:41:01.635-0300] {processor.py:161} INFO - Processing /home/juliana/Área de Trabalho/datapipeline/.env/lib/python3.8/site-packages/airflow/example_dags/example_dag_decorator.py took 0.200 seconds
[2022-09-15T13:41:42.139-0300] {processor.py:153} INFO - Started process (PID=8610) to work on /home/juliana/Área de Trabalho/datapipeline/.env/lib/python3.8/site-packages/airflow/example_dags/example_dag_decorator.py
[2022-09-15T13:41:42.154-0300] {processor.py:640} INFO - Processing file /home/juliana/Área de Trabalho/datapipeline/.env/lib/python3.8/site-packages/airflow/example_dags/example_dag_decorator.py for tasks to queue
[2022-09-15T13:41:42.156-0300] {logging_mixin.py:115} INFO - [2022-09-15T13:41:42.155-0300] {dagbag.py:508} INFO - Filling up the DagBag from /home/juliana/Área de Trabalho/datapipeline/.env/lib/python3.8/site-packages/airflow/example_dags/example_dag_decorator.py
[2022-09-15T13:41:42.190-0300] {processor.py:650} INFO - DAG(s) dict_keys(['example_dag_decorator']) retrieved from /home/juliana/Área de Trabalho/datapipeline/.env/lib/python3.8/site-packages/airflow/example_dags/example_dag_decorator.py
[2022-09-15T13:41:42.232-0300] {logging_mixin.py:115} INFO - [2022-09-15T13:41:42.231-0300] {dag.py:2429} INFO - Sync 1 DAGs
[2022-09-15T13:41:42.243-0300] {logging_mixin.py:115} INFO - [2022-09-15T13:41:42.243-0300] {dag.py:2977} INFO - Setting next_dagrun for example_dag_decorator to None, run_after=None
[2022-09-15T13:41:42.274-0300] {processor.py:161} INFO - Processing /home/juliana/Área de Trabalho/datapipeline/.env/lib/python3.8/site-packages/airflow/example_dags/example_dag_decorator.py took 0.140 seconds
[2022-09-15T13:42:24.506-0300] {processor.py:153} INFO - Started process (PID=8770) to work on /home/juliana/Área de Trabalho/datapipeline/.env/lib/python3.8/site-packages/airflow/example_dags/example_dag_decorator.py
[2022-09-15T13:42:24.510-0300] {processor.py:640} INFO - Processing file /home/juliana/Área de Trabalho/datapipeline/.env/lib/python3.8/site-packages/airflow/example_dags/example_dag_decorator.py for tasks to queue
[2022-09-15T13:42:24.511-0300] {logging_mixin.py:115} INFO - [2022-09-15T13:42:24.511-0300] {dagbag.py:508} INFO - Filling up the DagBag from /home/juliana/Área de Trabalho/datapipeline/.env/lib/python3.8/site-packages/airflow/example_dags/example_dag_decorator.py
[2022-09-15T13:42:24.550-0300] {processor.py:650} INFO - DAG(s) dict_keys(['example_dag_decorator']) retrieved from /home/juliana/Área de Trabalho/datapipeline/.env/lib/python3.8/site-packages/airflow/example_dags/example_dag_decorator.py
[2022-09-15T13:42:24.570-0300] {logging_mixin.py:115} INFO - [2022-09-15T13:42:24.570-0300] {dag.py:2429} INFO - Sync 1 DAGs
[2022-09-15T13:42:24.586-0300] {logging_mixin.py:115} INFO - [2022-09-15T13:42:24.586-0300] {dag.py:2977} INFO - Setting next_dagrun for example_dag_decorator to None, run_after=None
[2022-09-15T13:42:24.604-0300] {processor.py:161} INFO - Processing /home/juliana/Área de Trabalho/datapipeline/.env/lib/python3.8/site-packages/airflow/example_dags/example_dag_decorator.py took 0.103 seconds
[2022-09-15T13:43:08.812-0300] {processor.py:153} INFO - Started process (PID=8909) to work on /home/juliana/Área de Trabalho/datapipeline/.env/lib/python3.8/site-packages/airflow/example_dags/example_dag_decorator.py
[2022-09-15T13:43:08.816-0300] {processor.py:640} INFO - Processing file /home/juliana/Área de Trabalho/datapipeline/.env/lib/python3.8/site-packages/airflow/example_dags/example_dag_decorator.py for tasks to queue
[2022-09-15T13:43:08.817-0300] {logging_mixin.py:115} INFO - [2022-09-15T13:43:08.816-0300] {dagbag.py:508} INFO - Filling up the DagBag from /home/juliana/Área de Trabalho/datapipeline/.env/lib/python3.8/site-packages/airflow/example_dags/example_dag_decorator.py
[2022-09-15T13:43:08.905-0300] {processor.py:650} INFO - DAG(s) dict_keys(['example_dag_decorator']) retrieved from /home/juliana/Área de Trabalho/datapipeline/.env/lib/python3.8/site-packages/airflow/example_dags/example_dag_decorator.py
[2022-09-15T13:43:08.956-0300] {logging_mixin.py:115} INFO - [2022-09-15T13:43:08.956-0300] {dag.py:2429} INFO - Sync 1 DAGs
[2022-09-15T13:43:09.017-0300] {logging_mixin.py:115} INFO - [2022-09-15T13:43:09.017-0300] {dag.py:2977} INFO - Setting next_dagrun for example_dag_decorator to None, run_after=None
[2022-09-15T13:43:09.057-0300] {processor.py:161} INFO - Processing /home/juliana/Área de Trabalho/datapipeline/.env/lib/python3.8/site-packages/airflow/example_dags/example_dag_decorator.py took 0.254 seconds
