[2022-09-14T21:00:28.265-0300] {processor.py:153} INFO - Started process (PID=19992) to work on /home/juliana/Área de Trabalho/datapipeline/.env/lib/python3.8/site-packages/airflow/example_dags/example_nested_branch_dag.py
[2022-09-14T21:00:28.266-0300] {processor.py:640} INFO - Processing file /home/juliana/Área de Trabalho/datapipeline/.env/lib/python3.8/site-packages/airflow/example_dags/example_nested_branch_dag.py for tasks to queue
[2022-09-14T21:00:28.267-0300] {logging_mixin.py:115} INFO - [2022-09-14T21:00:28.267-0300] {dagbag.py:508} INFO - Filling up the DagBag from /home/juliana/Área de Trabalho/datapipeline/.env/lib/python3.8/site-packages/airflow/example_dags/example_nested_branch_dag.py
[2022-09-14T21:00:28.283-0300] {processor.py:650} INFO - DAG(s) dict_keys(['example_nested_branch_dag']) retrieved from /home/juliana/Área de Trabalho/datapipeline/.env/lib/python3.8/site-packages/airflow/example_dags/example_nested_branch_dag.py
[2022-09-14T21:00:28.301-0300] {logging_mixin.py:115} INFO - [2022-09-14T21:00:28.300-0300] {dag.py:2429} INFO - Sync 1 DAGs
[2022-09-14T21:00:28.317-0300] {logging_mixin.py:115} INFO - [2022-09-14T21:00:28.317-0300] {dag.py:2977} INFO - Setting next_dagrun for example_nested_branch_dag to 2022-09-14T00:00:00+00:00, run_after=2022-09-15T00:00:00+00:00
[2022-09-14T21:00:28.337-0300] {processor.py:161} INFO - Processing /home/juliana/Área de Trabalho/datapipeline/.env/lib/python3.8/site-packages/airflow/example_dags/example_nested_branch_dag.py took 0.078 seconds
[2022-09-14T21:00:58.587-0300] {processor.py:153} INFO - Started process (PID=20024) to work on /home/juliana/Área de Trabalho/datapipeline/.env/lib/python3.8/site-packages/airflow/example_dags/example_nested_branch_dag.py
[2022-09-14T21:00:58.588-0300] {processor.py:640} INFO - Processing file /home/juliana/Área de Trabalho/datapipeline/.env/lib/python3.8/site-packages/airflow/example_dags/example_nested_branch_dag.py for tasks to queue
[2022-09-14T21:00:58.590-0300] {logging_mixin.py:115} INFO - [2022-09-14T21:00:58.590-0300] {dagbag.py:508} INFO - Filling up the DagBag from /home/juliana/Área de Trabalho/datapipeline/.env/lib/python3.8/site-packages/airflow/example_dags/example_nested_branch_dag.py
[2022-09-14T21:00:58.613-0300] {processor.py:650} INFO - DAG(s) dict_keys(['example_nested_branch_dag']) retrieved from /home/juliana/Área de Trabalho/datapipeline/.env/lib/python3.8/site-packages/airflow/example_dags/example_nested_branch_dag.py
[2022-09-14T21:00:58.632-0300] {logging_mixin.py:115} INFO - [2022-09-14T21:00:58.632-0300] {dag.py:2429} INFO - Sync 1 DAGs
[2022-09-14T21:00:58.651-0300] {logging_mixin.py:115} INFO - [2022-09-14T21:00:58.651-0300] {dag.py:2977} INFO - Setting next_dagrun for example_nested_branch_dag to 2022-09-14T00:00:00+00:00, run_after=2022-09-15T00:00:00+00:00
[2022-09-14T21:00:58.667-0300] {processor.py:161} INFO - Processing /home/juliana/Área de Trabalho/datapipeline/.env/lib/python3.8/site-packages/airflow/example_dags/example_nested_branch_dag.py took 0.086 seconds
[2022-09-14T21:01:30.506-0300] {processor.py:153} INFO - Started process (PID=20056) to work on /home/juliana/Área de Trabalho/datapipeline/.env/lib/python3.8/site-packages/airflow/example_dags/example_nested_branch_dag.py
[2022-09-14T21:01:30.508-0300] {processor.py:640} INFO - Processing file /home/juliana/Área de Trabalho/datapipeline/.env/lib/python3.8/site-packages/airflow/example_dags/example_nested_branch_dag.py for tasks to queue
[2022-09-14T21:01:30.509-0300] {logging_mixin.py:115} INFO - [2022-09-14T21:01:30.509-0300] {dagbag.py:508} INFO - Filling up the DagBag from /home/juliana/Área de Trabalho/datapipeline/.env/lib/python3.8/site-packages/airflow/example_dags/example_nested_branch_dag.py
[2022-09-14T21:01:30.530-0300] {processor.py:650} INFO - DAG(s) dict_keys(['example_nested_branch_dag']) retrieved from /home/juliana/Área de Trabalho/datapipeline/.env/lib/python3.8/site-packages/airflow/example_dags/example_nested_branch_dag.py
[2022-09-14T21:01:30.547-0300] {logging_mixin.py:115} INFO - [2022-09-14T21:01:30.547-0300] {dag.py:2429} INFO - Sync 1 DAGs
[2022-09-14T21:01:30.564-0300] {logging_mixin.py:115} INFO - [2022-09-14T21:01:30.564-0300] {dag.py:2977} INFO - Setting next_dagrun for example_nested_branch_dag to 2022-09-14T00:00:00+00:00, run_after=2022-09-15T00:00:00+00:00
[2022-09-14T21:01:30.580-0300] {processor.py:161} INFO - Processing /home/juliana/Área de Trabalho/datapipeline/.env/lib/python3.8/site-packages/airflow/example_dags/example_nested_branch_dag.py took 0.079 seconds
[2022-09-14T21:02:01.014-0300] {processor.py:153} INFO - Started process (PID=20088) to work on /home/juliana/Área de Trabalho/datapipeline/.env/lib/python3.8/site-packages/airflow/example_dags/example_nested_branch_dag.py
[2022-09-14T21:02:01.015-0300] {processor.py:640} INFO - Processing file /home/juliana/Área de Trabalho/datapipeline/.env/lib/python3.8/site-packages/airflow/example_dags/example_nested_branch_dag.py for tasks to queue
[2022-09-14T21:02:01.016-0300] {logging_mixin.py:115} INFO - [2022-09-14T21:02:01.015-0300] {dagbag.py:508} INFO - Filling up the DagBag from /home/juliana/Área de Trabalho/datapipeline/.env/lib/python3.8/site-packages/airflow/example_dags/example_nested_branch_dag.py
[2022-09-14T21:02:01.025-0300] {processor.py:650} INFO - DAG(s) dict_keys(['example_nested_branch_dag']) retrieved from /home/juliana/Área de Trabalho/datapipeline/.env/lib/python3.8/site-packages/airflow/example_dags/example_nested_branch_dag.py
[2022-09-14T21:02:01.039-0300] {logging_mixin.py:115} INFO - [2022-09-14T21:02:01.039-0300] {dag.py:2429} INFO - Sync 1 DAGs
[2022-09-14T21:02:01.059-0300] {logging_mixin.py:115} INFO - [2022-09-14T21:02:01.059-0300] {dag.py:2977} INFO - Setting next_dagrun for example_nested_branch_dag to 2022-09-14T00:00:00+00:00, run_after=2022-09-15T00:00:00+00:00
[2022-09-14T21:02:01.086-0300] {processor.py:161} INFO - Processing /home/juliana/Área de Trabalho/datapipeline/.env/lib/python3.8/site-packages/airflow/example_dags/example_nested_branch_dag.py took 0.075 seconds
[2022-09-14T21:02:36.453-0300] {processor.py:153} INFO - Started process (PID=20153) to work on /home/juliana/Área de Trabalho/datapipeline/.env/lib/python3.8/site-packages/airflow/example_dags/example_nested_branch_dag.py
[2022-09-14T21:02:36.456-0300] {processor.py:640} INFO - Processing file /home/juliana/Área de Trabalho/datapipeline/.env/lib/python3.8/site-packages/airflow/example_dags/example_nested_branch_dag.py for tasks to queue
[2022-09-14T21:02:36.457-0300] {logging_mixin.py:115} INFO - [2022-09-14T21:02:36.457-0300] {dagbag.py:508} INFO - Filling up the DagBag from /home/juliana/Área de Trabalho/datapipeline/.env/lib/python3.8/site-packages/airflow/example_dags/example_nested_branch_dag.py
[2022-09-14T21:02:36.665-0300] {processor.py:650} INFO - DAG(s) dict_keys(['example_nested_branch_dag']) retrieved from /home/juliana/Área de Trabalho/datapipeline/.env/lib/python3.8/site-packages/airflow/example_dags/example_nested_branch_dag.py
[2022-09-14T21:02:37.142-0300] {logging_mixin.py:115} INFO - [2022-09-14T21:02:37.101-0300] {dag.py:2429} INFO - Sync 1 DAGs
[2022-09-14T21:02:37.590-0300] {logging_mixin.py:115} INFO - [2022-09-14T21:02:37.566-0300] {dag.py:2977} INFO - Setting next_dagrun for example_nested_branch_dag to 2022-09-14T00:00:00+00:00, run_after=2022-09-15T00:00:00+00:00
[2022-09-14T21:02:38.098-0300] {processor.py:161} INFO - Processing /home/juliana/Área de Trabalho/datapipeline/.env/lib/python3.8/site-packages/airflow/example_dags/example_nested_branch_dag.py took 1.657 seconds
[2022-09-14T21:03:28.429-0300] {processor.py:153} INFO - Started process (PID=20194) to work on /home/juliana/Área de Trabalho/datapipeline/.env/lib/python3.8/site-packages/airflow/example_dags/example_nested_branch_dag.py
[2022-09-14T21:03:28.438-0300] {processor.py:640} INFO - Processing file /home/juliana/Área de Trabalho/datapipeline/.env/lib/python3.8/site-packages/airflow/example_dags/example_nested_branch_dag.py for tasks to queue
[2022-09-14T21:03:28.439-0300] {logging_mixin.py:115} INFO - [2022-09-14T21:03:28.439-0300] {dagbag.py:508} INFO - Filling up the DagBag from /home/juliana/Área de Trabalho/datapipeline/.env/lib/python3.8/site-packages/airflow/example_dags/example_nested_branch_dag.py
[2022-09-14T21:03:28.455-0300] {processor.py:650} INFO - DAG(s) dict_keys(['example_nested_branch_dag']) retrieved from /home/juliana/Área de Trabalho/datapipeline/.env/lib/python3.8/site-packages/airflow/example_dags/example_nested_branch_dag.py
[2022-09-14T21:03:28.474-0300] {logging_mixin.py:115} INFO - [2022-09-14T21:03:28.474-0300] {dag.py:2429} INFO - Sync 1 DAGs
[2022-09-14T21:03:28.491-0300] {logging_mixin.py:115} INFO - [2022-09-14T21:03:28.491-0300] {dag.py:2977} INFO - Setting next_dagrun for example_nested_branch_dag to 2022-09-14T00:00:00+00:00, run_after=2022-09-15T00:00:00+00:00
[2022-09-14T21:03:28.508-0300] {processor.py:161} INFO - Processing /home/juliana/Área de Trabalho/datapipeline/.env/lib/python3.8/site-packages/airflow/example_dags/example_nested_branch_dag.py took 0.083 seconds
[2022-09-14T21:04:06.221-0300] {processor.py:153} INFO - Started process (PID=20228) to work on /home/juliana/Área de Trabalho/datapipeline/.env/lib/python3.8/site-packages/airflow/example_dags/example_nested_branch_dag.py
[2022-09-14T21:04:06.222-0300] {processor.py:640} INFO - Processing file /home/juliana/Área de Trabalho/datapipeline/.env/lib/python3.8/site-packages/airflow/example_dags/example_nested_branch_dag.py for tasks to queue
[2022-09-14T21:04:06.223-0300] {logging_mixin.py:115} INFO - [2022-09-14T21:04:06.223-0300] {dagbag.py:508} INFO - Filling up the DagBag from /home/juliana/Área de Trabalho/datapipeline/.env/lib/python3.8/site-packages/airflow/example_dags/example_nested_branch_dag.py
[2022-09-14T21:04:06.237-0300] {processor.py:650} INFO - DAG(s) dict_keys(['example_nested_branch_dag']) retrieved from /home/juliana/Área de Trabalho/datapipeline/.env/lib/python3.8/site-packages/airflow/example_dags/example_nested_branch_dag.py
[2022-09-14T21:04:06.255-0300] {logging_mixin.py:115} INFO - [2022-09-14T21:04:06.254-0300] {dag.py:2429} INFO - Sync 1 DAGs
[2022-09-14T21:04:06.272-0300] {logging_mixin.py:115} INFO - [2022-09-14T21:04:06.272-0300] {dag.py:2977} INFO - Setting next_dagrun for example_nested_branch_dag to 2022-09-14T00:00:00+00:00, run_after=2022-09-15T00:00:00+00:00
[2022-09-14T21:04:06.287-0300] {processor.py:161} INFO - Processing /home/juliana/Área de Trabalho/datapipeline/.env/lib/python3.8/site-packages/airflow/example_dags/example_nested_branch_dag.py took 0.069 seconds
[2022-09-14T21:04:41.034-0300] {processor.py:153} INFO - Started process (PID=20260) to work on /home/juliana/Área de Trabalho/datapipeline/.env/lib/python3.8/site-packages/airflow/example_dags/example_nested_branch_dag.py
[2022-09-14T21:04:41.040-0300] {processor.py:640} INFO - Processing file /home/juliana/Área de Trabalho/datapipeline/.env/lib/python3.8/site-packages/airflow/example_dags/example_nested_branch_dag.py for tasks to queue
[2022-09-14T21:04:41.041-0300] {logging_mixin.py:115} INFO - [2022-09-14T21:04:41.041-0300] {dagbag.py:508} INFO - Filling up the DagBag from /home/juliana/Área de Trabalho/datapipeline/.env/lib/python3.8/site-packages/airflow/example_dags/example_nested_branch_dag.py
[2022-09-14T21:04:41.119-0300] {processor.py:650} INFO - DAG(s) dict_keys(['example_nested_branch_dag']) retrieved from /home/juliana/Área de Trabalho/datapipeline/.env/lib/python3.8/site-packages/airflow/example_dags/example_nested_branch_dag.py
[2022-09-14T21:04:41.236-0300] {logging_mixin.py:115} INFO - [2022-09-14T21:04:41.236-0300] {dag.py:2429} INFO - Sync 1 DAGs
[2022-09-14T21:04:41.305-0300] {logging_mixin.py:115} INFO - [2022-09-14T21:04:41.298-0300] {dag.py:2977} INFO - Setting next_dagrun for example_nested_branch_dag to 2022-09-14T00:00:00+00:00, run_after=2022-09-15T00:00:00+00:00
[2022-09-14T21:04:41.668-0300] {processor.py:161} INFO - Processing /home/juliana/Área de Trabalho/datapipeline/.env/lib/python3.8/site-packages/airflow/example_dags/example_nested_branch_dag.py took 0.645 seconds
[2022-09-14T21:06:04.400-0300] {processor.py:153} INFO - Started process (PID=20305) to work on /home/juliana/Área de Trabalho/datapipeline/.env/lib/python3.8/site-packages/airflow/example_dags/example_nested_branch_dag.py
[2022-09-14T21:06:04.401-0300] {processor.py:640} INFO - Processing file /home/juliana/Área de Trabalho/datapipeline/.env/lib/python3.8/site-packages/airflow/example_dags/example_nested_branch_dag.py for tasks to queue
[2022-09-14T21:06:04.402-0300] {logging_mixin.py:115} INFO - [2022-09-14T21:06:04.402-0300] {dagbag.py:508} INFO - Filling up the DagBag from /home/juliana/Área de Trabalho/datapipeline/.env/lib/python3.8/site-packages/airflow/example_dags/example_nested_branch_dag.py
[2022-09-14T21:06:04.423-0300] {processor.py:650} INFO - DAG(s) dict_keys(['example_nested_branch_dag']) retrieved from /home/juliana/Área de Trabalho/datapipeline/.env/lib/python3.8/site-packages/airflow/example_dags/example_nested_branch_dag.py
[2022-09-14T21:06:04.441-0300] {logging_mixin.py:115} INFO - [2022-09-14T21:06:04.441-0300] {dag.py:2429} INFO - Sync 1 DAGs
[2022-09-14T21:06:04.458-0300] {logging_mixin.py:115} INFO - [2022-09-14T21:06:04.458-0300] {dag.py:2977} INFO - Setting next_dagrun for example_nested_branch_dag to 2022-09-14T00:00:00+00:00, run_after=2022-09-15T00:00:00+00:00
[2022-09-14T21:06:04.474-0300] {processor.py:161} INFO - Processing /home/juliana/Área de Trabalho/datapipeline/.env/lib/python3.8/site-packages/airflow/example_dags/example_nested_branch_dag.py took 0.078 seconds
[2022-09-14T21:06:37.711-0300] {processor.py:153} INFO - Started process (PID=20340) to work on /home/juliana/Área de Trabalho/datapipeline/.env/lib/python3.8/site-packages/airflow/example_dags/example_nested_branch_dag.py
[2022-09-14T21:06:37.713-0300] {processor.py:640} INFO - Processing file /home/juliana/Área de Trabalho/datapipeline/.env/lib/python3.8/site-packages/airflow/example_dags/example_nested_branch_dag.py for tasks to queue
[2022-09-14T21:06:37.714-0300] {logging_mixin.py:115} INFO - [2022-09-14T21:06:37.713-0300] {dagbag.py:508} INFO - Filling up the DagBag from /home/juliana/Área de Trabalho/datapipeline/.env/lib/python3.8/site-packages/airflow/example_dags/example_nested_branch_dag.py
[2022-09-14T21:06:37.733-0300] {processor.py:650} INFO - DAG(s) dict_keys(['example_nested_branch_dag']) retrieved from /home/juliana/Área de Trabalho/datapipeline/.env/lib/python3.8/site-packages/airflow/example_dags/example_nested_branch_dag.py
[2022-09-14T21:06:37.751-0300] {logging_mixin.py:115} INFO - [2022-09-14T21:06:37.750-0300] {dag.py:2429} INFO - Sync 1 DAGs
[2022-09-14T21:06:37.767-0300] {logging_mixin.py:115} INFO - [2022-09-14T21:06:37.766-0300] {dag.py:2977} INFO - Setting next_dagrun for example_nested_branch_dag to 2022-09-14T00:00:00+00:00, run_after=2022-09-15T00:00:00+00:00
[2022-09-14T21:06:37.783-0300] {processor.py:161} INFO - Processing /home/juliana/Área de Trabalho/datapipeline/.env/lib/python3.8/site-packages/airflow/example_dags/example_nested_branch_dag.py took 0.078 seconds
[2022-09-14T21:07:11.733-0300] {processor.py:153} INFO - Started process (PID=20374) to work on /home/juliana/Área de Trabalho/datapipeline/.env/lib/python3.8/site-packages/airflow/example_dags/example_nested_branch_dag.py
[2022-09-14T21:07:11.734-0300] {processor.py:640} INFO - Processing file /home/juliana/Área de Trabalho/datapipeline/.env/lib/python3.8/site-packages/airflow/example_dags/example_nested_branch_dag.py for tasks to queue
[2022-09-14T21:07:11.735-0300] {logging_mixin.py:115} INFO - [2022-09-14T21:07:11.735-0300] {dagbag.py:508} INFO - Filling up the DagBag from /home/juliana/Área de Trabalho/datapipeline/.env/lib/python3.8/site-packages/airflow/example_dags/example_nested_branch_dag.py
[2022-09-14T21:07:11.748-0300] {processor.py:650} INFO - DAG(s) dict_keys(['example_nested_branch_dag']) retrieved from /home/juliana/Área de Trabalho/datapipeline/.env/lib/python3.8/site-packages/airflow/example_dags/example_nested_branch_dag.py
[2022-09-14T21:07:11.765-0300] {logging_mixin.py:115} INFO - [2022-09-14T21:07:11.765-0300] {dag.py:2429} INFO - Sync 1 DAGs
[2022-09-14T21:07:11.785-0300] {logging_mixin.py:115} INFO - [2022-09-14T21:07:11.784-0300] {dag.py:2977} INFO - Setting next_dagrun for example_nested_branch_dag to 2022-09-14T00:00:00+00:00, run_after=2022-09-15T00:00:00+00:00
[2022-09-14T21:07:11.803-0300] {processor.py:161} INFO - Processing /home/juliana/Área de Trabalho/datapipeline/.env/lib/python3.8/site-packages/airflow/example_dags/example_nested_branch_dag.py took 0.073 seconds
[2022-09-14T21:07:45.553-0300] {processor.py:153} INFO - Started process (PID=20414) to work on /home/juliana/Área de Trabalho/datapipeline/.env/lib/python3.8/site-packages/airflow/example_dags/example_nested_branch_dag.py
[2022-09-14T21:07:45.555-0300] {processor.py:640} INFO - Processing file /home/juliana/Área de Trabalho/datapipeline/.env/lib/python3.8/site-packages/airflow/example_dags/example_nested_branch_dag.py for tasks to queue
[2022-09-14T21:07:45.556-0300] {logging_mixin.py:115} INFO - [2022-09-14T21:07:45.556-0300] {dagbag.py:508} INFO - Filling up the DagBag from /home/juliana/Área de Trabalho/datapipeline/.env/lib/python3.8/site-packages/airflow/example_dags/example_nested_branch_dag.py
[2022-09-14T21:07:45.572-0300] {processor.py:650} INFO - DAG(s) dict_keys(['example_nested_branch_dag']) retrieved from /home/juliana/Área de Trabalho/datapipeline/.env/lib/python3.8/site-packages/airflow/example_dags/example_nested_branch_dag.py
[2022-09-14T21:07:45.590-0300] {logging_mixin.py:115} INFO - [2022-09-14T21:07:45.590-0300] {dag.py:2429} INFO - Sync 1 DAGs
[2022-09-14T21:07:45.610-0300] {logging_mixin.py:115} INFO - [2022-09-14T21:07:45.609-0300] {dag.py:2977} INFO - Setting next_dagrun for example_nested_branch_dag to 2022-09-14T00:00:00+00:00, run_after=2022-09-15T00:00:00+00:00
[2022-09-14T21:07:45.630-0300] {processor.py:161} INFO - Processing /home/juliana/Área de Trabalho/datapipeline/.env/lib/python3.8/site-packages/airflow/example_dags/example_nested_branch_dag.py took 0.083 seconds
[2022-09-14T21:08:19.288-0300] {processor.py:153} INFO - Started process (PID=20451) to work on /home/juliana/Área de Trabalho/datapipeline/.env/lib/python3.8/site-packages/airflow/example_dags/example_nested_branch_dag.py
[2022-09-14T21:08:19.289-0300] {processor.py:640} INFO - Processing file /home/juliana/Área de Trabalho/datapipeline/.env/lib/python3.8/site-packages/airflow/example_dags/example_nested_branch_dag.py for tasks to queue
[2022-09-14T21:08:19.290-0300] {logging_mixin.py:115} INFO - [2022-09-14T21:08:19.290-0300] {dagbag.py:508} INFO - Filling up the DagBag from /home/juliana/Área de Trabalho/datapipeline/.env/lib/python3.8/site-packages/airflow/example_dags/example_nested_branch_dag.py
[2022-09-14T21:08:19.304-0300] {processor.py:650} INFO - DAG(s) dict_keys(['example_nested_branch_dag']) retrieved from /home/juliana/Área de Trabalho/datapipeline/.env/lib/python3.8/site-packages/airflow/example_dags/example_nested_branch_dag.py
[2022-09-14T21:08:19.321-0300] {logging_mixin.py:115} INFO - [2022-09-14T21:08:19.321-0300] {dag.py:2429} INFO - Sync 1 DAGs
[2022-09-14T21:08:19.338-0300] {logging_mixin.py:115} INFO - [2022-09-14T21:08:19.338-0300] {dag.py:2977} INFO - Setting next_dagrun for example_nested_branch_dag to 2022-09-14T00:00:00+00:00, run_after=2022-09-15T00:00:00+00:00
[2022-09-14T21:08:19.361-0300] {processor.py:161} INFO - Processing /home/juliana/Área de Trabalho/datapipeline/.env/lib/python3.8/site-packages/airflow/example_dags/example_nested_branch_dag.py took 0.076 seconds
[2022-09-14T21:08:51.463-0300] {processor.py:153} INFO - Started process (PID=20484) to work on /home/juliana/Área de Trabalho/datapipeline/.env/lib/python3.8/site-packages/airflow/example_dags/example_nested_branch_dag.py
[2022-09-14T21:08:51.464-0300] {processor.py:640} INFO - Processing file /home/juliana/Área de Trabalho/datapipeline/.env/lib/python3.8/site-packages/airflow/example_dags/example_nested_branch_dag.py for tasks to queue
[2022-09-14T21:08:51.464-0300] {logging_mixin.py:115} INFO - [2022-09-14T21:08:51.464-0300] {dagbag.py:508} INFO - Filling up the DagBag from /home/juliana/Área de Trabalho/datapipeline/.env/lib/python3.8/site-packages/airflow/example_dags/example_nested_branch_dag.py
[2022-09-14T21:08:51.477-0300] {processor.py:650} INFO - DAG(s) dict_keys(['example_nested_branch_dag']) retrieved from /home/juliana/Área de Trabalho/datapipeline/.env/lib/python3.8/site-packages/airflow/example_dags/example_nested_branch_dag.py
[2022-09-14T21:08:51.495-0300] {logging_mixin.py:115} INFO - [2022-09-14T21:08:51.495-0300] {dag.py:2429} INFO - Sync 1 DAGs
[2022-09-14T21:08:51.513-0300] {logging_mixin.py:115} INFO - [2022-09-14T21:08:51.513-0300] {dag.py:2977} INFO - Setting next_dagrun for example_nested_branch_dag to 2022-09-14T00:00:00+00:00, run_after=2022-09-15T00:00:00+00:00
[2022-09-14T21:08:51.530-0300] {processor.py:161} INFO - Processing /home/juliana/Área de Trabalho/datapipeline/.env/lib/python3.8/site-packages/airflow/example_dags/example_nested_branch_dag.py took 0.070 seconds
[2022-09-14T21:09:26.529-0300] {processor.py:153} INFO - Started process (PID=20520) to work on /home/juliana/Área de Trabalho/datapipeline/.env/lib/python3.8/site-packages/airflow/example_dags/example_nested_branch_dag.py
[2022-09-14T21:09:26.534-0300] {processor.py:640} INFO - Processing file /home/juliana/Área de Trabalho/datapipeline/.env/lib/python3.8/site-packages/airflow/example_dags/example_nested_branch_dag.py for tasks to queue
[2022-09-14T21:09:26.535-0300] {logging_mixin.py:115} INFO - [2022-09-14T21:09:26.535-0300] {dagbag.py:508} INFO - Filling up the DagBag from /home/juliana/Área de Trabalho/datapipeline/.env/lib/python3.8/site-packages/airflow/example_dags/example_nested_branch_dag.py
[2022-09-14T21:09:26.548-0300] {processor.py:650} INFO - DAG(s) dict_keys(['example_nested_branch_dag']) retrieved from /home/juliana/Área de Trabalho/datapipeline/.env/lib/python3.8/site-packages/airflow/example_dags/example_nested_branch_dag.py
[2022-09-14T21:09:26.564-0300] {logging_mixin.py:115} INFO - [2022-09-14T21:09:26.564-0300] {dag.py:2429} INFO - Sync 1 DAGs
[2022-09-14T21:09:26.580-0300] {logging_mixin.py:115} INFO - [2022-09-14T21:09:26.580-0300] {dag.py:2977} INFO - Setting next_dagrun for example_nested_branch_dag to 2022-09-14T00:00:00+00:00, run_after=2022-09-15T00:00:00+00:00
[2022-09-14T21:09:26.597-0300] {processor.py:161} INFO - Processing /home/juliana/Área de Trabalho/datapipeline/.env/lib/python3.8/site-packages/airflow/example_dags/example_nested_branch_dag.py took 0.077 seconds
[2022-09-14T21:09:57.331-0300] {processor.py:153} INFO - Started process (PID=20552) to work on /home/juliana/Área de Trabalho/datapipeline/.env/lib/python3.8/site-packages/airflow/example_dags/example_nested_branch_dag.py
[2022-09-14T21:09:57.332-0300] {processor.py:640} INFO - Processing file /home/juliana/Área de Trabalho/datapipeline/.env/lib/python3.8/site-packages/airflow/example_dags/example_nested_branch_dag.py for tasks to queue
[2022-09-14T21:09:57.333-0300] {logging_mixin.py:115} INFO - [2022-09-14T21:09:57.333-0300] {dagbag.py:508} INFO - Filling up the DagBag from /home/juliana/Área de Trabalho/datapipeline/.env/lib/python3.8/site-packages/airflow/example_dags/example_nested_branch_dag.py
[2022-09-14T21:09:57.345-0300] {processor.py:650} INFO - DAG(s) dict_keys(['example_nested_branch_dag']) retrieved from /home/juliana/Área de Trabalho/datapipeline/.env/lib/python3.8/site-packages/airflow/example_dags/example_nested_branch_dag.py
[2022-09-14T21:09:57.361-0300] {logging_mixin.py:115} INFO - [2022-09-14T21:09:57.361-0300] {dag.py:2429} INFO - Sync 1 DAGs
[2022-09-14T21:09:57.382-0300] {logging_mixin.py:115} INFO - [2022-09-14T21:09:57.382-0300] {dag.py:2977} INFO - Setting next_dagrun for example_nested_branch_dag to 2022-09-14T00:00:00+00:00, run_after=2022-09-15T00:00:00+00:00
[2022-09-14T21:09:57.411-0300] {processor.py:161} INFO - Processing /home/juliana/Área de Trabalho/datapipeline/.env/lib/python3.8/site-packages/airflow/example_dags/example_nested_branch_dag.py took 0.082 seconds
[2022-09-14T21:10:31.754-0300] {processor.py:153} INFO - Started process (PID=20590) to work on /home/juliana/Área de Trabalho/datapipeline/.env/lib/python3.8/site-packages/airflow/example_dags/example_nested_branch_dag.py
[2022-09-14T21:10:31.756-0300] {processor.py:640} INFO - Processing file /home/juliana/Área de Trabalho/datapipeline/.env/lib/python3.8/site-packages/airflow/example_dags/example_nested_branch_dag.py for tasks to queue
[2022-09-14T21:10:31.757-0300] {logging_mixin.py:115} INFO - [2022-09-14T21:10:31.757-0300] {dagbag.py:508} INFO - Filling up the DagBag from /home/juliana/Área de Trabalho/datapipeline/.env/lib/python3.8/site-packages/airflow/example_dags/example_nested_branch_dag.py
[2022-09-14T21:10:31.771-0300] {processor.py:650} INFO - DAG(s) dict_keys(['example_nested_branch_dag']) retrieved from /home/juliana/Área de Trabalho/datapipeline/.env/lib/python3.8/site-packages/airflow/example_dags/example_nested_branch_dag.py
[2022-09-14T21:10:31.796-0300] {logging_mixin.py:115} INFO - [2022-09-14T21:10:31.796-0300] {dag.py:2429} INFO - Sync 1 DAGs
[2022-09-14T21:10:31.819-0300] {logging_mixin.py:115} INFO - [2022-09-14T21:10:31.819-0300] {dag.py:2977} INFO - Setting next_dagrun for example_nested_branch_dag to 2022-09-14T00:00:00+00:00, run_after=2022-09-15T00:00:00+00:00
[2022-09-14T21:10:31.837-0300] {processor.py:161} INFO - Processing /home/juliana/Área de Trabalho/datapipeline/.env/lib/python3.8/site-packages/airflow/example_dags/example_nested_branch_dag.py took 0.087 seconds
[2022-09-14T21:11:06.003-0300] {processor.py:153} INFO - Started process (PID=20627) to work on /home/juliana/Área de Trabalho/datapipeline/.env/lib/python3.8/site-packages/airflow/example_dags/example_nested_branch_dag.py
[2022-09-14T21:11:06.005-0300] {processor.py:640} INFO - Processing file /home/juliana/Área de Trabalho/datapipeline/.env/lib/python3.8/site-packages/airflow/example_dags/example_nested_branch_dag.py for tasks to queue
[2022-09-14T21:11:06.006-0300] {logging_mixin.py:115} INFO - [2022-09-14T21:11:06.006-0300] {dagbag.py:508} INFO - Filling up the DagBag from /home/juliana/Área de Trabalho/datapipeline/.env/lib/python3.8/site-packages/airflow/example_dags/example_nested_branch_dag.py
[2022-09-14T21:11:06.022-0300] {processor.py:650} INFO - DAG(s) dict_keys(['example_nested_branch_dag']) retrieved from /home/juliana/Área de Trabalho/datapipeline/.env/lib/python3.8/site-packages/airflow/example_dags/example_nested_branch_dag.py
[2022-09-14T21:11:06.040-0300] {logging_mixin.py:115} INFO - [2022-09-14T21:11:06.040-0300] {dag.py:2429} INFO - Sync 1 DAGs
[2022-09-14T21:11:06.060-0300] {logging_mixin.py:115} INFO - [2022-09-14T21:11:06.059-0300] {dag.py:2977} INFO - Setting next_dagrun for example_nested_branch_dag to 2022-09-14T00:00:00+00:00, run_after=2022-09-15T00:00:00+00:00
[2022-09-14T21:11:06.079-0300] {processor.py:161} INFO - Processing /home/juliana/Área de Trabalho/datapipeline/.env/lib/python3.8/site-packages/airflow/example_dags/example_nested_branch_dag.py took 0.081 seconds
[2022-09-14T21:11:39.468-0300] {processor.py:153} INFO - Started process (PID=20662) to work on /home/juliana/Área de Trabalho/datapipeline/.env/lib/python3.8/site-packages/airflow/example_dags/example_nested_branch_dag.py
[2022-09-14T21:11:39.470-0300] {processor.py:640} INFO - Processing file /home/juliana/Área de Trabalho/datapipeline/.env/lib/python3.8/site-packages/airflow/example_dags/example_nested_branch_dag.py for tasks to queue
[2022-09-14T21:11:39.471-0300] {logging_mixin.py:115} INFO - [2022-09-14T21:11:39.471-0300] {dagbag.py:508} INFO - Filling up the DagBag from /home/juliana/Área de Trabalho/datapipeline/.env/lib/python3.8/site-packages/airflow/example_dags/example_nested_branch_dag.py
[2022-09-14T21:11:39.486-0300] {processor.py:650} INFO - DAG(s) dict_keys(['example_nested_branch_dag']) retrieved from /home/juliana/Área de Trabalho/datapipeline/.env/lib/python3.8/site-packages/airflow/example_dags/example_nested_branch_dag.py
[2022-09-14T21:11:39.503-0300] {logging_mixin.py:115} INFO - [2022-09-14T21:11:39.503-0300] {dag.py:2429} INFO - Sync 1 DAGs
[2022-09-14T21:11:39.521-0300] {logging_mixin.py:115} INFO - [2022-09-14T21:11:39.520-0300] {dag.py:2977} INFO - Setting next_dagrun for example_nested_branch_dag to 2022-09-14T00:00:00+00:00, run_after=2022-09-15T00:00:00+00:00
[2022-09-14T21:11:39.540-0300] {processor.py:161} INFO - Processing /home/juliana/Área de Trabalho/datapipeline/.env/lib/python3.8/site-packages/airflow/example_dags/example_nested_branch_dag.py took 0.078 seconds
[2022-09-14T21:12:12.234-0300] {processor.py:153} INFO - Started process (PID=20696) to work on /home/juliana/Área de Trabalho/datapipeline/.env/lib/python3.8/site-packages/airflow/example_dags/example_nested_branch_dag.py
[2022-09-14T21:12:12.235-0300] {processor.py:640} INFO - Processing file /home/juliana/Área de Trabalho/datapipeline/.env/lib/python3.8/site-packages/airflow/example_dags/example_nested_branch_dag.py for tasks to queue
[2022-09-14T21:12:12.236-0300] {logging_mixin.py:115} INFO - [2022-09-14T21:12:12.235-0300] {dagbag.py:508} INFO - Filling up the DagBag from /home/juliana/Área de Trabalho/datapipeline/.env/lib/python3.8/site-packages/airflow/example_dags/example_nested_branch_dag.py
[2022-09-14T21:12:12.249-0300] {processor.py:650} INFO - DAG(s) dict_keys(['example_nested_branch_dag']) retrieved from /home/juliana/Área de Trabalho/datapipeline/.env/lib/python3.8/site-packages/airflow/example_dags/example_nested_branch_dag.py
[2022-09-14T21:12:12.272-0300] {logging_mixin.py:115} INFO - [2022-09-14T21:12:12.272-0300] {dag.py:2429} INFO - Sync 1 DAGs
[2022-09-14T21:12:12.329-0300] {logging_mixin.py:115} INFO - [2022-09-14T21:12:12.329-0300] {dag.py:2977} INFO - Setting next_dagrun for example_nested_branch_dag to 2022-09-14T00:00:00+00:00, run_after=2022-09-15T00:00:00+00:00
[2022-09-14T21:12:12.359-0300] {processor.py:161} INFO - Processing /home/juliana/Área de Trabalho/datapipeline/.env/lib/python3.8/site-packages/airflow/example_dags/example_nested_branch_dag.py took 0.128 seconds
[2022-09-14T21:12:43.350-0300] {processor.py:153} INFO - Started process (PID=20729) to work on /home/juliana/Área de Trabalho/datapipeline/.env/lib/python3.8/site-packages/airflow/example_dags/example_nested_branch_dag.py
[2022-09-14T21:12:43.352-0300] {processor.py:640} INFO - Processing file /home/juliana/Área de Trabalho/datapipeline/.env/lib/python3.8/site-packages/airflow/example_dags/example_nested_branch_dag.py for tasks to queue
[2022-09-14T21:12:43.353-0300] {logging_mixin.py:115} INFO - [2022-09-14T21:12:43.353-0300] {dagbag.py:508} INFO - Filling up the DagBag from /home/juliana/Área de Trabalho/datapipeline/.env/lib/python3.8/site-packages/airflow/example_dags/example_nested_branch_dag.py
[2022-09-14T21:12:43.369-0300] {processor.py:650} INFO - DAG(s) dict_keys(['example_nested_branch_dag']) retrieved from /home/juliana/Área de Trabalho/datapipeline/.env/lib/python3.8/site-packages/airflow/example_dags/example_nested_branch_dag.py
[2022-09-14T21:12:43.387-0300] {logging_mixin.py:115} INFO - [2022-09-14T21:12:43.386-0300] {dag.py:2429} INFO - Sync 1 DAGs
[2022-09-14T21:12:43.403-0300] {logging_mixin.py:115} INFO - [2022-09-14T21:12:43.403-0300] {dag.py:2977} INFO - Setting next_dagrun for example_nested_branch_dag to 2022-09-14T00:00:00+00:00, run_after=2022-09-15T00:00:00+00:00
[2022-09-14T21:12:43.424-0300] {processor.py:161} INFO - Processing /home/juliana/Área de Trabalho/datapipeline/.env/lib/python3.8/site-packages/airflow/example_dags/example_nested_branch_dag.py took 0.080 seconds
[2022-09-14T21:13:15.568-0300] {processor.py:153} INFO - Started process (PID=20765) to work on /home/juliana/Área de Trabalho/datapipeline/.env/lib/python3.8/site-packages/airflow/example_dags/example_nested_branch_dag.py
[2022-09-14T21:13:15.569-0300] {processor.py:640} INFO - Processing file /home/juliana/Área de Trabalho/datapipeline/.env/lib/python3.8/site-packages/airflow/example_dags/example_nested_branch_dag.py for tasks to queue
[2022-09-14T21:13:15.570-0300] {logging_mixin.py:115} INFO - [2022-09-14T21:13:15.570-0300] {dagbag.py:508} INFO - Filling up the DagBag from /home/juliana/Área de Trabalho/datapipeline/.env/lib/python3.8/site-packages/airflow/example_dags/example_nested_branch_dag.py
[2022-09-14T21:13:15.583-0300] {processor.py:650} INFO - DAG(s) dict_keys(['example_nested_branch_dag']) retrieved from /home/juliana/Área de Trabalho/datapipeline/.env/lib/python3.8/site-packages/airflow/example_dags/example_nested_branch_dag.py
[2022-09-14T21:13:15.599-0300] {logging_mixin.py:115} INFO - [2022-09-14T21:13:15.599-0300] {dag.py:2429} INFO - Sync 1 DAGs
[2022-09-14T21:13:15.616-0300] {logging_mixin.py:115} INFO - [2022-09-14T21:13:15.616-0300] {dag.py:2977} INFO - Setting next_dagrun for example_nested_branch_dag to 2022-09-14T00:00:00+00:00, run_after=2022-09-15T00:00:00+00:00
[2022-09-14T21:13:15.632-0300] {processor.py:161} INFO - Processing /home/juliana/Área de Trabalho/datapipeline/.env/lib/python3.8/site-packages/airflow/example_dags/example_nested_branch_dag.py took 0.067 seconds
[2022-09-14T21:13:48.177-0300] {processor.py:153} INFO - Started process (PID=20799) to work on /home/juliana/Área de Trabalho/datapipeline/.env/lib/python3.8/site-packages/airflow/example_dags/example_nested_branch_dag.py
[2022-09-14T21:13:48.178-0300] {processor.py:640} INFO - Processing file /home/juliana/Área de Trabalho/datapipeline/.env/lib/python3.8/site-packages/airflow/example_dags/example_nested_branch_dag.py for tasks to queue
[2022-09-14T21:13:48.181-0300] {logging_mixin.py:115} INFO - [2022-09-14T21:13:48.180-0300] {dagbag.py:508} INFO - Filling up the DagBag from /home/juliana/Área de Trabalho/datapipeline/.env/lib/python3.8/site-packages/airflow/example_dags/example_nested_branch_dag.py
[2022-09-14T21:13:48.197-0300] {processor.py:650} INFO - DAG(s) dict_keys(['example_nested_branch_dag']) retrieved from /home/juliana/Área de Trabalho/datapipeline/.env/lib/python3.8/site-packages/airflow/example_dags/example_nested_branch_dag.py
[2022-09-14T21:13:48.215-0300] {logging_mixin.py:115} INFO - [2022-09-14T21:13:48.214-0300] {dag.py:2429} INFO - Sync 1 DAGs
[2022-09-14T21:13:48.231-0300] {logging_mixin.py:115} INFO - [2022-09-14T21:13:48.231-0300] {dag.py:2977} INFO - Setting next_dagrun for example_nested_branch_dag to 2022-09-14T00:00:00+00:00, run_after=2022-09-15T00:00:00+00:00
[2022-09-14T21:13:48.252-0300] {processor.py:161} INFO - Processing /home/juliana/Área de Trabalho/datapipeline/.env/lib/python3.8/site-packages/airflow/example_dags/example_nested_branch_dag.py took 0.081 seconds
[2022-09-14T21:14:22.463-0300] {processor.py:153} INFO - Started process (PID=20835) to work on /home/juliana/Área de Trabalho/datapipeline/.env/lib/python3.8/site-packages/airflow/example_dags/example_nested_branch_dag.py
[2022-09-14T21:14:22.464-0300] {processor.py:640} INFO - Processing file /home/juliana/Área de Trabalho/datapipeline/.env/lib/python3.8/site-packages/airflow/example_dags/example_nested_branch_dag.py for tasks to queue
[2022-09-14T21:14:22.465-0300] {logging_mixin.py:115} INFO - [2022-09-14T21:14:22.465-0300] {dagbag.py:508} INFO - Filling up the DagBag from /home/juliana/Área de Trabalho/datapipeline/.env/lib/python3.8/site-packages/airflow/example_dags/example_nested_branch_dag.py
[2022-09-14T21:14:22.478-0300] {processor.py:650} INFO - DAG(s) dict_keys(['example_nested_branch_dag']) retrieved from /home/juliana/Área de Trabalho/datapipeline/.env/lib/python3.8/site-packages/airflow/example_dags/example_nested_branch_dag.py
[2022-09-14T21:14:22.498-0300] {logging_mixin.py:115} INFO - [2022-09-14T21:14:22.498-0300] {dag.py:2429} INFO - Sync 1 DAGs
[2022-09-14T21:14:22.521-0300] {logging_mixin.py:115} INFO - [2022-09-14T21:14:22.521-0300] {dag.py:2977} INFO - Setting next_dagrun for example_nested_branch_dag to 2022-09-14T00:00:00+00:00, run_after=2022-09-15T00:00:00+00:00
[2022-09-14T21:14:22.544-0300] {processor.py:161} INFO - Processing /home/juliana/Área de Trabalho/datapipeline/.env/lib/python3.8/site-packages/airflow/example_dags/example_nested_branch_dag.py took 0.086 seconds
[2022-09-14T21:14:55.989-0300] {processor.py:153} INFO - Started process (PID=20869) to work on /home/juliana/Área de Trabalho/datapipeline/.env/lib/python3.8/site-packages/airflow/example_dags/example_nested_branch_dag.py
[2022-09-14T21:14:55.990-0300] {processor.py:640} INFO - Processing file /home/juliana/Área de Trabalho/datapipeline/.env/lib/python3.8/site-packages/airflow/example_dags/example_nested_branch_dag.py for tasks to queue
[2022-09-14T21:14:55.991-0300] {logging_mixin.py:115} INFO - [2022-09-14T21:14:55.991-0300] {dagbag.py:508} INFO - Filling up the DagBag from /home/juliana/Área de Trabalho/datapipeline/.env/lib/python3.8/site-packages/airflow/example_dags/example_nested_branch_dag.py
[2022-09-14T21:14:56.004-0300] {processor.py:650} INFO - DAG(s) dict_keys(['example_nested_branch_dag']) retrieved from /home/juliana/Área de Trabalho/datapipeline/.env/lib/python3.8/site-packages/airflow/example_dags/example_nested_branch_dag.py
[2022-09-14T21:14:56.023-0300] {logging_mixin.py:115} INFO - [2022-09-14T21:14:56.023-0300] {dag.py:2429} INFO - Sync 1 DAGs
[2022-09-14T21:14:56.044-0300] {logging_mixin.py:115} INFO - [2022-09-14T21:14:56.044-0300] {dag.py:2977} INFO - Setting next_dagrun for example_nested_branch_dag to 2022-09-14T00:00:00+00:00, run_after=2022-09-15T00:00:00+00:00
[2022-09-14T21:14:56.065-0300] {processor.py:161} INFO - Processing /home/juliana/Área de Trabalho/datapipeline/.env/lib/python3.8/site-packages/airflow/example_dags/example_nested_branch_dag.py took 0.079 seconds
[2022-09-14T21:15:26.552-0300] {processor.py:153} INFO - Started process (PID=20903) to work on /home/juliana/Área de Trabalho/datapipeline/.env/lib/python3.8/site-packages/airflow/example_dags/example_nested_branch_dag.py
[2022-09-14T21:15:26.553-0300] {processor.py:640} INFO - Processing file /home/juliana/Área de Trabalho/datapipeline/.env/lib/python3.8/site-packages/airflow/example_dags/example_nested_branch_dag.py for tasks to queue
[2022-09-14T21:15:26.555-0300] {logging_mixin.py:115} INFO - [2022-09-14T21:15:26.554-0300] {dagbag.py:508} INFO - Filling up the DagBag from /home/juliana/Área de Trabalho/datapipeline/.env/lib/python3.8/site-packages/airflow/example_dags/example_nested_branch_dag.py
[2022-09-14T21:15:26.571-0300] {processor.py:650} INFO - DAG(s) dict_keys(['example_nested_branch_dag']) retrieved from /home/juliana/Área de Trabalho/datapipeline/.env/lib/python3.8/site-packages/airflow/example_dags/example_nested_branch_dag.py
[2022-09-14T21:15:26.589-0300] {logging_mixin.py:115} INFO - [2022-09-14T21:15:26.589-0300] {dag.py:2429} INFO - Sync 1 DAGs
[2022-09-14T21:15:26.606-0300] {logging_mixin.py:115} INFO - [2022-09-14T21:15:26.606-0300] {dag.py:2977} INFO - Setting next_dagrun for example_nested_branch_dag to 2022-09-14T00:00:00+00:00, run_after=2022-09-15T00:00:00+00:00
[2022-09-14T21:15:26.622-0300] {processor.py:161} INFO - Processing /home/juliana/Área de Trabalho/datapipeline/.env/lib/python3.8/site-packages/airflow/example_dags/example_nested_branch_dag.py took 0.077 seconds
[2022-09-14T21:15:59.354-0300] {processor.py:153} INFO - Started process (PID=20935) to work on /home/juliana/Área de Trabalho/datapipeline/.env/lib/python3.8/site-packages/airflow/example_dags/example_nested_branch_dag.py
[2022-09-14T21:15:59.357-0300] {processor.py:640} INFO - Processing file /home/juliana/Área de Trabalho/datapipeline/.env/lib/python3.8/site-packages/airflow/example_dags/example_nested_branch_dag.py for tasks to queue
[2022-09-14T21:15:59.358-0300] {logging_mixin.py:115} INFO - [2022-09-14T21:15:59.357-0300] {dagbag.py:508} INFO - Filling up the DagBag from /home/juliana/Área de Trabalho/datapipeline/.env/lib/python3.8/site-packages/airflow/example_dags/example_nested_branch_dag.py
[2022-09-14T21:15:59.376-0300] {processor.py:650} INFO - DAG(s) dict_keys(['example_nested_branch_dag']) retrieved from /home/juliana/Área de Trabalho/datapipeline/.env/lib/python3.8/site-packages/airflow/example_dags/example_nested_branch_dag.py
[2022-09-14T21:15:59.395-0300] {logging_mixin.py:115} INFO - [2022-09-14T21:15:59.395-0300] {dag.py:2429} INFO - Sync 1 DAGs
[2022-09-14T21:15:59.422-0300] {logging_mixin.py:115} INFO - [2022-09-14T21:15:59.421-0300] {dag.py:2977} INFO - Setting next_dagrun for example_nested_branch_dag to 2022-09-14T00:00:00+00:00, run_after=2022-09-15T00:00:00+00:00
[2022-09-14T21:15:59.445-0300] {processor.py:161} INFO - Processing /home/juliana/Área de Trabalho/datapipeline/.env/lib/python3.8/site-packages/airflow/example_dags/example_nested_branch_dag.py took 0.095 seconds
[2022-09-14T21:16:29.761-0300] {processor.py:153} INFO - Started process (PID=20967) to work on /home/juliana/Área de Trabalho/datapipeline/.env/lib/python3.8/site-packages/airflow/example_dags/example_nested_branch_dag.py
[2022-09-14T21:16:29.762-0300] {processor.py:640} INFO - Processing file /home/juliana/Área de Trabalho/datapipeline/.env/lib/python3.8/site-packages/airflow/example_dags/example_nested_branch_dag.py for tasks to queue
[2022-09-14T21:16:29.763-0300] {logging_mixin.py:115} INFO - [2022-09-14T21:16:29.763-0300] {dagbag.py:508} INFO - Filling up the DagBag from /home/juliana/Área de Trabalho/datapipeline/.env/lib/python3.8/site-packages/airflow/example_dags/example_nested_branch_dag.py
[2022-09-14T21:16:29.779-0300] {processor.py:650} INFO - DAG(s) dict_keys(['example_nested_branch_dag']) retrieved from /home/juliana/Área de Trabalho/datapipeline/.env/lib/python3.8/site-packages/airflow/example_dags/example_nested_branch_dag.py
[2022-09-14T21:16:29.794-0300] {logging_mixin.py:115} INFO - [2022-09-14T21:16:29.794-0300] {dag.py:2429} INFO - Sync 1 DAGs
[2022-09-14T21:16:29.810-0300] {logging_mixin.py:115} INFO - [2022-09-14T21:16:29.810-0300] {dag.py:2977} INFO - Setting next_dagrun for example_nested_branch_dag to 2022-09-14T00:00:00+00:00, run_after=2022-09-15T00:00:00+00:00
[2022-09-14T21:16:29.826-0300] {processor.py:161} INFO - Processing /home/juliana/Área de Trabalho/datapipeline/.env/lib/python3.8/site-packages/airflow/example_dags/example_nested_branch_dag.py took 0.072 seconds
[2022-09-14T21:17:02.661-0300] {processor.py:153} INFO - Started process (PID=21003) to work on /home/juliana/Área de Trabalho/datapipeline/.env/lib/python3.8/site-packages/airflow/example_dags/example_nested_branch_dag.py
[2022-09-14T21:17:02.662-0300] {processor.py:640} INFO - Processing file /home/juliana/Área de Trabalho/datapipeline/.env/lib/python3.8/site-packages/airflow/example_dags/example_nested_branch_dag.py for tasks to queue
[2022-09-14T21:17:02.663-0300] {logging_mixin.py:115} INFO - [2022-09-14T21:17:02.663-0300] {dagbag.py:508} INFO - Filling up the DagBag from /home/juliana/Área de Trabalho/datapipeline/.env/lib/python3.8/site-packages/airflow/example_dags/example_nested_branch_dag.py
[2022-09-14T21:17:02.678-0300] {processor.py:650} INFO - DAG(s) dict_keys(['example_nested_branch_dag']) retrieved from /home/juliana/Área de Trabalho/datapipeline/.env/lib/python3.8/site-packages/airflow/example_dags/example_nested_branch_dag.py
[2022-09-14T21:17:02.694-0300] {logging_mixin.py:115} INFO - [2022-09-14T21:17:02.694-0300] {dag.py:2429} INFO - Sync 1 DAGs
[2022-09-14T21:17:02.712-0300] {logging_mixin.py:115} INFO - [2022-09-14T21:17:02.712-0300] {dag.py:2977} INFO - Setting next_dagrun for example_nested_branch_dag to 2022-09-14T00:00:00+00:00, run_after=2022-09-15T00:00:00+00:00
[2022-09-14T21:17:02.732-0300] {processor.py:161} INFO - Processing /home/juliana/Área de Trabalho/datapipeline/.env/lib/python3.8/site-packages/airflow/example_dags/example_nested_branch_dag.py took 0.076 seconds
[2022-09-14T21:17:32.943-0300] {processor.py:153} INFO - Started process (PID=21038) to work on /home/juliana/Área de Trabalho/datapipeline/.env/lib/python3.8/site-packages/airflow/example_dags/example_nested_branch_dag.py
[2022-09-14T21:17:32.944-0300] {processor.py:640} INFO - Processing file /home/juliana/Área de Trabalho/datapipeline/.env/lib/python3.8/site-packages/airflow/example_dags/example_nested_branch_dag.py for tasks to queue
[2022-09-14T21:17:32.945-0300] {logging_mixin.py:115} INFO - [2022-09-14T21:17:32.945-0300] {dagbag.py:508} INFO - Filling up the DagBag from /home/juliana/Área de Trabalho/datapipeline/.env/lib/python3.8/site-packages/airflow/example_dags/example_nested_branch_dag.py
[2022-09-14T21:17:32.959-0300] {processor.py:650} INFO - DAG(s) dict_keys(['example_nested_branch_dag']) retrieved from /home/juliana/Área de Trabalho/datapipeline/.env/lib/python3.8/site-packages/airflow/example_dags/example_nested_branch_dag.py
[2022-09-14T21:17:32.983-0300] {logging_mixin.py:115} INFO - [2022-09-14T21:17:32.983-0300] {dag.py:2429} INFO - Sync 1 DAGs
[2022-09-14T21:17:33.002-0300] {logging_mixin.py:115} INFO - [2022-09-14T21:17:33.001-0300] {dag.py:2977} INFO - Setting next_dagrun for example_nested_branch_dag to 2022-09-14T00:00:00+00:00, run_after=2022-09-15T00:00:00+00:00
[2022-09-14T21:17:33.019-0300] {processor.py:161} INFO - Processing /home/juliana/Área de Trabalho/datapipeline/.env/lib/python3.8/site-packages/airflow/example_dags/example_nested_branch_dag.py took 0.078 seconds
[2022-09-14T21:18:04.670-0300] {processor.py:153} INFO - Started process (PID=21074) to work on /home/juliana/Área de Trabalho/datapipeline/.env/lib/python3.8/site-packages/airflow/example_dags/example_nested_branch_dag.py
[2022-09-14T21:18:04.671-0300] {processor.py:640} INFO - Processing file /home/juliana/Área de Trabalho/datapipeline/.env/lib/python3.8/site-packages/airflow/example_dags/example_nested_branch_dag.py for tasks to queue
[2022-09-14T21:18:04.673-0300] {logging_mixin.py:115} INFO - [2022-09-14T21:18:04.672-0300] {dagbag.py:508} INFO - Filling up the DagBag from /home/juliana/Área de Trabalho/datapipeline/.env/lib/python3.8/site-packages/airflow/example_dags/example_nested_branch_dag.py
[2022-09-14T21:18:04.687-0300] {processor.py:650} INFO - DAG(s) dict_keys(['example_nested_branch_dag']) retrieved from /home/juliana/Área de Trabalho/datapipeline/.env/lib/python3.8/site-packages/airflow/example_dags/example_nested_branch_dag.py
[2022-09-14T21:18:04.711-0300] {logging_mixin.py:115} INFO - [2022-09-14T21:18:04.711-0300] {dag.py:2429} INFO - Sync 1 DAGs
[2022-09-14T21:18:04.727-0300] {logging_mixin.py:115} INFO - [2022-09-14T21:18:04.727-0300] {dag.py:2977} INFO - Setting next_dagrun for example_nested_branch_dag to 2022-09-14T00:00:00+00:00, run_after=2022-09-15T00:00:00+00:00
[2022-09-14T21:18:04.746-0300] {processor.py:161} INFO - Processing /home/juliana/Área de Trabalho/datapipeline/.env/lib/python3.8/site-packages/airflow/example_dags/example_nested_branch_dag.py took 0.082 seconds
[2022-09-14T21:18:36.645-0300] {processor.py:153} INFO - Started process (PID=21109) to work on /home/juliana/Área de Trabalho/datapipeline/.env/lib/python3.8/site-packages/airflow/example_dags/example_nested_branch_dag.py
[2022-09-14T21:18:36.646-0300] {processor.py:640} INFO - Processing file /home/juliana/Área de Trabalho/datapipeline/.env/lib/python3.8/site-packages/airflow/example_dags/example_nested_branch_dag.py for tasks to queue
[2022-09-14T21:18:36.647-0300] {logging_mixin.py:115} INFO - [2022-09-14T21:18:36.647-0300] {dagbag.py:508} INFO - Filling up the DagBag from /home/juliana/Área de Trabalho/datapipeline/.env/lib/python3.8/site-packages/airflow/example_dags/example_nested_branch_dag.py
[2022-09-14T21:18:36.666-0300] {processor.py:650} INFO - DAG(s) dict_keys(['example_nested_branch_dag']) retrieved from /home/juliana/Área de Trabalho/datapipeline/.env/lib/python3.8/site-packages/airflow/example_dags/example_nested_branch_dag.py
[2022-09-14T21:18:36.683-0300] {logging_mixin.py:115} INFO - [2022-09-14T21:18:36.683-0300] {dag.py:2429} INFO - Sync 1 DAGs
[2022-09-14T21:18:36.701-0300] {logging_mixin.py:115} INFO - [2022-09-14T21:18:36.700-0300] {dag.py:2977} INFO - Setting next_dagrun for example_nested_branch_dag to 2022-09-14T00:00:00+00:00, run_after=2022-09-15T00:00:00+00:00
[2022-09-14T21:18:36.718-0300] {processor.py:161} INFO - Processing /home/juliana/Área de Trabalho/datapipeline/.env/lib/python3.8/site-packages/airflow/example_dags/example_nested_branch_dag.py took 0.079 seconds
[2022-09-14T21:19:09.915-0300] {processor.py:153} INFO - Started process (PID=21144) to work on /home/juliana/Área de Trabalho/datapipeline/.env/lib/python3.8/site-packages/airflow/example_dags/example_nested_branch_dag.py
[2022-09-14T21:19:09.916-0300] {processor.py:640} INFO - Processing file /home/juliana/Área de Trabalho/datapipeline/.env/lib/python3.8/site-packages/airflow/example_dags/example_nested_branch_dag.py for tasks to queue
[2022-09-14T21:19:09.917-0300] {logging_mixin.py:115} INFO - [2022-09-14T21:19:09.917-0300] {dagbag.py:508} INFO - Filling up the DagBag from /home/juliana/Área de Trabalho/datapipeline/.env/lib/python3.8/site-packages/airflow/example_dags/example_nested_branch_dag.py
[2022-09-14T21:19:09.930-0300] {processor.py:650} INFO - DAG(s) dict_keys(['example_nested_branch_dag']) retrieved from /home/juliana/Área de Trabalho/datapipeline/.env/lib/python3.8/site-packages/airflow/example_dags/example_nested_branch_dag.py
[2022-09-14T21:19:09.953-0300] {logging_mixin.py:115} INFO - [2022-09-14T21:19:09.953-0300] {dag.py:2429} INFO - Sync 1 DAGs
[2022-09-14T21:19:09.970-0300] {logging_mixin.py:115} INFO - [2022-09-14T21:19:09.970-0300] {dag.py:2977} INFO - Setting next_dagrun for example_nested_branch_dag to 2022-09-14T00:00:00+00:00, run_after=2022-09-15T00:00:00+00:00
[2022-09-14T21:19:09.992-0300] {processor.py:161} INFO - Processing /home/juliana/Área de Trabalho/datapipeline/.env/lib/python3.8/site-packages/airflow/example_dags/example_nested_branch_dag.py took 0.081 seconds
[2022-09-14T21:19:42.738-0300] {processor.py:153} INFO - Started process (PID=21176) to work on /home/juliana/Área de Trabalho/datapipeline/.env/lib/python3.8/site-packages/airflow/example_dags/example_nested_branch_dag.py
[2022-09-14T21:19:42.739-0300] {processor.py:640} INFO - Processing file /home/juliana/Área de Trabalho/datapipeline/.env/lib/python3.8/site-packages/airflow/example_dags/example_nested_branch_dag.py for tasks to queue
[2022-09-14T21:19:42.740-0300] {logging_mixin.py:115} INFO - [2022-09-14T21:19:42.740-0300] {dagbag.py:508} INFO - Filling up the DagBag from /home/juliana/Área de Trabalho/datapipeline/.env/lib/python3.8/site-packages/airflow/example_dags/example_nested_branch_dag.py
[2022-09-14T21:19:42.754-0300] {processor.py:650} INFO - DAG(s) dict_keys(['example_nested_branch_dag']) retrieved from /home/juliana/Área de Trabalho/datapipeline/.env/lib/python3.8/site-packages/airflow/example_dags/example_nested_branch_dag.py
[2022-09-14T21:19:42.770-0300] {logging_mixin.py:115} INFO - [2022-09-14T21:19:42.770-0300] {dag.py:2429} INFO - Sync 1 DAGs
[2022-09-14T21:19:42.785-0300] {logging_mixin.py:115} INFO - [2022-09-14T21:19:42.785-0300] {dag.py:2977} INFO - Setting next_dagrun for example_nested_branch_dag to 2022-09-14T00:00:00+00:00, run_after=2022-09-15T00:00:00+00:00
[2022-09-14T21:19:42.805-0300] {processor.py:161} INFO - Processing /home/juliana/Área de Trabalho/datapipeline/.env/lib/python3.8/site-packages/airflow/example_dags/example_nested_branch_dag.py took 0.072 seconds
[2022-09-14T21:20:17.334-0300] {processor.py:153} INFO - Started process (PID=21211) to work on /home/juliana/Área de Trabalho/datapipeline/.env/lib/python3.8/site-packages/airflow/example_dags/example_nested_branch_dag.py
[2022-09-14T21:20:17.335-0300] {processor.py:640} INFO - Processing file /home/juliana/Área de Trabalho/datapipeline/.env/lib/python3.8/site-packages/airflow/example_dags/example_nested_branch_dag.py for tasks to queue
[2022-09-14T21:20:17.336-0300] {logging_mixin.py:115} INFO - [2022-09-14T21:20:17.336-0300] {dagbag.py:508} INFO - Filling up the DagBag from /home/juliana/Área de Trabalho/datapipeline/.env/lib/python3.8/site-packages/airflow/example_dags/example_nested_branch_dag.py
[2022-09-14T21:20:17.352-0300] {processor.py:650} INFO - DAG(s) dict_keys(['example_nested_branch_dag']) retrieved from /home/juliana/Área de Trabalho/datapipeline/.env/lib/python3.8/site-packages/airflow/example_dags/example_nested_branch_dag.py
[2022-09-14T21:20:17.369-0300] {logging_mixin.py:115} INFO - [2022-09-14T21:20:17.369-0300] {dag.py:2429} INFO - Sync 1 DAGs
[2022-09-14T21:20:17.385-0300] {logging_mixin.py:115} INFO - [2022-09-14T21:20:17.385-0300] {dag.py:2977} INFO - Setting next_dagrun for example_nested_branch_dag to 2022-09-14T00:00:00+00:00, run_after=2022-09-15T00:00:00+00:00
[2022-09-14T21:20:17.404-0300] {processor.py:161} INFO - Processing /home/juliana/Área de Trabalho/datapipeline/.env/lib/python3.8/site-packages/airflow/example_dags/example_nested_branch_dag.py took 0.076 seconds
[2022-09-14T21:20:50.822-0300] {processor.py:153} INFO - Started process (PID=21248) to work on /home/juliana/Área de Trabalho/datapipeline/.env/lib/python3.8/site-packages/airflow/example_dags/example_nested_branch_dag.py
[2022-09-14T21:20:50.823-0300] {processor.py:640} INFO - Processing file /home/juliana/Área de Trabalho/datapipeline/.env/lib/python3.8/site-packages/airflow/example_dags/example_nested_branch_dag.py for tasks to queue
[2022-09-14T21:20:50.824-0300] {logging_mixin.py:115} INFO - [2022-09-14T21:20:50.824-0300] {dagbag.py:508} INFO - Filling up the DagBag from /home/juliana/Área de Trabalho/datapipeline/.env/lib/python3.8/site-packages/airflow/example_dags/example_nested_branch_dag.py
[2022-09-14T21:20:50.835-0300] {processor.py:650} INFO - DAG(s) dict_keys(['example_nested_branch_dag']) retrieved from /home/juliana/Área de Trabalho/datapipeline/.env/lib/python3.8/site-packages/airflow/example_dags/example_nested_branch_dag.py
[2022-09-14T21:20:50.850-0300] {logging_mixin.py:115} INFO - [2022-09-14T21:20:50.849-0300] {dag.py:2429} INFO - Sync 1 DAGs
[2022-09-14T21:20:50.865-0300] {logging_mixin.py:115} INFO - [2022-09-14T21:20:50.865-0300] {dag.py:2977} INFO - Setting next_dagrun for example_nested_branch_dag to 2022-09-14T00:00:00+00:00, run_after=2022-09-15T00:00:00+00:00
[2022-09-14T21:20:50.882-0300] {processor.py:161} INFO - Processing /home/juliana/Área de Trabalho/datapipeline/.env/lib/python3.8/site-packages/airflow/example_dags/example_nested_branch_dag.py took 0.066 seconds
[2022-09-14T21:21:23.099-0300] {processor.py:153} INFO - Started process (PID=21283) to work on /home/juliana/Área de Trabalho/datapipeline/.env/lib/python3.8/site-packages/airflow/example_dags/example_nested_branch_dag.py
[2022-09-14T21:21:23.100-0300] {processor.py:640} INFO - Processing file /home/juliana/Área de Trabalho/datapipeline/.env/lib/python3.8/site-packages/airflow/example_dags/example_nested_branch_dag.py for tasks to queue
[2022-09-14T21:21:23.101-0300] {logging_mixin.py:115} INFO - [2022-09-14T21:21:23.101-0300] {dagbag.py:508} INFO - Filling up the DagBag from /home/juliana/Área de Trabalho/datapipeline/.env/lib/python3.8/site-packages/airflow/example_dags/example_nested_branch_dag.py
[2022-09-14T21:21:23.114-0300] {processor.py:650} INFO - DAG(s) dict_keys(['example_nested_branch_dag']) retrieved from /home/juliana/Área de Trabalho/datapipeline/.env/lib/python3.8/site-packages/airflow/example_dags/example_nested_branch_dag.py
[2022-09-14T21:21:23.130-0300] {logging_mixin.py:115} INFO - [2022-09-14T21:21:23.129-0300] {dag.py:2429} INFO - Sync 1 DAGs
[2022-09-14T21:21:23.147-0300] {logging_mixin.py:115} INFO - [2022-09-14T21:21:23.147-0300] {dag.py:2977} INFO - Setting next_dagrun for example_nested_branch_dag to 2022-09-14T00:00:00+00:00, run_after=2022-09-15T00:00:00+00:00
[2022-09-14T21:21:23.167-0300] {processor.py:161} INFO - Processing /home/juliana/Área de Trabalho/datapipeline/.env/lib/python3.8/site-packages/airflow/example_dags/example_nested_branch_dag.py took 0.071 seconds
[2022-09-14T21:21:54.560-0300] {processor.py:153} INFO - Started process (PID=21316) to work on /home/juliana/Área de Trabalho/datapipeline/.env/lib/python3.8/site-packages/airflow/example_dags/example_nested_branch_dag.py
[2022-09-14T21:21:54.561-0300] {processor.py:640} INFO - Processing file /home/juliana/Área de Trabalho/datapipeline/.env/lib/python3.8/site-packages/airflow/example_dags/example_nested_branch_dag.py for tasks to queue
[2022-09-14T21:21:54.562-0300] {logging_mixin.py:115} INFO - [2022-09-14T21:21:54.561-0300] {dagbag.py:508} INFO - Filling up the DagBag from /home/juliana/Área de Trabalho/datapipeline/.env/lib/python3.8/site-packages/airflow/example_dags/example_nested_branch_dag.py
[2022-09-14T21:21:54.572-0300] {processor.py:650} INFO - DAG(s) dict_keys(['example_nested_branch_dag']) retrieved from /home/juliana/Área de Trabalho/datapipeline/.env/lib/python3.8/site-packages/airflow/example_dags/example_nested_branch_dag.py
[2022-09-14T21:21:54.585-0300] {logging_mixin.py:115} INFO - [2022-09-14T21:21:54.585-0300] {dag.py:2429} INFO - Sync 1 DAGs
[2022-09-14T21:21:54.601-0300] {logging_mixin.py:115} INFO - [2022-09-14T21:21:54.601-0300] {dag.py:2977} INFO - Setting next_dagrun for example_nested_branch_dag to 2022-09-14T00:00:00+00:00, run_after=2022-09-15T00:00:00+00:00
[2022-09-14T21:21:54.615-0300] {processor.py:161} INFO - Processing /home/juliana/Área de Trabalho/datapipeline/.env/lib/python3.8/site-packages/airflow/example_dags/example_nested_branch_dag.py took 0.058 seconds
[2022-09-14T21:22:26.525-0300] {processor.py:153} INFO - Started process (PID=21351) to work on /home/juliana/Área de Trabalho/datapipeline/.env/lib/python3.8/site-packages/airflow/example_dags/example_nested_branch_dag.py
[2022-09-14T21:22:26.526-0300] {processor.py:640} INFO - Processing file /home/juliana/Área de Trabalho/datapipeline/.env/lib/python3.8/site-packages/airflow/example_dags/example_nested_branch_dag.py for tasks to queue
[2022-09-14T21:22:26.527-0300] {logging_mixin.py:115} INFO - [2022-09-14T21:22:26.526-0300] {dagbag.py:508} INFO - Filling up the DagBag from /home/juliana/Área de Trabalho/datapipeline/.env/lib/python3.8/site-packages/airflow/example_dags/example_nested_branch_dag.py
[2022-09-14T21:22:26.536-0300] {processor.py:650} INFO - DAG(s) dict_keys(['example_nested_branch_dag']) retrieved from /home/juliana/Área de Trabalho/datapipeline/.env/lib/python3.8/site-packages/airflow/example_dags/example_nested_branch_dag.py
[2022-09-14T21:22:26.549-0300] {logging_mixin.py:115} INFO - [2022-09-14T21:22:26.549-0300] {dag.py:2429} INFO - Sync 1 DAGs
[2022-09-14T21:22:26.566-0300] {logging_mixin.py:115} INFO - [2022-09-14T21:22:26.566-0300] {dag.py:2977} INFO - Setting next_dagrun for example_nested_branch_dag to 2022-09-14T00:00:00+00:00, run_after=2022-09-15T00:00:00+00:00
[2022-09-14T21:22:26.581-0300] {processor.py:161} INFO - Processing /home/juliana/Área de Trabalho/datapipeline/.env/lib/python3.8/site-packages/airflow/example_dags/example_nested_branch_dag.py took 0.058 seconds
[2022-09-14T21:22:58.377-0300] {processor.py:153} INFO - Started process (PID=21392) to work on /home/juliana/Área de Trabalho/datapipeline/.env/lib/python3.8/site-packages/airflow/example_dags/example_nested_branch_dag.py
[2022-09-14T21:22:58.378-0300] {processor.py:640} INFO - Processing file /home/juliana/Área de Trabalho/datapipeline/.env/lib/python3.8/site-packages/airflow/example_dags/example_nested_branch_dag.py for tasks to queue
[2022-09-14T21:22:58.379-0300] {logging_mixin.py:115} INFO - [2022-09-14T21:22:58.378-0300] {dagbag.py:508} INFO - Filling up the DagBag from /home/juliana/Área de Trabalho/datapipeline/.env/lib/python3.8/site-packages/airflow/example_dags/example_nested_branch_dag.py
[2022-09-14T21:22:58.393-0300] {processor.py:650} INFO - DAG(s) dict_keys(['example_nested_branch_dag']) retrieved from /home/juliana/Área de Trabalho/datapipeline/.env/lib/python3.8/site-packages/airflow/example_dags/example_nested_branch_dag.py
[2022-09-14T21:22:58.419-0300] {logging_mixin.py:115} INFO - [2022-09-14T21:22:58.419-0300] {dag.py:2429} INFO - Sync 1 DAGs
[2022-09-14T21:22:58.440-0300] {logging_mixin.py:115} INFO - [2022-09-14T21:22:58.440-0300] {dag.py:2977} INFO - Setting next_dagrun for example_nested_branch_dag to 2022-09-14T00:00:00+00:00, run_after=2022-09-15T00:00:00+00:00
[2022-09-14T21:22:58.463-0300] {processor.py:161} INFO - Processing /home/juliana/Área de Trabalho/datapipeline/.env/lib/python3.8/site-packages/airflow/example_dags/example_nested_branch_dag.py took 0.089 seconds
[2022-09-14T21:23:29.958-0300] {processor.py:153} INFO - Started process (PID=21459) to work on /home/juliana/Área de Trabalho/datapipeline/.env/lib/python3.8/site-packages/airflow/example_dags/example_nested_branch_dag.py
[2022-09-14T21:23:29.973-0300] {processor.py:640} INFO - Processing file /home/juliana/Área de Trabalho/datapipeline/.env/lib/python3.8/site-packages/airflow/example_dags/example_nested_branch_dag.py for tasks to queue
[2022-09-14T21:23:29.978-0300] {logging_mixin.py:115} INFO - [2022-09-14T21:23:29.973-0300] {dagbag.py:508} INFO - Filling up the DagBag from /home/juliana/Área de Trabalho/datapipeline/.env/lib/python3.8/site-packages/airflow/example_dags/example_nested_branch_dag.py
[2022-09-14T21:23:30.020-0300] {processor.py:650} INFO - DAG(s) dict_keys(['example_nested_branch_dag']) retrieved from /home/juliana/Área de Trabalho/datapipeline/.env/lib/python3.8/site-packages/airflow/example_dags/example_nested_branch_dag.py
[2022-09-14T21:23:30.061-0300] {logging_mixin.py:115} INFO - [2022-09-14T21:23:30.061-0300] {dag.py:2429} INFO - Sync 1 DAGs
[2022-09-14T21:23:30.103-0300] {logging_mixin.py:115} INFO - [2022-09-14T21:23:30.102-0300] {dag.py:2977} INFO - Setting next_dagrun for example_nested_branch_dag to 2022-09-14T00:00:00+00:00, run_after=2022-09-15T00:00:00+00:00
[2022-09-14T21:23:30.126-0300] {processor.py:161} INFO - Processing /home/juliana/Área de Trabalho/datapipeline/.env/lib/python3.8/site-packages/airflow/example_dags/example_nested_branch_dag.py took 0.171 seconds
[2022-09-14T21:24:01.845-0300] {processor.py:153} INFO - Started process (PID=21496) to work on /home/juliana/Área de Trabalho/datapipeline/.env/lib/python3.8/site-packages/airflow/example_dags/example_nested_branch_dag.py
[2022-09-14T21:24:01.852-0300] {processor.py:640} INFO - Processing file /home/juliana/Área de Trabalho/datapipeline/.env/lib/python3.8/site-packages/airflow/example_dags/example_nested_branch_dag.py for tasks to queue
[2022-09-14T21:24:01.852-0300] {logging_mixin.py:115} INFO - [2022-09-14T21:24:01.852-0300] {dagbag.py:508} INFO - Filling up the DagBag from /home/juliana/Área de Trabalho/datapipeline/.env/lib/python3.8/site-packages/airflow/example_dags/example_nested_branch_dag.py
[2022-09-14T21:24:01.867-0300] {processor.py:650} INFO - DAG(s) dict_keys(['example_nested_branch_dag']) retrieved from /home/juliana/Área de Trabalho/datapipeline/.env/lib/python3.8/site-packages/airflow/example_dags/example_nested_branch_dag.py
[2022-09-14T21:24:01.908-0300] {logging_mixin.py:115} INFO - [2022-09-14T21:24:01.908-0300] {dag.py:2429} INFO - Sync 1 DAGs
[2022-09-14T21:24:01.957-0300] {logging_mixin.py:115} INFO - [2022-09-14T21:24:01.956-0300] {dag.py:2977} INFO - Setting next_dagrun for example_nested_branch_dag to 2022-09-14T00:00:00+00:00, run_after=2022-09-15T00:00:00+00:00
[2022-09-14T21:24:01.985-0300] {processor.py:161} INFO - Processing /home/juliana/Área de Trabalho/datapipeline/.env/lib/python3.8/site-packages/airflow/example_dags/example_nested_branch_dag.py took 0.143 seconds
[2022-09-14T21:24:36.224-0300] {processor.py:153} INFO - Started process (PID=21540) to work on /home/juliana/Área de Trabalho/datapipeline/.env/lib/python3.8/site-packages/airflow/example_dags/example_nested_branch_dag.py
[2022-09-14T21:24:36.227-0300] {processor.py:640} INFO - Processing file /home/juliana/Área de Trabalho/datapipeline/.env/lib/python3.8/site-packages/airflow/example_dags/example_nested_branch_dag.py for tasks to queue
[2022-09-14T21:24:36.229-0300] {logging_mixin.py:115} INFO - [2022-09-14T21:24:36.228-0300] {dagbag.py:508} INFO - Filling up the DagBag from /home/juliana/Área de Trabalho/datapipeline/.env/lib/python3.8/site-packages/airflow/example_dags/example_nested_branch_dag.py
[2022-09-14T21:24:36.254-0300] {processor.py:650} INFO - DAG(s) dict_keys(['example_nested_branch_dag']) retrieved from /home/juliana/Área de Trabalho/datapipeline/.env/lib/python3.8/site-packages/airflow/example_dags/example_nested_branch_dag.py
[2022-09-14T21:24:36.279-0300] {logging_mixin.py:115} INFO - [2022-09-14T21:24:36.278-0300] {dag.py:2429} INFO - Sync 1 DAGs
[2022-09-14T21:24:36.302-0300] {logging_mixin.py:115} INFO - [2022-09-14T21:24:36.302-0300] {dag.py:2977} INFO - Setting next_dagrun for example_nested_branch_dag to 2022-09-14T00:00:00+00:00, run_after=2022-09-15T00:00:00+00:00
[2022-09-14T21:24:36.319-0300] {processor.py:161} INFO - Processing /home/juliana/Área de Trabalho/datapipeline/.env/lib/python3.8/site-packages/airflow/example_dags/example_nested_branch_dag.py took 0.105 seconds
[2022-09-14T21:25:08.555-0300] {processor.py:153} INFO - Started process (PID=21578) to work on /home/juliana/Área de Trabalho/datapipeline/.env/lib/python3.8/site-packages/airflow/example_dags/example_nested_branch_dag.py
[2022-09-14T21:25:08.557-0300] {processor.py:640} INFO - Processing file /home/juliana/Área de Trabalho/datapipeline/.env/lib/python3.8/site-packages/airflow/example_dags/example_nested_branch_dag.py for tasks to queue
[2022-09-14T21:25:08.557-0300] {logging_mixin.py:115} INFO - [2022-09-14T21:25:08.557-0300] {dagbag.py:508} INFO - Filling up the DagBag from /home/juliana/Área de Trabalho/datapipeline/.env/lib/python3.8/site-packages/airflow/example_dags/example_nested_branch_dag.py
[2022-09-14T21:25:08.571-0300] {processor.py:650} INFO - DAG(s) dict_keys(['example_nested_branch_dag']) retrieved from /home/juliana/Área de Trabalho/datapipeline/.env/lib/python3.8/site-packages/airflow/example_dags/example_nested_branch_dag.py
[2022-09-14T21:25:08.587-0300] {logging_mixin.py:115} INFO - [2022-09-14T21:25:08.587-0300] {dag.py:2429} INFO - Sync 1 DAGs
[2022-09-14T21:25:08.604-0300] {logging_mixin.py:115} INFO - [2022-09-14T21:25:08.604-0300] {dag.py:2977} INFO - Setting next_dagrun for example_nested_branch_dag to 2022-09-14T00:00:00+00:00, run_after=2022-09-15T00:00:00+00:00
[2022-09-14T21:25:08.621-0300] {processor.py:161} INFO - Processing /home/juliana/Área de Trabalho/datapipeline/.env/lib/python3.8/site-packages/airflow/example_dags/example_nested_branch_dag.py took 0.071 seconds
[2022-09-14T21:25:41.998-0300] {processor.py:153} INFO - Started process (PID=21612) to work on /home/juliana/Área de Trabalho/datapipeline/.env/lib/python3.8/site-packages/airflow/example_dags/example_nested_branch_dag.py
[2022-09-14T21:25:41.999-0300] {processor.py:640} INFO - Processing file /home/juliana/Área de Trabalho/datapipeline/.env/lib/python3.8/site-packages/airflow/example_dags/example_nested_branch_dag.py for tasks to queue
[2022-09-14T21:25:42.000-0300] {logging_mixin.py:115} INFO - [2022-09-14T21:25:42.000-0300] {dagbag.py:508} INFO - Filling up the DagBag from /home/juliana/Área de Trabalho/datapipeline/.env/lib/python3.8/site-packages/airflow/example_dags/example_nested_branch_dag.py
[2022-09-14T21:25:42.016-0300] {processor.py:650} INFO - DAG(s) dict_keys(['example_nested_branch_dag']) retrieved from /home/juliana/Área de Trabalho/datapipeline/.env/lib/python3.8/site-packages/airflow/example_dags/example_nested_branch_dag.py
[2022-09-14T21:25:42.038-0300] {logging_mixin.py:115} INFO - [2022-09-14T21:25:42.038-0300] {dag.py:2429} INFO - Sync 1 DAGs
[2022-09-14T21:25:42.054-0300] {logging_mixin.py:115} INFO - [2022-09-14T21:25:42.054-0300] {dag.py:2977} INFO - Setting next_dagrun for example_nested_branch_dag to 2022-09-14T00:00:00+00:00, run_after=2022-09-15T00:00:00+00:00
[2022-09-14T21:25:42.069-0300] {processor.py:161} INFO - Processing /home/juliana/Área de Trabalho/datapipeline/.env/lib/python3.8/site-packages/airflow/example_dags/example_nested_branch_dag.py took 0.078 seconds
[2022-09-14T21:26:15.256-0300] {processor.py:153} INFO - Started process (PID=21646) to work on /home/juliana/Área de Trabalho/datapipeline/.env/lib/python3.8/site-packages/airflow/example_dags/example_nested_branch_dag.py
[2022-09-14T21:26:15.262-0300] {processor.py:640} INFO - Processing file /home/juliana/Área de Trabalho/datapipeline/.env/lib/python3.8/site-packages/airflow/example_dags/example_nested_branch_dag.py for tasks to queue
[2022-09-14T21:26:15.262-0300] {logging_mixin.py:115} INFO - [2022-09-14T21:26:15.262-0300] {dagbag.py:508} INFO - Filling up the DagBag from /home/juliana/Área de Trabalho/datapipeline/.env/lib/python3.8/site-packages/airflow/example_dags/example_nested_branch_dag.py
[2022-09-14T21:26:15.276-0300] {processor.py:650} INFO - DAG(s) dict_keys(['example_nested_branch_dag']) retrieved from /home/juliana/Área de Trabalho/datapipeline/.env/lib/python3.8/site-packages/airflow/example_dags/example_nested_branch_dag.py
[2022-09-14T21:26:15.294-0300] {logging_mixin.py:115} INFO - [2022-09-14T21:26:15.294-0300] {dag.py:2429} INFO - Sync 1 DAGs
[2022-09-14T21:26:15.313-0300] {logging_mixin.py:115} INFO - [2022-09-14T21:26:15.313-0300] {dag.py:2977} INFO - Setting next_dagrun for example_nested_branch_dag to 2022-09-14T00:00:00+00:00, run_after=2022-09-15T00:00:00+00:00
[2022-09-14T21:26:15.328-0300] {processor.py:161} INFO - Processing /home/juliana/Área de Trabalho/datapipeline/.env/lib/python3.8/site-packages/airflow/example_dags/example_nested_branch_dag.py took 0.076 seconds
[2022-09-14T21:26:47.921-0300] {processor.py:153} INFO - Started process (PID=21683) to work on /home/juliana/Área de Trabalho/datapipeline/.env/lib/python3.8/site-packages/airflow/example_dags/example_nested_branch_dag.py
[2022-09-14T21:26:47.922-0300] {processor.py:640} INFO - Processing file /home/juliana/Área de Trabalho/datapipeline/.env/lib/python3.8/site-packages/airflow/example_dags/example_nested_branch_dag.py for tasks to queue
[2022-09-14T21:26:47.924-0300] {logging_mixin.py:115} INFO - [2022-09-14T21:26:47.923-0300] {dagbag.py:508} INFO - Filling up the DagBag from /home/juliana/Área de Trabalho/datapipeline/.env/lib/python3.8/site-packages/airflow/example_dags/example_nested_branch_dag.py
[2022-09-14T21:26:47.939-0300] {processor.py:650} INFO - DAG(s) dict_keys(['example_nested_branch_dag']) retrieved from /home/juliana/Área de Trabalho/datapipeline/.env/lib/python3.8/site-packages/airflow/example_dags/example_nested_branch_dag.py
[2022-09-14T21:26:47.957-0300] {logging_mixin.py:115} INFO - [2022-09-14T21:26:47.957-0300] {dag.py:2429} INFO - Sync 1 DAGs
[2022-09-14T21:26:47.973-0300] {logging_mixin.py:115} INFO - [2022-09-14T21:26:47.973-0300] {dag.py:2977} INFO - Setting next_dagrun for example_nested_branch_dag to 2022-09-14T00:00:00+00:00, run_after=2022-09-15T00:00:00+00:00
[2022-09-14T21:26:47.994-0300] {processor.py:161} INFO - Processing /home/juliana/Área de Trabalho/datapipeline/.env/lib/python3.8/site-packages/airflow/example_dags/example_nested_branch_dag.py took 0.078 seconds
[2022-09-14T21:27:25.767-0300] {processor.py:153} INFO - Started process (PID=21765) to work on /home/juliana/Área de Trabalho/datapipeline/.env/lib/python3.8/site-packages/airflow/example_dags/example_nested_branch_dag.py
[2022-09-14T21:27:25.774-0300] {processor.py:640} INFO - Processing file /home/juliana/Área de Trabalho/datapipeline/.env/lib/python3.8/site-packages/airflow/example_dags/example_nested_branch_dag.py for tasks to queue
[2022-09-14T21:27:25.774-0300] {logging_mixin.py:115} INFO - [2022-09-14T21:27:25.774-0300] {dagbag.py:508} INFO - Filling up the DagBag from /home/juliana/Área de Trabalho/datapipeline/.env/lib/python3.8/site-packages/airflow/example_dags/example_nested_branch_dag.py
[2022-09-14T21:27:25.826-0300] {processor.py:650} INFO - DAG(s) dict_keys(['example_nested_branch_dag']) retrieved from /home/juliana/Área de Trabalho/datapipeline/.env/lib/python3.8/site-packages/airflow/example_dags/example_nested_branch_dag.py
[2022-09-14T21:27:25.893-0300] {logging_mixin.py:115} INFO - [2022-09-14T21:27:25.893-0300] {dag.py:2429} INFO - Sync 1 DAGs
[2022-09-14T21:27:25.972-0300] {logging_mixin.py:115} INFO - [2022-09-14T21:27:25.970-0300] {dag.py:2977} INFO - Setting next_dagrun for example_nested_branch_dag to 2022-09-14T00:00:00+00:00, run_after=2022-09-15T00:00:00+00:00
[2022-09-14T21:27:26.037-0300] {processor.py:161} INFO - Processing /home/juliana/Área de Trabalho/datapipeline/.env/lib/python3.8/site-packages/airflow/example_dags/example_nested_branch_dag.py took 0.283 seconds
[2022-09-14T21:32:58.395-0300] {processor.py:153} INFO - Started process (PID=21856) to work on /home/juliana/Área de Trabalho/datapipeline/.env/lib/python3.8/site-packages/airflow/example_dags/example_nested_branch_dag.py
[2022-09-14T21:32:58.404-0300] {processor.py:640} INFO - Processing file /home/juliana/Área de Trabalho/datapipeline/.env/lib/python3.8/site-packages/airflow/example_dags/example_nested_branch_dag.py for tasks to queue
[2022-09-14T21:32:58.408-0300] {logging_mixin.py:115} INFO - [2022-09-14T21:32:58.408-0300] {dagbag.py:508} INFO - Filling up the DagBag from /home/juliana/Área de Trabalho/datapipeline/.env/lib/python3.8/site-packages/airflow/example_dags/example_nested_branch_dag.py
[2022-09-14T21:32:58.497-0300] {processor.py:650} INFO - DAG(s) dict_keys(['example_nested_branch_dag']) retrieved from /home/juliana/Área de Trabalho/datapipeline/.env/lib/python3.8/site-packages/airflow/example_dags/example_nested_branch_dag.py
[2022-09-14T21:32:58.672-0300] {logging_mixin.py:115} INFO - [2022-09-14T21:32:58.668-0300] {dag.py:2429} INFO - Sync 1 DAGs
[2022-09-14T21:32:59.005-0300] {logging_mixin.py:115} INFO - [2022-09-14T21:32:58.978-0300] {dag.py:2977} INFO - Setting next_dagrun for example_nested_branch_dag to 2022-09-14T00:00:00+00:00, run_after=2022-09-15T00:00:00+00:00
[2022-09-14T21:32:59.781-0300] {processor.py:161} INFO - Processing /home/juliana/Área de Trabalho/datapipeline/.env/lib/python3.8/site-packages/airflow/example_dags/example_nested_branch_dag.py took 1.399 seconds
[2022-09-14T21:37:56.034-0300] {processor.py:153} INFO - Started process (PID=21949) to work on /home/juliana/Área de Trabalho/datapipeline/.env/lib/python3.8/site-packages/airflow/example_dags/example_nested_branch_dag.py
[2022-09-14T21:37:56.313-0300] {processor.py:640} INFO - Processing file /home/juliana/Área de Trabalho/datapipeline/.env/lib/python3.8/site-packages/airflow/example_dags/example_nested_branch_dag.py for tasks to queue
[2022-09-14T21:37:56.397-0300] {logging_mixin.py:115} INFO - [2022-09-14T21:37:56.390-0300] {dagbag.py:508} INFO - Filling up the DagBag from /home/juliana/Área de Trabalho/datapipeline/.env/lib/python3.8/site-packages/airflow/example_dags/example_nested_branch_dag.py
[2022-09-14T21:37:58.927-0300] {processor.py:650} INFO - DAG(s) dict_keys(['example_nested_branch_dag']) retrieved from /home/juliana/Área de Trabalho/datapipeline/.env/lib/python3.8/site-packages/airflow/example_dags/example_nested_branch_dag.py
[2022-09-14T21:38:05.742-0300] {logging_mixin.py:115} INFO - [2022-09-14T21:38:05.337-0300] {dag.py:2429} INFO - Sync 1 DAGs
[2022-09-14T21:38:17.518-0300] {logging_mixin.py:115} INFO - [2022-09-14T21:38:17.495-0300] {dag.py:2977} INFO - Setting next_dagrun for example_nested_branch_dag to 2022-09-14T00:00:00+00:00, run_after=2022-09-15T00:00:00+00:00
[2022-09-14T21:38:18.965-0300] {processor.py:161} INFO - Processing /home/juliana/Área de Trabalho/datapipeline/.env/lib/python3.8/site-packages/airflow/example_dags/example_nested_branch_dag.py took 23.048 seconds
[2022-09-15T13:35:21.278-0300] {processor.py:153} INFO - Started process (PID=7007) to work on /home/juliana/Área de Trabalho/datapipeline/.env/lib/python3.8/site-packages/airflow/example_dags/example_nested_branch_dag.py
[2022-09-15T13:35:21.281-0300] {processor.py:640} INFO - Processing file /home/juliana/Área de Trabalho/datapipeline/.env/lib/python3.8/site-packages/airflow/example_dags/example_nested_branch_dag.py for tasks to queue
[2022-09-15T13:35:21.283-0300] {logging_mixin.py:115} INFO - [2022-09-15T13:35:21.282-0300] {dagbag.py:508} INFO - Filling up the DagBag from /home/juliana/Área de Trabalho/datapipeline/.env/lib/python3.8/site-packages/airflow/example_dags/example_nested_branch_dag.py
[2022-09-15T13:35:21.298-0300] {processor.py:650} INFO - DAG(s) dict_keys(['example_nested_branch_dag']) retrieved from /home/juliana/Área de Trabalho/datapipeline/.env/lib/python3.8/site-packages/airflow/example_dags/example_nested_branch_dag.py
[2022-09-15T13:35:21.318-0300] {logging_mixin.py:115} INFO - [2022-09-15T13:35:21.317-0300] {dag.py:2429} INFO - Sync 1 DAGs
[2022-09-15T13:35:21.358-0300] {logging_mixin.py:115} INFO - [2022-09-15T13:35:21.357-0300] {dag.py:2977} INFO - Setting next_dagrun for example_nested_branch_dag to 2022-09-14T00:00:00+00:00, run_after=2022-09-15T00:00:00+00:00
[2022-09-15T13:35:21.381-0300] {processor.py:161} INFO - Processing /home/juliana/Área de Trabalho/datapipeline/.env/lib/python3.8/site-packages/airflow/example_dags/example_nested_branch_dag.py took 0.107 seconds
[2022-09-15T13:36:05.917-0300] {processor.py:153} INFO - Started process (PID=7416) to work on /home/juliana/Área de Trabalho/datapipeline/.env/lib/python3.8/site-packages/airflow/example_dags/example_nested_branch_dag.py
[2022-09-15T13:36:05.926-0300] {processor.py:640} INFO - Processing file /home/juliana/Área de Trabalho/datapipeline/.env/lib/python3.8/site-packages/airflow/example_dags/example_nested_branch_dag.py for tasks to queue
[2022-09-15T13:36:05.927-0300] {logging_mixin.py:115} INFO - [2022-09-15T13:36:05.926-0300] {dagbag.py:508} INFO - Filling up the DagBag from /home/juliana/Área de Trabalho/datapipeline/.env/lib/python3.8/site-packages/airflow/example_dags/example_nested_branch_dag.py
[2022-09-15T13:36:05.961-0300] {processor.py:650} INFO - DAG(s) dict_keys(['example_nested_branch_dag']) retrieved from /home/juliana/Área de Trabalho/datapipeline/.env/lib/python3.8/site-packages/airflow/example_dags/example_nested_branch_dag.py
[2022-09-15T13:36:06.001-0300] {logging_mixin.py:115} INFO - [2022-09-15T13:36:06.001-0300] {dag.py:2429} INFO - Sync 1 DAGs
[2022-09-15T13:36:06.047-0300] {logging_mixin.py:115} INFO - [2022-09-15T13:36:06.047-0300] {dag.py:2977} INFO - Setting next_dagrun for example_nested_branch_dag to 2022-09-14T00:00:00+00:00, run_after=2022-09-15T00:00:00+00:00
[2022-09-15T13:36:06.072-0300] {processor.py:161} INFO - Processing /home/juliana/Área de Trabalho/datapipeline/.env/lib/python3.8/site-packages/airflow/example_dags/example_nested_branch_dag.py took 0.159 seconds
[2022-09-15T13:36:43.827-0300] {processor.py:153} INFO - Started process (PID=7559) to work on /home/juliana/Área de Trabalho/datapipeline/.env/lib/python3.8/site-packages/airflow/example_dags/example_nested_branch_dag.py
[2022-09-15T13:36:43.834-0300] {processor.py:640} INFO - Processing file /home/juliana/Área de Trabalho/datapipeline/.env/lib/python3.8/site-packages/airflow/example_dags/example_nested_branch_dag.py for tasks to queue
[2022-09-15T13:36:43.835-0300] {logging_mixin.py:115} INFO - [2022-09-15T13:36:43.835-0300] {dagbag.py:508} INFO - Filling up the DagBag from /home/juliana/Área de Trabalho/datapipeline/.env/lib/python3.8/site-packages/airflow/example_dags/example_nested_branch_dag.py
[2022-09-15T13:36:43.853-0300] {processor.py:650} INFO - DAG(s) dict_keys(['example_nested_branch_dag']) retrieved from /home/juliana/Área de Trabalho/datapipeline/.env/lib/python3.8/site-packages/airflow/example_dags/example_nested_branch_dag.py
[2022-09-15T13:36:43.877-0300] {logging_mixin.py:115} INFO - [2022-09-15T13:36:43.877-0300] {dag.py:2429} INFO - Sync 1 DAGs
[2022-09-15T13:36:43.898-0300] {logging_mixin.py:115} INFO - [2022-09-15T13:36:43.898-0300] {dag.py:2977} INFO - Setting next_dagrun for example_nested_branch_dag to 2022-09-14T00:00:00+00:00, run_after=2022-09-15T00:00:00+00:00
[2022-09-15T13:36:43.917-0300] {processor.py:161} INFO - Processing /home/juliana/Área de Trabalho/datapipeline/.env/lib/python3.8/site-packages/airflow/example_dags/example_nested_branch_dag.py took 0.096 seconds
[2022-09-15T13:37:20.575-0300] {processor.py:153} INFO - Started process (PID=7691) to work on /home/juliana/Área de Trabalho/datapipeline/.env/lib/python3.8/site-packages/airflow/example_dags/example_nested_branch_dag.py
[2022-09-15T13:37:20.581-0300] {processor.py:640} INFO - Processing file /home/juliana/Área de Trabalho/datapipeline/.env/lib/python3.8/site-packages/airflow/example_dags/example_nested_branch_dag.py for tasks to queue
[2022-09-15T13:37:20.582-0300] {logging_mixin.py:115} INFO - [2022-09-15T13:37:20.582-0300] {dagbag.py:508} INFO - Filling up the DagBag from /home/juliana/Área de Trabalho/datapipeline/.env/lib/python3.8/site-packages/airflow/example_dags/example_nested_branch_dag.py
[2022-09-15T13:37:20.596-0300] {processor.py:650} INFO - DAG(s) dict_keys(['example_nested_branch_dag']) retrieved from /home/juliana/Área de Trabalho/datapipeline/.env/lib/python3.8/site-packages/airflow/example_dags/example_nested_branch_dag.py
[2022-09-15T13:37:20.614-0300] {logging_mixin.py:115} INFO - [2022-09-15T13:37:20.614-0300] {dag.py:2429} INFO - Sync 1 DAGs
[2022-09-15T13:37:20.636-0300] {logging_mixin.py:115} INFO - [2022-09-15T13:37:20.636-0300] {dag.py:2977} INFO - Setting next_dagrun for example_nested_branch_dag to 2022-09-14T00:00:00+00:00, run_after=2022-09-15T00:00:00+00:00
[2022-09-15T13:37:20.655-0300] {processor.py:161} INFO - Processing /home/juliana/Área de Trabalho/datapipeline/.env/lib/python3.8/site-packages/airflow/example_dags/example_nested_branch_dag.py took 0.086 seconds
[2022-09-15T13:38:01.263-0300] {processor.py:153} INFO - Started process (PID=7832) to work on /home/juliana/Área de Trabalho/datapipeline/.env/lib/python3.8/site-packages/airflow/example_dags/example_nested_branch_dag.py
[2022-09-15T13:38:01.269-0300] {processor.py:640} INFO - Processing file /home/juliana/Área de Trabalho/datapipeline/.env/lib/python3.8/site-packages/airflow/example_dags/example_nested_branch_dag.py for tasks to queue
[2022-09-15T13:38:01.269-0300] {logging_mixin.py:115} INFO - [2022-09-15T13:38:01.269-0300] {dagbag.py:508} INFO - Filling up the DagBag from /home/juliana/Área de Trabalho/datapipeline/.env/lib/python3.8/site-packages/airflow/example_dags/example_nested_branch_dag.py
[2022-09-15T13:38:01.293-0300] {processor.py:650} INFO - DAG(s) dict_keys(['example_nested_branch_dag']) retrieved from /home/juliana/Área de Trabalho/datapipeline/.env/lib/python3.8/site-packages/airflow/example_dags/example_nested_branch_dag.py
[2022-09-15T13:38:01.329-0300] {logging_mixin.py:115} INFO - [2022-09-15T13:38:01.329-0300] {dag.py:2429} INFO - Sync 1 DAGs
[2022-09-15T13:38:01.378-0300] {logging_mixin.py:115} INFO - [2022-09-15T13:38:01.378-0300] {dag.py:2977} INFO - Setting next_dagrun for example_nested_branch_dag to 2022-09-14T00:00:00+00:00, run_after=2022-09-15T00:00:00+00:00
[2022-09-15T13:38:01.403-0300] {processor.py:161} INFO - Processing /home/juliana/Área de Trabalho/datapipeline/.env/lib/python3.8/site-packages/airflow/example_dags/example_nested_branch_dag.py took 0.144 seconds
[2022-09-15T13:38:39.747-0300] {processor.py:153} INFO - Started process (PID=7965) to work on /home/juliana/Área de Trabalho/datapipeline/.env/lib/python3.8/site-packages/airflow/example_dags/example_nested_branch_dag.py
[2022-09-15T13:38:39.755-0300] {processor.py:640} INFO - Processing file /home/juliana/Área de Trabalho/datapipeline/.env/lib/python3.8/site-packages/airflow/example_dags/example_nested_branch_dag.py for tasks to queue
[2022-09-15T13:38:39.756-0300] {logging_mixin.py:115} INFO - [2022-09-15T13:38:39.756-0300] {dagbag.py:508} INFO - Filling up the DagBag from /home/juliana/Área de Trabalho/datapipeline/.env/lib/python3.8/site-packages/airflow/example_dags/example_nested_branch_dag.py
[2022-09-15T13:38:39.780-0300] {processor.py:650} INFO - DAG(s) dict_keys(['example_nested_branch_dag']) retrieved from /home/juliana/Área de Trabalho/datapipeline/.env/lib/python3.8/site-packages/airflow/example_dags/example_nested_branch_dag.py
[2022-09-15T13:38:39.815-0300] {logging_mixin.py:115} INFO - [2022-09-15T13:38:39.815-0300] {dag.py:2429} INFO - Sync 1 DAGs
[2022-09-15T13:38:39.908-0300] {logging_mixin.py:115} INFO - [2022-09-15T13:38:39.908-0300] {dag.py:2977} INFO - Setting next_dagrun for example_nested_branch_dag to 2022-09-14T00:00:00+00:00, run_after=2022-09-15T00:00:00+00:00
[2022-09-15T13:38:39.995-0300] {processor.py:161} INFO - Processing /home/juliana/Área de Trabalho/datapipeline/.env/lib/python3.8/site-packages/airflow/example_dags/example_nested_branch_dag.py took 0.255 seconds
[2022-09-15T13:39:13.894-0300] {processor.py:153} INFO - Started process (PID=8081) to work on /home/juliana/Área de Trabalho/datapipeline/.env/lib/python3.8/site-packages/airflow/example_dags/example_nested_branch_dag.py
[2022-09-15T13:39:13.903-0300] {processor.py:640} INFO - Processing file /home/juliana/Área de Trabalho/datapipeline/.env/lib/python3.8/site-packages/airflow/example_dags/example_nested_branch_dag.py for tasks to queue
[2022-09-15T13:39:13.904-0300] {logging_mixin.py:115} INFO - [2022-09-15T13:39:13.904-0300] {dagbag.py:508} INFO - Filling up the DagBag from /home/juliana/Área de Trabalho/datapipeline/.env/lib/python3.8/site-packages/airflow/example_dags/example_nested_branch_dag.py
[2022-09-15T13:39:13.927-0300] {processor.py:650} INFO - DAG(s) dict_keys(['example_nested_branch_dag']) retrieved from /home/juliana/Área de Trabalho/datapipeline/.env/lib/python3.8/site-packages/airflow/example_dags/example_nested_branch_dag.py
[2022-09-15T13:39:13.954-0300] {logging_mixin.py:115} INFO - [2022-09-15T13:39:13.954-0300] {dag.py:2429} INFO - Sync 1 DAGs
[2022-09-15T13:39:13.976-0300] {logging_mixin.py:115} INFO - [2022-09-15T13:39:13.976-0300] {dag.py:2977} INFO - Setting next_dagrun for example_nested_branch_dag to 2022-09-14T00:00:00+00:00, run_after=2022-09-15T00:00:00+00:00
[2022-09-15T13:39:13.997-0300] {processor.py:161} INFO - Processing /home/juliana/Área de Trabalho/datapipeline/.env/lib/python3.8/site-packages/airflow/example_dags/example_nested_branch_dag.py took 0.108 seconds
[2022-09-15T13:39:51.696-0300] {processor.py:153} INFO - Started process (PID=8212) to work on /home/juliana/Área de Trabalho/datapipeline/.env/lib/python3.8/site-packages/airflow/example_dags/example_nested_branch_dag.py
[2022-09-15T13:39:51.704-0300] {processor.py:640} INFO - Processing file /home/juliana/Área de Trabalho/datapipeline/.env/lib/python3.8/site-packages/airflow/example_dags/example_nested_branch_dag.py for tasks to queue
[2022-09-15T13:39:51.705-0300] {logging_mixin.py:115} INFO - [2022-09-15T13:39:51.705-0300] {dagbag.py:508} INFO - Filling up the DagBag from /home/juliana/Área de Trabalho/datapipeline/.env/lib/python3.8/site-packages/airflow/example_dags/example_nested_branch_dag.py
[2022-09-15T13:39:51.729-0300] {processor.py:650} INFO - DAG(s) dict_keys(['example_nested_branch_dag']) retrieved from /home/juliana/Área de Trabalho/datapipeline/.env/lib/python3.8/site-packages/airflow/example_dags/example_nested_branch_dag.py
[2022-09-15T13:39:51.765-0300] {logging_mixin.py:115} INFO - [2022-09-15T13:39:51.765-0300] {dag.py:2429} INFO - Sync 1 DAGs
[2022-09-15T13:39:51.829-0300] {logging_mixin.py:115} INFO - [2022-09-15T13:39:51.829-0300] {dag.py:2977} INFO - Setting next_dagrun for example_nested_branch_dag to 2022-09-14T00:00:00+00:00, run_after=2022-09-15T00:00:00+00:00
[2022-09-15T13:39:51.857-0300] {processor.py:161} INFO - Processing /home/juliana/Área de Trabalho/datapipeline/.env/lib/python3.8/site-packages/airflow/example_dags/example_nested_branch_dag.py took 0.167 seconds
[2022-09-15T13:40:31.662-0300] {processor.py:153} INFO - Started process (PID=8348) to work on /home/juliana/Área de Trabalho/datapipeline/.env/lib/python3.8/site-packages/airflow/example_dags/example_nested_branch_dag.py
[2022-09-15T13:40:31.668-0300] {processor.py:640} INFO - Processing file /home/juliana/Área de Trabalho/datapipeline/.env/lib/python3.8/site-packages/airflow/example_dags/example_nested_branch_dag.py for tasks to queue
[2022-09-15T13:40:31.669-0300] {logging_mixin.py:115} INFO - [2022-09-15T13:40:31.669-0300] {dagbag.py:508} INFO - Filling up the DagBag from /home/juliana/Área de Trabalho/datapipeline/.env/lib/python3.8/site-packages/airflow/example_dags/example_nested_branch_dag.py
[2022-09-15T13:40:31.711-0300] {processor.py:650} INFO - DAG(s) dict_keys(['example_nested_branch_dag']) retrieved from /home/juliana/Área de Trabalho/datapipeline/.env/lib/python3.8/site-packages/airflow/example_dags/example_nested_branch_dag.py
[2022-09-15T13:40:31.758-0300] {logging_mixin.py:115} INFO - [2022-09-15T13:40:31.758-0300] {dag.py:2429} INFO - Sync 1 DAGs
[2022-09-15T13:40:31.834-0300] {logging_mixin.py:115} INFO - [2022-09-15T13:40:31.819-0300] {dag.py:2977} INFO - Setting next_dagrun for example_nested_branch_dag to 2022-09-14T00:00:00+00:00, run_after=2022-09-15T00:00:00+00:00
[2022-09-15T13:40:31.875-0300] {processor.py:161} INFO - Processing /home/juliana/Área de Trabalho/datapipeline/.env/lib/python3.8/site-packages/airflow/example_dags/example_nested_branch_dag.py took 0.225 seconds
[2022-09-15T13:41:06.770-0300] {processor.py:153} INFO - Started process (PID=8483) to work on /home/juliana/Área de Trabalho/datapipeline/.env/lib/python3.8/site-packages/airflow/example_dags/example_nested_branch_dag.py
[2022-09-15T13:41:06.773-0300] {processor.py:640} INFO - Processing file /home/juliana/Área de Trabalho/datapipeline/.env/lib/python3.8/site-packages/airflow/example_dags/example_nested_branch_dag.py for tasks to queue
[2022-09-15T13:41:06.774-0300] {logging_mixin.py:115} INFO - [2022-09-15T13:41:06.774-0300] {dagbag.py:508} INFO - Filling up the DagBag from /home/juliana/Área de Trabalho/datapipeline/.env/lib/python3.8/site-packages/airflow/example_dags/example_nested_branch_dag.py
[2022-09-15T13:41:06.792-0300] {processor.py:650} INFO - DAG(s) dict_keys(['example_nested_branch_dag']) retrieved from /home/juliana/Área de Trabalho/datapipeline/.env/lib/python3.8/site-packages/airflow/example_dags/example_nested_branch_dag.py
[2022-09-15T13:41:06.815-0300] {logging_mixin.py:115} INFO - [2022-09-15T13:41:06.815-0300] {dag.py:2429} INFO - Sync 1 DAGs
[2022-09-15T13:41:06.833-0300] {logging_mixin.py:115} INFO - [2022-09-15T13:41:06.833-0300] {dag.py:2977} INFO - Setting next_dagrun for example_nested_branch_dag to 2022-09-14T00:00:00+00:00, run_after=2022-09-15T00:00:00+00:00
[2022-09-15T13:41:06.852-0300] {processor.py:161} INFO - Processing /home/juliana/Área de Trabalho/datapipeline/.env/lib/python3.8/site-packages/airflow/example_dags/example_nested_branch_dag.py took 0.088 seconds
[2022-09-15T13:41:41.961-0300] {processor.py:153} INFO - Started process (PID=8609) to work on /home/juliana/Área de Trabalho/datapipeline/.env/lib/python3.8/site-packages/airflow/example_dags/example_nested_branch_dag.py
[2022-09-15T13:41:41.968-0300] {processor.py:640} INFO - Processing file /home/juliana/Área de Trabalho/datapipeline/.env/lib/python3.8/site-packages/airflow/example_dags/example_nested_branch_dag.py for tasks to queue
[2022-09-15T13:41:41.969-0300] {logging_mixin.py:115} INFO - [2022-09-15T13:41:41.969-0300] {dagbag.py:508} INFO - Filling up the DagBag from /home/juliana/Área de Trabalho/datapipeline/.env/lib/python3.8/site-packages/airflow/example_dags/example_nested_branch_dag.py
[2022-09-15T13:41:41.982-0300] {processor.py:650} INFO - DAG(s) dict_keys(['example_nested_branch_dag']) retrieved from /home/juliana/Área de Trabalho/datapipeline/.env/lib/python3.8/site-packages/airflow/example_dags/example_nested_branch_dag.py
[2022-09-15T13:41:42.002-0300] {logging_mixin.py:115} INFO - [2022-09-15T13:41:42.002-0300] {dag.py:2429} INFO - Sync 1 DAGs
[2022-09-15T13:41:42.020-0300] {logging_mixin.py:115} INFO - [2022-09-15T13:41:42.020-0300] {dag.py:2977} INFO - Setting next_dagrun for example_nested_branch_dag to 2022-09-14T00:00:00+00:00, run_after=2022-09-15T00:00:00+00:00
[2022-09-15T13:41:42.038-0300] {processor.py:161} INFO - Processing /home/juliana/Área de Trabalho/datapipeline/.env/lib/python3.8/site-packages/airflow/example_dags/example_nested_branch_dag.py took 0.083 seconds
[2022-09-15T13:42:16.890-0300] {processor.py:153} INFO - Started process (PID=8743) to work on /home/juliana/Área de Trabalho/datapipeline/.env/lib/python3.8/site-packages/airflow/example_dags/example_nested_branch_dag.py
[2022-09-15T13:42:16.899-0300] {processor.py:640} INFO - Processing file /home/juliana/Área de Trabalho/datapipeline/.env/lib/python3.8/site-packages/airflow/example_dags/example_nested_branch_dag.py for tasks to queue
[2022-09-15T13:42:16.900-0300] {logging_mixin.py:115} INFO - [2022-09-15T13:42:16.900-0300] {dagbag.py:508} INFO - Filling up the DagBag from /home/juliana/Área de Trabalho/datapipeline/.env/lib/python3.8/site-packages/airflow/example_dags/example_nested_branch_dag.py
[2022-09-15T13:42:16.919-0300] {processor.py:650} INFO - DAG(s) dict_keys(['example_nested_branch_dag']) retrieved from /home/juliana/Área de Trabalho/datapipeline/.env/lib/python3.8/site-packages/airflow/example_dags/example_nested_branch_dag.py
[2022-09-15T13:42:16.948-0300] {logging_mixin.py:115} INFO - [2022-09-15T13:42:16.948-0300] {dag.py:2429} INFO - Sync 1 DAGs
[2022-09-15T13:42:16.969-0300] {logging_mixin.py:115} INFO - [2022-09-15T13:42:16.969-0300] {dag.py:2977} INFO - Setting next_dagrun for example_nested_branch_dag to 2022-09-14T00:00:00+00:00, run_after=2022-09-15T00:00:00+00:00
[2022-09-15T13:42:16.988-0300] {processor.py:161} INFO - Processing /home/juliana/Área de Trabalho/datapipeline/.env/lib/python3.8/site-packages/airflow/example_dags/example_nested_branch_dag.py took 0.104 seconds
[2022-09-15T13:43:01.514-0300] {processor.py:153} INFO - Started process (PID=8885) to work on /home/juliana/Área de Trabalho/datapipeline/.env/lib/python3.8/site-packages/airflow/example_dags/example_nested_branch_dag.py
[2022-09-15T13:43:01.522-0300] {processor.py:640} INFO - Processing file /home/juliana/Área de Trabalho/datapipeline/.env/lib/python3.8/site-packages/airflow/example_dags/example_nested_branch_dag.py for tasks to queue
[2022-09-15T13:43:01.533-0300] {logging_mixin.py:115} INFO - [2022-09-15T13:43:01.532-0300] {dagbag.py:508} INFO - Filling up the DagBag from /home/juliana/Área de Trabalho/datapipeline/.env/lib/python3.8/site-packages/airflow/example_dags/example_nested_branch_dag.py
[2022-09-15T13:43:01.561-0300] {processor.py:650} INFO - DAG(s) dict_keys(['example_nested_branch_dag']) retrieved from /home/juliana/Área de Trabalho/datapipeline/.env/lib/python3.8/site-packages/airflow/example_dags/example_nested_branch_dag.py
[2022-09-15T13:43:01.626-0300] {logging_mixin.py:115} INFO - [2022-09-15T13:43:01.626-0300] {dag.py:2429} INFO - Sync 1 DAGs
[2022-09-15T13:43:01.761-0300] {logging_mixin.py:115} INFO - [2022-09-15T13:43:01.761-0300] {dag.py:2977} INFO - Setting next_dagrun for example_nested_branch_dag to 2022-09-14T00:00:00+00:00, run_after=2022-09-15T00:00:00+00:00
[2022-09-15T13:43:02.150-0300] {processor.py:161} INFO - Processing /home/juliana/Área de Trabalho/datapipeline/.env/lib/python3.8/site-packages/airflow/example_dags/example_nested_branch_dag.py took 0.645 seconds
