[2022-09-14T21:00:13.585-0300] {processor.py:153} INFO - Started process (PID=19977) to work on /home/juliana/Área de Trabalho/datapipeline/.env/lib/python3.8/site-packages/airflow/example_dags/example_kubernetes_executor.py
[2022-09-14T21:00:13.586-0300] {processor.py:640} INFO - Processing file /home/juliana/Área de Trabalho/datapipeline/.env/lib/python3.8/site-packages/airflow/example_dags/example_kubernetes_executor.py for tasks to queue
[2022-09-14T21:00:13.588-0300] {logging_mixin.py:115} INFO - [2022-09-14T21:00:13.587-0300] {dagbag.py:508} INFO - Filling up the DagBag from /home/juliana/Área de Trabalho/datapipeline/.env/lib/python3.8/site-packages/airflow/example_dags/example_kubernetes_executor.py
[2022-09-14T21:00:13.607-0300] {logging_mixin.py:115} INFO - [2022-09-14T21:00:13.607-0300] {example_kubernetes_executor.py:39} WARNING - The example_kubernetes_executor example DAG requires the kubernetes provider. Please install it with: pip install apache-airflow[cncf.kubernetes]
[2022-09-14T21:00:13.607-0300] {processor.py:652} WARNING - No viable dags retrieved from /home/juliana/Área de Trabalho/datapipeline/.env/lib/python3.8/site-packages/airflow/example_dags/example_kubernetes_executor.py
[2022-09-14T21:00:13.618-0300] {processor.py:161} INFO - Processing /home/juliana/Área de Trabalho/datapipeline/.env/lib/python3.8/site-packages/airflow/example_dags/example_kubernetes_executor.py took 0.039 seconds
[2022-09-14T21:00:48.429-0300] {processor.py:153} INFO - Started process (PID=20013) to work on /home/juliana/Área de Trabalho/datapipeline/.env/lib/python3.8/site-packages/airflow/example_dags/example_kubernetes_executor.py
[2022-09-14T21:00:48.430-0300] {processor.py:640} INFO - Processing file /home/juliana/Área de Trabalho/datapipeline/.env/lib/python3.8/site-packages/airflow/example_dags/example_kubernetes_executor.py for tasks to queue
[2022-09-14T21:00:48.431-0300] {logging_mixin.py:115} INFO - [2022-09-14T21:00:48.430-0300] {dagbag.py:508} INFO - Filling up the DagBag from /home/juliana/Área de Trabalho/datapipeline/.env/lib/python3.8/site-packages/airflow/example_dags/example_kubernetes_executor.py
[2022-09-14T21:00:48.448-0300] {logging_mixin.py:115} INFO - [2022-09-14T21:00:48.447-0300] {example_kubernetes_executor.py:39} WARNING - The example_kubernetes_executor example DAG requires the kubernetes provider. Please install it with: pip install apache-airflow[cncf.kubernetes]
[2022-09-14T21:00:48.448-0300] {processor.py:652} WARNING - No viable dags retrieved from /home/juliana/Área de Trabalho/datapipeline/.env/lib/python3.8/site-packages/airflow/example_dags/example_kubernetes_executor.py
[2022-09-14T21:00:48.459-0300] {processor.py:161} INFO - Processing /home/juliana/Área de Trabalho/datapipeline/.env/lib/python3.8/site-packages/airflow/example_dags/example_kubernetes_executor.py took 0.034 seconds
[2022-09-14T21:01:21.212-0300] {processor.py:153} INFO - Started process (PID=20047) to work on /home/juliana/Área de Trabalho/datapipeline/.env/lib/python3.8/site-packages/airflow/example_dags/example_kubernetes_executor.py
[2022-09-14T21:01:21.213-0300] {processor.py:640} INFO - Processing file /home/juliana/Área de Trabalho/datapipeline/.env/lib/python3.8/site-packages/airflow/example_dags/example_kubernetes_executor.py for tasks to queue
[2022-09-14T21:01:21.214-0300] {logging_mixin.py:115} INFO - [2022-09-14T21:01:21.214-0300] {dagbag.py:508} INFO - Filling up the DagBag from /home/juliana/Área de Trabalho/datapipeline/.env/lib/python3.8/site-packages/airflow/example_dags/example_kubernetes_executor.py
[2022-09-14T21:01:21.227-0300] {logging_mixin.py:115} INFO - [2022-09-14T21:01:21.227-0300] {example_kubernetes_executor.py:39} WARNING - The example_kubernetes_executor example DAG requires the kubernetes provider. Please install it with: pip install apache-airflow[cncf.kubernetes]
[2022-09-14T21:01:21.227-0300] {processor.py:652} WARNING - No viable dags retrieved from /home/juliana/Área de Trabalho/datapipeline/.env/lib/python3.8/site-packages/airflow/example_dags/example_kubernetes_executor.py
[2022-09-14T21:01:21.236-0300] {processor.py:161} INFO - Processing /home/juliana/Área de Trabalho/datapipeline/.env/lib/python3.8/site-packages/airflow/example_dags/example_kubernetes_executor.py took 0.026 seconds
[2022-09-14T21:01:55.114-0300] {processor.py:153} INFO - Started process (PID=20083) to work on /home/juliana/Área de Trabalho/datapipeline/.env/lib/python3.8/site-packages/airflow/example_dags/example_kubernetes_executor.py
[2022-09-14T21:01:55.116-0300] {processor.py:640} INFO - Processing file /home/juliana/Área de Trabalho/datapipeline/.env/lib/python3.8/site-packages/airflow/example_dags/example_kubernetes_executor.py for tasks to queue
[2022-09-14T21:01:55.116-0300] {logging_mixin.py:115} INFO - [2022-09-14T21:01:55.116-0300] {dagbag.py:508} INFO - Filling up the DagBag from /home/juliana/Área de Trabalho/datapipeline/.env/lib/python3.8/site-packages/airflow/example_dags/example_kubernetes_executor.py
[2022-09-14T21:01:55.142-0300] {logging_mixin.py:115} INFO - [2022-09-14T21:01:55.142-0300] {example_kubernetes_executor.py:39} WARNING - The example_kubernetes_executor example DAG requires the kubernetes provider. Please install it with: pip install apache-airflow[cncf.kubernetes]
[2022-09-14T21:01:55.143-0300] {processor.py:652} WARNING - No viable dags retrieved from /home/juliana/Área de Trabalho/datapipeline/.env/lib/python3.8/site-packages/airflow/example_dags/example_kubernetes_executor.py
[2022-09-14T21:01:55.153-0300] {processor.py:161} INFO - Processing /home/juliana/Área de Trabalho/datapipeline/.env/lib/python3.8/site-packages/airflow/example_dags/example_kubernetes_executor.py took 0.044 seconds
[2022-09-14T21:02:30.037-0300] {processor.py:153} INFO - Started process (PID=20148) to work on /home/juliana/Área de Trabalho/datapipeline/.env/lib/python3.8/site-packages/airflow/example_dags/example_kubernetes_executor.py
[2022-09-14T21:02:30.041-0300] {processor.py:640} INFO - Processing file /home/juliana/Área de Trabalho/datapipeline/.env/lib/python3.8/site-packages/airflow/example_dags/example_kubernetes_executor.py for tasks to queue
[2022-09-14T21:02:30.044-0300] {logging_mixin.py:115} INFO - [2022-09-14T21:02:30.043-0300] {dagbag.py:508} INFO - Filling up the DagBag from /home/juliana/Área de Trabalho/datapipeline/.env/lib/python3.8/site-packages/airflow/example_dags/example_kubernetes_executor.py
[2022-09-14T21:02:30.094-0300] {logging_mixin.py:115} INFO - [2022-09-14T21:02:30.094-0300] {example_kubernetes_executor.py:39} WARNING - The example_kubernetes_executor example DAG requires the kubernetes provider. Please install it with: pip install apache-airflow[cncf.kubernetes]
[2022-09-14T21:02:30.094-0300] {processor.py:652} WARNING - No viable dags retrieved from /home/juliana/Área de Trabalho/datapipeline/.env/lib/python3.8/site-packages/airflow/example_dags/example_kubernetes_executor.py
[2022-09-14T21:02:30.139-0300] {processor.py:161} INFO - Processing /home/juliana/Área de Trabalho/datapipeline/.env/lib/python3.8/site-packages/airflow/example_dags/example_kubernetes_executor.py took 0.106 seconds
[2022-09-14T21:03:36.782-0300] {processor.py:153} INFO - Started process (PID=20201) to work on /home/juliana/Área de Trabalho/datapipeline/.env/lib/python3.8/site-packages/airflow/example_dags/example_kubernetes_executor.py
[2022-09-14T21:03:36.783-0300] {processor.py:640} INFO - Processing file /home/juliana/Área de Trabalho/datapipeline/.env/lib/python3.8/site-packages/airflow/example_dags/example_kubernetes_executor.py for tasks to queue
[2022-09-14T21:03:36.784-0300] {logging_mixin.py:115} INFO - [2022-09-14T21:03:36.784-0300] {dagbag.py:508} INFO - Filling up the DagBag from /home/juliana/Área de Trabalho/datapipeline/.env/lib/python3.8/site-packages/airflow/example_dags/example_kubernetes_executor.py
[2022-09-14T21:03:36.822-0300] {logging_mixin.py:115} INFO - [2022-09-14T21:03:36.822-0300] {example_kubernetes_executor.py:39} WARNING - The example_kubernetes_executor example DAG requires the kubernetes provider. Please install it with: pip install apache-airflow[cncf.kubernetes]
[2022-09-14T21:03:36.823-0300] {processor.py:652} WARNING - No viable dags retrieved from /home/juliana/Área de Trabalho/datapipeline/.env/lib/python3.8/site-packages/airflow/example_dags/example_kubernetes_executor.py
[2022-09-14T21:03:36.834-0300] {processor.py:161} INFO - Processing /home/juliana/Área de Trabalho/datapipeline/.env/lib/python3.8/site-packages/airflow/example_dags/example_kubernetes_executor.py took 0.056 seconds
[2022-09-14T21:04:13.945-0300] {processor.py:153} INFO - Started process (PID=20235) to work on /home/juliana/Área de Trabalho/datapipeline/.env/lib/python3.8/site-packages/airflow/example_dags/example_kubernetes_executor.py
[2022-09-14T21:04:13.948-0300] {processor.py:640} INFO - Processing file /home/juliana/Área de Trabalho/datapipeline/.env/lib/python3.8/site-packages/airflow/example_dags/example_kubernetes_executor.py for tasks to queue
[2022-09-14T21:04:13.949-0300] {logging_mixin.py:115} INFO - [2022-09-14T21:04:13.949-0300] {dagbag.py:508} INFO - Filling up the DagBag from /home/juliana/Área de Trabalho/datapipeline/.env/lib/python3.8/site-packages/airflow/example_dags/example_kubernetes_executor.py
[2022-09-14T21:04:13.992-0300] {logging_mixin.py:115} INFO - [2022-09-14T21:04:13.992-0300] {example_kubernetes_executor.py:39} WARNING - The example_kubernetes_executor example DAG requires the kubernetes provider. Please install it with: pip install apache-airflow[cncf.kubernetes]
[2022-09-14T21:04:13.993-0300] {processor.py:652} WARNING - No viable dags retrieved from /home/juliana/Área de Trabalho/datapipeline/.env/lib/python3.8/site-packages/airflow/example_dags/example_kubernetes_executor.py
[2022-09-14T21:04:14.004-0300] {processor.py:161} INFO - Processing /home/juliana/Área de Trabalho/datapipeline/.env/lib/python3.8/site-packages/airflow/example_dags/example_kubernetes_executor.py took 0.066 seconds
[2022-09-14T21:04:58.232-0300] {processor.py:153} INFO - Started process (PID=20270) to work on /home/juliana/Área de Trabalho/datapipeline/.env/lib/python3.8/site-packages/airflow/example_dags/example_kubernetes_executor.py
[2022-09-14T21:04:58.239-0300] {processor.py:640} INFO - Processing file /home/juliana/Área de Trabalho/datapipeline/.env/lib/python3.8/site-packages/airflow/example_dags/example_kubernetes_executor.py for tasks to queue
[2022-09-14T21:04:58.242-0300] {logging_mixin.py:115} INFO - [2022-09-14T21:04:58.241-0300] {dagbag.py:508} INFO - Filling up the DagBag from /home/juliana/Área de Trabalho/datapipeline/.env/lib/python3.8/site-packages/airflow/example_dags/example_kubernetes_executor.py
[2022-09-14T21:04:58.383-0300] {logging_mixin.py:115} INFO - [2022-09-14T21:04:58.371-0300] {example_kubernetes_executor.py:39} WARNING - The example_kubernetes_executor example DAG requires the kubernetes provider. Please install it with: pip install apache-airflow[cncf.kubernetes]
[2022-09-14T21:04:58.383-0300] {processor.py:652} WARNING - No viable dags retrieved from /home/juliana/Área de Trabalho/datapipeline/.env/lib/python3.8/site-packages/airflow/example_dags/example_kubernetes_executor.py
[2022-09-14T21:04:58.554-0300] {processor.py:161} INFO - Processing /home/juliana/Área de Trabalho/datapipeline/.env/lib/python3.8/site-packages/airflow/example_dags/example_kubernetes_executor.py took 0.334 seconds
[2022-09-14T21:06:11.172-0300] {processor.py:153} INFO - Started process (PID=20312) to work on /home/juliana/Área de Trabalho/datapipeline/.env/lib/python3.8/site-packages/airflow/example_dags/example_kubernetes_executor.py
[2022-09-14T21:06:11.174-0300] {processor.py:640} INFO - Processing file /home/juliana/Área de Trabalho/datapipeline/.env/lib/python3.8/site-packages/airflow/example_dags/example_kubernetes_executor.py for tasks to queue
[2022-09-14T21:06:11.174-0300] {logging_mixin.py:115} INFO - [2022-09-14T21:06:11.174-0300] {dagbag.py:508} INFO - Filling up the DagBag from /home/juliana/Área de Trabalho/datapipeline/.env/lib/python3.8/site-packages/airflow/example_dags/example_kubernetes_executor.py
[2022-09-14T21:06:11.197-0300] {logging_mixin.py:115} INFO - [2022-09-14T21:06:11.197-0300] {example_kubernetes_executor.py:39} WARNING - The example_kubernetes_executor example DAG requires the kubernetes provider. Please install it with: pip install apache-airflow[cncf.kubernetes]
[2022-09-14T21:06:11.197-0300] {processor.py:652} WARNING - No viable dags retrieved from /home/juliana/Área de Trabalho/datapipeline/.env/lib/python3.8/site-packages/airflow/example_dags/example_kubernetes_executor.py
[2022-09-14T21:06:11.209-0300] {processor.py:161} INFO - Processing /home/juliana/Área de Trabalho/datapipeline/.env/lib/python3.8/site-packages/airflow/example_dags/example_kubernetes_executor.py took 0.042 seconds
[2022-09-14T21:06:45.138-0300] {processor.py:153} INFO - Started process (PID=20347) to work on /home/juliana/Área de Trabalho/datapipeline/.env/lib/python3.8/site-packages/airflow/example_dags/example_kubernetes_executor.py
[2022-09-14T21:06:45.140-0300] {processor.py:640} INFO - Processing file /home/juliana/Área de Trabalho/datapipeline/.env/lib/python3.8/site-packages/airflow/example_dags/example_kubernetes_executor.py for tasks to queue
[2022-09-14T21:06:45.141-0300] {logging_mixin.py:115} INFO - [2022-09-14T21:06:45.141-0300] {dagbag.py:508} INFO - Filling up the DagBag from /home/juliana/Área de Trabalho/datapipeline/.env/lib/python3.8/site-packages/airflow/example_dags/example_kubernetes_executor.py
[2022-09-14T21:06:45.161-0300] {logging_mixin.py:115} INFO - [2022-09-14T21:06:45.161-0300] {example_kubernetes_executor.py:39} WARNING - The example_kubernetes_executor example DAG requires the kubernetes provider. Please install it with: pip install apache-airflow[cncf.kubernetes]
[2022-09-14T21:06:45.161-0300] {processor.py:652} WARNING - No viable dags retrieved from /home/juliana/Área de Trabalho/datapipeline/.env/lib/python3.8/site-packages/airflow/example_dags/example_kubernetes_executor.py
[2022-09-14T21:06:45.173-0300] {processor.py:161} INFO - Processing /home/juliana/Área de Trabalho/datapipeline/.env/lib/python3.8/site-packages/airflow/example_dags/example_kubernetes_executor.py took 0.041 seconds
[2022-09-14T21:07:19.463-0300] {processor.py:153} INFO - Started process (PID=20382) to work on /home/juliana/Área de Trabalho/datapipeline/.env/lib/python3.8/site-packages/airflow/example_dags/example_kubernetes_executor.py
[2022-09-14T21:07:19.464-0300] {processor.py:640} INFO - Processing file /home/juliana/Área de Trabalho/datapipeline/.env/lib/python3.8/site-packages/airflow/example_dags/example_kubernetes_executor.py for tasks to queue
[2022-09-14T21:07:19.465-0300] {logging_mixin.py:115} INFO - [2022-09-14T21:07:19.465-0300] {dagbag.py:508} INFO - Filling up the DagBag from /home/juliana/Área de Trabalho/datapipeline/.env/lib/python3.8/site-packages/airflow/example_dags/example_kubernetes_executor.py
[2022-09-14T21:07:19.488-0300] {logging_mixin.py:115} INFO - [2022-09-14T21:07:19.488-0300] {example_kubernetes_executor.py:39} WARNING - The example_kubernetes_executor example DAG requires the kubernetes provider. Please install it with: pip install apache-airflow[cncf.kubernetes]
[2022-09-14T21:07:19.489-0300] {processor.py:652} WARNING - No viable dags retrieved from /home/juliana/Área de Trabalho/datapipeline/.env/lib/python3.8/site-packages/airflow/example_dags/example_kubernetes_executor.py
[2022-09-14T21:07:19.500-0300] {processor.py:161} INFO - Processing /home/juliana/Área de Trabalho/datapipeline/.env/lib/python3.8/site-packages/airflow/example_dags/example_kubernetes_executor.py took 0.039 seconds
[2022-09-14T21:07:53.469-0300] {processor.py:153} INFO - Started process (PID=20425) to work on /home/juliana/Área de Trabalho/datapipeline/.env/lib/python3.8/site-packages/airflow/example_dags/example_kubernetes_executor.py
[2022-09-14T21:07:53.471-0300] {processor.py:640} INFO - Processing file /home/juliana/Área de Trabalho/datapipeline/.env/lib/python3.8/site-packages/airflow/example_dags/example_kubernetes_executor.py for tasks to queue
[2022-09-14T21:07:53.472-0300] {logging_mixin.py:115} INFO - [2022-09-14T21:07:53.471-0300] {dagbag.py:508} INFO - Filling up the DagBag from /home/juliana/Área de Trabalho/datapipeline/.env/lib/python3.8/site-packages/airflow/example_dags/example_kubernetes_executor.py
[2022-09-14T21:07:53.492-0300] {logging_mixin.py:115} INFO - [2022-09-14T21:07:53.491-0300] {example_kubernetes_executor.py:39} WARNING - The example_kubernetes_executor example DAG requires the kubernetes provider. Please install it with: pip install apache-airflow[cncf.kubernetes]
[2022-09-14T21:07:53.492-0300] {processor.py:652} WARNING - No viable dags retrieved from /home/juliana/Área de Trabalho/datapipeline/.env/lib/python3.8/site-packages/airflow/example_dags/example_kubernetes_executor.py
[2022-09-14T21:07:53.504-0300] {processor.py:161} INFO - Processing /home/juliana/Área de Trabalho/datapipeline/.env/lib/python3.8/site-packages/airflow/example_dags/example_kubernetes_executor.py took 0.039 seconds
[2022-09-14T21:08:27.704-0300] {processor.py:153} INFO - Started process (PID=20459) to work on /home/juliana/Área de Trabalho/datapipeline/.env/lib/python3.8/site-packages/airflow/example_dags/example_kubernetes_executor.py
[2022-09-14T21:08:27.705-0300] {processor.py:640} INFO - Processing file /home/juliana/Área de Trabalho/datapipeline/.env/lib/python3.8/site-packages/airflow/example_dags/example_kubernetes_executor.py for tasks to queue
[2022-09-14T21:08:27.706-0300] {logging_mixin.py:115} INFO - [2022-09-14T21:08:27.706-0300] {dagbag.py:508} INFO - Filling up the DagBag from /home/juliana/Área de Trabalho/datapipeline/.env/lib/python3.8/site-packages/airflow/example_dags/example_kubernetes_executor.py
[2022-09-14T21:08:27.718-0300] {logging_mixin.py:115} INFO - [2022-09-14T21:08:27.718-0300] {example_kubernetes_executor.py:39} WARNING - The example_kubernetes_executor example DAG requires the kubernetes provider. Please install it with: pip install apache-airflow[cncf.kubernetes]
[2022-09-14T21:08:27.719-0300] {processor.py:652} WARNING - No viable dags retrieved from /home/juliana/Área de Trabalho/datapipeline/.env/lib/python3.8/site-packages/airflow/example_dags/example_kubernetes_executor.py
[2022-09-14T21:08:27.729-0300] {processor.py:161} INFO - Processing /home/juliana/Área de Trabalho/datapipeline/.env/lib/python3.8/site-packages/airflow/example_dags/example_kubernetes_executor.py took 0.027 seconds
[2022-09-14T21:09:04.069-0300] {processor.py:153} INFO - Started process (PID=20496) to work on /home/juliana/Área de Trabalho/datapipeline/.env/lib/python3.8/site-packages/airflow/example_dags/example_kubernetes_executor.py
[2022-09-14T21:09:04.070-0300] {processor.py:640} INFO - Processing file /home/juliana/Área de Trabalho/datapipeline/.env/lib/python3.8/site-packages/airflow/example_dags/example_kubernetes_executor.py for tasks to queue
[2022-09-14T21:09:04.071-0300] {logging_mixin.py:115} INFO - [2022-09-14T21:09:04.071-0300] {dagbag.py:508} INFO - Filling up the DagBag from /home/juliana/Área de Trabalho/datapipeline/.env/lib/python3.8/site-packages/airflow/example_dags/example_kubernetes_executor.py
[2022-09-14T21:09:04.098-0300] {logging_mixin.py:115} INFO - [2022-09-14T21:09:04.098-0300] {example_kubernetes_executor.py:39} WARNING - The example_kubernetes_executor example DAG requires the kubernetes provider. Please install it with: pip install apache-airflow[cncf.kubernetes]
[2022-09-14T21:09:04.099-0300] {processor.py:652} WARNING - No viable dags retrieved from /home/juliana/Área de Trabalho/datapipeline/.env/lib/python3.8/site-packages/airflow/example_dags/example_kubernetes_executor.py
[2022-09-14T21:09:04.109-0300] {processor.py:161} INFO - Processing /home/juliana/Área de Trabalho/datapipeline/.env/lib/python3.8/site-packages/airflow/example_dags/example_kubernetes_executor.py took 0.046 seconds
[2022-09-14T21:09:40.717-0300] {processor.py:153} INFO - Started process (PID=20534) to work on /home/juliana/Área de Trabalho/datapipeline/.env/lib/python3.8/site-packages/airflow/example_dags/example_kubernetes_executor.py
[2022-09-14T21:09:40.719-0300] {processor.py:640} INFO - Processing file /home/juliana/Área de Trabalho/datapipeline/.env/lib/python3.8/site-packages/airflow/example_dags/example_kubernetes_executor.py for tasks to queue
[2022-09-14T21:09:40.722-0300] {logging_mixin.py:115} INFO - [2022-09-14T21:09:40.721-0300] {dagbag.py:508} INFO - Filling up the DagBag from /home/juliana/Área de Trabalho/datapipeline/.env/lib/python3.8/site-packages/airflow/example_dags/example_kubernetes_executor.py
[2022-09-14T21:09:40.762-0300] {logging_mixin.py:115} INFO - [2022-09-14T21:09:40.762-0300] {example_kubernetes_executor.py:39} WARNING - The example_kubernetes_executor example DAG requires the kubernetes provider. Please install it with: pip install apache-airflow[cncf.kubernetes]
[2022-09-14T21:09:40.767-0300] {processor.py:652} WARNING - No viable dags retrieved from /home/juliana/Área de Trabalho/datapipeline/.env/lib/python3.8/site-packages/airflow/example_dags/example_kubernetes_executor.py
[2022-09-14T21:09:40.784-0300] {processor.py:161} INFO - Processing /home/juliana/Área de Trabalho/datapipeline/.env/lib/python3.8/site-packages/airflow/example_dags/example_kubernetes_executor.py took 0.071 seconds
[2022-09-14T21:10:13.612-0300] {processor.py:153} INFO - Started process (PID=20573) to work on /home/juliana/Área de Trabalho/datapipeline/.env/lib/python3.8/site-packages/airflow/example_dags/example_kubernetes_executor.py
[2022-09-14T21:10:13.613-0300] {processor.py:640} INFO - Processing file /home/juliana/Área de Trabalho/datapipeline/.env/lib/python3.8/site-packages/airflow/example_dags/example_kubernetes_executor.py for tasks to queue
[2022-09-14T21:10:13.614-0300] {logging_mixin.py:115} INFO - [2022-09-14T21:10:13.614-0300] {dagbag.py:508} INFO - Filling up the DagBag from /home/juliana/Área de Trabalho/datapipeline/.env/lib/python3.8/site-packages/airflow/example_dags/example_kubernetes_executor.py
[2022-09-14T21:10:13.635-0300] {logging_mixin.py:115} INFO - [2022-09-14T21:10:13.635-0300] {example_kubernetes_executor.py:39} WARNING - The example_kubernetes_executor example DAG requires the kubernetes provider. Please install it with: pip install apache-airflow[cncf.kubernetes]
[2022-09-14T21:10:13.635-0300] {processor.py:652} WARNING - No viable dags retrieved from /home/juliana/Área de Trabalho/datapipeline/.env/lib/python3.8/site-packages/airflow/example_dags/example_kubernetes_executor.py
[2022-09-14T21:10:13.647-0300] {processor.py:161} INFO - Processing /home/juliana/Área de Trabalho/datapipeline/.env/lib/python3.8/site-packages/airflow/example_dags/example_kubernetes_executor.py took 0.041 seconds
[2022-09-14T21:10:49.293-0300] {processor.py:153} INFO - Started process (PID=20611) to work on /home/juliana/Área de Trabalho/datapipeline/.env/lib/python3.8/site-packages/airflow/example_dags/example_kubernetes_executor.py
[2022-09-14T21:10:49.295-0300] {processor.py:640} INFO - Processing file /home/juliana/Área de Trabalho/datapipeline/.env/lib/python3.8/site-packages/airflow/example_dags/example_kubernetes_executor.py for tasks to queue
[2022-09-14T21:10:49.296-0300] {logging_mixin.py:115} INFO - [2022-09-14T21:10:49.296-0300] {dagbag.py:508} INFO - Filling up the DagBag from /home/juliana/Área de Trabalho/datapipeline/.env/lib/python3.8/site-packages/airflow/example_dags/example_kubernetes_executor.py
[2022-09-14T21:10:49.318-0300] {logging_mixin.py:115} INFO - [2022-09-14T21:10:49.318-0300] {example_kubernetes_executor.py:39} WARNING - The example_kubernetes_executor example DAG requires the kubernetes provider. Please install it with: pip install apache-airflow[cncf.kubernetes]
[2022-09-14T21:10:49.319-0300] {processor.py:652} WARNING - No viable dags retrieved from /home/juliana/Área de Trabalho/datapipeline/.env/lib/python3.8/site-packages/airflow/example_dags/example_kubernetes_executor.py
[2022-09-14T21:10:49.329-0300] {processor.py:161} INFO - Processing /home/juliana/Área de Trabalho/datapipeline/.env/lib/python3.8/site-packages/airflow/example_dags/example_kubernetes_executor.py took 0.043 seconds
[2022-09-14T21:11:25.604-0300] {processor.py:153} INFO - Started process (PID=20647) to work on /home/juliana/Área de Trabalho/datapipeline/.env/lib/python3.8/site-packages/airflow/example_dags/example_kubernetes_executor.py
[2022-09-14T21:11:25.605-0300] {processor.py:640} INFO - Processing file /home/juliana/Área de Trabalho/datapipeline/.env/lib/python3.8/site-packages/airflow/example_dags/example_kubernetes_executor.py for tasks to queue
[2022-09-14T21:11:25.605-0300] {logging_mixin.py:115} INFO - [2022-09-14T21:11:25.605-0300] {dagbag.py:508} INFO - Filling up the DagBag from /home/juliana/Área de Trabalho/datapipeline/.env/lib/python3.8/site-packages/airflow/example_dags/example_kubernetes_executor.py
[2022-09-14T21:11:25.618-0300] {logging_mixin.py:115} INFO - [2022-09-14T21:11:25.618-0300] {example_kubernetes_executor.py:39} WARNING - The example_kubernetes_executor example DAG requires the kubernetes provider. Please install it with: pip install apache-airflow[cncf.kubernetes]
[2022-09-14T21:11:25.618-0300] {processor.py:652} WARNING - No viable dags retrieved from /home/juliana/Área de Trabalho/datapipeline/.env/lib/python3.8/site-packages/airflow/example_dags/example_kubernetes_executor.py
[2022-09-14T21:11:25.628-0300] {processor.py:161} INFO - Processing /home/juliana/Área de Trabalho/datapipeline/.env/lib/python3.8/site-packages/airflow/example_dags/example_kubernetes_executor.py took 0.026 seconds
[2022-09-14T21:11:59.014-0300] {processor.py:153} INFO - Started process (PID=20682) to work on /home/juliana/Área de Trabalho/datapipeline/.env/lib/python3.8/site-packages/airflow/example_dags/example_kubernetes_executor.py
[2022-09-14T21:11:59.015-0300] {processor.py:640} INFO - Processing file /home/juliana/Área de Trabalho/datapipeline/.env/lib/python3.8/site-packages/airflow/example_dags/example_kubernetes_executor.py for tasks to queue
[2022-09-14T21:11:59.016-0300] {logging_mixin.py:115} INFO - [2022-09-14T21:11:59.016-0300] {dagbag.py:508} INFO - Filling up the DagBag from /home/juliana/Área de Trabalho/datapipeline/.env/lib/python3.8/site-packages/airflow/example_dags/example_kubernetes_executor.py
[2022-09-14T21:11:59.029-0300] {logging_mixin.py:115} INFO - [2022-09-14T21:11:59.029-0300] {example_kubernetes_executor.py:39} WARNING - The example_kubernetes_executor example DAG requires the kubernetes provider. Please install it with: pip install apache-airflow[cncf.kubernetes]
[2022-09-14T21:11:59.029-0300] {processor.py:652} WARNING - No viable dags retrieved from /home/juliana/Área de Trabalho/datapipeline/.env/lib/python3.8/site-packages/airflow/example_dags/example_kubernetes_executor.py
[2022-09-14T21:11:59.037-0300] {processor.py:161} INFO - Processing /home/juliana/Área de Trabalho/datapipeline/.env/lib/python3.8/site-packages/airflow/example_dags/example_kubernetes_executor.py took 0.026 seconds
[2022-09-14T21:12:31.295-0300] {processor.py:153} INFO - Started process (PID=20717) to work on /home/juliana/Área de Trabalho/datapipeline/.env/lib/python3.8/site-packages/airflow/example_dags/example_kubernetes_executor.py
[2022-09-14T21:12:31.297-0300] {processor.py:640} INFO - Processing file /home/juliana/Área de Trabalho/datapipeline/.env/lib/python3.8/site-packages/airflow/example_dags/example_kubernetes_executor.py for tasks to queue
[2022-09-14T21:12:31.298-0300] {logging_mixin.py:115} INFO - [2022-09-14T21:12:31.298-0300] {dagbag.py:508} INFO - Filling up the DagBag from /home/juliana/Área de Trabalho/datapipeline/.env/lib/python3.8/site-packages/airflow/example_dags/example_kubernetes_executor.py
[2022-09-14T21:12:31.320-0300] {logging_mixin.py:115} INFO - [2022-09-14T21:12:31.320-0300] {example_kubernetes_executor.py:39} WARNING - The example_kubernetes_executor example DAG requires the kubernetes provider. Please install it with: pip install apache-airflow[cncf.kubernetes]
[2022-09-14T21:12:31.320-0300] {processor.py:652} WARNING - No viable dags retrieved from /home/juliana/Área de Trabalho/datapipeline/.env/lib/python3.8/site-packages/airflow/example_dags/example_kubernetes_executor.py
[2022-09-14T21:12:31.331-0300] {processor.py:161} INFO - Processing /home/juliana/Área de Trabalho/datapipeline/.env/lib/python3.8/site-packages/airflow/example_dags/example_kubernetes_executor.py took 0.041 seconds
[2022-09-14T21:13:04.370-0300] {processor.py:153} INFO - Started process (PID=20754) to work on /home/juliana/Área de Trabalho/datapipeline/.env/lib/python3.8/site-packages/airflow/example_dags/example_kubernetes_executor.py
[2022-09-14T21:13:04.371-0300] {processor.py:640} INFO - Processing file /home/juliana/Área de Trabalho/datapipeline/.env/lib/python3.8/site-packages/airflow/example_dags/example_kubernetes_executor.py for tasks to queue
[2022-09-14T21:13:04.373-0300] {logging_mixin.py:115} INFO - [2022-09-14T21:13:04.372-0300] {dagbag.py:508} INFO - Filling up the DagBag from /home/juliana/Área de Trabalho/datapipeline/.env/lib/python3.8/site-packages/airflow/example_dags/example_kubernetes_executor.py
[2022-09-14T21:13:04.396-0300] {logging_mixin.py:115} INFO - [2022-09-14T21:13:04.396-0300] {example_kubernetes_executor.py:39} WARNING - The example_kubernetes_executor example DAG requires the kubernetes provider. Please install it with: pip install apache-airflow[cncf.kubernetes]
[2022-09-14T21:13:04.396-0300] {processor.py:652} WARNING - No viable dags retrieved from /home/juliana/Área de Trabalho/datapipeline/.env/lib/python3.8/site-packages/airflow/example_dags/example_kubernetes_executor.py
[2022-09-14T21:13:04.408-0300] {processor.py:161} INFO - Processing /home/juliana/Área de Trabalho/datapipeline/.env/lib/python3.8/site-packages/airflow/example_dags/example_kubernetes_executor.py took 0.044 seconds
[2022-09-14T21:13:40.080-0300] {processor.py:153} INFO - Started process (PID=20790) to work on /home/juliana/Área de Trabalho/datapipeline/.env/lib/python3.8/site-packages/airflow/example_dags/example_kubernetes_executor.py
[2022-09-14T21:13:40.081-0300] {processor.py:640} INFO - Processing file /home/juliana/Área de Trabalho/datapipeline/.env/lib/python3.8/site-packages/airflow/example_dags/example_kubernetes_executor.py for tasks to queue
[2022-09-14T21:13:40.082-0300] {logging_mixin.py:115} INFO - [2022-09-14T21:13:40.082-0300] {dagbag.py:508} INFO - Filling up the DagBag from /home/juliana/Área de Trabalho/datapipeline/.env/lib/python3.8/site-packages/airflow/example_dags/example_kubernetes_executor.py
[2022-09-14T21:13:40.102-0300] {logging_mixin.py:115} INFO - [2022-09-14T21:13:40.102-0300] {example_kubernetes_executor.py:39} WARNING - The example_kubernetes_executor example DAG requires the kubernetes provider. Please install it with: pip install apache-airflow[cncf.kubernetes]
[2022-09-14T21:13:40.103-0300] {processor.py:652} WARNING - No viable dags retrieved from /home/juliana/Área de Trabalho/datapipeline/.env/lib/python3.8/site-packages/airflow/example_dags/example_kubernetes_executor.py
[2022-09-14T21:13:40.114-0300] {processor.py:161} INFO - Processing /home/juliana/Área de Trabalho/datapipeline/.env/lib/python3.8/site-packages/airflow/example_dags/example_kubernetes_executor.py took 0.040 seconds
[2022-09-14T21:14:12.206-0300] {processor.py:153} INFO - Started process (PID=20825) to work on /home/juliana/Área de Trabalho/datapipeline/.env/lib/python3.8/site-packages/airflow/example_dags/example_kubernetes_executor.py
[2022-09-14T21:14:12.207-0300] {processor.py:640} INFO - Processing file /home/juliana/Área de Trabalho/datapipeline/.env/lib/python3.8/site-packages/airflow/example_dags/example_kubernetes_executor.py for tasks to queue
[2022-09-14T21:14:12.208-0300] {logging_mixin.py:115} INFO - [2022-09-14T21:14:12.208-0300] {dagbag.py:508} INFO - Filling up the DagBag from /home/juliana/Área de Trabalho/datapipeline/.env/lib/python3.8/site-packages/airflow/example_dags/example_kubernetes_executor.py
[2022-09-14T21:14:12.225-0300] {logging_mixin.py:115} INFO - [2022-09-14T21:14:12.225-0300] {example_kubernetes_executor.py:39} WARNING - The example_kubernetes_executor example DAG requires the kubernetes provider. Please install it with: pip install apache-airflow[cncf.kubernetes]
[2022-09-14T21:14:12.225-0300] {processor.py:652} WARNING - No viable dags retrieved from /home/juliana/Área de Trabalho/datapipeline/.env/lib/python3.8/site-packages/airflow/example_dags/example_kubernetes_executor.py
[2022-09-14T21:14:12.244-0300] {processor.py:161} INFO - Processing /home/juliana/Área de Trabalho/datapipeline/.env/lib/python3.8/site-packages/airflow/example_dags/example_kubernetes_executor.py took 0.042 seconds
[2022-09-14T21:14:47.189-0300] {processor.py:153} INFO - Started process (PID=20860) to work on /home/juliana/Área de Trabalho/datapipeline/.env/lib/python3.8/site-packages/airflow/example_dags/example_kubernetes_executor.py
[2022-09-14T21:14:47.191-0300] {processor.py:640} INFO - Processing file /home/juliana/Área de Trabalho/datapipeline/.env/lib/python3.8/site-packages/airflow/example_dags/example_kubernetes_executor.py for tasks to queue
[2022-09-14T21:14:47.192-0300] {logging_mixin.py:115} INFO - [2022-09-14T21:14:47.192-0300] {dagbag.py:508} INFO - Filling up the DagBag from /home/juliana/Área de Trabalho/datapipeline/.env/lib/python3.8/site-packages/airflow/example_dags/example_kubernetes_executor.py
[2022-09-14T21:14:47.211-0300] {logging_mixin.py:115} INFO - [2022-09-14T21:14:47.211-0300] {example_kubernetes_executor.py:39} WARNING - The example_kubernetes_executor example DAG requires the kubernetes provider. Please install it with: pip install apache-airflow[cncf.kubernetes]
[2022-09-14T21:14:47.211-0300] {processor.py:652} WARNING - No viable dags retrieved from /home/juliana/Área de Trabalho/datapipeline/.env/lib/python3.8/site-packages/airflow/example_dags/example_kubernetes_executor.py
[2022-09-14T21:14:47.222-0300] {processor.py:161} INFO - Processing /home/juliana/Área de Trabalho/datapipeline/.env/lib/python3.8/site-packages/airflow/example_dags/example_kubernetes_executor.py took 0.040 seconds
[2022-09-14T21:15:20.493-0300] {processor.py:153} INFO - Started process (PID=20897) to work on /home/juliana/Área de Trabalho/datapipeline/.env/lib/python3.8/site-packages/airflow/example_dags/example_kubernetes_executor.py
[2022-09-14T21:15:20.495-0300] {processor.py:640} INFO - Processing file /home/juliana/Área de Trabalho/datapipeline/.env/lib/python3.8/site-packages/airflow/example_dags/example_kubernetes_executor.py for tasks to queue
[2022-09-14T21:15:20.497-0300] {logging_mixin.py:115} INFO - [2022-09-14T21:15:20.496-0300] {dagbag.py:508} INFO - Filling up the DagBag from /home/juliana/Área de Trabalho/datapipeline/.env/lib/python3.8/site-packages/airflow/example_dags/example_kubernetes_executor.py
[2022-09-14T21:15:20.518-0300] {logging_mixin.py:115} INFO - [2022-09-14T21:15:20.518-0300] {example_kubernetes_executor.py:39} WARNING - The example_kubernetes_executor example DAG requires the kubernetes provider. Please install it with: pip install apache-airflow[cncf.kubernetes]
[2022-09-14T21:15:20.518-0300] {processor.py:652} WARNING - No viable dags retrieved from /home/juliana/Área de Trabalho/datapipeline/.env/lib/python3.8/site-packages/airflow/example_dags/example_kubernetes_executor.py
[2022-09-14T21:15:20.529-0300] {processor.py:161} INFO - Processing /home/juliana/Área de Trabalho/datapipeline/.env/lib/python3.8/site-packages/airflow/example_dags/example_kubernetes_executor.py took 0.043 seconds
[2022-09-14T21:15:57.004-0300] {processor.py:153} INFO - Started process (PID=20933) to work on /home/juliana/Área de Trabalho/datapipeline/.env/lib/python3.8/site-packages/airflow/example_dags/example_kubernetes_executor.py
[2022-09-14T21:15:57.005-0300] {processor.py:640} INFO - Processing file /home/juliana/Área de Trabalho/datapipeline/.env/lib/python3.8/site-packages/airflow/example_dags/example_kubernetes_executor.py for tasks to queue
[2022-09-14T21:15:57.006-0300] {logging_mixin.py:115} INFO - [2022-09-14T21:15:57.006-0300] {dagbag.py:508} INFO - Filling up the DagBag from /home/juliana/Área de Trabalho/datapipeline/.env/lib/python3.8/site-packages/airflow/example_dags/example_kubernetes_executor.py
[2022-09-14T21:15:57.026-0300] {logging_mixin.py:115} INFO - [2022-09-14T21:15:57.026-0300] {example_kubernetes_executor.py:39} WARNING - The example_kubernetes_executor example DAG requires the kubernetes provider. Please install it with: pip install apache-airflow[cncf.kubernetes]
[2022-09-14T21:15:57.027-0300] {processor.py:652} WARNING - No viable dags retrieved from /home/juliana/Área de Trabalho/datapipeline/.env/lib/python3.8/site-packages/airflow/example_dags/example_kubernetes_executor.py
[2022-09-14T21:15:57.037-0300] {processor.py:161} INFO - Processing /home/juliana/Área de Trabalho/datapipeline/.env/lib/python3.8/site-packages/airflow/example_dags/example_kubernetes_executor.py took 0.039 seconds
[2022-09-14T21:16:32.372-0300] {processor.py:153} INFO - Started process (PID=20970) to work on /home/juliana/Área de Trabalho/datapipeline/.env/lib/python3.8/site-packages/airflow/example_dags/example_kubernetes_executor.py
[2022-09-14T21:16:32.373-0300] {processor.py:640} INFO - Processing file /home/juliana/Área de Trabalho/datapipeline/.env/lib/python3.8/site-packages/airflow/example_dags/example_kubernetes_executor.py for tasks to queue
[2022-09-14T21:16:32.374-0300] {logging_mixin.py:115} INFO - [2022-09-14T21:16:32.374-0300] {dagbag.py:508} INFO - Filling up the DagBag from /home/juliana/Área de Trabalho/datapipeline/.env/lib/python3.8/site-packages/airflow/example_dags/example_kubernetes_executor.py
[2022-09-14T21:16:32.393-0300] {logging_mixin.py:115} INFO - [2022-09-14T21:16:32.393-0300] {example_kubernetes_executor.py:39} WARNING - The example_kubernetes_executor example DAG requires the kubernetes provider. Please install it with: pip install apache-airflow[cncf.kubernetes]
[2022-09-14T21:16:32.393-0300] {processor.py:652} WARNING - No viable dags retrieved from /home/juliana/Área de Trabalho/datapipeline/.env/lib/python3.8/site-packages/airflow/example_dags/example_kubernetes_executor.py
[2022-09-14T21:16:32.404-0300] {processor.py:161} INFO - Processing /home/juliana/Área de Trabalho/datapipeline/.env/lib/python3.8/site-packages/airflow/example_dags/example_kubernetes_executor.py took 0.038 seconds
[2022-09-14T21:17:06.667-0300] {processor.py:153} INFO - Started process (PID=21007) to work on /home/juliana/Área de Trabalho/datapipeline/.env/lib/python3.8/site-packages/airflow/example_dags/example_kubernetes_executor.py
[2022-09-14T21:17:06.668-0300] {processor.py:640} INFO - Processing file /home/juliana/Área de Trabalho/datapipeline/.env/lib/python3.8/site-packages/airflow/example_dags/example_kubernetes_executor.py for tasks to queue
[2022-09-14T21:17:06.669-0300] {logging_mixin.py:115} INFO - [2022-09-14T21:17:06.669-0300] {dagbag.py:508} INFO - Filling up the DagBag from /home/juliana/Área de Trabalho/datapipeline/.env/lib/python3.8/site-packages/airflow/example_dags/example_kubernetes_executor.py
[2022-09-14T21:17:06.684-0300] {logging_mixin.py:115} INFO - [2022-09-14T21:17:06.684-0300] {example_kubernetes_executor.py:39} WARNING - The example_kubernetes_executor example DAG requires the kubernetes provider. Please install it with: pip install apache-airflow[cncf.kubernetes]
[2022-09-14T21:17:06.684-0300] {processor.py:652} WARNING - No viable dags retrieved from /home/juliana/Área de Trabalho/datapipeline/.env/lib/python3.8/site-packages/airflow/example_dags/example_kubernetes_executor.py
[2022-09-14T21:17:06.694-0300] {processor.py:161} INFO - Processing /home/juliana/Área de Trabalho/datapipeline/.env/lib/python3.8/site-packages/airflow/example_dags/example_kubernetes_executor.py took 0.031 seconds
[2022-09-14T21:17:40.867-0300] {processor.py:153} INFO - Started process (PID=21046) to work on /home/juliana/Área de Trabalho/datapipeline/.env/lib/python3.8/site-packages/airflow/example_dags/example_kubernetes_executor.py
[2022-09-14T21:17:40.868-0300] {processor.py:640} INFO - Processing file /home/juliana/Área de Trabalho/datapipeline/.env/lib/python3.8/site-packages/airflow/example_dags/example_kubernetes_executor.py for tasks to queue
[2022-09-14T21:17:40.869-0300] {logging_mixin.py:115} INFO - [2022-09-14T21:17:40.869-0300] {dagbag.py:508} INFO - Filling up the DagBag from /home/juliana/Área de Trabalho/datapipeline/.env/lib/python3.8/site-packages/airflow/example_dags/example_kubernetes_executor.py
[2022-09-14T21:17:40.889-0300] {logging_mixin.py:115} INFO - [2022-09-14T21:17:40.889-0300] {example_kubernetes_executor.py:39} WARNING - The example_kubernetes_executor example DAG requires the kubernetes provider. Please install it with: pip install apache-airflow[cncf.kubernetes]
[2022-09-14T21:17:40.889-0300] {processor.py:652} WARNING - No viable dags retrieved from /home/juliana/Área de Trabalho/datapipeline/.env/lib/python3.8/site-packages/airflow/example_dags/example_kubernetes_executor.py
[2022-09-14T21:17:40.900-0300] {processor.py:161} INFO - Processing /home/juliana/Área de Trabalho/datapipeline/.env/lib/python3.8/site-packages/airflow/example_dags/example_kubernetes_executor.py took 0.039 seconds
[2022-09-14T21:18:14.832-0300] {processor.py:153} INFO - Started process (PID=21086) to work on /home/juliana/Área de Trabalho/datapipeline/.env/lib/python3.8/site-packages/airflow/example_dags/example_kubernetes_executor.py
[2022-09-14T21:18:14.833-0300] {processor.py:640} INFO - Processing file /home/juliana/Área de Trabalho/datapipeline/.env/lib/python3.8/site-packages/airflow/example_dags/example_kubernetes_executor.py for tasks to queue
[2022-09-14T21:18:14.834-0300] {logging_mixin.py:115} INFO - [2022-09-14T21:18:14.833-0300] {dagbag.py:508} INFO - Filling up the DagBag from /home/juliana/Área de Trabalho/datapipeline/.env/lib/python3.8/site-packages/airflow/example_dags/example_kubernetes_executor.py
[2022-09-14T21:18:14.856-0300] {logging_mixin.py:115} INFO - [2022-09-14T21:18:14.855-0300] {example_kubernetes_executor.py:39} WARNING - The example_kubernetes_executor example DAG requires the kubernetes provider. Please install it with: pip install apache-airflow[cncf.kubernetes]
[2022-09-14T21:18:14.856-0300] {processor.py:652} WARNING - No viable dags retrieved from /home/juliana/Área de Trabalho/datapipeline/.env/lib/python3.8/site-packages/airflow/example_dags/example_kubernetes_executor.py
[2022-09-14T21:18:14.868-0300] {processor.py:161} INFO - Processing /home/juliana/Área de Trabalho/datapipeline/.env/lib/python3.8/site-packages/airflow/example_dags/example_kubernetes_executor.py took 0.043 seconds
[2022-09-14T21:18:48.082-0300] {processor.py:153} INFO - Started process (PID=21121) to work on /home/juliana/Área de Trabalho/datapipeline/.env/lib/python3.8/site-packages/airflow/example_dags/example_kubernetes_executor.py
[2022-09-14T21:18:48.084-0300] {processor.py:640} INFO - Processing file /home/juliana/Área de Trabalho/datapipeline/.env/lib/python3.8/site-packages/airflow/example_dags/example_kubernetes_executor.py for tasks to queue
[2022-09-14T21:18:48.086-0300] {logging_mixin.py:115} INFO - [2022-09-14T21:18:48.085-0300] {dagbag.py:508} INFO - Filling up the DagBag from /home/juliana/Área de Trabalho/datapipeline/.env/lib/python3.8/site-packages/airflow/example_dags/example_kubernetes_executor.py
[2022-09-14T21:18:48.105-0300] {logging_mixin.py:115} INFO - [2022-09-14T21:18:48.104-0300] {example_kubernetes_executor.py:39} WARNING - The example_kubernetes_executor example DAG requires the kubernetes provider. Please install it with: pip install apache-airflow[cncf.kubernetes]
[2022-09-14T21:18:48.105-0300] {processor.py:652} WARNING - No viable dags retrieved from /home/juliana/Área de Trabalho/datapipeline/.env/lib/python3.8/site-packages/airflow/example_dags/example_kubernetes_executor.py
[2022-09-14T21:18:48.115-0300] {processor.py:161} INFO - Processing /home/juliana/Área de Trabalho/datapipeline/.env/lib/python3.8/site-packages/airflow/example_dags/example_kubernetes_executor.py took 0.037 seconds
[2022-09-14T21:19:20.726-0300] {processor.py:153} INFO - Started process (PID=21155) to work on /home/juliana/Área de Trabalho/datapipeline/.env/lib/python3.8/site-packages/airflow/example_dags/example_kubernetes_executor.py
[2022-09-14T21:19:20.727-0300] {processor.py:640} INFO - Processing file /home/juliana/Área de Trabalho/datapipeline/.env/lib/python3.8/site-packages/airflow/example_dags/example_kubernetes_executor.py for tasks to queue
[2022-09-14T21:19:20.728-0300] {logging_mixin.py:115} INFO - [2022-09-14T21:19:20.728-0300] {dagbag.py:508} INFO - Filling up the DagBag from /home/juliana/Área de Trabalho/datapipeline/.env/lib/python3.8/site-packages/airflow/example_dags/example_kubernetes_executor.py
[2022-09-14T21:19:20.742-0300] {logging_mixin.py:115} INFO - [2022-09-14T21:19:20.741-0300] {example_kubernetes_executor.py:39} WARNING - The example_kubernetes_executor example DAG requires the kubernetes provider. Please install it with: pip install apache-airflow[cncf.kubernetes]
[2022-09-14T21:19:20.742-0300] {processor.py:652} WARNING - No viable dags retrieved from /home/juliana/Área de Trabalho/datapipeline/.env/lib/python3.8/site-packages/airflow/example_dags/example_kubernetes_executor.py
[2022-09-14T21:19:20.751-0300] {processor.py:161} INFO - Processing /home/juliana/Área de Trabalho/datapipeline/.env/lib/python3.8/site-packages/airflow/example_dags/example_kubernetes_executor.py took 0.027 seconds
[2022-09-14T21:19:54.256-0300] {processor.py:153} INFO - Started process (PID=21188) to work on /home/juliana/Área de Trabalho/datapipeline/.env/lib/python3.8/site-packages/airflow/example_dags/example_kubernetes_executor.py
[2022-09-14T21:19:54.256-0300] {processor.py:640} INFO - Processing file /home/juliana/Área de Trabalho/datapipeline/.env/lib/python3.8/site-packages/airflow/example_dags/example_kubernetes_executor.py for tasks to queue
[2022-09-14T21:19:54.257-0300] {logging_mixin.py:115} INFO - [2022-09-14T21:19:54.257-0300] {dagbag.py:508} INFO - Filling up the DagBag from /home/juliana/Área de Trabalho/datapipeline/.env/lib/python3.8/site-packages/airflow/example_dags/example_kubernetes_executor.py
[2022-09-14T21:19:54.269-0300] {logging_mixin.py:115} INFO - [2022-09-14T21:19:54.269-0300] {example_kubernetes_executor.py:39} WARNING - The example_kubernetes_executor example DAG requires the kubernetes provider. Please install it with: pip install apache-airflow[cncf.kubernetes]
[2022-09-14T21:19:54.270-0300] {processor.py:652} WARNING - No viable dags retrieved from /home/juliana/Área de Trabalho/datapipeline/.env/lib/python3.8/site-packages/airflow/example_dags/example_kubernetes_executor.py
[2022-09-14T21:19:54.282-0300] {processor.py:161} INFO - Processing /home/juliana/Área de Trabalho/datapipeline/.env/lib/python3.8/site-packages/airflow/example_dags/example_kubernetes_executor.py took 0.029 seconds
[2022-09-14T21:20:28.204-0300] {processor.py:153} INFO - Started process (PID=21224) to work on /home/juliana/Área de Trabalho/datapipeline/.env/lib/python3.8/site-packages/airflow/example_dags/example_kubernetes_executor.py
[2022-09-14T21:20:28.205-0300] {processor.py:640} INFO - Processing file /home/juliana/Área de Trabalho/datapipeline/.env/lib/python3.8/site-packages/airflow/example_dags/example_kubernetes_executor.py for tasks to queue
[2022-09-14T21:20:28.205-0300] {logging_mixin.py:115} INFO - [2022-09-14T21:20:28.205-0300] {dagbag.py:508} INFO - Filling up the DagBag from /home/juliana/Área de Trabalho/datapipeline/.env/lib/python3.8/site-packages/airflow/example_dags/example_kubernetes_executor.py
[2022-09-14T21:20:28.219-0300] {logging_mixin.py:115} INFO - [2022-09-14T21:20:28.218-0300] {example_kubernetes_executor.py:39} WARNING - The example_kubernetes_executor example DAG requires the kubernetes provider. Please install it with: pip install apache-airflow[cncf.kubernetes]
[2022-09-14T21:20:28.219-0300] {processor.py:652} WARNING - No viable dags retrieved from /home/juliana/Área de Trabalho/datapipeline/.env/lib/python3.8/site-packages/airflow/example_dags/example_kubernetes_executor.py
[2022-09-14T21:20:28.228-0300] {processor.py:161} INFO - Processing /home/juliana/Área de Trabalho/datapipeline/.env/lib/python3.8/site-packages/airflow/example_dags/example_kubernetes_executor.py took 0.027 seconds
[2022-09-14T21:21:04.246-0300] {processor.py:153} INFO - Started process (PID=21264) to work on /home/juliana/Área de Trabalho/datapipeline/.env/lib/python3.8/site-packages/airflow/example_dags/example_kubernetes_executor.py
[2022-09-14T21:21:04.247-0300] {processor.py:640} INFO - Processing file /home/juliana/Área de Trabalho/datapipeline/.env/lib/python3.8/site-packages/airflow/example_dags/example_kubernetes_executor.py for tasks to queue
[2022-09-14T21:21:04.248-0300] {logging_mixin.py:115} INFO - [2022-09-14T21:21:04.248-0300] {dagbag.py:508} INFO - Filling up the DagBag from /home/juliana/Área de Trabalho/datapipeline/.env/lib/python3.8/site-packages/airflow/example_dags/example_kubernetes_executor.py
[2022-09-14T21:21:04.265-0300] {logging_mixin.py:115} INFO - [2022-09-14T21:21:04.265-0300] {example_kubernetes_executor.py:39} WARNING - The example_kubernetes_executor example DAG requires the kubernetes provider. Please install it with: pip install apache-airflow[cncf.kubernetes]
[2022-09-14T21:21:04.265-0300] {processor.py:652} WARNING - No viable dags retrieved from /home/juliana/Área de Trabalho/datapipeline/.env/lib/python3.8/site-packages/airflow/example_dags/example_kubernetes_executor.py
[2022-09-14T21:21:04.276-0300] {processor.py:161} INFO - Processing /home/juliana/Área de Trabalho/datapipeline/.env/lib/python3.8/site-packages/airflow/example_dags/example_kubernetes_executor.py took 0.034 seconds
[2022-09-14T21:21:38.908-0300] {processor.py:153} INFO - Started process (PID=21300) to work on /home/juliana/Área de Trabalho/datapipeline/.env/lib/python3.8/site-packages/airflow/example_dags/example_kubernetes_executor.py
[2022-09-14T21:21:38.909-0300] {processor.py:640} INFO - Processing file /home/juliana/Área de Trabalho/datapipeline/.env/lib/python3.8/site-packages/airflow/example_dags/example_kubernetes_executor.py for tasks to queue
[2022-09-14T21:21:38.910-0300] {logging_mixin.py:115} INFO - [2022-09-14T21:21:38.910-0300] {dagbag.py:508} INFO - Filling up the DagBag from /home/juliana/Área de Trabalho/datapipeline/.env/lib/python3.8/site-packages/airflow/example_dags/example_kubernetes_executor.py
[2022-09-14T21:21:38.931-0300] {logging_mixin.py:115} INFO - [2022-09-14T21:21:38.930-0300] {example_kubernetes_executor.py:39} WARNING - The example_kubernetes_executor example DAG requires the kubernetes provider. Please install it with: pip install apache-airflow[cncf.kubernetes]
[2022-09-14T21:21:38.931-0300] {processor.py:652} WARNING - No viable dags retrieved from /home/juliana/Área de Trabalho/datapipeline/.env/lib/python3.8/site-packages/airflow/example_dags/example_kubernetes_executor.py
[2022-09-14T21:21:38.942-0300] {processor.py:161} INFO - Processing /home/juliana/Área de Trabalho/datapipeline/.env/lib/python3.8/site-packages/airflow/example_dags/example_kubernetes_executor.py took 0.039 seconds
[2022-09-14T21:22:13.846-0300] {processor.py:153} INFO - Started process (PID=21339) to work on /home/juliana/Área de Trabalho/datapipeline/.env/lib/python3.8/site-packages/airflow/example_dags/example_kubernetes_executor.py
[2022-09-14T21:22:13.847-0300] {processor.py:640} INFO - Processing file /home/juliana/Área de Trabalho/datapipeline/.env/lib/python3.8/site-packages/airflow/example_dags/example_kubernetes_executor.py for tasks to queue
[2022-09-14T21:22:13.848-0300] {logging_mixin.py:115} INFO - [2022-09-14T21:22:13.848-0300] {dagbag.py:508} INFO - Filling up the DagBag from /home/juliana/Área de Trabalho/datapipeline/.env/lib/python3.8/site-packages/airflow/example_dags/example_kubernetes_executor.py
[2022-09-14T21:22:13.863-0300] {logging_mixin.py:115} INFO - [2022-09-14T21:22:13.863-0300] {example_kubernetes_executor.py:39} WARNING - The example_kubernetes_executor example DAG requires the kubernetes provider. Please install it with: pip install apache-airflow[cncf.kubernetes]
[2022-09-14T21:22:13.864-0300] {processor.py:652} WARNING - No viable dags retrieved from /home/juliana/Área de Trabalho/datapipeline/.env/lib/python3.8/site-packages/airflow/example_dags/example_kubernetes_executor.py
[2022-09-14T21:22:13.873-0300] {processor.py:161} INFO - Processing /home/juliana/Área de Trabalho/datapipeline/.env/lib/python3.8/site-packages/airflow/example_dags/example_kubernetes_executor.py took 0.031 seconds
[2022-09-14T21:22:49.715-0300] {processor.py:153} INFO - Started process (PID=21381) to work on /home/juliana/Área de Trabalho/datapipeline/.env/lib/python3.8/site-packages/airflow/example_dags/example_kubernetes_executor.py
[2022-09-14T21:22:49.717-0300] {processor.py:640} INFO - Processing file /home/juliana/Área de Trabalho/datapipeline/.env/lib/python3.8/site-packages/airflow/example_dags/example_kubernetes_executor.py for tasks to queue
[2022-09-14T21:22:49.718-0300] {logging_mixin.py:115} INFO - [2022-09-14T21:22:49.717-0300] {dagbag.py:508} INFO - Filling up the DagBag from /home/juliana/Área de Trabalho/datapipeline/.env/lib/python3.8/site-packages/airflow/example_dags/example_kubernetes_executor.py
[2022-09-14T21:22:49.737-0300] {logging_mixin.py:115} INFO - [2022-09-14T21:22:49.737-0300] {example_kubernetes_executor.py:39} WARNING - The example_kubernetes_executor example DAG requires the kubernetes provider. Please install it with: pip install apache-airflow[cncf.kubernetes]
[2022-09-14T21:22:49.738-0300] {processor.py:652} WARNING - No viable dags retrieved from /home/juliana/Área de Trabalho/datapipeline/.env/lib/python3.8/site-packages/airflow/example_dags/example_kubernetes_executor.py
[2022-09-14T21:22:49.748-0300] {processor.py:161} INFO - Processing /home/juliana/Área de Trabalho/datapipeline/.env/lib/python3.8/site-packages/airflow/example_dags/example_kubernetes_executor.py took 0.039 seconds
[2022-09-14T21:23:24.777-0300] {processor.py:153} INFO - Started process (PID=21445) to work on /home/juliana/Área de Trabalho/datapipeline/.env/lib/python3.8/site-packages/airflow/example_dags/example_kubernetes_executor.py
[2022-09-14T21:23:24.779-0300] {processor.py:640} INFO - Processing file /home/juliana/Área de Trabalho/datapipeline/.env/lib/python3.8/site-packages/airflow/example_dags/example_kubernetes_executor.py for tasks to queue
[2022-09-14T21:23:24.780-0300] {logging_mixin.py:115} INFO - [2022-09-14T21:23:24.780-0300] {dagbag.py:508} INFO - Filling up the DagBag from /home/juliana/Área de Trabalho/datapipeline/.env/lib/python3.8/site-packages/airflow/example_dags/example_kubernetes_executor.py
[2022-09-14T21:23:24.809-0300] {logging_mixin.py:115} INFO - [2022-09-14T21:23:24.809-0300] {example_kubernetes_executor.py:39} WARNING - The example_kubernetes_executor example DAG requires the kubernetes provider. Please install it with: pip install apache-airflow[cncf.kubernetes]
[2022-09-14T21:23:24.809-0300] {processor.py:652} WARNING - No viable dags retrieved from /home/juliana/Área de Trabalho/datapipeline/.env/lib/python3.8/site-packages/airflow/example_dags/example_kubernetes_executor.py
[2022-09-14T21:23:24.820-0300] {processor.py:161} INFO - Processing /home/juliana/Área de Trabalho/datapipeline/.env/lib/python3.8/site-packages/airflow/example_dags/example_kubernetes_executor.py took 0.046 seconds
[2022-09-14T21:24:03.130-0300] {processor.py:153} INFO - Started process (PID=21497) to work on /home/juliana/Área de Trabalho/datapipeline/.env/lib/python3.8/site-packages/airflow/example_dags/example_kubernetes_executor.py
[2022-09-14T21:24:03.135-0300] {processor.py:640} INFO - Processing file /home/juliana/Área de Trabalho/datapipeline/.env/lib/python3.8/site-packages/airflow/example_dags/example_kubernetes_executor.py for tasks to queue
[2022-09-14T21:24:03.136-0300] {logging_mixin.py:115} INFO - [2022-09-14T21:24:03.136-0300] {dagbag.py:508} INFO - Filling up the DagBag from /home/juliana/Área de Trabalho/datapipeline/.env/lib/python3.8/site-packages/airflow/example_dags/example_kubernetes_executor.py
[2022-09-14T21:24:03.165-0300] {logging_mixin.py:115} INFO - [2022-09-14T21:24:03.165-0300] {example_kubernetes_executor.py:39} WARNING - The example_kubernetes_executor example DAG requires the kubernetes provider. Please install it with: pip install apache-airflow[cncf.kubernetes]
[2022-09-14T21:24:03.166-0300] {processor.py:652} WARNING - No viable dags retrieved from /home/juliana/Área de Trabalho/datapipeline/.env/lib/python3.8/site-packages/airflow/example_dags/example_kubernetes_executor.py
[2022-09-14T21:24:03.179-0300] {processor.py:161} INFO - Processing /home/juliana/Área de Trabalho/datapipeline/.env/lib/python3.8/site-packages/airflow/example_dags/example_kubernetes_executor.py took 0.051 seconds
[2022-09-14T21:24:38.583-0300] {processor.py:153} INFO - Started process (PID=21544) to work on /home/juliana/Área de Trabalho/datapipeline/.env/lib/python3.8/site-packages/airflow/example_dags/example_kubernetes_executor.py
[2022-09-14T21:24:38.585-0300] {processor.py:640} INFO - Processing file /home/juliana/Área de Trabalho/datapipeline/.env/lib/python3.8/site-packages/airflow/example_dags/example_kubernetes_executor.py for tasks to queue
[2022-09-14T21:24:38.586-0300] {logging_mixin.py:115} INFO - [2022-09-14T21:24:38.586-0300] {dagbag.py:508} INFO - Filling up the DagBag from /home/juliana/Área de Trabalho/datapipeline/.env/lib/python3.8/site-packages/airflow/example_dags/example_kubernetes_executor.py
[2022-09-14T21:24:38.622-0300] {logging_mixin.py:115} INFO - [2022-09-14T21:24:38.622-0300] {example_kubernetes_executor.py:39} WARNING - The example_kubernetes_executor example DAG requires the kubernetes provider. Please install it with: pip install apache-airflow[cncf.kubernetes]
[2022-09-14T21:24:38.623-0300] {processor.py:652} WARNING - No viable dags retrieved from /home/juliana/Área de Trabalho/datapipeline/.env/lib/python3.8/site-packages/airflow/example_dags/example_kubernetes_executor.py
[2022-09-14T21:24:38.633-0300] {processor.py:161} INFO - Processing /home/juliana/Área de Trabalho/datapipeline/.env/lib/python3.8/site-packages/airflow/example_dags/example_kubernetes_executor.py took 0.056 seconds
[2022-09-14T21:25:14.839-0300] {processor.py:153} INFO - Started process (PID=21584) to work on /home/juliana/Área de Trabalho/datapipeline/.env/lib/python3.8/site-packages/airflow/example_dags/example_kubernetes_executor.py
[2022-09-14T21:25:14.840-0300] {processor.py:640} INFO - Processing file /home/juliana/Área de Trabalho/datapipeline/.env/lib/python3.8/site-packages/airflow/example_dags/example_kubernetes_executor.py for tasks to queue
[2022-09-14T21:25:14.841-0300] {logging_mixin.py:115} INFO - [2022-09-14T21:25:14.841-0300] {dagbag.py:508} INFO - Filling up the DagBag from /home/juliana/Área de Trabalho/datapipeline/.env/lib/python3.8/site-packages/airflow/example_dags/example_kubernetes_executor.py
[2022-09-14T21:25:14.864-0300] {logging_mixin.py:115} INFO - [2022-09-14T21:25:14.864-0300] {example_kubernetes_executor.py:39} WARNING - The example_kubernetes_executor example DAG requires the kubernetes provider. Please install it with: pip install apache-airflow[cncf.kubernetes]
[2022-09-14T21:25:14.865-0300] {processor.py:652} WARNING - No viable dags retrieved from /home/juliana/Área de Trabalho/datapipeline/.env/lib/python3.8/site-packages/airflow/example_dags/example_kubernetes_executor.py
[2022-09-14T21:25:14.875-0300] {processor.py:161} INFO - Processing /home/juliana/Área de Trabalho/datapipeline/.env/lib/python3.8/site-packages/airflow/example_dags/example_kubernetes_executor.py took 0.039 seconds
[2022-09-14T21:25:47.419-0300] {processor.py:153} INFO - Started process (PID=21618) to work on /home/juliana/Área de Trabalho/datapipeline/.env/lib/python3.8/site-packages/airflow/example_dags/example_kubernetes_executor.py
[2022-09-14T21:25:47.420-0300] {processor.py:640} INFO - Processing file /home/juliana/Área de Trabalho/datapipeline/.env/lib/python3.8/site-packages/airflow/example_dags/example_kubernetes_executor.py for tasks to queue
[2022-09-14T21:25:47.421-0300] {logging_mixin.py:115} INFO - [2022-09-14T21:25:47.421-0300] {dagbag.py:508} INFO - Filling up the DagBag from /home/juliana/Área de Trabalho/datapipeline/.env/lib/python3.8/site-packages/airflow/example_dags/example_kubernetes_executor.py
[2022-09-14T21:25:47.438-0300] {logging_mixin.py:115} INFO - [2022-09-14T21:25:47.438-0300] {example_kubernetes_executor.py:39} WARNING - The example_kubernetes_executor example DAG requires the kubernetes provider. Please install it with: pip install apache-airflow[cncf.kubernetes]
[2022-09-14T21:25:47.438-0300] {processor.py:652} WARNING - No viable dags retrieved from /home/juliana/Área de Trabalho/datapipeline/.env/lib/python3.8/site-packages/airflow/example_dags/example_kubernetes_executor.py
[2022-09-14T21:25:47.449-0300] {processor.py:161} INFO - Processing /home/juliana/Área de Trabalho/datapipeline/.env/lib/python3.8/site-packages/airflow/example_dags/example_kubernetes_executor.py took 0.035 seconds
[2022-09-14T21:26:21.525-0300] {processor.py:153} INFO - Started process (PID=21654) to work on /home/juliana/Área de Trabalho/datapipeline/.env/lib/python3.8/site-packages/airflow/example_dags/example_kubernetes_executor.py
[2022-09-14T21:26:21.525-0300] {processor.py:640} INFO - Processing file /home/juliana/Área de Trabalho/datapipeline/.env/lib/python3.8/site-packages/airflow/example_dags/example_kubernetes_executor.py for tasks to queue
[2022-09-14T21:26:21.526-0300] {logging_mixin.py:115} INFO - [2022-09-14T21:26:21.526-0300] {dagbag.py:508} INFO - Filling up the DagBag from /home/juliana/Área de Trabalho/datapipeline/.env/lib/python3.8/site-packages/airflow/example_dags/example_kubernetes_executor.py
[2022-09-14T21:26:21.543-0300] {logging_mixin.py:115} INFO - [2022-09-14T21:26:21.543-0300] {example_kubernetes_executor.py:39} WARNING - The example_kubernetes_executor example DAG requires the kubernetes provider. Please install it with: pip install apache-airflow[cncf.kubernetes]
[2022-09-14T21:26:21.543-0300] {processor.py:652} WARNING - No viable dags retrieved from /home/juliana/Área de Trabalho/datapipeline/.env/lib/python3.8/site-packages/airflow/example_dags/example_kubernetes_executor.py
[2022-09-14T21:26:21.553-0300] {processor.py:161} INFO - Processing /home/juliana/Área de Trabalho/datapipeline/.env/lib/python3.8/site-packages/airflow/example_dags/example_kubernetes_executor.py took 0.031 seconds
[2022-09-14T21:26:54.611-0300] {processor.py:153} INFO - Started process (PID=21690) to work on /home/juliana/Área de Trabalho/datapipeline/.env/lib/python3.8/site-packages/airflow/example_dags/example_kubernetes_executor.py
[2022-09-14T21:26:54.612-0300] {processor.py:640} INFO - Processing file /home/juliana/Área de Trabalho/datapipeline/.env/lib/python3.8/site-packages/airflow/example_dags/example_kubernetes_executor.py for tasks to queue
[2022-09-14T21:26:54.613-0300] {logging_mixin.py:115} INFO - [2022-09-14T21:26:54.613-0300] {dagbag.py:508} INFO - Filling up the DagBag from /home/juliana/Área de Trabalho/datapipeline/.env/lib/python3.8/site-packages/airflow/example_dags/example_kubernetes_executor.py
[2022-09-14T21:26:54.628-0300] {logging_mixin.py:115} INFO - [2022-09-14T21:26:54.628-0300] {example_kubernetes_executor.py:39} WARNING - The example_kubernetes_executor example DAG requires the kubernetes provider. Please install it with: pip install apache-airflow[cncf.kubernetes]
[2022-09-14T21:26:54.628-0300] {processor.py:652} WARNING - No viable dags retrieved from /home/juliana/Área de Trabalho/datapipeline/.env/lib/python3.8/site-packages/airflow/example_dags/example_kubernetes_executor.py
[2022-09-14T21:26:54.637-0300] {processor.py:161} INFO - Processing /home/juliana/Área de Trabalho/datapipeline/.env/lib/python3.8/site-packages/airflow/example_dags/example_kubernetes_executor.py took 0.029 seconds
[2022-09-14T21:28:18.209-0300] {processor.py:153} INFO - Started process (PID=21822) to work on /home/juliana/Área de Trabalho/datapipeline/.env/lib/python3.8/site-packages/airflow/example_dags/example_kubernetes_executor.py
[2022-09-14T21:28:18.307-0300] {processor.py:640} INFO - Processing file /home/juliana/Área de Trabalho/datapipeline/.env/lib/python3.8/site-packages/airflow/example_dags/example_kubernetes_executor.py for tasks to queue
[2022-09-14T21:28:18.316-0300] {logging_mixin.py:115} INFO - [2022-09-14T21:28:18.316-0300] {dagbag.py:508} INFO - Filling up the DagBag from /home/juliana/Área de Trabalho/datapipeline/.env/lib/python3.8/site-packages/airflow/example_dags/example_kubernetes_executor.py
[2022-09-14T21:28:19.625-0300] {logging_mixin.py:115} INFO - [2022-09-14T21:28:19.500-0300] {example_kubernetes_executor.py:39} WARNING - The example_kubernetes_executor example DAG requires the kubernetes provider. Please install it with: pip install apache-airflow[cncf.kubernetes]
[2022-09-14T21:28:20.211-0300] {processor.py:652} WARNING - No viable dags retrieved from /home/juliana/Área de Trabalho/datapipeline/.env/lib/python3.8/site-packages/airflow/example_dags/example_kubernetes_executor.py
[2022-09-14T21:28:27.192-0300] {processor.py:161} INFO - Processing /home/juliana/Área de Trabalho/datapipeline/.env/lib/python3.8/site-packages/airflow/example_dags/example_kubernetes_executor.py took 9.000 seconds
[2022-09-15T13:35:47.705-0300] {processor.py:153} INFO - Started process (PID=7359) to work on /home/juliana/Área de Trabalho/datapipeline/.env/lib/python3.8/site-packages/airflow/example_dags/example_kubernetes_executor.py
[2022-09-15T13:35:47.711-0300] {processor.py:640} INFO - Processing file /home/juliana/Área de Trabalho/datapipeline/.env/lib/python3.8/site-packages/airflow/example_dags/example_kubernetes_executor.py for tasks to queue
[2022-09-15T13:35:47.712-0300] {logging_mixin.py:115} INFO - [2022-09-15T13:35:47.712-0300] {dagbag.py:508} INFO - Filling up the DagBag from /home/juliana/Área de Trabalho/datapipeline/.env/lib/python3.8/site-packages/airflow/example_dags/example_kubernetes_executor.py
[2022-09-15T13:35:47.757-0300] {logging_mixin.py:115} INFO - [2022-09-15T13:35:47.756-0300] {example_kubernetes_executor.py:39} WARNING - The example_kubernetes_executor example DAG requires the kubernetes provider. Please install it with: pip install apache-airflow[cncf.kubernetes]
[2022-09-15T13:35:47.757-0300] {processor.py:652} WARNING - No viable dags retrieved from /home/juliana/Área de Trabalho/datapipeline/.env/lib/python3.8/site-packages/airflow/example_dags/example_kubernetes_executor.py
[2022-09-15T13:35:47.779-0300] {processor.py:161} INFO - Processing /home/juliana/Área de Trabalho/datapipeline/.env/lib/python3.8/site-packages/airflow/example_dags/example_kubernetes_executor.py took 0.077 seconds
[2022-09-15T13:36:29.138-0300] {processor.py:153} INFO - Started process (PID=7499) to work on /home/juliana/Área de Trabalho/datapipeline/.env/lib/python3.8/site-packages/airflow/example_dags/example_kubernetes_executor.py
[2022-09-15T13:36:29.140-0300] {processor.py:640} INFO - Processing file /home/juliana/Área de Trabalho/datapipeline/.env/lib/python3.8/site-packages/airflow/example_dags/example_kubernetes_executor.py for tasks to queue
[2022-09-15T13:36:29.141-0300] {logging_mixin.py:115} INFO - [2022-09-15T13:36:29.140-0300] {dagbag.py:508} INFO - Filling up the DagBag from /home/juliana/Área de Trabalho/datapipeline/.env/lib/python3.8/site-packages/airflow/example_dags/example_kubernetes_executor.py
[2022-09-15T13:36:29.161-0300] {logging_mixin.py:115} INFO - [2022-09-15T13:36:29.161-0300] {example_kubernetes_executor.py:39} WARNING - The example_kubernetes_executor example DAG requires the kubernetes provider. Please install it with: pip install apache-airflow[cncf.kubernetes]
[2022-09-15T13:36:29.162-0300] {processor.py:652} WARNING - No viable dags retrieved from /home/juliana/Área de Trabalho/datapipeline/.env/lib/python3.8/site-packages/airflow/example_dags/example_kubernetes_executor.py
[2022-09-15T13:36:29.172-0300] {processor.py:161} INFO - Processing /home/juliana/Área de Trabalho/datapipeline/.env/lib/python3.8/site-packages/airflow/example_dags/example_kubernetes_executor.py took 0.042 seconds
[2022-09-15T13:37:08.189-0300] {processor.py:153} INFO - Started process (PID=7644) to work on /home/juliana/Área de Trabalho/datapipeline/.env/lib/python3.8/site-packages/airflow/example_dags/example_kubernetes_executor.py
[2022-09-15T13:37:08.215-0300] {processor.py:640} INFO - Processing file /home/juliana/Área de Trabalho/datapipeline/.env/lib/python3.8/site-packages/airflow/example_dags/example_kubernetes_executor.py for tasks to queue
[2022-09-15T13:37:08.217-0300] {logging_mixin.py:115} INFO - [2022-09-15T13:37:08.216-0300] {dagbag.py:508} INFO - Filling up the DagBag from /home/juliana/Área de Trabalho/datapipeline/.env/lib/python3.8/site-packages/airflow/example_dags/example_kubernetes_executor.py
[2022-09-15T13:37:08.246-0300] {logging_mixin.py:115} INFO - [2022-09-15T13:37:08.246-0300] {example_kubernetes_executor.py:39} WARNING - The example_kubernetes_executor example DAG requires the kubernetes provider. Please install it with: pip install apache-airflow[cncf.kubernetes]
[2022-09-15T13:37:08.247-0300] {processor.py:652} WARNING - No viable dags retrieved from /home/juliana/Área de Trabalho/datapipeline/.env/lib/python3.8/site-packages/airflow/example_dags/example_kubernetes_executor.py
[2022-09-15T13:37:08.260-0300] {processor.py:161} INFO - Processing /home/juliana/Área de Trabalho/datapipeline/.env/lib/python3.8/site-packages/airflow/example_dags/example_kubernetes_executor.py took 0.076 seconds
[2022-09-15T13:37:54.620-0300] {processor.py:153} INFO - Started process (PID=7810) to work on /home/juliana/Área de Trabalho/datapipeline/.env/lib/python3.8/site-packages/airflow/example_dags/example_kubernetes_executor.py
[2022-09-15T13:37:54.630-0300] {processor.py:640} INFO - Processing file /home/juliana/Área de Trabalho/datapipeline/.env/lib/python3.8/site-packages/airflow/example_dags/example_kubernetes_executor.py for tasks to queue
[2022-09-15T13:37:54.632-0300] {logging_mixin.py:115} INFO - [2022-09-15T13:37:54.631-0300] {dagbag.py:508} INFO - Filling up the DagBag from /home/juliana/Área de Trabalho/datapipeline/.env/lib/python3.8/site-packages/airflow/example_dags/example_kubernetes_executor.py
[2022-09-15T13:37:54.663-0300] {logging_mixin.py:115} INFO - [2022-09-15T13:37:54.663-0300] {example_kubernetes_executor.py:39} WARNING - The example_kubernetes_executor example DAG requires the kubernetes provider. Please install it with: pip install apache-airflow[cncf.kubernetes]
[2022-09-15T13:37:54.663-0300] {processor.py:652} WARNING - No viable dags retrieved from /home/juliana/Área de Trabalho/datapipeline/.env/lib/python3.8/site-packages/airflow/example_dags/example_kubernetes_executor.py
[2022-09-15T13:37:54.682-0300] {processor.py:161} INFO - Processing /home/juliana/Área de Trabalho/datapipeline/.env/lib/python3.8/site-packages/airflow/example_dags/example_kubernetes_executor.py took 0.068 seconds
[2022-09-15T13:38:33.211-0300] {processor.py:153} INFO - Started process (PID=7946) to work on /home/juliana/Área de Trabalho/datapipeline/.env/lib/python3.8/site-packages/airflow/example_dags/example_kubernetes_executor.py
[2022-09-15T13:38:33.226-0300] {processor.py:640} INFO - Processing file /home/juliana/Área de Trabalho/datapipeline/.env/lib/python3.8/site-packages/airflow/example_dags/example_kubernetes_executor.py for tasks to queue
[2022-09-15T13:38:33.229-0300] {logging_mixin.py:115} INFO - [2022-09-15T13:38:33.228-0300] {dagbag.py:508} INFO - Filling up the DagBag from /home/juliana/Área de Trabalho/datapipeline/.env/lib/python3.8/site-packages/airflow/example_dags/example_kubernetes_executor.py
[2022-09-15T13:38:33.269-0300] {logging_mixin.py:115} INFO - [2022-09-15T13:38:33.269-0300] {example_kubernetes_executor.py:39} WARNING - The example_kubernetes_executor example DAG requires the kubernetes provider. Please install it with: pip install apache-airflow[cncf.kubernetes]
[2022-09-15T13:38:33.270-0300] {processor.py:652} WARNING - No viable dags retrieved from /home/juliana/Área de Trabalho/datapipeline/.env/lib/python3.8/site-packages/airflow/example_dags/example_kubernetes_executor.py
[2022-09-15T13:38:33.293-0300] {processor.py:161} INFO - Processing /home/juliana/Área de Trabalho/datapipeline/.env/lib/python3.8/site-packages/airflow/example_dags/example_kubernetes_executor.py took 0.088 seconds
[2022-09-15T13:39:16.469-0300] {processor.py:153} INFO - Started process (PID=8090) to work on /home/juliana/Área de Trabalho/datapipeline/.env/lib/python3.8/site-packages/airflow/example_dags/example_kubernetes_executor.py
[2022-09-15T13:39:16.476-0300] {processor.py:640} INFO - Processing file /home/juliana/Área de Trabalho/datapipeline/.env/lib/python3.8/site-packages/airflow/example_dags/example_kubernetes_executor.py for tasks to queue
[2022-09-15T13:39:16.477-0300] {logging_mixin.py:115} INFO - [2022-09-15T13:39:16.477-0300] {dagbag.py:508} INFO - Filling up the DagBag from /home/juliana/Área de Trabalho/datapipeline/.env/lib/python3.8/site-packages/airflow/example_dags/example_kubernetes_executor.py
[2022-09-15T13:39:16.501-0300] {logging_mixin.py:115} INFO - [2022-09-15T13:39:16.501-0300] {example_kubernetes_executor.py:39} WARNING - The example_kubernetes_executor example DAG requires the kubernetes provider. Please install it with: pip install apache-airflow[cncf.kubernetes]
[2022-09-15T13:39:16.501-0300] {processor.py:652} WARNING - No viable dags retrieved from /home/juliana/Área de Trabalho/datapipeline/.env/lib/python3.8/site-packages/airflow/example_dags/example_kubernetes_executor.py
[2022-09-15T13:39:16.513-0300] {processor.py:161} INFO - Processing /home/juliana/Área de Trabalho/datapipeline/.env/lib/python3.8/site-packages/airflow/example_dags/example_kubernetes_executor.py took 0.049 seconds
[2022-09-15T13:39:55.552-0300] {processor.py:153} INFO - Started process (PID=8224) to work on /home/juliana/Área de Trabalho/datapipeline/.env/lib/python3.8/site-packages/airflow/example_dags/example_kubernetes_executor.py
[2022-09-15T13:39:55.559-0300] {processor.py:640} INFO - Processing file /home/juliana/Área de Trabalho/datapipeline/.env/lib/python3.8/site-packages/airflow/example_dags/example_kubernetes_executor.py for tasks to queue
[2022-09-15T13:39:55.560-0300] {logging_mixin.py:115} INFO - [2022-09-15T13:39:55.560-0300] {dagbag.py:508} INFO - Filling up the DagBag from /home/juliana/Área de Trabalho/datapipeline/.env/lib/python3.8/site-packages/airflow/example_dags/example_kubernetes_executor.py
[2022-09-15T13:39:55.583-0300] {logging_mixin.py:115} INFO - [2022-09-15T13:39:55.583-0300] {example_kubernetes_executor.py:39} WARNING - The example_kubernetes_executor example DAG requires the kubernetes provider. Please install it with: pip install apache-airflow[cncf.kubernetes]
[2022-09-15T13:39:55.583-0300] {processor.py:652} WARNING - No viable dags retrieved from /home/juliana/Área de Trabalho/datapipeline/.env/lib/python3.8/site-packages/airflow/example_dags/example_kubernetes_executor.py
[2022-09-15T13:39:55.594-0300] {processor.py:161} INFO - Processing /home/juliana/Área de Trabalho/datapipeline/.env/lib/python3.8/site-packages/airflow/example_dags/example_kubernetes_executor.py took 0.051 seconds
[2022-09-15T13:40:34.634-0300] {processor.py:153} INFO - Started process (PID=8365) to work on /home/juliana/Área de Trabalho/datapipeline/.env/lib/python3.8/site-packages/airflow/example_dags/example_kubernetes_executor.py
[2022-09-15T13:40:34.647-0300] {processor.py:640} INFO - Processing file /home/juliana/Área de Trabalho/datapipeline/.env/lib/python3.8/site-packages/airflow/example_dags/example_kubernetes_executor.py for tasks to queue
[2022-09-15T13:40:34.648-0300] {logging_mixin.py:115} INFO - [2022-09-15T13:40:34.648-0300] {dagbag.py:508} INFO - Filling up the DagBag from /home/juliana/Área de Trabalho/datapipeline/.env/lib/python3.8/site-packages/airflow/example_dags/example_kubernetes_executor.py
[2022-09-15T13:40:34.673-0300] {logging_mixin.py:115} INFO - [2022-09-15T13:40:34.673-0300] {example_kubernetes_executor.py:39} WARNING - The example_kubernetes_executor example DAG requires the kubernetes provider. Please install it with: pip install apache-airflow[cncf.kubernetes]
[2022-09-15T13:40:34.675-0300] {processor.py:652} WARNING - No viable dags retrieved from /home/juliana/Área de Trabalho/datapipeline/.env/lib/python3.8/site-packages/airflow/example_dags/example_kubernetes_executor.py
[2022-09-15T13:40:34.697-0300] {processor.py:161} INFO - Processing /home/juliana/Área de Trabalho/datapipeline/.env/lib/python3.8/site-packages/airflow/example_dags/example_kubernetes_executor.py took 0.071 seconds
[2022-09-15T13:41:11.866-0300] {processor.py:153} INFO - Started process (PID=8499) to work on /home/juliana/Área de Trabalho/datapipeline/.env/lib/python3.8/site-packages/airflow/example_dags/example_kubernetes_executor.py
[2022-09-15T13:41:11.872-0300] {processor.py:640} INFO - Processing file /home/juliana/Área de Trabalho/datapipeline/.env/lib/python3.8/site-packages/airflow/example_dags/example_kubernetes_executor.py for tasks to queue
[2022-09-15T13:41:11.874-0300] {logging_mixin.py:115} INFO - [2022-09-15T13:41:11.873-0300] {dagbag.py:508} INFO - Filling up the DagBag from /home/juliana/Área de Trabalho/datapipeline/.env/lib/python3.8/site-packages/airflow/example_dags/example_kubernetes_executor.py
[2022-09-15T13:41:11.891-0300] {logging_mixin.py:115} INFO - [2022-09-15T13:41:11.891-0300] {example_kubernetes_executor.py:39} WARNING - The example_kubernetes_executor example DAG requires the kubernetes provider. Please install it with: pip install apache-airflow[cncf.kubernetes]
[2022-09-15T13:41:11.892-0300] {processor.py:652} WARNING - No viable dags retrieved from /home/juliana/Área de Trabalho/datapipeline/.env/lib/python3.8/site-packages/airflow/example_dags/example_kubernetes_executor.py
[2022-09-15T13:41:11.905-0300] {processor.py:161} INFO - Processing /home/juliana/Área de Trabalho/datapipeline/.env/lib/python3.8/site-packages/airflow/example_dags/example_kubernetes_executor.py took 0.046 seconds
[2022-09-15T13:41:52.169-0300] {processor.py:153} INFO - Started process (PID=8648) to work on /home/juliana/Área de Trabalho/datapipeline/.env/lib/python3.8/site-packages/airflow/example_dags/example_kubernetes_executor.py
[2022-09-15T13:41:52.175-0300] {processor.py:640} INFO - Processing file /home/juliana/Área de Trabalho/datapipeline/.env/lib/python3.8/site-packages/airflow/example_dags/example_kubernetes_executor.py for tasks to queue
[2022-09-15T13:41:52.176-0300] {logging_mixin.py:115} INFO - [2022-09-15T13:41:52.175-0300] {dagbag.py:508} INFO - Filling up the DagBag from /home/juliana/Área de Trabalho/datapipeline/.env/lib/python3.8/site-packages/airflow/example_dags/example_kubernetes_executor.py
[2022-09-15T13:41:52.205-0300] {logging_mixin.py:115} INFO - [2022-09-15T13:41:52.205-0300] {example_kubernetes_executor.py:39} WARNING - The example_kubernetes_executor example DAG requires the kubernetes provider. Please install it with: pip install apache-airflow[cncf.kubernetes]
[2022-09-15T13:41:52.208-0300] {processor.py:652} WARNING - No viable dags retrieved from /home/juliana/Área de Trabalho/datapipeline/.env/lib/python3.8/site-packages/airflow/example_dags/example_kubernetes_executor.py
[2022-09-15T13:41:52.239-0300] {processor.py:161} INFO - Processing /home/juliana/Área de Trabalho/datapipeline/.env/lib/python3.8/site-packages/airflow/example_dags/example_kubernetes_executor.py took 0.073 seconds
[2022-09-15T13:42:38.348-0300] {processor.py:153} INFO - Started process (PID=8815) to work on /home/juliana/Área de Trabalho/datapipeline/.env/lib/python3.8/site-packages/airflow/example_dags/example_kubernetes_executor.py
[2022-09-15T13:42:38.450-0300] {processor.py:640} INFO - Processing file /home/juliana/Área de Trabalho/datapipeline/.env/lib/python3.8/site-packages/airflow/example_dags/example_kubernetes_executor.py for tasks to queue
[2022-09-15T13:42:38.452-0300] {logging_mixin.py:115} INFO - [2022-09-15T13:42:38.452-0300] {dagbag.py:508} INFO - Filling up the DagBag from /home/juliana/Área de Trabalho/datapipeline/.env/lib/python3.8/site-packages/airflow/example_dags/example_kubernetes_executor.py
[2022-09-15T13:42:38.494-0300] {logging_mixin.py:115} INFO - [2022-09-15T13:42:38.493-0300] {example_kubernetes_executor.py:39} WARNING - The example_kubernetes_executor example DAG requires the kubernetes provider. Please install it with: pip install apache-airflow[cncf.kubernetes]
[2022-09-15T13:42:38.494-0300] {processor.py:652} WARNING - No viable dags retrieved from /home/juliana/Área de Trabalho/datapipeline/.env/lib/python3.8/site-packages/airflow/example_dags/example_kubernetes_executor.py
[2022-09-15T13:42:38.533-0300] {processor.py:161} INFO - Processing /home/juliana/Área de Trabalho/datapipeline/.env/lib/python3.8/site-packages/airflow/example_dags/example_kubernetes_executor.py took 0.191 seconds
