[2022-09-14T21:00:34.563-0300] {processor.py:153} INFO - Started process (PID=19998) to work on /home/juliana/Área de Trabalho/datapipeline/.env/lib/python3.8/site-packages/airflow/example_dags/example_latest_only_with_trigger.py
[2022-09-14T21:00:34.563-0300] {processor.py:640} INFO - Processing file /home/juliana/Área de Trabalho/datapipeline/.env/lib/python3.8/site-packages/airflow/example_dags/example_latest_only_with_trigger.py for tasks to queue
[2022-09-14T21:00:34.564-0300] {logging_mixin.py:115} INFO - [2022-09-14T21:00:34.564-0300] {dagbag.py:508} INFO - Filling up the DagBag from /home/juliana/Área de Trabalho/datapipeline/.env/lib/python3.8/site-packages/airflow/example_dags/example_latest_only_with_trigger.py
[2022-09-14T21:00:34.569-0300] {processor.py:650} INFO - DAG(s) dict_keys(['latest_only_with_trigger']) retrieved from /home/juliana/Área de Trabalho/datapipeline/.env/lib/python3.8/site-packages/airflow/example_dags/example_latest_only_with_trigger.py
[2022-09-14T21:00:34.585-0300] {logging_mixin.py:115} INFO - [2022-09-14T21:00:34.585-0300] {dag.py:2429} INFO - Sync 1 DAGs
[2022-09-14T21:00:34.601-0300] {logging_mixin.py:115} INFO - [2022-09-14T21:00:34.601-0300] {dag.py:2977} INFO - Setting next_dagrun for latest_only_with_trigger to 2022-09-14T20:00:34.601500+00:00, run_after=2022-09-15T00:00:34.601500+00:00
[2022-09-14T21:00:34.619-0300] {processor.py:161} INFO - Processing /home/juliana/Área de Trabalho/datapipeline/.env/lib/python3.8/site-packages/airflow/example_dags/example_latest_only_with_trigger.py took 0.059 seconds
[2022-09-14T21:01:08.182-0300] {processor.py:153} INFO - Started process (PID=20033) to work on /home/juliana/Área de Trabalho/datapipeline/.env/lib/python3.8/site-packages/airflow/example_dags/example_latest_only_with_trigger.py
[2022-09-14T21:01:08.184-0300] {processor.py:640} INFO - Processing file /home/juliana/Área de Trabalho/datapipeline/.env/lib/python3.8/site-packages/airflow/example_dags/example_latest_only_with_trigger.py for tasks to queue
[2022-09-14T21:01:08.185-0300] {logging_mixin.py:115} INFO - [2022-09-14T21:01:08.185-0300] {dagbag.py:508} INFO - Filling up the DagBag from /home/juliana/Área de Trabalho/datapipeline/.env/lib/python3.8/site-packages/airflow/example_dags/example_latest_only_with_trigger.py
[2022-09-14T21:01:08.199-0300] {processor.py:650} INFO - DAG(s) dict_keys(['latest_only_with_trigger']) retrieved from /home/juliana/Área de Trabalho/datapipeline/.env/lib/python3.8/site-packages/airflow/example_dags/example_latest_only_with_trigger.py
[2022-09-14T21:01:08.216-0300] {logging_mixin.py:115} INFO - [2022-09-14T21:01:08.216-0300] {dag.py:2429} INFO - Sync 1 DAGs
[2022-09-14T21:01:08.233-0300] {logging_mixin.py:115} INFO - [2022-09-14T21:01:08.232-0300] {dag.py:2977} INFO - Setting next_dagrun for latest_only_with_trigger to 2022-09-14T20:01:08.232644+00:00, run_after=2022-09-15T00:01:08.232644+00:00
[2022-09-14T21:01:08.249-0300] {processor.py:161} INFO - Processing /home/juliana/Área de Trabalho/datapipeline/.env/lib/python3.8/site-packages/airflow/example_dags/example_latest_only_with_trigger.py took 0.073 seconds
[2022-09-14T21:01:40.773-0300] {processor.py:153} INFO - Started process (PID=20067) to work on /home/juliana/Área de Trabalho/datapipeline/.env/lib/python3.8/site-packages/airflow/example_dags/example_latest_only_with_trigger.py
[2022-09-14T21:01:40.775-0300] {processor.py:640} INFO - Processing file /home/juliana/Área de Trabalho/datapipeline/.env/lib/python3.8/site-packages/airflow/example_dags/example_latest_only_with_trigger.py for tasks to queue
[2022-09-14T21:01:40.776-0300] {logging_mixin.py:115} INFO - [2022-09-14T21:01:40.775-0300] {dagbag.py:508} INFO - Filling up the DagBag from /home/juliana/Área de Trabalho/datapipeline/.env/lib/python3.8/site-packages/airflow/example_dags/example_latest_only_with_trigger.py
[2022-09-14T21:01:40.787-0300] {processor.py:650} INFO - DAG(s) dict_keys(['latest_only_with_trigger']) retrieved from /home/juliana/Área de Trabalho/datapipeline/.env/lib/python3.8/site-packages/airflow/example_dags/example_latest_only_with_trigger.py
[2022-09-14T21:01:40.806-0300] {logging_mixin.py:115} INFO - [2022-09-14T21:01:40.806-0300] {dag.py:2429} INFO - Sync 1 DAGs
[2022-09-14T21:01:40.823-0300] {logging_mixin.py:115} INFO - [2022-09-14T21:01:40.822-0300] {dag.py:2977} INFO - Setting next_dagrun for latest_only_with_trigger to 2022-09-14T20:01:40.822646+00:00, run_after=2022-09-15T00:01:40.822646+00:00
[2022-09-14T21:01:40.840-0300] {processor.py:161} INFO - Processing /home/juliana/Área de Trabalho/datapipeline/.env/lib/python3.8/site-packages/airflow/example_dags/example_latest_only_with_trigger.py took 0.073 seconds
[2022-09-14T21:02:13.114-0300] {processor.py:153} INFO - Started process (PID=20102) to work on /home/juliana/Área de Trabalho/datapipeline/.env/lib/python3.8/site-packages/airflow/example_dags/example_latest_only_with_trigger.py
[2022-09-14T21:02:13.116-0300] {processor.py:640} INFO - Processing file /home/juliana/Área de Trabalho/datapipeline/.env/lib/python3.8/site-packages/airflow/example_dags/example_latest_only_with_trigger.py for tasks to queue
[2022-09-14T21:02:13.117-0300] {logging_mixin.py:115} INFO - [2022-09-14T21:02:13.117-0300] {dagbag.py:508} INFO - Filling up the DagBag from /home/juliana/Área de Trabalho/datapipeline/.env/lib/python3.8/site-packages/airflow/example_dags/example_latest_only_with_trigger.py
[2022-09-14T21:02:13.126-0300] {processor.py:650} INFO - DAG(s) dict_keys(['latest_only_with_trigger']) retrieved from /home/juliana/Área de Trabalho/datapipeline/.env/lib/python3.8/site-packages/airflow/example_dags/example_latest_only_with_trigger.py
[2022-09-14T21:02:13.146-0300] {logging_mixin.py:115} INFO - [2022-09-14T21:02:13.146-0300] {dag.py:2429} INFO - Sync 1 DAGs
[2022-09-14T21:02:13.163-0300] {logging_mixin.py:115} INFO - [2022-09-14T21:02:13.163-0300] {dag.py:2977} INFO - Setting next_dagrun for latest_only_with_trigger to 2022-09-14T20:02:13.163130+00:00, run_after=2022-09-15T00:02:13.163130+00:00
[2022-09-14T21:02:13.181-0300] {processor.py:161} INFO - Processing /home/juliana/Área de Trabalho/datapipeline/.env/lib/python3.8/site-packages/airflow/example_dags/example_latest_only_with_trigger.py took 0.073 seconds
[2022-09-14T21:03:14.452-0300] {processor.py:153} INFO - Started process (PID=20180) to work on /home/juliana/Área de Trabalho/datapipeline/.env/lib/python3.8/site-packages/airflow/example_dags/example_latest_only_with_trigger.py
[2022-09-14T21:03:14.454-0300] {processor.py:640} INFO - Processing file /home/juliana/Área de Trabalho/datapipeline/.env/lib/python3.8/site-packages/airflow/example_dags/example_latest_only_with_trigger.py for tasks to queue
[2022-09-14T21:03:14.456-0300] {logging_mixin.py:115} INFO - [2022-09-14T21:03:14.456-0300] {dagbag.py:508} INFO - Filling up the DagBag from /home/juliana/Área de Trabalho/datapipeline/.env/lib/python3.8/site-packages/airflow/example_dags/example_latest_only_with_trigger.py
[2022-09-14T21:03:14.471-0300] {processor.py:650} INFO - DAG(s) dict_keys(['latest_only_with_trigger']) retrieved from /home/juliana/Área de Trabalho/datapipeline/.env/lib/python3.8/site-packages/airflow/example_dags/example_latest_only_with_trigger.py
[2022-09-14T21:03:14.493-0300] {logging_mixin.py:115} INFO - [2022-09-14T21:03:14.493-0300] {dag.py:2429} INFO - Sync 1 DAGs
[2022-09-14T21:03:14.511-0300] {logging_mixin.py:115} INFO - [2022-09-14T21:03:14.511-0300] {dag.py:2977} INFO - Setting next_dagrun for latest_only_with_trigger to 2022-09-14T20:03:14.510864+00:00, run_after=2022-09-15T00:03:14.510864+00:00
[2022-09-14T21:03:14.528-0300] {processor.py:161} INFO - Processing /home/juliana/Área de Trabalho/datapipeline/.env/lib/python3.8/site-packages/airflow/example_dags/example_latest_only_with_trigger.py took 0.082 seconds
[2022-09-14T21:03:52.174-0300] {processor.py:153} INFO - Started process (PID=20214) to work on /home/juliana/Área de Trabalho/datapipeline/.env/lib/python3.8/site-packages/airflow/example_dags/example_latest_only_with_trigger.py
[2022-09-14T21:03:52.175-0300] {processor.py:640} INFO - Processing file /home/juliana/Área de Trabalho/datapipeline/.env/lib/python3.8/site-packages/airflow/example_dags/example_latest_only_with_trigger.py for tasks to queue
[2022-09-14T21:03:52.176-0300] {logging_mixin.py:115} INFO - [2022-09-14T21:03:52.176-0300] {dagbag.py:508} INFO - Filling up the DagBag from /home/juliana/Área de Trabalho/datapipeline/.env/lib/python3.8/site-packages/airflow/example_dags/example_latest_only_with_trigger.py
[2022-09-14T21:03:52.190-0300] {processor.py:650} INFO - DAG(s) dict_keys(['latest_only_with_trigger']) retrieved from /home/juliana/Área de Trabalho/datapipeline/.env/lib/python3.8/site-packages/airflow/example_dags/example_latest_only_with_trigger.py
[2022-09-14T21:03:52.208-0300] {logging_mixin.py:115} INFO - [2022-09-14T21:03:52.208-0300] {dag.py:2429} INFO - Sync 1 DAGs
[2022-09-14T21:03:52.226-0300] {logging_mixin.py:115} INFO - [2022-09-14T21:03:52.226-0300] {dag.py:2977} INFO - Setting next_dagrun for latest_only_with_trigger to 2022-09-14T20:03:52.225914+00:00, run_after=2022-09-15T00:03:52.225914+00:00
[2022-09-14T21:03:52.243-0300] {processor.py:161} INFO - Processing /home/juliana/Área de Trabalho/datapipeline/.env/lib/python3.8/site-packages/airflow/example_dags/example_latest_only_with_trigger.py took 0.075 seconds
[2022-09-14T21:04:28.913-0300] {processor.py:153} INFO - Started process (PID=20248) to work on /home/juliana/Área de Trabalho/datapipeline/.env/lib/python3.8/site-packages/airflow/example_dags/example_latest_only_with_trigger.py
[2022-09-14T21:04:28.915-0300] {processor.py:640} INFO - Processing file /home/juliana/Área de Trabalho/datapipeline/.env/lib/python3.8/site-packages/airflow/example_dags/example_latest_only_with_trigger.py for tasks to queue
[2022-09-14T21:04:28.917-0300] {logging_mixin.py:115} INFO - [2022-09-14T21:04:28.916-0300] {dagbag.py:508} INFO - Filling up the DagBag from /home/juliana/Área de Trabalho/datapipeline/.env/lib/python3.8/site-packages/airflow/example_dags/example_latest_only_with_trigger.py
[2022-09-14T21:04:28.939-0300] {processor.py:650} INFO - DAG(s) dict_keys(['latest_only_with_trigger']) retrieved from /home/juliana/Área de Trabalho/datapipeline/.env/lib/python3.8/site-packages/airflow/example_dags/example_latest_only_with_trigger.py
[2022-09-14T21:04:28.976-0300] {logging_mixin.py:115} INFO - [2022-09-14T21:04:28.976-0300] {dag.py:2429} INFO - Sync 1 DAGs
[2022-09-14T21:04:29.030-0300] {logging_mixin.py:115} INFO - [2022-09-14T21:04:29.030-0300] {dag.py:2977} INFO - Setting next_dagrun for latest_only_with_trigger to 2022-09-14T20:04:29.022653+00:00, run_after=2022-09-15T00:04:29.022653+00:00
[2022-09-14T21:04:29.069-0300] {processor.py:161} INFO - Processing /home/juliana/Área de Trabalho/datapipeline/.env/lib/python3.8/site-packages/airflow/example_dags/example_latest_only_with_trigger.py took 0.162 seconds
[2022-09-14T21:05:49.293-0300] {processor.py:153} INFO - Started process (PID=20290) to work on /home/juliana/Área de Trabalho/datapipeline/.env/lib/python3.8/site-packages/airflow/example_dags/example_latest_only_with_trigger.py
[2022-09-14T21:05:49.299-0300] {processor.py:640} INFO - Processing file /home/juliana/Área de Trabalho/datapipeline/.env/lib/python3.8/site-packages/airflow/example_dags/example_latest_only_with_trigger.py for tasks to queue
[2022-09-14T21:05:49.300-0300] {logging_mixin.py:115} INFO - [2022-09-14T21:05:49.300-0300] {dagbag.py:508} INFO - Filling up the DagBag from /home/juliana/Área de Trabalho/datapipeline/.env/lib/python3.8/site-packages/airflow/example_dags/example_latest_only_with_trigger.py
[2022-09-14T21:05:49.310-0300] {processor.py:650} INFO - DAG(s) dict_keys(['latest_only_with_trigger']) retrieved from /home/juliana/Área de Trabalho/datapipeline/.env/lib/python3.8/site-packages/airflow/example_dags/example_latest_only_with_trigger.py
[2022-09-14T21:05:49.327-0300] {logging_mixin.py:115} INFO - [2022-09-14T21:05:49.327-0300] {dag.py:2429} INFO - Sync 1 DAGs
[2022-09-14T21:05:49.342-0300] {logging_mixin.py:115} INFO - [2022-09-14T21:05:49.342-0300] {dag.py:2977} INFO - Setting next_dagrun for latest_only_with_trigger to 2022-09-14T20:05:49.342347+00:00, run_after=2022-09-15T00:05:49.342347+00:00
[2022-09-14T21:05:49.357-0300] {processor.py:161} INFO - Processing /home/juliana/Área de Trabalho/datapipeline/.env/lib/python3.8/site-packages/airflow/example_dags/example_latest_only_with_trigger.py took 0.068 seconds
[2022-09-14T21:06:22.627-0300] {processor.py:153} INFO - Started process (PID=20325) to work on /home/juliana/Área de Trabalho/datapipeline/.env/lib/python3.8/site-packages/airflow/example_dags/example_latest_only_with_trigger.py
[2022-09-14T21:06:22.628-0300] {processor.py:640} INFO - Processing file /home/juliana/Área de Trabalho/datapipeline/.env/lib/python3.8/site-packages/airflow/example_dags/example_latest_only_with_trigger.py for tasks to queue
[2022-09-14T21:06:22.629-0300] {logging_mixin.py:115} INFO - [2022-09-14T21:06:22.629-0300] {dagbag.py:508} INFO - Filling up the DagBag from /home/juliana/Área de Trabalho/datapipeline/.env/lib/python3.8/site-packages/airflow/example_dags/example_latest_only_with_trigger.py
[2022-09-14T21:06:22.641-0300] {processor.py:650} INFO - DAG(s) dict_keys(['latest_only_with_trigger']) retrieved from /home/juliana/Área de Trabalho/datapipeline/.env/lib/python3.8/site-packages/airflow/example_dags/example_latest_only_with_trigger.py
[2022-09-14T21:06:22.677-0300] {logging_mixin.py:115} INFO - [2022-09-14T21:06:22.677-0300] {dag.py:2429} INFO - Sync 1 DAGs
[2022-09-14T21:06:22.694-0300] {logging_mixin.py:115} INFO - [2022-09-14T21:06:22.694-0300] {dag.py:2977} INFO - Setting next_dagrun for latest_only_with_trigger to 2022-09-14T20:06:22.694255+00:00, run_after=2022-09-15T00:06:22.694255+00:00
[2022-09-14T21:06:22.710-0300] {processor.py:161} INFO - Processing /home/juliana/Área de Trabalho/datapipeline/.env/lib/python3.8/site-packages/airflow/example_dags/example_latest_only_with_trigger.py took 0.085 seconds
[2022-09-14T21:06:56.849-0300] {processor.py:153} INFO - Started process (PID=20359) to work on /home/juliana/Área de Trabalho/datapipeline/.env/lib/python3.8/site-packages/airflow/example_dags/example_latest_only_with_trigger.py
[2022-09-14T21:06:56.850-0300] {processor.py:640} INFO - Processing file /home/juliana/Área de Trabalho/datapipeline/.env/lib/python3.8/site-packages/airflow/example_dags/example_latest_only_with_trigger.py for tasks to queue
[2022-09-14T21:06:56.852-0300] {logging_mixin.py:115} INFO - [2022-09-14T21:06:56.851-0300] {dagbag.py:508} INFO - Filling up the DagBag from /home/juliana/Área de Trabalho/datapipeline/.env/lib/python3.8/site-packages/airflow/example_dags/example_latest_only_with_trigger.py
[2022-09-14T21:06:56.860-0300] {processor.py:650} INFO - DAG(s) dict_keys(['latest_only_with_trigger']) retrieved from /home/juliana/Área de Trabalho/datapipeline/.env/lib/python3.8/site-packages/airflow/example_dags/example_latest_only_with_trigger.py
[2022-09-14T21:06:56.884-0300] {logging_mixin.py:115} INFO - [2022-09-14T21:06:56.884-0300] {dag.py:2429} INFO - Sync 1 DAGs
[2022-09-14T21:06:56.903-0300] {logging_mixin.py:115} INFO - [2022-09-14T21:06:56.903-0300] {dag.py:2977} INFO - Setting next_dagrun for latest_only_with_trigger to 2022-09-14T20:06:56.903355+00:00, run_after=2022-09-15T00:06:56.903355+00:00
[2022-09-14T21:06:56.920-0300] {processor.py:161} INFO - Processing /home/juliana/Área de Trabalho/datapipeline/.env/lib/python3.8/site-packages/airflow/example_dags/example_latest_only_with_trigger.py took 0.075 seconds
[2022-09-14T21:07:30.849-0300] {processor.py:153} INFO - Started process (PID=20397) to work on /home/juliana/Área de Trabalho/datapipeline/.env/lib/python3.8/site-packages/airflow/example_dags/example_latest_only_with_trigger.py
[2022-09-14T21:07:30.850-0300] {processor.py:640} INFO - Processing file /home/juliana/Área de Trabalho/datapipeline/.env/lib/python3.8/site-packages/airflow/example_dags/example_latest_only_with_trigger.py for tasks to queue
[2022-09-14T21:07:30.852-0300] {logging_mixin.py:115} INFO - [2022-09-14T21:07:30.851-0300] {dagbag.py:508} INFO - Filling up the DagBag from /home/juliana/Área de Trabalho/datapipeline/.env/lib/python3.8/site-packages/airflow/example_dags/example_latest_only_with_trigger.py
[2022-09-14T21:07:30.860-0300] {processor.py:650} INFO - DAG(s) dict_keys(['latest_only_with_trigger']) retrieved from /home/juliana/Área de Trabalho/datapipeline/.env/lib/python3.8/site-packages/airflow/example_dags/example_latest_only_with_trigger.py
[2022-09-14T21:07:30.877-0300] {logging_mixin.py:115} INFO - [2022-09-14T21:07:30.877-0300] {dag.py:2429} INFO - Sync 1 DAGs
[2022-09-14T21:07:30.894-0300] {logging_mixin.py:115} INFO - [2022-09-14T21:07:30.894-0300] {dag.py:2977} INFO - Setting next_dagrun for latest_only_with_trigger to 2022-09-14T20:07:30.893683+00:00, run_after=2022-09-15T00:07:30.893683+00:00
[2022-09-14T21:07:30.915-0300] {processor.py:161} INFO - Processing /home/juliana/Área de Trabalho/datapipeline/.env/lib/python3.8/site-packages/airflow/example_dags/example_latest_only_with_trigger.py took 0.070 seconds
[2022-09-14T21:08:04.977-0300] {processor.py:153} INFO - Started process (PID=20436) to work on /home/juliana/Área de Trabalho/datapipeline/.env/lib/python3.8/site-packages/airflow/example_dags/example_latest_only_with_trigger.py
[2022-09-14T21:08:04.978-0300] {processor.py:640} INFO - Processing file /home/juliana/Área de Trabalho/datapipeline/.env/lib/python3.8/site-packages/airflow/example_dags/example_latest_only_with_trigger.py for tasks to queue
[2022-09-14T21:08:04.979-0300] {logging_mixin.py:115} INFO - [2022-09-14T21:08:04.978-0300] {dagbag.py:508} INFO - Filling up the DagBag from /home/juliana/Área de Trabalho/datapipeline/.env/lib/python3.8/site-packages/airflow/example_dags/example_latest_only_with_trigger.py
[2022-09-14T21:08:04.985-0300] {processor.py:650} INFO - DAG(s) dict_keys(['latest_only_with_trigger']) retrieved from /home/juliana/Área de Trabalho/datapipeline/.env/lib/python3.8/site-packages/airflow/example_dags/example_latest_only_with_trigger.py
[2022-09-14T21:08:05.005-0300] {logging_mixin.py:115} INFO - [2022-09-14T21:08:05.005-0300] {dag.py:2429} INFO - Sync 1 DAGs
[2022-09-14T21:08:05.026-0300] {logging_mixin.py:115} INFO - [2022-09-14T21:08:05.026-0300] {dag.py:2977} INFO - Setting next_dagrun for latest_only_with_trigger to 2022-09-14T20:08:05.026376+00:00, run_after=2022-09-15T00:08:05.026376+00:00
[2022-09-14T21:08:05.051-0300] {processor.py:161} INFO - Processing /home/juliana/Área de Trabalho/datapipeline/.env/lib/python3.8/site-packages/airflow/example_dags/example_latest_only_with_trigger.py took 0.079 seconds
[2022-09-14T21:08:39.998-0300] {processor.py:153} INFO - Started process (PID=20471) to work on /home/juliana/Área de Trabalho/datapipeline/.env/lib/python3.8/site-packages/airflow/example_dags/example_latest_only_with_trigger.py
[2022-09-14T21:08:39.999-0300] {processor.py:640} INFO - Processing file /home/juliana/Área de Trabalho/datapipeline/.env/lib/python3.8/site-packages/airflow/example_dags/example_latest_only_with_trigger.py for tasks to queue
[2022-09-14T21:08:40.000-0300] {logging_mixin.py:115} INFO - [2022-09-14T21:08:39.999-0300] {dagbag.py:508} INFO - Filling up the DagBag from /home/juliana/Área de Trabalho/datapipeline/.env/lib/python3.8/site-packages/airflow/example_dags/example_latest_only_with_trigger.py
[2022-09-14T21:08:40.007-0300] {processor.py:650} INFO - DAG(s) dict_keys(['latest_only_with_trigger']) retrieved from /home/juliana/Área de Trabalho/datapipeline/.env/lib/python3.8/site-packages/airflow/example_dags/example_latest_only_with_trigger.py
[2022-09-14T21:08:40.022-0300] {logging_mixin.py:115} INFO - [2022-09-14T21:08:40.022-0300] {dag.py:2429} INFO - Sync 1 DAGs
[2022-09-14T21:08:40.039-0300] {logging_mixin.py:115} INFO - [2022-09-14T21:08:40.039-0300] {dag.py:2977} INFO - Setting next_dagrun for latest_only_with_trigger to 2022-09-14T20:08:40.039031+00:00, run_after=2022-09-15T00:08:40.039031+00:00
[2022-09-14T21:08:40.062-0300] {processor.py:161} INFO - Processing /home/juliana/Área de Trabalho/datapipeline/.env/lib/python3.8/site-packages/airflow/example_dags/example_latest_only_with_trigger.py took 0.068 seconds
[2022-09-14T21:09:13.043-0300] {processor.py:153} INFO - Started process (PID=20505) to work on /home/juliana/Área de Trabalho/datapipeline/.env/lib/python3.8/site-packages/airflow/example_dags/example_latest_only_with_trigger.py
[2022-09-14T21:09:13.045-0300] {processor.py:640} INFO - Processing file /home/juliana/Área de Trabalho/datapipeline/.env/lib/python3.8/site-packages/airflow/example_dags/example_latest_only_with_trigger.py for tasks to queue
[2022-09-14T21:09:13.046-0300] {logging_mixin.py:115} INFO - [2022-09-14T21:09:13.046-0300] {dagbag.py:508} INFO - Filling up the DagBag from /home/juliana/Área de Trabalho/datapipeline/.env/lib/python3.8/site-packages/airflow/example_dags/example_latest_only_with_trigger.py
[2022-09-14T21:09:13.056-0300] {processor.py:650} INFO - DAG(s) dict_keys(['latest_only_with_trigger']) retrieved from /home/juliana/Área de Trabalho/datapipeline/.env/lib/python3.8/site-packages/airflow/example_dags/example_latest_only_with_trigger.py
[2022-09-14T21:09:13.075-0300] {logging_mixin.py:115} INFO - [2022-09-14T21:09:13.075-0300] {dag.py:2429} INFO - Sync 1 DAGs
[2022-09-14T21:09:13.092-0300] {logging_mixin.py:115} INFO - [2022-09-14T21:09:13.092-0300] {dag.py:2977} INFO - Setting next_dagrun for latest_only_with_trigger to 2022-09-14T20:09:13.091860+00:00, run_after=2022-09-15T00:09:13.091860+00:00
[2022-09-14T21:09:13.114-0300] {processor.py:161} INFO - Processing /home/juliana/Área de Trabalho/datapipeline/.env/lib/python3.8/site-packages/airflow/example_dags/example_latest_only_with_trigger.py took 0.077 seconds
[2022-09-14T21:09:48.174-0300] {processor.py:153} INFO - Started process (PID=20542) to work on /home/juliana/Área de Trabalho/datapipeline/.env/lib/python3.8/site-packages/airflow/example_dags/example_latest_only_with_trigger.py
[2022-09-14T21:09:48.175-0300] {processor.py:640} INFO - Processing file /home/juliana/Área de Trabalho/datapipeline/.env/lib/python3.8/site-packages/airflow/example_dags/example_latest_only_with_trigger.py for tasks to queue
[2022-09-14T21:09:48.176-0300] {logging_mixin.py:115} INFO - [2022-09-14T21:09:48.176-0300] {dagbag.py:508} INFO - Filling up the DagBag from /home/juliana/Área de Trabalho/datapipeline/.env/lib/python3.8/site-packages/airflow/example_dags/example_latest_only_with_trigger.py
[2022-09-14T21:09:48.182-0300] {processor.py:650} INFO - DAG(s) dict_keys(['latest_only_with_trigger']) retrieved from /home/juliana/Área de Trabalho/datapipeline/.env/lib/python3.8/site-packages/airflow/example_dags/example_latest_only_with_trigger.py
[2022-09-14T21:09:48.197-0300] {logging_mixin.py:115} INFO - [2022-09-14T21:09:48.197-0300] {dag.py:2429} INFO - Sync 1 DAGs
[2022-09-14T21:09:48.213-0300] {logging_mixin.py:115} INFO - [2022-09-14T21:09:48.213-0300] {dag.py:2977} INFO - Setting next_dagrun for latest_only_with_trigger to 2022-09-14T20:09:48.212772+00:00, run_after=2022-09-15T00:09:48.212772+00:00
[2022-09-14T21:09:48.229-0300] {processor.py:161} INFO - Processing /home/juliana/Área de Trabalho/datapipeline/.env/lib/python3.8/site-packages/airflow/example_dags/example_latest_only_with_trigger.py took 0.058 seconds
[2022-09-14T21:10:22.773-0300] {processor.py:153} INFO - Started process (PID=20581) to work on /home/juliana/Área de Trabalho/datapipeline/.env/lib/python3.8/site-packages/airflow/example_dags/example_latest_only_with_trigger.py
[2022-09-14T21:10:22.775-0300] {processor.py:640} INFO - Processing file /home/juliana/Área de Trabalho/datapipeline/.env/lib/python3.8/site-packages/airflow/example_dags/example_latest_only_with_trigger.py for tasks to queue
[2022-09-14T21:10:22.776-0300] {logging_mixin.py:115} INFO - [2022-09-14T21:10:22.776-0300] {dagbag.py:508} INFO - Filling up the DagBag from /home/juliana/Área de Trabalho/datapipeline/.env/lib/python3.8/site-packages/airflow/example_dags/example_latest_only_with_trigger.py
[2022-09-14T21:10:22.793-0300] {processor.py:650} INFO - DAG(s) dict_keys(['latest_only_with_trigger']) retrieved from /home/juliana/Área de Trabalho/datapipeline/.env/lib/python3.8/site-packages/airflow/example_dags/example_latest_only_with_trigger.py
[2022-09-14T21:10:22.816-0300] {logging_mixin.py:115} INFO - [2022-09-14T21:10:22.816-0300] {dag.py:2429} INFO - Sync 1 DAGs
[2022-09-14T21:10:22.834-0300] {logging_mixin.py:115} INFO - [2022-09-14T21:10:22.833-0300] {dag.py:2977} INFO - Setting next_dagrun for latest_only_with_trigger to 2022-09-14T20:10:22.833520+00:00, run_after=2022-09-15T00:10:22.833520+00:00
[2022-09-14T21:10:22.850-0300] {processor.py:161} INFO - Processing /home/juliana/Área de Trabalho/datapipeline/.env/lib/python3.8/site-packages/airflow/example_dags/example_latest_only_with_trigger.py took 0.084 seconds
[2022-09-14T21:10:57.984-0300] {processor.py:153} INFO - Started process (PID=20619) to work on /home/juliana/Área de Trabalho/datapipeline/.env/lib/python3.8/site-packages/airflow/example_dags/example_latest_only_with_trigger.py
[2022-09-14T21:10:57.986-0300] {processor.py:640} INFO - Processing file /home/juliana/Área de Trabalho/datapipeline/.env/lib/python3.8/site-packages/airflow/example_dags/example_latest_only_with_trigger.py for tasks to queue
[2022-09-14T21:10:57.987-0300] {logging_mixin.py:115} INFO - [2022-09-14T21:10:57.987-0300] {dagbag.py:508} INFO - Filling up the DagBag from /home/juliana/Área de Trabalho/datapipeline/.env/lib/python3.8/site-packages/airflow/example_dags/example_latest_only_with_trigger.py
[2022-09-14T21:10:57.997-0300] {processor.py:650} INFO - DAG(s) dict_keys(['latest_only_with_trigger']) retrieved from /home/juliana/Área de Trabalho/datapipeline/.env/lib/python3.8/site-packages/airflow/example_dags/example_latest_only_with_trigger.py
[2022-09-14T21:10:58.017-0300] {logging_mixin.py:115} INFO - [2022-09-14T21:10:58.016-0300] {dag.py:2429} INFO - Sync 1 DAGs
[2022-09-14T21:10:58.033-0300] {logging_mixin.py:115} INFO - [2022-09-14T21:10:58.033-0300] {dag.py:2977} INFO - Setting next_dagrun for latest_only_with_trigger to 2022-09-14T20:10:58.033537+00:00, run_after=2022-09-15T00:10:58.033537+00:00
[2022-09-14T21:10:58.052-0300] {processor.py:161} INFO - Processing /home/juliana/Área de Trabalho/datapipeline/.env/lib/python3.8/site-packages/airflow/example_dags/example_latest_only_with_trigger.py took 0.074 seconds
[2022-09-14T21:11:30.773-0300] {processor.py:153} INFO - Started process (PID=20653) to work on /home/juliana/Área de Trabalho/datapipeline/.env/lib/python3.8/site-packages/airflow/example_dags/example_latest_only_with_trigger.py
[2022-09-14T21:11:30.775-0300] {processor.py:640} INFO - Processing file /home/juliana/Área de Trabalho/datapipeline/.env/lib/python3.8/site-packages/airflow/example_dags/example_latest_only_with_trigger.py for tasks to queue
[2022-09-14T21:11:30.776-0300] {logging_mixin.py:115} INFO - [2022-09-14T21:11:30.776-0300] {dagbag.py:508} INFO - Filling up the DagBag from /home/juliana/Área de Trabalho/datapipeline/.env/lib/python3.8/site-packages/airflow/example_dags/example_latest_only_with_trigger.py
[2022-09-14T21:11:30.786-0300] {processor.py:650} INFO - DAG(s) dict_keys(['latest_only_with_trigger']) retrieved from /home/juliana/Área de Trabalho/datapipeline/.env/lib/python3.8/site-packages/airflow/example_dags/example_latest_only_with_trigger.py
[2022-09-14T21:11:30.805-0300] {logging_mixin.py:115} INFO - [2022-09-14T21:11:30.805-0300] {dag.py:2429} INFO - Sync 1 DAGs
[2022-09-14T21:11:30.821-0300] {logging_mixin.py:115} INFO - [2022-09-14T21:11:30.821-0300] {dag.py:2977} INFO - Setting next_dagrun for latest_only_with_trigger to 2022-09-14T20:11:30.821449+00:00, run_after=2022-09-15T00:11:30.821449+00:00
[2022-09-14T21:11:30.841-0300] {processor.py:161} INFO - Processing /home/juliana/Área de Trabalho/datapipeline/.env/lib/python3.8/site-packages/airflow/example_dags/example_latest_only_with_trigger.py took 0.074 seconds
[2022-09-14T21:12:05.580-0300] {processor.py:153} INFO - Started process (PID=20689) to work on /home/juliana/Área de Trabalho/datapipeline/.env/lib/python3.8/site-packages/airflow/example_dags/example_latest_only_with_trigger.py
[2022-09-14T21:12:05.582-0300] {processor.py:640} INFO - Processing file /home/juliana/Área de Trabalho/datapipeline/.env/lib/python3.8/site-packages/airflow/example_dags/example_latest_only_with_trigger.py for tasks to queue
[2022-09-14T21:12:05.584-0300] {logging_mixin.py:115} INFO - [2022-09-14T21:12:05.583-0300] {dagbag.py:508} INFO - Filling up the DagBag from /home/juliana/Área de Trabalho/datapipeline/.env/lib/python3.8/site-packages/airflow/example_dags/example_latest_only_with_trigger.py
[2022-09-14T21:12:05.592-0300] {processor.py:650} INFO - DAG(s) dict_keys(['latest_only_with_trigger']) retrieved from /home/juliana/Área de Trabalho/datapipeline/.env/lib/python3.8/site-packages/airflow/example_dags/example_latest_only_with_trigger.py
[2022-09-14T21:12:05.611-0300] {logging_mixin.py:115} INFO - [2022-09-14T21:12:05.611-0300] {dag.py:2429} INFO - Sync 1 DAGs
[2022-09-14T21:12:05.627-0300] {logging_mixin.py:115} INFO - [2022-09-14T21:12:05.627-0300] {dag.py:2977} INFO - Setting next_dagrun for latest_only_with_trigger to 2022-09-14T20:12:05.627130+00:00, run_after=2022-09-15T00:12:05.627130+00:00
[2022-09-14T21:12:05.648-0300] {processor.py:161} INFO - Processing /home/juliana/Área de Trabalho/datapipeline/.env/lib/python3.8/site-packages/airflow/example_dags/example_latest_only_with_trigger.py took 0.074 seconds
[2022-09-14T21:12:39.368-0300] {processor.py:153} INFO - Started process (PID=20725) to work on /home/juliana/Área de Trabalho/datapipeline/.env/lib/python3.8/site-packages/airflow/example_dags/example_latest_only_with_trigger.py
[2022-09-14T21:12:39.369-0300] {processor.py:640} INFO - Processing file /home/juliana/Área de Trabalho/datapipeline/.env/lib/python3.8/site-packages/airflow/example_dags/example_latest_only_with_trigger.py for tasks to queue
[2022-09-14T21:12:39.370-0300] {logging_mixin.py:115} INFO - [2022-09-14T21:12:39.369-0300] {dagbag.py:508} INFO - Filling up the DagBag from /home/juliana/Área de Trabalho/datapipeline/.env/lib/python3.8/site-packages/airflow/example_dags/example_latest_only_with_trigger.py
[2022-09-14T21:12:39.377-0300] {processor.py:650} INFO - DAG(s) dict_keys(['latest_only_with_trigger']) retrieved from /home/juliana/Área de Trabalho/datapipeline/.env/lib/python3.8/site-packages/airflow/example_dags/example_latest_only_with_trigger.py
[2022-09-14T21:12:39.394-0300] {logging_mixin.py:115} INFO - [2022-09-14T21:12:39.394-0300] {dag.py:2429} INFO - Sync 1 DAGs
[2022-09-14T21:12:39.409-0300] {logging_mixin.py:115} INFO - [2022-09-14T21:12:39.409-0300] {dag.py:2977} INFO - Setting next_dagrun for latest_only_with_trigger to 2022-09-14T20:12:39.409449+00:00, run_after=2022-09-15T00:12:39.409449+00:00
[2022-09-14T21:12:39.430-0300] {processor.py:161} INFO - Processing /home/juliana/Área de Trabalho/datapipeline/.env/lib/python3.8/site-packages/airflow/example_dags/example_latest_only_with_trigger.py took 0.066 seconds
[2022-09-14T21:13:12.552-0300] {processor.py:153} INFO - Started process (PID=20761) to work on /home/juliana/Área de Trabalho/datapipeline/.env/lib/python3.8/site-packages/airflow/example_dags/example_latest_only_with_trigger.py
[2022-09-14T21:13:12.554-0300] {processor.py:640} INFO - Processing file /home/juliana/Área de Trabalho/datapipeline/.env/lib/python3.8/site-packages/airflow/example_dags/example_latest_only_with_trigger.py for tasks to queue
[2022-09-14T21:13:12.556-0300] {logging_mixin.py:115} INFO - [2022-09-14T21:13:12.555-0300] {dagbag.py:508} INFO - Filling up the DagBag from /home/juliana/Área de Trabalho/datapipeline/.env/lib/python3.8/site-packages/airflow/example_dags/example_latest_only_with_trigger.py
[2022-09-14T21:13:12.565-0300] {processor.py:650} INFO - DAG(s) dict_keys(['latest_only_with_trigger']) retrieved from /home/juliana/Área de Trabalho/datapipeline/.env/lib/python3.8/site-packages/airflow/example_dags/example_latest_only_with_trigger.py
[2022-09-14T21:13:12.585-0300] {logging_mixin.py:115} INFO - [2022-09-14T21:13:12.585-0300] {dag.py:2429} INFO - Sync 1 DAGs
[2022-09-14T21:13:12.601-0300] {logging_mixin.py:115} INFO - [2022-09-14T21:13:12.601-0300] {dag.py:2977} INFO - Setting next_dagrun for latest_only_with_trigger to 2022-09-14T20:13:12.601425+00:00, run_after=2022-09-15T00:13:12.601425+00:00
[2022-09-14T21:13:12.622-0300] {processor.py:161} INFO - Processing /home/juliana/Área de Trabalho/datapipeline/.env/lib/python3.8/site-packages/airflow/example_dags/example_latest_only_with_trigger.py took 0.076 seconds
[2022-09-14T21:13:45.248-0300] {processor.py:153} INFO - Started process (PID=20796) to work on /home/juliana/Área de Trabalho/datapipeline/.env/lib/python3.8/site-packages/airflow/example_dags/example_latest_only_with_trigger.py
[2022-09-14T21:13:45.249-0300] {processor.py:640} INFO - Processing file /home/juliana/Área de Trabalho/datapipeline/.env/lib/python3.8/site-packages/airflow/example_dags/example_latest_only_with_trigger.py for tasks to queue
[2022-09-14T21:13:45.250-0300] {logging_mixin.py:115} INFO - [2022-09-14T21:13:45.250-0300] {dagbag.py:508} INFO - Filling up the DagBag from /home/juliana/Área de Trabalho/datapipeline/.env/lib/python3.8/site-packages/airflow/example_dags/example_latest_only_with_trigger.py
[2022-09-14T21:13:45.257-0300] {processor.py:650} INFO - DAG(s) dict_keys(['latest_only_with_trigger']) retrieved from /home/juliana/Área de Trabalho/datapipeline/.env/lib/python3.8/site-packages/airflow/example_dags/example_latest_only_with_trigger.py
[2022-09-14T21:13:45.274-0300] {logging_mixin.py:115} INFO - [2022-09-14T21:13:45.273-0300] {dag.py:2429} INFO - Sync 1 DAGs
[2022-09-14T21:13:45.289-0300] {logging_mixin.py:115} INFO - [2022-09-14T21:13:45.289-0300] {dag.py:2977} INFO - Setting next_dagrun for latest_only_with_trigger to 2022-09-14T20:13:45.288970+00:00, run_after=2022-09-15T00:13:45.288970+00:00
[2022-09-14T21:13:45.306-0300] {processor.py:161} INFO - Processing /home/juliana/Área de Trabalho/datapipeline/.env/lib/python3.8/site-packages/airflow/example_dags/example_latest_only_with_trigger.py took 0.062 seconds
[2022-09-14T21:14:18.452-0300] {processor.py:153} INFO - Started process (PID=20831) to work on /home/juliana/Área de Trabalho/datapipeline/.env/lib/python3.8/site-packages/airflow/example_dags/example_latest_only_with_trigger.py
[2022-09-14T21:14:18.460-0300] {processor.py:640} INFO - Processing file /home/juliana/Área de Trabalho/datapipeline/.env/lib/python3.8/site-packages/airflow/example_dags/example_latest_only_with_trigger.py for tasks to queue
[2022-09-14T21:14:18.463-0300] {logging_mixin.py:115} INFO - [2022-09-14T21:14:18.463-0300] {dagbag.py:508} INFO - Filling up the DagBag from /home/juliana/Área de Trabalho/datapipeline/.env/lib/python3.8/site-packages/airflow/example_dags/example_latest_only_with_trigger.py
[2022-09-14T21:14:18.478-0300] {processor.py:650} INFO - DAG(s) dict_keys(['latest_only_with_trigger']) retrieved from /home/juliana/Área de Trabalho/datapipeline/.env/lib/python3.8/site-packages/airflow/example_dags/example_latest_only_with_trigger.py
[2022-09-14T21:14:18.494-0300] {logging_mixin.py:115} INFO - [2022-09-14T21:14:18.493-0300] {dag.py:2429} INFO - Sync 1 DAGs
[2022-09-14T21:14:18.510-0300] {logging_mixin.py:115} INFO - [2022-09-14T21:14:18.510-0300] {dag.py:2977} INFO - Setting next_dagrun for latest_only_with_trigger to 2022-09-14T20:14:18.510153+00:00, run_after=2022-09-15T00:14:18.510153+00:00
[2022-09-14T21:14:18.528-0300] {processor.py:161} INFO - Processing /home/juliana/Área de Trabalho/datapipeline/.env/lib/python3.8/site-packages/airflow/example_dags/example_latest_only_with_trigger.py took 0.081 seconds
[2022-09-14T21:14:52.359-0300] {processor.py:153} INFO - Started process (PID=20865) to work on /home/juliana/Área de Trabalho/datapipeline/.env/lib/python3.8/site-packages/airflow/example_dags/example_latest_only_with_trigger.py
[2022-09-14T21:14:52.361-0300] {processor.py:640} INFO - Processing file /home/juliana/Área de Trabalho/datapipeline/.env/lib/python3.8/site-packages/airflow/example_dags/example_latest_only_with_trigger.py for tasks to queue
[2022-09-14T21:14:52.362-0300] {logging_mixin.py:115} INFO - [2022-09-14T21:14:52.361-0300] {dagbag.py:508} INFO - Filling up the DagBag from /home/juliana/Área de Trabalho/datapipeline/.env/lib/python3.8/site-packages/airflow/example_dags/example_latest_only_with_trigger.py
[2022-09-14T21:14:52.371-0300] {processor.py:650} INFO - DAG(s) dict_keys(['latest_only_with_trigger']) retrieved from /home/juliana/Área de Trabalho/datapipeline/.env/lib/python3.8/site-packages/airflow/example_dags/example_latest_only_with_trigger.py
[2022-09-14T21:14:52.390-0300] {logging_mixin.py:115} INFO - [2022-09-14T21:14:52.390-0300] {dag.py:2429} INFO - Sync 1 DAGs
[2022-09-14T21:14:52.406-0300] {logging_mixin.py:115} INFO - [2022-09-14T21:14:52.405-0300] {dag.py:2977} INFO - Setting next_dagrun for latest_only_with_trigger to 2022-09-14T20:14:52.405612+00:00, run_after=2022-09-15T00:14:52.405612+00:00
[2022-09-14T21:14:52.422-0300] {processor.py:161} INFO - Processing /home/juliana/Área de Trabalho/datapipeline/.env/lib/python3.8/site-packages/airflow/example_dags/example_latest_only_with_trigger.py took 0.069 seconds
[2022-09-14T21:15:23.227-0300] {processor.py:153} INFO - Started process (PID=20900) to work on /home/juliana/Área de Trabalho/datapipeline/.env/lib/python3.8/site-packages/airflow/example_dags/example_latest_only_with_trigger.py
[2022-09-14T21:15:23.228-0300] {processor.py:640} INFO - Processing file /home/juliana/Área de Trabalho/datapipeline/.env/lib/python3.8/site-packages/airflow/example_dags/example_latest_only_with_trigger.py for tasks to queue
[2022-09-14T21:15:23.228-0300] {logging_mixin.py:115} INFO - [2022-09-14T21:15:23.228-0300] {dagbag.py:508} INFO - Filling up the DagBag from /home/juliana/Área de Trabalho/datapipeline/.env/lib/python3.8/site-packages/airflow/example_dags/example_latest_only_with_trigger.py
[2022-09-14T21:15:23.235-0300] {processor.py:650} INFO - DAG(s) dict_keys(['latest_only_with_trigger']) retrieved from /home/juliana/Área de Trabalho/datapipeline/.env/lib/python3.8/site-packages/airflow/example_dags/example_latest_only_with_trigger.py
[2022-09-14T21:15:23.252-0300] {logging_mixin.py:115} INFO - [2022-09-14T21:15:23.251-0300] {dag.py:2429} INFO - Sync 1 DAGs
[2022-09-14T21:15:23.271-0300] {logging_mixin.py:115} INFO - [2022-09-14T21:15:23.271-0300] {dag.py:2977} INFO - Setting next_dagrun for latest_only_with_trigger to 2022-09-14T20:15:23.271371+00:00, run_after=2022-09-15T00:15:23.271371+00:00
[2022-09-14T21:15:23.291-0300] {processor.py:161} INFO - Processing /home/juliana/Área de Trabalho/datapipeline/.env/lib/python3.8/site-packages/airflow/example_dags/example_latest_only_with_trigger.py took 0.068 seconds
[2022-09-14T21:15:55.459-0300] {processor.py:153} INFO - Started process (PID=20931) to work on /home/juliana/Área de Trabalho/datapipeline/.env/lib/python3.8/site-packages/airflow/example_dags/example_latest_only_with_trigger.py
[2022-09-14T21:15:55.462-0300] {processor.py:640} INFO - Processing file /home/juliana/Área de Trabalho/datapipeline/.env/lib/python3.8/site-packages/airflow/example_dags/example_latest_only_with_trigger.py for tasks to queue
[2022-09-14T21:15:55.466-0300] {logging_mixin.py:115} INFO - [2022-09-14T21:15:55.466-0300] {dagbag.py:508} INFO - Filling up the DagBag from /home/juliana/Área de Trabalho/datapipeline/.env/lib/python3.8/site-packages/airflow/example_dags/example_latest_only_with_trigger.py
[2022-09-14T21:15:55.477-0300] {processor.py:650} INFO - DAG(s) dict_keys(['latest_only_with_trigger']) retrieved from /home/juliana/Área de Trabalho/datapipeline/.env/lib/python3.8/site-packages/airflow/example_dags/example_latest_only_with_trigger.py
[2022-09-14T21:15:55.493-0300] {logging_mixin.py:115} INFO - [2022-09-14T21:15:55.493-0300] {dag.py:2429} INFO - Sync 1 DAGs
[2022-09-14T21:15:55.510-0300] {logging_mixin.py:115} INFO - [2022-09-14T21:15:55.510-0300] {dag.py:2977} INFO - Setting next_dagrun for latest_only_with_trigger to 2022-09-14T20:15:55.510374+00:00, run_after=2022-09-15T00:15:55.510374+00:00
[2022-09-14T21:15:55.527-0300] {processor.py:161} INFO - Processing /home/juliana/Área de Trabalho/datapipeline/.env/lib/python3.8/site-packages/airflow/example_dags/example_latest_only_with_trigger.py took 0.072 seconds
[2022-09-14T21:16:30.589-0300] {processor.py:153} INFO - Started process (PID=20968) to work on /home/juliana/Área de Trabalho/datapipeline/.env/lib/python3.8/site-packages/airflow/example_dags/example_latest_only_with_trigger.py
[2022-09-14T21:16:30.590-0300] {processor.py:640} INFO - Processing file /home/juliana/Área de Trabalho/datapipeline/.env/lib/python3.8/site-packages/airflow/example_dags/example_latest_only_with_trigger.py for tasks to queue
[2022-09-14T21:16:30.591-0300] {logging_mixin.py:115} INFO - [2022-09-14T21:16:30.591-0300] {dagbag.py:508} INFO - Filling up the DagBag from /home/juliana/Área de Trabalho/datapipeline/.env/lib/python3.8/site-packages/airflow/example_dags/example_latest_only_with_trigger.py
[2022-09-14T21:16:30.599-0300] {processor.py:650} INFO - DAG(s) dict_keys(['latest_only_with_trigger']) retrieved from /home/juliana/Área de Trabalho/datapipeline/.env/lib/python3.8/site-packages/airflow/example_dags/example_latest_only_with_trigger.py
[2022-09-14T21:16:30.617-0300] {logging_mixin.py:115} INFO - [2022-09-14T21:16:30.617-0300] {dag.py:2429} INFO - Sync 1 DAGs
[2022-09-14T21:16:30.635-0300] {logging_mixin.py:115} INFO - [2022-09-14T21:16:30.634-0300] {dag.py:2977} INFO - Setting next_dagrun for latest_only_with_trigger to 2022-09-14T20:16:30.634634+00:00, run_after=2022-09-15T00:16:30.634634+00:00
[2022-09-14T21:16:30.654-0300] {processor.py:161} INFO - Processing /home/juliana/Área de Trabalho/datapipeline/.env/lib/python3.8/site-packages/airflow/example_dags/example_latest_only_with_trigger.py took 0.070 seconds
[2022-09-14T21:17:03.808-0300] {processor.py:153} INFO - Started process (PID=21004) to work on /home/juliana/Área de Trabalho/datapipeline/.env/lib/python3.8/site-packages/airflow/example_dags/example_latest_only_with_trigger.py
[2022-09-14T21:17:03.809-0300] {processor.py:640} INFO - Processing file /home/juliana/Área de Trabalho/datapipeline/.env/lib/python3.8/site-packages/airflow/example_dags/example_latest_only_with_trigger.py for tasks to queue
[2022-09-14T21:17:03.810-0300] {logging_mixin.py:115} INFO - [2022-09-14T21:17:03.810-0300] {dagbag.py:508} INFO - Filling up the DagBag from /home/juliana/Área de Trabalho/datapipeline/.env/lib/python3.8/site-packages/airflow/example_dags/example_latest_only_with_trigger.py
[2022-09-14T21:17:03.822-0300] {processor.py:650} INFO - DAG(s) dict_keys(['latest_only_with_trigger']) retrieved from /home/juliana/Área de Trabalho/datapipeline/.env/lib/python3.8/site-packages/airflow/example_dags/example_latest_only_with_trigger.py
[2022-09-14T21:17:03.841-0300] {logging_mixin.py:115} INFO - [2022-09-14T21:17:03.841-0300] {dag.py:2429} INFO - Sync 1 DAGs
[2022-09-14T21:17:03.858-0300] {logging_mixin.py:115} INFO - [2022-09-14T21:17:03.858-0300] {dag.py:2977} INFO - Setting next_dagrun for latest_only_with_trigger to 2022-09-14T20:17:03.858541+00:00, run_after=2022-09-15T00:17:03.858541+00:00
[2022-09-14T21:17:03.878-0300] {processor.py:161} INFO - Processing /home/juliana/Área de Trabalho/datapipeline/.env/lib/python3.8/site-packages/airflow/example_dags/example_latest_only_with_trigger.py took 0.076 seconds
[2022-09-14T21:17:36.378-0300] {processor.py:153} INFO - Started process (PID=21041) to work on /home/juliana/Área de Trabalho/datapipeline/.env/lib/python3.8/site-packages/airflow/example_dags/example_latest_only_with_trigger.py
[2022-09-14T21:17:36.379-0300] {processor.py:640} INFO - Processing file /home/juliana/Área de Trabalho/datapipeline/.env/lib/python3.8/site-packages/airflow/example_dags/example_latest_only_with_trigger.py for tasks to queue
[2022-09-14T21:17:36.379-0300] {logging_mixin.py:115} INFO - [2022-09-14T21:17:36.379-0300] {dagbag.py:508} INFO - Filling up the DagBag from /home/juliana/Área de Trabalho/datapipeline/.env/lib/python3.8/site-packages/airflow/example_dags/example_latest_only_with_trigger.py
[2022-09-14T21:17:36.386-0300] {processor.py:650} INFO - DAG(s) dict_keys(['latest_only_with_trigger']) retrieved from /home/juliana/Área de Trabalho/datapipeline/.env/lib/python3.8/site-packages/airflow/example_dags/example_latest_only_with_trigger.py
[2022-09-14T21:17:36.401-0300] {logging_mixin.py:115} INFO - [2022-09-14T21:17:36.401-0300] {dag.py:2429} INFO - Sync 1 DAGs
[2022-09-14T21:17:36.417-0300] {logging_mixin.py:115} INFO - [2022-09-14T21:17:36.417-0300] {dag.py:2977} INFO - Setting next_dagrun for latest_only_with_trigger to 2022-09-14T20:17:36.416792+00:00, run_after=2022-09-15T00:17:36.416792+00:00
[2022-09-14T21:17:36.433-0300] {processor.py:161} INFO - Processing /home/juliana/Área de Trabalho/datapipeline/.env/lib/python3.8/site-packages/airflow/example_dags/example_latest_only_with_trigger.py took 0.060 seconds
[2022-09-14T21:18:08.981-0300] {processor.py:153} INFO - Started process (PID=21079) to work on /home/juliana/Área de Trabalho/datapipeline/.env/lib/python3.8/site-packages/airflow/example_dags/example_latest_only_with_trigger.py
[2022-09-14T21:18:08.982-0300] {processor.py:640} INFO - Processing file /home/juliana/Área de Trabalho/datapipeline/.env/lib/python3.8/site-packages/airflow/example_dags/example_latest_only_with_trigger.py for tasks to queue
[2022-09-14T21:18:08.983-0300] {logging_mixin.py:115} INFO - [2022-09-14T21:18:08.983-0300] {dagbag.py:508} INFO - Filling up the DagBag from /home/juliana/Área de Trabalho/datapipeline/.env/lib/python3.8/site-packages/airflow/example_dags/example_latest_only_with_trigger.py
[2022-09-14T21:18:08.990-0300] {processor.py:650} INFO - DAG(s) dict_keys(['latest_only_with_trigger']) retrieved from /home/juliana/Área de Trabalho/datapipeline/.env/lib/python3.8/site-packages/airflow/example_dags/example_latest_only_with_trigger.py
[2022-09-14T21:18:09.005-0300] {logging_mixin.py:115} INFO - [2022-09-14T21:18:09.005-0300] {dag.py:2429} INFO - Sync 1 DAGs
[2022-09-14T21:18:09.020-0300] {logging_mixin.py:115} INFO - [2022-09-14T21:18:09.020-0300] {dag.py:2977} INFO - Setting next_dagrun for latest_only_with_trigger to 2022-09-14T20:18:09.020429+00:00, run_after=2022-09-15T00:18:09.020429+00:00
[2022-09-14T21:18:09.042-0300] {processor.py:161} INFO - Processing /home/juliana/Área de Trabalho/datapipeline/.env/lib/python3.8/site-packages/airflow/example_dags/example_latest_only_with_trigger.py took 0.064 seconds
[2022-09-14T21:18:44.099-0300] {processor.py:153} INFO - Started process (PID=21116) to work on /home/juliana/Área de Trabalho/datapipeline/.env/lib/python3.8/site-packages/airflow/example_dags/example_latest_only_with_trigger.py
[2022-09-14T21:18:44.101-0300] {processor.py:640} INFO - Processing file /home/juliana/Área de Trabalho/datapipeline/.env/lib/python3.8/site-packages/airflow/example_dags/example_latest_only_with_trigger.py for tasks to queue
[2022-09-14T21:18:44.102-0300] {logging_mixin.py:115} INFO - [2022-09-14T21:18:44.102-0300] {dagbag.py:508} INFO - Filling up the DagBag from /home/juliana/Área de Trabalho/datapipeline/.env/lib/python3.8/site-packages/airflow/example_dags/example_latest_only_with_trigger.py
[2022-09-14T21:18:44.111-0300] {processor.py:650} INFO - DAG(s) dict_keys(['latest_only_with_trigger']) retrieved from /home/juliana/Área de Trabalho/datapipeline/.env/lib/python3.8/site-packages/airflow/example_dags/example_latest_only_with_trigger.py
[2022-09-14T21:18:44.132-0300] {logging_mixin.py:115} INFO - [2022-09-14T21:18:44.131-0300] {dag.py:2429} INFO - Sync 1 DAGs
[2022-09-14T21:18:44.163-0300] {logging_mixin.py:115} INFO - [2022-09-14T21:18:44.163-0300] {dag.py:2977} INFO - Setting next_dagrun for latest_only_with_trigger to 2022-09-14T20:18:44.163359+00:00, run_after=2022-09-15T00:18:44.163359+00:00
[2022-09-14T21:18:44.187-0300] {processor.py:161} INFO - Processing /home/juliana/Área de Trabalho/datapipeline/.env/lib/python3.8/site-packages/airflow/example_dags/example_latest_only_with_trigger.py took 0.093 seconds
[2022-09-14T21:19:15.587-0300] {processor.py:153} INFO - Started process (PID=21150) to work on /home/juliana/Área de Trabalho/datapipeline/.env/lib/python3.8/site-packages/airflow/example_dags/example_latest_only_with_trigger.py
[2022-09-14T21:19:15.588-0300] {processor.py:640} INFO - Processing file /home/juliana/Área de Trabalho/datapipeline/.env/lib/python3.8/site-packages/airflow/example_dags/example_latest_only_with_trigger.py for tasks to queue
[2022-09-14T21:19:15.590-0300] {logging_mixin.py:115} INFO - [2022-09-14T21:19:15.589-0300] {dagbag.py:508} INFO - Filling up the DagBag from /home/juliana/Área de Trabalho/datapipeline/.env/lib/python3.8/site-packages/airflow/example_dags/example_latest_only_with_trigger.py
[2022-09-14T21:19:15.599-0300] {processor.py:650} INFO - DAG(s) dict_keys(['latest_only_with_trigger']) retrieved from /home/juliana/Área de Trabalho/datapipeline/.env/lib/python3.8/site-packages/airflow/example_dags/example_latest_only_with_trigger.py
[2022-09-14T21:19:15.617-0300] {logging_mixin.py:115} INFO - [2022-09-14T21:19:15.617-0300] {dag.py:2429} INFO - Sync 1 DAGs
[2022-09-14T21:19:15.634-0300] {logging_mixin.py:115} INFO - [2022-09-14T21:19:15.634-0300] {dag.py:2977} INFO - Setting next_dagrun for latest_only_with_trigger to 2022-09-14T20:19:15.633833+00:00, run_after=2022-09-15T00:19:15.633833+00:00
[2022-09-14T21:19:15.653-0300] {processor.py:161} INFO - Processing /home/juliana/Área de Trabalho/datapipeline/.env/lib/python3.8/site-packages/airflow/example_dags/example_latest_only_with_trigger.py took 0.072 seconds
[2022-09-14T21:19:50.477-0300] {processor.py:153} INFO - Started process (PID=21184) to work on /home/juliana/Área de Trabalho/datapipeline/.env/lib/python3.8/site-packages/airflow/example_dags/example_latest_only_with_trigger.py
[2022-09-14T21:19:50.478-0300] {processor.py:640} INFO - Processing file /home/juliana/Área de Trabalho/datapipeline/.env/lib/python3.8/site-packages/airflow/example_dags/example_latest_only_with_trigger.py for tasks to queue
[2022-09-14T21:19:50.479-0300] {logging_mixin.py:115} INFO - [2022-09-14T21:19:50.479-0300] {dagbag.py:508} INFO - Filling up the DagBag from /home/juliana/Área de Trabalho/datapipeline/.env/lib/python3.8/site-packages/airflow/example_dags/example_latest_only_with_trigger.py
[2022-09-14T21:19:50.485-0300] {processor.py:650} INFO - DAG(s) dict_keys(['latest_only_with_trigger']) retrieved from /home/juliana/Área de Trabalho/datapipeline/.env/lib/python3.8/site-packages/airflow/example_dags/example_latest_only_with_trigger.py
[2022-09-14T21:19:50.499-0300] {logging_mixin.py:115} INFO - [2022-09-14T21:19:50.499-0300] {dag.py:2429} INFO - Sync 1 DAGs
[2022-09-14T21:19:50.516-0300] {logging_mixin.py:115} INFO - [2022-09-14T21:19:50.516-0300] {dag.py:2977} INFO - Setting next_dagrun for latest_only_with_trigger to 2022-09-14T20:19:50.515858+00:00, run_after=2022-09-15T00:19:50.515858+00:00
[2022-09-14T21:19:50.530-0300] {processor.py:161} INFO - Processing /home/juliana/Área de Trabalho/datapipeline/.env/lib/python3.8/site-packages/airflow/example_dags/example_latest_only_with_trigger.py took 0.057 seconds
[2022-09-14T21:20:24.221-0300] {processor.py:153} INFO - Started process (PID=21220) to work on /home/juliana/Área de Trabalho/datapipeline/.env/lib/python3.8/site-packages/airflow/example_dags/example_latest_only_with_trigger.py
[2022-09-14T21:20:24.222-0300] {processor.py:640} INFO - Processing file /home/juliana/Área de Trabalho/datapipeline/.env/lib/python3.8/site-packages/airflow/example_dags/example_latest_only_with_trigger.py for tasks to queue
[2022-09-14T21:20:24.223-0300] {logging_mixin.py:115} INFO - [2022-09-14T21:20:24.223-0300] {dagbag.py:508} INFO - Filling up the DagBag from /home/juliana/Área de Trabalho/datapipeline/.env/lib/python3.8/site-packages/airflow/example_dags/example_latest_only_with_trigger.py
[2022-09-14T21:20:24.233-0300] {processor.py:650} INFO - DAG(s) dict_keys(['latest_only_with_trigger']) retrieved from /home/juliana/Área de Trabalho/datapipeline/.env/lib/python3.8/site-packages/airflow/example_dags/example_latest_only_with_trigger.py
[2022-09-14T21:20:24.252-0300] {logging_mixin.py:115} INFO - [2022-09-14T21:20:24.252-0300] {dag.py:2429} INFO - Sync 1 DAGs
[2022-09-14T21:20:24.268-0300] {logging_mixin.py:115} INFO - [2022-09-14T21:20:24.268-0300] {dag.py:2977} INFO - Setting next_dagrun for latest_only_with_trigger to 2022-09-14T20:20:24.268280+00:00, run_after=2022-09-15T00:20:24.268280+00:00
[2022-09-14T21:20:24.289-0300] {processor.py:161} INFO - Processing /home/juliana/Área de Trabalho/datapipeline/.env/lib/python3.8/site-packages/airflow/example_dags/example_latest_only_with_trigger.py took 0.074 seconds
[2022-09-14T21:20:59.064-0300] {processor.py:153} INFO - Started process (PID=21258) to work on /home/juliana/Área de Trabalho/datapipeline/.env/lib/python3.8/site-packages/airflow/example_dags/example_latest_only_with_trigger.py
[2022-09-14T21:20:59.065-0300] {processor.py:640} INFO - Processing file /home/juliana/Área de Trabalho/datapipeline/.env/lib/python3.8/site-packages/airflow/example_dags/example_latest_only_with_trigger.py for tasks to queue
[2022-09-14T21:20:59.066-0300] {logging_mixin.py:115} INFO - [2022-09-14T21:20:59.066-0300] {dagbag.py:508} INFO - Filling up the DagBag from /home/juliana/Área de Trabalho/datapipeline/.env/lib/python3.8/site-packages/airflow/example_dags/example_latest_only_with_trigger.py
[2022-09-14T21:20:59.074-0300] {processor.py:650} INFO - DAG(s) dict_keys(['latest_only_with_trigger']) retrieved from /home/juliana/Área de Trabalho/datapipeline/.env/lib/python3.8/site-packages/airflow/example_dags/example_latest_only_with_trigger.py
[2022-09-14T21:20:59.092-0300] {logging_mixin.py:115} INFO - [2022-09-14T21:20:59.092-0300] {dag.py:2429} INFO - Sync 1 DAGs
[2022-09-14T21:20:59.107-0300] {logging_mixin.py:115} INFO - [2022-09-14T21:20:59.107-0300] {dag.py:2977} INFO - Setting next_dagrun for latest_only_with_trigger to 2022-09-14T20:20:59.107473+00:00, run_after=2022-09-15T00:20:59.107473+00:00
[2022-09-14T21:20:59.128-0300] {processor.py:161} INFO - Processing /home/juliana/Área de Trabalho/datapipeline/.env/lib/python3.8/site-packages/airflow/example_dags/example_latest_only_with_trigger.py took 0.068 seconds
[2022-09-14T21:21:32.109-0300] {processor.py:153} INFO - Started process (PID=21292) to work on /home/juliana/Área de Trabalho/datapipeline/.env/lib/python3.8/site-packages/airflow/example_dags/example_latest_only_with_trigger.py
[2022-09-14T21:21:32.111-0300] {processor.py:640} INFO - Processing file /home/juliana/Área de Trabalho/datapipeline/.env/lib/python3.8/site-packages/airflow/example_dags/example_latest_only_with_trigger.py for tasks to queue
[2022-09-14T21:21:32.112-0300] {logging_mixin.py:115} INFO - [2022-09-14T21:21:32.111-0300] {dagbag.py:508} INFO - Filling up the DagBag from /home/juliana/Área de Trabalho/datapipeline/.env/lib/python3.8/site-packages/airflow/example_dags/example_latest_only_with_trigger.py
[2022-09-14T21:21:32.121-0300] {processor.py:650} INFO - DAG(s) dict_keys(['latest_only_with_trigger']) retrieved from /home/juliana/Área de Trabalho/datapipeline/.env/lib/python3.8/site-packages/airflow/example_dags/example_latest_only_with_trigger.py
[2022-09-14T21:21:32.139-0300] {logging_mixin.py:115} INFO - [2022-09-14T21:21:32.139-0300] {dag.py:2429} INFO - Sync 1 DAGs
[2022-09-14T21:21:32.156-0300] {logging_mixin.py:115} INFO - [2022-09-14T21:21:32.156-0300] {dag.py:2977} INFO - Setting next_dagrun for latest_only_with_trigger to 2022-09-14T20:21:32.156377+00:00, run_after=2022-09-15T00:21:32.156377+00:00
[2022-09-14T21:21:32.171-0300] {processor.py:161} INFO - Processing /home/juliana/Área de Trabalho/datapipeline/.env/lib/python3.8/site-packages/airflow/example_dags/example_latest_only_with_trigger.py took 0.067 seconds
[2022-09-14T21:22:07.848-0300] {processor.py:153} INFO - Started process (PID=21331) to work on /home/juliana/Área de Trabalho/datapipeline/.env/lib/python3.8/site-packages/airflow/example_dags/example_latest_only_with_trigger.py
[2022-09-14T21:22:07.850-0300] {processor.py:640} INFO - Processing file /home/juliana/Área de Trabalho/datapipeline/.env/lib/python3.8/site-packages/airflow/example_dags/example_latest_only_with_trigger.py for tasks to queue
[2022-09-14T21:22:07.851-0300] {logging_mixin.py:115} INFO - [2022-09-14T21:22:07.851-0300] {dagbag.py:508} INFO - Filling up the DagBag from /home/juliana/Área de Trabalho/datapipeline/.env/lib/python3.8/site-packages/airflow/example_dags/example_latest_only_with_trigger.py
[2022-09-14T21:22:07.859-0300] {processor.py:650} INFO - DAG(s) dict_keys(['latest_only_with_trigger']) retrieved from /home/juliana/Área de Trabalho/datapipeline/.env/lib/python3.8/site-packages/airflow/example_dags/example_latest_only_with_trigger.py
[2022-09-14T21:22:07.876-0300] {logging_mixin.py:115} INFO - [2022-09-14T21:22:07.876-0300] {dag.py:2429} INFO - Sync 1 DAGs
[2022-09-14T21:22:07.891-0300] {logging_mixin.py:115} INFO - [2022-09-14T21:22:07.891-0300] {dag.py:2977} INFO - Setting next_dagrun for latest_only_with_trigger to 2022-09-14T20:22:07.891046+00:00, run_after=2022-09-15T00:22:07.891046+00:00
[2022-09-14T21:22:07.912-0300] {processor.py:161} INFO - Processing /home/juliana/Área de Trabalho/datapipeline/.env/lib/python3.8/site-packages/airflow/example_dags/example_latest_only_with_trigger.py took 0.069 seconds
[2022-09-14T21:22:44.438-0300] {processor.py:153} INFO - Started process (PID=21372) to work on /home/juliana/Área de Trabalho/datapipeline/.env/lib/python3.8/site-packages/airflow/example_dags/example_latest_only_with_trigger.py
[2022-09-14T21:22:44.439-0300] {processor.py:640} INFO - Processing file /home/juliana/Área de Trabalho/datapipeline/.env/lib/python3.8/site-packages/airflow/example_dags/example_latest_only_with_trigger.py for tasks to queue
[2022-09-14T21:22:44.441-0300] {logging_mixin.py:115} INFO - [2022-09-14T21:22:44.440-0300] {dagbag.py:508} INFO - Filling up the DagBag from /home/juliana/Área de Trabalho/datapipeline/.env/lib/python3.8/site-packages/airflow/example_dags/example_latest_only_with_trigger.py
[2022-09-14T21:22:44.450-0300] {processor.py:650} INFO - DAG(s) dict_keys(['latest_only_with_trigger']) retrieved from /home/juliana/Área de Trabalho/datapipeline/.env/lib/python3.8/site-packages/airflow/example_dags/example_latest_only_with_trigger.py
[2022-09-14T21:22:44.470-0300] {logging_mixin.py:115} INFO - [2022-09-14T21:22:44.470-0300] {dag.py:2429} INFO - Sync 1 DAGs
[2022-09-14T21:22:44.486-0300] {logging_mixin.py:115} INFO - [2022-09-14T21:22:44.486-0300] {dag.py:2977} INFO - Setting next_dagrun for latest_only_with_trigger to 2022-09-14T20:22:44.486295+00:00, run_after=2022-09-15T00:22:44.486295+00:00
[2022-09-14T21:22:44.510-0300] {processor.py:161} INFO - Processing /home/juliana/Área de Trabalho/datapipeline/.env/lib/python3.8/site-packages/airflow/example_dags/example_latest_only_with_trigger.py took 0.078 seconds
[2022-09-14T21:23:17.756-0300] {processor.py:153} INFO - Started process (PID=21437) to work on /home/juliana/Área de Trabalho/datapipeline/.env/lib/python3.8/site-packages/airflow/example_dags/example_latest_only_with_trigger.py
[2022-09-14T21:23:17.758-0300] {processor.py:640} INFO - Processing file /home/juliana/Área de Trabalho/datapipeline/.env/lib/python3.8/site-packages/airflow/example_dags/example_latest_only_with_trigger.py for tasks to queue
[2022-09-14T21:23:17.759-0300] {logging_mixin.py:115} INFO - [2022-09-14T21:23:17.759-0300] {dagbag.py:508} INFO - Filling up the DagBag from /home/juliana/Área de Trabalho/datapipeline/.env/lib/python3.8/site-packages/airflow/example_dags/example_latest_only_with_trigger.py
[2022-09-14T21:23:17.775-0300] {processor.py:650} INFO - DAG(s) dict_keys(['latest_only_with_trigger']) retrieved from /home/juliana/Área de Trabalho/datapipeline/.env/lib/python3.8/site-packages/airflow/example_dags/example_latest_only_with_trigger.py
[2022-09-14T21:23:17.795-0300] {logging_mixin.py:115} INFO - [2022-09-14T21:23:17.795-0300] {dag.py:2429} INFO - Sync 1 DAGs
[2022-09-14T21:23:17.813-0300] {logging_mixin.py:115} INFO - [2022-09-14T21:23:17.813-0300] {dag.py:2977} INFO - Setting next_dagrun for latest_only_with_trigger to 2022-09-14T20:23:17.813196+00:00, run_after=2022-09-15T00:23:17.813196+00:00
[2022-09-14T21:23:17.831-0300] {processor.py:161} INFO - Processing /home/juliana/Área de Trabalho/datapipeline/.env/lib/python3.8/site-packages/airflow/example_dags/example_latest_only_with_trigger.py took 0.079 seconds
[2022-09-14T21:23:54.362-0300] {processor.py:153} INFO - Started process (PID=21488) to work on /home/juliana/Área de Trabalho/datapipeline/.env/lib/python3.8/site-packages/airflow/example_dags/example_latest_only_with_trigger.py
[2022-09-14T21:23:54.368-0300] {processor.py:640} INFO - Processing file /home/juliana/Área de Trabalho/datapipeline/.env/lib/python3.8/site-packages/airflow/example_dags/example_latest_only_with_trigger.py for tasks to queue
[2022-09-14T21:23:54.368-0300] {logging_mixin.py:115} INFO - [2022-09-14T21:23:54.368-0300] {dagbag.py:508} INFO - Filling up the DagBag from /home/juliana/Área de Trabalho/datapipeline/.env/lib/python3.8/site-packages/airflow/example_dags/example_latest_only_with_trigger.py
[2022-09-14T21:23:54.374-0300] {processor.py:650} INFO - DAG(s) dict_keys(['latest_only_with_trigger']) retrieved from /home/juliana/Área de Trabalho/datapipeline/.env/lib/python3.8/site-packages/airflow/example_dags/example_latest_only_with_trigger.py
[2022-09-14T21:23:54.389-0300] {logging_mixin.py:115} INFO - [2022-09-14T21:23:54.388-0300] {dag.py:2429} INFO - Sync 1 DAGs
[2022-09-14T21:23:54.405-0300] {logging_mixin.py:115} INFO - [2022-09-14T21:23:54.405-0300] {dag.py:2977} INFO - Setting next_dagrun for latest_only_with_trigger to 2022-09-14T20:23:54.404861+00:00, run_after=2022-09-15T00:23:54.404861+00:00
[2022-09-14T21:23:54.421-0300] {processor.py:161} INFO - Processing /home/juliana/Área de Trabalho/datapipeline/.env/lib/python3.8/site-packages/airflow/example_dags/example_latest_only_with_trigger.py took 0.061 seconds
[2022-09-14T21:24:30.672-0300] {processor.py:153} INFO - Started process (PID=21533) to work on /home/juliana/Área de Trabalho/datapipeline/.env/lib/python3.8/site-packages/airflow/example_dags/example_latest_only_with_trigger.py
[2022-09-14T21:24:30.675-0300] {processor.py:640} INFO - Processing file /home/juliana/Área de Trabalho/datapipeline/.env/lib/python3.8/site-packages/airflow/example_dags/example_latest_only_with_trigger.py for tasks to queue
[2022-09-14T21:24:30.676-0300] {logging_mixin.py:115} INFO - [2022-09-14T21:24:30.676-0300] {dagbag.py:508} INFO - Filling up the DagBag from /home/juliana/Área de Trabalho/datapipeline/.env/lib/python3.8/site-packages/airflow/example_dags/example_latest_only_with_trigger.py
[2022-09-14T21:24:30.686-0300] {processor.py:650} INFO - DAG(s) dict_keys(['latest_only_with_trigger']) retrieved from /home/juliana/Área de Trabalho/datapipeline/.env/lib/python3.8/site-packages/airflow/example_dags/example_latest_only_with_trigger.py
[2022-09-14T21:24:30.704-0300] {logging_mixin.py:115} INFO - [2022-09-14T21:24:30.704-0300] {dag.py:2429} INFO - Sync 1 DAGs
[2022-09-14T21:24:30.719-0300] {logging_mixin.py:115} INFO - [2022-09-14T21:24:30.719-0300] {dag.py:2977} INFO - Setting next_dagrun for latest_only_with_trigger to 2022-09-14T20:24:30.719561+00:00, run_after=2022-09-15T00:24:30.719561+00:00
[2022-09-14T21:24:30.735-0300] {processor.py:161} INFO - Processing /home/juliana/Área de Trabalho/datapipeline/.env/lib/python3.8/site-packages/airflow/example_dags/example_latest_only_with_trigger.py took 0.069 seconds
[2022-09-14T21:25:04.507-0300] {processor.py:153} INFO - Started process (PID=21574) to work on /home/juliana/Área de Trabalho/datapipeline/.env/lib/python3.8/site-packages/airflow/example_dags/example_latest_only_with_trigger.py
[2022-09-14T21:25:04.508-0300] {processor.py:640} INFO - Processing file /home/juliana/Área de Trabalho/datapipeline/.env/lib/python3.8/site-packages/airflow/example_dags/example_latest_only_with_trigger.py for tasks to queue
[2022-09-14T21:25:04.509-0300] {logging_mixin.py:115} INFO - [2022-09-14T21:25:04.509-0300] {dagbag.py:508} INFO - Filling up the DagBag from /home/juliana/Área de Trabalho/datapipeline/.env/lib/python3.8/site-packages/airflow/example_dags/example_latest_only_with_trigger.py
[2022-09-14T21:25:04.520-0300] {processor.py:650} INFO - DAG(s) dict_keys(['latest_only_with_trigger']) retrieved from /home/juliana/Área de Trabalho/datapipeline/.env/lib/python3.8/site-packages/airflow/example_dags/example_latest_only_with_trigger.py
[2022-09-14T21:25:04.554-0300] {logging_mixin.py:115} INFO - [2022-09-14T21:25:04.553-0300] {dag.py:2429} INFO - Sync 1 DAGs
[2022-09-14T21:25:04.575-0300] {logging_mixin.py:115} INFO - [2022-09-14T21:25:04.575-0300] {dag.py:2977} INFO - Setting next_dagrun for latest_only_with_trigger to 2022-09-14T20:25:04.574866+00:00, run_after=2022-09-15T00:25:04.574866+00:00
[2022-09-14T21:25:04.591-0300] {processor.py:161} INFO - Processing /home/juliana/Área de Trabalho/datapipeline/.env/lib/python3.8/site-packages/airflow/example_dags/example_latest_only_with_trigger.py took 0.088 seconds
[2022-09-14T21:25:37.290-0300] {processor.py:153} INFO - Started process (PID=21607) to work on /home/juliana/Área de Trabalho/datapipeline/.env/lib/python3.8/site-packages/airflow/example_dags/example_latest_only_with_trigger.py
[2022-09-14T21:25:37.292-0300] {processor.py:640} INFO - Processing file /home/juliana/Área de Trabalho/datapipeline/.env/lib/python3.8/site-packages/airflow/example_dags/example_latest_only_with_trigger.py for tasks to queue
[2022-09-14T21:25:37.293-0300] {logging_mixin.py:115} INFO - [2022-09-14T21:25:37.292-0300] {dagbag.py:508} INFO - Filling up the DagBag from /home/juliana/Área de Trabalho/datapipeline/.env/lib/python3.8/site-packages/airflow/example_dags/example_latest_only_with_trigger.py
[2022-09-14T21:25:37.299-0300] {processor.py:650} INFO - DAG(s) dict_keys(['latest_only_with_trigger']) retrieved from /home/juliana/Área de Trabalho/datapipeline/.env/lib/python3.8/site-packages/airflow/example_dags/example_latest_only_with_trigger.py
[2022-09-14T21:25:37.317-0300] {logging_mixin.py:115} INFO - [2022-09-14T21:25:37.317-0300] {dag.py:2429} INFO - Sync 1 DAGs
[2022-09-14T21:25:37.334-0300] {logging_mixin.py:115} INFO - [2022-09-14T21:25:37.334-0300] {dag.py:2977} INFO - Setting next_dagrun for latest_only_with_trigger to 2022-09-14T20:25:37.334258+00:00, run_after=2022-09-15T00:25:37.334258+00:00
[2022-09-14T21:25:37.355-0300] {processor.py:161} INFO - Processing /home/juliana/Área de Trabalho/datapipeline/.env/lib/python3.8/site-packages/airflow/example_dags/example_latest_only_with_trigger.py took 0.071 seconds
[2022-09-14T21:26:11.275-0300] {processor.py:153} INFO - Started process (PID=21642) to work on /home/juliana/Área de Trabalho/datapipeline/.env/lib/python3.8/site-packages/airflow/example_dags/example_latest_only_with_trigger.py
[2022-09-14T21:26:11.276-0300] {processor.py:640} INFO - Processing file /home/juliana/Área de Trabalho/datapipeline/.env/lib/python3.8/site-packages/airflow/example_dags/example_latest_only_with_trigger.py for tasks to queue
[2022-09-14T21:26:11.277-0300] {logging_mixin.py:115} INFO - [2022-09-14T21:26:11.277-0300] {dagbag.py:508} INFO - Filling up the DagBag from /home/juliana/Área de Trabalho/datapipeline/.env/lib/python3.8/site-packages/airflow/example_dags/example_latest_only_with_trigger.py
[2022-09-14T21:26:11.285-0300] {processor.py:650} INFO - DAG(s) dict_keys(['latest_only_with_trigger']) retrieved from /home/juliana/Área de Trabalho/datapipeline/.env/lib/python3.8/site-packages/airflow/example_dags/example_latest_only_with_trigger.py
[2022-09-14T21:26:11.303-0300] {logging_mixin.py:115} INFO - [2022-09-14T21:26:11.303-0300] {dag.py:2429} INFO - Sync 1 DAGs
[2022-09-14T21:26:11.323-0300] {logging_mixin.py:115} INFO - [2022-09-14T21:26:11.323-0300] {dag.py:2977} INFO - Setting next_dagrun for latest_only_with_trigger to 2022-09-14T20:26:11.323281+00:00, run_after=2022-09-15T00:26:11.323281+00:00
[2022-09-14T21:26:11.348-0300] {processor.py:161} INFO - Processing /home/juliana/Área de Trabalho/datapipeline/.env/lib/python3.8/site-packages/airflow/example_dags/example_latest_only_with_trigger.py took 0.078 seconds
[2022-09-14T21:26:43.912-0300] {processor.py:153} INFO - Started process (PID=21679) to work on /home/juliana/Área de Trabalho/datapipeline/.env/lib/python3.8/site-packages/airflow/example_dags/example_latest_only_with_trigger.py
[2022-09-14T21:26:43.913-0300] {processor.py:640} INFO - Processing file /home/juliana/Área de Trabalho/datapipeline/.env/lib/python3.8/site-packages/airflow/example_dags/example_latest_only_with_trigger.py for tasks to queue
[2022-09-14T21:26:43.914-0300] {logging_mixin.py:115} INFO - [2022-09-14T21:26:43.914-0300] {dagbag.py:508} INFO - Filling up the DagBag from /home/juliana/Área de Trabalho/datapipeline/.env/lib/python3.8/site-packages/airflow/example_dags/example_latest_only_with_trigger.py
[2022-09-14T21:26:43.922-0300] {processor.py:650} INFO - DAG(s) dict_keys(['latest_only_with_trigger']) retrieved from /home/juliana/Área de Trabalho/datapipeline/.env/lib/python3.8/site-packages/airflow/example_dags/example_latest_only_with_trigger.py
[2022-09-14T21:26:43.940-0300] {logging_mixin.py:115} INFO - [2022-09-14T21:26:43.940-0300] {dag.py:2429} INFO - Sync 1 DAGs
[2022-09-14T21:26:43.957-0300] {logging_mixin.py:115} INFO - [2022-09-14T21:26:43.956-0300] {dag.py:2977} INFO - Setting next_dagrun for latest_only_with_trigger to 2022-09-14T20:26:43.956597+00:00, run_after=2022-09-15T00:26:43.956597+00:00
[2022-09-14T21:26:43.974-0300] {processor.py:161} INFO - Processing /home/juliana/Área de Trabalho/datapipeline/.env/lib/python3.8/site-packages/airflow/example_dags/example_latest_only_with_trigger.py took 0.068 seconds
[2022-09-14T21:27:21.580-0300] {processor.py:153} INFO - Started process (PID=21738) to work on /home/juliana/Área de Trabalho/datapipeline/.env/lib/python3.8/site-packages/airflow/example_dags/example_latest_only_with_trigger.py
[2022-09-14T21:27:21.582-0300] {processor.py:640} INFO - Processing file /home/juliana/Área de Trabalho/datapipeline/.env/lib/python3.8/site-packages/airflow/example_dags/example_latest_only_with_trigger.py for tasks to queue
[2022-09-14T21:27:21.582-0300] {logging_mixin.py:115} INFO - [2022-09-14T21:27:21.582-0300] {dagbag.py:508} INFO - Filling up the DagBag from /home/juliana/Área de Trabalho/datapipeline/.env/lib/python3.8/site-packages/airflow/example_dags/example_latest_only_with_trigger.py
[2022-09-14T21:27:21.620-0300] {processor.py:650} INFO - DAG(s) dict_keys(['latest_only_with_trigger']) retrieved from /home/juliana/Área de Trabalho/datapipeline/.env/lib/python3.8/site-packages/airflow/example_dags/example_latest_only_with_trigger.py
[2022-09-14T21:27:21.704-0300] {logging_mixin.py:115} INFO - [2022-09-14T21:27:21.704-0300] {dag.py:2429} INFO - Sync 1 DAGs
[2022-09-14T21:27:21.829-0300] {logging_mixin.py:115} INFO - [2022-09-14T21:27:21.829-0300] {dag.py:2977} INFO - Setting next_dagrun for latest_only_with_trigger to 2022-09-14T20:27:21.829097+00:00, run_after=2022-09-15T00:27:21.829097+00:00
[2022-09-14T21:27:21.884-0300] {processor.py:161} INFO - Processing /home/juliana/Área de Trabalho/datapipeline/.env/lib/python3.8/site-packages/airflow/example_dags/example_latest_only_with_trigger.py took 0.312 seconds
[2022-09-14T21:35:18.599-0300] {processor.py:153} INFO - Started process (PID=21881) to work on /home/juliana/Área de Trabalho/datapipeline/.env/lib/python3.8/site-packages/airflow/example_dags/example_latest_only_with_trigger.py
[2022-09-14T21:35:18.687-0300] {processor.py:640} INFO - Processing file /home/juliana/Área de Trabalho/datapipeline/.env/lib/python3.8/site-packages/airflow/example_dags/example_latest_only_with_trigger.py for tasks to queue
[2022-09-14T21:35:18.703-0300] {logging_mixin.py:115} INFO - [2022-09-14T21:35:18.699-0300] {dagbag.py:508} INFO - Filling up the DagBag from /home/juliana/Área de Trabalho/datapipeline/.env/lib/python3.8/site-packages/airflow/example_dags/example_latest_only_with_trigger.py
[2022-09-14T21:35:19.187-0300] {processor.py:650} INFO - DAG(s) dict_keys(['latest_only_with_trigger']) retrieved from /home/juliana/Área de Trabalho/datapipeline/.env/lib/python3.8/site-packages/airflow/example_dags/example_latest_only_with_trigger.py
[2022-09-14T21:35:20.388-0300] {logging_mixin.py:115} INFO - [2022-09-14T21:35:20.277-0300] {dag.py:2429} INFO - Sync 1 DAGs
[2022-09-14T21:35:23.201-0300] {logging_mixin.py:115} INFO - [2022-09-14T21:35:22.833-0300] {dag.py:2977} INFO - Setting next_dagrun for latest_only_with_trigger to 2022-09-14T20:35:22.681308+00:00, run_after=2022-09-15T00:35:22.681308+00:00
[2022-09-14T21:35:27.136-0300] {processor.py:161} INFO - Processing /home/juliana/Área de Trabalho/datapipeline/.env/lib/python3.8/site-packages/airflow/example_dags/example_latest_only_with_trigger.py took 8.677 seconds
[2022-09-15T13:35:37.369-0300] {processor.py:153} INFO - Started process (PID=7271) to work on /home/juliana/Área de Trabalho/datapipeline/.env/lib/python3.8/site-packages/airflow/example_dags/example_latest_only_with_trigger.py
[2022-09-15T13:35:37.372-0300] {processor.py:640} INFO - Processing file /home/juliana/Área de Trabalho/datapipeline/.env/lib/python3.8/site-packages/airflow/example_dags/example_latest_only_with_trigger.py for tasks to queue
[2022-09-15T13:35:37.373-0300] {logging_mixin.py:115} INFO - [2022-09-15T13:35:37.373-0300] {dagbag.py:508} INFO - Filling up the DagBag from /home/juliana/Área de Trabalho/datapipeline/.env/lib/python3.8/site-packages/airflow/example_dags/example_latest_only_with_trigger.py
[2022-09-15T13:35:37.389-0300] {processor.py:650} INFO - DAG(s) dict_keys(['latest_only_with_trigger']) retrieved from /home/juliana/Área de Trabalho/datapipeline/.env/lib/python3.8/site-packages/airflow/example_dags/example_latest_only_with_trigger.py
[2022-09-15T13:35:37.450-0300] {logging_mixin.py:115} INFO - [2022-09-15T13:35:37.450-0300] {dag.py:2429} INFO - Sync 1 DAGs
[2022-09-15T13:35:37.519-0300] {logging_mixin.py:115} INFO - [2022-09-15T13:35:37.519-0300] {dag.py:2977} INFO - Setting next_dagrun for latest_only_with_trigger to 2022-09-15T12:35:37.515215+00:00, run_after=2022-09-15T16:35:37.515215+00:00
[2022-09-15T13:35:37.546-0300] {processor.py:161} INFO - Processing /home/juliana/Área de Trabalho/datapipeline/.env/lib/python3.8/site-packages/airflow/example_dags/example_latest_only_with_trigger.py took 0.184 seconds
[2022-09-15T13:36:21.079-0300] {processor.py:153} INFO - Started process (PID=7468) to work on /home/juliana/Área de Trabalho/datapipeline/.env/lib/python3.8/site-packages/airflow/example_dags/example_latest_only_with_trigger.py
[2022-09-15T13:36:21.083-0300] {processor.py:640} INFO - Processing file /home/juliana/Área de Trabalho/datapipeline/.env/lib/python3.8/site-packages/airflow/example_dags/example_latest_only_with_trigger.py for tasks to queue
[2022-09-15T13:36:21.085-0300] {logging_mixin.py:115} INFO - [2022-09-15T13:36:21.084-0300] {dagbag.py:508} INFO - Filling up the DagBag from /home/juliana/Área de Trabalho/datapipeline/.env/lib/python3.8/site-packages/airflow/example_dags/example_latest_only_with_trigger.py
[2022-09-15T13:36:21.098-0300] {processor.py:650} INFO - DAG(s) dict_keys(['latest_only_with_trigger']) retrieved from /home/juliana/Área de Trabalho/datapipeline/.env/lib/python3.8/site-packages/airflow/example_dags/example_latest_only_with_trigger.py
[2022-09-15T13:36:21.128-0300] {logging_mixin.py:115} INFO - [2022-09-15T13:36:21.128-0300] {dag.py:2429} INFO - Sync 1 DAGs
[2022-09-15T13:36:21.149-0300] {logging_mixin.py:115} INFO - [2022-09-15T13:36:21.149-0300] {dag.py:2977} INFO - Setting next_dagrun for latest_only_with_trigger to 2022-09-15T12:36:21.149249+00:00, run_after=2022-09-15T16:36:21.149249+00:00
[2022-09-15T13:36:21.167-0300] {processor.py:161} INFO - Processing /home/juliana/Área de Trabalho/datapipeline/.env/lib/python3.8/site-packages/airflow/example_dags/example_latest_only_with_trigger.py took 0.095 seconds
[2022-09-15T13:36:59.474-0300] {processor.py:153} INFO - Started process (PID=7614) to work on /home/juliana/Área de Trabalho/datapipeline/.env/lib/python3.8/site-packages/airflow/example_dags/example_latest_only_with_trigger.py
[2022-09-15T13:36:59.480-0300] {processor.py:640} INFO - Processing file /home/juliana/Área de Trabalho/datapipeline/.env/lib/python3.8/site-packages/airflow/example_dags/example_latest_only_with_trigger.py for tasks to queue
[2022-09-15T13:36:59.482-0300] {logging_mixin.py:115} INFO - [2022-09-15T13:36:59.481-0300] {dagbag.py:508} INFO - Filling up the DagBag from /home/juliana/Área de Trabalho/datapipeline/.env/lib/python3.8/site-packages/airflow/example_dags/example_latest_only_with_trigger.py
[2022-09-15T13:36:59.489-0300] {processor.py:650} INFO - DAG(s) dict_keys(['latest_only_with_trigger']) retrieved from /home/juliana/Área de Trabalho/datapipeline/.env/lib/python3.8/site-packages/airflow/example_dags/example_latest_only_with_trigger.py
[2022-09-15T13:36:59.509-0300] {logging_mixin.py:115} INFO - [2022-09-15T13:36:59.509-0300] {dag.py:2429} INFO - Sync 1 DAGs
[2022-09-15T13:36:59.532-0300] {logging_mixin.py:115} INFO - [2022-09-15T13:36:59.531-0300] {dag.py:2977} INFO - Setting next_dagrun for latest_only_with_trigger to 2022-09-15T12:36:59.531638+00:00, run_after=2022-09-15T16:36:59.531638+00:00
[2022-09-15T13:36:59.551-0300] {processor.py:161} INFO - Processing /home/juliana/Área de Trabalho/datapipeline/.env/lib/python3.8/site-packages/airflow/example_dags/example_latest_only_with_trigger.py took 0.084 seconds
[2022-09-15T13:37:37.707-0300] {processor.py:153} INFO - Started process (PID=7753) to work on /home/juliana/Área de Trabalho/datapipeline/.env/lib/python3.8/site-packages/airflow/example_dags/example_latest_only_with_trigger.py
[2022-09-15T13:37:37.710-0300] {processor.py:640} INFO - Processing file /home/juliana/Área de Trabalho/datapipeline/.env/lib/python3.8/site-packages/airflow/example_dags/example_latest_only_with_trigger.py for tasks to queue
[2022-09-15T13:37:37.711-0300] {logging_mixin.py:115} INFO - [2022-09-15T13:37:37.710-0300] {dagbag.py:508} INFO - Filling up the DagBag from /home/juliana/Área de Trabalho/datapipeline/.env/lib/python3.8/site-packages/airflow/example_dags/example_latest_only_with_trigger.py
[2022-09-15T13:37:37.719-0300] {processor.py:650} INFO - DAG(s) dict_keys(['latest_only_with_trigger']) retrieved from /home/juliana/Área de Trabalho/datapipeline/.env/lib/python3.8/site-packages/airflow/example_dags/example_latest_only_with_trigger.py
[2022-09-15T13:37:37.741-0300] {logging_mixin.py:115} INFO - [2022-09-15T13:37:37.741-0300] {dag.py:2429} INFO - Sync 1 DAGs
[2022-09-15T13:37:37.762-0300] {logging_mixin.py:115} INFO - [2022-09-15T13:37:37.761-0300] {dag.py:2977} INFO - Setting next_dagrun for latest_only_with_trigger to 2022-09-15T12:37:37.761618+00:00, run_after=2022-09-15T16:37:37.761618+00:00
[2022-09-15T13:37:37.780-0300] {processor.py:161} INFO - Processing /home/juliana/Área de Trabalho/datapipeline/.env/lib/python3.8/site-packages/airflow/example_dags/example_latest_only_with_trigger.py took 0.080 seconds
[2022-09-15T13:38:17.971-0300] {processor.py:153} INFO - Started process (PID=7890) to work on /home/juliana/Área de Trabalho/datapipeline/.env/lib/python3.8/site-packages/airflow/example_dags/example_latest_only_with_trigger.py
[2022-09-15T13:38:17.977-0300] {processor.py:640} INFO - Processing file /home/juliana/Área de Trabalho/datapipeline/.env/lib/python3.8/site-packages/airflow/example_dags/example_latest_only_with_trigger.py for tasks to queue
[2022-09-15T13:38:17.978-0300] {logging_mixin.py:115} INFO - [2022-09-15T13:38:17.977-0300] {dagbag.py:508} INFO - Filling up the DagBag from /home/juliana/Área de Trabalho/datapipeline/.env/lib/python3.8/site-packages/airflow/example_dags/example_latest_only_with_trigger.py
[2022-09-15T13:38:17.987-0300] {processor.py:650} INFO - DAG(s) dict_keys(['latest_only_with_trigger']) retrieved from /home/juliana/Área de Trabalho/datapipeline/.env/lib/python3.8/site-packages/airflow/example_dags/example_latest_only_with_trigger.py
[2022-09-15T13:38:18.009-0300] {logging_mixin.py:115} INFO - [2022-09-15T13:38:18.009-0300] {dag.py:2429} INFO - Sync 1 DAGs
[2022-09-15T13:38:18.049-0300] {logging_mixin.py:115} INFO - [2022-09-15T13:38:18.049-0300] {dag.py:2977} INFO - Setting next_dagrun for latest_only_with_trigger to 2022-09-15T12:38:18.049203+00:00, run_after=2022-09-15T16:38:18.049203+00:00
[2022-09-15T13:38:18.074-0300] {processor.py:161} INFO - Processing /home/juliana/Área de Trabalho/datapipeline/.env/lib/python3.8/site-packages/airflow/example_dags/example_latest_only_with_trigger.py took 0.107 seconds
[2022-09-15T13:38:57.897-0300] {processor.py:153} INFO - Started process (PID=8022) to work on /home/juliana/Área de Trabalho/datapipeline/.env/lib/python3.8/site-packages/airflow/example_dags/example_latest_only_with_trigger.py
[2022-09-15T13:38:57.901-0300] {processor.py:640} INFO - Processing file /home/juliana/Área de Trabalho/datapipeline/.env/lib/python3.8/site-packages/airflow/example_dags/example_latest_only_with_trigger.py for tasks to queue
[2022-09-15T13:38:57.902-0300] {logging_mixin.py:115} INFO - [2022-09-15T13:38:57.902-0300] {dagbag.py:508} INFO - Filling up the DagBag from /home/juliana/Área de Trabalho/datapipeline/.env/lib/python3.8/site-packages/airflow/example_dags/example_latest_only_with_trigger.py
[2022-09-15T13:38:57.916-0300] {processor.py:650} INFO - DAG(s) dict_keys(['latest_only_with_trigger']) retrieved from /home/juliana/Área de Trabalho/datapipeline/.env/lib/python3.8/site-packages/airflow/example_dags/example_latest_only_with_trigger.py
[2022-09-15T13:38:57.936-0300] {logging_mixin.py:115} INFO - [2022-09-15T13:38:57.936-0300] {dag.py:2429} INFO - Sync 1 DAGs
[2022-09-15T13:38:57.957-0300] {logging_mixin.py:115} INFO - [2022-09-15T13:38:57.957-0300] {dag.py:2977} INFO - Setting next_dagrun for latest_only_with_trigger to 2022-09-15T12:38:57.956912+00:00, run_after=2022-09-15T16:38:57.956912+00:00
[2022-09-15T13:38:57.975-0300] {processor.py:161} INFO - Processing /home/juliana/Área de Trabalho/datapipeline/.env/lib/python3.8/site-packages/airflow/example_dags/example_latest_only_with_trigger.py took 0.084 seconds
[2022-09-15T13:39:37.090-0300] {processor.py:153} INFO - Started process (PID=8156) to work on /home/juliana/Área de Trabalho/datapipeline/.env/lib/python3.8/site-packages/airflow/example_dags/example_latest_only_with_trigger.py
[2022-09-15T13:39:37.093-0300] {processor.py:640} INFO - Processing file /home/juliana/Área de Trabalho/datapipeline/.env/lib/python3.8/site-packages/airflow/example_dags/example_latest_only_with_trigger.py for tasks to queue
[2022-09-15T13:39:37.094-0300] {logging_mixin.py:115} INFO - [2022-09-15T13:39:37.093-0300] {dagbag.py:508} INFO - Filling up the DagBag from /home/juliana/Área de Trabalho/datapipeline/.env/lib/python3.8/site-packages/airflow/example_dags/example_latest_only_with_trigger.py
[2022-09-15T13:39:37.101-0300] {processor.py:650} INFO - DAG(s) dict_keys(['latest_only_with_trigger']) retrieved from /home/juliana/Área de Trabalho/datapipeline/.env/lib/python3.8/site-packages/airflow/example_dags/example_latest_only_with_trigger.py
[2022-09-15T13:39:37.118-0300] {logging_mixin.py:115} INFO - [2022-09-15T13:39:37.117-0300] {dag.py:2429} INFO - Sync 1 DAGs
[2022-09-15T13:39:37.136-0300] {logging_mixin.py:115} INFO - [2022-09-15T13:39:37.136-0300] {dag.py:2977} INFO - Setting next_dagrun for latest_only_with_trigger to 2022-09-15T12:39:37.136207+00:00, run_after=2022-09-15T16:39:37.136207+00:00
[2022-09-15T13:39:37.247-0300] {processor.py:161} INFO - Processing /home/juliana/Área de Trabalho/datapipeline/.env/lib/python3.8/site-packages/airflow/example_dags/example_latest_only_with_trigger.py took 0.162 seconds
[2022-09-15T13:40:15.028-0300] {processor.py:153} INFO - Started process (PID=8289) to work on /home/juliana/Área de Trabalho/datapipeline/.env/lib/python3.8/site-packages/airflow/example_dags/example_latest_only_with_trigger.py
[2022-09-15T13:40:15.036-0300] {processor.py:640} INFO - Processing file /home/juliana/Área de Trabalho/datapipeline/.env/lib/python3.8/site-packages/airflow/example_dags/example_latest_only_with_trigger.py for tasks to queue
[2022-09-15T13:40:15.037-0300] {logging_mixin.py:115} INFO - [2022-09-15T13:40:15.037-0300] {dagbag.py:508} INFO - Filling up the DagBag from /home/juliana/Área de Trabalho/datapipeline/.env/lib/python3.8/site-packages/airflow/example_dags/example_latest_only_with_trigger.py
[2022-09-15T13:40:15.058-0300] {processor.py:650} INFO - DAG(s) dict_keys(['latest_only_with_trigger']) retrieved from /home/juliana/Área de Trabalho/datapipeline/.env/lib/python3.8/site-packages/airflow/example_dags/example_latest_only_with_trigger.py
[2022-09-15T13:40:15.089-0300] {logging_mixin.py:115} INFO - [2022-09-15T13:40:15.089-0300] {dag.py:2429} INFO - Sync 1 DAGs
[2022-09-15T13:40:15.110-0300] {logging_mixin.py:115} INFO - [2022-09-15T13:40:15.109-0300] {dag.py:2977} INFO - Setting next_dagrun for latest_only_with_trigger to 2022-09-15T12:40:15.109616+00:00, run_after=2022-09-15T16:40:15.109616+00:00
[2022-09-15T13:40:15.130-0300] {processor.py:161} INFO - Processing /home/juliana/Área de Trabalho/datapipeline/.env/lib/python3.8/site-packages/airflow/example_dags/example_latest_only_with_trigger.py took 0.107 seconds
[2022-09-15T13:40:53.529-0300] {processor.py:153} INFO - Started process (PID=8435) to work on /home/juliana/Área de Trabalho/datapipeline/.env/lib/python3.8/site-packages/airflow/example_dags/example_latest_only_with_trigger.py
[2022-09-15T13:40:53.536-0300] {processor.py:640} INFO - Processing file /home/juliana/Área de Trabalho/datapipeline/.env/lib/python3.8/site-packages/airflow/example_dags/example_latest_only_with_trigger.py for tasks to queue
[2022-09-15T13:40:53.537-0300] {logging_mixin.py:115} INFO - [2022-09-15T13:40:53.537-0300] {dagbag.py:508} INFO - Filling up the DagBag from /home/juliana/Área de Trabalho/datapipeline/.env/lib/python3.8/site-packages/airflow/example_dags/example_latest_only_with_trigger.py
[2022-09-15T13:40:53.547-0300] {processor.py:650} INFO - DAG(s) dict_keys(['latest_only_with_trigger']) retrieved from /home/juliana/Área de Trabalho/datapipeline/.env/lib/python3.8/site-packages/airflow/example_dags/example_latest_only_with_trigger.py
[2022-09-15T13:40:53.567-0300] {logging_mixin.py:115} INFO - [2022-09-15T13:40:53.567-0300] {dag.py:2429} INFO - Sync 1 DAGs
[2022-09-15T13:40:53.589-0300] {logging_mixin.py:115} INFO - [2022-09-15T13:40:53.589-0300] {dag.py:2977} INFO - Setting next_dagrun for latest_only_with_trigger to 2022-09-15T12:40:53.588751+00:00, run_after=2022-09-15T16:40:53.588751+00:00
[2022-09-15T13:40:53.607-0300] {processor.py:161} INFO - Processing /home/juliana/Área de Trabalho/datapipeline/.env/lib/python3.8/site-packages/airflow/example_dags/example_latest_only_with_trigger.py took 0.084 seconds
[2022-09-15T13:41:35.465-0300] {processor.py:153} INFO - Started process (PID=8587) to work on /home/juliana/Área de Trabalho/datapipeline/.env/lib/python3.8/site-packages/airflow/example_dags/example_latest_only_with_trigger.py
[2022-09-15T13:41:35.466-0300] {processor.py:640} INFO - Processing file /home/juliana/Área de Trabalho/datapipeline/.env/lib/python3.8/site-packages/airflow/example_dags/example_latest_only_with_trigger.py for tasks to queue
[2022-09-15T13:41:35.467-0300] {logging_mixin.py:115} INFO - [2022-09-15T13:41:35.467-0300] {dagbag.py:508} INFO - Filling up the DagBag from /home/juliana/Área de Trabalho/datapipeline/.env/lib/python3.8/site-packages/airflow/example_dags/example_latest_only_with_trigger.py
[2022-09-15T13:41:35.473-0300] {processor.py:650} INFO - DAG(s) dict_keys(['latest_only_with_trigger']) retrieved from /home/juliana/Área de Trabalho/datapipeline/.env/lib/python3.8/site-packages/airflow/example_dags/example_latest_only_with_trigger.py
[2022-09-15T13:41:35.492-0300] {logging_mixin.py:115} INFO - [2022-09-15T13:41:35.492-0300] {dag.py:2429} INFO - Sync 1 DAGs
[2022-09-15T13:41:35.513-0300] {logging_mixin.py:115} INFO - [2022-09-15T13:41:35.513-0300] {dag.py:2977} INFO - Setting next_dagrun for latest_only_with_trigger to 2022-09-15T12:41:35.513274+00:00, run_after=2022-09-15T16:41:35.513274+00:00
[2022-09-15T13:41:35.665-0300] {processor.py:161} INFO - Processing /home/juliana/Área de Trabalho/datapipeline/.env/lib/python3.8/site-packages/airflow/example_dags/example_latest_only_with_trigger.py took 0.204 seconds
[2022-09-15T13:42:18.165-0300] {processor.py:153} INFO - Started process (PID=8747) to work on /home/juliana/Área de Trabalho/datapipeline/.env/lib/python3.8/site-packages/airflow/example_dags/example_latest_only_with_trigger.py
[2022-09-15T13:42:18.170-0300] {processor.py:640} INFO - Processing file /home/juliana/Área de Trabalho/datapipeline/.env/lib/python3.8/site-packages/airflow/example_dags/example_latest_only_with_trigger.py for tasks to queue
[2022-09-15T13:42:18.172-0300] {logging_mixin.py:115} INFO - [2022-09-15T13:42:18.172-0300] {dagbag.py:508} INFO - Filling up the DagBag from /home/juliana/Área de Trabalho/datapipeline/.env/lib/python3.8/site-packages/airflow/example_dags/example_latest_only_with_trigger.py
[2022-09-15T13:42:18.189-0300] {processor.py:650} INFO - DAG(s) dict_keys(['latest_only_with_trigger']) retrieved from /home/juliana/Área de Trabalho/datapipeline/.env/lib/python3.8/site-packages/airflow/example_dags/example_latest_only_with_trigger.py
[2022-09-15T13:42:18.225-0300] {logging_mixin.py:115} INFO - [2022-09-15T13:42:18.225-0300] {dag.py:2429} INFO - Sync 1 DAGs
[2022-09-15T13:42:18.258-0300] {logging_mixin.py:115} INFO - [2022-09-15T13:42:18.258-0300] {dag.py:2977} INFO - Setting next_dagrun for latest_only_with_trigger to 2022-09-15T12:42:18.258340+00:00, run_after=2022-09-15T16:42:18.258340+00:00
[2022-09-15T13:42:18.277-0300] {processor.py:161} INFO - Processing /home/juliana/Área de Trabalho/datapipeline/.env/lib/python3.8/site-packages/airflow/example_dags/example_latest_only_with_trigger.py took 0.120 seconds
[2022-09-15T13:43:06.811-0300] {processor.py:153} INFO - Started process (PID=8900) to work on /home/juliana/Área de Trabalho/datapipeline/.env/lib/python3.8/site-packages/airflow/example_dags/example_latest_only_with_trigger.py
[2022-09-15T13:43:06.818-0300] {processor.py:640} INFO - Processing file /home/juliana/Área de Trabalho/datapipeline/.env/lib/python3.8/site-packages/airflow/example_dags/example_latest_only_with_trigger.py for tasks to queue
[2022-09-15T13:43:06.820-0300] {logging_mixin.py:115} INFO - [2022-09-15T13:43:06.819-0300] {dagbag.py:508} INFO - Filling up the DagBag from /home/juliana/Área de Trabalho/datapipeline/.env/lib/python3.8/site-packages/airflow/example_dags/example_latest_only_with_trigger.py
[2022-09-15T13:43:06.837-0300] {processor.py:650} INFO - DAG(s) dict_keys(['latest_only_with_trigger']) retrieved from /home/juliana/Área de Trabalho/datapipeline/.env/lib/python3.8/site-packages/airflow/example_dags/example_latest_only_with_trigger.py
[2022-09-15T13:43:06.876-0300] {logging_mixin.py:115} INFO - [2022-09-15T13:43:06.876-0300] {dag.py:2429} INFO - Sync 1 DAGs
[2022-09-15T13:43:06.933-0300] {logging_mixin.py:115} INFO - [2022-09-15T13:43:06.933-0300] {dag.py:2977} INFO - Setting next_dagrun for latest_only_with_trigger to 2022-09-15T12:43:06.932967+00:00, run_after=2022-09-15T16:43:06.932967+00:00
[2022-09-15T13:43:06.972-0300] {processor.py:161} INFO - Processing /home/juliana/Área de Trabalho/datapipeline/.env/lib/python3.8/site-packages/airflow/example_dags/example_latest_only_with_trigger.py took 0.178 seconds
