[2022-09-14T21:00:17.293-0300] {processor.py:153} INFO - Started process (PID=19981) to work on /home/juliana/Área de Trabalho/datapipeline/.env/lib/python3.8/site-packages/airflow/example_dags/example_xcom.py
[2022-09-14T21:00:17.294-0300] {processor.py:640} INFO - Processing file /home/juliana/Área de Trabalho/datapipeline/.env/lib/python3.8/site-packages/airflow/example_dags/example_xcom.py for tasks to queue
[2022-09-14T21:00:17.295-0300] {logging_mixin.py:115} INFO - [2022-09-14T21:00:17.295-0300] {dagbag.py:508} INFO - Filling up the DagBag from /home/juliana/Área de Trabalho/datapipeline/.env/lib/python3.8/site-packages/airflow/example_dags/example_xcom.py
[2022-09-14T21:00:17.314-0300] {processor.py:650} INFO - DAG(s) dict_keys(['example_xcom']) retrieved from /home/juliana/Área de Trabalho/datapipeline/.env/lib/python3.8/site-packages/airflow/example_dags/example_xcom.py
[2022-09-14T21:00:17.328-0300] {logging_mixin.py:115} INFO - [2022-09-14T21:00:17.328-0300] {dag.py:2429} INFO - Sync 1 DAGs
[2022-09-14T21:00:17.342-0300] {logging_mixin.py:115} INFO - [2022-09-14T21:00:17.342-0300] {dag.py:2977} INFO - Setting next_dagrun for example_xcom to 2021-01-01T00:00:00+00:00, run_after=2021-01-01T00:00:00+00:00
[2022-09-14T21:00:17.362-0300] {processor.py:161} INFO - Processing /home/juliana/Área de Trabalho/datapipeline/.env/lib/python3.8/site-packages/airflow/example_dags/example_xcom.py took 0.072 seconds
[2022-09-14T21:00:52.432-0300] {processor.py:153} INFO - Started process (PID=20017) to work on /home/juliana/Área de Trabalho/datapipeline/.env/lib/python3.8/site-packages/airflow/example_dags/example_xcom.py
[2022-09-14T21:00:52.434-0300] {processor.py:640} INFO - Processing file /home/juliana/Área de Trabalho/datapipeline/.env/lib/python3.8/site-packages/airflow/example_dags/example_xcom.py for tasks to queue
[2022-09-14T21:00:52.434-0300] {logging_mixin.py:115} INFO - [2022-09-14T21:00:52.434-0300] {dagbag.py:508} INFO - Filling up the DagBag from /home/juliana/Área de Trabalho/datapipeline/.env/lib/python3.8/site-packages/airflow/example_dags/example_xcom.py
[2022-09-14T21:00:52.458-0300] {processor.py:650} INFO - DAG(s) dict_keys(['example_xcom']) retrieved from /home/juliana/Área de Trabalho/datapipeline/.env/lib/python3.8/site-packages/airflow/example_dags/example_xcom.py
[2022-09-14T21:00:52.475-0300] {logging_mixin.py:115} INFO - [2022-09-14T21:00:52.475-0300] {dag.py:2429} INFO - Sync 1 DAGs
[2022-09-14T21:00:52.490-0300] {logging_mixin.py:115} INFO - [2022-09-14T21:00:52.490-0300] {dag.py:2977} INFO - Setting next_dagrun for example_xcom to 2021-01-01T00:00:00+00:00, run_after=2021-01-01T00:00:00+00:00
[2022-09-14T21:00:52.516-0300] {processor.py:161} INFO - Processing /home/juliana/Área de Trabalho/datapipeline/.env/lib/python3.8/site-packages/airflow/example_dags/example_xcom.py took 0.088 seconds
[2022-09-14T21:01:27.548-0300] {processor.py:153} INFO - Started process (PID=20053) to work on /home/juliana/Área de Trabalho/datapipeline/.env/lib/python3.8/site-packages/airflow/example_dags/example_xcom.py
[2022-09-14T21:01:27.549-0300] {processor.py:640} INFO - Processing file /home/juliana/Área de Trabalho/datapipeline/.env/lib/python3.8/site-packages/airflow/example_dags/example_xcom.py for tasks to queue
[2022-09-14T21:01:27.551-0300] {logging_mixin.py:115} INFO - [2022-09-14T21:01:27.550-0300] {dagbag.py:508} INFO - Filling up the DagBag from /home/juliana/Área de Trabalho/datapipeline/.env/lib/python3.8/site-packages/airflow/example_dags/example_xcom.py
[2022-09-14T21:01:27.582-0300] {processor.py:650} INFO - DAG(s) dict_keys(['example_xcom']) retrieved from /home/juliana/Área de Trabalho/datapipeline/.env/lib/python3.8/site-packages/airflow/example_dags/example_xcom.py
[2022-09-14T21:01:27.597-0300] {logging_mixin.py:115} INFO - [2022-09-14T21:01:27.597-0300] {dag.py:2429} INFO - Sync 1 DAGs
[2022-09-14T21:01:27.612-0300] {logging_mixin.py:115} INFO - [2022-09-14T21:01:27.612-0300] {dag.py:2977} INFO - Setting next_dagrun for example_xcom to 2021-01-01T00:00:00+00:00, run_after=2021-01-01T00:00:00+00:00
[2022-09-14T21:01:27.632-0300] {processor.py:161} INFO - Processing /home/juliana/Área de Trabalho/datapipeline/.env/lib/python3.8/site-packages/airflow/example_dags/example_xcom.py took 0.091 seconds
[2022-09-14T21:02:02.166-0300] {processor.py:153} INFO - Started process (PID=20089) to work on /home/juliana/Área de Trabalho/datapipeline/.env/lib/python3.8/site-packages/airflow/example_dags/example_xcom.py
[2022-09-14T21:02:02.167-0300] {processor.py:640} INFO - Processing file /home/juliana/Área de Trabalho/datapipeline/.env/lib/python3.8/site-packages/airflow/example_dags/example_xcom.py for tasks to queue
[2022-09-14T21:02:02.169-0300] {logging_mixin.py:115} INFO - [2022-09-14T21:02:02.168-0300] {dagbag.py:508} INFO - Filling up the DagBag from /home/juliana/Área de Trabalho/datapipeline/.env/lib/python3.8/site-packages/airflow/example_dags/example_xcom.py
[2022-09-14T21:02:02.192-0300] {processor.py:650} INFO - DAG(s) dict_keys(['example_xcom']) retrieved from /home/juliana/Área de Trabalho/datapipeline/.env/lib/python3.8/site-packages/airflow/example_dags/example_xcom.py
[2022-09-14T21:02:02.237-0300] {logging_mixin.py:115} INFO - [2022-09-14T21:02:02.237-0300] {dag.py:2429} INFO - Sync 1 DAGs
[2022-09-14T21:02:02.251-0300] {logging_mixin.py:115} INFO - [2022-09-14T21:02:02.251-0300] {dag.py:2977} INFO - Setting next_dagrun for example_xcom to 2021-01-01T00:00:00+00:00, run_after=2021-01-01T00:00:00+00:00
[2022-09-14T21:02:02.269-0300] {processor.py:161} INFO - Processing /home/juliana/Área de Trabalho/datapipeline/.env/lib/python3.8/site-packages/airflow/example_dags/example_xcom.py took 0.109 seconds
[2022-09-14T21:02:41.813-0300] {processor.py:153} INFO - Started process (PID=20155) to work on /home/juliana/Área de Trabalho/datapipeline/.env/lib/python3.8/site-packages/airflow/example_dags/example_xcom.py
[2022-09-14T21:02:41.817-0300] {processor.py:640} INFO - Processing file /home/juliana/Área de Trabalho/datapipeline/.env/lib/python3.8/site-packages/airflow/example_dags/example_xcom.py for tasks to queue
[2022-09-14T21:02:41.817-0300] {logging_mixin.py:115} INFO - [2022-09-14T21:02:41.817-0300] {dagbag.py:508} INFO - Filling up the DagBag from /home/juliana/Área de Trabalho/datapipeline/.env/lib/python3.8/site-packages/airflow/example_dags/example_xcom.py
[2022-09-14T21:02:41.917-0300] {processor.py:650} INFO - DAG(s) dict_keys(['example_xcom']) retrieved from /home/juliana/Área de Trabalho/datapipeline/.env/lib/python3.8/site-packages/airflow/example_dags/example_xcom.py
[2022-09-14T21:02:42.045-0300] {logging_mixin.py:115} INFO - [2022-09-14T21:02:42.027-0300] {dag.py:2429} INFO - Sync 1 DAGs
[2022-09-14T21:02:42.132-0300] {logging_mixin.py:115} INFO - [2022-09-14T21:02:42.125-0300] {dag.py:2977} INFO - Setting next_dagrun for example_xcom to 2021-01-01T00:00:00+00:00, run_after=2021-01-01T00:00:00+00:00
[2022-09-14T21:02:42.301-0300] {processor.py:161} INFO - Processing /home/juliana/Área de Trabalho/datapipeline/.env/lib/python3.8/site-packages/airflow/example_dags/example_xcom.py took 0.497 seconds
[2022-09-14T21:03:33.559-0300] {processor.py:153} INFO - Started process (PID=20198) to work on /home/juliana/Área de Trabalho/datapipeline/.env/lib/python3.8/site-packages/airflow/example_dags/example_xcom.py
[2022-09-14T21:03:33.561-0300] {processor.py:640} INFO - Processing file /home/juliana/Área de Trabalho/datapipeline/.env/lib/python3.8/site-packages/airflow/example_dags/example_xcom.py for tasks to queue
[2022-09-14T21:03:33.562-0300] {logging_mixin.py:115} INFO - [2022-09-14T21:03:33.562-0300] {dagbag.py:508} INFO - Filling up the DagBag from /home/juliana/Área de Trabalho/datapipeline/.env/lib/python3.8/site-packages/airflow/example_dags/example_xcom.py
[2022-09-14T21:03:33.610-0300] {processor.py:650} INFO - DAG(s) dict_keys(['example_xcom']) retrieved from /home/juliana/Área de Trabalho/datapipeline/.env/lib/python3.8/site-packages/airflow/example_dags/example_xcom.py
[2022-09-14T21:03:33.629-0300] {logging_mixin.py:115} INFO - [2022-09-14T21:03:33.629-0300] {dag.py:2429} INFO - Sync 1 DAGs
[2022-09-14T21:03:33.658-0300] {logging_mixin.py:115} INFO - [2022-09-14T21:03:33.658-0300] {dag.py:2977} INFO - Setting next_dagrun for example_xcom to 2021-01-01T00:00:00+00:00, run_after=2021-01-01T00:00:00+00:00
[2022-09-14T21:03:33.689-0300] {processor.py:161} INFO - Processing /home/juliana/Área de Trabalho/datapipeline/.env/lib/python3.8/site-packages/airflow/example_dags/example_xcom.py took 0.136 seconds
[2022-09-14T21:04:10.558-0300] {processor.py:153} INFO - Started process (PID=20232) to work on /home/juliana/Área de Trabalho/datapipeline/.env/lib/python3.8/site-packages/airflow/example_dags/example_xcom.py
[2022-09-14T21:04:10.561-0300] {processor.py:640} INFO - Processing file /home/juliana/Área de Trabalho/datapipeline/.env/lib/python3.8/site-packages/airflow/example_dags/example_xcom.py for tasks to queue
[2022-09-14T21:04:10.562-0300] {logging_mixin.py:115} INFO - [2022-09-14T21:04:10.562-0300] {dagbag.py:508} INFO - Filling up the DagBag from /home/juliana/Área de Trabalho/datapipeline/.env/lib/python3.8/site-packages/airflow/example_dags/example_xcom.py
[2022-09-14T21:04:10.607-0300] {processor.py:650} INFO - DAG(s) dict_keys(['example_xcom']) retrieved from /home/juliana/Área de Trabalho/datapipeline/.env/lib/python3.8/site-packages/airflow/example_dags/example_xcom.py
[2022-09-14T21:04:10.639-0300] {logging_mixin.py:115} INFO - [2022-09-14T21:04:10.639-0300] {dag.py:2429} INFO - Sync 1 DAGs
[2022-09-14T21:04:10.658-0300] {logging_mixin.py:115} INFO - [2022-09-14T21:04:10.658-0300] {dag.py:2977} INFO - Setting next_dagrun for example_xcom to 2021-01-01T00:00:00+00:00, run_after=2021-01-01T00:00:00+00:00
[2022-09-14T21:04:10.677-0300] {processor.py:161} INFO - Processing /home/juliana/Área de Trabalho/datapipeline/.env/lib/python3.8/site-packages/airflow/example_dags/example_xcom.py took 0.123 seconds
[2022-09-14T21:04:49.176-0300] {processor.py:153} INFO - Started process (PID=20266) to work on /home/juliana/Área de Trabalho/datapipeline/.env/lib/python3.8/site-packages/airflow/example_dags/example_xcom.py
[2022-09-14T21:04:49.181-0300] {processor.py:640} INFO - Processing file /home/juliana/Área de Trabalho/datapipeline/.env/lib/python3.8/site-packages/airflow/example_dags/example_xcom.py for tasks to queue
[2022-09-14T21:04:49.182-0300] {logging_mixin.py:115} INFO - [2022-09-14T21:04:49.182-0300] {dagbag.py:508} INFO - Filling up the DagBag from /home/juliana/Área de Trabalho/datapipeline/.env/lib/python3.8/site-packages/airflow/example_dags/example_xcom.py
[2022-09-14T21:04:49.271-0300] {processor.py:650} INFO - DAG(s) dict_keys(['example_xcom']) retrieved from /home/juliana/Área de Trabalho/datapipeline/.env/lib/python3.8/site-packages/airflow/example_dags/example_xcom.py
[2022-09-14T21:04:49.388-0300] {logging_mixin.py:115} INFO - [2022-09-14T21:04:49.378-0300] {dag.py:2429} INFO - Sync 1 DAGs
[2022-09-14T21:04:49.590-0300] {logging_mixin.py:115} INFO - [2022-09-14T21:04:49.561-0300] {dag.py:2977} INFO - Setting next_dagrun for example_xcom to 2021-01-01T00:00:00+00:00, run_after=2021-01-01T00:00:00+00:00
[2022-09-14T21:04:49.843-0300] {processor.py:161} INFO - Processing /home/juliana/Área de Trabalho/datapipeline/.env/lib/python3.8/site-packages/airflow/example_dags/example_xcom.py took 0.674 seconds
[2022-09-14T21:06:08.429-0300] {processor.py:153} INFO - Started process (PID=20309) to work on /home/juliana/Área de Trabalho/datapipeline/.env/lib/python3.8/site-packages/airflow/example_dags/example_xcom.py
[2022-09-14T21:06:08.431-0300] {processor.py:640} INFO - Processing file /home/juliana/Área de Trabalho/datapipeline/.env/lib/python3.8/site-packages/airflow/example_dags/example_xcom.py for tasks to queue
[2022-09-14T21:06:08.432-0300] {logging_mixin.py:115} INFO - [2022-09-14T21:06:08.432-0300] {dagbag.py:508} INFO - Filling up the DagBag from /home/juliana/Área de Trabalho/datapipeline/.env/lib/python3.8/site-packages/airflow/example_dags/example_xcom.py
[2022-09-14T21:06:08.461-0300] {processor.py:650} INFO - DAG(s) dict_keys(['example_xcom']) retrieved from /home/juliana/Área de Trabalho/datapipeline/.env/lib/python3.8/site-packages/airflow/example_dags/example_xcom.py
[2022-09-14T21:06:08.476-0300] {logging_mixin.py:115} INFO - [2022-09-14T21:06:08.476-0300] {dag.py:2429} INFO - Sync 1 DAGs
[2022-09-14T21:06:08.490-0300] {logging_mixin.py:115} INFO - [2022-09-14T21:06:08.490-0300] {dag.py:2977} INFO - Setting next_dagrun for example_xcom to 2021-01-01T00:00:00+00:00, run_after=2021-01-01T00:00:00+00:00
[2022-09-14T21:06:08.505-0300] {processor.py:161} INFO - Processing /home/juliana/Área de Trabalho/datapipeline/.env/lib/python3.8/site-packages/airflow/example_dags/example_xcom.py took 0.083 seconds
[2022-09-14T21:06:41.722-0300] {processor.py:153} INFO - Started process (PID=20344) to work on /home/juliana/Área de Trabalho/datapipeline/.env/lib/python3.8/site-packages/airflow/example_dags/example_xcom.py
[2022-09-14T21:06:41.723-0300] {processor.py:640} INFO - Processing file /home/juliana/Área de Trabalho/datapipeline/.env/lib/python3.8/site-packages/airflow/example_dags/example_xcom.py for tasks to queue
[2022-09-14T21:06:41.724-0300] {logging_mixin.py:115} INFO - [2022-09-14T21:06:41.724-0300] {dagbag.py:508} INFO - Filling up the DagBag from /home/juliana/Área de Trabalho/datapipeline/.env/lib/python3.8/site-packages/airflow/example_dags/example_xcom.py
[2022-09-14T21:06:41.753-0300] {processor.py:650} INFO - DAG(s) dict_keys(['example_xcom']) retrieved from /home/juliana/Área de Trabalho/datapipeline/.env/lib/python3.8/site-packages/airflow/example_dags/example_xcom.py
[2022-09-14T21:06:41.768-0300] {logging_mixin.py:115} INFO - [2022-09-14T21:06:41.768-0300] {dag.py:2429} INFO - Sync 1 DAGs
[2022-09-14T21:06:41.782-0300] {logging_mixin.py:115} INFO - [2022-09-14T21:06:41.782-0300] {dag.py:2977} INFO - Setting next_dagrun for example_xcom to 2021-01-01T00:00:00+00:00, run_after=2021-01-01T00:00:00+00:00
[2022-09-14T21:06:41.798-0300] {processor.py:161} INFO - Processing /home/juliana/Área de Trabalho/datapipeline/.env/lib/python3.8/site-packages/airflow/example_dags/example_xcom.py took 0.082 seconds
[2022-09-14T21:07:16.805-0300] {processor.py:153} INFO - Started process (PID=20379) to work on /home/juliana/Área de Trabalho/datapipeline/.env/lib/python3.8/site-packages/airflow/example_dags/example_xcom.py
[2022-09-14T21:07:16.807-0300] {processor.py:640} INFO - Processing file /home/juliana/Área de Trabalho/datapipeline/.env/lib/python3.8/site-packages/airflow/example_dags/example_xcom.py for tasks to queue
[2022-09-14T21:07:16.808-0300] {logging_mixin.py:115} INFO - [2022-09-14T21:07:16.808-0300] {dagbag.py:508} INFO - Filling up the DagBag from /home/juliana/Área de Trabalho/datapipeline/.env/lib/python3.8/site-packages/airflow/example_dags/example_xcom.py
[2022-09-14T21:07:16.829-0300] {processor.py:650} INFO - DAG(s) dict_keys(['example_xcom']) retrieved from /home/juliana/Área de Trabalho/datapipeline/.env/lib/python3.8/site-packages/airflow/example_dags/example_xcom.py
[2022-09-14T21:07:16.867-0300] {logging_mixin.py:115} INFO - [2022-09-14T21:07:16.867-0300] {dag.py:2429} INFO - Sync 1 DAGs
[2022-09-14T21:07:16.883-0300] {logging_mixin.py:115} INFO - [2022-09-14T21:07:16.883-0300] {dag.py:2977} INFO - Setting next_dagrun for example_xcom to 2021-01-01T00:00:00+00:00, run_after=2021-01-01T00:00:00+00:00
[2022-09-14T21:07:16.899-0300] {processor.py:161} INFO - Processing /home/juliana/Área de Trabalho/datapipeline/.env/lib/python3.8/site-packages/airflow/example_dags/example_xcom.py took 0.099 seconds
[2022-09-14T21:07:50.006-0300] {processor.py:153} INFO - Started process (PID=20422) to work on /home/juliana/Área de Trabalho/datapipeline/.env/lib/python3.8/site-packages/airflow/example_dags/example_xcom.py
[2022-09-14T21:07:50.012-0300] {processor.py:640} INFO - Processing file /home/juliana/Área de Trabalho/datapipeline/.env/lib/python3.8/site-packages/airflow/example_dags/example_xcom.py for tasks to queue
[2022-09-14T21:07:50.013-0300] {logging_mixin.py:115} INFO - [2022-09-14T21:07:50.013-0300] {dagbag.py:508} INFO - Filling up the DagBag from /home/juliana/Área de Trabalho/datapipeline/.env/lib/python3.8/site-packages/airflow/example_dags/example_xcom.py
[2022-09-14T21:07:50.042-0300] {processor.py:650} INFO - DAG(s) dict_keys(['example_xcom']) retrieved from /home/juliana/Área de Trabalho/datapipeline/.env/lib/python3.8/site-packages/airflow/example_dags/example_xcom.py
[2022-09-14T21:07:50.074-0300] {logging_mixin.py:115} INFO - [2022-09-14T21:07:50.074-0300] {dag.py:2429} INFO - Sync 1 DAGs
[2022-09-14T21:07:50.107-0300] {logging_mixin.py:115} INFO - [2022-09-14T21:07:50.106-0300] {dag.py:2977} INFO - Setting next_dagrun for example_xcom to 2021-01-01T00:00:00+00:00, run_after=2021-01-01T00:00:00+00:00
[2022-09-14T21:07:50.135-0300] {processor.py:161} INFO - Processing /home/juliana/Área de Trabalho/datapipeline/.env/lib/python3.8/site-packages/airflow/example_dags/example_xcom.py took 0.134 seconds
[2022-09-14T21:08:24.428-0300] {processor.py:153} INFO - Started process (PID=20456) to work on /home/juliana/Área de Trabalho/datapipeline/.env/lib/python3.8/site-packages/airflow/example_dags/example_xcom.py
[2022-09-14T21:08:24.428-0300] {processor.py:640} INFO - Processing file /home/juliana/Área de Trabalho/datapipeline/.env/lib/python3.8/site-packages/airflow/example_dags/example_xcom.py for tasks to queue
[2022-09-14T21:08:24.429-0300] {logging_mixin.py:115} INFO - [2022-09-14T21:08:24.429-0300] {dagbag.py:508} INFO - Filling up the DagBag from /home/juliana/Área de Trabalho/datapipeline/.env/lib/python3.8/site-packages/airflow/example_dags/example_xcom.py
[2022-09-14T21:08:24.454-0300] {processor.py:650} INFO - DAG(s) dict_keys(['example_xcom']) retrieved from /home/juliana/Área de Trabalho/datapipeline/.env/lib/python3.8/site-packages/airflow/example_dags/example_xcom.py
[2022-09-14T21:08:24.469-0300] {logging_mixin.py:115} INFO - [2022-09-14T21:08:24.468-0300] {dag.py:2429} INFO - Sync 1 DAGs
[2022-09-14T21:08:24.484-0300] {logging_mixin.py:115} INFO - [2022-09-14T21:08:24.484-0300] {dag.py:2977} INFO - Setting next_dagrun for example_xcom to 2021-01-01T00:00:00+00:00, run_after=2021-01-01T00:00:00+00:00
[2022-09-14T21:08:24.505-0300] {processor.py:161} INFO - Processing /home/juliana/Área de Trabalho/datapipeline/.env/lib/python3.8/site-packages/airflow/example_dags/example_xcom.py took 0.080 seconds
[2022-09-14T21:08:57.883-0300] {processor.py:153} INFO - Started process (PID=20490) to work on /home/juliana/Área de Trabalho/datapipeline/.env/lib/python3.8/site-packages/airflow/example_dags/example_xcom.py
[2022-09-14T21:08:57.885-0300] {processor.py:640} INFO - Processing file /home/juliana/Área de Trabalho/datapipeline/.env/lib/python3.8/site-packages/airflow/example_dags/example_xcom.py for tasks to queue
[2022-09-14T21:08:57.886-0300] {logging_mixin.py:115} INFO - [2022-09-14T21:08:57.886-0300] {dagbag.py:508} INFO - Filling up the DagBag from /home/juliana/Área de Trabalho/datapipeline/.env/lib/python3.8/site-packages/airflow/example_dags/example_xcom.py
[2022-09-14T21:08:57.911-0300] {processor.py:650} INFO - DAG(s) dict_keys(['example_xcom']) retrieved from /home/juliana/Área de Trabalho/datapipeline/.env/lib/python3.8/site-packages/airflow/example_dags/example_xcom.py
[2022-09-14T21:08:57.928-0300] {logging_mixin.py:115} INFO - [2022-09-14T21:08:57.928-0300] {dag.py:2429} INFO - Sync 1 DAGs
[2022-09-14T21:08:57.945-0300] {logging_mixin.py:115} INFO - [2022-09-14T21:08:57.945-0300] {dag.py:2977} INFO - Setting next_dagrun for example_xcom to 2021-01-01T00:00:00+00:00, run_after=2021-01-01T00:00:00+00:00
[2022-09-14T21:08:57.965-0300] {processor.py:161} INFO - Processing /home/juliana/Área de Trabalho/datapipeline/.env/lib/python3.8/site-packages/airflow/example_dags/example_xcom.py took 0.087 seconds
[2022-09-14T21:09:35.184-0300] {processor.py:153} INFO - Started process (PID=20528) to work on /home/juliana/Área de Trabalho/datapipeline/.env/lib/python3.8/site-packages/airflow/example_dags/example_xcom.py
[2022-09-14T21:09:35.185-0300] {processor.py:640} INFO - Processing file /home/juliana/Área de Trabalho/datapipeline/.env/lib/python3.8/site-packages/airflow/example_dags/example_xcom.py for tasks to queue
[2022-09-14T21:09:35.185-0300] {logging_mixin.py:115} INFO - [2022-09-14T21:09:35.185-0300] {dagbag.py:508} INFO - Filling up the DagBag from /home/juliana/Área de Trabalho/datapipeline/.env/lib/python3.8/site-packages/airflow/example_dags/example_xcom.py
[2022-09-14T21:09:35.201-0300] {processor.py:650} INFO - DAG(s) dict_keys(['example_xcom']) retrieved from /home/juliana/Área de Trabalho/datapipeline/.env/lib/python3.8/site-packages/airflow/example_dags/example_xcom.py
[2022-09-14T21:09:35.216-0300] {logging_mixin.py:115} INFO - [2022-09-14T21:09:35.215-0300] {dag.py:2429} INFO - Sync 1 DAGs
[2022-09-14T21:09:35.232-0300] {logging_mixin.py:115} INFO - [2022-09-14T21:09:35.232-0300] {dag.py:2977} INFO - Setting next_dagrun for example_xcom to 2021-01-01T00:00:00+00:00, run_after=2021-01-01T00:00:00+00:00
[2022-09-14T21:09:35.246-0300] {processor.py:161} INFO - Processing /home/juliana/Área de Trabalho/datapipeline/.env/lib/python3.8/site-packages/airflow/example_dags/example_xcom.py took 0.065 seconds
[2022-09-14T21:10:07.679-0300] {processor.py:153} INFO - Started process (PID=20565) to work on /home/juliana/Área de Trabalho/datapipeline/.env/lib/python3.8/site-packages/airflow/example_dags/example_xcom.py
[2022-09-14T21:10:07.680-0300] {processor.py:640} INFO - Processing file /home/juliana/Área de Trabalho/datapipeline/.env/lib/python3.8/site-packages/airflow/example_dags/example_xcom.py for tasks to queue
[2022-09-14T21:10:07.681-0300] {logging_mixin.py:115} INFO - [2022-09-14T21:10:07.681-0300] {dagbag.py:508} INFO - Filling up the DagBag from /home/juliana/Área de Trabalho/datapipeline/.env/lib/python3.8/site-packages/airflow/example_dags/example_xcom.py
[2022-09-14T21:10:07.701-0300] {processor.py:650} INFO - DAG(s) dict_keys(['example_xcom']) retrieved from /home/juliana/Área de Trabalho/datapipeline/.env/lib/python3.8/site-packages/airflow/example_dags/example_xcom.py
[2022-09-14T21:10:07.722-0300] {logging_mixin.py:115} INFO - [2022-09-14T21:10:07.722-0300] {dag.py:2429} INFO - Sync 1 DAGs
[2022-09-14T21:10:07.740-0300] {logging_mixin.py:115} INFO - [2022-09-14T21:10:07.740-0300] {dag.py:2977} INFO - Setting next_dagrun for example_xcom to 2021-01-01T00:00:00+00:00, run_after=2021-01-01T00:00:00+00:00
[2022-09-14T21:10:07.762-0300] {processor.py:161} INFO - Processing /home/juliana/Área de Trabalho/datapipeline/.env/lib/python3.8/site-packages/airflow/example_dags/example_xcom.py took 0.087 seconds
[2022-09-14T21:10:43.804-0300] {processor.py:153} INFO - Started process (PID=20605) to work on /home/juliana/Área de Trabalho/datapipeline/.env/lib/python3.8/site-packages/airflow/example_dags/example_xcom.py
[2022-09-14T21:10:43.806-0300] {processor.py:640} INFO - Processing file /home/juliana/Área de Trabalho/datapipeline/.env/lib/python3.8/site-packages/airflow/example_dags/example_xcom.py for tasks to queue
[2022-09-14T21:10:43.807-0300] {logging_mixin.py:115} INFO - [2022-09-14T21:10:43.807-0300] {dagbag.py:508} INFO - Filling up the DagBag from /home/juliana/Área de Trabalho/datapipeline/.env/lib/python3.8/site-packages/airflow/example_dags/example_xcom.py
[2022-09-14T21:10:43.827-0300] {processor.py:650} INFO - DAG(s) dict_keys(['example_xcom']) retrieved from /home/juliana/Área de Trabalho/datapipeline/.env/lib/python3.8/site-packages/airflow/example_dags/example_xcom.py
[2022-09-14T21:10:43.841-0300] {logging_mixin.py:115} INFO - [2022-09-14T21:10:43.841-0300] {dag.py:2429} INFO - Sync 1 DAGs
[2022-09-14T21:10:43.855-0300] {logging_mixin.py:115} INFO - [2022-09-14T21:10:43.855-0300] {dag.py:2977} INFO - Setting next_dagrun for example_xcom to 2021-01-01T00:00:00+00:00, run_after=2021-01-01T00:00:00+00:00
[2022-09-14T21:10:43.870-0300] {processor.py:161} INFO - Processing /home/juliana/Área de Trabalho/datapipeline/.env/lib/python3.8/site-packages/airflow/example_dags/example_xcom.py took 0.073 seconds
[2022-09-14T21:11:19.973-0300] {processor.py:153} INFO - Started process (PID=20641) to work on /home/juliana/Área de Trabalho/datapipeline/.env/lib/python3.8/site-packages/airflow/example_dags/example_xcom.py
[2022-09-14T21:11:19.975-0300] {processor.py:640} INFO - Processing file /home/juliana/Área de Trabalho/datapipeline/.env/lib/python3.8/site-packages/airflow/example_dags/example_xcom.py for tasks to queue
[2022-09-14T21:11:19.976-0300] {logging_mixin.py:115} INFO - [2022-09-14T21:11:19.976-0300] {dagbag.py:508} INFO - Filling up the DagBag from /home/juliana/Área de Trabalho/datapipeline/.env/lib/python3.8/site-packages/airflow/example_dags/example_xcom.py
[2022-09-14T21:11:20.001-0300] {processor.py:650} INFO - DAG(s) dict_keys(['example_xcom']) retrieved from /home/juliana/Área de Trabalho/datapipeline/.env/lib/python3.8/site-packages/airflow/example_dags/example_xcom.py
[2022-09-14T21:11:20.017-0300] {logging_mixin.py:115} INFO - [2022-09-14T21:11:20.017-0300] {dag.py:2429} INFO - Sync 1 DAGs
[2022-09-14T21:11:20.031-0300] {logging_mixin.py:115} INFO - [2022-09-14T21:11:20.031-0300] {dag.py:2977} INFO - Setting next_dagrun for example_xcom to 2021-01-01T00:00:00+00:00, run_after=2021-01-01T00:00:00+00:00
[2022-09-14T21:11:20.052-0300] {processor.py:161} INFO - Processing /home/juliana/Área de Trabalho/datapipeline/.env/lib/python3.8/site-packages/airflow/example_dags/example_xcom.py took 0.085 seconds
[2022-09-14T21:11:52.647-0300] {processor.py:153} INFO - Started process (PID=20676) to work on /home/juliana/Área de Trabalho/datapipeline/.env/lib/python3.8/site-packages/airflow/example_dags/example_xcom.py
[2022-09-14T21:11:52.648-0300] {processor.py:640} INFO - Processing file /home/juliana/Área de Trabalho/datapipeline/.env/lib/python3.8/site-packages/airflow/example_dags/example_xcom.py for tasks to queue
[2022-09-14T21:11:52.649-0300] {logging_mixin.py:115} INFO - [2022-09-14T21:11:52.649-0300] {dagbag.py:508} INFO - Filling up the DagBag from /home/juliana/Área de Trabalho/datapipeline/.env/lib/python3.8/site-packages/airflow/example_dags/example_xcom.py
[2022-09-14T21:11:52.671-0300] {processor.py:650} INFO - DAG(s) dict_keys(['example_xcom']) retrieved from /home/juliana/Área de Trabalho/datapipeline/.env/lib/python3.8/site-packages/airflow/example_dags/example_xcom.py
[2022-09-14T21:11:52.686-0300] {logging_mixin.py:115} INFO - [2022-09-14T21:11:52.686-0300] {dag.py:2429} INFO - Sync 1 DAGs
[2022-09-14T21:11:52.705-0300] {logging_mixin.py:115} INFO - [2022-09-14T21:11:52.705-0300] {dag.py:2977} INFO - Setting next_dagrun for example_xcom to 2021-01-01T00:00:00+00:00, run_after=2021-01-01T00:00:00+00:00
[2022-09-14T21:11:52.726-0300] {processor.py:161} INFO - Processing /home/juliana/Área de Trabalho/datapipeline/.env/lib/python3.8/site-packages/airflow/example_dags/example_xcom.py took 0.084 seconds
[2022-09-14T21:12:27.860-0300] {processor.py:153} INFO - Started process (PID=20714) to work on /home/juliana/Área de Trabalho/datapipeline/.env/lib/python3.8/site-packages/airflow/example_dags/example_xcom.py
[2022-09-14T21:12:27.861-0300] {processor.py:640} INFO - Processing file /home/juliana/Área de Trabalho/datapipeline/.env/lib/python3.8/site-packages/airflow/example_dags/example_xcom.py for tasks to queue
[2022-09-14T21:12:27.862-0300] {logging_mixin.py:115} INFO - [2022-09-14T21:12:27.862-0300] {dagbag.py:508} INFO - Filling up the DagBag from /home/juliana/Área de Trabalho/datapipeline/.env/lib/python3.8/site-packages/airflow/example_dags/example_xcom.py
[2022-09-14T21:12:27.878-0300] {processor.py:650} INFO - DAG(s) dict_keys(['example_xcom']) retrieved from /home/juliana/Área de Trabalho/datapipeline/.env/lib/python3.8/site-packages/airflow/example_dags/example_xcom.py
[2022-09-14T21:12:27.921-0300] {logging_mixin.py:115} INFO - [2022-09-14T21:12:27.921-0300] {dag.py:2429} INFO - Sync 1 DAGs
[2022-09-14T21:12:27.934-0300] {logging_mixin.py:115} INFO - [2022-09-14T21:12:27.934-0300] {dag.py:2977} INFO - Setting next_dagrun for example_xcom to 2021-01-01T00:00:00+00:00, run_after=2021-01-01T00:00:00+00:00
[2022-09-14T21:12:27.951-0300] {processor.py:161} INFO - Processing /home/juliana/Área de Trabalho/datapipeline/.env/lib/python3.8/site-packages/airflow/example_dags/example_xcom.py took 0.093 seconds
[2022-09-14T21:13:00.425-0300] {processor.py:153} INFO - Started process (PID=20750) to work on /home/juliana/Área de Trabalho/datapipeline/.env/lib/python3.8/site-packages/airflow/example_dags/example_xcom.py
[2022-09-14T21:13:00.426-0300] {processor.py:640} INFO - Processing file /home/juliana/Área de Trabalho/datapipeline/.env/lib/python3.8/site-packages/airflow/example_dags/example_xcom.py for tasks to queue
[2022-09-14T21:13:00.427-0300] {logging_mixin.py:115} INFO - [2022-09-14T21:13:00.426-0300] {dagbag.py:508} INFO - Filling up the DagBag from /home/juliana/Área de Trabalho/datapipeline/.env/lib/python3.8/site-packages/airflow/example_dags/example_xcom.py
[2022-09-14T21:13:00.444-0300] {processor.py:650} INFO - DAG(s) dict_keys(['example_xcom']) retrieved from /home/juliana/Área de Trabalho/datapipeline/.env/lib/python3.8/site-packages/airflow/example_dags/example_xcom.py
[2022-09-14T21:13:00.459-0300] {logging_mixin.py:115} INFO - [2022-09-14T21:13:00.458-0300] {dag.py:2429} INFO - Sync 1 DAGs
[2022-09-14T21:13:00.474-0300] {logging_mixin.py:115} INFO - [2022-09-14T21:13:00.474-0300] {dag.py:2977} INFO - Setting next_dagrun for example_xcom to 2021-01-01T00:00:00+00:00, run_after=2021-01-01T00:00:00+00:00
[2022-09-14T21:13:00.495-0300] {processor.py:161} INFO - Processing /home/juliana/Área de Trabalho/datapipeline/.env/lib/python3.8/site-packages/airflow/example_dags/example_xcom.py took 0.075 seconds
[2022-09-14T21:13:34.774-0300] {processor.py:153} INFO - Started process (PID=20784) to work on /home/juliana/Área de Trabalho/datapipeline/.env/lib/python3.8/site-packages/airflow/example_dags/example_xcom.py
[2022-09-14T21:13:34.776-0300] {processor.py:640} INFO - Processing file /home/juliana/Área de Trabalho/datapipeline/.env/lib/python3.8/site-packages/airflow/example_dags/example_xcom.py for tasks to queue
[2022-09-14T21:13:34.777-0300] {logging_mixin.py:115} INFO - [2022-09-14T21:13:34.777-0300] {dagbag.py:508} INFO - Filling up the DagBag from /home/juliana/Área de Trabalho/datapipeline/.env/lib/python3.8/site-packages/airflow/example_dags/example_xcom.py
[2022-09-14T21:13:34.800-0300] {processor.py:650} INFO - DAG(s) dict_keys(['example_xcom']) retrieved from /home/juliana/Área de Trabalho/datapipeline/.env/lib/python3.8/site-packages/airflow/example_dags/example_xcom.py
[2022-09-14T21:13:34.816-0300] {logging_mixin.py:115} INFO - [2022-09-14T21:13:34.815-0300] {dag.py:2429} INFO - Sync 1 DAGs
[2022-09-14T21:13:34.831-0300] {logging_mixin.py:115} INFO - [2022-09-14T21:13:34.831-0300] {dag.py:2977} INFO - Setting next_dagrun for example_xcom to 2021-01-01T00:00:00+00:00, run_after=2021-01-01T00:00:00+00:00
[2022-09-14T21:13:34.851-0300] {processor.py:161} INFO - Processing /home/juliana/Área de Trabalho/datapipeline/.env/lib/python3.8/site-packages/airflow/example_dags/example_xcom.py took 0.083 seconds
[2022-09-14T21:14:07.066-0300] {processor.py:153} INFO - Started process (PID=20820) to work on /home/juliana/Área de Trabalho/datapipeline/.env/lib/python3.8/site-packages/airflow/example_dags/example_xcom.py
[2022-09-14T21:14:07.068-0300] {processor.py:640} INFO - Processing file /home/juliana/Área de Trabalho/datapipeline/.env/lib/python3.8/site-packages/airflow/example_dags/example_xcom.py for tasks to queue
[2022-09-14T21:14:07.069-0300] {logging_mixin.py:115} INFO - [2022-09-14T21:14:07.068-0300] {dagbag.py:508} INFO - Filling up the DagBag from /home/juliana/Área de Trabalho/datapipeline/.env/lib/python3.8/site-packages/airflow/example_dags/example_xcom.py
[2022-09-14T21:14:07.091-0300] {processor.py:650} INFO - DAG(s) dict_keys(['example_xcom']) retrieved from /home/juliana/Área de Trabalho/datapipeline/.env/lib/python3.8/site-packages/airflow/example_dags/example_xcom.py
[2022-09-14T21:14:07.106-0300] {logging_mixin.py:115} INFO - [2022-09-14T21:14:07.106-0300] {dag.py:2429} INFO - Sync 1 DAGs
[2022-09-14T21:14:07.120-0300] {logging_mixin.py:115} INFO - [2022-09-14T21:14:07.120-0300] {dag.py:2977} INFO - Setting next_dagrun for example_xcom to 2021-01-01T00:00:00+00:00, run_after=2021-01-01T00:00:00+00:00
[2022-09-14T21:14:07.140-0300] {processor.py:161} INFO - Processing /home/juliana/Área de Trabalho/datapipeline/.env/lib/python3.8/site-packages/airflow/example_dags/example_xcom.py took 0.079 seconds
[2022-09-14T21:14:43.177-0300] {processor.py:153} INFO - Started process (PID=20855) to work on /home/juliana/Área de Trabalho/datapipeline/.env/lib/python3.8/site-packages/airflow/example_dags/example_xcom.py
[2022-09-14T21:14:43.178-0300] {processor.py:640} INFO - Processing file /home/juliana/Área de Trabalho/datapipeline/.env/lib/python3.8/site-packages/airflow/example_dags/example_xcom.py for tasks to queue
[2022-09-14T21:14:43.179-0300] {logging_mixin.py:115} INFO - [2022-09-14T21:14:43.179-0300] {dagbag.py:508} INFO - Filling up the DagBag from /home/juliana/Área de Trabalho/datapipeline/.env/lib/python3.8/site-packages/airflow/example_dags/example_xcom.py
[2022-09-14T21:14:43.204-0300] {processor.py:650} INFO - DAG(s) dict_keys(['example_xcom']) retrieved from /home/juliana/Área de Trabalho/datapipeline/.env/lib/python3.8/site-packages/airflow/example_dags/example_xcom.py
[2022-09-14T21:14:43.218-0300] {logging_mixin.py:115} INFO - [2022-09-14T21:14:43.218-0300] {dag.py:2429} INFO - Sync 1 DAGs
[2022-09-14T21:14:43.232-0300] {logging_mixin.py:115} INFO - [2022-09-14T21:14:43.232-0300] {dag.py:2977} INFO - Setting next_dagrun for example_xcom to 2021-01-01T00:00:00+00:00, run_after=2021-01-01T00:00:00+00:00
[2022-09-14T21:14:43.254-0300] {processor.py:161} INFO - Processing /home/juliana/Área de Trabalho/datapipeline/.env/lib/python3.8/site-packages/airflow/example_dags/example_xcom.py took 0.081 seconds
[2022-09-14T21:15:16.277-0300] {processor.py:153} INFO - Started process (PID=20892) to work on /home/juliana/Área de Trabalho/datapipeline/.env/lib/python3.8/site-packages/airflow/example_dags/example_xcom.py
[2022-09-14T21:15:16.280-0300] {processor.py:640} INFO - Processing file /home/juliana/Área de Trabalho/datapipeline/.env/lib/python3.8/site-packages/airflow/example_dags/example_xcom.py for tasks to queue
[2022-09-14T21:15:16.284-0300] {logging_mixin.py:115} INFO - [2022-09-14T21:15:16.282-0300] {dagbag.py:508} INFO - Filling up the DagBag from /home/juliana/Área de Trabalho/datapipeline/.env/lib/python3.8/site-packages/airflow/example_dags/example_xcom.py
[2022-09-14T21:15:16.324-0300] {processor.py:650} INFO - DAG(s) dict_keys(['example_xcom']) retrieved from /home/juliana/Área de Trabalho/datapipeline/.env/lib/python3.8/site-packages/airflow/example_dags/example_xcom.py
[2022-09-14T21:15:16.349-0300] {logging_mixin.py:115} INFO - [2022-09-14T21:15:16.348-0300] {dag.py:2429} INFO - Sync 1 DAGs
[2022-09-14T21:15:16.378-0300] {logging_mixin.py:115} INFO - [2022-09-14T21:15:16.378-0300] {dag.py:2977} INFO - Setting next_dagrun for example_xcom to 2021-01-01T00:00:00+00:00, run_after=2021-01-01T00:00:00+00:00
[2022-09-14T21:15:16.401-0300] {processor.py:161} INFO - Processing /home/juliana/Área de Trabalho/datapipeline/.env/lib/python3.8/site-packages/airflow/example_dags/example_xcom.py took 0.128 seconds
[2022-09-14T21:15:49.158-0300] {processor.py:153} INFO - Started process (PID=20925) to work on /home/juliana/Área de Trabalho/datapipeline/.env/lib/python3.8/site-packages/airflow/example_dags/example_xcom.py
[2022-09-14T21:15:49.160-0300] {processor.py:640} INFO - Processing file /home/juliana/Área de Trabalho/datapipeline/.env/lib/python3.8/site-packages/airflow/example_dags/example_xcom.py for tasks to queue
[2022-09-14T21:15:49.161-0300] {logging_mixin.py:115} INFO - [2022-09-14T21:15:49.161-0300] {dagbag.py:508} INFO - Filling up the DagBag from /home/juliana/Área de Trabalho/datapipeline/.env/lib/python3.8/site-packages/airflow/example_dags/example_xcom.py
[2022-09-14T21:15:49.184-0300] {processor.py:650} INFO - DAG(s) dict_keys(['example_xcom']) retrieved from /home/juliana/Área de Trabalho/datapipeline/.env/lib/python3.8/site-packages/airflow/example_dags/example_xcom.py
[2022-09-14T21:15:49.199-0300] {logging_mixin.py:115} INFO - [2022-09-14T21:15:49.199-0300] {dag.py:2429} INFO - Sync 1 DAGs
[2022-09-14T21:15:49.214-0300] {logging_mixin.py:115} INFO - [2022-09-14T21:15:49.214-0300] {dag.py:2977} INFO - Setting next_dagrun for example_xcom to 2021-01-01T00:00:00+00:00, run_after=2021-01-01T00:00:00+00:00
[2022-09-14T21:15:49.239-0300] {processor.py:161} INFO - Processing /home/juliana/Área de Trabalho/datapipeline/.env/lib/python3.8/site-packages/airflow/example_dags/example_xcom.py took 0.086 seconds
[2022-09-14T21:16:22.528-0300] {processor.py:153} INFO - Started process (PID=20960) to work on /home/juliana/Área de Trabalho/datapipeline/.env/lib/python3.8/site-packages/airflow/example_dags/example_xcom.py
[2022-09-14T21:16:22.529-0300] {processor.py:640} INFO - Processing file /home/juliana/Área de Trabalho/datapipeline/.env/lib/python3.8/site-packages/airflow/example_dags/example_xcom.py for tasks to queue
[2022-09-14T21:16:22.529-0300] {logging_mixin.py:115} INFO - [2022-09-14T21:16:22.529-0300] {dagbag.py:508} INFO - Filling up the DagBag from /home/juliana/Área de Trabalho/datapipeline/.env/lib/python3.8/site-packages/airflow/example_dags/example_xcom.py
[2022-09-14T21:16:22.547-0300] {processor.py:650} INFO - DAG(s) dict_keys(['example_xcom']) retrieved from /home/juliana/Área de Trabalho/datapipeline/.env/lib/python3.8/site-packages/airflow/example_dags/example_xcom.py
[2022-09-14T21:16:22.562-0300] {logging_mixin.py:115} INFO - [2022-09-14T21:16:22.562-0300] {dag.py:2429} INFO - Sync 1 DAGs
[2022-09-14T21:16:22.578-0300] {logging_mixin.py:115} INFO - [2022-09-14T21:16:22.578-0300] {dag.py:2977} INFO - Setting next_dagrun for example_xcom to 2021-01-01T00:00:00+00:00, run_after=2021-01-01T00:00:00+00:00
[2022-09-14T21:16:22.597-0300] {processor.py:161} INFO - Processing /home/juliana/Área de Trabalho/datapipeline/.env/lib/python3.8/site-packages/airflow/example_dags/example_xcom.py took 0.073 seconds
[2022-09-14T21:16:56.411-0300] {processor.py:153} INFO - Started process (PID=20994) to work on /home/juliana/Área de Trabalho/datapipeline/.env/lib/python3.8/site-packages/airflow/example_dags/example_xcom.py
[2022-09-14T21:16:56.412-0300] {processor.py:640} INFO - Processing file /home/juliana/Área de Trabalho/datapipeline/.env/lib/python3.8/site-packages/airflow/example_dags/example_xcom.py for tasks to queue
[2022-09-14T21:16:56.413-0300] {logging_mixin.py:115} INFO - [2022-09-14T21:16:56.413-0300] {dagbag.py:508} INFO - Filling up the DagBag from /home/juliana/Área de Trabalho/datapipeline/.env/lib/python3.8/site-packages/airflow/example_dags/example_xcom.py
[2022-09-14T21:16:56.434-0300] {processor.py:650} INFO - DAG(s) dict_keys(['example_xcom']) retrieved from /home/juliana/Área de Trabalho/datapipeline/.env/lib/python3.8/site-packages/airflow/example_dags/example_xcom.py
[2022-09-14T21:16:56.451-0300] {logging_mixin.py:115} INFO - [2022-09-14T21:16:56.451-0300] {dag.py:2429} INFO - Sync 1 DAGs
[2022-09-14T21:16:56.474-0300] {logging_mixin.py:115} INFO - [2022-09-14T21:16:56.474-0300] {dag.py:2977} INFO - Setting next_dagrun for example_xcom to 2021-01-01T00:00:00+00:00, run_after=2021-01-01T00:00:00+00:00
[2022-09-14T21:16:56.499-0300] {processor.py:161} INFO - Processing /home/juliana/Área de Trabalho/datapipeline/.env/lib/python3.8/site-packages/airflow/example_dags/example_xcom.py took 0.091 seconds
[2022-09-14T21:17:31.861-0300] {processor.py:153} INFO - Started process (PID=21036) to work on /home/juliana/Área de Trabalho/datapipeline/.env/lib/python3.8/site-packages/airflow/example_dags/example_xcom.py
[2022-09-14T21:17:31.863-0300] {processor.py:640} INFO - Processing file /home/juliana/Área de Trabalho/datapipeline/.env/lib/python3.8/site-packages/airflow/example_dags/example_xcom.py for tasks to queue
[2022-09-14T21:17:31.864-0300] {logging_mixin.py:115} INFO - [2022-09-14T21:17:31.863-0300] {dagbag.py:508} INFO - Filling up the DagBag from /home/juliana/Área de Trabalho/datapipeline/.env/lib/python3.8/site-packages/airflow/example_dags/example_xcom.py
[2022-09-14T21:17:31.886-0300] {processor.py:650} INFO - DAG(s) dict_keys(['example_xcom']) retrieved from /home/juliana/Área de Trabalho/datapipeline/.env/lib/python3.8/site-packages/airflow/example_dags/example_xcom.py
[2022-09-14T21:17:31.936-0300] {logging_mixin.py:115} INFO - [2022-09-14T21:17:31.936-0300] {dag.py:2429} INFO - Sync 1 DAGs
[2022-09-14T21:17:31.952-0300] {logging_mixin.py:115} INFO - [2022-09-14T21:17:31.952-0300] {dag.py:2977} INFO - Setting next_dagrun for example_xcom to 2021-01-01T00:00:00+00:00, run_after=2021-01-01T00:00:00+00:00
[2022-09-14T21:17:31.975-0300] {processor.py:161} INFO - Processing /home/juliana/Área de Trabalho/datapipeline/.env/lib/python3.8/site-packages/airflow/example_dags/example_xcom.py took 0.118 seconds
[2022-09-14T21:18:05.798-0300] {processor.py:153} INFO - Started process (PID=21075) to work on /home/juliana/Área de Trabalho/datapipeline/.env/lib/python3.8/site-packages/airflow/example_dags/example_xcom.py
[2022-09-14T21:18:05.799-0300] {processor.py:640} INFO - Processing file /home/juliana/Área de Trabalho/datapipeline/.env/lib/python3.8/site-packages/airflow/example_dags/example_xcom.py for tasks to queue
[2022-09-14T21:18:05.800-0300] {logging_mixin.py:115} INFO - [2022-09-14T21:18:05.800-0300] {dagbag.py:508} INFO - Filling up the DagBag from /home/juliana/Área de Trabalho/datapipeline/.env/lib/python3.8/site-packages/airflow/example_dags/example_xcom.py
[2022-09-14T21:18:05.821-0300] {processor.py:650} INFO - DAG(s) dict_keys(['example_xcom']) retrieved from /home/juliana/Área de Trabalho/datapipeline/.env/lib/python3.8/site-packages/airflow/example_dags/example_xcom.py
[2022-09-14T21:18:05.836-0300] {logging_mixin.py:115} INFO - [2022-09-14T21:18:05.836-0300] {dag.py:2429} INFO - Sync 1 DAGs
[2022-09-14T21:18:05.850-0300] {logging_mixin.py:115} INFO - [2022-09-14T21:18:05.850-0300] {dag.py:2977} INFO - Setting next_dagrun for example_xcom to 2021-01-01T00:00:00+00:00, run_after=2021-01-01T00:00:00+00:00
[2022-09-14T21:18:05.866-0300] {processor.py:161} INFO - Processing /home/juliana/Área de Trabalho/datapipeline/.env/lib/python3.8/site-packages/airflow/example_dags/example_xcom.py took 0.073 seconds
[2022-09-14T21:18:38.915-0300] {processor.py:153} INFO - Started process (PID=21111) to work on /home/juliana/Área de Trabalho/datapipeline/.env/lib/python3.8/site-packages/airflow/example_dags/example_xcom.py
[2022-09-14T21:18:38.917-0300] {processor.py:640} INFO - Processing file /home/juliana/Área de Trabalho/datapipeline/.env/lib/python3.8/site-packages/airflow/example_dags/example_xcom.py for tasks to queue
[2022-09-14T21:18:38.918-0300] {logging_mixin.py:115} INFO - [2022-09-14T21:18:38.918-0300] {dagbag.py:508} INFO - Filling up the DagBag from /home/juliana/Área de Trabalho/datapipeline/.env/lib/python3.8/site-packages/airflow/example_dags/example_xcom.py
[2022-09-14T21:18:38.940-0300] {processor.py:650} INFO - DAG(s) dict_keys(['example_xcom']) retrieved from /home/juliana/Área de Trabalho/datapipeline/.env/lib/python3.8/site-packages/airflow/example_dags/example_xcom.py
[2022-09-14T21:18:38.957-0300] {logging_mixin.py:115} INFO - [2022-09-14T21:18:38.957-0300] {dag.py:2429} INFO - Sync 1 DAGs
[2022-09-14T21:18:38.977-0300] {logging_mixin.py:115} INFO - [2022-09-14T21:18:38.977-0300] {dag.py:2977} INFO - Setting next_dagrun for example_xcom to 2021-01-01T00:00:00+00:00, run_after=2021-01-01T00:00:00+00:00
[2022-09-14T21:18:38.996-0300] {processor.py:161} INFO - Processing /home/juliana/Área de Trabalho/datapipeline/.env/lib/python3.8/site-packages/airflow/example_dags/example_xcom.py took 0.085 seconds
[2022-09-14T21:19:11.585-0300] {processor.py:153} INFO - Started process (PID=21146) to work on /home/juliana/Área de Trabalho/datapipeline/.env/lib/python3.8/site-packages/airflow/example_dags/example_xcom.py
[2022-09-14T21:19:11.586-0300] {processor.py:640} INFO - Processing file /home/juliana/Área de Trabalho/datapipeline/.env/lib/python3.8/site-packages/airflow/example_dags/example_xcom.py for tasks to queue
[2022-09-14T21:19:11.587-0300] {logging_mixin.py:115} INFO - [2022-09-14T21:19:11.587-0300] {dagbag.py:508} INFO - Filling up the DagBag from /home/juliana/Área de Trabalho/datapipeline/.env/lib/python3.8/site-packages/airflow/example_dags/example_xcom.py
[2022-09-14T21:19:11.610-0300] {processor.py:650} INFO - DAG(s) dict_keys(['example_xcom']) retrieved from /home/juliana/Área de Trabalho/datapipeline/.env/lib/python3.8/site-packages/airflow/example_dags/example_xcom.py
[2022-09-14T21:19:11.626-0300] {logging_mixin.py:115} INFO - [2022-09-14T21:19:11.626-0300] {dag.py:2429} INFO - Sync 1 DAGs
[2022-09-14T21:19:11.643-0300] {logging_mixin.py:115} INFO - [2022-09-14T21:19:11.643-0300] {dag.py:2977} INFO - Setting next_dagrun for example_xcom to 2021-01-01T00:00:00+00:00, run_after=2021-01-01T00:00:00+00:00
[2022-09-14T21:19:11.658-0300] {processor.py:161} INFO - Processing /home/juliana/Área de Trabalho/datapipeline/.env/lib/python3.8/site-packages/airflow/example_dags/example_xcom.py took 0.078 seconds
[2022-09-14T21:19:47.901-0300] {processor.py:153} INFO - Started process (PID=21181) to work on /home/juliana/Área de Trabalho/datapipeline/.env/lib/python3.8/site-packages/airflow/example_dags/example_xcom.py
[2022-09-14T21:19:47.903-0300] {processor.py:640} INFO - Processing file /home/juliana/Área de Trabalho/datapipeline/.env/lib/python3.8/site-packages/airflow/example_dags/example_xcom.py for tasks to queue
[2022-09-14T21:19:47.904-0300] {logging_mixin.py:115} INFO - [2022-09-14T21:19:47.903-0300] {dagbag.py:508} INFO - Filling up the DagBag from /home/juliana/Área de Trabalho/datapipeline/.env/lib/python3.8/site-packages/airflow/example_dags/example_xcom.py
[2022-09-14T21:19:47.933-0300] {processor.py:650} INFO - DAG(s) dict_keys(['example_xcom']) retrieved from /home/juliana/Área de Trabalho/datapipeline/.env/lib/python3.8/site-packages/airflow/example_dags/example_xcom.py
[2022-09-14T21:19:47.951-0300] {logging_mixin.py:115} INFO - [2022-09-14T21:19:47.951-0300] {dag.py:2429} INFO - Sync 1 DAGs
[2022-09-14T21:19:47.970-0300] {logging_mixin.py:115} INFO - [2022-09-14T21:19:47.969-0300] {dag.py:2977} INFO - Setting next_dagrun for example_xcom to 2021-01-01T00:00:00+00:00, run_after=2021-01-01T00:00:00+00:00
[2022-09-14T21:19:47.989-0300] {processor.py:161} INFO - Processing /home/juliana/Área de Trabalho/datapipeline/.env/lib/python3.8/site-packages/airflow/example_dags/example_xcom.py took 0.093 seconds
[2022-09-14T21:20:21.054-0300] {processor.py:153} INFO - Started process (PID=21217) to work on /home/juliana/Área de Trabalho/datapipeline/.env/lib/python3.8/site-packages/airflow/example_dags/example_xcom.py
[2022-09-14T21:20:21.055-0300] {processor.py:640} INFO - Processing file /home/juliana/Área de Trabalho/datapipeline/.env/lib/python3.8/site-packages/airflow/example_dags/example_xcom.py for tasks to queue
[2022-09-14T21:20:21.056-0300] {logging_mixin.py:115} INFO - [2022-09-14T21:20:21.056-0300] {dagbag.py:508} INFO - Filling up the DagBag from /home/juliana/Área de Trabalho/datapipeline/.env/lib/python3.8/site-packages/airflow/example_dags/example_xcom.py
[2022-09-14T21:20:21.080-0300] {processor.py:650} INFO - DAG(s) dict_keys(['example_xcom']) retrieved from /home/juliana/Área de Trabalho/datapipeline/.env/lib/python3.8/site-packages/airflow/example_dags/example_xcom.py
[2022-09-14T21:20:21.094-0300] {logging_mixin.py:115} INFO - [2022-09-14T21:20:21.094-0300] {dag.py:2429} INFO - Sync 1 DAGs
[2022-09-14T21:20:21.108-0300] {logging_mixin.py:115} INFO - [2022-09-14T21:20:21.108-0300] {dag.py:2977} INFO - Setting next_dagrun for example_xcom to 2021-01-01T00:00:00+00:00, run_after=2021-01-01T00:00:00+00:00
[2022-09-14T21:20:21.128-0300] {processor.py:161} INFO - Processing /home/juliana/Área de Trabalho/datapipeline/.env/lib/python3.8/site-packages/airflow/example_dags/example_xcom.py took 0.080 seconds
[2022-09-14T21:20:56.222-0300] {processor.py:153} INFO - Started process (PID=21255) to work on /home/juliana/Área de Trabalho/datapipeline/.env/lib/python3.8/site-packages/airflow/example_dags/example_xcom.py
[2022-09-14T21:20:56.227-0300] {processor.py:640} INFO - Processing file /home/juliana/Área de Trabalho/datapipeline/.env/lib/python3.8/site-packages/airflow/example_dags/example_xcom.py for tasks to queue
[2022-09-14T21:20:56.227-0300] {logging_mixin.py:115} INFO - [2022-09-14T21:20:56.227-0300] {dagbag.py:508} INFO - Filling up the DagBag from /home/juliana/Área de Trabalho/datapipeline/.env/lib/python3.8/site-packages/airflow/example_dags/example_xcom.py
[2022-09-14T21:20:56.265-0300] {processor.py:650} INFO - DAG(s) dict_keys(['example_xcom']) retrieved from /home/juliana/Área de Trabalho/datapipeline/.env/lib/python3.8/site-packages/airflow/example_dags/example_xcom.py
[2022-09-14T21:20:56.294-0300] {logging_mixin.py:115} INFO - [2022-09-14T21:20:56.294-0300] {dag.py:2429} INFO - Sync 1 DAGs
[2022-09-14T21:20:56.315-0300] {logging_mixin.py:115} INFO - [2022-09-14T21:20:56.315-0300] {dag.py:2977} INFO - Setting next_dagrun for example_xcom to 2021-01-01T00:00:00+00:00, run_after=2021-01-01T00:00:00+00:00
[2022-09-14T21:20:56.336-0300] {processor.py:161} INFO - Processing /home/juliana/Área de Trabalho/datapipeline/.env/lib/python3.8/site-packages/airflow/example_dags/example_xcom.py took 0.123 seconds
[2022-09-14T21:21:27.338-0300] {processor.py:153} INFO - Started process (PID=21287) to work on /home/juliana/Área de Trabalho/datapipeline/.env/lib/python3.8/site-packages/airflow/example_dags/example_xcom.py
[2022-09-14T21:21:27.340-0300] {processor.py:640} INFO - Processing file /home/juliana/Área de Trabalho/datapipeline/.env/lib/python3.8/site-packages/airflow/example_dags/example_xcom.py for tasks to queue
[2022-09-14T21:21:27.341-0300] {logging_mixin.py:115} INFO - [2022-09-14T21:21:27.341-0300] {dagbag.py:508} INFO - Filling up the DagBag from /home/juliana/Área de Trabalho/datapipeline/.env/lib/python3.8/site-packages/airflow/example_dags/example_xcom.py
[2022-09-14T21:21:27.365-0300] {processor.py:650} INFO - DAG(s) dict_keys(['example_xcom']) retrieved from /home/juliana/Área de Trabalho/datapipeline/.env/lib/python3.8/site-packages/airflow/example_dags/example_xcom.py
[2022-09-14T21:21:27.380-0300] {logging_mixin.py:115} INFO - [2022-09-14T21:21:27.380-0300] {dag.py:2429} INFO - Sync 1 DAGs
[2022-09-14T21:21:27.396-0300] {logging_mixin.py:115} INFO - [2022-09-14T21:21:27.396-0300] {dag.py:2977} INFO - Setting next_dagrun for example_xcom to 2021-01-01T00:00:00+00:00, run_after=2021-01-01T00:00:00+00:00
[2022-09-14T21:21:27.415-0300] {processor.py:161} INFO - Processing /home/juliana/Área de Trabalho/datapipeline/.env/lib/python3.8/site-packages/airflow/example_dags/example_xcom.py took 0.083 seconds
[2022-09-14T21:21:59.861-0300] {processor.py:153} INFO - Started process (PID=21321) to work on /home/juliana/Área de Trabalho/datapipeline/.env/lib/python3.8/site-packages/airflow/example_dags/example_xcom.py
[2022-09-14T21:21:59.862-0300] {processor.py:640} INFO - Processing file /home/juliana/Área de Trabalho/datapipeline/.env/lib/python3.8/site-packages/airflow/example_dags/example_xcom.py for tasks to queue
[2022-09-14T21:21:59.863-0300] {logging_mixin.py:115} INFO - [2022-09-14T21:21:59.863-0300] {dagbag.py:508} INFO - Filling up the DagBag from /home/juliana/Área de Trabalho/datapipeline/.env/lib/python3.8/site-packages/airflow/example_dags/example_xcom.py
[2022-09-14T21:21:59.884-0300] {processor.py:650} INFO - DAG(s) dict_keys(['example_xcom']) retrieved from /home/juliana/Área de Trabalho/datapipeline/.env/lib/python3.8/site-packages/airflow/example_dags/example_xcom.py
[2022-09-14T21:21:59.919-0300] {logging_mixin.py:115} INFO - [2022-09-14T21:21:59.919-0300] {dag.py:2429} INFO - Sync 1 DAGs
[2022-09-14T21:21:59.932-0300] {logging_mixin.py:115} INFO - [2022-09-14T21:21:59.932-0300] {dag.py:2977} INFO - Setting next_dagrun for example_xcom to 2021-01-01T00:00:00+00:00, run_after=2021-01-01T00:00:00+00:00
[2022-09-14T21:21:59.948-0300] {processor.py:161} INFO - Processing /home/juliana/Área de Trabalho/datapipeline/.env/lib/python3.8/site-packages/airflow/example_dags/example_xcom.py took 0.091 seconds
[2022-09-14T21:22:33.025-0300] {processor.py:153} INFO - Started process (PID=21360) to work on /home/juliana/Área de Trabalho/datapipeline/.env/lib/python3.8/site-packages/airflow/example_dags/example_xcom.py
[2022-09-14T21:22:33.026-0300] {processor.py:640} INFO - Processing file /home/juliana/Área de Trabalho/datapipeline/.env/lib/python3.8/site-packages/airflow/example_dags/example_xcom.py for tasks to queue
[2022-09-14T21:22:33.028-0300] {logging_mixin.py:115} INFO - [2022-09-14T21:22:33.027-0300] {dagbag.py:508} INFO - Filling up the DagBag from /home/juliana/Área de Trabalho/datapipeline/.env/lib/python3.8/site-packages/airflow/example_dags/example_xcom.py
[2022-09-14T21:22:33.051-0300] {processor.py:650} INFO - DAG(s) dict_keys(['example_xcom']) retrieved from /home/juliana/Área de Trabalho/datapipeline/.env/lib/python3.8/site-packages/airflow/example_dags/example_xcom.py
[2022-09-14T21:22:33.087-0300] {logging_mixin.py:115} INFO - [2022-09-14T21:22:33.087-0300] {dag.py:2429} INFO - Sync 1 DAGs
[2022-09-14T21:22:33.101-0300] {logging_mixin.py:115} INFO - [2022-09-14T21:22:33.101-0300] {dag.py:2977} INFO - Setting next_dagrun for example_xcom to 2021-01-01T00:00:00+00:00, run_after=2021-01-01T00:00:00+00:00
[2022-09-14T21:22:33.118-0300] {processor.py:161} INFO - Processing /home/juliana/Área de Trabalho/datapipeline/.env/lib/python3.8/site-packages/airflow/example_dags/example_xcom.py took 0.097 seconds
[2022-09-14T21:23:07.326-0300] {processor.py:153} INFO - Started process (PID=21416) to work on /home/juliana/Área de Trabalho/datapipeline/.env/lib/python3.8/site-packages/airflow/example_dags/example_xcom.py
[2022-09-14T21:23:07.328-0300] {processor.py:640} INFO - Processing file /home/juliana/Área de Trabalho/datapipeline/.env/lib/python3.8/site-packages/airflow/example_dags/example_xcom.py for tasks to queue
[2022-09-14T21:23:07.328-0300] {logging_mixin.py:115} INFO - [2022-09-14T21:23:07.328-0300] {dagbag.py:508} INFO - Filling up the DagBag from /home/juliana/Área de Trabalho/datapipeline/.env/lib/python3.8/site-packages/airflow/example_dags/example_xcom.py
[2022-09-14T21:23:07.346-0300] {processor.py:650} INFO - DAG(s) dict_keys(['example_xcom']) retrieved from /home/juliana/Área de Trabalho/datapipeline/.env/lib/python3.8/site-packages/airflow/example_dags/example_xcom.py
[2022-09-14T21:23:07.472-0300] {logging_mixin.py:115} INFO - [2022-09-14T21:23:07.472-0300] {dag.py:2429} INFO - Sync 1 DAGs
[2022-09-14T21:23:07.504-0300] {logging_mixin.py:115} INFO - [2022-09-14T21:23:07.504-0300] {dag.py:2977} INFO - Setting next_dagrun for example_xcom to 2021-01-01T00:00:00+00:00, run_after=2021-01-01T00:00:00+00:00
[2022-09-14T21:23:07.543-0300] {processor.py:161} INFO - Processing /home/juliana/Área de Trabalho/datapipeline/.env/lib/python3.8/site-packages/airflow/example_dags/example_xcom.py took 0.220 seconds
[2022-09-14T21:23:42.170-0300] {processor.py:153} INFO - Started process (PID=21475) to work on /home/juliana/Área de Trabalho/datapipeline/.env/lib/python3.8/site-packages/airflow/example_dags/example_xcom.py
[2022-09-14T21:23:42.173-0300] {processor.py:640} INFO - Processing file /home/juliana/Área de Trabalho/datapipeline/.env/lib/python3.8/site-packages/airflow/example_dags/example_xcom.py for tasks to queue
[2022-09-14T21:23:42.174-0300] {logging_mixin.py:115} INFO - [2022-09-14T21:23:42.174-0300] {dagbag.py:508} INFO - Filling up the DagBag from /home/juliana/Área de Trabalho/datapipeline/.env/lib/python3.8/site-packages/airflow/example_dags/example_xcom.py
[2022-09-14T21:23:42.233-0300] {processor.py:650} INFO - DAG(s) dict_keys(['example_xcom']) retrieved from /home/juliana/Área de Trabalho/datapipeline/.env/lib/python3.8/site-packages/airflow/example_dags/example_xcom.py
[2022-09-14T21:23:42.267-0300] {logging_mixin.py:115} INFO - [2022-09-14T21:23:42.267-0300] {dag.py:2429} INFO - Sync 1 DAGs
[2022-09-14T21:23:42.288-0300] {logging_mixin.py:115} INFO - [2022-09-14T21:23:42.288-0300] {dag.py:2977} INFO - Setting next_dagrun for example_xcom to 2021-01-01T00:00:00+00:00, run_after=2021-01-01T00:00:00+00:00
[2022-09-14T21:23:42.308-0300] {processor.py:161} INFO - Processing /home/juliana/Área de Trabalho/datapipeline/.env/lib/python3.8/site-packages/airflow/example_dags/example_xcom.py took 0.145 seconds
[2022-09-14T21:24:14.662-0300] {processor.py:153} INFO - Started process (PID=21508) to work on /home/juliana/Área de Trabalho/datapipeline/.env/lib/python3.8/site-packages/airflow/example_dags/example_xcom.py
[2022-09-14T21:24:14.669-0300] {processor.py:640} INFO - Processing file /home/juliana/Área de Trabalho/datapipeline/.env/lib/python3.8/site-packages/airflow/example_dags/example_xcom.py for tasks to queue
[2022-09-14T21:24:14.670-0300] {logging_mixin.py:115} INFO - [2022-09-14T21:24:14.670-0300] {dagbag.py:508} INFO - Filling up the DagBag from /home/juliana/Área de Trabalho/datapipeline/.env/lib/python3.8/site-packages/airflow/example_dags/example_xcom.py
[2022-09-14T21:24:14.694-0300] {processor.py:650} INFO - DAG(s) dict_keys(['example_xcom']) retrieved from /home/juliana/Área de Trabalho/datapipeline/.env/lib/python3.8/site-packages/airflow/example_dags/example_xcom.py
[2022-09-14T21:24:14.710-0300] {logging_mixin.py:115} INFO - [2022-09-14T21:24:14.710-0300] {dag.py:2429} INFO - Sync 1 DAGs
[2022-09-14T21:24:14.727-0300] {logging_mixin.py:115} INFO - [2022-09-14T21:24:14.727-0300] {dag.py:2977} INFO - Setting next_dagrun for example_xcom to 2021-01-01T00:00:00+00:00, run_after=2021-01-01T00:00:00+00:00
[2022-09-14T21:24:14.744-0300] {processor.py:161} INFO - Processing /home/juliana/Área de Trabalho/datapipeline/.env/lib/python3.8/site-packages/airflow/example_dags/example_xcom.py took 0.087 seconds
[2022-09-14T21:24:50.223-0300] {processor.py:153} INFO - Started process (PID=21559) to work on /home/juliana/Área de Trabalho/datapipeline/.env/lib/python3.8/site-packages/airflow/example_dags/example_xcom.py
[2022-09-14T21:24:50.225-0300] {processor.py:640} INFO - Processing file /home/juliana/Área de Trabalho/datapipeline/.env/lib/python3.8/site-packages/airflow/example_dags/example_xcom.py for tasks to queue
[2022-09-14T21:24:50.226-0300] {logging_mixin.py:115} INFO - [2022-09-14T21:24:50.226-0300] {dagbag.py:508} INFO - Filling up the DagBag from /home/juliana/Área de Trabalho/datapipeline/.env/lib/python3.8/site-packages/airflow/example_dags/example_xcom.py
[2022-09-14T21:24:50.276-0300] {processor.py:650} INFO - DAG(s) dict_keys(['example_xcom']) retrieved from /home/juliana/Área de Trabalho/datapipeline/.env/lib/python3.8/site-packages/airflow/example_dags/example_xcom.py
[2022-09-14T21:24:50.318-0300] {logging_mixin.py:115} INFO - [2022-09-14T21:24:50.317-0300] {dag.py:2429} INFO - Sync 1 DAGs
[2022-09-14T21:24:50.374-0300] {logging_mixin.py:115} INFO - [2022-09-14T21:24:50.374-0300] {dag.py:2977} INFO - Setting next_dagrun for example_xcom to 2021-01-01T00:00:00+00:00, run_after=2021-01-01T00:00:00+00:00
[2022-09-14T21:24:50.402-0300] {processor.py:161} INFO - Processing /home/juliana/Área de Trabalho/datapipeline/.env/lib/python3.8/site-packages/airflow/example_dags/example_xcom.py took 0.184 seconds
[2022-09-14T21:25:25.259-0300] {processor.py:153} INFO - Started process (PID=21595) to work on /home/juliana/Área de Trabalho/datapipeline/.env/lib/python3.8/site-packages/airflow/example_dags/example_xcom.py
[2022-09-14T21:25:25.261-0300] {processor.py:640} INFO - Processing file /home/juliana/Área de Trabalho/datapipeline/.env/lib/python3.8/site-packages/airflow/example_dags/example_xcom.py for tasks to queue
[2022-09-14T21:25:25.262-0300] {logging_mixin.py:115} INFO - [2022-09-14T21:25:25.262-0300] {dagbag.py:508} INFO - Filling up the DagBag from /home/juliana/Área de Trabalho/datapipeline/.env/lib/python3.8/site-packages/airflow/example_dags/example_xcom.py
[2022-09-14T21:25:25.289-0300] {processor.py:650} INFO - DAG(s) dict_keys(['example_xcom']) retrieved from /home/juliana/Área de Trabalho/datapipeline/.env/lib/python3.8/site-packages/airflow/example_dags/example_xcom.py
[2022-09-14T21:25:25.303-0300] {logging_mixin.py:115} INFO - [2022-09-14T21:25:25.303-0300] {dag.py:2429} INFO - Sync 1 DAGs
[2022-09-14T21:25:25.317-0300] {logging_mixin.py:115} INFO - [2022-09-14T21:25:25.317-0300] {dag.py:2977} INFO - Setting next_dagrun for example_xcom to 2021-01-01T00:00:00+00:00, run_after=2021-01-01T00:00:00+00:00
[2022-09-14T21:25:25.332-0300] {processor.py:161} INFO - Processing /home/juliana/Área de Trabalho/datapipeline/.env/lib/python3.8/site-packages/airflow/example_dags/example_xcom.py took 0.079 seconds
[2022-09-14T21:25:57.657-0300] {processor.py:153} INFO - Started process (PID=21629) to work on /home/juliana/Área de Trabalho/datapipeline/.env/lib/python3.8/site-packages/airflow/example_dags/example_xcom.py
[2022-09-14T21:25:57.658-0300] {processor.py:640} INFO - Processing file /home/juliana/Área de Trabalho/datapipeline/.env/lib/python3.8/site-packages/airflow/example_dags/example_xcom.py for tasks to queue
[2022-09-14T21:25:57.659-0300] {logging_mixin.py:115} INFO - [2022-09-14T21:25:57.659-0300] {dagbag.py:508} INFO - Filling up the DagBag from /home/juliana/Área de Trabalho/datapipeline/.env/lib/python3.8/site-packages/airflow/example_dags/example_xcom.py
[2022-09-14T21:25:57.677-0300] {processor.py:650} INFO - DAG(s) dict_keys(['example_xcom']) retrieved from /home/juliana/Área de Trabalho/datapipeline/.env/lib/python3.8/site-packages/airflow/example_dags/example_xcom.py
[2022-09-14T21:25:57.691-0300] {logging_mixin.py:115} INFO - [2022-09-14T21:25:57.691-0300] {dag.py:2429} INFO - Sync 1 DAGs
[2022-09-14T21:25:57.709-0300] {logging_mixin.py:115} INFO - [2022-09-14T21:25:57.709-0300] {dag.py:2977} INFO - Setting next_dagrun for example_xcom to 2021-01-01T00:00:00+00:00, run_after=2021-01-01T00:00:00+00:00
[2022-09-14T21:25:57.729-0300] {processor.py:161} INFO - Processing /home/juliana/Área de Trabalho/datapipeline/.env/lib/python3.8/site-packages/airflow/example_dags/example_xcom.py took 0.076 seconds
[2022-09-14T21:26:31.978-0300] {processor.py:153} INFO - Started process (PID=21665) to work on /home/juliana/Área de Trabalho/datapipeline/.env/lib/python3.8/site-packages/airflow/example_dags/example_xcom.py
[2022-09-14T21:26:31.980-0300] {processor.py:640} INFO - Processing file /home/juliana/Área de Trabalho/datapipeline/.env/lib/python3.8/site-packages/airflow/example_dags/example_xcom.py for tasks to queue
[2022-09-14T21:26:31.981-0300] {logging_mixin.py:115} INFO - [2022-09-14T21:26:31.980-0300] {dagbag.py:508} INFO - Filling up the DagBag from /home/juliana/Área de Trabalho/datapipeline/.env/lib/python3.8/site-packages/airflow/example_dags/example_xcom.py
[2022-09-14T21:26:32.002-0300] {processor.py:650} INFO - DAG(s) dict_keys(['example_xcom']) retrieved from /home/juliana/Área de Trabalho/datapipeline/.env/lib/python3.8/site-packages/airflow/example_dags/example_xcom.py
[2022-09-14T21:26:32.017-0300] {logging_mixin.py:115} INFO - [2022-09-14T21:26:32.017-0300] {dag.py:2429} INFO - Sync 1 DAGs
[2022-09-14T21:26:32.038-0300] {logging_mixin.py:115} INFO - [2022-09-14T21:26:32.038-0300] {dag.py:2977} INFO - Setting next_dagrun for example_xcom to 2021-01-01T00:00:00+00:00, run_after=2021-01-01T00:00:00+00:00
[2022-09-14T21:26:32.060-0300] {processor.py:161} INFO - Processing /home/juliana/Área de Trabalho/datapipeline/.env/lib/python3.8/site-packages/airflow/example_dags/example_xcom.py took 0.087 seconds
[2022-09-14T21:27:07.239-0300] {processor.py:153} INFO - Started process (PID=21710) to work on /home/juliana/Área de Trabalho/datapipeline/.env/lib/python3.8/site-packages/airflow/example_dags/example_xcom.py
[2022-09-14T21:27:07.246-0300] {processor.py:640} INFO - Processing file /home/juliana/Área de Trabalho/datapipeline/.env/lib/python3.8/site-packages/airflow/example_dags/example_xcom.py for tasks to queue
[2022-09-14T21:27:07.247-0300] {logging_mixin.py:115} INFO - [2022-09-14T21:27:07.246-0300] {dagbag.py:508} INFO - Filling up the DagBag from /home/juliana/Área de Trabalho/datapipeline/.env/lib/python3.8/site-packages/airflow/example_dags/example_xcom.py
[2022-09-14T21:27:07.273-0300] {processor.py:650} INFO - DAG(s) dict_keys(['example_xcom']) retrieved from /home/juliana/Área de Trabalho/datapipeline/.env/lib/python3.8/site-packages/airflow/example_dags/example_xcom.py
[2022-09-14T21:27:07.320-0300] {logging_mixin.py:115} INFO - [2022-09-14T21:27:07.320-0300] {dag.py:2429} INFO - Sync 1 DAGs
[2022-09-14T21:27:07.340-0300] {logging_mixin.py:115} INFO - [2022-09-14T21:27:07.339-0300] {dag.py:2977} INFO - Setting next_dagrun for example_xcom to 2021-01-01T00:00:00+00:00, run_after=2021-01-01T00:00:00+00:00
[2022-09-14T21:27:07.362-0300] {processor.py:161} INFO - Processing /home/juliana/Área de Trabalho/datapipeline/.env/lib/python3.8/site-packages/airflow/example_dags/example_xcom.py took 0.127 seconds
[2022-09-14T21:33:56.781-0300] {processor.py:153} INFO - Started process (PID=21871) to work on /home/juliana/Área de Trabalho/datapipeline/.env/lib/python3.8/site-packages/airflow/example_dags/example_xcom.py
[2022-09-14T21:33:56.792-0300] {processor.py:640} INFO - Processing file /home/juliana/Área de Trabalho/datapipeline/.env/lib/python3.8/site-packages/airflow/example_dags/example_xcom.py for tasks to queue
[2022-09-14T21:33:56.793-0300] {logging_mixin.py:115} INFO - [2022-09-14T21:33:56.792-0300] {dagbag.py:508} INFO - Filling up the DagBag from /home/juliana/Área de Trabalho/datapipeline/.env/lib/python3.8/site-packages/airflow/example_dags/example_xcom.py
[2022-09-14T21:33:57.826-0300] {processor.py:650} INFO - DAG(s) dict_keys(['example_xcom']) retrieved from /home/juliana/Área de Trabalho/datapipeline/.env/lib/python3.8/site-packages/airflow/example_dags/example_xcom.py
[2022-09-14T21:34:03.743-0300] {logging_mixin.py:115} INFO - [2022-09-14T21:34:03.563-0300] {dag.py:2429} INFO - Sync 1 DAGs
[2022-09-14T21:34:15.750-0300] {logging_mixin.py:115} INFO - [2022-09-14T21:34:14.630-0300] {dag.py:2977} INFO - Setting next_dagrun for example_xcom to 2021-01-01T00:00:00+00:00, run_after=2021-01-01T00:00:00+00:00
[2022-09-14T21:34:31.219-0300] {processor.py:161} INFO - Processing /home/juliana/Área de Trabalho/datapipeline/.env/lib/python3.8/site-packages/airflow/example_dags/example_xcom.py took 34.453 seconds
[2022-09-14T21:46:20.554-0300] {processor.py:153} INFO - Started process (PID=21989) to work on /home/juliana/Área de Trabalho/datapipeline/.env/lib/python3.8/site-packages/airflow/example_dags/example_xcom.py
[2022-09-14T21:46:20.841-0300] {processor.py:640} INFO - Processing file /home/juliana/Área de Trabalho/datapipeline/.env/lib/python3.8/site-packages/airflow/example_dags/example_xcom.py for tasks to queue
[2022-09-14T21:46:21.025-0300] {logging_mixin.py:115} INFO - [2022-09-14T21:46:21.019-0300] {dagbag.py:508} INFO - Filling up the DagBag from /home/juliana/Área de Trabalho/datapipeline/.env/lib/python3.8/site-packages/airflow/example_dags/example_xcom.py
[2022-09-14T21:46:21.377-0300] {processor.py:650} INFO - DAG(s) dict_keys(['example_xcom']) retrieved from /home/juliana/Área de Trabalho/datapipeline/.env/lib/python3.8/site-packages/airflow/example_dags/example_xcom.py
[2022-09-14T21:46:35.906-0300] {logging_mixin.py:115} INFO - [2022-09-14T21:46:35.200-0300] {dag.py:2429} INFO - Sync 1 DAGs
[2022-09-14T21:47:57.563-0300] {logging_mixin.py:115} INFO - [2022-09-14T21:47:55.605-0300] {dag.py:2977} INFO - Setting next_dagrun for example_xcom to 2021-01-01T00:00:00+00:00, run_after=2021-01-01T00:00:00+00:00
[2022-09-15T13:35:33.146-0300] {processor.py:153} INFO - Started process (PID=7177) to work on /home/juliana/Área de Trabalho/datapipeline/.env/lib/python3.8/site-packages/airflow/example_dags/example_xcom.py
[2022-09-15T13:35:33.148-0300] {processor.py:640} INFO - Processing file /home/juliana/Área de Trabalho/datapipeline/.env/lib/python3.8/site-packages/airflow/example_dags/example_xcom.py for tasks to queue
[2022-09-15T13:35:33.149-0300] {logging_mixin.py:115} INFO - [2022-09-15T13:35:33.149-0300] {dagbag.py:508} INFO - Filling up the DagBag from /home/juliana/Área de Trabalho/datapipeline/.env/lib/python3.8/site-packages/airflow/example_dags/example_xcom.py
[2022-09-15T13:35:33.185-0300] {processor.py:650} INFO - DAG(s) dict_keys(['example_xcom']) retrieved from /home/juliana/Área de Trabalho/datapipeline/.env/lib/python3.8/site-packages/airflow/example_dags/example_xcom.py
[2022-09-15T13:35:33.338-0300] {logging_mixin.py:115} INFO - [2022-09-15T13:35:33.338-0300] {dag.py:2429} INFO - Sync 1 DAGs
[2022-09-15T13:35:33.398-0300] {logging_mixin.py:115} INFO - [2022-09-15T13:35:33.398-0300] {dag.py:2977} INFO - Setting next_dagrun for example_xcom to 2021-01-01T00:00:00+00:00, run_after=2021-01-01T00:00:00+00:00
[2022-09-15T13:35:33.431-0300] {processor.py:161} INFO - Processing /home/juliana/Área de Trabalho/datapipeline/.env/lib/python3.8/site-packages/airflow/example_dags/example_xcom.py took 0.289 seconds
[2022-09-15T13:36:17.357-0300] {processor.py:153} INFO - Started process (PID=7454) to work on /home/juliana/Área de Trabalho/datapipeline/.env/lib/python3.8/site-packages/airflow/example_dags/example_xcom.py
[2022-09-15T13:36:17.364-0300] {processor.py:640} INFO - Processing file /home/juliana/Área de Trabalho/datapipeline/.env/lib/python3.8/site-packages/airflow/example_dags/example_xcom.py for tasks to queue
[2022-09-15T13:36:17.365-0300] {logging_mixin.py:115} INFO - [2022-09-15T13:36:17.364-0300] {dagbag.py:508} INFO - Filling up the DagBag from /home/juliana/Área de Trabalho/datapipeline/.env/lib/python3.8/site-packages/airflow/example_dags/example_xcom.py
[2022-09-15T13:36:17.398-0300] {processor.py:650} INFO - DAG(s) dict_keys(['example_xcom']) retrieved from /home/juliana/Área de Trabalho/datapipeline/.env/lib/python3.8/site-packages/airflow/example_dags/example_xcom.py
[2022-09-15T13:36:17.478-0300] {logging_mixin.py:115} INFO - [2022-09-15T13:36:17.477-0300] {dag.py:2429} INFO - Sync 1 DAGs
[2022-09-15T13:36:17.490-0300] {logging_mixin.py:115} INFO - [2022-09-15T13:36:17.490-0300] {dag.py:2977} INFO - Setting next_dagrun for example_xcom to 2021-01-01T00:00:00+00:00, run_after=2021-01-01T00:00:00+00:00
[2022-09-15T13:36:17.506-0300] {processor.py:161} INFO - Processing /home/juliana/Área de Trabalho/datapipeline/.env/lib/python3.8/site-packages/airflow/example_dags/example_xcom.py took 0.160 seconds
[2022-09-15T13:36:55.578-0300] {processor.py:153} INFO - Started process (PID=7601) to work on /home/juliana/Área de Trabalho/datapipeline/.env/lib/python3.8/site-packages/airflow/example_dags/example_xcom.py
[2022-09-15T13:36:55.581-0300] {processor.py:640} INFO - Processing file /home/juliana/Área de Trabalho/datapipeline/.env/lib/python3.8/site-packages/airflow/example_dags/example_xcom.py for tasks to queue
[2022-09-15T13:36:55.583-0300] {logging_mixin.py:115} INFO - [2022-09-15T13:36:55.582-0300] {dagbag.py:508} INFO - Filling up the DagBag from /home/juliana/Área de Trabalho/datapipeline/.env/lib/python3.8/site-packages/airflow/example_dags/example_xcom.py
[2022-09-15T13:36:55.617-0300] {processor.py:650} INFO - DAG(s) dict_keys(['example_xcom']) retrieved from /home/juliana/Área de Trabalho/datapipeline/.env/lib/python3.8/site-packages/airflow/example_dags/example_xcom.py
[2022-09-15T13:36:55.636-0300] {logging_mixin.py:115} INFO - [2022-09-15T13:36:55.636-0300] {dag.py:2429} INFO - Sync 1 DAGs
[2022-09-15T13:36:55.651-0300] {logging_mixin.py:115} INFO - [2022-09-15T13:36:55.651-0300] {dag.py:2977} INFO - Setting next_dagrun for example_xcom to 2021-01-01T00:00:00+00:00, run_after=2021-01-01T00:00:00+00:00
[2022-09-15T13:36:55.669-0300] {processor.py:161} INFO - Processing /home/juliana/Área de Trabalho/datapipeline/.env/lib/python3.8/site-packages/airflow/example_dags/example_xcom.py took 0.097 seconds
[2022-09-15T13:37:34.066-0300] {processor.py:153} INFO - Started process (PID=7740) to work on /home/juliana/Área de Trabalho/datapipeline/.env/lib/python3.8/site-packages/airflow/example_dags/example_xcom.py
[2022-09-15T13:37:34.080-0300] {processor.py:640} INFO - Processing file /home/juliana/Área de Trabalho/datapipeline/.env/lib/python3.8/site-packages/airflow/example_dags/example_xcom.py for tasks to queue
[2022-09-15T13:37:34.082-0300] {logging_mixin.py:115} INFO - [2022-09-15T13:37:34.080-0300] {dagbag.py:508} INFO - Filling up the DagBag from /home/juliana/Área de Trabalho/datapipeline/.env/lib/python3.8/site-packages/airflow/example_dags/example_xcom.py
[2022-09-15T13:37:34.121-0300] {processor.py:650} INFO - DAG(s) dict_keys(['example_xcom']) retrieved from /home/juliana/Área de Trabalho/datapipeline/.env/lib/python3.8/site-packages/airflow/example_dags/example_xcom.py
[2022-09-15T13:37:34.176-0300] {logging_mixin.py:115} INFO - [2022-09-15T13:37:34.176-0300] {dag.py:2429} INFO - Sync 1 DAGs
[2022-09-15T13:37:34.190-0300] {logging_mixin.py:115} INFO - [2022-09-15T13:37:34.190-0300] {dag.py:2977} INFO - Setting next_dagrun for example_xcom to 2021-01-01T00:00:00+00:00, run_after=2021-01-01T00:00:00+00:00
[2022-09-15T13:37:34.214-0300] {processor.py:161} INFO - Processing /home/juliana/Área de Trabalho/datapipeline/.env/lib/python3.8/site-packages/airflow/example_dags/example_xcom.py took 0.161 seconds
[2022-09-15T13:38:15.557-0300] {processor.py:153} INFO - Started process (PID=7880) to work on /home/juliana/Área de Trabalho/datapipeline/.env/lib/python3.8/site-packages/airflow/example_dags/example_xcom.py
[2022-09-15T13:38:15.563-0300] {processor.py:640} INFO - Processing file /home/juliana/Área de Trabalho/datapipeline/.env/lib/python3.8/site-packages/airflow/example_dags/example_xcom.py for tasks to queue
[2022-09-15T13:38:15.564-0300] {logging_mixin.py:115} INFO - [2022-09-15T13:38:15.564-0300] {dagbag.py:508} INFO - Filling up the DagBag from /home/juliana/Área de Trabalho/datapipeline/.env/lib/python3.8/site-packages/airflow/example_dags/example_xcom.py
[2022-09-15T13:38:15.595-0300] {processor.py:650} INFO - DAG(s) dict_keys(['example_xcom']) retrieved from /home/juliana/Área de Trabalho/datapipeline/.env/lib/python3.8/site-packages/airflow/example_dags/example_xcom.py
[2022-09-15T13:38:15.639-0300] {logging_mixin.py:115} INFO - [2022-09-15T13:38:15.639-0300] {dag.py:2429} INFO - Sync 1 DAGs
[2022-09-15T13:38:15.651-0300] {logging_mixin.py:115} INFO - [2022-09-15T13:38:15.651-0300] {dag.py:2977} INFO - Setting next_dagrun for example_xcom to 2021-01-01T00:00:00+00:00, run_after=2021-01-01T00:00:00+00:00
[2022-09-15T13:38:15.674-0300] {processor.py:161} INFO - Processing /home/juliana/Área de Trabalho/datapipeline/.env/lib/python3.8/site-packages/airflow/example_dags/example_xcom.py took 0.129 seconds
[2022-09-15T13:38:54.065-0300] {processor.py:153} INFO - Started process (PID=8011) to work on /home/juliana/Área de Trabalho/datapipeline/.env/lib/python3.8/site-packages/airflow/example_dags/example_xcom.py
[2022-09-15T13:38:54.068-0300] {processor.py:640} INFO - Processing file /home/juliana/Área de Trabalho/datapipeline/.env/lib/python3.8/site-packages/airflow/example_dags/example_xcom.py for tasks to queue
[2022-09-15T13:38:54.069-0300] {logging_mixin.py:115} INFO - [2022-09-15T13:38:54.069-0300] {dagbag.py:508} INFO - Filling up the DagBag from /home/juliana/Área de Trabalho/datapipeline/.env/lib/python3.8/site-packages/airflow/example_dags/example_xcom.py
[2022-09-15T13:38:54.089-0300] {processor.py:650} INFO - DAG(s) dict_keys(['example_xcom']) retrieved from /home/juliana/Área de Trabalho/datapipeline/.env/lib/python3.8/site-packages/airflow/example_dags/example_xcom.py
[2022-09-15T13:38:54.132-0300] {logging_mixin.py:115} INFO - [2022-09-15T13:38:54.132-0300] {dag.py:2429} INFO - Sync 1 DAGs
[2022-09-15T13:38:54.146-0300] {logging_mixin.py:115} INFO - [2022-09-15T13:38:54.146-0300] {dag.py:2977} INFO - Setting next_dagrun for example_xcom to 2021-01-01T00:00:00+00:00, run_after=2021-01-01T00:00:00+00:00
[2022-09-15T13:38:54.163-0300] {processor.py:161} INFO - Processing /home/juliana/Área de Trabalho/datapipeline/.env/lib/python3.8/site-packages/airflow/example_dags/example_xcom.py took 0.101 seconds
[2022-09-15T13:39:33.369-0300] {processor.py:153} INFO - Started process (PID=8145) to work on /home/juliana/Área de Trabalho/datapipeline/.env/lib/python3.8/site-packages/airflow/example_dags/example_xcom.py
[2022-09-15T13:39:33.376-0300] {processor.py:640} INFO - Processing file /home/juliana/Área de Trabalho/datapipeline/.env/lib/python3.8/site-packages/airflow/example_dags/example_xcom.py for tasks to queue
[2022-09-15T13:39:33.377-0300] {logging_mixin.py:115} INFO - [2022-09-15T13:39:33.377-0300] {dagbag.py:508} INFO - Filling up the DagBag from /home/juliana/Área de Trabalho/datapipeline/.env/lib/python3.8/site-packages/airflow/example_dags/example_xcom.py
[2022-09-15T13:39:33.400-0300] {processor.py:650} INFO - DAG(s) dict_keys(['example_xcom']) retrieved from /home/juliana/Área de Trabalho/datapipeline/.env/lib/python3.8/site-packages/airflow/example_dags/example_xcom.py
[2022-09-15T13:39:33.444-0300] {logging_mixin.py:115} INFO - [2022-09-15T13:39:33.444-0300] {dag.py:2429} INFO - Sync 1 DAGs
[2022-09-15T13:39:33.456-0300] {logging_mixin.py:115} INFO - [2022-09-15T13:39:33.456-0300] {dag.py:2977} INFO - Setting next_dagrun for example_xcom to 2021-01-01T00:00:00+00:00, run_after=2021-01-01T00:00:00+00:00
[2022-09-15T13:39:33.474-0300] {processor.py:161} INFO - Processing /home/juliana/Área de Trabalho/datapipeline/.env/lib/python3.8/site-packages/airflow/example_dags/example_xcom.py took 0.112 seconds
[2022-09-15T13:40:11.000-0300] {processor.py:153} INFO - Started process (PID=8274) to work on /home/juliana/Área de Trabalho/datapipeline/.env/lib/python3.8/site-packages/airflow/example_dags/example_xcom.py
[2022-09-15T13:40:11.004-0300] {processor.py:640} INFO - Processing file /home/juliana/Área de Trabalho/datapipeline/.env/lib/python3.8/site-packages/airflow/example_dags/example_xcom.py for tasks to queue
[2022-09-15T13:40:11.005-0300] {logging_mixin.py:115} INFO - [2022-09-15T13:40:11.005-0300] {dagbag.py:508} INFO - Filling up the DagBag from /home/juliana/Área de Trabalho/datapipeline/.env/lib/python3.8/site-packages/airflow/example_dags/example_xcom.py
[2022-09-15T13:40:11.058-0300] {processor.py:650} INFO - DAG(s) dict_keys(['example_xcom']) retrieved from /home/juliana/Área de Trabalho/datapipeline/.env/lib/python3.8/site-packages/airflow/example_dags/example_xcom.py
[2022-09-15T13:40:11.188-0300] {logging_mixin.py:115} INFO - [2022-09-15T13:40:11.187-0300] {dag.py:2429} INFO - Sync 1 DAGs
[2022-09-15T13:40:11.243-0300] {logging_mixin.py:115} INFO - [2022-09-15T13:40:11.242-0300] {dag.py:2977} INFO - Setting next_dagrun for example_xcom to 2021-01-01T00:00:00+00:00, run_after=2021-01-01T00:00:00+00:00
[2022-09-15T13:40:11.278-0300] {processor.py:161} INFO - Processing /home/juliana/Área de Trabalho/datapipeline/.env/lib/python3.8/site-packages/airflow/example_dags/example_xcom.py took 0.285 seconds
[2022-09-15T13:40:49.677-0300] {processor.py:153} INFO - Started process (PID=8419) to work on /home/juliana/Área de Trabalho/datapipeline/.env/lib/python3.8/site-packages/airflow/example_dags/example_xcom.py
[2022-09-15T13:40:49.685-0300] {processor.py:640} INFO - Processing file /home/juliana/Área de Trabalho/datapipeline/.env/lib/python3.8/site-packages/airflow/example_dags/example_xcom.py for tasks to queue
[2022-09-15T13:40:49.686-0300] {logging_mixin.py:115} INFO - [2022-09-15T13:40:49.686-0300] {dagbag.py:508} INFO - Filling up the DagBag from /home/juliana/Área de Trabalho/datapipeline/.env/lib/python3.8/site-packages/airflow/example_dags/example_xcom.py
[2022-09-15T13:40:49.728-0300] {processor.py:650} INFO - DAG(s) dict_keys(['example_xcom']) retrieved from /home/juliana/Área de Trabalho/datapipeline/.env/lib/python3.8/site-packages/airflow/example_dags/example_xcom.py
[2022-09-15T13:40:49.770-0300] {logging_mixin.py:115} INFO - [2022-09-15T13:40:49.770-0300] {dag.py:2429} INFO - Sync 1 DAGs
[2022-09-15T13:40:49.803-0300] {logging_mixin.py:115} INFO - [2022-09-15T13:40:49.803-0300] {dag.py:2977} INFO - Setting next_dagrun for example_xcom to 2021-01-01T00:00:00+00:00, run_after=2021-01-01T00:00:00+00:00
[2022-09-15T13:40:49.889-0300] {processor.py:161} INFO - Processing /home/juliana/Área de Trabalho/datapipeline/.env/lib/python3.8/site-packages/airflow/example_dags/example_xcom.py took 0.219 seconds
[2022-09-15T13:41:25.517-0300] {processor.py:153} INFO - Started process (PID=8551) to work on /home/juliana/Área de Trabalho/datapipeline/.env/lib/python3.8/site-packages/airflow/example_dags/example_xcom.py
[2022-09-15T13:41:25.524-0300] {processor.py:640} INFO - Processing file /home/juliana/Área de Trabalho/datapipeline/.env/lib/python3.8/site-packages/airflow/example_dags/example_xcom.py for tasks to queue
[2022-09-15T13:41:25.525-0300] {logging_mixin.py:115} INFO - [2022-09-15T13:41:25.525-0300] {dagbag.py:508} INFO - Filling up the DagBag from /home/juliana/Área de Trabalho/datapipeline/.env/lib/python3.8/site-packages/airflow/example_dags/example_xcom.py
[2022-09-15T13:41:25.550-0300] {processor.py:650} INFO - DAG(s) dict_keys(['example_xcom']) retrieved from /home/juliana/Área de Trabalho/datapipeline/.env/lib/python3.8/site-packages/airflow/example_dags/example_xcom.py
[2022-09-15T13:41:25.566-0300] {logging_mixin.py:115} INFO - [2022-09-15T13:41:25.566-0300] {dag.py:2429} INFO - Sync 1 DAGs
[2022-09-15T13:41:25.583-0300] {logging_mixin.py:115} INFO - [2022-09-15T13:41:25.582-0300] {dag.py:2977} INFO - Setting next_dagrun for example_xcom to 2021-01-01T00:00:00+00:00, run_after=2021-01-01T00:00:00+00:00
[2022-09-15T13:41:25.600-0300] {processor.py:161} INFO - Processing /home/juliana/Área de Trabalho/datapipeline/.env/lib/python3.8/site-packages/airflow/example_dags/example_xcom.py took 0.089 seconds
[2022-09-15T13:42:06.114-0300] {processor.py:153} INFO - Started process (PID=8696) to work on /home/juliana/Área de Trabalho/datapipeline/.env/lib/python3.8/site-packages/airflow/example_dags/example_xcom.py
[2022-09-15T13:42:06.117-0300] {processor.py:640} INFO - Processing file /home/juliana/Área de Trabalho/datapipeline/.env/lib/python3.8/site-packages/airflow/example_dags/example_xcom.py for tasks to queue
[2022-09-15T13:42:06.118-0300] {logging_mixin.py:115} INFO - [2022-09-15T13:42:06.118-0300] {dagbag.py:508} INFO - Filling up the DagBag from /home/juliana/Área de Trabalho/datapipeline/.env/lib/python3.8/site-packages/airflow/example_dags/example_xcom.py
[2022-09-15T13:42:06.193-0300] {processor.py:650} INFO - DAG(s) dict_keys(['example_xcom']) retrieved from /home/juliana/Área de Trabalho/datapipeline/.env/lib/python3.8/site-packages/airflow/example_dags/example_xcom.py
[2022-09-15T13:42:06.253-0300] {logging_mixin.py:115} INFO - [2022-09-15T13:42:06.253-0300] {dag.py:2429} INFO - Sync 1 DAGs
[2022-09-15T13:42:06.335-0300] {logging_mixin.py:115} INFO - [2022-09-15T13:42:06.335-0300] {dag.py:2977} INFO - Setting next_dagrun for example_xcom to 2021-01-01T00:00:00+00:00, run_after=2021-01-01T00:00:00+00:00
[2022-09-15T13:42:06.574-0300] {processor.py:161} INFO - Processing /home/juliana/Área de Trabalho/datapipeline/.env/lib/python3.8/site-packages/airflow/example_dags/example_xcom.py took 0.472 seconds
[2022-09-15T13:42:48.608-0300] {processor.py:153} INFO - Started process (PID=8845) to work on /home/juliana/Área de Trabalho/datapipeline/.env/lib/python3.8/site-packages/airflow/example_dags/example_xcom.py
[2022-09-15T13:42:48.612-0300] {processor.py:640} INFO - Processing file /home/juliana/Área de Trabalho/datapipeline/.env/lib/python3.8/site-packages/airflow/example_dags/example_xcom.py for tasks to queue
[2022-09-15T13:42:48.614-0300] {logging_mixin.py:115} INFO - [2022-09-15T13:42:48.613-0300] {dagbag.py:508} INFO - Filling up the DagBag from /home/juliana/Área de Trabalho/datapipeline/.env/lib/python3.8/site-packages/airflow/example_dags/example_xcom.py
[2022-09-15T13:42:48.677-0300] {processor.py:650} INFO - DAG(s) dict_keys(['example_xcom']) retrieved from /home/juliana/Área de Trabalho/datapipeline/.env/lib/python3.8/site-packages/airflow/example_dags/example_xcom.py
[2022-09-15T13:42:48.745-0300] {logging_mixin.py:115} INFO - [2022-09-15T13:42:48.745-0300] {dag.py:2429} INFO - Sync 1 DAGs
[2022-09-15T13:42:48.797-0300] {logging_mixin.py:115} INFO - [2022-09-15T13:42:48.797-0300] {dag.py:2977} INFO - Setting next_dagrun for example_xcom to 2021-01-01T00:00:00+00:00, run_after=2021-01-01T00:00:00+00:00
[2022-09-15T13:42:48.976-0300] {processor.py:161} INFO - Processing /home/juliana/Área de Trabalho/datapipeline/.env/lib/python3.8/site-packages/airflow/example_dags/example_xcom.py took 0.376 seconds
