[2022-09-14T21:00:05.703-0300] {processor.py:153} INFO - Started process (PID=19969) to work on /home/juliana/Área de Trabalho/datapipeline/.env/lib/python3.8/site-packages/airflow/example_dags/example_bash_operator.py
[2022-09-14T21:00:05.704-0300] {processor.py:640} INFO - Processing file /home/juliana/Área de Trabalho/datapipeline/.env/lib/python3.8/site-packages/airflow/example_dags/example_bash_operator.py for tasks to queue
[2022-09-14T21:00:05.704-0300] {logging_mixin.py:115} INFO - [2022-09-14T21:00:05.704-0300] {dagbag.py:508} INFO - Filling up the DagBag from /home/juliana/Área de Trabalho/datapipeline/.env/lib/python3.8/site-packages/airflow/example_dags/example_bash_operator.py
[2022-09-14T21:00:05.716-0300] {processor.py:650} INFO - DAG(s) dict_keys(['example_bash_operator']) retrieved from /home/juliana/Área de Trabalho/datapipeline/.env/lib/python3.8/site-packages/airflow/example_dags/example_bash_operator.py
[2022-09-14T21:00:05.736-0300] {logging_mixin.py:115} INFO - [2022-09-14T21:00:05.736-0300] {dag.py:2429} INFO - Sync 1 DAGs
[2022-09-14T21:00:05.751-0300] {logging_mixin.py:115} INFO - [2022-09-14T21:00:05.751-0300] {dag.py:2977} INFO - Setting next_dagrun for example_bash_operator to 2022-09-14T00:00:00+00:00, run_after=2022-09-15T00:00:00+00:00
[2022-09-14T21:00:05.772-0300] {processor.py:161} INFO - Processing /home/juliana/Área de Trabalho/datapipeline/.env/lib/python3.8/site-packages/airflow/example_dags/example_bash_operator.py took 0.072 seconds
[2022-09-14T21:00:39.558-0300] {processor.py:153} INFO - Started process (PID=20004) to work on /home/juliana/Área de Trabalho/datapipeline/.env/lib/python3.8/site-packages/airflow/example_dags/example_bash_operator.py
[2022-09-14T21:00:39.559-0300] {processor.py:640} INFO - Processing file /home/juliana/Área de Trabalho/datapipeline/.env/lib/python3.8/site-packages/airflow/example_dags/example_bash_operator.py for tasks to queue
[2022-09-14T21:00:39.560-0300] {logging_mixin.py:115} INFO - [2022-09-14T21:00:39.560-0300] {dagbag.py:508} INFO - Filling up the DagBag from /home/juliana/Área de Trabalho/datapipeline/.env/lib/python3.8/site-packages/airflow/example_dags/example_bash_operator.py
[2022-09-14T21:00:39.570-0300] {processor.py:650} INFO - DAG(s) dict_keys(['example_bash_operator']) retrieved from /home/juliana/Área de Trabalho/datapipeline/.env/lib/python3.8/site-packages/airflow/example_dags/example_bash_operator.py
[2022-09-14T21:00:39.594-0300] {logging_mixin.py:115} INFO - [2022-09-14T21:00:39.594-0300] {dag.py:2429} INFO - Sync 1 DAGs
[2022-09-14T21:00:39.611-0300] {logging_mixin.py:115} INFO - [2022-09-14T21:00:39.611-0300] {dag.py:2977} INFO - Setting next_dagrun for example_bash_operator to 2022-09-14T00:00:00+00:00, run_after=2022-09-15T00:00:00+00:00
[2022-09-14T21:00:39.634-0300] {processor.py:161} INFO - Processing /home/juliana/Área de Trabalho/datapipeline/.env/lib/python3.8/site-packages/airflow/example_dags/example_bash_operator.py took 0.078 seconds
[2022-09-14T21:01:15.613-0300] {processor.py:153} INFO - Started process (PID=20041) to work on /home/juliana/Área de Trabalho/datapipeline/.env/lib/python3.8/site-packages/airflow/example_dags/example_bash_operator.py
[2022-09-14T21:01:15.614-0300] {processor.py:640} INFO - Processing file /home/juliana/Área de Trabalho/datapipeline/.env/lib/python3.8/site-packages/airflow/example_dags/example_bash_operator.py for tasks to queue
[2022-09-14T21:01:15.615-0300] {logging_mixin.py:115} INFO - [2022-09-14T21:01:15.615-0300] {dagbag.py:508} INFO - Filling up the DagBag from /home/juliana/Área de Trabalho/datapipeline/.env/lib/python3.8/site-packages/airflow/example_dags/example_bash_operator.py
[2022-09-14T21:01:15.632-0300] {processor.py:650} INFO - DAG(s) dict_keys(['example_bash_operator']) retrieved from /home/juliana/Área de Trabalho/datapipeline/.env/lib/python3.8/site-packages/airflow/example_dags/example_bash_operator.py
[2022-09-14T21:01:15.653-0300] {logging_mixin.py:115} INFO - [2022-09-14T21:01:15.653-0300] {dag.py:2429} INFO - Sync 1 DAGs
[2022-09-14T21:01:15.671-0300] {logging_mixin.py:115} INFO - [2022-09-14T21:01:15.671-0300] {dag.py:2977} INFO - Setting next_dagrun for example_bash_operator to 2022-09-14T00:00:00+00:00, run_after=2022-09-15T00:00:00+00:00
[2022-09-14T21:01:15.688-0300] {processor.py:161} INFO - Processing /home/juliana/Área de Trabalho/datapipeline/.env/lib/python3.8/site-packages/airflow/example_dags/example_bash_operator.py took 0.078 seconds
[2022-09-14T21:01:49.766-0300] {processor.py:153} INFO - Started process (PID=20077) to work on /home/juliana/Área de Trabalho/datapipeline/.env/lib/python3.8/site-packages/airflow/example_dags/example_bash_operator.py
[2022-09-14T21:01:49.768-0300] {processor.py:640} INFO - Processing file /home/juliana/Área de Trabalho/datapipeline/.env/lib/python3.8/site-packages/airflow/example_dags/example_bash_operator.py for tasks to queue
[2022-09-14T21:01:49.769-0300] {logging_mixin.py:115} INFO - [2022-09-14T21:01:49.769-0300] {dagbag.py:508} INFO - Filling up the DagBag from /home/juliana/Área de Trabalho/datapipeline/.env/lib/python3.8/site-packages/airflow/example_dags/example_bash_operator.py
[2022-09-14T21:01:49.789-0300] {processor.py:650} INFO - DAG(s) dict_keys(['example_bash_operator']) retrieved from /home/juliana/Área de Trabalho/datapipeline/.env/lib/python3.8/site-packages/airflow/example_dags/example_bash_operator.py
[2022-09-14T21:01:49.812-0300] {logging_mixin.py:115} INFO - [2022-09-14T21:01:49.811-0300] {dag.py:2429} INFO - Sync 1 DAGs
[2022-09-14T21:01:49.827-0300] {logging_mixin.py:115} INFO - [2022-09-14T21:01:49.827-0300] {dag.py:2977} INFO - Setting next_dagrun for example_bash_operator to 2022-09-14T00:00:00+00:00, run_after=2022-09-15T00:00:00+00:00
[2022-09-14T21:01:49.844-0300] {processor.py:161} INFO - Processing /home/juliana/Área de Trabalho/datapipeline/.env/lib/python3.8/site-packages/airflow/example_dags/example_bash_operator.py took 0.083 seconds
[2022-09-14T21:02:24.665-0300] {processor.py:153} INFO - Started process (PID=20131) to work on /home/juliana/Área de Trabalho/datapipeline/.env/lib/python3.8/site-packages/airflow/example_dags/example_bash_operator.py
[2022-09-14T21:02:24.667-0300] {processor.py:640} INFO - Processing file /home/juliana/Área de Trabalho/datapipeline/.env/lib/python3.8/site-packages/airflow/example_dags/example_bash_operator.py for tasks to queue
[2022-09-14T21:02:24.668-0300] {logging_mixin.py:115} INFO - [2022-09-14T21:02:24.668-0300] {dagbag.py:508} INFO - Filling up the DagBag from /home/juliana/Área de Trabalho/datapipeline/.env/lib/python3.8/site-packages/airflow/example_dags/example_bash_operator.py
[2022-09-14T21:02:24.697-0300] {processor.py:650} INFO - DAG(s) dict_keys(['example_bash_operator']) retrieved from /home/juliana/Área de Trabalho/datapipeline/.env/lib/python3.8/site-packages/airflow/example_dags/example_bash_operator.py
[2022-09-14T21:02:24.718-0300] {logging_mixin.py:115} INFO - [2022-09-14T21:02:24.718-0300] {dag.py:2429} INFO - Sync 1 DAGs
[2022-09-14T21:02:24.733-0300] {logging_mixin.py:115} INFO - [2022-09-14T21:02:24.733-0300] {dag.py:2977} INFO - Setting next_dagrun for example_bash_operator to 2022-09-14T00:00:00+00:00, run_after=2022-09-15T00:00:00+00:00
[2022-09-14T21:02:24.751-0300] {processor.py:161} INFO - Processing /home/juliana/Área de Trabalho/datapipeline/.env/lib/python3.8/site-packages/airflow/example_dags/example_bash_operator.py took 0.091 seconds
[2022-09-14T21:03:25.298-0300] {processor.py:153} INFO - Started process (PID=20190) to work on /home/juliana/Área de Trabalho/datapipeline/.env/lib/python3.8/site-packages/airflow/example_dags/example_bash_operator.py
[2022-09-14T21:03:25.302-0300] {processor.py:640} INFO - Processing file /home/juliana/Área de Trabalho/datapipeline/.env/lib/python3.8/site-packages/airflow/example_dags/example_bash_operator.py for tasks to queue
[2022-09-14T21:03:25.303-0300] {logging_mixin.py:115} INFO - [2022-09-14T21:03:25.302-0300] {dagbag.py:508} INFO - Filling up the DagBag from /home/juliana/Área de Trabalho/datapipeline/.env/lib/python3.8/site-packages/airflow/example_dags/example_bash_operator.py
[2022-09-14T21:03:25.328-0300] {processor.py:650} INFO - DAG(s) dict_keys(['example_bash_operator']) retrieved from /home/juliana/Área de Trabalho/datapipeline/.env/lib/python3.8/site-packages/airflow/example_dags/example_bash_operator.py
[2022-09-14T21:03:25.374-0300] {logging_mixin.py:115} INFO - [2022-09-14T21:03:25.373-0300] {dag.py:2429} INFO - Sync 1 DAGs
[2022-09-14T21:03:25.410-0300] {logging_mixin.py:115} INFO - [2022-09-14T21:03:25.409-0300] {dag.py:2977} INFO - Setting next_dagrun for example_bash_operator to 2022-09-14T00:00:00+00:00, run_after=2022-09-15T00:00:00+00:00
[2022-09-14T21:03:25.458-0300] {processor.py:161} INFO - Processing /home/juliana/Área de Trabalho/datapipeline/.env/lib/python3.8/site-packages/airflow/example_dags/example_bash_operator.py took 0.166 seconds
[2022-09-14T21:04:03.459-0300] {processor.py:153} INFO - Started process (PID=20225) to work on /home/juliana/Área de Trabalho/datapipeline/.env/lib/python3.8/site-packages/airflow/example_dags/example_bash_operator.py
[2022-09-14T21:04:03.460-0300] {processor.py:640} INFO - Processing file /home/juliana/Área de Trabalho/datapipeline/.env/lib/python3.8/site-packages/airflow/example_dags/example_bash_operator.py for tasks to queue
[2022-09-14T21:04:03.461-0300] {logging_mixin.py:115} INFO - [2022-09-14T21:04:03.460-0300] {dagbag.py:508} INFO - Filling up the DagBag from /home/juliana/Área de Trabalho/datapipeline/.env/lib/python3.8/site-packages/airflow/example_dags/example_bash_operator.py
[2022-09-14T21:04:03.478-0300] {processor.py:650} INFO - DAG(s) dict_keys(['example_bash_operator']) retrieved from /home/juliana/Área de Trabalho/datapipeline/.env/lib/python3.8/site-packages/airflow/example_dags/example_bash_operator.py
[2022-09-14T21:04:03.502-0300] {logging_mixin.py:115} INFO - [2022-09-14T21:04:03.502-0300] {dag.py:2429} INFO - Sync 1 DAGs
[2022-09-14T21:04:03.543-0300] {logging_mixin.py:115} INFO - [2022-09-14T21:04:03.543-0300] {dag.py:2977} INFO - Setting next_dagrun for example_bash_operator to 2022-09-14T00:00:00+00:00, run_after=2022-09-15T00:00:00+00:00
[2022-09-14T21:04:03.564-0300] {processor.py:161} INFO - Processing /home/juliana/Área de Trabalho/datapipeline/.env/lib/python3.8/site-packages/airflow/example_dags/example_bash_operator.py took 0.107 seconds
[2022-09-14T21:04:46.670-0300] {processor.py:153} INFO - Started process (PID=20264) to work on /home/juliana/Área de Trabalho/datapipeline/.env/lib/python3.8/site-packages/airflow/example_dags/example_bash_operator.py
[2022-09-14T21:04:46.672-0300] {processor.py:640} INFO - Processing file /home/juliana/Área de Trabalho/datapipeline/.env/lib/python3.8/site-packages/airflow/example_dags/example_bash_operator.py for tasks to queue
[2022-09-14T21:04:46.673-0300] {logging_mixin.py:115} INFO - [2022-09-14T21:04:46.673-0300] {dagbag.py:508} INFO - Filling up the DagBag from /home/juliana/Área de Trabalho/datapipeline/.env/lib/python3.8/site-packages/airflow/example_dags/example_bash_operator.py
[2022-09-14T21:04:46.701-0300] {processor.py:650} INFO - DAG(s) dict_keys(['example_bash_operator']) retrieved from /home/juliana/Área de Trabalho/datapipeline/.env/lib/python3.8/site-packages/airflow/example_dags/example_bash_operator.py
[2022-09-14T21:04:46.729-0300] {logging_mixin.py:115} INFO - [2022-09-14T21:04:46.729-0300] {dag.py:2429} INFO - Sync 1 DAGs
[2022-09-14T21:04:46.746-0300] {logging_mixin.py:115} INFO - [2022-09-14T21:04:46.746-0300] {dag.py:2977} INFO - Setting next_dagrun for example_bash_operator to 2022-09-14T00:00:00+00:00, run_after=2022-09-15T00:00:00+00:00
[2022-09-14T21:04:46.760-0300] {processor.py:161} INFO - Processing /home/juliana/Área de Trabalho/datapipeline/.env/lib/python3.8/site-packages/airflow/example_dags/example_bash_operator.py took 0.096 seconds
[2022-09-14T21:06:15.189-0300] {processor.py:153} INFO - Started process (PID=20317) to work on /home/juliana/Área de Trabalho/datapipeline/.env/lib/python3.8/site-packages/airflow/example_dags/example_bash_operator.py
[2022-09-14T21:06:15.191-0300] {processor.py:640} INFO - Processing file /home/juliana/Área de Trabalho/datapipeline/.env/lib/python3.8/site-packages/airflow/example_dags/example_bash_operator.py for tasks to queue
[2022-09-14T21:06:15.192-0300] {logging_mixin.py:115} INFO - [2022-09-14T21:06:15.192-0300] {dagbag.py:508} INFO - Filling up the DagBag from /home/juliana/Área de Trabalho/datapipeline/.env/lib/python3.8/site-packages/airflow/example_dags/example_bash_operator.py
[2022-09-14T21:06:15.211-0300] {processor.py:650} INFO - DAG(s) dict_keys(['example_bash_operator']) retrieved from /home/juliana/Área de Trabalho/datapipeline/.env/lib/python3.8/site-packages/airflow/example_dags/example_bash_operator.py
[2022-09-14T21:06:15.233-0300] {logging_mixin.py:115} INFO - [2022-09-14T21:06:15.233-0300] {dag.py:2429} INFO - Sync 1 DAGs
[2022-09-14T21:06:15.248-0300] {logging_mixin.py:115} INFO - [2022-09-14T21:06:15.248-0300] {dag.py:2977} INFO - Setting next_dagrun for example_bash_operator to 2022-09-14T00:00:00+00:00, run_after=2022-09-15T00:00:00+00:00
[2022-09-14T21:06:15.262-0300] {processor.py:161} INFO - Processing /home/juliana/Área de Trabalho/datapipeline/.env/lib/python3.8/site-packages/airflow/example_dags/example_bash_operator.py took 0.078 seconds
[2022-09-14T21:06:53.583-0300] {processor.py:153} INFO - Started process (PID=20355) to work on /home/juliana/Área de Trabalho/datapipeline/.env/lib/python3.8/site-packages/airflow/example_dags/example_bash_operator.py
[2022-09-14T21:06:53.585-0300] {processor.py:640} INFO - Processing file /home/juliana/Área de Trabalho/datapipeline/.env/lib/python3.8/site-packages/airflow/example_dags/example_bash_operator.py for tasks to queue
[2022-09-14T21:06:53.586-0300] {logging_mixin.py:115} INFO - [2022-09-14T21:06:53.586-0300] {dagbag.py:508} INFO - Filling up the DagBag from /home/juliana/Área de Trabalho/datapipeline/.env/lib/python3.8/site-packages/airflow/example_dags/example_bash_operator.py
[2022-09-14T21:06:53.605-0300] {processor.py:650} INFO - DAG(s) dict_keys(['example_bash_operator']) retrieved from /home/juliana/Área de Trabalho/datapipeline/.env/lib/python3.8/site-packages/airflow/example_dags/example_bash_operator.py
[2022-09-14T21:06:53.633-0300] {logging_mixin.py:115} INFO - [2022-09-14T21:06:53.632-0300] {dag.py:2429} INFO - Sync 1 DAGs
[2022-09-14T21:06:53.649-0300] {logging_mixin.py:115} INFO - [2022-09-14T21:06:53.649-0300] {dag.py:2977} INFO - Setting next_dagrun for example_bash_operator to 2022-09-14T00:00:00+00:00, run_after=2022-09-15T00:00:00+00:00
[2022-09-14T21:06:53.671-0300] {processor.py:161} INFO - Processing /home/juliana/Área de Trabalho/datapipeline/.env/lib/python3.8/site-packages/airflow/example_dags/example_bash_operator.py took 0.093 seconds
[2022-09-14T21:07:31.997-0300] {processor.py:153} INFO - Started process (PID=20398) to work on /home/juliana/Área de Trabalho/datapipeline/.env/lib/python3.8/site-packages/airflow/example_dags/example_bash_operator.py
[2022-09-14T21:07:31.999-0300] {processor.py:640} INFO - Processing file /home/juliana/Área de Trabalho/datapipeline/.env/lib/python3.8/site-packages/airflow/example_dags/example_bash_operator.py for tasks to queue
[2022-09-14T21:07:32.000-0300] {logging_mixin.py:115} INFO - [2022-09-14T21:07:32.000-0300] {dagbag.py:508} INFO - Filling up the DagBag from /home/juliana/Área de Trabalho/datapipeline/.env/lib/python3.8/site-packages/airflow/example_dags/example_bash_operator.py
[2022-09-14T21:07:32.017-0300] {processor.py:650} INFO - DAG(s) dict_keys(['example_bash_operator']) retrieved from /home/juliana/Área de Trabalho/datapipeline/.env/lib/python3.8/site-packages/airflow/example_dags/example_bash_operator.py
[2022-09-14T21:07:32.039-0300] {logging_mixin.py:115} INFO - [2022-09-14T21:07:32.039-0300] {dag.py:2429} INFO - Sync 1 DAGs
[2022-09-14T21:07:32.055-0300] {logging_mixin.py:115} INFO - [2022-09-14T21:07:32.055-0300] {dag.py:2977} INFO - Setting next_dagrun for example_bash_operator to 2022-09-14T00:00:00+00:00, run_after=2022-09-15T00:00:00+00:00
[2022-09-14T21:07:32.076-0300] {processor.py:161} INFO - Processing /home/juliana/Área de Trabalho/datapipeline/.env/lib/python3.8/site-packages/airflow/example_dags/example_bash_operator.py took 0.084 seconds
[2022-09-14T21:08:08.975-0300] {processor.py:153} INFO - Started process (PID=20440) to work on /home/juliana/Área de Trabalho/datapipeline/.env/lib/python3.8/site-packages/airflow/example_dags/example_bash_operator.py
[2022-09-14T21:08:08.976-0300] {processor.py:640} INFO - Processing file /home/juliana/Área de Trabalho/datapipeline/.env/lib/python3.8/site-packages/airflow/example_dags/example_bash_operator.py for tasks to queue
[2022-09-14T21:08:08.977-0300] {logging_mixin.py:115} INFO - [2022-09-14T21:08:08.977-0300] {dagbag.py:508} INFO - Filling up the DagBag from /home/juliana/Área de Trabalho/datapipeline/.env/lib/python3.8/site-packages/airflow/example_dags/example_bash_operator.py
[2022-09-14T21:08:08.991-0300] {processor.py:650} INFO - DAG(s) dict_keys(['example_bash_operator']) retrieved from /home/juliana/Área de Trabalho/datapipeline/.env/lib/python3.8/site-packages/airflow/example_dags/example_bash_operator.py
[2022-09-14T21:08:09.013-0300] {logging_mixin.py:115} INFO - [2022-09-14T21:08:09.012-0300] {dag.py:2429} INFO - Sync 1 DAGs
[2022-09-14T21:08:09.031-0300] {logging_mixin.py:115} INFO - [2022-09-14T21:08:09.031-0300] {dag.py:2977} INFO - Setting next_dagrun for example_bash_operator to 2022-09-14T00:00:00+00:00, run_after=2022-09-15T00:00:00+00:00
[2022-09-14T21:08:09.046-0300] {processor.py:161} INFO - Processing /home/juliana/Área de Trabalho/datapipeline/.env/lib/python3.8/site-packages/airflow/example_dags/example_bash_operator.py took 0.076 seconds
[2022-09-14T21:08:43.977-0300] {processor.py:153} INFO - Started process (PID=20475) to work on /home/juliana/Área de Trabalho/datapipeline/.env/lib/python3.8/site-packages/airflow/example_dags/example_bash_operator.py
[2022-09-14T21:08:43.978-0300] {processor.py:640} INFO - Processing file /home/juliana/Área de Trabalho/datapipeline/.env/lib/python3.8/site-packages/airflow/example_dags/example_bash_operator.py for tasks to queue
[2022-09-14T21:08:43.979-0300] {logging_mixin.py:115} INFO - [2022-09-14T21:08:43.979-0300] {dagbag.py:508} INFO - Filling up the DagBag from /home/juliana/Área de Trabalho/datapipeline/.env/lib/python3.8/site-packages/airflow/example_dags/example_bash_operator.py
[2022-09-14T21:08:43.997-0300] {processor.py:650} INFO - DAG(s) dict_keys(['example_bash_operator']) retrieved from /home/juliana/Área de Trabalho/datapipeline/.env/lib/python3.8/site-packages/airflow/example_dags/example_bash_operator.py
[2022-09-14T21:08:44.031-0300] {logging_mixin.py:115} INFO - [2022-09-14T21:08:44.031-0300] {dag.py:2429} INFO - Sync 1 DAGs
[2022-09-14T21:08:44.059-0300] {logging_mixin.py:115} INFO - [2022-09-14T21:08:44.059-0300] {dag.py:2977} INFO - Setting next_dagrun for example_bash_operator to 2022-09-14T00:00:00+00:00, run_after=2022-09-15T00:00:00+00:00
[2022-09-14T21:08:44.086-0300] {processor.py:161} INFO - Processing /home/juliana/Área de Trabalho/datapipeline/.env/lib/python3.8/site-packages/airflow/example_dags/example_bash_operator.py took 0.112 seconds
[2022-09-14T21:09:19.741-0300] {processor.py:153} INFO - Started process (PID=20513) to work on /home/juliana/Área de Trabalho/datapipeline/.env/lib/python3.8/site-packages/airflow/example_dags/example_bash_operator.py
[2022-09-14T21:09:19.743-0300] {processor.py:640} INFO - Processing file /home/juliana/Área de Trabalho/datapipeline/.env/lib/python3.8/site-packages/airflow/example_dags/example_bash_operator.py for tasks to queue
[2022-09-14T21:09:19.743-0300] {logging_mixin.py:115} INFO - [2022-09-14T21:09:19.743-0300] {dagbag.py:508} INFO - Filling up the DagBag from /home/juliana/Área de Trabalho/datapipeline/.env/lib/python3.8/site-packages/airflow/example_dags/example_bash_operator.py
[2022-09-14T21:09:19.755-0300] {processor.py:650} INFO - DAG(s) dict_keys(['example_bash_operator']) retrieved from /home/juliana/Área de Trabalho/datapipeline/.env/lib/python3.8/site-packages/airflow/example_dags/example_bash_operator.py
[2022-09-14T21:09:19.778-0300] {logging_mixin.py:115} INFO - [2022-09-14T21:09:19.778-0300] {dag.py:2429} INFO - Sync 1 DAGs
[2022-09-14T21:09:19.803-0300] {logging_mixin.py:115} INFO - [2022-09-14T21:09:19.803-0300] {dag.py:2977} INFO - Setting next_dagrun for example_bash_operator to 2022-09-14T00:00:00+00:00, run_after=2022-09-15T00:00:00+00:00
[2022-09-14T21:09:19.831-0300] {processor.py:161} INFO - Processing /home/juliana/Área de Trabalho/datapipeline/.env/lib/python3.8/site-packages/airflow/example_dags/example_bash_operator.py took 0.093 seconds
[2022-09-14T21:09:53.352-0300] {processor.py:153} INFO - Started process (PID=20548) to work on /home/juliana/Área de Trabalho/datapipeline/.env/lib/python3.8/site-packages/airflow/example_dags/example_bash_operator.py
[2022-09-14T21:09:53.354-0300] {processor.py:640} INFO - Processing file /home/juliana/Área de Trabalho/datapipeline/.env/lib/python3.8/site-packages/airflow/example_dags/example_bash_operator.py for tasks to queue
[2022-09-14T21:09:53.355-0300] {logging_mixin.py:115} INFO - [2022-09-14T21:09:53.355-0300] {dagbag.py:508} INFO - Filling up the DagBag from /home/juliana/Área de Trabalho/datapipeline/.env/lib/python3.8/site-packages/airflow/example_dags/example_bash_operator.py
[2022-09-14T21:09:53.373-0300] {processor.py:650} INFO - DAG(s) dict_keys(['example_bash_operator']) retrieved from /home/juliana/Área de Trabalho/datapipeline/.env/lib/python3.8/site-packages/airflow/example_dags/example_bash_operator.py
[2022-09-14T21:09:53.397-0300] {logging_mixin.py:115} INFO - [2022-09-14T21:09:53.397-0300] {dag.py:2429} INFO - Sync 1 DAGs
[2022-09-14T21:09:53.413-0300] {logging_mixin.py:115} INFO - [2022-09-14T21:09:53.413-0300] {dag.py:2977} INFO - Setting next_dagrun for example_bash_operator to 2022-09-14T00:00:00+00:00, run_after=2022-09-15T00:00:00+00:00
[2022-09-14T21:09:53.429-0300] {processor.py:161} INFO - Processing /home/juliana/Área de Trabalho/datapipeline/.env/lib/python3.8/site-packages/airflow/example_dags/example_bash_operator.py took 0.083 seconds
[2022-09-14T21:10:29.807-0300] {processor.py:153} INFO - Started process (PID=20588) to work on /home/juliana/Área de Trabalho/datapipeline/.env/lib/python3.8/site-packages/airflow/example_dags/example_bash_operator.py
[2022-09-14T21:10:29.809-0300] {processor.py:640} INFO - Processing file /home/juliana/Área de Trabalho/datapipeline/.env/lib/python3.8/site-packages/airflow/example_dags/example_bash_operator.py for tasks to queue
[2022-09-14T21:10:29.810-0300] {logging_mixin.py:115} INFO - [2022-09-14T21:10:29.810-0300] {dagbag.py:508} INFO - Filling up the DagBag from /home/juliana/Área de Trabalho/datapipeline/.env/lib/python3.8/site-packages/airflow/example_dags/example_bash_operator.py
[2022-09-14T21:10:29.827-0300] {processor.py:650} INFO - DAG(s) dict_keys(['example_bash_operator']) retrieved from /home/juliana/Área de Trabalho/datapipeline/.env/lib/python3.8/site-packages/airflow/example_dags/example_bash_operator.py
[2022-09-14T21:10:29.851-0300] {logging_mixin.py:115} INFO - [2022-09-14T21:10:29.851-0300] {dag.py:2429} INFO - Sync 1 DAGs
[2022-09-14T21:10:29.883-0300] {logging_mixin.py:115} INFO - [2022-09-14T21:10:29.883-0300] {dag.py:2977} INFO - Setting next_dagrun for example_bash_operator to 2022-09-14T00:00:00+00:00, run_after=2022-09-15T00:00:00+00:00
[2022-09-14T21:10:29.899-0300] {processor.py:161} INFO - Processing /home/juliana/Área de Trabalho/datapipeline/.env/lib/python3.8/site-packages/airflow/example_dags/example_bash_operator.py took 0.099 seconds
[2022-09-14T21:11:03.560-0300] {processor.py:153} INFO - Started process (PID=20625) to work on /home/juliana/Área de Trabalho/datapipeline/.env/lib/python3.8/site-packages/airflow/example_dags/example_bash_operator.py
[2022-09-14T21:11:03.561-0300] {processor.py:640} INFO - Processing file /home/juliana/Área de Trabalho/datapipeline/.env/lib/python3.8/site-packages/airflow/example_dags/example_bash_operator.py for tasks to queue
[2022-09-14T21:11:03.562-0300] {logging_mixin.py:115} INFO - [2022-09-14T21:11:03.562-0300] {dagbag.py:508} INFO - Filling up the DagBag from /home/juliana/Área de Trabalho/datapipeline/.env/lib/python3.8/site-packages/airflow/example_dags/example_bash_operator.py
[2022-09-14T21:11:03.573-0300] {processor.py:650} INFO - DAG(s) dict_keys(['example_bash_operator']) retrieved from /home/juliana/Área de Trabalho/datapipeline/.env/lib/python3.8/site-packages/airflow/example_dags/example_bash_operator.py
[2022-09-14T21:11:03.595-0300] {logging_mixin.py:115} INFO - [2022-09-14T21:11:03.595-0300] {dag.py:2429} INFO - Sync 1 DAGs
[2022-09-14T21:11:03.612-0300] {logging_mixin.py:115} INFO - [2022-09-14T21:11:03.611-0300] {dag.py:2977} INFO - Setting next_dagrun for example_bash_operator to 2022-09-14T00:00:00+00:00, run_after=2022-09-15T00:00:00+00:00
[2022-09-14T21:11:03.630-0300] {processor.py:161} INFO - Processing /home/juliana/Área de Trabalho/datapipeline/.env/lib/python3.8/site-packages/airflow/example_dags/example_bash_operator.py took 0.073 seconds
[2022-09-14T21:11:37.186-0300] {processor.py:153} INFO - Started process (PID=20660) to work on /home/juliana/Área de Trabalho/datapipeline/.env/lib/python3.8/site-packages/airflow/example_dags/example_bash_operator.py
[2022-09-14T21:11:37.188-0300] {processor.py:640} INFO - Processing file /home/juliana/Área de Trabalho/datapipeline/.env/lib/python3.8/site-packages/airflow/example_dags/example_bash_operator.py for tasks to queue
[2022-09-14T21:11:37.189-0300] {logging_mixin.py:115} INFO - [2022-09-14T21:11:37.189-0300] {dagbag.py:508} INFO - Filling up the DagBag from /home/juliana/Área de Trabalho/datapipeline/.env/lib/python3.8/site-packages/airflow/example_dags/example_bash_operator.py
[2022-09-14T21:11:37.205-0300] {processor.py:650} INFO - DAG(s) dict_keys(['example_bash_operator']) retrieved from /home/juliana/Área de Trabalho/datapipeline/.env/lib/python3.8/site-packages/airflow/example_dags/example_bash_operator.py
[2022-09-14T21:11:37.227-0300] {logging_mixin.py:115} INFO - [2022-09-14T21:11:37.227-0300] {dag.py:2429} INFO - Sync 1 DAGs
[2022-09-14T21:11:37.242-0300] {logging_mixin.py:115} INFO - [2022-09-14T21:11:37.242-0300] {dag.py:2977} INFO - Setting next_dagrun for example_bash_operator to 2022-09-14T00:00:00+00:00, run_after=2022-09-15T00:00:00+00:00
[2022-09-14T21:11:37.257-0300] {processor.py:161} INFO - Processing /home/juliana/Área de Trabalho/datapipeline/.env/lib/python3.8/site-packages/airflow/example_dags/example_bash_operator.py took 0.077 seconds
[2022-09-14T21:12:10.756-0300] {processor.py:153} INFO - Started process (PID=20694) to work on /home/juliana/Área de Trabalho/datapipeline/.env/lib/python3.8/site-packages/airflow/example_dags/example_bash_operator.py
[2022-09-14T21:12:10.758-0300] {processor.py:640} INFO - Processing file /home/juliana/Área de Trabalho/datapipeline/.env/lib/python3.8/site-packages/airflow/example_dags/example_bash_operator.py for tasks to queue
[2022-09-14T21:12:10.759-0300] {logging_mixin.py:115} INFO - [2022-09-14T21:12:10.759-0300] {dagbag.py:508} INFO - Filling up the DagBag from /home/juliana/Área de Trabalho/datapipeline/.env/lib/python3.8/site-packages/airflow/example_dags/example_bash_operator.py
[2022-09-14T21:12:10.777-0300] {processor.py:650} INFO - DAG(s) dict_keys(['example_bash_operator']) retrieved from /home/juliana/Área de Trabalho/datapipeline/.env/lib/python3.8/site-packages/airflow/example_dags/example_bash_operator.py
[2022-09-14T21:12:10.800-0300] {logging_mixin.py:115} INFO - [2022-09-14T21:12:10.799-0300] {dag.py:2429} INFO - Sync 1 DAGs
[2022-09-14T21:12:10.815-0300] {logging_mixin.py:115} INFO - [2022-09-14T21:12:10.815-0300] {dag.py:2977} INFO - Setting next_dagrun for example_bash_operator to 2022-09-14T00:00:00+00:00, run_after=2022-09-15T00:00:00+00:00
[2022-09-14T21:12:10.829-0300] {processor.py:161} INFO - Processing /home/juliana/Área de Trabalho/datapipeline/.env/lib/python3.8/site-packages/airflow/example_dags/example_bash_operator.py took 0.079 seconds
[2022-09-14T21:12:45.284-0300] {processor.py:153} INFO - Started process (PID=20733) to work on /home/juliana/Área de Trabalho/datapipeline/.env/lib/python3.8/site-packages/airflow/example_dags/example_bash_operator.py
[2022-09-14T21:12:45.285-0300] {processor.py:640} INFO - Processing file /home/juliana/Área de Trabalho/datapipeline/.env/lib/python3.8/site-packages/airflow/example_dags/example_bash_operator.py for tasks to queue
[2022-09-14T21:12:45.286-0300] {logging_mixin.py:115} INFO - [2022-09-14T21:12:45.286-0300] {dagbag.py:508} INFO - Filling up the DagBag from /home/juliana/Área de Trabalho/datapipeline/.env/lib/python3.8/site-packages/airflow/example_dags/example_bash_operator.py
[2022-09-14T21:12:45.300-0300] {processor.py:650} INFO - DAG(s) dict_keys(['example_bash_operator']) retrieved from /home/juliana/Área de Trabalho/datapipeline/.env/lib/python3.8/site-packages/airflow/example_dags/example_bash_operator.py
[2022-09-14T21:12:45.320-0300] {logging_mixin.py:115} INFO - [2022-09-14T21:12:45.320-0300] {dag.py:2429} INFO - Sync 1 DAGs
[2022-09-14T21:12:45.335-0300] {logging_mixin.py:115} INFO - [2022-09-14T21:12:45.335-0300] {dag.py:2977} INFO - Setting next_dagrun for example_bash_operator to 2022-09-14T00:00:00+00:00, run_after=2022-09-15T00:00:00+00:00
[2022-09-14T21:12:45.356-0300] {processor.py:161} INFO - Processing /home/juliana/Área de Trabalho/datapipeline/.env/lib/python3.8/site-packages/airflow/example_dags/example_bash_operator.py took 0.077 seconds
[2022-09-14T21:13:23.015-0300] {processor.py:153} INFO - Started process (PID=20772) to work on /home/juliana/Área de Trabalho/datapipeline/.env/lib/python3.8/site-packages/airflow/example_dags/example_bash_operator.py
[2022-09-14T21:13:23.017-0300] {processor.py:640} INFO - Processing file /home/juliana/Área de Trabalho/datapipeline/.env/lib/python3.8/site-packages/airflow/example_dags/example_bash_operator.py for tasks to queue
[2022-09-14T21:13:23.018-0300] {logging_mixin.py:115} INFO - [2022-09-14T21:13:23.018-0300] {dagbag.py:508} INFO - Filling up the DagBag from /home/juliana/Área de Trabalho/datapipeline/.env/lib/python3.8/site-packages/airflow/example_dags/example_bash_operator.py
[2022-09-14T21:13:23.034-0300] {processor.py:650} INFO - DAG(s) dict_keys(['example_bash_operator']) retrieved from /home/juliana/Área de Trabalho/datapipeline/.env/lib/python3.8/site-packages/airflow/example_dags/example_bash_operator.py
[2022-09-14T21:13:23.056-0300] {logging_mixin.py:115} INFO - [2022-09-14T21:13:23.056-0300] {dag.py:2429} INFO - Sync 1 DAGs
[2022-09-14T21:13:23.072-0300] {logging_mixin.py:115} INFO - [2022-09-14T21:13:23.072-0300] {dag.py:2977} INFO - Setting next_dagrun for example_bash_operator to 2022-09-14T00:00:00+00:00, run_after=2022-09-15T00:00:00+00:00
[2022-09-14T21:13:23.088-0300] {processor.py:161} INFO - Processing /home/juliana/Área de Trabalho/datapipeline/.env/lib/python3.8/site-packages/airflow/example_dags/example_bash_operator.py took 0.077 seconds
[2022-09-14T21:13:57.872-0300] {processor.py:153} INFO - Started process (PID=20810) to work on /home/juliana/Área de Trabalho/datapipeline/.env/lib/python3.8/site-packages/airflow/example_dags/example_bash_operator.py
[2022-09-14T21:13:57.873-0300] {processor.py:640} INFO - Processing file /home/juliana/Área de Trabalho/datapipeline/.env/lib/python3.8/site-packages/airflow/example_dags/example_bash_operator.py for tasks to queue
[2022-09-14T21:13:57.874-0300] {logging_mixin.py:115} INFO - [2022-09-14T21:13:57.874-0300] {dagbag.py:508} INFO - Filling up the DagBag from /home/juliana/Área de Trabalho/datapipeline/.env/lib/python3.8/site-packages/airflow/example_dags/example_bash_operator.py
[2022-09-14T21:13:57.889-0300] {processor.py:650} INFO - DAG(s) dict_keys(['example_bash_operator']) retrieved from /home/juliana/Área de Trabalho/datapipeline/.env/lib/python3.8/site-packages/airflow/example_dags/example_bash_operator.py
[2022-09-14T21:13:57.915-0300] {logging_mixin.py:115} INFO - [2022-09-14T21:13:57.914-0300] {dag.py:2429} INFO - Sync 1 DAGs
[2022-09-14T21:13:57.938-0300] {logging_mixin.py:115} INFO - [2022-09-14T21:13:57.938-0300] {dag.py:2977} INFO - Setting next_dagrun for example_bash_operator to 2022-09-14T00:00:00+00:00, run_after=2022-09-15T00:00:00+00:00
[2022-09-14T21:13:57.969-0300] {processor.py:161} INFO - Processing /home/juliana/Área de Trabalho/datapipeline/.env/lib/python3.8/site-packages/airflow/example_dags/example_bash_operator.py took 0.100 seconds
[2022-09-14T21:14:35.713-0300] {processor.py:153} INFO - Started process (PID=20848) to work on /home/juliana/Área de Trabalho/datapipeline/.env/lib/python3.8/site-packages/airflow/example_dags/example_bash_operator.py
[2022-09-14T21:14:35.713-0300] {processor.py:640} INFO - Processing file /home/juliana/Área de Trabalho/datapipeline/.env/lib/python3.8/site-packages/airflow/example_dags/example_bash_operator.py for tasks to queue
[2022-09-14T21:14:35.714-0300] {logging_mixin.py:115} INFO - [2022-09-14T21:14:35.714-0300] {dagbag.py:508} INFO - Filling up the DagBag from /home/juliana/Área de Trabalho/datapipeline/.env/lib/python3.8/site-packages/airflow/example_dags/example_bash_operator.py
[2022-09-14T21:14:35.725-0300] {processor.py:650} INFO - DAG(s) dict_keys(['example_bash_operator']) retrieved from /home/juliana/Área de Trabalho/datapipeline/.env/lib/python3.8/site-packages/airflow/example_dags/example_bash_operator.py
[2022-09-14T21:14:35.745-0300] {logging_mixin.py:115} INFO - [2022-09-14T21:14:35.745-0300] {dag.py:2429} INFO - Sync 1 DAGs
[2022-09-14T21:14:35.762-0300] {logging_mixin.py:115} INFO - [2022-09-14T21:14:35.761-0300] {dag.py:2977} INFO - Setting next_dagrun for example_bash_operator to 2022-09-14T00:00:00+00:00, run_after=2022-09-15T00:00:00+00:00
[2022-09-14T21:14:35.780-0300] {processor.py:161} INFO - Processing /home/juliana/Área de Trabalho/datapipeline/.env/lib/python3.8/site-packages/airflow/example_dags/example_bash_operator.py took 0.070 seconds
[2022-09-14T21:15:08.919-0300] {processor.py:153} INFO - Started process (PID=20883) to work on /home/juliana/Área de Trabalho/datapipeline/.env/lib/python3.8/site-packages/airflow/example_dags/example_bash_operator.py
[2022-09-14T21:15:08.920-0300] {processor.py:640} INFO - Processing file /home/juliana/Área de Trabalho/datapipeline/.env/lib/python3.8/site-packages/airflow/example_dags/example_bash_operator.py for tasks to queue
[2022-09-14T21:15:08.921-0300] {logging_mixin.py:115} INFO - [2022-09-14T21:15:08.921-0300] {dagbag.py:508} INFO - Filling up the DagBag from /home/juliana/Área de Trabalho/datapipeline/.env/lib/python3.8/site-packages/airflow/example_dags/example_bash_operator.py
[2022-09-14T21:15:08.935-0300] {processor.py:650} INFO - DAG(s) dict_keys(['example_bash_operator']) retrieved from /home/juliana/Área de Trabalho/datapipeline/.env/lib/python3.8/site-packages/airflow/example_dags/example_bash_operator.py
[2022-09-14T21:15:08.956-0300] {logging_mixin.py:115} INFO - [2022-09-14T21:15:08.956-0300] {dag.py:2429} INFO - Sync 1 DAGs
[2022-09-14T21:15:08.977-0300] {logging_mixin.py:115} INFO - [2022-09-14T21:15:08.977-0300] {dag.py:2977} INFO - Setting next_dagrun for example_bash_operator to 2022-09-14T00:00:00+00:00, run_after=2022-09-15T00:00:00+00:00
[2022-09-14T21:15:08.995-0300] {processor.py:161} INFO - Processing /home/juliana/Área de Trabalho/datapipeline/.env/lib/python3.8/site-packages/airflow/example_dags/example_bash_operator.py took 0.080 seconds
[2022-09-14T21:15:46.861-0300] {processor.py:153} INFO - Started process (PID=20923) to work on /home/juliana/Área de Trabalho/datapipeline/.env/lib/python3.8/site-packages/airflow/example_dags/example_bash_operator.py
[2022-09-14T21:15:46.863-0300] {processor.py:640} INFO - Processing file /home/juliana/Área de Trabalho/datapipeline/.env/lib/python3.8/site-packages/airflow/example_dags/example_bash_operator.py for tasks to queue
[2022-09-14T21:15:46.865-0300] {logging_mixin.py:115} INFO - [2022-09-14T21:15:46.864-0300] {dagbag.py:508} INFO - Filling up the DagBag from /home/juliana/Área de Trabalho/datapipeline/.env/lib/python3.8/site-packages/airflow/example_dags/example_bash_operator.py
[2022-09-14T21:15:46.883-0300] {processor.py:650} INFO - DAG(s) dict_keys(['example_bash_operator']) retrieved from /home/juliana/Área de Trabalho/datapipeline/.env/lib/python3.8/site-packages/airflow/example_dags/example_bash_operator.py
[2022-09-14T21:15:46.906-0300] {logging_mixin.py:115} INFO - [2022-09-14T21:15:46.906-0300] {dag.py:2429} INFO - Sync 1 DAGs
[2022-09-14T21:15:46.922-0300] {logging_mixin.py:115} INFO - [2022-09-14T21:15:46.922-0300] {dag.py:2977} INFO - Setting next_dagrun for example_bash_operator to 2022-09-14T00:00:00+00:00, run_after=2022-09-15T00:00:00+00:00
[2022-09-14T21:15:46.942-0300] {processor.py:161} INFO - Processing /home/juliana/Área de Trabalho/datapipeline/.env/lib/python3.8/site-packages/airflow/example_dags/example_bash_operator.py took 0.087 seconds
[2022-09-14T21:16:23.687-0300] {processor.py:153} INFO - Started process (PID=20961) to work on /home/juliana/Área de Trabalho/datapipeline/.env/lib/python3.8/site-packages/airflow/example_dags/example_bash_operator.py
[2022-09-14T21:16:23.689-0300] {processor.py:640} INFO - Processing file /home/juliana/Área de Trabalho/datapipeline/.env/lib/python3.8/site-packages/airflow/example_dags/example_bash_operator.py for tasks to queue
[2022-09-14T21:16:23.690-0300] {logging_mixin.py:115} INFO - [2022-09-14T21:16:23.689-0300] {dagbag.py:508} INFO - Filling up the DagBag from /home/juliana/Área de Trabalho/datapipeline/.env/lib/python3.8/site-packages/airflow/example_dags/example_bash_operator.py
[2022-09-14T21:16:23.707-0300] {processor.py:650} INFO - DAG(s) dict_keys(['example_bash_operator']) retrieved from /home/juliana/Área de Trabalho/datapipeline/.env/lib/python3.8/site-packages/airflow/example_dags/example_bash_operator.py
[2022-09-14T21:16:23.730-0300] {logging_mixin.py:115} INFO - [2022-09-14T21:16:23.730-0300] {dag.py:2429} INFO - Sync 1 DAGs
[2022-09-14T21:16:23.746-0300] {logging_mixin.py:115} INFO - [2022-09-14T21:16:23.746-0300] {dag.py:2977} INFO - Setting next_dagrun for example_bash_operator to 2022-09-14T00:00:00+00:00, run_after=2022-09-15T00:00:00+00:00
[2022-09-14T21:16:23.764-0300] {processor.py:161} INFO - Processing /home/juliana/Área de Trabalho/datapipeline/.env/lib/python3.8/site-packages/airflow/example_dags/example_bash_operator.py took 0.084 seconds
[2022-09-14T21:16:57.556-0300] {processor.py:153} INFO - Started process (PID=20995) to work on /home/juliana/Área de Trabalho/datapipeline/.env/lib/python3.8/site-packages/airflow/example_dags/example_bash_operator.py
[2022-09-14T21:16:57.557-0300] {processor.py:640} INFO - Processing file /home/juliana/Área de Trabalho/datapipeline/.env/lib/python3.8/site-packages/airflow/example_dags/example_bash_operator.py for tasks to queue
[2022-09-14T21:16:57.558-0300] {logging_mixin.py:115} INFO - [2022-09-14T21:16:57.558-0300] {dagbag.py:508} INFO - Filling up the DagBag from /home/juliana/Área de Trabalho/datapipeline/.env/lib/python3.8/site-packages/airflow/example_dags/example_bash_operator.py
[2022-09-14T21:16:57.571-0300] {processor.py:650} INFO - DAG(s) dict_keys(['example_bash_operator']) retrieved from /home/juliana/Área de Trabalho/datapipeline/.env/lib/python3.8/site-packages/airflow/example_dags/example_bash_operator.py
[2022-09-14T21:16:57.592-0300] {logging_mixin.py:115} INFO - [2022-09-14T21:16:57.592-0300] {dag.py:2429} INFO - Sync 1 DAGs
[2022-09-14T21:16:57.608-0300] {logging_mixin.py:115} INFO - [2022-09-14T21:16:57.608-0300] {dag.py:2977} INFO - Setting next_dagrun for example_bash_operator to 2022-09-14T00:00:00+00:00, run_after=2022-09-15T00:00:00+00:00
[2022-09-14T21:16:57.622-0300] {processor.py:161} INFO - Processing /home/juliana/Área de Trabalho/datapipeline/.env/lib/python3.8/site-packages/airflow/example_dags/example_bash_operator.py took 0.070 seconds
[2022-09-14T21:17:32.559-0300] {processor.py:153} INFO - Started process (PID=21037) to work on /home/juliana/Área de Trabalho/datapipeline/.env/lib/python3.8/site-packages/airflow/example_dags/example_bash_operator.py
[2022-09-14T21:17:32.560-0300] {processor.py:640} INFO - Processing file /home/juliana/Área de Trabalho/datapipeline/.env/lib/python3.8/site-packages/airflow/example_dags/example_bash_operator.py for tasks to queue
[2022-09-14T21:17:32.560-0300] {logging_mixin.py:115} INFO - [2022-09-14T21:17:32.560-0300] {dagbag.py:508} INFO - Filling up the DagBag from /home/juliana/Área de Trabalho/datapipeline/.env/lib/python3.8/site-packages/airflow/example_dags/example_bash_operator.py
[2022-09-14T21:17:32.572-0300] {processor.py:650} INFO - DAG(s) dict_keys(['example_bash_operator']) retrieved from /home/juliana/Área de Trabalho/datapipeline/.env/lib/python3.8/site-packages/airflow/example_dags/example_bash_operator.py
[2022-09-14T21:17:32.592-0300] {logging_mixin.py:115} INFO - [2022-09-14T21:17:32.592-0300] {dag.py:2429} INFO - Sync 1 DAGs
[2022-09-14T21:17:32.610-0300] {logging_mixin.py:115} INFO - [2022-09-14T21:17:32.610-0300] {dag.py:2977} INFO - Setting next_dagrun for example_bash_operator to 2022-09-14T00:00:00+00:00, run_after=2022-09-15T00:00:00+00:00
[2022-09-14T21:17:32.625-0300] {processor.py:161} INFO - Processing /home/juliana/Área de Trabalho/datapipeline/.env/lib/python3.8/site-packages/airflow/example_dags/example_bash_operator.py took 0.069 seconds
[2022-09-14T21:18:06.927-0300] {processor.py:153} INFO - Started process (PID=21076) to work on /home/juliana/Área de Trabalho/datapipeline/.env/lib/python3.8/site-packages/airflow/example_dags/example_bash_operator.py
[2022-09-14T21:18:06.930-0300] {processor.py:640} INFO - Processing file /home/juliana/Área de Trabalho/datapipeline/.env/lib/python3.8/site-packages/airflow/example_dags/example_bash_operator.py for tasks to queue
[2022-09-14T21:18:06.931-0300] {logging_mixin.py:115} INFO - [2022-09-14T21:18:06.931-0300] {dagbag.py:508} INFO - Filling up the DagBag from /home/juliana/Área de Trabalho/datapipeline/.env/lib/python3.8/site-packages/airflow/example_dags/example_bash_operator.py
[2022-09-14T21:18:06.944-0300] {processor.py:650} INFO - DAG(s) dict_keys(['example_bash_operator']) retrieved from /home/juliana/Área de Trabalho/datapipeline/.env/lib/python3.8/site-packages/airflow/example_dags/example_bash_operator.py
[2022-09-14T21:18:06.968-0300] {logging_mixin.py:115} INFO - [2022-09-14T21:18:06.968-0300] {dag.py:2429} INFO - Sync 1 DAGs
[2022-09-14T21:18:06.987-0300] {logging_mixin.py:115} INFO - [2022-09-14T21:18:06.987-0300] {dag.py:2977} INFO - Setting next_dagrun for example_bash_operator to 2022-09-14T00:00:00+00:00, run_after=2022-09-15T00:00:00+00:00
[2022-09-14T21:18:07.003-0300] {processor.py:161} INFO - Processing /home/juliana/Área de Trabalho/datapipeline/.env/lib/python3.8/site-packages/airflow/example_dags/example_bash_operator.py took 0.079 seconds
[2022-09-14T21:18:41.778-0300] {processor.py:153} INFO - Started process (PID=21114) to work on /home/juliana/Área de Trabalho/datapipeline/.env/lib/python3.8/site-packages/airflow/example_dags/example_bash_operator.py
[2022-09-14T21:18:41.780-0300] {processor.py:640} INFO - Processing file /home/juliana/Área de Trabalho/datapipeline/.env/lib/python3.8/site-packages/airflow/example_dags/example_bash_operator.py for tasks to queue
[2022-09-14T21:18:41.781-0300] {logging_mixin.py:115} INFO - [2022-09-14T21:18:41.781-0300] {dagbag.py:508} INFO - Filling up the DagBag from /home/juliana/Área de Trabalho/datapipeline/.env/lib/python3.8/site-packages/airflow/example_dags/example_bash_operator.py
[2022-09-14T21:18:41.794-0300] {processor.py:650} INFO - DAG(s) dict_keys(['example_bash_operator']) retrieved from /home/juliana/Área de Trabalho/datapipeline/.env/lib/python3.8/site-packages/airflow/example_dags/example_bash_operator.py
[2022-09-14T21:18:41.822-0300] {logging_mixin.py:115} INFO - [2022-09-14T21:18:41.822-0300] {dag.py:2429} INFO - Sync 1 DAGs
[2022-09-14T21:18:41.839-0300] {logging_mixin.py:115} INFO - [2022-09-14T21:18:41.839-0300] {dag.py:2977} INFO - Setting next_dagrun for example_bash_operator to 2022-09-14T00:00:00+00:00, run_after=2022-09-15T00:00:00+00:00
[2022-09-14T21:18:41.863-0300] {processor.py:161} INFO - Processing /home/juliana/Área de Trabalho/datapipeline/.env/lib/python3.8/site-packages/airflow/example_dags/example_bash_operator.py took 0.088 seconds
[2022-09-14T21:19:17.889-0300] {processor.py:153} INFO - Started process (PID=21152) to work on /home/juliana/Área de Trabalho/datapipeline/.env/lib/python3.8/site-packages/airflow/example_dags/example_bash_operator.py
[2022-09-14T21:19:17.891-0300] {processor.py:640} INFO - Processing file /home/juliana/Área de Trabalho/datapipeline/.env/lib/python3.8/site-packages/airflow/example_dags/example_bash_operator.py for tasks to queue
[2022-09-14T21:19:17.891-0300] {logging_mixin.py:115} INFO - [2022-09-14T21:19:17.891-0300] {dagbag.py:508} INFO - Filling up the DagBag from /home/juliana/Área de Trabalho/datapipeline/.env/lib/python3.8/site-packages/airflow/example_dags/example_bash_operator.py
[2022-09-14T21:19:17.907-0300] {processor.py:650} INFO - DAG(s) dict_keys(['example_bash_operator']) retrieved from /home/juliana/Área de Trabalho/datapipeline/.env/lib/python3.8/site-packages/airflow/example_dags/example_bash_operator.py
[2022-09-14T21:19:17.929-0300] {logging_mixin.py:115} INFO - [2022-09-14T21:19:17.929-0300] {dag.py:2429} INFO - Sync 1 DAGs
[2022-09-14T21:19:17.945-0300] {logging_mixin.py:115} INFO - [2022-09-14T21:19:17.945-0300] {dag.py:2977} INFO - Setting next_dagrun for example_bash_operator to 2022-09-14T00:00:00+00:00, run_after=2022-09-15T00:00:00+00:00
[2022-09-14T21:19:17.961-0300] {processor.py:161} INFO - Processing /home/juliana/Área de Trabalho/datapipeline/.env/lib/python3.8/site-packages/airflow/example_dags/example_bash_operator.py took 0.076 seconds
[2022-09-14T21:19:55.404-0300] {processor.py:153} INFO - Started process (PID=21189) to work on /home/juliana/Área de Trabalho/datapipeline/.env/lib/python3.8/site-packages/airflow/example_dags/example_bash_operator.py
[2022-09-14T21:19:55.405-0300] {processor.py:640} INFO - Processing file /home/juliana/Área de Trabalho/datapipeline/.env/lib/python3.8/site-packages/airflow/example_dags/example_bash_operator.py for tasks to queue
[2022-09-14T21:19:55.406-0300] {logging_mixin.py:115} INFO - [2022-09-14T21:19:55.406-0300] {dagbag.py:508} INFO - Filling up the DagBag from /home/juliana/Área de Trabalho/datapipeline/.env/lib/python3.8/site-packages/airflow/example_dags/example_bash_operator.py
[2022-09-14T21:19:55.422-0300] {processor.py:650} INFO - DAG(s) dict_keys(['example_bash_operator']) retrieved from /home/juliana/Área de Trabalho/datapipeline/.env/lib/python3.8/site-packages/airflow/example_dags/example_bash_operator.py
[2022-09-14T21:19:55.445-0300] {logging_mixin.py:115} INFO - [2022-09-14T21:19:55.445-0300] {dag.py:2429} INFO - Sync 1 DAGs
[2022-09-14T21:19:55.469-0300] {logging_mixin.py:115} INFO - [2022-09-14T21:19:55.468-0300] {dag.py:2977} INFO - Setting next_dagrun for example_bash_operator to 2022-09-14T00:00:00+00:00, run_after=2022-09-15T00:00:00+00:00
[2022-09-14T21:19:55.494-0300] {processor.py:161} INFO - Processing /home/juliana/Área de Trabalho/datapipeline/.env/lib/python3.8/site-packages/airflow/example_dags/example_bash_operator.py took 0.094 seconds
[2022-09-14T21:20:32.352-0300] {processor.py:153} INFO - Started process (PID=21229) to work on /home/juliana/Área de Trabalho/datapipeline/.env/lib/python3.8/site-packages/airflow/example_dags/example_bash_operator.py
[2022-09-14T21:20:32.354-0300] {processor.py:640} INFO - Processing file /home/juliana/Área de Trabalho/datapipeline/.env/lib/python3.8/site-packages/airflow/example_dags/example_bash_operator.py for tasks to queue
[2022-09-14T21:20:32.355-0300] {logging_mixin.py:115} INFO - [2022-09-14T21:20:32.354-0300] {dagbag.py:508} INFO - Filling up the DagBag from /home/juliana/Área de Trabalho/datapipeline/.env/lib/python3.8/site-packages/airflow/example_dags/example_bash_operator.py
[2022-09-14T21:20:32.372-0300] {processor.py:650} INFO - DAG(s) dict_keys(['example_bash_operator']) retrieved from /home/juliana/Área de Trabalho/datapipeline/.env/lib/python3.8/site-packages/airflow/example_dags/example_bash_operator.py
[2022-09-14T21:20:32.395-0300] {logging_mixin.py:115} INFO - [2022-09-14T21:20:32.395-0300] {dag.py:2429} INFO - Sync 1 DAGs
[2022-09-14T21:20:32.411-0300] {logging_mixin.py:115} INFO - [2022-09-14T21:20:32.410-0300] {dag.py:2977} INFO - Setting next_dagrun for example_bash_operator to 2022-09-14T00:00:00+00:00, run_after=2022-09-15T00:00:00+00:00
[2022-09-14T21:20:32.429-0300] {processor.py:161} INFO - Processing /home/juliana/Área de Trabalho/datapipeline/.env/lib/python3.8/site-packages/airflow/example_dags/example_bash_operator.py took 0.083 seconds
[2022-09-14T21:21:09.404-0300] {processor.py:153} INFO - Started process (PID=21269) to work on /home/juliana/Área de Trabalho/datapipeline/.env/lib/python3.8/site-packages/airflow/example_dags/example_bash_operator.py
[2022-09-14T21:21:09.406-0300] {processor.py:640} INFO - Processing file /home/juliana/Área de Trabalho/datapipeline/.env/lib/python3.8/site-packages/airflow/example_dags/example_bash_operator.py for tasks to queue
[2022-09-14T21:21:09.408-0300] {logging_mixin.py:115} INFO - [2022-09-14T21:21:09.407-0300] {dagbag.py:508} INFO - Filling up the DagBag from /home/juliana/Área de Trabalho/datapipeline/.env/lib/python3.8/site-packages/airflow/example_dags/example_bash_operator.py
[2022-09-14T21:21:09.426-0300] {processor.py:650} INFO - DAG(s) dict_keys(['example_bash_operator']) retrieved from /home/juliana/Área de Trabalho/datapipeline/.env/lib/python3.8/site-packages/airflow/example_dags/example_bash_operator.py
[2022-09-14T21:21:09.451-0300] {logging_mixin.py:115} INFO - [2022-09-14T21:21:09.450-0300] {dag.py:2429} INFO - Sync 1 DAGs
[2022-09-14T21:21:09.468-0300] {logging_mixin.py:115} INFO - [2022-09-14T21:21:09.468-0300] {dag.py:2977} INFO - Setting next_dagrun for example_bash_operator to 2022-09-14T00:00:00+00:00, run_after=2022-09-15T00:00:00+00:00
[2022-09-14T21:21:09.490-0300] {processor.py:161} INFO - Processing /home/juliana/Área de Trabalho/datapipeline/.env/lib/python3.8/site-packages/airflow/example_dags/example_bash_operator.py took 0.092 seconds
[2022-09-14T21:21:42.276-0300] {processor.py:153} INFO - Started process (PID=21304) to work on /home/juliana/Área de Trabalho/datapipeline/.env/lib/python3.8/site-packages/airflow/example_dags/example_bash_operator.py
[2022-09-14T21:21:42.277-0300] {processor.py:640} INFO - Processing file /home/juliana/Área de Trabalho/datapipeline/.env/lib/python3.8/site-packages/airflow/example_dags/example_bash_operator.py for tasks to queue
[2022-09-14T21:21:42.278-0300] {logging_mixin.py:115} INFO - [2022-09-14T21:21:42.278-0300] {dagbag.py:508} INFO - Filling up the DagBag from /home/juliana/Área de Trabalho/datapipeline/.env/lib/python3.8/site-packages/airflow/example_dags/example_bash_operator.py
[2022-09-14T21:21:42.295-0300] {processor.py:650} INFO - DAG(s) dict_keys(['example_bash_operator']) retrieved from /home/juliana/Área de Trabalho/datapipeline/.env/lib/python3.8/site-packages/airflow/example_dags/example_bash_operator.py
[2022-09-14T21:21:42.317-0300] {logging_mixin.py:115} INFO - [2022-09-14T21:21:42.316-0300] {dag.py:2429} INFO - Sync 1 DAGs
[2022-09-14T21:21:42.367-0300] {logging_mixin.py:115} INFO - [2022-09-14T21:21:42.366-0300] {dag.py:2977} INFO - Setting next_dagrun for example_bash_operator to 2022-09-14T00:00:00+00:00, run_after=2022-09-15T00:00:00+00:00
[2022-09-14T21:21:42.385-0300] {processor.py:161} INFO - Processing /home/juliana/Área de Trabalho/datapipeline/.env/lib/python3.8/site-packages/airflow/example_dags/example_bash_operator.py took 0.115 seconds
[2022-09-14T21:22:17.000-0300] {processor.py:153} INFO - Started process (PID=21342) to work on /home/juliana/Área de Trabalho/datapipeline/.env/lib/python3.8/site-packages/airflow/example_dags/example_bash_operator.py
[2022-09-14T21:22:17.002-0300] {processor.py:640} INFO - Processing file /home/juliana/Área de Trabalho/datapipeline/.env/lib/python3.8/site-packages/airflow/example_dags/example_bash_operator.py for tasks to queue
[2022-09-14T21:22:17.003-0300] {logging_mixin.py:115} INFO - [2022-09-14T21:22:17.003-0300] {dagbag.py:508} INFO - Filling up the DagBag from /home/juliana/Área de Trabalho/datapipeline/.env/lib/python3.8/site-packages/airflow/example_dags/example_bash_operator.py
[2022-09-14T21:22:17.021-0300] {processor.py:650} INFO - DAG(s) dict_keys(['example_bash_operator']) retrieved from /home/juliana/Área de Trabalho/datapipeline/.env/lib/python3.8/site-packages/airflow/example_dags/example_bash_operator.py
[2022-09-14T21:22:17.043-0300] {logging_mixin.py:115} INFO - [2022-09-14T21:22:17.042-0300] {dag.py:2429} INFO - Sync 1 DAGs
[2022-09-14T21:22:17.057-0300] {logging_mixin.py:115} INFO - [2022-09-14T21:22:17.057-0300] {dag.py:2977} INFO - Setting next_dagrun for example_bash_operator to 2022-09-14T00:00:00+00:00, run_after=2022-09-15T00:00:00+00:00
[2022-09-14T21:22:17.078-0300] {processor.py:161} INFO - Processing /home/juliana/Área de Trabalho/datapipeline/.env/lib/python3.8/site-packages/airflow/example_dags/example_bash_operator.py took 0.083 seconds
[2022-09-14T21:22:53.246-0300] {processor.py:153} INFO - Started process (PID=21386) to work on /home/juliana/Área de Trabalho/datapipeline/.env/lib/python3.8/site-packages/airflow/example_dags/example_bash_operator.py
[2022-09-14T21:22:53.247-0300] {processor.py:640} INFO - Processing file /home/juliana/Área de Trabalho/datapipeline/.env/lib/python3.8/site-packages/airflow/example_dags/example_bash_operator.py for tasks to queue
[2022-09-14T21:22:53.248-0300] {logging_mixin.py:115} INFO - [2022-09-14T21:22:53.248-0300] {dagbag.py:508} INFO - Filling up the DagBag from /home/juliana/Área de Trabalho/datapipeline/.env/lib/python3.8/site-packages/airflow/example_dags/example_bash_operator.py
[2022-09-14T21:22:53.261-0300] {processor.py:650} INFO - DAG(s) dict_keys(['example_bash_operator']) retrieved from /home/juliana/Área de Trabalho/datapipeline/.env/lib/python3.8/site-packages/airflow/example_dags/example_bash_operator.py
[2022-09-14T21:22:53.284-0300] {logging_mixin.py:115} INFO - [2022-09-14T21:22:53.284-0300] {dag.py:2429} INFO - Sync 1 DAGs
[2022-09-14T21:22:53.301-0300] {logging_mixin.py:115} INFO - [2022-09-14T21:22:53.301-0300] {dag.py:2977} INFO - Setting next_dagrun for example_bash_operator to 2022-09-14T00:00:00+00:00, run_after=2022-09-15T00:00:00+00:00
[2022-09-14T21:22:53.323-0300] {processor.py:161} INFO - Processing /home/juliana/Área de Trabalho/datapipeline/.env/lib/python3.8/site-packages/airflow/example_dags/example_bash_operator.py took 0.080 seconds
[2022-09-14T21:23:28.415-0300] {processor.py:153} INFO - Started process (PID=21452) to work on /home/juliana/Área de Trabalho/datapipeline/.env/lib/python3.8/site-packages/airflow/example_dags/example_bash_operator.py
[2022-09-14T21:23:28.422-0300] {processor.py:640} INFO - Processing file /home/juliana/Área de Trabalho/datapipeline/.env/lib/python3.8/site-packages/airflow/example_dags/example_bash_operator.py for tasks to queue
[2022-09-14T21:23:28.422-0300] {logging_mixin.py:115} INFO - [2022-09-14T21:23:28.422-0300] {dagbag.py:508} INFO - Filling up the DagBag from /home/juliana/Área de Trabalho/datapipeline/.env/lib/python3.8/site-packages/airflow/example_dags/example_bash_operator.py
[2022-09-14T21:23:28.464-0300] {processor.py:650} INFO - DAG(s) dict_keys(['example_bash_operator']) retrieved from /home/juliana/Área de Trabalho/datapipeline/.env/lib/python3.8/site-packages/airflow/example_dags/example_bash_operator.py
[2022-09-14T21:23:28.526-0300] {logging_mixin.py:115} INFO - [2022-09-14T21:23:28.526-0300] {dag.py:2429} INFO - Sync 1 DAGs
[2022-09-14T21:23:28.582-0300] {logging_mixin.py:115} INFO - [2022-09-14T21:23:28.582-0300] {dag.py:2977} INFO - Setting next_dagrun for example_bash_operator to 2022-09-14T00:00:00+00:00, run_after=2022-09-15T00:00:00+00:00
[2022-09-14T21:23:28.616-0300] {processor.py:161} INFO - Processing /home/juliana/Área de Trabalho/datapipeline/.env/lib/python3.8/site-packages/airflow/example_dags/example_bash_operator.py took 0.215 seconds
[2022-09-14T21:24:05.676-0300] {processor.py:153} INFO - Started process (PID=21500) to work on /home/juliana/Área de Trabalho/datapipeline/.env/lib/python3.8/site-packages/airflow/example_dags/example_bash_operator.py
[2022-09-14T21:24:05.679-0300] {processor.py:640} INFO - Processing file /home/juliana/Área de Trabalho/datapipeline/.env/lib/python3.8/site-packages/airflow/example_dags/example_bash_operator.py for tasks to queue
[2022-09-14T21:24:05.680-0300] {logging_mixin.py:115} INFO - [2022-09-14T21:24:05.680-0300] {dagbag.py:508} INFO - Filling up the DagBag from /home/juliana/Área de Trabalho/datapipeline/.env/lib/python3.8/site-packages/airflow/example_dags/example_bash_operator.py
[2022-09-14T21:24:05.703-0300] {processor.py:650} INFO - DAG(s) dict_keys(['example_bash_operator']) retrieved from /home/juliana/Área de Trabalho/datapipeline/.env/lib/python3.8/site-packages/airflow/example_dags/example_bash_operator.py
[2022-09-14T21:24:05.737-0300] {logging_mixin.py:115} INFO - [2022-09-14T21:24:05.737-0300] {dag.py:2429} INFO - Sync 1 DAGs
[2022-09-14T21:24:05.765-0300] {logging_mixin.py:115} INFO - [2022-09-14T21:24:05.765-0300] {dag.py:2977} INFO - Setting next_dagrun for example_bash_operator to 2022-09-14T00:00:00+00:00, run_after=2022-09-15T00:00:00+00:00
[2022-09-14T21:24:05.787-0300] {processor.py:161} INFO - Processing /home/juliana/Área de Trabalho/datapipeline/.env/lib/python3.8/site-packages/airflow/example_dags/example_bash_operator.py took 0.125 seconds
[2022-09-14T21:24:45.207-0300] {processor.py:153} INFO - Started process (PID=21555) to work on /home/juliana/Área de Trabalho/datapipeline/.env/lib/python3.8/site-packages/airflow/example_dags/example_bash_operator.py
[2022-09-14T21:24:45.209-0300] {processor.py:640} INFO - Processing file /home/juliana/Área de Trabalho/datapipeline/.env/lib/python3.8/site-packages/airflow/example_dags/example_bash_operator.py for tasks to queue
[2022-09-14T21:24:45.210-0300] {logging_mixin.py:115} INFO - [2022-09-14T21:24:45.210-0300] {dagbag.py:508} INFO - Filling up the DagBag from /home/juliana/Área de Trabalho/datapipeline/.env/lib/python3.8/site-packages/airflow/example_dags/example_bash_operator.py
[2022-09-14T21:24:45.225-0300] {processor.py:650} INFO - DAG(s) dict_keys(['example_bash_operator']) retrieved from /home/juliana/Área de Trabalho/datapipeline/.env/lib/python3.8/site-packages/airflow/example_dags/example_bash_operator.py
[2022-09-14T21:24:45.247-0300] {logging_mixin.py:115} INFO - [2022-09-14T21:24:45.247-0300] {dag.py:2429} INFO - Sync 1 DAGs
[2022-09-14T21:24:45.265-0300] {logging_mixin.py:115} INFO - [2022-09-14T21:24:45.264-0300] {dag.py:2977} INFO - Setting next_dagrun for example_bash_operator to 2022-09-14T00:00:00+00:00, run_after=2022-09-15T00:00:00+00:00
[2022-09-14T21:24:45.280-0300] {processor.py:161} INFO - Processing /home/juliana/Área de Trabalho/datapipeline/.env/lib/python3.8/site-packages/airflow/example_dags/example_bash_operator.py took 0.078 seconds
[2022-09-14T21:25:22.420-0300] {processor.py:153} INFO - Started process (PID=21591) to work on /home/juliana/Área de Trabalho/datapipeline/.env/lib/python3.8/site-packages/airflow/example_dags/example_bash_operator.py
[2022-09-14T21:25:22.421-0300] {processor.py:640} INFO - Processing file /home/juliana/Área de Trabalho/datapipeline/.env/lib/python3.8/site-packages/airflow/example_dags/example_bash_operator.py for tasks to queue
[2022-09-14T21:25:22.422-0300] {logging_mixin.py:115} INFO - [2022-09-14T21:25:22.422-0300] {dagbag.py:508} INFO - Filling up the DagBag from /home/juliana/Área de Trabalho/datapipeline/.env/lib/python3.8/site-packages/airflow/example_dags/example_bash_operator.py
[2022-09-14T21:25:22.443-0300] {processor.py:650} INFO - DAG(s) dict_keys(['example_bash_operator']) retrieved from /home/juliana/Área de Trabalho/datapipeline/.env/lib/python3.8/site-packages/airflow/example_dags/example_bash_operator.py
[2022-09-14T21:25:22.467-0300] {logging_mixin.py:115} INFO - [2022-09-14T21:25:22.467-0300] {dag.py:2429} INFO - Sync 1 DAGs
[2022-09-14T21:25:22.486-0300] {logging_mixin.py:115} INFO - [2022-09-14T21:25:22.486-0300] {dag.py:2977} INFO - Setting next_dagrun for example_bash_operator to 2022-09-14T00:00:00+00:00, run_after=2022-09-15T00:00:00+00:00
[2022-09-14T21:25:22.504-0300] {processor.py:161} INFO - Processing /home/juliana/Área de Trabalho/datapipeline/.env/lib/python3.8/site-packages/airflow/example_dags/example_bash_operator.py took 0.090 seconds
[2022-09-14T21:25:56.252-0300] {processor.py:153} INFO - Started process (PID=21627) to work on /home/juliana/Área de Trabalho/datapipeline/.env/lib/python3.8/site-packages/airflow/example_dags/example_bash_operator.py
[2022-09-14T21:25:56.254-0300] {processor.py:640} INFO - Processing file /home/juliana/Área de Trabalho/datapipeline/.env/lib/python3.8/site-packages/airflow/example_dags/example_bash_operator.py for tasks to queue
[2022-09-14T21:25:56.256-0300] {logging_mixin.py:115} INFO - [2022-09-14T21:25:56.255-0300] {dagbag.py:508} INFO - Filling up the DagBag from /home/juliana/Área de Trabalho/datapipeline/.env/lib/python3.8/site-packages/airflow/example_dags/example_bash_operator.py
[2022-09-14T21:25:56.272-0300] {processor.py:650} INFO - DAG(s) dict_keys(['example_bash_operator']) retrieved from /home/juliana/Área de Trabalho/datapipeline/.env/lib/python3.8/site-packages/airflow/example_dags/example_bash_operator.py
[2022-09-14T21:25:56.294-0300] {logging_mixin.py:115} INFO - [2022-09-14T21:25:56.294-0300] {dag.py:2429} INFO - Sync 1 DAGs
[2022-09-14T21:25:56.310-0300] {logging_mixin.py:115} INFO - [2022-09-14T21:25:56.309-0300] {dag.py:2977} INFO - Setting next_dagrun for example_bash_operator to 2022-09-14T00:00:00+00:00, run_after=2022-09-15T00:00:00+00:00
[2022-09-14T21:25:56.331-0300] {processor.py:161} INFO - Processing /home/juliana/Área de Trabalho/datapipeline/.env/lib/python3.8/site-packages/airflow/example_dags/example_bash_operator.py took 0.085 seconds
[2022-09-14T21:26:29.699-0300] {processor.py:153} INFO - Started process (PID=21663) to work on /home/juliana/Área de Trabalho/datapipeline/.env/lib/python3.8/site-packages/airflow/example_dags/example_bash_operator.py
[2022-09-14T21:26:29.700-0300] {processor.py:640} INFO - Processing file /home/juliana/Área de Trabalho/datapipeline/.env/lib/python3.8/site-packages/airflow/example_dags/example_bash_operator.py for tasks to queue
[2022-09-14T21:26:29.701-0300] {logging_mixin.py:115} INFO - [2022-09-14T21:26:29.701-0300] {dagbag.py:508} INFO - Filling up the DagBag from /home/juliana/Área de Trabalho/datapipeline/.env/lib/python3.8/site-packages/airflow/example_dags/example_bash_operator.py
[2022-09-14T21:26:29.714-0300] {processor.py:650} INFO - DAG(s) dict_keys(['example_bash_operator']) retrieved from /home/juliana/Área de Trabalho/datapipeline/.env/lib/python3.8/site-packages/airflow/example_dags/example_bash_operator.py
[2022-09-14T21:26:29.733-0300] {logging_mixin.py:115} INFO - [2022-09-14T21:26:29.733-0300] {dag.py:2429} INFO - Sync 1 DAGs
[2022-09-14T21:26:29.751-0300] {logging_mixin.py:115} INFO - [2022-09-14T21:26:29.751-0300] {dag.py:2977} INFO - Setting next_dagrun for example_bash_operator to 2022-09-14T00:00:00+00:00, run_after=2022-09-15T00:00:00+00:00
[2022-09-14T21:26:29.766-0300] {processor.py:161} INFO - Processing /home/juliana/Área de Trabalho/datapipeline/.env/lib/python3.8/site-packages/airflow/example_dags/example_bash_operator.py took 0.070 seconds
[2022-09-14T21:27:08.623-0300] {processor.py:153} INFO - Started process (PID=21712) to work on /home/juliana/Área de Trabalho/datapipeline/.env/lib/python3.8/site-packages/airflow/example_dags/example_bash_operator.py
[2022-09-14T21:27:08.625-0300] {processor.py:640} INFO - Processing file /home/juliana/Área de Trabalho/datapipeline/.env/lib/python3.8/site-packages/airflow/example_dags/example_bash_operator.py for tasks to queue
[2022-09-14T21:27:08.626-0300] {logging_mixin.py:115} INFO - [2022-09-14T21:27:08.626-0300] {dagbag.py:508} INFO - Filling up the DagBag from /home/juliana/Área de Trabalho/datapipeline/.env/lib/python3.8/site-packages/airflow/example_dags/example_bash_operator.py
[2022-09-14T21:27:08.657-0300] {processor.py:650} INFO - DAG(s) dict_keys(['example_bash_operator']) retrieved from /home/juliana/Área de Trabalho/datapipeline/.env/lib/python3.8/site-packages/airflow/example_dags/example_bash_operator.py
[2022-09-14T21:27:08.679-0300] {logging_mixin.py:115} INFO - [2022-09-14T21:27:08.678-0300] {dag.py:2429} INFO - Sync 1 DAGs
[2022-09-14T21:27:08.698-0300] {logging_mixin.py:115} INFO - [2022-09-14T21:27:08.698-0300] {dag.py:2977} INFO - Setting next_dagrun for example_bash_operator to 2022-09-14T00:00:00+00:00, run_after=2022-09-15T00:00:00+00:00
[2022-09-14T21:27:08.715-0300] {processor.py:161} INFO - Processing /home/juliana/Área de Trabalho/datapipeline/.env/lib/python3.8/site-packages/airflow/example_dags/example_bash_operator.py took 0.097 seconds
[2022-09-14T21:36:56.328-0300] {processor.py:153} INFO - Started process (PID=21928) to work on /home/juliana/Área de Trabalho/datapipeline/.env/lib/python3.8/site-packages/airflow/example_dags/example_bash_operator.py
[2022-09-14T21:36:56.337-0300] {processor.py:640} INFO - Processing file /home/juliana/Área de Trabalho/datapipeline/.env/lib/python3.8/site-packages/airflow/example_dags/example_bash_operator.py for tasks to queue
[2022-09-14T21:36:56.339-0300] {logging_mixin.py:115} INFO - [2022-09-14T21:36:56.338-0300] {dagbag.py:508} INFO - Filling up the DagBag from /home/juliana/Área de Trabalho/datapipeline/.env/lib/python3.8/site-packages/airflow/example_dags/example_bash_operator.py
[2022-09-14T21:36:56.801-0300] {processor.py:650} INFO - DAG(s) dict_keys(['example_bash_operator']) retrieved from /home/juliana/Área de Trabalho/datapipeline/.env/lib/python3.8/site-packages/airflow/example_dags/example_bash_operator.py
[2022-09-14T21:36:59.635-0300] {logging_mixin.py:115} INFO - [2022-09-14T21:36:59.130-0300] {dag.py:2429} INFO - Sync 1 DAGs
[2022-09-14T21:37:17.230-0300] {logging_mixin.py:115} INFO - [2022-09-14T21:37:15.836-0300] {dag.py:2977} INFO - Setting next_dagrun for example_bash_operator to 2022-09-14T00:00:00+00:00, run_after=2022-09-15T00:00:00+00:00
[2022-09-14T21:37:30.978-0300] {processor.py:161} INFO - Processing /home/juliana/Área de Trabalho/datapipeline/.env/lib/python3.8/site-packages/airflow/example_dags/example_bash_operator.py took 34.613 seconds
[2022-09-15T13:35:56.811-0300] {processor.py:153} INFO - Started process (PID=7387) to work on /home/juliana/Área de Trabalho/datapipeline/.env/lib/python3.8/site-packages/airflow/example_dags/example_bash_operator.py
[2022-09-15T13:35:56.817-0300] {processor.py:640} INFO - Processing file /home/juliana/Área de Trabalho/datapipeline/.env/lib/python3.8/site-packages/airflow/example_dags/example_bash_operator.py for tasks to queue
[2022-09-15T13:35:56.818-0300] {logging_mixin.py:115} INFO - [2022-09-15T13:35:56.818-0300] {dagbag.py:508} INFO - Filling up the DagBag from /home/juliana/Área de Trabalho/datapipeline/.env/lib/python3.8/site-packages/airflow/example_dags/example_bash_operator.py
[2022-09-15T13:35:56.850-0300] {processor.py:650} INFO - DAG(s) dict_keys(['example_bash_operator']) retrieved from /home/juliana/Área de Trabalho/datapipeline/.env/lib/python3.8/site-packages/airflow/example_dags/example_bash_operator.py
[2022-09-15T13:35:56.911-0300] {logging_mixin.py:115} INFO - [2022-09-15T13:35:56.911-0300] {dag.py:2429} INFO - Sync 1 DAGs
[2022-09-15T13:35:56.934-0300] {logging_mixin.py:115} INFO - [2022-09-15T13:35:56.933-0300] {dag.py:2977} INFO - Setting next_dagrun for example_bash_operator to 2022-09-14T00:00:00+00:00, run_after=2022-09-15T00:00:00+00:00
[2022-09-15T13:35:56.956-0300] {processor.py:161} INFO - Processing /home/juliana/Área de Trabalho/datapipeline/.env/lib/python3.8/site-packages/airflow/example_dags/example_bash_operator.py took 0.149 seconds
[2022-09-15T13:36:45.105-0300] {processor.py:153} INFO - Started process (PID=7563) to work on /home/juliana/Área de Trabalho/datapipeline/.env/lib/python3.8/site-packages/airflow/example_dags/example_bash_operator.py
[2022-09-15T13:36:45.112-0300] {processor.py:640} INFO - Processing file /home/juliana/Área de Trabalho/datapipeline/.env/lib/python3.8/site-packages/airflow/example_dags/example_bash_operator.py for tasks to queue
[2022-09-15T13:36:45.114-0300] {logging_mixin.py:115} INFO - [2022-09-15T13:36:45.113-0300] {dagbag.py:508} INFO - Filling up the DagBag from /home/juliana/Área de Trabalho/datapipeline/.env/lib/python3.8/site-packages/airflow/example_dags/example_bash_operator.py
[2022-09-15T13:36:45.132-0300] {processor.py:650} INFO - DAG(s) dict_keys(['example_bash_operator']) retrieved from /home/juliana/Área de Trabalho/datapipeline/.env/lib/python3.8/site-packages/airflow/example_dags/example_bash_operator.py
[2022-09-15T13:36:45.159-0300] {logging_mixin.py:115} INFO - [2022-09-15T13:36:45.158-0300] {dag.py:2429} INFO - Sync 1 DAGs
[2022-09-15T13:36:45.176-0300] {logging_mixin.py:115} INFO - [2022-09-15T13:36:45.176-0300] {dag.py:2977} INFO - Setting next_dagrun for example_bash_operator to 2022-09-14T00:00:00+00:00, run_after=2022-09-15T00:00:00+00:00
[2022-09-15T13:36:45.247-0300] {processor.py:161} INFO - Processing /home/juliana/Área de Trabalho/datapipeline/.env/lib/python3.8/site-packages/airflow/example_dags/example_bash_operator.py took 0.149 seconds
[2022-09-15T13:37:26.028-0300] {processor.py:153} INFO - Started process (PID=7710) to work on /home/juliana/Área de Trabalho/datapipeline/.env/lib/python3.8/site-packages/airflow/example_dags/example_bash_operator.py
[2022-09-15T13:37:26.036-0300] {processor.py:640} INFO - Processing file /home/juliana/Área de Trabalho/datapipeline/.env/lib/python3.8/site-packages/airflow/example_dags/example_bash_operator.py for tasks to queue
[2022-09-15T13:37:26.037-0300] {logging_mixin.py:115} INFO - [2022-09-15T13:37:26.037-0300] {dagbag.py:508} INFO - Filling up the DagBag from /home/juliana/Área de Trabalho/datapipeline/.env/lib/python3.8/site-packages/airflow/example_dags/example_bash_operator.py
[2022-09-15T13:37:26.072-0300] {processor.py:650} INFO - DAG(s) dict_keys(['example_bash_operator']) retrieved from /home/juliana/Área de Trabalho/datapipeline/.env/lib/python3.8/site-packages/airflow/example_dags/example_bash_operator.py
[2022-09-15T13:37:26.112-0300] {logging_mixin.py:115} INFO - [2022-09-15T13:37:26.112-0300] {dag.py:2429} INFO - Sync 1 DAGs
[2022-09-15T13:37:26.140-0300] {logging_mixin.py:115} INFO - [2022-09-15T13:37:26.140-0300] {dag.py:2977} INFO - Setting next_dagrun for example_bash_operator to 2022-09-14T00:00:00+00:00, run_after=2022-09-15T00:00:00+00:00
[2022-09-15T13:37:26.165-0300] {processor.py:161} INFO - Processing /home/juliana/Área de Trabalho/datapipeline/.env/lib/python3.8/site-packages/airflow/example_dags/example_bash_operator.py took 0.142 seconds
[2022-09-15T13:38:10.341-0300] {processor.py:153} INFO - Started process (PID=7865) to work on /home/juliana/Área de Trabalho/datapipeline/.env/lib/python3.8/site-packages/airflow/example_dags/example_bash_operator.py
[2022-09-15T13:38:10.348-0300] {processor.py:640} INFO - Processing file /home/juliana/Área de Trabalho/datapipeline/.env/lib/python3.8/site-packages/airflow/example_dags/example_bash_operator.py for tasks to queue
[2022-09-15T13:38:10.349-0300] {logging_mixin.py:115} INFO - [2022-09-15T13:38:10.349-0300] {dagbag.py:508} INFO - Filling up the DagBag from /home/juliana/Área de Trabalho/datapipeline/.env/lib/python3.8/site-packages/airflow/example_dags/example_bash_operator.py
[2022-09-15T13:38:10.376-0300] {processor.py:650} INFO - DAG(s) dict_keys(['example_bash_operator']) retrieved from /home/juliana/Área de Trabalho/datapipeline/.env/lib/python3.8/site-packages/airflow/example_dags/example_bash_operator.py
[2022-09-15T13:38:10.441-0300] {logging_mixin.py:115} INFO - [2022-09-15T13:38:10.440-0300] {dag.py:2429} INFO - Sync 1 DAGs
[2022-09-15T13:38:10.487-0300] {logging_mixin.py:115} INFO - [2022-09-15T13:38:10.487-0300] {dag.py:2977} INFO - Setting next_dagrun for example_bash_operator to 2022-09-14T00:00:00+00:00, run_after=2022-09-15T00:00:00+00:00
[2022-09-15T13:38:10.513-0300] {processor.py:161} INFO - Processing /home/juliana/Área de Trabalho/datapipeline/.env/lib/python3.8/site-packages/airflow/example_dags/example_bash_operator.py took 0.183 seconds
[2022-09-15T13:38:59.391-0300] {processor.py:153} INFO - Started process (PID=8028) to work on /home/juliana/Área de Trabalho/datapipeline/.env/lib/python3.8/site-packages/airflow/example_dags/example_bash_operator.py
[2022-09-15T13:38:59.393-0300] {processor.py:640} INFO - Processing file /home/juliana/Área de Trabalho/datapipeline/.env/lib/python3.8/site-packages/airflow/example_dags/example_bash_operator.py for tasks to queue
[2022-09-15T13:38:59.395-0300] {logging_mixin.py:115} INFO - [2022-09-15T13:38:59.394-0300] {dagbag.py:508} INFO - Filling up the DagBag from /home/juliana/Área de Trabalho/datapipeline/.env/lib/python3.8/site-packages/airflow/example_dags/example_bash_operator.py
[2022-09-15T13:38:59.412-0300] {processor.py:650} INFO - DAG(s) dict_keys(['example_bash_operator']) retrieved from /home/juliana/Área de Trabalho/datapipeline/.env/lib/python3.8/site-packages/airflow/example_dags/example_bash_operator.py
[2022-09-15T13:38:59.443-0300] {logging_mixin.py:115} INFO - [2022-09-15T13:38:59.443-0300] {dag.py:2429} INFO - Sync 1 DAGs
[2022-09-15T13:38:59.460-0300] {logging_mixin.py:115} INFO - [2022-09-15T13:38:59.459-0300] {dag.py:2977} INFO - Setting next_dagrun for example_bash_operator to 2022-09-14T00:00:00+00:00, run_after=2022-09-15T00:00:00+00:00
[2022-09-15T13:38:59.477-0300] {processor.py:161} INFO - Processing /home/juliana/Área de Trabalho/datapipeline/.env/lib/python3.8/site-packages/airflow/example_dags/example_bash_operator.py took 0.091 seconds
[2022-09-15T13:39:39.606-0300] {processor.py:153} INFO - Started process (PID=8165) to work on /home/juliana/Área de Trabalho/datapipeline/.env/lib/python3.8/site-packages/airflow/example_dags/example_bash_operator.py
[2022-09-15T13:39:39.612-0300] {processor.py:640} INFO - Processing file /home/juliana/Área de Trabalho/datapipeline/.env/lib/python3.8/site-packages/airflow/example_dags/example_bash_operator.py for tasks to queue
[2022-09-15T13:39:39.614-0300] {logging_mixin.py:115} INFO - [2022-09-15T13:39:39.614-0300] {dagbag.py:508} INFO - Filling up the DagBag from /home/juliana/Área de Trabalho/datapipeline/.env/lib/python3.8/site-packages/airflow/example_dags/example_bash_operator.py
[2022-09-15T13:39:39.640-0300] {processor.py:650} INFO - DAG(s) dict_keys(['example_bash_operator']) retrieved from /home/juliana/Área de Trabalho/datapipeline/.env/lib/python3.8/site-packages/airflow/example_dags/example_bash_operator.py
[2022-09-15T13:39:39.670-0300] {logging_mixin.py:115} INFO - [2022-09-15T13:39:39.670-0300] {dag.py:2429} INFO - Sync 1 DAGs
[2022-09-15T13:39:39.687-0300] {logging_mixin.py:115} INFO - [2022-09-15T13:39:39.687-0300] {dag.py:2977} INFO - Setting next_dagrun for example_bash_operator to 2022-09-14T00:00:00+00:00, run_after=2022-09-15T00:00:00+00:00
[2022-09-15T13:39:39.704-0300] {processor.py:161} INFO - Processing /home/juliana/Área de Trabalho/datapipeline/.env/lib/python3.8/site-packages/airflow/example_dags/example_bash_operator.py took 0.103 seconds
[2022-09-15T13:40:28.315-0300] {processor.py:153} INFO - Started process (PID=8337) to work on /home/juliana/Área de Trabalho/datapipeline/.env/lib/python3.8/site-packages/airflow/example_dags/example_bash_operator.py
[2022-09-15T13:40:28.321-0300] {processor.py:640} INFO - Processing file /home/juliana/Área de Trabalho/datapipeline/.env/lib/python3.8/site-packages/airflow/example_dags/example_bash_operator.py for tasks to queue
[2022-09-15T13:40:28.321-0300] {logging_mixin.py:115} INFO - [2022-09-15T13:40:28.321-0300] {dagbag.py:508} INFO - Filling up the DagBag from /home/juliana/Área de Trabalho/datapipeline/.env/lib/python3.8/site-packages/airflow/example_dags/example_bash_operator.py
[2022-09-15T13:40:28.350-0300] {processor.py:650} INFO - DAG(s) dict_keys(['example_bash_operator']) retrieved from /home/juliana/Área de Trabalho/datapipeline/.env/lib/python3.8/site-packages/airflow/example_dags/example_bash_operator.py
[2022-09-15T13:40:28.392-0300] {logging_mixin.py:115} INFO - [2022-09-15T13:40:28.387-0300] {dag.py:2429} INFO - Sync 1 DAGs
[2022-09-15T13:40:28.411-0300] {logging_mixin.py:115} INFO - [2022-09-15T13:40:28.411-0300] {dag.py:2977} INFO - Setting next_dagrun for example_bash_operator to 2022-09-14T00:00:00+00:00, run_after=2022-09-15T00:00:00+00:00
[2022-09-15T13:40:28.433-0300] {processor.py:161} INFO - Processing /home/juliana/Área de Trabalho/datapipeline/.env/lib/python3.8/site-packages/airflow/example_dags/example_bash_operator.py took 0.124 seconds
[2022-09-15T13:41:12.691-0300] {processor.py:153} INFO - Started process (PID=8501) to work on /home/juliana/Área de Trabalho/datapipeline/.env/lib/python3.8/site-packages/airflow/example_dags/example_bash_operator.py
[2022-09-15T13:41:12.698-0300] {processor.py:640} INFO - Processing file /home/juliana/Área de Trabalho/datapipeline/.env/lib/python3.8/site-packages/airflow/example_dags/example_bash_operator.py for tasks to queue
[2022-09-15T13:41:12.699-0300] {logging_mixin.py:115} INFO - [2022-09-15T13:41:12.698-0300] {dagbag.py:508} INFO - Filling up the DagBag from /home/juliana/Área de Trabalho/datapipeline/.env/lib/python3.8/site-packages/airflow/example_dags/example_bash_operator.py
[2022-09-15T13:41:12.714-0300] {processor.py:650} INFO - DAG(s) dict_keys(['example_bash_operator']) retrieved from /home/juliana/Área de Trabalho/datapipeline/.env/lib/python3.8/site-packages/airflow/example_dags/example_bash_operator.py
[2022-09-15T13:41:12.757-0300] {logging_mixin.py:115} INFO - [2022-09-15T13:41:12.757-0300] {dag.py:2429} INFO - Sync 1 DAGs
[2022-09-15T13:41:12.774-0300] {logging_mixin.py:115} INFO - [2022-09-15T13:41:12.774-0300] {dag.py:2977} INFO - Setting next_dagrun for example_bash_operator to 2022-09-14T00:00:00+00:00, run_after=2022-09-15T00:00:00+00:00
[2022-09-15T13:41:12.793-0300] {processor.py:161} INFO - Processing /home/juliana/Área de Trabalho/datapipeline/.env/lib/python3.8/site-packages/airflow/example_dags/example_bash_operator.py took 0.111 seconds
[2022-09-15T13:41:52.627-0300] {processor.py:153} INFO - Started process (PID=8649) to work on /home/juliana/Área de Trabalho/datapipeline/.env/lib/python3.8/site-packages/airflow/example_dags/example_bash_operator.py
[2022-09-15T13:41:52.635-0300] {processor.py:640} INFO - Processing file /home/juliana/Área de Trabalho/datapipeline/.env/lib/python3.8/site-packages/airflow/example_dags/example_bash_operator.py for tasks to queue
[2022-09-15T13:41:52.636-0300] {logging_mixin.py:115} INFO - [2022-09-15T13:41:52.635-0300] {dagbag.py:508} INFO - Filling up the DagBag from /home/juliana/Área de Trabalho/datapipeline/.env/lib/python3.8/site-packages/airflow/example_dags/example_bash_operator.py
[2022-09-15T13:41:52.672-0300] {processor.py:650} INFO - DAG(s) dict_keys(['example_bash_operator']) retrieved from /home/juliana/Área de Trabalho/datapipeline/.env/lib/python3.8/site-packages/airflow/example_dags/example_bash_operator.py
[2022-09-15T13:41:52.748-0300] {logging_mixin.py:115} INFO - [2022-09-15T13:41:52.747-0300] {dag.py:2429} INFO - Sync 1 DAGs
[2022-09-15T13:41:52.769-0300] {logging_mixin.py:115} INFO - [2022-09-15T13:41:52.769-0300] {dag.py:2977} INFO - Setting next_dagrun for example_bash_operator to 2022-09-14T00:00:00+00:00, run_after=2022-09-15T00:00:00+00:00
[2022-09-15T13:41:52.791-0300] {processor.py:161} INFO - Processing /home/juliana/Área de Trabalho/datapipeline/.env/lib/python3.8/site-packages/airflow/example_dags/example_bash_operator.py took 0.178 seconds
[2022-09-15T13:42:42.186-0300] {processor.py:153} INFO - Started process (PID=8825) to work on /home/juliana/Área de Trabalho/datapipeline/.env/lib/python3.8/site-packages/airflow/example_dags/example_bash_operator.py
[2022-09-15T13:42:42.191-0300] {processor.py:640} INFO - Processing file /home/juliana/Área de Trabalho/datapipeline/.env/lib/python3.8/site-packages/airflow/example_dags/example_bash_operator.py for tasks to queue
[2022-09-15T13:42:42.192-0300] {logging_mixin.py:115} INFO - [2022-09-15T13:42:42.192-0300] {dagbag.py:508} INFO - Filling up the DagBag from /home/juliana/Área de Trabalho/datapipeline/.env/lib/python3.8/site-packages/airflow/example_dags/example_bash_operator.py
[2022-09-15T13:42:42.257-0300] {processor.py:650} INFO - DAG(s) dict_keys(['example_bash_operator']) retrieved from /home/juliana/Área de Trabalho/datapipeline/.env/lib/python3.8/site-packages/airflow/example_dags/example_bash_operator.py
[2022-09-15T13:42:42.287-0300] {logging_mixin.py:115} INFO - [2022-09-15T13:42:42.287-0300] {dag.py:2429} INFO - Sync 1 DAGs
[2022-09-15T13:42:42.312-0300] {logging_mixin.py:115} INFO - [2022-09-15T13:42:42.311-0300] {dag.py:2977} INFO - Setting next_dagrun for example_bash_operator to 2022-09-14T00:00:00+00:00, run_after=2022-09-15T00:00:00+00:00
[2022-09-15T13:42:42.548-0300] {processor.py:161} INFO - Processing /home/juliana/Área de Trabalho/datapipeline/.env/lib/python3.8/site-packages/airflow/example_dags/example_bash_operator.py took 0.375 seconds
