[2022-09-14T21:00:13.837-0300] {processor.py:153} INFO - Started process (PID=19978) to work on /home/juliana/Área de Trabalho/datapipeline/.env/lib/python3.8/site-packages/airflow/example_dags/tutorial.py
[2022-09-14T21:00:13.838-0300] {processor.py:640} INFO - Processing file /home/juliana/Área de Trabalho/datapipeline/.env/lib/python3.8/site-packages/airflow/example_dags/tutorial.py for tasks to queue
[2022-09-14T21:00:13.839-0300] {logging_mixin.py:115} INFO - [2022-09-14T21:00:13.838-0300] {dagbag.py:508} INFO - Filling up the DagBag from /home/juliana/Área de Trabalho/datapipeline/.env/lib/python3.8/site-packages/airflow/example_dags/tutorial.py
[2022-09-14T21:00:13.845-0300] {processor.py:650} INFO - DAG(s) dict_keys(['tutorial']) retrieved from /home/juliana/Área de Trabalho/datapipeline/.env/lib/python3.8/site-packages/airflow/example_dags/tutorial.py
[2022-09-14T21:00:13.862-0300] {logging_mixin.py:115} INFO - [2022-09-14T21:00:13.862-0300] {dag.py:2429} INFO - Sync 1 DAGs
[2022-09-14T21:00:13.878-0300] {logging_mixin.py:115} INFO - [2022-09-14T21:00:13.878-0300] {dag.py:2977} INFO - Setting next_dagrun for tutorial to 2022-09-14T00:00:13.878422+00:00, run_after=2022-09-15T00:00:13.878422+00:00
[2022-09-14T21:00:13.898-0300] {processor.py:161} INFO - Processing /home/juliana/Área de Trabalho/datapipeline/.env/lib/python3.8/site-packages/airflow/example_dags/tutorial.py took 0.065 seconds
[2022-09-14T21:00:47.283-0300] {processor.py:153} INFO - Started process (PID=20012) to work on /home/juliana/Área de Trabalho/datapipeline/.env/lib/python3.8/site-packages/airflow/example_dags/tutorial.py
[2022-09-14T21:00:47.284-0300] {processor.py:640} INFO - Processing file /home/juliana/Área de Trabalho/datapipeline/.env/lib/python3.8/site-packages/airflow/example_dags/tutorial.py for tasks to queue
[2022-09-14T21:00:47.284-0300] {logging_mixin.py:115} INFO - [2022-09-14T21:00:47.284-0300] {dagbag.py:508} INFO - Filling up the DagBag from /home/juliana/Área de Trabalho/datapipeline/.env/lib/python3.8/site-packages/airflow/example_dags/tutorial.py
[2022-09-14T21:00:47.289-0300] {processor.py:650} INFO - DAG(s) dict_keys(['tutorial']) retrieved from /home/juliana/Área de Trabalho/datapipeline/.env/lib/python3.8/site-packages/airflow/example_dags/tutorial.py
[2022-09-14T21:00:47.303-0300] {logging_mixin.py:115} INFO - [2022-09-14T21:00:47.303-0300] {dag.py:2429} INFO - Sync 1 DAGs
[2022-09-14T21:00:47.321-0300] {logging_mixin.py:115} INFO - [2022-09-14T21:00:47.321-0300] {dag.py:2977} INFO - Setting next_dagrun for tutorial to 2022-09-14T00:00:47.321540+00:00, run_after=2022-09-15T00:00:47.321540+00:00
[2022-09-14T21:00:47.343-0300] {processor.py:161} INFO - Processing /home/juliana/Área de Trabalho/datapipeline/.env/lib/python3.8/site-packages/airflow/example_dags/tutorial.py took 0.062 seconds
[2022-09-14T21:01:18.991-0300] {processor.py:153} INFO - Started process (PID=20045) to work on /home/juliana/Área de Trabalho/datapipeline/.env/lib/python3.8/site-packages/airflow/example_dags/tutorial.py
[2022-09-14T21:01:18.992-0300] {processor.py:640} INFO - Processing file /home/juliana/Área de Trabalho/datapipeline/.env/lib/python3.8/site-packages/airflow/example_dags/tutorial.py for tasks to queue
[2022-09-14T21:01:18.993-0300] {logging_mixin.py:115} INFO - [2022-09-14T21:01:18.993-0300] {dagbag.py:508} INFO - Filling up the DagBag from /home/juliana/Área de Trabalho/datapipeline/.env/lib/python3.8/site-packages/airflow/example_dags/tutorial.py
[2022-09-14T21:01:19.002-0300] {processor.py:650} INFO - DAG(s) dict_keys(['tutorial']) retrieved from /home/juliana/Área de Trabalho/datapipeline/.env/lib/python3.8/site-packages/airflow/example_dags/tutorial.py
[2022-09-14T21:01:19.021-0300] {logging_mixin.py:115} INFO - [2022-09-14T21:01:19.021-0300] {dag.py:2429} INFO - Sync 1 DAGs
[2022-09-14T21:01:19.038-0300] {logging_mixin.py:115} INFO - [2022-09-14T21:01:19.038-0300] {dag.py:2977} INFO - Setting next_dagrun for tutorial to 2022-09-14T00:01:19.038049+00:00, run_after=2022-09-15T00:01:19.038049+00:00
[2022-09-14T21:01:19.059-0300] {processor.py:161} INFO - Processing /home/juliana/Área de Trabalho/datapipeline/.env/lib/python3.8/site-packages/airflow/example_dags/tutorial.py took 0.074 seconds
[2022-09-14T21:01:52.053-0300] {processor.py:153} INFO - Started process (PID=20079) to work on /home/juliana/Área de Trabalho/datapipeline/.env/lib/python3.8/site-packages/airflow/example_dags/tutorial.py
[2022-09-14T21:01:52.055-0300] {processor.py:640} INFO - Processing file /home/juliana/Área de Trabalho/datapipeline/.env/lib/python3.8/site-packages/airflow/example_dags/tutorial.py for tasks to queue
[2022-09-14T21:01:52.056-0300] {logging_mixin.py:115} INFO - [2022-09-14T21:01:52.056-0300] {dagbag.py:508} INFO - Filling up the DagBag from /home/juliana/Área de Trabalho/datapipeline/.env/lib/python3.8/site-packages/airflow/example_dags/tutorial.py
[2022-09-14T21:01:52.071-0300] {processor.py:650} INFO - DAG(s) dict_keys(['tutorial']) retrieved from /home/juliana/Área de Trabalho/datapipeline/.env/lib/python3.8/site-packages/airflow/example_dags/tutorial.py
[2022-09-14T21:01:52.089-0300] {logging_mixin.py:115} INFO - [2022-09-14T21:01:52.089-0300] {dag.py:2429} INFO - Sync 1 DAGs
[2022-09-14T21:01:52.106-0300] {logging_mixin.py:115} INFO - [2022-09-14T21:01:52.105-0300] {dag.py:2977} INFO - Setting next_dagrun for tutorial to 2022-09-14T00:01:52.105676+00:00, run_after=2022-09-15T00:01:52.105676+00:00
[2022-09-14T21:01:52.123-0300] {processor.py:161} INFO - Processing /home/juliana/Área de Trabalho/datapipeline/.env/lib/python3.8/site-packages/airflow/example_dags/tutorial.py took 0.077 seconds
[2022-09-14T21:02:26.718-0300] {processor.py:153} INFO - Started process (PID=20136) to work on /home/juliana/Área de Trabalho/datapipeline/.env/lib/python3.8/site-packages/airflow/example_dags/tutorial.py
[2022-09-14T21:02:26.722-0300] {processor.py:640} INFO - Processing file /home/juliana/Área de Trabalho/datapipeline/.env/lib/python3.8/site-packages/airflow/example_dags/tutorial.py for tasks to queue
[2022-09-14T21:02:26.723-0300] {logging_mixin.py:115} INFO - [2022-09-14T21:02:26.723-0300] {dagbag.py:508} INFO - Filling up the DagBag from /home/juliana/Área de Trabalho/datapipeline/.env/lib/python3.8/site-packages/airflow/example_dags/tutorial.py
[2022-09-14T21:02:26.759-0300] {processor.py:650} INFO - DAG(s) dict_keys(['tutorial']) retrieved from /home/juliana/Área de Trabalho/datapipeline/.env/lib/python3.8/site-packages/airflow/example_dags/tutorial.py
[2022-09-14T21:02:26.801-0300] {logging_mixin.py:115} INFO - [2022-09-14T21:02:26.800-0300] {dag.py:2429} INFO - Sync 1 DAGs
[2022-09-14T21:02:26.853-0300] {logging_mixin.py:115} INFO - [2022-09-14T21:02:26.853-0300] {dag.py:2977} INFO - Setting next_dagrun for tutorial to 2022-09-14T00:02:26.851020+00:00, run_after=2022-09-15T00:02:26.851020+00:00
[2022-09-14T21:02:26.891-0300] {processor.py:161} INFO - Processing /home/juliana/Área de Trabalho/datapipeline/.env/lib/python3.8/site-packages/airflow/example_dags/tutorial.py took 0.182 seconds
[2022-09-14T21:03:29.580-0300] {processor.py:153} INFO - Started process (PID=20195) to work on /home/juliana/Área de Trabalho/datapipeline/.env/lib/python3.8/site-packages/airflow/example_dags/tutorial.py
[2022-09-14T21:03:29.581-0300] {processor.py:640} INFO - Processing file /home/juliana/Área de Trabalho/datapipeline/.env/lib/python3.8/site-packages/airflow/example_dags/tutorial.py for tasks to queue
[2022-09-14T21:03:29.582-0300] {logging_mixin.py:115} INFO - [2022-09-14T21:03:29.582-0300] {dagbag.py:508} INFO - Filling up the DagBag from /home/juliana/Área de Trabalho/datapipeline/.env/lib/python3.8/site-packages/airflow/example_dags/tutorial.py
[2022-09-14T21:03:29.600-0300] {processor.py:650} INFO - DAG(s) dict_keys(['tutorial']) retrieved from /home/juliana/Área de Trabalho/datapipeline/.env/lib/python3.8/site-packages/airflow/example_dags/tutorial.py
[2022-09-14T21:03:29.619-0300] {logging_mixin.py:115} INFO - [2022-09-14T21:03:29.619-0300] {dag.py:2429} INFO - Sync 1 DAGs
[2022-09-14T21:03:29.640-0300] {logging_mixin.py:115} INFO - [2022-09-14T21:03:29.640-0300] {dag.py:2977} INFO - Setting next_dagrun for tutorial to 2022-09-14T00:03:29.636820+00:00, run_after=2022-09-15T00:03:29.636820+00:00
[2022-09-14T21:03:29.659-0300] {processor.py:161} INFO - Processing /home/juliana/Área de Trabalho/datapipeline/.env/lib/python3.8/site-packages/airflow/example_dags/tutorial.py took 0.083 seconds
[2022-09-14T21:04:07.333-0300] {processor.py:153} INFO - Started process (PID=20229) to work on /home/juliana/Área de Trabalho/datapipeline/.env/lib/python3.8/site-packages/airflow/example_dags/tutorial.py
[2022-09-14T21:04:07.335-0300] {processor.py:640} INFO - Processing file /home/juliana/Área de Trabalho/datapipeline/.env/lib/python3.8/site-packages/airflow/example_dags/tutorial.py for tasks to queue
[2022-09-14T21:04:07.336-0300] {logging_mixin.py:115} INFO - [2022-09-14T21:04:07.336-0300] {dagbag.py:508} INFO - Filling up the DagBag from /home/juliana/Área de Trabalho/datapipeline/.env/lib/python3.8/site-packages/airflow/example_dags/tutorial.py
[2022-09-14T21:04:07.352-0300] {processor.py:650} INFO - DAG(s) dict_keys(['tutorial']) retrieved from /home/juliana/Área de Trabalho/datapipeline/.env/lib/python3.8/site-packages/airflow/example_dags/tutorial.py
[2022-09-14T21:04:07.376-0300] {logging_mixin.py:115} INFO - [2022-09-14T21:04:07.376-0300] {dag.py:2429} INFO - Sync 1 DAGs
[2022-09-14T21:04:07.396-0300] {logging_mixin.py:115} INFO - [2022-09-14T21:04:07.396-0300] {dag.py:2977} INFO - Setting next_dagrun for tutorial to 2022-09-14T00:04:07.392200+00:00, run_after=2022-09-15T00:04:07.392200+00:00
[2022-09-14T21:04:07.413-0300] {processor.py:161} INFO - Processing /home/juliana/Área de Trabalho/datapipeline/.env/lib/python3.8/site-packages/airflow/example_dags/tutorial.py took 0.085 seconds
[2022-09-14T21:04:43.129-0300] {processor.py:153} INFO - Started process (PID=20261) to work on /home/juliana/Área de Trabalho/datapipeline/.env/lib/python3.8/site-packages/airflow/example_dags/tutorial.py
[2022-09-14T21:04:43.131-0300] {processor.py:640} INFO - Processing file /home/juliana/Área de Trabalho/datapipeline/.env/lib/python3.8/site-packages/airflow/example_dags/tutorial.py for tasks to queue
[2022-09-14T21:04:43.132-0300] {logging_mixin.py:115} INFO - [2022-09-14T21:04:43.132-0300] {dagbag.py:508} INFO - Filling up the DagBag from /home/juliana/Área de Trabalho/datapipeline/.env/lib/python3.8/site-packages/airflow/example_dags/tutorial.py
[2022-09-14T21:04:43.156-0300] {processor.py:650} INFO - DAG(s) dict_keys(['tutorial']) retrieved from /home/juliana/Área de Trabalho/datapipeline/.env/lib/python3.8/site-packages/airflow/example_dags/tutorial.py
[2022-09-14T21:04:43.190-0300] {logging_mixin.py:115} INFO - [2022-09-14T21:04:43.190-0300] {dag.py:2429} INFO - Sync 1 DAGs
[2022-09-14T21:04:43.222-0300] {logging_mixin.py:115} INFO - [2022-09-14T21:04:43.221-0300] {dag.py:2977} INFO - Setting next_dagrun for tutorial to 2022-09-14T00:04:43.220481+00:00, run_after=2022-09-15T00:04:43.220481+00:00
[2022-09-14T21:04:43.251-0300] {processor.py:161} INFO - Processing /home/juliana/Área de Trabalho/datapipeline/.env/lib/python3.8/site-packages/airflow/example_dags/tutorial.py took 0.126 seconds
[2022-09-14T21:06:04.870-0300] {processor.py:153} INFO - Started process (PID=20306) to work on /home/juliana/Área de Trabalho/datapipeline/.env/lib/python3.8/site-packages/airflow/example_dags/tutorial.py
[2022-09-14T21:06:04.871-0300] {processor.py:640} INFO - Processing file /home/juliana/Área de Trabalho/datapipeline/.env/lib/python3.8/site-packages/airflow/example_dags/tutorial.py for tasks to queue
[2022-09-14T21:06:04.872-0300] {logging_mixin.py:115} INFO - [2022-09-14T21:06:04.872-0300] {dagbag.py:508} INFO - Filling up the DagBag from /home/juliana/Área de Trabalho/datapipeline/.env/lib/python3.8/site-packages/airflow/example_dags/tutorial.py
[2022-09-14T21:06:04.886-0300] {processor.py:650} INFO - DAG(s) dict_keys(['tutorial']) retrieved from /home/juliana/Área de Trabalho/datapipeline/.env/lib/python3.8/site-packages/airflow/example_dags/tutorial.py
[2022-09-14T21:06:04.905-0300] {logging_mixin.py:115} INFO - [2022-09-14T21:06:04.904-0300] {dag.py:2429} INFO - Sync 1 DAGs
[2022-09-14T21:06:04.922-0300] {logging_mixin.py:115} INFO - [2022-09-14T21:06:04.921-0300] {dag.py:2977} INFO - Setting next_dagrun for tutorial to 2022-09-14T00:06:04.921666+00:00, run_after=2022-09-15T00:06:04.921666+00:00
[2022-09-14T21:06:04.937-0300] {processor.py:161} INFO - Processing /home/juliana/Área de Trabalho/datapipeline/.env/lib/python3.8/site-packages/airflow/example_dags/tutorial.py took 0.072 seconds
[2022-09-14T21:06:38.839-0300] {processor.py:153} INFO - Started process (PID=20341) to work on /home/juliana/Área de Trabalho/datapipeline/.env/lib/python3.8/site-packages/airflow/example_dags/tutorial.py
[2022-09-14T21:06:38.840-0300] {processor.py:640} INFO - Processing file /home/juliana/Área de Trabalho/datapipeline/.env/lib/python3.8/site-packages/airflow/example_dags/tutorial.py for tasks to queue
[2022-09-14T21:06:38.841-0300] {logging_mixin.py:115} INFO - [2022-09-14T21:06:38.841-0300] {dagbag.py:508} INFO - Filling up the DagBag from /home/juliana/Área de Trabalho/datapipeline/.env/lib/python3.8/site-packages/airflow/example_dags/tutorial.py
[2022-09-14T21:06:38.848-0300] {processor.py:650} INFO - DAG(s) dict_keys(['tutorial']) retrieved from /home/juliana/Área de Trabalho/datapipeline/.env/lib/python3.8/site-packages/airflow/example_dags/tutorial.py
[2022-09-14T21:06:38.868-0300] {logging_mixin.py:115} INFO - [2022-09-14T21:06:38.868-0300] {dag.py:2429} INFO - Sync 1 DAGs
[2022-09-14T21:06:38.886-0300] {logging_mixin.py:115} INFO - [2022-09-14T21:06:38.886-0300] {dag.py:2977} INFO - Setting next_dagrun for tutorial to 2022-09-14T00:06:38.886330+00:00, run_after=2022-09-15T00:06:38.886330+00:00
[2022-09-14T21:06:38.903-0300] {processor.py:161} INFO - Processing /home/juliana/Área de Trabalho/datapipeline/.env/lib/python3.8/site-packages/airflow/example_dags/tutorial.py took 0.069 seconds
[2022-09-14T21:07:13.163-0300] {processor.py:153} INFO - Started process (PID=20376) to work on /home/juliana/Área de Trabalho/datapipeline/.env/lib/python3.8/site-packages/airflow/example_dags/tutorial.py
[2022-09-14T21:07:13.164-0300] {processor.py:640} INFO - Processing file /home/juliana/Área de Trabalho/datapipeline/.env/lib/python3.8/site-packages/airflow/example_dags/tutorial.py for tasks to queue
[2022-09-14T21:07:13.164-0300] {logging_mixin.py:115} INFO - [2022-09-14T21:07:13.164-0300] {dagbag.py:508} INFO - Filling up the DagBag from /home/juliana/Área de Trabalho/datapipeline/.env/lib/python3.8/site-packages/airflow/example_dags/tutorial.py
[2022-09-14T21:07:13.171-0300] {processor.py:650} INFO - DAG(s) dict_keys(['tutorial']) retrieved from /home/juliana/Área de Trabalho/datapipeline/.env/lib/python3.8/site-packages/airflow/example_dags/tutorial.py
[2022-09-14T21:07:13.187-0300] {logging_mixin.py:115} INFO - [2022-09-14T21:07:13.187-0300] {dag.py:2429} INFO - Sync 1 DAGs
[2022-09-14T21:07:13.205-0300] {logging_mixin.py:115} INFO - [2022-09-14T21:07:13.205-0300] {dag.py:2977} INFO - Setting next_dagrun for tutorial to 2022-09-14T00:07:13.205522+00:00, run_after=2022-09-15T00:07:13.205522+00:00
[2022-09-14T21:07:13.225-0300] {processor.py:161} INFO - Processing /home/juliana/Área de Trabalho/datapipeline/.env/lib/python3.8/site-packages/airflow/example_dags/tutorial.py took 0.067 seconds
[2022-09-14T21:07:47.820-0300] {processor.py:153} INFO - Started process (PID=20416) to work on /home/juliana/Área de Trabalho/datapipeline/.env/lib/python3.8/site-packages/airflow/example_dags/tutorial.py
[2022-09-14T21:07:47.826-0300] {processor.py:640} INFO - Processing file /home/juliana/Área de Trabalho/datapipeline/.env/lib/python3.8/site-packages/airflow/example_dags/tutorial.py for tasks to queue
[2022-09-14T21:07:47.827-0300] {logging_mixin.py:115} INFO - [2022-09-14T21:07:47.827-0300] {dagbag.py:508} INFO - Filling up the DagBag from /home/juliana/Área de Trabalho/datapipeline/.env/lib/python3.8/site-packages/airflow/example_dags/tutorial.py
[2022-09-14T21:07:47.835-0300] {processor.py:650} INFO - DAG(s) dict_keys(['tutorial']) retrieved from /home/juliana/Área de Trabalho/datapipeline/.env/lib/python3.8/site-packages/airflow/example_dags/tutorial.py
[2022-09-14T21:07:47.864-0300] {logging_mixin.py:115} INFO - [2022-09-14T21:07:47.863-0300] {dag.py:2429} INFO - Sync 1 DAGs
[2022-09-14T21:07:47.889-0300] {logging_mixin.py:115} INFO - [2022-09-14T21:07:47.889-0300] {dag.py:2977} INFO - Setting next_dagrun for tutorial to 2022-09-14T00:07:47.889193+00:00, run_after=2022-09-15T00:07:47.889193+00:00
[2022-09-14T21:07:47.906-0300] {processor.py:161} INFO - Processing /home/juliana/Área de Trabalho/datapipeline/.env/lib/python3.8/site-packages/airflow/example_dags/tutorial.py took 0.090 seconds
[2022-09-14T21:08:20.438-0300] {processor.py:153} INFO - Started process (PID=20452) to work on /home/juliana/Área de Trabalho/datapipeline/.env/lib/python3.8/site-packages/airflow/example_dags/tutorial.py
[2022-09-14T21:08:20.440-0300] {processor.py:640} INFO - Processing file /home/juliana/Área de Trabalho/datapipeline/.env/lib/python3.8/site-packages/airflow/example_dags/tutorial.py for tasks to queue
[2022-09-14T21:08:20.441-0300] {logging_mixin.py:115} INFO - [2022-09-14T21:08:20.441-0300] {dagbag.py:508} INFO - Filling up the DagBag from /home/juliana/Área de Trabalho/datapipeline/.env/lib/python3.8/site-packages/airflow/example_dags/tutorial.py
[2022-09-14T21:08:20.450-0300] {processor.py:650} INFO - DAG(s) dict_keys(['tutorial']) retrieved from /home/juliana/Área de Trabalho/datapipeline/.env/lib/python3.8/site-packages/airflow/example_dags/tutorial.py
[2022-09-14T21:08:20.471-0300] {logging_mixin.py:115} INFO - [2022-09-14T21:08:20.471-0300] {dag.py:2429} INFO - Sync 1 DAGs
[2022-09-14T21:08:20.487-0300] {logging_mixin.py:115} INFO - [2022-09-14T21:08:20.487-0300] {dag.py:2977} INFO - Setting next_dagrun for tutorial to 2022-09-14T00:08:20.487002+00:00, run_after=2022-09-15T00:08:20.487002+00:00
[2022-09-14T21:08:20.507-0300] {processor.py:161} INFO - Processing /home/juliana/Área de Trabalho/datapipeline/.env/lib/python3.8/site-packages/airflow/example_dags/tutorial.py took 0.075 seconds
[2022-09-14T21:08:54.994-0300] {processor.py:153} INFO - Started process (PID=20487) to work on /home/juliana/Área de Trabalho/datapipeline/.env/lib/python3.8/site-packages/airflow/example_dags/tutorial.py
[2022-09-14T21:08:54.995-0300] {processor.py:640} INFO - Processing file /home/juliana/Área de Trabalho/datapipeline/.env/lib/python3.8/site-packages/airflow/example_dags/tutorial.py for tasks to queue
[2022-09-14T21:08:54.996-0300] {logging_mixin.py:115} INFO - [2022-09-14T21:08:54.996-0300] {dagbag.py:508} INFO - Filling up the DagBag from /home/juliana/Área de Trabalho/datapipeline/.env/lib/python3.8/site-packages/airflow/example_dags/tutorial.py
[2022-09-14T21:08:55.004-0300] {processor.py:650} INFO - DAG(s) dict_keys(['tutorial']) retrieved from /home/juliana/Área de Trabalho/datapipeline/.env/lib/python3.8/site-packages/airflow/example_dags/tutorial.py
[2022-09-14T21:08:55.031-0300] {logging_mixin.py:115} INFO - [2022-09-14T21:08:55.031-0300] {dag.py:2429} INFO - Sync 1 DAGs
[2022-09-14T21:08:55.056-0300] {logging_mixin.py:115} INFO - [2022-09-14T21:08:55.054-0300] {dag.py:2977} INFO - Setting next_dagrun for tutorial to 2022-09-14T00:08:55.054464+00:00, run_after=2022-09-15T00:08:55.054464+00:00
[2022-09-14T21:08:55.087-0300] {processor.py:161} INFO - Processing /home/juliana/Área de Trabalho/datapipeline/.env/lib/python3.8/site-packages/airflow/example_dags/tutorial.py took 0.095 seconds
[2022-09-14T21:09:27.672-0300] {processor.py:153} INFO - Started process (PID=20521) to work on /home/juliana/Área de Trabalho/datapipeline/.env/lib/python3.8/site-packages/airflow/example_dags/tutorial.py
[2022-09-14T21:09:27.674-0300] {processor.py:640} INFO - Processing file /home/juliana/Área de Trabalho/datapipeline/.env/lib/python3.8/site-packages/airflow/example_dags/tutorial.py for tasks to queue
[2022-09-14T21:09:27.675-0300] {logging_mixin.py:115} INFO - [2022-09-14T21:09:27.675-0300] {dagbag.py:508} INFO - Filling up the DagBag from /home/juliana/Área de Trabalho/datapipeline/.env/lib/python3.8/site-packages/airflow/example_dags/tutorial.py
[2022-09-14T21:09:27.683-0300] {processor.py:650} INFO - DAG(s) dict_keys(['tutorial']) retrieved from /home/juliana/Área de Trabalho/datapipeline/.env/lib/python3.8/site-packages/airflow/example_dags/tutorial.py
[2022-09-14T21:09:27.702-0300] {logging_mixin.py:115} INFO - [2022-09-14T21:09:27.702-0300] {dag.py:2429} INFO - Sync 1 DAGs
[2022-09-14T21:09:27.719-0300] {logging_mixin.py:115} INFO - [2022-09-14T21:09:27.718-0300] {dag.py:2977} INFO - Setting next_dagrun for tutorial to 2022-09-14T00:09:27.718702+00:00, run_after=2022-09-15T00:09:27.718702+00:00
[2022-09-14T21:09:27.739-0300] {processor.py:161} INFO - Processing /home/juliana/Área de Trabalho/datapipeline/.env/lib/python3.8/site-packages/airflow/example_dags/tutorial.py took 0.073 seconds
[2022-09-14T21:10:00.778-0300] {processor.py:153} INFO - Started process (PID=20556) to work on /home/juliana/Área de Trabalho/datapipeline/.env/lib/python3.8/site-packages/airflow/example_dags/tutorial.py
[2022-09-14T21:10:00.779-0300] {processor.py:640} INFO - Processing file /home/juliana/Área de Trabalho/datapipeline/.env/lib/python3.8/site-packages/airflow/example_dags/tutorial.py for tasks to queue
[2022-09-14T21:10:00.780-0300] {logging_mixin.py:115} INFO - [2022-09-14T21:10:00.780-0300] {dagbag.py:508} INFO - Filling up the DagBag from /home/juliana/Área de Trabalho/datapipeline/.env/lib/python3.8/site-packages/airflow/example_dags/tutorial.py
[2022-09-14T21:10:00.789-0300] {processor.py:650} INFO - DAG(s) dict_keys(['tutorial']) retrieved from /home/juliana/Área de Trabalho/datapipeline/.env/lib/python3.8/site-packages/airflow/example_dags/tutorial.py
[2022-09-14T21:10:00.809-0300] {logging_mixin.py:115} INFO - [2022-09-14T21:10:00.808-0300] {dag.py:2429} INFO - Sync 1 DAGs
[2022-09-14T21:10:00.825-0300] {logging_mixin.py:115} INFO - [2022-09-14T21:10:00.824-0300] {dag.py:2977} INFO - Setting next_dagrun for tutorial to 2022-09-14T00:10:00.824642+00:00, run_after=2022-09-15T00:10:00.824642+00:00
[2022-09-14T21:10:00.854-0300] {processor.py:161} INFO - Processing /home/juliana/Área de Trabalho/datapipeline/.env/lib/python3.8/site-packages/airflow/example_dags/tutorial.py took 0.081 seconds
[2022-09-14T21:10:32.900-0300] {processor.py:153} INFO - Started process (PID=20591) to work on /home/juliana/Área de Trabalho/datapipeline/.env/lib/python3.8/site-packages/airflow/example_dags/tutorial.py
[2022-09-14T21:10:32.901-0300] {processor.py:640} INFO - Processing file /home/juliana/Área de Trabalho/datapipeline/.env/lib/python3.8/site-packages/airflow/example_dags/tutorial.py for tasks to queue
[2022-09-14T21:10:32.902-0300] {logging_mixin.py:115} INFO - [2022-09-14T21:10:32.901-0300] {dagbag.py:508} INFO - Filling up the DagBag from /home/juliana/Área de Trabalho/datapipeline/.env/lib/python3.8/site-packages/airflow/example_dags/tutorial.py
[2022-09-14T21:10:32.914-0300] {processor.py:650} INFO - DAG(s) dict_keys(['tutorial']) retrieved from /home/juliana/Área de Trabalho/datapipeline/.env/lib/python3.8/site-packages/airflow/example_dags/tutorial.py
[2022-09-14T21:10:32.931-0300] {logging_mixin.py:115} INFO - [2022-09-14T21:10:32.931-0300] {dag.py:2429} INFO - Sync 1 DAGs
[2022-09-14T21:10:32.947-0300] {logging_mixin.py:115} INFO - [2022-09-14T21:10:32.947-0300] {dag.py:2977} INFO - Setting next_dagrun for tutorial to 2022-09-14T00:10:32.946812+00:00, run_after=2022-09-15T00:10:32.946812+00:00
[2022-09-14T21:10:32.964-0300] {processor.py:161} INFO - Processing /home/juliana/Área de Trabalho/datapipeline/.env/lib/python3.8/site-packages/airflow/example_dags/tutorial.py took 0.068 seconds
[2022-09-14T21:11:07.153-0300] {processor.py:153} INFO - Started process (PID=20628) to work on /home/juliana/Área de Trabalho/datapipeline/.env/lib/python3.8/site-packages/airflow/example_dags/tutorial.py
[2022-09-14T21:11:07.155-0300] {processor.py:640} INFO - Processing file /home/juliana/Área de Trabalho/datapipeline/.env/lib/python3.8/site-packages/airflow/example_dags/tutorial.py for tasks to queue
[2022-09-14T21:11:07.156-0300] {logging_mixin.py:115} INFO - [2022-09-14T21:11:07.155-0300] {dagbag.py:508} INFO - Filling up the DagBag from /home/juliana/Área de Trabalho/datapipeline/.env/lib/python3.8/site-packages/airflow/example_dags/tutorial.py
[2022-09-14T21:11:07.164-0300] {processor.py:650} INFO - DAG(s) dict_keys(['tutorial']) retrieved from /home/juliana/Área de Trabalho/datapipeline/.env/lib/python3.8/site-packages/airflow/example_dags/tutorial.py
[2022-09-14T21:11:07.184-0300] {logging_mixin.py:115} INFO - [2022-09-14T21:11:07.184-0300] {dag.py:2429} INFO - Sync 1 DAGs
[2022-09-14T21:11:07.200-0300] {logging_mixin.py:115} INFO - [2022-09-14T21:11:07.200-0300] {dag.py:2977} INFO - Setting next_dagrun for tutorial to 2022-09-14T00:11:07.200132+00:00, run_after=2022-09-15T00:11:07.200132+00:00
[2022-09-14T21:11:07.215-0300] {processor.py:161} INFO - Processing /home/juliana/Área de Trabalho/datapipeline/.env/lib/python3.8/site-packages/airflow/example_dags/tutorial.py took 0.069 seconds
[2022-09-14T21:11:40.603-0300] {processor.py:153} INFO - Started process (PID=20663) to work on /home/juliana/Área de Trabalho/datapipeline/.env/lib/python3.8/site-packages/airflow/example_dags/tutorial.py
[2022-09-14T21:11:40.604-0300] {processor.py:640} INFO - Processing file /home/juliana/Área de Trabalho/datapipeline/.env/lib/python3.8/site-packages/airflow/example_dags/tutorial.py for tasks to queue
[2022-09-14T21:11:40.605-0300] {logging_mixin.py:115} INFO - [2022-09-14T21:11:40.605-0300] {dagbag.py:508} INFO - Filling up the DagBag from /home/juliana/Área de Trabalho/datapipeline/.env/lib/python3.8/site-packages/airflow/example_dags/tutorial.py
[2022-09-14T21:11:40.613-0300] {processor.py:650} INFO - DAG(s) dict_keys(['tutorial']) retrieved from /home/juliana/Área de Trabalho/datapipeline/.env/lib/python3.8/site-packages/airflow/example_dags/tutorial.py
[2022-09-14T21:11:40.634-0300] {logging_mixin.py:115} INFO - [2022-09-14T21:11:40.633-0300] {dag.py:2429} INFO - Sync 1 DAGs
[2022-09-14T21:11:40.652-0300] {logging_mixin.py:115} INFO - [2022-09-14T21:11:40.652-0300] {dag.py:2977} INFO - Setting next_dagrun for tutorial to 2022-09-14T00:11:40.652050+00:00, run_after=2022-09-15T00:11:40.652050+00:00
[2022-09-14T21:11:40.671-0300] {processor.py:161} INFO - Processing /home/juliana/Área de Trabalho/datapipeline/.env/lib/python3.8/site-packages/airflow/example_dags/tutorial.py took 0.073 seconds
[2022-09-14T21:12:13.435-0300] {processor.py:153} INFO - Started process (PID=20697) to work on /home/juliana/Área de Trabalho/datapipeline/.env/lib/python3.8/site-packages/airflow/example_dags/tutorial.py
[2022-09-14T21:12:13.436-0300] {processor.py:640} INFO - Processing file /home/juliana/Área de Trabalho/datapipeline/.env/lib/python3.8/site-packages/airflow/example_dags/tutorial.py for tasks to queue
[2022-09-14T21:12:13.438-0300] {logging_mixin.py:115} INFO - [2022-09-14T21:12:13.437-0300] {dagbag.py:508} INFO - Filling up the DagBag from /home/juliana/Área de Trabalho/datapipeline/.env/lib/python3.8/site-packages/airflow/example_dags/tutorial.py
[2022-09-14T21:12:13.446-0300] {processor.py:650} INFO - DAG(s) dict_keys(['tutorial']) retrieved from /home/juliana/Área de Trabalho/datapipeline/.env/lib/python3.8/site-packages/airflow/example_dags/tutorial.py
[2022-09-14T21:12:13.464-0300] {logging_mixin.py:115} INFO - [2022-09-14T21:12:13.464-0300] {dag.py:2429} INFO - Sync 1 DAGs
[2022-09-14T21:12:13.480-0300] {logging_mixin.py:115} INFO - [2022-09-14T21:12:13.480-0300] {dag.py:2977} INFO - Setting next_dagrun for tutorial to 2022-09-14T00:12:13.479949+00:00, run_after=2022-09-15T00:12:13.479949+00:00
[2022-09-14T21:12:13.495-0300] {processor.py:161} INFO - Processing /home/juliana/Área de Trabalho/datapipeline/.env/lib/python3.8/site-packages/airflow/example_dags/tutorial.py took 0.066 seconds
[2022-09-14T21:12:46.441-0300] {processor.py:153} INFO - Started process (PID=20734) to work on /home/juliana/Área de Trabalho/datapipeline/.env/lib/python3.8/site-packages/airflow/example_dags/tutorial.py
[2022-09-14T21:12:46.443-0300] {processor.py:640} INFO - Processing file /home/juliana/Área de Trabalho/datapipeline/.env/lib/python3.8/site-packages/airflow/example_dags/tutorial.py for tasks to queue
[2022-09-14T21:12:46.444-0300] {logging_mixin.py:115} INFO - [2022-09-14T21:12:46.444-0300] {dagbag.py:508} INFO - Filling up the DagBag from /home/juliana/Área de Trabalho/datapipeline/.env/lib/python3.8/site-packages/airflow/example_dags/tutorial.py
[2022-09-14T21:12:46.454-0300] {processor.py:650} INFO - DAG(s) dict_keys(['tutorial']) retrieved from /home/juliana/Área de Trabalho/datapipeline/.env/lib/python3.8/site-packages/airflow/example_dags/tutorial.py
[2022-09-14T21:12:46.473-0300] {logging_mixin.py:115} INFO - [2022-09-14T21:12:46.473-0300] {dag.py:2429} INFO - Sync 1 DAGs
[2022-09-14T21:12:46.496-0300] {logging_mixin.py:115} INFO - [2022-09-14T21:12:46.496-0300] {dag.py:2977} INFO - Setting next_dagrun for tutorial to 2022-09-14T00:12:46.496519+00:00, run_after=2022-09-15T00:12:46.496519+00:00
[2022-09-14T21:12:46.512-0300] {processor.py:161} INFO - Processing /home/juliana/Área de Trabalho/datapipeline/.env/lib/python3.8/site-packages/airflow/example_dags/tutorial.py took 0.077 seconds
[2022-09-14T21:13:19.114-0300] {processor.py:153} INFO - Started process (PID=20768) to work on /home/juliana/Área de Trabalho/datapipeline/.env/lib/python3.8/site-packages/airflow/example_dags/tutorial.py
[2022-09-14T21:13:19.115-0300] {processor.py:640} INFO - Processing file /home/juliana/Área de Trabalho/datapipeline/.env/lib/python3.8/site-packages/airflow/example_dags/tutorial.py for tasks to queue
[2022-09-14T21:13:19.115-0300] {logging_mixin.py:115} INFO - [2022-09-14T21:13:19.115-0300] {dagbag.py:508} INFO - Filling up the DagBag from /home/juliana/Área de Trabalho/datapipeline/.env/lib/python3.8/site-packages/airflow/example_dags/tutorial.py
[2022-09-14T21:13:19.120-0300] {processor.py:650} INFO - DAG(s) dict_keys(['tutorial']) retrieved from /home/juliana/Área de Trabalho/datapipeline/.env/lib/python3.8/site-packages/airflow/example_dags/tutorial.py
[2022-09-14T21:13:19.135-0300] {logging_mixin.py:115} INFO - [2022-09-14T21:13:19.135-0300] {dag.py:2429} INFO - Sync 1 DAGs
[2022-09-14T21:13:19.151-0300] {logging_mixin.py:115} INFO - [2022-09-14T21:13:19.151-0300] {dag.py:2977} INFO - Setting next_dagrun for tutorial to 2022-09-14T00:13:19.151178+00:00, run_after=2022-09-15T00:13:19.151178+00:00
[2022-09-14T21:13:19.180-0300] {processor.py:161} INFO - Processing /home/juliana/Área de Trabalho/datapipeline/.env/lib/python3.8/site-packages/airflow/example_dags/tutorial.py took 0.069 seconds
[2022-09-14T21:13:51.565-0300] {processor.py:153} INFO - Started process (PID=20804) to work on /home/juliana/Área de Trabalho/datapipeline/.env/lib/python3.8/site-packages/airflow/example_dags/tutorial.py
[2022-09-14T21:13:51.566-0300] {processor.py:640} INFO - Processing file /home/juliana/Área de Trabalho/datapipeline/.env/lib/python3.8/site-packages/airflow/example_dags/tutorial.py for tasks to queue
[2022-09-14T21:13:51.567-0300] {logging_mixin.py:115} INFO - [2022-09-14T21:13:51.567-0300] {dagbag.py:508} INFO - Filling up the DagBag from /home/juliana/Área de Trabalho/datapipeline/.env/lib/python3.8/site-packages/airflow/example_dags/tutorial.py
[2022-09-14T21:13:51.573-0300] {processor.py:650} INFO - DAG(s) dict_keys(['tutorial']) retrieved from /home/juliana/Área de Trabalho/datapipeline/.env/lib/python3.8/site-packages/airflow/example_dags/tutorial.py
[2022-09-14T21:13:51.588-0300] {logging_mixin.py:115} INFO - [2022-09-14T21:13:51.588-0300] {dag.py:2429} INFO - Sync 1 DAGs
[2022-09-14T21:13:51.603-0300] {logging_mixin.py:115} INFO - [2022-09-14T21:13:51.603-0300] {dag.py:2977} INFO - Setting next_dagrun for tutorial to 2022-09-14T00:13:51.602851+00:00, run_after=2022-09-15T00:13:51.602851+00:00
[2022-09-14T21:13:51.622-0300] {processor.py:161} INFO - Processing /home/juliana/Área de Trabalho/datapipeline/.env/lib/python3.8/site-packages/airflow/example_dags/tutorial.py took 0.060 seconds
[2022-09-14T21:14:23.601-0300] {processor.py:153} INFO - Started process (PID=20836) to work on /home/juliana/Área de Trabalho/datapipeline/.env/lib/python3.8/site-packages/airflow/example_dags/tutorial.py
[2022-09-14T21:14:23.603-0300] {processor.py:640} INFO - Processing file /home/juliana/Área de Trabalho/datapipeline/.env/lib/python3.8/site-packages/airflow/example_dags/tutorial.py for tasks to queue
[2022-09-14T21:14:23.604-0300] {logging_mixin.py:115} INFO - [2022-09-14T21:14:23.604-0300] {dagbag.py:508} INFO - Filling up the DagBag from /home/juliana/Área de Trabalho/datapipeline/.env/lib/python3.8/site-packages/airflow/example_dags/tutorial.py
[2022-09-14T21:14:23.612-0300] {processor.py:650} INFO - DAG(s) dict_keys(['tutorial']) retrieved from /home/juliana/Área de Trabalho/datapipeline/.env/lib/python3.8/site-packages/airflow/example_dags/tutorial.py
[2022-09-14T21:14:23.632-0300] {logging_mixin.py:115} INFO - [2022-09-14T21:14:23.632-0300] {dag.py:2429} INFO - Sync 1 DAGs
[2022-09-14T21:14:23.653-0300] {logging_mixin.py:115} INFO - [2022-09-14T21:14:23.653-0300] {dag.py:2977} INFO - Setting next_dagrun for tutorial to 2022-09-14T00:14:23.652774+00:00, run_after=2022-09-15T00:14:23.652774+00:00
[2022-09-14T21:14:23.676-0300] {processor.py:161} INFO - Processing /home/juliana/Área de Trabalho/datapipeline/.env/lib/python3.8/site-packages/airflow/example_dags/tutorial.py took 0.080 seconds
[2022-09-14T21:14:57.149-0300] {processor.py:153} INFO - Started process (PID=20870) to work on /home/juliana/Área de Trabalho/datapipeline/.env/lib/python3.8/site-packages/airflow/example_dags/tutorial.py
[2022-09-14T21:14:57.150-0300] {processor.py:640} INFO - Processing file /home/juliana/Área de Trabalho/datapipeline/.env/lib/python3.8/site-packages/airflow/example_dags/tutorial.py for tasks to queue
[2022-09-14T21:14:57.151-0300] {logging_mixin.py:115} INFO - [2022-09-14T21:14:57.151-0300] {dagbag.py:508} INFO - Filling up the DagBag from /home/juliana/Área de Trabalho/datapipeline/.env/lib/python3.8/site-packages/airflow/example_dags/tutorial.py
[2022-09-14T21:14:57.159-0300] {processor.py:650} INFO - DAG(s) dict_keys(['tutorial']) retrieved from /home/juliana/Área de Trabalho/datapipeline/.env/lib/python3.8/site-packages/airflow/example_dags/tutorial.py
[2022-09-14T21:14:57.176-0300] {logging_mixin.py:115} INFO - [2022-09-14T21:14:57.176-0300] {dag.py:2429} INFO - Sync 1 DAGs
[2022-09-14T21:14:57.192-0300] {logging_mixin.py:115} INFO - [2022-09-14T21:14:57.192-0300] {dag.py:2977} INFO - Setting next_dagrun for tutorial to 2022-09-14T00:14:57.191842+00:00, run_after=2022-09-15T00:14:57.191842+00:00
[2022-09-14T21:14:57.213-0300] {processor.py:161} INFO - Processing /home/juliana/Área de Trabalho/datapipeline/.env/lib/python3.8/site-packages/airflow/example_dags/tutorial.py took 0.068 seconds
[2022-09-14T21:15:30.718-0300] {processor.py:153} INFO - Started process (PID=20907) to work on /home/juliana/Área de Trabalho/datapipeline/.env/lib/python3.8/site-packages/airflow/example_dags/tutorial.py
[2022-09-14T21:15:30.720-0300] {processor.py:640} INFO - Processing file /home/juliana/Área de Trabalho/datapipeline/.env/lib/python3.8/site-packages/airflow/example_dags/tutorial.py for tasks to queue
[2022-09-14T21:15:30.721-0300] {logging_mixin.py:115} INFO - [2022-09-14T21:15:30.721-0300] {dagbag.py:508} INFO - Filling up the DagBag from /home/juliana/Área de Trabalho/datapipeline/.env/lib/python3.8/site-packages/airflow/example_dags/tutorial.py
[2022-09-14T21:15:30.731-0300] {processor.py:650} INFO - DAG(s) dict_keys(['tutorial']) retrieved from /home/juliana/Área de Trabalho/datapipeline/.env/lib/python3.8/site-packages/airflow/example_dags/tutorial.py
[2022-09-14T21:15:30.750-0300] {logging_mixin.py:115} INFO - [2022-09-14T21:15:30.750-0300] {dag.py:2429} INFO - Sync 1 DAGs
[2022-09-14T21:15:30.766-0300] {logging_mixin.py:115} INFO - [2022-09-14T21:15:30.766-0300] {dag.py:2977} INFO - Setting next_dagrun for tutorial to 2022-09-14T00:15:30.766519+00:00, run_after=2022-09-15T00:15:30.766519+00:00
[2022-09-14T21:15:30.783-0300] {processor.py:161} INFO - Processing /home/juliana/Área de Trabalho/datapipeline/.env/lib/python3.8/site-packages/airflow/example_dags/tutorial.py took 0.071 seconds
[2022-09-14T21:16:04.386-0300] {processor.py:153} INFO - Started process (PID=20941) to work on /home/juliana/Área de Trabalho/datapipeline/.env/lib/python3.8/site-packages/airflow/example_dags/tutorial.py
[2022-09-14T21:16:04.387-0300] {processor.py:640} INFO - Processing file /home/juliana/Área de Trabalho/datapipeline/.env/lib/python3.8/site-packages/airflow/example_dags/tutorial.py for tasks to queue
[2022-09-14T21:16:04.388-0300] {logging_mixin.py:115} INFO - [2022-09-14T21:16:04.387-0300] {dagbag.py:508} INFO - Filling up the DagBag from /home/juliana/Área de Trabalho/datapipeline/.env/lib/python3.8/site-packages/airflow/example_dags/tutorial.py
[2022-09-14T21:16:04.396-0300] {processor.py:650} INFO - DAG(s) dict_keys(['tutorial']) retrieved from /home/juliana/Área de Trabalho/datapipeline/.env/lib/python3.8/site-packages/airflow/example_dags/tutorial.py
[2022-09-14T21:16:04.415-0300] {logging_mixin.py:115} INFO - [2022-09-14T21:16:04.415-0300] {dag.py:2429} INFO - Sync 1 DAGs
[2022-09-14T21:16:04.446-0300] {logging_mixin.py:115} INFO - [2022-09-14T21:16:04.445-0300] {dag.py:2977} INFO - Setting next_dagrun for tutorial to 2022-09-14T00:16:04.445651+00:00, run_after=2022-09-15T00:16:04.445651+00:00
[2022-09-14T21:16:04.463-0300] {processor.py:161} INFO - Processing /home/juliana/Área de Trabalho/datapipeline/.env/lib/python3.8/site-packages/airflow/example_dags/tutorial.py took 0.079 seconds
[2022-09-14T21:16:34.660-0300] {processor.py:153} INFO - Started process (PID=20972) to work on /home/juliana/Área de Trabalho/datapipeline/.env/lib/python3.8/site-packages/airflow/example_dags/tutorial.py
[2022-09-14T21:16:34.661-0300] {processor.py:640} INFO - Processing file /home/juliana/Área de Trabalho/datapipeline/.env/lib/python3.8/site-packages/airflow/example_dags/tutorial.py for tasks to queue
[2022-09-14T21:16:34.662-0300] {logging_mixin.py:115} INFO - [2022-09-14T21:16:34.662-0300] {dagbag.py:508} INFO - Filling up the DagBag from /home/juliana/Área de Trabalho/datapipeline/.env/lib/python3.8/site-packages/airflow/example_dags/tutorial.py
[2022-09-14T21:16:34.670-0300] {processor.py:650} INFO - DAG(s) dict_keys(['tutorial']) retrieved from /home/juliana/Área de Trabalho/datapipeline/.env/lib/python3.8/site-packages/airflow/example_dags/tutorial.py
[2022-09-14T21:16:34.691-0300] {logging_mixin.py:115} INFO - [2022-09-14T21:16:34.691-0300] {dag.py:2429} INFO - Sync 1 DAGs
[2022-09-14T21:16:34.718-0300] {logging_mixin.py:115} INFO - [2022-09-14T21:16:34.718-0300] {dag.py:2977} INFO - Setting next_dagrun for tutorial to 2022-09-14T00:16:34.718154+00:00, run_after=2022-09-15T00:16:34.718154+00:00
[2022-09-14T21:16:34.736-0300] {processor.py:161} INFO - Processing /home/juliana/Área de Trabalho/datapipeline/.env/lib/python3.8/site-packages/airflow/example_dags/tutorial.py took 0.081 seconds
[2022-09-14T21:17:07.812-0300] {processor.py:153} INFO - Started process (PID=21008) to work on /home/juliana/Área de Trabalho/datapipeline/.env/lib/python3.8/site-packages/airflow/example_dags/tutorial.py
[2022-09-14T21:17:07.813-0300] {processor.py:640} INFO - Processing file /home/juliana/Área de Trabalho/datapipeline/.env/lib/python3.8/site-packages/airflow/example_dags/tutorial.py for tasks to queue
[2022-09-14T21:17:07.814-0300] {logging_mixin.py:115} INFO - [2022-09-14T21:17:07.814-0300] {dagbag.py:508} INFO - Filling up the DagBag from /home/juliana/Área de Trabalho/datapipeline/.env/lib/python3.8/site-packages/airflow/example_dags/tutorial.py
[2022-09-14T21:17:07.820-0300] {processor.py:650} INFO - DAG(s) dict_keys(['tutorial']) retrieved from /home/juliana/Área de Trabalho/datapipeline/.env/lib/python3.8/site-packages/airflow/example_dags/tutorial.py
[2022-09-14T21:17:07.835-0300] {logging_mixin.py:115} INFO - [2022-09-14T21:17:07.835-0300] {dag.py:2429} INFO - Sync 1 DAGs
[2022-09-14T21:17:07.852-0300] {logging_mixin.py:115} INFO - [2022-09-14T21:17:07.852-0300] {dag.py:2977} INFO - Setting next_dagrun for tutorial to 2022-09-14T00:17:07.852131+00:00, run_after=2022-09-15T00:17:07.852131+00:00
[2022-09-14T21:17:07.869-0300] {processor.py:161} INFO - Processing /home/juliana/Área de Trabalho/datapipeline/.env/lib/python3.8/site-packages/airflow/example_dags/tutorial.py took 0.060 seconds
[2022-09-14T21:17:38.574-0300] {processor.py:153} INFO - Started process (PID=21044) to work on /home/juliana/Área de Trabalho/datapipeline/.env/lib/python3.8/site-packages/airflow/example_dags/tutorial.py
[2022-09-14T21:17:38.575-0300] {processor.py:640} INFO - Processing file /home/juliana/Área de Trabalho/datapipeline/.env/lib/python3.8/site-packages/airflow/example_dags/tutorial.py for tasks to queue
[2022-09-14T21:17:38.576-0300] {logging_mixin.py:115} INFO - [2022-09-14T21:17:38.576-0300] {dagbag.py:508} INFO - Filling up the DagBag from /home/juliana/Área de Trabalho/datapipeline/.env/lib/python3.8/site-packages/airflow/example_dags/tutorial.py
[2022-09-14T21:17:38.581-0300] {processor.py:650} INFO - DAG(s) dict_keys(['tutorial']) retrieved from /home/juliana/Área de Trabalho/datapipeline/.env/lib/python3.8/site-packages/airflow/example_dags/tutorial.py
[2022-09-14T21:17:38.596-0300] {logging_mixin.py:115} INFO - [2022-09-14T21:17:38.596-0300] {dag.py:2429} INFO - Sync 1 DAGs
[2022-09-14T21:17:38.613-0300] {logging_mixin.py:115} INFO - [2022-09-14T21:17:38.613-0300] {dag.py:2977} INFO - Setting next_dagrun for tutorial to 2022-09-14T00:17:38.613084+00:00, run_after=2022-09-15T00:17:38.613084+00:00
[2022-09-14T21:17:38.634-0300] {processor.py:161} INFO - Processing /home/juliana/Área de Trabalho/datapipeline/.env/lib/python3.8/site-packages/airflow/example_dags/tutorial.py took 0.062 seconds
[2022-09-14T21:18:12.422-0300] {processor.py:153} INFO - Started process (PID=21082) to work on /home/juliana/Área de Trabalho/datapipeline/.env/lib/python3.8/site-packages/airflow/example_dags/tutorial.py
[2022-09-14T21:18:12.424-0300] {processor.py:640} INFO - Processing file /home/juliana/Área de Trabalho/datapipeline/.env/lib/python3.8/site-packages/airflow/example_dags/tutorial.py for tasks to queue
[2022-09-14T21:18:12.425-0300] {logging_mixin.py:115} INFO - [2022-09-14T21:18:12.425-0300] {dagbag.py:508} INFO - Filling up the DagBag from /home/juliana/Área de Trabalho/datapipeline/.env/lib/python3.8/site-packages/airflow/example_dags/tutorial.py
[2022-09-14T21:18:12.435-0300] {processor.py:650} INFO - DAG(s) dict_keys(['tutorial']) retrieved from /home/juliana/Área de Trabalho/datapipeline/.env/lib/python3.8/site-packages/airflow/example_dags/tutorial.py
[2022-09-14T21:18:12.455-0300] {logging_mixin.py:115} INFO - [2022-09-14T21:18:12.455-0300] {dag.py:2429} INFO - Sync 1 DAGs
[2022-09-14T21:18:12.473-0300] {logging_mixin.py:115} INFO - [2022-09-14T21:18:12.473-0300] {dag.py:2977} INFO - Setting next_dagrun for tutorial to 2022-09-14T00:18:12.473097+00:00, run_after=2022-09-15T00:18:12.473097+00:00
[2022-09-14T21:18:12.495-0300] {processor.py:161} INFO - Processing /home/juliana/Área de Trabalho/datapipeline/.env/lib/python3.8/site-packages/airflow/example_dags/tutorial.py took 0.078 seconds
[2022-09-14T21:18:42.921-0300] {processor.py:153} INFO - Started process (PID=21115) to work on /home/juliana/Área de Trabalho/datapipeline/.env/lib/python3.8/site-packages/airflow/example_dags/tutorial.py
[2022-09-14T21:18:42.922-0300] {processor.py:640} INFO - Processing file /home/juliana/Área de Trabalho/datapipeline/.env/lib/python3.8/site-packages/airflow/example_dags/tutorial.py for tasks to queue
[2022-09-14T21:18:42.922-0300] {logging_mixin.py:115} INFO - [2022-09-14T21:18:42.922-0300] {dagbag.py:508} INFO - Filling up the DagBag from /home/juliana/Área de Trabalho/datapipeline/.env/lib/python3.8/site-packages/airflow/example_dags/tutorial.py
[2022-09-14T21:18:42.929-0300] {processor.py:650} INFO - DAG(s) dict_keys(['tutorial']) retrieved from /home/juliana/Área de Trabalho/datapipeline/.env/lib/python3.8/site-packages/airflow/example_dags/tutorial.py
[2022-09-14T21:18:42.947-0300] {logging_mixin.py:115} INFO - [2022-09-14T21:18:42.946-0300] {dag.py:2429} INFO - Sync 1 DAGs
[2022-09-14T21:18:42.963-0300] {logging_mixin.py:115} INFO - [2022-09-14T21:18:42.963-0300] {dag.py:2977} INFO - Setting next_dagrun for tutorial to 2022-09-14T00:18:42.962902+00:00, run_after=2022-09-15T00:18:42.962902+00:00
[2022-09-14T21:18:42.984-0300] {processor.py:161} INFO - Processing /home/juliana/Área de Trabalho/datapipeline/.env/lib/python3.8/site-packages/airflow/example_dags/tutorial.py took 0.066 seconds
[2022-09-14T21:19:15.001-0300] {processor.py:153} INFO - Started process (PID=21149) to work on /home/juliana/Área de Trabalho/datapipeline/.env/lib/python3.8/site-packages/airflow/example_dags/tutorial.py
[2022-09-14T21:19:15.008-0300] {processor.py:640} INFO - Processing file /home/juliana/Área de Trabalho/datapipeline/.env/lib/python3.8/site-packages/airflow/example_dags/tutorial.py for tasks to queue
[2022-09-14T21:19:15.009-0300] {logging_mixin.py:115} INFO - [2022-09-14T21:19:15.009-0300] {dagbag.py:508} INFO - Filling up the DagBag from /home/juliana/Área de Trabalho/datapipeline/.env/lib/python3.8/site-packages/airflow/example_dags/tutorial.py
[2022-09-14T21:19:15.024-0300] {processor.py:650} INFO - DAG(s) dict_keys(['tutorial']) retrieved from /home/juliana/Área de Trabalho/datapipeline/.env/lib/python3.8/site-packages/airflow/example_dags/tutorial.py
[2022-09-14T21:19:15.040-0300] {logging_mixin.py:115} INFO - [2022-09-14T21:19:15.040-0300] {dag.py:2429} INFO - Sync 1 DAGs
[2022-09-14T21:19:15.056-0300] {logging_mixin.py:115} INFO - [2022-09-14T21:19:15.056-0300] {dag.py:2977} INFO - Setting next_dagrun for tutorial to 2022-09-14T00:19:15.055613+00:00, run_after=2022-09-15T00:19:15.055613+00:00
[2022-09-14T21:19:15.076-0300] {processor.py:161} INFO - Processing /home/juliana/Área de Trabalho/datapipeline/.env/lib/python3.8/site-packages/airflow/example_dags/tutorial.py took 0.081 seconds
[2022-09-14T21:19:46.730-0300] {processor.py:153} INFO - Started process (PID=21180) to work on /home/juliana/Área de Trabalho/datapipeline/.env/lib/python3.8/site-packages/airflow/example_dags/tutorial.py
[2022-09-14T21:19:46.732-0300] {processor.py:640} INFO - Processing file /home/juliana/Área de Trabalho/datapipeline/.env/lib/python3.8/site-packages/airflow/example_dags/tutorial.py for tasks to queue
[2022-09-14T21:19:46.733-0300] {logging_mixin.py:115} INFO - [2022-09-14T21:19:46.732-0300] {dagbag.py:508} INFO - Filling up the DagBag from /home/juliana/Área de Trabalho/datapipeline/.env/lib/python3.8/site-packages/airflow/example_dags/tutorial.py
[2022-09-14T21:19:46.741-0300] {processor.py:650} INFO - DAG(s) dict_keys(['tutorial']) retrieved from /home/juliana/Área de Trabalho/datapipeline/.env/lib/python3.8/site-packages/airflow/example_dags/tutorial.py
[2022-09-14T21:19:46.761-0300] {logging_mixin.py:115} INFO - [2022-09-14T21:19:46.760-0300] {dag.py:2429} INFO - Sync 1 DAGs
[2022-09-14T21:19:46.780-0300] {logging_mixin.py:115} INFO - [2022-09-14T21:19:46.780-0300] {dag.py:2977} INFO - Setting next_dagrun for tutorial to 2022-09-14T00:19:46.779146+00:00, run_after=2022-09-15T00:19:46.779146+00:00
[2022-09-14T21:19:46.798-0300] {processor.py:161} INFO - Processing /home/juliana/Área de Trabalho/datapipeline/.env/lib/python3.8/site-packages/airflow/example_dags/tutorial.py took 0.074 seconds
[2022-09-14T21:20:17.890-0300] {processor.py:153} INFO - Started process (PID=21212) to work on /home/juliana/Área de Trabalho/datapipeline/.env/lib/python3.8/site-packages/airflow/example_dags/tutorial.py
[2022-09-14T21:20:17.891-0300] {processor.py:640} INFO - Processing file /home/juliana/Área de Trabalho/datapipeline/.env/lib/python3.8/site-packages/airflow/example_dags/tutorial.py for tasks to queue
[2022-09-14T21:20:17.892-0300] {logging_mixin.py:115} INFO - [2022-09-14T21:20:17.892-0300] {dagbag.py:508} INFO - Filling up the DagBag from /home/juliana/Área de Trabalho/datapipeline/.env/lib/python3.8/site-packages/airflow/example_dags/tutorial.py
[2022-09-14T21:20:17.897-0300] {processor.py:650} INFO - DAG(s) dict_keys(['tutorial']) retrieved from /home/juliana/Área de Trabalho/datapipeline/.env/lib/python3.8/site-packages/airflow/example_dags/tutorial.py
[2022-09-14T21:20:17.912-0300] {logging_mixin.py:115} INFO - [2022-09-14T21:20:17.912-0300] {dag.py:2429} INFO - Sync 1 DAGs
[2022-09-14T21:20:17.928-0300] {logging_mixin.py:115} INFO - [2022-09-14T21:20:17.928-0300] {dag.py:2977} INFO - Setting next_dagrun for tutorial to 2022-09-14T00:20:17.927691+00:00, run_after=2022-09-15T00:20:17.927691+00:00
[2022-09-14T21:20:17.948-0300] {processor.py:161} INFO - Processing /home/juliana/Área de Trabalho/datapipeline/.env/lib/python3.8/site-packages/airflow/example_dags/tutorial.py took 0.060 seconds
[2022-09-14T21:20:51.479-0300] {processor.py:153} INFO - Started process (PID=21249) to work on /home/juliana/Área de Trabalho/datapipeline/.env/lib/python3.8/site-packages/airflow/example_dags/tutorial.py
[2022-09-14T21:20:51.480-0300] {processor.py:640} INFO - Processing file /home/juliana/Área de Trabalho/datapipeline/.env/lib/python3.8/site-packages/airflow/example_dags/tutorial.py for tasks to queue
[2022-09-14T21:20:51.481-0300] {logging_mixin.py:115} INFO - [2022-09-14T21:20:51.481-0300] {dagbag.py:508} INFO - Filling up the DagBag from /home/juliana/Área de Trabalho/datapipeline/.env/lib/python3.8/site-packages/airflow/example_dags/tutorial.py
[2022-09-14T21:20:51.491-0300] {processor.py:650} INFO - DAG(s) dict_keys(['tutorial']) retrieved from /home/juliana/Área de Trabalho/datapipeline/.env/lib/python3.8/site-packages/airflow/example_dags/tutorial.py
[2022-09-14T21:20:51.511-0300] {logging_mixin.py:115} INFO - [2022-09-14T21:20:51.510-0300] {dag.py:2429} INFO - Sync 1 DAGs
[2022-09-14T21:20:51.527-0300] {logging_mixin.py:115} INFO - [2022-09-14T21:20:51.527-0300] {dag.py:2977} INFO - Setting next_dagrun for tutorial to 2022-09-14T00:20:51.526703+00:00, run_after=2022-09-15T00:20:51.526703+00:00
[2022-09-14T21:20:51.547-0300] {processor.py:161} INFO - Processing /home/juliana/Área de Trabalho/datapipeline/.env/lib/python3.8/site-packages/airflow/example_dags/tutorial.py took 0.074 seconds
[2022-09-14T21:21:24.249-0300] {processor.py:153} INFO - Started process (PID=21284) to work on /home/juliana/Área de Trabalho/datapipeline/.env/lib/python3.8/site-packages/airflow/example_dags/tutorial.py
[2022-09-14T21:21:24.251-0300] {processor.py:640} INFO - Processing file /home/juliana/Área de Trabalho/datapipeline/.env/lib/python3.8/site-packages/airflow/example_dags/tutorial.py for tasks to queue
[2022-09-14T21:21:24.253-0300] {logging_mixin.py:115} INFO - [2022-09-14T21:21:24.252-0300] {dagbag.py:508} INFO - Filling up the DagBag from /home/juliana/Área de Trabalho/datapipeline/.env/lib/python3.8/site-packages/airflow/example_dags/tutorial.py
[2022-09-14T21:21:24.262-0300] {processor.py:650} INFO - DAG(s) dict_keys(['tutorial']) retrieved from /home/juliana/Área de Trabalho/datapipeline/.env/lib/python3.8/site-packages/airflow/example_dags/tutorial.py
[2022-09-14T21:21:24.281-0300] {logging_mixin.py:115} INFO - [2022-09-14T21:21:24.281-0300] {dag.py:2429} INFO - Sync 1 DAGs
[2022-09-14T21:21:24.298-0300] {logging_mixin.py:115} INFO - [2022-09-14T21:21:24.298-0300] {dag.py:2977} INFO - Setting next_dagrun for tutorial to 2022-09-14T00:21:24.297813+00:00, run_after=2022-09-15T00:21:24.297813+00:00
[2022-09-14T21:21:24.317-0300] {processor.py:161} INFO - Processing /home/juliana/Área de Trabalho/datapipeline/.env/lib/python3.8/site-packages/airflow/example_dags/tutorial.py took 0.073 seconds
[2022-09-14T21:21:55.716-0300] {processor.py:153} INFO - Started process (PID=21317) to work on /home/juliana/Área de Trabalho/datapipeline/.env/lib/python3.8/site-packages/airflow/example_dags/tutorial.py
[2022-09-14T21:21:55.718-0300] {processor.py:640} INFO - Processing file /home/juliana/Área de Trabalho/datapipeline/.env/lib/python3.8/site-packages/airflow/example_dags/tutorial.py for tasks to queue
[2022-09-14T21:21:55.719-0300] {logging_mixin.py:115} INFO - [2022-09-14T21:21:55.719-0300] {dagbag.py:508} INFO - Filling up the DagBag from /home/juliana/Área de Trabalho/datapipeline/.env/lib/python3.8/site-packages/airflow/example_dags/tutorial.py
[2022-09-14T21:21:55.729-0300] {processor.py:650} INFO - DAG(s) dict_keys(['tutorial']) retrieved from /home/juliana/Área de Trabalho/datapipeline/.env/lib/python3.8/site-packages/airflow/example_dags/tutorial.py
[2022-09-14T21:21:55.749-0300] {logging_mixin.py:115} INFO - [2022-09-14T21:21:55.749-0300] {dag.py:2429} INFO - Sync 1 DAGs
[2022-09-14T21:21:55.766-0300] {logging_mixin.py:115} INFO - [2022-09-14T21:21:55.766-0300] {dag.py:2977} INFO - Setting next_dagrun for tutorial to 2022-09-14T00:21:55.765894+00:00, run_after=2022-09-15T00:21:55.765894+00:00
[2022-09-14T21:21:55.782-0300] {processor.py:161} INFO - Processing /home/juliana/Área de Trabalho/datapipeline/.env/lib/python3.8/site-packages/airflow/example_dags/tutorial.py took 0.072 seconds
[2022-09-14T21:22:27.293-0300] {processor.py:153} INFO - Started process (PID=21354) to work on /home/juliana/Área de Trabalho/datapipeline/.env/lib/python3.8/site-packages/airflow/example_dags/tutorial.py
[2022-09-14T21:22:27.294-0300] {processor.py:640} INFO - Processing file /home/juliana/Área de Trabalho/datapipeline/.env/lib/python3.8/site-packages/airflow/example_dags/tutorial.py for tasks to queue
[2022-09-14T21:22:27.295-0300] {logging_mixin.py:115} INFO - [2022-09-14T21:22:27.295-0300] {dagbag.py:508} INFO - Filling up the DagBag from /home/juliana/Área de Trabalho/datapipeline/.env/lib/python3.8/site-packages/airflow/example_dags/tutorial.py
[2022-09-14T21:22:27.304-0300] {processor.py:650} INFO - DAG(s) dict_keys(['tutorial']) retrieved from /home/juliana/Área de Trabalho/datapipeline/.env/lib/python3.8/site-packages/airflow/example_dags/tutorial.py
[2022-09-14T21:22:27.321-0300] {logging_mixin.py:115} INFO - [2022-09-14T21:22:27.321-0300] {dag.py:2429} INFO - Sync 1 DAGs
[2022-09-14T21:22:27.338-0300] {logging_mixin.py:115} INFO - [2022-09-14T21:22:27.338-0300] {dag.py:2977} INFO - Setting next_dagrun for tutorial to 2022-09-14T00:22:27.338582+00:00, run_after=2022-09-15T00:22:27.338582+00:00
[2022-09-14T21:22:27.358-0300] {processor.py:161} INFO - Processing /home/juliana/Área de Trabalho/datapipeline/.env/lib/python3.8/site-packages/airflow/example_dags/tutorial.py took 0.070 seconds
[2022-09-14T21:22:58.868-0300] {processor.py:153} INFO - Started process (PID=21393) to work on /home/juliana/Área de Trabalho/datapipeline/.env/lib/python3.8/site-packages/airflow/example_dags/tutorial.py
[2022-09-14T21:22:58.870-0300] {processor.py:640} INFO - Processing file /home/juliana/Área de Trabalho/datapipeline/.env/lib/python3.8/site-packages/airflow/example_dags/tutorial.py for tasks to queue
[2022-09-14T21:22:58.871-0300] {logging_mixin.py:115} INFO - [2022-09-14T21:22:58.871-0300] {dagbag.py:508} INFO - Filling up the DagBag from /home/juliana/Área de Trabalho/datapipeline/.env/lib/python3.8/site-packages/airflow/example_dags/tutorial.py
[2022-09-14T21:22:58.878-0300] {processor.py:650} INFO - DAG(s) dict_keys(['tutorial']) retrieved from /home/juliana/Área de Trabalho/datapipeline/.env/lib/python3.8/site-packages/airflow/example_dags/tutorial.py
[2022-09-14T21:22:58.897-0300] {logging_mixin.py:115} INFO - [2022-09-14T21:22:58.897-0300] {dag.py:2429} INFO - Sync 1 DAGs
[2022-09-14T21:22:58.915-0300] {logging_mixin.py:115} INFO - [2022-09-14T21:22:58.915-0300] {dag.py:2977} INFO - Setting next_dagrun for tutorial to 2022-09-14T00:22:58.915185+00:00, run_after=2022-09-15T00:22:58.915185+00:00
[2022-09-14T21:22:58.931-0300] {processor.py:161} INFO - Processing /home/juliana/Área de Trabalho/datapipeline/.env/lib/python3.8/site-packages/airflow/example_dags/tutorial.py took 0.068 seconds
[2022-09-14T21:23:31.228-0300] {processor.py:153} INFO - Started process (PID=21460) to work on /home/juliana/Área de Trabalho/datapipeline/.env/lib/python3.8/site-packages/airflow/example_dags/tutorial.py
[2022-09-14T21:23:31.230-0300] {processor.py:640} INFO - Processing file /home/juliana/Área de Trabalho/datapipeline/.env/lib/python3.8/site-packages/airflow/example_dags/tutorial.py for tasks to queue
[2022-09-14T21:23:31.231-0300] {logging_mixin.py:115} INFO - [2022-09-14T21:23:31.231-0300] {dagbag.py:508} INFO - Filling up the DagBag from /home/juliana/Área de Trabalho/datapipeline/.env/lib/python3.8/site-packages/airflow/example_dags/tutorial.py
[2022-09-14T21:23:31.241-0300] {processor.py:650} INFO - DAG(s) dict_keys(['tutorial']) retrieved from /home/juliana/Área de Trabalho/datapipeline/.env/lib/python3.8/site-packages/airflow/example_dags/tutorial.py
[2022-09-14T21:23:31.263-0300] {logging_mixin.py:115} INFO - [2022-09-14T21:23:31.261-0300] {dag.py:2429} INFO - Sync 1 DAGs
[2022-09-14T21:23:31.279-0300] {logging_mixin.py:115} INFO - [2022-09-14T21:23:31.279-0300] {dag.py:2977} INFO - Setting next_dagrun for tutorial to 2022-09-14T00:23:31.279384+00:00, run_after=2022-09-15T00:23:31.279384+00:00
[2022-09-14T21:23:31.298-0300] {processor.py:161} INFO - Processing /home/juliana/Área de Trabalho/datapipeline/.env/lib/python3.8/site-packages/airflow/example_dags/tutorial.py took 0.076 seconds
[2022-09-14T21:24:06.716-0300] {processor.py:153} INFO - Started process (PID=21501) to work on /home/juliana/Área de Trabalho/datapipeline/.env/lib/python3.8/site-packages/airflow/example_dags/tutorial.py
[2022-09-14T21:24:06.718-0300] {processor.py:640} INFO - Processing file /home/juliana/Área de Trabalho/datapipeline/.env/lib/python3.8/site-packages/airflow/example_dags/tutorial.py for tasks to queue
[2022-09-14T21:24:06.719-0300] {logging_mixin.py:115} INFO - [2022-09-14T21:24:06.719-0300] {dagbag.py:508} INFO - Filling up the DagBag from /home/juliana/Área de Trabalho/datapipeline/.env/lib/python3.8/site-packages/airflow/example_dags/tutorial.py
[2022-09-14T21:24:06.726-0300] {processor.py:650} INFO - DAG(s) dict_keys(['tutorial']) retrieved from /home/juliana/Área de Trabalho/datapipeline/.env/lib/python3.8/site-packages/airflow/example_dags/tutorial.py
[2022-09-14T21:24:06.752-0300] {logging_mixin.py:115} INFO - [2022-09-14T21:24:06.752-0300] {dag.py:2429} INFO - Sync 1 DAGs
[2022-09-14T21:24:06.774-0300] {logging_mixin.py:115} INFO - [2022-09-14T21:24:06.774-0300] {dag.py:2977} INFO - Setting next_dagrun for tutorial to 2022-09-14T00:24:06.774133+00:00, run_after=2022-09-15T00:24:06.774133+00:00
[2022-09-14T21:24:06.804-0300] {processor.py:161} INFO - Processing /home/juliana/Área de Trabalho/datapipeline/.env/lib/python3.8/site-packages/airflow/example_dags/tutorial.py took 0.095 seconds
[2022-09-14T21:24:40.952-0300] {processor.py:153} INFO - Started process (PID=21550) to work on /home/juliana/Área de Trabalho/datapipeline/.env/lib/python3.8/site-packages/airflow/example_dags/tutorial.py
[2022-09-14T21:24:40.953-0300] {processor.py:640} INFO - Processing file /home/juliana/Área de Trabalho/datapipeline/.env/lib/python3.8/site-packages/airflow/example_dags/tutorial.py for tasks to queue
[2022-09-14T21:24:40.954-0300] {logging_mixin.py:115} INFO - [2022-09-14T21:24:40.954-0300] {dagbag.py:508} INFO - Filling up the DagBag from /home/juliana/Área de Trabalho/datapipeline/.env/lib/python3.8/site-packages/airflow/example_dags/tutorial.py
[2022-09-14T21:24:40.966-0300] {processor.py:650} INFO - DAG(s) dict_keys(['tutorial']) retrieved from /home/juliana/Área de Trabalho/datapipeline/.env/lib/python3.8/site-packages/airflow/example_dags/tutorial.py
[2022-09-14T21:24:40.983-0300] {logging_mixin.py:115} INFO - [2022-09-14T21:24:40.983-0300] {dag.py:2429} INFO - Sync 1 DAGs
[2022-09-14T21:24:41.001-0300] {logging_mixin.py:115} INFO - [2022-09-14T21:24:41.001-0300] {dag.py:2977} INFO - Setting next_dagrun for tutorial to 2022-09-14T00:24:41.001000+00:00, run_after=2022-09-15T00:24:41.001000+00:00
[2022-09-14T21:24:41.018-0300] {processor.py:161} INFO - Processing /home/juliana/Área de Trabalho/datapipeline/.env/lib/python3.8/site-packages/airflow/example_dags/tutorial.py took 0.069 seconds
[2022-09-14T21:25:11.962-0300] {processor.py:153} INFO - Started process (PID=21581) to work on /home/juliana/Área de Trabalho/datapipeline/.env/lib/python3.8/site-packages/airflow/example_dags/tutorial.py
[2022-09-14T21:25:11.963-0300] {processor.py:640} INFO - Processing file /home/juliana/Área de Trabalho/datapipeline/.env/lib/python3.8/site-packages/airflow/example_dags/tutorial.py for tasks to queue
[2022-09-14T21:25:11.964-0300] {logging_mixin.py:115} INFO - [2022-09-14T21:25:11.964-0300] {dagbag.py:508} INFO - Filling up the DagBag from /home/juliana/Área de Trabalho/datapipeline/.env/lib/python3.8/site-packages/airflow/example_dags/tutorial.py
[2022-09-14T21:25:11.970-0300] {processor.py:650} INFO - DAG(s) dict_keys(['tutorial']) retrieved from /home/juliana/Área de Trabalho/datapipeline/.env/lib/python3.8/site-packages/airflow/example_dags/tutorial.py
[2022-09-14T21:25:11.985-0300] {logging_mixin.py:115} INFO - [2022-09-14T21:25:11.984-0300] {dag.py:2429} INFO - Sync 1 DAGs
[2022-09-14T21:25:12.002-0300] {logging_mixin.py:115} INFO - [2022-09-14T21:25:12.002-0300] {dag.py:2977} INFO - Setting next_dagrun for tutorial to 2022-09-14T00:25:12.001796+00:00, run_after=2022-09-15T00:25:12.001796+00:00
[2022-09-14T21:25:12.017-0300] {processor.py:161} INFO - Processing /home/juliana/Área de Trabalho/datapipeline/.env/lib/python3.8/site-packages/airflow/example_dags/tutorial.py took 0.058 seconds
[2022-09-14T21:25:44.282-0300] {processor.py:153} INFO - Started process (PID=21614) to work on /home/juliana/Área de Trabalho/datapipeline/.env/lib/python3.8/site-packages/airflow/example_dags/tutorial.py
[2022-09-14T21:25:44.283-0300] {processor.py:640} INFO - Processing file /home/juliana/Área de Trabalho/datapipeline/.env/lib/python3.8/site-packages/airflow/example_dags/tutorial.py for tasks to queue
[2022-09-14T21:25:44.285-0300] {logging_mixin.py:115} INFO - [2022-09-14T21:25:44.285-0300] {dagbag.py:508} INFO - Filling up the DagBag from /home/juliana/Área de Trabalho/datapipeline/.env/lib/python3.8/site-packages/airflow/example_dags/tutorial.py
[2022-09-14T21:25:44.292-0300] {processor.py:650} INFO - DAG(s) dict_keys(['tutorial']) retrieved from /home/juliana/Área de Trabalho/datapipeline/.env/lib/python3.8/site-packages/airflow/example_dags/tutorial.py
[2022-09-14T21:25:44.318-0300] {logging_mixin.py:115} INFO - [2022-09-14T21:25:44.317-0300] {dag.py:2429} INFO - Sync 1 DAGs
[2022-09-14T21:25:44.337-0300] {logging_mixin.py:115} INFO - [2022-09-14T21:25:44.337-0300] {dag.py:2977} INFO - Setting next_dagrun for tutorial to 2022-09-14T00:25:44.337339+00:00, run_after=2022-09-15T00:25:44.337339+00:00
[2022-09-14T21:25:44.358-0300] {processor.py:161} INFO - Processing /home/juliana/Área de Trabalho/datapipeline/.env/lib/python3.8/site-packages/airflow/example_dags/tutorial.py took 0.080 seconds
[2022-09-14T21:26:16.719-0300] {processor.py:153} INFO - Started process (PID=21648) to work on /home/juliana/Área de Trabalho/datapipeline/.env/lib/python3.8/site-packages/airflow/example_dags/tutorial.py
[2022-09-14T21:26:16.721-0300] {processor.py:640} INFO - Processing file /home/juliana/Área de Trabalho/datapipeline/.env/lib/python3.8/site-packages/airflow/example_dags/tutorial.py for tasks to queue
[2022-09-14T21:26:16.723-0300] {logging_mixin.py:115} INFO - [2022-09-14T21:26:16.723-0300] {dagbag.py:508} INFO - Filling up the DagBag from /home/juliana/Área de Trabalho/datapipeline/.env/lib/python3.8/site-packages/airflow/example_dags/tutorial.py
[2022-09-14T21:26:16.729-0300] {processor.py:650} INFO - DAG(s) dict_keys(['tutorial']) retrieved from /home/juliana/Área de Trabalho/datapipeline/.env/lib/python3.8/site-packages/airflow/example_dags/tutorial.py
[2022-09-14T21:26:16.747-0300] {logging_mixin.py:115} INFO - [2022-09-14T21:26:16.747-0300] {dag.py:2429} INFO - Sync 1 DAGs
[2022-09-14T21:26:16.765-0300] {logging_mixin.py:115} INFO - [2022-09-14T21:26:16.765-0300] {dag.py:2977} INFO - Setting next_dagrun for tutorial to 2022-09-14T00:26:16.765244+00:00, run_after=2022-09-15T00:26:16.765244+00:00
[2022-09-14T21:26:16.787-0300] {processor.py:161} INFO - Processing /home/juliana/Área de Trabalho/datapipeline/.env/lib/python3.8/site-packages/airflow/example_dags/tutorial.py took 0.071 seconds
[2022-09-14T21:26:49.067-0300] {processor.py:153} INFO - Started process (PID=21684) to work on /home/juliana/Área de Trabalho/datapipeline/.env/lib/python3.8/site-packages/airflow/example_dags/tutorial.py
[2022-09-14T21:26:49.068-0300] {processor.py:640} INFO - Processing file /home/juliana/Área de Trabalho/datapipeline/.env/lib/python3.8/site-packages/airflow/example_dags/tutorial.py for tasks to queue
[2022-09-14T21:26:49.069-0300] {logging_mixin.py:115} INFO - [2022-09-14T21:26:49.069-0300] {dagbag.py:508} INFO - Filling up the DagBag from /home/juliana/Área de Trabalho/datapipeline/.env/lib/python3.8/site-packages/airflow/example_dags/tutorial.py
[2022-09-14T21:26:49.077-0300] {processor.py:650} INFO - DAG(s) dict_keys(['tutorial']) retrieved from /home/juliana/Área de Trabalho/datapipeline/.env/lib/python3.8/site-packages/airflow/example_dags/tutorial.py
[2022-09-14T21:26:49.097-0300] {logging_mixin.py:115} INFO - [2022-09-14T21:26:49.097-0300] {dag.py:2429} INFO - Sync 1 DAGs
[2022-09-14T21:26:49.116-0300] {logging_mixin.py:115} INFO - [2022-09-14T21:26:49.115-0300] {dag.py:2977} INFO - Setting next_dagrun for tutorial to 2022-09-14T00:26:49.115647+00:00, run_after=2022-09-15T00:26:49.115647+00:00
[2022-09-14T21:26:49.133-0300] {processor.py:161} INFO - Processing /home/juliana/Área de Trabalho/datapipeline/.env/lib/python3.8/site-packages/airflow/example_dags/tutorial.py took 0.071 seconds
[2022-09-14T21:27:27.233-0300] {processor.py:153} INFO - Started process (PID=21770) to work on /home/juliana/Área de Trabalho/datapipeline/.env/lib/python3.8/site-packages/airflow/example_dags/tutorial.py
[2022-09-14T21:27:27.241-0300] {processor.py:640} INFO - Processing file /home/juliana/Área de Trabalho/datapipeline/.env/lib/python3.8/site-packages/airflow/example_dags/tutorial.py for tasks to queue
[2022-09-14T21:27:27.247-0300] {logging_mixin.py:115} INFO - [2022-09-14T21:27:27.242-0300] {dagbag.py:508} INFO - Filling up the DagBag from /home/juliana/Área de Trabalho/datapipeline/.env/lib/python3.8/site-packages/airflow/example_dags/tutorial.py
[2022-09-14T21:27:27.309-0300] {processor.py:650} INFO - DAG(s) dict_keys(['tutorial']) retrieved from /home/juliana/Área de Trabalho/datapipeline/.env/lib/python3.8/site-packages/airflow/example_dags/tutorial.py
[2022-09-14T21:27:27.443-0300] {logging_mixin.py:115} INFO - [2022-09-14T21:27:27.436-0300] {dag.py:2429} INFO - Sync 1 DAGs
[2022-09-14T21:27:27.583-0300] {logging_mixin.py:115} INFO - [2022-09-14T21:27:27.571-0300] {dag.py:2977} INFO - Setting next_dagrun for tutorial to 2022-09-14T00:27:27.543562+00:00, run_after=2022-09-15T00:27:27.543562+00:00
[2022-09-14T21:27:28.032-0300] {processor.py:161} INFO - Processing /home/juliana/Área de Trabalho/datapipeline/.env/lib/python3.8/site-packages/airflow/example_dags/tutorial.py took 0.816 seconds
[2022-09-14T21:33:01.865-0300] {processor.py:153} INFO - Started process (PID=21859) to work on /home/juliana/Área de Trabalho/datapipeline/.env/lib/python3.8/site-packages/airflow/example_dags/tutorial.py
[2022-09-14T21:33:01.876-0300] {processor.py:640} INFO - Processing file /home/juliana/Área de Trabalho/datapipeline/.env/lib/python3.8/site-packages/airflow/example_dags/tutorial.py for tasks to queue
[2022-09-14T21:33:01.876-0300] {logging_mixin.py:115} INFO - [2022-09-14T21:33:01.876-0300] {dagbag.py:508} INFO - Filling up the DagBag from /home/juliana/Área de Trabalho/datapipeline/.env/lib/python3.8/site-packages/airflow/example_dags/tutorial.py
[2022-09-14T21:33:01.960-0300] {processor.py:650} INFO - DAG(s) dict_keys(['tutorial']) retrieved from /home/juliana/Área de Trabalho/datapipeline/.env/lib/python3.8/site-packages/airflow/example_dags/tutorial.py
[2022-09-14T21:33:02.070-0300] {logging_mixin.py:115} INFO - [2022-09-14T21:33:02.070-0300] {dag.py:2429} INFO - Sync 1 DAGs
[2022-09-14T21:33:02.205-0300] {logging_mixin.py:115} INFO - [2022-09-14T21:33:02.205-0300] {dag.py:2977} INFO - Setting next_dagrun for tutorial to 2022-09-14T00:33:02.189033+00:00, run_after=2022-09-15T00:33:02.189033+00:00
[2022-09-14T21:33:02.297-0300] {processor.py:161} INFO - Processing /home/juliana/Área de Trabalho/datapipeline/.env/lib/python3.8/site-packages/airflow/example_dags/tutorial.py took 0.481 seconds
[2022-09-14T21:38:20.937-0300] {processor.py:153} INFO - Started process (PID=21950) to work on /home/juliana/Área de Trabalho/datapipeline/.env/lib/python3.8/site-packages/airflow/example_dags/tutorial.py
[2022-09-14T21:38:20.946-0300] {processor.py:640} INFO - Processing file /home/juliana/Área de Trabalho/datapipeline/.env/lib/python3.8/site-packages/airflow/example_dags/tutorial.py for tasks to queue
[2022-09-14T21:38:20.947-0300] {logging_mixin.py:115} INFO - [2022-09-14T21:38:20.947-0300] {dagbag.py:508} INFO - Filling up the DagBag from /home/juliana/Área de Trabalho/datapipeline/.env/lib/python3.8/site-packages/airflow/example_dags/tutorial.py
[2022-09-14T21:38:21.924-0300] {processor.py:650} INFO - DAG(s) dict_keys(['tutorial']) retrieved from /home/juliana/Área de Trabalho/datapipeline/.env/lib/python3.8/site-packages/airflow/example_dags/tutorial.py
[2022-09-14T21:38:23.017-0300] {logging_mixin.py:115} INFO - [2022-09-14T21:38:22.912-0300] {dag.py:2429} INFO - Sync 1 DAGs
[2022-09-14T21:38:23.695-0300] {logging_mixin.py:115} INFO - [2022-09-14T21:38:23.650-0300] {dag.py:2977} INFO - Setting next_dagrun for tutorial to 2022-09-14T00:38:23.502906+00:00, run_after=2022-09-15T00:38:23.502906+00:00
[2022-09-14T21:38:29.291-0300] {processor.py:161} INFO - Processing /home/juliana/Área de Trabalho/datapipeline/.env/lib/python3.8/site-packages/airflow/example_dags/tutorial.py took 8.286 seconds
[2022-09-15T13:35:22.544-0300] {processor.py:153} INFO - Started process (PID=7011) to work on /home/juliana/Área de Trabalho/datapipeline/.env/lib/python3.8/site-packages/airflow/example_dags/tutorial.py
[2022-09-15T13:35:22.552-0300] {processor.py:640} INFO - Processing file /home/juliana/Área de Trabalho/datapipeline/.env/lib/python3.8/site-packages/airflow/example_dags/tutorial.py for tasks to queue
[2022-09-15T13:35:22.554-0300] {logging_mixin.py:115} INFO - [2022-09-15T13:35:22.554-0300] {dagbag.py:508} INFO - Filling up the DagBag from /home/juliana/Área de Trabalho/datapipeline/.env/lib/python3.8/site-packages/airflow/example_dags/tutorial.py
[2022-09-15T13:35:22.565-0300] {processor.py:650} INFO - DAG(s) dict_keys(['tutorial']) retrieved from /home/juliana/Área de Trabalho/datapipeline/.env/lib/python3.8/site-packages/airflow/example_dags/tutorial.py
[2022-09-15T13:35:22.588-0300] {logging_mixin.py:115} INFO - [2022-09-15T13:35:22.588-0300] {dag.py:2429} INFO - Sync 1 DAGs
[2022-09-15T13:35:22.610-0300] {logging_mixin.py:115} INFO - [2022-09-15T13:35:22.609-0300] {dag.py:2977} INFO - Setting next_dagrun for tutorial to 2022-09-14T16:35:22.609398+00:00, run_after=2022-09-15T16:35:22.609398+00:00
[2022-09-15T13:35:22.629-0300] {processor.py:161} INFO - Processing /home/juliana/Área de Trabalho/datapipeline/.env/lib/python3.8/site-packages/airflow/example_dags/tutorial.py took 0.090 seconds
[2022-09-15T13:36:07.219-0300] {processor.py:153} INFO - Started process (PID=7421) to work on /home/juliana/Área de Trabalho/datapipeline/.env/lib/python3.8/site-packages/airflow/example_dags/tutorial.py
[2022-09-15T13:36:07.231-0300] {processor.py:640} INFO - Processing file /home/juliana/Área de Trabalho/datapipeline/.env/lib/python3.8/site-packages/airflow/example_dags/tutorial.py for tasks to queue
[2022-09-15T13:36:07.232-0300] {logging_mixin.py:115} INFO - [2022-09-15T13:36:07.231-0300] {dagbag.py:508} INFO - Filling up the DagBag from /home/juliana/Área de Trabalho/datapipeline/.env/lib/python3.8/site-packages/airflow/example_dags/tutorial.py
[2022-09-15T13:36:07.246-0300] {processor.py:650} INFO - DAG(s) dict_keys(['tutorial']) retrieved from /home/juliana/Área de Trabalho/datapipeline/.env/lib/python3.8/site-packages/airflow/example_dags/tutorial.py
[2022-09-15T13:36:07.313-0300] {logging_mixin.py:115} INFO - [2022-09-15T13:36:07.313-0300] {dag.py:2429} INFO - Sync 1 DAGs
[2022-09-15T13:36:07.342-0300] {logging_mixin.py:115} INFO - [2022-09-15T13:36:07.342-0300] {dag.py:2977} INFO - Setting next_dagrun for tutorial to 2022-09-14T16:36:07.342246+00:00, run_after=2022-09-15T16:36:07.342246+00:00
[2022-09-15T13:36:07.374-0300] {processor.py:161} INFO - Processing /home/juliana/Área de Trabalho/datapipeline/.env/lib/python3.8/site-packages/airflow/example_dags/tutorial.py took 0.168 seconds
[2022-09-15T13:36:45.420-0300] {processor.py:153} INFO - Started process (PID=7564) to work on /home/juliana/Área de Trabalho/datapipeline/.env/lib/python3.8/site-packages/airflow/example_dags/tutorial.py
[2022-09-15T13:36:45.428-0300] {processor.py:640} INFO - Processing file /home/juliana/Área de Trabalho/datapipeline/.env/lib/python3.8/site-packages/airflow/example_dags/tutorial.py for tasks to queue
[2022-09-15T13:36:45.429-0300] {logging_mixin.py:115} INFO - [2022-09-15T13:36:45.428-0300] {dagbag.py:508} INFO - Filling up the DagBag from /home/juliana/Área de Trabalho/datapipeline/.env/lib/python3.8/site-packages/airflow/example_dags/tutorial.py
[2022-09-15T13:36:45.438-0300] {processor.py:650} INFO - DAG(s) dict_keys(['tutorial']) retrieved from /home/juliana/Área de Trabalho/datapipeline/.env/lib/python3.8/site-packages/airflow/example_dags/tutorial.py
[2022-09-15T13:36:45.455-0300] {logging_mixin.py:115} INFO - [2022-09-15T13:36:45.455-0300] {dag.py:2429} INFO - Sync 1 DAGs
[2022-09-15T13:36:45.475-0300] {logging_mixin.py:115} INFO - [2022-09-15T13:36:45.475-0300] {dag.py:2977} INFO - Setting next_dagrun for tutorial to 2022-09-14T16:36:45.474769+00:00, run_after=2022-09-15T16:36:45.474769+00:00
[2022-09-15T13:36:45.493-0300] {processor.py:161} INFO - Processing /home/juliana/Área de Trabalho/datapipeline/.env/lib/python3.8/site-packages/airflow/example_dags/tutorial.py took 0.078 seconds
[2022-09-15T13:37:21.731-0300] {processor.py:153} INFO - Started process (PID=7695) to work on /home/juliana/Área de Trabalho/datapipeline/.env/lib/python3.8/site-packages/airflow/example_dags/tutorial.py
[2022-09-15T13:37:21.738-0300] {processor.py:640} INFO - Processing file /home/juliana/Área de Trabalho/datapipeline/.env/lib/python3.8/site-packages/airflow/example_dags/tutorial.py for tasks to queue
[2022-09-15T13:37:21.739-0300] {logging_mixin.py:115} INFO - [2022-09-15T13:37:21.739-0300] {dagbag.py:508} INFO - Filling up the DagBag from /home/juliana/Área de Trabalho/datapipeline/.env/lib/python3.8/site-packages/airflow/example_dags/tutorial.py
[2022-09-15T13:37:21.747-0300] {processor.py:650} INFO - DAG(s) dict_keys(['tutorial']) retrieved from /home/juliana/Área de Trabalho/datapipeline/.env/lib/python3.8/site-packages/airflow/example_dags/tutorial.py
[2022-09-15T13:37:21.767-0300] {logging_mixin.py:115} INFO - [2022-09-15T13:37:21.767-0300] {dag.py:2429} INFO - Sync 1 DAGs
[2022-09-15T13:37:21.788-0300] {logging_mixin.py:115} INFO - [2022-09-15T13:37:21.788-0300] {dag.py:2977} INFO - Setting next_dagrun for tutorial to 2022-09-14T16:37:21.788071+00:00, run_after=2022-09-15T16:37:21.788071+00:00
[2022-09-15T13:37:21.866-0300] {processor.py:161} INFO - Processing /home/juliana/Área de Trabalho/datapipeline/.env/lib/python3.8/site-packages/airflow/example_dags/tutorial.py took 0.140 seconds
[2022-09-15T13:38:02.230-0300] {processor.py:153} INFO - Started process (PID=7835) to work on /home/juliana/Área de Trabalho/datapipeline/.env/lib/python3.8/site-packages/airflow/example_dags/tutorial.py
[2022-09-15T13:38:02.232-0300] {processor.py:640} INFO - Processing file /home/juliana/Área de Trabalho/datapipeline/.env/lib/python3.8/site-packages/airflow/example_dags/tutorial.py for tasks to queue
[2022-09-15T13:38:02.233-0300] {logging_mixin.py:115} INFO - [2022-09-15T13:38:02.233-0300] {dagbag.py:508} INFO - Filling up the DagBag from /home/juliana/Área de Trabalho/datapipeline/.env/lib/python3.8/site-packages/airflow/example_dags/tutorial.py
[2022-09-15T13:38:02.241-0300] {processor.py:650} INFO - DAG(s) dict_keys(['tutorial']) retrieved from /home/juliana/Área de Trabalho/datapipeline/.env/lib/python3.8/site-packages/airflow/example_dags/tutorial.py
[2022-09-15T13:38:02.258-0300] {logging_mixin.py:115} INFO - [2022-09-15T13:38:02.258-0300] {dag.py:2429} INFO - Sync 1 DAGs
[2022-09-15T13:38:02.282-0300] {logging_mixin.py:115} INFO - [2022-09-15T13:38:02.282-0300] {dag.py:2977} INFO - Setting next_dagrun for tutorial to 2022-09-14T16:38:02.282006+00:00, run_after=2022-09-15T16:38:02.282006+00:00
[2022-09-15T13:38:02.303-0300] {processor.py:161} INFO - Processing /home/juliana/Área de Trabalho/datapipeline/.env/lib/python3.8/site-packages/airflow/example_dags/tutorial.py took 0.081 seconds
[2022-09-15T13:38:41.122-0300] {processor.py:153} INFO - Started process (PID=7968) to work on /home/juliana/Área de Trabalho/datapipeline/.env/lib/python3.8/site-packages/airflow/example_dags/tutorial.py
[2022-09-15T13:38:41.127-0300] {processor.py:640} INFO - Processing file /home/juliana/Área de Trabalho/datapipeline/.env/lib/python3.8/site-packages/airflow/example_dags/tutorial.py for tasks to queue
[2022-09-15T13:38:41.128-0300] {logging_mixin.py:115} INFO - [2022-09-15T13:38:41.128-0300] {dagbag.py:508} INFO - Filling up the DagBag from /home/juliana/Área de Trabalho/datapipeline/.env/lib/python3.8/site-packages/airflow/example_dags/tutorial.py
[2022-09-15T13:38:41.153-0300] {processor.py:650} INFO - DAG(s) dict_keys(['tutorial']) retrieved from /home/juliana/Área de Trabalho/datapipeline/.env/lib/python3.8/site-packages/airflow/example_dags/tutorial.py
[2022-09-15T13:38:41.214-0300] {logging_mixin.py:115} INFO - [2022-09-15T13:38:41.214-0300] {dag.py:2429} INFO - Sync 1 DAGs
[2022-09-15T13:38:41.290-0300] {logging_mixin.py:115} INFO - [2022-09-15T13:38:41.290-0300] {dag.py:2977} INFO - Setting next_dagrun for tutorial to 2022-09-14T16:38:41.290225+00:00, run_after=2022-09-15T16:38:41.290225+00:00
[2022-09-15T13:38:41.392-0300] {processor.py:161} INFO - Processing /home/juliana/Área de Trabalho/datapipeline/.env/lib/python3.8/site-packages/airflow/example_dags/tutorial.py took 0.277 seconds
[2022-09-15T13:39:21.674-0300] {processor.py:153} INFO - Started process (PID=8105) to work on /home/juliana/Área de Trabalho/datapipeline/.env/lib/python3.8/site-packages/airflow/example_dags/tutorial.py
[2022-09-15T13:39:21.680-0300] {processor.py:640} INFO - Processing file /home/juliana/Área de Trabalho/datapipeline/.env/lib/python3.8/site-packages/airflow/example_dags/tutorial.py for tasks to queue
[2022-09-15T13:39:21.681-0300] {logging_mixin.py:115} INFO - [2022-09-15T13:39:21.681-0300] {dagbag.py:508} INFO - Filling up the DagBag from /home/juliana/Área de Trabalho/datapipeline/.env/lib/python3.8/site-packages/airflow/example_dags/tutorial.py
[2022-09-15T13:39:21.689-0300] {processor.py:650} INFO - DAG(s) dict_keys(['tutorial']) retrieved from /home/juliana/Área de Trabalho/datapipeline/.env/lib/python3.8/site-packages/airflow/example_dags/tutorial.py
[2022-09-15T13:39:21.708-0300] {logging_mixin.py:115} INFO - [2022-09-15T13:39:21.708-0300] {dag.py:2429} INFO - Sync 1 DAGs
[2022-09-15T13:39:21.740-0300] {logging_mixin.py:115} INFO - [2022-09-15T13:39:21.739-0300] {dag.py:2977} INFO - Setting next_dagrun for tutorial to 2022-09-14T16:39:21.739489+00:00, run_after=2022-09-15T16:39:21.739489+00:00
[2022-09-15T13:39:21.760-0300] {processor.py:161} INFO - Processing /home/juliana/Área de Trabalho/datapipeline/.env/lib/python3.8/site-packages/airflow/example_dags/tutorial.py took 0.096 seconds
[2022-09-15T13:40:00.054-0300] {processor.py:153} INFO - Started process (PID=8236) to work on /home/juliana/Área de Trabalho/datapipeline/.env/lib/python3.8/site-packages/airflow/example_dags/tutorial.py
[2022-09-15T13:40:00.057-0300] {processor.py:640} INFO - Processing file /home/juliana/Área de Trabalho/datapipeline/.env/lib/python3.8/site-packages/airflow/example_dags/tutorial.py for tasks to queue
[2022-09-15T13:40:00.058-0300] {logging_mixin.py:115} INFO - [2022-09-15T13:40:00.058-0300] {dagbag.py:508} INFO - Filling up the DagBag from /home/juliana/Área de Trabalho/datapipeline/.env/lib/python3.8/site-packages/airflow/example_dags/tutorial.py
[2022-09-15T13:40:00.074-0300] {processor.py:650} INFO - DAG(s) dict_keys(['tutorial']) retrieved from /home/juliana/Área de Trabalho/datapipeline/.env/lib/python3.8/site-packages/airflow/example_dags/tutorial.py
[2022-09-15T13:40:00.096-0300] {logging_mixin.py:115} INFO - [2022-09-15T13:40:00.096-0300] {dag.py:2429} INFO - Sync 1 DAGs
[2022-09-15T13:40:00.116-0300] {logging_mixin.py:115} INFO - [2022-09-15T13:40:00.116-0300] {dag.py:2977} INFO - Setting next_dagrun for tutorial to 2022-09-14T16:40:00.116565+00:00, run_after=2022-09-15T16:40:00.116565+00:00
[2022-09-15T13:40:00.134-0300] {processor.py:161} INFO - Processing /home/juliana/Área de Trabalho/datapipeline/.env/lib/python3.8/site-packages/airflow/example_dags/tutorial.py took 0.084 seconds
[2022-09-15T13:40:39.044-0300] {processor.py:153} INFO - Started process (PID=8381) to work on /home/juliana/Área de Trabalho/datapipeline/.env/lib/python3.8/site-packages/airflow/example_dags/tutorial.py
[2022-09-15T13:40:39.052-0300] {processor.py:640} INFO - Processing file /home/juliana/Área de Trabalho/datapipeline/.env/lib/python3.8/site-packages/airflow/example_dags/tutorial.py for tasks to queue
[2022-09-15T13:40:39.054-0300] {logging_mixin.py:115} INFO - [2022-09-15T13:40:39.053-0300] {dagbag.py:508} INFO - Filling up the DagBag from /home/juliana/Área de Trabalho/datapipeline/.env/lib/python3.8/site-packages/airflow/example_dags/tutorial.py
[2022-09-15T13:40:39.062-0300] {processor.py:650} INFO - DAG(s) dict_keys(['tutorial']) retrieved from /home/juliana/Área de Trabalho/datapipeline/.env/lib/python3.8/site-packages/airflow/example_dags/tutorial.py
[2022-09-15T13:40:39.080-0300] {logging_mixin.py:115} INFO - [2022-09-15T13:40:39.080-0300] {dag.py:2429} INFO - Sync 1 DAGs
[2022-09-15T13:40:39.109-0300] {logging_mixin.py:115} INFO - [2022-09-15T13:40:39.109-0300] {dag.py:2977} INFO - Setting next_dagrun for tutorial to 2022-09-14T16:40:39.108562+00:00, run_after=2022-09-15T16:40:39.108562+00:00
[2022-09-15T13:40:39.200-0300] {processor.py:161} INFO - Processing /home/juliana/Área de Trabalho/datapipeline/.env/lib/python3.8/site-packages/airflow/example_dags/tutorial.py took 0.163 seconds
[2022-09-15T13:41:13.966-0300] {processor.py:153} INFO - Started process (PID=8508) to work on /home/juliana/Área de Trabalho/datapipeline/.env/lib/python3.8/site-packages/airflow/example_dags/tutorial.py
[2022-09-15T13:41:13.972-0300] {processor.py:640} INFO - Processing file /home/juliana/Área de Trabalho/datapipeline/.env/lib/python3.8/site-packages/airflow/example_dags/tutorial.py for tasks to queue
[2022-09-15T13:41:13.973-0300] {logging_mixin.py:115} INFO - [2022-09-15T13:41:13.973-0300] {dagbag.py:508} INFO - Filling up the DagBag from /home/juliana/Área de Trabalho/datapipeline/.env/lib/python3.8/site-packages/airflow/example_dags/tutorial.py
[2022-09-15T13:41:13.986-0300] {processor.py:650} INFO - DAG(s) dict_keys(['tutorial']) retrieved from /home/juliana/Área de Trabalho/datapipeline/.env/lib/python3.8/site-packages/airflow/example_dags/tutorial.py
[2022-09-15T13:41:14.015-0300] {logging_mixin.py:115} INFO - [2022-09-15T13:41:14.015-0300] {dag.py:2429} INFO - Sync 1 DAGs
[2022-09-15T13:41:14.036-0300] {logging_mixin.py:115} INFO - [2022-09-15T13:41:14.035-0300] {dag.py:2977} INFO - Setting next_dagrun for tutorial to 2022-09-14T16:41:14.035714+00:00, run_after=2022-09-15T16:41:14.035714+00:00
[2022-09-15T13:41:14.060-0300] {processor.py:161} INFO - Processing /home/juliana/Área de Trabalho/datapipeline/.env/lib/python3.8/site-packages/airflow/example_dags/tutorial.py took 0.100 seconds
[2022-09-15T13:41:47.231-0300] {processor.py:153} INFO - Started process (PID=8628) to work on /home/juliana/Área de Trabalho/datapipeline/.env/lib/python3.8/site-packages/airflow/example_dags/tutorial.py
[2022-09-15T13:41:47.238-0300] {processor.py:640} INFO - Processing file /home/juliana/Área de Trabalho/datapipeline/.env/lib/python3.8/site-packages/airflow/example_dags/tutorial.py for tasks to queue
[2022-09-15T13:41:47.239-0300] {logging_mixin.py:115} INFO - [2022-09-15T13:41:47.239-0300] {dagbag.py:508} INFO - Filling up the DagBag from /home/juliana/Área de Trabalho/datapipeline/.env/lib/python3.8/site-packages/airflow/example_dags/tutorial.py
[2022-09-15T13:41:47.247-0300] {processor.py:650} INFO - DAG(s) dict_keys(['tutorial']) retrieved from /home/juliana/Área de Trabalho/datapipeline/.env/lib/python3.8/site-packages/airflow/example_dags/tutorial.py
[2022-09-15T13:41:47.267-0300] {logging_mixin.py:115} INFO - [2022-09-15T13:41:47.267-0300] {dag.py:2429} INFO - Sync 1 DAGs
[2022-09-15T13:41:47.288-0300] {logging_mixin.py:115} INFO - [2022-09-15T13:41:47.288-0300] {dag.py:2977} INFO - Setting next_dagrun for tutorial to 2022-09-14T16:41:47.288379+00:00, run_after=2022-09-15T16:41:47.288379+00:00
[2022-09-15T13:41:47.305-0300] {processor.py:161} INFO - Processing /home/juliana/Área de Trabalho/datapipeline/.env/lib/python3.8/site-packages/airflow/example_dags/tutorial.py took 0.080 seconds
[2022-09-15T13:42:21.580-0300] {processor.py:153} INFO - Started process (PID=8759) to work on /home/juliana/Área de Trabalho/datapipeline/.env/lib/python3.8/site-packages/airflow/example_dags/tutorial.py
[2022-09-15T13:42:21.588-0300] {processor.py:640} INFO - Processing file /home/juliana/Área de Trabalho/datapipeline/.env/lib/python3.8/site-packages/airflow/example_dags/tutorial.py for tasks to queue
[2022-09-15T13:42:21.589-0300] {logging_mixin.py:115} INFO - [2022-09-15T13:42:21.588-0300] {dagbag.py:508} INFO - Filling up the DagBag from /home/juliana/Área de Trabalho/datapipeline/.env/lib/python3.8/site-packages/airflow/example_dags/tutorial.py
[2022-09-15T13:42:21.602-0300] {processor.py:650} INFO - DAG(s) dict_keys(['tutorial']) retrieved from /home/juliana/Área de Trabalho/datapipeline/.env/lib/python3.8/site-packages/airflow/example_dags/tutorial.py
[2022-09-15T13:42:21.623-0300] {logging_mixin.py:115} INFO - [2022-09-15T13:42:21.623-0300] {dag.py:2429} INFO - Sync 1 DAGs
[2022-09-15T13:42:21.653-0300] {logging_mixin.py:115} INFO - [2022-09-15T13:42:21.652-0300] {dag.py:2977} INFO - Setting next_dagrun for tutorial to 2022-09-14T16:42:21.652659+00:00, run_after=2022-09-15T16:42:21.652659+00:00
[2022-09-15T13:42:21.672-0300] {processor.py:161} INFO - Processing /home/juliana/Área de Trabalho/datapipeline/.env/lib/python3.8/site-packages/airflow/example_dags/tutorial.py took 0.097 seconds
[2022-09-15T13:43:03.292-0300] {processor.py:153} INFO - Started process (PID=8888) to work on /home/juliana/Área de Trabalho/datapipeline/.env/lib/python3.8/site-packages/airflow/example_dags/tutorial.py
[2022-09-15T13:43:03.295-0300] {processor.py:640} INFO - Processing file /home/juliana/Área de Trabalho/datapipeline/.env/lib/python3.8/site-packages/airflow/example_dags/tutorial.py for tasks to queue
[2022-09-15T13:43:03.297-0300] {logging_mixin.py:115} INFO - [2022-09-15T13:43:03.297-0300] {dagbag.py:508} INFO - Filling up the DagBag from /home/juliana/Área de Trabalho/datapipeline/.env/lib/python3.8/site-packages/airflow/example_dags/tutorial.py
[2022-09-15T13:43:03.326-0300] {processor.py:650} INFO - DAG(s) dict_keys(['tutorial']) retrieved from /home/juliana/Área de Trabalho/datapipeline/.env/lib/python3.8/site-packages/airflow/example_dags/tutorial.py
[2022-09-15T13:43:03.360-0300] {logging_mixin.py:115} INFO - [2022-09-15T13:43:03.360-0300] {dag.py:2429} INFO - Sync 1 DAGs
[2022-09-15T13:43:03.394-0300] {logging_mixin.py:115} INFO - [2022-09-15T13:43:03.394-0300] {dag.py:2977} INFO - Setting next_dagrun for tutorial to 2022-09-14T16:43:03.394156+00:00, run_after=2022-09-15T16:43:03.394156+00:00
[2022-09-15T13:43:03.608-0300] {processor.py:161} INFO - Processing /home/juliana/Área de Trabalho/datapipeline/.env/lib/python3.8/site-packages/airflow/example_dags/tutorial.py took 0.324 seconds
