[2022-09-14T21:00:20.268-0300] {processor.py:153} INFO - Started process (PID=19984) to work on /home/juliana/Área de Trabalho/datapipeline/.env/lib/python3.8/site-packages/airflow/example_dags/tutorial_taskflow_api_etl.py
[2022-09-14T21:00:20.269-0300] {processor.py:640} INFO - Processing file /home/juliana/Área de Trabalho/datapipeline/.env/lib/python3.8/site-packages/airflow/example_dags/tutorial_taskflow_api_etl.py for tasks to queue
[2022-09-14T21:00:20.270-0300] {logging_mixin.py:115} INFO - [2022-09-14T21:00:20.270-0300] {dagbag.py:508} INFO - Filling up the DagBag from /home/juliana/Área de Trabalho/datapipeline/.env/lib/python3.8/site-packages/airflow/example_dags/tutorial_taskflow_api_etl.py
[2022-09-14T21:00:20.292-0300] {processor.py:650} INFO - DAG(s) dict_keys(['tutorial_taskflow_api_etl']) retrieved from /home/juliana/Área de Trabalho/datapipeline/.env/lib/python3.8/site-packages/airflow/example_dags/tutorial_taskflow_api_etl.py
[2022-09-14T21:00:20.313-0300] {logging_mixin.py:115} INFO - [2022-09-14T21:00:20.313-0300] {dag.py:2429} INFO - Sync 1 DAGs
[2022-09-14T21:00:20.328-0300] {logging_mixin.py:115} INFO - [2022-09-14T21:00:20.327-0300] {dag.py:2977} INFO - Setting next_dagrun for tutorial_taskflow_api_etl to None, run_after=None
[2022-09-14T21:00:20.344-0300] {processor.py:161} INFO - Processing /home/juliana/Área de Trabalho/datapipeline/.env/lib/python3.8/site-packages/airflow/example_dags/tutorial_taskflow_api_etl.py took 0.082 seconds
[2022-09-14T21:00:51.288-0300] {processor.py:153} INFO - Started process (PID=20016) to work on /home/juliana/Área de Trabalho/datapipeline/.env/lib/python3.8/site-packages/airflow/example_dags/tutorial_taskflow_api_etl.py
[2022-09-14T21:00:51.289-0300] {processor.py:640} INFO - Processing file /home/juliana/Área de Trabalho/datapipeline/.env/lib/python3.8/site-packages/airflow/example_dags/tutorial_taskflow_api_etl.py for tasks to queue
[2022-09-14T21:00:51.289-0300] {logging_mixin.py:115} INFO - [2022-09-14T21:00:51.289-0300] {dagbag.py:508} INFO - Filling up the DagBag from /home/juliana/Área de Trabalho/datapipeline/.env/lib/python3.8/site-packages/airflow/example_dags/tutorial_taskflow_api_etl.py
[2022-09-14T21:00:51.305-0300] {processor.py:650} INFO - DAG(s) dict_keys(['tutorial_taskflow_api_etl']) retrieved from /home/juliana/Área de Trabalho/datapipeline/.env/lib/python3.8/site-packages/airflow/example_dags/tutorial_taskflow_api_etl.py
[2022-09-14T21:00:51.321-0300] {logging_mixin.py:115} INFO - [2022-09-14T21:00:51.321-0300] {dag.py:2429} INFO - Sync 1 DAGs
[2022-09-14T21:00:51.338-0300] {logging_mixin.py:115} INFO - [2022-09-14T21:00:51.338-0300] {dag.py:2977} INFO - Setting next_dagrun for tutorial_taskflow_api_etl to None, run_after=None
[2022-09-14T21:00:51.355-0300] {processor.py:161} INFO - Processing /home/juliana/Área de Trabalho/datapipeline/.env/lib/python3.8/site-packages/airflow/example_dags/tutorial_taskflow_api_etl.py took 0.069 seconds
[2022-09-14T21:01:22.387-0300] {processor.py:153} INFO - Started process (PID=20048) to work on /home/juliana/Área de Trabalho/datapipeline/.env/lib/python3.8/site-packages/airflow/example_dags/tutorial_taskflow_api_etl.py
[2022-09-14T21:01:22.388-0300] {processor.py:640} INFO - Processing file /home/juliana/Área de Trabalho/datapipeline/.env/lib/python3.8/site-packages/airflow/example_dags/tutorial_taskflow_api_etl.py for tasks to queue
[2022-09-14T21:01:22.389-0300] {logging_mixin.py:115} INFO - [2022-09-14T21:01:22.388-0300] {dagbag.py:508} INFO - Filling up the DagBag from /home/juliana/Área de Trabalho/datapipeline/.env/lib/python3.8/site-packages/airflow/example_dags/tutorial_taskflow_api_etl.py
[2022-09-14T21:01:22.413-0300] {processor.py:650} INFO - DAG(s) dict_keys(['tutorial_taskflow_api_etl']) retrieved from /home/juliana/Área de Trabalho/datapipeline/.env/lib/python3.8/site-packages/airflow/example_dags/tutorial_taskflow_api_etl.py
[2022-09-14T21:01:22.436-0300] {logging_mixin.py:115} INFO - [2022-09-14T21:01:22.436-0300] {dag.py:2429} INFO - Sync 1 DAGs
[2022-09-14T21:01:22.453-0300] {logging_mixin.py:115} INFO - [2022-09-14T21:01:22.453-0300] {dag.py:2977} INFO - Setting next_dagrun for tutorial_taskflow_api_etl to None, run_after=None
[2022-09-14T21:01:22.471-0300] {processor.py:161} INFO - Processing /home/juliana/Área de Trabalho/datapipeline/.env/lib/python3.8/site-packages/airflow/example_dags/tutorial_taskflow_api_etl.py took 0.088 seconds
[2022-09-14T21:01:53.860-0300] {processor.py:153} INFO - Started process (PID=20082) to work on /home/juliana/Área de Trabalho/datapipeline/.env/lib/python3.8/site-packages/airflow/example_dags/tutorial_taskflow_api_etl.py
[2022-09-14T21:01:53.862-0300] {processor.py:640} INFO - Processing file /home/juliana/Área de Trabalho/datapipeline/.env/lib/python3.8/site-packages/airflow/example_dags/tutorial_taskflow_api_etl.py for tasks to queue
[2022-09-14T21:01:53.864-0300] {logging_mixin.py:115} INFO - [2022-09-14T21:01:53.864-0300] {dagbag.py:508} INFO - Filling up the DagBag from /home/juliana/Área de Trabalho/datapipeline/.env/lib/python3.8/site-packages/airflow/example_dags/tutorial_taskflow_api_etl.py
[2022-09-14T21:01:53.901-0300] {processor.py:650} INFO - DAG(s) dict_keys(['tutorial_taskflow_api_etl']) retrieved from /home/juliana/Área de Trabalho/datapipeline/.env/lib/python3.8/site-packages/airflow/example_dags/tutorial_taskflow_api_etl.py
[2022-09-14T21:01:53.919-0300] {logging_mixin.py:115} INFO - [2022-09-14T21:01:53.918-0300] {dag.py:2429} INFO - Sync 1 DAGs
[2022-09-14T21:01:53.934-0300] {logging_mixin.py:115} INFO - [2022-09-14T21:01:53.934-0300] {dag.py:2977} INFO - Setting next_dagrun for tutorial_taskflow_api_etl to None, run_after=None
[2022-09-14T21:01:53.951-0300] {processor.py:161} INFO - Processing /home/juliana/Área de Trabalho/datapipeline/.env/lib/python3.8/site-packages/airflow/example_dags/tutorial_taskflow_api_etl.py took 0.097 seconds
[2022-09-14T21:02:25.815-0300] {processor.py:153} INFO - Started process (PID=20133) to work on /home/juliana/Área de Trabalho/datapipeline/.env/lib/python3.8/site-packages/airflow/example_dags/tutorial_taskflow_api_etl.py
[2022-09-14T21:02:25.817-0300] {processor.py:640} INFO - Processing file /home/juliana/Área de Trabalho/datapipeline/.env/lib/python3.8/site-packages/airflow/example_dags/tutorial_taskflow_api_etl.py for tasks to queue
[2022-09-14T21:02:25.818-0300] {logging_mixin.py:115} INFO - [2022-09-14T21:02:25.818-0300] {dagbag.py:508} INFO - Filling up the DagBag from /home/juliana/Área de Trabalho/datapipeline/.env/lib/python3.8/site-packages/airflow/example_dags/tutorial_taskflow_api_etl.py
[2022-09-14T21:02:25.856-0300] {processor.py:650} INFO - DAG(s) dict_keys(['tutorial_taskflow_api_etl']) retrieved from /home/juliana/Área de Trabalho/datapipeline/.env/lib/python3.8/site-packages/airflow/example_dags/tutorial_taskflow_api_etl.py
[2022-09-14T21:02:25.938-0300] {logging_mixin.py:115} INFO - [2022-09-14T21:02:25.938-0300] {dag.py:2429} INFO - Sync 1 DAGs
[2022-09-14T21:02:25.956-0300] {logging_mixin.py:115} INFO - [2022-09-14T21:02:25.956-0300] {dag.py:2977} INFO - Setting next_dagrun for tutorial_taskflow_api_etl to None, run_after=None
[2022-09-14T21:02:25.972-0300] {processor.py:161} INFO - Processing /home/juliana/Área de Trabalho/datapipeline/.env/lib/python3.8/site-packages/airflow/example_dags/tutorial_taskflow_api_etl.py took 0.162 seconds
[2022-09-14T21:03:26.548-0300] {processor.py:153} INFO - Started process (PID=20191) to work on /home/juliana/Área de Trabalho/datapipeline/.env/lib/python3.8/site-packages/airflow/example_dags/tutorial_taskflow_api_etl.py
[2022-09-14T21:03:26.550-0300] {processor.py:640} INFO - Processing file /home/juliana/Área de Trabalho/datapipeline/.env/lib/python3.8/site-packages/airflow/example_dags/tutorial_taskflow_api_etl.py for tasks to queue
[2022-09-14T21:03:26.551-0300] {logging_mixin.py:115} INFO - [2022-09-14T21:03:26.551-0300] {dagbag.py:508} INFO - Filling up the DagBag from /home/juliana/Área de Trabalho/datapipeline/.env/lib/python3.8/site-packages/airflow/example_dags/tutorial_taskflow_api_etl.py
[2022-09-14T21:03:26.613-0300] {processor.py:650} INFO - DAG(s) dict_keys(['tutorial_taskflow_api_etl']) retrieved from /home/juliana/Área de Trabalho/datapipeline/.env/lib/python3.8/site-packages/airflow/example_dags/tutorial_taskflow_api_etl.py
[2022-09-14T21:03:26.659-0300] {logging_mixin.py:115} INFO - [2022-09-14T21:03:26.659-0300] {dag.py:2429} INFO - Sync 1 DAGs
[2022-09-14T21:03:26.682-0300] {logging_mixin.py:115} INFO - [2022-09-14T21:03:26.682-0300] {dag.py:2977} INFO - Setting next_dagrun for tutorial_taskflow_api_etl to None, run_after=None
[2022-09-14T21:03:26.715-0300] {processor.py:161} INFO - Processing /home/juliana/Área de Trabalho/datapipeline/.env/lib/python3.8/site-packages/airflow/example_dags/tutorial_taskflow_api_etl.py took 0.171 seconds
[2022-09-14T21:03:57.064-0300] {processor.py:153} INFO - Started process (PID=20219) to work on /home/juliana/Área de Trabalho/datapipeline/.env/lib/python3.8/site-packages/airflow/example_dags/tutorial_taskflow_api_etl.py
[2022-09-14T21:03:57.066-0300] {processor.py:640} INFO - Processing file /home/juliana/Área de Trabalho/datapipeline/.env/lib/python3.8/site-packages/airflow/example_dags/tutorial_taskflow_api_etl.py for tasks to queue
[2022-09-14T21:03:57.067-0300] {logging_mixin.py:115} INFO - [2022-09-14T21:03:57.066-0300] {dagbag.py:508} INFO - Filling up the DagBag from /home/juliana/Área de Trabalho/datapipeline/.env/lib/python3.8/site-packages/airflow/example_dags/tutorial_taskflow_api_etl.py
[2022-09-14T21:03:57.110-0300] {processor.py:650} INFO - DAG(s) dict_keys(['tutorial_taskflow_api_etl']) retrieved from /home/juliana/Área de Trabalho/datapipeline/.env/lib/python3.8/site-packages/airflow/example_dags/tutorial_taskflow_api_etl.py
[2022-09-14T21:03:57.135-0300] {logging_mixin.py:115} INFO - [2022-09-14T21:03:57.135-0300] {dag.py:2429} INFO - Sync 1 DAGs
[2022-09-14T21:03:57.156-0300] {logging_mixin.py:115} INFO - [2022-09-14T21:03:57.155-0300] {dag.py:2977} INFO - Setting next_dagrun for tutorial_taskflow_api_etl to None, run_after=None
[2022-09-14T21:03:57.180-0300] {processor.py:161} INFO - Processing /home/juliana/Área de Trabalho/datapipeline/.env/lib/python3.8/site-packages/airflow/example_dags/tutorial_taskflow_api_etl.py took 0.122 seconds
[2022-09-14T21:04:31.746-0300] {processor.py:153} INFO - Started process (PID=20251) to work on /home/juliana/Área de Trabalho/datapipeline/.env/lib/python3.8/site-packages/airflow/example_dags/tutorial_taskflow_api_etl.py
[2022-09-14T21:04:31.748-0300] {processor.py:640} INFO - Processing file /home/juliana/Área de Trabalho/datapipeline/.env/lib/python3.8/site-packages/airflow/example_dags/tutorial_taskflow_api_etl.py for tasks to queue
[2022-09-14T21:04:31.749-0300] {logging_mixin.py:115} INFO - [2022-09-14T21:04:31.749-0300] {dagbag.py:508} INFO - Filling up the DagBag from /home/juliana/Área de Trabalho/datapipeline/.env/lib/python3.8/site-packages/airflow/example_dags/tutorial_taskflow_api_etl.py
[2022-09-14T21:04:31.773-0300] {processor.py:650} INFO - DAG(s) dict_keys(['tutorial_taskflow_api_etl']) retrieved from /home/juliana/Área de Trabalho/datapipeline/.env/lib/python3.8/site-packages/airflow/example_dags/tutorial_taskflow_api_etl.py
[2022-09-14T21:04:31.790-0300] {logging_mixin.py:115} INFO - [2022-09-14T21:04:31.790-0300] {dag.py:2429} INFO - Sync 1 DAGs
[2022-09-14T21:04:31.805-0300] {logging_mixin.py:115} INFO - [2022-09-14T21:04:31.805-0300] {dag.py:2977} INFO - Setting next_dagrun for tutorial_taskflow_api_etl to None, run_after=None
[2022-09-14T21:04:31.819-0300] {processor.py:161} INFO - Processing /home/juliana/Área de Trabalho/datapipeline/.env/lib/python3.8/site-packages/airflow/example_dags/tutorial_taskflow_api_etl.py took 0.079 seconds
[2022-09-14T21:05:26.096-0300] {processor.py:153} INFO - Started process (PID=20281) to work on /home/juliana/Área de Trabalho/datapipeline/.env/lib/python3.8/site-packages/airflow/example_dags/tutorial_taskflow_api_etl.py
[2022-09-14T21:05:26.103-0300] {processor.py:640} INFO - Processing file /home/juliana/Área de Trabalho/datapipeline/.env/lib/python3.8/site-packages/airflow/example_dags/tutorial_taskflow_api_etl.py for tasks to queue
[2022-09-14T21:05:26.103-0300] {logging_mixin.py:115} INFO - [2022-09-14T21:05:26.103-0300] {dagbag.py:508} INFO - Filling up the DagBag from /home/juliana/Área de Trabalho/datapipeline/.env/lib/python3.8/site-packages/airflow/example_dags/tutorial_taskflow_api_etl.py
[2022-09-14T21:05:26.240-0300] {processor.py:650} INFO - DAG(s) dict_keys(['tutorial_taskflow_api_etl']) retrieved from /home/juliana/Área de Trabalho/datapipeline/.env/lib/python3.8/site-packages/airflow/example_dags/tutorial_taskflow_api_etl.py
[2022-09-14T21:05:26.340-0300] {logging_mixin.py:115} INFO - [2022-09-14T21:05:26.338-0300] {dag.py:2429} INFO - Sync 1 DAGs
[2022-09-14T21:05:26.411-0300] {logging_mixin.py:115} INFO - [2022-09-14T21:05:26.410-0300] {dag.py:2977} INFO - Setting next_dagrun for tutorial_taskflow_api_etl to None, run_after=None
[2022-09-14T21:05:26.560-0300] {processor.py:161} INFO - Processing /home/juliana/Área de Trabalho/datapipeline/.env/lib/python3.8/site-packages/airflow/example_dags/tutorial_taskflow_api_etl.py took 0.471 seconds
[2022-09-14T21:06:00.862-0300] {processor.py:153} INFO - Started process (PID=20302) to work on /home/juliana/Área de Trabalho/datapipeline/.env/lib/python3.8/site-packages/airflow/example_dags/tutorial_taskflow_api_etl.py
[2022-09-14T21:06:00.864-0300] {processor.py:640} INFO - Processing file /home/juliana/Área de Trabalho/datapipeline/.env/lib/python3.8/site-packages/airflow/example_dags/tutorial_taskflow_api_etl.py for tasks to queue
[2022-09-14T21:06:00.864-0300] {logging_mixin.py:115} INFO - [2022-09-14T21:06:00.864-0300] {dagbag.py:508} INFO - Filling up the DagBag from /home/juliana/Área de Trabalho/datapipeline/.env/lib/python3.8/site-packages/airflow/example_dags/tutorial_taskflow_api_etl.py
[2022-09-14T21:06:00.885-0300] {processor.py:650} INFO - DAG(s) dict_keys(['tutorial_taskflow_api_etl']) retrieved from /home/juliana/Área de Trabalho/datapipeline/.env/lib/python3.8/site-packages/airflow/example_dags/tutorial_taskflow_api_etl.py
[2022-09-14T21:06:00.902-0300] {logging_mixin.py:115} INFO - [2022-09-14T21:06:00.902-0300] {dag.py:2429} INFO - Sync 1 DAGs
[2022-09-14T21:06:00.920-0300] {logging_mixin.py:115} INFO - [2022-09-14T21:06:00.920-0300] {dag.py:2977} INFO - Setting next_dagrun for tutorial_taskflow_api_etl to None, run_after=None
[2022-09-14T21:06:00.937-0300] {processor.py:161} INFO - Processing /home/juliana/Área de Trabalho/datapipeline/.env/lib/python3.8/site-packages/airflow/example_dags/tutorial_taskflow_api_etl.py took 0.077 seconds
[2022-09-14T21:06:35.228-0300] {processor.py:153} INFO - Started process (PID=20337) to work on /home/juliana/Área de Trabalho/datapipeline/.env/lib/python3.8/site-packages/airflow/example_dags/tutorial_taskflow_api_etl.py
[2022-09-14T21:06:35.230-0300] {processor.py:640} INFO - Processing file /home/juliana/Área de Trabalho/datapipeline/.env/lib/python3.8/site-packages/airflow/example_dags/tutorial_taskflow_api_etl.py for tasks to queue
[2022-09-14T21:06:35.231-0300] {logging_mixin.py:115} INFO - [2022-09-14T21:06:35.230-0300] {dagbag.py:508} INFO - Filling up the DagBag from /home/juliana/Área de Trabalho/datapipeline/.env/lib/python3.8/site-packages/airflow/example_dags/tutorial_taskflow_api_etl.py
[2022-09-14T21:06:35.255-0300] {processor.py:650} INFO - DAG(s) dict_keys(['tutorial_taskflow_api_etl']) retrieved from /home/juliana/Área de Trabalho/datapipeline/.env/lib/python3.8/site-packages/airflow/example_dags/tutorial_taskflow_api_etl.py
[2022-09-14T21:06:35.272-0300] {logging_mixin.py:115} INFO - [2022-09-14T21:06:35.272-0300] {dag.py:2429} INFO - Sync 1 DAGs
[2022-09-14T21:06:35.287-0300] {logging_mixin.py:115} INFO - [2022-09-14T21:06:35.287-0300] {dag.py:2977} INFO - Setting next_dagrun for tutorial_taskflow_api_etl to None, run_after=None
[2022-09-14T21:06:35.308-0300] {processor.py:161} INFO - Processing /home/juliana/Área de Trabalho/datapipeline/.env/lib/python3.8/site-packages/airflow/example_dags/tutorial_taskflow_api_etl.py took 0.085 seconds
[2022-09-14T21:07:08.125-0300] {processor.py:153} INFO - Started process (PID=20371) to work on /home/juliana/Área de Trabalho/datapipeline/.env/lib/python3.8/site-packages/airflow/example_dags/tutorial_taskflow_api_etl.py
[2022-09-14T21:07:08.126-0300] {processor.py:640} INFO - Processing file /home/juliana/Área de Trabalho/datapipeline/.env/lib/python3.8/site-packages/airflow/example_dags/tutorial_taskflow_api_etl.py for tasks to queue
[2022-09-14T21:07:08.129-0300] {logging_mixin.py:115} INFO - [2022-09-14T21:07:08.128-0300] {dagbag.py:508} INFO - Filling up the DagBag from /home/juliana/Área de Trabalho/datapipeline/.env/lib/python3.8/site-packages/airflow/example_dags/tutorial_taskflow_api_etl.py
[2022-09-14T21:07:08.160-0300] {processor.py:650} INFO - DAG(s) dict_keys(['tutorial_taskflow_api_etl']) retrieved from /home/juliana/Área de Trabalho/datapipeline/.env/lib/python3.8/site-packages/airflow/example_dags/tutorial_taskflow_api_etl.py
[2022-09-14T21:07:08.210-0300] {logging_mixin.py:115} INFO - [2022-09-14T21:07:08.210-0300] {dag.py:2429} INFO - Sync 1 DAGs
[2022-09-14T21:07:08.231-0300] {logging_mixin.py:115} INFO - [2022-09-14T21:07:08.231-0300] {dag.py:2977} INFO - Setting next_dagrun for tutorial_taskflow_api_etl to None, run_after=None
[2022-09-14T21:07:08.249-0300] {processor.py:161} INFO - Processing /home/juliana/Área de Trabalho/datapipeline/.env/lib/python3.8/site-packages/airflow/example_dags/tutorial_taskflow_api_etl.py took 0.132 seconds
[2022-09-14T21:07:42.275-0300] {processor.py:153} INFO - Started process (PID=20410) to work on /home/juliana/Área de Trabalho/datapipeline/.env/lib/python3.8/site-packages/airflow/example_dags/tutorial_taskflow_api_etl.py
[2022-09-14T21:07:42.276-0300] {processor.py:640} INFO - Processing file /home/juliana/Área de Trabalho/datapipeline/.env/lib/python3.8/site-packages/airflow/example_dags/tutorial_taskflow_api_etl.py for tasks to queue
[2022-09-14T21:07:42.277-0300] {logging_mixin.py:115} INFO - [2022-09-14T21:07:42.277-0300] {dagbag.py:508} INFO - Filling up the DagBag from /home/juliana/Área de Trabalho/datapipeline/.env/lib/python3.8/site-packages/airflow/example_dags/tutorial_taskflow_api_etl.py
[2022-09-14T21:07:42.295-0300] {processor.py:650} INFO - DAG(s) dict_keys(['tutorial_taskflow_api_etl']) retrieved from /home/juliana/Área de Trabalho/datapipeline/.env/lib/python3.8/site-packages/airflow/example_dags/tutorial_taskflow_api_etl.py
[2022-09-14T21:07:42.309-0300] {logging_mixin.py:115} INFO - [2022-09-14T21:07:42.309-0300] {dag.py:2429} INFO - Sync 1 DAGs
[2022-09-14T21:07:42.326-0300] {logging_mixin.py:115} INFO - [2022-09-14T21:07:42.325-0300] {dag.py:2977} INFO - Setting next_dagrun for tutorial_taskflow_api_etl to None, run_after=None
[2022-09-14T21:07:42.339-0300] {processor.py:161} INFO - Processing /home/juliana/Área de Trabalho/datapipeline/.env/lib/python3.8/site-packages/airflow/example_dags/tutorial_taskflow_api_etl.py took 0.069 seconds
[2022-09-14T21:08:14.139-0300] {processor.py:153} INFO - Started process (PID=20446) to work on /home/juliana/Área de Trabalho/datapipeline/.env/lib/python3.8/site-packages/airflow/example_dags/tutorial_taskflow_api_etl.py
[2022-09-14T21:08:14.140-0300] {processor.py:640} INFO - Processing file /home/juliana/Área de Trabalho/datapipeline/.env/lib/python3.8/site-packages/airflow/example_dags/tutorial_taskflow_api_etl.py for tasks to queue
[2022-09-14T21:08:14.141-0300] {logging_mixin.py:115} INFO - [2022-09-14T21:08:14.141-0300] {dagbag.py:508} INFO - Filling up the DagBag from /home/juliana/Área de Trabalho/datapipeline/.env/lib/python3.8/site-packages/airflow/example_dags/tutorial_taskflow_api_etl.py
[2022-09-14T21:08:14.160-0300] {processor.py:650} INFO - DAG(s) dict_keys(['tutorial_taskflow_api_etl']) retrieved from /home/juliana/Área de Trabalho/datapipeline/.env/lib/python3.8/site-packages/airflow/example_dags/tutorial_taskflow_api_etl.py
[2022-09-14T21:08:14.174-0300] {logging_mixin.py:115} INFO - [2022-09-14T21:08:14.174-0300] {dag.py:2429} INFO - Sync 1 DAGs
[2022-09-14T21:08:14.190-0300] {logging_mixin.py:115} INFO - [2022-09-14T21:08:14.190-0300] {dag.py:2977} INFO - Setting next_dagrun for tutorial_taskflow_api_etl to None, run_after=None
[2022-09-14T21:08:14.206-0300] {processor.py:161} INFO - Processing /home/juliana/Área de Trabalho/datapipeline/.env/lib/python3.8/site-packages/airflow/example_dags/tutorial_taskflow_api_etl.py took 0.072 seconds
[2022-09-14T21:08:47.466-0300] {processor.py:153} INFO - Started process (PID=20478) to work on /home/juliana/Área de Trabalho/datapipeline/.env/lib/python3.8/site-packages/airflow/example_dags/tutorial_taskflow_api_etl.py
[2022-09-14T21:08:47.467-0300] {processor.py:640} INFO - Processing file /home/juliana/Área de Trabalho/datapipeline/.env/lib/python3.8/site-packages/airflow/example_dags/tutorial_taskflow_api_etl.py for tasks to queue
[2022-09-14T21:08:47.467-0300] {logging_mixin.py:115} INFO - [2022-09-14T21:08:47.467-0300] {dagbag.py:508} INFO - Filling up the DagBag from /home/juliana/Área de Trabalho/datapipeline/.env/lib/python3.8/site-packages/airflow/example_dags/tutorial_taskflow_api_etl.py
[2022-09-14T21:08:47.483-0300] {processor.py:650} INFO - DAG(s) dict_keys(['tutorial_taskflow_api_etl']) retrieved from /home/juliana/Área de Trabalho/datapipeline/.env/lib/python3.8/site-packages/airflow/example_dags/tutorial_taskflow_api_etl.py
[2022-09-14T21:08:47.496-0300] {logging_mixin.py:115} INFO - [2022-09-14T21:08:47.496-0300] {dag.py:2429} INFO - Sync 1 DAGs
[2022-09-14T21:08:47.520-0300] {logging_mixin.py:115} INFO - [2022-09-14T21:08:47.520-0300] {dag.py:2977} INFO - Setting next_dagrun for tutorial_taskflow_api_etl to None, run_after=None
[2022-09-14T21:08:47.542-0300] {processor.py:161} INFO - Processing /home/juliana/Área de Trabalho/datapipeline/.env/lib/python3.8/site-packages/airflow/example_dags/tutorial_taskflow_api_etl.py took 0.079 seconds
[2022-09-14T21:09:21.357-0300] {processor.py:153} INFO - Started process (PID=20515) to work on /home/juliana/Área de Trabalho/datapipeline/.env/lib/python3.8/site-packages/airflow/example_dags/tutorial_taskflow_api_etl.py
[2022-09-14T21:09:21.359-0300] {processor.py:640} INFO - Processing file /home/juliana/Área de Trabalho/datapipeline/.env/lib/python3.8/site-packages/airflow/example_dags/tutorial_taskflow_api_etl.py for tasks to queue
[2022-09-14T21:09:21.359-0300] {logging_mixin.py:115} INFO - [2022-09-14T21:09:21.359-0300] {dagbag.py:508} INFO - Filling up the DagBag from /home/juliana/Área de Trabalho/datapipeline/.env/lib/python3.8/site-packages/airflow/example_dags/tutorial_taskflow_api_etl.py
[2022-09-14T21:09:21.384-0300] {processor.py:650} INFO - DAG(s) dict_keys(['tutorial_taskflow_api_etl']) retrieved from /home/juliana/Área de Trabalho/datapipeline/.env/lib/python3.8/site-packages/airflow/example_dags/tutorial_taskflow_api_etl.py
[2022-09-14T21:09:21.399-0300] {logging_mixin.py:115} INFO - [2022-09-14T21:09:21.398-0300] {dag.py:2429} INFO - Sync 1 DAGs
[2022-09-14T21:09:21.421-0300] {logging_mixin.py:115} INFO - [2022-09-14T21:09:21.421-0300] {dag.py:2977} INFO - Setting next_dagrun for tutorial_taskflow_api_etl to None, run_after=None
[2022-09-14T21:09:21.440-0300] {processor.py:161} INFO - Processing /home/juliana/Área de Trabalho/datapipeline/.env/lib/python3.8/site-packages/airflow/example_dags/tutorial_taskflow_api_etl.py took 0.088 seconds
[2022-09-14T21:09:54.470-0300] {processor.py:153} INFO - Started process (PID=20549) to work on /home/juliana/Área de Trabalho/datapipeline/.env/lib/python3.8/site-packages/airflow/example_dags/tutorial_taskflow_api_etl.py
[2022-09-14T21:09:54.471-0300] {processor.py:640} INFO - Processing file /home/juliana/Área de Trabalho/datapipeline/.env/lib/python3.8/site-packages/airflow/example_dags/tutorial_taskflow_api_etl.py for tasks to queue
[2022-09-14T21:09:54.471-0300] {logging_mixin.py:115} INFO - [2022-09-14T21:09:54.471-0300] {dagbag.py:508} INFO - Filling up the DagBag from /home/juliana/Área de Trabalho/datapipeline/.env/lib/python3.8/site-packages/airflow/example_dags/tutorial_taskflow_api_etl.py
[2022-09-14T21:09:54.487-0300] {processor.py:650} INFO - DAG(s) dict_keys(['tutorial_taskflow_api_etl']) retrieved from /home/juliana/Área de Trabalho/datapipeline/.env/lib/python3.8/site-packages/airflow/example_dags/tutorial_taskflow_api_etl.py
[2022-09-14T21:09:54.501-0300] {logging_mixin.py:115} INFO - [2022-09-14T21:09:54.500-0300] {dag.py:2429} INFO - Sync 1 DAGs
[2022-09-14T21:09:54.516-0300] {logging_mixin.py:115} INFO - [2022-09-14T21:09:54.515-0300] {dag.py:2977} INFO - Setting next_dagrun for tutorial_taskflow_api_etl to None, run_after=None
[2022-09-14T21:09:54.531-0300] {processor.py:161} INFO - Processing /home/juliana/Área de Trabalho/datapipeline/.env/lib/python3.8/site-packages/airflow/example_dags/tutorial_taskflow_api_etl.py took 0.064 seconds
[2022-09-14T21:10:25.771-0300] {processor.py:153} INFO - Started process (PID=20584) to work on /home/juliana/Área de Trabalho/datapipeline/.env/lib/python3.8/site-packages/airflow/example_dags/tutorial_taskflow_api_etl.py
[2022-09-14T21:10:25.772-0300] {processor.py:640} INFO - Processing file /home/juliana/Área de Trabalho/datapipeline/.env/lib/python3.8/site-packages/airflow/example_dags/tutorial_taskflow_api_etl.py for tasks to queue
[2022-09-14T21:10:25.773-0300] {logging_mixin.py:115} INFO - [2022-09-14T21:10:25.773-0300] {dagbag.py:508} INFO - Filling up the DagBag from /home/juliana/Área de Trabalho/datapipeline/.env/lib/python3.8/site-packages/airflow/example_dags/tutorial_taskflow_api_etl.py
[2022-09-14T21:10:25.799-0300] {processor.py:650} INFO - DAG(s) dict_keys(['tutorial_taskflow_api_etl']) retrieved from /home/juliana/Área de Trabalho/datapipeline/.env/lib/python3.8/site-packages/airflow/example_dags/tutorial_taskflow_api_etl.py
[2022-09-14T21:10:25.815-0300] {logging_mixin.py:115} INFO - [2022-09-14T21:10:25.815-0300] {dag.py:2429} INFO - Sync 1 DAGs
[2022-09-14T21:10:25.832-0300] {logging_mixin.py:115} INFO - [2022-09-14T21:10:25.832-0300] {dag.py:2977} INFO - Setting next_dagrun for tutorial_taskflow_api_etl to None, run_after=None
[2022-09-14T21:10:25.849-0300] {processor.py:161} INFO - Processing /home/juliana/Área de Trabalho/datapipeline/.env/lib/python3.8/site-packages/airflow/example_dags/tutorial_taskflow_api_etl.py took 0.082 seconds
[2022-09-14T21:10:56.841-0300] {processor.py:153} INFO - Started process (PID=20618) to work on /home/juliana/Área de Trabalho/datapipeline/.env/lib/python3.8/site-packages/airflow/example_dags/tutorial_taskflow_api_etl.py
[2022-09-14T21:10:56.843-0300] {processor.py:640} INFO - Processing file /home/juliana/Área de Trabalho/datapipeline/.env/lib/python3.8/site-packages/airflow/example_dags/tutorial_taskflow_api_etl.py for tasks to queue
[2022-09-14T21:10:56.844-0300] {logging_mixin.py:115} INFO - [2022-09-14T21:10:56.844-0300] {dagbag.py:508} INFO - Filling up the DagBag from /home/juliana/Área de Trabalho/datapipeline/.env/lib/python3.8/site-packages/airflow/example_dags/tutorial_taskflow_api_etl.py
[2022-09-14T21:10:56.866-0300] {processor.py:650} INFO - DAG(s) dict_keys(['tutorial_taskflow_api_etl']) retrieved from /home/juliana/Área de Trabalho/datapipeline/.env/lib/python3.8/site-packages/airflow/example_dags/tutorial_taskflow_api_etl.py
[2022-09-14T21:10:56.881-0300] {logging_mixin.py:115} INFO - [2022-09-14T21:10:56.881-0300] {dag.py:2429} INFO - Sync 1 DAGs
[2022-09-14T21:10:56.896-0300] {logging_mixin.py:115} INFO - [2022-09-14T21:10:56.896-0300] {dag.py:2977} INFO - Setting next_dagrun for tutorial_taskflow_api_etl to None, run_after=None
[2022-09-14T21:10:56.916-0300] {processor.py:161} INFO - Processing /home/juliana/Área de Trabalho/datapipeline/.env/lib/python3.8/site-packages/airflow/example_dags/tutorial_taskflow_api_etl.py took 0.081 seconds
[2022-09-14T21:11:27.908-0300] {processor.py:153} INFO - Started process (PID=20649) to work on /home/juliana/Área de Trabalho/datapipeline/.env/lib/python3.8/site-packages/airflow/example_dags/tutorial_taskflow_api_etl.py
[2022-09-14T21:11:27.915-0300] {processor.py:640} INFO - Processing file /home/juliana/Área de Trabalho/datapipeline/.env/lib/python3.8/site-packages/airflow/example_dags/tutorial_taskflow_api_etl.py for tasks to queue
[2022-09-14T21:11:27.916-0300] {logging_mixin.py:115} INFO - [2022-09-14T21:11:27.916-0300] {dagbag.py:508} INFO - Filling up the DagBag from /home/juliana/Área de Trabalho/datapipeline/.env/lib/python3.8/site-packages/airflow/example_dags/tutorial_taskflow_api_etl.py
[2022-09-14T21:11:27.938-0300] {processor.py:650} INFO - DAG(s) dict_keys(['tutorial_taskflow_api_etl']) retrieved from /home/juliana/Área de Trabalho/datapipeline/.env/lib/python3.8/site-packages/airflow/example_dags/tutorial_taskflow_api_etl.py
[2022-09-14T21:11:27.958-0300] {logging_mixin.py:115} INFO - [2022-09-14T21:11:27.958-0300] {dag.py:2429} INFO - Sync 1 DAGs
[2022-09-14T21:11:27.981-0300] {logging_mixin.py:115} INFO - [2022-09-14T21:11:27.981-0300] {dag.py:2977} INFO - Setting next_dagrun for tutorial_taskflow_api_etl to None, run_after=None
[2022-09-14T21:11:27.999-0300] {processor.py:161} INFO - Processing /home/juliana/Área de Trabalho/datapipeline/.env/lib/python3.8/site-packages/airflow/example_dags/tutorial_taskflow_api_etl.py took 0.097 seconds
[2022-09-14T21:12:00.860-0300] {processor.py:153} INFO - Started process (PID=20684) to work on /home/juliana/Área de Trabalho/datapipeline/.env/lib/python3.8/site-packages/airflow/example_dags/tutorial_taskflow_api_etl.py
[2022-09-14T21:12:00.861-0300] {processor.py:640} INFO - Processing file /home/juliana/Área de Trabalho/datapipeline/.env/lib/python3.8/site-packages/airflow/example_dags/tutorial_taskflow_api_etl.py for tasks to queue
[2022-09-14T21:12:00.861-0300] {logging_mixin.py:115} INFO - [2022-09-14T21:12:00.861-0300] {dagbag.py:508} INFO - Filling up the DagBag from /home/juliana/Área de Trabalho/datapipeline/.env/lib/python3.8/site-packages/airflow/example_dags/tutorial_taskflow_api_etl.py
[2022-09-14T21:12:00.887-0300] {processor.py:650} INFO - DAG(s) dict_keys(['tutorial_taskflow_api_etl']) retrieved from /home/juliana/Área de Trabalho/datapipeline/.env/lib/python3.8/site-packages/airflow/example_dags/tutorial_taskflow_api_etl.py
[2022-09-14T21:12:00.927-0300] {logging_mixin.py:115} INFO - [2022-09-14T21:12:00.927-0300] {dag.py:2429} INFO - Sync 1 DAGs
[2022-09-14T21:12:00.947-0300] {logging_mixin.py:115} INFO - [2022-09-14T21:12:00.947-0300] {dag.py:2977} INFO - Setting next_dagrun for tutorial_taskflow_api_etl to None, run_after=None
[2022-09-14T21:12:00.970-0300] {processor.py:161} INFO - Processing /home/juliana/Área de Trabalho/datapipeline/.env/lib/python3.8/site-packages/airflow/example_dags/tutorial_taskflow_api_etl.py took 0.113 seconds
[2022-09-14T21:12:33.830-0300] {processor.py:153} INFO - Started process (PID=20720) to work on /home/juliana/Área de Trabalho/datapipeline/.env/lib/python3.8/site-packages/airflow/example_dags/tutorial_taskflow_api_etl.py
[2022-09-14T21:12:33.831-0300] {processor.py:640} INFO - Processing file /home/juliana/Área de Trabalho/datapipeline/.env/lib/python3.8/site-packages/airflow/example_dags/tutorial_taskflow_api_etl.py for tasks to queue
[2022-09-14T21:12:33.832-0300] {logging_mixin.py:115} INFO - [2022-09-14T21:12:33.831-0300] {dagbag.py:508} INFO - Filling up the DagBag from /home/juliana/Área de Trabalho/datapipeline/.env/lib/python3.8/site-packages/airflow/example_dags/tutorial_taskflow_api_etl.py
[2022-09-14T21:12:33.851-0300] {processor.py:650} INFO - DAG(s) dict_keys(['tutorial_taskflow_api_etl']) retrieved from /home/juliana/Área de Trabalho/datapipeline/.env/lib/python3.8/site-packages/airflow/example_dags/tutorial_taskflow_api_etl.py
[2022-09-14T21:12:33.866-0300] {logging_mixin.py:115} INFO - [2022-09-14T21:12:33.865-0300] {dag.py:2429} INFO - Sync 1 DAGs
[2022-09-14T21:12:33.880-0300] {logging_mixin.py:115} INFO - [2022-09-14T21:12:33.879-0300] {dag.py:2977} INFO - Setting next_dagrun for tutorial_taskflow_api_etl to None, run_after=None
[2022-09-14T21:12:33.900-0300] {processor.py:161} INFO - Processing /home/juliana/Área de Trabalho/datapipeline/.env/lib/python3.8/site-packages/airflow/example_dags/tutorial_taskflow_api_etl.py took 0.074 seconds
[2022-09-14T21:13:06.670-0300] {processor.py:153} INFO - Started process (PID=20756) to work on /home/juliana/Área de Trabalho/datapipeline/.env/lib/python3.8/site-packages/airflow/example_dags/tutorial_taskflow_api_etl.py
[2022-09-14T21:13:06.671-0300] {processor.py:640} INFO - Processing file /home/juliana/Área de Trabalho/datapipeline/.env/lib/python3.8/site-packages/airflow/example_dags/tutorial_taskflow_api_etl.py for tasks to queue
[2022-09-14T21:13:06.673-0300] {logging_mixin.py:115} INFO - [2022-09-14T21:13:06.672-0300] {dagbag.py:508} INFO - Filling up the DagBag from /home/juliana/Área de Trabalho/datapipeline/.env/lib/python3.8/site-packages/airflow/example_dags/tutorial_taskflow_api_etl.py
[2022-09-14T21:13:06.695-0300] {processor.py:650} INFO - DAG(s) dict_keys(['tutorial_taskflow_api_etl']) retrieved from /home/juliana/Área de Trabalho/datapipeline/.env/lib/python3.8/site-packages/airflow/example_dags/tutorial_taskflow_api_etl.py
[2022-09-14T21:13:06.711-0300] {logging_mixin.py:115} INFO - [2022-09-14T21:13:06.711-0300] {dag.py:2429} INFO - Sync 1 DAGs
[2022-09-14T21:13:06.725-0300] {logging_mixin.py:115} INFO - [2022-09-14T21:13:06.725-0300] {dag.py:2977} INFO - Setting next_dagrun for tutorial_taskflow_api_etl to None, run_after=None
[2022-09-14T21:13:06.740-0300] {processor.py:161} INFO - Processing /home/juliana/Área de Trabalho/datapipeline/.env/lib/python3.8/site-packages/airflow/example_dags/tutorial_taskflow_api_etl.py took 0.075 seconds
[2022-09-14T21:13:38.458-0300] {processor.py:153} INFO - Started process (PID=20788) to work on /home/juliana/Área de Trabalho/datapipeline/.env/lib/python3.8/site-packages/airflow/example_dags/tutorial_taskflow_api_etl.py
[2022-09-14T21:13:38.459-0300] {processor.py:640} INFO - Processing file /home/juliana/Área de Trabalho/datapipeline/.env/lib/python3.8/site-packages/airflow/example_dags/tutorial_taskflow_api_etl.py for tasks to queue
[2022-09-14T21:13:38.459-0300] {logging_mixin.py:115} INFO - [2022-09-14T21:13:38.459-0300] {dagbag.py:508} INFO - Filling up the DagBag from /home/juliana/Área de Trabalho/datapipeline/.env/lib/python3.8/site-packages/airflow/example_dags/tutorial_taskflow_api_etl.py
[2022-09-14T21:13:38.474-0300] {processor.py:650} INFO - DAG(s) dict_keys(['tutorial_taskflow_api_etl']) retrieved from /home/juliana/Área de Trabalho/datapipeline/.env/lib/python3.8/site-packages/airflow/example_dags/tutorial_taskflow_api_etl.py
[2022-09-14T21:13:38.488-0300] {logging_mixin.py:115} INFO - [2022-09-14T21:13:38.488-0300] {dag.py:2429} INFO - Sync 1 DAGs
[2022-09-14T21:13:38.511-0300] {logging_mixin.py:115} INFO - [2022-09-14T21:13:38.510-0300] {dag.py:2977} INFO - Setting next_dagrun for tutorial_taskflow_api_etl to None, run_after=None
[2022-09-14T21:13:38.526-0300] {processor.py:161} INFO - Processing /home/juliana/Área de Trabalho/datapipeline/.env/lib/python3.8/site-packages/airflow/example_dags/tutorial_taskflow_api_etl.py took 0.071 seconds
[2022-09-14T21:14:10.496-0300] {processor.py:153} INFO - Started process (PID=20823) to work on /home/juliana/Área de Trabalho/datapipeline/.env/lib/python3.8/site-packages/airflow/example_dags/tutorial_taskflow_api_etl.py
[2022-09-14T21:14:10.498-0300] {processor.py:640} INFO - Processing file /home/juliana/Área de Trabalho/datapipeline/.env/lib/python3.8/site-packages/airflow/example_dags/tutorial_taskflow_api_etl.py for tasks to queue
[2022-09-14T21:14:10.499-0300] {logging_mixin.py:115} INFO - [2022-09-14T21:14:10.498-0300] {dagbag.py:508} INFO - Filling up the DagBag from /home/juliana/Área de Trabalho/datapipeline/.env/lib/python3.8/site-packages/airflow/example_dags/tutorial_taskflow_api_etl.py
[2022-09-14T21:14:10.522-0300] {processor.py:650} INFO - DAG(s) dict_keys(['tutorial_taskflow_api_etl']) retrieved from /home/juliana/Área de Trabalho/datapipeline/.env/lib/python3.8/site-packages/airflow/example_dags/tutorial_taskflow_api_etl.py
[2022-09-14T21:14:10.538-0300] {logging_mixin.py:115} INFO - [2022-09-14T21:14:10.537-0300] {dag.py:2429} INFO - Sync 1 DAGs
[2022-09-14T21:14:10.552-0300] {logging_mixin.py:115} INFO - [2022-09-14T21:14:10.552-0300] {dag.py:2977} INFO - Setting next_dagrun for tutorial_taskflow_api_etl to None, run_after=None
[2022-09-14T21:14:10.573-0300] {processor.py:161} INFO - Processing /home/juliana/Área de Trabalho/datapipeline/.env/lib/python3.8/site-packages/airflow/example_dags/tutorial_taskflow_api_etl.py took 0.083 seconds
[2022-09-14T21:14:42.030-0300] {processor.py:153} INFO - Started process (PID=20854) to work on /home/juliana/Área de Trabalho/datapipeline/.env/lib/python3.8/site-packages/airflow/example_dags/tutorial_taskflow_api_etl.py
[2022-09-14T21:14:42.032-0300] {processor.py:640} INFO - Processing file /home/juliana/Área de Trabalho/datapipeline/.env/lib/python3.8/site-packages/airflow/example_dags/tutorial_taskflow_api_etl.py for tasks to queue
[2022-09-14T21:14:42.033-0300] {logging_mixin.py:115} INFO - [2022-09-14T21:14:42.032-0300] {dagbag.py:508} INFO - Filling up the DagBag from /home/juliana/Área de Trabalho/datapipeline/.env/lib/python3.8/site-packages/airflow/example_dags/tutorial_taskflow_api_etl.py
[2022-09-14T21:14:42.054-0300] {processor.py:650} INFO - DAG(s) dict_keys(['tutorial_taskflow_api_etl']) retrieved from /home/juliana/Área de Trabalho/datapipeline/.env/lib/python3.8/site-packages/airflow/example_dags/tutorial_taskflow_api_etl.py
[2022-09-14T21:14:42.069-0300] {logging_mixin.py:115} INFO - [2022-09-14T21:14:42.069-0300] {dag.py:2429} INFO - Sync 1 DAGs
[2022-09-14T21:14:42.084-0300] {logging_mixin.py:115} INFO - [2022-09-14T21:14:42.084-0300] {dag.py:2977} INFO - Setting next_dagrun for tutorial_taskflow_api_etl to None, run_after=None
[2022-09-14T21:14:42.100-0300] {processor.py:161} INFO - Processing /home/juliana/Área de Trabalho/datapipeline/.env/lib/python3.8/site-packages/airflow/example_dags/tutorial_taskflow_api_etl.py took 0.075 seconds
[2022-09-14T21:15:12.923-0300] {processor.py:153} INFO - Started process (PID=20888) to work on /home/juliana/Área de Trabalho/datapipeline/.env/lib/python3.8/site-packages/airflow/example_dags/tutorial_taskflow_api_etl.py
[2022-09-14T21:15:12.925-0300] {processor.py:640} INFO - Processing file /home/juliana/Área de Trabalho/datapipeline/.env/lib/python3.8/site-packages/airflow/example_dags/tutorial_taskflow_api_etl.py for tasks to queue
[2022-09-14T21:15:12.926-0300] {logging_mixin.py:115} INFO - [2022-09-14T21:15:12.925-0300] {dagbag.py:508} INFO - Filling up the DagBag from /home/juliana/Área de Trabalho/datapipeline/.env/lib/python3.8/site-packages/airflow/example_dags/tutorial_taskflow_api_etl.py
[2022-09-14T21:15:12.942-0300] {processor.py:650} INFO - DAG(s) dict_keys(['tutorial_taskflow_api_etl']) retrieved from /home/juliana/Área de Trabalho/datapipeline/.env/lib/python3.8/site-packages/airflow/example_dags/tutorial_taskflow_api_etl.py
[2022-09-14T21:15:12.962-0300] {logging_mixin.py:115} INFO - [2022-09-14T21:15:12.962-0300] {dag.py:2429} INFO - Sync 1 DAGs
[2022-09-14T21:15:12.977-0300] {logging_mixin.py:115} INFO - [2022-09-14T21:15:12.976-0300] {dag.py:2977} INFO - Setting next_dagrun for tutorial_taskflow_api_etl to None, run_after=None
[2022-09-14T21:15:12.997-0300] {processor.py:161} INFO - Processing /home/juliana/Área de Trabalho/datapipeline/.env/lib/python3.8/site-packages/airflow/example_dags/tutorial_taskflow_api_etl.py took 0.078 seconds
[2022-09-14T21:15:45.156-0300] {processor.py:153} INFO - Started process (PID=20921) to work on /home/juliana/Área de Trabalho/datapipeline/.env/lib/python3.8/site-packages/airflow/example_dags/tutorial_taskflow_api_etl.py
[2022-09-14T21:15:45.158-0300] {processor.py:640} INFO - Processing file /home/juliana/Área de Trabalho/datapipeline/.env/lib/python3.8/site-packages/airflow/example_dags/tutorial_taskflow_api_etl.py for tasks to queue
[2022-09-14T21:15:45.158-0300] {logging_mixin.py:115} INFO - [2022-09-14T21:15:45.158-0300] {dagbag.py:508} INFO - Filling up the DagBag from /home/juliana/Área de Trabalho/datapipeline/.env/lib/python3.8/site-packages/airflow/example_dags/tutorial_taskflow_api_etl.py
[2022-09-14T21:15:45.181-0300] {processor.py:650} INFO - DAG(s) dict_keys(['tutorial_taskflow_api_etl']) retrieved from /home/juliana/Área de Trabalho/datapipeline/.env/lib/python3.8/site-packages/airflow/example_dags/tutorial_taskflow_api_etl.py
[2022-09-14T21:15:45.207-0300] {logging_mixin.py:115} INFO - [2022-09-14T21:15:45.206-0300] {dag.py:2429} INFO - Sync 1 DAGs
[2022-09-14T21:15:45.222-0300] {logging_mixin.py:115} INFO - [2022-09-14T21:15:45.222-0300] {dag.py:2977} INFO - Setting next_dagrun for tutorial_taskflow_api_etl to None, run_after=None
[2022-09-14T21:15:45.243-0300] {processor.py:161} INFO - Processing /home/juliana/Área de Trabalho/datapipeline/.env/lib/python3.8/site-packages/airflow/example_dags/tutorial_taskflow_api_etl.py took 0.093 seconds
[2022-09-14T21:16:19.531-0300] {processor.py:153} INFO - Started process (PID=20957) to work on /home/juliana/Área de Trabalho/datapipeline/.env/lib/python3.8/site-packages/airflow/example_dags/tutorial_taskflow_api_etl.py
[2022-09-14T21:16:19.532-0300] {processor.py:640} INFO - Processing file /home/juliana/Área de Trabalho/datapipeline/.env/lib/python3.8/site-packages/airflow/example_dags/tutorial_taskflow_api_etl.py for tasks to queue
[2022-09-14T21:16:19.533-0300] {logging_mixin.py:115} INFO - [2022-09-14T21:16:19.533-0300] {dagbag.py:508} INFO - Filling up the DagBag from /home/juliana/Área de Trabalho/datapipeline/.env/lib/python3.8/site-packages/airflow/example_dags/tutorial_taskflow_api_etl.py
[2022-09-14T21:16:19.555-0300] {processor.py:650} INFO - DAG(s) dict_keys(['tutorial_taskflow_api_etl']) retrieved from /home/juliana/Área de Trabalho/datapipeline/.env/lib/python3.8/site-packages/airflow/example_dags/tutorial_taskflow_api_etl.py
[2022-09-14T21:16:19.570-0300] {logging_mixin.py:115} INFO - [2022-09-14T21:16:19.570-0300] {dag.py:2429} INFO - Sync 1 DAGs
[2022-09-14T21:16:19.585-0300] {logging_mixin.py:115} INFO - [2022-09-14T21:16:19.585-0300] {dag.py:2977} INFO - Setting next_dagrun for tutorial_taskflow_api_etl to None, run_after=None
[2022-09-14T21:16:19.606-0300] {processor.py:161} INFO - Processing /home/juliana/Área de Trabalho/datapipeline/.env/lib/python3.8/site-packages/airflow/example_dags/tutorial_taskflow_api_etl.py took 0.080 seconds
[2022-09-14T21:16:50.234-0300] {processor.py:153} INFO - Started process (PID=20988) to work on /home/juliana/Área de Trabalho/datapipeline/.env/lib/python3.8/site-packages/airflow/example_dags/tutorial_taskflow_api_etl.py
[2022-09-14T21:16:50.236-0300] {processor.py:640} INFO - Processing file /home/juliana/Área de Trabalho/datapipeline/.env/lib/python3.8/site-packages/airflow/example_dags/tutorial_taskflow_api_etl.py for tasks to queue
[2022-09-14T21:16:50.236-0300] {logging_mixin.py:115} INFO - [2022-09-14T21:16:50.236-0300] {dagbag.py:508} INFO - Filling up the DagBag from /home/juliana/Área de Trabalho/datapipeline/.env/lib/python3.8/site-packages/airflow/example_dags/tutorial_taskflow_api_etl.py
[2022-09-14T21:16:50.258-0300] {processor.py:650} INFO - DAG(s) dict_keys(['tutorial_taskflow_api_etl']) retrieved from /home/juliana/Área de Trabalho/datapipeline/.env/lib/python3.8/site-packages/airflow/example_dags/tutorial_taskflow_api_etl.py
[2022-09-14T21:16:50.287-0300] {logging_mixin.py:115} INFO - [2022-09-14T21:16:50.287-0300] {dag.py:2429} INFO - Sync 1 DAGs
[2022-09-14T21:16:50.304-0300] {logging_mixin.py:115} INFO - [2022-09-14T21:16:50.303-0300] {dag.py:2977} INFO - Setting next_dagrun for tutorial_taskflow_api_etl to None, run_after=None
[2022-09-14T21:16:50.319-0300] {processor.py:161} INFO - Processing /home/juliana/Área de Trabalho/datapipeline/.env/lib/python3.8/site-packages/airflow/example_dags/tutorial_taskflow_api_etl.py took 0.089 seconds
[2022-09-14T21:17:21.699-0300] {processor.py:153} INFO - Started process (PID=21023) to work on /home/juliana/Área de Trabalho/datapipeline/.env/lib/python3.8/site-packages/airflow/example_dags/tutorial_taskflow_api_etl.py
[2022-09-14T21:17:21.700-0300] {processor.py:640} INFO - Processing file /home/juliana/Área de Trabalho/datapipeline/.env/lib/python3.8/site-packages/airflow/example_dags/tutorial_taskflow_api_etl.py for tasks to queue
[2022-09-14T21:17:21.701-0300] {logging_mixin.py:115} INFO - [2022-09-14T21:17:21.701-0300] {dagbag.py:508} INFO - Filling up the DagBag from /home/juliana/Área de Trabalho/datapipeline/.env/lib/python3.8/site-packages/airflow/example_dags/tutorial_taskflow_api_etl.py
[2022-09-14T21:17:21.727-0300] {processor.py:650} INFO - DAG(s) dict_keys(['tutorial_taskflow_api_etl']) retrieved from /home/juliana/Área de Trabalho/datapipeline/.env/lib/python3.8/site-packages/airflow/example_dags/tutorial_taskflow_api_etl.py
[2022-09-14T21:17:21.775-0300] {logging_mixin.py:115} INFO - [2022-09-14T21:17:21.774-0300] {dag.py:2429} INFO - Sync 1 DAGs
[2022-09-14T21:17:21.789-0300] {logging_mixin.py:115} INFO - [2022-09-14T21:17:21.789-0300] {dag.py:2977} INFO - Setting next_dagrun for tutorial_taskflow_api_etl to None, run_after=None
[2022-09-14T21:17:21.812-0300] {processor.py:161} INFO - Processing /home/juliana/Área de Trabalho/datapipeline/.env/lib/python3.8/site-packages/airflow/example_dags/tutorial_taskflow_api_etl.py took 0.118 seconds
[2022-09-14T21:17:53.210-0300] {processor.py:153} INFO - Started process (PID=21061) to work on /home/juliana/Área de Trabalho/datapipeline/.env/lib/python3.8/site-packages/airflow/example_dags/tutorial_taskflow_api_etl.py
[2022-09-14T21:17:53.212-0300] {processor.py:640} INFO - Processing file /home/juliana/Área de Trabalho/datapipeline/.env/lib/python3.8/site-packages/airflow/example_dags/tutorial_taskflow_api_etl.py for tasks to queue
[2022-09-14T21:17:53.213-0300] {logging_mixin.py:115} INFO - [2022-09-14T21:17:53.213-0300] {dagbag.py:508} INFO - Filling up the DagBag from /home/juliana/Área de Trabalho/datapipeline/.env/lib/python3.8/site-packages/airflow/example_dags/tutorial_taskflow_api_etl.py
[2022-09-14T21:17:53.234-0300] {processor.py:650} INFO - DAG(s) dict_keys(['tutorial_taskflow_api_etl']) retrieved from /home/juliana/Área de Trabalho/datapipeline/.env/lib/python3.8/site-packages/airflow/example_dags/tutorial_taskflow_api_etl.py
[2022-09-14T21:17:53.248-0300] {logging_mixin.py:115} INFO - [2022-09-14T21:17:53.248-0300] {dag.py:2429} INFO - Sync 1 DAGs
[2022-09-14T21:17:53.262-0300] {logging_mixin.py:115} INFO - [2022-09-14T21:17:53.262-0300] {dag.py:2977} INFO - Setting next_dagrun for tutorial_taskflow_api_etl to None, run_after=None
[2022-09-14T21:17:53.281-0300] {processor.py:161} INFO - Processing /home/juliana/Área de Trabalho/datapipeline/.env/lib/python3.8/site-packages/airflow/example_dags/tutorial_taskflow_api_etl.py took 0.076 seconds
[2022-09-14T21:18:25.171-0300] {processor.py:153} INFO - Started process (PID=21097) to work on /home/juliana/Área de Trabalho/datapipeline/.env/lib/python3.8/site-packages/airflow/example_dags/tutorial_taskflow_api_etl.py
[2022-09-14T21:18:25.172-0300] {processor.py:640} INFO - Processing file /home/juliana/Área de Trabalho/datapipeline/.env/lib/python3.8/site-packages/airflow/example_dags/tutorial_taskflow_api_etl.py for tasks to queue
[2022-09-14T21:18:25.173-0300] {logging_mixin.py:115} INFO - [2022-09-14T21:18:25.173-0300] {dagbag.py:508} INFO - Filling up the DagBag from /home/juliana/Área de Trabalho/datapipeline/.env/lib/python3.8/site-packages/airflow/example_dags/tutorial_taskflow_api_etl.py
[2022-09-14T21:18:25.191-0300] {processor.py:650} INFO - DAG(s) dict_keys(['tutorial_taskflow_api_etl']) retrieved from /home/juliana/Área de Trabalho/datapipeline/.env/lib/python3.8/site-packages/airflow/example_dags/tutorial_taskflow_api_etl.py
[2022-09-14T21:18:25.206-0300] {logging_mixin.py:115} INFO - [2022-09-14T21:18:25.206-0300] {dag.py:2429} INFO - Sync 1 DAGs
[2022-09-14T21:18:25.224-0300] {logging_mixin.py:115} INFO - [2022-09-14T21:18:25.224-0300] {dag.py:2977} INFO - Setting next_dagrun for tutorial_taskflow_api_etl to None, run_after=None
[2022-09-14T21:18:25.245-0300] {processor.py:161} INFO - Processing /home/juliana/Área de Trabalho/datapipeline/.env/lib/python3.8/site-packages/airflow/example_dags/tutorial_taskflow_api_etl.py took 0.081 seconds
[2022-09-14T21:18:57.256-0300] {processor.py:153} INFO - Started process (PID=21131) to work on /home/juliana/Área de Trabalho/datapipeline/.env/lib/python3.8/site-packages/airflow/example_dags/tutorial_taskflow_api_etl.py
[2022-09-14T21:18:57.258-0300] {processor.py:640} INFO - Processing file /home/juliana/Área de Trabalho/datapipeline/.env/lib/python3.8/site-packages/airflow/example_dags/tutorial_taskflow_api_etl.py for tasks to queue
[2022-09-14T21:18:57.259-0300] {logging_mixin.py:115} INFO - [2022-09-14T21:18:57.259-0300] {dagbag.py:508} INFO - Filling up the DagBag from /home/juliana/Área de Trabalho/datapipeline/.env/lib/python3.8/site-packages/airflow/example_dags/tutorial_taskflow_api_etl.py
[2022-09-14T21:18:57.278-0300] {processor.py:650} INFO - DAG(s) dict_keys(['tutorial_taskflow_api_etl']) retrieved from /home/juliana/Área de Trabalho/datapipeline/.env/lib/python3.8/site-packages/airflow/example_dags/tutorial_taskflow_api_etl.py
[2022-09-14T21:18:57.296-0300] {logging_mixin.py:115} INFO - [2022-09-14T21:18:57.295-0300] {dag.py:2429} INFO - Sync 1 DAGs
[2022-09-14T21:18:57.315-0300] {logging_mixin.py:115} INFO - [2022-09-14T21:18:57.315-0300] {dag.py:2977} INFO - Setting next_dagrun for tutorial_taskflow_api_etl to None, run_after=None
[2022-09-14T21:18:57.331-0300] {processor.py:161} INFO - Processing /home/juliana/Área de Trabalho/datapipeline/.env/lib/python3.8/site-packages/airflow/example_dags/tutorial_taskflow_api_etl.py took 0.081 seconds
[2022-09-14T21:19:31.150-0300] {processor.py:153} INFO - Started process (PID=21165) to work on /home/juliana/Área de Trabalho/datapipeline/.env/lib/python3.8/site-packages/airflow/example_dags/tutorial_taskflow_api_etl.py
[2022-09-14T21:19:31.151-0300] {processor.py:640} INFO - Processing file /home/juliana/Área de Trabalho/datapipeline/.env/lib/python3.8/site-packages/airflow/example_dags/tutorial_taskflow_api_etl.py for tasks to queue
[2022-09-14T21:19:31.151-0300] {logging_mixin.py:115} INFO - [2022-09-14T21:19:31.151-0300] {dagbag.py:508} INFO - Filling up the DagBag from /home/juliana/Área de Trabalho/datapipeline/.env/lib/python3.8/site-packages/airflow/example_dags/tutorial_taskflow_api_etl.py
[2022-09-14T21:19:31.167-0300] {processor.py:650} INFO - DAG(s) dict_keys(['tutorial_taskflow_api_etl']) retrieved from /home/juliana/Área de Trabalho/datapipeline/.env/lib/python3.8/site-packages/airflow/example_dags/tutorial_taskflow_api_etl.py
[2022-09-14T21:19:31.188-0300] {logging_mixin.py:115} INFO - [2022-09-14T21:19:31.188-0300] {dag.py:2429} INFO - Sync 1 DAGs
[2022-09-14T21:19:31.206-0300] {logging_mixin.py:115} INFO - [2022-09-14T21:19:31.206-0300] {dag.py:2977} INFO - Setting next_dagrun for tutorial_taskflow_api_etl to None, run_after=None
[2022-09-14T21:19:31.228-0300] {processor.py:161} INFO - Processing /home/juliana/Área de Trabalho/datapipeline/.env/lib/python3.8/site-packages/airflow/example_dags/tutorial_taskflow_api_etl.py took 0.081 seconds
[2022-09-14T21:20:03.478-0300] {processor.py:153} INFO - Started process (PID=21197) to work on /home/juliana/Área de Trabalho/datapipeline/.env/lib/python3.8/site-packages/airflow/example_dags/tutorial_taskflow_api_etl.py
[2022-09-14T21:20:03.479-0300] {processor.py:640} INFO - Processing file /home/juliana/Área de Trabalho/datapipeline/.env/lib/python3.8/site-packages/airflow/example_dags/tutorial_taskflow_api_etl.py for tasks to queue
[2022-09-14T21:20:03.481-0300] {logging_mixin.py:115} INFO - [2022-09-14T21:20:03.480-0300] {dagbag.py:508} INFO - Filling up the DagBag from /home/juliana/Área de Trabalho/datapipeline/.env/lib/python3.8/site-packages/airflow/example_dags/tutorial_taskflow_api_etl.py
[2022-09-14T21:20:03.500-0300] {processor.py:650} INFO - DAG(s) dict_keys(['tutorial_taskflow_api_etl']) retrieved from /home/juliana/Área de Trabalho/datapipeline/.env/lib/python3.8/site-packages/airflow/example_dags/tutorial_taskflow_api_etl.py
[2022-09-14T21:20:03.516-0300] {logging_mixin.py:115} INFO - [2022-09-14T21:20:03.516-0300] {dag.py:2429} INFO - Sync 1 DAGs
[2022-09-14T21:20:03.532-0300] {logging_mixin.py:115} INFO - [2022-09-14T21:20:03.532-0300] {dag.py:2977} INFO - Setting next_dagrun for tutorial_taskflow_api_etl to None, run_after=None
[2022-09-14T21:20:03.552-0300] {processor.py:161} INFO - Processing /home/juliana/Área de Trabalho/datapipeline/.env/lib/python3.8/site-packages/airflow/example_dags/tutorial_taskflow_api_etl.py took 0.077 seconds
[2022-09-14T21:20:38.066-0300] {processor.py:153} INFO - Started process (PID=21234) to work on /home/juliana/Área de Trabalho/datapipeline/.env/lib/python3.8/site-packages/airflow/example_dags/tutorial_taskflow_api_etl.py
[2022-09-14T21:20:38.067-0300] {processor.py:640} INFO - Processing file /home/juliana/Área de Trabalho/datapipeline/.env/lib/python3.8/site-packages/airflow/example_dags/tutorial_taskflow_api_etl.py for tasks to queue
[2022-09-14T21:20:38.068-0300] {logging_mixin.py:115} INFO - [2022-09-14T21:20:38.068-0300] {dagbag.py:508} INFO - Filling up the DagBag from /home/juliana/Área de Trabalho/datapipeline/.env/lib/python3.8/site-packages/airflow/example_dags/tutorial_taskflow_api_etl.py
[2022-09-14T21:20:38.084-0300] {processor.py:650} INFO - DAG(s) dict_keys(['tutorial_taskflow_api_etl']) retrieved from /home/juliana/Área de Trabalho/datapipeline/.env/lib/python3.8/site-packages/airflow/example_dags/tutorial_taskflow_api_etl.py
[2022-09-14T21:20:38.098-0300] {logging_mixin.py:115} INFO - [2022-09-14T21:20:38.097-0300] {dag.py:2429} INFO - Sync 1 DAGs
[2022-09-14T21:20:38.112-0300] {logging_mixin.py:115} INFO - [2022-09-14T21:20:38.112-0300] {dag.py:2977} INFO - Setting next_dagrun for tutorial_taskflow_api_etl to None, run_after=None
[2022-09-14T21:20:38.135-0300] {processor.py:161} INFO - Processing /home/juliana/Área de Trabalho/datapipeline/.env/lib/python3.8/site-packages/airflow/example_dags/tutorial_taskflow_api_etl.py took 0.072 seconds
[2022-09-14T21:21:10.556-0300] {processor.py:153} INFO - Started process (PID=21270) to work on /home/juliana/Área de Trabalho/datapipeline/.env/lib/python3.8/site-packages/airflow/example_dags/tutorial_taskflow_api_etl.py
[2022-09-14T21:21:10.557-0300] {processor.py:640} INFO - Processing file /home/juliana/Área de Trabalho/datapipeline/.env/lib/python3.8/site-packages/airflow/example_dags/tutorial_taskflow_api_etl.py for tasks to queue
[2022-09-14T21:21:10.557-0300] {logging_mixin.py:115} INFO - [2022-09-14T21:21:10.557-0300] {dagbag.py:508} INFO - Filling up the DagBag from /home/juliana/Área de Trabalho/datapipeline/.env/lib/python3.8/site-packages/airflow/example_dags/tutorial_taskflow_api_etl.py
[2022-09-14T21:21:10.573-0300] {processor.py:650} INFO - DAG(s) dict_keys(['tutorial_taskflow_api_etl']) retrieved from /home/juliana/Área de Trabalho/datapipeline/.env/lib/python3.8/site-packages/airflow/example_dags/tutorial_taskflow_api_etl.py
[2022-09-14T21:21:10.588-0300] {logging_mixin.py:115} INFO - [2022-09-14T21:21:10.587-0300] {dag.py:2429} INFO - Sync 1 DAGs
[2022-09-14T21:21:10.605-0300] {logging_mixin.py:115} INFO - [2022-09-14T21:21:10.604-0300] {dag.py:2977} INFO - Setting next_dagrun for tutorial_taskflow_api_etl to None, run_after=None
[2022-09-14T21:21:10.624-0300] {processor.py:161} INFO - Processing /home/juliana/Área de Trabalho/datapipeline/.env/lib/python3.8/site-packages/airflow/example_dags/tutorial_taskflow_api_etl.py took 0.073 seconds
[2022-09-14T21:21:43.537-0300] {processor.py:153} INFO - Started process (PID=21305) to work on /home/juliana/Área de Trabalho/datapipeline/.env/lib/python3.8/site-packages/airflow/example_dags/tutorial_taskflow_api_etl.py
[2022-09-14T21:21:43.539-0300] {processor.py:640} INFO - Processing file /home/juliana/Área de Trabalho/datapipeline/.env/lib/python3.8/site-packages/airflow/example_dags/tutorial_taskflow_api_etl.py for tasks to queue
[2022-09-14T21:21:43.540-0300] {logging_mixin.py:115} INFO - [2022-09-14T21:21:43.540-0300] {dagbag.py:508} INFO - Filling up the DagBag from /home/juliana/Área de Trabalho/datapipeline/.env/lib/python3.8/site-packages/airflow/example_dags/tutorial_taskflow_api_etl.py
[2022-09-14T21:21:43.562-0300] {processor.py:650} INFO - DAG(s) dict_keys(['tutorial_taskflow_api_etl']) retrieved from /home/juliana/Área de Trabalho/datapipeline/.env/lib/python3.8/site-packages/airflow/example_dags/tutorial_taskflow_api_etl.py
[2022-09-14T21:21:43.576-0300] {logging_mixin.py:115} INFO - [2022-09-14T21:21:43.576-0300] {dag.py:2429} INFO - Sync 1 DAGs
[2022-09-14T21:21:43.590-0300] {logging_mixin.py:115} INFO - [2022-09-14T21:21:43.590-0300] {dag.py:2977} INFO - Setting next_dagrun for tutorial_taskflow_api_etl to None, run_after=None
[2022-09-14T21:21:43.612-0300] {processor.py:161} INFO - Processing /home/juliana/Área de Trabalho/datapipeline/.env/lib/python3.8/site-packages/airflow/example_dags/tutorial_taskflow_api_etl.py took 0.081 seconds
[2022-09-14T21:22:18.145-0300] {processor.py:153} INFO - Started process (PID=21343) to work on /home/juliana/Área de Trabalho/datapipeline/.env/lib/python3.8/site-packages/airflow/example_dags/tutorial_taskflow_api_etl.py
[2022-09-14T21:22:18.148-0300] {processor.py:640} INFO - Processing file /home/juliana/Área de Trabalho/datapipeline/.env/lib/python3.8/site-packages/airflow/example_dags/tutorial_taskflow_api_etl.py for tasks to queue
[2022-09-14T21:22:18.150-0300] {logging_mixin.py:115} INFO - [2022-09-14T21:22:18.149-0300] {dagbag.py:508} INFO - Filling up the DagBag from /home/juliana/Área de Trabalho/datapipeline/.env/lib/python3.8/site-packages/airflow/example_dags/tutorial_taskflow_api_etl.py
[2022-09-14T21:22:18.171-0300] {processor.py:650} INFO - DAG(s) dict_keys(['tutorial_taskflow_api_etl']) retrieved from /home/juliana/Área de Trabalho/datapipeline/.env/lib/python3.8/site-packages/airflow/example_dags/tutorial_taskflow_api_etl.py
[2022-09-14T21:22:18.231-0300] {logging_mixin.py:115} INFO - [2022-09-14T21:22:18.230-0300] {dag.py:2429} INFO - Sync 1 DAGs
[2022-09-14T21:22:18.258-0300] {logging_mixin.py:115} INFO - [2022-09-14T21:22:18.258-0300] {dag.py:2977} INFO - Setting next_dagrun for tutorial_taskflow_api_etl to None, run_after=None
[2022-09-14T21:22:18.278-0300] {processor.py:161} INFO - Processing /home/juliana/Área de Trabalho/datapipeline/.env/lib/python3.8/site-packages/airflow/example_dags/tutorial_taskflow_api_etl.py took 0.136 seconds
[2022-09-14T21:22:48.441-0300] {processor.py:153} INFO - Started process (PID=21377) to work on /home/juliana/Área de Trabalho/datapipeline/.env/lib/python3.8/site-packages/airflow/example_dags/tutorial_taskflow_api_etl.py
[2022-09-14T21:22:48.443-0300] {processor.py:640} INFO - Processing file /home/juliana/Área de Trabalho/datapipeline/.env/lib/python3.8/site-packages/airflow/example_dags/tutorial_taskflow_api_etl.py for tasks to queue
[2022-09-14T21:22:48.444-0300] {logging_mixin.py:115} INFO - [2022-09-14T21:22:48.444-0300] {dagbag.py:508} INFO - Filling up the DagBag from /home/juliana/Área de Trabalho/datapipeline/.env/lib/python3.8/site-packages/airflow/example_dags/tutorial_taskflow_api_etl.py
[2022-09-14T21:22:48.474-0300] {processor.py:650} INFO - DAG(s) dict_keys(['tutorial_taskflow_api_etl']) retrieved from /home/juliana/Área de Trabalho/datapipeline/.env/lib/python3.8/site-packages/airflow/example_dags/tutorial_taskflow_api_etl.py
[2022-09-14T21:22:48.515-0300] {logging_mixin.py:115} INFO - [2022-09-14T21:22:48.515-0300] {dag.py:2429} INFO - Sync 1 DAGs
[2022-09-14T21:22:48.527-0300] {logging_mixin.py:115} INFO - [2022-09-14T21:22:48.527-0300] {dag.py:2977} INFO - Setting next_dagrun for tutorial_taskflow_api_etl to None, run_after=None
[2022-09-14T21:22:48.545-0300] {processor.py:161} INFO - Processing /home/juliana/Área de Trabalho/datapipeline/.env/lib/python3.8/site-packages/airflow/example_dags/tutorial_taskflow_api_etl.py took 0.110 seconds
[2022-09-14T21:23:19.488-0300] {processor.py:153} INFO - Started process (PID=21439) to work on /home/juliana/Área de Trabalho/datapipeline/.env/lib/python3.8/site-packages/airflow/example_dags/tutorial_taskflow_api_etl.py
[2022-09-14T21:23:19.489-0300] {processor.py:640} INFO - Processing file /home/juliana/Área de Trabalho/datapipeline/.env/lib/python3.8/site-packages/airflow/example_dags/tutorial_taskflow_api_etl.py for tasks to queue
[2022-09-14T21:23:19.490-0300] {logging_mixin.py:115} INFO - [2022-09-14T21:23:19.490-0300] {dagbag.py:508} INFO - Filling up the DagBag from /home/juliana/Área de Trabalho/datapipeline/.env/lib/python3.8/site-packages/airflow/example_dags/tutorial_taskflow_api_etl.py
[2022-09-14T21:23:19.531-0300] {processor.py:650} INFO - DAG(s) dict_keys(['tutorial_taskflow_api_etl']) retrieved from /home/juliana/Área de Trabalho/datapipeline/.env/lib/python3.8/site-packages/airflow/example_dags/tutorial_taskflow_api_etl.py
[2022-09-14T21:23:19.563-0300] {logging_mixin.py:115} INFO - [2022-09-14T21:23:19.562-0300] {dag.py:2429} INFO - Sync 1 DAGs
[2022-09-14T21:23:19.592-0300] {logging_mixin.py:115} INFO - [2022-09-14T21:23:19.592-0300] {dag.py:2977} INFO - Setting next_dagrun for tutorial_taskflow_api_etl to None, run_after=None
[2022-09-14T21:23:19.612-0300] {processor.py:161} INFO - Processing /home/juliana/Área de Trabalho/datapipeline/.env/lib/python3.8/site-packages/airflow/example_dags/tutorial_taskflow_api_etl.py took 0.132 seconds
[2022-09-14T21:23:53.849-0300] {processor.py:153} INFO - Started process (PID=21487) to work on /home/juliana/Área de Trabalho/datapipeline/.env/lib/python3.8/site-packages/airflow/example_dags/tutorial_taskflow_api_etl.py
[2022-09-14T21:23:53.855-0300] {processor.py:640} INFO - Processing file /home/juliana/Área de Trabalho/datapipeline/.env/lib/python3.8/site-packages/airflow/example_dags/tutorial_taskflow_api_etl.py for tasks to queue
[2022-09-14T21:23:53.856-0300] {logging_mixin.py:115} INFO - [2022-09-14T21:23:53.856-0300] {dagbag.py:508} INFO - Filling up the DagBag from /home/juliana/Área de Trabalho/datapipeline/.env/lib/python3.8/site-packages/airflow/example_dags/tutorial_taskflow_api_etl.py
[2022-09-14T21:23:53.873-0300] {processor.py:650} INFO - DAG(s) dict_keys(['tutorial_taskflow_api_etl']) retrieved from /home/juliana/Área de Trabalho/datapipeline/.env/lib/python3.8/site-packages/airflow/example_dags/tutorial_taskflow_api_etl.py
[2022-09-14T21:23:53.888-0300] {logging_mixin.py:115} INFO - [2022-09-14T21:23:53.888-0300] {dag.py:2429} INFO - Sync 1 DAGs
[2022-09-14T21:23:53.913-0300] {logging_mixin.py:115} INFO - [2022-09-14T21:23:53.913-0300] {dag.py:2977} INFO - Setting next_dagrun for tutorial_taskflow_api_etl to None, run_after=None
[2022-09-14T21:23:53.941-0300] {processor.py:161} INFO - Processing /home/juliana/Área de Trabalho/datapipeline/.env/lib/python3.8/site-packages/airflow/example_dags/tutorial_taskflow_api_etl.py took 0.095 seconds
[2022-09-14T21:24:27.221-0300] {processor.py:153} INFO - Started process (PID=21530) to work on /home/juliana/Área de Trabalho/datapipeline/.env/lib/python3.8/site-packages/airflow/example_dags/tutorial_taskflow_api_etl.py
[2022-09-14T21:24:27.229-0300] {processor.py:640} INFO - Processing file /home/juliana/Área de Trabalho/datapipeline/.env/lib/python3.8/site-packages/airflow/example_dags/tutorial_taskflow_api_etl.py for tasks to queue
[2022-09-14T21:24:27.230-0300] {logging_mixin.py:115} INFO - [2022-09-14T21:24:27.230-0300] {dagbag.py:508} INFO - Filling up the DagBag from /home/juliana/Área de Trabalho/datapipeline/.env/lib/python3.8/site-packages/airflow/example_dags/tutorial_taskflow_api_etl.py
[2022-09-14T21:24:27.297-0300] {processor.py:650} INFO - DAG(s) dict_keys(['tutorial_taskflow_api_etl']) retrieved from /home/juliana/Área de Trabalho/datapipeline/.env/lib/python3.8/site-packages/airflow/example_dags/tutorial_taskflow_api_etl.py
[2022-09-14T21:24:27.355-0300] {logging_mixin.py:115} INFO - [2022-09-14T21:24:27.354-0300] {dag.py:2429} INFO - Sync 1 DAGs
[2022-09-14T21:24:27.377-0300] {logging_mixin.py:115} INFO - [2022-09-14T21:24:27.377-0300] {dag.py:2977} INFO - Setting next_dagrun for tutorial_taskflow_api_etl to None, run_after=None
[2022-09-14T21:24:27.397-0300] {processor.py:161} INFO - Processing /home/juliana/Área de Trabalho/datapipeline/.env/lib/python3.8/site-packages/airflow/example_dags/tutorial_taskflow_api_etl.py took 0.179 seconds
[2022-09-14T21:24:58.867-0300] {processor.py:153} INFO - Started process (PID=21567) to work on /home/juliana/Área de Trabalho/datapipeline/.env/lib/python3.8/site-packages/airflow/example_dags/tutorial_taskflow_api_etl.py
[2022-09-14T21:24:58.869-0300] {processor.py:640} INFO - Processing file /home/juliana/Área de Trabalho/datapipeline/.env/lib/python3.8/site-packages/airflow/example_dags/tutorial_taskflow_api_etl.py for tasks to queue
[2022-09-14T21:24:58.870-0300] {logging_mixin.py:115} INFO - [2022-09-14T21:24:58.870-0300] {dagbag.py:508} INFO - Filling up the DagBag from /home/juliana/Área de Trabalho/datapipeline/.env/lib/python3.8/site-packages/airflow/example_dags/tutorial_taskflow_api_etl.py
[2022-09-14T21:24:58.891-0300] {processor.py:650} INFO - DAG(s) dict_keys(['tutorial_taskflow_api_etl']) retrieved from /home/juliana/Área de Trabalho/datapipeline/.env/lib/python3.8/site-packages/airflow/example_dags/tutorial_taskflow_api_etl.py
[2022-09-14T21:24:58.905-0300] {logging_mixin.py:115} INFO - [2022-09-14T21:24:58.905-0300] {dag.py:2429} INFO - Sync 1 DAGs
[2022-09-14T21:24:58.921-0300] {logging_mixin.py:115} INFO - [2022-09-14T21:24:58.921-0300] {dag.py:2977} INFO - Setting next_dagrun for tutorial_taskflow_api_etl to None, run_after=None
[2022-09-14T21:24:58.937-0300] {processor.py:161} INFO - Processing /home/juliana/Área de Trabalho/datapipeline/.env/lib/python3.8/site-packages/airflow/example_dags/tutorial_taskflow_api_etl.py took 0.075 seconds
[2022-09-14T21:25:32.786-0300] {processor.py:153} INFO - Started process (PID=21602) to work on /home/juliana/Área de Trabalho/datapipeline/.env/lib/python3.8/site-packages/airflow/example_dags/tutorial_taskflow_api_etl.py
[2022-09-14T21:25:32.787-0300] {processor.py:640} INFO - Processing file /home/juliana/Área de Trabalho/datapipeline/.env/lib/python3.8/site-packages/airflow/example_dags/tutorial_taskflow_api_etl.py for tasks to queue
[2022-09-14T21:25:32.787-0300] {logging_mixin.py:115} INFO - [2022-09-14T21:25:32.787-0300] {dagbag.py:508} INFO - Filling up the DagBag from /home/juliana/Área de Trabalho/datapipeline/.env/lib/python3.8/site-packages/airflow/example_dags/tutorial_taskflow_api_etl.py
[2022-09-14T21:25:32.803-0300] {processor.py:650} INFO - DAG(s) dict_keys(['tutorial_taskflow_api_etl']) retrieved from /home/juliana/Área de Trabalho/datapipeline/.env/lib/python3.8/site-packages/airflow/example_dags/tutorial_taskflow_api_etl.py
[2022-09-14T21:25:32.818-0300] {logging_mixin.py:115} INFO - [2022-09-14T21:25:32.817-0300] {dag.py:2429} INFO - Sync 1 DAGs
[2022-09-14T21:25:32.833-0300] {logging_mixin.py:115} INFO - [2022-09-14T21:25:32.833-0300] {dag.py:2977} INFO - Setting next_dagrun for tutorial_taskflow_api_etl to None, run_after=None
[2022-09-14T21:25:32.855-0300] {processor.py:161} INFO - Processing /home/juliana/Área de Trabalho/datapipeline/.env/lib/python3.8/site-packages/airflow/example_dags/tutorial_taskflow_api_etl.py took 0.072 seconds
[2022-09-14T21:26:04.954-0300] {processor.py:153} INFO - Started process (PID=21636) to work on /home/juliana/Área de Trabalho/datapipeline/.env/lib/python3.8/site-packages/airflow/example_dags/tutorial_taskflow_api_etl.py
[2022-09-14T21:26:04.955-0300] {processor.py:640} INFO - Processing file /home/juliana/Área de Trabalho/datapipeline/.env/lib/python3.8/site-packages/airflow/example_dags/tutorial_taskflow_api_etl.py for tasks to queue
[2022-09-14T21:26:04.956-0300] {logging_mixin.py:115} INFO - [2022-09-14T21:26:04.956-0300] {dagbag.py:508} INFO - Filling up the DagBag from /home/juliana/Área de Trabalho/datapipeline/.env/lib/python3.8/site-packages/airflow/example_dags/tutorial_taskflow_api_etl.py
[2022-09-14T21:26:04.972-0300] {processor.py:650} INFO - DAG(s) dict_keys(['tutorial_taskflow_api_etl']) retrieved from /home/juliana/Área de Trabalho/datapipeline/.env/lib/python3.8/site-packages/airflow/example_dags/tutorial_taskflow_api_etl.py
[2022-09-14T21:26:04.986-0300] {logging_mixin.py:115} INFO - [2022-09-14T21:26:04.986-0300] {dag.py:2429} INFO - Sync 1 DAGs
[2022-09-14T21:26:05.007-0300] {logging_mixin.py:115} INFO - [2022-09-14T21:26:05.007-0300] {dag.py:2977} INFO - Setting next_dagrun for tutorial_taskflow_api_etl to None, run_after=None
[2022-09-14T21:26:05.026-0300] {processor.py:161} INFO - Processing /home/juliana/Área de Trabalho/datapipeline/.env/lib/python3.8/site-packages/airflow/example_dags/tutorial_taskflow_api_etl.py took 0.074 seconds
[2022-09-14T21:26:36.998-0300] {processor.py:153} INFO - Started process (PID=21670) to work on /home/juliana/Área de Trabalho/datapipeline/.env/lib/python3.8/site-packages/airflow/example_dags/tutorial_taskflow_api_etl.py
[2022-09-14T21:26:36.998-0300] {processor.py:640} INFO - Processing file /home/juliana/Área de Trabalho/datapipeline/.env/lib/python3.8/site-packages/airflow/example_dags/tutorial_taskflow_api_etl.py for tasks to queue
[2022-09-14T21:26:36.999-0300] {logging_mixin.py:115} INFO - [2022-09-14T21:26:36.999-0300] {dagbag.py:508} INFO - Filling up the DagBag from /home/juliana/Área de Trabalho/datapipeline/.env/lib/python3.8/site-packages/airflow/example_dags/tutorial_taskflow_api_etl.py
[2022-09-14T21:26:37.017-0300] {processor.py:650} INFO - DAG(s) dict_keys(['tutorial_taskflow_api_etl']) retrieved from /home/juliana/Área de Trabalho/datapipeline/.env/lib/python3.8/site-packages/airflow/example_dags/tutorial_taskflow_api_etl.py
[2022-09-14T21:26:37.037-0300] {logging_mixin.py:115} INFO - [2022-09-14T21:26:37.037-0300] {dag.py:2429} INFO - Sync 1 DAGs
[2022-09-14T21:26:37.054-0300] {logging_mixin.py:115} INFO - [2022-09-14T21:26:37.054-0300] {dag.py:2977} INFO - Setting next_dagrun for tutorial_taskflow_api_etl to None, run_after=None
[2022-09-14T21:26:37.081-0300] {processor.py:161} INFO - Processing /home/juliana/Área de Trabalho/datapipeline/.env/lib/python3.8/site-packages/airflow/example_dags/tutorial_taskflow_api_etl.py took 0.086 seconds
[2022-09-14T21:27:11.045-0300] {processor.py:153} INFO - Started process (PID=21714) to work on /home/juliana/Área de Trabalho/datapipeline/.env/lib/python3.8/site-packages/airflow/example_dags/tutorial_taskflow_api_etl.py
[2022-09-14T21:27:11.048-0300] {processor.py:640} INFO - Processing file /home/juliana/Área de Trabalho/datapipeline/.env/lib/python3.8/site-packages/airflow/example_dags/tutorial_taskflow_api_etl.py for tasks to queue
[2022-09-14T21:27:11.049-0300] {logging_mixin.py:115} INFO - [2022-09-14T21:27:11.049-0300] {dagbag.py:508} INFO - Filling up the DagBag from /home/juliana/Área de Trabalho/datapipeline/.env/lib/python3.8/site-packages/airflow/example_dags/tutorial_taskflow_api_etl.py
[2022-09-14T21:27:11.070-0300] {processor.py:650} INFO - DAG(s) dict_keys(['tutorial_taskflow_api_etl']) retrieved from /home/juliana/Área de Trabalho/datapipeline/.env/lib/python3.8/site-packages/airflow/example_dags/tutorial_taskflow_api_etl.py
[2022-09-14T21:27:11.108-0300] {logging_mixin.py:115} INFO - [2022-09-14T21:27:11.108-0300] {dag.py:2429} INFO - Sync 1 DAGs
[2022-09-14T21:27:11.122-0300] {logging_mixin.py:115} INFO - [2022-09-14T21:27:11.122-0300] {dag.py:2977} INFO - Setting next_dagrun for tutorial_taskflow_api_etl to None, run_after=None
[2022-09-14T21:27:11.138-0300] {processor.py:161} INFO - Processing /home/juliana/Área de Trabalho/datapipeline/.env/lib/python3.8/site-packages/airflow/example_dags/tutorial_taskflow_api_etl.py took 0.098 seconds
[2022-09-14T21:32:52.148-0300] {processor.py:153} INFO - Started process (PID=21850) to work on /home/juliana/Área de Trabalho/datapipeline/.env/lib/python3.8/site-packages/airflow/example_dags/tutorial_taskflow_api_etl.py
[2022-09-14T21:32:52.150-0300] {processor.py:640} INFO - Processing file /home/juliana/Área de Trabalho/datapipeline/.env/lib/python3.8/site-packages/airflow/example_dags/tutorial_taskflow_api_etl.py for tasks to queue
[2022-09-14T21:32:52.151-0300] {logging_mixin.py:115} INFO - [2022-09-14T21:32:52.151-0300] {dagbag.py:508} INFO - Filling up the DagBag from /home/juliana/Área de Trabalho/datapipeline/.env/lib/python3.8/site-packages/airflow/example_dags/tutorial_taskflow_api_etl.py
[2022-09-14T21:32:52.285-0300] {processor.py:650} INFO - DAG(s) dict_keys(['tutorial_taskflow_api_etl']) retrieved from /home/juliana/Área de Trabalho/datapipeline/.env/lib/python3.8/site-packages/airflow/example_dags/tutorial_taskflow_api_etl.py
[2022-09-14T21:32:52.578-0300] {logging_mixin.py:115} INFO - [2022-09-14T21:32:52.578-0300] {dag.py:2429} INFO - Sync 1 DAGs
[2022-09-14T21:32:52.715-0300] {logging_mixin.py:115} INFO - [2022-09-14T21:32:52.714-0300] {dag.py:2977} INFO - Setting next_dagrun for tutorial_taskflow_api_etl to None, run_after=None
[2022-09-14T21:32:52.815-0300] {processor.py:161} INFO - Processing /home/juliana/Área de Trabalho/datapipeline/.env/lib/python3.8/site-packages/airflow/example_dags/tutorial_taskflow_api_etl.py took 0.686 seconds
[2022-09-14T21:37:48.140-0300] {processor.py:153} INFO - Started process (PID=21939) to work on /home/juliana/Área de Trabalho/datapipeline/.env/lib/python3.8/site-packages/airflow/example_dags/tutorial_taskflow_api_etl.py
[2022-09-14T21:37:48.147-0300] {processor.py:640} INFO - Processing file /home/juliana/Área de Trabalho/datapipeline/.env/lib/python3.8/site-packages/airflow/example_dags/tutorial_taskflow_api_etl.py for tasks to queue
[2022-09-14T21:37:48.149-0300] {logging_mixin.py:115} INFO - [2022-09-14T21:37:48.148-0300] {dagbag.py:508} INFO - Filling up the DagBag from /home/juliana/Área de Trabalho/datapipeline/.env/lib/python3.8/site-packages/airflow/example_dags/tutorial_taskflow_api_etl.py
[2022-09-14T21:37:48.290-0300] {processor.py:650} INFO - DAG(s) dict_keys(['tutorial_taskflow_api_etl']) retrieved from /home/juliana/Área de Trabalho/datapipeline/.env/lib/python3.8/site-packages/airflow/example_dags/tutorial_taskflow_api_etl.py
[2022-09-14T21:37:48.745-0300] {logging_mixin.py:115} INFO - [2022-09-14T21:37:48.688-0300] {dag.py:2429} INFO - Sync 1 DAGs
[2022-09-14T21:37:48.912-0300] {logging_mixin.py:115} INFO - [2022-09-14T21:37:48.909-0300] {dag.py:2977} INFO - Setting next_dagrun for tutorial_taskflow_api_etl to None, run_after=None
[2022-09-14T21:37:49.691-0300] {processor.py:161} INFO - Processing /home/juliana/Área de Trabalho/datapipeline/.env/lib/python3.8/site-packages/airflow/example_dags/tutorial_taskflow_api_etl.py took 1.567 seconds
[2022-09-15T13:35:17.677-0300] {processor.py:153} INFO - Started process (PID=6995) to work on /home/juliana/Área de Trabalho/datapipeline/.env/lib/python3.8/site-packages/airflow/example_dags/tutorial_taskflow_api_etl.py
[2022-09-15T13:35:17.684-0300] {processor.py:640} INFO - Processing file /home/juliana/Área de Trabalho/datapipeline/.env/lib/python3.8/site-packages/airflow/example_dags/tutorial_taskflow_api_etl.py for tasks to queue
[2022-09-15T13:35:17.685-0300] {logging_mixin.py:115} INFO - [2022-09-15T13:35:17.685-0300] {dagbag.py:508} INFO - Filling up the DagBag from /home/juliana/Área de Trabalho/datapipeline/.env/lib/python3.8/site-packages/airflow/example_dags/tutorial_taskflow_api_etl.py
[2022-09-15T13:35:17.718-0300] {processor.py:650} INFO - DAG(s) dict_keys(['tutorial_taskflow_api_etl']) retrieved from /home/juliana/Área de Trabalho/datapipeline/.env/lib/python3.8/site-packages/airflow/example_dags/tutorial_taskflow_api_etl.py
[2022-09-15T13:35:17.769-0300] {logging_mixin.py:115} INFO - [2022-09-15T13:35:17.768-0300] {dag.py:2429} INFO - Sync 1 DAGs
[2022-09-15T13:35:17.831-0300] {logging_mixin.py:115} INFO - [2022-09-15T13:35:17.830-0300] {dag.py:2977} INFO - Setting next_dagrun for tutorial_taskflow_api_etl to None, run_after=None
[2022-09-15T13:35:17.850-0300] {processor.py:161} INFO - Processing /home/juliana/Área de Trabalho/datapipeline/.env/lib/python3.8/site-packages/airflow/example_dags/tutorial_taskflow_api_etl.py took 0.177 seconds
[2022-09-15T13:36:01.918-0300] {processor.py:153} INFO - Started process (PID=7403) to work on /home/juliana/Área de Trabalho/datapipeline/.env/lib/python3.8/site-packages/airflow/example_dags/tutorial_taskflow_api_etl.py
[2022-09-15T13:36:01.921-0300] {processor.py:640} INFO - Processing file /home/juliana/Área de Trabalho/datapipeline/.env/lib/python3.8/site-packages/airflow/example_dags/tutorial_taskflow_api_etl.py for tasks to queue
[2022-09-15T13:36:01.922-0300] {logging_mixin.py:115} INFO - [2022-09-15T13:36:01.922-0300] {dagbag.py:508} INFO - Filling up the DagBag from /home/juliana/Área de Trabalho/datapipeline/.env/lib/python3.8/site-packages/airflow/example_dags/tutorial_taskflow_api_etl.py
[2022-09-15T13:36:01.952-0300] {processor.py:650} INFO - DAG(s) dict_keys(['tutorial_taskflow_api_etl']) retrieved from /home/juliana/Área de Trabalho/datapipeline/.env/lib/python3.8/site-packages/airflow/example_dags/tutorial_taskflow_api_etl.py
[2022-09-15T13:36:02.058-0300] {logging_mixin.py:115} INFO - [2022-09-15T13:36:02.058-0300] {dag.py:2429} INFO - Sync 1 DAGs
[2022-09-15T13:36:02.100-0300] {logging_mixin.py:115} INFO - [2022-09-15T13:36:02.100-0300] {dag.py:2977} INFO - Setting next_dagrun for tutorial_taskflow_api_etl to None, run_after=None
[2022-09-15T13:36:02.130-0300] {processor.py:161} INFO - Processing /home/juliana/Área de Trabalho/datapipeline/.env/lib/python3.8/site-packages/airflow/example_dags/tutorial_taskflow_api_etl.py took 0.218 seconds
[2022-09-15T13:36:40.003-0300] {processor.py:153} INFO - Started process (PID=7546) to work on /home/juliana/Área de Trabalho/datapipeline/.env/lib/python3.8/site-packages/airflow/example_dags/tutorial_taskflow_api_etl.py
[2022-09-15T13:36:40.010-0300] {processor.py:640} INFO - Processing file /home/juliana/Área de Trabalho/datapipeline/.env/lib/python3.8/site-packages/airflow/example_dags/tutorial_taskflow_api_etl.py for tasks to queue
[2022-09-15T13:36:40.012-0300] {logging_mixin.py:115} INFO - [2022-09-15T13:36:40.011-0300] {dagbag.py:508} INFO - Filling up the DagBag from /home/juliana/Área de Trabalho/datapipeline/.env/lib/python3.8/site-packages/airflow/example_dags/tutorial_taskflow_api_etl.py
[2022-09-15T13:36:40.047-0300] {processor.py:650} INFO - DAG(s) dict_keys(['tutorial_taskflow_api_etl']) retrieved from /home/juliana/Área de Trabalho/datapipeline/.env/lib/python3.8/site-packages/airflow/example_dags/tutorial_taskflow_api_etl.py
[2022-09-15T13:36:40.092-0300] {logging_mixin.py:115} INFO - [2022-09-15T13:36:40.092-0300] {dag.py:2429} INFO - Sync 1 DAGs
[2022-09-15T13:36:40.104-0300] {logging_mixin.py:115} INFO - [2022-09-15T13:36:40.104-0300] {dag.py:2977} INFO - Setting next_dagrun for tutorial_taskflow_api_etl to None, run_after=None
[2022-09-15T13:36:40.123-0300] {processor.py:161} INFO - Processing /home/juliana/Área de Trabalho/datapipeline/.env/lib/python3.8/site-packages/airflow/example_dags/tutorial_taskflow_api_etl.py took 0.126 seconds
[2022-09-15T13:37:15.187-0300] {processor.py:153} INFO - Started process (PID=7670) to work on /home/juliana/Área de Trabalho/datapipeline/.env/lib/python3.8/site-packages/airflow/example_dags/tutorial_taskflow_api_etl.py
[2022-09-15T13:37:15.194-0300] {processor.py:640} INFO - Processing file /home/juliana/Área de Trabalho/datapipeline/.env/lib/python3.8/site-packages/airflow/example_dags/tutorial_taskflow_api_etl.py for tasks to queue
[2022-09-15T13:37:15.196-0300] {logging_mixin.py:115} INFO - [2022-09-15T13:37:15.196-0300] {dagbag.py:508} INFO - Filling up the DagBag from /home/juliana/Área de Trabalho/datapipeline/.env/lib/python3.8/site-packages/airflow/example_dags/tutorial_taskflow_api_etl.py
[2022-09-15T13:37:15.230-0300] {processor.py:650} INFO - DAG(s) dict_keys(['tutorial_taskflow_api_etl']) retrieved from /home/juliana/Área de Trabalho/datapipeline/.env/lib/python3.8/site-packages/airflow/example_dags/tutorial_taskflow_api_etl.py
[2022-09-15T13:37:15.258-0300] {logging_mixin.py:115} INFO - [2022-09-15T13:37:15.257-0300] {dag.py:2429} INFO - Sync 1 DAGs
[2022-09-15T13:37:15.274-0300] {logging_mixin.py:115} INFO - [2022-09-15T13:37:15.274-0300] {dag.py:2977} INFO - Setting next_dagrun for tutorial_taskflow_api_etl to None, run_after=None
[2022-09-15T13:37:15.305-0300] {processor.py:161} INFO - Processing /home/juliana/Área de Trabalho/datapipeline/.env/lib/python3.8/site-packages/airflow/example_dags/tutorial_taskflow_api_etl.py took 0.122 seconds
[2022-09-15T13:37:50.850-0300] {processor.py:153} INFO - Started process (PID=7797) to work on /home/juliana/Área de Trabalho/datapipeline/.env/lib/python3.8/site-packages/airflow/example_dags/tutorial_taskflow_api_etl.py
[2022-09-15T13:37:50.858-0300] {processor.py:640} INFO - Processing file /home/juliana/Área de Trabalho/datapipeline/.env/lib/python3.8/site-packages/airflow/example_dags/tutorial_taskflow_api_etl.py for tasks to queue
[2022-09-15T13:37:50.859-0300] {logging_mixin.py:115} INFO - [2022-09-15T13:37:50.859-0300] {dagbag.py:508} INFO - Filling up the DagBag from /home/juliana/Área de Trabalho/datapipeline/.env/lib/python3.8/site-packages/airflow/example_dags/tutorial_taskflow_api_etl.py
[2022-09-15T13:37:50.879-0300] {processor.py:650} INFO - DAG(s) dict_keys(['tutorial_taskflow_api_etl']) retrieved from /home/juliana/Área de Trabalho/datapipeline/.env/lib/python3.8/site-packages/airflow/example_dags/tutorial_taskflow_api_etl.py
[2022-09-15T13:37:50.976-0300] {logging_mixin.py:115} INFO - [2022-09-15T13:37:50.976-0300] {dag.py:2429} INFO - Sync 1 DAGs
[2022-09-15T13:37:50.997-0300] {logging_mixin.py:115} INFO - [2022-09-15T13:37:50.997-0300] {dag.py:2977} INFO - Setting next_dagrun for tutorial_taskflow_api_etl to None, run_after=None
[2022-09-15T13:37:51.025-0300] {processor.py:161} INFO - Processing /home/juliana/Área de Trabalho/datapipeline/.env/lib/python3.8/site-packages/airflow/example_dags/tutorial_taskflow_api_etl.py took 0.191 seconds
[2022-09-15T13:38:24.926-0300] {processor.py:153} INFO - Started process (PID=7915) to work on /home/juliana/Área de Trabalho/datapipeline/.env/lib/python3.8/site-packages/airflow/example_dags/tutorial_taskflow_api_etl.py
[2022-09-15T13:38:24.928-0300] {processor.py:640} INFO - Processing file /home/juliana/Área de Trabalho/datapipeline/.env/lib/python3.8/site-packages/airflow/example_dags/tutorial_taskflow_api_etl.py for tasks to queue
[2022-09-15T13:38:24.929-0300] {logging_mixin.py:115} INFO - [2022-09-15T13:38:24.929-0300] {dagbag.py:508} INFO - Filling up the DagBag from /home/juliana/Área de Trabalho/datapipeline/.env/lib/python3.8/site-packages/airflow/example_dags/tutorial_taskflow_api_etl.py
[2022-09-15T13:38:24.950-0300] {processor.py:650} INFO - DAG(s) dict_keys(['tutorial_taskflow_api_etl']) retrieved from /home/juliana/Área de Trabalho/datapipeline/.env/lib/python3.8/site-packages/airflow/example_dags/tutorial_taskflow_api_etl.py
[2022-09-15T13:38:25.008-0300] {logging_mixin.py:115} INFO - [2022-09-15T13:38:25.008-0300] {dag.py:2429} INFO - Sync 1 DAGs
[2022-09-15T13:38:25.040-0300] {logging_mixin.py:115} INFO - [2022-09-15T13:38:25.040-0300] {dag.py:2977} INFO - Setting next_dagrun for tutorial_taskflow_api_etl to None, run_after=None
[2022-09-15T13:38:25.061-0300] {processor.py:161} INFO - Processing /home/juliana/Área de Trabalho/datapipeline/.env/lib/python3.8/site-packages/airflow/example_dags/tutorial_taskflow_api_etl.py took 0.142 seconds
[2022-09-15T13:39:04.695-0300] {processor.py:153} INFO - Started process (PID=8047) to work on /home/juliana/Área de Trabalho/datapipeline/.env/lib/python3.8/site-packages/airflow/example_dags/tutorial_taskflow_api_etl.py
[2022-09-15T13:39:04.700-0300] {processor.py:640} INFO - Processing file /home/juliana/Área de Trabalho/datapipeline/.env/lib/python3.8/site-packages/airflow/example_dags/tutorial_taskflow_api_etl.py for tasks to queue
[2022-09-15T13:39:04.701-0300] {logging_mixin.py:115} INFO - [2022-09-15T13:39:04.701-0300] {dagbag.py:508} INFO - Filling up the DagBag from /home/juliana/Área de Trabalho/datapipeline/.env/lib/python3.8/site-packages/airflow/example_dags/tutorial_taskflow_api_etl.py
[2022-09-15T13:39:04.723-0300] {processor.py:650} INFO - DAG(s) dict_keys(['tutorial_taskflow_api_etl']) retrieved from /home/juliana/Área de Trabalho/datapipeline/.env/lib/python3.8/site-packages/airflow/example_dags/tutorial_taskflow_api_etl.py
[2022-09-15T13:39:04.753-0300] {logging_mixin.py:115} INFO - [2022-09-15T13:39:04.753-0300] {dag.py:2429} INFO - Sync 1 DAGs
[2022-09-15T13:39:04.771-0300] {logging_mixin.py:115} INFO - [2022-09-15T13:39:04.771-0300] {dag.py:2977} INFO - Setting next_dagrun for tutorial_taskflow_api_etl to None, run_after=None
[2022-09-15T13:39:04.791-0300] {processor.py:161} INFO - Processing /home/juliana/Área de Trabalho/datapipeline/.env/lib/python3.8/site-packages/airflow/example_dags/tutorial_taskflow_api_etl.py took 0.102 seconds
[2022-09-15T13:39:43.696-0300] {processor.py:153} INFO - Started process (PID=8182) to work on /home/juliana/Área de Trabalho/datapipeline/.env/lib/python3.8/site-packages/airflow/example_dags/tutorial_taskflow_api_etl.py
[2022-09-15T13:39:43.701-0300] {processor.py:640} INFO - Processing file /home/juliana/Área de Trabalho/datapipeline/.env/lib/python3.8/site-packages/airflow/example_dags/tutorial_taskflow_api_etl.py for tasks to queue
[2022-09-15T13:39:43.702-0300] {logging_mixin.py:115} INFO - [2022-09-15T13:39:43.702-0300] {dagbag.py:508} INFO - Filling up the DagBag from /home/juliana/Área de Trabalho/datapipeline/.env/lib/python3.8/site-packages/airflow/example_dags/tutorial_taskflow_api_etl.py
[2022-09-15T13:39:43.730-0300] {processor.py:650} INFO - DAG(s) dict_keys(['tutorial_taskflow_api_etl']) retrieved from /home/juliana/Área de Trabalho/datapipeline/.env/lib/python3.8/site-packages/airflow/example_dags/tutorial_taskflow_api_etl.py
[2022-09-15T13:39:43.849-0300] {logging_mixin.py:115} INFO - [2022-09-15T13:39:43.848-0300] {dag.py:2429} INFO - Sync 1 DAGs
[2022-09-15T13:39:43.890-0300] {logging_mixin.py:115} INFO - [2022-09-15T13:39:43.889-0300] {dag.py:2977} INFO - Setting next_dagrun for tutorial_taskflow_api_etl to None, run_after=None
[2022-09-15T13:39:44.235-0300] {processor.py:161} INFO - Processing /home/juliana/Área de Trabalho/datapipeline/.env/lib/python3.8/site-packages/airflow/example_dags/tutorial_taskflow_api_etl.py took 0.547 seconds
[2022-09-15T13:40:22.651-0300] {processor.py:153} INFO - Started process (PID=8316) to work on /home/juliana/Área de Trabalho/datapipeline/.env/lib/python3.8/site-packages/airflow/example_dags/tutorial_taskflow_api_etl.py
[2022-09-15T13:40:22.658-0300] {processor.py:640} INFO - Processing file /home/juliana/Área de Trabalho/datapipeline/.env/lib/python3.8/site-packages/airflow/example_dags/tutorial_taskflow_api_etl.py for tasks to queue
[2022-09-15T13:40:22.660-0300] {logging_mixin.py:115} INFO - [2022-09-15T13:40:22.660-0300] {dagbag.py:508} INFO - Filling up the DagBag from /home/juliana/Área de Trabalho/datapipeline/.env/lib/python3.8/site-packages/airflow/example_dags/tutorial_taskflow_api_etl.py
[2022-09-15T13:40:22.704-0300] {processor.py:650} INFO - DAG(s) dict_keys(['tutorial_taskflow_api_etl']) retrieved from /home/juliana/Área de Trabalho/datapipeline/.env/lib/python3.8/site-packages/airflow/example_dags/tutorial_taskflow_api_etl.py
[2022-09-15T13:40:22.791-0300] {logging_mixin.py:115} INFO - [2022-09-15T13:40:22.790-0300] {dag.py:2429} INFO - Sync 1 DAGs
[2022-09-15T13:40:22.822-0300] {logging_mixin.py:115} INFO - [2022-09-15T13:40:22.821-0300] {dag.py:2977} INFO - Setting next_dagrun for tutorial_taskflow_api_etl to None, run_after=None
[2022-09-15T13:40:22.947-0300] {processor.py:161} INFO - Processing /home/juliana/Área de Trabalho/datapipeline/.env/lib/python3.8/site-packages/airflow/example_dags/tutorial_taskflow_api_etl.py took 0.303 seconds
[2022-09-15T13:41:00.172-0300] {processor.py:153} INFO - Started process (PID=8459) to work on /home/juliana/Área de Trabalho/datapipeline/.env/lib/python3.8/site-packages/airflow/example_dags/tutorial_taskflow_api_etl.py
[2022-09-15T13:41:00.174-0300] {processor.py:640} INFO - Processing file /home/juliana/Área de Trabalho/datapipeline/.env/lib/python3.8/site-packages/airflow/example_dags/tutorial_taskflow_api_etl.py for tasks to queue
[2022-09-15T13:41:00.176-0300] {logging_mixin.py:115} INFO - [2022-09-15T13:41:00.176-0300] {dagbag.py:508} INFO - Filling up the DagBag from /home/juliana/Área de Trabalho/datapipeline/.env/lib/python3.8/site-packages/airflow/example_dags/tutorial_taskflow_api_etl.py
[2022-09-15T13:41:00.215-0300] {processor.py:650} INFO - DAG(s) dict_keys(['tutorial_taskflow_api_etl']) retrieved from /home/juliana/Área de Trabalho/datapipeline/.env/lib/python3.8/site-packages/airflow/example_dags/tutorial_taskflow_api_etl.py
[2022-09-15T13:41:00.254-0300] {logging_mixin.py:115} INFO - [2022-09-15T13:41:00.254-0300] {dag.py:2429} INFO - Sync 1 DAGs
[2022-09-15T13:41:00.266-0300] {logging_mixin.py:115} INFO - [2022-09-15T13:41:00.266-0300] {dag.py:2977} INFO - Setting next_dagrun for tutorial_taskflow_api_etl to None, run_after=None
[2022-09-15T13:41:00.284-0300] {processor.py:161} INFO - Processing /home/juliana/Área de Trabalho/datapipeline/.env/lib/python3.8/site-packages/airflow/example_dags/tutorial_taskflow_api_etl.py took 0.119 seconds
[2022-09-15T13:41:34.396-0300] {processor.py:153} INFO - Started process (PID=8583) to work on /home/juliana/Área de Trabalho/datapipeline/.env/lib/python3.8/site-packages/airflow/example_dags/tutorial_taskflow_api_etl.py
[2022-09-15T13:41:34.399-0300] {processor.py:640} INFO - Processing file /home/juliana/Área de Trabalho/datapipeline/.env/lib/python3.8/site-packages/airflow/example_dags/tutorial_taskflow_api_etl.py for tasks to queue
[2022-09-15T13:41:34.400-0300] {logging_mixin.py:115} INFO - [2022-09-15T13:41:34.400-0300] {dagbag.py:508} INFO - Filling up the DagBag from /home/juliana/Área de Trabalho/datapipeline/.env/lib/python3.8/site-packages/airflow/example_dags/tutorial_taskflow_api_etl.py
[2022-09-15T13:41:34.422-0300] {processor.py:650} INFO - DAG(s) dict_keys(['tutorial_taskflow_api_etl']) retrieved from /home/juliana/Área de Trabalho/datapipeline/.env/lib/python3.8/site-packages/airflow/example_dags/tutorial_taskflow_api_etl.py
[2022-09-15T13:41:34.436-0300] {logging_mixin.py:115} INFO - [2022-09-15T13:41:34.436-0300] {dag.py:2429} INFO - Sync 1 DAGs
[2022-09-15T13:41:34.452-0300] {logging_mixin.py:115} INFO - [2022-09-15T13:41:34.452-0300] {dag.py:2977} INFO - Setting next_dagrun for tutorial_taskflow_api_etl to None, run_after=None
[2022-09-15T13:41:34.469-0300] {processor.py:161} INFO - Processing /home/juliana/Área de Trabalho/datapipeline/.env/lib/python3.8/site-packages/airflow/example_dags/tutorial_taskflow_api_etl.py took 0.099 seconds
[2022-09-15T13:42:13.702-0300] {processor.py:153} INFO - Started process (PID=8730) to work on /home/juliana/Área de Trabalho/datapipeline/.env/lib/python3.8/site-packages/airflow/example_dags/tutorial_taskflow_api_etl.py
[2022-09-15T13:42:13.705-0300] {processor.py:640} INFO - Processing file /home/juliana/Área de Trabalho/datapipeline/.env/lib/python3.8/site-packages/airflow/example_dags/tutorial_taskflow_api_etl.py for tasks to queue
[2022-09-15T13:42:13.706-0300] {logging_mixin.py:115} INFO - [2022-09-15T13:42:13.706-0300] {dagbag.py:508} INFO - Filling up the DagBag from /home/juliana/Área de Trabalho/datapipeline/.env/lib/python3.8/site-packages/airflow/example_dags/tutorial_taskflow_api_etl.py
[2022-09-15T13:42:13.732-0300] {processor.py:650} INFO - DAG(s) dict_keys(['tutorial_taskflow_api_etl']) retrieved from /home/juliana/Área de Trabalho/datapipeline/.env/lib/python3.8/site-packages/airflow/example_dags/tutorial_taskflow_api_etl.py
[2022-09-15T13:42:13.749-0300] {logging_mixin.py:115} INFO - [2022-09-15T13:42:13.749-0300] {dag.py:2429} INFO - Sync 1 DAGs
[2022-09-15T13:42:13.766-0300] {logging_mixin.py:115} INFO - [2022-09-15T13:42:13.766-0300] {dag.py:2977} INFO - Setting next_dagrun for tutorial_taskflow_api_etl to None, run_after=None
[2022-09-15T13:42:13.791-0300] {processor.py:161} INFO - Processing /home/juliana/Área de Trabalho/datapipeline/.env/lib/python3.8/site-packages/airflow/example_dags/tutorial_taskflow_api_etl.py took 0.094 seconds
[2022-09-15T13:42:56.158-0300] {processor.py:153} INFO - Started process (PID=8869) to work on /home/juliana/Área de Trabalho/datapipeline/.env/lib/python3.8/site-packages/airflow/example_dags/tutorial_taskflow_api_etl.py
[2022-09-15T13:42:56.164-0300] {processor.py:640} INFO - Processing file /home/juliana/Área de Trabalho/datapipeline/.env/lib/python3.8/site-packages/airflow/example_dags/tutorial_taskflow_api_etl.py for tasks to queue
[2022-09-15T13:42:56.168-0300] {logging_mixin.py:115} INFO - [2022-09-15T13:42:56.168-0300] {dagbag.py:508} INFO - Filling up the DagBag from /home/juliana/Área de Trabalho/datapipeline/.env/lib/python3.8/site-packages/airflow/example_dags/tutorial_taskflow_api_etl.py
[2022-09-15T13:42:56.297-0300] {processor.py:650} INFO - DAG(s) dict_keys(['tutorial_taskflow_api_etl']) retrieved from /home/juliana/Área de Trabalho/datapipeline/.env/lib/python3.8/site-packages/airflow/example_dags/tutorial_taskflow_api_etl.py
[2022-09-15T13:42:56.373-0300] {logging_mixin.py:115} INFO - [2022-09-15T13:42:56.373-0300] {dag.py:2429} INFO - Sync 1 DAGs
[2022-09-15T13:42:56.462-0300] {logging_mixin.py:115} INFO - [2022-09-15T13:42:56.462-0300] {dag.py:2977} INFO - Setting next_dagrun for tutorial_taskflow_api_etl to None, run_after=None
[2022-09-15T13:42:56.637-0300] {processor.py:161} INFO - Processing /home/juliana/Área de Trabalho/datapipeline/.env/lib/python3.8/site-packages/airflow/example_dags/tutorial_taskflow_api_etl.py took 0.506 seconds
