[2022-09-14T21:00:30.551-0300] {processor.py:153} INFO - Started process (PID=19994) to work on /home/juliana/Área de Trabalho/datapipeline/.env/lib/python3.8/site-packages/airflow/example_dags/tutorial_etl_dag.py
[2022-09-14T21:00:30.552-0300] {processor.py:640} INFO - Processing file /home/juliana/Área de Trabalho/datapipeline/.env/lib/python3.8/site-packages/airflow/example_dags/tutorial_etl_dag.py for tasks to queue
[2022-09-14T21:00:30.553-0300] {logging_mixin.py:115} INFO - [2022-09-14T21:00:30.553-0300] {dagbag.py:508} INFO - Filling up the DagBag from /home/juliana/Área de Trabalho/datapipeline/.env/lib/python3.8/site-packages/airflow/example_dags/tutorial_etl_dag.py
[2022-09-14T21:00:30.561-0300] {processor.py:650} INFO - DAG(s) dict_keys(['tutorial_etl_dag']) retrieved from /home/juliana/Área de Trabalho/datapipeline/.env/lib/python3.8/site-packages/airflow/example_dags/tutorial_etl_dag.py
[2022-09-14T21:00:30.574-0300] {logging_mixin.py:115} INFO - [2022-09-14T21:00:30.574-0300] {dag.py:2429} INFO - Sync 1 DAGs
[2022-09-14T21:00:30.592-0300] {logging_mixin.py:115} INFO - [2022-09-14T21:00:30.592-0300] {dag.py:2977} INFO - Setting next_dagrun for tutorial_etl_dag to None, run_after=None
[2022-09-14T21:00:30.606-0300] {processor.py:161} INFO - Processing /home/juliana/Área de Trabalho/datapipeline/.env/lib/python3.8/site-packages/airflow/example_dags/tutorial_etl_dag.py took 0.057 seconds
[2022-09-14T21:01:04.033-0300] {processor.py:153} INFO - Started process (PID=20029) to work on /home/juliana/Área de Trabalho/datapipeline/.env/lib/python3.8/site-packages/airflow/example_dags/tutorial_etl_dag.py
[2022-09-14T21:01:04.034-0300] {processor.py:640} INFO - Processing file /home/juliana/Área de Trabalho/datapipeline/.env/lib/python3.8/site-packages/airflow/example_dags/tutorial_etl_dag.py for tasks to queue
[2022-09-14T21:01:04.035-0300] {logging_mixin.py:115} INFO - [2022-09-14T21:01:04.035-0300] {dagbag.py:508} INFO - Filling up the DagBag from /home/juliana/Área de Trabalho/datapipeline/.env/lib/python3.8/site-packages/airflow/example_dags/tutorial_etl_dag.py
[2022-09-14T21:01:04.049-0300] {processor.py:650} INFO - DAG(s) dict_keys(['tutorial_etl_dag']) retrieved from /home/juliana/Área de Trabalho/datapipeline/.env/lib/python3.8/site-packages/airflow/example_dags/tutorial_etl_dag.py
[2022-09-14T21:01:04.067-0300] {logging_mixin.py:115} INFO - [2022-09-14T21:01:04.067-0300] {dag.py:2429} INFO - Sync 1 DAGs
[2022-09-14T21:01:04.086-0300] {logging_mixin.py:115} INFO - [2022-09-14T21:01:04.086-0300] {dag.py:2977} INFO - Setting next_dagrun for tutorial_etl_dag to None, run_after=None
[2022-09-14T21:01:04.102-0300] {processor.py:161} INFO - Processing /home/juliana/Área de Trabalho/datapipeline/.env/lib/python3.8/site-packages/airflow/example_dags/tutorial_etl_dag.py took 0.074 seconds
[2022-09-14T21:01:37.883-0300] {processor.py:153} INFO - Started process (PID=20064) to work on /home/juliana/Área de Trabalho/datapipeline/.env/lib/python3.8/site-packages/airflow/example_dags/tutorial_etl_dag.py
[2022-09-14T21:01:37.884-0300] {processor.py:640} INFO - Processing file /home/juliana/Área de Trabalho/datapipeline/.env/lib/python3.8/site-packages/airflow/example_dags/tutorial_etl_dag.py for tasks to queue
[2022-09-14T21:01:37.885-0300] {logging_mixin.py:115} INFO - [2022-09-14T21:01:37.885-0300] {dagbag.py:508} INFO - Filling up the DagBag from /home/juliana/Área de Trabalho/datapipeline/.env/lib/python3.8/site-packages/airflow/example_dags/tutorial_etl_dag.py
[2022-09-14T21:01:37.901-0300] {processor.py:650} INFO - DAG(s) dict_keys(['tutorial_etl_dag']) retrieved from /home/juliana/Área de Trabalho/datapipeline/.env/lib/python3.8/site-packages/airflow/example_dags/tutorial_etl_dag.py
[2022-09-14T21:01:37.918-0300] {logging_mixin.py:115} INFO - [2022-09-14T21:01:37.918-0300] {dag.py:2429} INFO - Sync 1 DAGs
[2022-09-14T21:01:37.936-0300] {logging_mixin.py:115} INFO - [2022-09-14T21:01:37.935-0300] {dag.py:2977} INFO - Setting next_dagrun for tutorial_etl_dag to None, run_after=None
[2022-09-14T21:01:37.952-0300] {processor.py:161} INFO - Processing /home/juliana/Área de Trabalho/datapipeline/.env/lib/python3.8/site-packages/airflow/example_dags/tutorial_etl_dag.py took 0.074 seconds
[2022-09-14T21:02:11.184-0300] {processor.py:153} INFO - Started process (PID=20099) to work on /home/juliana/Área de Trabalho/datapipeline/.env/lib/python3.8/site-packages/airflow/example_dags/tutorial_etl_dag.py
[2022-09-14T21:02:11.186-0300] {processor.py:640} INFO - Processing file /home/juliana/Área de Trabalho/datapipeline/.env/lib/python3.8/site-packages/airflow/example_dags/tutorial_etl_dag.py for tasks to queue
[2022-09-14T21:02:11.187-0300] {logging_mixin.py:115} INFO - [2022-09-14T21:02:11.187-0300] {dagbag.py:508} INFO - Filling up the DagBag from /home/juliana/Área de Trabalho/datapipeline/.env/lib/python3.8/site-packages/airflow/example_dags/tutorial_etl_dag.py
[2022-09-14T21:02:11.197-0300] {processor.py:650} INFO - DAG(s) dict_keys(['tutorial_etl_dag']) retrieved from /home/juliana/Área de Trabalho/datapipeline/.env/lib/python3.8/site-packages/airflow/example_dags/tutorial_etl_dag.py
[2022-09-14T21:02:11.216-0300] {logging_mixin.py:115} INFO - [2022-09-14T21:02:11.215-0300] {dag.py:2429} INFO - Sync 1 DAGs
[2022-09-14T21:02:11.231-0300] {logging_mixin.py:115} INFO - [2022-09-14T21:02:11.231-0300] {dag.py:2977} INFO - Setting next_dagrun for tutorial_etl_dag to None, run_after=None
[2022-09-14T21:02:11.252-0300] {processor.py:161} INFO - Processing /home/juliana/Área de Trabalho/datapipeline/.env/lib/python3.8/site-packages/airflow/example_dags/tutorial_etl_dag.py took 0.075 seconds
[2022-09-14T21:03:18.930-0300] {processor.py:153} INFO - Started process (PID=20184) to work on /home/juliana/Área de Trabalho/datapipeline/.env/lib/python3.8/site-packages/airflow/example_dags/tutorial_etl_dag.py
[2022-09-14T21:03:18.931-0300] {processor.py:640} INFO - Processing file /home/juliana/Área de Trabalho/datapipeline/.env/lib/python3.8/site-packages/airflow/example_dags/tutorial_etl_dag.py for tasks to queue
[2022-09-14T21:03:18.932-0300] {logging_mixin.py:115} INFO - [2022-09-14T21:03:18.931-0300] {dagbag.py:508} INFO - Filling up the DagBag from /home/juliana/Área de Trabalho/datapipeline/.env/lib/python3.8/site-packages/airflow/example_dags/tutorial_etl_dag.py
[2022-09-14T21:03:18.941-0300] {processor.py:650} INFO - DAG(s) dict_keys(['tutorial_etl_dag']) retrieved from /home/juliana/Área de Trabalho/datapipeline/.env/lib/python3.8/site-packages/airflow/example_dags/tutorial_etl_dag.py
[2022-09-14T21:03:18.958-0300] {logging_mixin.py:115} INFO - [2022-09-14T21:03:18.957-0300] {dag.py:2429} INFO - Sync 1 DAGs
[2022-09-14T21:03:18.976-0300] {logging_mixin.py:115} INFO - [2022-09-14T21:03:18.976-0300] {dag.py:2977} INFO - Setting next_dagrun for tutorial_etl_dag to None, run_after=None
[2022-09-14T21:03:18.997-0300] {processor.py:161} INFO - Processing /home/juliana/Área de Trabalho/datapipeline/.env/lib/python3.8/site-packages/airflow/example_dags/tutorial_etl_dag.py took 0.071 seconds
[2022-09-14T21:03:55.966-0300] {processor.py:153} INFO - Started process (PID=20218) to work on /home/juliana/Área de Trabalho/datapipeline/.env/lib/python3.8/site-packages/airflow/example_dags/tutorial_etl_dag.py
[2022-09-14T21:03:55.968-0300] {processor.py:640} INFO - Processing file /home/juliana/Área de Trabalho/datapipeline/.env/lib/python3.8/site-packages/airflow/example_dags/tutorial_etl_dag.py for tasks to queue
[2022-09-14T21:03:55.975-0300] {logging_mixin.py:115} INFO - [2022-09-14T21:03:55.975-0300] {dagbag.py:508} INFO - Filling up the DagBag from /home/juliana/Área de Trabalho/datapipeline/.env/lib/python3.8/site-packages/airflow/example_dags/tutorial_etl_dag.py
[2022-09-14T21:03:56.000-0300] {processor.py:650} INFO - DAG(s) dict_keys(['tutorial_etl_dag']) retrieved from /home/juliana/Área de Trabalho/datapipeline/.env/lib/python3.8/site-packages/airflow/example_dags/tutorial_etl_dag.py
[2022-09-14T21:03:56.036-0300] {logging_mixin.py:115} INFO - [2022-09-14T21:03:56.036-0300] {dag.py:2429} INFO - Sync 1 DAGs
[2022-09-14T21:03:56.055-0300] {logging_mixin.py:115} INFO - [2022-09-14T21:03:56.055-0300] {dag.py:2977} INFO - Setting next_dagrun for tutorial_etl_dag to None, run_after=None
[2022-09-14T21:03:56.075-0300] {processor.py:161} INFO - Processing /home/juliana/Área de Trabalho/datapipeline/.env/lib/python3.8/site-packages/airflow/example_dags/tutorial_etl_dag.py took 0.112 seconds
[2022-09-14T21:04:34.054-0300] {processor.py:153} INFO - Started process (PID=20253) to work on /home/juliana/Área de Trabalho/datapipeline/.env/lib/python3.8/site-packages/airflow/example_dags/tutorial_etl_dag.py
[2022-09-14T21:04:34.055-0300] {processor.py:640} INFO - Processing file /home/juliana/Área de Trabalho/datapipeline/.env/lib/python3.8/site-packages/airflow/example_dags/tutorial_etl_dag.py for tasks to queue
[2022-09-14T21:04:34.056-0300] {logging_mixin.py:115} INFO - [2022-09-14T21:04:34.056-0300] {dagbag.py:508} INFO - Filling up the DagBag from /home/juliana/Área de Trabalho/datapipeline/.env/lib/python3.8/site-packages/airflow/example_dags/tutorial_etl_dag.py
[2022-09-14T21:04:34.069-0300] {processor.py:650} INFO - DAG(s) dict_keys(['tutorial_etl_dag']) retrieved from /home/juliana/Área de Trabalho/datapipeline/.env/lib/python3.8/site-packages/airflow/example_dags/tutorial_etl_dag.py
[2022-09-14T21:04:34.109-0300] {logging_mixin.py:115} INFO - [2022-09-14T21:04:34.109-0300] {dag.py:2429} INFO - Sync 1 DAGs
[2022-09-14T21:04:34.149-0300] {logging_mixin.py:115} INFO - [2022-09-14T21:04:34.148-0300] {dag.py:2977} INFO - Setting next_dagrun for tutorial_etl_dag to None, run_after=None
[2022-09-14T21:04:34.185-0300] {processor.py:161} INFO - Processing /home/juliana/Área de Trabalho/datapipeline/.env/lib/python3.8/site-packages/airflow/example_dags/tutorial_etl_dag.py took 0.137 seconds
[2022-09-14T21:05:54.111-0300] {processor.py:153} INFO - Started process (PID=20294) to work on /home/juliana/Área de Trabalho/datapipeline/.env/lib/python3.8/site-packages/airflow/example_dags/tutorial_etl_dag.py
[2022-09-14T21:05:54.114-0300] {processor.py:640} INFO - Processing file /home/juliana/Área de Trabalho/datapipeline/.env/lib/python3.8/site-packages/airflow/example_dags/tutorial_etl_dag.py for tasks to queue
[2022-09-14T21:05:54.115-0300] {logging_mixin.py:115} INFO - [2022-09-14T21:05:54.115-0300] {dagbag.py:508} INFO - Filling up the DagBag from /home/juliana/Área de Trabalho/datapipeline/.env/lib/python3.8/site-packages/airflow/example_dags/tutorial_etl_dag.py
[2022-09-14T21:05:54.127-0300] {processor.py:650} INFO - DAG(s) dict_keys(['tutorial_etl_dag']) retrieved from /home/juliana/Área de Trabalho/datapipeline/.env/lib/python3.8/site-packages/airflow/example_dags/tutorial_etl_dag.py
[2022-09-14T21:05:54.146-0300] {logging_mixin.py:115} INFO - [2022-09-14T21:05:54.145-0300] {dag.py:2429} INFO - Sync 1 DAGs
[2022-09-14T21:05:54.165-0300] {logging_mixin.py:115} INFO - [2022-09-14T21:05:54.165-0300] {dag.py:2977} INFO - Setting next_dagrun for tutorial_etl_dag to None, run_after=None
[2022-09-14T21:05:54.187-0300] {processor.py:161} INFO - Processing /home/juliana/Área de Trabalho/datapipeline/.env/lib/python3.8/site-packages/airflow/example_dags/tutorial_etl_dag.py took 0.080 seconds
[2022-09-14T21:06:26.573-0300] {processor.py:153} INFO - Started process (PID=20329) to work on /home/juliana/Área de Trabalho/datapipeline/.env/lib/python3.8/site-packages/airflow/example_dags/tutorial_etl_dag.py
[2022-09-14T21:06:26.574-0300] {processor.py:640} INFO - Processing file /home/juliana/Área de Trabalho/datapipeline/.env/lib/python3.8/site-packages/airflow/example_dags/tutorial_etl_dag.py for tasks to queue
[2022-09-14T21:06:26.575-0300] {logging_mixin.py:115} INFO - [2022-09-14T21:06:26.575-0300] {dagbag.py:508} INFO - Filling up the DagBag from /home/juliana/Área de Trabalho/datapipeline/.env/lib/python3.8/site-packages/airflow/example_dags/tutorial_etl_dag.py
[2022-09-14T21:06:26.590-0300] {processor.py:650} INFO - DAG(s) dict_keys(['tutorial_etl_dag']) retrieved from /home/juliana/Área de Trabalho/datapipeline/.env/lib/python3.8/site-packages/airflow/example_dags/tutorial_etl_dag.py
[2022-09-14T21:06:26.609-0300] {logging_mixin.py:115} INFO - [2022-09-14T21:06:26.609-0300] {dag.py:2429} INFO - Sync 1 DAGs
[2022-09-14T21:06:26.625-0300] {logging_mixin.py:115} INFO - [2022-09-14T21:06:26.625-0300] {dag.py:2977} INFO - Setting next_dagrun for tutorial_etl_dag to None, run_after=None
[2022-09-14T21:06:26.642-0300] {processor.py:161} INFO - Processing /home/juliana/Área de Trabalho/datapipeline/.env/lib/python3.8/site-packages/airflow/example_dags/tutorial_etl_dag.py took 0.074 seconds
[2022-09-14T21:07:01.566-0300] {processor.py:153} INFO - Started process (PID=20363) to work on /home/juliana/Área de Trabalho/datapipeline/.env/lib/python3.8/site-packages/airflow/example_dags/tutorial_etl_dag.py
[2022-09-14T21:07:01.568-0300] {processor.py:640} INFO - Processing file /home/juliana/Área de Trabalho/datapipeline/.env/lib/python3.8/site-packages/airflow/example_dags/tutorial_etl_dag.py for tasks to queue
[2022-09-14T21:07:01.569-0300] {logging_mixin.py:115} INFO - [2022-09-14T21:07:01.569-0300] {dagbag.py:508} INFO - Filling up the DagBag from /home/juliana/Área de Trabalho/datapipeline/.env/lib/python3.8/site-packages/airflow/example_dags/tutorial_etl_dag.py
[2022-09-14T21:07:01.578-0300] {processor.py:650} INFO - DAG(s) dict_keys(['tutorial_etl_dag']) retrieved from /home/juliana/Área de Trabalho/datapipeline/.env/lib/python3.8/site-packages/airflow/example_dags/tutorial_etl_dag.py
[2022-09-14T21:07:01.592-0300] {logging_mixin.py:115} INFO - [2022-09-14T21:07:01.592-0300] {dag.py:2429} INFO - Sync 1 DAGs
[2022-09-14T21:07:01.608-0300] {logging_mixin.py:115} INFO - [2022-09-14T21:07:01.608-0300] {dag.py:2977} INFO - Setting next_dagrun for tutorial_etl_dag to None, run_after=None
[2022-09-14T21:07:01.629-0300] {processor.py:161} INFO - Processing /home/juliana/Área de Trabalho/datapipeline/.env/lib/python3.8/site-packages/airflow/example_dags/tutorial_etl_dag.py took 0.069 seconds
[2022-09-14T21:07:36.290-0300] {processor.py:153} INFO - Started process (PID=20403) to work on /home/juliana/Área de Trabalho/datapipeline/.env/lib/python3.8/site-packages/airflow/example_dags/tutorial_etl_dag.py
[2022-09-14T21:07:36.296-0300] {processor.py:640} INFO - Processing file /home/juliana/Área de Trabalho/datapipeline/.env/lib/python3.8/site-packages/airflow/example_dags/tutorial_etl_dag.py for tasks to queue
[2022-09-14T21:07:36.296-0300] {logging_mixin.py:115} INFO - [2022-09-14T21:07:36.296-0300] {dagbag.py:508} INFO - Filling up the DagBag from /home/juliana/Área de Trabalho/datapipeline/.env/lib/python3.8/site-packages/airflow/example_dags/tutorial_etl_dag.py
[2022-09-14T21:07:36.304-0300] {processor.py:650} INFO - DAG(s) dict_keys(['tutorial_etl_dag']) retrieved from /home/juliana/Área de Trabalho/datapipeline/.env/lib/python3.8/site-packages/airflow/example_dags/tutorial_etl_dag.py
[2022-09-14T21:07:36.319-0300] {logging_mixin.py:115} INFO - [2022-09-14T21:07:36.319-0300] {dag.py:2429} INFO - Sync 1 DAGs
[2022-09-14T21:07:36.339-0300] {logging_mixin.py:115} INFO - [2022-09-14T21:07:36.339-0300] {dag.py:2977} INFO - Setting next_dagrun for tutorial_etl_dag to None, run_after=None
[2022-09-14T21:07:36.358-0300] {processor.py:161} INFO - Processing /home/juliana/Área de Trabalho/datapipeline/.env/lib/python3.8/site-packages/airflow/example_dags/tutorial_etl_dag.py took 0.072 seconds
[2022-09-14T21:08:11.455-0300] {processor.py:153} INFO - Started process (PID=20443) to work on /home/juliana/Área de Trabalho/datapipeline/.env/lib/python3.8/site-packages/airflow/example_dags/tutorial_etl_dag.py
[2022-09-14T21:08:11.457-0300] {processor.py:640} INFO - Processing file /home/juliana/Área de Trabalho/datapipeline/.env/lib/python3.8/site-packages/airflow/example_dags/tutorial_etl_dag.py for tasks to queue
[2022-09-14T21:08:11.458-0300] {logging_mixin.py:115} INFO - [2022-09-14T21:08:11.458-0300] {dagbag.py:508} INFO - Filling up the DagBag from /home/juliana/Área de Trabalho/datapipeline/.env/lib/python3.8/site-packages/airflow/example_dags/tutorial_etl_dag.py
[2022-09-14T21:08:11.471-0300] {processor.py:650} INFO - DAG(s) dict_keys(['tutorial_etl_dag']) retrieved from /home/juliana/Área de Trabalho/datapipeline/.env/lib/python3.8/site-packages/airflow/example_dags/tutorial_etl_dag.py
[2022-09-14T21:08:11.493-0300] {logging_mixin.py:115} INFO - [2022-09-14T21:08:11.493-0300] {dag.py:2429} INFO - Sync 1 DAGs
[2022-09-14T21:08:11.510-0300] {logging_mixin.py:115} INFO - [2022-09-14T21:08:11.510-0300] {dag.py:2977} INFO - Setting next_dagrun for tutorial_etl_dag to None, run_after=None
[2022-09-14T21:08:11.531-0300] {processor.py:161} INFO - Processing /home/juliana/Área de Trabalho/datapipeline/.env/lib/python3.8/site-packages/airflow/example_dags/tutorial_etl_dag.py took 0.082 seconds
[2022-09-14T21:08:48.595-0300] {processor.py:153} INFO - Started process (PID=20480) to work on /home/juliana/Área de Trabalho/datapipeline/.env/lib/python3.8/site-packages/airflow/example_dags/tutorial_etl_dag.py
[2022-09-14T21:08:48.596-0300] {processor.py:640} INFO - Processing file /home/juliana/Área de Trabalho/datapipeline/.env/lib/python3.8/site-packages/airflow/example_dags/tutorial_etl_dag.py for tasks to queue
[2022-09-14T21:08:48.596-0300] {logging_mixin.py:115} INFO - [2022-09-14T21:08:48.596-0300] {dagbag.py:508} INFO - Filling up the DagBag from /home/juliana/Área de Trabalho/datapipeline/.env/lib/python3.8/site-packages/airflow/example_dags/tutorial_etl_dag.py
[2022-09-14T21:08:48.604-0300] {processor.py:650} INFO - DAG(s) dict_keys(['tutorial_etl_dag']) retrieved from /home/juliana/Área de Trabalho/datapipeline/.env/lib/python3.8/site-packages/airflow/example_dags/tutorial_etl_dag.py
[2022-09-14T21:08:48.619-0300] {logging_mixin.py:115} INFO - [2022-09-14T21:08:48.619-0300] {dag.py:2429} INFO - Sync 1 DAGs
[2022-09-14T21:08:48.635-0300] {logging_mixin.py:115} INFO - [2022-09-14T21:08:48.635-0300] {dag.py:2977} INFO - Setting next_dagrun for tutorial_etl_dag to None, run_after=None
[2022-09-14T21:08:48.655-0300] {processor.py:161} INFO - Processing /home/juliana/Área de Trabalho/datapipeline/.env/lib/python3.8/site-packages/airflow/example_dags/tutorial_etl_dag.py took 0.063 seconds
[2022-09-14T21:09:24.798-0300] {processor.py:153} INFO - Started process (PID=20518) to work on /home/juliana/Área de Trabalho/datapipeline/.env/lib/python3.8/site-packages/airflow/example_dags/tutorial_etl_dag.py
[2022-09-14T21:09:24.800-0300] {processor.py:640} INFO - Processing file /home/juliana/Área de Trabalho/datapipeline/.env/lib/python3.8/site-packages/airflow/example_dags/tutorial_etl_dag.py for tasks to queue
[2022-09-14T21:09:24.801-0300] {logging_mixin.py:115} INFO - [2022-09-14T21:09:24.801-0300] {dagbag.py:508} INFO - Filling up the DagBag from /home/juliana/Área de Trabalho/datapipeline/.env/lib/python3.8/site-packages/airflow/example_dags/tutorial_etl_dag.py
[2022-09-14T21:09:24.813-0300] {processor.py:650} INFO - DAG(s) dict_keys(['tutorial_etl_dag']) retrieved from /home/juliana/Área de Trabalho/datapipeline/.env/lib/python3.8/site-packages/airflow/example_dags/tutorial_etl_dag.py
[2022-09-14T21:09:24.830-0300] {logging_mixin.py:115} INFO - [2022-09-14T21:09:24.830-0300] {dag.py:2429} INFO - Sync 1 DAGs
[2022-09-14T21:09:24.846-0300] {logging_mixin.py:115} INFO - [2022-09-14T21:09:24.846-0300] {dag.py:2977} INFO - Setting next_dagrun for tutorial_etl_dag to None, run_after=None
[2022-09-14T21:09:24.864-0300] {processor.py:161} INFO - Processing /home/juliana/Área de Trabalho/datapipeline/.env/lib/python3.8/site-packages/airflow/example_dags/tutorial_etl_dag.py took 0.072 seconds
[2022-09-14T21:09:58.475-0300] {processor.py:153} INFO - Started process (PID=20554) to work on /home/juliana/Área de Trabalho/datapipeline/.env/lib/python3.8/site-packages/airflow/example_dags/tutorial_etl_dag.py
[2022-09-14T21:09:58.477-0300] {processor.py:640} INFO - Processing file /home/juliana/Área de Trabalho/datapipeline/.env/lib/python3.8/site-packages/airflow/example_dags/tutorial_etl_dag.py for tasks to queue
[2022-09-14T21:09:58.478-0300] {logging_mixin.py:115} INFO - [2022-09-14T21:09:58.477-0300] {dagbag.py:508} INFO - Filling up the DagBag from /home/juliana/Área de Trabalho/datapipeline/.env/lib/python3.8/site-packages/airflow/example_dags/tutorial_etl_dag.py
[2022-09-14T21:09:58.490-0300] {processor.py:650} INFO - DAG(s) dict_keys(['tutorial_etl_dag']) retrieved from /home/juliana/Área de Trabalho/datapipeline/.env/lib/python3.8/site-packages/airflow/example_dags/tutorial_etl_dag.py
[2022-09-14T21:09:58.510-0300] {logging_mixin.py:115} INFO - [2022-09-14T21:09:58.510-0300] {dag.py:2429} INFO - Sync 1 DAGs
[2022-09-14T21:09:58.526-0300] {logging_mixin.py:115} INFO - [2022-09-14T21:09:58.526-0300] {dag.py:2977} INFO - Setting next_dagrun for tutorial_etl_dag to None, run_after=None
[2022-09-14T21:09:58.546-0300] {processor.py:161} INFO - Processing /home/juliana/Área de Trabalho/datapipeline/.env/lib/python3.8/site-packages/airflow/example_dags/tutorial_etl_dag.py took 0.077 seconds
[2022-09-14T21:10:33.791-0300] {processor.py:153} INFO - Started process (PID=20592) to work on /home/juliana/Área de Trabalho/datapipeline/.env/lib/python3.8/site-packages/airflow/example_dags/tutorial_etl_dag.py
[2022-09-14T21:10:33.792-0300] {processor.py:640} INFO - Processing file /home/juliana/Área de Trabalho/datapipeline/.env/lib/python3.8/site-packages/airflow/example_dags/tutorial_etl_dag.py for tasks to queue
[2022-09-14T21:10:33.793-0300] {logging_mixin.py:115} INFO - [2022-09-14T21:10:33.793-0300] {dagbag.py:508} INFO - Filling up the DagBag from /home/juliana/Área de Trabalho/datapipeline/.env/lib/python3.8/site-packages/airflow/example_dags/tutorial_etl_dag.py
[2022-09-14T21:10:33.812-0300] {processor.py:650} INFO - DAG(s) dict_keys(['tutorial_etl_dag']) retrieved from /home/juliana/Área de Trabalho/datapipeline/.env/lib/python3.8/site-packages/airflow/example_dags/tutorial_etl_dag.py
[2022-09-14T21:10:33.827-0300] {logging_mixin.py:115} INFO - [2022-09-14T21:10:33.827-0300] {dag.py:2429} INFO - Sync 1 DAGs
[2022-09-14T21:10:33.842-0300] {logging_mixin.py:115} INFO - [2022-09-14T21:10:33.842-0300] {dag.py:2977} INFO - Setting next_dagrun for tutorial_etl_dag to None, run_after=None
[2022-09-14T21:10:33.859-0300] {processor.py:161} INFO - Processing /home/juliana/Área de Trabalho/datapipeline/.env/lib/python3.8/site-packages/airflow/example_dags/tutorial_etl_dag.py took 0.074 seconds
[2022-09-14T21:11:08.301-0300] {processor.py:153} INFO - Started process (PID=20629) to work on /home/juliana/Área de Trabalho/datapipeline/.env/lib/python3.8/site-packages/airflow/example_dags/tutorial_etl_dag.py
[2022-09-14T21:11:08.303-0300] {processor.py:640} INFO - Processing file /home/juliana/Área de Trabalho/datapipeline/.env/lib/python3.8/site-packages/airflow/example_dags/tutorial_etl_dag.py for tasks to queue
[2022-09-14T21:11:08.304-0300] {logging_mixin.py:115} INFO - [2022-09-14T21:11:08.304-0300] {dagbag.py:508} INFO - Filling up the DagBag from /home/juliana/Área de Trabalho/datapipeline/.env/lib/python3.8/site-packages/airflow/example_dags/tutorial_etl_dag.py
[2022-09-14T21:11:08.316-0300] {processor.py:650} INFO - DAG(s) dict_keys(['tutorial_etl_dag']) retrieved from /home/juliana/Área de Trabalho/datapipeline/.env/lib/python3.8/site-packages/airflow/example_dags/tutorial_etl_dag.py
[2022-09-14T21:11:08.334-0300] {logging_mixin.py:115} INFO - [2022-09-14T21:11:08.334-0300] {dag.py:2429} INFO - Sync 1 DAGs
[2022-09-14T21:11:08.350-0300] {logging_mixin.py:115} INFO - [2022-09-14T21:11:08.350-0300] {dag.py:2977} INFO - Setting next_dagrun for tutorial_etl_dag to None, run_after=None
[2022-09-14T21:11:08.371-0300] {processor.py:161} INFO - Processing /home/juliana/Área de Trabalho/datapipeline/.env/lib/python3.8/site-packages/airflow/example_dags/tutorial_etl_dag.py took 0.076 seconds
[2022-09-14T21:11:43.002-0300] {processor.py:153} INFO - Started process (PID=20666) to work on /home/juliana/Área de Trabalho/datapipeline/.env/lib/python3.8/site-packages/airflow/example_dags/tutorial_etl_dag.py
[2022-09-14T21:11:43.002-0300] {processor.py:640} INFO - Processing file /home/juliana/Área de Trabalho/datapipeline/.env/lib/python3.8/site-packages/airflow/example_dags/tutorial_etl_dag.py for tasks to queue
[2022-09-14T21:11:43.003-0300] {logging_mixin.py:115} INFO - [2022-09-14T21:11:43.003-0300] {dagbag.py:508} INFO - Filling up the DagBag from /home/juliana/Área de Trabalho/datapipeline/.env/lib/python3.8/site-packages/airflow/example_dags/tutorial_etl_dag.py
[2022-09-14T21:11:43.010-0300] {processor.py:650} INFO - DAG(s) dict_keys(['tutorial_etl_dag']) retrieved from /home/juliana/Área de Trabalho/datapipeline/.env/lib/python3.8/site-packages/airflow/example_dags/tutorial_etl_dag.py
[2022-09-14T21:11:43.024-0300] {logging_mixin.py:115} INFO - [2022-09-14T21:11:43.024-0300] {dag.py:2429} INFO - Sync 1 DAGs
[2022-09-14T21:11:43.040-0300] {logging_mixin.py:115} INFO - [2022-09-14T21:11:43.040-0300] {dag.py:2977} INFO - Setting next_dagrun for tutorial_etl_dag to None, run_after=None
[2022-09-14T21:11:43.064-0300] {processor.py:161} INFO - Processing /home/juliana/Área de Trabalho/datapipeline/.env/lib/python3.8/site-packages/airflow/example_dags/tutorial_etl_dag.py took 0.066 seconds
[2022-09-14T21:12:17.543-0300] {processor.py:153} INFO - Started process (PID=20702) to work on /home/juliana/Área de Trabalho/datapipeline/.env/lib/python3.8/site-packages/airflow/example_dags/tutorial_etl_dag.py
[2022-09-14T21:12:17.544-0300] {processor.py:640} INFO - Processing file /home/juliana/Área de Trabalho/datapipeline/.env/lib/python3.8/site-packages/airflow/example_dags/tutorial_etl_dag.py for tasks to queue
[2022-09-14T21:12:17.546-0300] {logging_mixin.py:115} INFO - [2022-09-14T21:12:17.545-0300] {dagbag.py:508} INFO - Filling up the DagBag from /home/juliana/Área de Trabalho/datapipeline/.env/lib/python3.8/site-packages/airflow/example_dags/tutorial_etl_dag.py
[2022-09-14T21:12:17.556-0300] {processor.py:650} INFO - DAG(s) dict_keys(['tutorial_etl_dag']) retrieved from /home/juliana/Área de Trabalho/datapipeline/.env/lib/python3.8/site-packages/airflow/example_dags/tutorial_etl_dag.py
[2022-09-14T21:12:17.573-0300] {logging_mixin.py:115} INFO - [2022-09-14T21:12:17.573-0300] {dag.py:2429} INFO - Sync 1 DAGs
[2022-09-14T21:12:17.589-0300] {logging_mixin.py:115} INFO - [2022-09-14T21:12:17.588-0300] {dag.py:2977} INFO - Setting next_dagrun for tutorial_etl_dag to None, run_after=None
[2022-09-14T21:12:17.603-0300] {processor.py:161} INFO - Processing /home/juliana/Área de Trabalho/datapipeline/.env/lib/python3.8/site-packages/airflow/example_dags/tutorial_etl_dag.py took 0.066 seconds
[2022-09-14T21:12:53.268-0300] {processor.py:153} INFO - Started process (PID=20742) to work on /home/juliana/Área de Trabalho/datapipeline/.env/lib/python3.8/site-packages/airflow/example_dags/tutorial_etl_dag.py
[2022-09-14T21:12:53.269-0300] {processor.py:640} INFO - Processing file /home/juliana/Área de Trabalho/datapipeline/.env/lib/python3.8/site-packages/airflow/example_dags/tutorial_etl_dag.py for tasks to queue
[2022-09-14T21:12:53.271-0300] {logging_mixin.py:115} INFO - [2022-09-14T21:12:53.270-0300] {dagbag.py:508} INFO - Filling up the DagBag from /home/juliana/Área de Trabalho/datapipeline/.env/lib/python3.8/site-packages/airflow/example_dags/tutorial_etl_dag.py
[2022-09-14T21:12:53.289-0300] {processor.py:650} INFO - DAG(s) dict_keys(['tutorial_etl_dag']) retrieved from /home/juliana/Área de Trabalho/datapipeline/.env/lib/python3.8/site-packages/airflow/example_dags/tutorial_etl_dag.py
[2022-09-14T21:12:53.303-0300] {logging_mixin.py:115} INFO - [2022-09-14T21:12:53.303-0300] {dag.py:2429} INFO - Sync 1 DAGs
[2022-09-14T21:12:53.319-0300] {logging_mixin.py:115} INFO - [2022-09-14T21:12:53.319-0300] {dag.py:2977} INFO - Setting next_dagrun for tutorial_etl_dag to None, run_after=None
[2022-09-14T21:12:53.335-0300] {processor.py:161} INFO - Processing /home/juliana/Área de Trabalho/datapipeline/.env/lib/python3.8/site-packages/airflow/example_dags/tutorial_etl_dag.py took 0.070 seconds
[2022-09-14T21:13:27.017-0300] {processor.py:153} INFO - Started process (PID=20776) to work on /home/juliana/Área de Trabalho/datapipeline/.env/lib/python3.8/site-packages/airflow/example_dags/tutorial_etl_dag.py
[2022-09-14T21:13:27.019-0300] {processor.py:640} INFO - Processing file /home/juliana/Área de Trabalho/datapipeline/.env/lib/python3.8/site-packages/airflow/example_dags/tutorial_etl_dag.py for tasks to queue
[2022-09-14T21:13:27.020-0300] {logging_mixin.py:115} INFO - [2022-09-14T21:13:27.020-0300] {dagbag.py:508} INFO - Filling up the DagBag from /home/juliana/Área de Trabalho/datapipeline/.env/lib/python3.8/site-packages/airflow/example_dags/tutorial_etl_dag.py
[2022-09-14T21:13:27.029-0300] {processor.py:650} INFO - DAG(s) dict_keys(['tutorial_etl_dag']) retrieved from /home/juliana/Área de Trabalho/datapipeline/.env/lib/python3.8/site-packages/airflow/example_dags/tutorial_etl_dag.py
[2022-09-14T21:13:27.047-0300] {logging_mixin.py:115} INFO - [2022-09-14T21:13:27.047-0300] {dag.py:2429} INFO - Sync 1 DAGs
[2022-09-14T21:13:27.063-0300] {logging_mixin.py:115} INFO - [2022-09-14T21:13:27.063-0300] {dag.py:2977} INFO - Setting next_dagrun for tutorial_etl_dag to None, run_after=None
[2022-09-14T21:13:27.085-0300] {processor.py:161} INFO - Processing /home/juliana/Área de Trabalho/datapipeline/.env/lib/python3.8/site-packages/airflow/example_dags/tutorial_etl_dag.py took 0.074 seconds
[2022-09-14T21:14:00.418-0300] {processor.py:153} INFO - Started process (PID=20812) to work on /home/juliana/Área de Trabalho/datapipeline/.env/lib/python3.8/site-packages/airflow/example_dags/tutorial_etl_dag.py
[2022-09-14T21:14:00.420-0300] {processor.py:640} INFO - Processing file /home/juliana/Área de Trabalho/datapipeline/.env/lib/python3.8/site-packages/airflow/example_dags/tutorial_etl_dag.py for tasks to queue
[2022-09-14T21:14:00.421-0300] {logging_mixin.py:115} INFO - [2022-09-14T21:14:00.421-0300] {dagbag.py:508} INFO - Filling up the DagBag from /home/juliana/Área de Trabalho/datapipeline/.env/lib/python3.8/site-packages/airflow/example_dags/tutorial_etl_dag.py
[2022-09-14T21:14:00.432-0300] {processor.py:650} INFO - DAG(s) dict_keys(['tutorial_etl_dag']) retrieved from /home/juliana/Área de Trabalho/datapipeline/.env/lib/python3.8/site-packages/airflow/example_dags/tutorial_etl_dag.py
[2022-09-14T21:14:00.451-0300] {logging_mixin.py:115} INFO - [2022-09-14T21:14:00.451-0300] {dag.py:2429} INFO - Sync 1 DAGs
[2022-09-14T21:14:00.467-0300] {logging_mixin.py:115} INFO - [2022-09-14T21:14:00.467-0300] {dag.py:2977} INFO - Setting next_dagrun for tutorial_etl_dag to None, run_after=None
[2022-09-14T21:14:00.488-0300] {processor.py:161} INFO - Processing /home/juliana/Área de Trabalho/datapipeline/.env/lib/python3.8/site-packages/airflow/example_dags/tutorial_etl_dag.py took 0.076 seconds
[2022-09-14T21:14:34.052-0300] {processor.py:153} INFO - Started process (PID=20846) to work on /home/juliana/Área de Trabalho/datapipeline/.env/lib/python3.8/site-packages/airflow/example_dags/tutorial_etl_dag.py
[2022-09-14T21:14:34.054-0300] {processor.py:640} INFO - Processing file /home/juliana/Área de Trabalho/datapipeline/.env/lib/python3.8/site-packages/airflow/example_dags/tutorial_etl_dag.py for tasks to queue
[2022-09-14T21:14:34.055-0300] {logging_mixin.py:115} INFO - [2022-09-14T21:14:34.054-0300] {dagbag.py:508} INFO - Filling up the DagBag from /home/juliana/Área de Trabalho/datapipeline/.env/lib/python3.8/site-packages/airflow/example_dags/tutorial_etl_dag.py
[2022-09-14T21:14:34.064-0300] {processor.py:650} INFO - DAG(s) dict_keys(['tutorial_etl_dag']) retrieved from /home/juliana/Área de Trabalho/datapipeline/.env/lib/python3.8/site-packages/airflow/example_dags/tutorial_etl_dag.py
[2022-09-14T21:14:34.082-0300] {logging_mixin.py:115} INFO - [2022-09-14T21:14:34.082-0300] {dag.py:2429} INFO - Sync 1 DAGs
[2022-09-14T21:14:34.099-0300] {logging_mixin.py:115} INFO - [2022-09-14T21:14:34.099-0300] {dag.py:2977} INFO - Setting next_dagrun for tutorial_etl_dag to None, run_after=None
[2022-09-14T21:14:34.121-0300] {processor.py:161} INFO - Processing /home/juliana/Área de Trabalho/datapipeline/.env/lib/python3.8/site-packages/airflow/example_dags/tutorial_etl_dag.py took 0.074 seconds
[2022-09-14T21:15:07.271-0300] {processor.py:153} INFO - Started process (PID=20881) to work on /home/juliana/Área de Trabalho/datapipeline/.env/lib/python3.8/site-packages/airflow/example_dags/tutorial_etl_dag.py
[2022-09-14T21:15:07.272-0300] {processor.py:640} INFO - Processing file /home/juliana/Área de Trabalho/datapipeline/.env/lib/python3.8/site-packages/airflow/example_dags/tutorial_etl_dag.py for tasks to queue
[2022-09-14T21:15:07.273-0300] {logging_mixin.py:115} INFO - [2022-09-14T21:15:07.273-0300] {dagbag.py:508} INFO - Filling up the DagBag from /home/juliana/Área de Trabalho/datapipeline/.env/lib/python3.8/site-packages/airflow/example_dags/tutorial_etl_dag.py
[2022-09-14T21:15:07.283-0300] {processor.py:650} INFO - DAG(s) dict_keys(['tutorial_etl_dag']) retrieved from /home/juliana/Área de Trabalho/datapipeline/.env/lib/python3.8/site-packages/airflow/example_dags/tutorial_etl_dag.py
[2022-09-14T21:15:07.303-0300] {logging_mixin.py:115} INFO - [2022-09-14T21:15:07.302-0300] {dag.py:2429} INFO - Sync 1 DAGs
[2022-09-14T21:15:07.322-0300] {logging_mixin.py:115} INFO - [2022-09-14T21:15:07.322-0300] {dag.py:2977} INFO - Setting next_dagrun for tutorial_etl_dag to None, run_after=None
[2022-09-14T21:15:07.339-0300] {processor.py:161} INFO - Processing /home/juliana/Área de Trabalho/datapipeline/.env/lib/python3.8/site-packages/airflow/example_dags/tutorial_etl_dag.py took 0.072 seconds
[2022-09-14T21:15:41.147-0300] {processor.py:153} INFO - Started process (PID=20917) to work on /home/juliana/Área de Trabalho/datapipeline/.env/lib/python3.8/site-packages/airflow/example_dags/tutorial_etl_dag.py
[2022-09-14T21:15:41.148-0300] {processor.py:640} INFO - Processing file /home/juliana/Área de Trabalho/datapipeline/.env/lib/python3.8/site-packages/airflow/example_dags/tutorial_etl_dag.py for tasks to queue
[2022-09-14T21:15:41.149-0300] {logging_mixin.py:115} INFO - [2022-09-14T21:15:41.149-0300] {dagbag.py:508} INFO - Filling up the DagBag from /home/juliana/Área de Trabalho/datapipeline/.env/lib/python3.8/site-packages/airflow/example_dags/tutorial_etl_dag.py
[2022-09-14T21:15:41.157-0300] {processor.py:650} INFO - DAG(s) dict_keys(['tutorial_etl_dag']) retrieved from /home/juliana/Área de Trabalho/datapipeline/.env/lib/python3.8/site-packages/airflow/example_dags/tutorial_etl_dag.py
[2022-09-14T21:15:41.174-0300] {logging_mixin.py:115} INFO - [2022-09-14T21:15:41.174-0300] {dag.py:2429} INFO - Sync 1 DAGs
[2022-09-14T21:15:41.190-0300] {logging_mixin.py:115} INFO - [2022-09-14T21:15:41.190-0300] {dag.py:2977} INFO - Setting next_dagrun for tutorial_etl_dag to None, run_after=None
[2022-09-14T21:15:41.209-0300] {processor.py:161} INFO - Processing /home/juliana/Área de Trabalho/datapipeline/.env/lib/python3.8/site-packages/airflow/example_dags/tutorial_etl_dag.py took 0.067 seconds
[2022-09-14T21:16:17.217-0300] {processor.py:153} INFO - Started process (PID=20955) to work on /home/juliana/Área de Trabalho/datapipeline/.env/lib/python3.8/site-packages/airflow/example_dags/tutorial_etl_dag.py
[2022-09-14T21:16:17.218-0300] {processor.py:640} INFO - Processing file /home/juliana/Área de Trabalho/datapipeline/.env/lib/python3.8/site-packages/airflow/example_dags/tutorial_etl_dag.py for tasks to queue
[2022-09-14T21:16:17.219-0300] {logging_mixin.py:115} INFO - [2022-09-14T21:16:17.219-0300] {dagbag.py:508} INFO - Filling up the DagBag from /home/juliana/Área de Trabalho/datapipeline/.env/lib/python3.8/site-packages/airflow/example_dags/tutorial_etl_dag.py
[2022-09-14T21:16:17.230-0300] {processor.py:650} INFO - DAG(s) dict_keys(['tutorial_etl_dag']) retrieved from /home/juliana/Área de Trabalho/datapipeline/.env/lib/python3.8/site-packages/airflow/example_dags/tutorial_etl_dag.py
[2022-09-14T21:16:17.248-0300] {logging_mixin.py:115} INFO - [2022-09-14T21:16:17.248-0300] {dag.py:2429} INFO - Sync 1 DAGs
[2022-09-14T21:16:17.266-0300] {logging_mixin.py:115} INFO - [2022-09-14T21:16:17.266-0300] {dag.py:2977} INFO - Setting next_dagrun for tutorial_etl_dag to None, run_after=None
[2022-09-14T21:16:17.287-0300] {processor.py:161} INFO - Processing /home/juliana/Área de Trabalho/datapipeline/.env/lib/python3.8/site-packages/airflow/example_dags/tutorial_etl_dag.py took 0.075 seconds
[2022-09-14T21:16:52.436-0300] {processor.py:153} INFO - Started process (PID=20990) to work on /home/juliana/Área de Trabalho/datapipeline/.env/lib/python3.8/site-packages/airflow/example_dags/tutorial_etl_dag.py
[2022-09-14T21:16:52.437-0300] {processor.py:640} INFO - Processing file /home/juliana/Área de Trabalho/datapipeline/.env/lib/python3.8/site-packages/airflow/example_dags/tutorial_etl_dag.py for tasks to queue
[2022-09-14T21:16:52.438-0300] {logging_mixin.py:115} INFO - [2022-09-14T21:16:52.437-0300] {dagbag.py:508} INFO - Filling up the DagBag from /home/juliana/Área de Trabalho/datapipeline/.env/lib/python3.8/site-packages/airflow/example_dags/tutorial_etl_dag.py
[2022-09-14T21:16:52.445-0300] {processor.py:650} INFO - DAG(s) dict_keys(['tutorial_etl_dag']) retrieved from /home/juliana/Área de Trabalho/datapipeline/.env/lib/python3.8/site-packages/airflow/example_dags/tutorial_etl_dag.py
[2022-09-14T21:16:52.461-0300] {logging_mixin.py:115} INFO - [2022-09-14T21:16:52.461-0300] {dag.py:2429} INFO - Sync 1 DAGs
[2022-09-14T21:16:52.477-0300] {logging_mixin.py:115} INFO - [2022-09-14T21:16:52.477-0300] {dag.py:2977} INFO - Setting next_dagrun for tutorial_etl_dag to None, run_after=None
[2022-09-14T21:16:52.512-0300] {processor.py:161} INFO - Processing /home/juliana/Área de Trabalho/datapipeline/.env/lib/python3.8/site-packages/airflow/example_dags/tutorial_etl_dag.py took 0.083 seconds
[2022-09-14T21:17:27.423-0300] {processor.py:153} INFO - Started process (PID=21032) to work on /home/juliana/Área de Trabalho/datapipeline/.env/lib/python3.8/site-packages/airflow/example_dags/tutorial_etl_dag.py
[2022-09-14T21:17:27.425-0300] {processor.py:640} INFO - Processing file /home/juliana/Área de Trabalho/datapipeline/.env/lib/python3.8/site-packages/airflow/example_dags/tutorial_etl_dag.py for tasks to queue
[2022-09-14T21:17:27.426-0300] {logging_mixin.py:115} INFO - [2022-09-14T21:17:27.426-0300] {dagbag.py:508} INFO - Filling up the DagBag from /home/juliana/Área de Trabalho/datapipeline/.env/lib/python3.8/site-packages/airflow/example_dags/tutorial_etl_dag.py
[2022-09-14T21:17:27.436-0300] {processor.py:650} INFO - DAG(s) dict_keys(['tutorial_etl_dag']) retrieved from /home/juliana/Área de Trabalho/datapipeline/.env/lib/python3.8/site-packages/airflow/example_dags/tutorial_etl_dag.py
[2022-09-14T21:17:27.453-0300] {logging_mixin.py:115} INFO - [2022-09-14T21:17:27.452-0300] {dag.py:2429} INFO - Sync 1 DAGs
[2022-09-14T21:17:27.468-0300] {logging_mixin.py:115} INFO - [2022-09-14T21:17:27.468-0300] {dag.py:2977} INFO - Setting next_dagrun for tutorial_etl_dag to None, run_after=None
[2022-09-14T21:17:27.490-0300] {processor.py:161} INFO - Processing /home/juliana/Área de Trabalho/datapipeline/.env/lib/python3.8/site-packages/airflow/example_dags/tutorial_etl_dag.py took 0.072 seconds
[2022-09-14T21:18:02.486-0300] {processor.py:153} INFO - Started process (PID=21071) to work on /home/juliana/Área de Trabalho/datapipeline/.env/lib/python3.8/site-packages/airflow/example_dags/tutorial_etl_dag.py
[2022-09-14T21:18:02.487-0300] {processor.py:640} INFO - Processing file /home/juliana/Área de Trabalho/datapipeline/.env/lib/python3.8/site-packages/airflow/example_dags/tutorial_etl_dag.py for tasks to queue
[2022-09-14T21:18:02.487-0300] {logging_mixin.py:115} INFO - [2022-09-14T21:18:02.487-0300] {dagbag.py:508} INFO - Filling up the DagBag from /home/juliana/Área de Trabalho/datapipeline/.env/lib/python3.8/site-packages/airflow/example_dags/tutorial_etl_dag.py
[2022-09-14T21:18:02.495-0300] {processor.py:650} INFO - DAG(s) dict_keys(['tutorial_etl_dag']) retrieved from /home/juliana/Área de Trabalho/datapipeline/.env/lib/python3.8/site-packages/airflow/example_dags/tutorial_etl_dag.py
[2022-09-14T21:18:02.509-0300] {logging_mixin.py:115} INFO - [2022-09-14T21:18:02.509-0300] {dag.py:2429} INFO - Sync 1 DAGs
[2022-09-14T21:18:02.525-0300] {logging_mixin.py:115} INFO - [2022-09-14T21:18:02.525-0300] {dag.py:2977} INFO - Setting next_dagrun for tutorial_etl_dag to None, run_after=None
[2022-09-14T21:18:02.539-0300] {processor.py:161} INFO - Processing /home/juliana/Área de Trabalho/datapipeline/.env/lib/python3.8/site-packages/airflow/example_dags/tutorial_etl_dag.py took 0.057 seconds
[2022-09-14T21:18:34.319-0300] {processor.py:153} INFO - Started process (PID=21107) to work on /home/juliana/Área de Trabalho/datapipeline/.env/lib/python3.8/site-packages/airflow/example_dags/tutorial_etl_dag.py
[2022-09-14T21:18:34.320-0300] {processor.py:640} INFO - Processing file /home/juliana/Área de Trabalho/datapipeline/.env/lib/python3.8/site-packages/airflow/example_dags/tutorial_etl_dag.py for tasks to queue
[2022-09-14T21:18:34.321-0300] {logging_mixin.py:115} INFO - [2022-09-14T21:18:34.320-0300] {dagbag.py:508} INFO - Filling up the DagBag from /home/juliana/Área de Trabalho/datapipeline/.env/lib/python3.8/site-packages/airflow/example_dags/tutorial_etl_dag.py
[2022-09-14T21:18:34.328-0300] {processor.py:650} INFO - DAG(s) dict_keys(['tutorial_etl_dag']) retrieved from /home/juliana/Área de Trabalho/datapipeline/.env/lib/python3.8/site-packages/airflow/example_dags/tutorial_etl_dag.py
[2022-09-14T21:18:34.344-0300] {logging_mixin.py:115} INFO - [2022-09-14T21:18:34.344-0300] {dag.py:2429} INFO - Sync 1 DAGs
[2022-09-14T21:18:34.360-0300] {logging_mixin.py:115} INFO - [2022-09-14T21:18:34.360-0300] {dag.py:2977} INFO - Setting next_dagrun for tutorial_etl_dag to None, run_after=None
[2022-09-14T21:18:34.377-0300] {processor.py:161} INFO - Processing /home/juliana/Área de Trabalho/datapipeline/.env/lib/python3.8/site-packages/airflow/example_dags/tutorial_etl_dag.py took 0.061 seconds
[2022-09-14T21:19:07.661-0300] {processor.py:153} INFO - Started process (PID=21142) to work on /home/juliana/Área de Trabalho/datapipeline/.env/lib/python3.8/site-packages/airflow/example_dags/tutorial_etl_dag.py
[2022-09-14T21:19:07.662-0300] {processor.py:640} INFO - Processing file /home/juliana/Área de Trabalho/datapipeline/.env/lib/python3.8/site-packages/airflow/example_dags/tutorial_etl_dag.py for tasks to queue
[2022-09-14T21:19:07.663-0300] {logging_mixin.py:115} INFO - [2022-09-14T21:19:07.663-0300] {dagbag.py:508} INFO - Filling up the DagBag from /home/juliana/Área de Trabalho/datapipeline/.env/lib/python3.8/site-packages/airflow/example_dags/tutorial_etl_dag.py
[2022-09-14T21:19:07.672-0300] {processor.py:650} INFO - DAG(s) dict_keys(['tutorial_etl_dag']) retrieved from /home/juliana/Área de Trabalho/datapipeline/.env/lib/python3.8/site-packages/airflow/example_dags/tutorial_etl_dag.py
[2022-09-14T21:19:07.687-0300] {logging_mixin.py:115} INFO - [2022-09-14T21:19:07.687-0300] {dag.py:2429} INFO - Sync 1 DAGs
[2022-09-14T21:19:07.704-0300] {logging_mixin.py:115} INFO - [2022-09-14T21:19:07.704-0300] {dag.py:2977} INFO - Setting next_dagrun for tutorial_etl_dag to None, run_after=None
[2022-09-14T21:19:07.718-0300] {processor.py:161} INFO - Processing /home/juliana/Área de Trabalho/datapipeline/.env/lib/python3.8/site-packages/airflow/example_dags/tutorial_etl_dag.py took 0.060 seconds
[2022-09-14T21:19:45.147-0300] {processor.py:153} INFO - Started process (PID=21178) to work on /home/juliana/Área de Trabalho/datapipeline/.env/lib/python3.8/site-packages/airflow/example_dags/tutorial_etl_dag.py
[2022-09-14T21:19:45.149-0300] {processor.py:640} INFO - Processing file /home/juliana/Área de Trabalho/datapipeline/.env/lib/python3.8/site-packages/airflow/example_dags/tutorial_etl_dag.py for tasks to queue
[2022-09-14T21:19:45.150-0300] {logging_mixin.py:115} INFO - [2022-09-14T21:19:45.150-0300] {dagbag.py:508} INFO - Filling up the DagBag from /home/juliana/Área de Trabalho/datapipeline/.env/lib/python3.8/site-packages/airflow/example_dags/tutorial_etl_dag.py
[2022-09-14T21:19:45.161-0300] {processor.py:650} INFO - DAG(s) dict_keys(['tutorial_etl_dag']) retrieved from /home/juliana/Área de Trabalho/datapipeline/.env/lib/python3.8/site-packages/airflow/example_dags/tutorial_etl_dag.py
[2022-09-14T21:19:45.182-0300] {logging_mixin.py:115} INFO - [2022-09-14T21:19:45.182-0300] {dag.py:2429} INFO - Sync 1 DAGs
[2022-09-14T21:19:45.202-0300] {logging_mixin.py:115} INFO - [2022-09-14T21:19:45.202-0300] {dag.py:2977} INFO - Setting next_dagrun for tutorial_etl_dag to None, run_after=None
[2022-09-14T21:19:45.222-0300] {processor.py:161} INFO - Processing /home/juliana/Área de Trabalho/datapipeline/.env/lib/python3.8/site-packages/airflow/example_dags/tutorial_etl_dag.py took 0.082 seconds
[2022-09-14T21:20:19.430-0300] {processor.py:153} INFO - Started process (PID=21215) to work on /home/juliana/Área de Trabalho/datapipeline/.env/lib/python3.8/site-packages/airflow/example_dags/tutorial_etl_dag.py
[2022-09-14T21:20:19.431-0300] {processor.py:640} INFO - Processing file /home/juliana/Área de Trabalho/datapipeline/.env/lib/python3.8/site-packages/airflow/example_dags/tutorial_etl_dag.py for tasks to queue
[2022-09-14T21:20:19.432-0300] {logging_mixin.py:115} INFO - [2022-09-14T21:20:19.432-0300] {dagbag.py:508} INFO - Filling up the DagBag from /home/juliana/Área de Trabalho/datapipeline/.env/lib/python3.8/site-packages/airflow/example_dags/tutorial_etl_dag.py
[2022-09-14T21:20:19.440-0300] {processor.py:650} INFO - DAG(s) dict_keys(['tutorial_etl_dag']) retrieved from /home/juliana/Área de Trabalho/datapipeline/.env/lib/python3.8/site-packages/airflow/example_dags/tutorial_etl_dag.py
[2022-09-14T21:20:19.453-0300] {logging_mixin.py:115} INFO - [2022-09-14T21:20:19.453-0300] {dag.py:2429} INFO - Sync 1 DAGs
[2022-09-14T21:20:19.469-0300] {logging_mixin.py:115} INFO - [2022-09-14T21:20:19.469-0300] {dag.py:2977} INFO - Setting next_dagrun for tutorial_etl_dag to None, run_after=None
[2022-09-14T21:20:19.498-0300] {processor.py:161} INFO - Processing /home/juliana/Área de Trabalho/datapipeline/.env/lib/python3.8/site-packages/airflow/example_dags/tutorial_etl_dag.py took 0.060 seconds
[2022-09-14T21:20:53.887-0300] {processor.py:153} INFO - Started process (PID=21251) to work on /home/juliana/Área de Trabalho/datapipeline/.env/lib/python3.8/site-packages/airflow/example_dags/tutorial_etl_dag.py
[2022-09-14T21:20:53.888-0300] {processor.py:640} INFO - Processing file /home/juliana/Área de Trabalho/datapipeline/.env/lib/python3.8/site-packages/airflow/example_dags/tutorial_etl_dag.py for tasks to queue
[2022-09-14T21:20:53.889-0300] {logging_mixin.py:115} INFO - [2022-09-14T21:20:53.889-0300] {dagbag.py:508} INFO - Filling up the DagBag from /home/juliana/Área de Trabalho/datapipeline/.env/lib/python3.8/site-packages/airflow/example_dags/tutorial_etl_dag.py
[2022-09-14T21:20:53.899-0300] {processor.py:650} INFO - DAG(s) dict_keys(['tutorial_etl_dag']) retrieved from /home/juliana/Área de Trabalho/datapipeline/.env/lib/python3.8/site-packages/airflow/example_dags/tutorial_etl_dag.py
[2022-09-14T21:20:53.914-0300] {logging_mixin.py:115} INFO - [2022-09-14T21:20:53.914-0300] {dag.py:2429} INFO - Sync 1 DAGs
[2022-09-14T21:20:53.929-0300] {logging_mixin.py:115} INFO - [2022-09-14T21:20:53.929-0300] {dag.py:2977} INFO - Setting next_dagrun for tutorial_etl_dag to None, run_after=None
[2022-09-14T21:20:53.947-0300] {processor.py:161} INFO - Processing /home/juliana/Área de Trabalho/datapipeline/.env/lib/python3.8/site-packages/airflow/example_dags/tutorial_etl_dag.py took 0.068 seconds
[2022-09-14T21:21:28.493-0300] {processor.py:153} INFO - Started process (PID=21288) to work on /home/juliana/Área de Trabalho/datapipeline/.env/lib/python3.8/site-packages/airflow/example_dags/tutorial_etl_dag.py
[2022-09-14T21:21:28.495-0300] {processor.py:640} INFO - Processing file /home/juliana/Área de Trabalho/datapipeline/.env/lib/python3.8/site-packages/airflow/example_dags/tutorial_etl_dag.py for tasks to queue
[2022-09-14T21:21:28.496-0300] {logging_mixin.py:115} INFO - [2022-09-14T21:21:28.496-0300] {dagbag.py:508} INFO - Filling up the DagBag from /home/juliana/Área de Trabalho/datapipeline/.env/lib/python3.8/site-packages/airflow/example_dags/tutorial_etl_dag.py
[2022-09-14T21:21:28.508-0300] {processor.py:650} INFO - DAG(s) dict_keys(['tutorial_etl_dag']) retrieved from /home/juliana/Área de Trabalho/datapipeline/.env/lib/python3.8/site-packages/airflow/example_dags/tutorial_etl_dag.py
[2022-09-14T21:21:28.527-0300] {logging_mixin.py:115} INFO - [2022-09-14T21:21:28.526-0300] {dag.py:2429} INFO - Sync 1 DAGs
[2022-09-14T21:21:28.548-0300] {logging_mixin.py:115} INFO - [2022-09-14T21:21:28.547-0300] {dag.py:2977} INFO - Setting next_dagrun for tutorial_etl_dag to None, run_after=None
[2022-09-14T21:21:28.563-0300] {processor.py:161} INFO - Processing /home/juliana/Área de Trabalho/datapipeline/.env/lib/python3.8/site-packages/airflow/example_dags/tutorial_etl_dag.py took 0.077 seconds
[2022-09-14T21:22:02.551-0300] {processor.py:153} INFO - Started process (PID=21326) to work on /home/juliana/Área de Trabalho/datapipeline/.env/lib/python3.8/site-packages/airflow/example_dags/tutorial_etl_dag.py
[2022-09-14T21:22:02.552-0300] {processor.py:640} INFO - Processing file /home/juliana/Área de Trabalho/datapipeline/.env/lib/python3.8/site-packages/airflow/example_dags/tutorial_etl_dag.py for tasks to queue
[2022-09-14T21:22:02.553-0300] {logging_mixin.py:115} INFO - [2022-09-14T21:22:02.553-0300] {dagbag.py:508} INFO - Filling up the DagBag from /home/juliana/Área de Trabalho/datapipeline/.env/lib/python3.8/site-packages/airflow/example_dags/tutorial_etl_dag.py
[2022-09-14T21:22:02.562-0300] {processor.py:650} INFO - DAG(s) dict_keys(['tutorial_etl_dag']) retrieved from /home/juliana/Área de Trabalho/datapipeline/.env/lib/python3.8/site-packages/airflow/example_dags/tutorial_etl_dag.py
[2022-09-14T21:22:02.581-0300] {logging_mixin.py:115} INFO - [2022-09-14T21:22:02.581-0300] {dag.py:2429} INFO - Sync 1 DAGs
[2022-09-14T21:22:02.600-0300] {logging_mixin.py:115} INFO - [2022-09-14T21:22:02.600-0300] {dag.py:2977} INFO - Setting next_dagrun for tutorial_etl_dag to None, run_after=None
[2022-09-14T21:22:02.621-0300] {processor.py:161} INFO - Processing /home/juliana/Área de Trabalho/datapipeline/.env/lib/python3.8/site-packages/airflow/example_dags/tutorial_etl_dag.py took 0.073 seconds
[2022-09-14T21:22:40.632-0300] {processor.py:153} INFO - Started process (PID=21368) to work on /home/juliana/Área de Trabalho/datapipeline/.env/lib/python3.8/site-packages/airflow/example_dags/tutorial_etl_dag.py
[2022-09-14T21:22:40.633-0300] {processor.py:640} INFO - Processing file /home/juliana/Área de Trabalho/datapipeline/.env/lib/python3.8/site-packages/airflow/example_dags/tutorial_etl_dag.py for tasks to queue
[2022-09-14T21:22:40.634-0300] {logging_mixin.py:115} INFO - [2022-09-14T21:22:40.634-0300] {dagbag.py:508} INFO - Filling up the DagBag from /home/juliana/Área de Trabalho/datapipeline/.env/lib/python3.8/site-packages/airflow/example_dags/tutorial_etl_dag.py
[2022-09-14T21:22:40.642-0300] {processor.py:650} INFO - DAG(s) dict_keys(['tutorial_etl_dag']) retrieved from /home/juliana/Área de Trabalho/datapipeline/.env/lib/python3.8/site-packages/airflow/example_dags/tutorial_etl_dag.py
[2022-09-14T21:22:40.658-0300] {logging_mixin.py:115} INFO - [2022-09-14T21:22:40.658-0300] {dag.py:2429} INFO - Sync 1 DAGs
[2022-09-14T21:22:40.673-0300] {logging_mixin.py:115} INFO - [2022-09-14T21:22:40.673-0300] {dag.py:2977} INFO - Setting next_dagrun for tutorial_etl_dag to None, run_after=None
[2022-09-14T21:22:40.690-0300] {processor.py:161} INFO - Processing /home/juliana/Área de Trabalho/datapipeline/.env/lib/python3.8/site-packages/airflow/example_dags/tutorial_etl_dag.py took 0.062 seconds
[2022-09-14T21:23:14.335-0300] {processor.py:153} INFO - Started process (PID=21433) to work on /home/juliana/Área de Trabalho/datapipeline/.env/lib/python3.8/site-packages/airflow/example_dags/tutorial_etl_dag.py
[2022-09-14T21:23:14.337-0300] {processor.py:640} INFO - Processing file /home/juliana/Área de Trabalho/datapipeline/.env/lib/python3.8/site-packages/airflow/example_dags/tutorial_etl_dag.py for tasks to queue
[2022-09-14T21:23:14.338-0300] {logging_mixin.py:115} INFO - [2022-09-14T21:23:14.338-0300] {dagbag.py:508} INFO - Filling up the DagBag from /home/juliana/Área de Trabalho/datapipeline/.env/lib/python3.8/site-packages/airflow/example_dags/tutorial_etl_dag.py
[2022-09-14T21:23:14.354-0300] {processor.py:650} INFO - DAG(s) dict_keys(['tutorial_etl_dag']) retrieved from /home/juliana/Área de Trabalho/datapipeline/.env/lib/python3.8/site-packages/airflow/example_dags/tutorial_etl_dag.py
[2022-09-14T21:23:14.379-0300] {logging_mixin.py:115} INFO - [2022-09-14T21:23:14.378-0300] {dag.py:2429} INFO - Sync 1 DAGs
[2022-09-14T21:23:14.396-0300] {logging_mixin.py:115} INFO - [2022-09-14T21:23:14.396-0300] {dag.py:2977} INFO - Setting next_dagrun for tutorial_etl_dag to None, run_after=None
[2022-09-14T21:23:14.415-0300] {processor.py:161} INFO - Processing /home/juliana/Área de Trabalho/datapipeline/.env/lib/python3.8/site-packages/airflow/example_dags/tutorial_etl_dag.py took 0.083 seconds
[2022-09-14T21:23:52.725-0300] {processor.py:153} INFO - Started process (PID=21486) to work on /home/juliana/Área de Trabalho/datapipeline/.env/lib/python3.8/site-packages/airflow/example_dags/tutorial_etl_dag.py
[2022-09-14T21:23:52.732-0300] {processor.py:640} INFO - Processing file /home/juliana/Área de Trabalho/datapipeline/.env/lib/python3.8/site-packages/airflow/example_dags/tutorial_etl_dag.py for tasks to queue
[2022-09-14T21:23:52.734-0300] {logging_mixin.py:115} INFO - [2022-09-14T21:23:52.733-0300] {dagbag.py:508} INFO - Filling up the DagBag from /home/juliana/Área de Trabalho/datapipeline/.env/lib/python3.8/site-packages/airflow/example_dags/tutorial_etl_dag.py
[2022-09-14T21:23:52.750-0300] {processor.py:650} INFO - DAG(s) dict_keys(['tutorial_etl_dag']) retrieved from /home/juliana/Área de Trabalho/datapipeline/.env/lib/python3.8/site-packages/airflow/example_dags/tutorial_etl_dag.py
[2022-09-14T21:23:52.767-0300] {logging_mixin.py:115} INFO - [2022-09-14T21:23:52.766-0300] {dag.py:2429} INFO - Sync 1 DAGs
[2022-09-14T21:23:52.783-0300] {logging_mixin.py:115} INFO - [2022-09-14T21:23:52.783-0300] {dag.py:2977} INFO - Setting next_dagrun for tutorial_etl_dag to None, run_after=None
[2022-09-14T21:23:52.798-0300] {processor.py:161} INFO - Processing /home/juliana/Área de Trabalho/datapipeline/.env/lib/python3.8/site-packages/airflow/example_dags/tutorial_etl_dag.py took 0.079 seconds
[2022-09-14T21:24:32.939-0300] {processor.py:153} INFO - Started process (PID=21535) to work on /home/juliana/Área de Trabalho/datapipeline/.env/lib/python3.8/site-packages/airflow/example_dags/tutorial_etl_dag.py
[2022-09-14T21:24:32.946-0300] {processor.py:640} INFO - Processing file /home/juliana/Área de Trabalho/datapipeline/.env/lib/python3.8/site-packages/airflow/example_dags/tutorial_etl_dag.py for tasks to queue
[2022-09-14T21:24:32.947-0300] {logging_mixin.py:115} INFO - [2022-09-14T21:24:32.947-0300] {dagbag.py:508} INFO - Filling up the DagBag from /home/juliana/Área de Trabalho/datapipeline/.env/lib/python3.8/site-packages/airflow/example_dags/tutorial_etl_dag.py
[2022-09-14T21:24:32.974-0300] {processor.py:650} INFO - DAG(s) dict_keys(['tutorial_etl_dag']) retrieved from /home/juliana/Área de Trabalho/datapipeline/.env/lib/python3.8/site-packages/airflow/example_dags/tutorial_etl_dag.py
[2022-09-14T21:24:33.039-0300] {logging_mixin.py:115} INFO - [2022-09-14T21:24:33.038-0300] {dag.py:2429} INFO - Sync 1 DAGs
[2022-09-14T21:24:33.098-0300] {logging_mixin.py:115} INFO - [2022-09-14T21:24:33.098-0300] {dag.py:2977} INFO - Setting next_dagrun for tutorial_etl_dag to None, run_after=None
[2022-09-14T21:24:33.144-0300] {processor.py:161} INFO - Processing /home/juliana/Área de Trabalho/datapipeline/.env/lib/python3.8/site-packages/airflow/example_dags/tutorial_etl_dag.py took 0.208 seconds
[2022-09-14T21:25:09.678-0300] {processor.py:153} INFO - Started process (PID=21579) to work on /home/juliana/Área de Trabalho/datapipeline/.env/lib/python3.8/site-packages/airflow/example_dags/tutorial_etl_dag.py
[2022-09-14T21:25:09.684-0300] {processor.py:640} INFO - Processing file /home/juliana/Área de Trabalho/datapipeline/.env/lib/python3.8/site-packages/airflow/example_dags/tutorial_etl_dag.py for tasks to queue
[2022-09-14T21:25:09.685-0300] {logging_mixin.py:115} INFO - [2022-09-14T21:25:09.685-0300] {dagbag.py:508} INFO - Filling up the DagBag from /home/juliana/Área de Trabalho/datapipeline/.env/lib/python3.8/site-packages/airflow/example_dags/tutorial_etl_dag.py
[2022-09-14T21:25:09.704-0300] {processor.py:650} INFO - DAG(s) dict_keys(['tutorial_etl_dag']) retrieved from /home/juliana/Área de Trabalho/datapipeline/.env/lib/python3.8/site-packages/airflow/example_dags/tutorial_etl_dag.py
[2022-09-14T21:25:09.720-0300] {logging_mixin.py:115} INFO - [2022-09-14T21:25:09.720-0300] {dag.py:2429} INFO - Sync 1 DAGs
[2022-09-14T21:25:09.735-0300] {logging_mixin.py:115} INFO - [2022-09-14T21:25:09.735-0300] {dag.py:2977} INFO - Setting next_dagrun for tutorial_etl_dag to None, run_after=None
[2022-09-14T21:25:09.753-0300] {processor.py:161} INFO - Processing /home/juliana/Área de Trabalho/datapipeline/.env/lib/python3.8/site-packages/airflow/example_dags/tutorial_etl_dag.py took 0.080 seconds
[2022-09-14T21:25:43.154-0300] {processor.py:153} INFO - Started process (PID=21613) to work on /home/juliana/Área de Trabalho/datapipeline/.env/lib/python3.8/site-packages/airflow/example_dags/tutorial_etl_dag.py
[2022-09-14T21:25:43.155-0300] {processor.py:640} INFO - Processing file /home/juliana/Área de Trabalho/datapipeline/.env/lib/python3.8/site-packages/airflow/example_dags/tutorial_etl_dag.py for tasks to queue
[2022-09-14T21:25:43.156-0300] {logging_mixin.py:115} INFO - [2022-09-14T21:25:43.156-0300] {dagbag.py:508} INFO - Filling up the DagBag from /home/juliana/Área de Trabalho/datapipeline/.env/lib/python3.8/site-packages/airflow/example_dags/tutorial_etl_dag.py
[2022-09-14T21:25:43.168-0300] {processor.py:650} INFO - DAG(s) dict_keys(['tutorial_etl_dag']) retrieved from /home/juliana/Área de Trabalho/datapipeline/.env/lib/python3.8/site-packages/airflow/example_dags/tutorial_etl_dag.py
[2022-09-14T21:25:43.188-0300] {logging_mixin.py:115} INFO - [2022-09-14T21:25:43.188-0300] {dag.py:2429} INFO - Sync 1 DAGs
[2022-09-14T21:25:43.204-0300] {logging_mixin.py:115} INFO - [2022-09-14T21:25:43.204-0300] {dag.py:2977} INFO - Setting next_dagrun for tutorial_etl_dag to None, run_after=None
[2022-09-14T21:25:43.224-0300] {processor.py:161} INFO - Processing /home/juliana/Área de Trabalho/datapipeline/.env/lib/python3.8/site-packages/airflow/example_dags/tutorial_etl_dag.py took 0.075 seconds
[2022-09-14T21:26:16.387-0300] {processor.py:153} INFO - Started process (PID=21647) to work on /home/juliana/Área de Trabalho/datapipeline/.env/lib/python3.8/site-packages/airflow/example_dags/tutorial_etl_dag.py
[2022-09-14T21:26:16.390-0300] {processor.py:640} INFO - Processing file /home/juliana/Área de Trabalho/datapipeline/.env/lib/python3.8/site-packages/airflow/example_dags/tutorial_etl_dag.py for tasks to queue
[2022-09-14T21:26:16.392-0300] {logging_mixin.py:115} INFO - [2022-09-14T21:26:16.391-0300] {dagbag.py:508} INFO - Filling up the DagBag from /home/juliana/Área de Trabalho/datapipeline/.env/lib/python3.8/site-packages/airflow/example_dags/tutorial_etl_dag.py
[2022-09-14T21:26:16.401-0300] {processor.py:650} INFO - DAG(s) dict_keys(['tutorial_etl_dag']) retrieved from /home/juliana/Área de Trabalho/datapipeline/.env/lib/python3.8/site-packages/airflow/example_dags/tutorial_etl_dag.py
[2022-09-14T21:26:16.422-0300] {logging_mixin.py:115} INFO - [2022-09-14T21:26:16.422-0300] {dag.py:2429} INFO - Sync 1 DAGs
[2022-09-14T21:26:16.453-0300] {logging_mixin.py:115} INFO - [2022-09-14T21:26:16.452-0300] {dag.py:2977} INFO - Setting next_dagrun for tutorial_etl_dag to None, run_after=None
[2022-09-14T21:26:16.484-0300] {processor.py:161} INFO - Processing /home/juliana/Área de Trabalho/datapipeline/.env/lib/python3.8/site-packages/airflow/example_dags/tutorial_etl_dag.py took 0.100 seconds
[2022-09-14T21:26:50.212-0300] {processor.py:153} INFO - Started process (PID=21685) to work on /home/juliana/Área de Trabalho/datapipeline/.env/lib/python3.8/site-packages/airflow/example_dags/tutorial_etl_dag.py
[2022-09-14T21:26:50.213-0300] {processor.py:640} INFO - Processing file /home/juliana/Área de Trabalho/datapipeline/.env/lib/python3.8/site-packages/airflow/example_dags/tutorial_etl_dag.py for tasks to queue
[2022-09-14T21:26:50.214-0300] {logging_mixin.py:115} INFO - [2022-09-14T21:26:50.214-0300] {dagbag.py:508} INFO - Filling up the DagBag from /home/juliana/Área de Trabalho/datapipeline/.env/lib/python3.8/site-packages/airflow/example_dags/tutorial_etl_dag.py
[2022-09-14T21:26:50.221-0300] {processor.py:650} INFO - DAG(s) dict_keys(['tutorial_etl_dag']) retrieved from /home/juliana/Área de Trabalho/datapipeline/.env/lib/python3.8/site-packages/airflow/example_dags/tutorial_etl_dag.py
[2022-09-14T21:26:50.236-0300] {logging_mixin.py:115} INFO - [2022-09-14T21:26:50.235-0300] {dag.py:2429} INFO - Sync 1 DAGs
[2022-09-14T21:26:50.250-0300] {logging_mixin.py:115} INFO - [2022-09-14T21:26:50.250-0300] {dag.py:2977} INFO - Setting next_dagrun for tutorial_etl_dag to None, run_after=None
[2022-09-14T21:26:50.265-0300] {processor.py:161} INFO - Processing /home/juliana/Área de Trabalho/datapipeline/.env/lib/python3.8/site-packages/airflow/example_dags/tutorial_etl_dag.py took 0.056 seconds
[2022-09-14T21:27:31.107-0300] {processor.py:153} INFO - Started process (PID=21779) to work on /home/juliana/Área de Trabalho/datapipeline/.env/lib/python3.8/site-packages/airflow/example_dags/tutorial_etl_dag.py
[2022-09-14T21:27:31.116-0300] {processor.py:640} INFO - Processing file /home/juliana/Área de Trabalho/datapipeline/.env/lib/python3.8/site-packages/airflow/example_dags/tutorial_etl_dag.py for tasks to queue
[2022-09-14T21:27:31.117-0300] {logging_mixin.py:115} INFO - [2022-09-14T21:27:31.117-0300] {dagbag.py:508} INFO - Filling up the DagBag from /home/juliana/Área de Trabalho/datapipeline/.env/lib/python3.8/site-packages/airflow/example_dags/tutorial_etl_dag.py
[2022-09-14T21:27:31.208-0300] {processor.py:650} INFO - DAG(s) dict_keys(['tutorial_etl_dag']) retrieved from /home/juliana/Área de Trabalho/datapipeline/.env/lib/python3.8/site-packages/airflow/example_dags/tutorial_etl_dag.py
[2022-09-14T21:27:31.300-0300] {logging_mixin.py:115} INFO - [2022-09-14T21:27:31.300-0300] {dag.py:2429} INFO - Sync 1 DAGs
[2022-09-14T21:27:31.372-0300] {logging_mixin.py:115} INFO - [2022-09-14T21:27:31.372-0300] {dag.py:2977} INFO - Setting next_dagrun for tutorial_etl_dag to None, run_after=None
[2022-09-14T21:27:31.868-0300] {processor.py:161} INFO - Processing /home/juliana/Área de Trabalho/datapipeline/.env/lib/python3.8/site-packages/airflow/example_dags/tutorial_etl_dag.py took 0.781 seconds
[2022-09-14T21:36:27.171-0300] {processor.py:153} INFO - Started process (PID=21895) to work on /home/juliana/Área de Trabalho/datapipeline/.env/lib/python3.8/site-packages/airflow/example_dags/tutorial_etl_dag.py
[2022-09-14T21:36:27.175-0300] {processor.py:640} INFO - Processing file /home/juliana/Área de Trabalho/datapipeline/.env/lib/python3.8/site-packages/airflow/example_dags/tutorial_etl_dag.py for tasks to queue
[2022-09-14T21:36:27.177-0300] {logging_mixin.py:115} INFO - [2022-09-14T21:36:27.176-0300] {dagbag.py:508} INFO - Filling up the DagBag from /home/juliana/Área de Trabalho/datapipeline/.env/lib/python3.8/site-packages/airflow/example_dags/tutorial_etl_dag.py
[2022-09-14T21:36:27.226-0300] {processor.py:650} INFO - DAG(s) dict_keys(['tutorial_etl_dag']) retrieved from /home/juliana/Área de Trabalho/datapipeline/.env/lib/python3.8/site-packages/airflow/example_dags/tutorial_etl_dag.py
[2022-09-14T21:36:27.359-0300] {logging_mixin.py:115} INFO - [2022-09-14T21:36:27.345-0300] {dag.py:2429} INFO - Sync 1 DAGs
[2022-09-14T21:36:27.538-0300] {logging_mixin.py:115} INFO - [2022-09-14T21:36:27.501-0300] {dag.py:2977} INFO - Setting next_dagrun for tutorial_etl_dag to None, run_after=None
[2022-09-14T21:36:29.244-0300] {processor.py:161} INFO - Processing /home/juliana/Área de Trabalho/datapipeline/.env/lib/python3.8/site-packages/airflow/example_dags/tutorial_etl_dag.py took 2.067 seconds
[2022-09-15T13:35:42.914-0300] {processor.py:153} INFO - Started process (PID=7331) to work on /home/juliana/Área de Trabalho/datapipeline/.env/lib/python3.8/site-packages/airflow/example_dags/tutorial_etl_dag.py
[2022-09-15T13:35:42.919-0300] {processor.py:640} INFO - Processing file /home/juliana/Área de Trabalho/datapipeline/.env/lib/python3.8/site-packages/airflow/example_dags/tutorial_etl_dag.py for tasks to queue
[2022-09-15T13:35:42.921-0300] {logging_mixin.py:115} INFO - [2022-09-15T13:35:42.921-0300] {dagbag.py:508} INFO - Filling up the DagBag from /home/juliana/Área de Trabalho/datapipeline/.env/lib/python3.8/site-packages/airflow/example_dags/tutorial_etl_dag.py
[2022-09-15T13:35:42.965-0300] {processor.py:650} INFO - DAG(s) dict_keys(['tutorial_etl_dag']) retrieved from /home/juliana/Área de Trabalho/datapipeline/.env/lib/python3.8/site-packages/airflow/example_dags/tutorial_etl_dag.py
[2022-09-15T13:35:43.025-0300] {logging_mixin.py:115} INFO - [2022-09-15T13:35:43.024-0300] {dag.py:2429} INFO - Sync 1 DAGs
[2022-09-15T13:35:43.108-0300] {logging_mixin.py:115} INFO - [2022-09-15T13:35:43.108-0300] {dag.py:2977} INFO - Setting next_dagrun for tutorial_etl_dag to None, run_after=None
[2022-09-15T13:35:43.143-0300] {processor.py:161} INFO - Processing /home/juliana/Área de Trabalho/datapipeline/.env/lib/python3.8/site-packages/airflow/example_dags/tutorial_etl_dag.py took 0.232 seconds
[2022-09-15T13:36:25.004-0300] {processor.py:153} INFO - Started process (PID=7483) to work on /home/juliana/Área de Trabalho/datapipeline/.env/lib/python3.8/site-packages/airflow/example_dags/tutorial_etl_dag.py
[2022-09-15T13:36:25.007-0300] {processor.py:640} INFO - Processing file /home/juliana/Área de Trabalho/datapipeline/.env/lib/python3.8/site-packages/airflow/example_dags/tutorial_etl_dag.py for tasks to queue
[2022-09-15T13:36:25.007-0300] {logging_mixin.py:115} INFO - [2022-09-15T13:36:25.007-0300] {dagbag.py:508} INFO - Filling up the DagBag from /home/juliana/Área de Trabalho/datapipeline/.env/lib/python3.8/site-packages/airflow/example_dags/tutorial_etl_dag.py
[2022-09-15T13:36:25.020-0300] {processor.py:650} INFO - DAG(s) dict_keys(['tutorial_etl_dag']) retrieved from /home/juliana/Área de Trabalho/datapipeline/.env/lib/python3.8/site-packages/airflow/example_dags/tutorial_etl_dag.py
[2022-09-15T13:36:25.043-0300] {logging_mixin.py:115} INFO - [2022-09-15T13:36:25.043-0300] {dag.py:2429} INFO - Sync 1 DAGs
[2022-09-15T13:36:25.065-0300] {logging_mixin.py:115} INFO - [2022-09-15T13:36:25.065-0300] {dag.py:2977} INFO - Setting next_dagrun for tutorial_etl_dag to None, run_after=None
[2022-09-15T13:36:25.083-0300] {processor.py:161} INFO - Processing /home/juliana/Área de Trabalho/datapipeline/.env/lib/python3.8/site-packages/airflow/example_dags/tutorial_etl_dag.py took 0.095 seconds
[2022-09-15T13:37:03.473-0300] {processor.py:153} INFO - Started process (PID=7629) to work on /home/juliana/Área de Trabalho/datapipeline/.env/lib/python3.8/site-packages/airflow/example_dags/tutorial_etl_dag.py
[2022-09-15T13:37:03.480-0300] {processor.py:640} INFO - Processing file /home/juliana/Área de Trabalho/datapipeline/.env/lib/python3.8/site-packages/airflow/example_dags/tutorial_etl_dag.py for tasks to queue
[2022-09-15T13:37:03.481-0300] {logging_mixin.py:115} INFO - [2022-09-15T13:37:03.481-0300] {dagbag.py:508} INFO - Filling up the DagBag from /home/juliana/Área de Trabalho/datapipeline/.env/lib/python3.8/site-packages/airflow/example_dags/tutorial_etl_dag.py
[2022-09-15T13:37:03.491-0300] {processor.py:650} INFO - DAG(s) dict_keys(['tutorial_etl_dag']) retrieved from /home/juliana/Área de Trabalho/datapipeline/.env/lib/python3.8/site-packages/airflow/example_dags/tutorial_etl_dag.py
[2022-09-15T13:37:03.510-0300] {logging_mixin.py:115} INFO - [2022-09-15T13:37:03.510-0300] {dag.py:2429} INFO - Sync 1 DAGs
[2022-09-15T13:37:03.531-0300] {logging_mixin.py:115} INFO - [2022-09-15T13:37:03.531-0300] {dag.py:2977} INFO - Setting next_dagrun for tutorial_etl_dag to None, run_after=None
[2022-09-15T13:37:03.551-0300] {processor.py:161} INFO - Processing /home/juliana/Área de Trabalho/datapipeline/.env/lib/python3.8/site-packages/airflow/example_dags/tutorial_etl_dag.py took 0.084 seconds
[2022-09-15T13:37:42.994-0300] {processor.py:153} INFO - Started process (PID=7770) to work on /home/juliana/Área de Trabalho/datapipeline/.env/lib/python3.8/site-packages/airflow/example_dags/tutorial_etl_dag.py
[2022-09-15T13:37:43.000-0300] {processor.py:640} INFO - Processing file /home/juliana/Área de Trabalho/datapipeline/.env/lib/python3.8/site-packages/airflow/example_dags/tutorial_etl_dag.py for tasks to queue
[2022-09-15T13:37:43.001-0300] {logging_mixin.py:115} INFO - [2022-09-15T13:37:43.001-0300] {dagbag.py:508} INFO - Filling up the DagBag from /home/juliana/Área de Trabalho/datapipeline/.env/lib/python3.8/site-packages/airflow/example_dags/tutorial_etl_dag.py
[2022-09-15T13:37:43.018-0300] {processor.py:650} INFO - DAG(s) dict_keys(['tutorial_etl_dag']) retrieved from /home/juliana/Área de Trabalho/datapipeline/.env/lib/python3.8/site-packages/airflow/example_dags/tutorial_etl_dag.py
[2022-09-15T13:37:43.052-0300] {logging_mixin.py:115} INFO - [2022-09-15T13:37:43.052-0300] {dag.py:2429} INFO - Sync 1 DAGs
[2022-09-15T13:37:43.072-0300] {logging_mixin.py:115} INFO - [2022-09-15T13:37:43.072-0300] {dag.py:2977} INFO - Setting next_dagrun for tutorial_etl_dag to None, run_after=None
[2022-09-15T13:37:43.092-0300] {processor.py:161} INFO - Processing /home/juliana/Área de Trabalho/datapipeline/.env/lib/python3.8/site-packages/airflow/example_dags/tutorial_etl_dag.py took 0.105 seconds
[2022-09-15T13:38:27.577-0300] {processor.py:153} INFO - Started process (PID=7927) to work on /home/juliana/Área de Trabalho/datapipeline/.env/lib/python3.8/site-packages/airflow/example_dags/tutorial_etl_dag.py
[2022-09-15T13:38:27.581-0300] {processor.py:640} INFO - Processing file /home/juliana/Área de Trabalho/datapipeline/.env/lib/python3.8/site-packages/airflow/example_dags/tutorial_etl_dag.py for tasks to queue
[2022-09-15T13:38:27.582-0300] {logging_mixin.py:115} INFO - [2022-09-15T13:38:27.582-0300] {dagbag.py:508} INFO - Filling up the DagBag from /home/juliana/Área de Trabalho/datapipeline/.env/lib/python3.8/site-packages/airflow/example_dags/tutorial_etl_dag.py
[2022-09-15T13:38:27.593-0300] {processor.py:650} INFO - DAG(s) dict_keys(['tutorial_etl_dag']) retrieved from /home/juliana/Área de Trabalho/datapipeline/.env/lib/python3.8/site-packages/airflow/example_dags/tutorial_etl_dag.py
[2022-09-15T13:38:27.743-0300] {logging_mixin.py:115} INFO - [2022-09-15T13:38:27.742-0300] {dag.py:2429} INFO - Sync 1 DAGs
[2022-09-15T13:38:27.783-0300] {logging_mixin.py:115} INFO - [2022-09-15T13:38:27.783-0300] {dag.py:2977} INFO - Setting next_dagrun for tutorial_etl_dag to None, run_after=None
[2022-09-15T13:38:28.024-0300] {processor.py:161} INFO - Processing /home/juliana/Área de Trabalho/datapipeline/.env/lib/python3.8/site-packages/airflow/example_dags/tutorial_etl_dag.py took 0.450 seconds
[2022-09-15T13:39:08.582-0300] {processor.py:153} INFO - Started process (PID=8060) to work on /home/juliana/Área de Trabalho/datapipeline/.env/lib/python3.8/site-packages/airflow/example_dags/tutorial_etl_dag.py
[2022-09-15T13:39:08.591-0300] {processor.py:640} INFO - Processing file /home/juliana/Área de Trabalho/datapipeline/.env/lib/python3.8/site-packages/airflow/example_dags/tutorial_etl_dag.py for tasks to queue
[2022-09-15T13:39:08.593-0300] {logging_mixin.py:115} INFO - [2022-09-15T13:39:08.592-0300] {dagbag.py:508} INFO - Filling up the DagBag from /home/juliana/Área de Trabalho/datapipeline/.env/lib/python3.8/site-packages/airflow/example_dags/tutorial_etl_dag.py
[2022-09-15T13:39:08.610-0300] {processor.py:650} INFO - DAG(s) dict_keys(['tutorial_etl_dag']) retrieved from /home/juliana/Área de Trabalho/datapipeline/.env/lib/python3.8/site-packages/airflow/example_dags/tutorial_etl_dag.py
[2022-09-15T13:39:08.633-0300] {logging_mixin.py:115} INFO - [2022-09-15T13:39:08.632-0300] {dag.py:2429} INFO - Sync 1 DAGs
[2022-09-15T13:39:08.661-0300] {logging_mixin.py:115} INFO - [2022-09-15T13:39:08.661-0300] {dag.py:2977} INFO - Setting next_dagrun for tutorial_etl_dag to None, run_after=None
[2022-09-15T13:39:08.679-0300] {processor.py:161} INFO - Processing /home/juliana/Área de Trabalho/datapipeline/.env/lib/python3.8/site-packages/airflow/example_dags/tutorial_etl_dag.py took 0.103 seconds
[2022-09-15T13:39:47.693-0300] {processor.py:153} INFO - Started process (PID=8194) to work on /home/juliana/Área de Trabalho/datapipeline/.env/lib/python3.8/site-packages/airflow/example_dags/tutorial_etl_dag.py
[2022-09-15T13:39:47.704-0300] {processor.py:640} INFO - Processing file /home/juliana/Área de Trabalho/datapipeline/.env/lib/python3.8/site-packages/airflow/example_dags/tutorial_etl_dag.py for tasks to queue
[2022-09-15T13:39:47.705-0300] {logging_mixin.py:115} INFO - [2022-09-15T13:39:47.705-0300] {dagbag.py:508} INFO - Filling up the DagBag from /home/juliana/Área de Trabalho/datapipeline/.env/lib/python3.8/site-packages/airflow/example_dags/tutorial_etl_dag.py
[2022-09-15T13:39:47.735-0300] {processor.py:650} INFO - DAG(s) dict_keys(['tutorial_etl_dag']) retrieved from /home/juliana/Área de Trabalho/datapipeline/.env/lib/python3.8/site-packages/airflow/example_dags/tutorial_etl_dag.py
[2022-09-15T13:39:47.762-0300] {logging_mixin.py:115} INFO - [2022-09-15T13:39:47.762-0300] {dag.py:2429} INFO - Sync 1 DAGs
[2022-09-15T13:39:47.784-0300] {logging_mixin.py:115} INFO - [2022-09-15T13:39:47.784-0300] {dag.py:2977} INFO - Setting next_dagrun for tutorial_etl_dag to None, run_after=None
[2022-09-15T13:39:47.895-0300] {processor.py:161} INFO - Processing /home/juliana/Área de Trabalho/datapipeline/.env/lib/python3.8/site-packages/airflow/example_dags/tutorial_etl_dag.py took 0.207 seconds
[2022-09-15T13:40:25.793-0300] {processor.py:153} INFO - Started process (PID=8328) to work on /home/juliana/Área de Trabalho/datapipeline/.env/lib/python3.8/site-packages/airflow/example_dags/tutorial_etl_dag.py
[2022-09-15T13:40:25.800-0300] {processor.py:640} INFO - Processing file /home/juliana/Área de Trabalho/datapipeline/.env/lib/python3.8/site-packages/airflow/example_dags/tutorial_etl_dag.py for tasks to queue
[2022-09-15T13:40:25.802-0300] {logging_mixin.py:115} INFO - [2022-09-15T13:40:25.801-0300] {dagbag.py:508} INFO - Filling up the DagBag from /home/juliana/Área de Trabalho/datapipeline/.env/lib/python3.8/site-packages/airflow/example_dags/tutorial_etl_dag.py
[2022-09-15T13:40:25.832-0300] {processor.py:650} INFO - DAG(s) dict_keys(['tutorial_etl_dag']) retrieved from /home/juliana/Área de Trabalho/datapipeline/.env/lib/python3.8/site-packages/airflow/example_dags/tutorial_etl_dag.py
[2022-09-15T13:40:25.878-0300] {logging_mixin.py:115} INFO - [2022-09-15T13:40:25.877-0300] {dag.py:2429} INFO - Sync 1 DAGs
[2022-09-15T13:40:25.901-0300] {logging_mixin.py:115} INFO - [2022-09-15T13:40:25.901-0300] {dag.py:2977} INFO - Setting next_dagrun for tutorial_etl_dag to None, run_after=None
[2022-09-15T13:40:25.927-0300] {processor.py:161} INFO - Processing /home/juliana/Área de Trabalho/datapipeline/.env/lib/python3.8/site-packages/airflow/example_dags/tutorial_etl_dag.py took 0.141 seconds
[2022-09-15T13:41:03.681-0300] {processor.py:153} INFO - Started process (PID=8472) to work on /home/juliana/Área de Trabalho/datapipeline/.env/lib/python3.8/site-packages/airflow/example_dags/tutorial_etl_dag.py
[2022-09-15T13:41:03.688-0300] {processor.py:640} INFO - Processing file /home/juliana/Área de Trabalho/datapipeline/.env/lib/python3.8/site-packages/airflow/example_dags/tutorial_etl_dag.py for tasks to queue
[2022-09-15T13:41:03.690-0300] {logging_mixin.py:115} INFO - [2022-09-15T13:41:03.689-0300] {dagbag.py:508} INFO - Filling up the DagBag from /home/juliana/Área de Trabalho/datapipeline/.env/lib/python3.8/site-packages/airflow/example_dags/tutorial_etl_dag.py
[2022-09-15T13:41:03.702-0300] {processor.py:650} INFO - DAG(s) dict_keys(['tutorial_etl_dag']) retrieved from /home/juliana/Área de Trabalho/datapipeline/.env/lib/python3.8/site-packages/airflow/example_dags/tutorial_etl_dag.py
[2022-09-15T13:41:03.722-0300] {logging_mixin.py:115} INFO - [2022-09-15T13:41:03.722-0300] {dag.py:2429} INFO - Sync 1 DAGs
[2022-09-15T13:41:03.739-0300] {logging_mixin.py:115} INFO - [2022-09-15T13:41:03.739-0300] {dag.py:2977} INFO - Setting next_dagrun for tutorial_etl_dag to None, run_after=None
[2022-09-15T13:41:03.822-0300] {processor.py:161} INFO - Processing /home/juliana/Área de Trabalho/datapipeline/.env/lib/python3.8/site-packages/airflow/example_dags/tutorial_etl_dag.py took 0.146 seconds
[2022-09-15T13:41:44.680-0300] {processor.py:153} INFO - Started process (PID=8619) to work on /home/juliana/Área de Trabalho/datapipeline/.env/lib/python3.8/site-packages/airflow/example_dags/tutorial_etl_dag.py
[2022-09-15T13:41:44.682-0300] {processor.py:640} INFO - Processing file /home/juliana/Área de Trabalho/datapipeline/.env/lib/python3.8/site-packages/airflow/example_dags/tutorial_etl_dag.py for tasks to queue
[2022-09-15T13:41:44.683-0300] {logging_mixin.py:115} INFO - [2022-09-15T13:41:44.682-0300] {dagbag.py:508} INFO - Filling up the DagBag from /home/juliana/Área de Trabalho/datapipeline/.env/lib/python3.8/site-packages/airflow/example_dags/tutorial_etl_dag.py
[2022-09-15T13:41:44.690-0300] {processor.py:650} INFO - DAG(s) dict_keys(['tutorial_etl_dag']) retrieved from /home/juliana/Área de Trabalho/datapipeline/.env/lib/python3.8/site-packages/airflow/example_dags/tutorial_etl_dag.py
[2022-09-15T13:41:44.712-0300] {logging_mixin.py:115} INFO - [2022-09-15T13:41:44.712-0300] {dag.py:2429} INFO - Sync 1 DAGs
[2022-09-15T13:41:44.729-0300] {logging_mixin.py:115} INFO - [2022-09-15T13:41:44.729-0300] {dag.py:2977} INFO - Setting next_dagrun for tutorial_etl_dag to None, run_after=None
[2022-09-15T13:41:44.810-0300] {processor.py:161} INFO - Processing /home/juliana/Área de Trabalho/datapipeline/.env/lib/python3.8/site-packages/airflow/example_dags/tutorial_etl_dag.py took 0.136 seconds
[2022-09-15T13:42:27.040-0300] {processor.py:153} INFO - Started process (PID=8781) to work on /home/juliana/Área de Trabalho/datapipeline/.env/lib/python3.8/site-packages/airflow/example_dags/tutorial_etl_dag.py
[2022-09-15T13:42:27.048-0300] {processor.py:640} INFO - Processing file /home/juliana/Área de Trabalho/datapipeline/.env/lib/python3.8/site-packages/airflow/example_dags/tutorial_etl_dag.py for tasks to queue
[2022-09-15T13:42:27.049-0300] {logging_mixin.py:115} INFO - [2022-09-15T13:42:27.049-0300] {dagbag.py:508} INFO - Filling up the DagBag from /home/juliana/Área de Trabalho/datapipeline/.env/lib/python3.8/site-packages/airflow/example_dags/tutorial_etl_dag.py
[2022-09-15T13:42:27.061-0300] {processor.py:650} INFO - DAG(s) dict_keys(['tutorial_etl_dag']) retrieved from /home/juliana/Área de Trabalho/datapipeline/.env/lib/python3.8/site-packages/airflow/example_dags/tutorial_etl_dag.py
[2022-09-15T13:42:27.083-0300] {logging_mixin.py:115} INFO - [2022-09-15T13:42:27.083-0300] {dag.py:2429} INFO - Sync 1 DAGs
[2022-09-15T13:42:27.122-0300] {logging_mixin.py:115} INFO - [2022-09-15T13:42:27.122-0300] {dag.py:2977} INFO - Setting next_dagrun for tutorial_etl_dag to None, run_after=None
[2022-09-15T13:42:27.142-0300] {processor.py:161} INFO - Processing /home/juliana/Área de Trabalho/datapipeline/.env/lib/python3.8/site-packages/airflow/example_dags/tutorial_etl_dag.py took 0.109 seconds
