[2022-09-14T19:01:35.842-0300] {taskinstance.py:1171} INFO - Dependencies all met for <TaskInstance: example_python_operator.sleep_for_0 manual__2022-09-14T21:58:09.961868+00:00 [queued]>
[2022-09-14T19:01:35.859-0300] {taskinstance.py:1171} INFO - Dependencies all met for <TaskInstance: example_python_operator.sleep_for_0 manual__2022-09-14T21:58:09.961868+00:00 [queued]>
[2022-09-14T19:01:35.859-0300] {taskinstance.py:1368} INFO - 
--------------------------------------------------------------------------------
[2022-09-14T19:01:35.859-0300] {taskinstance.py:1369} INFO - Starting attempt 2 of 2
[2022-09-14T19:01:35.859-0300] {taskinstance.py:1370} INFO - 
--------------------------------------------------------------------------------
[2022-09-14T19:01:35.891-0300] {taskinstance.py:1389} INFO - Executing <Task(_PythonDecoratedOperator): sleep_for_0> on 2022-09-14 21:58:09.961868+00:00
[2022-09-14T19:01:35.892-0300] {standard_task_runner.py:52} INFO - Started process 11141 to run task
[2022-09-14T19:01:35.903-0300] {standard_task_runner.py:79} INFO - Running: ['airflow', 'tasks', 'run', 'example_python_operator', 'sleep_for_0', 'manual__2022-09-14T21:58:09.961868+00:00', '--job-id', '11', '--raw', '--subdir', '/home/juliana/Área de Trabalho/datapipeline/.env/lib/python3.8/site-packages/airflow/example_dags/example_python_operator.py', '--cfg-path', '/tmp/tmpi6w9alha', '--error-file', '/tmp/tmpfd89de5w']
[2022-09-14T19:01:35.904-0300] {standard_task_runner.py:80} INFO - Job 11: Subtask sleep_for_0
[2022-09-14T19:01:35.996-0300] {task_command.py:371} INFO - Running <TaskInstance: example_python_operator.sleep_for_0 manual__2022-09-14T21:58:09.961868+00:00 [running]> on host juliana-VirtualBox
[2022-09-14T19:01:36.081-0300] {taskinstance.py:1581} INFO - Exporting the following env vars:
AIRFLOW_CTX_DAG_OWNER=airflow
AIRFLOW_CTX_DAG_ID=example_python_operator
AIRFLOW_CTX_TASK_ID=sleep_for_0
AIRFLOW_CTX_EXECUTION_DATE=2022-09-14T21:58:09.961868+00:00
AIRFLOW_CTX_TRY_NUMBER=2
AIRFLOW_CTX_DAG_RUN_ID=manual__2022-09-14T21:58:09.961868+00:00
[2022-09-14T19:01:36.082-0300] {python.py:173} INFO - Done. Returned value was: None
[2022-09-14T19:01:36.098-0300] {taskinstance.py:1407} INFO - Marking task as SUCCESS. dag_id=example_python_operator, task_id=sleep_for_0, execution_date=20220914T215809, start_date=20220914T220135, end_date=20220914T220136
[2022-09-14T19:01:36.129-0300] {local_task_job.py:156} INFO - Task exited with return code 0
[2022-09-14T19:01:36.159-0300] {local_task_job.py:279} INFO - 0 downstream tasks scheduled from follow-on schedule check
