[2022-11-18T16:28:39.092-0300] {processor.py:153} INFO - Started process (PID=4701) to work on /home/juliana/Área de Trabalho/datapipeline/.env/lib/python3.8/site-packages/airflow/example_dags/plugins/workday.py
[2022-11-18T16:28:39.098-0300] {processor.py:640} INFO - Processing file /home/juliana/Área de Trabalho/datapipeline/.env/lib/python3.8/site-packages/airflow/example_dags/plugins/workday.py for tasks to queue
[2022-11-18T16:28:39.098-0300] {logging_mixin.py:115} INFO - [2022-11-18T16:28:39.098-0300] {dagbag.py:508} INFO - Filling up the DagBag from /home/juliana/Área de Trabalho/datapipeline/.env/lib/python3.8/site-packages/airflow/example_dags/plugins/workday.py
[2022-11-18T16:28:39.313-0300] {processor.py:652} WARNING - No viable dags retrieved from /home/juliana/Área de Trabalho/datapipeline/.env/lib/python3.8/site-packages/airflow/example_dags/plugins/workday.py
[2022-11-18T16:28:39.498-0300] {processor.py:161} INFO - Processing /home/juliana/Área de Trabalho/datapipeline/.env/lib/python3.8/site-packages/airflow/example_dags/plugins/workday.py took 0.425 seconds
[2022-11-18T16:39:44.153-0300] {processor.py:153} INFO - Started process (PID=4938) to work on /home/juliana/Área de Trabalho/datapipeline/.env/lib/python3.8/site-packages/airflow/example_dags/plugins/workday.py
[2022-11-18T16:39:44.160-0300] {processor.py:640} INFO - Processing file /home/juliana/Área de Trabalho/datapipeline/.env/lib/python3.8/site-packages/airflow/example_dags/plugins/workday.py for tasks to queue
[2022-11-18T16:39:44.161-0300] {logging_mixin.py:115} INFO - [2022-11-18T16:39:44.161-0300] {dagbag.py:508} INFO - Filling up the DagBag from /home/juliana/Área de Trabalho/datapipeline/.env/lib/python3.8/site-packages/airflow/example_dags/plugins/workday.py
[2022-11-18T16:39:44.212-0300] {processor.py:652} WARNING - No viable dags retrieved from /home/juliana/Área de Trabalho/datapipeline/.env/lib/python3.8/site-packages/airflow/example_dags/plugins/workday.py
[2022-11-18T16:39:44.321-0300] {processor.py:161} INFO - Processing /home/juliana/Área de Trabalho/datapipeline/.env/lib/python3.8/site-packages/airflow/example_dags/plugins/workday.py took 0.182 seconds
[2022-11-18T16:57:13.643-0300] {processor.py:153} INFO - Started process (PID=2303) to work on /home/juliana/Área de Trabalho/datapipeline/.env/lib/python3.8/site-packages/airflow/example_dags/plugins/workday.py
[2022-11-18T16:57:13.644-0300] {processor.py:640} INFO - Processing file /home/juliana/Área de Trabalho/datapipeline/.env/lib/python3.8/site-packages/airflow/example_dags/plugins/workday.py for tasks to queue
[2022-11-18T16:57:13.644-0300] {logging_mixin.py:115} INFO - [2022-11-18T16:57:13.644-0300] {dagbag.py:508} INFO - Filling up the DagBag from /home/juliana/Área de Trabalho/datapipeline/.env/lib/python3.8/site-packages/airflow/example_dags/plugins/workday.py
[2022-11-18T16:57:13.647-0300] {processor.py:652} WARNING - No viable dags retrieved from /home/juliana/Área de Trabalho/datapipeline/.env/lib/python3.8/site-packages/airflow/example_dags/plugins/workday.py
[2022-11-18T16:57:13.657-0300] {processor.py:161} INFO - Processing /home/juliana/Área de Trabalho/datapipeline/.env/lib/python3.8/site-packages/airflow/example_dags/plugins/workday.py took 0.018 seconds
[2022-11-18T16:57:50.535-0300] {processor.py:153} INFO - Started process (PID=2578) to work on /home/juliana/Área de Trabalho/datapipeline/.env/lib/python3.8/site-packages/airflow/example_dags/plugins/workday.py
[2022-11-18T16:57:50.537-0300] {processor.py:640} INFO - Processing file /home/juliana/Área de Trabalho/datapipeline/.env/lib/python3.8/site-packages/airflow/example_dags/plugins/workday.py for tasks to queue
[2022-11-18T16:57:50.537-0300] {logging_mixin.py:115} INFO - [2022-11-18T16:57:50.537-0300] {dagbag.py:508} INFO - Filling up the DagBag from /home/juliana/Área de Trabalho/datapipeline/.env/lib/python3.8/site-packages/airflow/example_dags/plugins/workday.py
[2022-11-18T16:57:50.542-0300] {processor.py:652} WARNING - No viable dags retrieved from /home/juliana/Área de Trabalho/datapipeline/.env/lib/python3.8/site-packages/airflow/example_dags/plugins/workday.py
[2022-11-18T16:57:50.563-0300] {processor.py:161} INFO - Processing /home/juliana/Área de Trabalho/datapipeline/.env/lib/python3.8/site-packages/airflow/example_dags/plugins/workday.py took 0.034 seconds
[2022-11-18T16:58:26.852-0300] {processor.py:153} INFO - Started process (PID=2811) to work on /home/juliana/Área de Trabalho/datapipeline/.env/lib/python3.8/site-packages/airflow/example_dags/plugins/workday.py
[2022-11-18T16:58:26.853-0300] {processor.py:640} INFO - Processing file /home/juliana/Área de Trabalho/datapipeline/.env/lib/python3.8/site-packages/airflow/example_dags/plugins/workday.py for tasks to queue
[2022-11-18T16:58:26.857-0300] {logging_mixin.py:115} INFO - [2022-11-18T16:58:26.857-0300] {dagbag.py:508} INFO - Filling up the DagBag from /home/juliana/Área de Trabalho/datapipeline/.env/lib/python3.8/site-packages/airflow/example_dags/plugins/workday.py
[2022-11-18T16:58:26.859-0300] {processor.py:652} WARNING - No viable dags retrieved from /home/juliana/Área de Trabalho/datapipeline/.env/lib/python3.8/site-packages/airflow/example_dags/plugins/workday.py
[2022-11-18T16:58:26.872-0300] {processor.py:161} INFO - Processing /home/juliana/Área de Trabalho/datapipeline/.env/lib/python3.8/site-packages/airflow/example_dags/plugins/workday.py took 0.028 seconds
[2022-11-18T16:59:01.897-0300] {processor.py:153} INFO - Started process (PID=3042) to work on /home/juliana/Área de Trabalho/datapipeline/.env/lib/python3.8/site-packages/airflow/example_dags/plugins/workday.py
[2022-11-18T16:59:01.898-0300] {processor.py:640} INFO - Processing file /home/juliana/Área de Trabalho/datapipeline/.env/lib/python3.8/site-packages/airflow/example_dags/plugins/workday.py for tasks to queue
[2022-11-18T16:59:01.899-0300] {logging_mixin.py:115} INFO - [2022-11-18T16:59:01.899-0300] {dagbag.py:508} INFO - Filling up the DagBag from /home/juliana/Área de Trabalho/datapipeline/.env/lib/python3.8/site-packages/airflow/example_dags/plugins/workday.py
[2022-11-18T16:59:01.901-0300] {processor.py:652} WARNING - No viable dags retrieved from /home/juliana/Área de Trabalho/datapipeline/.env/lib/python3.8/site-packages/airflow/example_dags/plugins/workday.py
[2022-11-18T16:59:01.914-0300] {processor.py:161} INFO - Processing /home/juliana/Área de Trabalho/datapipeline/.env/lib/python3.8/site-packages/airflow/example_dags/plugins/workday.py took 0.021 seconds
[2022-11-18T16:59:38.163-0300] {processor.py:153} INFO - Started process (PID=3260) to work on /home/juliana/Área de Trabalho/datapipeline/.env/lib/python3.8/site-packages/airflow/example_dags/plugins/workday.py
[2022-11-18T16:59:38.164-0300] {processor.py:640} INFO - Processing file /home/juliana/Área de Trabalho/datapipeline/.env/lib/python3.8/site-packages/airflow/example_dags/plugins/workday.py for tasks to queue
[2022-11-18T16:59:38.165-0300] {logging_mixin.py:115} INFO - [2022-11-18T16:59:38.165-0300] {dagbag.py:508} INFO - Filling up the DagBag from /home/juliana/Área de Trabalho/datapipeline/.env/lib/python3.8/site-packages/airflow/example_dags/plugins/workday.py
[2022-11-18T16:59:38.168-0300] {processor.py:652} WARNING - No viable dags retrieved from /home/juliana/Área de Trabalho/datapipeline/.env/lib/python3.8/site-packages/airflow/example_dags/plugins/workday.py
[2022-11-18T16:59:38.182-0300] {processor.py:161} INFO - Processing /home/juliana/Área de Trabalho/datapipeline/.env/lib/python3.8/site-packages/airflow/example_dags/plugins/workday.py took 0.026 seconds
[2022-11-18T17:00:15.290-0300] {processor.py:153} INFO - Started process (PID=3482) to work on /home/juliana/Área de Trabalho/datapipeline/.env/lib/python3.8/site-packages/airflow/example_dags/plugins/workday.py
[2022-11-18T17:00:15.292-0300] {processor.py:640} INFO - Processing file /home/juliana/Área de Trabalho/datapipeline/.env/lib/python3.8/site-packages/airflow/example_dags/plugins/workday.py for tasks to queue
[2022-11-18T17:00:15.293-0300] {logging_mixin.py:115} INFO - [2022-11-18T17:00:15.292-0300] {dagbag.py:508} INFO - Filling up the DagBag from /home/juliana/Área de Trabalho/datapipeline/.env/lib/python3.8/site-packages/airflow/example_dags/plugins/workday.py
[2022-11-18T17:00:15.295-0300] {processor.py:652} WARNING - No viable dags retrieved from /home/juliana/Área de Trabalho/datapipeline/.env/lib/python3.8/site-packages/airflow/example_dags/plugins/workday.py
[2022-11-18T17:00:15.307-0300] {processor.py:161} INFO - Processing /home/juliana/Área de Trabalho/datapipeline/.env/lib/python3.8/site-packages/airflow/example_dags/plugins/workday.py took 0.021 seconds
[2022-11-18T17:00:49.817-0300] {processor.py:153} INFO - Started process (PID=3543) to work on /home/juliana/Área de Trabalho/datapipeline/.env/lib/python3.8/site-packages/airflow/example_dags/plugins/workday.py
[2022-11-18T17:00:49.818-0300] {processor.py:640} INFO - Processing file /home/juliana/Área de Trabalho/datapipeline/.env/lib/python3.8/site-packages/airflow/example_dags/plugins/workday.py for tasks to queue
[2022-11-18T17:00:49.819-0300] {logging_mixin.py:115} INFO - [2022-11-18T17:00:49.819-0300] {dagbag.py:508} INFO - Filling up the DagBag from /home/juliana/Área de Trabalho/datapipeline/.env/lib/python3.8/site-packages/airflow/example_dags/plugins/workday.py
[2022-11-18T17:00:49.822-0300] {processor.py:652} WARNING - No viable dags retrieved from /home/juliana/Área de Trabalho/datapipeline/.env/lib/python3.8/site-packages/airflow/example_dags/plugins/workday.py
[2022-11-18T17:00:49.836-0300] {processor.py:161} INFO - Processing /home/juliana/Área de Trabalho/datapipeline/.env/lib/python3.8/site-packages/airflow/example_dags/plugins/workday.py took 0.025 seconds
