[2022-11-21T21:13:28.099-0300] {processor.py:153} INFO - Started process (PID=3115) to work on /home/juliana/Área de Trabalho/datapipeline/.env/lib/python3.8/site-packages/airflow/example_dags/subdags/subdag.py
[2022-11-21T21:13:28.101-0300] {processor.py:640} INFO - Processing file /home/juliana/Área de Trabalho/datapipeline/.env/lib/python3.8/site-packages/airflow/example_dags/subdags/subdag.py for tasks to queue
[2022-11-21T21:13:28.101-0300] {logging_mixin.py:115} INFO - [2022-11-21T21:13:28.101-0300] {dagbag.py:508} INFO - Filling up the DagBag from /home/juliana/Área de Trabalho/datapipeline/.env/lib/python3.8/site-packages/airflow/example_dags/subdags/subdag.py
[2022-11-21T21:13:28.103-0300] {processor.py:652} WARNING - No viable dags retrieved from /home/juliana/Área de Trabalho/datapipeline/.env/lib/python3.8/site-packages/airflow/example_dags/subdags/subdag.py
[2022-11-21T21:13:28.119-0300] {processor.py:161} INFO - Processing /home/juliana/Área de Trabalho/datapipeline/.env/lib/python3.8/site-packages/airflow/example_dags/subdags/subdag.py took 0.024 seconds
[2022-11-21T21:14:06.798-0300] {processor.py:153} INFO - Started process (PID=3271) to work on /home/juliana/Área de Trabalho/datapipeline/.env/lib/python3.8/site-packages/airflow/example_dags/subdags/subdag.py
[2022-11-21T21:14:06.804-0300] {processor.py:640} INFO - Processing file /home/juliana/Área de Trabalho/datapipeline/.env/lib/python3.8/site-packages/airflow/example_dags/subdags/subdag.py for tasks to queue
[2022-11-21T21:14:06.805-0300] {logging_mixin.py:115} INFO - [2022-11-21T21:14:06.805-0300] {dagbag.py:508} INFO - Filling up the DagBag from /home/juliana/Área de Trabalho/datapipeline/.env/lib/python3.8/site-packages/airflow/example_dags/subdags/subdag.py
[2022-11-21T21:14:06.808-0300] {processor.py:652} WARNING - No viable dags retrieved from /home/juliana/Área de Trabalho/datapipeline/.env/lib/python3.8/site-packages/airflow/example_dags/subdags/subdag.py
[2022-11-21T21:14:06.837-0300] {processor.py:161} INFO - Processing /home/juliana/Área de Trabalho/datapipeline/.env/lib/python3.8/site-packages/airflow/example_dags/subdags/subdag.py took 0.044 seconds
[2022-11-21T21:15:06.050-0300] {processor.py:153} INFO - Started process (PID=3480) to work on /home/juliana/Área de Trabalho/datapipeline/.env/lib/python3.8/site-packages/airflow/example_dags/subdags/subdag.py
[2022-11-21T21:15:06.053-0300] {processor.py:640} INFO - Processing file /home/juliana/Área de Trabalho/datapipeline/.env/lib/python3.8/site-packages/airflow/example_dags/subdags/subdag.py for tasks to queue
[2022-11-21T21:15:06.054-0300] {logging_mixin.py:115} INFO - [2022-11-21T21:15:06.054-0300] {dagbag.py:508} INFO - Filling up the DagBag from /home/juliana/Área de Trabalho/datapipeline/.env/lib/python3.8/site-packages/airflow/example_dags/subdags/subdag.py
[2022-11-21T21:15:06.097-0300] {processor.py:652} WARNING - No viable dags retrieved from /home/juliana/Área de Trabalho/datapipeline/.env/lib/python3.8/site-packages/airflow/example_dags/subdags/subdag.py
[2022-11-21T21:15:06.213-0300] {processor.py:161} INFO - Processing /home/juliana/Área de Trabalho/datapipeline/.env/lib/python3.8/site-packages/airflow/example_dags/subdags/subdag.py took 0.182 seconds
[2022-11-21T21:16:57.447-0300] {processor.py:153} INFO - Started process (PID=3538) to work on /home/juliana/Área de Trabalho/datapipeline/.env/lib/python3.8/site-packages/airflow/example_dags/subdags/subdag.py
[2022-11-21T21:16:57.453-0300] {processor.py:640} INFO - Processing file /home/juliana/Área de Trabalho/datapipeline/.env/lib/python3.8/site-packages/airflow/example_dags/subdags/subdag.py for tasks to queue
[2022-11-21T21:16:57.454-0300] {logging_mixin.py:115} INFO - [2022-11-21T21:16:57.453-0300] {dagbag.py:508} INFO - Filling up the DagBag from /home/juliana/Área de Trabalho/datapipeline/.env/lib/python3.8/site-packages/airflow/example_dags/subdags/subdag.py
[2022-11-21T21:16:57.495-0300] {processor.py:652} WARNING - No viable dags retrieved from /home/juliana/Área de Trabalho/datapipeline/.env/lib/python3.8/site-packages/airflow/example_dags/subdags/subdag.py
[2022-11-21T21:16:57.565-0300] {processor.py:161} INFO - Processing /home/juliana/Área de Trabalho/datapipeline/.env/lib/python3.8/site-packages/airflow/example_dags/subdags/subdag.py took 0.127 seconds
[2022-11-21T21:38:47.710-0300] {processor.py:153} INFO - Started process (PID=8053) to work on /home/juliana/Área de Trabalho/datapipeline/.env/lib/python3.8/site-packages/airflow/example_dags/subdags/subdag.py
[2022-11-21T21:38:47.725-0300] {processor.py:640} INFO - Processing file /home/juliana/Área de Trabalho/datapipeline/.env/lib/python3.8/site-packages/airflow/example_dags/subdags/subdag.py for tasks to queue
[2022-11-21T21:38:47.725-0300] {logging_mixin.py:115} INFO - [2022-11-21T21:38:47.725-0300] {dagbag.py:508} INFO - Filling up the DagBag from /home/juliana/Área de Trabalho/datapipeline/.env/lib/python3.8/site-packages/airflow/example_dags/subdags/subdag.py
[2022-11-21T21:38:47.737-0300] {processor.py:652} WARNING - No viable dags retrieved from /home/juliana/Área de Trabalho/datapipeline/.env/lib/python3.8/site-packages/airflow/example_dags/subdags/subdag.py
[2022-11-21T21:38:47.785-0300] {processor.py:161} INFO - Processing /home/juliana/Área de Trabalho/datapipeline/.env/lib/python3.8/site-packages/airflow/example_dags/subdags/subdag.py took 0.077 seconds
[2022-11-21T21:39:25.636-0300] {processor.py:153} INFO - Started process (PID=8096) to work on /home/juliana/Área de Trabalho/datapipeline/.env/lib/python3.8/site-packages/airflow/example_dags/subdags/subdag.py
[2022-11-21T21:39:25.643-0300] {processor.py:640} INFO - Processing file /home/juliana/Área de Trabalho/datapipeline/.env/lib/python3.8/site-packages/airflow/example_dags/subdags/subdag.py for tasks to queue
[2022-11-21T21:39:25.644-0300] {logging_mixin.py:115} INFO - [2022-11-21T21:39:25.644-0300] {dagbag.py:508} INFO - Filling up the DagBag from /home/juliana/Área de Trabalho/datapipeline/.env/lib/python3.8/site-packages/airflow/example_dags/subdags/subdag.py
[2022-11-21T21:39:25.646-0300] {processor.py:652} WARNING - No viable dags retrieved from /home/juliana/Área de Trabalho/datapipeline/.env/lib/python3.8/site-packages/airflow/example_dags/subdags/subdag.py
[2022-11-21T21:39:25.660-0300] {processor.py:161} INFO - Processing /home/juliana/Área de Trabalho/datapipeline/.env/lib/python3.8/site-packages/airflow/example_dags/subdags/subdag.py took 0.029 seconds
[2022-11-21T21:40:04.202-0300] {processor.py:153} INFO - Started process (PID=8196) to work on /home/juliana/Área de Trabalho/datapipeline/.env/lib/python3.8/site-packages/airflow/example_dags/subdags/subdag.py
[2022-11-21T21:40:04.204-0300] {processor.py:640} INFO - Processing file /home/juliana/Área de Trabalho/datapipeline/.env/lib/python3.8/site-packages/airflow/example_dags/subdags/subdag.py for tasks to queue
[2022-11-21T21:40:04.205-0300] {logging_mixin.py:115} INFO - [2022-11-21T21:40:04.205-0300] {dagbag.py:508} INFO - Filling up the DagBag from /home/juliana/Área de Trabalho/datapipeline/.env/lib/python3.8/site-packages/airflow/example_dags/subdags/subdag.py
[2022-11-21T21:40:04.211-0300] {processor.py:652} WARNING - No viable dags retrieved from /home/juliana/Área de Trabalho/datapipeline/.env/lib/python3.8/site-packages/airflow/example_dags/subdags/subdag.py
[2022-11-21T21:40:04.231-0300] {processor.py:161} INFO - Processing /home/juliana/Área de Trabalho/datapipeline/.env/lib/python3.8/site-packages/airflow/example_dags/subdags/subdag.py took 0.031 seconds
[2022-11-21T21:40:44.300-0300] {processor.py:153} INFO - Started process (PID=8589) to work on /home/juliana/Área de Trabalho/datapipeline/.env/lib/python3.8/site-packages/airflow/example_dags/subdags/subdag.py
[2022-11-21T21:40:44.306-0300] {processor.py:640} INFO - Processing file /home/juliana/Área de Trabalho/datapipeline/.env/lib/python3.8/site-packages/airflow/example_dags/subdags/subdag.py for tasks to queue
[2022-11-21T21:40:44.308-0300] {logging_mixin.py:115} INFO - [2022-11-21T21:40:44.307-0300] {dagbag.py:508} INFO - Filling up the DagBag from /home/juliana/Área de Trabalho/datapipeline/.env/lib/python3.8/site-packages/airflow/example_dags/subdags/subdag.py
[2022-11-21T21:40:44.310-0300] {processor.py:652} WARNING - No viable dags retrieved from /home/juliana/Área de Trabalho/datapipeline/.env/lib/python3.8/site-packages/airflow/example_dags/subdags/subdag.py
[2022-11-21T21:40:44.323-0300] {processor.py:161} INFO - Processing /home/juliana/Área de Trabalho/datapipeline/.env/lib/python3.8/site-packages/airflow/example_dags/subdags/subdag.py took 0.029 seconds
[2022-11-21T21:41:19.739-0300] {processor.py:153} INFO - Started process (PID=8799) to work on /home/juliana/Área de Trabalho/datapipeline/.env/lib/python3.8/site-packages/airflow/example_dags/subdags/subdag.py
[2022-11-21T21:41:19.740-0300] {processor.py:640} INFO - Processing file /home/juliana/Área de Trabalho/datapipeline/.env/lib/python3.8/site-packages/airflow/example_dags/subdags/subdag.py for tasks to queue
[2022-11-21T21:41:19.741-0300] {logging_mixin.py:115} INFO - [2022-11-21T21:41:19.741-0300] {dagbag.py:508} INFO - Filling up the DagBag from /home/juliana/Área de Trabalho/datapipeline/.env/lib/python3.8/site-packages/airflow/example_dags/subdags/subdag.py
[2022-11-21T21:41:19.743-0300] {processor.py:652} WARNING - No viable dags retrieved from /home/juliana/Área de Trabalho/datapipeline/.env/lib/python3.8/site-packages/airflow/example_dags/subdags/subdag.py
[2022-11-21T21:41:19.758-0300] {processor.py:161} INFO - Processing /home/juliana/Área de Trabalho/datapipeline/.env/lib/python3.8/site-packages/airflow/example_dags/subdags/subdag.py took 0.026 seconds
[2022-11-21T21:41:55.968-0300] {processor.py:153} INFO - Started process (PID=9018) to work on /home/juliana/Área de Trabalho/datapipeline/.env/lib/python3.8/site-packages/airflow/example_dags/subdags/subdag.py
[2022-11-21T21:41:55.970-0300] {processor.py:640} INFO - Processing file /home/juliana/Área de Trabalho/datapipeline/.env/lib/python3.8/site-packages/airflow/example_dags/subdags/subdag.py for tasks to queue
[2022-11-21T21:41:55.971-0300] {logging_mixin.py:115} INFO - [2022-11-21T21:41:55.970-0300] {dagbag.py:508} INFO - Filling up the DagBag from /home/juliana/Área de Trabalho/datapipeline/.env/lib/python3.8/site-packages/airflow/example_dags/subdags/subdag.py
[2022-11-21T21:41:55.973-0300] {processor.py:652} WARNING - No viable dags retrieved from /home/juliana/Área de Trabalho/datapipeline/.env/lib/python3.8/site-packages/airflow/example_dags/subdags/subdag.py
[2022-11-21T21:41:55.985-0300] {processor.py:161} INFO - Processing /home/juliana/Área de Trabalho/datapipeline/.env/lib/python3.8/site-packages/airflow/example_dags/subdags/subdag.py took 0.022 seconds
[2022-11-21T21:42:32.300-0300] {processor.py:153} INFO - Started process (PID=9230) to work on /home/juliana/Área de Trabalho/datapipeline/.env/lib/python3.8/site-packages/airflow/example_dags/subdags/subdag.py
[2022-11-21T21:42:32.301-0300] {processor.py:640} INFO - Processing file /home/juliana/Área de Trabalho/datapipeline/.env/lib/python3.8/site-packages/airflow/example_dags/subdags/subdag.py for tasks to queue
[2022-11-21T21:42:32.302-0300] {logging_mixin.py:115} INFO - [2022-11-21T21:42:32.302-0300] {dagbag.py:508} INFO - Filling up the DagBag from /home/juliana/Área de Trabalho/datapipeline/.env/lib/python3.8/site-packages/airflow/example_dags/subdags/subdag.py
[2022-11-21T21:42:32.303-0300] {processor.py:652} WARNING - No viable dags retrieved from /home/juliana/Área de Trabalho/datapipeline/.env/lib/python3.8/site-packages/airflow/example_dags/subdags/subdag.py
[2022-11-21T21:42:32.320-0300] {processor.py:161} INFO - Processing /home/juliana/Área de Trabalho/datapipeline/.env/lib/python3.8/site-packages/airflow/example_dags/subdags/subdag.py took 0.025 seconds
[2022-11-21T21:43:09.785-0300] {processor.py:153} INFO - Started process (PID=9443) to work on /home/juliana/Área de Trabalho/datapipeline/.env/lib/python3.8/site-packages/airflow/example_dags/subdags/subdag.py
[2022-11-21T21:43:09.787-0300] {processor.py:640} INFO - Processing file /home/juliana/Área de Trabalho/datapipeline/.env/lib/python3.8/site-packages/airflow/example_dags/subdags/subdag.py for tasks to queue
[2022-11-21T21:43:09.788-0300] {logging_mixin.py:115} INFO - [2022-11-21T21:43:09.788-0300] {dagbag.py:508} INFO - Filling up the DagBag from /home/juliana/Área de Trabalho/datapipeline/.env/lib/python3.8/site-packages/airflow/example_dags/subdags/subdag.py
[2022-11-21T21:43:09.790-0300] {processor.py:652} WARNING - No viable dags retrieved from /home/juliana/Área de Trabalho/datapipeline/.env/lib/python3.8/site-packages/airflow/example_dags/subdags/subdag.py
[2022-11-21T21:43:09.805-0300] {processor.py:161} INFO - Processing /home/juliana/Área de Trabalho/datapipeline/.env/lib/python3.8/site-packages/airflow/example_dags/subdags/subdag.py took 0.025 seconds
[2022-11-21T21:43:47.979-0300] {processor.py:153} INFO - Started process (PID=9656) to work on /home/juliana/Área de Trabalho/datapipeline/.env/lib/python3.8/site-packages/airflow/example_dags/subdags/subdag.py
[2022-11-21T21:43:47.981-0300] {processor.py:640} INFO - Processing file /home/juliana/Área de Trabalho/datapipeline/.env/lib/python3.8/site-packages/airflow/example_dags/subdags/subdag.py for tasks to queue
[2022-11-21T21:43:47.982-0300] {logging_mixin.py:115} INFO - [2022-11-21T21:43:47.982-0300] {dagbag.py:508} INFO - Filling up the DagBag from /home/juliana/Área de Trabalho/datapipeline/.env/lib/python3.8/site-packages/airflow/example_dags/subdags/subdag.py
[2022-11-21T21:43:47.984-0300] {processor.py:652} WARNING - No viable dags retrieved from /home/juliana/Área de Trabalho/datapipeline/.env/lib/python3.8/site-packages/airflow/example_dags/subdags/subdag.py
[2022-11-21T21:43:47.997-0300] {processor.py:161} INFO - Processing /home/juliana/Área de Trabalho/datapipeline/.env/lib/python3.8/site-packages/airflow/example_dags/subdags/subdag.py took 0.023 seconds
[2022-11-21T21:44:22.913-0300] {processor.py:153} INFO - Started process (PID=9706) to work on /home/juliana/Área de Trabalho/datapipeline/.env/lib/python3.8/site-packages/airflow/example_dags/subdags/subdag.py
[2022-11-21T21:44:22.914-0300] {processor.py:640} INFO - Processing file /home/juliana/Área de Trabalho/datapipeline/.env/lib/python3.8/site-packages/airflow/example_dags/subdags/subdag.py for tasks to queue
[2022-11-21T21:44:22.915-0300] {logging_mixin.py:115} INFO - [2022-11-21T21:44:22.915-0300] {dagbag.py:508} INFO - Filling up the DagBag from /home/juliana/Área de Trabalho/datapipeline/.env/lib/python3.8/site-packages/airflow/example_dags/subdags/subdag.py
[2022-11-21T21:44:22.916-0300] {processor.py:652} WARNING - No viable dags retrieved from /home/juliana/Área de Trabalho/datapipeline/.env/lib/python3.8/site-packages/airflow/example_dags/subdags/subdag.py
[2022-11-21T21:44:22.931-0300] {processor.py:161} INFO - Processing /home/juliana/Área de Trabalho/datapipeline/.env/lib/python3.8/site-packages/airflow/example_dags/subdags/subdag.py took 0.025 seconds
[2022-11-21T21:45:01.481-0300] {processor.py:153} INFO - Started process (PID=9747) to work on /home/juliana/Área de Trabalho/datapipeline/.env/lib/python3.8/site-packages/airflow/example_dags/subdags/subdag.py
[2022-11-21T21:45:01.487-0300] {processor.py:640} INFO - Processing file /home/juliana/Área de Trabalho/datapipeline/.env/lib/python3.8/site-packages/airflow/example_dags/subdags/subdag.py for tasks to queue
[2022-11-21T21:45:01.488-0300] {logging_mixin.py:115} INFO - [2022-11-21T21:45:01.488-0300] {dagbag.py:508} INFO - Filling up the DagBag from /home/juliana/Área de Trabalho/datapipeline/.env/lib/python3.8/site-packages/airflow/example_dags/subdags/subdag.py
[2022-11-21T21:45:01.490-0300] {processor.py:652} WARNING - No viable dags retrieved from /home/juliana/Área de Trabalho/datapipeline/.env/lib/python3.8/site-packages/airflow/example_dags/subdags/subdag.py
[2022-11-21T21:45:01.502-0300] {processor.py:161} INFO - Processing /home/juliana/Área de Trabalho/datapipeline/.env/lib/python3.8/site-packages/airflow/example_dags/subdags/subdag.py took 0.026 seconds
[2022-11-21T21:45:39.172-0300] {processor.py:153} INFO - Started process (PID=9794) to work on /home/juliana/Área de Trabalho/datapipeline/.env/lib/python3.8/site-packages/airflow/example_dags/subdags/subdag.py
[2022-11-21T21:45:39.174-0300] {processor.py:640} INFO - Processing file /home/juliana/Área de Trabalho/datapipeline/.env/lib/python3.8/site-packages/airflow/example_dags/subdags/subdag.py for tasks to queue
[2022-11-21T21:45:39.175-0300] {logging_mixin.py:115} INFO - [2022-11-21T21:45:39.175-0300] {dagbag.py:508} INFO - Filling up the DagBag from /home/juliana/Área de Trabalho/datapipeline/.env/lib/python3.8/site-packages/airflow/example_dags/subdags/subdag.py
[2022-11-21T21:45:39.177-0300] {processor.py:652} WARNING - No viable dags retrieved from /home/juliana/Área de Trabalho/datapipeline/.env/lib/python3.8/site-packages/airflow/example_dags/subdags/subdag.py
[2022-11-21T21:45:39.190-0300] {processor.py:161} INFO - Processing /home/juliana/Área de Trabalho/datapipeline/.env/lib/python3.8/site-packages/airflow/example_dags/subdags/subdag.py took 0.023 seconds
[2022-11-21T21:46:17.135-0300] {processor.py:153} INFO - Started process (PID=9993) to work on /home/juliana/Área de Trabalho/datapipeline/.env/lib/python3.8/site-packages/airflow/example_dags/subdags/subdag.py
[2022-11-21T21:46:17.136-0300] {processor.py:640} INFO - Processing file /home/juliana/Área de Trabalho/datapipeline/.env/lib/python3.8/site-packages/airflow/example_dags/subdags/subdag.py for tasks to queue
[2022-11-21T21:46:17.137-0300] {logging_mixin.py:115} INFO - [2022-11-21T21:46:17.137-0300] {dagbag.py:508} INFO - Filling up the DagBag from /home/juliana/Área de Trabalho/datapipeline/.env/lib/python3.8/site-packages/airflow/example_dags/subdags/subdag.py
[2022-11-21T21:46:17.138-0300] {processor.py:652} WARNING - No viable dags retrieved from /home/juliana/Área de Trabalho/datapipeline/.env/lib/python3.8/site-packages/airflow/example_dags/subdags/subdag.py
[2022-11-21T21:46:17.148-0300] {processor.py:161} INFO - Processing /home/juliana/Área de Trabalho/datapipeline/.env/lib/python3.8/site-packages/airflow/example_dags/subdags/subdag.py took 0.018 seconds
[2022-11-21T21:46:57.298-0300] {processor.py:153} INFO - Started process (PID=10241) to work on /home/juliana/Área de Trabalho/datapipeline/.env/lib/python3.8/site-packages/airflow/example_dags/subdags/subdag.py
[2022-11-21T21:46:57.303-0300] {processor.py:640} INFO - Processing file /home/juliana/Área de Trabalho/datapipeline/.env/lib/python3.8/site-packages/airflow/example_dags/subdags/subdag.py for tasks to queue
[2022-11-21T21:46:57.304-0300] {logging_mixin.py:115} INFO - [2022-11-21T21:46:57.304-0300] {dagbag.py:508} INFO - Filling up the DagBag from /home/juliana/Área de Trabalho/datapipeline/.env/lib/python3.8/site-packages/airflow/example_dags/subdags/subdag.py
[2022-11-21T21:46:57.306-0300] {processor.py:652} WARNING - No viable dags retrieved from /home/juliana/Área de Trabalho/datapipeline/.env/lib/python3.8/site-packages/airflow/example_dags/subdags/subdag.py
[2022-11-21T21:46:57.329-0300] {processor.py:161} INFO - Processing /home/juliana/Área de Trabalho/datapipeline/.env/lib/python3.8/site-packages/airflow/example_dags/subdags/subdag.py took 0.041 seconds
[2022-11-21T21:47:33.245-0300] {processor.py:153} INFO - Started process (PID=10451) to work on /home/juliana/Área de Trabalho/datapipeline/.env/lib/python3.8/site-packages/airflow/example_dags/subdags/subdag.py
[2022-11-21T21:47:33.246-0300] {processor.py:640} INFO - Processing file /home/juliana/Área de Trabalho/datapipeline/.env/lib/python3.8/site-packages/airflow/example_dags/subdags/subdag.py for tasks to queue
[2022-11-21T21:47:33.247-0300] {logging_mixin.py:115} INFO - [2022-11-21T21:47:33.246-0300] {dagbag.py:508} INFO - Filling up the DagBag from /home/juliana/Área de Trabalho/datapipeline/.env/lib/python3.8/site-packages/airflow/example_dags/subdags/subdag.py
[2022-11-21T21:47:33.248-0300] {processor.py:652} WARNING - No viable dags retrieved from /home/juliana/Área de Trabalho/datapipeline/.env/lib/python3.8/site-packages/airflow/example_dags/subdags/subdag.py
[2022-11-21T21:47:33.264-0300] {processor.py:161} INFO - Processing /home/juliana/Área de Trabalho/datapipeline/.env/lib/python3.8/site-packages/airflow/example_dags/subdags/subdag.py took 0.023 seconds
[2022-11-21T21:48:10.803-0300] {processor.py:153} INFO - Started process (PID=10591) to work on /home/juliana/Área de Trabalho/datapipeline/.env/lib/python3.8/site-packages/airflow/example_dags/subdags/subdag.py
[2022-11-21T21:48:10.804-0300] {processor.py:640} INFO - Processing file /home/juliana/Área de Trabalho/datapipeline/.env/lib/python3.8/site-packages/airflow/example_dags/subdags/subdag.py for tasks to queue
[2022-11-21T21:48:10.805-0300] {logging_mixin.py:115} INFO - [2022-11-21T21:48:10.804-0300] {dagbag.py:508} INFO - Filling up the DagBag from /home/juliana/Área de Trabalho/datapipeline/.env/lib/python3.8/site-packages/airflow/example_dags/subdags/subdag.py
[2022-11-21T21:48:10.806-0300] {processor.py:652} WARNING - No viable dags retrieved from /home/juliana/Área de Trabalho/datapipeline/.env/lib/python3.8/site-packages/airflow/example_dags/subdags/subdag.py
[2022-11-21T21:48:10.817-0300] {processor.py:161} INFO - Processing /home/juliana/Área de Trabalho/datapipeline/.env/lib/python3.8/site-packages/airflow/example_dags/subdags/subdag.py took 0.019 seconds
[2022-11-21T21:48:45.959-0300] {processor.py:153} INFO - Started process (PID=10733) to work on /home/juliana/Área de Trabalho/datapipeline/.env/lib/python3.8/site-packages/airflow/example_dags/subdags/subdag.py
[2022-11-21T21:48:45.960-0300] {processor.py:640} INFO - Processing file /home/juliana/Área de Trabalho/datapipeline/.env/lib/python3.8/site-packages/airflow/example_dags/subdags/subdag.py for tasks to queue
[2022-11-21T21:48:45.961-0300] {logging_mixin.py:115} INFO - [2022-11-21T21:48:45.961-0300] {dagbag.py:508} INFO - Filling up the DagBag from /home/juliana/Área de Trabalho/datapipeline/.env/lib/python3.8/site-packages/airflow/example_dags/subdags/subdag.py
[2022-11-21T21:48:45.963-0300] {processor.py:652} WARNING - No viable dags retrieved from /home/juliana/Área de Trabalho/datapipeline/.env/lib/python3.8/site-packages/airflow/example_dags/subdags/subdag.py
[2022-11-21T21:48:45.980-0300] {processor.py:161} INFO - Processing /home/juliana/Área de Trabalho/datapipeline/.env/lib/python3.8/site-packages/airflow/example_dags/subdags/subdag.py took 0.026 seconds
[2022-11-21T21:49:22.981-0300] {processor.py:153} INFO - Started process (PID=10771) to work on /home/juliana/Área de Trabalho/datapipeline/.env/lib/python3.8/site-packages/airflow/example_dags/subdags/subdag.py
[2022-11-21T21:49:22.983-0300] {processor.py:640} INFO - Processing file /home/juliana/Área de Trabalho/datapipeline/.env/lib/python3.8/site-packages/airflow/example_dags/subdags/subdag.py for tasks to queue
[2022-11-21T21:49:22.984-0300] {logging_mixin.py:115} INFO - [2022-11-21T21:49:22.984-0300] {dagbag.py:508} INFO - Filling up the DagBag from /home/juliana/Área de Trabalho/datapipeline/.env/lib/python3.8/site-packages/airflow/example_dags/subdags/subdag.py
[2022-11-21T21:49:22.987-0300] {processor.py:652} WARNING - No viable dags retrieved from /home/juliana/Área de Trabalho/datapipeline/.env/lib/python3.8/site-packages/airflow/example_dags/subdags/subdag.py
[2022-11-21T21:49:23.003-0300] {processor.py:161} INFO - Processing /home/juliana/Área de Trabalho/datapipeline/.env/lib/python3.8/site-packages/airflow/example_dags/subdags/subdag.py took 0.028 seconds
[2022-11-21T21:50:02.819-0300] {processor.py:153} INFO - Started process (PID=10811) to work on /home/juliana/Área de Trabalho/datapipeline/.env/lib/python3.8/site-packages/airflow/example_dags/subdags/subdag.py
[2022-11-21T21:50:02.821-0300] {processor.py:640} INFO - Processing file /home/juliana/Área de Trabalho/datapipeline/.env/lib/python3.8/site-packages/airflow/example_dags/subdags/subdag.py for tasks to queue
[2022-11-21T21:50:02.822-0300] {logging_mixin.py:115} INFO - [2022-11-21T21:50:02.821-0300] {dagbag.py:508} INFO - Filling up the DagBag from /home/juliana/Área de Trabalho/datapipeline/.env/lib/python3.8/site-packages/airflow/example_dags/subdags/subdag.py
[2022-11-21T21:50:02.823-0300] {processor.py:652} WARNING - No viable dags retrieved from /home/juliana/Área de Trabalho/datapipeline/.env/lib/python3.8/site-packages/airflow/example_dags/subdags/subdag.py
[2022-11-21T21:50:02.836-0300] {processor.py:161} INFO - Processing /home/juliana/Área de Trabalho/datapipeline/.env/lib/python3.8/site-packages/airflow/example_dags/subdags/subdag.py took 0.021 seconds
[2022-11-21T21:50:37.938-0300] {processor.py:153} INFO - Started process (PID=10871) to work on /home/juliana/Área de Trabalho/datapipeline/.env/lib/python3.8/site-packages/airflow/example_dags/subdags/subdag.py
[2022-11-21T21:50:37.940-0300] {processor.py:640} INFO - Processing file /home/juliana/Área de Trabalho/datapipeline/.env/lib/python3.8/site-packages/airflow/example_dags/subdags/subdag.py for tasks to queue
[2022-11-21T21:50:37.941-0300] {logging_mixin.py:115} INFO - [2022-11-21T21:50:37.940-0300] {dagbag.py:508} INFO - Filling up the DagBag from /home/juliana/Área de Trabalho/datapipeline/.env/lib/python3.8/site-packages/airflow/example_dags/subdags/subdag.py
[2022-11-21T21:50:37.944-0300] {processor.py:652} WARNING - No viable dags retrieved from /home/juliana/Área de Trabalho/datapipeline/.env/lib/python3.8/site-packages/airflow/example_dags/subdags/subdag.py
[2022-11-21T21:50:37.956-0300] {processor.py:161} INFO - Processing /home/juliana/Área de Trabalho/datapipeline/.env/lib/python3.8/site-packages/airflow/example_dags/subdags/subdag.py took 0.024 seconds
[2022-11-21T21:51:14.331-0300] {processor.py:153} INFO - Started process (PID=10910) to work on /home/juliana/Área de Trabalho/datapipeline/.env/lib/python3.8/site-packages/airflow/example_dags/subdags/subdag.py
[2022-11-21T21:51:14.332-0300] {processor.py:640} INFO - Processing file /home/juliana/Área de Trabalho/datapipeline/.env/lib/python3.8/site-packages/airflow/example_dags/subdags/subdag.py for tasks to queue
[2022-11-21T21:51:14.333-0300] {logging_mixin.py:115} INFO - [2022-11-21T21:51:14.333-0300] {dagbag.py:508} INFO - Filling up the DagBag from /home/juliana/Área de Trabalho/datapipeline/.env/lib/python3.8/site-packages/airflow/example_dags/subdags/subdag.py
[2022-11-21T21:51:14.335-0300] {processor.py:652} WARNING - No viable dags retrieved from /home/juliana/Área de Trabalho/datapipeline/.env/lib/python3.8/site-packages/airflow/example_dags/subdags/subdag.py
[2022-11-21T21:51:14.349-0300] {processor.py:161} INFO - Processing /home/juliana/Área de Trabalho/datapipeline/.env/lib/python3.8/site-packages/airflow/example_dags/subdags/subdag.py took 0.023 seconds
[2022-11-21T21:51:51.916-0300] {processor.py:153} INFO - Started process (PID=10945) to work on /home/juliana/Área de Trabalho/datapipeline/.env/lib/python3.8/site-packages/airflow/example_dags/subdags/subdag.py
[2022-11-21T21:51:51.917-0300] {processor.py:640} INFO - Processing file /home/juliana/Área de Trabalho/datapipeline/.env/lib/python3.8/site-packages/airflow/example_dags/subdags/subdag.py for tasks to queue
[2022-11-21T21:51:51.918-0300] {logging_mixin.py:115} INFO - [2022-11-21T21:51:51.918-0300] {dagbag.py:508} INFO - Filling up the DagBag from /home/juliana/Área de Trabalho/datapipeline/.env/lib/python3.8/site-packages/airflow/example_dags/subdags/subdag.py
[2022-11-21T21:51:51.920-0300] {processor.py:652} WARNING - No viable dags retrieved from /home/juliana/Área de Trabalho/datapipeline/.env/lib/python3.8/site-packages/airflow/example_dags/subdags/subdag.py
[2022-11-21T21:51:51.932-0300] {processor.py:161} INFO - Processing /home/juliana/Área de Trabalho/datapipeline/.env/lib/python3.8/site-packages/airflow/example_dags/subdags/subdag.py took 0.020 seconds
[2022-11-21T21:52:28.476-0300] {processor.py:153} INFO - Started process (PID=10982) to work on /home/juliana/Área de Trabalho/datapipeline/.env/lib/python3.8/site-packages/airflow/example_dags/subdags/subdag.py
[2022-11-21T21:52:28.478-0300] {processor.py:640} INFO - Processing file /home/juliana/Área de Trabalho/datapipeline/.env/lib/python3.8/site-packages/airflow/example_dags/subdags/subdag.py for tasks to queue
[2022-11-21T21:52:28.478-0300] {logging_mixin.py:115} INFO - [2022-11-21T21:52:28.478-0300] {dagbag.py:508} INFO - Filling up the DagBag from /home/juliana/Área de Trabalho/datapipeline/.env/lib/python3.8/site-packages/airflow/example_dags/subdags/subdag.py
[2022-11-21T21:52:28.480-0300] {processor.py:652} WARNING - No viable dags retrieved from /home/juliana/Área de Trabalho/datapipeline/.env/lib/python3.8/site-packages/airflow/example_dags/subdags/subdag.py
[2022-11-21T21:52:28.493-0300] {processor.py:161} INFO - Processing /home/juliana/Área de Trabalho/datapipeline/.env/lib/python3.8/site-packages/airflow/example_dags/subdags/subdag.py took 0.021 seconds
[2022-11-21T21:53:03.794-0300] {processor.py:153} INFO - Started process (PID=11027) to work on /home/juliana/Área de Trabalho/datapipeline/.env/lib/python3.8/site-packages/airflow/example_dags/subdags/subdag.py
[2022-11-21T21:53:03.796-0300] {processor.py:640} INFO - Processing file /home/juliana/Área de Trabalho/datapipeline/.env/lib/python3.8/site-packages/airflow/example_dags/subdags/subdag.py for tasks to queue
[2022-11-21T21:53:03.797-0300] {logging_mixin.py:115} INFO - [2022-11-21T21:53:03.796-0300] {dagbag.py:508} INFO - Filling up the DagBag from /home/juliana/Área de Trabalho/datapipeline/.env/lib/python3.8/site-packages/airflow/example_dags/subdags/subdag.py
[2022-11-21T21:53:03.798-0300] {processor.py:652} WARNING - No viable dags retrieved from /home/juliana/Área de Trabalho/datapipeline/.env/lib/python3.8/site-packages/airflow/example_dags/subdags/subdag.py
[2022-11-21T21:53:03.813-0300] {processor.py:161} INFO - Processing /home/juliana/Área de Trabalho/datapipeline/.env/lib/python3.8/site-packages/airflow/example_dags/subdags/subdag.py took 0.023 seconds
[2022-11-21T21:53:39.770-0300] {processor.py:153} INFO - Started process (PID=11223) to work on /home/juliana/Área de Trabalho/datapipeline/.env/lib/python3.8/site-packages/airflow/example_dags/subdags/subdag.py
[2022-11-21T21:53:39.771-0300] {processor.py:640} INFO - Processing file /home/juliana/Área de Trabalho/datapipeline/.env/lib/python3.8/site-packages/airflow/example_dags/subdags/subdag.py for tasks to queue
[2022-11-21T21:53:39.772-0300] {logging_mixin.py:115} INFO - [2022-11-21T21:53:39.771-0300] {dagbag.py:508} INFO - Filling up the DagBag from /home/juliana/Área de Trabalho/datapipeline/.env/lib/python3.8/site-packages/airflow/example_dags/subdags/subdag.py
[2022-11-21T21:53:39.773-0300] {processor.py:652} WARNING - No viable dags retrieved from /home/juliana/Área de Trabalho/datapipeline/.env/lib/python3.8/site-packages/airflow/example_dags/subdags/subdag.py
[2022-11-21T21:53:39.782-0300] {processor.py:161} INFO - Processing /home/juliana/Área de Trabalho/datapipeline/.env/lib/python3.8/site-packages/airflow/example_dags/subdags/subdag.py took 0.015 seconds
[2022-11-21T21:54:18.852-0300] {processor.py:153} INFO - Started process (PID=11443) to work on /home/juliana/Área de Trabalho/datapipeline/.env/lib/python3.8/site-packages/airflow/example_dags/subdags/subdag.py
[2022-11-21T21:54:18.853-0300] {processor.py:640} INFO - Processing file /home/juliana/Área de Trabalho/datapipeline/.env/lib/python3.8/site-packages/airflow/example_dags/subdags/subdag.py for tasks to queue
[2022-11-21T21:54:18.854-0300] {logging_mixin.py:115} INFO - [2022-11-21T21:54:18.854-0300] {dagbag.py:508} INFO - Filling up the DagBag from /home/juliana/Área de Trabalho/datapipeline/.env/lib/python3.8/site-packages/airflow/example_dags/subdags/subdag.py
[2022-11-21T21:54:18.857-0300] {processor.py:652} WARNING - No viable dags retrieved from /home/juliana/Área de Trabalho/datapipeline/.env/lib/python3.8/site-packages/airflow/example_dags/subdags/subdag.py
[2022-11-21T21:54:18.870-0300] {processor.py:161} INFO - Processing /home/juliana/Área de Trabalho/datapipeline/.env/lib/python3.8/site-packages/airflow/example_dags/subdags/subdag.py took 0.024 seconds
[2022-11-21T21:54:54.234-0300] {processor.py:153} INFO - Started process (PID=11555) to work on /home/juliana/Área de Trabalho/datapipeline/.env/lib/python3.8/site-packages/airflow/example_dags/subdags/subdag.py
[2022-11-21T21:54:54.238-0300] {processor.py:640} INFO - Processing file /home/juliana/Área de Trabalho/datapipeline/.env/lib/python3.8/site-packages/airflow/example_dags/subdags/subdag.py for tasks to queue
[2022-11-21T21:54:54.239-0300] {logging_mixin.py:115} INFO - [2022-11-21T21:54:54.238-0300] {dagbag.py:508} INFO - Filling up the DagBag from /home/juliana/Área de Trabalho/datapipeline/.env/lib/python3.8/site-packages/airflow/example_dags/subdags/subdag.py
[2022-11-21T21:54:54.241-0300] {processor.py:652} WARNING - No viable dags retrieved from /home/juliana/Área de Trabalho/datapipeline/.env/lib/python3.8/site-packages/airflow/example_dags/subdags/subdag.py
[2022-11-21T21:54:54.264-0300] {processor.py:161} INFO - Processing /home/juliana/Área de Trabalho/datapipeline/.env/lib/python3.8/site-packages/airflow/example_dags/subdags/subdag.py took 0.036 seconds
[2022-11-21T21:55:53.799-0300] {processor.py:153} INFO - Started process (PID=11781) to work on /home/juliana/Área de Trabalho/datapipeline/.env/lib/python3.8/site-packages/airflow/example_dags/subdags/subdag.py
[2022-11-21T21:55:53.801-0300] {processor.py:640} INFO - Processing file /home/juliana/Área de Trabalho/datapipeline/.env/lib/python3.8/site-packages/airflow/example_dags/subdags/subdag.py for tasks to queue
[2022-11-21T21:55:53.802-0300] {logging_mixin.py:115} INFO - [2022-11-21T21:55:53.802-0300] {dagbag.py:508} INFO - Filling up the DagBag from /home/juliana/Área de Trabalho/datapipeline/.env/lib/python3.8/site-packages/airflow/example_dags/subdags/subdag.py
[2022-11-21T21:55:53.805-0300] {processor.py:652} WARNING - No viable dags retrieved from /home/juliana/Área de Trabalho/datapipeline/.env/lib/python3.8/site-packages/airflow/example_dags/subdags/subdag.py
[2022-11-21T21:55:53.822-0300] {processor.py:161} INFO - Processing /home/juliana/Área de Trabalho/datapipeline/.env/lib/python3.8/site-packages/airflow/example_dags/subdags/subdag.py took 0.032 seconds
[2022-11-21T21:57:10.348-0300] {processor.py:153} INFO - Started process (PID=12081) to work on /home/juliana/Área de Trabalho/datapipeline/.env/lib/python3.8/site-packages/airflow/example_dags/subdags/subdag.py
[2022-11-21T21:57:10.461-0300] {processor.py:640} INFO - Processing file /home/juliana/Área de Trabalho/datapipeline/.env/lib/python3.8/site-packages/airflow/example_dags/subdags/subdag.py for tasks to queue
[2022-11-21T21:57:10.463-0300] {logging_mixin.py:115} INFO - [2022-11-21T21:57:10.463-0300] {dagbag.py:508} INFO - Filling up the DagBag from /home/juliana/Área de Trabalho/datapipeline/.env/lib/python3.8/site-packages/airflow/example_dags/subdags/subdag.py
[2022-11-21T21:57:10.857-0300] {processor.py:652} WARNING - No viable dags retrieved from /home/juliana/Área de Trabalho/datapipeline/.env/lib/python3.8/site-packages/airflow/example_dags/subdags/subdag.py
[2022-11-21T21:57:12.781-0300] {processor.py:161} INFO - Processing /home/juliana/Área de Trabalho/datapipeline/.env/lib/python3.8/site-packages/airflow/example_dags/subdags/subdag.py took 2.541 seconds
[2022-11-21T22:04:05.065-0300] {processor.py:153} INFO - Started process (PID=2496) to work on /home/juliana/Área de Trabalho/datapipeline/.env/lib/python3.8/site-packages/airflow/example_dags/subdags/subdag.py
[2022-11-21T22:04:05.067-0300] {processor.py:640} INFO - Processing file /home/juliana/Área de Trabalho/datapipeline/.env/lib/python3.8/site-packages/airflow/example_dags/subdags/subdag.py for tasks to queue
[2022-11-21T22:04:05.067-0300] {logging_mixin.py:115} INFO - [2022-11-21T22:04:05.067-0300] {dagbag.py:508} INFO - Filling up the DagBag from /home/juliana/Área de Trabalho/datapipeline/.env/lib/python3.8/site-packages/airflow/example_dags/subdags/subdag.py
[2022-11-21T22:04:05.069-0300] {processor.py:652} WARNING - No viable dags retrieved from /home/juliana/Área de Trabalho/datapipeline/.env/lib/python3.8/site-packages/airflow/example_dags/subdags/subdag.py
[2022-11-21T22:04:05.080-0300] {processor.py:161} INFO - Processing /home/juliana/Área de Trabalho/datapipeline/.env/lib/python3.8/site-packages/airflow/example_dags/subdags/subdag.py took 0.018 seconds
[2022-11-21T22:04:46.037-0300] {processor.py:153} INFO - Started process (PID=2554) to work on /home/juliana/Área de Trabalho/datapipeline/.env/lib/python3.8/site-packages/airflow/example_dags/subdags/subdag.py
[2022-11-21T22:04:46.043-0300] {processor.py:640} INFO - Processing file /home/juliana/Área de Trabalho/datapipeline/.env/lib/python3.8/site-packages/airflow/example_dags/subdags/subdag.py for tasks to queue
[2022-11-21T22:04:46.044-0300] {logging_mixin.py:115} INFO - [2022-11-21T22:04:46.043-0300] {dagbag.py:508} INFO - Filling up the DagBag from /home/juliana/Área de Trabalho/datapipeline/.env/lib/python3.8/site-packages/airflow/example_dags/subdags/subdag.py
[2022-11-21T22:04:46.045-0300] {processor.py:652} WARNING - No viable dags retrieved from /home/juliana/Área de Trabalho/datapipeline/.env/lib/python3.8/site-packages/airflow/example_dags/subdags/subdag.py
[2022-11-21T22:04:46.054-0300] {processor.py:161} INFO - Processing /home/juliana/Área de Trabalho/datapipeline/.env/lib/python3.8/site-packages/airflow/example_dags/subdags/subdag.py took 0.020 seconds
[2022-11-21T22:05:26.968-0300] {processor.py:153} INFO - Started process (PID=3191) to work on /home/juliana/Área de Trabalho/datapipeline/.env/lib/python3.8/site-packages/airflow/example_dags/subdags/subdag.py
[2022-11-21T22:05:26.977-0300] {processor.py:640} INFO - Processing file /home/juliana/Área de Trabalho/datapipeline/.env/lib/python3.8/site-packages/airflow/example_dags/subdags/subdag.py for tasks to queue
[2022-11-21T22:05:26.978-0300] {logging_mixin.py:115} INFO - [2022-11-21T22:05:26.978-0300] {dagbag.py:508} INFO - Filling up the DagBag from /home/juliana/Área de Trabalho/datapipeline/.env/lib/python3.8/site-packages/airflow/example_dags/subdags/subdag.py
[2022-11-21T22:05:26.984-0300] {processor.py:652} WARNING - No viable dags retrieved from /home/juliana/Área de Trabalho/datapipeline/.env/lib/python3.8/site-packages/airflow/example_dags/subdags/subdag.py
[2022-11-21T22:05:27.010-0300] {processor.py:161} INFO - Processing /home/juliana/Área de Trabalho/datapipeline/.env/lib/python3.8/site-packages/airflow/example_dags/subdags/subdag.py took 0.054 seconds
[2022-11-21T22:06:05.316-0300] {processor.py:153} INFO - Started process (PID=3550) to work on /home/juliana/Área de Trabalho/datapipeline/.env/lib/python3.8/site-packages/airflow/example_dags/subdags/subdag.py
[2022-11-21T22:06:05.322-0300] {processor.py:640} INFO - Processing file /home/juliana/Área de Trabalho/datapipeline/.env/lib/python3.8/site-packages/airflow/example_dags/subdags/subdag.py for tasks to queue
[2022-11-21T22:06:05.322-0300] {logging_mixin.py:115} INFO - [2022-11-21T22:06:05.322-0300] {dagbag.py:508} INFO - Filling up the DagBag from /home/juliana/Área de Trabalho/datapipeline/.env/lib/python3.8/site-packages/airflow/example_dags/subdags/subdag.py
[2022-11-21T22:06:05.324-0300] {processor.py:652} WARNING - No viable dags retrieved from /home/juliana/Área de Trabalho/datapipeline/.env/lib/python3.8/site-packages/airflow/example_dags/subdags/subdag.py
[2022-11-21T22:06:05.340-0300] {processor.py:161} INFO - Processing /home/juliana/Área de Trabalho/datapipeline/.env/lib/python3.8/site-packages/airflow/example_dags/subdags/subdag.py took 0.026 seconds
[2022-11-21T22:06:41.463-0300] {processor.py:153} INFO - Started process (PID=3773) to work on /home/juliana/Área de Trabalho/datapipeline/.env/lib/python3.8/site-packages/airflow/example_dags/subdags/subdag.py
[2022-11-21T22:06:41.465-0300] {processor.py:640} INFO - Processing file /home/juliana/Área de Trabalho/datapipeline/.env/lib/python3.8/site-packages/airflow/example_dags/subdags/subdag.py for tasks to queue
[2022-11-21T22:06:41.466-0300] {logging_mixin.py:115} INFO - [2022-11-21T22:06:41.466-0300] {dagbag.py:508} INFO - Filling up the DagBag from /home/juliana/Área de Trabalho/datapipeline/.env/lib/python3.8/site-packages/airflow/example_dags/subdags/subdag.py
[2022-11-21T22:06:41.467-0300] {processor.py:652} WARNING - No viable dags retrieved from /home/juliana/Área de Trabalho/datapipeline/.env/lib/python3.8/site-packages/airflow/example_dags/subdags/subdag.py
[2022-11-21T22:06:41.481-0300] {processor.py:161} INFO - Processing /home/juliana/Área de Trabalho/datapipeline/.env/lib/python3.8/site-packages/airflow/example_dags/subdags/subdag.py took 0.021 seconds
[2022-11-21T22:07:21.963-0300] {processor.py:153} INFO - Started process (PID=3989) to work on /home/juliana/Área de Trabalho/datapipeline/.env/lib/python3.8/site-packages/airflow/example_dags/subdags/subdag.py
[2022-11-21T22:07:21.965-0300] {processor.py:640} INFO - Processing file /home/juliana/Área de Trabalho/datapipeline/.env/lib/python3.8/site-packages/airflow/example_dags/subdags/subdag.py for tasks to queue
[2022-11-21T22:07:21.967-0300] {logging_mixin.py:115} INFO - [2022-11-21T22:07:21.966-0300] {dagbag.py:508} INFO - Filling up the DagBag from /home/juliana/Área de Trabalho/datapipeline/.env/lib/python3.8/site-packages/airflow/example_dags/subdags/subdag.py
[2022-11-21T22:07:21.969-0300] {processor.py:652} WARNING - No viable dags retrieved from /home/juliana/Área de Trabalho/datapipeline/.env/lib/python3.8/site-packages/airflow/example_dags/subdags/subdag.py
[2022-11-21T22:07:21.987-0300] {processor.py:161} INFO - Processing /home/juliana/Área de Trabalho/datapipeline/.env/lib/python3.8/site-packages/airflow/example_dags/subdags/subdag.py took 0.042 seconds
[2022-11-21T22:08:00.913-0300] {processor.py:153} INFO - Started process (PID=4229) to work on /home/juliana/Área de Trabalho/datapipeline/.env/lib/python3.8/site-packages/airflow/example_dags/subdags/subdag.py
[2022-11-21T22:08:00.915-0300] {processor.py:640} INFO - Processing file /home/juliana/Área de Trabalho/datapipeline/.env/lib/python3.8/site-packages/airflow/example_dags/subdags/subdag.py for tasks to queue
[2022-11-21T22:08:00.916-0300] {logging_mixin.py:115} INFO - [2022-11-21T22:08:00.916-0300] {dagbag.py:508} INFO - Filling up the DagBag from /home/juliana/Área de Trabalho/datapipeline/.env/lib/python3.8/site-packages/airflow/example_dags/subdags/subdag.py
[2022-11-21T22:08:00.918-0300] {processor.py:652} WARNING - No viable dags retrieved from /home/juliana/Área de Trabalho/datapipeline/.env/lib/python3.8/site-packages/airflow/example_dags/subdags/subdag.py
[2022-11-21T22:08:00.933-0300] {processor.py:161} INFO - Processing /home/juliana/Área de Trabalho/datapipeline/.env/lib/python3.8/site-packages/airflow/example_dags/subdags/subdag.py took 0.026 seconds
[2022-11-21T22:08:36.740-0300] {processor.py:153} INFO - Started process (PID=4441) to work on /home/juliana/Área de Trabalho/datapipeline/.env/lib/python3.8/site-packages/airflow/example_dags/subdags/subdag.py
[2022-11-21T22:08:36.745-0300] {processor.py:640} INFO - Processing file /home/juliana/Área de Trabalho/datapipeline/.env/lib/python3.8/site-packages/airflow/example_dags/subdags/subdag.py for tasks to queue
[2022-11-21T22:08:36.746-0300] {logging_mixin.py:115} INFO - [2022-11-21T22:08:36.746-0300] {dagbag.py:508} INFO - Filling up the DagBag from /home/juliana/Área de Trabalho/datapipeline/.env/lib/python3.8/site-packages/airflow/example_dags/subdags/subdag.py
[2022-11-21T22:08:36.748-0300] {processor.py:652} WARNING - No viable dags retrieved from /home/juliana/Área de Trabalho/datapipeline/.env/lib/python3.8/site-packages/airflow/example_dags/subdags/subdag.py
[2022-11-21T22:08:36.761-0300] {processor.py:161} INFO - Processing /home/juliana/Área de Trabalho/datapipeline/.env/lib/python3.8/site-packages/airflow/example_dags/subdags/subdag.py took 0.024 seconds
[2022-11-21T22:09:13.361-0300] {processor.py:153} INFO - Started process (PID=4686) to work on /home/juliana/Área de Trabalho/datapipeline/.env/lib/python3.8/site-packages/airflow/example_dags/subdags/subdag.py
[2022-11-21T22:09:13.367-0300] {processor.py:640} INFO - Processing file /home/juliana/Área de Trabalho/datapipeline/.env/lib/python3.8/site-packages/airflow/example_dags/subdags/subdag.py for tasks to queue
[2022-11-21T22:09:13.369-0300] {logging_mixin.py:115} INFO - [2022-11-21T22:09:13.369-0300] {dagbag.py:508} INFO - Filling up the DagBag from /home/juliana/Área de Trabalho/datapipeline/.env/lib/python3.8/site-packages/airflow/example_dags/subdags/subdag.py
[2022-11-21T22:09:13.372-0300] {processor.py:652} WARNING - No viable dags retrieved from /home/juliana/Área de Trabalho/datapipeline/.env/lib/python3.8/site-packages/airflow/example_dags/subdags/subdag.py
[2022-11-21T22:09:13.389-0300] {processor.py:161} INFO - Processing /home/juliana/Área de Trabalho/datapipeline/.env/lib/python3.8/site-packages/airflow/example_dags/subdags/subdag.py took 0.033 seconds
[2022-11-21T22:09:48.993-0300] {processor.py:153} INFO - Started process (PID=5019) to work on /home/juliana/Área de Trabalho/datapipeline/.env/lib/python3.8/site-packages/airflow/example_dags/subdags/subdag.py
[2022-11-21T22:09:48.994-0300] {processor.py:640} INFO - Processing file /home/juliana/Área de Trabalho/datapipeline/.env/lib/python3.8/site-packages/airflow/example_dags/subdags/subdag.py for tasks to queue
[2022-11-21T22:09:48.995-0300] {logging_mixin.py:115} INFO - [2022-11-21T22:09:48.995-0300] {dagbag.py:508} INFO - Filling up the DagBag from /home/juliana/Área de Trabalho/datapipeline/.env/lib/python3.8/site-packages/airflow/example_dags/subdags/subdag.py
[2022-11-21T22:09:48.999-0300] {processor.py:652} WARNING - No viable dags retrieved from /home/juliana/Área de Trabalho/datapipeline/.env/lib/python3.8/site-packages/airflow/example_dags/subdags/subdag.py
[2022-11-21T22:09:49.020-0300] {processor.py:161} INFO - Processing /home/juliana/Área de Trabalho/datapipeline/.env/lib/python3.8/site-packages/airflow/example_dags/subdags/subdag.py took 0.035 seconds
[2022-11-21T22:10:25.926-0300] {processor.py:153} INFO - Started process (PID=5075) to work on /home/juliana/Área de Trabalho/datapipeline/.env/lib/python3.8/site-packages/airflow/example_dags/subdags/subdag.py
[2022-11-21T22:10:25.927-0300] {processor.py:640} INFO - Processing file /home/juliana/Área de Trabalho/datapipeline/.env/lib/python3.8/site-packages/airflow/example_dags/subdags/subdag.py for tasks to queue
[2022-11-21T22:10:25.928-0300] {logging_mixin.py:115} INFO - [2022-11-21T22:10:25.928-0300] {dagbag.py:508} INFO - Filling up the DagBag from /home/juliana/Área de Trabalho/datapipeline/.env/lib/python3.8/site-packages/airflow/example_dags/subdags/subdag.py
[2022-11-21T22:10:25.930-0300] {processor.py:652} WARNING - No viable dags retrieved from /home/juliana/Área de Trabalho/datapipeline/.env/lib/python3.8/site-packages/airflow/example_dags/subdags/subdag.py
[2022-11-21T22:10:25.949-0300] {processor.py:161} INFO - Processing /home/juliana/Área de Trabalho/datapipeline/.env/lib/python3.8/site-packages/airflow/example_dags/subdags/subdag.py took 0.028 seconds
[2022-11-21T22:11:06.021-0300] {processor.py:153} INFO - Started process (PID=5495) to work on /home/juliana/Área de Trabalho/datapipeline/.env/lib/python3.8/site-packages/airflow/example_dags/subdags/subdag.py
[2022-11-21T22:11:06.027-0300] {processor.py:640} INFO - Processing file /home/juliana/Área de Trabalho/datapipeline/.env/lib/python3.8/site-packages/airflow/example_dags/subdags/subdag.py for tasks to queue
[2022-11-21T22:11:06.027-0300] {logging_mixin.py:115} INFO - [2022-11-21T22:11:06.027-0300] {dagbag.py:508} INFO - Filling up the DagBag from /home/juliana/Área de Trabalho/datapipeline/.env/lib/python3.8/site-packages/airflow/example_dags/subdags/subdag.py
[2022-11-21T22:11:06.029-0300] {processor.py:652} WARNING - No viable dags retrieved from /home/juliana/Área de Trabalho/datapipeline/.env/lib/python3.8/site-packages/airflow/example_dags/subdags/subdag.py
[2022-11-21T22:11:06.047-0300] {processor.py:161} INFO - Processing /home/juliana/Área de Trabalho/datapipeline/.env/lib/python3.8/site-packages/airflow/example_dags/subdags/subdag.py took 0.031 seconds
[2022-11-21T22:11:43.328-0300] {processor.py:153} INFO - Started process (PID=5912) to work on /home/juliana/Área de Trabalho/datapipeline/.env/lib/python3.8/site-packages/airflow/example_dags/subdags/subdag.py
[2022-11-21T22:11:43.335-0300] {processor.py:640} INFO - Processing file /home/juliana/Área de Trabalho/datapipeline/.env/lib/python3.8/site-packages/airflow/example_dags/subdags/subdag.py for tasks to queue
[2022-11-21T22:11:43.335-0300] {logging_mixin.py:115} INFO - [2022-11-21T22:11:43.335-0300] {dagbag.py:508} INFO - Filling up the DagBag from /home/juliana/Área de Trabalho/datapipeline/.env/lib/python3.8/site-packages/airflow/example_dags/subdags/subdag.py
[2022-11-21T22:11:43.338-0300] {processor.py:652} WARNING - No viable dags retrieved from /home/juliana/Área de Trabalho/datapipeline/.env/lib/python3.8/site-packages/airflow/example_dags/subdags/subdag.py
[2022-11-21T22:11:43.369-0300] {processor.py:161} INFO - Processing /home/juliana/Área de Trabalho/datapipeline/.env/lib/python3.8/site-packages/airflow/example_dags/subdags/subdag.py took 0.045 seconds
[2022-11-21T22:12:18.510-0300] {processor.py:153} INFO - Started process (PID=5949) to work on /home/juliana/Área de Trabalho/datapipeline/.env/lib/python3.8/site-packages/airflow/example_dags/subdags/subdag.py
[2022-11-21T22:12:18.511-0300] {processor.py:640} INFO - Processing file /home/juliana/Área de Trabalho/datapipeline/.env/lib/python3.8/site-packages/airflow/example_dags/subdags/subdag.py for tasks to queue
[2022-11-21T22:12:18.511-0300] {logging_mixin.py:115} INFO - [2022-11-21T22:12:18.511-0300] {dagbag.py:508} INFO - Filling up the DagBag from /home/juliana/Área de Trabalho/datapipeline/.env/lib/python3.8/site-packages/airflow/example_dags/subdags/subdag.py
[2022-11-21T22:12:18.515-0300] {processor.py:652} WARNING - No viable dags retrieved from /home/juliana/Área de Trabalho/datapipeline/.env/lib/python3.8/site-packages/airflow/example_dags/subdags/subdag.py
[2022-11-21T22:12:18.526-0300] {processor.py:161} INFO - Processing /home/juliana/Área de Trabalho/datapipeline/.env/lib/python3.8/site-packages/airflow/example_dags/subdags/subdag.py took 0.019 seconds
[2022-11-21T22:12:57.722-0300] {processor.py:153} INFO - Started process (PID=6000) to work on /home/juliana/Área de Trabalho/datapipeline/.env/lib/python3.8/site-packages/airflow/example_dags/subdags/subdag.py
[2022-11-21T22:12:57.723-0300] {processor.py:640} INFO - Processing file /home/juliana/Área de Trabalho/datapipeline/.env/lib/python3.8/site-packages/airflow/example_dags/subdags/subdag.py for tasks to queue
[2022-11-21T22:12:57.724-0300] {logging_mixin.py:115} INFO - [2022-11-21T22:12:57.724-0300] {dagbag.py:508} INFO - Filling up the DagBag from /home/juliana/Área de Trabalho/datapipeline/.env/lib/python3.8/site-packages/airflow/example_dags/subdags/subdag.py
[2022-11-21T22:12:57.726-0300] {processor.py:652} WARNING - No viable dags retrieved from /home/juliana/Área de Trabalho/datapipeline/.env/lib/python3.8/site-packages/airflow/example_dags/subdags/subdag.py
[2022-11-21T22:12:57.740-0300] {processor.py:161} INFO - Processing /home/juliana/Área de Trabalho/datapipeline/.env/lib/python3.8/site-packages/airflow/example_dags/subdags/subdag.py took 0.024 seconds
[2022-11-21T22:13:34.271-0300] {processor.py:153} INFO - Started process (PID=6036) to work on /home/juliana/Área de Trabalho/datapipeline/.env/lib/python3.8/site-packages/airflow/example_dags/subdags/subdag.py
[2022-11-21T22:13:34.272-0300] {processor.py:640} INFO - Processing file /home/juliana/Área de Trabalho/datapipeline/.env/lib/python3.8/site-packages/airflow/example_dags/subdags/subdag.py for tasks to queue
[2022-11-21T22:13:34.273-0300] {logging_mixin.py:115} INFO - [2022-11-21T22:13:34.273-0300] {dagbag.py:508} INFO - Filling up the DagBag from /home/juliana/Área de Trabalho/datapipeline/.env/lib/python3.8/site-packages/airflow/example_dags/subdags/subdag.py
[2022-11-21T22:13:34.274-0300] {processor.py:652} WARNING - No viable dags retrieved from /home/juliana/Área de Trabalho/datapipeline/.env/lib/python3.8/site-packages/airflow/example_dags/subdags/subdag.py
[2022-11-21T22:13:34.284-0300] {processor.py:161} INFO - Processing /home/juliana/Área de Trabalho/datapipeline/.env/lib/python3.8/site-packages/airflow/example_dags/subdags/subdag.py took 0.016 seconds
[2022-11-21T22:14:08.493-0300] {processor.py:153} INFO - Started process (PID=6071) to work on /home/juliana/Área de Trabalho/datapipeline/.env/lib/python3.8/site-packages/airflow/example_dags/subdags/subdag.py
[2022-11-21T22:14:08.495-0300] {processor.py:640} INFO - Processing file /home/juliana/Área de Trabalho/datapipeline/.env/lib/python3.8/site-packages/airflow/example_dags/subdags/subdag.py for tasks to queue
[2022-11-21T22:14:08.495-0300] {logging_mixin.py:115} INFO - [2022-11-21T22:14:08.495-0300] {dagbag.py:508} INFO - Filling up the DagBag from /home/juliana/Área de Trabalho/datapipeline/.env/lib/python3.8/site-packages/airflow/example_dags/subdags/subdag.py
[2022-11-21T22:14:08.497-0300] {processor.py:652} WARNING - No viable dags retrieved from /home/juliana/Área de Trabalho/datapipeline/.env/lib/python3.8/site-packages/airflow/example_dags/subdags/subdag.py
[2022-11-21T22:14:08.510-0300] {processor.py:161} INFO - Processing /home/juliana/Área de Trabalho/datapipeline/.env/lib/python3.8/site-packages/airflow/example_dags/subdags/subdag.py took 0.020 seconds
[2022-11-21T22:14:46.688-0300] {processor.py:153} INFO - Started process (PID=6109) to work on /home/juliana/Área de Trabalho/datapipeline/.env/lib/python3.8/site-packages/airflow/example_dags/subdags/subdag.py
[2022-11-21T22:14:46.689-0300] {processor.py:640} INFO - Processing file /home/juliana/Área de Trabalho/datapipeline/.env/lib/python3.8/site-packages/airflow/example_dags/subdags/subdag.py for tasks to queue
[2022-11-21T22:14:46.690-0300] {logging_mixin.py:115} INFO - [2022-11-21T22:14:46.690-0300] {dagbag.py:508} INFO - Filling up the DagBag from /home/juliana/Área de Trabalho/datapipeline/.env/lib/python3.8/site-packages/airflow/example_dags/subdags/subdag.py
[2022-11-21T22:14:46.692-0300] {processor.py:652} WARNING - No viable dags retrieved from /home/juliana/Área de Trabalho/datapipeline/.env/lib/python3.8/site-packages/airflow/example_dags/subdags/subdag.py
[2022-11-21T22:14:46.706-0300] {processor.py:161} INFO - Processing /home/juliana/Área de Trabalho/datapipeline/.env/lib/python3.8/site-packages/airflow/example_dags/subdags/subdag.py took 0.023 seconds
[2022-11-21T22:15:22.991-0300] {processor.py:153} INFO - Started process (PID=6145) to work on /home/juliana/Área de Trabalho/datapipeline/.env/lib/python3.8/site-packages/airflow/example_dags/subdags/subdag.py
[2022-11-21T22:15:22.993-0300] {processor.py:640} INFO - Processing file /home/juliana/Área de Trabalho/datapipeline/.env/lib/python3.8/site-packages/airflow/example_dags/subdags/subdag.py for tasks to queue
[2022-11-21T22:15:22.994-0300] {logging_mixin.py:115} INFO - [2022-11-21T22:15:22.994-0300] {dagbag.py:508} INFO - Filling up the DagBag from /home/juliana/Área de Trabalho/datapipeline/.env/lib/python3.8/site-packages/airflow/example_dags/subdags/subdag.py
[2022-11-21T22:15:22.996-0300] {processor.py:652} WARNING - No viable dags retrieved from /home/juliana/Área de Trabalho/datapipeline/.env/lib/python3.8/site-packages/airflow/example_dags/subdags/subdag.py
[2022-11-21T22:15:23.011-0300] {processor.py:161} INFO - Processing /home/juliana/Área de Trabalho/datapipeline/.env/lib/python3.8/site-packages/airflow/example_dags/subdags/subdag.py took 0.027 seconds
[2022-11-21T22:15:58.496-0300] {processor.py:153} INFO - Started process (PID=6181) to work on /home/juliana/Área de Trabalho/datapipeline/.env/lib/python3.8/site-packages/airflow/example_dags/subdags/subdag.py
[2022-11-21T22:15:58.499-0300] {processor.py:640} INFO - Processing file /home/juliana/Área de Trabalho/datapipeline/.env/lib/python3.8/site-packages/airflow/example_dags/subdags/subdag.py for tasks to queue
[2022-11-21T22:15:58.500-0300] {logging_mixin.py:115} INFO - [2022-11-21T22:15:58.500-0300] {dagbag.py:508} INFO - Filling up the DagBag from /home/juliana/Área de Trabalho/datapipeline/.env/lib/python3.8/site-packages/airflow/example_dags/subdags/subdag.py
[2022-11-21T22:15:58.502-0300] {processor.py:652} WARNING - No viable dags retrieved from /home/juliana/Área de Trabalho/datapipeline/.env/lib/python3.8/site-packages/airflow/example_dags/subdags/subdag.py
[2022-11-21T22:15:58.525-0300] {processor.py:161} INFO - Processing /home/juliana/Área de Trabalho/datapipeline/.env/lib/python3.8/site-packages/airflow/example_dags/subdags/subdag.py took 0.032 seconds
[2022-11-21T22:16:37.710-0300] {processor.py:153} INFO - Started process (PID=6225) to work on /home/juliana/Área de Trabalho/datapipeline/.env/lib/python3.8/site-packages/airflow/example_dags/subdags/subdag.py
[2022-11-21T22:16:37.711-0300] {processor.py:640} INFO - Processing file /home/juliana/Área de Trabalho/datapipeline/.env/lib/python3.8/site-packages/airflow/example_dags/subdags/subdag.py for tasks to queue
[2022-11-21T22:16:37.712-0300] {logging_mixin.py:115} INFO - [2022-11-21T22:16:37.712-0300] {dagbag.py:508} INFO - Filling up the DagBag from /home/juliana/Área de Trabalho/datapipeline/.env/lib/python3.8/site-packages/airflow/example_dags/subdags/subdag.py
[2022-11-21T22:16:37.714-0300] {processor.py:652} WARNING - No viable dags retrieved from /home/juliana/Área de Trabalho/datapipeline/.env/lib/python3.8/site-packages/airflow/example_dags/subdags/subdag.py
[2022-11-21T22:16:37.727-0300] {processor.py:161} INFO - Processing /home/juliana/Área de Trabalho/datapipeline/.env/lib/python3.8/site-packages/airflow/example_dags/subdags/subdag.py took 0.022 seconds
