[2022-11-18T16:28:37.271-0300] {processor.py:153} INFO - Started process (PID=4696) to work on /home/juliana/Área de Trabalho/datapipeline/.env/lib/python3.8/site-packages/airflow/example_dags/subdags/subdag.py
[2022-11-18T16:28:37.302-0300] {processor.py:640} INFO - Processing file /home/juliana/Área de Trabalho/datapipeline/.env/lib/python3.8/site-packages/airflow/example_dags/subdags/subdag.py for tasks to queue
[2022-11-18T16:28:37.303-0300] {logging_mixin.py:115} INFO - [2022-11-18T16:28:37.302-0300] {dagbag.py:508} INFO - Filling up the DagBag from /home/juliana/Área de Trabalho/datapipeline/.env/lib/python3.8/site-packages/airflow/example_dags/subdags/subdag.py
[2022-11-18T16:28:37.439-0300] {processor.py:652} WARNING - No viable dags retrieved from /home/juliana/Área de Trabalho/datapipeline/.env/lib/python3.8/site-packages/airflow/example_dags/subdags/subdag.py
[2022-11-18T16:28:37.693-0300] {processor.py:161} INFO - Processing /home/juliana/Área de Trabalho/datapipeline/.env/lib/python3.8/site-packages/airflow/example_dags/subdags/subdag.py took 0.471 seconds
[2022-11-18T16:39:41.402-0300] {processor.py:153} INFO - Started process (PID=4937) to work on /home/juliana/Área de Trabalho/datapipeline/.env/lib/python3.8/site-packages/airflow/example_dags/subdags/subdag.py
[2022-11-18T16:39:41.506-0300] {processor.py:640} INFO - Processing file /home/juliana/Área de Trabalho/datapipeline/.env/lib/python3.8/site-packages/airflow/example_dags/subdags/subdag.py for tasks to queue
[2022-11-18T16:39:42.033-0300] {logging_mixin.py:115} INFO - [2022-11-18T16:39:41.844-0300] {dagbag.py:508} INFO - Filling up the DagBag from /home/juliana/Área de Trabalho/datapipeline/.env/lib/python3.8/site-packages/airflow/example_dags/subdags/subdag.py
[2022-11-18T16:39:42.405-0300] {processor.py:652} WARNING - No viable dags retrieved from /home/juliana/Área de Trabalho/datapipeline/.env/lib/python3.8/site-packages/airflow/example_dags/subdags/subdag.py
[2022-11-18T16:39:42.627-0300] {processor.py:161} INFO - Processing /home/juliana/Área de Trabalho/datapipeline/.env/lib/python3.8/site-packages/airflow/example_dags/subdags/subdag.py took 1.292 seconds
[2022-11-18T16:57:12.472-0300] {processor.py:153} INFO - Started process (PID=2302) to work on /home/juliana/Área de Trabalho/datapipeline/.env/lib/python3.8/site-packages/airflow/example_dags/subdags/subdag.py
[2022-11-18T16:57:12.476-0300] {processor.py:640} INFO - Processing file /home/juliana/Área de Trabalho/datapipeline/.env/lib/python3.8/site-packages/airflow/example_dags/subdags/subdag.py for tasks to queue
[2022-11-18T16:57:12.476-0300] {logging_mixin.py:115} INFO - [2022-11-18T16:57:12.476-0300] {dagbag.py:508} INFO - Filling up the DagBag from /home/juliana/Área de Trabalho/datapipeline/.env/lib/python3.8/site-packages/airflow/example_dags/subdags/subdag.py
[2022-11-18T16:57:12.487-0300] {processor.py:652} WARNING - No viable dags retrieved from /home/juliana/Área de Trabalho/datapipeline/.env/lib/python3.8/site-packages/airflow/example_dags/subdags/subdag.py
[2022-11-18T16:57:12.515-0300] {processor.py:161} INFO - Processing /home/juliana/Área de Trabalho/datapipeline/.env/lib/python3.8/site-packages/airflow/example_dags/subdags/subdag.py took 0.046 seconds
[2022-11-18T16:57:49.392-0300] {processor.py:153} INFO - Started process (PID=2570) to work on /home/juliana/Área de Trabalho/datapipeline/.env/lib/python3.8/site-packages/airflow/example_dags/subdags/subdag.py
[2022-11-18T16:57:49.396-0300] {processor.py:640} INFO - Processing file /home/juliana/Área de Trabalho/datapipeline/.env/lib/python3.8/site-packages/airflow/example_dags/subdags/subdag.py for tasks to queue
[2022-11-18T16:57:49.401-0300] {logging_mixin.py:115} INFO - [2022-11-18T16:57:49.401-0300] {dagbag.py:508} INFO - Filling up the DagBag from /home/juliana/Área de Trabalho/datapipeline/.env/lib/python3.8/site-packages/airflow/example_dags/subdags/subdag.py
[2022-11-18T16:57:49.410-0300] {processor.py:652} WARNING - No viable dags retrieved from /home/juliana/Área de Trabalho/datapipeline/.env/lib/python3.8/site-packages/airflow/example_dags/subdags/subdag.py
[2022-11-18T16:57:49.431-0300] {processor.py:161} INFO - Processing /home/juliana/Área de Trabalho/datapipeline/.env/lib/python3.8/site-packages/airflow/example_dags/subdags/subdag.py took 0.043 seconds
[2022-11-18T16:58:24.368-0300] {processor.py:153} INFO - Started process (PID=2808) to work on /home/juliana/Área de Trabalho/datapipeline/.env/lib/python3.8/site-packages/airflow/example_dags/subdags/subdag.py
[2022-11-18T16:58:24.373-0300] {processor.py:640} INFO - Processing file /home/juliana/Área de Trabalho/datapipeline/.env/lib/python3.8/site-packages/airflow/example_dags/subdags/subdag.py for tasks to queue
[2022-11-18T16:58:24.374-0300] {logging_mixin.py:115} INFO - [2022-11-18T16:58:24.374-0300] {dagbag.py:508} INFO - Filling up the DagBag from /home/juliana/Área de Trabalho/datapipeline/.env/lib/python3.8/site-packages/airflow/example_dags/subdags/subdag.py
[2022-11-18T16:58:24.376-0300] {processor.py:652} WARNING - No viable dags retrieved from /home/juliana/Área de Trabalho/datapipeline/.env/lib/python3.8/site-packages/airflow/example_dags/subdags/subdag.py
[2022-11-18T16:58:24.388-0300] {processor.py:161} INFO - Processing /home/juliana/Área de Trabalho/datapipeline/.env/lib/python3.8/site-packages/airflow/example_dags/subdags/subdag.py took 0.024 seconds
[2022-11-18T16:59:00.759-0300] {processor.py:153} INFO - Started process (PID=3041) to work on /home/juliana/Área de Trabalho/datapipeline/.env/lib/python3.8/site-packages/airflow/example_dags/subdags/subdag.py
[2022-11-18T16:59:00.761-0300] {processor.py:640} INFO - Processing file /home/juliana/Área de Trabalho/datapipeline/.env/lib/python3.8/site-packages/airflow/example_dags/subdags/subdag.py for tasks to queue
[2022-11-18T16:59:00.762-0300] {logging_mixin.py:115} INFO - [2022-11-18T16:59:00.761-0300] {dagbag.py:508} INFO - Filling up the DagBag from /home/juliana/Área de Trabalho/datapipeline/.env/lib/python3.8/site-packages/airflow/example_dags/subdags/subdag.py
[2022-11-18T16:59:00.764-0300] {processor.py:652} WARNING - No viable dags retrieved from /home/juliana/Área de Trabalho/datapipeline/.env/lib/python3.8/site-packages/airflow/example_dags/subdags/subdag.py
[2022-11-18T16:59:00.778-0300] {processor.py:161} INFO - Processing /home/juliana/Área de Trabalho/datapipeline/.env/lib/python3.8/site-packages/airflow/example_dags/subdags/subdag.py took 0.025 seconds
[2022-11-18T16:59:37.008-0300] {processor.py:153} INFO - Started process (PID=3259) to work on /home/juliana/Área de Trabalho/datapipeline/.env/lib/python3.8/site-packages/airflow/example_dags/subdags/subdag.py
[2022-11-18T16:59:37.010-0300] {processor.py:640} INFO - Processing file /home/juliana/Área de Trabalho/datapipeline/.env/lib/python3.8/site-packages/airflow/example_dags/subdags/subdag.py for tasks to queue
[2022-11-18T16:59:37.011-0300] {logging_mixin.py:115} INFO - [2022-11-18T16:59:37.011-0300] {dagbag.py:508} INFO - Filling up the DagBag from /home/juliana/Área de Trabalho/datapipeline/.env/lib/python3.8/site-packages/airflow/example_dags/subdags/subdag.py
[2022-11-18T16:59:37.013-0300] {processor.py:652} WARNING - No viable dags retrieved from /home/juliana/Área de Trabalho/datapipeline/.env/lib/python3.8/site-packages/airflow/example_dags/subdags/subdag.py
[2022-11-18T16:59:37.026-0300] {processor.py:161} INFO - Processing /home/juliana/Área de Trabalho/datapipeline/.env/lib/python3.8/site-packages/airflow/example_dags/subdags/subdag.py took 0.023 seconds
[2022-11-18T17:00:14.156-0300] {processor.py:153} INFO - Started process (PID=3481) to work on /home/juliana/Área de Trabalho/datapipeline/.env/lib/python3.8/site-packages/airflow/example_dags/subdags/subdag.py
[2022-11-18T17:00:14.157-0300] {processor.py:640} INFO - Processing file /home/juliana/Área de Trabalho/datapipeline/.env/lib/python3.8/site-packages/airflow/example_dags/subdags/subdag.py for tasks to queue
[2022-11-18T17:00:14.158-0300] {logging_mixin.py:115} INFO - [2022-11-18T17:00:14.158-0300] {dagbag.py:508} INFO - Filling up the DagBag from /home/juliana/Área de Trabalho/datapipeline/.env/lib/python3.8/site-packages/airflow/example_dags/subdags/subdag.py
[2022-11-18T17:00:14.160-0300] {processor.py:652} WARNING - No viable dags retrieved from /home/juliana/Área de Trabalho/datapipeline/.env/lib/python3.8/site-packages/airflow/example_dags/subdags/subdag.py
[2022-11-18T17:00:14.174-0300] {processor.py:161} INFO - Processing /home/juliana/Área de Trabalho/datapipeline/.env/lib/python3.8/site-packages/airflow/example_dags/subdags/subdag.py took 0.024 seconds
[2022-11-18T17:00:48.683-0300] {processor.py:153} INFO - Started process (PID=3542) to work on /home/juliana/Área de Trabalho/datapipeline/.env/lib/python3.8/site-packages/airflow/example_dags/subdags/subdag.py
[2022-11-18T17:00:48.685-0300] {processor.py:640} INFO - Processing file /home/juliana/Área de Trabalho/datapipeline/.env/lib/python3.8/site-packages/airflow/example_dags/subdags/subdag.py for tasks to queue
[2022-11-18T17:00:48.686-0300] {logging_mixin.py:115} INFO - [2022-11-18T17:00:48.686-0300] {dagbag.py:508} INFO - Filling up the DagBag from /home/juliana/Área de Trabalho/datapipeline/.env/lib/python3.8/site-packages/airflow/example_dags/subdags/subdag.py
[2022-11-18T17:00:48.688-0300] {processor.py:652} WARNING - No viable dags retrieved from /home/juliana/Área de Trabalho/datapipeline/.env/lib/python3.8/site-packages/airflow/example_dags/subdags/subdag.py
[2022-11-18T17:00:48.703-0300] {processor.py:161} INFO - Processing /home/juliana/Área de Trabalho/datapipeline/.env/lib/python3.8/site-packages/airflow/example_dags/subdags/subdag.py took 0.027 seconds
