[2022-11-21T21:13:12.266-0300] {processor.py:153} INFO - Started process (PID=3087) to work on /home/juliana/Área de Trabalho/datapipeline/.env/lib/python3.8/site-packages/airflow/example_dags/example_skip_dag.py
[2022-11-21T21:13:12.267-0300] {processor.py:640} INFO - Processing file /home/juliana/Área de Trabalho/datapipeline/.env/lib/python3.8/site-packages/airflow/example_dags/example_skip_dag.py for tasks to queue
[2022-11-21T21:13:12.268-0300] {logging_mixin.py:115} INFO - [2022-11-21T21:13:12.267-0300] {dagbag.py:508} INFO - Filling up the DagBag from /home/juliana/Área de Trabalho/datapipeline/.env/lib/python3.8/site-packages/airflow/example_dags/example_skip_dag.py
[2022-11-21T21:13:12.284-0300] {processor.py:650} INFO - DAG(s) dict_keys(['example_skip_dag']) retrieved from /home/juliana/Área de Trabalho/datapipeline/.env/lib/python3.8/site-packages/airflow/example_dags/example_skip_dag.py
[2022-11-21T21:13:12.320-0300] {logging_mixin.py:115} INFO - [2022-11-21T21:13:12.320-0300] {dag.py:2429} INFO - Sync 1 DAGs
[2022-11-21T21:13:12.365-0300] {logging_mixin.py:115} INFO - [2022-11-21T21:13:12.365-0300] {dag.py:2977} INFO - Setting next_dagrun for example_skip_dag to 2022-11-21T00:13:12.365310+00:00, run_after=2022-11-22T00:13:12.365310+00:00
[2022-11-21T21:13:12.381-0300] {processor.py:161} INFO - Processing /home/juliana/Área de Trabalho/datapipeline/.env/lib/python3.8/site-packages/airflow/example_dags/example_skip_dag.py took 0.120 seconds
[2022-11-21T21:13:49.534-0300] {processor.py:153} INFO - Started process (PID=3146) to work on /home/juliana/Área de Trabalho/datapipeline/.env/lib/python3.8/site-packages/airflow/example_dags/example_skip_dag.py
[2022-11-21T21:13:49.540-0300] {processor.py:640} INFO - Processing file /home/juliana/Área de Trabalho/datapipeline/.env/lib/python3.8/site-packages/airflow/example_dags/example_skip_dag.py for tasks to queue
[2022-11-21T21:13:49.540-0300] {logging_mixin.py:115} INFO - [2022-11-21T21:13:49.540-0300] {dagbag.py:508} INFO - Filling up the DagBag from /home/juliana/Área de Trabalho/datapipeline/.env/lib/python3.8/site-packages/airflow/example_dags/example_skip_dag.py
[2022-11-21T21:13:49.559-0300] {processor.py:650} INFO - DAG(s) dict_keys(['example_skip_dag']) retrieved from /home/juliana/Área de Trabalho/datapipeline/.env/lib/python3.8/site-packages/airflow/example_dags/example_skip_dag.py
[2022-11-21T21:13:49.577-0300] {logging_mixin.py:115} INFO - [2022-11-21T21:13:49.577-0300] {dag.py:2429} INFO - Sync 1 DAGs
[2022-11-21T21:13:49.613-0300] {logging_mixin.py:115} INFO - [2022-11-21T21:13:49.613-0300] {dag.py:2977} INFO - Setting next_dagrun for example_skip_dag to 2022-11-21T00:13:49.613035+00:00, run_after=2022-11-22T00:13:49.613035+00:00
[2022-11-21T21:13:49.634-0300] {processor.py:161} INFO - Processing /home/juliana/Área de Trabalho/datapipeline/.env/lib/python3.8/site-packages/airflow/example_dags/example_skip_dag.py took 0.105 seconds
[2022-11-21T21:14:36.078-0300] {processor.py:153} INFO - Started process (PID=3446) to work on /home/juliana/Área de Trabalho/datapipeline/.env/lib/python3.8/site-packages/airflow/example_dags/example_skip_dag.py
[2022-11-21T21:14:36.080-0300] {processor.py:640} INFO - Processing file /home/juliana/Área de Trabalho/datapipeline/.env/lib/python3.8/site-packages/airflow/example_dags/example_skip_dag.py for tasks to queue
[2022-11-21T21:14:36.081-0300] {logging_mixin.py:115} INFO - [2022-11-21T21:14:36.081-0300] {dagbag.py:508} INFO - Filling up the DagBag from /home/juliana/Área de Trabalho/datapipeline/.env/lib/python3.8/site-packages/airflow/example_dags/example_skip_dag.py
[2022-11-21T21:14:36.102-0300] {processor.py:650} INFO - DAG(s) dict_keys(['example_skip_dag']) retrieved from /home/juliana/Área de Trabalho/datapipeline/.env/lib/python3.8/site-packages/airflow/example_dags/example_skip_dag.py
[2022-11-21T21:14:36.187-0300] {logging_mixin.py:115} INFO - [2022-11-21T21:14:36.186-0300] {dag.py:2429} INFO - Sync 1 DAGs
[2022-11-21T21:14:36.264-0300] {logging_mixin.py:115} INFO - [2022-11-21T21:14:36.264-0300] {dag.py:2977} INFO - Setting next_dagrun for example_skip_dag to 2022-11-21T00:14:36.260204+00:00, run_after=2022-11-22T00:14:36.260204+00:00
[2022-11-21T21:14:36.294-0300] {processor.py:161} INFO - Processing /home/juliana/Área de Trabalho/datapipeline/.env/lib/python3.8/site-packages/airflow/example_dags/example_skip_dag.py took 0.224 seconds
[2022-11-21T21:15:41.867-0300] {processor.py:153} INFO - Started process (PID=3503) to work on /home/juliana/Área de Trabalho/datapipeline/.env/lib/python3.8/site-packages/airflow/example_dags/example_skip_dag.py
[2022-11-21T21:15:41.873-0300] {processor.py:640} INFO - Processing file /home/juliana/Área de Trabalho/datapipeline/.env/lib/python3.8/site-packages/airflow/example_dags/example_skip_dag.py for tasks to queue
[2022-11-21T21:15:41.875-0300] {logging_mixin.py:115} INFO - [2022-11-21T21:15:41.874-0300] {dagbag.py:508} INFO - Filling up the DagBag from /home/juliana/Área de Trabalho/datapipeline/.env/lib/python3.8/site-packages/airflow/example_dags/example_skip_dag.py
[2022-11-21T21:15:41.938-0300] {processor.py:650} INFO - DAG(s) dict_keys(['example_skip_dag']) retrieved from /home/juliana/Área de Trabalho/datapipeline/.env/lib/python3.8/site-packages/airflow/example_dags/example_skip_dag.py
[2022-11-21T21:15:42.068-0300] {logging_mixin.py:115} INFO - [2022-11-21T21:15:42.068-0300] {dag.py:2429} INFO - Sync 1 DAGs
[2022-11-21T21:15:42.248-0300] {logging_mixin.py:115} INFO - [2022-11-21T21:15:42.223-0300] {dag.py:2977} INFO - Setting next_dagrun for example_skip_dag to 2022-11-21T00:15:42.198313+00:00, run_after=2022-11-22T00:15:42.198313+00:00
[2022-11-21T21:15:42.370-0300] {processor.py:161} INFO - Processing /home/juliana/Área de Trabalho/datapipeline/.env/lib/python3.8/site-packages/airflow/example_dags/example_skip_dag.py took 0.516 seconds
[2022-11-21T21:19:06.204-0300] {processor.py:153} INFO - Started process (PID=3629) to work on /home/juliana/Área de Trabalho/datapipeline/.env/lib/python3.8/site-packages/airflow/example_dags/example_skip_dag.py
[2022-11-21T21:19:06.211-0300] {processor.py:640} INFO - Processing file /home/juliana/Área de Trabalho/datapipeline/.env/lib/python3.8/site-packages/airflow/example_dags/example_skip_dag.py for tasks to queue
[2022-11-21T21:19:06.213-0300] {logging_mixin.py:115} INFO - [2022-11-21T21:19:06.212-0300] {dagbag.py:508} INFO - Filling up the DagBag from /home/juliana/Área de Trabalho/datapipeline/.env/lib/python3.8/site-packages/airflow/example_dags/example_skip_dag.py
[2022-11-21T21:19:06.323-0300] {processor.py:650} INFO - DAG(s) dict_keys(['example_skip_dag']) retrieved from /home/juliana/Área de Trabalho/datapipeline/.env/lib/python3.8/site-packages/airflow/example_dags/example_skip_dag.py
[2022-11-21T21:19:06.577-0300] {logging_mixin.py:115} INFO - [2022-11-21T21:19:06.554-0300] {dag.py:2429} INFO - Sync 1 DAGs
[2022-11-21T21:19:06.819-0300] {logging_mixin.py:115} INFO - [2022-11-21T21:19:06.761-0300] {dag.py:2977} INFO - Setting next_dagrun for example_skip_dag to 2022-11-21T00:19:06.718157+00:00, run_after=2022-11-22T00:19:06.718157+00:00
[2022-11-21T21:19:09.055-0300] {processor.py:161} INFO - Processing /home/juliana/Área de Trabalho/datapipeline/.env/lib/python3.8/site-packages/airflow/example_dags/example_skip_dag.py took 2.871 seconds
[2022-11-21T21:38:31.811-0300] {processor.py:153} INFO - Started process (PID=7771) to work on /home/juliana/Área de Trabalho/datapipeline/.env/lib/python3.8/site-packages/airflow/example_dags/example_skip_dag.py
[2022-11-21T21:38:31.817-0300] {processor.py:640} INFO - Processing file /home/juliana/Área de Trabalho/datapipeline/.env/lib/python3.8/site-packages/airflow/example_dags/example_skip_dag.py for tasks to queue
[2022-11-21T21:38:31.818-0300] {logging_mixin.py:115} INFO - [2022-11-21T21:38:31.818-0300] {dagbag.py:508} INFO - Filling up the DagBag from /home/juliana/Área de Trabalho/datapipeline/.env/lib/python3.8/site-packages/airflow/example_dags/example_skip_dag.py
[2022-11-21T21:38:31.825-0300] {processor.py:650} INFO - DAG(s) dict_keys(['example_skip_dag']) retrieved from /home/juliana/Área de Trabalho/datapipeline/.env/lib/python3.8/site-packages/airflow/example_dags/example_skip_dag.py
[2022-11-21T21:38:31.846-0300] {logging_mixin.py:115} INFO - [2022-11-21T21:38:31.846-0300] {dag.py:2429} INFO - Sync 1 DAGs
[2022-11-21T21:38:31.863-0300] {logging_mixin.py:115} INFO - [2022-11-21T21:38:31.863-0300] {dag.py:2977} INFO - Setting next_dagrun for example_skip_dag to 2022-11-21T00:38:31.863208+00:00, run_after=2022-11-22T00:38:31.863208+00:00
[2022-11-21T21:38:31.878-0300] {processor.py:161} INFO - Processing /home/juliana/Área de Trabalho/datapipeline/.env/lib/python3.8/site-packages/airflow/example_dags/example_skip_dag.py took 0.072 seconds
[2022-11-21T21:39:11.189-0300] {processor.py:153} INFO - Started process (PID=8082) to work on /home/juliana/Área de Trabalho/datapipeline/.env/lib/python3.8/site-packages/airflow/example_dags/example_skip_dag.py
[2022-11-21T21:39:11.196-0300] {processor.py:640} INFO - Processing file /home/juliana/Área de Trabalho/datapipeline/.env/lib/python3.8/site-packages/airflow/example_dags/example_skip_dag.py for tasks to queue
[2022-11-21T21:39:11.197-0300] {logging_mixin.py:115} INFO - [2022-11-21T21:39:11.197-0300] {dagbag.py:508} INFO - Filling up the DagBag from /home/juliana/Área de Trabalho/datapipeline/.env/lib/python3.8/site-packages/airflow/example_dags/example_skip_dag.py
[2022-11-21T21:39:11.202-0300] {processor.py:650} INFO - DAG(s) dict_keys(['example_skip_dag']) retrieved from /home/juliana/Área de Trabalho/datapipeline/.env/lib/python3.8/site-packages/airflow/example_dags/example_skip_dag.py
[2022-11-21T21:39:11.239-0300] {logging_mixin.py:115} INFO - [2022-11-21T21:39:11.235-0300] {dag.py:2429} INFO - Sync 1 DAGs
[2022-11-21T21:39:11.278-0300] {logging_mixin.py:115} INFO - [2022-11-21T21:39:11.278-0300] {dag.py:2977} INFO - Setting next_dagrun for example_skip_dag to 2022-11-21T00:39:11.278335+00:00, run_after=2022-11-22T00:39:11.278335+00:00
[2022-11-21T21:39:11.301-0300] {processor.py:161} INFO - Processing /home/juliana/Área de Trabalho/datapipeline/.env/lib/python3.8/site-packages/airflow/example_dags/example_skip_dag.py took 0.119 seconds
[2022-11-21T21:39:46.353-0300] {processor.py:153} INFO - Started process (PID=8140) to work on /home/juliana/Área de Trabalho/datapipeline/.env/lib/python3.8/site-packages/airflow/example_dags/example_skip_dag.py
[2022-11-21T21:39:46.354-0300] {processor.py:640} INFO - Processing file /home/juliana/Área de Trabalho/datapipeline/.env/lib/python3.8/site-packages/airflow/example_dags/example_skip_dag.py for tasks to queue
[2022-11-21T21:39:46.354-0300] {logging_mixin.py:115} INFO - [2022-11-21T21:39:46.354-0300] {dagbag.py:508} INFO - Filling up the DagBag from /home/juliana/Área de Trabalho/datapipeline/.env/lib/python3.8/site-packages/airflow/example_dags/example_skip_dag.py
[2022-11-21T21:39:46.359-0300] {processor.py:650} INFO - DAG(s) dict_keys(['example_skip_dag']) retrieved from /home/juliana/Área de Trabalho/datapipeline/.env/lib/python3.8/site-packages/airflow/example_dags/example_skip_dag.py
[2022-11-21T21:39:46.374-0300] {logging_mixin.py:115} INFO - [2022-11-21T21:39:46.374-0300] {dag.py:2429} INFO - Sync 1 DAGs
[2022-11-21T21:39:46.390-0300] {logging_mixin.py:115} INFO - [2022-11-21T21:39:46.390-0300] {dag.py:2977} INFO - Setting next_dagrun for example_skip_dag to 2022-11-21T00:39:46.390243+00:00, run_after=2022-11-22T00:39:46.390243+00:00
[2022-11-21T21:39:46.413-0300] {processor.py:161} INFO - Processing /home/juliana/Área de Trabalho/datapipeline/.env/lib/python3.8/site-packages/airflow/example_dags/example_skip_dag.py took 0.063 seconds
[2022-11-21T21:40:23.790-0300] {processor.py:153} INFO - Started process (PID=8459) to work on /home/juliana/Área de Trabalho/datapipeline/.env/lib/python3.8/site-packages/airflow/example_dags/example_skip_dag.py
[2022-11-21T21:40:23.792-0300] {processor.py:640} INFO - Processing file /home/juliana/Área de Trabalho/datapipeline/.env/lib/python3.8/site-packages/airflow/example_dags/example_skip_dag.py for tasks to queue
[2022-11-21T21:40:23.792-0300] {logging_mixin.py:115} INFO - [2022-11-21T21:40:23.792-0300] {dagbag.py:508} INFO - Filling up the DagBag from /home/juliana/Área de Trabalho/datapipeline/.env/lib/python3.8/site-packages/airflow/example_dags/example_skip_dag.py
[2022-11-21T21:40:23.803-0300] {processor.py:650} INFO - DAG(s) dict_keys(['example_skip_dag']) retrieved from /home/juliana/Área de Trabalho/datapipeline/.env/lib/python3.8/site-packages/airflow/example_dags/example_skip_dag.py
[2022-11-21T21:40:23.834-0300] {logging_mixin.py:115} INFO - [2022-11-21T21:40:23.833-0300] {dag.py:2429} INFO - Sync 1 DAGs
[2022-11-21T21:40:23.885-0300] {logging_mixin.py:115} INFO - [2022-11-21T21:40:23.884-0300] {dag.py:2977} INFO - Setting next_dagrun for example_skip_dag to 2022-11-21T00:40:23.882660+00:00, run_after=2022-11-22T00:40:23.882660+00:00
[2022-11-21T21:40:23.905-0300] {processor.py:161} INFO - Processing /home/juliana/Área de Trabalho/datapipeline/.env/lib/python3.8/site-packages/airflow/example_dags/example_skip_dag.py took 0.117 seconds
[2022-11-21T21:41:00.590-0300] {processor.py:153} INFO - Started process (PID=8680) to work on /home/juliana/Área de Trabalho/datapipeline/.env/lib/python3.8/site-packages/airflow/example_dags/example_skip_dag.py
[2022-11-21T21:41:00.596-0300] {processor.py:640} INFO - Processing file /home/juliana/Área de Trabalho/datapipeline/.env/lib/python3.8/site-packages/airflow/example_dags/example_skip_dag.py for tasks to queue
[2022-11-21T21:41:00.598-0300] {logging_mixin.py:115} INFO - [2022-11-21T21:41:00.598-0300] {dagbag.py:508} INFO - Filling up the DagBag from /home/juliana/Área de Trabalho/datapipeline/.env/lib/python3.8/site-packages/airflow/example_dags/example_skip_dag.py
[2022-11-21T21:41:00.610-0300] {processor.py:650} INFO - DAG(s) dict_keys(['example_skip_dag']) retrieved from /home/juliana/Área de Trabalho/datapipeline/.env/lib/python3.8/site-packages/airflow/example_dags/example_skip_dag.py
[2022-11-21T21:41:00.628-0300] {logging_mixin.py:115} INFO - [2022-11-21T21:41:00.628-0300] {dag.py:2429} INFO - Sync 1 DAGs
[2022-11-21T21:41:00.646-0300] {logging_mixin.py:115} INFO - [2022-11-21T21:41:00.646-0300] {dag.py:2977} INFO - Setting next_dagrun for example_skip_dag to 2022-11-21T00:41:00.646228+00:00, run_after=2022-11-22T00:41:00.646228+00:00
[2022-11-21T21:41:00.663-0300] {processor.py:161} INFO - Processing /home/juliana/Área de Trabalho/datapipeline/.env/lib/python3.8/site-packages/airflow/example_dags/example_skip_dag.py took 0.080 seconds
[2022-11-21T21:41:35.352-0300] {processor.py:153} INFO - Started process (PID=8894) to work on /home/juliana/Área de Trabalho/datapipeline/.env/lib/python3.8/site-packages/airflow/example_dags/example_skip_dag.py
[2022-11-21T21:41:35.353-0300] {processor.py:640} INFO - Processing file /home/juliana/Área de Trabalho/datapipeline/.env/lib/python3.8/site-packages/airflow/example_dags/example_skip_dag.py for tasks to queue
[2022-11-21T21:41:35.354-0300] {logging_mixin.py:115} INFO - [2022-11-21T21:41:35.354-0300] {dagbag.py:508} INFO - Filling up the DagBag from /home/juliana/Área de Trabalho/datapipeline/.env/lib/python3.8/site-packages/airflow/example_dags/example_skip_dag.py
[2022-11-21T21:41:35.361-0300] {processor.py:650} INFO - DAG(s) dict_keys(['example_skip_dag']) retrieved from /home/juliana/Área de Trabalho/datapipeline/.env/lib/python3.8/site-packages/airflow/example_dags/example_skip_dag.py
[2022-11-21T21:41:35.377-0300] {logging_mixin.py:115} INFO - [2022-11-21T21:41:35.377-0300] {dag.py:2429} INFO - Sync 1 DAGs
[2022-11-21T21:41:35.393-0300] {logging_mixin.py:115} INFO - [2022-11-21T21:41:35.393-0300] {dag.py:2977} INFO - Setting next_dagrun for example_skip_dag to 2022-11-21T00:41:35.393551+00:00, run_after=2022-11-22T00:41:35.393551+00:00
[2022-11-21T21:41:35.415-0300] {processor.py:161} INFO - Processing /home/juliana/Área de Trabalho/datapipeline/.env/lib/python3.8/site-packages/airflow/example_dags/example_skip_dag.py took 0.068 seconds
[2022-11-21T21:42:11.485-0300] {processor.py:153} INFO - Started process (PID=9109) to work on /home/juliana/Área de Trabalho/datapipeline/.env/lib/python3.8/site-packages/airflow/example_dags/example_skip_dag.py
[2022-11-21T21:42:11.486-0300] {processor.py:640} INFO - Processing file /home/juliana/Área de Trabalho/datapipeline/.env/lib/python3.8/site-packages/airflow/example_dags/example_skip_dag.py for tasks to queue
[2022-11-21T21:42:11.487-0300] {logging_mixin.py:115} INFO - [2022-11-21T21:42:11.487-0300] {dagbag.py:508} INFO - Filling up the DagBag from /home/juliana/Área de Trabalho/datapipeline/.env/lib/python3.8/site-packages/airflow/example_dags/example_skip_dag.py
[2022-11-21T21:42:11.497-0300] {processor.py:650} INFO - DAG(s) dict_keys(['example_skip_dag']) retrieved from /home/juliana/Área de Trabalho/datapipeline/.env/lib/python3.8/site-packages/airflow/example_dags/example_skip_dag.py
[2022-11-21T21:42:11.522-0300] {logging_mixin.py:115} INFO - [2022-11-21T21:42:11.522-0300] {dag.py:2429} INFO - Sync 1 DAGs
[2022-11-21T21:42:11.547-0300] {logging_mixin.py:115} INFO - [2022-11-21T21:42:11.547-0300] {dag.py:2977} INFO - Setting next_dagrun for example_skip_dag to 2022-11-21T00:42:11.546864+00:00, run_after=2022-11-22T00:42:11.546864+00:00
[2022-11-21T21:42:11.567-0300] {processor.py:161} INFO - Processing /home/juliana/Área de Trabalho/datapipeline/.env/lib/python3.8/site-packages/airflow/example_dags/example_skip_dag.py took 0.086 seconds
[2022-11-21T21:42:47.875-0300] {processor.py:153} INFO - Started process (PID=9320) to work on /home/juliana/Área de Trabalho/datapipeline/.env/lib/python3.8/site-packages/airflow/example_dags/example_skip_dag.py
[2022-11-21T21:42:47.877-0300] {processor.py:640} INFO - Processing file /home/juliana/Área de Trabalho/datapipeline/.env/lib/python3.8/site-packages/airflow/example_dags/example_skip_dag.py for tasks to queue
[2022-11-21T21:42:47.878-0300] {logging_mixin.py:115} INFO - [2022-11-21T21:42:47.878-0300] {dagbag.py:508} INFO - Filling up the DagBag from /home/juliana/Área de Trabalho/datapipeline/.env/lib/python3.8/site-packages/airflow/example_dags/example_skip_dag.py
[2022-11-21T21:42:47.885-0300] {processor.py:650} INFO - DAG(s) dict_keys(['example_skip_dag']) retrieved from /home/juliana/Área de Trabalho/datapipeline/.env/lib/python3.8/site-packages/airflow/example_dags/example_skip_dag.py
[2022-11-21T21:42:47.905-0300] {logging_mixin.py:115} INFO - [2022-11-21T21:42:47.905-0300] {dag.py:2429} INFO - Sync 1 DAGs
[2022-11-21T21:42:47.923-0300] {logging_mixin.py:115} INFO - [2022-11-21T21:42:47.923-0300] {dag.py:2977} INFO - Setting next_dagrun for example_skip_dag to 2022-11-21T00:42:47.922788+00:00, run_after=2022-11-22T00:42:47.922788+00:00
[2022-11-21T21:42:47.943-0300] {processor.py:161} INFO - Processing /home/juliana/Área de Trabalho/datapipeline/.env/lib/python3.8/site-packages/airflow/example_dags/example_skip_dag.py took 0.073 seconds
[2022-11-21T21:43:23.756-0300] {processor.py:153} INFO - Started process (PID=9532) to work on /home/juliana/Área de Trabalho/datapipeline/.env/lib/python3.8/site-packages/airflow/example_dags/example_skip_dag.py
[2022-11-21T21:43:23.758-0300] {processor.py:640} INFO - Processing file /home/juliana/Área de Trabalho/datapipeline/.env/lib/python3.8/site-packages/airflow/example_dags/example_skip_dag.py for tasks to queue
[2022-11-21T21:43:23.759-0300] {logging_mixin.py:115} INFO - [2022-11-21T21:43:23.758-0300] {dagbag.py:508} INFO - Filling up the DagBag from /home/juliana/Área de Trabalho/datapipeline/.env/lib/python3.8/site-packages/airflow/example_dags/example_skip_dag.py
[2022-11-21T21:43:23.766-0300] {processor.py:650} INFO - DAG(s) dict_keys(['example_skip_dag']) retrieved from /home/juliana/Área de Trabalho/datapipeline/.env/lib/python3.8/site-packages/airflow/example_dags/example_skip_dag.py
[2022-11-21T21:43:23.785-0300] {logging_mixin.py:115} INFO - [2022-11-21T21:43:23.785-0300] {dag.py:2429} INFO - Sync 1 DAGs
[2022-11-21T21:43:23.802-0300] {logging_mixin.py:115} INFO - [2022-11-21T21:43:23.802-0300] {dag.py:2977} INFO - Setting next_dagrun for example_skip_dag to 2022-11-21T00:43:23.801942+00:00, run_after=2022-11-22T00:43:23.801942+00:00
[2022-11-21T21:43:23.823-0300] {processor.py:161} INFO - Processing /home/juliana/Área de Trabalho/datapipeline/.env/lib/python3.8/site-packages/airflow/example_dags/example_skip_dag.py took 0.073 seconds
[2022-11-21T21:43:58.126-0300] {processor.py:153} INFO - Started process (PID=9674) to work on /home/juliana/Área de Trabalho/datapipeline/.env/lib/python3.8/site-packages/airflow/example_dags/example_skip_dag.py
[2022-11-21T21:43:58.127-0300] {processor.py:640} INFO - Processing file /home/juliana/Área de Trabalho/datapipeline/.env/lib/python3.8/site-packages/airflow/example_dags/example_skip_dag.py for tasks to queue
[2022-11-21T21:43:58.128-0300] {logging_mixin.py:115} INFO - [2022-11-21T21:43:58.128-0300] {dagbag.py:508} INFO - Filling up the DagBag from /home/juliana/Área de Trabalho/datapipeline/.env/lib/python3.8/site-packages/airflow/example_dags/example_skip_dag.py
[2022-11-21T21:43:58.133-0300] {processor.py:650} INFO - DAG(s) dict_keys(['example_skip_dag']) retrieved from /home/juliana/Área de Trabalho/datapipeline/.env/lib/python3.8/site-packages/airflow/example_dags/example_skip_dag.py
[2022-11-21T21:43:58.148-0300] {logging_mixin.py:115} INFO - [2022-11-21T21:43:58.148-0300] {dag.py:2429} INFO - Sync 1 DAGs
[2022-11-21T21:43:58.165-0300] {logging_mixin.py:115} INFO - [2022-11-21T21:43:58.164-0300] {dag.py:2977} INFO - Setting next_dagrun for example_skip_dag to 2022-11-21T00:43:58.164660+00:00, run_after=2022-11-22T00:43:58.164660+00:00
[2022-11-21T21:43:58.187-0300] {processor.py:161} INFO - Processing /home/juliana/Área de Trabalho/datapipeline/.env/lib/python3.8/site-packages/airflow/example_dags/example_skip_dag.py took 0.064 seconds
[2022-11-21T21:44:32.091-0300] {processor.py:153} INFO - Started process (PID=9719) to work on /home/juliana/Área de Trabalho/datapipeline/.env/lib/python3.8/site-packages/airflow/example_dags/example_skip_dag.py
[2022-11-21T21:44:32.100-0300] {processor.py:640} INFO - Processing file /home/juliana/Área de Trabalho/datapipeline/.env/lib/python3.8/site-packages/airflow/example_dags/example_skip_dag.py for tasks to queue
[2022-11-21T21:44:32.101-0300] {logging_mixin.py:115} INFO - [2022-11-21T21:44:32.101-0300] {dagbag.py:508} INFO - Filling up the DagBag from /home/juliana/Área de Trabalho/datapipeline/.env/lib/python3.8/site-packages/airflow/example_dags/example_skip_dag.py
[2022-11-21T21:44:32.110-0300] {processor.py:650} INFO - DAG(s) dict_keys(['example_skip_dag']) retrieved from /home/juliana/Área de Trabalho/datapipeline/.env/lib/python3.8/site-packages/airflow/example_dags/example_skip_dag.py
[2022-11-21T21:44:32.159-0300] {logging_mixin.py:115} INFO - [2022-11-21T21:44:32.159-0300] {dag.py:2429} INFO - Sync 1 DAGs
[2022-11-21T21:44:32.184-0300] {logging_mixin.py:115} INFO - [2022-11-21T21:44:32.184-0300] {dag.py:2977} INFO - Setting next_dagrun for example_skip_dag to 2022-11-21T00:44:32.184114+00:00, run_after=2022-11-22T00:44:32.184114+00:00
[2022-11-21T21:44:32.200-0300] {processor.py:161} INFO - Processing /home/juliana/Área de Trabalho/datapipeline/.env/lib/python3.8/site-packages/airflow/example_dags/example_skip_dag.py took 0.113 seconds
[2022-11-21T21:45:07.164-0300] {processor.py:153} INFO - Started process (PID=9753) to work on /home/juliana/Área de Trabalho/datapipeline/.env/lib/python3.8/site-packages/airflow/example_dags/example_skip_dag.py
[2022-11-21T21:45:07.165-0300] {processor.py:640} INFO - Processing file /home/juliana/Área de Trabalho/datapipeline/.env/lib/python3.8/site-packages/airflow/example_dags/example_skip_dag.py for tasks to queue
[2022-11-21T21:45:07.166-0300] {logging_mixin.py:115} INFO - [2022-11-21T21:45:07.166-0300] {dagbag.py:508} INFO - Filling up the DagBag from /home/juliana/Área de Trabalho/datapipeline/.env/lib/python3.8/site-packages/airflow/example_dags/example_skip_dag.py
[2022-11-21T21:45:07.173-0300] {processor.py:650} INFO - DAG(s) dict_keys(['example_skip_dag']) retrieved from /home/juliana/Área de Trabalho/datapipeline/.env/lib/python3.8/site-packages/airflow/example_dags/example_skip_dag.py
[2022-11-21T21:45:07.194-0300] {logging_mixin.py:115} INFO - [2022-11-21T21:45:07.194-0300] {dag.py:2429} INFO - Sync 1 DAGs
[2022-11-21T21:45:07.213-0300] {logging_mixin.py:115} INFO - [2022-11-21T21:45:07.213-0300] {dag.py:2977} INFO - Setting next_dagrun for example_skip_dag to 2022-11-21T00:45:07.213219+00:00, run_after=2022-11-22T00:45:07.213219+00:00
[2022-11-21T21:45:07.277-0300] {processor.py:161} INFO - Processing /home/juliana/Área de Trabalho/datapipeline/.env/lib/python3.8/site-packages/airflow/example_dags/example_skip_dag.py took 0.117 seconds
[2022-11-21T21:45:44.348-0300] {processor.py:153} INFO - Started process (PID=9799) to work on /home/juliana/Área de Trabalho/datapipeline/.env/lib/python3.8/site-packages/airflow/example_dags/example_skip_dag.py
[2022-11-21T21:45:44.349-0300] {processor.py:640} INFO - Processing file /home/juliana/Área de Trabalho/datapipeline/.env/lib/python3.8/site-packages/airflow/example_dags/example_skip_dag.py for tasks to queue
[2022-11-21T21:45:44.350-0300] {logging_mixin.py:115} INFO - [2022-11-21T21:45:44.349-0300] {dagbag.py:508} INFO - Filling up the DagBag from /home/juliana/Área de Trabalho/datapipeline/.env/lib/python3.8/site-packages/airflow/example_dags/example_skip_dag.py
[2022-11-21T21:45:44.355-0300] {processor.py:650} INFO - DAG(s) dict_keys(['example_skip_dag']) retrieved from /home/juliana/Área de Trabalho/datapipeline/.env/lib/python3.8/site-packages/airflow/example_dags/example_skip_dag.py
[2022-11-21T21:45:44.372-0300] {logging_mixin.py:115} INFO - [2022-11-21T21:45:44.371-0300] {dag.py:2429} INFO - Sync 1 DAGs
[2022-11-21T21:45:44.388-0300] {logging_mixin.py:115} INFO - [2022-11-21T21:45:44.388-0300] {dag.py:2977} INFO - Setting next_dagrun for example_skip_dag to 2022-11-21T00:45:44.388032+00:00, run_after=2022-11-22T00:45:44.388032+00:00
[2022-11-21T21:45:44.408-0300] {processor.py:161} INFO - Processing /home/juliana/Área de Trabalho/datapipeline/.env/lib/python3.8/site-packages/airflow/example_dags/example_skip_dag.py took 0.064 seconds
[2022-11-21T21:46:19.965-0300] {processor.py:153} INFO - Started process (PID=10021) to work on /home/juliana/Área de Trabalho/datapipeline/.env/lib/python3.8/site-packages/airflow/example_dags/example_skip_dag.py
[2022-11-21T21:46:19.967-0300] {processor.py:640} INFO - Processing file /home/juliana/Área de Trabalho/datapipeline/.env/lib/python3.8/site-packages/airflow/example_dags/example_skip_dag.py for tasks to queue
[2022-11-21T21:46:19.968-0300] {logging_mixin.py:115} INFO - [2022-11-21T21:46:19.968-0300] {dagbag.py:508} INFO - Filling up the DagBag from /home/juliana/Área de Trabalho/datapipeline/.env/lib/python3.8/site-packages/airflow/example_dags/example_skip_dag.py
[2022-11-21T21:46:19.972-0300] {processor.py:650} INFO - DAG(s) dict_keys(['example_skip_dag']) retrieved from /home/juliana/Área de Trabalho/datapipeline/.env/lib/python3.8/site-packages/airflow/example_dags/example_skip_dag.py
[2022-11-21T21:46:19.986-0300] {logging_mixin.py:115} INFO - [2022-11-21T21:46:19.986-0300] {dag.py:2429} INFO - Sync 1 DAGs
[2022-11-21T21:46:20.003-0300] {logging_mixin.py:115} INFO - [2022-11-21T21:46:20.002-0300] {dag.py:2977} INFO - Setting next_dagrun for example_skip_dag to 2022-11-21T00:46:20.002725+00:00, run_after=2022-11-22T00:46:20.002725+00:00
[2022-11-21T21:46:20.018-0300] {processor.py:161} INFO - Processing /home/juliana/Área de Trabalho/datapipeline/.env/lib/python3.8/site-packages/airflow/example_dags/example_skip_dag.py took 0.060 seconds
[2022-11-21T21:46:53.657-0300] {processor.py:153} INFO - Started process (PID=10213) to work on /home/juliana/Área de Trabalho/datapipeline/.env/lib/python3.8/site-packages/airflow/example_dags/example_skip_dag.py
[2022-11-21T21:46:53.659-0300] {processor.py:640} INFO - Processing file /home/juliana/Área de Trabalho/datapipeline/.env/lib/python3.8/site-packages/airflow/example_dags/example_skip_dag.py for tasks to queue
[2022-11-21T21:46:53.660-0300] {logging_mixin.py:115} INFO - [2022-11-21T21:46:53.660-0300] {dagbag.py:508} INFO - Filling up the DagBag from /home/juliana/Área de Trabalho/datapipeline/.env/lib/python3.8/site-packages/airflow/example_dags/example_skip_dag.py
[2022-11-21T21:46:53.668-0300] {processor.py:650} INFO - DAG(s) dict_keys(['example_skip_dag']) retrieved from /home/juliana/Área de Trabalho/datapipeline/.env/lib/python3.8/site-packages/airflow/example_dags/example_skip_dag.py
[2022-11-21T21:46:53.699-0300] {logging_mixin.py:115} INFO - [2022-11-21T21:46:53.699-0300] {dag.py:2429} INFO - Sync 1 DAGs
[2022-11-21T21:46:53.719-0300] {logging_mixin.py:115} INFO - [2022-11-21T21:46:53.719-0300] {dag.py:2977} INFO - Setting next_dagrun for example_skip_dag to 2022-11-21T00:46:53.719354+00:00, run_after=2022-11-22T00:46:53.719354+00:00
[2022-11-21T21:46:53.786-0300] {processor.py:161} INFO - Processing /home/juliana/Área de Trabalho/datapipeline/.env/lib/python3.8/site-packages/airflow/example_dags/example_skip_dag.py took 0.137 seconds
[2022-11-21T21:47:29.169-0300] {processor.py:153} INFO - Started process (PID=10422) to work on /home/juliana/Área de Trabalho/datapipeline/.env/lib/python3.8/site-packages/airflow/example_dags/example_skip_dag.py
[2022-11-21T21:47:29.170-0300] {processor.py:640} INFO - Processing file /home/juliana/Área de Trabalho/datapipeline/.env/lib/python3.8/site-packages/airflow/example_dags/example_skip_dag.py for tasks to queue
[2022-11-21T21:47:29.171-0300] {logging_mixin.py:115} INFO - [2022-11-21T21:47:29.171-0300] {dagbag.py:508} INFO - Filling up the DagBag from /home/juliana/Área de Trabalho/datapipeline/.env/lib/python3.8/site-packages/airflow/example_dags/example_skip_dag.py
[2022-11-21T21:47:29.178-0300] {processor.py:650} INFO - DAG(s) dict_keys(['example_skip_dag']) retrieved from /home/juliana/Área de Trabalho/datapipeline/.env/lib/python3.8/site-packages/airflow/example_dags/example_skip_dag.py
[2022-11-21T21:47:29.197-0300] {logging_mixin.py:115} INFO - [2022-11-21T21:47:29.196-0300] {dag.py:2429} INFO - Sync 1 DAGs
[2022-11-21T21:47:29.213-0300] {logging_mixin.py:115} INFO - [2022-11-21T21:47:29.213-0300] {dag.py:2977} INFO - Setting next_dagrun for example_skip_dag to 2022-11-21T00:47:29.212856+00:00, run_after=2022-11-22T00:47:29.212856+00:00
[2022-11-21T21:47:29.234-0300] {processor.py:161} INFO - Processing /home/juliana/Área de Trabalho/datapipeline/.env/lib/python3.8/site-packages/airflow/example_dags/example_skip_dag.py took 0.070 seconds
[2022-11-21T21:48:01.621-0300] {processor.py:153} INFO - Started process (PID=10582) to work on /home/juliana/Área de Trabalho/datapipeline/.env/lib/python3.8/site-packages/airflow/example_dags/example_skip_dag.py
[2022-11-21T21:48:01.622-0300] {processor.py:640} INFO - Processing file /home/juliana/Área de Trabalho/datapipeline/.env/lib/python3.8/site-packages/airflow/example_dags/example_skip_dag.py for tasks to queue
[2022-11-21T21:48:01.623-0300] {logging_mixin.py:115} INFO - [2022-11-21T21:48:01.623-0300] {dagbag.py:508} INFO - Filling up the DagBag from /home/juliana/Área de Trabalho/datapipeline/.env/lib/python3.8/site-packages/airflow/example_dags/example_skip_dag.py
[2022-11-21T21:48:01.632-0300] {processor.py:650} INFO - DAG(s) dict_keys(['example_skip_dag']) retrieved from /home/juliana/Área de Trabalho/datapipeline/.env/lib/python3.8/site-packages/airflow/example_dags/example_skip_dag.py
[2022-11-21T21:48:01.650-0300] {logging_mixin.py:115} INFO - [2022-11-21T21:48:01.650-0300] {dag.py:2429} INFO - Sync 1 DAGs
[2022-11-21T21:48:01.674-0300] {logging_mixin.py:115} INFO - [2022-11-21T21:48:01.674-0300] {dag.py:2977} INFO - Setting next_dagrun for example_skip_dag to 2022-11-21T00:48:01.673941+00:00, run_after=2022-11-22T00:48:01.673941+00:00
[2022-11-21T21:48:01.744-0300] {processor.py:161} INFO - Processing /home/juliana/Área de Trabalho/datapipeline/.env/lib/python3.8/site-packages/airflow/example_dags/example_skip_dag.py took 0.128 seconds
[2022-11-21T21:48:36.815-0300] {processor.py:153} INFO - Started process (PID=10698) to work on /home/juliana/Área de Trabalho/datapipeline/.env/lib/python3.8/site-packages/airflow/example_dags/example_skip_dag.py
[2022-11-21T21:48:36.821-0300] {processor.py:640} INFO - Processing file /home/juliana/Área de Trabalho/datapipeline/.env/lib/python3.8/site-packages/airflow/example_dags/example_skip_dag.py for tasks to queue
[2022-11-21T21:48:36.822-0300] {logging_mixin.py:115} INFO - [2022-11-21T21:48:36.822-0300] {dagbag.py:508} INFO - Filling up the DagBag from /home/juliana/Área de Trabalho/datapipeline/.env/lib/python3.8/site-packages/airflow/example_dags/example_skip_dag.py
[2022-11-21T21:48:36.828-0300] {processor.py:650} INFO - DAG(s) dict_keys(['example_skip_dag']) retrieved from /home/juliana/Área de Trabalho/datapipeline/.env/lib/python3.8/site-packages/airflow/example_dags/example_skip_dag.py
[2022-11-21T21:48:36.848-0300] {logging_mixin.py:115} INFO - [2022-11-21T21:48:36.848-0300] {dag.py:2429} INFO - Sync 1 DAGs
[2022-11-21T21:48:36.864-0300] {logging_mixin.py:115} INFO - [2022-11-21T21:48:36.864-0300] {dag.py:2977} INFO - Setting next_dagrun for example_skip_dag to 2022-11-21T00:48:36.864176+00:00, run_after=2022-11-22T00:48:36.864176+00:00
[2022-11-21T21:48:36.879-0300] {processor.py:161} INFO - Processing /home/juliana/Área de Trabalho/datapipeline/.env/lib/python3.8/site-packages/airflow/example_dags/example_skip_dag.py took 0.069 seconds
[2022-11-21T21:49:13.016-0300] {processor.py:153} INFO - Started process (PID=10762) to work on /home/juliana/Área de Trabalho/datapipeline/.env/lib/python3.8/site-packages/airflow/example_dags/example_skip_dag.py
[2022-11-21T21:49:13.017-0300] {processor.py:640} INFO - Processing file /home/juliana/Área de Trabalho/datapipeline/.env/lib/python3.8/site-packages/airflow/example_dags/example_skip_dag.py for tasks to queue
[2022-11-21T21:49:13.018-0300] {logging_mixin.py:115} INFO - [2022-11-21T21:49:13.018-0300] {dagbag.py:508} INFO - Filling up the DagBag from /home/juliana/Área de Trabalho/datapipeline/.env/lib/python3.8/site-packages/airflow/example_dags/example_skip_dag.py
[2022-11-21T21:49:13.024-0300] {processor.py:650} INFO - DAG(s) dict_keys(['example_skip_dag']) retrieved from /home/juliana/Área de Trabalho/datapipeline/.env/lib/python3.8/site-packages/airflow/example_dags/example_skip_dag.py
[2022-11-21T21:49:13.045-0300] {logging_mixin.py:115} INFO - [2022-11-21T21:49:13.045-0300] {dag.py:2429} INFO - Sync 1 DAGs
[2022-11-21T21:49:13.059-0300] {logging_mixin.py:115} INFO - [2022-11-21T21:49:13.059-0300] {dag.py:2977} INFO - Setting next_dagrun for example_skip_dag to 2022-11-21T00:49:13.059365+00:00, run_after=2022-11-22T00:49:13.059365+00:00
[2022-11-21T21:49:13.077-0300] {processor.py:161} INFO - Processing /home/juliana/Área de Trabalho/datapipeline/.env/lib/python3.8/site-packages/airflow/example_dags/example_skip_dag.py took 0.066 seconds
[2022-11-21T21:49:47.969-0300] {processor.py:153} INFO - Started process (PID=10797) to work on /home/juliana/Área de Trabalho/datapipeline/.env/lib/python3.8/site-packages/airflow/example_dags/example_skip_dag.py
[2022-11-21T21:49:47.971-0300] {processor.py:640} INFO - Processing file /home/juliana/Área de Trabalho/datapipeline/.env/lib/python3.8/site-packages/airflow/example_dags/example_skip_dag.py for tasks to queue
[2022-11-21T21:49:47.972-0300] {logging_mixin.py:115} INFO - [2022-11-21T21:49:47.972-0300] {dagbag.py:508} INFO - Filling up the DagBag from /home/juliana/Área de Trabalho/datapipeline/.env/lib/python3.8/site-packages/airflow/example_dags/example_skip_dag.py
[2022-11-21T21:49:47.979-0300] {processor.py:650} INFO - DAG(s) dict_keys(['example_skip_dag']) retrieved from /home/juliana/Área de Trabalho/datapipeline/.env/lib/python3.8/site-packages/airflow/example_dags/example_skip_dag.py
[2022-11-21T21:49:48.000-0300] {logging_mixin.py:115} INFO - [2022-11-21T21:49:48.000-0300] {dag.py:2429} INFO - Sync 1 DAGs
[2022-11-21T21:49:48.015-0300] {logging_mixin.py:115} INFO - [2022-11-21T21:49:48.015-0300] {dag.py:2977} INFO - Setting next_dagrun for example_skip_dag to 2022-11-21T00:49:48.015198+00:00, run_after=2022-11-22T00:49:48.015198+00:00
[2022-11-21T21:49:48.038-0300] {processor.py:161} INFO - Processing /home/juliana/Área de Trabalho/datapipeline/.env/lib/python3.8/site-packages/airflow/example_dags/example_skip_dag.py took 0.074 seconds
[2022-11-21T21:50:23.619-0300] {processor.py:153} INFO - Started process (PID=10844) to work on /home/juliana/Área de Trabalho/datapipeline/.env/lib/python3.8/site-packages/airflow/example_dags/example_skip_dag.py
[2022-11-21T21:50:23.621-0300] {processor.py:640} INFO - Processing file /home/juliana/Área de Trabalho/datapipeline/.env/lib/python3.8/site-packages/airflow/example_dags/example_skip_dag.py for tasks to queue
[2022-11-21T21:50:23.622-0300] {logging_mixin.py:115} INFO - [2022-11-21T21:50:23.621-0300] {dagbag.py:508} INFO - Filling up the DagBag from /home/juliana/Área de Trabalho/datapipeline/.env/lib/python3.8/site-packages/airflow/example_dags/example_skip_dag.py
[2022-11-21T21:50:23.627-0300] {processor.py:650} INFO - DAG(s) dict_keys(['example_skip_dag']) retrieved from /home/juliana/Área de Trabalho/datapipeline/.env/lib/python3.8/site-packages/airflow/example_dags/example_skip_dag.py
[2022-11-21T21:50:23.645-0300] {logging_mixin.py:115} INFO - [2022-11-21T21:50:23.645-0300] {dag.py:2429} INFO - Sync 1 DAGs
[2022-11-21T21:50:23.659-0300] {logging_mixin.py:115} INFO - [2022-11-21T21:50:23.659-0300] {dag.py:2977} INFO - Setting next_dagrun for example_skip_dag to 2022-11-21T00:50:23.659215+00:00, run_after=2022-11-22T00:50:23.659215+00:00
[2022-11-21T21:50:23.728-0300] {processor.py:161} INFO - Processing /home/juliana/Área de Trabalho/datapipeline/.env/lib/python3.8/site-packages/airflow/example_dags/example_skip_dag.py took 0.112 seconds
[2022-11-21T21:50:56.479-0300] {processor.py:153} INFO - Started process (PID=10892) to work on /home/juliana/Área de Trabalho/datapipeline/.env/lib/python3.8/site-packages/airflow/example_dags/example_skip_dag.py
[2022-11-21T21:50:56.481-0300] {processor.py:640} INFO - Processing file /home/juliana/Área de Trabalho/datapipeline/.env/lib/python3.8/site-packages/airflow/example_dags/example_skip_dag.py for tasks to queue
[2022-11-21T21:50:56.482-0300] {logging_mixin.py:115} INFO - [2022-11-21T21:50:56.481-0300] {dagbag.py:508} INFO - Filling up the DagBag from /home/juliana/Área de Trabalho/datapipeline/.env/lib/python3.8/site-packages/airflow/example_dags/example_skip_dag.py
[2022-11-21T21:50:56.489-0300] {processor.py:650} INFO - DAG(s) dict_keys(['example_skip_dag']) retrieved from /home/juliana/Área de Trabalho/datapipeline/.env/lib/python3.8/site-packages/airflow/example_dags/example_skip_dag.py
[2022-11-21T21:50:56.509-0300] {logging_mixin.py:115} INFO - [2022-11-21T21:50:56.509-0300] {dag.py:2429} INFO - Sync 1 DAGs
[2022-11-21T21:50:56.524-0300] {logging_mixin.py:115} INFO - [2022-11-21T21:50:56.524-0300] {dag.py:2977} INFO - Setting next_dagrun for example_skip_dag to 2022-11-21T00:50:56.524610+00:00, run_after=2022-11-22T00:50:56.524610+00:00
[2022-11-21T21:50:56.546-0300] {processor.py:161} INFO - Processing /home/juliana/Área de Trabalho/datapipeline/.env/lib/python3.8/site-packages/airflow/example_dags/example_skip_dag.py took 0.071 seconds
[2022-11-21T21:51:34.481-0300] {processor.py:153} INFO - Started process (PID=10928) to work on /home/juliana/Área de Trabalho/datapipeline/.env/lib/python3.8/site-packages/airflow/example_dags/example_skip_dag.py
[2022-11-21T21:51:34.482-0300] {processor.py:640} INFO - Processing file /home/juliana/Área de Trabalho/datapipeline/.env/lib/python3.8/site-packages/airflow/example_dags/example_skip_dag.py for tasks to queue
[2022-11-21T21:51:34.482-0300] {logging_mixin.py:115} INFO - [2022-11-21T21:51:34.482-0300] {dagbag.py:508} INFO - Filling up the DagBag from /home/juliana/Área de Trabalho/datapipeline/.env/lib/python3.8/site-packages/airflow/example_dags/example_skip_dag.py
[2022-11-21T21:51:34.487-0300] {processor.py:650} INFO - DAG(s) dict_keys(['example_skip_dag']) retrieved from /home/juliana/Área de Trabalho/datapipeline/.env/lib/python3.8/site-packages/airflow/example_dags/example_skip_dag.py
[2022-11-21T21:51:34.507-0300] {logging_mixin.py:115} INFO - [2022-11-21T21:51:34.507-0300] {dag.py:2429} INFO - Sync 1 DAGs
[2022-11-21T21:51:34.528-0300] {logging_mixin.py:115} INFO - [2022-11-21T21:51:34.527-0300] {dag.py:2977} INFO - Setting next_dagrun for example_skip_dag to 2022-11-21T00:51:34.527515+00:00, run_after=2022-11-22T00:51:34.527515+00:00
[2022-11-21T21:51:34.546-0300] {processor.py:161} INFO - Processing /home/juliana/Área de Trabalho/datapipeline/.env/lib/python3.8/site-packages/airflow/example_dags/example_skip_dag.py took 0.067 seconds
[2022-11-21T21:52:09.566-0300] {processor.py:153} INFO - Started process (PID=10964) to work on /home/juliana/Área de Trabalho/datapipeline/.env/lib/python3.8/site-packages/airflow/example_dags/example_skip_dag.py
[2022-11-21T21:52:09.568-0300] {processor.py:640} INFO - Processing file /home/juliana/Área de Trabalho/datapipeline/.env/lib/python3.8/site-packages/airflow/example_dags/example_skip_dag.py for tasks to queue
[2022-11-21T21:52:09.569-0300] {logging_mixin.py:115} INFO - [2022-11-21T21:52:09.569-0300] {dagbag.py:508} INFO - Filling up the DagBag from /home/juliana/Área de Trabalho/datapipeline/.env/lib/python3.8/site-packages/airflow/example_dags/example_skip_dag.py
[2022-11-21T21:52:09.576-0300] {processor.py:650} INFO - DAG(s) dict_keys(['example_skip_dag']) retrieved from /home/juliana/Área de Trabalho/datapipeline/.env/lib/python3.8/site-packages/airflow/example_dags/example_skip_dag.py
[2022-11-21T21:52:09.598-0300] {logging_mixin.py:115} INFO - [2022-11-21T21:52:09.598-0300] {dag.py:2429} INFO - Sync 1 DAGs
[2022-11-21T21:52:09.613-0300] {logging_mixin.py:115} INFO - [2022-11-21T21:52:09.613-0300] {dag.py:2977} INFO - Setting next_dagrun for example_skip_dag to 2022-11-21T00:52:09.613310+00:00, run_after=2022-11-22T00:52:09.613310+00:00
[2022-11-21T21:52:09.630-0300] {processor.py:161} INFO - Processing /home/juliana/Área de Trabalho/datapipeline/.env/lib/python3.8/site-packages/airflow/example_dags/example_skip_dag.py took 0.069 seconds
[2022-11-21T21:52:42.937-0300] {processor.py:153} INFO - Started process (PID=10997) to work on /home/juliana/Área de Trabalho/datapipeline/.env/lib/python3.8/site-packages/airflow/example_dags/example_skip_dag.py
[2022-11-21T21:52:42.939-0300] {processor.py:640} INFO - Processing file /home/juliana/Área de Trabalho/datapipeline/.env/lib/python3.8/site-packages/airflow/example_dags/example_skip_dag.py for tasks to queue
[2022-11-21T21:52:42.940-0300] {logging_mixin.py:115} INFO - [2022-11-21T21:52:42.939-0300] {dagbag.py:508} INFO - Filling up the DagBag from /home/juliana/Área de Trabalho/datapipeline/.env/lib/python3.8/site-packages/airflow/example_dags/example_skip_dag.py
[2022-11-21T21:52:42.946-0300] {processor.py:650} INFO - DAG(s) dict_keys(['example_skip_dag']) retrieved from /home/juliana/Área de Trabalho/datapipeline/.env/lib/python3.8/site-packages/airflow/example_dags/example_skip_dag.py
[2022-11-21T21:52:42.965-0300] {logging_mixin.py:115} INFO - [2022-11-21T21:52:42.965-0300] {dag.py:2429} INFO - Sync 1 DAGs
[2022-11-21T21:52:42.979-0300] {logging_mixin.py:115} INFO - [2022-11-21T21:52:42.979-0300] {dag.py:2977} INFO - Setting next_dagrun for example_skip_dag to 2022-11-21T00:52:42.979062+00:00, run_after=2022-11-22T00:52:42.979062+00:00
[2022-11-21T21:52:43.000-0300] {processor.py:161} INFO - Processing /home/juliana/Área de Trabalho/datapipeline/.env/lib/python3.8/site-packages/airflow/example_dags/example_skip_dag.py took 0.069 seconds
[2022-11-21T21:53:18.010-0300] {processor.py:153} INFO - Started process (PID=11074) to work on /home/juliana/Área de Trabalho/datapipeline/.env/lib/python3.8/site-packages/airflow/example_dags/example_skip_dag.py
[2022-11-21T21:53:18.011-0300] {processor.py:640} INFO - Processing file /home/juliana/Área de Trabalho/datapipeline/.env/lib/python3.8/site-packages/airflow/example_dags/example_skip_dag.py for tasks to queue
[2022-11-21T21:53:18.012-0300] {logging_mixin.py:115} INFO - [2022-11-21T21:53:18.012-0300] {dagbag.py:508} INFO - Filling up the DagBag from /home/juliana/Área de Trabalho/datapipeline/.env/lib/python3.8/site-packages/airflow/example_dags/example_skip_dag.py
[2022-11-21T21:53:18.019-0300] {processor.py:650} INFO - DAG(s) dict_keys(['example_skip_dag']) retrieved from /home/juliana/Área de Trabalho/datapipeline/.env/lib/python3.8/site-packages/airflow/example_dags/example_skip_dag.py
[2022-11-21T21:53:18.039-0300] {logging_mixin.py:115} INFO - [2022-11-21T21:53:18.039-0300] {dag.py:2429} INFO - Sync 1 DAGs
[2022-11-21T21:53:18.054-0300] {logging_mixin.py:115} INFO - [2022-11-21T21:53:18.054-0300] {dag.py:2977} INFO - Setting next_dagrun for example_skip_dag to 2022-11-21T00:53:18.053791+00:00, run_after=2022-11-22T00:53:18.053791+00:00
[2022-11-21T21:53:18.071-0300] {processor.py:161} INFO - Processing /home/juliana/Área de Trabalho/datapipeline/.env/lib/python3.8/site-packages/airflow/example_dags/example_skip_dag.py took 0.065 seconds
[2022-11-21T21:53:54.194-0300] {processor.py:153} INFO - Started process (PID=11292) to work on /home/juliana/Área de Trabalho/datapipeline/.env/lib/python3.8/site-packages/airflow/example_dags/example_skip_dag.py
[2022-11-21T21:53:54.195-0300] {processor.py:640} INFO - Processing file /home/juliana/Área de Trabalho/datapipeline/.env/lib/python3.8/site-packages/airflow/example_dags/example_skip_dag.py for tasks to queue
[2022-11-21T21:53:54.196-0300] {logging_mixin.py:115} INFO - [2022-11-21T21:53:54.196-0300] {dagbag.py:508} INFO - Filling up the DagBag from /home/juliana/Área de Trabalho/datapipeline/.env/lib/python3.8/site-packages/airflow/example_dags/example_skip_dag.py
[2022-11-21T21:53:54.201-0300] {processor.py:650} INFO - DAG(s) dict_keys(['example_skip_dag']) retrieved from /home/juliana/Área de Trabalho/datapipeline/.env/lib/python3.8/site-packages/airflow/example_dags/example_skip_dag.py
[2022-11-21T21:53:54.221-0300] {logging_mixin.py:115} INFO - [2022-11-21T21:53:54.221-0300] {dag.py:2429} INFO - Sync 1 DAGs
[2022-11-21T21:53:54.238-0300] {logging_mixin.py:115} INFO - [2022-11-21T21:53:54.238-0300] {dag.py:2977} INFO - Setting next_dagrun for example_skip_dag to 2022-11-21T00:53:54.238230+00:00, run_after=2022-11-22T00:53:54.238230+00:00
[2022-11-21T21:53:54.259-0300] {processor.py:161} INFO - Processing /home/juliana/Área de Trabalho/datapipeline/.env/lib/python3.8/site-packages/airflow/example_dags/example_skip_dag.py took 0.069 seconds
[2022-11-21T21:54:29.284-0300] {processor.py:153} INFO - Started process (PID=11504) to work on /home/juliana/Área de Trabalho/datapipeline/.env/lib/python3.8/site-packages/airflow/example_dags/example_skip_dag.py
[2022-11-21T21:54:29.285-0300] {processor.py:640} INFO - Processing file /home/juliana/Área de Trabalho/datapipeline/.env/lib/python3.8/site-packages/airflow/example_dags/example_skip_dag.py for tasks to queue
[2022-11-21T21:54:29.286-0300] {logging_mixin.py:115} INFO - [2022-11-21T21:54:29.286-0300] {dagbag.py:508} INFO - Filling up the DagBag from /home/juliana/Área de Trabalho/datapipeline/.env/lib/python3.8/site-packages/airflow/example_dags/example_skip_dag.py
[2022-11-21T21:54:29.297-0300] {processor.py:650} INFO - DAG(s) dict_keys(['example_skip_dag']) retrieved from /home/juliana/Área de Trabalho/datapipeline/.env/lib/python3.8/site-packages/airflow/example_dags/example_skip_dag.py
[2022-11-21T21:54:29.316-0300] {logging_mixin.py:115} INFO - [2022-11-21T21:54:29.316-0300] {dag.py:2429} INFO - Sync 1 DAGs
[2022-11-21T21:54:29.331-0300] {logging_mixin.py:115} INFO - [2022-11-21T21:54:29.331-0300] {dag.py:2977} INFO - Setting next_dagrun for example_skip_dag to 2022-11-21T00:54:29.330928+00:00, run_after=2022-11-22T00:54:29.330928+00:00
[2022-11-21T21:54:29.351-0300] {processor.py:161} INFO - Processing /home/juliana/Área de Trabalho/datapipeline/.env/lib/python3.8/site-packages/airflow/example_dags/example_skip_dag.py took 0.071 seconds
[2022-11-21T21:55:39.007-0300] {processor.py:153} INFO - Started process (PID=11701) to work on /home/juliana/Área de Trabalho/datapipeline/.env/lib/python3.8/site-packages/airflow/example_dags/example_skip_dag.py
[2022-11-21T21:55:39.016-0300] {processor.py:640} INFO - Processing file /home/juliana/Área de Trabalho/datapipeline/.env/lib/python3.8/site-packages/airflow/example_dags/example_skip_dag.py for tasks to queue
[2022-11-21T21:55:39.017-0300] {logging_mixin.py:115} INFO - [2022-11-21T21:55:39.017-0300] {dagbag.py:508} INFO - Filling up the DagBag from /home/juliana/Área de Trabalho/datapipeline/.env/lib/python3.8/site-packages/airflow/example_dags/example_skip_dag.py
[2022-11-21T21:55:39.026-0300] {processor.py:650} INFO - DAG(s) dict_keys(['example_skip_dag']) retrieved from /home/juliana/Área de Trabalho/datapipeline/.env/lib/python3.8/site-packages/airflow/example_dags/example_skip_dag.py
[2022-11-21T21:55:39.067-0300] {logging_mixin.py:115} INFO - [2022-11-21T21:55:39.067-0300] {dag.py:2429} INFO - Sync 1 DAGs
[2022-11-21T21:55:39.122-0300] {logging_mixin.py:115} INFO - [2022-11-21T21:55:39.119-0300] {dag.py:2977} INFO - Setting next_dagrun for example_skip_dag to 2022-11-21T00:55:39.119549+00:00, run_after=2022-11-22T00:55:39.119549+00:00
[2022-11-21T21:55:39.147-0300] {processor.py:161} INFO - Processing /home/juliana/Área de Trabalho/datapipeline/.env/lib/python3.8/site-packages/airflow/example_dags/example_skip_dag.py took 0.148 seconds
[2022-11-21T21:56:26.333-0300] {processor.py:153} INFO - Started process (PID=12040) to work on /home/juliana/Área de Trabalho/datapipeline/.env/lib/python3.8/site-packages/airflow/example_dags/example_skip_dag.py
[2022-11-21T21:56:26.338-0300] {processor.py:640} INFO - Processing file /home/juliana/Área de Trabalho/datapipeline/.env/lib/python3.8/site-packages/airflow/example_dags/example_skip_dag.py for tasks to queue
[2022-11-21T21:56:26.343-0300] {logging_mixin.py:115} INFO - [2022-11-21T21:56:26.339-0300] {dagbag.py:508} INFO - Filling up the DagBag from /home/juliana/Área de Trabalho/datapipeline/.env/lib/python3.8/site-packages/airflow/example_dags/example_skip_dag.py
[2022-11-21T21:56:26.371-0300] {processor.py:650} INFO - DAG(s) dict_keys(['example_skip_dag']) retrieved from /home/juliana/Área de Trabalho/datapipeline/.env/lib/python3.8/site-packages/airflow/example_dags/example_skip_dag.py
[2022-11-21T21:56:26.480-0300] {logging_mixin.py:115} INFO - [2022-11-21T21:56:26.479-0300] {dag.py:2429} INFO - Sync 1 DAGs
[2022-11-21T21:56:26.578-0300] {logging_mixin.py:115} INFO - [2022-11-21T21:56:26.578-0300] {dag.py:2977} INFO - Setting next_dagrun for example_skip_dag to 2022-11-21T00:56:26.571394+00:00, run_after=2022-11-22T00:56:26.571394+00:00
[2022-11-21T21:56:26.639-0300] {processor.py:161} INFO - Processing /home/juliana/Área de Trabalho/datapipeline/.env/lib/python3.8/site-packages/airflow/example_dags/example_skip_dag.py took 0.314 seconds
[2022-11-21T22:03:48.785-0300] {processor.py:153} INFO - Started process (PID=2456) to work on /home/juliana/Área de Trabalho/datapipeline/.env/lib/python3.8/site-packages/airflow/example_dags/example_skip_dag.py
[2022-11-21T22:03:48.793-0300] {processor.py:640} INFO - Processing file /home/juliana/Área de Trabalho/datapipeline/.env/lib/python3.8/site-packages/airflow/example_dags/example_skip_dag.py for tasks to queue
[2022-11-21T22:03:48.794-0300] {logging_mixin.py:115} INFO - [2022-11-21T22:03:48.794-0300] {dagbag.py:508} INFO - Filling up the DagBag from /home/juliana/Área de Trabalho/datapipeline/.env/lib/python3.8/site-packages/airflow/example_dags/example_skip_dag.py
[2022-11-21T22:03:48.804-0300] {processor.py:650} INFO - DAG(s) dict_keys(['example_skip_dag']) retrieved from /home/juliana/Área de Trabalho/datapipeline/.env/lib/python3.8/site-packages/airflow/example_dags/example_skip_dag.py
[2022-11-21T22:03:48.825-0300] {logging_mixin.py:115} INFO - [2022-11-21T22:03:48.824-0300] {dag.py:2429} INFO - Sync 1 DAGs
[2022-11-21T22:03:48.843-0300] {logging_mixin.py:115} INFO - [2022-11-21T22:03:48.843-0300] {dag.py:2977} INFO - Setting next_dagrun for example_skip_dag to 2022-11-21T01:03:48.842993+00:00, run_after=2022-11-22T01:03:48.842993+00:00
[2022-11-21T22:03:48.858-0300] {processor.py:161} INFO - Processing /home/juliana/Área de Trabalho/datapipeline/.env/lib/python3.8/site-packages/airflow/example_dags/example_skip_dag.py took 0.079 seconds
[2022-11-21T22:04:28.330-0300] {processor.py:153} INFO - Started process (PID=2519) to work on /home/juliana/Área de Trabalho/datapipeline/.env/lib/python3.8/site-packages/airflow/example_dags/example_skip_dag.py
[2022-11-21T22:04:28.336-0300] {processor.py:640} INFO - Processing file /home/juliana/Área de Trabalho/datapipeline/.env/lib/python3.8/site-packages/airflow/example_dags/example_skip_dag.py for tasks to queue
[2022-11-21T22:04:28.337-0300] {logging_mixin.py:115} INFO - [2022-11-21T22:04:28.337-0300] {dagbag.py:508} INFO - Filling up the DagBag from /home/juliana/Área de Trabalho/datapipeline/.env/lib/python3.8/site-packages/airflow/example_dags/example_skip_dag.py
[2022-11-21T22:04:28.343-0300] {processor.py:650} INFO - DAG(s) dict_keys(['example_skip_dag']) retrieved from /home/juliana/Área de Trabalho/datapipeline/.env/lib/python3.8/site-packages/airflow/example_dags/example_skip_dag.py
[2022-11-21T22:04:28.357-0300] {logging_mixin.py:115} INFO - [2022-11-21T22:04:28.356-0300] {dag.py:2429} INFO - Sync 1 DAGs
[2022-11-21T22:04:28.373-0300] {logging_mixin.py:115} INFO - [2022-11-21T22:04:28.373-0300] {dag.py:2977} INFO - Setting next_dagrun for example_skip_dag to 2022-11-21T01:04:28.372788+00:00, run_after=2022-11-22T01:04:28.372788+00:00
[2022-11-21T22:04:28.391-0300] {processor.py:161} INFO - Processing /home/juliana/Área de Trabalho/datapipeline/.env/lib/python3.8/site-packages/airflow/example_dags/example_skip_dag.py took 0.067 seconds
[2022-11-21T22:05:06.343-0300] {processor.py:153} INFO - Started process (PID=2859) to work on /home/juliana/Área de Trabalho/datapipeline/.env/lib/python3.8/site-packages/airflow/example_dags/example_skip_dag.py
[2022-11-21T22:05:06.349-0300] {processor.py:640} INFO - Processing file /home/juliana/Área de Trabalho/datapipeline/.env/lib/python3.8/site-packages/airflow/example_dags/example_skip_dag.py for tasks to queue
[2022-11-21T22:05:06.349-0300] {logging_mixin.py:115} INFO - [2022-11-21T22:05:06.349-0300] {dagbag.py:508} INFO - Filling up the DagBag from /home/juliana/Área de Trabalho/datapipeline/.env/lib/python3.8/site-packages/airflow/example_dags/example_skip_dag.py
[2022-11-21T22:05:06.355-0300] {processor.py:650} INFO - DAG(s) dict_keys(['example_skip_dag']) retrieved from /home/juliana/Área de Trabalho/datapipeline/.env/lib/python3.8/site-packages/airflow/example_dags/example_skip_dag.py
[2022-11-21T22:05:06.384-0300] {logging_mixin.py:115} INFO - [2022-11-21T22:05:06.384-0300] {dag.py:2429} INFO - Sync 1 DAGs
[2022-11-21T22:05:06.419-0300] {logging_mixin.py:115} INFO - [2022-11-21T22:05:06.418-0300] {dag.py:2977} INFO - Setting next_dagrun for example_skip_dag to 2022-11-21T01:05:06.418714+00:00, run_after=2022-11-22T01:05:06.418714+00:00
[2022-11-21T22:05:06.445-0300] {processor.py:161} INFO - Processing /home/juliana/Área de Trabalho/datapipeline/.env/lib/python3.8/site-packages/airflow/example_dags/example_skip_dag.py took 0.104 seconds
[2022-11-21T22:05:44.196-0300] {processor.py:153} INFO - Started process (PID=3243) to work on /home/juliana/Área de Trabalho/datapipeline/.env/lib/python3.8/site-packages/airflow/example_dags/example_skip_dag.py
[2022-11-21T22:05:44.204-0300] {processor.py:640} INFO - Processing file /home/juliana/Área de Trabalho/datapipeline/.env/lib/python3.8/site-packages/airflow/example_dags/example_skip_dag.py for tasks to queue
[2022-11-21T22:05:44.206-0300] {logging_mixin.py:115} INFO - [2022-11-21T22:05:44.205-0300] {dagbag.py:508} INFO - Filling up the DagBag from /home/juliana/Área de Trabalho/datapipeline/.env/lib/python3.8/site-packages/airflow/example_dags/example_skip_dag.py
[2022-11-21T22:05:44.226-0300] {processor.py:650} INFO - DAG(s) dict_keys(['example_skip_dag']) retrieved from /home/juliana/Área de Trabalho/datapipeline/.env/lib/python3.8/site-packages/airflow/example_dags/example_skip_dag.py
[2022-11-21T22:05:44.265-0300] {logging_mixin.py:115} INFO - [2022-11-21T22:05:44.265-0300] {dag.py:2429} INFO - Sync 1 DAGs
[2022-11-21T22:05:44.298-0300] {logging_mixin.py:115} INFO - [2022-11-21T22:05:44.298-0300] {dag.py:2977} INFO - Setting next_dagrun for example_skip_dag to 2022-11-21T01:05:44.297958+00:00, run_after=2022-11-22T01:05:44.297958+00:00
[2022-11-21T22:05:44.314-0300] {processor.py:161} INFO - Processing /home/juliana/Área de Trabalho/datapipeline/.env/lib/python3.8/site-packages/airflow/example_dags/example_skip_dag.py took 0.125 seconds
[2022-11-21T22:06:22.299-0300] {processor.py:153} INFO - Started process (PID=3645) to work on /home/juliana/Área de Trabalho/datapipeline/.env/lib/python3.8/site-packages/airflow/example_dags/example_skip_dag.py
[2022-11-21T22:06:22.301-0300] {processor.py:640} INFO - Processing file /home/juliana/Área de Trabalho/datapipeline/.env/lib/python3.8/site-packages/airflow/example_dags/example_skip_dag.py for tasks to queue
[2022-11-21T22:06:22.302-0300] {logging_mixin.py:115} INFO - [2022-11-21T22:06:22.301-0300] {dagbag.py:508} INFO - Filling up the DagBag from /home/juliana/Área de Trabalho/datapipeline/.env/lib/python3.8/site-packages/airflow/example_dags/example_skip_dag.py
[2022-11-21T22:06:22.316-0300] {processor.py:650} INFO - DAG(s) dict_keys(['example_skip_dag']) retrieved from /home/juliana/Área de Trabalho/datapipeline/.env/lib/python3.8/site-packages/airflow/example_dags/example_skip_dag.py
[2022-11-21T22:06:22.336-0300] {logging_mixin.py:115} INFO - [2022-11-21T22:06:22.336-0300] {dag.py:2429} INFO - Sync 1 DAGs
[2022-11-21T22:06:22.359-0300] {logging_mixin.py:115} INFO - [2022-11-21T22:06:22.359-0300] {dag.py:2977} INFO - Setting next_dagrun for example_skip_dag to 2022-11-21T01:06:22.359469+00:00, run_after=2022-11-22T01:06:22.359469+00:00
[2022-11-21T22:06:22.389-0300] {processor.py:161} INFO - Processing /home/juliana/Área de Trabalho/datapipeline/.env/lib/python3.8/site-packages/airflow/example_dags/example_skip_dag.py took 0.094 seconds
[2022-11-21T22:07:00.370-0300] {processor.py:153} INFO - Started process (PID=3866) to work on /home/juliana/Área de Trabalho/datapipeline/.env/lib/python3.8/site-packages/airflow/example_dags/example_skip_dag.py
[2022-11-21T22:07:00.371-0300] {processor.py:640} INFO - Processing file /home/juliana/Área de Trabalho/datapipeline/.env/lib/python3.8/site-packages/airflow/example_dags/example_skip_dag.py for tasks to queue
[2022-11-21T22:07:00.372-0300] {logging_mixin.py:115} INFO - [2022-11-21T22:07:00.372-0300] {dagbag.py:508} INFO - Filling up the DagBag from /home/juliana/Área de Trabalho/datapipeline/.env/lib/python3.8/site-packages/airflow/example_dags/example_skip_dag.py
[2022-11-21T22:07:00.377-0300] {processor.py:650} INFO - DAG(s) dict_keys(['example_skip_dag']) retrieved from /home/juliana/Área de Trabalho/datapipeline/.env/lib/python3.8/site-packages/airflow/example_dags/example_skip_dag.py
[2022-11-21T22:07:00.394-0300] {logging_mixin.py:115} INFO - [2022-11-21T22:07:00.394-0300] {dag.py:2429} INFO - Sync 1 DAGs
[2022-11-21T22:07:00.414-0300] {logging_mixin.py:115} INFO - [2022-11-21T22:07:00.414-0300] {dag.py:2977} INFO - Setting next_dagrun for example_skip_dag to 2022-11-21T01:07:00.414121+00:00, run_after=2022-11-22T01:07:00.414121+00:00
[2022-11-21T22:07:00.437-0300] {processor.py:161} INFO - Processing /home/juliana/Área de Trabalho/datapipeline/.env/lib/python3.8/site-packages/airflow/example_dags/example_skip_dag.py took 0.072 seconds
[2022-11-21T22:07:38.766-0300] {processor.py:153} INFO - Started process (PID=4104) to work on /home/juliana/Área de Trabalho/datapipeline/.env/lib/python3.8/site-packages/airflow/example_dags/example_skip_dag.py
[2022-11-21T22:07:38.768-0300] {processor.py:640} INFO - Processing file /home/juliana/Área de Trabalho/datapipeline/.env/lib/python3.8/site-packages/airflow/example_dags/example_skip_dag.py for tasks to queue
[2022-11-21T22:07:38.769-0300] {logging_mixin.py:115} INFO - [2022-11-21T22:07:38.769-0300] {dagbag.py:508} INFO - Filling up the DagBag from /home/juliana/Área de Trabalho/datapipeline/.env/lib/python3.8/site-packages/airflow/example_dags/example_skip_dag.py
[2022-11-21T22:07:38.777-0300] {processor.py:650} INFO - DAG(s) dict_keys(['example_skip_dag']) retrieved from /home/juliana/Área de Trabalho/datapipeline/.env/lib/python3.8/site-packages/airflow/example_dags/example_skip_dag.py
[2022-11-21T22:07:38.803-0300] {logging_mixin.py:115} INFO - [2022-11-21T22:07:38.803-0300] {dag.py:2429} INFO - Sync 1 DAGs
[2022-11-21T22:07:38.841-0300] {logging_mixin.py:115} INFO - [2022-11-21T22:07:38.841-0300] {dag.py:2977} INFO - Setting next_dagrun for example_skip_dag to 2022-11-21T01:07:38.840906+00:00, run_after=2022-11-22T01:07:38.840906+00:00
[2022-11-21T22:07:38.863-0300] {processor.py:161} INFO - Processing /home/juliana/Área de Trabalho/datapipeline/.env/lib/python3.8/site-packages/airflow/example_dags/example_skip_dag.py took 0.104 seconds
[2022-11-21T22:08:15.154-0300] {processor.py:153} INFO - Started process (PID=4317) to work on /home/juliana/Área de Trabalho/datapipeline/.env/lib/python3.8/site-packages/airflow/example_dags/example_skip_dag.py
[2022-11-21T22:08:15.163-0300] {processor.py:640} INFO - Processing file /home/juliana/Área de Trabalho/datapipeline/.env/lib/python3.8/site-packages/airflow/example_dags/example_skip_dag.py for tasks to queue
[2022-11-21T22:08:15.163-0300] {logging_mixin.py:115} INFO - [2022-11-21T22:08:15.163-0300] {dagbag.py:508} INFO - Filling up the DagBag from /home/juliana/Área de Trabalho/datapipeline/.env/lib/python3.8/site-packages/airflow/example_dags/example_skip_dag.py
[2022-11-21T22:08:15.168-0300] {processor.py:650} INFO - DAG(s) dict_keys(['example_skip_dag']) retrieved from /home/juliana/Área de Trabalho/datapipeline/.env/lib/python3.8/site-packages/airflow/example_dags/example_skip_dag.py
[2022-11-21T22:08:15.189-0300] {logging_mixin.py:115} INFO - [2022-11-21T22:08:15.189-0300] {dag.py:2429} INFO - Sync 1 DAGs
[2022-11-21T22:08:15.207-0300] {logging_mixin.py:115} INFO - [2022-11-21T22:08:15.207-0300] {dag.py:2977} INFO - Setting next_dagrun for example_skip_dag to 2022-11-21T01:08:15.206875+00:00, run_after=2022-11-22T01:08:15.206875+00:00
[2022-11-21T22:08:15.228-0300] {processor.py:161} INFO - Processing /home/juliana/Área de Trabalho/datapipeline/.env/lib/python3.8/site-packages/airflow/example_dags/example_skip_dag.py took 0.080 seconds
[2022-11-21T22:08:49.471-0300] {processor.py:153} INFO - Started process (PID=4536) to work on /home/juliana/Área de Trabalho/datapipeline/.env/lib/python3.8/site-packages/airflow/example_dags/example_skip_dag.py
[2022-11-21T22:08:49.473-0300] {processor.py:640} INFO - Processing file /home/juliana/Área de Trabalho/datapipeline/.env/lib/python3.8/site-packages/airflow/example_dags/example_skip_dag.py for tasks to queue
[2022-11-21T22:08:49.474-0300] {logging_mixin.py:115} INFO - [2022-11-21T22:08:49.474-0300] {dagbag.py:508} INFO - Filling up the DagBag from /home/juliana/Área de Trabalho/datapipeline/.env/lib/python3.8/site-packages/airflow/example_dags/example_skip_dag.py
[2022-11-21T22:08:49.482-0300] {processor.py:650} INFO - DAG(s) dict_keys(['example_skip_dag']) retrieved from /home/juliana/Área de Trabalho/datapipeline/.env/lib/python3.8/site-packages/airflow/example_dags/example_skip_dag.py
[2022-11-21T22:08:49.524-0300] {logging_mixin.py:115} INFO - [2022-11-21T22:08:49.523-0300] {dag.py:2429} INFO - Sync 1 DAGs
[2022-11-21T22:08:49.548-0300] {logging_mixin.py:115} INFO - [2022-11-21T22:08:49.548-0300] {dag.py:2977} INFO - Setting next_dagrun for example_skip_dag to 2022-11-21T01:08:49.548254+00:00, run_after=2022-11-22T01:08:49.548254+00:00
[2022-11-21T22:08:49.568-0300] {processor.py:161} INFO - Processing /home/juliana/Área de Trabalho/datapipeline/.env/lib/python3.8/site-packages/airflow/example_dags/example_skip_dag.py took 0.102 seconds
[2022-11-21T22:09:25.102-0300] {processor.py:153} INFO - Started process (PID=4876) to work on /home/juliana/Área de Trabalho/datapipeline/.env/lib/python3.8/site-packages/airflow/example_dags/example_skip_dag.py
[2022-11-21T22:09:25.107-0300] {processor.py:640} INFO - Processing file /home/juliana/Área de Trabalho/datapipeline/.env/lib/python3.8/site-packages/airflow/example_dags/example_skip_dag.py for tasks to queue
[2022-11-21T22:09:25.107-0300] {logging_mixin.py:115} INFO - [2022-11-21T22:09:25.107-0300] {dagbag.py:508} INFO - Filling up the DagBag from /home/juliana/Área de Trabalho/datapipeline/.env/lib/python3.8/site-packages/airflow/example_dags/example_skip_dag.py
[2022-11-21T22:09:25.117-0300] {processor.py:650} INFO - DAG(s) dict_keys(['example_skip_dag']) retrieved from /home/juliana/Área de Trabalho/datapipeline/.env/lib/python3.8/site-packages/airflow/example_dags/example_skip_dag.py
[2022-11-21T22:09:25.156-0300] {logging_mixin.py:115} INFO - [2022-11-21T22:09:25.156-0300] {dag.py:2429} INFO - Sync 1 DAGs
[2022-11-21T22:09:25.216-0300] {logging_mixin.py:115} INFO - [2022-11-21T22:09:25.215-0300] {dag.py:2977} INFO - Setting next_dagrun for example_skip_dag to 2022-11-21T01:09:25.215690+00:00, run_after=2022-11-22T01:09:25.215690+00:00
[2022-11-21T22:09:25.248-0300] {processor.py:161} INFO - Processing /home/juliana/Área de Trabalho/datapipeline/.env/lib/python3.8/site-packages/airflow/example_dags/example_skip_dag.py took 0.152 seconds
[2022-11-21T22:10:01.589-0300] {processor.py:153} INFO - Started process (PID=5031) to work on /home/juliana/Área de Trabalho/datapipeline/.env/lib/python3.8/site-packages/airflow/example_dags/example_skip_dag.py
[2022-11-21T22:10:01.596-0300] {processor.py:640} INFO - Processing file /home/juliana/Área de Trabalho/datapipeline/.env/lib/python3.8/site-packages/airflow/example_dags/example_skip_dag.py for tasks to queue
[2022-11-21T22:10:01.598-0300] {logging_mixin.py:115} INFO - [2022-11-21T22:10:01.597-0300] {dagbag.py:508} INFO - Filling up the DagBag from /home/juliana/Área de Trabalho/datapipeline/.env/lib/python3.8/site-packages/airflow/example_dags/example_skip_dag.py
[2022-11-21T22:10:01.608-0300] {processor.py:650} INFO - DAG(s) dict_keys(['example_skip_dag']) retrieved from /home/juliana/Área de Trabalho/datapipeline/.env/lib/python3.8/site-packages/airflow/example_dags/example_skip_dag.py
[2022-11-21T22:10:01.632-0300] {logging_mixin.py:115} INFO - [2022-11-21T22:10:01.632-0300] {dag.py:2429} INFO - Sync 1 DAGs
[2022-11-21T22:10:01.652-0300] {logging_mixin.py:115} INFO - [2022-11-21T22:10:01.652-0300] {dag.py:2977} INFO - Setting next_dagrun for example_skip_dag to 2022-11-21T01:10:01.652128+00:00, run_after=2022-11-22T01:10:01.652128+00:00
[2022-11-21T22:10:01.676-0300] {processor.py:161} INFO - Processing /home/juliana/Área de Trabalho/datapipeline/.env/lib/python3.8/site-packages/airflow/example_dags/example_skip_dag.py took 0.092 seconds
[2022-11-21T22:10:39.119-0300] {processor.py:153} INFO - Started process (PID=5292) to work on /home/juliana/Área de Trabalho/datapipeline/.env/lib/python3.8/site-packages/airflow/example_dags/example_skip_dag.py
[2022-11-21T22:10:39.125-0300] {processor.py:640} INFO - Processing file /home/juliana/Área de Trabalho/datapipeline/.env/lib/python3.8/site-packages/airflow/example_dags/example_skip_dag.py for tasks to queue
[2022-11-21T22:10:39.125-0300] {logging_mixin.py:115} INFO - [2022-11-21T22:10:39.125-0300] {dagbag.py:508} INFO - Filling up the DagBag from /home/juliana/Área de Trabalho/datapipeline/.env/lib/python3.8/site-packages/airflow/example_dags/example_skip_dag.py
[2022-11-21T22:10:39.140-0300] {processor.py:650} INFO - DAG(s) dict_keys(['example_skip_dag']) retrieved from /home/juliana/Área de Trabalho/datapipeline/.env/lib/python3.8/site-packages/airflow/example_dags/example_skip_dag.py
[2022-11-21T22:10:39.181-0300] {logging_mixin.py:115} INFO - [2022-11-21T22:10:39.180-0300] {dag.py:2429} INFO - Sync 1 DAGs
[2022-11-21T22:10:39.221-0300] {logging_mixin.py:115} INFO - [2022-11-21T22:10:39.221-0300] {dag.py:2977} INFO - Setting next_dagrun for example_skip_dag to 2022-11-21T01:10:39.216405+00:00, run_after=2022-11-22T01:10:39.216405+00:00
[2022-11-21T22:10:39.282-0300] {processor.py:161} INFO - Processing /home/juliana/Área de Trabalho/datapipeline/.env/lib/python3.8/site-packages/airflow/example_dags/example_skip_dag.py took 0.174 seconds
[2022-11-21T22:11:14.588-0300] {processor.py:153} INFO - Started process (PID=5529) to work on /home/juliana/Área de Trabalho/datapipeline/.env/lib/python3.8/site-packages/airflow/example_dags/example_skip_dag.py
[2022-11-21T22:11:14.590-0300] {processor.py:640} INFO - Processing file /home/juliana/Área de Trabalho/datapipeline/.env/lib/python3.8/site-packages/airflow/example_dags/example_skip_dag.py for tasks to queue
[2022-11-21T22:11:14.591-0300] {logging_mixin.py:115} INFO - [2022-11-21T22:11:14.591-0300] {dagbag.py:508} INFO - Filling up the DagBag from /home/juliana/Área de Trabalho/datapipeline/.env/lib/python3.8/site-packages/airflow/example_dags/example_skip_dag.py
[2022-11-21T22:11:14.599-0300] {processor.py:650} INFO - DAG(s) dict_keys(['example_skip_dag']) retrieved from /home/juliana/Área de Trabalho/datapipeline/.env/lib/python3.8/site-packages/airflow/example_dags/example_skip_dag.py
[2022-11-21T22:11:14.620-0300] {logging_mixin.py:115} INFO - [2022-11-21T22:11:14.620-0300] {dag.py:2429} INFO - Sync 1 DAGs
[2022-11-21T22:11:14.639-0300] {logging_mixin.py:115} INFO - [2022-11-21T22:11:14.639-0300] {dag.py:2977} INFO - Setting next_dagrun for example_skip_dag to 2022-11-21T01:11:14.638835+00:00, run_after=2022-11-22T01:11:14.638835+00:00
[2022-11-21T22:11:14.668-0300] {processor.py:161} INFO - Processing /home/juliana/Área de Trabalho/datapipeline/.env/lib/python3.8/site-packages/airflow/example_dags/example_skip_dag.py took 0.086 seconds
[2022-11-21T22:11:54.865-0300] {processor.py:153} INFO - Started process (PID=5925) to work on /home/juliana/Área de Trabalho/datapipeline/.env/lib/python3.8/site-packages/airflow/example_dags/example_skip_dag.py
[2022-11-21T22:11:54.871-0300] {processor.py:640} INFO - Processing file /home/juliana/Área de Trabalho/datapipeline/.env/lib/python3.8/site-packages/airflow/example_dags/example_skip_dag.py for tasks to queue
[2022-11-21T22:11:54.872-0300] {logging_mixin.py:115} INFO - [2022-11-21T22:11:54.872-0300] {dagbag.py:508} INFO - Filling up the DagBag from /home/juliana/Área de Trabalho/datapipeline/.env/lib/python3.8/site-packages/airflow/example_dags/example_skip_dag.py
[2022-11-21T22:11:54.882-0300] {processor.py:650} INFO - DAG(s) dict_keys(['example_skip_dag']) retrieved from /home/juliana/Área de Trabalho/datapipeline/.env/lib/python3.8/site-packages/airflow/example_dags/example_skip_dag.py
[2022-11-21T22:11:54.902-0300] {logging_mixin.py:115} INFO - [2022-11-21T22:11:54.902-0300] {dag.py:2429} INFO - Sync 1 DAGs
[2022-11-21T22:11:54.922-0300] {logging_mixin.py:115} INFO - [2022-11-21T22:11:54.922-0300] {dag.py:2977} INFO - Setting next_dagrun for example_skip_dag to 2022-11-21T01:11:54.922563+00:00, run_after=2022-11-22T01:11:54.922563+00:00
[2022-11-21T22:11:54.940-0300] {processor.py:161} INFO - Processing /home/juliana/Área de Trabalho/datapipeline/.env/lib/python3.8/site-packages/airflow/example_dags/example_skip_dag.py took 0.079 seconds
[2022-11-21T22:12:28.554-0300] {processor.py:153} INFO - Started process (PID=5959) to work on /home/juliana/Área de Trabalho/datapipeline/.env/lib/python3.8/site-packages/airflow/example_dags/example_skip_dag.py
[2022-11-21T22:12:28.555-0300] {processor.py:640} INFO - Processing file /home/juliana/Área de Trabalho/datapipeline/.env/lib/python3.8/site-packages/airflow/example_dags/example_skip_dag.py for tasks to queue
[2022-11-21T22:12:28.556-0300] {logging_mixin.py:115} INFO - [2022-11-21T22:12:28.556-0300] {dagbag.py:508} INFO - Filling up the DagBag from /home/juliana/Área de Trabalho/datapipeline/.env/lib/python3.8/site-packages/airflow/example_dags/example_skip_dag.py
[2022-11-21T22:12:28.563-0300] {processor.py:650} INFO - DAG(s) dict_keys(['example_skip_dag']) retrieved from /home/juliana/Área de Trabalho/datapipeline/.env/lib/python3.8/site-packages/airflow/example_dags/example_skip_dag.py
[2022-11-21T22:12:28.583-0300] {logging_mixin.py:115} INFO - [2022-11-21T22:12:28.582-0300] {dag.py:2429} INFO - Sync 1 DAGs
[2022-11-21T22:12:28.602-0300] {logging_mixin.py:115} INFO - [2022-11-21T22:12:28.601-0300] {dag.py:2977} INFO - Setting next_dagrun for example_skip_dag to 2022-11-21T01:12:28.601670+00:00, run_after=2022-11-22T01:12:28.601670+00:00
[2022-11-21T22:12:28.669-0300] {processor.py:161} INFO - Processing /home/juliana/Área de Trabalho/datapipeline/.env/lib/python3.8/site-packages/airflow/example_dags/example_skip_dag.py took 0.119 seconds
[2022-11-21T22:13:05.736-0300] {processor.py:153} INFO - Started process (PID=6007) to work on /home/juliana/Área de Trabalho/datapipeline/.env/lib/python3.8/site-packages/airflow/example_dags/example_skip_dag.py
[2022-11-21T22:13:05.742-0300] {processor.py:640} INFO - Processing file /home/juliana/Área de Trabalho/datapipeline/.env/lib/python3.8/site-packages/airflow/example_dags/example_skip_dag.py for tasks to queue
[2022-11-21T22:13:05.743-0300] {logging_mixin.py:115} INFO - [2022-11-21T22:13:05.743-0300] {dagbag.py:508} INFO - Filling up the DagBag from /home/juliana/Área de Trabalho/datapipeline/.env/lib/python3.8/site-packages/airflow/example_dags/example_skip_dag.py
[2022-11-21T22:13:05.750-0300] {processor.py:650} INFO - DAG(s) dict_keys(['example_skip_dag']) retrieved from /home/juliana/Área de Trabalho/datapipeline/.env/lib/python3.8/site-packages/airflow/example_dags/example_skip_dag.py
[2022-11-21T22:13:05.768-0300] {logging_mixin.py:115} INFO - [2022-11-21T22:13:05.768-0300] {dag.py:2429} INFO - Sync 1 DAGs
[2022-11-21T22:13:05.786-0300] {logging_mixin.py:115} INFO - [2022-11-21T22:13:05.786-0300] {dag.py:2977} INFO - Setting next_dagrun for example_skip_dag to 2022-11-21T01:13:05.786172+00:00, run_after=2022-11-22T01:13:05.786172+00:00
[2022-11-21T22:13:05.800-0300] {processor.py:161} INFO - Processing /home/juliana/Área de Trabalho/datapipeline/.env/lib/python3.8/site-packages/airflow/example_dags/example_skip_dag.py took 0.067 seconds
[2022-11-21T22:13:42.478-0300] {processor.py:153} INFO - Started process (PID=6045) to work on /home/juliana/Área de Trabalho/datapipeline/.env/lib/python3.8/site-packages/airflow/example_dags/example_skip_dag.py
[2022-11-21T22:13:42.479-0300] {processor.py:640} INFO - Processing file /home/juliana/Área de Trabalho/datapipeline/.env/lib/python3.8/site-packages/airflow/example_dags/example_skip_dag.py for tasks to queue
[2022-11-21T22:13:42.480-0300] {logging_mixin.py:115} INFO - [2022-11-21T22:13:42.480-0300] {dagbag.py:508} INFO - Filling up the DagBag from /home/juliana/Área de Trabalho/datapipeline/.env/lib/python3.8/site-packages/airflow/example_dags/example_skip_dag.py
[2022-11-21T22:13:42.486-0300] {processor.py:650} INFO - DAG(s) dict_keys(['example_skip_dag']) retrieved from /home/juliana/Área de Trabalho/datapipeline/.env/lib/python3.8/site-packages/airflow/example_dags/example_skip_dag.py
[2022-11-21T22:13:42.507-0300] {logging_mixin.py:115} INFO - [2022-11-21T22:13:42.506-0300] {dag.py:2429} INFO - Sync 1 DAGs
[2022-11-21T22:13:42.529-0300] {logging_mixin.py:115} INFO - [2022-11-21T22:13:42.529-0300] {dag.py:2977} INFO - Setting next_dagrun for example_skip_dag to 2022-11-21T01:13:42.529426+00:00, run_after=2022-11-22T01:13:42.529426+00:00
[2022-11-21T22:13:42.612-0300] {processor.py:161} INFO - Processing /home/juliana/Área de Trabalho/datapipeline/.env/lib/python3.8/site-packages/airflow/example_dags/example_skip_dag.py took 0.137 seconds
[2022-11-21T22:14:18.319-0300] {processor.py:153} INFO - Started process (PID=6080) to work on /home/juliana/Área de Trabalho/datapipeline/.env/lib/python3.8/site-packages/airflow/example_dags/example_skip_dag.py
[2022-11-21T22:14:18.321-0300] {processor.py:640} INFO - Processing file /home/juliana/Área de Trabalho/datapipeline/.env/lib/python3.8/site-packages/airflow/example_dags/example_skip_dag.py for tasks to queue
[2022-11-21T22:14:18.322-0300] {logging_mixin.py:115} INFO - [2022-11-21T22:14:18.322-0300] {dagbag.py:508} INFO - Filling up the DagBag from /home/juliana/Área de Trabalho/datapipeline/.env/lib/python3.8/site-packages/airflow/example_dags/example_skip_dag.py
[2022-11-21T22:14:18.329-0300] {processor.py:650} INFO - DAG(s) dict_keys(['example_skip_dag']) retrieved from /home/juliana/Área de Trabalho/datapipeline/.env/lib/python3.8/site-packages/airflow/example_dags/example_skip_dag.py
[2022-11-21T22:14:18.352-0300] {logging_mixin.py:115} INFO - [2022-11-21T22:14:18.352-0300] {dag.py:2429} INFO - Sync 1 DAGs
[2022-11-21T22:14:18.367-0300] {logging_mixin.py:115} INFO - [2022-11-21T22:14:18.367-0300] {dag.py:2977} INFO - Setting next_dagrun for example_skip_dag to 2022-11-21T01:14:18.367232+00:00, run_after=2022-11-22T01:14:18.367232+00:00
[2022-11-21T22:14:18.388-0300] {processor.py:161} INFO - Processing /home/juliana/Área de Trabalho/datapipeline/.env/lib/python3.8/site-packages/airflow/example_dags/example_skip_dag.py took 0.074 seconds
[2022-11-21T22:14:56.467-0300] {processor.py:153} INFO - Started process (PID=6119) to work on /home/juliana/Área de Trabalho/datapipeline/.env/lib/python3.8/site-packages/airflow/example_dags/example_skip_dag.py
[2022-11-21T22:14:56.471-0300] {processor.py:640} INFO - Processing file /home/juliana/Área de Trabalho/datapipeline/.env/lib/python3.8/site-packages/airflow/example_dags/example_skip_dag.py for tasks to queue
[2022-11-21T22:14:56.472-0300] {logging_mixin.py:115} INFO - [2022-11-21T22:14:56.472-0300] {dagbag.py:508} INFO - Filling up the DagBag from /home/juliana/Área de Trabalho/datapipeline/.env/lib/python3.8/site-packages/airflow/example_dags/example_skip_dag.py
[2022-11-21T22:14:56.487-0300] {processor.py:650} INFO - DAG(s) dict_keys(['example_skip_dag']) retrieved from /home/juliana/Área de Trabalho/datapipeline/.env/lib/python3.8/site-packages/airflow/example_dags/example_skip_dag.py
[2022-11-21T22:14:56.518-0300] {logging_mixin.py:115} INFO - [2022-11-21T22:14:56.517-0300] {dag.py:2429} INFO - Sync 1 DAGs
[2022-11-21T22:14:56.532-0300] {logging_mixin.py:115} INFO - [2022-11-21T22:14:56.532-0300] {dag.py:2977} INFO - Setting next_dagrun for example_skip_dag to 2022-11-21T01:14:56.532434+00:00, run_after=2022-11-22T01:14:56.532434+00:00
[2022-11-21T22:14:56.555-0300] {processor.py:161} INFO - Processing /home/juliana/Área de Trabalho/datapipeline/.env/lib/python3.8/site-packages/airflow/example_dags/example_skip_dag.py took 0.096 seconds
[2022-11-21T22:15:31.195-0300] {processor.py:153} INFO - Started process (PID=6154) to work on /home/juliana/Área de Trabalho/datapipeline/.env/lib/python3.8/site-packages/airflow/example_dags/example_skip_dag.py
[2022-11-21T22:15:31.196-0300] {processor.py:640} INFO - Processing file /home/juliana/Área de Trabalho/datapipeline/.env/lib/python3.8/site-packages/airflow/example_dags/example_skip_dag.py for tasks to queue
[2022-11-21T22:15:31.197-0300] {logging_mixin.py:115} INFO - [2022-11-21T22:15:31.197-0300] {dagbag.py:508} INFO - Filling up the DagBag from /home/juliana/Área de Trabalho/datapipeline/.env/lib/python3.8/site-packages/airflow/example_dags/example_skip_dag.py
[2022-11-21T22:15:31.204-0300] {processor.py:650} INFO - DAG(s) dict_keys(['example_skip_dag']) retrieved from /home/juliana/Área de Trabalho/datapipeline/.env/lib/python3.8/site-packages/airflow/example_dags/example_skip_dag.py
[2022-11-21T22:15:31.226-0300] {logging_mixin.py:115} INFO - [2022-11-21T22:15:31.226-0300] {dag.py:2429} INFO - Sync 1 DAGs
[2022-11-21T22:15:31.241-0300] {logging_mixin.py:115} INFO - [2022-11-21T22:15:31.241-0300] {dag.py:2977} INFO - Setting next_dagrun for example_skip_dag to 2022-11-21T01:15:31.241403+00:00, run_after=2022-11-22T01:15:31.241403+00:00
[2022-11-21T22:15:31.261-0300] {processor.py:161} INFO - Processing /home/juliana/Área de Trabalho/datapipeline/.env/lib/python3.8/site-packages/airflow/example_dags/example_skip_dag.py took 0.071 seconds
[2022-11-21T22:16:07.458-0300] {processor.py:153} INFO - Started process (PID=6190) to work on /home/juliana/Área de Trabalho/datapipeline/.env/lib/python3.8/site-packages/airflow/example_dags/example_skip_dag.py
[2022-11-21T22:16:07.463-0300] {processor.py:640} INFO - Processing file /home/juliana/Área de Trabalho/datapipeline/.env/lib/python3.8/site-packages/airflow/example_dags/example_skip_dag.py for tasks to queue
[2022-11-21T22:16:07.464-0300] {logging_mixin.py:115} INFO - [2022-11-21T22:16:07.464-0300] {dagbag.py:508} INFO - Filling up the DagBag from /home/juliana/Área de Trabalho/datapipeline/.env/lib/python3.8/site-packages/airflow/example_dags/example_skip_dag.py
[2022-11-21T22:16:07.478-0300] {processor.py:650} INFO - DAG(s) dict_keys(['example_skip_dag']) retrieved from /home/juliana/Área de Trabalho/datapipeline/.env/lib/python3.8/site-packages/airflow/example_dags/example_skip_dag.py
[2022-11-21T22:16:07.532-0300] {logging_mixin.py:115} INFO - [2022-11-21T22:16:07.532-0300] {dag.py:2429} INFO - Sync 1 DAGs
[2022-11-21T22:16:07.547-0300] {logging_mixin.py:115} INFO - [2022-11-21T22:16:07.547-0300] {dag.py:2977} INFO - Setting next_dagrun for example_skip_dag to 2022-11-21T01:16:07.547254+00:00, run_after=2022-11-22T01:16:07.547254+00:00
[2022-11-21T22:16:07.568-0300] {processor.py:161} INFO - Processing /home/juliana/Área de Trabalho/datapipeline/.env/lib/python3.8/site-packages/airflow/example_dags/example_skip_dag.py took 0.118 seconds
[2022-11-21T22:16:43.057-0300] {processor.py:153} INFO - Started process (PID=6233) to work on /home/juliana/Área de Trabalho/datapipeline/.env/lib/python3.8/site-packages/airflow/example_dags/example_skip_dag.py
[2022-11-21T22:16:43.058-0300] {processor.py:640} INFO - Processing file /home/juliana/Área de Trabalho/datapipeline/.env/lib/python3.8/site-packages/airflow/example_dags/example_skip_dag.py for tasks to queue
[2022-11-21T22:16:43.059-0300] {logging_mixin.py:115} INFO - [2022-11-21T22:16:43.059-0300] {dagbag.py:508} INFO - Filling up the DagBag from /home/juliana/Área de Trabalho/datapipeline/.env/lib/python3.8/site-packages/airflow/example_dags/example_skip_dag.py
[2022-11-21T22:16:43.064-0300] {processor.py:650} INFO - DAG(s) dict_keys(['example_skip_dag']) retrieved from /home/juliana/Área de Trabalho/datapipeline/.env/lib/python3.8/site-packages/airflow/example_dags/example_skip_dag.py
[2022-11-21T22:16:43.083-0300] {logging_mixin.py:115} INFO - [2022-11-21T22:16:43.083-0300] {dag.py:2429} INFO - Sync 1 DAGs
[2022-11-21T22:16:43.098-0300] {logging_mixin.py:115} INFO - [2022-11-21T22:16:43.098-0300] {dag.py:2977} INFO - Setting next_dagrun for example_skip_dag to 2022-11-21T01:16:43.098384+00:00, run_after=2022-11-22T01:16:43.098384+00:00
[2022-11-21T22:16:43.126-0300] {processor.py:161} INFO - Processing /home/juliana/Área de Trabalho/datapipeline/.env/lib/python3.8/site-packages/airflow/example_dags/example_skip_dag.py took 0.073 seconds
