[2022-11-21T21:13:16.710-0300] {processor.py:153} INFO - Started process (PID=3092) to work on /home/juliana/Área de Trabalho/datapipeline/.env/lib/python3.8/site-packages/airflow/example_dags/example_dag_decorator.py
[2022-11-21T21:13:16.711-0300] {processor.py:640} INFO - Processing file /home/juliana/Área de Trabalho/datapipeline/.env/lib/python3.8/site-packages/airflow/example_dags/example_dag_decorator.py for tasks to queue
[2022-11-21T21:13:16.711-0300] {logging_mixin.py:115} INFO - [2022-11-21T21:13:16.711-0300] {dagbag.py:508} INFO - Filling up the DagBag from /home/juliana/Área de Trabalho/datapipeline/.env/lib/python3.8/site-packages/airflow/example_dags/example_dag_decorator.py
[2022-11-21T21:13:16.836-0300] {processor.py:650} INFO - DAG(s) dict_keys(['example_dag_decorator']) retrieved from /home/juliana/Área de Trabalho/datapipeline/.env/lib/python3.8/site-packages/airflow/example_dags/example_dag_decorator.py
[2022-11-21T21:13:17.117-0300] {logging_mixin.py:115} INFO - [2022-11-21T21:13:17.109-0300] {dag.py:2429} INFO - Sync 1 DAGs
[2022-11-21T21:13:17.169-0300] {logging_mixin.py:115} INFO - [2022-11-21T21:13:17.168-0300] {dag.py:2977} INFO - Setting next_dagrun for example_dag_decorator to None, run_after=None
[2022-11-21T21:13:17.256-0300] {processor.py:161} INFO - Processing /home/juliana/Área de Trabalho/datapipeline/.env/lib/python3.8/site-packages/airflow/example_dags/example_dag_decorator.py took 0.555 seconds
[2022-11-21T21:13:54.201-0300] {processor.py:153} INFO - Started process (PID=3169) to work on /home/juliana/Área de Trabalho/datapipeline/.env/lib/python3.8/site-packages/airflow/example_dags/example_dag_decorator.py
[2022-11-21T21:13:54.203-0300] {processor.py:640} INFO - Processing file /home/juliana/Área de Trabalho/datapipeline/.env/lib/python3.8/site-packages/airflow/example_dags/example_dag_decorator.py for tasks to queue
[2022-11-21T21:13:54.204-0300] {logging_mixin.py:115} INFO - [2022-11-21T21:13:54.204-0300] {dagbag.py:508} INFO - Filling up the DagBag from /home/juliana/Área de Trabalho/datapipeline/.env/lib/python3.8/site-packages/airflow/example_dags/example_dag_decorator.py
[2022-11-21T21:13:54.260-0300] {processor.py:650} INFO - DAG(s) dict_keys(['example_dag_decorator']) retrieved from /home/juliana/Área de Trabalho/datapipeline/.env/lib/python3.8/site-packages/airflow/example_dags/example_dag_decorator.py
[2022-11-21T21:13:54.345-0300] {logging_mixin.py:115} INFO - [2022-11-21T21:13:54.345-0300] {dag.py:2429} INFO - Sync 1 DAGs
[2022-11-21T21:13:54.383-0300] {logging_mixin.py:115} INFO - [2022-11-21T21:13:54.383-0300] {dag.py:2977} INFO - Setting next_dagrun for example_dag_decorator to None, run_after=None
[2022-11-21T21:13:54.408-0300] {processor.py:161} INFO - Processing /home/juliana/Área de Trabalho/datapipeline/.env/lib/python3.8/site-packages/airflow/example_dags/example_dag_decorator.py took 0.210 seconds
[2022-11-21T21:14:47.246-0300] {processor.py:153} INFO - Started process (PID=3464) to work on /home/juliana/Área de Trabalho/datapipeline/.env/lib/python3.8/site-packages/airflow/example_dags/example_dag_decorator.py
[2022-11-21T21:14:47.250-0300] {processor.py:640} INFO - Processing file /home/juliana/Área de Trabalho/datapipeline/.env/lib/python3.8/site-packages/airflow/example_dags/example_dag_decorator.py for tasks to queue
[2022-11-21T21:14:47.250-0300] {logging_mixin.py:115} INFO - [2022-11-21T21:14:47.250-0300] {dagbag.py:508} INFO - Filling up the DagBag from /home/juliana/Área de Trabalho/datapipeline/.env/lib/python3.8/site-packages/airflow/example_dags/example_dag_decorator.py
[2022-11-21T21:14:47.366-0300] {processor.py:650} INFO - DAG(s) dict_keys(['example_dag_decorator']) retrieved from /home/juliana/Área de Trabalho/datapipeline/.env/lib/python3.8/site-packages/airflow/example_dags/example_dag_decorator.py
[2022-11-21T21:14:47.452-0300] {logging_mixin.py:115} INFO - [2022-11-21T21:14:47.450-0300] {dag.py:2429} INFO - Sync 1 DAGs
[2022-11-21T21:14:47.524-0300] {logging_mixin.py:115} INFO - [2022-11-21T21:14:47.524-0300] {dag.py:2977} INFO - Setting next_dagrun for example_dag_decorator to None, run_after=None
[2022-11-21T21:14:47.584-0300] {processor.py:161} INFO - Processing /home/juliana/Área de Trabalho/datapipeline/.env/lib/python3.8/site-packages/airflow/example_dags/example_dag_decorator.py took 0.344 seconds
[2022-11-21T21:16:04.695-0300] {processor.py:153} INFO - Started process (PID=3526) to work on /home/juliana/Área de Trabalho/datapipeline/.env/lib/python3.8/site-packages/airflow/example_dags/example_dag_decorator.py
[2022-11-21T21:16:04.701-0300] {processor.py:640} INFO - Processing file /home/juliana/Área de Trabalho/datapipeline/.env/lib/python3.8/site-packages/airflow/example_dags/example_dag_decorator.py for tasks to queue
[2022-11-21T21:16:04.702-0300] {logging_mixin.py:115} INFO - [2022-11-21T21:16:04.702-0300] {dagbag.py:508} INFO - Filling up the DagBag from /home/juliana/Área de Trabalho/datapipeline/.env/lib/python3.8/site-packages/airflow/example_dags/example_dag_decorator.py
[2022-11-21T21:16:04.846-0300] {processor.py:650} INFO - DAG(s) dict_keys(['example_dag_decorator']) retrieved from /home/juliana/Área de Trabalho/datapipeline/.env/lib/python3.8/site-packages/airflow/example_dags/example_dag_decorator.py
[2022-11-21T21:16:05.407-0300] {logging_mixin.py:115} INFO - [2022-11-21T21:16:05.323-0300] {dag.py:2429} INFO - Sync 1 DAGs
[2022-11-21T21:16:06.722-0300] {logging_mixin.py:115} INFO - [2022-11-21T21:16:06.692-0300] {dag.py:2977} INFO - Setting next_dagrun for example_dag_decorator to None, run_after=None
[2022-11-21T21:16:07.396-0300] {processor.py:161} INFO - Processing /home/juliana/Área de Trabalho/datapipeline/.env/lib/python3.8/site-packages/airflow/example_dags/example_dag_decorator.py took 2.714 seconds
[2022-11-21T21:19:20.179-0300] {processor.py:153} INFO - Started process (PID=3636) to work on /home/juliana/Área de Trabalho/datapipeline/.env/lib/python3.8/site-packages/airflow/example_dags/example_dag_decorator.py
[2022-11-21T21:19:20.190-0300] {processor.py:640} INFO - Processing file /home/juliana/Área de Trabalho/datapipeline/.env/lib/python3.8/site-packages/airflow/example_dags/example_dag_decorator.py for tasks to queue
[2022-11-21T21:19:20.193-0300] {logging_mixin.py:115} INFO - [2022-11-21T21:19:20.193-0300] {dagbag.py:508} INFO - Filling up the DagBag from /home/juliana/Área de Trabalho/datapipeline/.env/lib/python3.8/site-packages/airflow/example_dags/example_dag_decorator.py
[2022-11-21T21:19:20.873-0300] {processor.py:650} INFO - DAG(s) dict_keys(['example_dag_decorator']) retrieved from /home/juliana/Área de Trabalho/datapipeline/.env/lib/python3.8/site-packages/airflow/example_dags/example_dag_decorator.py
[2022-11-21T21:19:24.301-0300] {logging_mixin.py:115} INFO - [2022-11-21T21:19:24.051-0300] {dag.py:2429} INFO - Sync 1 DAGs
[2022-11-21T21:19:29.732-0300] {logging_mixin.py:115} INFO - [2022-11-21T21:19:28.426-0300] {dag.py:2977} INFO - Setting next_dagrun for example_dag_decorator to None, run_after=None
[2022-11-21T21:19:41.252-0300] {processor.py:161} INFO - Processing /home/juliana/Área de Trabalho/datapipeline/.env/lib/python3.8/site-packages/airflow/example_dags/example_dag_decorator.py took 21.026 seconds
[2022-11-21T21:38:35.753-0300] {processor.py:153} INFO - Started process (PID=7905) to work on /home/juliana/Área de Trabalho/datapipeline/.env/lib/python3.8/site-packages/airflow/example_dags/example_dag_decorator.py
[2022-11-21T21:38:35.756-0300] {processor.py:640} INFO - Processing file /home/juliana/Área de Trabalho/datapipeline/.env/lib/python3.8/site-packages/airflow/example_dags/example_dag_decorator.py for tasks to queue
[2022-11-21T21:38:35.756-0300] {logging_mixin.py:115} INFO - [2022-11-21T21:38:35.756-0300] {dagbag.py:508} INFO - Filling up the DagBag from /home/juliana/Área de Trabalho/datapipeline/.env/lib/python3.8/site-packages/airflow/example_dags/example_dag_decorator.py
[2022-11-21T21:38:35.824-0300] {processor.py:650} INFO - DAG(s) dict_keys(['example_dag_decorator']) retrieved from /home/juliana/Área de Trabalho/datapipeline/.env/lib/python3.8/site-packages/airflow/example_dags/example_dag_decorator.py
[2022-11-21T21:38:35.940-0300] {logging_mixin.py:115} INFO - [2022-11-21T21:38:35.940-0300] {dag.py:2429} INFO - Sync 1 DAGs
[2022-11-21T21:38:35.973-0300] {logging_mixin.py:115} INFO - [2022-11-21T21:38:35.973-0300] {dag.py:2977} INFO - Setting next_dagrun for example_dag_decorator to None, run_after=None
[2022-11-21T21:38:36.003-0300] {processor.py:161} INFO - Processing /home/juliana/Área de Trabalho/datapipeline/.env/lib/python3.8/site-packages/airflow/example_dags/example_dag_decorator.py took 0.254 seconds
[2022-11-21T21:39:15.191-0300] {processor.py:153} INFO - Started process (PID=8086) to work on /home/juliana/Área de Trabalho/datapipeline/.env/lib/python3.8/site-packages/airflow/example_dags/example_dag_decorator.py
[2022-11-21T21:39:15.198-0300] {processor.py:640} INFO - Processing file /home/juliana/Área de Trabalho/datapipeline/.env/lib/python3.8/site-packages/airflow/example_dags/example_dag_decorator.py for tasks to queue
[2022-11-21T21:39:15.199-0300] {logging_mixin.py:115} INFO - [2022-11-21T21:39:15.199-0300] {dagbag.py:508} INFO - Filling up the DagBag from /home/juliana/Área de Trabalho/datapipeline/.env/lib/python3.8/site-packages/airflow/example_dags/example_dag_decorator.py
[2022-11-21T21:39:15.234-0300] {processor.py:650} INFO - DAG(s) dict_keys(['example_dag_decorator']) retrieved from /home/juliana/Área de Trabalho/datapipeline/.env/lib/python3.8/site-packages/airflow/example_dags/example_dag_decorator.py
[2022-11-21T21:39:15.270-0300] {logging_mixin.py:115} INFO - [2022-11-21T21:39:15.269-0300] {dag.py:2429} INFO - Sync 1 DAGs
[2022-11-21T21:39:15.281-0300] {logging_mixin.py:115} INFO - [2022-11-21T21:39:15.280-0300] {dag.py:2977} INFO - Setting next_dagrun for example_dag_decorator to None, run_after=None
[2022-11-21T21:39:15.296-0300] {processor.py:161} INFO - Processing /home/juliana/Área de Trabalho/datapipeline/.env/lib/python3.8/site-packages/airflow/example_dags/example_dag_decorator.py took 0.110 seconds
[2022-11-21T21:39:51.059-0300] {processor.py:153} INFO - Started process (PID=8144) to work on /home/juliana/Área de Trabalho/datapipeline/.env/lib/python3.8/site-packages/airflow/example_dags/example_dag_decorator.py
[2022-11-21T21:39:51.060-0300] {processor.py:640} INFO - Processing file /home/juliana/Área de Trabalho/datapipeline/.env/lib/python3.8/site-packages/airflow/example_dags/example_dag_decorator.py for tasks to queue
[2022-11-21T21:39:51.060-0300] {logging_mixin.py:115} INFO - [2022-11-21T21:39:51.060-0300] {dagbag.py:508} INFO - Filling up the DagBag from /home/juliana/Área de Trabalho/datapipeline/.env/lib/python3.8/site-packages/airflow/example_dags/example_dag_decorator.py
[2022-11-21T21:39:51.090-0300] {processor.py:650} INFO - DAG(s) dict_keys(['example_dag_decorator']) retrieved from /home/juliana/Área de Trabalho/datapipeline/.env/lib/python3.8/site-packages/airflow/example_dags/example_dag_decorator.py
[2022-11-21T21:39:51.109-0300] {logging_mixin.py:115} INFO - [2022-11-21T21:39:51.109-0300] {dag.py:2429} INFO - Sync 1 DAGs
[2022-11-21T21:39:51.135-0300] {logging_mixin.py:115} INFO - [2022-11-21T21:39:51.134-0300] {dag.py:2977} INFO - Setting next_dagrun for example_dag_decorator to None, run_after=None
[2022-11-21T21:39:51.160-0300] {processor.py:161} INFO - Processing /home/juliana/Área de Trabalho/datapipeline/.env/lib/python3.8/site-packages/airflow/example_dags/example_dag_decorator.py took 0.109 seconds
[2022-11-21T21:40:27.785-0300] {processor.py:153} INFO - Started process (PID=8492) to work on /home/juliana/Área de Trabalho/datapipeline/.env/lib/python3.8/site-packages/airflow/example_dags/example_dag_decorator.py
[2022-11-21T21:40:27.787-0300] {processor.py:640} INFO - Processing file /home/juliana/Área de Trabalho/datapipeline/.env/lib/python3.8/site-packages/airflow/example_dags/example_dag_decorator.py for tasks to queue
[2022-11-21T21:40:27.788-0300] {logging_mixin.py:115} INFO - [2022-11-21T21:40:27.788-0300] {dagbag.py:508} INFO - Filling up the DagBag from /home/juliana/Área de Trabalho/datapipeline/.env/lib/python3.8/site-packages/airflow/example_dags/example_dag_decorator.py
[2022-11-21T21:40:27.839-0300] {processor.py:650} INFO - DAG(s) dict_keys(['example_dag_decorator']) retrieved from /home/juliana/Área de Trabalho/datapipeline/.env/lib/python3.8/site-packages/airflow/example_dags/example_dag_decorator.py
[2022-11-21T21:40:27.921-0300] {logging_mixin.py:115} INFO - [2022-11-21T21:40:27.921-0300] {dag.py:2429} INFO - Sync 1 DAGs
[2022-11-21T21:40:27.946-0300] {logging_mixin.py:115} INFO - [2022-11-21T21:40:27.946-0300] {dag.py:2977} INFO - Setting next_dagrun for example_dag_decorator to None, run_after=None
[2022-11-21T21:40:27.965-0300] {processor.py:161} INFO - Processing /home/juliana/Área de Trabalho/datapipeline/.env/lib/python3.8/site-packages/airflow/example_dags/example_dag_decorator.py took 0.185 seconds
[2022-11-21T21:41:06.621-0300] {processor.py:153} INFO - Started process (PID=8712) to work on /home/juliana/Área de Trabalho/datapipeline/.env/lib/python3.8/site-packages/airflow/example_dags/example_dag_decorator.py
[2022-11-21T21:41:06.627-0300] {processor.py:640} INFO - Processing file /home/juliana/Área de Trabalho/datapipeline/.env/lib/python3.8/site-packages/airflow/example_dags/example_dag_decorator.py for tasks to queue
[2022-11-21T21:41:06.636-0300] {logging_mixin.py:115} INFO - [2022-11-21T21:41:06.636-0300] {dagbag.py:508} INFO - Filling up the DagBag from /home/juliana/Área de Trabalho/datapipeline/.env/lib/python3.8/site-packages/airflow/example_dags/example_dag_decorator.py
[2022-11-21T21:41:06.688-0300] {processor.py:650} INFO - DAG(s) dict_keys(['example_dag_decorator']) retrieved from /home/juliana/Área de Trabalho/datapipeline/.env/lib/python3.8/site-packages/airflow/example_dags/example_dag_decorator.py
[2022-11-21T21:41:06.725-0300] {logging_mixin.py:115} INFO - [2022-11-21T21:41:06.725-0300] {dag.py:2429} INFO - Sync 1 DAGs
[2022-11-21T21:41:06.758-0300] {logging_mixin.py:115} INFO - [2022-11-21T21:41:06.758-0300] {dag.py:2977} INFO - Setting next_dagrun for example_dag_decorator to None, run_after=None
[2022-11-21T21:41:06.789-0300] {processor.py:161} INFO - Processing /home/juliana/Área de Trabalho/datapipeline/.env/lib/python3.8/site-packages/airflow/example_dags/example_dag_decorator.py took 0.175 seconds
[2022-11-21T21:41:41.656-0300] {processor.py:153} INFO - Started process (PID=8925) to work on /home/juliana/Área de Trabalho/datapipeline/.env/lib/python3.8/site-packages/airflow/example_dags/example_dag_decorator.py
[2022-11-21T21:41:41.657-0300] {processor.py:640} INFO - Processing file /home/juliana/Área de Trabalho/datapipeline/.env/lib/python3.8/site-packages/airflow/example_dags/example_dag_decorator.py for tasks to queue
[2022-11-21T21:41:41.658-0300] {logging_mixin.py:115} INFO - [2022-11-21T21:41:41.658-0300] {dagbag.py:508} INFO - Filling up the DagBag from /home/juliana/Área de Trabalho/datapipeline/.env/lib/python3.8/site-packages/airflow/example_dags/example_dag_decorator.py
[2022-11-21T21:41:41.683-0300] {processor.py:650} INFO - DAG(s) dict_keys(['example_dag_decorator']) retrieved from /home/juliana/Área de Trabalho/datapipeline/.env/lib/python3.8/site-packages/airflow/example_dags/example_dag_decorator.py
[2022-11-21T21:41:41.720-0300] {logging_mixin.py:115} INFO - [2022-11-21T21:41:41.719-0300] {dag.py:2429} INFO - Sync 1 DAGs
[2022-11-21T21:41:41.734-0300] {logging_mixin.py:115} INFO - [2022-11-21T21:41:41.734-0300] {dag.py:2977} INFO - Setting next_dagrun for example_dag_decorator to None, run_after=None
[2022-11-21T21:41:41.755-0300] {processor.py:161} INFO - Processing /home/juliana/Área de Trabalho/datapipeline/.env/lib/python3.8/site-packages/airflow/example_dags/example_dag_decorator.py took 0.105 seconds
[2022-11-21T21:42:16.492-0300] {processor.py:153} INFO - Started process (PID=9139) to work on /home/juliana/Área de Trabalho/datapipeline/.env/lib/python3.8/site-packages/airflow/example_dags/example_dag_decorator.py
[2022-11-21T21:42:16.494-0300] {processor.py:640} INFO - Processing file /home/juliana/Área de Trabalho/datapipeline/.env/lib/python3.8/site-packages/airflow/example_dags/example_dag_decorator.py for tasks to queue
[2022-11-21T21:42:16.495-0300] {logging_mixin.py:115} INFO - [2022-11-21T21:42:16.495-0300] {dagbag.py:508} INFO - Filling up the DagBag from /home/juliana/Área de Trabalho/datapipeline/.env/lib/python3.8/site-packages/airflow/example_dags/example_dag_decorator.py
[2022-11-21T21:42:16.524-0300] {processor.py:650} INFO - DAG(s) dict_keys(['example_dag_decorator']) retrieved from /home/juliana/Área de Trabalho/datapipeline/.env/lib/python3.8/site-packages/airflow/example_dags/example_dag_decorator.py
[2022-11-21T21:42:16.562-0300] {logging_mixin.py:115} INFO - [2022-11-21T21:42:16.562-0300] {dag.py:2429} INFO - Sync 1 DAGs
[2022-11-21T21:42:16.574-0300] {logging_mixin.py:115} INFO - [2022-11-21T21:42:16.574-0300] {dag.py:2977} INFO - Setting next_dagrun for example_dag_decorator to None, run_after=None
[2022-11-21T21:42:16.599-0300] {processor.py:161} INFO - Processing /home/juliana/Área de Trabalho/datapipeline/.env/lib/python3.8/site-packages/airflow/example_dags/example_dag_decorator.py took 0.113 seconds
[2022-11-21T21:42:53.039-0300] {processor.py:153} INFO - Started process (PID=9350) to work on /home/juliana/Área de Trabalho/datapipeline/.env/lib/python3.8/site-packages/airflow/example_dags/example_dag_decorator.py
[2022-11-21T21:42:53.041-0300] {processor.py:640} INFO - Processing file /home/juliana/Área de Trabalho/datapipeline/.env/lib/python3.8/site-packages/airflow/example_dags/example_dag_decorator.py for tasks to queue
[2022-11-21T21:42:53.042-0300] {logging_mixin.py:115} INFO - [2022-11-21T21:42:53.042-0300] {dagbag.py:508} INFO - Filling up the DagBag from /home/juliana/Área de Trabalho/datapipeline/.env/lib/python3.8/site-packages/airflow/example_dags/example_dag_decorator.py
[2022-11-21T21:42:53.070-0300] {processor.py:650} INFO - DAG(s) dict_keys(['example_dag_decorator']) retrieved from /home/juliana/Área de Trabalho/datapipeline/.env/lib/python3.8/site-packages/airflow/example_dags/example_dag_decorator.py
[2022-11-21T21:42:53.085-0300] {logging_mixin.py:115} INFO - [2022-11-21T21:42:53.085-0300] {dag.py:2429} INFO - Sync 1 DAGs
[2022-11-21T21:42:53.099-0300] {logging_mixin.py:115} INFO - [2022-11-21T21:42:53.098-0300] {dag.py:2977} INFO - Setting next_dagrun for example_dag_decorator to None, run_after=None
[2022-11-21T21:42:53.119-0300] {processor.py:161} INFO - Processing /home/juliana/Área de Trabalho/datapipeline/.env/lib/python3.8/site-packages/airflow/example_dags/example_dag_decorator.py took 0.085 seconds
[2022-11-21T21:43:28.835-0300] {processor.py:153} INFO - Started process (PID=9562) to work on /home/juliana/Área de Trabalho/datapipeline/.env/lib/python3.8/site-packages/airflow/example_dags/example_dag_decorator.py
[2022-11-21T21:43:28.836-0300] {processor.py:640} INFO - Processing file /home/juliana/Área de Trabalho/datapipeline/.env/lib/python3.8/site-packages/airflow/example_dags/example_dag_decorator.py for tasks to queue
[2022-11-21T21:43:28.837-0300] {logging_mixin.py:115} INFO - [2022-11-21T21:43:28.837-0300] {dagbag.py:508} INFO - Filling up the DagBag from /home/juliana/Área de Trabalho/datapipeline/.env/lib/python3.8/site-packages/airflow/example_dags/example_dag_decorator.py
[2022-11-21T21:43:28.866-0300] {processor.py:650} INFO - DAG(s) dict_keys(['example_dag_decorator']) retrieved from /home/juliana/Área de Trabalho/datapipeline/.env/lib/python3.8/site-packages/airflow/example_dags/example_dag_decorator.py
[2022-11-21T21:43:28.901-0300] {logging_mixin.py:115} INFO - [2022-11-21T21:43:28.901-0300] {dag.py:2429} INFO - Sync 1 DAGs
[2022-11-21T21:43:28.914-0300] {logging_mixin.py:115} INFO - [2022-11-21T21:43:28.914-0300] {dag.py:2977} INFO - Setting next_dagrun for example_dag_decorator to None, run_after=None
[2022-11-21T21:43:28.950-0300] {processor.py:161} INFO - Processing /home/juliana/Área de Trabalho/datapipeline/.env/lib/python3.8/site-packages/airflow/example_dags/example_dag_decorator.py took 0.120 seconds
[2022-11-21T21:44:03.559-0300] {processor.py:153} INFO - Started process (PID=9680) to work on /home/juliana/Área de Trabalho/datapipeline/.env/lib/python3.8/site-packages/airflow/example_dags/example_dag_decorator.py
[2022-11-21T21:44:03.560-0300] {processor.py:640} INFO - Processing file /home/juliana/Área de Trabalho/datapipeline/.env/lib/python3.8/site-packages/airflow/example_dags/example_dag_decorator.py for tasks to queue
[2022-11-21T21:44:03.561-0300] {logging_mixin.py:115} INFO - [2022-11-21T21:44:03.561-0300] {dagbag.py:508} INFO - Filling up the DagBag from /home/juliana/Área de Trabalho/datapipeline/.env/lib/python3.8/site-packages/airflow/example_dags/example_dag_decorator.py
[2022-11-21T21:44:03.587-0300] {processor.py:650} INFO - DAG(s) dict_keys(['example_dag_decorator']) retrieved from /home/juliana/Área de Trabalho/datapipeline/.env/lib/python3.8/site-packages/airflow/example_dags/example_dag_decorator.py
[2022-11-21T21:44:03.602-0300] {logging_mixin.py:115} INFO - [2022-11-21T21:44:03.602-0300] {dag.py:2429} INFO - Sync 1 DAGs
[2022-11-21T21:44:03.617-0300] {logging_mixin.py:115} INFO - [2022-11-21T21:44:03.616-0300] {dag.py:2977} INFO - Setting next_dagrun for example_dag_decorator to None, run_after=None
[2022-11-21T21:44:03.638-0300] {processor.py:161} INFO - Processing /home/juliana/Área de Trabalho/datapipeline/.env/lib/python3.8/site-packages/airflow/example_dags/example_dag_decorator.py took 0.083 seconds
[2022-11-21T21:44:38.662-0300] {processor.py:153} INFO - Started process (PID=9725) to work on /home/juliana/Área de Trabalho/datapipeline/.env/lib/python3.8/site-packages/airflow/example_dags/example_dag_decorator.py
[2022-11-21T21:44:38.668-0300] {processor.py:640} INFO - Processing file /home/juliana/Área de Trabalho/datapipeline/.env/lib/python3.8/site-packages/airflow/example_dags/example_dag_decorator.py for tasks to queue
[2022-11-21T21:44:38.669-0300] {logging_mixin.py:115} INFO - [2022-11-21T21:44:38.669-0300] {dagbag.py:508} INFO - Filling up the DagBag from /home/juliana/Área de Trabalho/datapipeline/.env/lib/python3.8/site-packages/airflow/example_dags/example_dag_decorator.py
[2022-11-21T21:44:38.702-0300] {processor.py:650} INFO - DAG(s) dict_keys(['example_dag_decorator']) retrieved from /home/juliana/Área de Trabalho/datapipeline/.env/lib/python3.8/site-packages/airflow/example_dags/example_dag_decorator.py
[2022-11-21T21:44:38.741-0300] {logging_mixin.py:115} INFO - [2022-11-21T21:44:38.741-0300] {dag.py:2429} INFO - Sync 1 DAGs
[2022-11-21T21:44:38.752-0300] {logging_mixin.py:115} INFO - [2022-11-21T21:44:38.752-0300] {dag.py:2977} INFO - Setting next_dagrun for example_dag_decorator to None, run_after=None
[2022-11-21T21:44:38.824-0300] {processor.py:161} INFO - Processing /home/juliana/Área de Trabalho/datapipeline/.env/lib/python3.8/site-packages/airflow/example_dags/example_dag_decorator.py took 0.168 seconds
[2022-11-21T21:45:13.773-0300] {processor.py:153} INFO - Started process (PID=9763) to work on /home/juliana/Área de Trabalho/datapipeline/.env/lib/python3.8/site-packages/airflow/example_dags/example_dag_decorator.py
[2022-11-21T21:45:13.774-0300] {processor.py:640} INFO - Processing file /home/juliana/Área de Trabalho/datapipeline/.env/lib/python3.8/site-packages/airflow/example_dags/example_dag_decorator.py for tasks to queue
[2022-11-21T21:45:13.774-0300] {logging_mixin.py:115} INFO - [2022-11-21T21:45:13.774-0300] {dagbag.py:508} INFO - Filling up the DagBag from /home/juliana/Área de Trabalho/datapipeline/.env/lib/python3.8/site-packages/airflow/example_dags/example_dag_decorator.py
[2022-11-21T21:45:13.797-0300] {processor.py:650} INFO - DAG(s) dict_keys(['example_dag_decorator']) retrieved from /home/juliana/Área de Trabalho/datapipeline/.env/lib/python3.8/site-packages/airflow/example_dags/example_dag_decorator.py
[2022-11-21T21:45:13.812-0300] {logging_mixin.py:115} INFO - [2022-11-21T21:45:13.812-0300] {dag.py:2429} INFO - Sync 1 DAGs
[2022-11-21T21:45:13.827-0300] {logging_mixin.py:115} INFO - [2022-11-21T21:45:13.827-0300] {dag.py:2977} INFO - Setting next_dagrun for example_dag_decorator to None, run_after=None
[2022-11-21T21:45:13.840-0300] {processor.py:161} INFO - Processing /home/juliana/Área de Trabalho/datapipeline/.env/lib/python3.8/site-packages/airflow/example_dags/example_dag_decorator.py took 0.070 seconds
[2022-11-21T21:45:49.694-0300] {processor.py:153} INFO - Started process (PID=9833) to work on /home/juliana/Área de Trabalho/datapipeline/.env/lib/python3.8/site-packages/airflow/example_dags/example_dag_decorator.py
[2022-11-21T21:45:49.695-0300] {processor.py:640} INFO - Processing file /home/juliana/Área de Trabalho/datapipeline/.env/lib/python3.8/site-packages/airflow/example_dags/example_dag_decorator.py for tasks to queue
[2022-11-21T21:45:49.695-0300] {logging_mixin.py:115} INFO - [2022-11-21T21:45:49.695-0300] {dagbag.py:508} INFO - Filling up the DagBag from /home/juliana/Área de Trabalho/datapipeline/.env/lib/python3.8/site-packages/airflow/example_dags/example_dag_decorator.py
[2022-11-21T21:45:49.737-0300] {processor.py:650} INFO - DAG(s) dict_keys(['example_dag_decorator']) retrieved from /home/juliana/Área de Trabalho/datapipeline/.env/lib/python3.8/site-packages/airflow/example_dags/example_dag_decorator.py
[2022-11-21T21:45:49.774-0300] {logging_mixin.py:115} INFO - [2022-11-21T21:45:49.774-0300] {dag.py:2429} INFO - Sync 1 DAGs
[2022-11-21T21:45:49.786-0300] {logging_mixin.py:115} INFO - [2022-11-21T21:45:49.786-0300] {dag.py:2977} INFO - Setting next_dagrun for example_dag_decorator to None, run_after=None
[2022-11-21T21:45:49.808-0300] {processor.py:161} INFO - Processing /home/juliana/Área de Trabalho/datapipeline/.env/lib/python3.8/site-packages/airflow/example_dags/example_dag_decorator.py took 0.118 seconds
[2022-11-21T21:46:25.820-0300] {processor.py:153} INFO - Started process (PID=10052) to work on /home/juliana/Área de Trabalho/datapipeline/.env/lib/python3.8/site-packages/airflow/example_dags/example_dag_decorator.py
[2022-11-21T21:46:25.822-0300] {processor.py:640} INFO - Processing file /home/juliana/Área de Trabalho/datapipeline/.env/lib/python3.8/site-packages/airflow/example_dags/example_dag_decorator.py for tasks to queue
[2022-11-21T21:46:25.823-0300] {logging_mixin.py:115} INFO - [2022-11-21T21:46:25.823-0300] {dagbag.py:508} INFO - Filling up the DagBag from /home/juliana/Área de Trabalho/datapipeline/.env/lib/python3.8/site-packages/airflow/example_dags/example_dag_decorator.py
[2022-11-21T21:46:25.860-0300] {processor.py:650} INFO - DAG(s) dict_keys(['example_dag_decorator']) retrieved from /home/juliana/Área de Trabalho/datapipeline/.env/lib/python3.8/site-packages/airflow/example_dags/example_dag_decorator.py
[2022-11-21T21:46:25.875-0300] {logging_mixin.py:115} INFO - [2022-11-21T21:46:25.875-0300] {dag.py:2429} INFO - Sync 1 DAGs
[2022-11-21T21:46:25.893-0300] {logging_mixin.py:115} INFO - [2022-11-21T21:46:25.892-0300] {dag.py:2977} INFO - Setting next_dagrun for example_dag_decorator to None, run_after=None
[2022-11-21T21:46:25.920-0300] {processor.py:161} INFO - Processing /home/juliana/Área de Trabalho/datapipeline/.env/lib/python3.8/site-packages/airflow/example_dags/example_dag_decorator.py took 0.106 seconds
[2022-11-21T21:47:02.500-0300] {processor.py:153} INFO - Started process (PID=10271) to work on /home/juliana/Área de Trabalho/datapipeline/.env/lib/python3.8/site-packages/airflow/example_dags/example_dag_decorator.py
[2022-11-21T21:47:02.501-0300] {processor.py:640} INFO - Processing file /home/juliana/Área de Trabalho/datapipeline/.env/lib/python3.8/site-packages/airflow/example_dags/example_dag_decorator.py for tasks to queue
[2022-11-21T21:47:02.502-0300] {logging_mixin.py:115} INFO - [2022-11-21T21:47:02.502-0300] {dagbag.py:508} INFO - Filling up the DagBag from /home/juliana/Área de Trabalho/datapipeline/.env/lib/python3.8/site-packages/airflow/example_dags/example_dag_decorator.py
[2022-11-21T21:47:02.537-0300] {processor.py:650} INFO - DAG(s) dict_keys(['example_dag_decorator']) retrieved from /home/juliana/Área de Trabalho/datapipeline/.env/lib/python3.8/site-packages/airflow/example_dags/example_dag_decorator.py
[2022-11-21T21:47:02.577-0300] {logging_mixin.py:115} INFO - [2022-11-21T21:47:02.577-0300] {dag.py:2429} INFO - Sync 1 DAGs
[2022-11-21T21:47:02.589-0300] {logging_mixin.py:115} INFO - [2022-11-21T21:47:02.589-0300] {dag.py:2977} INFO - Setting next_dagrun for example_dag_decorator to None, run_after=None
[2022-11-21T21:47:02.615-0300] {processor.py:161} INFO - Processing /home/juliana/Área de Trabalho/datapipeline/.env/lib/python3.8/site-packages/airflow/example_dags/example_dag_decorator.py took 0.120 seconds
[2022-11-21T21:47:39.174-0300] {processor.py:153} INFO - Started process (PID=10481) to work on /home/juliana/Área de Trabalho/datapipeline/.env/lib/python3.8/site-packages/airflow/example_dags/example_dag_decorator.py
[2022-11-21T21:47:39.178-0300] {processor.py:640} INFO - Processing file /home/juliana/Área de Trabalho/datapipeline/.env/lib/python3.8/site-packages/airflow/example_dags/example_dag_decorator.py for tasks to queue
[2022-11-21T21:47:39.179-0300] {logging_mixin.py:115} INFO - [2022-11-21T21:47:39.179-0300] {dagbag.py:508} INFO - Filling up the DagBag from /home/juliana/Área de Trabalho/datapipeline/.env/lib/python3.8/site-packages/airflow/example_dags/example_dag_decorator.py
[2022-11-21T21:47:39.259-0300] {processor.py:650} INFO - DAG(s) dict_keys(['example_dag_decorator']) retrieved from /home/juliana/Área de Trabalho/datapipeline/.env/lib/python3.8/site-packages/airflow/example_dags/example_dag_decorator.py
[2022-11-21T21:47:39.276-0300] {logging_mixin.py:115} INFO - [2022-11-21T21:47:39.276-0300] {dag.py:2429} INFO - Sync 1 DAGs
[2022-11-21T21:47:39.290-0300] {logging_mixin.py:115} INFO - [2022-11-21T21:47:39.290-0300] {dag.py:2977} INFO - Setting next_dagrun for example_dag_decorator to None, run_after=None
[2022-11-21T21:47:39.311-0300] {processor.py:161} INFO - Processing /home/juliana/Área de Trabalho/datapipeline/.env/lib/python3.8/site-packages/airflow/example_dags/example_dag_decorator.py took 0.146 seconds
[2022-11-21T21:48:15.237-0300] {processor.py:153} INFO - Started process (PID=10597) to work on /home/juliana/Área de Trabalho/datapipeline/.env/lib/python3.8/site-packages/airflow/example_dags/example_dag_decorator.py
[2022-11-21T21:48:15.240-0300] {processor.py:640} INFO - Processing file /home/juliana/Área de Trabalho/datapipeline/.env/lib/python3.8/site-packages/airflow/example_dags/example_dag_decorator.py for tasks to queue
[2022-11-21T21:48:15.241-0300] {logging_mixin.py:115} INFO - [2022-11-21T21:48:15.240-0300] {dagbag.py:508} INFO - Filling up the DagBag from /home/juliana/Área de Trabalho/datapipeline/.env/lib/python3.8/site-packages/airflow/example_dags/example_dag_decorator.py
[2022-11-21T21:48:15.282-0300] {processor.py:650} INFO - DAG(s) dict_keys(['example_dag_decorator']) retrieved from /home/juliana/Área de Trabalho/datapipeline/.env/lib/python3.8/site-packages/airflow/example_dags/example_dag_decorator.py
[2022-11-21T21:48:15.354-0300] {logging_mixin.py:115} INFO - [2022-11-21T21:48:15.354-0300] {dag.py:2429} INFO - Sync 1 DAGs
[2022-11-21T21:48:15.375-0300] {logging_mixin.py:115} INFO - [2022-11-21T21:48:15.374-0300] {dag.py:2977} INFO - Setting next_dagrun for example_dag_decorator to None, run_after=None
[2022-11-21T21:48:15.407-0300] {processor.py:161} INFO - Processing /home/juliana/Área de Trabalho/datapipeline/.env/lib/python3.8/site-packages/airflow/example_dags/example_dag_decorator.py took 0.175 seconds
[2022-11-21T21:48:49.036-0300] {processor.py:153} INFO - Started process (PID=10736) to work on /home/juliana/Área de Trabalho/datapipeline/.env/lib/python3.8/site-packages/airflow/example_dags/example_dag_decorator.py
[2022-11-21T21:48:49.038-0300] {processor.py:640} INFO - Processing file /home/juliana/Área de Trabalho/datapipeline/.env/lib/python3.8/site-packages/airflow/example_dags/example_dag_decorator.py for tasks to queue
[2022-11-21T21:48:49.039-0300] {logging_mixin.py:115} INFO - [2022-11-21T21:48:49.038-0300] {dagbag.py:508} INFO - Filling up the DagBag from /home/juliana/Área de Trabalho/datapipeline/.env/lib/python3.8/site-packages/airflow/example_dags/example_dag_decorator.py
[2022-11-21T21:48:49.065-0300] {processor.py:650} INFO - DAG(s) dict_keys(['example_dag_decorator']) retrieved from /home/juliana/Área de Trabalho/datapipeline/.env/lib/python3.8/site-packages/airflow/example_dags/example_dag_decorator.py
[2022-11-21T21:48:49.101-0300] {logging_mixin.py:115} INFO - [2022-11-21T21:48:49.101-0300] {dag.py:2429} INFO - Sync 1 DAGs
[2022-11-21T21:48:49.113-0300] {logging_mixin.py:115} INFO - [2022-11-21T21:48:49.113-0300] {dag.py:2977} INFO - Setting next_dagrun for example_dag_decorator to None, run_after=None
[2022-11-21T21:48:49.131-0300] {processor.py:161} INFO - Processing /home/juliana/Área de Trabalho/datapipeline/.env/lib/python3.8/site-packages/airflow/example_dags/example_dag_decorator.py took 0.100 seconds
[2022-11-21T21:49:25.388-0300] {processor.py:153} INFO - Started process (PID=10774) to work on /home/juliana/Área de Trabalho/datapipeline/.env/lib/python3.8/site-packages/airflow/example_dags/example_dag_decorator.py
[2022-11-21T21:49:25.390-0300] {processor.py:640} INFO - Processing file /home/juliana/Área de Trabalho/datapipeline/.env/lib/python3.8/site-packages/airflow/example_dags/example_dag_decorator.py for tasks to queue
[2022-11-21T21:49:25.390-0300] {logging_mixin.py:115} INFO - [2022-11-21T21:49:25.390-0300] {dagbag.py:508} INFO - Filling up the DagBag from /home/juliana/Área de Trabalho/datapipeline/.env/lib/python3.8/site-packages/airflow/example_dags/example_dag_decorator.py
[2022-11-21T21:49:25.426-0300] {processor.py:650} INFO - DAG(s) dict_keys(['example_dag_decorator']) retrieved from /home/juliana/Área de Trabalho/datapipeline/.env/lib/python3.8/site-packages/airflow/example_dags/example_dag_decorator.py
[2022-11-21T21:49:25.441-0300] {logging_mixin.py:115} INFO - [2022-11-21T21:49:25.441-0300] {dag.py:2429} INFO - Sync 1 DAGs
[2022-11-21T21:49:25.456-0300] {logging_mixin.py:115} INFO - [2022-11-21T21:49:25.455-0300] {dag.py:2977} INFO - Setting next_dagrun for example_dag_decorator to None, run_after=None
[2022-11-21T21:49:25.476-0300] {processor.py:161} INFO - Processing /home/juliana/Área de Trabalho/datapipeline/.env/lib/python3.8/site-packages/airflow/example_dags/example_dag_decorator.py took 0.093 seconds
[2022-11-21T21:50:00.541-0300] {processor.py:153} INFO - Started process (PID=10809) to work on /home/juliana/Área de Trabalho/datapipeline/.env/lib/python3.8/site-packages/airflow/example_dags/example_dag_decorator.py
[2022-11-21T21:50:00.542-0300] {processor.py:640} INFO - Processing file /home/juliana/Área de Trabalho/datapipeline/.env/lib/python3.8/site-packages/airflow/example_dags/example_dag_decorator.py for tasks to queue
[2022-11-21T21:50:00.543-0300] {logging_mixin.py:115} INFO - [2022-11-21T21:50:00.543-0300] {dagbag.py:508} INFO - Filling up the DagBag from /home/juliana/Área de Trabalho/datapipeline/.env/lib/python3.8/site-packages/airflow/example_dags/example_dag_decorator.py
[2022-11-21T21:50:00.568-0300] {processor.py:650} INFO - DAG(s) dict_keys(['example_dag_decorator']) retrieved from /home/juliana/Área de Trabalho/datapipeline/.env/lib/python3.8/site-packages/airflow/example_dags/example_dag_decorator.py
[2022-11-21T21:50:00.582-0300] {logging_mixin.py:115} INFO - [2022-11-21T21:50:00.582-0300] {dag.py:2429} INFO - Sync 1 DAGs
[2022-11-21T21:50:00.596-0300] {logging_mixin.py:115} INFO - [2022-11-21T21:50:00.596-0300] {dag.py:2977} INFO - Setting next_dagrun for example_dag_decorator to None, run_after=None
[2022-11-21T21:50:00.615-0300] {processor.py:161} INFO - Processing /home/juliana/Área de Trabalho/datapipeline/.env/lib/python3.8/site-packages/airflow/example_dags/example_dag_decorator.py took 0.079 seconds
[2022-11-21T21:50:34.966-0300] {processor.py:153} INFO - Started process (PID=10865) to work on /home/juliana/Área de Trabalho/datapipeline/.env/lib/python3.8/site-packages/airflow/example_dags/example_dag_decorator.py
[2022-11-21T21:50:34.968-0300] {processor.py:640} INFO - Processing file /home/juliana/Área de Trabalho/datapipeline/.env/lib/python3.8/site-packages/airflow/example_dags/example_dag_decorator.py for tasks to queue
[2022-11-21T21:50:34.969-0300] {logging_mixin.py:115} INFO - [2022-11-21T21:50:34.969-0300] {dagbag.py:508} INFO - Filling up the DagBag from /home/juliana/Área de Trabalho/datapipeline/.env/lib/python3.8/site-packages/airflow/example_dags/example_dag_decorator.py
[2022-11-21T21:50:35.012-0300] {processor.py:650} INFO - DAG(s) dict_keys(['example_dag_decorator']) retrieved from /home/juliana/Área de Trabalho/datapipeline/.env/lib/python3.8/site-packages/airflow/example_dags/example_dag_decorator.py
[2022-11-21T21:50:35.047-0300] {logging_mixin.py:115} INFO - [2022-11-21T21:50:35.047-0300] {dag.py:2429} INFO - Sync 1 DAGs
[2022-11-21T21:50:35.059-0300] {logging_mixin.py:115} INFO - [2022-11-21T21:50:35.058-0300] {dag.py:2977} INFO - Setting next_dagrun for example_dag_decorator to None, run_after=None
[2022-11-21T21:50:35.075-0300] {processor.py:161} INFO - Processing /home/juliana/Área de Trabalho/datapipeline/.env/lib/python3.8/site-packages/airflow/example_dags/example_dag_decorator.py took 0.115 seconds
[2022-11-21T21:51:12.036-0300] {processor.py:153} INFO - Started process (PID=10908) to work on /home/juliana/Área de Trabalho/datapipeline/.env/lib/python3.8/site-packages/airflow/example_dags/example_dag_decorator.py
[2022-11-21T21:51:12.037-0300] {processor.py:640} INFO - Processing file /home/juliana/Área de Trabalho/datapipeline/.env/lib/python3.8/site-packages/airflow/example_dags/example_dag_decorator.py for tasks to queue
[2022-11-21T21:51:12.038-0300] {logging_mixin.py:115} INFO - [2022-11-21T21:51:12.038-0300] {dagbag.py:508} INFO - Filling up the DagBag from /home/juliana/Área de Trabalho/datapipeline/.env/lib/python3.8/site-packages/airflow/example_dags/example_dag_decorator.py
[2022-11-21T21:51:12.067-0300] {processor.py:650} INFO - DAG(s) dict_keys(['example_dag_decorator']) retrieved from /home/juliana/Área de Trabalho/datapipeline/.env/lib/python3.8/site-packages/airflow/example_dags/example_dag_decorator.py
[2022-11-21T21:51:12.082-0300] {logging_mixin.py:115} INFO - [2022-11-21T21:51:12.082-0300] {dag.py:2429} INFO - Sync 1 DAGs
[2022-11-21T21:51:12.095-0300] {logging_mixin.py:115} INFO - [2022-11-21T21:51:12.095-0300] {dag.py:2977} INFO - Setting next_dagrun for example_dag_decorator to None, run_after=None
[2022-11-21T21:51:12.115-0300] {processor.py:161} INFO - Processing /home/juliana/Área de Trabalho/datapipeline/.env/lib/python3.8/site-packages/airflow/example_dags/example_dag_decorator.py took 0.085 seconds
[2022-11-21T21:51:47.674-0300] {processor.py:153} INFO - Started process (PID=10941) to work on /home/juliana/Área de Trabalho/datapipeline/.env/lib/python3.8/site-packages/airflow/example_dags/example_dag_decorator.py
[2022-11-21T21:51:47.675-0300] {processor.py:640} INFO - Processing file /home/juliana/Área de Trabalho/datapipeline/.env/lib/python3.8/site-packages/airflow/example_dags/example_dag_decorator.py for tasks to queue
[2022-11-21T21:51:47.676-0300] {logging_mixin.py:115} INFO - [2022-11-21T21:51:47.676-0300] {dagbag.py:508} INFO - Filling up the DagBag from /home/juliana/Área de Trabalho/datapipeline/.env/lib/python3.8/site-packages/airflow/example_dags/example_dag_decorator.py
[2022-11-21T21:51:47.707-0300] {processor.py:650} INFO - DAG(s) dict_keys(['example_dag_decorator']) retrieved from /home/juliana/Área de Trabalho/datapipeline/.env/lib/python3.8/site-packages/airflow/example_dags/example_dag_decorator.py
[2022-11-21T21:51:47.736-0300] {logging_mixin.py:115} INFO - [2022-11-21T21:51:47.735-0300] {dag.py:2429} INFO - Sync 1 DAGs
[2022-11-21T21:51:47.776-0300] {logging_mixin.py:115} INFO - [2022-11-21T21:51:47.776-0300] {dag.py:2977} INFO - Setting next_dagrun for example_dag_decorator to None, run_after=None
[2022-11-21T21:51:47.796-0300] {processor.py:161} INFO - Processing /home/juliana/Área de Trabalho/datapipeline/.env/lib/python3.8/site-packages/airflow/example_dags/example_dag_decorator.py took 0.125 seconds
[2022-11-21T21:52:22.180-0300] {processor.py:153} INFO - Started process (PID=10976) to work on /home/juliana/Área de Trabalho/datapipeline/.env/lib/python3.8/site-packages/airflow/example_dags/example_dag_decorator.py
[2022-11-21T21:52:22.181-0300] {processor.py:640} INFO - Processing file /home/juliana/Área de Trabalho/datapipeline/.env/lib/python3.8/site-packages/airflow/example_dags/example_dag_decorator.py for tasks to queue
[2022-11-21T21:52:22.181-0300] {logging_mixin.py:115} INFO - [2022-11-21T21:52:22.181-0300] {dagbag.py:508} INFO - Filling up the DagBag from /home/juliana/Área de Trabalho/datapipeline/.env/lib/python3.8/site-packages/airflow/example_dags/example_dag_decorator.py
[2022-11-21T21:52:22.228-0300] {processor.py:650} INFO - DAG(s) dict_keys(['example_dag_decorator']) retrieved from /home/juliana/Área de Trabalho/datapipeline/.env/lib/python3.8/site-packages/airflow/example_dags/example_dag_decorator.py
[2022-11-21T21:52:22.247-0300] {logging_mixin.py:115} INFO - [2022-11-21T21:52:22.247-0300] {dag.py:2429} INFO - Sync 1 DAGs
[2022-11-21T21:52:22.266-0300] {logging_mixin.py:115} INFO - [2022-11-21T21:52:22.266-0300] {dag.py:2977} INFO - Setting next_dagrun for example_dag_decorator to None, run_after=None
[2022-11-21T21:52:22.297-0300] {processor.py:161} INFO - Processing /home/juliana/Área de Trabalho/datapipeline/.env/lib/python3.8/site-packages/airflow/example_dags/example_dag_decorator.py took 0.124 seconds
[2022-11-21T21:52:57.861-0300] {processor.py:153} INFO - Started process (PID=11021) to work on /home/juliana/Área de Trabalho/datapipeline/.env/lib/python3.8/site-packages/airflow/example_dags/example_dag_decorator.py
[2022-11-21T21:52:57.863-0300] {processor.py:640} INFO - Processing file /home/juliana/Área de Trabalho/datapipeline/.env/lib/python3.8/site-packages/airflow/example_dags/example_dag_decorator.py for tasks to queue
[2022-11-21T21:52:57.864-0300] {logging_mixin.py:115} INFO - [2022-11-21T21:52:57.864-0300] {dagbag.py:508} INFO - Filling up the DagBag from /home/juliana/Área de Trabalho/datapipeline/.env/lib/python3.8/site-packages/airflow/example_dags/example_dag_decorator.py
[2022-11-21T21:52:57.901-0300] {processor.py:650} INFO - DAG(s) dict_keys(['example_dag_decorator']) retrieved from /home/juliana/Área de Trabalho/datapipeline/.env/lib/python3.8/site-packages/airflow/example_dags/example_dag_decorator.py
[2022-11-21T21:52:57.916-0300] {logging_mixin.py:115} INFO - [2022-11-21T21:52:57.916-0300] {dag.py:2429} INFO - Sync 1 DAGs
[2022-11-21T21:52:57.929-0300] {logging_mixin.py:115} INFO - [2022-11-21T21:52:57.929-0300] {dag.py:2977} INFO - Setting next_dagrun for example_dag_decorator to None, run_after=None
[2022-11-21T21:52:57.950-0300] {processor.py:161} INFO - Processing /home/juliana/Área de Trabalho/datapipeline/.env/lib/python3.8/site-packages/airflow/example_dags/example_dag_decorator.py took 0.095 seconds
[2022-11-21T21:53:31.920-0300] {processor.py:153} INFO - Started process (PID=11165) to work on /home/juliana/Área de Trabalho/datapipeline/.env/lib/python3.8/site-packages/airflow/example_dags/example_dag_decorator.py
[2022-11-21T21:53:31.921-0300] {processor.py:640} INFO - Processing file /home/juliana/Área de Trabalho/datapipeline/.env/lib/python3.8/site-packages/airflow/example_dags/example_dag_decorator.py for tasks to queue
[2022-11-21T21:53:31.922-0300] {logging_mixin.py:115} INFO - [2022-11-21T21:53:31.922-0300] {dagbag.py:508} INFO - Filling up the DagBag from /home/juliana/Área de Trabalho/datapipeline/.env/lib/python3.8/site-packages/airflow/example_dags/example_dag_decorator.py
[2022-11-21T21:53:31.958-0300] {processor.py:650} INFO - DAG(s) dict_keys(['example_dag_decorator']) retrieved from /home/juliana/Área de Trabalho/datapipeline/.env/lib/python3.8/site-packages/airflow/example_dags/example_dag_decorator.py
[2022-11-21T21:53:31.998-0300] {logging_mixin.py:115} INFO - [2022-11-21T21:53:31.997-0300] {dag.py:2429} INFO - Sync 1 DAGs
[2022-11-21T21:53:32.011-0300] {logging_mixin.py:115} INFO - [2022-11-21T21:53:32.011-0300] {dag.py:2977} INFO - Setting next_dagrun for example_dag_decorator to None, run_after=None
[2022-11-21T21:53:32.031-0300] {processor.py:161} INFO - Processing /home/juliana/Área de Trabalho/datapipeline/.env/lib/python3.8/site-packages/airflow/example_dags/example_dag_decorator.py took 0.116 seconds
[2022-11-21T21:54:06.802-0300] {processor.py:153} INFO - Started process (PID=11381) to work on /home/juliana/Área de Trabalho/datapipeline/.env/lib/python3.8/site-packages/airflow/example_dags/example_dag_decorator.py
[2022-11-21T21:54:06.803-0300] {processor.py:640} INFO - Processing file /home/juliana/Área de Trabalho/datapipeline/.env/lib/python3.8/site-packages/airflow/example_dags/example_dag_decorator.py for tasks to queue
[2022-11-21T21:54:06.804-0300] {logging_mixin.py:115} INFO - [2022-11-21T21:54:06.804-0300] {dagbag.py:508} INFO - Filling up the DagBag from /home/juliana/Área de Trabalho/datapipeline/.env/lib/python3.8/site-packages/airflow/example_dags/example_dag_decorator.py
[2022-11-21T21:54:06.831-0300] {processor.py:650} INFO - DAG(s) dict_keys(['example_dag_decorator']) retrieved from /home/juliana/Área de Trabalho/datapipeline/.env/lib/python3.8/site-packages/airflow/example_dags/example_dag_decorator.py
[2022-11-21T21:54:06.846-0300] {logging_mixin.py:115} INFO - [2022-11-21T21:54:06.846-0300] {dag.py:2429} INFO - Sync 1 DAGs
[2022-11-21T21:54:06.860-0300] {logging_mixin.py:115} INFO - [2022-11-21T21:54:06.859-0300] {dag.py:2977} INFO - Setting next_dagrun for example_dag_decorator to None, run_after=None
[2022-11-21T21:54:06.880-0300] {processor.py:161} INFO - Processing /home/juliana/Área de Trabalho/datapipeline/.env/lib/python3.8/site-packages/airflow/example_dags/example_dag_decorator.py took 0.082 seconds
[2022-11-21T21:54:40.631-0300] {processor.py:153} INFO - Started process (PID=11540) to work on /home/juliana/Área de Trabalho/datapipeline/.env/lib/python3.8/site-packages/airflow/example_dags/example_dag_decorator.py
[2022-11-21T21:54:40.637-0300] {processor.py:640} INFO - Processing file /home/juliana/Área de Trabalho/datapipeline/.env/lib/python3.8/site-packages/airflow/example_dags/example_dag_decorator.py for tasks to queue
[2022-11-21T21:54:40.638-0300] {logging_mixin.py:115} INFO - [2022-11-21T21:54:40.637-0300] {dagbag.py:508} INFO - Filling up the DagBag from /home/juliana/Área de Trabalho/datapipeline/.env/lib/python3.8/site-packages/airflow/example_dags/example_dag_decorator.py
[2022-11-21T21:54:40.707-0300] {processor.py:650} INFO - DAG(s) dict_keys(['example_dag_decorator']) retrieved from /home/juliana/Área de Trabalho/datapipeline/.env/lib/python3.8/site-packages/airflow/example_dags/example_dag_decorator.py
[2022-11-21T21:54:40.754-0300] {logging_mixin.py:115} INFO - [2022-11-21T21:54:40.754-0300] {dag.py:2429} INFO - Sync 1 DAGs
[2022-11-21T21:54:40.789-0300] {logging_mixin.py:115} INFO - [2022-11-21T21:54:40.789-0300] {dag.py:2977} INFO - Setting next_dagrun for example_dag_decorator to None, run_after=None
[2022-11-21T21:54:40.817-0300] {processor.py:161} INFO - Processing /home/juliana/Área de Trabalho/datapipeline/.env/lib/python3.8/site-packages/airflow/example_dags/example_dag_decorator.py took 0.195 seconds
[2022-11-21T21:55:42.932-0300] {processor.py:153} INFO - Started process (PID=11711) to work on /home/juliana/Área de Trabalho/datapipeline/.env/lib/python3.8/site-packages/airflow/example_dags/example_dag_decorator.py
[2022-11-21T21:55:42.938-0300] {processor.py:640} INFO - Processing file /home/juliana/Área de Trabalho/datapipeline/.env/lib/python3.8/site-packages/airflow/example_dags/example_dag_decorator.py for tasks to queue
[2022-11-21T21:55:42.939-0300] {logging_mixin.py:115} INFO - [2022-11-21T21:55:42.939-0300] {dagbag.py:508} INFO - Filling up the DagBag from /home/juliana/Área de Trabalho/datapipeline/.env/lib/python3.8/site-packages/airflow/example_dags/example_dag_decorator.py
[2022-11-21T21:55:42.971-0300] {processor.py:650} INFO - DAG(s) dict_keys(['example_dag_decorator']) retrieved from /home/juliana/Área de Trabalho/datapipeline/.env/lib/python3.8/site-packages/airflow/example_dags/example_dag_decorator.py
[2022-11-21T21:55:43.041-0300] {logging_mixin.py:115} INFO - [2022-11-21T21:55:43.041-0300] {dag.py:2429} INFO - Sync 1 DAGs
[2022-11-21T21:55:43.056-0300] {logging_mixin.py:115} INFO - [2022-11-21T21:55:43.056-0300] {dag.py:2977} INFO - Setting next_dagrun for example_dag_decorator to None, run_after=None
[2022-11-21T21:55:43.075-0300] {processor.py:161} INFO - Processing /home/juliana/Área de Trabalho/datapipeline/.env/lib/python3.8/site-packages/airflow/example_dags/example_dag_decorator.py took 0.147 seconds
[2022-11-21T21:56:32.830-0300] {processor.py:153} INFO - Started process (PID=12046) to work on /home/juliana/Área de Trabalho/datapipeline/.env/lib/python3.8/site-packages/airflow/example_dags/example_dag_decorator.py
[2022-11-21T21:56:32.838-0300] {processor.py:640} INFO - Processing file /home/juliana/Área de Trabalho/datapipeline/.env/lib/python3.8/site-packages/airflow/example_dags/example_dag_decorator.py for tasks to queue
[2022-11-21T21:56:32.839-0300] {logging_mixin.py:115} INFO - [2022-11-21T21:56:32.839-0300] {dagbag.py:508} INFO - Filling up the DagBag from /home/juliana/Área de Trabalho/datapipeline/.env/lib/python3.8/site-packages/airflow/example_dags/example_dag_decorator.py
[2022-11-21T21:56:32.950-0300] {processor.py:650} INFO - DAG(s) dict_keys(['example_dag_decorator']) retrieved from /home/juliana/Área de Trabalho/datapipeline/.env/lib/python3.8/site-packages/airflow/example_dags/example_dag_decorator.py
[2022-11-21T21:56:33.166-0300] {logging_mixin.py:115} INFO - [2022-11-21T21:56:33.165-0300] {dag.py:2429} INFO - Sync 1 DAGs
[2022-11-21T21:56:33.251-0300] {logging_mixin.py:115} INFO - [2022-11-21T21:56:33.251-0300] {dag.py:2977} INFO - Setting next_dagrun for example_dag_decorator to None, run_after=None
[2022-11-21T21:56:33.335-0300] {processor.py:161} INFO - Processing /home/juliana/Área de Trabalho/datapipeline/.env/lib/python3.8/site-packages/airflow/example_dags/example_dag_decorator.py took 0.512 seconds
[2022-11-21T22:03:53.691-0300] {processor.py:153} INFO - Started process (PID=2486) to work on /home/juliana/Área de Trabalho/datapipeline/.env/lib/python3.8/site-packages/airflow/example_dags/example_dag_decorator.py
[2022-11-21T22:03:53.696-0300] {processor.py:640} INFO - Processing file /home/juliana/Área de Trabalho/datapipeline/.env/lib/python3.8/site-packages/airflow/example_dags/example_dag_decorator.py for tasks to queue
[2022-11-21T22:03:53.697-0300] {logging_mixin.py:115} INFO - [2022-11-21T22:03:53.696-0300] {dagbag.py:508} INFO - Filling up the DagBag from /home/juliana/Área de Trabalho/datapipeline/.env/lib/python3.8/site-packages/airflow/example_dags/example_dag_decorator.py
[2022-11-21T22:03:53.774-0300] {processor.py:650} INFO - DAG(s) dict_keys(['example_dag_decorator']) retrieved from /home/juliana/Área de Trabalho/datapipeline/.env/lib/python3.8/site-packages/airflow/example_dags/example_dag_decorator.py
[2022-11-21T22:03:53.850-0300] {logging_mixin.py:115} INFO - [2022-11-21T22:03:53.850-0300] {dag.py:2429} INFO - Sync 1 DAGs
[2022-11-21T22:03:53.864-0300] {logging_mixin.py:115} INFO - [2022-11-21T22:03:53.864-0300] {dag.py:2977} INFO - Setting next_dagrun for example_dag_decorator to None, run_after=None
[2022-11-21T22:03:53.909-0300] {processor.py:161} INFO - Processing /home/juliana/Área de Trabalho/datapipeline/.env/lib/python3.8/site-packages/airflow/example_dags/example_dag_decorator.py took 0.230 seconds
[2022-11-21T22:04:32.239-0300] {processor.py:153} INFO - Started process (PID=2523) to work on /home/juliana/Área de Trabalho/datapipeline/.env/lib/python3.8/site-packages/airflow/example_dags/example_dag_decorator.py
[2022-11-21T22:04:32.245-0300] {processor.py:640} INFO - Processing file /home/juliana/Área de Trabalho/datapipeline/.env/lib/python3.8/site-packages/airflow/example_dags/example_dag_decorator.py for tasks to queue
[2022-11-21T22:04:32.245-0300] {logging_mixin.py:115} INFO - [2022-11-21T22:04:32.245-0300] {dagbag.py:508} INFO - Filling up the DagBag from /home/juliana/Área de Trabalho/datapipeline/.env/lib/python3.8/site-packages/airflow/example_dags/example_dag_decorator.py
[2022-11-21T22:04:32.312-0300] {processor.py:650} INFO - DAG(s) dict_keys(['example_dag_decorator']) retrieved from /home/juliana/Área de Trabalho/datapipeline/.env/lib/python3.8/site-packages/airflow/example_dags/example_dag_decorator.py
[2022-11-21T22:04:32.482-0300] {logging_mixin.py:115} INFO - [2022-11-21T22:04:32.481-0300] {dag.py:2429} INFO - Sync 1 DAGs
[2022-11-21T22:04:32.514-0300] {logging_mixin.py:115} INFO - [2022-11-21T22:04:32.514-0300] {dag.py:2977} INFO - Setting next_dagrun for example_dag_decorator to None, run_after=None
[2022-11-21T22:04:32.547-0300] {processor.py:161} INFO - Processing /home/juliana/Área de Trabalho/datapipeline/.env/lib/python3.8/site-packages/airflow/example_dags/example_dag_decorator.py took 0.310 seconds
[2022-11-21T22:05:11.348-0300] {processor.py:153} INFO - Started process (PID=2863) to work on /home/juliana/Área de Trabalho/datapipeline/.env/lib/python3.8/site-packages/airflow/example_dags/example_dag_decorator.py
[2022-11-21T22:05:11.350-0300] {processor.py:640} INFO - Processing file /home/juliana/Área de Trabalho/datapipeline/.env/lib/python3.8/site-packages/airflow/example_dags/example_dag_decorator.py for tasks to queue
[2022-11-21T22:05:11.351-0300] {logging_mixin.py:115} INFO - [2022-11-21T22:05:11.350-0300] {dagbag.py:508} INFO - Filling up the DagBag from /home/juliana/Área de Trabalho/datapipeline/.env/lib/python3.8/site-packages/airflow/example_dags/example_dag_decorator.py
[2022-11-21T22:05:11.383-0300] {processor.py:650} INFO - DAG(s) dict_keys(['example_dag_decorator']) retrieved from /home/juliana/Área de Trabalho/datapipeline/.env/lib/python3.8/site-packages/airflow/example_dags/example_dag_decorator.py
[2022-11-21T22:05:11.400-0300] {logging_mixin.py:115} INFO - [2022-11-21T22:05:11.400-0300] {dag.py:2429} INFO - Sync 1 DAGs
[2022-11-21T22:05:11.414-0300] {logging_mixin.py:115} INFO - [2022-11-21T22:05:11.414-0300] {dag.py:2977} INFO - Setting next_dagrun for example_dag_decorator to None, run_after=None
[2022-11-21T22:05:11.429-0300] {processor.py:161} INFO - Processing /home/juliana/Área de Trabalho/datapipeline/.env/lib/python3.8/site-packages/airflow/example_dags/example_dag_decorator.py took 0.087 seconds
[2022-11-21T22:05:49.207-0300] {processor.py:153} INFO - Started process (PID=3257) to work on /home/juliana/Área de Trabalho/datapipeline/.env/lib/python3.8/site-packages/airflow/example_dags/example_dag_decorator.py
[2022-11-21T22:05:49.213-0300] {processor.py:640} INFO - Processing file /home/juliana/Área de Trabalho/datapipeline/.env/lib/python3.8/site-packages/airflow/example_dags/example_dag_decorator.py for tasks to queue
[2022-11-21T22:05:49.214-0300] {logging_mixin.py:115} INFO - [2022-11-21T22:05:49.214-0300] {dagbag.py:508} INFO - Filling up the DagBag from /home/juliana/Área de Trabalho/datapipeline/.env/lib/python3.8/site-packages/airflow/example_dags/example_dag_decorator.py
[2022-11-21T22:05:49.263-0300] {processor.py:650} INFO - DAG(s) dict_keys(['example_dag_decorator']) retrieved from /home/juliana/Área de Trabalho/datapipeline/.env/lib/python3.8/site-packages/airflow/example_dags/example_dag_decorator.py
[2022-11-21T22:05:49.342-0300] {logging_mixin.py:115} INFO - [2022-11-21T22:05:49.341-0300] {dag.py:2429} INFO - Sync 1 DAGs
[2022-11-21T22:05:49.363-0300] {logging_mixin.py:115} INFO - [2022-11-21T22:05:49.363-0300] {dag.py:2977} INFO - Setting next_dagrun for example_dag_decorator to None, run_after=None
[2022-11-21T22:05:49.390-0300] {processor.py:161} INFO - Processing /home/juliana/Área de Trabalho/datapipeline/.env/lib/python3.8/site-packages/airflow/example_dags/example_dag_decorator.py took 0.186 seconds
[2022-11-21T22:06:27.561-0300] {processor.py:153} INFO - Started process (PID=3682) to work on /home/juliana/Área de Trabalho/datapipeline/.env/lib/python3.8/site-packages/airflow/example_dags/example_dag_decorator.py
[2022-11-21T22:06:27.569-0300] {processor.py:640} INFO - Processing file /home/juliana/Área de Trabalho/datapipeline/.env/lib/python3.8/site-packages/airflow/example_dags/example_dag_decorator.py for tasks to queue
[2022-11-21T22:06:27.570-0300] {logging_mixin.py:115} INFO - [2022-11-21T22:06:27.570-0300] {dagbag.py:508} INFO - Filling up the DagBag from /home/juliana/Área de Trabalho/datapipeline/.env/lib/python3.8/site-packages/airflow/example_dags/example_dag_decorator.py
[2022-11-21T22:06:27.604-0300] {processor.py:650} INFO - DAG(s) dict_keys(['example_dag_decorator']) retrieved from /home/juliana/Área de Trabalho/datapipeline/.env/lib/python3.8/site-packages/airflow/example_dags/example_dag_decorator.py
[2022-11-21T22:06:27.621-0300] {logging_mixin.py:115} INFO - [2022-11-21T22:06:27.621-0300] {dag.py:2429} INFO - Sync 1 DAGs
[2022-11-21T22:06:27.655-0300] {logging_mixin.py:115} INFO - [2022-11-21T22:06:27.655-0300] {dag.py:2977} INFO - Setting next_dagrun for example_dag_decorator to None, run_after=None
[2022-11-21T22:06:27.669-0300] {processor.py:161} INFO - Processing /home/juliana/Área de Trabalho/datapipeline/.env/lib/python3.8/site-packages/airflow/example_dags/example_dag_decorator.py took 0.115 seconds
[2022-11-21T22:07:04.470-0300] {processor.py:153} INFO - Started process (PID=3895) to work on /home/juliana/Área de Trabalho/datapipeline/.env/lib/python3.8/site-packages/airflow/example_dags/example_dag_decorator.py
[2022-11-21T22:07:04.472-0300] {processor.py:640} INFO - Processing file /home/juliana/Área de Trabalho/datapipeline/.env/lib/python3.8/site-packages/airflow/example_dags/example_dag_decorator.py for tasks to queue
[2022-11-21T22:07:04.473-0300] {logging_mixin.py:115} INFO - [2022-11-21T22:07:04.473-0300] {dagbag.py:508} INFO - Filling up the DagBag from /home/juliana/Área de Trabalho/datapipeline/.env/lib/python3.8/site-packages/airflow/example_dags/example_dag_decorator.py
[2022-11-21T22:07:04.523-0300] {processor.py:650} INFO - DAG(s) dict_keys(['example_dag_decorator']) retrieved from /home/juliana/Área de Trabalho/datapipeline/.env/lib/python3.8/site-packages/airflow/example_dags/example_dag_decorator.py
[2022-11-21T22:07:04.631-0300] {logging_mixin.py:115} INFO - [2022-11-21T22:07:04.626-0300] {dag.py:2429} INFO - Sync 1 DAGs
[2022-11-21T22:07:04.658-0300] {logging_mixin.py:115} INFO - [2022-11-21T22:07:04.658-0300] {dag.py:2977} INFO - Setting next_dagrun for example_dag_decorator to None, run_after=None
[2022-11-21T22:07:04.681-0300] {processor.py:161} INFO - Processing /home/juliana/Área de Trabalho/datapipeline/.env/lib/python3.8/site-packages/airflow/example_dags/example_dag_decorator.py took 0.216 seconds
[2022-11-21T22:07:42.605-0300] {processor.py:153} INFO - Started process (PID=4108) to work on /home/juliana/Área de Trabalho/datapipeline/.env/lib/python3.8/site-packages/airflow/example_dags/example_dag_decorator.py
[2022-11-21T22:07:42.607-0300] {processor.py:640} INFO - Processing file /home/juliana/Área de Trabalho/datapipeline/.env/lib/python3.8/site-packages/airflow/example_dags/example_dag_decorator.py for tasks to queue
[2022-11-21T22:07:42.608-0300] {logging_mixin.py:115} INFO - [2022-11-21T22:07:42.608-0300] {dagbag.py:508} INFO - Filling up the DagBag from /home/juliana/Área de Trabalho/datapipeline/.env/lib/python3.8/site-packages/airflow/example_dags/example_dag_decorator.py
[2022-11-21T22:07:42.646-0300] {processor.py:650} INFO - DAG(s) dict_keys(['example_dag_decorator']) retrieved from /home/juliana/Área de Trabalho/datapipeline/.env/lib/python3.8/site-packages/airflow/example_dags/example_dag_decorator.py
[2022-11-21T22:07:42.682-0300] {logging_mixin.py:115} INFO - [2022-11-21T22:07:42.682-0300] {dag.py:2429} INFO - Sync 1 DAGs
[2022-11-21T22:07:42.693-0300] {logging_mixin.py:115} INFO - [2022-11-21T22:07:42.693-0300] {dag.py:2977} INFO - Setting next_dagrun for example_dag_decorator to None, run_after=None
[2022-11-21T22:07:42.721-0300] {processor.py:161} INFO - Processing /home/juliana/Área de Trabalho/datapipeline/.env/lib/python3.8/site-packages/airflow/example_dags/example_dag_decorator.py took 0.123 seconds
[2022-11-21T22:08:21.324-0300] {processor.py:153} INFO - Started process (PID=4348) to work on /home/juliana/Área de Trabalho/datapipeline/.env/lib/python3.8/site-packages/airflow/example_dags/example_dag_decorator.py
[2022-11-21T22:08:21.325-0300] {processor.py:640} INFO - Processing file /home/juliana/Área de Trabalho/datapipeline/.env/lib/python3.8/site-packages/airflow/example_dags/example_dag_decorator.py for tasks to queue
[2022-11-21T22:08:21.326-0300] {logging_mixin.py:115} INFO - [2022-11-21T22:08:21.326-0300] {dagbag.py:508} INFO - Filling up the DagBag from /home/juliana/Área de Trabalho/datapipeline/.env/lib/python3.8/site-packages/airflow/example_dags/example_dag_decorator.py
[2022-11-21T22:08:21.351-0300] {processor.py:650} INFO - DAG(s) dict_keys(['example_dag_decorator']) retrieved from /home/juliana/Área de Trabalho/datapipeline/.env/lib/python3.8/site-packages/airflow/example_dags/example_dag_decorator.py
[2022-11-21T22:08:21.387-0300] {logging_mixin.py:115} INFO - [2022-11-21T22:08:21.387-0300] {dag.py:2429} INFO - Sync 1 DAGs
[2022-11-21T22:08:21.399-0300] {logging_mixin.py:115} INFO - [2022-11-21T22:08:21.399-0300] {dag.py:2977} INFO - Setting next_dagrun for example_dag_decorator to None, run_after=None
[2022-11-21T22:08:21.422-0300] {processor.py:161} INFO - Processing /home/juliana/Área de Trabalho/datapipeline/.env/lib/python3.8/site-packages/airflow/example_dags/example_dag_decorator.py took 0.102 seconds
[2022-11-21T22:08:55.881-0300] {processor.py:153} INFO - Started process (PID=4568) to work on /home/juliana/Área de Trabalho/datapipeline/.env/lib/python3.8/site-packages/airflow/example_dags/example_dag_decorator.py
[2022-11-21T22:08:55.882-0300] {processor.py:640} INFO - Processing file /home/juliana/Área de Trabalho/datapipeline/.env/lib/python3.8/site-packages/airflow/example_dags/example_dag_decorator.py for tasks to queue
[2022-11-21T22:08:55.883-0300] {logging_mixin.py:115} INFO - [2022-11-21T22:08:55.883-0300] {dagbag.py:508} INFO - Filling up the DagBag from /home/juliana/Área de Trabalho/datapipeline/.env/lib/python3.8/site-packages/airflow/example_dags/example_dag_decorator.py
[2022-11-21T22:08:55.911-0300] {processor.py:650} INFO - DAG(s) dict_keys(['example_dag_decorator']) retrieved from /home/juliana/Área de Trabalho/datapipeline/.env/lib/python3.8/site-packages/airflow/example_dags/example_dag_decorator.py
[2022-11-21T22:08:55.947-0300] {logging_mixin.py:115} INFO - [2022-11-21T22:08:55.947-0300] {dag.py:2429} INFO - Sync 1 DAGs
[2022-11-21T22:08:55.958-0300] {logging_mixin.py:115} INFO - [2022-11-21T22:08:55.958-0300] {dag.py:2977} INFO - Setting next_dagrun for example_dag_decorator to None, run_after=None
[2022-11-21T22:08:55.979-0300] {processor.py:161} INFO - Processing /home/juliana/Área de Trabalho/datapipeline/.env/lib/python3.8/site-packages/airflow/example_dags/example_dag_decorator.py took 0.103 seconds
[2022-11-21T22:09:31.916-0300] {processor.py:153} INFO - Started process (PID=5001) to work on /home/juliana/Área de Trabalho/datapipeline/.env/lib/python3.8/site-packages/airflow/example_dags/example_dag_decorator.py
[2022-11-21T22:09:31.922-0300] {processor.py:640} INFO - Processing file /home/juliana/Área de Trabalho/datapipeline/.env/lib/python3.8/site-packages/airflow/example_dags/example_dag_decorator.py for tasks to queue
[2022-11-21T22:09:31.922-0300] {logging_mixin.py:115} INFO - [2022-11-21T22:09:31.922-0300] {dagbag.py:508} INFO - Filling up the DagBag from /home/juliana/Área de Trabalho/datapipeline/.env/lib/python3.8/site-packages/airflow/example_dags/example_dag_decorator.py
[2022-11-21T22:09:31.968-0300] {processor.py:650} INFO - DAG(s) dict_keys(['example_dag_decorator']) retrieved from /home/juliana/Área de Trabalho/datapipeline/.env/lib/python3.8/site-packages/airflow/example_dags/example_dag_decorator.py
[2022-11-21T22:09:31.995-0300] {logging_mixin.py:115} INFO - [2022-11-21T22:09:31.995-0300] {dag.py:2429} INFO - Sync 1 DAGs
[2022-11-21T22:09:32.026-0300] {logging_mixin.py:115} INFO - [2022-11-21T22:09:32.025-0300] {dag.py:2977} INFO - Setting next_dagrun for example_dag_decorator to None, run_after=None
[2022-11-21T22:09:32.046-0300] {processor.py:161} INFO - Processing /home/juliana/Área de Trabalho/datapipeline/.env/lib/python3.8/site-packages/airflow/example_dags/example_dag_decorator.py took 0.132 seconds
[2022-11-21T22:10:07.159-0300] {processor.py:153} INFO - Started process (PID=5037) to work on /home/juliana/Área de Trabalho/datapipeline/.env/lib/python3.8/site-packages/airflow/example_dags/example_dag_decorator.py
[2022-11-21T22:10:07.161-0300] {processor.py:640} INFO - Processing file /home/juliana/Área de Trabalho/datapipeline/.env/lib/python3.8/site-packages/airflow/example_dags/example_dag_decorator.py for tasks to queue
[2022-11-21T22:10:07.162-0300] {logging_mixin.py:115} INFO - [2022-11-21T22:10:07.162-0300] {dagbag.py:508} INFO - Filling up the DagBag from /home/juliana/Área de Trabalho/datapipeline/.env/lib/python3.8/site-packages/airflow/example_dags/example_dag_decorator.py
[2022-11-21T22:10:07.194-0300] {processor.py:650} INFO - DAG(s) dict_keys(['example_dag_decorator']) retrieved from /home/juliana/Área de Trabalho/datapipeline/.env/lib/python3.8/site-packages/airflow/example_dags/example_dag_decorator.py
[2022-11-21T22:10:07.208-0300] {logging_mixin.py:115} INFO - [2022-11-21T22:10:07.207-0300] {dag.py:2429} INFO - Sync 1 DAGs
[2022-11-21T22:10:07.221-0300] {logging_mixin.py:115} INFO - [2022-11-21T22:10:07.221-0300] {dag.py:2977} INFO - Setting next_dagrun for example_dag_decorator to None, run_after=None
[2022-11-21T22:10:07.236-0300] {processor.py:161} INFO - Processing /home/juliana/Área de Trabalho/datapipeline/.env/lib/python3.8/site-packages/airflow/example_dags/example_dag_decorator.py took 0.082 seconds
[2022-11-21T22:10:46.849-0300] {processor.py:153} INFO - Started process (PID=5371) to work on /home/juliana/Área de Trabalho/datapipeline/.env/lib/python3.8/site-packages/airflow/example_dags/example_dag_decorator.py
[2022-11-21T22:10:46.856-0300] {processor.py:640} INFO - Processing file /home/juliana/Área de Trabalho/datapipeline/.env/lib/python3.8/site-packages/airflow/example_dags/example_dag_decorator.py for tasks to queue
[2022-11-21T22:10:46.857-0300] {logging_mixin.py:115} INFO - [2022-11-21T22:10:46.857-0300] {dagbag.py:508} INFO - Filling up the DagBag from /home/juliana/Área de Trabalho/datapipeline/.env/lib/python3.8/site-packages/airflow/example_dags/example_dag_decorator.py
[2022-11-21T22:10:46.891-0300] {processor.py:650} INFO - DAG(s) dict_keys(['example_dag_decorator']) retrieved from /home/juliana/Área de Trabalho/datapipeline/.env/lib/python3.8/site-packages/airflow/example_dags/example_dag_decorator.py
[2022-11-21T22:10:46.920-0300] {logging_mixin.py:115} INFO - [2022-11-21T22:10:46.920-0300] {dag.py:2429} INFO - Sync 1 DAGs
[2022-11-21T22:10:46.937-0300] {logging_mixin.py:115} INFO - [2022-11-21T22:10:46.936-0300] {dag.py:2977} INFO - Setting next_dagrun for example_dag_decorator to None, run_after=None
[2022-11-21T22:10:46.952-0300] {processor.py:161} INFO - Processing /home/juliana/Área de Trabalho/datapipeline/.env/lib/python3.8/site-packages/airflow/example_dags/example_dag_decorator.py took 0.108 seconds
[2022-11-21T22:11:27.257-0300] {processor.py:153} INFO - Started process (PID=5616) to work on /home/juliana/Área de Trabalho/datapipeline/.env/lib/python3.8/site-packages/airflow/example_dags/example_dag_decorator.py
[2022-11-21T22:11:27.259-0300] {processor.py:640} INFO - Processing file /home/juliana/Área de Trabalho/datapipeline/.env/lib/python3.8/site-packages/airflow/example_dags/example_dag_decorator.py for tasks to queue
[2022-11-21T22:11:27.261-0300] {logging_mixin.py:115} INFO - [2022-11-21T22:11:27.260-0300] {dagbag.py:508} INFO - Filling up the DagBag from /home/juliana/Área de Trabalho/datapipeline/.env/lib/python3.8/site-packages/airflow/example_dags/example_dag_decorator.py
[2022-11-21T22:11:27.292-0300] {processor.py:650} INFO - DAG(s) dict_keys(['example_dag_decorator']) retrieved from /home/juliana/Área de Trabalho/datapipeline/.env/lib/python3.8/site-packages/airflow/example_dags/example_dag_decorator.py
[2022-11-21T22:11:27.307-0300] {logging_mixin.py:115} INFO - [2022-11-21T22:11:27.307-0300] {dag.py:2429} INFO - Sync 1 DAGs
[2022-11-21T22:11:27.321-0300] {logging_mixin.py:115} INFO - [2022-11-21T22:11:27.320-0300] {dag.py:2977} INFO - Setting next_dagrun for example_dag_decorator to None, run_after=None
[2022-11-21T22:11:27.382-0300] {processor.py:161} INFO - Processing /home/juliana/Área de Trabalho/datapipeline/.env/lib/python3.8/site-packages/airflow/example_dags/example_dag_decorator.py took 0.130 seconds
[2022-11-21T22:12:04.696-0300] {processor.py:153} INFO - Started process (PID=5934) to work on /home/juliana/Área de Trabalho/datapipeline/.env/lib/python3.8/site-packages/airflow/example_dags/example_dag_decorator.py
[2022-11-21T22:12:04.699-0300] {processor.py:640} INFO - Processing file /home/juliana/Área de Trabalho/datapipeline/.env/lib/python3.8/site-packages/airflow/example_dags/example_dag_decorator.py for tasks to queue
[2022-11-21T22:12:04.700-0300] {logging_mixin.py:115} INFO - [2022-11-21T22:12:04.700-0300] {dagbag.py:508} INFO - Filling up the DagBag from /home/juliana/Área de Trabalho/datapipeline/.env/lib/python3.8/site-packages/airflow/example_dags/example_dag_decorator.py
[2022-11-21T22:12:04.728-0300] {processor.py:650} INFO - DAG(s) dict_keys(['example_dag_decorator']) retrieved from /home/juliana/Área de Trabalho/datapipeline/.env/lib/python3.8/site-packages/airflow/example_dags/example_dag_decorator.py
[2022-11-21T22:12:04.745-0300] {logging_mixin.py:115} INFO - [2022-11-21T22:12:04.745-0300] {dag.py:2429} INFO - Sync 1 DAGs
[2022-11-21T22:12:04.760-0300] {logging_mixin.py:115} INFO - [2022-11-21T22:12:04.759-0300] {dag.py:2977} INFO - Setting next_dagrun for example_dag_decorator to None, run_after=None
[2022-11-21T22:12:04.775-0300] {processor.py:161} INFO - Processing /home/juliana/Área de Trabalho/datapipeline/.env/lib/python3.8/site-packages/airflow/example_dags/example_dag_decorator.py took 0.082 seconds
[2022-11-21T22:12:41.177-0300] {processor.py:153} INFO - Started process (PID=5983) to work on /home/juliana/Área de Trabalho/datapipeline/.env/lib/python3.8/site-packages/airflow/example_dags/example_dag_decorator.py
[2022-11-21T22:12:41.178-0300] {processor.py:640} INFO - Processing file /home/juliana/Área de Trabalho/datapipeline/.env/lib/python3.8/site-packages/airflow/example_dags/example_dag_decorator.py for tasks to queue
[2022-11-21T22:12:41.179-0300] {logging_mixin.py:115} INFO - [2022-11-21T22:12:41.179-0300] {dagbag.py:508} INFO - Filling up the DagBag from /home/juliana/Área de Trabalho/datapipeline/.env/lib/python3.8/site-packages/airflow/example_dags/example_dag_decorator.py
[2022-11-21T22:12:41.219-0300] {processor.py:650} INFO - DAG(s) dict_keys(['example_dag_decorator']) retrieved from /home/juliana/Área de Trabalho/datapipeline/.env/lib/python3.8/site-packages/airflow/example_dags/example_dag_decorator.py
[2022-11-21T22:12:41.257-0300] {logging_mixin.py:115} INFO - [2022-11-21T22:12:41.257-0300] {dag.py:2429} INFO - Sync 1 DAGs
[2022-11-21T22:12:41.271-0300] {logging_mixin.py:115} INFO - [2022-11-21T22:12:41.271-0300] {dag.py:2977} INFO - Setting next_dagrun for example_dag_decorator to None, run_after=None
[2022-11-21T22:12:41.292-0300] {processor.py:161} INFO - Processing /home/juliana/Área de Trabalho/datapipeline/.env/lib/python3.8/site-packages/airflow/example_dags/example_dag_decorator.py took 0.120 seconds
[2022-11-21T22:13:17.002-0300] {processor.py:153} INFO - Started process (PID=6018) to work on /home/juliana/Área de Trabalho/datapipeline/.env/lib/python3.8/site-packages/airflow/example_dags/example_dag_decorator.py
[2022-11-21T22:13:17.004-0300] {processor.py:640} INFO - Processing file /home/juliana/Área de Trabalho/datapipeline/.env/lib/python3.8/site-packages/airflow/example_dags/example_dag_decorator.py for tasks to queue
[2022-11-21T22:13:17.005-0300] {logging_mixin.py:115} INFO - [2022-11-21T22:13:17.004-0300] {dagbag.py:508} INFO - Filling up the DagBag from /home/juliana/Área de Trabalho/datapipeline/.env/lib/python3.8/site-packages/airflow/example_dags/example_dag_decorator.py
[2022-11-21T22:13:17.032-0300] {processor.py:650} INFO - DAG(s) dict_keys(['example_dag_decorator']) retrieved from /home/juliana/Área de Trabalho/datapipeline/.env/lib/python3.8/site-packages/airflow/example_dags/example_dag_decorator.py
[2022-11-21T22:13:17.051-0300] {logging_mixin.py:115} INFO - [2022-11-21T22:13:17.051-0300] {dag.py:2429} INFO - Sync 1 DAGs
[2022-11-21T22:13:17.066-0300] {logging_mixin.py:115} INFO - [2022-11-21T22:13:17.066-0300] {dag.py:2977} INFO - Setting next_dagrun for example_dag_decorator to None, run_after=None
[2022-11-21T22:13:17.082-0300] {processor.py:161} INFO - Processing /home/juliana/Área de Trabalho/datapipeline/.env/lib/python3.8/site-packages/airflow/example_dags/example_dag_decorator.py took 0.084 seconds
[2022-11-21T22:13:51.371-0300] {processor.py:153} INFO - Started process (PID=6054) to work on /home/juliana/Área de Trabalho/datapipeline/.env/lib/python3.8/site-packages/airflow/example_dags/example_dag_decorator.py
[2022-11-21T22:13:51.372-0300] {processor.py:640} INFO - Processing file /home/juliana/Área de Trabalho/datapipeline/.env/lib/python3.8/site-packages/airflow/example_dags/example_dag_decorator.py for tasks to queue
[2022-11-21T22:13:51.373-0300] {logging_mixin.py:115} INFO - [2022-11-21T22:13:51.373-0300] {dagbag.py:508} INFO - Filling up the DagBag from /home/juliana/Área de Trabalho/datapipeline/.env/lib/python3.8/site-packages/airflow/example_dags/example_dag_decorator.py
[2022-11-21T22:13:51.423-0300] {processor.py:650} INFO - DAG(s) dict_keys(['example_dag_decorator']) retrieved from /home/juliana/Área de Trabalho/datapipeline/.env/lib/python3.8/site-packages/airflow/example_dags/example_dag_decorator.py
[2022-11-21T22:13:51.489-0300] {logging_mixin.py:115} INFO - [2022-11-21T22:13:51.488-0300] {dag.py:2429} INFO - Sync 1 DAGs
[2022-11-21T22:13:51.502-0300] {logging_mixin.py:115} INFO - [2022-11-21T22:13:51.501-0300] {dag.py:2977} INFO - Setting next_dagrun for example_dag_decorator to None, run_after=None
[2022-11-21T22:13:51.525-0300] {processor.py:161} INFO - Processing /home/juliana/Área de Trabalho/datapipeline/.env/lib/python3.8/site-packages/airflow/example_dags/example_dag_decorator.py took 0.159 seconds
[2022-11-21T22:14:27.411-0300] {processor.py:153} INFO - Started process (PID=6091) to work on /home/juliana/Área de Trabalho/datapipeline/.env/lib/python3.8/site-packages/airflow/example_dags/example_dag_decorator.py
[2022-11-21T22:14:27.416-0300] {processor.py:640} INFO - Processing file /home/juliana/Área de Trabalho/datapipeline/.env/lib/python3.8/site-packages/airflow/example_dags/example_dag_decorator.py for tasks to queue
[2022-11-21T22:14:27.417-0300] {logging_mixin.py:115} INFO - [2022-11-21T22:14:27.417-0300] {dagbag.py:508} INFO - Filling up the DagBag from /home/juliana/Área de Trabalho/datapipeline/.env/lib/python3.8/site-packages/airflow/example_dags/example_dag_decorator.py
[2022-11-21T22:14:27.475-0300] {processor.py:650} INFO - DAG(s) dict_keys(['example_dag_decorator']) retrieved from /home/juliana/Área de Trabalho/datapipeline/.env/lib/python3.8/site-packages/airflow/example_dags/example_dag_decorator.py
[2022-11-21T22:14:27.515-0300] {logging_mixin.py:115} INFO - [2022-11-21T22:14:27.515-0300] {dag.py:2429} INFO - Sync 1 DAGs
[2022-11-21T22:14:27.527-0300] {logging_mixin.py:115} INFO - [2022-11-21T22:14:27.527-0300] {dag.py:2977} INFO - Setting next_dagrun for example_dag_decorator to None, run_after=None
[2022-11-21T22:14:27.549-0300] {processor.py:161} INFO - Processing /home/juliana/Área de Trabalho/datapipeline/.env/lib/python3.8/site-packages/airflow/example_dags/example_dag_decorator.py took 0.143 seconds
[2022-11-21T22:15:01.550-0300] {processor.py:153} INFO - Started process (PID=6124) to work on /home/juliana/Área de Trabalho/datapipeline/.env/lib/python3.8/site-packages/airflow/example_dags/example_dag_decorator.py
[2022-11-21T22:15:01.551-0300] {processor.py:640} INFO - Processing file /home/juliana/Área de Trabalho/datapipeline/.env/lib/python3.8/site-packages/airflow/example_dags/example_dag_decorator.py for tasks to queue
[2022-11-21T22:15:01.552-0300] {logging_mixin.py:115} INFO - [2022-11-21T22:15:01.552-0300] {dagbag.py:508} INFO - Filling up the DagBag from /home/juliana/Área de Trabalho/datapipeline/.env/lib/python3.8/site-packages/airflow/example_dags/example_dag_decorator.py
[2022-11-21T22:15:01.582-0300] {processor.py:650} INFO - DAG(s) dict_keys(['example_dag_decorator']) retrieved from /home/juliana/Área de Trabalho/datapipeline/.env/lib/python3.8/site-packages/airflow/example_dags/example_dag_decorator.py
[2022-11-21T22:15:01.598-0300] {logging_mixin.py:115} INFO - [2022-11-21T22:15:01.598-0300] {dag.py:2429} INFO - Sync 1 DAGs
[2022-11-21T22:15:01.611-0300] {logging_mixin.py:115} INFO - [2022-11-21T22:15:01.611-0300] {dag.py:2977} INFO - Setting next_dagrun for example_dag_decorator to None, run_after=None
[2022-11-21T22:15:01.626-0300] {processor.py:161} INFO - Processing /home/juliana/Área de Trabalho/datapipeline/.env/lib/python3.8/site-packages/airflow/example_dags/example_dag_decorator.py took 0.081 seconds
[2022-11-21T22:15:36.491-0300] {processor.py:153} INFO - Started process (PID=6159) to work on /home/juliana/Área de Trabalho/datapipeline/.env/lib/python3.8/site-packages/airflow/example_dags/example_dag_decorator.py
[2022-11-21T22:15:36.497-0300] {processor.py:640} INFO - Processing file /home/juliana/Área de Trabalho/datapipeline/.env/lib/python3.8/site-packages/airflow/example_dags/example_dag_decorator.py for tasks to queue
[2022-11-21T22:15:36.497-0300] {logging_mixin.py:115} INFO - [2022-11-21T22:15:36.497-0300] {dagbag.py:508} INFO - Filling up the DagBag from /home/juliana/Área de Trabalho/datapipeline/.env/lib/python3.8/site-packages/airflow/example_dags/example_dag_decorator.py
[2022-11-21T22:15:36.536-0300] {processor.py:650} INFO - DAG(s) dict_keys(['example_dag_decorator']) retrieved from /home/juliana/Área de Trabalho/datapipeline/.env/lib/python3.8/site-packages/airflow/example_dags/example_dag_decorator.py
[2022-11-21T22:15:36.551-0300] {logging_mixin.py:115} INFO - [2022-11-21T22:15:36.551-0300] {dag.py:2429} INFO - Sync 1 DAGs
[2022-11-21T22:15:36.565-0300] {logging_mixin.py:115} INFO - [2022-11-21T22:15:36.565-0300] {dag.py:2977} INFO - Setting next_dagrun for example_dag_decorator to None, run_after=None
[2022-11-21T22:15:36.585-0300] {processor.py:161} INFO - Processing /home/juliana/Área de Trabalho/datapipeline/.env/lib/python3.8/site-packages/airflow/example_dags/example_dag_decorator.py took 0.101 seconds
[2022-11-21T22:16:12.447-0300] {processor.py:153} INFO - Started process (PID=6195) to work on /home/juliana/Área de Trabalho/datapipeline/.env/lib/python3.8/site-packages/airflow/example_dags/example_dag_decorator.py
[2022-11-21T22:16:12.449-0300] {processor.py:640} INFO - Processing file /home/juliana/Área de Trabalho/datapipeline/.env/lib/python3.8/site-packages/airflow/example_dags/example_dag_decorator.py for tasks to queue
[2022-11-21T22:16:12.449-0300] {logging_mixin.py:115} INFO - [2022-11-21T22:16:12.449-0300] {dagbag.py:508} INFO - Filling up the DagBag from /home/juliana/Área de Trabalho/datapipeline/.env/lib/python3.8/site-packages/airflow/example_dags/example_dag_decorator.py
[2022-11-21T22:16:12.495-0300] {processor.py:650} INFO - DAG(s) dict_keys(['example_dag_decorator']) retrieved from /home/juliana/Área de Trabalho/datapipeline/.env/lib/python3.8/site-packages/airflow/example_dags/example_dag_decorator.py
[2022-11-21T22:16:12.523-0300] {logging_mixin.py:115} INFO - [2022-11-21T22:16:12.523-0300] {dag.py:2429} INFO - Sync 1 DAGs
[2022-11-21T22:16:12.542-0300] {logging_mixin.py:115} INFO - [2022-11-21T22:16:12.541-0300] {dag.py:2977} INFO - Setting next_dagrun for example_dag_decorator to None, run_after=None
[2022-11-21T22:16:12.566-0300] {processor.py:161} INFO - Processing /home/juliana/Área de Trabalho/datapipeline/.env/lib/python3.8/site-packages/airflow/example_dags/example_dag_decorator.py took 0.124 seconds
[2022-11-21T22:16:47.980-0300] {processor.py:153} INFO - Started process (PID=6238) to work on /home/juliana/Área de Trabalho/datapipeline/.env/lib/python3.8/site-packages/airflow/example_dags/example_dag_decorator.py
[2022-11-21T22:16:47.982-0300] {processor.py:640} INFO - Processing file /home/juliana/Área de Trabalho/datapipeline/.env/lib/python3.8/site-packages/airflow/example_dags/example_dag_decorator.py for tasks to queue
[2022-11-21T22:16:47.983-0300] {logging_mixin.py:115} INFO - [2022-11-21T22:16:47.983-0300] {dagbag.py:508} INFO - Filling up the DagBag from /home/juliana/Área de Trabalho/datapipeline/.env/lib/python3.8/site-packages/airflow/example_dags/example_dag_decorator.py
[2022-11-21T22:16:48.014-0300] {processor.py:650} INFO - DAG(s) dict_keys(['example_dag_decorator']) retrieved from /home/juliana/Área de Trabalho/datapipeline/.env/lib/python3.8/site-packages/airflow/example_dags/example_dag_decorator.py
[2022-11-21T22:16:48.030-0300] {logging_mixin.py:115} INFO - [2022-11-21T22:16:48.030-0300] {dag.py:2429} INFO - Sync 1 DAGs
[2022-11-21T22:16:48.044-0300] {logging_mixin.py:115} INFO - [2022-11-21T22:16:48.044-0300] {dag.py:2977} INFO - Setting next_dagrun for example_dag_decorator to None, run_after=None
[2022-11-21T22:16:48.062-0300] {processor.py:161} INFO - Processing /home/juliana/Área de Trabalho/datapipeline/.env/lib/python3.8/site-packages/airflow/example_dags/example_dag_decorator.py took 0.087 seconds
