[2022-11-21T21:13:30.777-0300] {processor.py:153} INFO - Started process (PID=3118) to work on /home/juliana/Área de Trabalho/datapipeline/.env/lib/python3.8/site-packages/airflow/example_dags/example_bash_operator.py
[2022-11-21T21:13:30.778-0300] {processor.py:640} INFO - Processing file /home/juliana/Área de Trabalho/datapipeline/.env/lib/python3.8/site-packages/airflow/example_dags/example_bash_operator.py for tasks to queue
[2022-11-21T21:13:30.778-0300] {logging_mixin.py:115} INFO - [2022-11-21T21:13:30.778-0300] {dagbag.py:508} INFO - Filling up the DagBag from /home/juliana/Área de Trabalho/datapipeline/.env/lib/python3.8/site-packages/airflow/example_dags/example_bash_operator.py
[2022-11-21T21:13:30.790-0300] {processor.py:650} INFO - DAG(s) dict_keys(['example_bash_operator']) retrieved from /home/juliana/Área de Trabalho/datapipeline/.env/lib/python3.8/site-packages/airflow/example_dags/example_bash_operator.py
[2022-11-21T21:13:30.814-0300] {logging_mixin.py:115} INFO - [2022-11-21T21:13:30.814-0300] {dag.py:2429} INFO - Sync 1 DAGs
[2022-11-21T21:13:30.830-0300] {logging_mixin.py:115} INFO - [2022-11-21T21:13:30.830-0300] {dag.py:2977} INFO - Setting next_dagrun for example_bash_operator to 2022-11-21T00:00:00+00:00, run_after=2022-11-22T00:00:00+00:00
[2022-11-21T21:13:30.846-0300] {processor.py:161} INFO - Processing /home/juliana/Área de Trabalho/datapipeline/.env/lib/python3.8/site-packages/airflow/example_dags/example_bash_operator.py took 0.073 seconds
[2022-11-21T21:14:09.451-0300] {processor.py:153} INFO - Started process (PID=3337) to work on /home/juliana/Área de Trabalho/datapipeline/.env/lib/python3.8/site-packages/airflow/example_dags/example_bash_operator.py
[2022-11-21T21:14:09.455-0300] {processor.py:640} INFO - Processing file /home/juliana/Área de Trabalho/datapipeline/.env/lib/python3.8/site-packages/airflow/example_dags/example_bash_operator.py for tasks to queue
[2022-11-21T21:14:09.456-0300] {logging_mixin.py:115} INFO - [2022-11-21T21:14:09.455-0300] {dagbag.py:508} INFO - Filling up the DagBag from /home/juliana/Área de Trabalho/datapipeline/.env/lib/python3.8/site-packages/airflow/example_dags/example_bash_operator.py
[2022-11-21T21:14:09.503-0300] {processor.py:650} INFO - DAG(s) dict_keys(['example_bash_operator']) retrieved from /home/juliana/Área de Trabalho/datapipeline/.env/lib/python3.8/site-packages/airflow/example_dags/example_bash_operator.py
[2022-11-21T21:14:09.564-0300] {logging_mixin.py:115} INFO - [2022-11-21T21:14:09.563-0300] {dag.py:2429} INFO - Sync 1 DAGs
[2022-11-21T21:14:09.583-0300] {logging_mixin.py:115} INFO - [2022-11-21T21:14:09.583-0300] {dag.py:2977} INFO - Setting next_dagrun for example_bash_operator to 2022-11-21T00:00:00+00:00, run_after=2022-11-22T00:00:00+00:00
[2022-11-21T21:14:09.607-0300] {processor.py:161} INFO - Processing /home/juliana/Área de Trabalho/datapipeline/.env/lib/python3.8/site-packages/airflow/example_dags/example_bash_operator.py took 0.161 seconds
[2022-11-21T21:15:45.447-0300] {processor.py:153} INFO - Started process (PID=3506) to work on /home/juliana/Área de Trabalho/datapipeline/.env/lib/python3.8/site-packages/airflow/example_dags/example_bash_operator.py
[2022-11-21T21:15:45.452-0300] {processor.py:640} INFO - Processing file /home/juliana/Área de Trabalho/datapipeline/.env/lib/python3.8/site-packages/airflow/example_dags/example_bash_operator.py for tasks to queue
[2022-11-21T21:15:45.452-0300] {logging_mixin.py:115} INFO - [2022-11-21T21:15:45.452-0300] {dagbag.py:508} INFO - Filling up the DagBag from /home/juliana/Área de Trabalho/datapipeline/.env/lib/python3.8/site-packages/airflow/example_dags/example_bash_operator.py
[2022-11-21T21:15:45.541-0300] {processor.py:650} INFO - DAG(s) dict_keys(['example_bash_operator']) retrieved from /home/juliana/Área de Trabalho/datapipeline/.env/lib/python3.8/site-packages/airflow/example_dags/example_bash_operator.py
[2022-11-21T21:15:45.755-0300] {logging_mixin.py:115} INFO - [2022-11-21T21:15:45.730-0300] {dag.py:2429} INFO - Sync 1 DAGs
[2022-11-21T21:15:45.903-0300] {logging_mixin.py:115} INFO - [2022-11-21T21:15:45.893-0300] {dag.py:2977} INFO - Setting next_dagrun for example_bash_operator to 2022-11-21T00:00:00+00:00, run_after=2022-11-22T00:00:00+00:00
[2022-11-21T21:15:46.001-0300] {processor.py:161} INFO - Processing /home/juliana/Área de Trabalho/datapipeline/.env/lib/python3.8/site-packages/airflow/example_dags/example_bash_operator.py took 0.560 seconds
[2022-11-21T21:29:00.737-0300] {processor.py:153} INFO - Started process (PID=3671) to work on /home/juliana/Área de Trabalho/datapipeline/.env/lib/python3.8/site-packages/airflow/example_dags/example_bash_operator.py
[2022-11-21T21:29:00.755-0300] {processor.py:640} INFO - Processing file /home/juliana/Área de Trabalho/datapipeline/.env/lib/python3.8/site-packages/airflow/example_dags/example_bash_operator.py for tasks to queue
[2022-11-21T21:29:00.764-0300] {logging_mixin.py:115} INFO - [2022-11-21T21:29:00.763-0300] {dagbag.py:508} INFO - Filling up the DagBag from /home/juliana/Área de Trabalho/datapipeline/.env/lib/python3.8/site-packages/airflow/example_dags/example_bash_operator.py
[2022-11-21T21:29:10.295-0300] {processor.py:650} INFO - DAG(s) dict_keys(['example_bash_operator']) retrieved from /home/juliana/Área de Trabalho/datapipeline/.env/lib/python3.8/site-packages/airflow/example_dags/example_bash_operator.py
[2022-11-21T21:38:51.378-0300] {processor.py:153} INFO - Started process (PID=8063) to work on /home/juliana/Área de Trabalho/datapipeline/.env/lib/python3.8/site-packages/airflow/example_dags/example_bash_operator.py
[2022-11-21T21:38:51.384-0300] {processor.py:640} INFO - Processing file /home/juliana/Área de Trabalho/datapipeline/.env/lib/python3.8/site-packages/airflow/example_dags/example_bash_operator.py for tasks to queue
[2022-11-21T21:38:51.385-0300] {logging_mixin.py:115} INFO - [2022-11-21T21:38:51.384-0300] {dagbag.py:508} INFO - Filling up the DagBag from /home/juliana/Área de Trabalho/datapipeline/.env/lib/python3.8/site-packages/airflow/example_dags/example_bash_operator.py
[2022-11-21T21:38:51.405-0300] {processor.py:650} INFO - DAG(s) dict_keys(['example_bash_operator']) retrieved from /home/juliana/Área de Trabalho/datapipeline/.env/lib/python3.8/site-packages/airflow/example_dags/example_bash_operator.py
[2022-11-21T21:38:51.460-0300] {logging_mixin.py:115} INFO - [2022-11-21T21:38:51.457-0300] {dag.py:2429} INFO - Sync 1 DAGs
[2022-11-21T21:38:51.506-0300] {logging_mixin.py:115} INFO - [2022-11-21T21:38:51.505-0300] {dag.py:2977} INFO - Setting next_dagrun for example_bash_operator to 2022-11-21T00:00:00+00:00, run_after=2022-11-22T00:00:00+00:00
[2022-11-21T21:38:51.531-0300] {processor.py:161} INFO - Processing /home/juliana/Área de Trabalho/datapipeline/.env/lib/python3.8/site-packages/airflow/example_dags/example_bash_operator.py took 0.160 seconds
[2022-11-21T21:39:33.880-0300] {processor.py:153} INFO - Started process (PID=8108) to work on /home/juliana/Área de Trabalho/datapipeline/.env/lib/python3.8/site-packages/airflow/example_dags/example_bash_operator.py
[2022-11-21T21:39:33.887-0300] {processor.py:640} INFO - Processing file /home/juliana/Área de Trabalho/datapipeline/.env/lib/python3.8/site-packages/airflow/example_dags/example_bash_operator.py for tasks to queue
[2022-11-21T21:39:33.888-0300] {logging_mixin.py:115} INFO - [2022-11-21T21:39:33.888-0300] {dagbag.py:508} INFO - Filling up the DagBag from /home/juliana/Área de Trabalho/datapipeline/.env/lib/python3.8/site-packages/airflow/example_dags/example_bash_operator.py
[2022-11-21T21:39:33.903-0300] {processor.py:650} INFO - DAG(s) dict_keys(['example_bash_operator']) retrieved from /home/juliana/Área de Trabalho/datapipeline/.env/lib/python3.8/site-packages/airflow/example_dags/example_bash_operator.py
[2022-11-21T21:39:33.926-0300] {logging_mixin.py:115} INFO - [2022-11-21T21:39:33.926-0300] {dag.py:2429} INFO - Sync 1 DAGs
[2022-11-21T21:39:33.942-0300] {logging_mixin.py:115} INFO - [2022-11-21T21:39:33.942-0300] {dag.py:2977} INFO - Setting next_dagrun for example_bash_operator to 2022-11-21T00:00:00+00:00, run_after=2022-11-22T00:00:00+00:00
[2022-11-21T21:39:33.957-0300] {processor.py:161} INFO - Processing /home/juliana/Área de Trabalho/datapipeline/.env/lib/python3.8/site-packages/airflow/example_dags/example_bash_operator.py took 0.082 seconds
[2022-11-21T21:40:09.284-0300] {processor.py:153} INFO - Started process (PID=8322) to work on /home/juliana/Área de Trabalho/datapipeline/.env/lib/python3.8/site-packages/airflow/example_dags/example_bash_operator.py
[2022-11-21T21:40:09.286-0300] {processor.py:640} INFO - Processing file /home/juliana/Área de Trabalho/datapipeline/.env/lib/python3.8/site-packages/airflow/example_dags/example_bash_operator.py for tasks to queue
[2022-11-21T21:40:09.287-0300] {logging_mixin.py:115} INFO - [2022-11-21T21:40:09.287-0300] {dagbag.py:508} INFO - Filling up the DagBag from /home/juliana/Área de Trabalho/datapipeline/.env/lib/python3.8/site-packages/airflow/example_dags/example_bash_operator.py
[2022-11-21T21:40:09.319-0300] {processor.py:650} INFO - DAG(s) dict_keys(['example_bash_operator']) retrieved from /home/juliana/Área de Trabalho/datapipeline/.env/lib/python3.8/site-packages/airflow/example_dags/example_bash_operator.py
[2022-11-21T21:40:09.370-0300] {logging_mixin.py:115} INFO - [2022-11-21T21:40:09.370-0300] {dag.py:2429} INFO - Sync 1 DAGs
[2022-11-21T21:40:09.411-0300] {logging_mixin.py:115} INFO - [2022-11-21T21:40:09.411-0300] {dag.py:2977} INFO - Setting next_dagrun for example_bash_operator to 2022-11-21T00:00:00+00:00, run_after=2022-11-22T00:00:00+00:00
[2022-11-21T21:40:09.442-0300] {processor.py:161} INFO - Processing /home/juliana/Área de Trabalho/datapipeline/.env/lib/python3.8/site-packages/airflow/example_dags/example_bash_operator.py took 0.171 seconds
[2022-11-21T21:40:55.422-0300] {processor.py:153} INFO - Started process (PID=8650) to work on /home/juliana/Área de Trabalho/datapipeline/.env/lib/python3.8/site-packages/airflow/example_dags/example_bash_operator.py
[2022-11-21T21:40:55.428-0300] {processor.py:640} INFO - Processing file /home/juliana/Área de Trabalho/datapipeline/.env/lib/python3.8/site-packages/airflow/example_dags/example_bash_operator.py for tasks to queue
[2022-11-21T21:40:55.429-0300] {logging_mixin.py:115} INFO - [2022-11-21T21:40:55.429-0300] {dagbag.py:508} INFO - Filling up the DagBag from /home/juliana/Área de Trabalho/datapipeline/.env/lib/python3.8/site-packages/airflow/example_dags/example_bash_operator.py
[2022-11-21T21:40:55.444-0300] {processor.py:650} INFO - DAG(s) dict_keys(['example_bash_operator']) retrieved from /home/juliana/Área de Trabalho/datapipeline/.env/lib/python3.8/site-packages/airflow/example_dags/example_bash_operator.py
[2022-11-21T21:40:55.474-0300] {logging_mixin.py:115} INFO - [2022-11-21T21:40:55.474-0300] {dag.py:2429} INFO - Sync 1 DAGs
[2022-11-21T21:40:55.489-0300] {logging_mixin.py:115} INFO - [2022-11-21T21:40:55.488-0300] {dag.py:2977} INFO - Setting next_dagrun for example_bash_operator to 2022-11-21T00:00:00+00:00, run_after=2022-11-22T00:00:00+00:00
[2022-11-21T21:40:55.506-0300] {processor.py:161} INFO - Processing /home/juliana/Área de Trabalho/datapipeline/.env/lib/python3.8/site-packages/airflow/example_dags/example_bash_operator.py took 0.088 seconds
[2022-11-21T21:41:30.082-0300] {processor.py:153} INFO - Started process (PID=8861) to work on /home/juliana/Área de Trabalho/datapipeline/.env/lib/python3.8/site-packages/airflow/example_dags/example_bash_operator.py
[2022-11-21T21:41:30.085-0300] {processor.py:640} INFO - Processing file /home/juliana/Área de Trabalho/datapipeline/.env/lib/python3.8/site-packages/airflow/example_dags/example_bash_operator.py for tasks to queue
[2022-11-21T21:41:30.086-0300] {logging_mixin.py:115} INFO - [2022-11-21T21:41:30.086-0300] {dagbag.py:508} INFO - Filling up the DagBag from /home/juliana/Área de Trabalho/datapipeline/.env/lib/python3.8/site-packages/airflow/example_dags/example_bash_operator.py
[2022-11-21T21:41:30.104-0300] {processor.py:650} INFO - DAG(s) dict_keys(['example_bash_operator']) retrieved from /home/juliana/Área de Trabalho/datapipeline/.env/lib/python3.8/site-packages/airflow/example_dags/example_bash_operator.py
[2022-11-21T21:41:30.126-0300] {logging_mixin.py:115} INFO - [2022-11-21T21:41:30.125-0300] {dag.py:2429} INFO - Sync 1 DAGs
[2022-11-21T21:41:30.155-0300] {logging_mixin.py:115} INFO - [2022-11-21T21:41:30.154-0300] {dag.py:2977} INFO - Setting next_dagrun for example_bash_operator to 2022-11-21T00:00:00+00:00, run_after=2022-11-22T00:00:00+00:00
[2022-11-21T21:41:30.175-0300] {processor.py:161} INFO - Processing /home/juliana/Área de Trabalho/datapipeline/.env/lib/python3.8/site-packages/airflow/example_dags/example_bash_operator.py took 0.101 seconds
[2022-11-21T21:42:05.851-0300] {processor.py:153} INFO - Started process (PID=9078) to work on /home/juliana/Área de Trabalho/datapipeline/.env/lib/python3.8/site-packages/airflow/example_dags/example_bash_operator.py
[2022-11-21T21:42:05.853-0300] {processor.py:640} INFO - Processing file /home/juliana/Área de Trabalho/datapipeline/.env/lib/python3.8/site-packages/airflow/example_dags/example_bash_operator.py for tasks to queue
[2022-11-21T21:42:05.854-0300] {logging_mixin.py:115} INFO - [2022-11-21T21:42:05.853-0300] {dagbag.py:508} INFO - Filling up the DagBag from /home/juliana/Área de Trabalho/datapipeline/.env/lib/python3.8/site-packages/airflow/example_dags/example_bash_operator.py
[2022-11-21T21:42:05.869-0300] {processor.py:650} INFO - DAG(s) dict_keys(['example_bash_operator']) retrieved from /home/juliana/Área de Trabalho/datapipeline/.env/lib/python3.8/site-packages/airflow/example_dags/example_bash_operator.py
[2022-11-21T21:42:05.897-0300] {logging_mixin.py:115} INFO - [2022-11-21T21:42:05.897-0300] {dag.py:2429} INFO - Sync 1 DAGs
[2022-11-21T21:42:05.912-0300] {logging_mixin.py:115} INFO - [2022-11-21T21:42:05.912-0300] {dag.py:2977} INFO - Setting next_dagrun for example_bash_operator to 2022-11-21T00:00:00+00:00, run_after=2022-11-22T00:00:00+00:00
[2022-11-21T21:42:05.928-0300] {processor.py:161} INFO - Processing /home/juliana/Área de Trabalho/datapipeline/.env/lib/python3.8/site-packages/airflow/example_dags/example_bash_operator.py took 0.083 seconds
[2022-11-21T21:42:42.613-0300] {processor.py:153} INFO - Started process (PID=9290) to work on /home/juliana/Área de Trabalho/datapipeline/.env/lib/python3.8/site-packages/airflow/example_dags/example_bash_operator.py
[2022-11-21T21:42:42.615-0300] {processor.py:640} INFO - Processing file /home/juliana/Área de Trabalho/datapipeline/.env/lib/python3.8/site-packages/airflow/example_dags/example_bash_operator.py for tasks to queue
[2022-11-21T21:42:42.616-0300] {logging_mixin.py:115} INFO - [2022-11-21T21:42:42.616-0300] {dagbag.py:508} INFO - Filling up the DagBag from /home/juliana/Área de Trabalho/datapipeline/.env/lib/python3.8/site-packages/airflow/example_dags/example_bash_operator.py
[2022-11-21T21:42:42.638-0300] {processor.py:650} INFO - DAG(s) dict_keys(['example_bash_operator']) retrieved from /home/juliana/Área de Trabalho/datapipeline/.env/lib/python3.8/site-packages/airflow/example_dags/example_bash_operator.py
[2022-11-21T21:42:42.661-0300] {logging_mixin.py:115} INFO - [2022-11-21T21:42:42.661-0300] {dag.py:2429} INFO - Sync 1 DAGs
[2022-11-21T21:42:42.676-0300] {logging_mixin.py:115} INFO - [2022-11-21T21:42:42.676-0300] {dag.py:2977} INFO - Setting next_dagrun for example_bash_operator to 2022-11-21T00:00:00+00:00, run_after=2022-11-22T00:00:00+00:00
[2022-11-21T21:42:42.697-0300] {processor.py:161} INFO - Processing /home/juliana/Área de Trabalho/datapipeline/.env/lib/python3.8/site-packages/airflow/example_dags/example_bash_operator.py took 0.094 seconds
[2022-11-21T21:43:20.201-0300] {processor.py:153} INFO - Started process (PID=9504) to work on /home/juliana/Área de Trabalho/datapipeline/.env/lib/python3.8/site-packages/airflow/example_dags/example_bash_operator.py
[2022-11-21T21:43:20.202-0300] {processor.py:640} INFO - Processing file /home/juliana/Área de Trabalho/datapipeline/.env/lib/python3.8/site-packages/airflow/example_dags/example_bash_operator.py for tasks to queue
[2022-11-21T21:43:20.203-0300] {logging_mixin.py:115} INFO - [2022-11-21T21:43:20.203-0300] {dagbag.py:508} INFO - Filling up the DagBag from /home/juliana/Área de Trabalho/datapipeline/.env/lib/python3.8/site-packages/airflow/example_dags/example_bash_operator.py
[2022-11-21T21:43:20.215-0300] {processor.py:650} INFO - DAG(s) dict_keys(['example_bash_operator']) retrieved from /home/juliana/Área de Trabalho/datapipeline/.env/lib/python3.8/site-packages/airflow/example_dags/example_bash_operator.py
[2022-11-21T21:43:20.237-0300] {logging_mixin.py:115} INFO - [2022-11-21T21:43:20.237-0300] {dag.py:2429} INFO - Sync 1 DAGs
[2022-11-21T21:43:20.251-0300] {logging_mixin.py:115} INFO - [2022-11-21T21:43:20.251-0300] {dag.py:2977} INFO - Setting next_dagrun for example_bash_operator to 2022-11-21T00:00:00+00:00, run_after=2022-11-22T00:00:00+00:00
[2022-11-21T21:43:20.272-0300] {processor.py:161} INFO - Processing /home/juliana/Área de Trabalho/datapipeline/.env/lib/python3.8/site-packages/airflow/example_dags/example_bash_operator.py took 0.075 seconds
[2022-11-21T21:44:00.395-0300] {processor.py:153} INFO - Started process (PID=9676) to work on /home/juliana/Área de Trabalho/datapipeline/.env/lib/python3.8/site-packages/airflow/example_dags/example_bash_operator.py
[2022-11-21T21:44:00.397-0300] {processor.py:640} INFO - Processing file /home/juliana/Área de Trabalho/datapipeline/.env/lib/python3.8/site-packages/airflow/example_dags/example_bash_operator.py for tasks to queue
[2022-11-21T21:44:00.397-0300] {logging_mixin.py:115} INFO - [2022-11-21T21:44:00.397-0300] {dagbag.py:508} INFO - Filling up the DagBag from /home/juliana/Área de Trabalho/datapipeline/.env/lib/python3.8/site-packages/airflow/example_dags/example_bash_operator.py
[2022-11-21T21:44:00.410-0300] {processor.py:650} INFO - DAG(s) dict_keys(['example_bash_operator']) retrieved from /home/juliana/Área de Trabalho/datapipeline/.env/lib/python3.8/site-packages/airflow/example_dags/example_bash_operator.py
[2022-11-21T21:44:00.431-0300] {logging_mixin.py:115} INFO - [2022-11-21T21:44:00.431-0300] {dag.py:2429} INFO - Sync 1 DAGs
[2022-11-21T21:44:00.445-0300] {logging_mixin.py:115} INFO - [2022-11-21T21:44:00.445-0300] {dag.py:2977} INFO - Setting next_dagrun for example_bash_operator to 2022-11-21T00:00:00+00:00, run_after=2022-11-22T00:00:00+00:00
[2022-11-21T21:44:00.467-0300] {processor.py:161} INFO - Processing /home/juliana/Área de Trabalho/datapipeline/.env/lib/python3.8/site-packages/airflow/example_dags/example_bash_operator.py took 0.076 seconds
[2022-11-21T21:44:35.766-0300] {processor.py:153} INFO - Started process (PID=9722) to work on /home/juliana/Área de Trabalho/datapipeline/.env/lib/python3.8/site-packages/airflow/example_dags/example_bash_operator.py
[2022-11-21T21:44:35.772-0300] {processor.py:640} INFO - Processing file /home/juliana/Área de Trabalho/datapipeline/.env/lib/python3.8/site-packages/airflow/example_dags/example_bash_operator.py for tasks to queue
[2022-11-21T21:44:35.773-0300] {logging_mixin.py:115} INFO - [2022-11-21T21:44:35.773-0300] {dagbag.py:508} INFO - Filling up the DagBag from /home/juliana/Área de Trabalho/datapipeline/.env/lib/python3.8/site-packages/airflow/example_dags/example_bash_operator.py
[2022-11-21T21:44:35.790-0300] {processor.py:650} INFO - DAG(s) dict_keys(['example_bash_operator']) retrieved from /home/juliana/Área de Trabalho/datapipeline/.env/lib/python3.8/site-packages/airflow/example_dags/example_bash_operator.py
[2022-11-21T21:44:35.815-0300] {logging_mixin.py:115} INFO - [2022-11-21T21:44:35.815-0300] {dag.py:2429} INFO - Sync 1 DAGs
[2022-11-21T21:44:35.832-0300] {logging_mixin.py:115} INFO - [2022-11-21T21:44:35.832-0300] {dag.py:2977} INFO - Setting next_dagrun for example_bash_operator to 2022-11-21T00:00:00+00:00, run_after=2022-11-22T00:00:00+00:00
[2022-11-21T21:44:35.849-0300] {processor.py:161} INFO - Processing /home/juliana/Área de Trabalho/datapipeline/.env/lib/python3.8/site-packages/airflow/example_dags/example_bash_operator.py took 0.087 seconds
[2022-11-21T21:45:14.929-0300] {processor.py:153} INFO - Started process (PID=9764) to work on /home/juliana/Área de Trabalho/datapipeline/.env/lib/python3.8/site-packages/airflow/example_dags/example_bash_operator.py
[2022-11-21T21:45:14.931-0300] {processor.py:640} INFO - Processing file /home/juliana/Área de Trabalho/datapipeline/.env/lib/python3.8/site-packages/airflow/example_dags/example_bash_operator.py for tasks to queue
[2022-11-21T21:45:14.932-0300] {logging_mixin.py:115} INFO - [2022-11-21T21:45:14.931-0300] {dagbag.py:508} INFO - Filling up the DagBag from /home/juliana/Área de Trabalho/datapipeline/.env/lib/python3.8/site-packages/airflow/example_dags/example_bash_operator.py
[2022-11-21T21:45:14.945-0300] {processor.py:650} INFO - DAG(s) dict_keys(['example_bash_operator']) retrieved from /home/juliana/Área de Trabalho/datapipeline/.env/lib/python3.8/site-packages/airflow/example_dags/example_bash_operator.py
[2022-11-21T21:45:14.968-0300] {logging_mixin.py:115} INFO - [2022-11-21T21:45:14.968-0300] {dag.py:2429} INFO - Sync 1 DAGs
[2022-11-21T21:45:14.983-0300] {logging_mixin.py:115} INFO - [2022-11-21T21:45:14.983-0300] {dag.py:2977} INFO - Setting next_dagrun for example_bash_operator to 2022-11-21T00:00:00+00:00, run_after=2022-11-22T00:00:00+00:00
[2022-11-21T21:45:15.052-0300] {processor.py:161} INFO - Processing /home/juliana/Área de Trabalho/datapipeline/.env/lib/python3.8/site-packages/airflow/example_dags/example_bash_operator.py took 0.128 seconds
[2022-11-21T21:45:50.989-0300] {processor.py:153} INFO - Started process (PID=9835) to work on /home/juliana/Área de Trabalho/datapipeline/.env/lib/python3.8/site-packages/airflow/example_dags/example_bash_operator.py
[2022-11-21T21:45:50.990-0300] {processor.py:640} INFO - Processing file /home/juliana/Área de Trabalho/datapipeline/.env/lib/python3.8/site-packages/airflow/example_dags/example_bash_operator.py for tasks to queue
[2022-11-21T21:45:50.991-0300] {logging_mixin.py:115} INFO - [2022-11-21T21:45:50.991-0300] {dagbag.py:508} INFO - Filling up the DagBag from /home/juliana/Área de Trabalho/datapipeline/.env/lib/python3.8/site-packages/airflow/example_dags/example_bash_operator.py
[2022-11-21T21:45:51.006-0300] {processor.py:650} INFO - DAG(s) dict_keys(['example_bash_operator']) retrieved from /home/juliana/Área de Trabalho/datapipeline/.env/lib/python3.8/site-packages/airflow/example_dags/example_bash_operator.py
[2022-11-21T21:45:51.044-0300] {logging_mixin.py:115} INFO - [2022-11-21T21:45:51.044-0300] {dag.py:2429} INFO - Sync 1 DAGs
[2022-11-21T21:45:51.059-0300] {logging_mixin.py:115} INFO - [2022-11-21T21:45:51.059-0300] {dag.py:2977} INFO - Setting next_dagrun for example_bash_operator to 2022-11-21T00:00:00+00:00, run_after=2022-11-22T00:00:00+00:00
[2022-11-21T21:45:51.079-0300] {processor.py:161} INFO - Processing /home/juliana/Área de Trabalho/datapipeline/.env/lib/python3.8/site-packages/airflow/example_dags/example_bash_operator.py took 0.096 seconds
[2022-11-21T21:46:26.277-0300] {processor.py:153} INFO - Started process (PID=10053) to work on /home/juliana/Área de Trabalho/datapipeline/.env/lib/python3.8/site-packages/airflow/example_dags/example_bash_operator.py
[2022-11-21T21:46:26.278-0300] {processor.py:640} INFO - Processing file /home/juliana/Área de Trabalho/datapipeline/.env/lib/python3.8/site-packages/airflow/example_dags/example_bash_operator.py for tasks to queue
[2022-11-21T21:46:26.279-0300] {logging_mixin.py:115} INFO - [2022-11-21T21:46:26.279-0300] {dagbag.py:508} INFO - Filling up the DagBag from /home/juliana/Área de Trabalho/datapipeline/.env/lib/python3.8/site-packages/airflow/example_dags/example_bash_operator.py
[2022-11-21T21:46:26.293-0300] {processor.py:650} INFO - DAG(s) dict_keys(['example_bash_operator']) retrieved from /home/juliana/Área de Trabalho/datapipeline/.env/lib/python3.8/site-packages/airflow/example_dags/example_bash_operator.py
[2022-11-21T21:46:26.316-0300] {logging_mixin.py:115} INFO - [2022-11-21T21:46:26.316-0300] {dag.py:2429} INFO - Sync 1 DAGs
[2022-11-21T21:46:26.330-0300] {logging_mixin.py:115} INFO - [2022-11-21T21:46:26.330-0300] {dag.py:2977} INFO - Setting next_dagrun for example_bash_operator to 2022-11-21T00:00:00+00:00, run_after=2022-11-22T00:00:00+00:00
[2022-11-21T21:46:26.348-0300] {processor.py:161} INFO - Processing /home/juliana/Área de Trabalho/datapipeline/.env/lib/python3.8/site-packages/airflow/example_dags/example_bash_operator.py took 0.075 seconds
[2022-11-21T21:47:05.350-0300] {processor.py:153} INFO - Started process (PID=10274) to work on /home/juliana/Área de Trabalho/datapipeline/.env/lib/python3.8/site-packages/airflow/example_dags/example_bash_operator.py
[2022-11-21T21:47:05.352-0300] {processor.py:640} INFO - Processing file /home/juliana/Área de Trabalho/datapipeline/.env/lib/python3.8/site-packages/airflow/example_dags/example_bash_operator.py for tasks to queue
[2022-11-21T21:47:05.353-0300] {logging_mixin.py:115} INFO - [2022-11-21T21:47:05.353-0300] {dagbag.py:508} INFO - Filling up the DagBag from /home/juliana/Área de Trabalho/datapipeline/.env/lib/python3.8/site-packages/airflow/example_dags/example_bash_operator.py
[2022-11-21T21:47:05.367-0300] {processor.py:650} INFO - DAG(s) dict_keys(['example_bash_operator']) retrieved from /home/juliana/Área de Trabalho/datapipeline/.env/lib/python3.8/site-packages/airflow/example_dags/example_bash_operator.py
[2022-11-21T21:47:05.388-0300] {logging_mixin.py:115} INFO - [2022-11-21T21:47:05.388-0300] {dag.py:2429} INFO - Sync 1 DAGs
[2022-11-21T21:47:05.402-0300] {logging_mixin.py:115} INFO - [2022-11-21T21:47:05.402-0300] {dag.py:2977} INFO - Setting next_dagrun for example_bash_operator to 2022-11-21T00:00:00+00:00, run_after=2022-11-22T00:00:00+00:00
[2022-11-21T21:47:05.419-0300] {processor.py:161} INFO - Processing /home/juliana/Área de Trabalho/datapipeline/.env/lib/python3.8/site-packages/airflow/example_dags/example_bash_operator.py took 0.073 seconds
[2022-11-21T21:47:41.794-0300] {processor.py:153} INFO - Started process (PID=10484) to work on /home/juliana/Área de Trabalho/datapipeline/.env/lib/python3.8/site-packages/airflow/example_dags/example_bash_operator.py
[2022-11-21T21:47:41.795-0300] {processor.py:640} INFO - Processing file /home/juliana/Área de Trabalho/datapipeline/.env/lib/python3.8/site-packages/airflow/example_dags/example_bash_operator.py for tasks to queue
[2022-11-21T21:47:41.796-0300] {logging_mixin.py:115} INFO - [2022-11-21T21:47:41.796-0300] {dagbag.py:508} INFO - Filling up the DagBag from /home/juliana/Área de Trabalho/datapipeline/.env/lib/python3.8/site-packages/airflow/example_dags/example_bash_operator.py
[2022-11-21T21:47:41.808-0300] {processor.py:650} INFO - DAG(s) dict_keys(['example_bash_operator']) retrieved from /home/juliana/Área de Trabalho/datapipeline/.env/lib/python3.8/site-packages/airflow/example_dags/example_bash_operator.py
[2022-11-21T21:47:41.832-0300] {logging_mixin.py:115} INFO - [2022-11-21T21:47:41.832-0300] {dag.py:2429} INFO - Sync 1 DAGs
[2022-11-21T21:47:41.849-0300] {logging_mixin.py:115} INFO - [2022-11-21T21:47:41.849-0300] {dag.py:2977} INFO - Setting next_dagrun for example_bash_operator to 2022-11-21T00:00:00+00:00, run_after=2022-11-22T00:00:00+00:00
[2022-11-21T21:47:41.940-0300] {processor.py:161} INFO - Processing /home/juliana/Área de Trabalho/datapipeline/.env/lib/python3.8/site-packages/airflow/example_dags/example_bash_operator.py took 0.149 seconds
[2022-11-21T21:48:18.273-0300] {processor.py:153} INFO - Started process (PID=10600) to work on /home/juliana/Área de Trabalho/datapipeline/.env/lib/python3.8/site-packages/airflow/example_dags/example_bash_operator.py
[2022-11-21T21:48:18.275-0300] {processor.py:640} INFO - Processing file /home/juliana/Área de Trabalho/datapipeline/.env/lib/python3.8/site-packages/airflow/example_dags/example_bash_operator.py for tasks to queue
[2022-11-21T21:48:18.275-0300] {logging_mixin.py:115} INFO - [2022-11-21T21:48:18.275-0300] {dagbag.py:508} INFO - Filling up the DagBag from /home/juliana/Área de Trabalho/datapipeline/.env/lib/python3.8/site-packages/airflow/example_dags/example_bash_operator.py
[2022-11-21T21:48:18.289-0300] {processor.py:650} INFO - DAG(s) dict_keys(['example_bash_operator']) retrieved from /home/juliana/Área de Trabalho/datapipeline/.env/lib/python3.8/site-packages/airflow/example_dags/example_bash_operator.py
[2022-11-21T21:48:18.312-0300] {logging_mixin.py:115} INFO - [2022-11-21T21:48:18.312-0300] {dag.py:2429} INFO - Sync 1 DAGs
[2022-11-21T21:48:18.327-0300] {logging_mixin.py:115} INFO - [2022-11-21T21:48:18.326-0300] {dag.py:2977} INFO - Setting next_dagrun for example_bash_operator to 2022-11-21T00:00:00+00:00, run_after=2022-11-22T00:00:00+00:00
[2022-11-21T21:48:18.347-0300] {processor.py:161} INFO - Processing /home/juliana/Área de Trabalho/datapipeline/.env/lib/python3.8/site-packages/airflow/example_dags/example_bash_operator.py took 0.077 seconds
[2022-11-21T21:48:55.992-0300] {processor.py:153} INFO - Started process (PID=10745) to work on /home/juliana/Área de Trabalho/datapipeline/.env/lib/python3.8/site-packages/airflow/example_dags/example_bash_operator.py
[2022-11-21T21:48:55.994-0300] {processor.py:640} INFO - Processing file /home/juliana/Área de Trabalho/datapipeline/.env/lib/python3.8/site-packages/airflow/example_dags/example_bash_operator.py for tasks to queue
[2022-11-21T21:48:55.995-0300] {logging_mixin.py:115} INFO - [2022-11-21T21:48:55.994-0300] {dagbag.py:508} INFO - Filling up the DagBag from /home/juliana/Área de Trabalho/datapipeline/.env/lib/python3.8/site-packages/airflow/example_dags/example_bash_operator.py
[2022-11-21T21:48:56.010-0300] {processor.py:650} INFO - DAG(s) dict_keys(['example_bash_operator']) retrieved from /home/juliana/Área de Trabalho/datapipeline/.env/lib/python3.8/site-packages/airflow/example_dags/example_bash_operator.py
[2022-11-21T21:48:56.034-0300] {logging_mixin.py:115} INFO - [2022-11-21T21:48:56.034-0300] {dag.py:2429} INFO - Sync 1 DAGs
[2022-11-21T21:48:56.049-0300] {logging_mixin.py:115} INFO - [2022-11-21T21:48:56.049-0300] {dag.py:2977} INFO - Setting next_dagrun for example_bash_operator to 2022-11-21T00:00:00+00:00, run_after=2022-11-22T00:00:00+00:00
[2022-11-21T21:48:56.069-0300] {processor.py:161} INFO - Processing /home/juliana/Área de Trabalho/datapipeline/.env/lib/python3.8/site-packages/airflow/example_dags/example_bash_operator.py took 0.081 seconds
[2022-11-21T21:49:33.641-0300] {processor.py:153} INFO - Started process (PID=10783) to work on /home/juliana/Área de Trabalho/datapipeline/.env/lib/python3.8/site-packages/airflow/example_dags/example_bash_operator.py
[2022-11-21T21:49:33.643-0300] {processor.py:640} INFO - Processing file /home/juliana/Área de Trabalho/datapipeline/.env/lib/python3.8/site-packages/airflow/example_dags/example_bash_operator.py for tasks to queue
[2022-11-21T21:49:33.644-0300] {logging_mixin.py:115} INFO - [2022-11-21T21:49:33.643-0300] {dagbag.py:508} INFO - Filling up the DagBag from /home/juliana/Área de Trabalho/datapipeline/.env/lib/python3.8/site-packages/airflow/example_dags/example_bash_operator.py
[2022-11-21T21:49:33.656-0300] {processor.py:650} INFO - DAG(s) dict_keys(['example_bash_operator']) retrieved from /home/juliana/Área de Trabalho/datapipeline/.env/lib/python3.8/site-packages/airflow/example_dags/example_bash_operator.py
[2022-11-21T21:49:33.678-0300] {logging_mixin.py:115} INFO - [2022-11-21T21:49:33.678-0300] {dag.py:2429} INFO - Sync 1 DAGs
[2022-11-21T21:49:33.694-0300] {logging_mixin.py:115} INFO - [2022-11-21T21:49:33.694-0300] {dag.py:2977} INFO - Setting next_dagrun for example_bash_operator to 2022-11-21T00:00:00+00:00, run_after=2022-11-22T00:00:00+00:00
[2022-11-21T21:49:33.714-0300] {processor.py:161} INFO - Processing /home/juliana/Área de Trabalho/datapipeline/.env/lib/python3.8/site-packages/airflow/example_dags/example_bash_operator.py took 0.077 seconds
[2022-11-21T21:50:09.709-0300] {processor.py:153} INFO - Started process (PID=10819) to work on /home/juliana/Área de Trabalho/datapipeline/.env/lib/python3.8/site-packages/airflow/example_dags/example_bash_operator.py
[2022-11-21T21:50:09.710-0300] {processor.py:640} INFO - Processing file /home/juliana/Área de Trabalho/datapipeline/.env/lib/python3.8/site-packages/airflow/example_dags/example_bash_operator.py for tasks to queue
[2022-11-21T21:50:09.715-0300] {logging_mixin.py:115} INFO - [2022-11-21T21:50:09.714-0300] {dagbag.py:508} INFO - Filling up the DagBag from /home/juliana/Área de Trabalho/datapipeline/.env/lib/python3.8/site-packages/airflow/example_dags/example_bash_operator.py
[2022-11-21T21:50:09.728-0300] {processor.py:650} INFO - DAG(s) dict_keys(['example_bash_operator']) retrieved from /home/juliana/Área de Trabalho/datapipeline/.env/lib/python3.8/site-packages/airflow/example_dags/example_bash_operator.py
[2022-11-21T21:50:09.751-0300] {logging_mixin.py:115} INFO - [2022-11-21T21:50:09.750-0300] {dag.py:2429} INFO - Sync 1 DAGs
[2022-11-21T21:50:09.767-0300] {logging_mixin.py:115} INFO - [2022-11-21T21:50:09.767-0300] {dag.py:2977} INFO - Setting next_dagrun for example_bash_operator to 2022-11-21T00:00:00+00:00, run_after=2022-11-22T00:00:00+00:00
[2022-11-21T21:50:09.782-0300] {processor.py:161} INFO - Processing /home/juliana/Área de Trabalho/datapipeline/.env/lib/python3.8/site-packages/airflow/example_dags/example_bash_operator.py took 0.078 seconds
[2022-11-21T21:50:44.227-0300] {processor.py:153} INFO - Started process (PID=10877) to work on /home/juliana/Área de Trabalho/datapipeline/.env/lib/python3.8/site-packages/airflow/example_dags/example_bash_operator.py
[2022-11-21T21:50:44.229-0300] {processor.py:640} INFO - Processing file /home/juliana/Área de Trabalho/datapipeline/.env/lib/python3.8/site-packages/airflow/example_dags/example_bash_operator.py for tasks to queue
[2022-11-21T21:50:44.230-0300] {logging_mixin.py:115} INFO - [2022-11-21T21:50:44.230-0300] {dagbag.py:508} INFO - Filling up the DagBag from /home/juliana/Área de Trabalho/datapipeline/.env/lib/python3.8/site-packages/airflow/example_dags/example_bash_operator.py
[2022-11-21T21:50:44.253-0300] {processor.py:650} INFO - DAG(s) dict_keys(['example_bash_operator']) retrieved from /home/juliana/Área de Trabalho/datapipeline/.env/lib/python3.8/site-packages/airflow/example_dags/example_bash_operator.py
[2022-11-21T21:50:44.277-0300] {logging_mixin.py:115} INFO - [2022-11-21T21:50:44.277-0300] {dag.py:2429} INFO - Sync 1 DAGs
[2022-11-21T21:50:44.291-0300] {logging_mixin.py:115} INFO - [2022-11-21T21:50:44.291-0300] {dag.py:2977} INFO - Setting next_dagrun for example_bash_operator to 2022-11-21T00:00:00+00:00, run_after=2022-11-22T00:00:00+00:00
[2022-11-21T21:50:44.306-0300] {processor.py:161} INFO - Processing /home/juliana/Área de Trabalho/datapipeline/.env/lib/python3.8/site-packages/airflow/example_dags/example_bash_operator.py took 0.085 seconds
[2022-11-21T21:51:21.538-0300] {processor.py:153} INFO - Started process (PID=10917) to work on /home/juliana/Área de Trabalho/datapipeline/.env/lib/python3.8/site-packages/airflow/example_dags/example_bash_operator.py
[2022-11-21T21:51:21.540-0300] {processor.py:640} INFO - Processing file /home/juliana/Área de Trabalho/datapipeline/.env/lib/python3.8/site-packages/airflow/example_dags/example_bash_operator.py for tasks to queue
[2022-11-21T21:51:21.541-0300] {logging_mixin.py:115} INFO - [2022-11-21T21:51:21.540-0300] {dagbag.py:508} INFO - Filling up the DagBag from /home/juliana/Área de Trabalho/datapipeline/.env/lib/python3.8/site-packages/airflow/example_dags/example_bash_operator.py
[2022-11-21T21:51:21.554-0300] {processor.py:650} INFO - DAG(s) dict_keys(['example_bash_operator']) retrieved from /home/juliana/Área de Trabalho/datapipeline/.env/lib/python3.8/site-packages/airflow/example_dags/example_bash_operator.py
[2022-11-21T21:51:21.583-0300] {logging_mixin.py:115} INFO - [2022-11-21T21:51:21.582-0300] {dag.py:2429} INFO - Sync 1 DAGs
[2022-11-21T21:51:21.597-0300] {logging_mixin.py:115} INFO - [2022-11-21T21:51:21.597-0300] {dag.py:2977} INFO - Setting next_dagrun for example_bash_operator to 2022-11-21T00:00:00+00:00, run_after=2022-11-22T00:00:00+00:00
[2022-11-21T21:51:21.616-0300] {processor.py:161} INFO - Processing /home/juliana/Área de Trabalho/datapipeline/.env/lib/python3.8/site-packages/airflow/example_dags/example_bash_operator.py took 0.083 seconds
[2022-11-21T21:51:59.258-0300] {processor.py:153} INFO - Started process (PID=10953) to work on /home/juliana/Área de Trabalho/datapipeline/.env/lib/python3.8/site-packages/airflow/example_dags/example_bash_operator.py
[2022-11-21T21:51:59.259-0300] {processor.py:640} INFO - Processing file /home/juliana/Área de Trabalho/datapipeline/.env/lib/python3.8/site-packages/airflow/example_dags/example_bash_operator.py for tasks to queue
[2022-11-21T21:51:59.260-0300] {logging_mixin.py:115} INFO - [2022-11-21T21:51:59.260-0300] {dagbag.py:508} INFO - Filling up the DagBag from /home/juliana/Área de Trabalho/datapipeline/.env/lib/python3.8/site-packages/airflow/example_dags/example_bash_operator.py
[2022-11-21T21:51:59.273-0300] {processor.py:650} INFO - DAG(s) dict_keys(['example_bash_operator']) retrieved from /home/juliana/Área de Trabalho/datapipeline/.env/lib/python3.8/site-packages/airflow/example_dags/example_bash_operator.py
[2022-11-21T21:51:59.307-0300] {logging_mixin.py:115} INFO - [2022-11-21T21:51:59.307-0300] {dag.py:2429} INFO - Sync 1 DAGs
[2022-11-21T21:51:59.322-0300] {logging_mixin.py:115} INFO - [2022-11-21T21:51:59.322-0300] {dag.py:2977} INFO - Setting next_dagrun for example_bash_operator to 2022-11-21T00:00:00+00:00, run_after=2022-11-22T00:00:00+00:00
[2022-11-21T21:51:59.338-0300] {processor.py:161} INFO - Processing /home/juliana/Área de Trabalho/datapipeline/.env/lib/python3.8/site-packages/airflow/example_dags/example_bash_operator.py took 0.082 seconds
[2022-11-21T21:52:34.803-0300] {processor.py:153} INFO - Started process (PID=10988) to work on /home/juliana/Área de Trabalho/datapipeline/.env/lib/python3.8/site-packages/airflow/example_dags/example_bash_operator.py
[2022-11-21T21:52:34.805-0300] {processor.py:640} INFO - Processing file /home/juliana/Área de Trabalho/datapipeline/.env/lib/python3.8/site-packages/airflow/example_dags/example_bash_operator.py for tasks to queue
[2022-11-21T21:52:34.806-0300] {logging_mixin.py:115} INFO - [2022-11-21T21:52:34.806-0300] {dagbag.py:508} INFO - Filling up the DagBag from /home/juliana/Área de Trabalho/datapipeline/.env/lib/python3.8/site-packages/airflow/example_dags/example_bash_operator.py
[2022-11-21T21:52:34.822-0300] {processor.py:650} INFO - DAG(s) dict_keys(['example_bash_operator']) retrieved from /home/juliana/Área de Trabalho/datapipeline/.env/lib/python3.8/site-packages/airflow/example_dags/example_bash_operator.py
[2022-11-21T21:52:34.846-0300] {logging_mixin.py:115} INFO - [2022-11-21T21:52:34.845-0300] {dag.py:2429} INFO - Sync 1 DAGs
[2022-11-21T21:52:34.860-0300] {logging_mixin.py:115} INFO - [2022-11-21T21:52:34.860-0300] {dag.py:2977} INFO - Setting next_dagrun for example_bash_operator to 2022-11-21T00:00:00+00:00, run_after=2022-11-22T00:00:00+00:00
[2022-11-21T21:52:34.880-0300] {processor.py:161} INFO - Processing /home/juliana/Área de Trabalho/datapipeline/.env/lib/python3.8/site-packages/airflow/example_dags/example_bash_operator.py took 0.084 seconds
[2022-11-21T21:53:08.128-0300] {processor.py:153} INFO - Started process (PID=11033) to work on /home/juliana/Área de Trabalho/datapipeline/.env/lib/python3.8/site-packages/airflow/example_dags/example_bash_operator.py
[2022-11-21T21:53:08.132-0300] {processor.py:640} INFO - Processing file /home/juliana/Área de Trabalho/datapipeline/.env/lib/python3.8/site-packages/airflow/example_dags/example_bash_operator.py for tasks to queue
[2022-11-21T21:53:08.133-0300] {logging_mixin.py:115} INFO - [2022-11-21T21:53:08.132-0300] {dagbag.py:508} INFO - Filling up the DagBag from /home/juliana/Área de Trabalho/datapipeline/.env/lib/python3.8/site-packages/airflow/example_dags/example_bash_operator.py
[2022-11-21T21:53:08.156-0300] {processor.py:650} INFO - DAG(s) dict_keys(['example_bash_operator']) retrieved from /home/juliana/Área de Trabalho/datapipeline/.env/lib/python3.8/site-packages/airflow/example_dags/example_bash_operator.py
[2022-11-21T21:53:08.197-0300] {logging_mixin.py:115} INFO - [2022-11-21T21:53:08.197-0300] {dag.py:2429} INFO - Sync 1 DAGs
[2022-11-21T21:53:08.227-0300] {logging_mixin.py:115} INFO - [2022-11-21T21:53:08.227-0300] {dag.py:2977} INFO - Setting next_dagrun for example_bash_operator to 2022-11-21T00:00:00+00:00, run_after=2022-11-22T00:00:00+00:00
[2022-11-21T21:53:08.256-0300] {processor.py:161} INFO - Processing /home/juliana/Área de Trabalho/datapipeline/.env/lib/python3.8/site-packages/airflow/example_dags/example_bash_operator.py took 0.136 seconds
[2022-11-21T21:53:46.056-0300] {processor.py:153} INFO - Started process (PID=11254) to work on /home/juliana/Área de Trabalho/datapipeline/.env/lib/python3.8/site-packages/airflow/example_dags/example_bash_operator.py
[2022-11-21T21:53:46.058-0300] {processor.py:640} INFO - Processing file /home/juliana/Área de Trabalho/datapipeline/.env/lib/python3.8/site-packages/airflow/example_dags/example_bash_operator.py for tasks to queue
[2022-11-21T21:53:46.059-0300] {logging_mixin.py:115} INFO - [2022-11-21T21:53:46.059-0300] {dagbag.py:508} INFO - Filling up the DagBag from /home/juliana/Área de Trabalho/datapipeline/.env/lib/python3.8/site-packages/airflow/example_dags/example_bash_operator.py
[2022-11-21T21:53:46.087-0300] {processor.py:650} INFO - DAG(s) dict_keys(['example_bash_operator']) retrieved from /home/juliana/Área de Trabalho/datapipeline/.env/lib/python3.8/site-packages/airflow/example_dags/example_bash_operator.py
[2022-11-21T21:53:46.107-0300] {logging_mixin.py:115} INFO - [2022-11-21T21:53:46.106-0300] {dag.py:2429} INFO - Sync 1 DAGs
[2022-11-21T21:53:46.122-0300] {logging_mixin.py:115} INFO - [2022-11-21T21:53:46.122-0300] {dag.py:2977} INFO - Setting next_dagrun for example_bash_operator to 2022-11-21T00:00:00+00:00, run_after=2022-11-22T00:00:00+00:00
[2022-11-21T21:53:46.139-0300] {processor.py:161} INFO - Processing /home/juliana/Área de Trabalho/datapipeline/.env/lib/python3.8/site-packages/airflow/example_dags/example_bash_operator.py took 0.093 seconds
[2022-11-21T21:54:26.530-0300] {processor.py:153} INFO - Started process (PID=11501) to work on /home/juliana/Área de Trabalho/datapipeline/.env/lib/python3.8/site-packages/airflow/example_dags/example_bash_operator.py
[2022-11-21T21:54:26.536-0300] {processor.py:640} INFO - Processing file /home/juliana/Área de Trabalho/datapipeline/.env/lib/python3.8/site-packages/airflow/example_dags/example_bash_operator.py for tasks to queue
[2022-11-21T21:54:26.537-0300] {logging_mixin.py:115} INFO - [2022-11-21T21:54:26.537-0300] {dagbag.py:508} INFO - Filling up the DagBag from /home/juliana/Área de Trabalho/datapipeline/.env/lib/python3.8/site-packages/airflow/example_dags/example_bash_operator.py
[2022-11-21T21:54:26.554-0300] {processor.py:650} INFO - DAG(s) dict_keys(['example_bash_operator']) retrieved from /home/juliana/Área de Trabalho/datapipeline/.env/lib/python3.8/site-packages/airflow/example_dags/example_bash_operator.py
[2022-11-21T21:54:26.576-0300] {logging_mixin.py:115} INFO - [2022-11-21T21:54:26.576-0300] {dag.py:2429} INFO - Sync 1 DAGs
[2022-11-21T21:54:26.591-0300] {logging_mixin.py:115} INFO - [2022-11-21T21:54:26.591-0300] {dag.py:2977} INFO - Setting next_dagrun for example_bash_operator to 2022-11-21T00:00:00+00:00, run_after=2022-11-22T00:00:00+00:00
[2022-11-21T21:54:26.608-0300] {processor.py:161} INFO - Processing /home/juliana/Área de Trabalho/datapipeline/.env/lib/python3.8/site-packages/airflow/example_dags/example_bash_operator.py took 0.087 seconds
[2022-11-21T21:55:57.376-0300] {processor.py:153} INFO - Started process (PID=11848) to work on /home/juliana/Área de Trabalho/datapipeline/.env/lib/python3.8/site-packages/airflow/example_dags/example_bash_operator.py
[2022-11-21T21:55:57.379-0300] {processor.py:640} INFO - Processing file /home/juliana/Área de Trabalho/datapipeline/.env/lib/python3.8/site-packages/airflow/example_dags/example_bash_operator.py for tasks to queue
[2022-11-21T21:55:57.381-0300] {logging_mixin.py:115} INFO - [2022-11-21T21:55:57.381-0300] {dagbag.py:508} INFO - Filling up the DagBag from /home/juliana/Área de Trabalho/datapipeline/.env/lib/python3.8/site-packages/airflow/example_dags/example_bash_operator.py
[2022-11-21T21:55:57.423-0300] {processor.py:650} INFO - DAG(s) dict_keys(['example_bash_operator']) retrieved from /home/juliana/Área de Trabalho/datapipeline/.env/lib/python3.8/site-packages/airflow/example_dags/example_bash_operator.py
[2022-11-21T21:55:57.491-0300] {logging_mixin.py:115} INFO - [2022-11-21T21:55:57.491-0300] {dag.py:2429} INFO - Sync 1 DAGs
[2022-11-21T21:55:57.557-0300] {logging_mixin.py:115} INFO - [2022-11-21T21:55:57.556-0300] {dag.py:2977} INFO - Setting next_dagrun for example_bash_operator to 2022-11-21T00:00:00+00:00, run_after=2022-11-22T00:00:00+00:00
[2022-11-21T21:55:57.601-0300] {processor.py:161} INFO - Processing /home/juliana/Área de Trabalho/datapipeline/.env/lib/python3.8/site-packages/airflow/example_dags/example_bash_operator.py took 0.229 seconds
[2022-11-21T22:04:08.634-0300] {processor.py:153} INFO - Started process (PID=2499) to work on /home/juliana/Área de Trabalho/datapipeline/.env/lib/python3.8/site-packages/airflow/example_dags/example_bash_operator.py
[2022-11-21T22:04:08.640-0300] {processor.py:640} INFO - Processing file /home/juliana/Área de Trabalho/datapipeline/.env/lib/python3.8/site-packages/airflow/example_dags/example_bash_operator.py for tasks to queue
[2022-11-21T22:04:08.640-0300] {logging_mixin.py:115} INFO - [2022-11-21T22:04:08.640-0300] {dagbag.py:508} INFO - Filling up the DagBag from /home/juliana/Área de Trabalho/datapipeline/.env/lib/python3.8/site-packages/airflow/example_dags/example_bash_operator.py
[2022-11-21T22:04:08.665-0300] {processor.py:650} INFO - DAG(s) dict_keys(['example_bash_operator']) retrieved from /home/juliana/Área de Trabalho/datapipeline/.env/lib/python3.8/site-packages/airflow/example_dags/example_bash_operator.py
[2022-11-21T22:04:08.743-0300] {logging_mixin.py:115} INFO - [2022-11-21T22:04:08.743-0300] {dag.py:2429} INFO - Sync 1 DAGs
[2022-11-21T22:04:08.786-0300] {logging_mixin.py:115} INFO - [2022-11-21T22:04:08.786-0300] {dag.py:2977} INFO - Setting next_dagrun for example_bash_operator to 2022-11-21T00:00:00+00:00, run_after=2022-11-22T00:00:00+00:00
[2022-11-21T22:04:08.806-0300] {processor.py:161} INFO - Processing /home/juliana/Área de Trabalho/datapipeline/.env/lib/python3.8/site-packages/airflow/example_dags/example_bash_operator.py took 0.179 seconds
[2022-11-21T22:04:49.097-0300] {processor.py:153} INFO - Started process (PID=2567) to work on /home/juliana/Área de Trabalho/datapipeline/.env/lib/python3.8/site-packages/airflow/example_dags/example_bash_operator.py
[2022-11-21T22:04:49.098-0300] {processor.py:640} INFO - Processing file /home/juliana/Área de Trabalho/datapipeline/.env/lib/python3.8/site-packages/airflow/example_dags/example_bash_operator.py for tasks to queue
[2022-11-21T22:04:49.099-0300] {logging_mixin.py:115} INFO - [2022-11-21T22:04:49.099-0300] {dagbag.py:508} INFO - Filling up the DagBag from /home/juliana/Área de Trabalho/datapipeline/.env/lib/python3.8/site-packages/airflow/example_dags/example_bash_operator.py
[2022-11-21T22:04:49.122-0300] {processor.py:650} INFO - DAG(s) dict_keys(['example_bash_operator']) retrieved from /home/juliana/Área de Trabalho/datapipeline/.env/lib/python3.8/site-packages/airflow/example_dags/example_bash_operator.py
[2022-11-21T22:04:49.164-0300] {logging_mixin.py:115} INFO - [2022-11-21T22:04:49.164-0300] {dag.py:2429} INFO - Sync 1 DAGs
[2022-11-21T22:04:49.192-0300] {logging_mixin.py:115} INFO - [2022-11-21T22:04:49.191-0300] {dag.py:2977} INFO - Setting next_dagrun for example_bash_operator to 2022-11-21T00:00:00+00:00, run_after=2022-11-22T00:00:00+00:00
[2022-11-21T22:04:49.220-0300] {processor.py:161} INFO - Processing /home/juliana/Área de Trabalho/datapipeline/.env/lib/python3.8/site-packages/airflow/example_dags/example_bash_operator.py took 0.126 seconds
[2022-11-21T22:05:29.640-0300] {processor.py:153} INFO - Started process (PID=3212) to work on /home/juliana/Área de Trabalho/datapipeline/.env/lib/python3.8/site-packages/airflow/example_dags/example_bash_operator.py
[2022-11-21T22:05:29.649-0300] {processor.py:640} INFO - Processing file /home/juliana/Área de Trabalho/datapipeline/.env/lib/python3.8/site-packages/airflow/example_dags/example_bash_operator.py for tasks to queue
[2022-11-21T22:05:29.649-0300] {logging_mixin.py:115} INFO - [2022-11-21T22:05:29.649-0300] {dagbag.py:508} INFO - Filling up the DagBag from /home/juliana/Área de Trabalho/datapipeline/.env/lib/python3.8/site-packages/airflow/example_dags/example_bash_operator.py
[2022-11-21T22:05:29.671-0300] {processor.py:650} INFO - DAG(s) dict_keys(['example_bash_operator']) retrieved from /home/juliana/Área de Trabalho/datapipeline/.env/lib/python3.8/site-packages/airflow/example_dags/example_bash_operator.py
[2022-11-21T22:05:29.714-0300] {logging_mixin.py:115} INFO - [2022-11-21T22:05:29.714-0300] {dag.py:2429} INFO - Sync 1 DAGs
[2022-11-21T22:05:29.749-0300] {logging_mixin.py:115} INFO - [2022-11-21T22:05:29.740-0300] {dag.py:2977} INFO - Setting next_dagrun for example_bash_operator to 2022-11-21T00:00:00+00:00, run_after=2022-11-22T00:00:00+00:00
[2022-11-21T22:05:29.774-0300] {processor.py:161} INFO - Processing /home/juliana/Área de Trabalho/datapipeline/.env/lib/python3.8/site-packages/airflow/example_dags/example_bash_operator.py took 0.136 seconds
[2022-11-21T22:06:08.868-0300] {processor.py:153} INFO - Started process (PID=3557) to work on /home/juliana/Área de Trabalho/datapipeline/.env/lib/python3.8/site-packages/airflow/example_dags/example_bash_operator.py
[2022-11-21T22:06:08.880-0300] {processor.py:640} INFO - Processing file /home/juliana/Área de Trabalho/datapipeline/.env/lib/python3.8/site-packages/airflow/example_dags/example_bash_operator.py for tasks to queue
[2022-11-21T22:06:08.881-0300] {logging_mixin.py:115} INFO - [2022-11-21T22:06:08.881-0300] {dagbag.py:508} INFO - Filling up the DagBag from /home/juliana/Área de Trabalho/datapipeline/.env/lib/python3.8/site-packages/airflow/example_dags/example_bash_operator.py
[2022-11-21T22:06:08.914-0300] {processor.py:650} INFO - DAG(s) dict_keys(['example_bash_operator']) retrieved from /home/juliana/Área de Trabalho/datapipeline/.env/lib/python3.8/site-packages/airflow/example_dags/example_bash_operator.py
[2022-11-21T22:06:08.946-0300] {logging_mixin.py:115} INFO - [2022-11-21T22:06:08.946-0300] {dag.py:2429} INFO - Sync 1 DAGs
[2022-11-21T22:06:08.963-0300] {logging_mixin.py:115} INFO - [2022-11-21T22:06:08.963-0300] {dag.py:2977} INFO - Setting next_dagrun for example_bash_operator to 2022-11-21T00:00:00+00:00, run_after=2022-11-22T00:00:00+00:00
[2022-11-21T22:06:08.982-0300] {processor.py:161} INFO - Processing /home/juliana/Área de Trabalho/datapipeline/.env/lib/python3.8/site-packages/airflow/example_dags/example_bash_operator.py took 0.119 seconds
[2022-11-21T22:06:44.417-0300] {processor.py:153} INFO - Started process (PID=3777) to work on /home/juliana/Área de Trabalho/datapipeline/.env/lib/python3.8/site-packages/airflow/example_dags/example_bash_operator.py
[2022-11-21T22:06:44.418-0300] {processor.py:640} INFO - Processing file /home/juliana/Área de Trabalho/datapipeline/.env/lib/python3.8/site-packages/airflow/example_dags/example_bash_operator.py for tasks to queue
[2022-11-21T22:06:44.418-0300] {logging_mixin.py:115} INFO - [2022-11-21T22:06:44.418-0300] {dagbag.py:508} INFO - Filling up the DagBag from /home/juliana/Área de Trabalho/datapipeline/.env/lib/python3.8/site-packages/airflow/example_dags/example_bash_operator.py
[2022-11-21T22:06:44.434-0300] {processor.py:650} INFO - DAG(s) dict_keys(['example_bash_operator']) retrieved from /home/juliana/Área de Trabalho/datapipeline/.env/lib/python3.8/site-packages/airflow/example_dags/example_bash_operator.py
[2022-11-21T22:06:44.462-0300] {logging_mixin.py:115} INFO - [2022-11-21T22:06:44.461-0300] {dag.py:2429} INFO - Sync 1 DAGs
[2022-11-21T22:06:44.492-0300] {logging_mixin.py:115} INFO - [2022-11-21T22:06:44.492-0300] {dag.py:2977} INFO - Setting next_dagrun for example_bash_operator to 2022-11-21T00:00:00+00:00, run_after=2022-11-22T00:00:00+00:00
[2022-11-21T22:06:44.509-0300] {processor.py:161} INFO - Processing /home/juliana/Área de Trabalho/datapipeline/.env/lib/python3.8/site-packages/airflow/example_dags/example_bash_operator.py took 0.096 seconds
[2022-11-21T22:07:24.575-0300] {processor.py:153} INFO - Started process (PID=4017) to work on /home/juliana/Área de Trabalho/datapipeline/.env/lib/python3.8/site-packages/airflow/example_dags/example_bash_operator.py
[2022-11-21T22:07:24.579-0300] {processor.py:640} INFO - Processing file /home/juliana/Área de Trabalho/datapipeline/.env/lib/python3.8/site-packages/airflow/example_dags/example_bash_operator.py for tasks to queue
[2022-11-21T22:07:24.583-0300] {logging_mixin.py:115} INFO - [2022-11-21T22:07:24.582-0300] {dagbag.py:508} INFO - Filling up the DagBag from /home/juliana/Área de Trabalho/datapipeline/.env/lib/python3.8/site-packages/airflow/example_dags/example_bash_operator.py
[2022-11-21T22:07:24.636-0300] {processor.py:650} INFO - DAG(s) dict_keys(['example_bash_operator']) retrieved from /home/juliana/Área de Trabalho/datapipeline/.env/lib/python3.8/site-packages/airflow/example_dags/example_bash_operator.py
[2022-11-21T22:07:24.683-0300] {logging_mixin.py:115} INFO - [2022-11-21T22:07:24.683-0300] {dag.py:2429} INFO - Sync 1 DAGs
[2022-11-21T22:07:24.709-0300] {logging_mixin.py:115} INFO - [2022-11-21T22:07:24.709-0300] {dag.py:2977} INFO - Setting next_dagrun for example_bash_operator to 2022-11-21T00:00:00+00:00, run_after=2022-11-22T00:00:00+00:00
[2022-11-21T22:07:24.734-0300] {processor.py:161} INFO - Processing /home/juliana/Área de Trabalho/datapipeline/.env/lib/python3.8/site-packages/airflow/example_dags/example_bash_operator.py took 0.172 seconds
[2022-11-21T22:08:03.826-0300] {processor.py:153} INFO - Started process (PID=4232) to work on /home/juliana/Área de Trabalho/datapipeline/.env/lib/python3.8/site-packages/airflow/example_dags/example_bash_operator.py
[2022-11-21T22:08:03.828-0300] {processor.py:640} INFO - Processing file /home/juliana/Área de Trabalho/datapipeline/.env/lib/python3.8/site-packages/airflow/example_dags/example_bash_operator.py for tasks to queue
[2022-11-21T22:08:03.829-0300] {logging_mixin.py:115} INFO - [2022-11-21T22:08:03.828-0300] {dagbag.py:508} INFO - Filling up the DagBag from /home/juliana/Área de Trabalho/datapipeline/.env/lib/python3.8/site-packages/airflow/example_dags/example_bash_operator.py
[2022-11-21T22:08:03.842-0300] {processor.py:650} INFO - DAG(s) dict_keys(['example_bash_operator']) retrieved from /home/juliana/Área de Trabalho/datapipeline/.env/lib/python3.8/site-packages/airflow/example_dags/example_bash_operator.py
[2022-11-21T22:08:03.866-0300] {logging_mixin.py:115} INFO - [2022-11-21T22:08:03.866-0300] {dag.py:2429} INFO - Sync 1 DAGs
[2022-11-21T22:08:03.881-0300] {logging_mixin.py:115} INFO - [2022-11-21T22:08:03.881-0300] {dag.py:2977} INFO - Setting next_dagrun for example_bash_operator to 2022-11-21T00:00:00+00:00, run_after=2022-11-22T00:00:00+00:00
[2022-11-21T22:08:03.898-0300] {processor.py:161} INFO - Processing /home/juliana/Área de Trabalho/datapipeline/.env/lib/python3.8/site-packages/airflow/example_dags/example_bash_operator.py took 0.075 seconds
[2022-11-21T22:08:42.024-0300] {processor.py:153} INFO - Started process (PID=4471) to work on /home/juliana/Área de Trabalho/datapipeline/.env/lib/python3.8/site-packages/airflow/example_dags/example_bash_operator.py
[2022-11-21T22:08:42.025-0300] {processor.py:640} INFO - Processing file /home/juliana/Área de Trabalho/datapipeline/.env/lib/python3.8/site-packages/airflow/example_dags/example_bash_operator.py for tasks to queue
[2022-11-21T22:08:42.026-0300] {logging_mixin.py:115} INFO - [2022-11-21T22:08:42.026-0300] {dagbag.py:508} INFO - Filling up the DagBag from /home/juliana/Área de Trabalho/datapipeline/.env/lib/python3.8/site-packages/airflow/example_dags/example_bash_operator.py
[2022-11-21T22:08:42.046-0300] {processor.py:650} INFO - DAG(s) dict_keys(['example_bash_operator']) retrieved from /home/juliana/Área de Trabalho/datapipeline/.env/lib/python3.8/site-packages/airflow/example_dags/example_bash_operator.py
[2022-11-21T22:08:42.075-0300] {logging_mixin.py:115} INFO - [2022-11-21T22:08:42.075-0300] {dag.py:2429} INFO - Sync 1 DAGs
[2022-11-21T22:08:42.119-0300] {logging_mixin.py:115} INFO - [2022-11-21T22:08:42.118-0300] {dag.py:2977} INFO - Setting next_dagrun for example_bash_operator to 2022-11-21T00:00:00+00:00, run_after=2022-11-22T00:00:00+00:00
[2022-11-21T22:08:42.154-0300] {processor.py:161} INFO - Processing /home/juliana/Área de Trabalho/datapipeline/.env/lib/python3.8/site-packages/airflow/example_dags/example_bash_operator.py took 0.135 seconds
[2022-11-21T22:09:18.417-0300] {processor.py:153} INFO - Started process (PID=4719) to work on /home/juliana/Área de Trabalho/datapipeline/.env/lib/python3.8/site-packages/airflow/example_dags/example_bash_operator.py
[2022-11-21T22:09:18.418-0300] {processor.py:640} INFO - Processing file /home/juliana/Área de Trabalho/datapipeline/.env/lib/python3.8/site-packages/airflow/example_dags/example_bash_operator.py for tasks to queue
[2022-11-21T22:09:18.419-0300] {logging_mixin.py:115} INFO - [2022-11-21T22:09:18.419-0300] {dagbag.py:508} INFO - Filling up the DagBag from /home/juliana/Área de Trabalho/datapipeline/.env/lib/python3.8/site-packages/airflow/example_dags/example_bash_operator.py
[2022-11-21T22:09:18.436-0300] {processor.py:650} INFO - DAG(s) dict_keys(['example_bash_operator']) retrieved from /home/juliana/Área de Trabalho/datapipeline/.env/lib/python3.8/site-packages/airflow/example_dags/example_bash_operator.py
[2022-11-21T22:09:18.458-0300] {logging_mixin.py:115} INFO - [2022-11-21T22:09:18.458-0300] {dag.py:2429} INFO - Sync 1 DAGs
[2022-11-21T22:09:18.473-0300] {logging_mixin.py:115} INFO - [2022-11-21T22:09:18.473-0300] {dag.py:2977} INFO - Setting next_dagrun for example_bash_operator to 2022-11-21T00:00:00+00:00, run_after=2022-11-22T00:00:00+00:00
[2022-11-21T22:09:18.489-0300] {processor.py:161} INFO - Processing /home/juliana/Área de Trabalho/datapipeline/.env/lib/python3.8/site-packages/airflow/example_dags/example_bash_operator.py took 0.077 seconds
[2022-11-21T22:09:55.277-0300] {processor.py:153} INFO - Started process (PID=5025) to work on /home/juliana/Área de Trabalho/datapipeline/.env/lib/python3.8/site-packages/airflow/example_dags/example_bash_operator.py
[2022-11-21T22:09:55.284-0300] {processor.py:640} INFO - Processing file /home/juliana/Área de Trabalho/datapipeline/.env/lib/python3.8/site-packages/airflow/example_dags/example_bash_operator.py for tasks to queue
[2022-11-21T22:09:55.285-0300] {logging_mixin.py:115} INFO - [2022-11-21T22:09:55.285-0300] {dagbag.py:508} INFO - Filling up the DagBag from /home/juliana/Área de Trabalho/datapipeline/.env/lib/python3.8/site-packages/airflow/example_dags/example_bash_operator.py
[2022-11-21T22:09:55.301-0300] {processor.py:650} INFO - DAG(s) dict_keys(['example_bash_operator']) retrieved from /home/juliana/Área de Trabalho/datapipeline/.env/lib/python3.8/site-packages/airflow/example_dags/example_bash_operator.py
[2022-11-21T22:09:55.325-0300] {logging_mixin.py:115} INFO - [2022-11-21T22:09:55.324-0300] {dag.py:2429} INFO - Sync 1 DAGs
[2022-11-21T22:09:55.339-0300] {logging_mixin.py:115} INFO - [2022-11-21T22:09:55.339-0300] {dag.py:2977} INFO - Setting next_dagrun for example_bash_operator to 2022-11-21T00:00:00+00:00, run_after=2022-11-22T00:00:00+00:00
[2022-11-21T22:09:55.354-0300] {processor.py:161} INFO - Processing /home/juliana/Área de Trabalho/datapipeline/.env/lib/python3.8/site-packages/airflow/example_dags/example_bash_operator.py took 0.081 seconds
[2022-11-21T22:10:32.570-0300] {processor.py:153} INFO - Started process (PID=5207) to work on /home/juliana/Área de Trabalho/datapipeline/.env/lib/python3.8/site-packages/airflow/example_dags/example_bash_operator.py
[2022-11-21T22:10:32.575-0300] {processor.py:640} INFO - Processing file /home/juliana/Área de Trabalho/datapipeline/.env/lib/python3.8/site-packages/airflow/example_dags/example_bash_operator.py for tasks to queue
[2022-11-21T22:10:32.576-0300] {logging_mixin.py:115} INFO - [2022-11-21T22:10:32.576-0300] {dagbag.py:508} INFO - Filling up the DagBag from /home/juliana/Área de Trabalho/datapipeline/.env/lib/python3.8/site-packages/airflow/example_dags/example_bash_operator.py
[2022-11-21T22:10:32.596-0300] {processor.py:650} INFO - DAG(s) dict_keys(['example_bash_operator']) retrieved from /home/juliana/Área de Trabalho/datapipeline/.env/lib/python3.8/site-packages/airflow/example_dags/example_bash_operator.py
[2022-11-21T22:10:32.637-0300] {logging_mixin.py:115} INFO - [2022-11-21T22:10:32.637-0300] {dag.py:2429} INFO - Sync 1 DAGs
[2022-11-21T22:10:32.669-0300] {logging_mixin.py:115} INFO - [2022-11-21T22:10:32.668-0300] {dag.py:2977} INFO - Setting next_dagrun for example_bash_operator to 2022-11-21T00:00:00+00:00, run_after=2022-11-22T00:00:00+00:00
[2022-11-21T22:10:32.704-0300] {processor.py:161} INFO - Processing /home/juliana/Área de Trabalho/datapipeline/.env/lib/python3.8/site-packages/airflow/example_dags/example_bash_operator.py took 0.136 seconds
[2022-11-21T22:11:15.729-0300] {processor.py:153} INFO - Started process (PID=5530) to work on /home/juliana/Área de Trabalho/datapipeline/.env/lib/python3.8/site-packages/airflow/example_dags/example_bash_operator.py
[2022-11-21T22:11:15.731-0300] {processor.py:640} INFO - Processing file /home/juliana/Área de Trabalho/datapipeline/.env/lib/python3.8/site-packages/airflow/example_dags/example_bash_operator.py for tasks to queue
[2022-11-21T22:11:15.733-0300] {logging_mixin.py:115} INFO - [2022-11-21T22:11:15.732-0300] {dagbag.py:508} INFO - Filling up the DagBag from /home/juliana/Área de Trabalho/datapipeline/.env/lib/python3.8/site-packages/airflow/example_dags/example_bash_operator.py
[2022-11-21T22:11:15.762-0300] {processor.py:650} INFO - DAG(s) dict_keys(['example_bash_operator']) retrieved from /home/juliana/Área de Trabalho/datapipeline/.env/lib/python3.8/site-packages/airflow/example_dags/example_bash_operator.py
[2022-11-21T22:11:15.792-0300] {logging_mixin.py:115} INFO - [2022-11-21T22:11:15.792-0300] {dag.py:2429} INFO - Sync 1 DAGs
[2022-11-21T22:11:15.807-0300] {logging_mixin.py:115} INFO - [2022-11-21T22:11:15.807-0300] {dag.py:2977} INFO - Setting next_dagrun for example_bash_operator to 2022-11-21T00:00:00+00:00, run_after=2022-11-22T00:00:00+00:00
[2022-11-21T22:11:15.884-0300] {processor.py:161} INFO - Processing /home/juliana/Área de Trabalho/datapipeline/.env/lib/python3.8/site-packages/airflow/example_dags/example_bash_operator.py took 0.162 seconds
[2022-11-21T22:11:59.399-0300] {processor.py:153} INFO - Started process (PID=5929) to work on /home/juliana/Área de Trabalho/datapipeline/.env/lib/python3.8/site-packages/airflow/example_dags/example_bash_operator.py
[2022-11-21T22:11:59.406-0300] {processor.py:640} INFO - Processing file /home/juliana/Área de Trabalho/datapipeline/.env/lib/python3.8/site-packages/airflow/example_dags/example_bash_operator.py for tasks to queue
[2022-11-21T22:11:59.406-0300] {logging_mixin.py:115} INFO - [2022-11-21T22:11:59.406-0300] {dagbag.py:508} INFO - Filling up the DagBag from /home/juliana/Área de Trabalho/datapipeline/.env/lib/python3.8/site-packages/airflow/example_dags/example_bash_operator.py
[2022-11-21T22:11:59.421-0300] {processor.py:650} INFO - DAG(s) dict_keys(['example_bash_operator']) retrieved from /home/juliana/Área de Trabalho/datapipeline/.env/lib/python3.8/site-packages/airflow/example_dags/example_bash_operator.py
[2022-11-21T22:11:59.469-0300] {logging_mixin.py:115} INFO - [2022-11-21T22:11:59.468-0300] {dag.py:2429} INFO - Sync 1 DAGs
[2022-11-21T22:11:59.501-0300] {logging_mixin.py:115} INFO - [2022-11-21T22:11:59.501-0300] {dag.py:2977} INFO - Setting next_dagrun for example_bash_operator to 2022-11-21T00:00:00+00:00, run_after=2022-11-22T00:00:00+00:00
[2022-11-21T22:11:59.523-0300] {processor.py:161} INFO - Processing /home/juliana/Área de Trabalho/datapipeline/.env/lib/python3.8/site-packages/airflow/example_dags/example_bash_operator.py took 0.136 seconds
[2022-11-21T22:12:36.563-0300] {processor.py:153} INFO - Started process (PID=5976) to work on /home/juliana/Área de Trabalho/datapipeline/.env/lib/python3.8/site-packages/airflow/example_dags/example_bash_operator.py
[2022-11-21T22:12:36.565-0300] {processor.py:640} INFO - Processing file /home/juliana/Área de Trabalho/datapipeline/.env/lib/python3.8/site-packages/airflow/example_dags/example_bash_operator.py for tasks to queue
[2022-11-21T22:12:36.567-0300] {logging_mixin.py:115} INFO - [2022-11-21T22:12:36.566-0300] {dagbag.py:508} INFO - Filling up the DagBag from /home/juliana/Área de Trabalho/datapipeline/.env/lib/python3.8/site-packages/airflow/example_dags/example_bash_operator.py
[2022-11-21T22:12:36.579-0300] {processor.py:650} INFO - DAG(s) dict_keys(['example_bash_operator']) retrieved from /home/juliana/Área de Trabalho/datapipeline/.env/lib/python3.8/site-packages/airflow/example_dags/example_bash_operator.py
[2022-11-21T22:12:36.604-0300] {logging_mixin.py:115} INFO - [2022-11-21T22:12:36.604-0300] {dag.py:2429} INFO - Sync 1 DAGs
[2022-11-21T22:12:36.623-0300] {logging_mixin.py:115} INFO - [2022-11-21T22:12:36.622-0300] {dag.py:2977} INFO - Setting next_dagrun for example_bash_operator to 2022-11-21T00:00:00+00:00, run_after=2022-11-22T00:00:00+00:00
[2022-11-21T22:12:36.686-0300] {processor.py:161} INFO - Processing /home/juliana/Área de Trabalho/datapipeline/.env/lib/python3.8/site-packages/airflow/example_dags/example_bash_operator.py took 0.130 seconds
[2022-11-21T22:13:19.554-0300] {processor.py:153} INFO - Started process (PID=6021) to work on /home/juliana/Área de Trabalho/datapipeline/.env/lib/python3.8/site-packages/airflow/example_dags/example_bash_operator.py
[2022-11-21T22:13:19.561-0300] {processor.py:640} INFO - Processing file /home/juliana/Área de Trabalho/datapipeline/.env/lib/python3.8/site-packages/airflow/example_dags/example_bash_operator.py for tasks to queue
[2022-11-21T22:13:19.562-0300] {logging_mixin.py:115} INFO - [2022-11-21T22:13:19.561-0300] {dagbag.py:508} INFO - Filling up the DagBag from /home/juliana/Área de Trabalho/datapipeline/.env/lib/python3.8/site-packages/airflow/example_dags/example_bash_operator.py
[2022-11-21T22:13:19.576-0300] {processor.py:650} INFO - DAG(s) dict_keys(['example_bash_operator']) retrieved from /home/juliana/Área de Trabalho/datapipeline/.env/lib/python3.8/site-packages/airflow/example_dags/example_bash_operator.py
[2022-11-21T22:13:19.601-0300] {logging_mixin.py:115} INFO - [2022-11-21T22:13:19.600-0300] {dag.py:2429} INFO - Sync 1 DAGs
[2022-11-21T22:13:19.617-0300] {logging_mixin.py:115} INFO - [2022-11-21T22:13:19.617-0300] {dag.py:2977} INFO - Setting next_dagrun for example_bash_operator to 2022-11-21T00:00:00+00:00, run_after=2022-11-22T00:00:00+00:00
[2022-11-21T22:13:19.636-0300] {processor.py:161} INFO - Processing /home/juliana/Área de Trabalho/datapipeline/.env/lib/python3.8/site-packages/airflow/example_dags/example_bash_operator.py took 0.087 seconds
[2022-11-21T22:13:54.403-0300] {processor.py:153} INFO - Started process (PID=6057) to work on /home/juliana/Área de Trabalho/datapipeline/.env/lib/python3.8/site-packages/airflow/example_dags/example_bash_operator.py
[2022-11-21T22:13:54.404-0300] {processor.py:640} INFO - Processing file /home/juliana/Área de Trabalho/datapipeline/.env/lib/python3.8/site-packages/airflow/example_dags/example_bash_operator.py for tasks to queue
[2022-11-21T22:13:54.405-0300] {logging_mixin.py:115} INFO - [2022-11-21T22:13:54.405-0300] {dagbag.py:508} INFO - Filling up the DagBag from /home/juliana/Área de Trabalho/datapipeline/.env/lib/python3.8/site-packages/airflow/example_dags/example_bash_operator.py
[2022-11-21T22:13:54.431-0300] {processor.py:650} INFO - DAG(s) dict_keys(['example_bash_operator']) retrieved from /home/juliana/Área de Trabalho/datapipeline/.env/lib/python3.8/site-packages/airflow/example_dags/example_bash_operator.py
[2022-11-21T22:13:54.475-0300] {logging_mixin.py:115} INFO - [2022-11-21T22:13:54.475-0300] {dag.py:2429} INFO - Sync 1 DAGs
[2022-11-21T22:13:54.495-0300] {logging_mixin.py:115} INFO - [2022-11-21T22:13:54.495-0300] {dag.py:2977} INFO - Setting next_dagrun for example_bash_operator to 2022-11-21T00:00:00+00:00, run_after=2022-11-22T00:00:00+00:00
[2022-11-21T22:13:54.559-0300] {processor.py:161} INFO - Processing /home/juliana/Área de Trabalho/datapipeline/.env/lib/python3.8/site-packages/airflow/example_dags/example_bash_operator.py took 0.164 seconds
[2022-11-21T22:14:31.026-0300] {processor.py:153} INFO - Started process (PID=6094) to work on /home/juliana/Área de Trabalho/datapipeline/.env/lib/python3.8/site-packages/airflow/example_dags/example_bash_operator.py
[2022-11-21T22:14:31.028-0300] {processor.py:640} INFO - Processing file /home/juliana/Área de Trabalho/datapipeline/.env/lib/python3.8/site-packages/airflow/example_dags/example_bash_operator.py for tasks to queue
[2022-11-21T22:14:31.029-0300] {logging_mixin.py:115} INFO - [2022-11-21T22:14:31.029-0300] {dagbag.py:508} INFO - Filling up the DagBag from /home/juliana/Área de Trabalho/datapipeline/.env/lib/python3.8/site-packages/airflow/example_dags/example_bash_operator.py
[2022-11-21T22:14:31.045-0300] {processor.py:650} INFO - DAG(s) dict_keys(['example_bash_operator']) retrieved from /home/juliana/Área de Trabalho/datapipeline/.env/lib/python3.8/site-packages/airflow/example_dags/example_bash_operator.py
[2022-11-21T22:14:31.070-0300] {logging_mixin.py:115} INFO - [2022-11-21T22:14:31.069-0300] {dag.py:2429} INFO - Sync 1 DAGs
[2022-11-21T22:14:31.084-0300] {logging_mixin.py:115} INFO - [2022-11-21T22:14:31.084-0300] {dag.py:2977} INFO - Setting next_dagrun for example_bash_operator to 2022-11-21T00:00:00+00:00, run_after=2022-11-22T00:00:00+00:00
[2022-11-21T22:14:31.099-0300] {processor.py:161} INFO - Processing /home/juliana/Área de Trabalho/datapipeline/.env/lib/python3.8/site-packages/airflow/example_dags/example_bash_operator.py took 0.078 seconds
[2022-11-21T22:15:11.588-0300] {processor.py:153} INFO - Started process (PID=6134) to work on /home/juliana/Área de Trabalho/datapipeline/.env/lib/python3.8/site-packages/airflow/example_dags/example_bash_operator.py
[2022-11-21T22:15:11.589-0300] {processor.py:640} INFO - Processing file /home/juliana/Área de Trabalho/datapipeline/.env/lib/python3.8/site-packages/airflow/example_dags/example_bash_operator.py for tasks to queue
[2022-11-21T22:15:11.590-0300] {logging_mixin.py:115} INFO - [2022-11-21T22:15:11.590-0300] {dagbag.py:508} INFO - Filling up the DagBag from /home/juliana/Área de Trabalho/datapipeline/.env/lib/python3.8/site-packages/airflow/example_dags/example_bash_operator.py
[2022-11-21T22:15:11.606-0300] {processor.py:650} INFO - DAG(s) dict_keys(['example_bash_operator']) retrieved from /home/juliana/Área de Trabalho/datapipeline/.env/lib/python3.8/site-packages/airflow/example_dags/example_bash_operator.py
[2022-11-21T22:15:11.637-0300] {logging_mixin.py:115} INFO - [2022-11-21T22:15:11.636-0300] {dag.py:2429} INFO - Sync 1 DAGs
[2022-11-21T22:15:11.651-0300] {logging_mixin.py:115} INFO - [2022-11-21T22:15:11.651-0300] {dag.py:2977} INFO - Setting next_dagrun for example_bash_operator to 2022-11-21T00:00:00+00:00, run_after=2022-11-22T00:00:00+00:00
[2022-11-21T22:15:11.671-0300] {processor.py:161} INFO - Processing /home/juliana/Área de Trabalho/datapipeline/.env/lib/python3.8/site-packages/airflow/example_dags/example_bash_operator.py took 0.087 seconds
[2022-11-21T22:15:49.184-0300] {processor.py:153} INFO - Started process (PID=6171) to work on /home/juliana/Área de Trabalho/datapipeline/.env/lib/python3.8/site-packages/airflow/example_dags/example_bash_operator.py
[2022-11-21T22:15:49.186-0300] {processor.py:640} INFO - Processing file /home/juliana/Área de Trabalho/datapipeline/.env/lib/python3.8/site-packages/airflow/example_dags/example_bash_operator.py for tasks to queue
[2022-11-21T22:15:49.187-0300] {logging_mixin.py:115} INFO - [2022-11-21T22:15:49.187-0300] {dagbag.py:508} INFO - Filling up the DagBag from /home/juliana/Área de Trabalho/datapipeline/.env/lib/python3.8/site-packages/airflow/example_dags/example_bash_operator.py
[2022-11-21T22:15:49.204-0300] {processor.py:650} INFO - DAG(s) dict_keys(['example_bash_operator']) retrieved from /home/juliana/Área de Trabalho/datapipeline/.env/lib/python3.8/site-packages/airflow/example_dags/example_bash_operator.py
[2022-11-21T22:15:49.228-0300] {logging_mixin.py:115} INFO - [2022-11-21T22:15:49.228-0300] {dag.py:2429} INFO - Sync 1 DAGs
[2022-11-21T22:15:49.243-0300] {logging_mixin.py:115} INFO - [2022-11-21T22:15:49.243-0300] {dag.py:2977} INFO - Setting next_dagrun for example_bash_operator to 2022-11-21T00:00:00+00:00, run_after=2022-11-22T00:00:00+00:00
[2022-11-21T22:15:49.263-0300] {processor.py:161} INFO - Processing /home/juliana/Área de Trabalho/datapipeline/.env/lib/python3.8/site-packages/airflow/example_dags/example_bash_operator.py took 0.085 seconds
[2022-11-21T22:16:25.087-0300] {processor.py:153} INFO - Started process (PID=6207) to work on /home/juliana/Área de Trabalho/datapipeline/.env/lib/python3.8/site-packages/airflow/example_dags/example_bash_operator.py
[2022-11-21T22:16:25.089-0300] {processor.py:640} INFO - Processing file /home/juliana/Área de Trabalho/datapipeline/.env/lib/python3.8/site-packages/airflow/example_dags/example_bash_operator.py for tasks to queue
[2022-11-21T22:16:25.090-0300] {logging_mixin.py:115} INFO - [2022-11-21T22:16:25.090-0300] {dagbag.py:508} INFO - Filling up the DagBag from /home/juliana/Área de Trabalho/datapipeline/.env/lib/python3.8/site-packages/airflow/example_dags/example_bash_operator.py
[2022-11-21T22:16:25.108-0300] {processor.py:650} INFO - DAG(s) dict_keys(['example_bash_operator']) retrieved from /home/juliana/Área de Trabalho/datapipeline/.env/lib/python3.8/site-packages/airflow/example_dags/example_bash_operator.py
[2022-11-21T22:16:25.134-0300] {logging_mixin.py:115} INFO - [2022-11-21T22:16:25.134-0300] {dag.py:2429} INFO - Sync 1 DAGs
[2022-11-21T22:16:25.149-0300] {logging_mixin.py:115} INFO - [2022-11-21T22:16:25.149-0300] {dag.py:2977} INFO - Setting next_dagrun for example_bash_operator to 2022-11-21T00:00:00+00:00, run_after=2022-11-22T00:00:00+00:00
[2022-11-21T22:16:25.170-0300] {processor.py:161} INFO - Processing /home/juliana/Área de Trabalho/datapipeline/.env/lib/python3.8/site-packages/airflow/example_dags/example_bash_operator.py took 0.090 seconds
