[2022-11-21T21:13:04.556-0300] {processor.py:153} INFO - Started process (PID=3030) to work on /home/juliana/Área de Trabalho/datapipeline/.env/lib/python3.8/site-packages/airflow/example_dags/example_complex.py
[2022-11-21T21:13:04.557-0300] {processor.py:640} INFO - Processing file /home/juliana/Área de Trabalho/datapipeline/.env/lib/python3.8/site-packages/airflow/example_dags/example_complex.py for tasks to queue
[2022-11-21T21:13:04.563-0300] {logging_mixin.py:115} INFO - [2022-11-21T21:13:04.563-0300] {dagbag.py:508} INFO - Filling up the DagBag from /home/juliana/Área de Trabalho/datapipeline/.env/lib/python3.8/site-packages/airflow/example_dags/example_complex.py
[2022-11-21T21:13:04.623-0300] {processor.py:650} INFO - DAG(s) dict_keys(['example_complex']) retrieved from /home/juliana/Área de Trabalho/datapipeline/.env/lib/python3.8/site-packages/airflow/example_dags/example_complex.py
[2022-11-21T21:13:04.768-0300] {logging_mixin.py:115} INFO - [2022-11-21T21:13:04.768-0300] {dag.py:2429} INFO - Sync 1 DAGs
[2022-11-21T21:13:04.882-0300] {logging_mixin.py:115} INFO - [2022-11-21T21:13:04.882-0300] {dag.py:2977} INFO - Setting next_dagrun for example_complex to None, run_after=None
[2022-11-21T21:13:04.901-0300] {processor.py:161} INFO - Processing /home/juliana/Área de Trabalho/datapipeline/.env/lib/python3.8/site-packages/airflow/example_dags/example_complex.py took 0.356 seconds
[2022-11-21T21:13:43.007-0300] {processor.py:153} INFO - Started process (PID=3130) to work on /home/juliana/Área de Trabalho/datapipeline/.env/lib/python3.8/site-packages/airflow/example_dags/example_complex.py
[2022-11-21T21:13:43.015-0300] {processor.py:640} INFO - Processing file /home/juliana/Área de Trabalho/datapipeline/.env/lib/python3.8/site-packages/airflow/example_dags/example_complex.py for tasks to queue
[2022-11-21T21:13:43.016-0300] {logging_mixin.py:115} INFO - [2022-11-21T21:13:43.015-0300] {dagbag.py:508} INFO - Filling up the DagBag from /home/juliana/Área de Trabalho/datapipeline/.env/lib/python3.8/site-packages/airflow/example_dags/example_complex.py
[2022-11-21T21:13:43.029-0300] {processor.py:650} INFO - DAG(s) dict_keys(['example_complex']) retrieved from /home/juliana/Área de Trabalho/datapipeline/.env/lib/python3.8/site-packages/airflow/example_dags/example_complex.py
[2022-11-21T21:13:43.056-0300] {logging_mixin.py:115} INFO - [2022-11-21T21:13:43.056-0300] {dag.py:2429} INFO - Sync 1 DAGs
[2022-11-21T21:13:43.070-0300] {logging_mixin.py:115} INFO - [2022-11-21T21:13:43.070-0300] {dag.py:2977} INFO - Setting next_dagrun for example_complex to None, run_after=None
[2022-11-21T21:13:43.089-0300] {processor.py:161} INFO - Processing /home/juliana/Área de Trabalho/datapipeline/.env/lib/python3.8/site-packages/airflow/example_dags/example_complex.py took 0.085 seconds
[2022-11-21T21:14:23.507-0300] {processor.py:153} INFO - Started process (PID=3435) to work on /home/juliana/Área de Trabalho/datapipeline/.env/lib/python3.8/site-packages/airflow/example_dags/example_complex.py
[2022-11-21T21:14:23.517-0300] {processor.py:640} INFO - Processing file /home/juliana/Área de Trabalho/datapipeline/.env/lib/python3.8/site-packages/airflow/example_dags/example_complex.py for tasks to queue
[2022-11-21T21:14:23.518-0300] {logging_mixin.py:115} INFO - [2022-11-21T21:14:23.518-0300] {dagbag.py:508} INFO - Filling up the DagBag from /home/juliana/Área de Trabalho/datapipeline/.env/lib/python3.8/site-packages/airflow/example_dags/example_complex.py
[2022-11-21T21:14:23.641-0300] {processor.py:650} INFO - DAG(s) dict_keys(['example_complex']) retrieved from /home/juliana/Área de Trabalho/datapipeline/.env/lib/python3.8/site-packages/airflow/example_dags/example_complex.py
[2022-11-21T21:14:23.839-0300] {logging_mixin.py:115} INFO - [2022-11-21T21:14:23.832-0300] {dag.py:2429} INFO - Sync 1 DAGs
[2022-11-21T21:14:23.991-0300] {logging_mixin.py:115} INFO - [2022-11-21T21:14:23.991-0300] {dag.py:2977} INFO - Setting next_dagrun for example_complex to None, run_after=None
[2022-11-21T21:14:24.445-0300] {processor.py:161} INFO - Processing /home/juliana/Área de Trabalho/datapipeline/.env/lib/python3.8/site-packages/airflow/example_dags/example_complex.py took 0.961 seconds
[2022-11-21T21:15:27.529-0300] {processor.py:153} INFO - Started process (PID=3493) to work on /home/juliana/Área de Trabalho/datapipeline/.env/lib/python3.8/site-packages/airflow/example_dags/example_complex.py
[2022-11-21T21:15:27.537-0300] {processor.py:640} INFO - Processing file /home/juliana/Área de Trabalho/datapipeline/.env/lib/python3.8/site-packages/airflow/example_dags/example_complex.py for tasks to queue
[2022-11-21T21:15:27.537-0300] {logging_mixin.py:115} INFO - [2022-11-21T21:15:27.537-0300] {dagbag.py:508} INFO - Filling up the DagBag from /home/juliana/Área de Trabalho/datapipeline/.env/lib/python3.8/site-packages/airflow/example_dags/example_complex.py
[2022-11-21T21:15:27.599-0300] {processor.py:650} INFO - DAG(s) dict_keys(['example_complex']) retrieved from /home/juliana/Área de Trabalho/datapipeline/.env/lib/python3.8/site-packages/airflow/example_dags/example_complex.py
[2022-11-21T21:15:27.734-0300] {logging_mixin.py:115} INFO - [2022-11-21T21:15:27.733-0300] {dag.py:2429} INFO - Sync 1 DAGs
[2022-11-21T21:15:27.802-0300] {logging_mixin.py:115} INFO - [2022-11-21T21:15:27.802-0300] {dag.py:2977} INFO - Setting next_dagrun for example_complex to None, run_after=None
[2022-11-21T21:15:27.924-0300] {processor.py:161} INFO - Processing /home/juliana/Área de Trabalho/datapipeline/.env/lib/python3.8/site-packages/airflow/example_dags/example_complex.py took 0.401 seconds
[2022-11-21T21:18:28.822-0300] {processor.py:153} INFO - Started process (PID=3616) to work on /home/juliana/Área de Trabalho/datapipeline/.env/lib/python3.8/site-packages/airflow/example_dags/example_complex.py
[2022-11-21T21:18:28.997-0300] {processor.py:640} INFO - Processing file /home/juliana/Área de Trabalho/datapipeline/.env/lib/python3.8/site-packages/airflow/example_dags/example_complex.py for tasks to queue
[2022-11-21T21:18:29.062-0300] {logging_mixin.py:115} INFO - [2022-11-21T21:18:29.044-0300] {dagbag.py:508} INFO - Filling up the DagBag from /home/juliana/Área de Trabalho/datapipeline/.env/lib/python3.8/site-packages/airflow/example_dags/example_complex.py
[2022-11-21T21:18:29.742-0300] {processor.py:650} INFO - DAG(s) dict_keys(['example_complex']) retrieved from /home/juliana/Área de Trabalho/datapipeline/.env/lib/python3.8/site-packages/airflow/example_dags/example_complex.py
[2022-11-21T21:18:32.558-0300] {logging_mixin.py:115} INFO - [2022-11-21T21:18:32.512-0300] {dag.py:2429} INFO - Sync 1 DAGs
[2022-11-21T21:18:32.744-0300] {logging_mixin.py:115} INFO - [2022-11-21T21:18:32.744-0300] {dag.py:2977} INFO - Setting next_dagrun for example_complex to None, run_after=None
[2022-11-21T21:18:32.908-0300] {processor.py:161} INFO - Processing /home/juliana/Área de Trabalho/datapipeline/.env/lib/python3.8/site-packages/airflow/example_dags/example_complex.py took 4.189 seconds
[2022-11-21T21:38:25.273-0300] {processor.py:153} INFO - Started process (PID=7759) to work on /home/juliana/Área de Trabalho/datapipeline/.env/lib/python3.8/site-packages/airflow/example_dags/example_complex.py
[2022-11-21T21:38:25.281-0300] {processor.py:640} INFO - Processing file /home/juliana/Área de Trabalho/datapipeline/.env/lib/python3.8/site-packages/airflow/example_dags/example_complex.py for tasks to queue
[2022-11-21T21:38:25.282-0300] {logging_mixin.py:115} INFO - [2022-11-21T21:38:25.282-0300] {dagbag.py:508} INFO - Filling up the DagBag from /home/juliana/Área de Trabalho/datapipeline/.env/lib/python3.8/site-packages/airflow/example_dags/example_complex.py
[2022-11-21T21:38:25.302-0300] {processor.py:650} INFO - DAG(s) dict_keys(['example_complex']) retrieved from /home/juliana/Área de Trabalho/datapipeline/.env/lib/python3.8/site-packages/airflow/example_dags/example_complex.py
[2022-11-21T21:38:25.332-0300] {logging_mixin.py:115} INFO - [2022-11-21T21:38:25.332-0300] {dag.py:2429} INFO - Sync 1 DAGs
[2022-11-21T21:38:25.348-0300] {logging_mixin.py:115} INFO - [2022-11-21T21:38:25.348-0300] {dag.py:2977} INFO - Setting next_dagrun for example_complex to None, run_after=None
[2022-11-21T21:38:25.365-0300] {processor.py:161} INFO - Processing /home/juliana/Área de Trabalho/datapipeline/.env/lib/python3.8/site-packages/airflow/example_dags/example_complex.py took 0.097 seconds
[2022-11-21T21:39:03.430-0300] {processor.py:153} INFO - Started process (PID=8075) to work on /home/juliana/Área de Trabalho/datapipeline/.env/lib/python3.8/site-packages/airflow/example_dags/example_complex.py
[2022-11-21T21:39:03.445-0300] {processor.py:640} INFO - Processing file /home/juliana/Área de Trabalho/datapipeline/.env/lib/python3.8/site-packages/airflow/example_dags/example_complex.py for tasks to queue
[2022-11-21T21:39:03.446-0300] {logging_mixin.py:115} INFO - [2022-11-21T21:39:03.446-0300] {dagbag.py:508} INFO - Filling up the DagBag from /home/juliana/Área de Trabalho/datapipeline/.env/lib/python3.8/site-packages/airflow/example_dags/example_complex.py
[2022-11-21T21:39:03.470-0300] {processor.py:650} INFO - DAG(s) dict_keys(['example_complex']) retrieved from /home/juliana/Área de Trabalho/datapipeline/.env/lib/python3.8/site-packages/airflow/example_dags/example_complex.py
[2022-11-21T21:39:03.521-0300] {logging_mixin.py:115} INFO - [2022-11-21T21:39:03.520-0300] {dag.py:2429} INFO - Sync 1 DAGs
[2022-11-21T21:39:03.560-0300] {logging_mixin.py:115} INFO - [2022-11-21T21:39:03.560-0300] {dag.py:2977} INFO - Setting next_dagrun for example_complex to None, run_after=None
[2022-11-21T21:39:03.587-0300] {processor.py:161} INFO - Processing /home/juliana/Área de Trabalho/datapipeline/.env/lib/python3.8/site-packages/airflow/example_dags/example_complex.py took 0.163 seconds
[2022-11-21T21:39:41.205-0300] {processor.py:153} INFO - Started process (PID=8134) to work on /home/juliana/Área de Trabalho/datapipeline/.env/lib/python3.8/site-packages/airflow/example_dags/example_complex.py
[2022-11-21T21:39:41.207-0300] {processor.py:640} INFO - Processing file /home/juliana/Área de Trabalho/datapipeline/.env/lib/python3.8/site-packages/airflow/example_dags/example_complex.py for tasks to queue
[2022-11-21T21:39:41.208-0300] {logging_mixin.py:115} INFO - [2022-11-21T21:39:41.207-0300] {dagbag.py:508} INFO - Filling up the DagBag from /home/juliana/Área de Trabalho/datapipeline/.env/lib/python3.8/site-packages/airflow/example_dags/example_complex.py
[2022-11-21T21:39:41.221-0300] {processor.py:650} INFO - DAG(s) dict_keys(['example_complex']) retrieved from /home/juliana/Área de Trabalho/datapipeline/.env/lib/python3.8/site-packages/airflow/example_dags/example_complex.py
[2022-11-21T21:39:41.243-0300] {logging_mixin.py:115} INFO - [2022-11-21T21:39:41.243-0300] {dag.py:2429} INFO - Sync 1 DAGs
[2022-11-21T21:39:41.258-0300] {logging_mixin.py:115} INFO - [2022-11-21T21:39:41.258-0300] {dag.py:2977} INFO - Setting next_dagrun for example_complex to None, run_after=None
[2022-11-21T21:39:41.273-0300] {processor.py:161} INFO - Processing /home/juliana/Área de Trabalho/datapipeline/.env/lib/python3.8/site-packages/airflow/example_dags/example_complex.py took 0.072 seconds
[2022-11-21T21:40:15.887-0300] {processor.py:153} INFO - Started process (PID=8372) to work on /home/juliana/Área de Trabalho/datapipeline/.env/lib/python3.8/site-packages/airflow/example_dags/example_complex.py
[2022-11-21T21:40:15.892-0300] {processor.py:640} INFO - Processing file /home/juliana/Área de Trabalho/datapipeline/.env/lib/python3.8/site-packages/airflow/example_dags/example_complex.py for tasks to queue
[2022-11-21T21:40:15.892-0300] {logging_mixin.py:115} INFO - [2022-11-21T21:40:15.892-0300] {dagbag.py:508} INFO - Filling up the DagBag from /home/juliana/Área de Trabalho/datapipeline/.env/lib/python3.8/site-packages/airflow/example_dags/example_complex.py
[2022-11-21T21:40:15.912-0300] {processor.py:650} INFO - DAG(s) dict_keys(['example_complex']) retrieved from /home/juliana/Área de Trabalho/datapipeline/.env/lib/python3.8/site-packages/airflow/example_dags/example_complex.py
[2022-11-21T21:40:15.970-0300] {logging_mixin.py:115} INFO - [2022-11-21T21:40:15.969-0300] {dag.py:2429} INFO - Sync 1 DAGs
[2022-11-21T21:40:15.998-0300] {logging_mixin.py:115} INFO - [2022-11-21T21:40:15.998-0300] {dag.py:2977} INFO - Setting next_dagrun for example_complex to None, run_after=None
[2022-11-21T21:40:16.019-0300] {processor.py:161} INFO - Processing /home/juliana/Área de Trabalho/datapipeline/.env/lib/python3.8/site-packages/airflow/example_dags/example_complex.py took 0.134 seconds
[2022-11-21T21:40:53.858-0300] {processor.py:153} INFO - Started process (PID=8648) to work on /home/juliana/Área de Trabalho/datapipeline/.env/lib/python3.8/site-packages/airflow/example_dags/example_complex.py
[2022-11-21T21:40:53.865-0300] {processor.py:640} INFO - Processing file /home/juliana/Área de Trabalho/datapipeline/.env/lib/python3.8/site-packages/airflow/example_dags/example_complex.py for tasks to queue
[2022-11-21T21:40:53.873-0300] {logging_mixin.py:115} INFO - [2022-11-21T21:40:53.873-0300] {dagbag.py:508} INFO - Filling up the DagBag from /home/juliana/Área de Trabalho/datapipeline/.env/lib/python3.8/site-packages/airflow/example_dags/example_complex.py
[2022-11-21T21:40:53.899-0300] {processor.py:650} INFO - DAG(s) dict_keys(['example_complex']) retrieved from /home/juliana/Área de Trabalho/datapipeline/.env/lib/python3.8/site-packages/airflow/example_dags/example_complex.py
[2022-11-21T21:40:53.923-0300] {logging_mixin.py:115} INFO - [2022-11-21T21:40:53.923-0300] {dag.py:2429} INFO - Sync 1 DAGs
[2022-11-21T21:40:53.940-0300] {logging_mixin.py:115} INFO - [2022-11-21T21:40:53.940-0300] {dag.py:2977} INFO - Setting next_dagrun for example_complex to None, run_after=None
[2022-11-21T21:40:53.956-0300] {processor.py:161} INFO - Processing /home/juliana/Área de Trabalho/datapipeline/.env/lib/python3.8/site-packages/airflow/example_dags/example_complex.py took 0.102 seconds
[2022-11-21T21:41:29.497-0300] {processor.py:153} INFO - Started process (PID=8858) to work on /home/juliana/Área de Trabalho/datapipeline/.env/lib/python3.8/site-packages/airflow/example_dags/example_complex.py
[2022-11-21T21:41:29.498-0300] {processor.py:640} INFO - Processing file /home/juliana/Área de Trabalho/datapipeline/.env/lib/python3.8/site-packages/airflow/example_dags/example_complex.py for tasks to queue
[2022-11-21T21:41:29.499-0300] {logging_mixin.py:115} INFO - [2022-11-21T21:41:29.499-0300] {dagbag.py:508} INFO - Filling up the DagBag from /home/juliana/Área de Trabalho/datapipeline/.env/lib/python3.8/site-packages/airflow/example_dags/example_complex.py
[2022-11-21T21:41:29.523-0300] {processor.py:650} INFO - DAG(s) dict_keys(['example_complex']) retrieved from /home/juliana/Área de Trabalho/datapipeline/.env/lib/python3.8/site-packages/airflow/example_dags/example_complex.py
[2022-11-21T21:41:29.547-0300] {logging_mixin.py:115} INFO - [2022-11-21T21:41:29.547-0300] {dag.py:2429} INFO - Sync 1 DAGs
[2022-11-21T21:41:29.562-0300] {logging_mixin.py:115} INFO - [2022-11-21T21:41:29.562-0300] {dag.py:2977} INFO - Setting next_dagrun for example_complex to None, run_after=None
[2022-11-21T21:41:29.582-0300] {processor.py:161} INFO - Processing /home/juliana/Área de Trabalho/datapipeline/.env/lib/python3.8/site-packages/airflow/example_dags/example_complex.py took 0.090 seconds
[2022-11-21T21:42:03.461-0300] {processor.py:153} INFO - Started process (PID=9051) to work on /home/juliana/Área de Trabalho/datapipeline/.env/lib/python3.8/site-packages/airflow/example_dags/example_complex.py
[2022-11-21T21:42:03.463-0300] {processor.py:640} INFO - Processing file /home/juliana/Área de Trabalho/datapipeline/.env/lib/python3.8/site-packages/airflow/example_dags/example_complex.py for tasks to queue
[2022-11-21T21:42:03.464-0300] {logging_mixin.py:115} INFO - [2022-11-21T21:42:03.464-0300] {dagbag.py:508} INFO - Filling up the DagBag from /home/juliana/Área de Trabalho/datapipeline/.env/lib/python3.8/site-packages/airflow/example_dags/example_complex.py
[2022-11-21T21:42:03.479-0300] {processor.py:650} INFO - DAG(s) dict_keys(['example_complex']) retrieved from /home/juliana/Área de Trabalho/datapipeline/.env/lib/python3.8/site-packages/airflow/example_dags/example_complex.py
[2022-11-21T21:42:03.503-0300] {logging_mixin.py:115} INFO - [2022-11-21T21:42:03.502-0300] {dag.py:2429} INFO - Sync 1 DAGs
[2022-11-21T21:42:03.519-0300] {logging_mixin.py:115} INFO - [2022-11-21T21:42:03.518-0300] {dag.py:2977} INFO - Setting next_dagrun for example_complex to None, run_after=None
[2022-11-21T21:42:03.535-0300] {processor.py:161} INFO - Processing /home/juliana/Área de Trabalho/datapipeline/.env/lib/python3.8/site-packages/airflow/example_dags/example_complex.py took 0.082 seconds
[2022-11-21T21:42:39.770-0300] {processor.py:153} INFO - Started process (PID=9262) to work on /home/juliana/Área de Trabalho/datapipeline/.env/lib/python3.8/site-packages/airflow/example_dags/example_complex.py
[2022-11-21T21:42:39.772-0300] {processor.py:640} INFO - Processing file /home/juliana/Área de Trabalho/datapipeline/.env/lib/python3.8/site-packages/airflow/example_dags/example_complex.py for tasks to queue
[2022-11-21T21:42:39.773-0300] {logging_mixin.py:115} INFO - [2022-11-21T21:42:39.773-0300] {dagbag.py:508} INFO - Filling up the DagBag from /home/juliana/Área de Trabalho/datapipeline/.env/lib/python3.8/site-packages/airflow/example_dags/example_complex.py
[2022-11-21T21:42:39.786-0300] {processor.py:650} INFO - DAG(s) dict_keys(['example_complex']) retrieved from /home/juliana/Área de Trabalho/datapipeline/.env/lib/python3.8/site-packages/airflow/example_dags/example_complex.py
[2022-11-21T21:42:39.822-0300] {logging_mixin.py:115} INFO - [2022-11-21T21:42:39.821-0300] {dag.py:2429} INFO - Sync 1 DAGs
[2022-11-21T21:42:39.855-0300] {logging_mixin.py:115} INFO - [2022-11-21T21:42:39.855-0300] {dag.py:2977} INFO - Setting next_dagrun for example_complex to None, run_after=None
[2022-11-21T21:42:39.878-0300] {processor.py:161} INFO - Processing /home/juliana/Área de Trabalho/datapipeline/.env/lib/python3.8/site-packages/airflow/example_dags/example_complex.py took 0.113 seconds
[2022-11-21T21:43:12.734-0300] {processor.py:153} INFO - Started process (PID=9471) to work on /home/juliana/Área de Trabalho/datapipeline/.env/lib/python3.8/site-packages/airflow/example_dags/example_complex.py
[2022-11-21T21:43:12.735-0300] {processor.py:640} INFO - Processing file /home/juliana/Área de Trabalho/datapipeline/.env/lib/python3.8/site-packages/airflow/example_dags/example_complex.py for tasks to queue
[2022-11-21T21:43:12.736-0300] {logging_mixin.py:115} INFO - [2022-11-21T21:43:12.736-0300] {dagbag.py:508} INFO - Filling up the DagBag from /home/juliana/Área de Trabalho/datapipeline/.env/lib/python3.8/site-packages/airflow/example_dags/example_complex.py
[2022-11-21T21:43:12.746-0300] {processor.py:650} INFO - DAG(s) dict_keys(['example_complex']) retrieved from /home/juliana/Área de Trabalho/datapipeline/.env/lib/python3.8/site-packages/airflow/example_dags/example_complex.py
[2022-11-21T21:43:12.763-0300] {logging_mixin.py:115} INFO - [2022-11-21T21:43:12.763-0300] {dag.py:2429} INFO - Sync 1 DAGs
[2022-11-21T21:43:12.777-0300] {logging_mixin.py:115} INFO - [2022-11-21T21:43:12.777-0300] {dag.py:2977} INFO - Setting next_dagrun for example_complex to None, run_after=None
[2022-11-21T21:43:12.792-0300] {processor.py:161} INFO - Processing /home/juliana/Área de Trabalho/datapipeline/.env/lib/python3.8/site-packages/airflow/example_dags/example_complex.py took 0.061 seconds
[2022-11-21T21:43:44.942-0300] {processor.py:153} INFO - Started process (PID=9653) to work on /home/juliana/Área de Trabalho/datapipeline/.env/lib/python3.8/site-packages/airflow/example_dags/example_complex.py
[2022-11-21T21:43:44.943-0300] {processor.py:640} INFO - Processing file /home/juliana/Área de Trabalho/datapipeline/.env/lib/python3.8/site-packages/airflow/example_dags/example_complex.py for tasks to queue
[2022-11-21T21:43:44.944-0300] {logging_mixin.py:115} INFO - [2022-11-21T21:43:44.943-0300] {dagbag.py:508} INFO - Filling up the DagBag from /home/juliana/Área de Trabalho/datapipeline/.env/lib/python3.8/site-packages/airflow/example_dags/example_complex.py
[2022-11-21T21:43:44.957-0300] {processor.py:650} INFO - DAG(s) dict_keys(['example_complex']) retrieved from /home/juliana/Área de Trabalho/datapipeline/.env/lib/python3.8/site-packages/airflow/example_dags/example_complex.py
[2022-11-21T21:43:44.977-0300] {logging_mixin.py:115} INFO - [2022-11-21T21:43:44.977-0300] {dag.py:2429} INFO - Sync 1 DAGs
[2022-11-21T21:43:44.992-0300] {logging_mixin.py:115} INFO - [2022-11-21T21:43:44.992-0300] {dag.py:2977} INFO - Setting next_dagrun for example_complex to None, run_after=None
[2022-11-21T21:43:45.007-0300] {processor.py:161} INFO - Processing /home/juliana/Área de Trabalho/datapipeline/.env/lib/python3.8/site-packages/airflow/example_dags/example_complex.py took 0.070 seconds
[2022-11-21T21:44:16.408-0300] {processor.py:153} INFO - Started process (PID=9694) to work on /home/juliana/Área de Trabalho/datapipeline/.env/lib/python3.8/site-packages/airflow/example_dags/example_complex.py
[2022-11-21T21:44:16.409-0300] {processor.py:640} INFO - Processing file /home/juliana/Área de Trabalho/datapipeline/.env/lib/python3.8/site-packages/airflow/example_dags/example_complex.py for tasks to queue
[2022-11-21T21:44:16.410-0300] {logging_mixin.py:115} INFO - [2022-11-21T21:44:16.409-0300] {dagbag.py:508} INFO - Filling up the DagBag from /home/juliana/Área de Trabalho/datapipeline/.env/lib/python3.8/site-packages/airflow/example_dags/example_complex.py
[2022-11-21T21:44:16.421-0300] {processor.py:650} INFO - DAG(s) dict_keys(['example_complex']) retrieved from /home/juliana/Área de Trabalho/datapipeline/.env/lib/python3.8/site-packages/airflow/example_dags/example_complex.py
[2022-11-21T21:44:16.438-0300] {logging_mixin.py:115} INFO - [2022-11-21T21:44:16.438-0300] {dag.py:2429} INFO - Sync 1 DAGs
[2022-11-21T21:44:16.455-0300] {logging_mixin.py:115} INFO - [2022-11-21T21:44:16.455-0300] {dag.py:2977} INFO - Setting next_dagrun for example_complex to None, run_after=None
[2022-11-21T21:44:16.482-0300] {processor.py:161} INFO - Processing /home/juliana/Área de Trabalho/datapipeline/.env/lib/python3.8/site-packages/airflow/example_dags/example_complex.py took 0.078 seconds
[2022-11-21T21:44:53.074-0300] {processor.py:153} INFO - Started process (PID=9739) to work on /home/juliana/Área de Trabalho/datapipeline/.env/lib/python3.8/site-packages/airflow/example_dags/example_complex.py
[2022-11-21T21:44:53.084-0300] {processor.py:640} INFO - Processing file /home/juliana/Área de Trabalho/datapipeline/.env/lib/python3.8/site-packages/airflow/example_dags/example_complex.py for tasks to queue
[2022-11-21T21:44:53.085-0300] {logging_mixin.py:115} INFO - [2022-11-21T21:44:53.085-0300] {dagbag.py:508} INFO - Filling up the DagBag from /home/juliana/Área de Trabalho/datapipeline/.env/lib/python3.8/site-packages/airflow/example_dags/example_complex.py
[2022-11-21T21:44:53.100-0300] {processor.py:650} INFO - DAG(s) dict_keys(['example_complex']) retrieved from /home/juliana/Área de Trabalho/datapipeline/.env/lib/python3.8/site-packages/airflow/example_dags/example_complex.py
[2022-11-21T21:44:53.124-0300] {logging_mixin.py:115} INFO - [2022-11-21T21:44:53.123-0300] {dag.py:2429} INFO - Sync 1 DAGs
[2022-11-21T21:44:53.138-0300] {logging_mixin.py:115} INFO - [2022-11-21T21:44:53.138-0300] {dag.py:2977} INFO - Setting next_dagrun for example_complex to None, run_after=None
[2022-11-21T21:44:53.153-0300] {processor.py:161} INFO - Processing /home/juliana/Área de Trabalho/datapipeline/.env/lib/python3.8/site-packages/airflow/example_dags/example_complex.py took 0.083 seconds
[2022-11-21T21:45:29.219-0300] {processor.py:153} INFO - Started process (PID=9782) to work on /home/juliana/Área de Trabalho/datapipeline/.env/lib/python3.8/site-packages/airflow/example_dags/example_complex.py
[2022-11-21T21:45:29.221-0300] {processor.py:640} INFO - Processing file /home/juliana/Área de Trabalho/datapipeline/.env/lib/python3.8/site-packages/airflow/example_dags/example_complex.py for tasks to queue
[2022-11-21T21:45:29.222-0300] {logging_mixin.py:115} INFO - [2022-11-21T21:45:29.222-0300] {dagbag.py:508} INFO - Filling up the DagBag from /home/juliana/Área de Trabalho/datapipeline/.env/lib/python3.8/site-packages/airflow/example_dags/example_complex.py
[2022-11-21T21:45:29.236-0300] {processor.py:650} INFO - DAG(s) dict_keys(['example_complex']) retrieved from /home/juliana/Área de Trabalho/datapipeline/.env/lib/python3.8/site-packages/airflow/example_dags/example_complex.py
[2022-11-21T21:45:29.256-0300] {logging_mixin.py:115} INFO - [2022-11-21T21:45:29.256-0300] {dag.py:2429} INFO - Sync 1 DAGs
[2022-11-21T21:45:29.272-0300] {logging_mixin.py:115} INFO - [2022-11-21T21:45:29.272-0300] {dag.py:2977} INFO - Setting next_dagrun for example_complex to None, run_after=None
[2022-11-21T21:45:29.287-0300] {processor.py:161} INFO - Processing /home/juliana/Área de Trabalho/datapipeline/.env/lib/python3.8/site-packages/airflow/example_dags/example_complex.py took 0.073 seconds
[2022-11-21T21:46:03.703-0300] {processor.py:153} INFO - Started process (PID=9905) to work on /home/juliana/Área de Trabalho/datapipeline/.env/lib/python3.8/site-packages/airflow/example_dags/example_complex.py
[2022-11-21T21:46:03.704-0300] {processor.py:640} INFO - Processing file /home/juliana/Área de Trabalho/datapipeline/.env/lib/python3.8/site-packages/airflow/example_dags/example_complex.py for tasks to queue
[2022-11-21T21:46:03.705-0300] {logging_mixin.py:115} INFO - [2022-11-21T21:46:03.705-0300] {dagbag.py:508} INFO - Filling up the DagBag from /home/juliana/Área de Trabalho/datapipeline/.env/lib/python3.8/site-packages/airflow/example_dags/example_complex.py
[2022-11-21T21:46:03.723-0300] {processor.py:650} INFO - DAG(s) dict_keys(['example_complex']) retrieved from /home/juliana/Área de Trabalho/datapipeline/.env/lib/python3.8/site-packages/airflow/example_dags/example_complex.py
[2022-11-21T21:46:03.768-0300] {logging_mixin.py:115} INFO - [2022-11-21T21:46:03.768-0300] {dag.py:2429} INFO - Sync 1 DAGs
[2022-11-21T21:46:03.787-0300] {logging_mixin.py:115} INFO - [2022-11-21T21:46:03.787-0300] {dag.py:2977} INFO - Setting next_dagrun for example_complex to None, run_after=None
[2022-11-21T21:46:03.854-0300] {processor.py:161} INFO - Processing /home/juliana/Área de Trabalho/datapipeline/.env/lib/python3.8/site-packages/airflow/example_dags/example_complex.py took 0.156 seconds
[2022-11-21T21:46:37.971-0300] {processor.py:153} INFO - Started process (PID=10122) to work on /home/juliana/Área de Trabalho/datapipeline/.env/lib/python3.8/site-packages/airflow/example_dags/example_complex.py
[2022-11-21T21:46:37.972-0300] {processor.py:640} INFO - Processing file /home/juliana/Área de Trabalho/datapipeline/.env/lib/python3.8/site-packages/airflow/example_dags/example_complex.py for tasks to queue
[2022-11-21T21:46:37.973-0300] {logging_mixin.py:115} INFO - [2022-11-21T21:46:37.973-0300] {dagbag.py:508} INFO - Filling up the DagBag from /home/juliana/Área de Trabalho/datapipeline/.env/lib/python3.8/site-packages/airflow/example_dags/example_complex.py
[2022-11-21T21:46:37.986-0300] {processor.py:650} INFO - DAG(s) dict_keys(['example_complex']) retrieved from /home/juliana/Área de Trabalho/datapipeline/.env/lib/python3.8/site-packages/airflow/example_dags/example_complex.py
[2022-11-21T21:46:38.006-0300] {logging_mixin.py:115} INFO - [2022-11-21T21:46:38.006-0300] {dag.py:2429} INFO - Sync 1 DAGs
[2022-11-21T21:46:38.020-0300] {logging_mixin.py:115} INFO - [2022-11-21T21:46:38.020-0300] {dag.py:2977} INFO - Setting next_dagrun for example_complex to None, run_after=None
[2022-11-21T21:46:38.040-0300] {processor.py:161} INFO - Processing /home/juliana/Área de Trabalho/datapipeline/.env/lib/python3.8/site-packages/airflow/example_dags/example_complex.py took 0.074 seconds
[2022-11-21T21:47:16.908-0300] {processor.py:153} INFO - Started process (PID=10360) to work on /home/juliana/Área de Trabalho/datapipeline/.env/lib/python3.8/site-packages/airflow/example_dags/example_complex.py
[2022-11-21T21:47:16.912-0300] {processor.py:640} INFO - Processing file /home/juliana/Área de Trabalho/datapipeline/.env/lib/python3.8/site-packages/airflow/example_dags/example_complex.py for tasks to queue
[2022-11-21T21:47:16.913-0300] {logging_mixin.py:115} INFO - [2022-11-21T21:47:16.912-0300] {dagbag.py:508} INFO - Filling up the DagBag from /home/juliana/Área de Trabalho/datapipeline/.env/lib/python3.8/site-packages/airflow/example_dags/example_complex.py
[2022-11-21T21:47:16.925-0300] {processor.py:650} INFO - DAG(s) dict_keys(['example_complex']) retrieved from /home/juliana/Área de Trabalho/datapipeline/.env/lib/python3.8/site-packages/airflow/example_dags/example_complex.py
[2022-11-21T21:47:16.956-0300] {logging_mixin.py:115} INFO - [2022-11-21T21:47:16.956-0300] {dag.py:2429} INFO - Sync 1 DAGs
[2022-11-21T21:47:16.986-0300] {logging_mixin.py:115} INFO - [2022-11-21T21:47:16.986-0300] {dag.py:2977} INFO - Setting next_dagrun for example_complex to None, run_after=None
[2022-11-21T21:47:17.057-0300] {processor.py:161} INFO - Processing /home/juliana/Área de Trabalho/datapipeline/.env/lib/python3.8/site-packages/airflow/example_dags/example_complex.py took 0.153 seconds
[2022-11-21T21:47:52.329-0300] {processor.py:153} INFO - Started process (PID=10544) to work on /home/juliana/Área de Trabalho/datapipeline/.env/lib/python3.8/site-packages/airflow/example_dags/example_complex.py
[2022-11-21T21:47:52.331-0300] {processor.py:640} INFO - Processing file /home/juliana/Área de Trabalho/datapipeline/.env/lib/python3.8/site-packages/airflow/example_dags/example_complex.py for tasks to queue
[2022-11-21T21:47:52.332-0300] {logging_mixin.py:115} INFO - [2022-11-21T21:47:52.331-0300] {dagbag.py:508} INFO - Filling up the DagBag from /home/juliana/Área de Trabalho/datapipeline/.env/lib/python3.8/site-packages/airflow/example_dags/example_complex.py
[2022-11-21T21:47:52.346-0300] {processor.py:650} INFO - DAG(s) dict_keys(['example_complex']) retrieved from /home/juliana/Área de Trabalho/datapipeline/.env/lib/python3.8/site-packages/airflow/example_dags/example_complex.py
[2022-11-21T21:47:52.367-0300] {logging_mixin.py:115} INFO - [2022-11-21T21:47:52.367-0300] {dag.py:2429} INFO - Sync 1 DAGs
[2022-11-21T21:47:52.381-0300] {logging_mixin.py:115} INFO - [2022-11-21T21:47:52.381-0300] {dag.py:2977} INFO - Setting next_dagrun for example_complex to None, run_after=None
[2022-11-21T21:47:52.402-0300] {processor.py:161} INFO - Processing /home/juliana/Área de Trabalho/datapipeline/.env/lib/python3.8/site-packages/airflow/example_dags/example_complex.py took 0.078 seconds
[2022-11-21T21:48:27.442-0300] {processor.py:153} INFO - Started process (PID=10638) to work on /home/juliana/Área de Trabalho/datapipeline/.env/lib/python3.8/site-packages/airflow/example_dags/example_complex.py
[2022-11-21T21:48:27.443-0300] {processor.py:640} INFO - Processing file /home/juliana/Área de Trabalho/datapipeline/.env/lib/python3.8/site-packages/airflow/example_dags/example_complex.py for tasks to queue
[2022-11-21T21:48:27.444-0300] {logging_mixin.py:115} INFO - [2022-11-21T21:48:27.444-0300] {dagbag.py:508} INFO - Filling up the DagBag from /home/juliana/Área de Trabalho/datapipeline/.env/lib/python3.8/site-packages/airflow/example_dags/example_complex.py
[2022-11-21T21:48:27.461-0300] {processor.py:650} INFO - DAG(s) dict_keys(['example_complex']) retrieved from /home/juliana/Área de Trabalho/datapipeline/.env/lib/python3.8/site-packages/airflow/example_dags/example_complex.py
[2022-11-21T21:48:27.483-0300] {logging_mixin.py:115} INFO - [2022-11-21T21:48:27.483-0300] {dag.py:2429} INFO - Sync 1 DAGs
[2022-11-21T21:48:27.497-0300] {logging_mixin.py:115} INFO - [2022-11-21T21:48:27.497-0300] {dag.py:2977} INFO - Setting next_dagrun for example_complex to None, run_after=None
[2022-11-21T21:48:27.518-0300] {processor.py:161} INFO - Processing /home/juliana/Área de Trabalho/datapipeline/.env/lib/python3.8/site-packages/airflow/example_dags/example_complex.py took 0.080 seconds
[2022-11-21T21:49:03.722-0300] {processor.py:153} INFO - Started process (PID=10753) to work on /home/juliana/Área de Trabalho/datapipeline/.env/lib/python3.8/site-packages/airflow/example_dags/example_complex.py
[2022-11-21T21:49:03.724-0300] {processor.py:640} INFO - Processing file /home/juliana/Área de Trabalho/datapipeline/.env/lib/python3.8/site-packages/airflow/example_dags/example_complex.py for tasks to queue
[2022-11-21T21:49:03.725-0300] {logging_mixin.py:115} INFO - [2022-11-21T21:49:03.724-0300] {dagbag.py:508} INFO - Filling up the DagBag from /home/juliana/Área de Trabalho/datapipeline/.env/lib/python3.8/site-packages/airflow/example_dags/example_complex.py
[2022-11-21T21:49:03.740-0300] {processor.py:650} INFO - DAG(s) dict_keys(['example_complex']) retrieved from /home/juliana/Área de Trabalho/datapipeline/.env/lib/python3.8/site-packages/airflow/example_dags/example_complex.py
[2022-11-21T21:49:03.761-0300] {logging_mixin.py:115} INFO - [2022-11-21T21:49:03.761-0300] {dag.py:2429} INFO - Sync 1 DAGs
[2022-11-21T21:49:03.775-0300] {logging_mixin.py:115} INFO - [2022-11-21T21:49:03.775-0300] {dag.py:2977} INFO - Setting next_dagrun for example_complex to None, run_after=None
[2022-11-21T21:49:03.791-0300] {processor.py:161} INFO - Processing /home/juliana/Área de Trabalho/datapipeline/.env/lib/python3.8/site-packages/airflow/example_dags/example_complex.py took 0.075 seconds
[2022-11-21T21:49:37.784-0300] {processor.py:153} INFO - Started process (PID=10787) to work on /home/juliana/Área de Trabalho/datapipeline/.env/lib/python3.8/site-packages/airflow/example_dags/example_complex.py
[2022-11-21T21:49:37.786-0300] {processor.py:640} INFO - Processing file /home/juliana/Área de Trabalho/datapipeline/.env/lib/python3.8/site-packages/airflow/example_dags/example_complex.py for tasks to queue
[2022-11-21T21:49:37.787-0300] {logging_mixin.py:115} INFO - [2022-11-21T21:49:37.786-0300] {dagbag.py:508} INFO - Filling up the DagBag from /home/juliana/Área de Trabalho/datapipeline/.env/lib/python3.8/site-packages/airflow/example_dags/example_complex.py
[2022-11-21T21:49:37.803-0300] {processor.py:650} INFO - DAG(s) dict_keys(['example_complex']) retrieved from /home/juliana/Área de Trabalho/datapipeline/.env/lib/python3.8/site-packages/airflow/example_dags/example_complex.py
[2022-11-21T21:49:37.827-0300] {logging_mixin.py:115} INFO - [2022-11-21T21:49:37.827-0300] {dag.py:2429} INFO - Sync 1 DAGs
[2022-11-21T21:49:37.843-0300] {logging_mixin.py:115} INFO - [2022-11-21T21:49:37.843-0300] {dag.py:2977} INFO - Setting next_dagrun for example_complex to None, run_after=None
[2022-11-21T21:49:37.904-0300] {processor.py:161} INFO - Processing /home/juliana/Área de Trabalho/datapipeline/.env/lib/python3.8/site-packages/airflow/example_dags/example_complex.py took 0.125 seconds
[2022-11-21T21:50:13.369-0300] {processor.py:153} INFO - Started process (PID=10824) to work on /home/juliana/Área de Trabalho/datapipeline/.env/lib/python3.8/site-packages/airflow/example_dags/example_complex.py
[2022-11-21T21:50:13.370-0300] {processor.py:640} INFO - Processing file /home/juliana/Área de Trabalho/datapipeline/.env/lib/python3.8/site-packages/airflow/example_dags/example_complex.py for tasks to queue
[2022-11-21T21:50:13.371-0300] {logging_mixin.py:115} INFO - [2022-11-21T21:50:13.371-0300] {dagbag.py:508} INFO - Filling up the DagBag from /home/juliana/Área de Trabalho/datapipeline/.env/lib/python3.8/site-packages/airflow/example_dags/example_complex.py
[2022-11-21T21:50:13.385-0300] {processor.py:650} INFO - DAG(s) dict_keys(['example_complex']) retrieved from /home/juliana/Área de Trabalho/datapipeline/.env/lib/python3.8/site-packages/airflow/example_dags/example_complex.py
[2022-11-21T21:50:13.407-0300] {logging_mixin.py:115} INFO - [2022-11-21T21:50:13.407-0300] {dag.py:2429} INFO - Sync 1 DAGs
[2022-11-21T21:50:13.422-0300] {logging_mixin.py:115} INFO - [2022-11-21T21:50:13.421-0300] {dag.py:2977} INFO - Setting next_dagrun for example_complex to None, run_after=None
[2022-11-21T21:50:13.437-0300] {processor.py:161} INFO - Processing /home/juliana/Área de Trabalho/datapipeline/.env/lib/python3.8/site-packages/airflow/example_dags/example_complex.py took 0.073 seconds
[2022-11-21T21:50:47.106-0300] {processor.py:153} INFO - Started process (PID=10880) to work on /home/juliana/Área de Trabalho/datapipeline/.env/lib/python3.8/site-packages/airflow/example_dags/example_complex.py
[2022-11-21T21:50:47.107-0300] {processor.py:640} INFO - Processing file /home/juliana/Área de Trabalho/datapipeline/.env/lib/python3.8/site-packages/airflow/example_dags/example_complex.py for tasks to queue
[2022-11-21T21:50:47.108-0300] {logging_mixin.py:115} INFO - [2022-11-21T21:50:47.108-0300] {dagbag.py:508} INFO - Filling up the DagBag from /home/juliana/Área de Trabalho/datapipeline/.env/lib/python3.8/site-packages/airflow/example_dags/example_complex.py
[2022-11-21T21:50:47.131-0300] {processor.py:650} INFO - DAG(s) dict_keys(['example_complex']) retrieved from /home/juliana/Área de Trabalho/datapipeline/.env/lib/python3.8/site-packages/airflow/example_dags/example_complex.py
[2022-11-21T21:50:47.153-0300] {logging_mixin.py:115} INFO - [2022-11-21T21:50:47.152-0300] {dag.py:2429} INFO - Sync 1 DAGs
[2022-11-21T21:50:47.166-0300] {logging_mixin.py:115} INFO - [2022-11-21T21:50:47.166-0300] {dag.py:2977} INFO - Setting next_dagrun for example_complex to None, run_after=None
[2022-11-21T21:50:47.182-0300] {processor.py:161} INFO - Processing /home/juliana/Área de Trabalho/datapipeline/.env/lib/python3.8/site-packages/airflow/example_dags/example_complex.py took 0.082 seconds
[2022-11-21T21:51:23.540-0300] {processor.py:153} INFO - Started process (PID=10919) to work on /home/juliana/Área de Trabalho/datapipeline/.env/lib/python3.8/site-packages/airflow/example_dags/example_complex.py
[2022-11-21T21:51:23.542-0300] {processor.py:640} INFO - Processing file /home/juliana/Área de Trabalho/datapipeline/.env/lib/python3.8/site-packages/airflow/example_dags/example_complex.py for tasks to queue
[2022-11-21T21:51:23.543-0300] {logging_mixin.py:115} INFO - [2022-11-21T21:51:23.542-0300] {dagbag.py:508} INFO - Filling up the DagBag from /home/juliana/Área de Trabalho/datapipeline/.env/lib/python3.8/site-packages/airflow/example_dags/example_complex.py
[2022-11-21T21:51:23.560-0300] {processor.py:650} INFO - DAG(s) dict_keys(['example_complex']) retrieved from /home/juliana/Área de Trabalho/datapipeline/.env/lib/python3.8/site-packages/airflow/example_dags/example_complex.py
[2022-11-21T21:51:23.581-0300] {logging_mixin.py:115} INFO - [2022-11-21T21:51:23.581-0300] {dag.py:2429} INFO - Sync 1 DAGs
[2022-11-21T21:51:23.595-0300] {logging_mixin.py:115} INFO - [2022-11-21T21:51:23.595-0300] {dag.py:2977} INFO - Setting next_dagrun for example_complex to None, run_after=None
[2022-11-21T21:51:23.618-0300] {processor.py:161} INFO - Processing /home/juliana/Área de Trabalho/datapipeline/.env/lib/python3.8/site-packages/airflow/example_dags/example_complex.py took 0.083 seconds
[2022-11-21T21:52:01.568-0300] {processor.py:153} INFO - Started process (PID=10955) to work on /home/juliana/Área de Trabalho/datapipeline/.env/lib/python3.8/site-packages/airflow/example_dags/example_complex.py
[2022-11-21T21:52:01.570-0300] {processor.py:640} INFO - Processing file /home/juliana/Área de Trabalho/datapipeline/.env/lib/python3.8/site-packages/airflow/example_dags/example_complex.py for tasks to queue
[2022-11-21T21:52:01.571-0300] {logging_mixin.py:115} INFO - [2022-11-21T21:52:01.571-0300] {dagbag.py:508} INFO - Filling up the DagBag from /home/juliana/Área de Trabalho/datapipeline/.env/lib/python3.8/site-packages/airflow/example_dags/example_complex.py
[2022-11-21T21:52:01.586-0300] {processor.py:650} INFO - DAG(s) dict_keys(['example_complex']) retrieved from /home/juliana/Área de Trabalho/datapipeline/.env/lib/python3.8/site-packages/airflow/example_dags/example_complex.py
[2022-11-21T21:52:01.607-0300] {logging_mixin.py:115} INFO - [2022-11-21T21:52:01.607-0300] {dag.py:2429} INFO - Sync 1 DAGs
[2022-11-21T21:52:01.620-0300] {logging_mixin.py:115} INFO - [2022-11-21T21:52:01.620-0300] {dag.py:2977} INFO - Setting next_dagrun for example_complex to None, run_after=None
[2022-11-21T21:52:01.641-0300] {processor.py:161} INFO - Processing /home/juliana/Área de Trabalho/datapipeline/.env/lib/python3.8/site-packages/airflow/example_dags/example_complex.py took 0.078 seconds
[2022-11-21T21:52:36.174-0300] {processor.py:153} INFO - Started process (PID=10990) to work on /home/juliana/Área de Trabalho/datapipeline/.env/lib/python3.8/site-packages/airflow/example_dags/example_complex.py
[2022-11-21T21:52:36.175-0300] {processor.py:640} INFO - Processing file /home/juliana/Área de Trabalho/datapipeline/.env/lib/python3.8/site-packages/airflow/example_dags/example_complex.py for tasks to queue
[2022-11-21T21:52:36.176-0300] {logging_mixin.py:115} INFO - [2022-11-21T21:52:36.176-0300] {dagbag.py:508} INFO - Filling up the DagBag from /home/juliana/Área de Trabalho/datapipeline/.env/lib/python3.8/site-packages/airflow/example_dags/example_complex.py
[2022-11-21T21:52:36.192-0300] {processor.py:650} INFO - DAG(s) dict_keys(['example_complex']) retrieved from /home/juliana/Área de Trabalho/datapipeline/.env/lib/python3.8/site-packages/airflow/example_dags/example_complex.py
[2022-11-21T21:52:36.216-0300] {logging_mixin.py:115} INFO - [2022-11-21T21:52:36.216-0300] {dag.py:2429} INFO - Sync 1 DAGs
[2022-11-21T21:52:36.230-0300] {logging_mixin.py:115} INFO - [2022-11-21T21:52:36.230-0300] {dag.py:2977} INFO - Setting next_dagrun for example_complex to None, run_after=None
[2022-11-21T21:52:36.250-0300] {processor.py:161} INFO - Processing /home/juliana/Área de Trabalho/datapipeline/.env/lib/python3.8/site-packages/airflow/example_dags/example_complex.py took 0.080 seconds
[2022-11-21T21:53:10.498-0300] {processor.py:153} INFO - Started process (PID=11040) to work on /home/juliana/Área de Trabalho/datapipeline/.env/lib/python3.8/site-packages/airflow/example_dags/example_complex.py
[2022-11-21T21:53:10.500-0300] {processor.py:640} INFO - Processing file /home/juliana/Área de Trabalho/datapipeline/.env/lib/python3.8/site-packages/airflow/example_dags/example_complex.py for tasks to queue
[2022-11-21T21:53:10.500-0300] {logging_mixin.py:115} INFO - [2022-11-21T21:53:10.500-0300] {dagbag.py:508} INFO - Filling up the DagBag from /home/juliana/Área de Trabalho/datapipeline/.env/lib/python3.8/site-packages/airflow/example_dags/example_complex.py
[2022-11-21T21:53:10.513-0300] {processor.py:650} INFO - DAG(s) dict_keys(['example_complex']) retrieved from /home/juliana/Área de Trabalho/datapipeline/.env/lib/python3.8/site-packages/airflow/example_dags/example_complex.py
[2022-11-21T21:53:10.533-0300] {logging_mixin.py:115} INFO - [2022-11-21T21:53:10.532-0300] {dag.py:2429} INFO - Sync 1 DAGs
[2022-11-21T21:53:10.546-0300] {logging_mixin.py:115} INFO - [2022-11-21T21:53:10.546-0300] {dag.py:2977} INFO - Setting next_dagrun for example_complex to None, run_after=None
[2022-11-21T21:53:10.567-0300] {processor.py:161} INFO - Processing /home/juliana/Área de Trabalho/datapipeline/.env/lib/python3.8/site-packages/airflow/example_dags/example_complex.py took 0.072 seconds
[2022-11-21T21:53:42.623-0300] {processor.py:153} INFO - Started process (PID=11226) to work on /home/juliana/Área de Trabalho/datapipeline/.env/lib/python3.8/site-packages/airflow/example_dags/example_complex.py
[2022-11-21T21:53:42.624-0300] {processor.py:640} INFO - Processing file /home/juliana/Área de Trabalho/datapipeline/.env/lib/python3.8/site-packages/airflow/example_dags/example_complex.py for tasks to queue
[2022-11-21T21:53:42.624-0300] {logging_mixin.py:115} INFO - [2022-11-21T21:53:42.624-0300] {dagbag.py:508} INFO - Filling up the DagBag from /home/juliana/Área de Trabalho/datapipeline/.env/lib/python3.8/site-packages/airflow/example_dags/example_complex.py
[2022-11-21T21:53:42.636-0300] {processor.py:650} INFO - DAG(s) dict_keys(['example_complex']) retrieved from /home/juliana/Área de Trabalho/datapipeline/.env/lib/python3.8/site-packages/airflow/example_dags/example_complex.py
[2022-11-21T21:53:42.652-0300] {logging_mixin.py:115} INFO - [2022-11-21T21:53:42.651-0300] {dag.py:2429} INFO - Sync 1 DAGs
[2022-11-21T21:53:42.665-0300] {logging_mixin.py:115} INFO - [2022-11-21T21:53:42.665-0300] {dag.py:2977} INFO - Setting next_dagrun for example_complex to None, run_after=None
[2022-11-21T21:53:42.681-0300] {processor.py:161} INFO - Processing /home/juliana/Área de Trabalho/datapipeline/.env/lib/python3.8/site-packages/airflow/example_dags/example_complex.py took 0.061 seconds
[2022-11-21T21:54:17.238-0300] {processor.py:153} INFO - Started process (PID=11441) to work on /home/juliana/Área de Trabalho/datapipeline/.env/lib/python3.8/site-packages/airflow/example_dags/example_complex.py
[2022-11-21T21:54:17.239-0300] {processor.py:640} INFO - Processing file /home/juliana/Área de Trabalho/datapipeline/.env/lib/python3.8/site-packages/airflow/example_dags/example_complex.py for tasks to queue
[2022-11-21T21:54:17.240-0300] {logging_mixin.py:115} INFO - [2022-11-21T21:54:17.240-0300] {dagbag.py:508} INFO - Filling up the DagBag from /home/juliana/Área de Trabalho/datapipeline/.env/lib/python3.8/site-packages/airflow/example_dags/example_complex.py
[2022-11-21T21:54:17.256-0300] {processor.py:650} INFO - DAG(s) dict_keys(['example_complex']) retrieved from /home/juliana/Área de Trabalho/datapipeline/.env/lib/python3.8/site-packages/airflow/example_dags/example_complex.py
[2022-11-21T21:54:17.271-0300] {logging_mixin.py:115} INFO - [2022-11-21T21:54:17.271-0300] {dag.py:2429} INFO - Sync 1 DAGs
[2022-11-21T21:54:17.285-0300] {logging_mixin.py:115} INFO - [2022-11-21T21:54:17.284-0300] {dag.py:2977} INFO - Setting next_dagrun for example_complex to None, run_after=None
[2022-11-21T21:54:17.301-0300] {processor.py:161} INFO - Processing /home/juliana/Área de Trabalho/datapipeline/.env/lib/python3.8/site-packages/airflow/example_dags/example_complex.py took 0.068 seconds
[2022-11-21T21:54:50.798-0300] {processor.py:153} INFO - Started process (PID=11550) to work on /home/juliana/Área de Trabalho/datapipeline/.env/lib/python3.8/site-packages/airflow/example_dags/example_complex.py
[2022-11-21T21:54:50.799-0300] {processor.py:640} INFO - Processing file /home/juliana/Área de Trabalho/datapipeline/.env/lib/python3.8/site-packages/airflow/example_dags/example_complex.py for tasks to queue
[2022-11-21T21:54:50.800-0300] {logging_mixin.py:115} INFO - [2022-11-21T21:54:50.800-0300] {dagbag.py:508} INFO - Filling up the DagBag from /home/juliana/Área de Trabalho/datapipeline/.env/lib/python3.8/site-packages/airflow/example_dags/example_complex.py
[2022-11-21T21:54:50.817-0300] {processor.py:650} INFO - DAG(s) dict_keys(['example_complex']) retrieved from /home/juliana/Área de Trabalho/datapipeline/.env/lib/python3.8/site-packages/airflow/example_dags/example_complex.py
[2022-11-21T21:54:50.835-0300] {logging_mixin.py:115} INFO - [2022-11-21T21:54:50.834-0300] {dag.py:2429} INFO - Sync 1 DAGs
[2022-11-21T21:54:50.850-0300] {logging_mixin.py:115} INFO - [2022-11-21T21:54:50.850-0300] {dag.py:2977} INFO - Setting next_dagrun for example_complex to None, run_after=None
[2022-11-21T21:54:50.870-0300] {processor.py:161} INFO - Processing /home/juliana/Área de Trabalho/datapipeline/.env/lib/python3.8/site-packages/airflow/example_dags/example_complex.py took 0.078 seconds
[2022-11-21T21:55:32.609-0300] {processor.py:153} INFO - Started process (PID=11645) to work on /home/juliana/Área de Trabalho/datapipeline/.env/lib/python3.8/site-packages/airflow/example_dags/example_complex.py
[2022-11-21T21:55:32.615-0300] {processor.py:640} INFO - Processing file /home/juliana/Área de Trabalho/datapipeline/.env/lib/python3.8/site-packages/airflow/example_dags/example_complex.py for tasks to queue
[2022-11-21T21:55:32.616-0300] {logging_mixin.py:115} INFO - [2022-11-21T21:55:32.616-0300] {dagbag.py:508} INFO - Filling up the DagBag from /home/juliana/Área de Trabalho/datapipeline/.env/lib/python3.8/site-packages/airflow/example_dags/example_complex.py
[2022-11-21T21:55:32.633-0300] {processor.py:650} INFO - DAG(s) dict_keys(['example_complex']) retrieved from /home/juliana/Área de Trabalho/datapipeline/.env/lib/python3.8/site-packages/airflow/example_dags/example_complex.py
[2022-11-21T21:55:32.653-0300] {logging_mixin.py:115} INFO - [2022-11-21T21:55:32.653-0300] {dag.py:2429} INFO - Sync 1 DAGs
[2022-11-21T21:55:32.667-0300] {logging_mixin.py:115} INFO - [2022-11-21T21:55:32.667-0300] {dag.py:2977} INFO - Setting next_dagrun for example_complex to None, run_after=None
[2022-11-21T21:55:32.683-0300] {processor.py:161} INFO - Processing /home/juliana/Área de Trabalho/datapipeline/.env/lib/python3.8/site-packages/airflow/example_dags/example_complex.py took 0.079 seconds
[2022-11-21T21:56:14.624-0300] {processor.py:153} INFO - Started process (PID=12012) to work on /home/juliana/Área de Trabalho/datapipeline/.env/lib/python3.8/site-packages/airflow/example_dags/example_complex.py
[2022-11-21T21:56:14.630-0300] {processor.py:640} INFO - Processing file /home/juliana/Área de Trabalho/datapipeline/.env/lib/python3.8/site-packages/airflow/example_dags/example_complex.py for tasks to queue
[2022-11-21T21:56:14.631-0300] {logging_mixin.py:115} INFO - [2022-11-21T21:56:14.631-0300] {dagbag.py:508} INFO - Filling up the DagBag from /home/juliana/Área de Trabalho/datapipeline/.env/lib/python3.8/site-packages/airflow/example_dags/example_complex.py
[2022-11-21T21:56:14.697-0300] {processor.py:650} INFO - DAG(s) dict_keys(['example_complex']) retrieved from /home/juliana/Área de Trabalho/datapipeline/.env/lib/python3.8/site-packages/airflow/example_dags/example_complex.py
[2022-11-21T21:56:14.802-0300] {logging_mixin.py:115} INFO - [2022-11-21T21:56:14.802-0300] {dag.py:2429} INFO - Sync 1 DAGs
[2022-11-21T21:56:14.904-0300] {logging_mixin.py:115} INFO - [2022-11-21T21:56:14.904-0300] {dag.py:2977} INFO - Setting next_dagrun for example_complex to None, run_after=None
[2022-11-21T21:56:14.941-0300] {processor.py:161} INFO - Processing /home/juliana/Área de Trabalho/datapipeline/.env/lib/python3.8/site-packages/airflow/example_dags/example_complex.py took 0.328 seconds
[2022-11-21T22:03:41.377-0300] {processor.py:153} INFO - Started process (PID=2395) to work on /home/juliana/Área de Trabalho/datapipeline/.env/lib/python3.8/site-packages/airflow/example_dags/example_complex.py
[2022-11-21T22:03:41.383-0300] {processor.py:640} INFO - Processing file /home/juliana/Área de Trabalho/datapipeline/.env/lib/python3.8/site-packages/airflow/example_dags/example_complex.py for tasks to queue
[2022-11-21T22:03:41.384-0300] {logging_mixin.py:115} INFO - [2022-11-21T22:03:41.383-0300] {dagbag.py:508} INFO - Filling up the DagBag from /home/juliana/Área de Trabalho/datapipeline/.env/lib/python3.8/site-packages/airflow/example_dags/example_complex.py
[2022-11-21T22:03:41.424-0300] {processor.py:650} INFO - DAG(s) dict_keys(['example_complex']) retrieved from /home/juliana/Área de Trabalho/datapipeline/.env/lib/python3.8/site-packages/airflow/example_dags/example_complex.py
[2022-11-21T22:03:41.465-0300] {logging_mixin.py:115} INFO - [2022-11-21T22:03:41.465-0300] {dag.py:2429} INFO - Sync 1 DAGs
[2022-11-21T22:03:41.493-0300] {logging_mixin.py:115} INFO - [2022-11-21T22:03:41.492-0300] {dag.py:2977} INFO - Setting next_dagrun for example_complex to None, run_after=None
[2022-11-21T22:03:41.542-0300] {processor.py:161} INFO - Processing /home/juliana/Área de Trabalho/datapipeline/.env/lib/python3.8/site-packages/airflow/example_dags/example_complex.py took 0.175 seconds
[2022-11-21T22:04:20.833-0300] {processor.py:153} INFO - Started process (PID=2513) to work on /home/juliana/Área de Trabalho/datapipeline/.env/lib/python3.8/site-packages/airflow/example_dags/example_complex.py
[2022-11-21T22:04:20.839-0300] {processor.py:640} INFO - Processing file /home/juliana/Área de Trabalho/datapipeline/.env/lib/python3.8/site-packages/airflow/example_dags/example_complex.py for tasks to queue
[2022-11-21T22:04:20.840-0300] {logging_mixin.py:115} INFO - [2022-11-21T22:04:20.840-0300] {dagbag.py:508} INFO - Filling up the DagBag from /home/juliana/Área de Trabalho/datapipeline/.env/lib/python3.8/site-packages/airflow/example_dags/example_complex.py
[2022-11-21T22:04:20.855-0300] {processor.py:650} INFO - DAG(s) dict_keys(['example_complex']) retrieved from /home/juliana/Área de Trabalho/datapipeline/.env/lib/python3.8/site-packages/airflow/example_dags/example_complex.py
[2022-11-21T22:04:20.876-0300] {logging_mixin.py:115} INFO - [2022-11-21T22:04:20.876-0300] {dag.py:2429} INFO - Sync 1 DAGs
[2022-11-21T22:04:20.889-0300] {logging_mixin.py:115} INFO - [2022-11-21T22:04:20.889-0300] {dag.py:2977} INFO - Setting next_dagrun for example_complex to None, run_after=None
[2022-11-21T22:04:20.907-0300] {processor.py:161} INFO - Processing /home/juliana/Área de Trabalho/datapipeline/.env/lib/python3.8/site-packages/airflow/example_dags/example_complex.py took 0.080 seconds
[2022-11-21T22:04:59.540-0300] {processor.py:153} INFO - Started process (PID=2756) to work on /home/juliana/Área de Trabalho/datapipeline/.env/lib/python3.8/site-packages/airflow/example_dags/example_complex.py
[2022-11-21T22:04:59.545-0300] {processor.py:640} INFO - Processing file /home/juliana/Área de Trabalho/datapipeline/.env/lib/python3.8/site-packages/airflow/example_dags/example_complex.py for tasks to queue
[2022-11-21T22:04:59.546-0300] {logging_mixin.py:115} INFO - [2022-11-21T22:04:59.546-0300] {dagbag.py:508} INFO - Filling up the DagBag from /home/juliana/Área de Trabalho/datapipeline/.env/lib/python3.8/site-packages/airflow/example_dags/example_complex.py
[2022-11-21T22:04:59.568-0300] {processor.py:650} INFO - DAG(s) dict_keys(['example_complex']) retrieved from /home/juliana/Área de Trabalho/datapipeline/.env/lib/python3.8/site-packages/airflow/example_dags/example_complex.py
[2022-11-21T22:04:59.603-0300] {logging_mixin.py:115} INFO - [2022-11-21T22:04:59.602-0300] {dag.py:2429} INFO - Sync 1 DAGs
[2022-11-21T22:04:59.639-0300] {logging_mixin.py:115} INFO - [2022-11-21T22:04:59.639-0300] {dag.py:2977} INFO - Setting next_dagrun for example_complex to None, run_after=None
[2022-11-21T22:04:59.669-0300] {processor.py:161} INFO - Processing /home/juliana/Área de Trabalho/datapipeline/.env/lib/python3.8/site-packages/airflow/example_dags/example_complex.py took 0.131 seconds
[2022-11-21T22:05:37.220-0300] {processor.py:153} INFO - Started process (PID=3220) to work on /home/juliana/Área de Trabalho/datapipeline/.env/lib/python3.8/site-packages/airflow/example_dags/example_complex.py
[2022-11-21T22:05:37.222-0300] {processor.py:640} INFO - Processing file /home/juliana/Área de Trabalho/datapipeline/.env/lib/python3.8/site-packages/airflow/example_dags/example_complex.py for tasks to queue
[2022-11-21T22:05:37.223-0300] {logging_mixin.py:115} INFO - [2022-11-21T22:05:37.223-0300] {dagbag.py:508} INFO - Filling up the DagBag from /home/juliana/Área de Trabalho/datapipeline/.env/lib/python3.8/site-packages/airflow/example_dags/example_complex.py
[2022-11-21T22:05:37.236-0300] {processor.py:650} INFO - DAG(s) dict_keys(['example_complex']) retrieved from /home/juliana/Área de Trabalho/datapipeline/.env/lib/python3.8/site-packages/airflow/example_dags/example_complex.py
[2022-11-21T22:05:37.258-0300] {logging_mixin.py:115} INFO - [2022-11-21T22:05:37.258-0300] {dag.py:2429} INFO - Sync 1 DAGs
[2022-11-21T22:05:37.274-0300] {logging_mixin.py:115} INFO - [2022-11-21T22:05:37.274-0300] {dag.py:2977} INFO - Setting next_dagrun for example_complex to None, run_after=None
[2022-11-21T22:05:37.289-0300] {processor.py:161} INFO - Processing /home/juliana/Área de Trabalho/datapipeline/.env/lib/python3.8/site-packages/airflow/example_dags/example_complex.py took 0.076 seconds
[2022-11-21T22:06:14.648-0300] {processor.py:153} INFO - Started process (PID=3588) to work on /home/juliana/Área de Trabalho/datapipeline/.env/lib/python3.8/site-packages/airflow/example_dags/example_complex.py
[2022-11-21T22:06:14.656-0300] {processor.py:640} INFO - Processing file /home/juliana/Área de Trabalho/datapipeline/.env/lib/python3.8/site-packages/airflow/example_dags/example_complex.py for tasks to queue
[2022-11-21T22:06:14.658-0300] {logging_mixin.py:115} INFO - [2022-11-21T22:06:14.658-0300] {dagbag.py:508} INFO - Filling up the DagBag from /home/juliana/Área de Trabalho/datapipeline/.env/lib/python3.8/site-packages/airflow/example_dags/example_complex.py
[2022-11-21T22:06:14.677-0300] {processor.py:650} INFO - DAG(s) dict_keys(['example_complex']) retrieved from /home/juliana/Área de Trabalho/datapipeline/.env/lib/python3.8/site-packages/airflow/example_dags/example_complex.py
[2022-11-21T22:06:14.699-0300] {logging_mixin.py:115} INFO - [2022-11-21T22:06:14.699-0300] {dag.py:2429} INFO - Sync 1 DAGs
[2022-11-21T22:06:14.713-0300] {logging_mixin.py:115} INFO - [2022-11-21T22:06:14.713-0300] {dag.py:2977} INFO - Setting next_dagrun for example_complex to None, run_after=None
[2022-11-21T22:06:14.730-0300] {processor.py:161} INFO - Processing /home/juliana/Área de Trabalho/datapipeline/.env/lib/python3.8/site-packages/airflow/example_dags/example_complex.py took 0.089 seconds
[2022-11-21T22:06:50.964-0300] {processor.py:153} INFO - Started process (PID=3808) to work on /home/juliana/Área de Trabalho/datapipeline/.env/lib/python3.8/site-packages/airflow/example_dags/example_complex.py
[2022-11-21T22:06:50.965-0300] {processor.py:640} INFO - Processing file /home/juliana/Área de Trabalho/datapipeline/.env/lib/python3.8/site-packages/airflow/example_dags/example_complex.py for tasks to queue
[2022-11-21T22:06:50.966-0300] {logging_mixin.py:115} INFO - [2022-11-21T22:06:50.966-0300] {dagbag.py:508} INFO - Filling up the DagBag from /home/juliana/Área de Trabalho/datapipeline/.env/lib/python3.8/site-packages/airflow/example_dags/example_complex.py
[2022-11-21T22:06:50.978-0300] {processor.py:650} INFO - DAG(s) dict_keys(['example_complex']) retrieved from /home/juliana/Área de Trabalho/datapipeline/.env/lib/python3.8/site-packages/airflow/example_dags/example_complex.py
[2022-11-21T22:06:51.007-0300] {logging_mixin.py:115} INFO - [2022-11-21T22:06:51.007-0300] {dag.py:2429} INFO - Sync 1 DAGs
[2022-11-21T22:06:51.032-0300] {logging_mixin.py:115} INFO - [2022-11-21T22:06:51.031-0300] {dag.py:2977} INFO - Setting next_dagrun for example_complex to None, run_after=None
[2022-11-21T22:06:51.058-0300] {processor.py:161} INFO - Processing /home/juliana/Área de Trabalho/datapipeline/.env/lib/python3.8/site-packages/airflow/example_dags/example_complex.py took 0.097 seconds
[2022-11-21T22:07:31.052-0300] {processor.py:153} INFO - Started process (PID=4047) to work on /home/juliana/Área de Trabalho/datapipeline/.env/lib/python3.8/site-packages/airflow/example_dags/example_complex.py
[2022-11-21T22:07:31.056-0300] {processor.py:640} INFO - Processing file /home/juliana/Área de Trabalho/datapipeline/.env/lib/python3.8/site-packages/airflow/example_dags/example_complex.py for tasks to queue
[2022-11-21T22:07:31.060-0300] {logging_mixin.py:115} INFO - [2022-11-21T22:07:31.059-0300] {dagbag.py:508} INFO - Filling up the DagBag from /home/juliana/Área de Trabalho/datapipeline/.env/lib/python3.8/site-packages/airflow/example_dags/example_complex.py
[2022-11-21T22:07:31.099-0300] {processor.py:650} INFO - DAG(s) dict_keys(['example_complex']) retrieved from /home/juliana/Área de Trabalho/datapipeline/.env/lib/python3.8/site-packages/airflow/example_dags/example_complex.py
[2022-11-21T22:07:31.135-0300] {logging_mixin.py:115} INFO - [2022-11-21T22:07:31.135-0300] {dag.py:2429} INFO - Sync 1 DAGs
[2022-11-21T22:07:31.166-0300] {logging_mixin.py:115} INFO - [2022-11-21T22:07:31.166-0300] {dag.py:2977} INFO - Setting next_dagrun for example_complex to None, run_after=None
[2022-11-21T22:07:31.189-0300] {processor.py:161} INFO - Processing /home/juliana/Área de Trabalho/datapipeline/.env/lib/python3.8/site-packages/airflow/example_dags/example_complex.py took 0.150 seconds
[2022-11-21T22:08:07.358-0300] {processor.py:153} INFO - Started process (PID=4260) to work on /home/juliana/Área de Trabalho/datapipeline/.env/lib/python3.8/site-packages/airflow/example_dags/example_complex.py
[2022-11-21T22:08:07.359-0300] {processor.py:640} INFO - Processing file /home/juliana/Área de Trabalho/datapipeline/.env/lib/python3.8/site-packages/airflow/example_dags/example_complex.py for tasks to queue
[2022-11-21T22:08:07.361-0300] {logging_mixin.py:115} INFO - [2022-11-21T22:08:07.360-0300] {dagbag.py:508} INFO - Filling up the DagBag from /home/juliana/Área de Trabalho/datapipeline/.env/lib/python3.8/site-packages/airflow/example_dags/example_complex.py
[2022-11-21T22:08:07.377-0300] {processor.py:650} INFO - DAG(s) dict_keys(['example_complex']) retrieved from /home/juliana/Área de Trabalho/datapipeline/.env/lib/python3.8/site-packages/airflow/example_dags/example_complex.py
[2022-11-21T22:08:07.399-0300] {logging_mixin.py:115} INFO - [2022-11-21T22:08:07.399-0300] {dag.py:2429} INFO - Sync 1 DAGs
[2022-11-21T22:08:07.414-0300] {logging_mixin.py:115} INFO - [2022-11-21T22:08:07.414-0300] {dag.py:2977} INFO - Setting next_dagrun for example_complex to None, run_after=None
[2022-11-21T22:08:07.434-0300] {processor.py:161} INFO - Processing /home/juliana/Área de Trabalho/datapipeline/.env/lib/python3.8/site-packages/airflow/example_dags/example_complex.py took 0.083 seconds
[2022-11-21T22:08:43.665-0300] {processor.py:153} INFO - Started process (PID=4485) to work on /home/juliana/Área de Trabalho/datapipeline/.env/lib/python3.8/site-packages/airflow/example_dags/example_complex.py
[2022-11-21T22:08:43.668-0300] {processor.py:640} INFO - Processing file /home/juliana/Área de Trabalho/datapipeline/.env/lib/python3.8/site-packages/airflow/example_dags/example_complex.py for tasks to queue
[2022-11-21T22:08:43.672-0300] {logging_mixin.py:115} INFO - [2022-11-21T22:08:43.670-0300] {dagbag.py:508} INFO - Filling up the DagBag from /home/juliana/Área de Trabalho/datapipeline/.env/lib/python3.8/site-packages/airflow/example_dags/example_complex.py
[2022-11-21T22:08:43.715-0300] {processor.py:650} INFO - DAG(s) dict_keys(['example_complex']) retrieved from /home/juliana/Área de Trabalho/datapipeline/.env/lib/python3.8/site-packages/airflow/example_dags/example_complex.py
[2022-11-21T22:08:43.761-0300] {logging_mixin.py:115} INFO - [2022-11-21T22:08:43.761-0300] {dag.py:2429} INFO - Sync 1 DAGs
[2022-11-21T22:08:43.778-0300] {logging_mixin.py:115} INFO - [2022-11-21T22:08:43.778-0300] {dag.py:2977} INFO - Setting next_dagrun for example_complex to None, run_after=None
[2022-11-21T22:08:43.820-0300] {processor.py:161} INFO - Processing /home/juliana/Área de Trabalho/datapipeline/.env/lib/python3.8/site-packages/airflow/example_dags/example_complex.py took 0.172 seconds
[2022-11-21T22:09:18.559-0300] {processor.py:153} INFO - Started process (PID=4720) to work on /home/juliana/Área de Trabalho/datapipeline/.env/lib/python3.8/site-packages/airflow/example_dags/example_complex.py
[2022-11-21T22:09:18.563-0300] {processor.py:640} INFO - Processing file /home/juliana/Área de Trabalho/datapipeline/.env/lib/python3.8/site-packages/airflow/example_dags/example_complex.py for tasks to queue
[2022-11-21T22:09:18.564-0300] {logging_mixin.py:115} INFO - [2022-11-21T22:09:18.564-0300] {dagbag.py:508} INFO - Filling up the DagBag from /home/juliana/Área de Trabalho/datapipeline/.env/lib/python3.8/site-packages/airflow/example_dags/example_complex.py
[2022-11-21T22:09:18.586-0300] {processor.py:650} INFO - DAG(s) dict_keys(['example_complex']) retrieved from /home/juliana/Área de Trabalho/datapipeline/.env/lib/python3.8/site-packages/airflow/example_dags/example_complex.py
[2022-11-21T22:09:18.627-0300] {logging_mixin.py:115} INFO - [2022-11-21T22:09:18.627-0300] {dag.py:2429} INFO - Sync 1 DAGs
[2022-11-21T22:09:18.658-0300] {logging_mixin.py:115} INFO - [2022-11-21T22:09:18.658-0300] {dag.py:2977} INFO - Setting next_dagrun for example_complex to None, run_after=None
[2022-11-21T22:09:18.677-0300] {processor.py:161} INFO - Processing /home/juliana/Área de Trabalho/datapipeline/.env/lib/python3.8/site-packages/airflow/example_dags/example_complex.py took 0.129 seconds
[2022-11-21T22:09:51.287-0300] {processor.py:153} INFO - Started process (PID=5021) to work on /home/juliana/Área de Trabalho/datapipeline/.env/lib/python3.8/site-packages/airflow/example_dags/example_complex.py
[2022-11-21T22:09:51.294-0300] {processor.py:640} INFO - Processing file /home/juliana/Área de Trabalho/datapipeline/.env/lib/python3.8/site-packages/airflow/example_dags/example_complex.py for tasks to queue
[2022-11-21T22:09:51.295-0300] {logging_mixin.py:115} INFO - [2022-11-21T22:09:51.295-0300] {dagbag.py:508} INFO - Filling up the DagBag from /home/juliana/Área de Trabalho/datapipeline/.env/lib/python3.8/site-packages/airflow/example_dags/example_complex.py
[2022-11-21T22:09:51.309-0300] {processor.py:650} INFO - DAG(s) dict_keys(['example_complex']) retrieved from /home/juliana/Área de Trabalho/datapipeline/.env/lib/python3.8/site-packages/airflow/example_dags/example_complex.py
[2022-11-21T22:09:51.328-0300] {logging_mixin.py:115} INFO - [2022-11-21T22:09:51.328-0300] {dag.py:2429} INFO - Sync 1 DAGs
[2022-11-21T22:09:51.342-0300] {logging_mixin.py:115} INFO - [2022-11-21T22:09:51.342-0300] {dag.py:2977} INFO - Setting next_dagrun for example_complex to None, run_after=None
[2022-11-21T22:09:51.357-0300] {processor.py:161} INFO - Processing /home/juliana/Área de Trabalho/datapipeline/.env/lib/python3.8/site-packages/airflow/example_dags/example_complex.py took 0.085 seconds
[2022-11-21T22:10:27.399-0300] {processor.py:153} INFO - Started process (PID=5085) to work on /home/juliana/Área de Trabalho/datapipeline/.env/lib/python3.8/site-packages/airflow/example_dags/example_complex.py
[2022-11-21T22:10:27.409-0300] {processor.py:640} INFO - Processing file /home/juliana/Área de Trabalho/datapipeline/.env/lib/python3.8/site-packages/airflow/example_dags/example_complex.py for tasks to queue
[2022-11-21T22:10:27.409-0300] {logging_mixin.py:115} INFO - [2022-11-21T22:10:27.409-0300] {dagbag.py:508} INFO - Filling up the DagBag from /home/juliana/Área de Trabalho/datapipeline/.env/lib/python3.8/site-packages/airflow/example_dags/example_complex.py
[2022-11-21T22:10:27.424-0300] {processor.py:650} INFO - DAG(s) dict_keys(['example_complex']) retrieved from /home/juliana/Área de Trabalho/datapipeline/.env/lib/python3.8/site-packages/airflow/example_dags/example_complex.py
[2022-11-21T22:10:27.467-0300] {logging_mixin.py:115} INFO - [2022-11-21T22:10:27.467-0300] {dag.py:2429} INFO - Sync 1 DAGs
[2022-11-21T22:10:27.495-0300] {logging_mixin.py:115} INFO - [2022-11-21T22:10:27.495-0300] {dag.py:2977} INFO - Setting next_dagrun for example_complex to None, run_after=None
[2022-11-21T22:10:27.532-0300] {processor.py:161} INFO - Processing /home/juliana/Área de Trabalho/datapipeline/.env/lib/python3.8/site-packages/airflow/example_dags/example_complex.py took 0.135 seconds
[2022-11-21T22:11:02.862-0300] {processor.py:153} INFO - Started process (PID=5465) to work on /home/juliana/Área de Trabalho/datapipeline/.env/lib/python3.8/site-packages/airflow/example_dags/example_complex.py
[2022-11-21T22:11:02.877-0300] {processor.py:640} INFO - Processing file /home/juliana/Área de Trabalho/datapipeline/.env/lib/python3.8/site-packages/airflow/example_dags/example_complex.py for tasks to queue
[2022-11-21T22:11:02.878-0300] {logging_mixin.py:115} INFO - [2022-11-21T22:11:02.877-0300] {dagbag.py:508} INFO - Filling up the DagBag from /home/juliana/Área de Trabalho/datapipeline/.env/lib/python3.8/site-packages/airflow/example_dags/example_complex.py
[2022-11-21T22:11:02.907-0300] {processor.py:650} INFO - DAG(s) dict_keys(['example_complex']) retrieved from /home/juliana/Área de Trabalho/datapipeline/.env/lib/python3.8/site-packages/airflow/example_dags/example_complex.py
[2022-11-21T22:11:02.946-0300] {logging_mixin.py:115} INFO - [2022-11-21T22:11:02.946-0300] {dag.py:2429} INFO - Sync 1 DAGs
[2022-11-21T22:11:02.968-0300] {logging_mixin.py:115} INFO - [2022-11-21T22:11:02.968-0300] {dag.py:2977} INFO - Setting next_dagrun for example_complex to None, run_after=None
[2022-11-21T22:11:02.987-0300] {processor.py:161} INFO - Processing /home/juliana/Área de Trabalho/datapipeline/.env/lib/python3.8/site-packages/airflow/example_dags/example_complex.py took 0.129 seconds
[2022-11-21T22:11:37.632-0300] {processor.py:153} INFO - Started process (PID=5846) to work on /home/juliana/Área de Trabalho/datapipeline/.env/lib/python3.8/site-packages/airflow/example_dags/example_complex.py
[2022-11-21T22:11:37.638-0300] {processor.py:640} INFO - Processing file /home/juliana/Área de Trabalho/datapipeline/.env/lib/python3.8/site-packages/airflow/example_dags/example_complex.py for tasks to queue
[2022-11-21T22:11:37.639-0300] {logging_mixin.py:115} INFO - [2022-11-21T22:11:37.638-0300] {dagbag.py:508} INFO - Filling up the DagBag from /home/juliana/Área de Trabalho/datapipeline/.env/lib/python3.8/site-packages/airflow/example_dags/example_complex.py
[2022-11-21T22:11:37.655-0300] {processor.py:650} INFO - DAG(s) dict_keys(['example_complex']) retrieved from /home/juliana/Área de Trabalho/datapipeline/.env/lib/python3.8/site-packages/airflow/example_dags/example_complex.py
[2022-11-21T22:11:37.707-0300] {logging_mixin.py:115} INFO - [2022-11-21T22:11:37.707-0300] {dag.py:2429} INFO - Sync 1 DAGs
[2022-11-21T22:11:37.723-0300] {logging_mixin.py:115} INFO - [2022-11-21T22:11:37.723-0300] {dag.py:2977} INFO - Setting next_dagrun for example_complex to None, run_after=None
[2022-11-21T22:11:37.802-0300] {processor.py:161} INFO - Processing /home/juliana/Área de Trabalho/datapipeline/.env/lib/python3.8/site-packages/airflow/example_dags/example_complex.py took 0.175 seconds
[2022-11-21T22:12:13.807-0300] {processor.py:153} INFO - Started process (PID=5944) to work on /home/juliana/Área de Trabalho/datapipeline/.env/lib/python3.8/site-packages/airflow/example_dags/example_complex.py
[2022-11-21T22:12:13.808-0300] {processor.py:640} INFO - Processing file /home/juliana/Área de Trabalho/datapipeline/.env/lib/python3.8/site-packages/airflow/example_dags/example_complex.py for tasks to queue
[2022-11-21T22:12:13.809-0300] {logging_mixin.py:115} INFO - [2022-11-21T22:12:13.808-0300] {dagbag.py:508} INFO - Filling up the DagBag from /home/juliana/Área de Trabalho/datapipeline/.env/lib/python3.8/site-packages/airflow/example_dags/example_complex.py
[2022-11-21T22:12:13.845-0300] {processor.py:650} INFO - DAG(s) dict_keys(['example_complex']) retrieved from /home/juliana/Área de Trabalho/datapipeline/.env/lib/python3.8/site-packages/airflow/example_dags/example_complex.py
[2022-11-21T22:12:13.868-0300] {logging_mixin.py:115} INFO - [2022-11-21T22:12:13.867-0300] {dag.py:2429} INFO - Sync 1 DAGs
[2022-11-21T22:12:13.884-0300] {logging_mixin.py:115} INFO - [2022-11-21T22:12:13.884-0300] {dag.py:2977} INFO - Setting next_dagrun for example_complex to None, run_after=None
[2022-11-21T22:12:14.000-0300] {processor.py:161} INFO - Processing /home/juliana/Área de Trabalho/datapipeline/.env/lib/python3.8/site-packages/airflow/example_dags/example_complex.py took 0.198 seconds
[2022-11-21T22:12:46.429-0300] {processor.py:153} INFO - Started process (PID=5989) to work on /home/juliana/Área de Trabalho/datapipeline/.env/lib/python3.8/site-packages/airflow/example_dags/example_complex.py
[2022-11-21T22:12:46.430-0300] {processor.py:640} INFO - Processing file /home/juliana/Área de Trabalho/datapipeline/.env/lib/python3.8/site-packages/airflow/example_dags/example_complex.py for tasks to queue
[2022-11-21T22:12:46.431-0300] {logging_mixin.py:115} INFO - [2022-11-21T22:12:46.431-0300] {dagbag.py:508} INFO - Filling up the DagBag from /home/juliana/Área de Trabalho/datapipeline/.env/lib/python3.8/site-packages/airflow/example_dags/example_complex.py
[2022-11-21T22:12:46.445-0300] {processor.py:650} INFO - DAG(s) dict_keys(['example_complex']) retrieved from /home/juliana/Área de Trabalho/datapipeline/.env/lib/python3.8/site-packages/airflow/example_dags/example_complex.py
[2022-11-21T22:12:46.463-0300] {logging_mixin.py:115} INFO - [2022-11-21T22:12:46.463-0300] {dag.py:2429} INFO - Sync 1 DAGs
[2022-11-21T22:12:46.478-0300] {logging_mixin.py:115} INFO - [2022-11-21T22:12:46.478-0300] {dag.py:2977} INFO - Setting next_dagrun for example_complex to None, run_after=None
[2022-11-21T22:12:46.502-0300] {processor.py:161} INFO - Processing /home/juliana/Área de Trabalho/datapipeline/.env/lib/python3.8/site-packages/airflow/example_dags/example_complex.py took 0.077 seconds
[2022-11-21T22:13:22.946-0300] {processor.py:153} INFO - Started process (PID=6024) to work on /home/juliana/Área de Trabalho/datapipeline/.env/lib/python3.8/site-packages/airflow/example_dags/example_complex.py
[2022-11-21T22:13:22.952-0300] {processor.py:640} INFO - Processing file /home/juliana/Área de Trabalho/datapipeline/.env/lib/python3.8/site-packages/airflow/example_dags/example_complex.py for tasks to queue
[2022-11-21T22:13:22.953-0300] {logging_mixin.py:115} INFO - [2022-11-21T22:13:22.953-0300] {dagbag.py:508} INFO - Filling up the DagBag from /home/juliana/Área de Trabalho/datapipeline/.env/lib/python3.8/site-packages/airflow/example_dags/example_complex.py
[2022-11-21T22:13:22.966-0300] {processor.py:650} INFO - DAG(s) dict_keys(['example_complex']) retrieved from /home/juliana/Área de Trabalho/datapipeline/.env/lib/python3.8/site-packages/airflow/example_dags/example_complex.py
[2022-11-21T22:13:22.986-0300] {logging_mixin.py:115} INFO - [2022-11-21T22:13:22.986-0300] {dag.py:2429} INFO - Sync 1 DAGs
[2022-11-21T22:13:23.002-0300] {logging_mixin.py:115} INFO - [2022-11-21T22:13:23.002-0300] {dag.py:2977} INFO - Setting next_dagrun for example_complex to None, run_after=None
[2022-11-21T22:13:23.021-0300] {processor.py:161} INFO - Processing /home/juliana/Área de Trabalho/datapipeline/.env/lib/python3.8/site-packages/airflow/example_dags/example_complex.py took 0.078 seconds
[2022-11-21T22:13:57.598-0300] {processor.py:153} INFO - Started process (PID=6060) to work on /home/juliana/Área de Trabalho/datapipeline/.env/lib/python3.8/site-packages/airflow/example_dags/example_complex.py
[2022-11-21T22:13:57.600-0300] {processor.py:640} INFO - Processing file /home/juliana/Área de Trabalho/datapipeline/.env/lib/python3.8/site-packages/airflow/example_dags/example_complex.py for tasks to queue
[2022-11-21T22:13:57.601-0300] {logging_mixin.py:115} INFO - [2022-11-21T22:13:57.601-0300] {dagbag.py:508} INFO - Filling up the DagBag from /home/juliana/Área de Trabalho/datapipeline/.env/lib/python3.8/site-packages/airflow/example_dags/example_complex.py
[2022-11-21T22:13:57.616-0300] {processor.py:650} INFO - DAG(s) dict_keys(['example_complex']) retrieved from /home/juliana/Área de Trabalho/datapipeline/.env/lib/python3.8/site-packages/airflow/example_dags/example_complex.py
[2022-11-21T22:13:57.644-0300] {logging_mixin.py:115} INFO - [2022-11-21T22:13:57.644-0300] {dag.py:2429} INFO - Sync 1 DAGs
[2022-11-21T22:13:57.661-0300] {logging_mixin.py:115} INFO - [2022-11-21T22:13:57.661-0300] {dag.py:2977} INFO - Setting next_dagrun for example_complex to None, run_after=None
[2022-11-21T22:13:57.680-0300] {processor.py:161} INFO - Processing /home/juliana/Área de Trabalho/datapipeline/.env/lib/python3.8/site-packages/airflow/example_dags/example_complex.py took 0.087 seconds
[2022-11-21T22:14:33.800-0300] {processor.py:153} INFO - Started process (PID=6097) to work on /home/juliana/Área de Trabalho/datapipeline/.env/lib/python3.8/site-packages/airflow/example_dags/example_complex.py
[2022-11-21T22:14:33.801-0300] {processor.py:640} INFO - Processing file /home/juliana/Área de Trabalho/datapipeline/.env/lib/python3.8/site-packages/airflow/example_dags/example_complex.py for tasks to queue
[2022-11-21T22:14:33.803-0300] {logging_mixin.py:115} INFO - [2022-11-21T22:14:33.802-0300] {dagbag.py:508} INFO - Filling up the DagBag from /home/juliana/Área de Trabalho/datapipeline/.env/lib/python3.8/site-packages/airflow/example_dags/example_complex.py
[2022-11-21T22:14:33.818-0300] {processor.py:650} INFO - DAG(s) dict_keys(['example_complex']) retrieved from /home/juliana/Área de Trabalho/datapipeline/.env/lib/python3.8/site-packages/airflow/example_dags/example_complex.py
[2022-11-21T22:14:33.839-0300] {logging_mixin.py:115} INFO - [2022-11-21T22:14:33.839-0300] {dag.py:2429} INFO - Sync 1 DAGs
[2022-11-21T22:14:33.853-0300] {logging_mixin.py:115} INFO - [2022-11-21T22:14:33.853-0300] {dag.py:2977} INFO - Setting next_dagrun for example_complex to None, run_after=None
[2022-11-21T22:14:33.869-0300] {processor.py:161} INFO - Processing /home/juliana/Área de Trabalho/datapipeline/.env/lib/python3.8/site-packages/airflow/example_dags/example_complex.py took 0.076 seconds
[2022-11-21T22:15:08.065-0300] {processor.py:153} INFO - Started process (PID=6131) to work on /home/juliana/Área de Trabalho/datapipeline/.env/lib/python3.8/site-packages/airflow/example_dags/example_complex.py
[2022-11-21T22:15:08.066-0300] {processor.py:640} INFO - Processing file /home/juliana/Área de Trabalho/datapipeline/.env/lib/python3.8/site-packages/airflow/example_dags/example_complex.py for tasks to queue
[2022-11-21T22:15:08.072-0300] {logging_mixin.py:115} INFO - [2022-11-21T22:15:08.067-0300] {dagbag.py:508} INFO - Filling up the DagBag from /home/juliana/Área de Trabalho/datapipeline/.env/lib/python3.8/site-packages/airflow/example_dags/example_complex.py
[2022-11-21T22:15:08.093-0300] {processor.py:650} INFO - DAG(s) dict_keys(['example_complex']) retrieved from /home/juliana/Área de Trabalho/datapipeline/.env/lib/python3.8/site-packages/airflow/example_dags/example_complex.py
[2022-11-21T22:15:08.114-0300] {logging_mixin.py:115} INFO - [2022-11-21T22:15:08.113-0300] {dag.py:2429} INFO - Sync 1 DAGs
[2022-11-21T22:15:08.128-0300] {logging_mixin.py:115} INFO - [2022-11-21T22:15:08.128-0300] {dag.py:2977} INFO - Setting next_dagrun for example_complex to None, run_after=None
[2022-11-21T22:15:08.147-0300] {processor.py:161} INFO - Processing /home/juliana/Área de Trabalho/datapipeline/.env/lib/python3.8/site-packages/airflow/example_dags/example_complex.py took 0.088 seconds
[2022-11-21T22:15:41.507-0300] {processor.py:153} INFO - Started process (PID=6164) to work on /home/juliana/Área de Trabalho/datapipeline/.env/lib/python3.8/site-packages/airflow/example_dags/example_complex.py
[2022-11-21T22:15:41.513-0300] {processor.py:640} INFO - Processing file /home/juliana/Área de Trabalho/datapipeline/.env/lib/python3.8/site-packages/airflow/example_dags/example_complex.py for tasks to queue
[2022-11-21T22:15:41.513-0300] {logging_mixin.py:115} INFO - [2022-11-21T22:15:41.513-0300] {dagbag.py:508} INFO - Filling up the DagBag from /home/juliana/Área de Trabalho/datapipeline/.env/lib/python3.8/site-packages/airflow/example_dags/example_complex.py
[2022-11-21T22:15:41.530-0300] {processor.py:650} INFO - DAG(s) dict_keys(['example_complex']) retrieved from /home/juliana/Área de Trabalho/datapipeline/.env/lib/python3.8/site-packages/airflow/example_dags/example_complex.py
[2022-11-21T22:15:41.551-0300] {logging_mixin.py:115} INFO - [2022-11-21T22:15:41.551-0300] {dag.py:2429} INFO - Sync 1 DAGs
[2022-11-21T22:15:41.566-0300] {logging_mixin.py:115} INFO - [2022-11-21T22:15:41.565-0300] {dag.py:2977} INFO - Setting next_dagrun for example_complex to None, run_after=None
[2022-11-21T22:15:41.585-0300] {processor.py:161} INFO - Processing /home/juliana/Área de Trabalho/datapipeline/.env/lib/python3.8/site-packages/airflow/example_dags/example_complex.py took 0.085 seconds
[2022-11-21T22:16:17.895-0300] {processor.py:153} INFO - Started process (PID=6200) to work on /home/juliana/Área de Trabalho/datapipeline/.env/lib/python3.8/site-packages/airflow/example_dags/example_complex.py
[2022-11-21T22:16:17.897-0300] {processor.py:640} INFO - Processing file /home/juliana/Área de Trabalho/datapipeline/.env/lib/python3.8/site-packages/airflow/example_dags/example_complex.py for tasks to queue
[2022-11-21T22:16:17.897-0300] {logging_mixin.py:115} INFO - [2022-11-21T22:16:17.897-0300] {dagbag.py:508} INFO - Filling up the DagBag from /home/juliana/Área de Trabalho/datapipeline/.env/lib/python3.8/site-packages/airflow/example_dags/example_complex.py
[2022-11-21T22:16:17.912-0300] {processor.py:650} INFO - DAG(s) dict_keys(['example_complex']) retrieved from /home/juliana/Área de Trabalho/datapipeline/.env/lib/python3.8/site-packages/airflow/example_dags/example_complex.py
[2022-11-21T22:16:17.932-0300] {logging_mixin.py:115} INFO - [2022-11-21T22:16:17.932-0300] {dag.py:2429} INFO - Sync 1 DAGs
[2022-11-21T22:16:17.947-0300] {logging_mixin.py:115} INFO - [2022-11-21T22:16:17.947-0300] {dag.py:2977} INFO - Setting next_dagrun for example_complex to None, run_after=None
[2022-11-21T22:16:17.967-0300] {processor.py:161} INFO - Processing /home/juliana/Área de Trabalho/datapipeline/.env/lib/python3.8/site-packages/airflow/example_dags/example_complex.py took 0.078 seconds
[2022-11-21T22:16:51.964-0300] {processor.py:153} INFO - Started process (PID=6253) to work on /home/juliana/Área de Trabalho/datapipeline/.env/lib/python3.8/site-packages/airflow/example_dags/example_complex.py
[2022-11-21T22:16:51.965-0300] {processor.py:640} INFO - Processing file /home/juliana/Área de Trabalho/datapipeline/.env/lib/python3.8/site-packages/airflow/example_dags/example_complex.py for tasks to queue
[2022-11-21T22:16:51.966-0300] {logging_mixin.py:115} INFO - [2022-11-21T22:16:51.965-0300] {dagbag.py:508} INFO - Filling up the DagBag from /home/juliana/Área de Trabalho/datapipeline/.env/lib/python3.8/site-packages/airflow/example_dags/example_complex.py
[2022-11-21T22:16:51.987-0300] {processor.py:650} INFO - DAG(s) dict_keys(['example_complex']) retrieved from /home/juliana/Área de Trabalho/datapipeline/.env/lib/python3.8/site-packages/airflow/example_dags/example_complex.py
[2022-11-21T22:16:52.017-0300] {logging_mixin.py:115} INFO - [2022-11-21T22:16:52.017-0300] {dag.py:2429} INFO - Sync 1 DAGs
[2022-11-21T22:16:52.036-0300] {logging_mixin.py:115} INFO - [2022-11-21T22:16:52.036-0300] {dag.py:2977} INFO - Setting next_dagrun for example_complex to None, run_after=None
[2022-11-21T22:16:52.056-0300] {processor.py:161} INFO - Processing /home/juliana/Área de Trabalho/datapipeline/.env/lib/python3.8/site-packages/airflow/example_dags/example_complex.py took 0.096 seconds
