[2022-11-21T21:13:29.647-0300] {processor.py:153} INFO - Started process (PID=3117) to work on /home/juliana/Área de Trabalho/datapipeline/.env/lib/python3.8/site-packages/airflow/example_dags/example_branch_datetime_operator.py
[2022-11-21T21:13:29.647-0300] {processor.py:640} INFO - Processing file /home/juliana/Área de Trabalho/datapipeline/.env/lib/python3.8/site-packages/airflow/example_dags/example_branch_datetime_operator.py for tasks to queue
[2022-11-21T21:13:29.648-0300] {logging_mixin.py:115} INFO - [2022-11-21T21:13:29.648-0300] {dagbag.py:508} INFO - Filling up the DagBag from /home/juliana/Área de Trabalho/datapipeline/.env/lib/python3.8/site-packages/airflow/example_dags/example_branch_datetime_operator.py
[2022-11-21T21:13:29.666-0300] {processor.py:650} INFO - DAG(s) dict_keys(['example_branch_datetime_operator', 'example_branch_datetime_operator_2']) retrieved from /home/juliana/Área de Trabalho/datapipeline/.env/lib/python3.8/site-packages/airflow/example_dags/example_branch_datetime_operator.py
[2022-11-21T21:13:29.686-0300] {logging_mixin.py:115} INFO - [2022-11-21T21:13:29.686-0300] {dag.py:2429} INFO - Sync 2 DAGs
[2022-11-21T21:13:29.712-0300] {logging_mixin.py:115} INFO - [2022-11-21T21:13:29.712-0300] {dag.py:2977} INFO - Setting next_dagrun for example_branch_datetime_operator to 2022-11-21T00:00:00+00:00, run_after=2022-11-22T00:00:00+00:00
[2022-11-21T21:13:29.713-0300] {logging_mixin.py:115} INFO - [2022-11-21T21:13:29.713-0300] {dag.py:2977} INFO - Setting next_dagrun for example_branch_datetime_operator_2 to 2022-11-21T00:00:00+00:00, run_after=2022-11-22T00:00:00+00:00
[2022-11-21T21:13:29.731-0300] {processor.py:161} INFO - Processing /home/juliana/Área de Trabalho/datapipeline/.env/lib/python3.8/site-packages/airflow/example_dags/example_branch_datetime_operator.py took 0.088 seconds
[2022-11-21T21:14:08.214-0300] {processor.py:153} INFO - Started process (PID=3294) to work on /home/juliana/Área de Trabalho/datapipeline/.env/lib/python3.8/site-packages/airflow/example_dags/example_branch_datetime_operator.py
[2022-11-21T21:14:08.222-0300] {processor.py:640} INFO - Processing file /home/juliana/Área de Trabalho/datapipeline/.env/lib/python3.8/site-packages/airflow/example_dags/example_branch_datetime_operator.py for tasks to queue
[2022-11-21T21:14:08.223-0300] {logging_mixin.py:115} INFO - [2022-11-21T21:14:08.223-0300] {dagbag.py:508} INFO - Filling up the DagBag from /home/juliana/Área de Trabalho/datapipeline/.env/lib/python3.8/site-packages/airflow/example_dags/example_branch_datetime_operator.py
[2022-11-21T21:14:08.241-0300] {processor.py:650} INFO - DAG(s) dict_keys(['example_branch_datetime_operator', 'example_branch_datetime_operator_2']) retrieved from /home/juliana/Área de Trabalho/datapipeline/.env/lib/python3.8/site-packages/airflow/example_dags/example_branch_datetime_operator.py
[2022-11-21T21:14:08.275-0300] {logging_mixin.py:115} INFO - [2022-11-21T21:14:08.274-0300] {dag.py:2429} INFO - Sync 2 DAGs
[2022-11-21T21:14:08.327-0300] {logging_mixin.py:115} INFO - [2022-11-21T21:14:08.327-0300] {dag.py:2977} INFO - Setting next_dagrun for example_branch_datetime_operator to 2022-11-21T00:00:00+00:00, run_after=2022-11-22T00:00:00+00:00
[2022-11-21T21:14:08.328-0300] {logging_mixin.py:115} INFO - [2022-11-21T21:14:08.328-0300] {dag.py:2977} INFO - Setting next_dagrun for example_branch_datetime_operator_2 to 2022-11-21T00:00:00+00:00, run_after=2022-11-22T00:00:00+00:00
[2022-11-21T21:14:08.368-0300] {processor.py:161} INFO - Processing /home/juliana/Área de Trabalho/datapipeline/.env/lib/python3.8/site-packages/airflow/example_dags/example_branch_datetime_operator.py took 0.166 seconds
[2022-11-21T21:15:44.094-0300] {processor.py:153} INFO - Started process (PID=3505) to work on /home/juliana/Área de Trabalho/datapipeline/.env/lib/python3.8/site-packages/airflow/example_dags/example_branch_datetime_operator.py
[2022-11-21T21:15:44.101-0300] {processor.py:640} INFO - Processing file /home/juliana/Área de Trabalho/datapipeline/.env/lib/python3.8/site-packages/airflow/example_dags/example_branch_datetime_operator.py for tasks to queue
[2022-11-21T21:15:44.102-0300] {logging_mixin.py:115} INFO - [2022-11-21T21:15:44.102-0300] {dagbag.py:508} INFO - Filling up the DagBag from /home/juliana/Área de Trabalho/datapipeline/.env/lib/python3.8/site-packages/airflow/example_dags/example_branch_datetime_operator.py
[2022-11-21T21:15:44.182-0300] {processor.py:650} INFO - DAG(s) dict_keys(['example_branch_datetime_operator', 'example_branch_datetime_operator_2']) retrieved from /home/juliana/Área de Trabalho/datapipeline/.env/lib/python3.8/site-packages/airflow/example_dags/example_branch_datetime_operator.py
[2022-11-21T21:15:44.328-0300] {logging_mixin.py:115} INFO - [2022-11-21T21:15:44.313-0300] {dag.py:2429} INFO - Sync 2 DAGs
[2022-11-21T21:15:44.508-0300] {logging_mixin.py:115} INFO - [2022-11-21T21:15:44.508-0300] {dag.py:2977} INFO - Setting next_dagrun for example_branch_datetime_operator to 2022-11-21T00:00:00+00:00, run_after=2022-11-22T00:00:00+00:00
[2022-11-21T21:15:44.510-0300] {logging_mixin.py:115} INFO - [2022-11-21T21:15:44.509-0300] {dag.py:2977} INFO - Setting next_dagrun for example_branch_datetime_operator_2 to 2022-11-21T00:00:00+00:00, run_after=2022-11-22T00:00:00+00:00
[2022-11-21T21:15:45.154-0300] {processor.py:161} INFO - Processing /home/juliana/Área de Trabalho/datapipeline/.env/lib/python3.8/site-packages/airflow/example_dags/example_branch_datetime_operator.py took 1.079 seconds
[2022-11-21T21:26:53.839-0300] {processor.py:153} INFO - Started process (PID=3663) to work on /home/juliana/Área de Trabalho/datapipeline/.env/lib/python3.8/site-packages/airflow/example_dags/example_branch_datetime_operator.py
[2022-11-21T21:26:53.851-0300] {processor.py:640} INFO - Processing file /home/juliana/Área de Trabalho/datapipeline/.env/lib/python3.8/site-packages/airflow/example_dags/example_branch_datetime_operator.py for tasks to queue
[2022-11-21T21:26:53.852-0300] {logging_mixin.py:115} INFO - [2022-11-21T21:26:53.852-0300] {dagbag.py:508} INFO - Filling up the DagBag from /home/juliana/Área de Trabalho/datapipeline/.env/lib/python3.8/site-packages/airflow/example_dags/example_branch_datetime_operator.py
[2022-11-21T21:26:53.988-0300] {processor.py:650} INFO - DAG(s) dict_keys(['example_branch_datetime_operator', 'example_branch_datetime_operator_2']) retrieved from /home/juliana/Área de Trabalho/datapipeline/.env/lib/python3.8/site-packages/airflow/example_dags/example_branch_datetime_operator.py
[2022-11-21T21:27:19.809-0300] {logging_mixin.py:115} INFO - [2022-11-21T21:27:19.676-0300] {dag.py:2429} INFO - Sync 2 DAGs
[2022-11-21T21:28:38.584-0300] {logging_mixin.py:115} INFO - [2022-11-21T21:28:33.035-0300] {dag.py:2977} INFO - Setting next_dagrun for example_branch_datetime_operator to 2022-11-21T00:00:00+00:00, run_after=2022-11-22T00:00:00+00:00
[2022-11-21T21:28:51.605-0300] {logging_mixin.py:115} INFO - [2022-11-21T21:28:49.462-0300] {dag.py:2977} INFO - Setting next_dagrun for example_branch_datetime_operator_2 to 2022-11-21T00:00:00+00:00, run_after=2022-11-22T00:00:00+00:00
[2022-11-21T21:28:55.275-0300] {processor.py:161} INFO - Processing /home/juliana/Área de Trabalho/datapipeline/.env/lib/python3.8/site-packages/airflow/example_dags/example_branch_datetime_operator.py took 121.471 seconds
[2022-11-21T21:38:50.052-0300] {processor.py:153} INFO - Started process (PID=8062) to work on /home/juliana/Área de Trabalho/datapipeline/.env/lib/python3.8/site-packages/airflow/example_dags/example_branch_datetime_operator.py
[2022-11-21T21:38:50.054-0300] {processor.py:640} INFO - Processing file /home/juliana/Área de Trabalho/datapipeline/.env/lib/python3.8/site-packages/airflow/example_dags/example_branch_datetime_operator.py for tasks to queue
[2022-11-21T21:38:50.055-0300] {logging_mixin.py:115} INFO - [2022-11-21T21:38:50.054-0300] {dagbag.py:508} INFO - Filling up the DagBag from /home/juliana/Área de Trabalho/datapipeline/.env/lib/python3.8/site-packages/airflow/example_dags/example_branch_datetime_operator.py
[2022-11-21T21:38:50.083-0300] {processor.py:650} INFO - DAG(s) dict_keys(['example_branch_datetime_operator', 'example_branch_datetime_operator_2']) retrieved from /home/juliana/Área de Trabalho/datapipeline/.env/lib/python3.8/site-packages/airflow/example_dags/example_branch_datetime_operator.py
[2022-11-21T21:38:50.152-0300] {logging_mixin.py:115} INFO - [2022-11-21T21:38:50.152-0300] {dag.py:2429} INFO - Sync 2 DAGs
[2022-11-21T21:38:50.216-0300] {logging_mixin.py:115} INFO - [2022-11-21T21:38:50.216-0300] {dag.py:2977} INFO - Setting next_dagrun for example_branch_datetime_operator to 2022-11-21T00:00:00+00:00, run_after=2022-11-22T00:00:00+00:00
[2022-11-21T21:38:50.217-0300] {logging_mixin.py:115} INFO - [2022-11-21T21:38:50.217-0300] {dag.py:2977} INFO - Setting next_dagrun for example_branch_datetime_operator_2 to 2022-11-21T00:00:00+00:00, run_after=2022-11-22T00:00:00+00:00
[2022-11-21T21:38:50.235-0300] {processor.py:161} INFO - Processing /home/juliana/Área de Trabalho/datapipeline/.env/lib/python3.8/site-packages/airflow/example_dags/example_branch_datetime_operator.py took 0.192 seconds
[2022-11-21T21:39:33.215-0300] {processor.py:153} INFO - Started process (PID=8107) to work on /home/juliana/Área de Trabalho/datapipeline/.env/lib/python3.8/site-packages/airflow/example_dags/example_branch_datetime_operator.py
[2022-11-21T21:39:33.221-0300] {processor.py:640} INFO - Processing file /home/juliana/Área de Trabalho/datapipeline/.env/lib/python3.8/site-packages/airflow/example_dags/example_branch_datetime_operator.py for tasks to queue
[2022-11-21T21:39:33.222-0300] {logging_mixin.py:115} INFO - [2022-11-21T21:39:33.222-0300] {dagbag.py:508} INFO - Filling up the DagBag from /home/juliana/Área de Trabalho/datapipeline/.env/lib/python3.8/site-packages/airflow/example_dags/example_branch_datetime_operator.py
[2022-11-21T21:39:33.234-0300] {processor.py:650} INFO - DAG(s) dict_keys(['example_branch_datetime_operator', 'example_branch_datetime_operator_2']) retrieved from /home/juliana/Área de Trabalho/datapipeline/.env/lib/python3.8/site-packages/airflow/example_dags/example_branch_datetime_operator.py
[2022-11-21T21:39:33.251-0300] {logging_mixin.py:115} INFO - [2022-11-21T21:39:33.251-0300] {dag.py:2429} INFO - Sync 2 DAGs
[2022-11-21T21:39:33.268-0300] {logging_mixin.py:115} INFO - [2022-11-21T21:39:33.268-0300] {dag.py:2977} INFO - Setting next_dagrun for example_branch_datetime_operator to 2022-11-21T00:00:00+00:00, run_after=2022-11-22T00:00:00+00:00
[2022-11-21T21:39:33.270-0300] {logging_mixin.py:115} INFO - [2022-11-21T21:39:33.270-0300] {dag.py:2977} INFO - Setting next_dagrun for example_branch_datetime_operator_2 to 2022-11-21T00:00:00+00:00, run_after=2022-11-22T00:00:00+00:00
[2022-11-21T21:39:33.285-0300] {processor.py:161} INFO - Processing /home/juliana/Área de Trabalho/datapipeline/.env/lib/python3.8/site-packages/airflow/example_dags/example_branch_datetime_operator.py took 0.076 seconds
[2022-11-21T21:40:08.036-0300] {processor.py:153} INFO - Started process (PID=8300) to work on /home/juliana/Área de Trabalho/datapipeline/.env/lib/python3.8/site-packages/airflow/example_dags/example_branch_datetime_operator.py
[2022-11-21T21:40:08.042-0300] {processor.py:640} INFO - Processing file /home/juliana/Área de Trabalho/datapipeline/.env/lib/python3.8/site-packages/airflow/example_dags/example_branch_datetime_operator.py for tasks to queue
[2022-11-21T21:40:08.042-0300] {logging_mixin.py:115} INFO - [2022-11-21T21:40:08.042-0300] {dagbag.py:508} INFO - Filling up the DagBag from /home/juliana/Área de Trabalho/datapipeline/.env/lib/python3.8/site-packages/airflow/example_dags/example_branch_datetime_operator.py
[2022-11-21T21:40:08.054-0300] {processor.py:650} INFO - DAG(s) dict_keys(['example_branch_datetime_operator', 'example_branch_datetime_operator_2']) retrieved from /home/juliana/Área de Trabalho/datapipeline/.env/lib/python3.8/site-packages/airflow/example_dags/example_branch_datetime_operator.py
[2022-11-21T21:40:08.085-0300] {logging_mixin.py:115} INFO - [2022-11-21T21:40:08.085-0300] {dag.py:2429} INFO - Sync 2 DAGs
[2022-11-21T21:40:08.126-0300] {logging_mixin.py:115} INFO - [2022-11-21T21:40:08.119-0300] {dag.py:2977} INFO - Setting next_dagrun for example_branch_datetime_operator to 2022-11-21T00:00:00+00:00, run_after=2022-11-22T00:00:00+00:00
[2022-11-21T21:40:08.127-0300] {logging_mixin.py:115} INFO - [2022-11-21T21:40:08.127-0300] {dag.py:2977} INFO - Setting next_dagrun for example_branch_datetime_operator_2 to 2022-11-21T00:00:00+00:00, run_after=2022-11-22T00:00:00+00:00
[2022-11-21T21:40:08.145-0300] {processor.py:161} INFO - Processing /home/juliana/Área de Trabalho/datapipeline/.env/lib/python3.8/site-packages/airflow/example_dags/example_branch_datetime_operator.py took 0.115 seconds
[2022-11-21T21:40:46.418-0300] {processor.py:153} INFO - Started process (PID=8616) to work on /home/juliana/Área de Trabalho/datapipeline/.env/lib/python3.8/site-packages/airflow/example_dags/example_branch_datetime_operator.py
[2022-11-21T21:40:46.419-0300] {processor.py:640} INFO - Processing file /home/juliana/Área de Trabalho/datapipeline/.env/lib/python3.8/site-packages/airflow/example_dags/example_branch_datetime_operator.py for tasks to queue
[2022-11-21T21:40:46.420-0300] {logging_mixin.py:115} INFO - [2022-11-21T21:40:46.419-0300] {dagbag.py:508} INFO - Filling up the DagBag from /home/juliana/Área de Trabalho/datapipeline/.env/lib/python3.8/site-packages/airflow/example_dags/example_branch_datetime_operator.py
[2022-11-21T21:40:46.431-0300] {processor.py:650} INFO - DAG(s) dict_keys(['example_branch_datetime_operator', 'example_branch_datetime_operator_2']) retrieved from /home/juliana/Área de Trabalho/datapipeline/.env/lib/python3.8/site-packages/airflow/example_dags/example_branch_datetime_operator.py
[2022-11-21T21:40:46.446-0300] {logging_mixin.py:115} INFO - [2022-11-21T21:40:46.445-0300] {dag.py:2429} INFO - Sync 2 DAGs
[2022-11-21T21:40:46.468-0300] {logging_mixin.py:115} INFO - [2022-11-21T21:40:46.468-0300] {dag.py:2977} INFO - Setting next_dagrun for example_branch_datetime_operator to 2022-11-21T00:00:00+00:00, run_after=2022-11-22T00:00:00+00:00
[2022-11-21T21:40:46.470-0300] {logging_mixin.py:115} INFO - [2022-11-21T21:40:46.470-0300] {dag.py:2977} INFO - Setting next_dagrun for example_branch_datetime_operator_2 to 2022-11-21T00:00:00+00:00, run_after=2022-11-22T00:00:00+00:00
[2022-11-21T21:40:46.495-0300] {processor.py:161} INFO - Processing /home/juliana/Área de Trabalho/datapipeline/.env/lib/python3.8/site-packages/airflow/example_dags/example_branch_datetime_operator.py took 0.080 seconds
[2022-11-21T21:41:24.910-0300] {processor.py:153} INFO - Started process (PID=8829) to work on /home/juliana/Área de Trabalho/datapipeline/.env/lib/python3.8/site-packages/airflow/example_dags/example_branch_datetime_operator.py
[2022-11-21T21:41:24.912-0300] {processor.py:640} INFO - Processing file /home/juliana/Área de Trabalho/datapipeline/.env/lib/python3.8/site-packages/airflow/example_dags/example_branch_datetime_operator.py for tasks to queue
[2022-11-21T21:41:24.913-0300] {logging_mixin.py:115} INFO - [2022-11-21T21:41:24.912-0300] {dagbag.py:508} INFO - Filling up the DagBag from /home/juliana/Área de Trabalho/datapipeline/.env/lib/python3.8/site-packages/airflow/example_dags/example_branch_datetime_operator.py
[2022-11-21T21:41:24.926-0300] {processor.py:650} INFO - DAG(s) dict_keys(['example_branch_datetime_operator', 'example_branch_datetime_operator_2']) retrieved from /home/juliana/Área de Trabalho/datapipeline/.env/lib/python3.8/site-packages/airflow/example_dags/example_branch_datetime_operator.py
[2022-11-21T21:41:24.943-0300] {logging_mixin.py:115} INFO - [2022-11-21T21:41:24.943-0300] {dag.py:2429} INFO - Sync 2 DAGs
[2022-11-21T21:41:24.967-0300] {logging_mixin.py:115} INFO - [2022-11-21T21:41:24.967-0300] {dag.py:2977} INFO - Setting next_dagrun for example_branch_datetime_operator to 2022-11-21T00:00:00+00:00, run_after=2022-11-22T00:00:00+00:00
[2022-11-21T21:41:24.971-0300] {logging_mixin.py:115} INFO - [2022-11-21T21:41:24.971-0300] {dag.py:2977} INFO - Setting next_dagrun for example_branch_datetime_operator_2 to 2022-11-21T00:00:00+00:00, run_after=2022-11-22T00:00:00+00:00
[2022-11-21T21:41:24.993-0300] {processor.py:161} INFO - Processing /home/juliana/Área de Trabalho/datapipeline/.env/lib/python3.8/site-packages/airflow/example_dags/example_branch_datetime_operator.py took 0.087 seconds
[2022-11-21T21:42:00.118-0300] {processor.py:153} INFO - Started process (PID=9048) to work on /home/juliana/Área de Trabalho/datapipeline/.env/lib/python3.8/site-packages/airflow/example_dags/example_branch_datetime_operator.py
[2022-11-21T21:42:00.121-0300] {processor.py:640} INFO - Processing file /home/juliana/Área de Trabalho/datapipeline/.env/lib/python3.8/site-packages/airflow/example_dags/example_branch_datetime_operator.py for tasks to queue
[2022-11-21T21:42:00.126-0300] {logging_mixin.py:115} INFO - [2022-11-21T21:42:00.125-0300] {dagbag.py:508} INFO - Filling up the DagBag from /home/juliana/Área de Trabalho/datapipeline/.env/lib/python3.8/site-packages/airflow/example_dags/example_branch_datetime_operator.py
[2022-11-21T21:42:00.139-0300] {processor.py:650} INFO - DAG(s) dict_keys(['example_branch_datetime_operator', 'example_branch_datetime_operator_2']) retrieved from /home/juliana/Área de Trabalho/datapipeline/.env/lib/python3.8/site-packages/airflow/example_dags/example_branch_datetime_operator.py
[2022-11-21T21:42:00.157-0300] {logging_mixin.py:115} INFO - [2022-11-21T21:42:00.157-0300] {dag.py:2429} INFO - Sync 2 DAGs
[2022-11-21T21:42:00.179-0300] {logging_mixin.py:115} INFO - [2022-11-21T21:42:00.179-0300] {dag.py:2977} INFO - Setting next_dagrun for example_branch_datetime_operator to 2022-11-21T00:00:00+00:00, run_after=2022-11-22T00:00:00+00:00
[2022-11-21T21:42:00.181-0300] {logging_mixin.py:115} INFO - [2022-11-21T21:42:00.180-0300] {dag.py:2977} INFO - Setting next_dagrun for example_branch_datetime_operator_2 to 2022-11-21T00:00:00+00:00, run_after=2022-11-22T00:00:00+00:00
[2022-11-21T21:42:00.203-0300] {processor.py:161} INFO - Processing /home/juliana/Área de Trabalho/datapipeline/.env/lib/python3.8/site-packages/airflow/example_dags/example_branch_datetime_operator.py took 0.088 seconds
[2022-11-21T21:42:37.465-0300] {processor.py:153} INFO - Started process (PID=9260) to work on /home/juliana/Área de Trabalho/datapipeline/.env/lib/python3.8/site-packages/airflow/example_dags/example_branch_datetime_operator.py
[2022-11-21T21:42:37.466-0300] {processor.py:640} INFO - Processing file /home/juliana/Área de Trabalho/datapipeline/.env/lib/python3.8/site-packages/airflow/example_dags/example_branch_datetime_operator.py for tasks to queue
[2022-11-21T21:42:37.467-0300] {logging_mixin.py:115} INFO - [2022-11-21T21:42:37.467-0300] {dagbag.py:508} INFO - Filling up the DagBag from /home/juliana/Área de Trabalho/datapipeline/.env/lib/python3.8/site-packages/airflow/example_dags/example_branch_datetime_operator.py
[2022-11-21T21:42:37.479-0300] {processor.py:650} INFO - DAG(s) dict_keys(['example_branch_datetime_operator', 'example_branch_datetime_operator_2']) retrieved from /home/juliana/Área de Trabalho/datapipeline/.env/lib/python3.8/site-packages/airflow/example_dags/example_branch_datetime_operator.py
[2022-11-21T21:42:37.496-0300] {logging_mixin.py:115} INFO - [2022-11-21T21:42:37.496-0300] {dag.py:2429} INFO - Sync 2 DAGs
[2022-11-21T21:42:37.514-0300] {logging_mixin.py:115} INFO - [2022-11-21T21:42:37.514-0300] {dag.py:2977} INFO - Setting next_dagrun for example_branch_datetime_operator to 2022-11-21T00:00:00+00:00, run_after=2022-11-22T00:00:00+00:00
[2022-11-21T21:42:37.516-0300] {logging_mixin.py:115} INFO - [2022-11-21T21:42:37.516-0300] {dag.py:2977} INFO - Setting next_dagrun for example_branch_datetime_operator_2 to 2022-11-21T00:00:00+00:00, run_after=2022-11-22T00:00:00+00:00
[2022-11-21T21:42:37.536-0300] {processor.py:161} INFO - Processing /home/juliana/Área de Trabalho/datapipeline/.env/lib/python3.8/site-packages/airflow/example_dags/example_branch_datetime_operator.py took 0.077 seconds
[2022-11-21T21:43:14.955-0300] {processor.py:153} INFO - Started process (PID=9473) to work on /home/juliana/Área de Trabalho/datapipeline/.env/lib/python3.8/site-packages/airflow/example_dags/example_branch_datetime_operator.py
[2022-11-21T21:43:14.956-0300] {processor.py:640} INFO - Processing file /home/juliana/Área de Trabalho/datapipeline/.env/lib/python3.8/site-packages/airflow/example_dags/example_branch_datetime_operator.py for tasks to queue
[2022-11-21T21:43:14.957-0300] {logging_mixin.py:115} INFO - [2022-11-21T21:43:14.957-0300] {dagbag.py:508} INFO - Filling up the DagBag from /home/juliana/Área de Trabalho/datapipeline/.env/lib/python3.8/site-packages/airflow/example_dags/example_branch_datetime_operator.py
[2022-11-21T21:43:14.972-0300] {processor.py:650} INFO - DAG(s) dict_keys(['example_branch_datetime_operator', 'example_branch_datetime_operator_2']) retrieved from /home/juliana/Área de Trabalho/datapipeline/.env/lib/python3.8/site-packages/airflow/example_dags/example_branch_datetime_operator.py
[2022-11-21T21:43:14.993-0300] {logging_mixin.py:115} INFO - [2022-11-21T21:43:14.993-0300] {dag.py:2429} INFO - Sync 2 DAGs
[2022-11-21T21:43:15.009-0300] {logging_mixin.py:115} INFO - [2022-11-21T21:43:15.009-0300] {dag.py:2977} INFO - Setting next_dagrun for example_branch_datetime_operator to 2022-11-21T00:00:00+00:00, run_after=2022-11-22T00:00:00+00:00
[2022-11-21T21:43:15.010-0300] {logging_mixin.py:115} INFO - [2022-11-21T21:43:15.010-0300] {dag.py:2977} INFO - Setting next_dagrun for example_branch_datetime_operator_2 to 2022-11-21T00:00:00+00:00, run_after=2022-11-22T00:00:00+00:00
[2022-11-21T21:43:15.033-0300] {processor.py:161} INFO - Processing /home/juliana/Área de Trabalho/datapipeline/.env/lib/python3.8/site-packages/airflow/example_dags/example_branch_datetime_operator.py took 0.083 seconds
[2022-11-21T21:43:54.812-0300] {processor.py:153} INFO - Started process (PID=9670) to work on /home/juliana/Área de Trabalho/datapipeline/.env/lib/python3.8/site-packages/airflow/example_dags/example_branch_datetime_operator.py
[2022-11-21T21:43:54.813-0300] {processor.py:640} INFO - Processing file /home/juliana/Área de Trabalho/datapipeline/.env/lib/python3.8/site-packages/airflow/example_dags/example_branch_datetime_operator.py for tasks to queue
[2022-11-21T21:43:54.814-0300] {logging_mixin.py:115} INFO - [2022-11-21T21:43:54.814-0300] {dagbag.py:508} INFO - Filling up the DagBag from /home/juliana/Área de Trabalho/datapipeline/.env/lib/python3.8/site-packages/airflow/example_dags/example_branch_datetime_operator.py
[2022-11-21T21:43:54.831-0300] {processor.py:650} INFO - DAG(s) dict_keys(['example_branch_datetime_operator', 'example_branch_datetime_operator_2']) retrieved from /home/juliana/Área de Trabalho/datapipeline/.env/lib/python3.8/site-packages/airflow/example_dags/example_branch_datetime_operator.py
[2022-11-21T21:43:54.879-0300] {logging_mixin.py:115} INFO - [2022-11-21T21:43:54.874-0300] {dag.py:2429} INFO - Sync 2 DAGs
[2022-11-21T21:43:54.923-0300] {logging_mixin.py:115} INFO - [2022-11-21T21:43:54.923-0300] {dag.py:2977} INFO - Setting next_dagrun for example_branch_datetime_operator to 2022-11-21T00:00:00+00:00, run_after=2022-11-22T00:00:00+00:00
[2022-11-21T21:43:54.928-0300] {logging_mixin.py:115} INFO - [2022-11-21T21:43:54.928-0300] {dag.py:2977} INFO - Setting next_dagrun for example_branch_datetime_operator_2 to 2022-11-21T00:00:00+00:00, run_after=2022-11-22T00:00:00+00:00
[2022-11-21T21:43:54.959-0300] {processor.py:161} INFO - Processing /home/juliana/Área de Trabalho/datapipeline/.env/lib/python3.8/site-packages/airflow/example_dags/example_branch_datetime_operator.py took 0.158 seconds
[2022-11-21T21:44:31.037-0300] {processor.py:153} INFO - Started process (PID=9717) to work on /home/juliana/Área de Trabalho/datapipeline/.env/lib/python3.8/site-packages/airflow/example_dags/example_branch_datetime_operator.py
[2022-11-21T21:44:31.039-0300] {processor.py:640} INFO - Processing file /home/juliana/Área de Trabalho/datapipeline/.env/lib/python3.8/site-packages/airflow/example_dags/example_branch_datetime_operator.py for tasks to queue
[2022-11-21T21:44:31.040-0300] {logging_mixin.py:115} INFO - [2022-11-21T21:44:31.040-0300] {dagbag.py:508} INFO - Filling up the DagBag from /home/juliana/Área de Trabalho/datapipeline/.env/lib/python3.8/site-packages/airflow/example_dags/example_branch_datetime_operator.py
[2022-11-21T21:44:31.056-0300] {processor.py:650} INFO - DAG(s) dict_keys(['example_branch_datetime_operator', 'example_branch_datetime_operator_2']) retrieved from /home/juliana/Área de Trabalho/datapipeline/.env/lib/python3.8/site-packages/airflow/example_dags/example_branch_datetime_operator.py
[2022-11-21T21:44:31.083-0300] {logging_mixin.py:115} INFO - [2022-11-21T21:44:31.083-0300] {dag.py:2429} INFO - Sync 2 DAGs
[2022-11-21T21:44:31.104-0300] {logging_mixin.py:115} INFO - [2022-11-21T21:44:31.103-0300] {dag.py:2977} INFO - Setting next_dagrun for example_branch_datetime_operator to 2022-11-21T00:00:00+00:00, run_after=2022-11-22T00:00:00+00:00
[2022-11-21T21:44:31.105-0300] {logging_mixin.py:115} INFO - [2022-11-21T21:44:31.105-0300] {dag.py:2977} INFO - Setting next_dagrun for example_branch_datetime_operator_2 to 2022-11-21T00:00:00+00:00, run_after=2022-11-22T00:00:00+00:00
[2022-11-21T21:44:31.132-0300] {processor.py:161} INFO - Processing /home/juliana/Área de Trabalho/datapipeline/.env/lib/python3.8/site-packages/airflow/example_dags/example_branch_datetime_operator.py took 0.098 seconds
[2022-11-21T21:45:08.429-0300] {processor.py:153} INFO - Started process (PID=9756) to work on /home/juliana/Área de Trabalho/datapipeline/.env/lib/python3.8/site-packages/airflow/example_dags/example_branch_datetime_operator.py
[2022-11-21T21:45:08.431-0300] {processor.py:640} INFO - Processing file /home/juliana/Área de Trabalho/datapipeline/.env/lib/python3.8/site-packages/airflow/example_dags/example_branch_datetime_operator.py for tasks to queue
[2022-11-21T21:45:08.431-0300] {logging_mixin.py:115} INFO - [2022-11-21T21:45:08.431-0300] {dagbag.py:508} INFO - Filling up the DagBag from /home/juliana/Área de Trabalho/datapipeline/.env/lib/python3.8/site-packages/airflow/example_dags/example_branch_datetime_operator.py
[2022-11-21T21:45:08.610-0300] {processor.py:650} INFO - DAG(s) dict_keys(['example_branch_datetime_operator', 'example_branch_datetime_operator_2']) retrieved from /home/juliana/Área de Trabalho/datapipeline/.env/lib/python3.8/site-packages/airflow/example_dags/example_branch_datetime_operator.py
[2022-11-21T21:45:08.636-0300] {logging_mixin.py:115} INFO - [2022-11-21T21:45:08.636-0300] {dag.py:2429} INFO - Sync 2 DAGs
[2022-11-21T21:45:08.652-0300] {logging_mixin.py:115} INFO - [2022-11-21T21:45:08.652-0300] {dag.py:2977} INFO - Setting next_dagrun for example_branch_datetime_operator to 2022-11-21T00:00:00+00:00, run_after=2022-11-22T00:00:00+00:00
[2022-11-21T21:45:08.653-0300] {logging_mixin.py:115} INFO - [2022-11-21T21:45:08.653-0300] {dag.py:2977} INFO - Setting next_dagrun for example_branch_datetime_operator_2 to 2022-11-21T00:00:00+00:00, run_after=2022-11-22T00:00:00+00:00
[2022-11-21T21:45:08.668-0300] {processor.py:161} INFO - Processing /home/juliana/Área de Trabalho/datapipeline/.env/lib/python3.8/site-packages/airflow/example_dags/example_branch_datetime_operator.py took 0.242 seconds
[2022-11-21T21:45:45.903-0300] {processor.py:153} INFO - Started process (PID=9801) to work on /home/juliana/Área de Trabalho/datapipeline/.env/lib/python3.8/site-packages/airflow/example_dags/example_branch_datetime_operator.py
[2022-11-21T21:45:45.904-0300] {processor.py:640} INFO - Processing file /home/juliana/Área de Trabalho/datapipeline/.env/lib/python3.8/site-packages/airflow/example_dags/example_branch_datetime_operator.py for tasks to queue
[2022-11-21T21:45:45.905-0300] {logging_mixin.py:115} INFO - [2022-11-21T21:45:45.905-0300] {dagbag.py:508} INFO - Filling up the DagBag from /home/juliana/Área de Trabalho/datapipeline/.env/lib/python3.8/site-packages/airflow/example_dags/example_branch_datetime_operator.py
[2022-11-21T21:45:45.917-0300] {processor.py:650} INFO - DAG(s) dict_keys(['example_branch_datetime_operator', 'example_branch_datetime_operator_2']) retrieved from /home/juliana/Área de Trabalho/datapipeline/.env/lib/python3.8/site-packages/airflow/example_dags/example_branch_datetime_operator.py
[2022-11-21T21:45:45.937-0300] {logging_mixin.py:115} INFO - [2022-11-21T21:45:45.936-0300] {dag.py:2429} INFO - Sync 2 DAGs
[2022-11-21T21:45:45.953-0300] {logging_mixin.py:115} INFO - [2022-11-21T21:45:45.953-0300] {dag.py:2977} INFO - Setting next_dagrun for example_branch_datetime_operator to 2022-11-21T00:00:00+00:00, run_after=2022-11-22T00:00:00+00:00
[2022-11-21T21:45:45.954-0300] {logging_mixin.py:115} INFO - [2022-11-21T21:45:45.954-0300] {dag.py:2977} INFO - Setting next_dagrun for example_branch_datetime_operator_2 to 2022-11-21T00:00:00+00:00, run_after=2022-11-22T00:00:00+00:00
[2022-11-21T21:45:45.975-0300] {processor.py:161} INFO - Processing /home/juliana/Área de Trabalho/datapipeline/.env/lib/python3.8/site-packages/airflow/example_dags/example_branch_datetime_operator.py took 0.076 seconds
[2022-11-21T21:46:22.276-0300] {processor.py:153} INFO - Started process (PID=10024) to work on /home/juliana/Área de Trabalho/datapipeline/.env/lib/python3.8/site-packages/airflow/example_dags/example_branch_datetime_operator.py
[2022-11-21T21:46:22.277-0300] {processor.py:640} INFO - Processing file /home/juliana/Área de Trabalho/datapipeline/.env/lib/python3.8/site-packages/airflow/example_dags/example_branch_datetime_operator.py for tasks to queue
[2022-11-21T21:46:22.278-0300] {logging_mixin.py:115} INFO - [2022-11-21T21:46:22.277-0300] {dagbag.py:508} INFO - Filling up the DagBag from /home/juliana/Área de Trabalho/datapipeline/.env/lib/python3.8/site-packages/airflow/example_dags/example_branch_datetime_operator.py
[2022-11-21T21:46:22.286-0300] {processor.py:650} INFO - DAG(s) dict_keys(['example_branch_datetime_operator', 'example_branch_datetime_operator_2']) retrieved from /home/juliana/Área de Trabalho/datapipeline/.env/lib/python3.8/site-packages/airflow/example_dags/example_branch_datetime_operator.py
[2022-11-21T21:46:22.305-0300] {logging_mixin.py:115} INFO - [2022-11-21T21:46:22.305-0300] {dag.py:2429} INFO - Sync 2 DAGs
[2022-11-21T21:46:22.322-0300] {logging_mixin.py:115} INFO - [2022-11-21T21:46:22.321-0300] {dag.py:2977} INFO - Setting next_dagrun for example_branch_datetime_operator to 2022-11-21T00:00:00+00:00, run_after=2022-11-22T00:00:00+00:00
[2022-11-21T21:46:22.323-0300] {logging_mixin.py:115} INFO - [2022-11-21T21:46:22.323-0300] {dag.py:2977} INFO - Setting next_dagrun for example_branch_datetime_operator_2 to 2022-11-21T00:00:00+00:00, run_after=2022-11-22T00:00:00+00:00
[2022-11-21T21:46:22.344-0300] {processor.py:161} INFO - Processing /home/juliana/Área de Trabalho/datapipeline/.env/lib/python3.8/site-packages/airflow/example_dags/example_branch_datetime_operator.py took 0.073 seconds
[2022-11-21T21:47:04.210-0300] {processor.py:153} INFO - Started process (PID=10273) to work on /home/juliana/Área de Trabalho/datapipeline/.env/lib/python3.8/site-packages/airflow/example_dags/example_branch_datetime_operator.py
[2022-11-21T21:47:04.212-0300] {processor.py:640} INFO - Processing file /home/juliana/Área de Trabalho/datapipeline/.env/lib/python3.8/site-packages/airflow/example_dags/example_branch_datetime_operator.py for tasks to queue
[2022-11-21T21:47:04.212-0300] {logging_mixin.py:115} INFO - [2022-11-21T21:47:04.212-0300] {dagbag.py:508} INFO - Filling up the DagBag from /home/juliana/Área de Trabalho/datapipeline/.env/lib/python3.8/site-packages/airflow/example_dags/example_branch_datetime_operator.py
[2022-11-21T21:47:04.223-0300] {processor.py:650} INFO - DAG(s) dict_keys(['example_branch_datetime_operator', 'example_branch_datetime_operator_2']) retrieved from /home/juliana/Área de Trabalho/datapipeline/.env/lib/python3.8/site-packages/airflow/example_dags/example_branch_datetime_operator.py
[2022-11-21T21:47:04.245-0300] {logging_mixin.py:115} INFO - [2022-11-21T21:47:04.245-0300] {dag.py:2429} INFO - Sync 2 DAGs
[2022-11-21T21:47:04.260-0300] {logging_mixin.py:115} INFO - [2022-11-21T21:47:04.260-0300] {dag.py:2977} INFO - Setting next_dagrun for example_branch_datetime_operator to 2022-11-21T00:00:00+00:00, run_after=2022-11-22T00:00:00+00:00
[2022-11-21T21:47:04.262-0300] {logging_mixin.py:115} INFO - [2022-11-21T21:47:04.262-0300] {dag.py:2977} INFO - Setting next_dagrun for example_branch_datetime_operator_2 to 2022-11-21T00:00:00+00:00, run_after=2022-11-22T00:00:00+00:00
[2022-11-21T21:47:04.283-0300] {processor.py:161} INFO - Processing /home/juliana/Área de Trabalho/datapipeline/.env/lib/python3.8/site-packages/airflow/example_dags/example_branch_datetime_operator.py took 0.077 seconds
[2022-11-21T21:47:40.666-0300] {processor.py:153} INFO - Started process (PID=10483) to work on /home/juliana/Área de Trabalho/datapipeline/.env/lib/python3.8/site-packages/airflow/example_dags/example_branch_datetime_operator.py
[2022-11-21T21:47:40.667-0300] {processor.py:640} INFO - Processing file /home/juliana/Área de Trabalho/datapipeline/.env/lib/python3.8/site-packages/airflow/example_dags/example_branch_datetime_operator.py for tasks to queue
[2022-11-21T21:47:40.668-0300] {logging_mixin.py:115} INFO - [2022-11-21T21:47:40.668-0300] {dagbag.py:508} INFO - Filling up the DagBag from /home/juliana/Área de Trabalho/datapipeline/.env/lib/python3.8/site-packages/airflow/example_dags/example_branch_datetime_operator.py
[2022-11-21T21:47:40.684-0300] {processor.py:650} INFO - DAG(s) dict_keys(['example_branch_datetime_operator', 'example_branch_datetime_operator_2']) retrieved from /home/juliana/Área de Trabalho/datapipeline/.env/lib/python3.8/site-packages/airflow/example_dags/example_branch_datetime_operator.py
[2022-11-21T21:47:40.705-0300] {logging_mixin.py:115} INFO - [2022-11-21T21:47:40.704-0300] {dag.py:2429} INFO - Sync 2 DAGs
[2022-11-21T21:47:40.720-0300] {logging_mixin.py:115} INFO - [2022-11-21T21:47:40.720-0300] {dag.py:2977} INFO - Setting next_dagrun for example_branch_datetime_operator to 2022-11-21T00:00:00+00:00, run_after=2022-11-22T00:00:00+00:00
[2022-11-21T21:47:40.721-0300] {logging_mixin.py:115} INFO - [2022-11-21T21:47:40.721-0300] {dag.py:2977} INFO - Setting next_dagrun for example_branch_datetime_operator_2 to 2022-11-21T00:00:00+00:00, run_after=2022-11-22T00:00:00+00:00
[2022-11-21T21:47:40.742-0300] {processor.py:161} INFO - Processing /home/juliana/Área de Trabalho/datapipeline/.env/lib/python3.8/site-packages/airflow/example_dags/example_branch_datetime_operator.py took 0.080 seconds
[2022-11-21T21:48:17.139-0300] {processor.py:153} INFO - Started process (PID=10599) to work on /home/juliana/Área de Trabalho/datapipeline/.env/lib/python3.8/site-packages/airflow/example_dags/example_branch_datetime_operator.py
[2022-11-21T21:48:17.141-0300] {processor.py:640} INFO - Processing file /home/juliana/Área de Trabalho/datapipeline/.env/lib/python3.8/site-packages/airflow/example_dags/example_branch_datetime_operator.py for tasks to queue
[2022-11-21T21:48:17.142-0300] {logging_mixin.py:115} INFO - [2022-11-21T21:48:17.142-0300] {dagbag.py:508} INFO - Filling up the DagBag from /home/juliana/Área de Trabalho/datapipeline/.env/lib/python3.8/site-packages/airflow/example_dags/example_branch_datetime_operator.py
[2022-11-21T21:48:17.156-0300] {processor.py:650} INFO - DAG(s) dict_keys(['example_branch_datetime_operator', 'example_branch_datetime_operator_2']) retrieved from /home/juliana/Área de Trabalho/datapipeline/.env/lib/python3.8/site-packages/airflow/example_dags/example_branch_datetime_operator.py
[2022-11-21T21:48:17.177-0300] {logging_mixin.py:115} INFO - [2022-11-21T21:48:17.177-0300] {dag.py:2429} INFO - Sync 2 DAGs
[2022-11-21T21:48:17.192-0300] {logging_mixin.py:115} INFO - [2022-11-21T21:48:17.192-0300] {dag.py:2977} INFO - Setting next_dagrun for example_branch_datetime_operator to 2022-11-21T00:00:00+00:00, run_after=2022-11-22T00:00:00+00:00
[2022-11-21T21:48:17.194-0300] {logging_mixin.py:115} INFO - [2022-11-21T21:48:17.194-0300] {dag.py:2977} INFO - Setting next_dagrun for example_branch_datetime_operator_2 to 2022-11-21T00:00:00+00:00, run_after=2022-11-22T00:00:00+00:00
[2022-11-21T21:48:17.214-0300] {processor.py:161} INFO - Processing /home/juliana/Área de Trabalho/datapipeline/.env/lib/python3.8/site-packages/airflow/example_dags/example_branch_datetime_operator.py took 0.080 seconds
[2022-11-21T21:48:54.853-0300] {processor.py:153} INFO - Started process (PID=10744) to work on /home/juliana/Área de Trabalho/datapipeline/.env/lib/python3.8/site-packages/airflow/example_dags/example_branch_datetime_operator.py
[2022-11-21T21:48:54.854-0300] {processor.py:640} INFO - Processing file /home/juliana/Área de Trabalho/datapipeline/.env/lib/python3.8/site-packages/airflow/example_dags/example_branch_datetime_operator.py for tasks to queue
[2022-11-21T21:48:54.855-0300] {logging_mixin.py:115} INFO - [2022-11-21T21:48:54.855-0300] {dagbag.py:508} INFO - Filling up the DagBag from /home/juliana/Área de Trabalho/datapipeline/.env/lib/python3.8/site-packages/airflow/example_dags/example_branch_datetime_operator.py
[2022-11-21T21:48:54.868-0300] {processor.py:650} INFO - DAG(s) dict_keys(['example_branch_datetime_operator', 'example_branch_datetime_operator_2']) retrieved from /home/juliana/Área de Trabalho/datapipeline/.env/lib/python3.8/site-packages/airflow/example_dags/example_branch_datetime_operator.py
[2022-11-21T21:48:54.888-0300] {logging_mixin.py:115} INFO - [2022-11-21T21:48:54.888-0300] {dag.py:2429} INFO - Sync 2 DAGs
[2022-11-21T21:48:54.903-0300] {logging_mixin.py:115} INFO - [2022-11-21T21:48:54.903-0300] {dag.py:2977} INFO - Setting next_dagrun for example_branch_datetime_operator to 2022-11-21T00:00:00+00:00, run_after=2022-11-22T00:00:00+00:00
[2022-11-21T21:48:54.904-0300] {logging_mixin.py:115} INFO - [2022-11-21T21:48:54.904-0300] {dag.py:2977} INFO - Setting next_dagrun for example_branch_datetime_operator_2 to 2022-11-21T00:00:00+00:00, run_after=2022-11-22T00:00:00+00:00
[2022-11-21T21:48:54.925-0300] {processor.py:161} INFO - Processing /home/juliana/Área de Trabalho/datapipeline/.env/lib/python3.8/site-packages/airflow/example_dags/example_branch_datetime_operator.py took 0.078 seconds
[2022-11-21T21:49:33.179-0300] {processor.py:153} INFO - Started process (PID=10782) to work on /home/juliana/Área de Trabalho/datapipeline/.env/lib/python3.8/site-packages/airflow/example_dags/example_branch_datetime_operator.py
[2022-11-21T21:49:33.180-0300] {processor.py:640} INFO - Processing file /home/juliana/Área de Trabalho/datapipeline/.env/lib/python3.8/site-packages/airflow/example_dags/example_branch_datetime_operator.py for tasks to queue
[2022-11-21T21:49:33.181-0300] {logging_mixin.py:115} INFO - [2022-11-21T21:49:33.181-0300] {dagbag.py:508} INFO - Filling up the DagBag from /home/juliana/Área de Trabalho/datapipeline/.env/lib/python3.8/site-packages/airflow/example_dags/example_branch_datetime_operator.py
[2022-11-21T21:49:33.193-0300] {processor.py:650} INFO - DAG(s) dict_keys(['example_branch_datetime_operator', 'example_branch_datetime_operator_2']) retrieved from /home/juliana/Área de Trabalho/datapipeline/.env/lib/python3.8/site-packages/airflow/example_dags/example_branch_datetime_operator.py
[2022-11-21T21:49:33.211-0300] {logging_mixin.py:115} INFO - [2022-11-21T21:49:33.211-0300] {dag.py:2429} INFO - Sync 2 DAGs
[2022-11-21T21:49:33.226-0300] {logging_mixin.py:115} INFO - [2022-11-21T21:49:33.226-0300] {dag.py:2977} INFO - Setting next_dagrun for example_branch_datetime_operator to 2022-11-21T00:00:00+00:00, run_after=2022-11-22T00:00:00+00:00
[2022-11-21T21:49:33.228-0300] {logging_mixin.py:115} INFO - [2022-11-21T21:49:33.228-0300] {dag.py:2977} INFO - Setting next_dagrun for example_branch_datetime_operator_2 to 2022-11-21T00:00:00+00:00, run_after=2022-11-22T00:00:00+00:00
[2022-11-21T21:49:33.300-0300] {processor.py:161} INFO - Processing /home/juliana/Área de Trabalho/datapipeline/.env/lib/python3.8/site-packages/airflow/example_dags/example_branch_datetime_operator.py took 0.123 seconds
[2022-11-21T21:50:09.483-0300] {processor.py:153} INFO - Started process (PID=10818) to work on /home/juliana/Área de Trabalho/datapipeline/.env/lib/python3.8/site-packages/airflow/example_dags/example_branch_datetime_operator.py
[2022-11-21T21:50:09.484-0300] {processor.py:640} INFO - Processing file /home/juliana/Área de Trabalho/datapipeline/.env/lib/python3.8/site-packages/airflow/example_dags/example_branch_datetime_operator.py for tasks to queue
[2022-11-21T21:50:09.485-0300] {logging_mixin.py:115} INFO - [2022-11-21T21:50:09.484-0300] {dagbag.py:508} INFO - Filling up the DagBag from /home/juliana/Área de Trabalho/datapipeline/.env/lib/python3.8/site-packages/airflow/example_dags/example_branch_datetime_operator.py
[2022-11-21T21:50:09.494-0300] {processor.py:650} INFO - DAG(s) dict_keys(['example_branch_datetime_operator', 'example_branch_datetime_operator_2']) retrieved from /home/juliana/Área de Trabalho/datapipeline/.env/lib/python3.8/site-packages/airflow/example_dags/example_branch_datetime_operator.py
[2022-11-21T21:50:09.512-0300] {logging_mixin.py:115} INFO - [2022-11-21T21:50:09.512-0300] {dag.py:2429} INFO - Sync 2 DAGs
[2022-11-21T21:50:09.527-0300] {logging_mixin.py:115} INFO - [2022-11-21T21:50:09.527-0300] {dag.py:2977} INFO - Setting next_dagrun for example_branch_datetime_operator to 2022-11-21T00:00:00+00:00, run_after=2022-11-22T00:00:00+00:00
[2022-11-21T21:50:09.528-0300] {logging_mixin.py:115} INFO - [2022-11-21T21:50:09.528-0300] {dag.py:2977} INFO - Setting next_dagrun for example_branch_datetime_operator_2 to 2022-11-21T00:00:00+00:00, run_after=2022-11-22T00:00:00+00:00
[2022-11-21T21:50:09.548-0300] {processor.py:161} INFO - Processing /home/juliana/Área de Trabalho/datapipeline/.env/lib/python3.8/site-packages/airflow/example_dags/example_branch_datetime_operator.py took 0.069 seconds
[2022-11-21T21:50:43.081-0300] {processor.py:153} INFO - Started process (PID=10876) to work on /home/juliana/Área de Trabalho/datapipeline/.env/lib/python3.8/site-packages/airflow/example_dags/example_branch_datetime_operator.py
[2022-11-21T21:50:43.083-0300] {processor.py:640} INFO - Processing file /home/juliana/Área de Trabalho/datapipeline/.env/lib/python3.8/site-packages/airflow/example_dags/example_branch_datetime_operator.py for tasks to queue
[2022-11-21T21:50:43.084-0300] {logging_mixin.py:115} INFO - [2022-11-21T21:50:43.083-0300] {dagbag.py:508} INFO - Filling up the DagBag from /home/juliana/Área de Trabalho/datapipeline/.env/lib/python3.8/site-packages/airflow/example_dags/example_branch_datetime_operator.py
[2022-11-21T21:50:43.105-0300] {processor.py:650} INFO - DAG(s) dict_keys(['example_branch_datetime_operator', 'example_branch_datetime_operator_2']) retrieved from /home/juliana/Área de Trabalho/datapipeline/.env/lib/python3.8/site-packages/airflow/example_dags/example_branch_datetime_operator.py
[2022-11-21T21:50:43.127-0300] {logging_mixin.py:115} INFO - [2022-11-21T21:50:43.127-0300] {dag.py:2429} INFO - Sync 2 DAGs
[2022-11-21T21:50:43.143-0300] {logging_mixin.py:115} INFO - [2022-11-21T21:50:43.143-0300] {dag.py:2977} INFO - Setting next_dagrun for example_branch_datetime_operator to 2022-11-21T00:00:00+00:00, run_after=2022-11-22T00:00:00+00:00
[2022-11-21T21:50:43.145-0300] {logging_mixin.py:115} INFO - [2022-11-21T21:50:43.145-0300] {dag.py:2977} INFO - Setting next_dagrun for example_branch_datetime_operator_2 to 2022-11-21T00:00:00+00:00, run_after=2022-11-22T00:00:00+00:00
[2022-11-21T21:50:43.161-0300] {processor.py:161} INFO - Processing /home/juliana/Área de Trabalho/datapipeline/.env/lib/python3.8/site-packages/airflow/example_dags/example_branch_datetime_operator.py took 0.084 seconds
[2022-11-21T21:51:20.395-0300] {processor.py:153} INFO - Started process (PID=10916) to work on /home/juliana/Área de Trabalho/datapipeline/.env/lib/python3.8/site-packages/airflow/example_dags/example_branch_datetime_operator.py
[2022-11-21T21:51:20.396-0300] {processor.py:640} INFO - Processing file /home/juliana/Área de Trabalho/datapipeline/.env/lib/python3.8/site-packages/airflow/example_dags/example_branch_datetime_operator.py for tasks to queue
[2022-11-21T21:51:20.397-0300] {logging_mixin.py:115} INFO - [2022-11-21T21:51:20.397-0300] {dagbag.py:508} INFO - Filling up the DagBag from /home/juliana/Área de Trabalho/datapipeline/.env/lib/python3.8/site-packages/airflow/example_dags/example_branch_datetime_operator.py
[2022-11-21T21:51:20.410-0300] {processor.py:650} INFO - DAG(s) dict_keys(['example_branch_datetime_operator', 'example_branch_datetime_operator_2']) retrieved from /home/juliana/Área de Trabalho/datapipeline/.env/lib/python3.8/site-packages/airflow/example_dags/example_branch_datetime_operator.py
[2022-11-21T21:51:20.429-0300] {logging_mixin.py:115} INFO - [2022-11-21T21:51:20.429-0300] {dag.py:2429} INFO - Sync 2 DAGs
[2022-11-21T21:51:20.446-0300] {logging_mixin.py:115} INFO - [2022-11-21T21:51:20.445-0300] {dag.py:2977} INFO - Setting next_dagrun for example_branch_datetime_operator to 2022-11-21T00:00:00+00:00, run_after=2022-11-22T00:00:00+00:00
[2022-11-21T21:51:20.447-0300] {logging_mixin.py:115} INFO - [2022-11-21T21:51:20.447-0300] {dag.py:2977} INFO - Setting next_dagrun for example_branch_datetime_operator_2 to 2022-11-21T00:00:00+00:00, run_after=2022-11-22T00:00:00+00:00
[2022-11-21T21:51:20.466-0300] {processor.py:161} INFO - Processing /home/juliana/Área de Trabalho/datapipeline/.env/lib/python3.8/site-packages/airflow/example_dags/example_branch_datetime_operator.py took 0.075 seconds
[2022-11-21T21:51:58.954-0300] {processor.py:153} INFO - Started process (PID=10952) to work on /home/juliana/Área de Trabalho/datapipeline/.env/lib/python3.8/site-packages/airflow/example_dags/example_branch_datetime_operator.py
[2022-11-21T21:51:58.955-0300] {processor.py:640} INFO - Processing file /home/juliana/Área de Trabalho/datapipeline/.env/lib/python3.8/site-packages/airflow/example_dags/example_branch_datetime_operator.py for tasks to queue
[2022-11-21T21:51:58.955-0300] {logging_mixin.py:115} INFO - [2022-11-21T21:51:58.955-0300] {dagbag.py:508} INFO - Filling up the DagBag from /home/juliana/Área de Trabalho/datapipeline/.env/lib/python3.8/site-packages/airflow/example_dags/example_branch_datetime_operator.py
[2022-11-21T21:51:58.963-0300] {processor.py:650} INFO - DAG(s) dict_keys(['example_branch_datetime_operator', 'example_branch_datetime_operator_2']) retrieved from /home/juliana/Área de Trabalho/datapipeline/.env/lib/python3.8/site-packages/airflow/example_dags/example_branch_datetime_operator.py
[2022-11-21T21:51:58.980-0300] {logging_mixin.py:115} INFO - [2022-11-21T21:51:58.980-0300] {dag.py:2429} INFO - Sync 2 DAGs
[2022-11-21T21:51:58.996-0300] {logging_mixin.py:115} INFO - [2022-11-21T21:51:58.996-0300] {dag.py:2977} INFO - Setting next_dagrun for example_branch_datetime_operator to 2022-11-21T00:00:00+00:00, run_after=2022-11-22T00:00:00+00:00
[2022-11-21T21:51:58.997-0300] {logging_mixin.py:115} INFO - [2022-11-21T21:51:58.997-0300] {dag.py:2977} INFO - Setting next_dagrun for example_branch_datetime_operator_2 to 2022-11-21T00:00:00+00:00, run_after=2022-11-22T00:00:00+00:00
[2022-11-21T21:51:59.016-0300] {processor.py:161} INFO - Processing /home/juliana/Área de Trabalho/datapipeline/.env/lib/python3.8/site-packages/airflow/example_dags/example_branch_datetime_operator.py took 0.064 seconds
[2022-11-21T21:52:33.656-0300] {processor.py:153} INFO - Started process (PID=10987) to work on /home/juliana/Área de Trabalho/datapipeline/.env/lib/python3.8/site-packages/airflow/example_dags/example_branch_datetime_operator.py
[2022-11-21T21:52:33.657-0300] {processor.py:640} INFO - Processing file /home/juliana/Área de Trabalho/datapipeline/.env/lib/python3.8/site-packages/airflow/example_dags/example_branch_datetime_operator.py for tasks to queue
[2022-11-21T21:52:33.658-0300] {logging_mixin.py:115} INFO - [2022-11-21T21:52:33.658-0300] {dagbag.py:508} INFO - Filling up the DagBag from /home/juliana/Área de Trabalho/datapipeline/.env/lib/python3.8/site-packages/airflow/example_dags/example_branch_datetime_operator.py
[2022-11-21T21:52:33.672-0300] {processor.py:650} INFO - DAG(s) dict_keys(['example_branch_datetime_operator', 'example_branch_datetime_operator_2']) retrieved from /home/juliana/Área de Trabalho/datapipeline/.env/lib/python3.8/site-packages/airflow/example_dags/example_branch_datetime_operator.py
[2022-11-21T21:52:33.691-0300] {logging_mixin.py:115} INFO - [2022-11-21T21:52:33.691-0300] {dag.py:2429} INFO - Sync 2 DAGs
[2022-11-21T21:52:33.706-0300] {logging_mixin.py:115} INFO - [2022-11-21T21:52:33.706-0300] {dag.py:2977} INFO - Setting next_dagrun for example_branch_datetime_operator to 2022-11-21T00:00:00+00:00, run_after=2022-11-22T00:00:00+00:00
[2022-11-21T21:52:33.707-0300] {logging_mixin.py:115} INFO - [2022-11-21T21:52:33.707-0300] {dag.py:2977} INFO - Setting next_dagrun for example_branch_datetime_operator_2 to 2022-11-21T00:00:00+00:00, run_after=2022-11-22T00:00:00+00:00
[2022-11-21T21:52:33.728-0300] {processor.py:161} INFO - Processing /home/juliana/Área de Trabalho/datapipeline/.env/lib/python3.8/site-packages/airflow/example_dags/example_branch_datetime_operator.py took 0.078 seconds
[2022-11-21T21:53:07.694-0300] {processor.py:153} INFO - Started process (PID=11031) to work on /home/juliana/Área de Trabalho/datapipeline/.env/lib/python3.8/site-packages/airflow/example_dags/example_branch_datetime_operator.py
[2022-11-21T21:53:07.694-0300] {processor.py:640} INFO - Processing file /home/juliana/Área de Trabalho/datapipeline/.env/lib/python3.8/site-packages/airflow/example_dags/example_branch_datetime_operator.py for tasks to queue
[2022-11-21T21:53:07.695-0300] {logging_mixin.py:115} INFO - [2022-11-21T21:53:07.695-0300] {dagbag.py:508} INFO - Filling up the DagBag from /home/juliana/Área de Trabalho/datapipeline/.env/lib/python3.8/site-packages/airflow/example_dags/example_branch_datetime_operator.py
[2022-11-21T21:53:07.703-0300] {processor.py:650} INFO - DAG(s) dict_keys(['example_branch_datetime_operator', 'example_branch_datetime_operator_2']) retrieved from /home/juliana/Área de Trabalho/datapipeline/.env/lib/python3.8/site-packages/airflow/example_dags/example_branch_datetime_operator.py
[2022-11-21T21:53:07.721-0300] {logging_mixin.py:115} INFO - [2022-11-21T21:53:07.720-0300] {dag.py:2429} INFO - Sync 2 DAGs
[2022-11-21T21:53:07.736-0300] {logging_mixin.py:115} INFO - [2022-11-21T21:53:07.736-0300] {dag.py:2977} INFO - Setting next_dagrun for example_branch_datetime_operator to 2022-11-21T00:00:00+00:00, run_after=2022-11-22T00:00:00+00:00
[2022-11-21T21:53:07.738-0300] {logging_mixin.py:115} INFO - [2022-11-21T21:53:07.737-0300] {dag.py:2977} INFO - Setting next_dagrun for example_branch_datetime_operator_2 to 2022-11-21T00:00:00+00:00, run_after=2022-11-22T00:00:00+00:00
[2022-11-21T21:53:07.757-0300] {processor.py:161} INFO - Processing /home/juliana/Área de Trabalho/datapipeline/.env/lib/python3.8/site-packages/airflow/example_dags/example_branch_datetime_operator.py took 0.066 seconds
[2022-11-21T21:53:44.921-0300] {processor.py:153} INFO - Started process (PID=11253) to work on /home/juliana/Área de Trabalho/datapipeline/.env/lib/python3.8/site-packages/airflow/example_dags/example_branch_datetime_operator.py
[2022-11-21T21:53:44.923-0300] {processor.py:640} INFO - Processing file /home/juliana/Área de Trabalho/datapipeline/.env/lib/python3.8/site-packages/airflow/example_dags/example_branch_datetime_operator.py for tasks to queue
[2022-11-21T21:53:44.924-0300] {logging_mixin.py:115} INFO - [2022-11-21T21:53:44.923-0300] {dagbag.py:508} INFO - Filling up the DagBag from /home/juliana/Área de Trabalho/datapipeline/.env/lib/python3.8/site-packages/airflow/example_dags/example_branch_datetime_operator.py
[2022-11-21T21:53:44.935-0300] {processor.py:650} INFO - DAG(s) dict_keys(['example_branch_datetime_operator', 'example_branch_datetime_operator_2']) retrieved from /home/juliana/Área de Trabalho/datapipeline/.env/lib/python3.8/site-packages/airflow/example_dags/example_branch_datetime_operator.py
[2022-11-21T21:53:44.953-0300] {logging_mixin.py:115} INFO - [2022-11-21T21:53:44.953-0300] {dag.py:2429} INFO - Sync 2 DAGs
[2022-11-21T21:53:44.987-0300] {logging_mixin.py:115} INFO - [2022-11-21T21:53:44.986-0300] {dag.py:2977} INFO - Setting next_dagrun for example_branch_datetime_operator to 2022-11-21T00:00:00+00:00, run_after=2022-11-22T00:00:00+00:00
[2022-11-21T21:53:44.988-0300] {logging_mixin.py:115} INFO - [2022-11-21T21:53:44.988-0300] {dag.py:2977} INFO - Setting next_dagrun for example_branch_datetime_operator_2 to 2022-11-21T00:00:00+00:00, run_after=2022-11-22T00:00:00+00:00
[2022-11-21T21:53:45.003-0300] {processor.py:161} INFO - Processing /home/juliana/Área de Trabalho/datapipeline/.env/lib/python3.8/site-packages/airflow/example_dags/example_branch_datetime_operator.py took 0.087 seconds
[2022-11-21T21:54:20.467-0300] {processor.py:153} INFO - Started process (PID=11470) to work on /home/juliana/Área de Trabalho/datapipeline/.env/lib/python3.8/site-packages/airflow/example_dags/example_branch_datetime_operator.py
[2022-11-21T21:54:20.470-0300] {processor.py:640} INFO - Processing file /home/juliana/Área de Trabalho/datapipeline/.env/lib/python3.8/site-packages/airflow/example_dags/example_branch_datetime_operator.py for tasks to queue
[2022-11-21T21:54:20.471-0300] {logging_mixin.py:115} INFO - [2022-11-21T21:54:20.470-0300] {dagbag.py:508} INFO - Filling up the DagBag from /home/juliana/Área de Trabalho/datapipeline/.env/lib/python3.8/site-packages/airflow/example_dags/example_branch_datetime_operator.py
[2022-11-21T21:54:20.479-0300] {processor.py:650} INFO - DAG(s) dict_keys(['example_branch_datetime_operator', 'example_branch_datetime_operator_2']) retrieved from /home/juliana/Área de Trabalho/datapipeline/.env/lib/python3.8/site-packages/airflow/example_dags/example_branch_datetime_operator.py
[2022-11-21T21:54:20.496-0300] {logging_mixin.py:115} INFO - [2022-11-21T21:54:20.496-0300] {dag.py:2429} INFO - Sync 2 DAGs
[2022-11-21T21:54:20.512-0300] {logging_mixin.py:115} INFO - [2022-11-21T21:54:20.512-0300] {dag.py:2977} INFO - Setting next_dagrun for example_branch_datetime_operator to 2022-11-21T00:00:00+00:00, run_after=2022-11-22T00:00:00+00:00
[2022-11-21T21:54:20.513-0300] {logging_mixin.py:115} INFO - [2022-11-21T21:54:20.513-0300] {dag.py:2977} INFO - Setting next_dagrun for example_branch_datetime_operator_2 to 2022-11-21T00:00:00+00:00, run_after=2022-11-22T00:00:00+00:00
[2022-11-21T21:54:20.534-0300] {processor.py:161} INFO - Processing /home/juliana/Área de Trabalho/datapipeline/.env/lib/python3.8/site-packages/airflow/example_dags/example_branch_datetime_operator.py took 0.072 seconds
[2022-11-21T21:55:02.513-0300] {processor.py:153} INFO - Started process (PID=11568) to work on /home/juliana/Área de Trabalho/datapipeline/.env/lib/python3.8/site-packages/airflow/example_dags/example_branch_datetime_operator.py
[2022-11-21T21:55:02.515-0300] {processor.py:640} INFO - Processing file /home/juliana/Área de Trabalho/datapipeline/.env/lib/python3.8/site-packages/airflow/example_dags/example_branch_datetime_operator.py for tasks to queue
[2022-11-21T21:55:02.515-0300] {logging_mixin.py:115} INFO - [2022-11-21T21:55:02.515-0300] {dagbag.py:508} INFO - Filling up the DagBag from /home/juliana/Área de Trabalho/datapipeline/.env/lib/python3.8/site-packages/airflow/example_dags/example_branch_datetime_operator.py
[2022-11-21T21:55:02.531-0300] {processor.py:650} INFO - DAG(s) dict_keys(['example_branch_datetime_operator', 'example_branch_datetime_operator_2']) retrieved from /home/juliana/Área de Trabalho/datapipeline/.env/lib/python3.8/site-packages/airflow/example_dags/example_branch_datetime_operator.py
[2022-11-21T21:55:02.570-0300] {logging_mixin.py:115} INFO - [2022-11-21T21:55:02.569-0300] {dag.py:2429} INFO - Sync 2 DAGs
[2022-11-21T21:55:02.608-0300] {logging_mixin.py:115} INFO - [2022-11-21T21:55:02.608-0300] {dag.py:2977} INFO - Setting next_dagrun for example_branch_datetime_operator to 2022-11-21T00:00:00+00:00, run_after=2022-11-22T00:00:00+00:00
[2022-11-21T21:55:02.609-0300] {logging_mixin.py:115} INFO - [2022-11-21T21:55:02.609-0300] {dag.py:2977} INFO - Setting next_dagrun for example_branch_datetime_operator_2 to 2022-11-21T00:00:00+00:00, run_after=2022-11-22T00:00:00+00:00
[2022-11-21T21:55:02.632-0300] {processor.py:161} INFO - Processing /home/juliana/Área de Trabalho/datapipeline/.env/lib/python3.8/site-packages/airflow/example_dags/example_branch_datetime_operator.py took 0.126 seconds
[2022-11-21T21:55:56.115-0300] {processor.py:153} INFO - Started process (PID=11830) to work on /home/juliana/Área de Trabalho/datapipeline/.env/lib/python3.8/site-packages/airflow/example_dags/example_branch_datetime_operator.py
[2022-11-21T21:55:56.120-0300] {processor.py:640} INFO - Processing file /home/juliana/Área de Trabalho/datapipeline/.env/lib/python3.8/site-packages/airflow/example_dags/example_branch_datetime_operator.py for tasks to queue
[2022-11-21T21:55:56.121-0300] {logging_mixin.py:115} INFO - [2022-11-21T21:55:56.121-0300] {dagbag.py:508} INFO - Filling up the DagBag from /home/juliana/Área de Trabalho/datapipeline/.env/lib/python3.8/site-packages/airflow/example_dags/example_branch_datetime_operator.py
[2022-11-21T21:55:56.142-0300] {processor.py:650} INFO - DAG(s) dict_keys(['example_branch_datetime_operator', 'example_branch_datetime_operator_2']) retrieved from /home/juliana/Área de Trabalho/datapipeline/.env/lib/python3.8/site-packages/airflow/example_dags/example_branch_datetime_operator.py
[2022-11-21T21:55:56.182-0300] {logging_mixin.py:115} INFO - [2022-11-21T21:55:56.181-0300] {dag.py:2429} INFO - Sync 2 DAGs
[2022-11-21T21:55:56.242-0300] {logging_mixin.py:115} INFO - [2022-11-21T21:55:56.239-0300] {dag.py:2977} INFO - Setting next_dagrun for example_branch_datetime_operator to 2022-11-21T00:00:00+00:00, run_after=2022-11-22T00:00:00+00:00
[2022-11-21T21:55:56.244-0300] {logging_mixin.py:115} INFO - [2022-11-21T21:55:56.244-0300] {dag.py:2977} INFO - Setting next_dagrun for example_branch_datetime_operator_2 to 2022-11-21T00:00:00+00:00, run_after=2022-11-22T00:00:00+00:00
[2022-11-21T21:55:56.275-0300] {processor.py:161} INFO - Processing /home/juliana/Área de Trabalho/datapipeline/.env/lib/python3.8/site-packages/airflow/example_dags/example_branch_datetime_operator.py took 0.172 seconds
[2022-11-21T22:04:07.392-0300] {processor.py:153} INFO - Started process (PID=2498) to work on /home/juliana/Área de Trabalho/datapipeline/.env/lib/python3.8/site-packages/airflow/example_dags/example_branch_datetime_operator.py
[2022-11-21T22:04:07.395-0300] {processor.py:640} INFO - Processing file /home/juliana/Área de Trabalho/datapipeline/.env/lib/python3.8/site-packages/airflow/example_dags/example_branch_datetime_operator.py for tasks to queue
[2022-11-21T22:04:07.396-0300] {logging_mixin.py:115} INFO - [2022-11-21T22:04:07.396-0300] {dagbag.py:508} INFO - Filling up the DagBag from /home/juliana/Área de Trabalho/datapipeline/.env/lib/python3.8/site-packages/airflow/example_dags/example_branch_datetime_operator.py
[2022-11-21T22:04:07.412-0300] {processor.py:650} INFO - DAG(s) dict_keys(['example_branch_datetime_operator', 'example_branch_datetime_operator_2']) retrieved from /home/juliana/Área de Trabalho/datapipeline/.env/lib/python3.8/site-packages/airflow/example_dags/example_branch_datetime_operator.py
[2022-11-21T22:04:07.453-0300] {logging_mixin.py:115} INFO - [2022-11-21T22:04:07.453-0300] {dag.py:2429} INFO - Sync 2 DAGs
[2022-11-21T22:04:07.497-0300] {logging_mixin.py:115} INFO - [2022-11-21T22:04:07.496-0300] {dag.py:2977} INFO - Setting next_dagrun for example_branch_datetime_operator to 2022-11-21T00:00:00+00:00, run_after=2022-11-22T00:00:00+00:00
[2022-11-21T22:04:07.498-0300] {logging_mixin.py:115} INFO - [2022-11-21T22:04:07.498-0300] {dag.py:2977} INFO - Setting next_dagrun for example_branch_datetime_operator_2 to 2022-11-21T00:00:00+00:00, run_after=2022-11-22T00:00:00+00:00
[2022-11-21T22:04:07.528-0300] {processor.py:161} INFO - Processing /home/juliana/Área de Trabalho/datapipeline/.env/lib/python3.8/site-packages/airflow/example_dags/example_branch_datetime_operator.py took 0.148 seconds
[2022-11-21T22:04:47.815-0300] {processor.py:153} INFO - Started process (PID=2561) to work on /home/juliana/Área de Trabalho/datapipeline/.env/lib/python3.8/site-packages/airflow/example_dags/example_branch_datetime_operator.py
[2022-11-21T22:04:47.818-0300] {processor.py:640} INFO - Processing file /home/juliana/Área de Trabalho/datapipeline/.env/lib/python3.8/site-packages/airflow/example_dags/example_branch_datetime_operator.py for tasks to queue
[2022-11-21T22:04:47.820-0300] {logging_mixin.py:115} INFO - [2022-11-21T22:04:47.819-0300] {dagbag.py:508} INFO - Filling up the DagBag from /home/juliana/Área de Trabalho/datapipeline/.env/lib/python3.8/site-packages/airflow/example_dags/example_branch_datetime_operator.py
[2022-11-21T22:04:47.849-0300] {processor.py:650} INFO - DAG(s) dict_keys(['example_branch_datetime_operator', 'example_branch_datetime_operator_2']) retrieved from /home/juliana/Área de Trabalho/datapipeline/.env/lib/python3.8/site-packages/airflow/example_dags/example_branch_datetime_operator.py
[2022-11-21T22:04:47.898-0300] {logging_mixin.py:115} INFO - [2022-11-21T22:04:47.897-0300] {dag.py:2429} INFO - Sync 2 DAGs
[2022-11-21T22:04:47.960-0300] {logging_mixin.py:115} INFO - [2022-11-21T22:04:47.959-0300] {dag.py:2977} INFO - Setting next_dagrun for example_branch_datetime_operator to 2022-11-21T00:00:00+00:00, run_after=2022-11-22T00:00:00+00:00
[2022-11-21T22:04:47.965-0300] {logging_mixin.py:115} INFO - [2022-11-21T22:04:47.964-0300] {dag.py:2977} INFO - Setting next_dagrun for example_branch_datetime_operator_2 to 2022-11-21T00:00:00+00:00, run_after=2022-11-22T00:00:00+00:00
[2022-11-21T22:04:47.996-0300] {processor.py:161} INFO - Processing /home/juliana/Área de Trabalho/datapipeline/.env/lib/python3.8/site-packages/airflow/example_dags/example_branch_datetime_operator.py took 0.186 seconds
[2022-11-21T22:05:28.381-0300] {processor.py:153} INFO - Started process (PID=3211) to work on /home/juliana/Área de Trabalho/datapipeline/.env/lib/python3.8/site-packages/airflow/example_dags/example_branch_datetime_operator.py
[2022-11-21T22:05:28.383-0300] {processor.py:640} INFO - Processing file /home/juliana/Área de Trabalho/datapipeline/.env/lib/python3.8/site-packages/airflow/example_dags/example_branch_datetime_operator.py for tasks to queue
[2022-11-21T22:05:28.384-0300] {logging_mixin.py:115} INFO - [2022-11-21T22:05:28.384-0300] {dagbag.py:508} INFO - Filling up the DagBag from /home/juliana/Área de Trabalho/datapipeline/.env/lib/python3.8/site-packages/airflow/example_dags/example_branch_datetime_operator.py
[2022-11-21T22:05:28.405-0300] {processor.py:650} INFO - DAG(s) dict_keys(['example_branch_datetime_operator', 'example_branch_datetime_operator_2']) retrieved from /home/juliana/Área de Trabalho/datapipeline/.env/lib/python3.8/site-packages/airflow/example_dags/example_branch_datetime_operator.py
[2022-11-21T22:05:28.441-0300] {logging_mixin.py:115} INFO - [2022-11-21T22:05:28.440-0300] {dag.py:2429} INFO - Sync 2 DAGs
[2022-11-21T22:05:28.491-0300] {logging_mixin.py:115} INFO - [2022-11-21T22:05:28.491-0300] {dag.py:2977} INFO - Setting next_dagrun for example_branch_datetime_operator to 2022-11-21T00:00:00+00:00, run_after=2022-11-22T00:00:00+00:00
[2022-11-21T22:05:28.497-0300] {logging_mixin.py:115} INFO - [2022-11-21T22:05:28.497-0300] {dag.py:2977} INFO - Setting next_dagrun for example_branch_datetime_operator_2 to 2022-11-21T00:00:00+00:00, run_after=2022-11-22T00:00:00+00:00
[2022-11-21T22:05:28.518-0300] {processor.py:161} INFO - Processing /home/juliana/Área de Trabalho/datapipeline/.env/lib/python3.8/site-packages/airflow/example_dags/example_branch_datetime_operator.py took 0.147 seconds
[2022-11-21T22:06:07.628-0300] {processor.py:153} INFO - Started process (PID=3555) to work on /home/juliana/Área de Trabalho/datapipeline/.env/lib/python3.8/site-packages/airflow/example_dags/example_branch_datetime_operator.py
[2022-11-21T22:06:07.635-0300] {processor.py:640} INFO - Processing file /home/juliana/Área de Trabalho/datapipeline/.env/lib/python3.8/site-packages/airflow/example_dags/example_branch_datetime_operator.py for tasks to queue
[2022-11-21T22:06:07.636-0300] {logging_mixin.py:115} INFO - [2022-11-21T22:06:07.636-0300] {dagbag.py:508} INFO - Filling up the DagBag from /home/juliana/Área de Trabalho/datapipeline/.env/lib/python3.8/site-packages/airflow/example_dags/example_branch_datetime_operator.py
[2022-11-21T22:06:07.650-0300] {processor.py:650} INFO - DAG(s) dict_keys(['example_branch_datetime_operator', 'example_branch_datetime_operator_2']) retrieved from /home/juliana/Área de Trabalho/datapipeline/.env/lib/python3.8/site-packages/airflow/example_dags/example_branch_datetime_operator.py
[2022-11-21T22:06:07.669-0300] {logging_mixin.py:115} INFO - [2022-11-21T22:06:07.668-0300] {dag.py:2429} INFO - Sync 2 DAGs
[2022-11-21T22:06:07.698-0300] {logging_mixin.py:115} INFO - [2022-11-21T22:06:07.698-0300] {dag.py:2977} INFO - Setting next_dagrun for example_branch_datetime_operator to 2022-11-21T00:00:00+00:00, run_after=2022-11-22T00:00:00+00:00
[2022-11-21T22:06:07.699-0300] {logging_mixin.py:115} INFO - [2022-11-21T22:06:07.699-0300] {dag.py:2977} INFO - Setting next_dagrun for example_branch_datetime_operator_2 to 2022-11-21T00:00:00+00:00, run_after=2022-11-22T00:00:00+00:00
[2022-11-21T22:06:07.716-0300] {processor.py:161} INFO - Processing /home/juliana/Área de Trabalho/datapipeline/.env/lib/python3.8/site-packages/airflow/example_dags/example_branch_datetime_operator.py took 0.098 seconds
[2022-11-21T22:06:43.201-0300] {processor.py:153} INFO - Started process (PID=3776) to work on /home/juliana/Área de Trabalho/datapipeline/.env/lib/python3.8/site-packages/airflow/example_dags/example_branch_datetime_operator.py
[2022-11-21T22:06:43.207-0300] {processor.py:640} INFO - Processing file /home/juliana/Área de Trabalho/datapipeline/.env/lib/python3.8/site-packages/airflow/example_dags/example_branch_datetime_operator.py for tasks to queue
[2022-11-21T22:06:43.210-0300] {logging_mixin.py:115} INFO - [2022-11-21T22:06:43.209-0300] {dagbag.py:508} INFO - Filling up the DagBag from /home/juliana/Área de Trabalho/datapipeline/.env/lib/python3.8/site-packages/airflow/example_dags/example_branch_datetime_operator.py
[2022-11-21T22:06:43.236-0300] {processor.py:650} INFO - DAG(s) dict_keys(['example_branch_datetime_operator', 'example_branch_datetime_operator_2']) retrieved from /home/juliana/Área de Trabalho/datapipeline/.env/lib/python3.8/site-packages/airflow/example_dags/example_branch_datetime_operator.py
[2022-11-21T22:06:43.261-0300] {logging_mixin.py:115} INFO - [2022-11-21T22:06:43.261-0300] {dag.py:2429} INFO - Sync 2 DAGs
[2022-11-21T22:06:43.297-0300] {logging_mixin.py:115} INFO - [2022-11-21T22:06:43.296-0300] {dag.py:2977} INFO - Setting next_dagrun for example_branch_datetime_operator to 2022-11-21T00:00:00+00:00, run_after=2022-11-22T00:00:00+00:00
[2022-11-21T22:06:43.300-0300] {logging_mixin.py:115} INFO - [2022-11-21T22:06:43.300-0300] {dag.py:2977} INFO - Setting next_dagrun for example_branch_datetime_operator_2 to 2022-11-21T00:00:00+00:00, run_after=2022-11-22T00:00:00+00:00
[2022-11-21T22:06:43.323-0300] {processor.py:161} INFO - Processing /home/juliana/Área de Trabalho/datapipeline/.env/lib/python3.8/site-packages/airflow/example_dags/example_branch_datetime_operator.py took 0.135 seconds
[2022-11-21T22:07:24.086-0300] {processor.py:153} INFO - Started process (PID=4016) to work on /home/juliana/Área de Trabalho/datapipeline/.env/lib/python3.8/site-packages/airflow/example_dags/example_branch_datetime_operator.py
[2022-11-21T22:07:24.090-0300] {processor.py:640} INFO - Processing file /home/juliana/Área de Trabalho/datapipeline/.env/lib/python3.8/site-packages/airflow/example_dags/example_branch_datetime_operator.py for tasks to queue
[2022-11-21T22:07:24.093-0300] {logging_mixin.py:115} INFO - [2022-11-21T22:07:24.092-0300] {dagbag.py:508} INFO - Filling up the DagBag from /home/juliana/Área de Trabalho/datapipeline/.env/lib/python3.8/site-packages/airflow/example_dags/example_branch_datetime_operator.py
[2022-11-21T22:07:24.119-0300] {processor.py:650} INFO - DAG(s) dict_keys(['example_branch_datetime_operator', 'example_branch_datetime_operator_2']) retrieved from /home/juliana/Área de Trabalho/datapipeline/.env/lib/python3.8/site-packages/airflow/example_dags/example_branch_datetime_operator.py
[2022-11-21T22:07:24.182-0300] {logging_mixin.py:115} INFO - [2022-11-21T22:07:24.181-0300] {dag.py:2429} INFO - Sync 2 DAGs
[2022-11-21T22:07:24.212-0300] {logging_mixin.py:115} INFO - [2022-11-21T22:07:24.212-0300] {dag.py:2977} INFO - Setting next_dagrun for example_branch_datetime_operator to 2022-11-21T00:00:00+00:00, run_after=2022-11-22T00:00:00+00:00
[2022-11-21T22:07:24.215-0300] {logging_mixin.py:115} INFO - [2022-11-21T22:07:24.214-0300] {dag.py:2977} INFO - Setting next_dagrun for example_branch_datetime_operator_2 to 2022-11-21T00:00:00+00:00, run_after=2022-11-22T00:00:00+00:00
[2022-11-21T22:07:24.240-0300] {processor.py:161} INFO - Processing /home/juliana/Área de Trabalho/datapipeline/.env/lib/python3.8/site-packages/airflow/example_dags/example_branch_datetime_operator.py took 0.170 seconds
[2022-11-21T22:08:02.752-0300] {processor.py:153} INFO - Started process (PID=4231) to work on /home/juliana/Área de Trabalho/datapipeline/.env/lib/python3.8/site-packages/airflow/example_dags/example_branch_datetime_operator.py
[2022-11-21T22:08:02.754-0300] {processor.py:640} INFO - Processing file /home/juliana/Área de Trabalho/datapipeline/.env/lib/python3.8/site-packages/airflow/example_dags/example_branch_datetime_operator.py for tasks to queue
[2022-11-21T22:08:02.755-0300] {logging_mixin.py:115} INFO - [2022-11-21T22:08:02.755-0300] {dagbag.py:508} INFO - Filling up the DagBag from /home/juliana/Área de Trabalho/datapipeline/.env/lib/python3.8/site-packages/airflow/example_dags/example_branch_datetime_operator.py
[2022-11-21T22:08:02.769-0300] {processor.py:650} INFO - DAG(s) dict_keys(['example_branch_datetime_operator', 'example_branch_datetime_operator_2']) retrieved from /home/juliana/Área de Trabalho/datapipeline/.env/lib/python3.8/site-packages/airflow/example_dags/example_branch_datetime_operator.py
[2022-11-21T22:08:02.789-0300] {logging_mixin.py:115} INFO - [2022-11-21T22:08:02.788-0300] {dag.py:2429} INFO - Sync 2 DAGs
[2022-11-21T22:08:02.807-0300] {logging_mixin.py:115} INFO - [2022-11-21T22:08:02.807-0300] {dag.py:2977} INFO - Setting next_dagrun for example_branch_datetime_operator to 2022-11-21T00:00:00+00:00, run_after=2022-11-22T00:00:00+00:00
[2022-11-21T22:08:02.808-0300] {logging_mixin.py:115} INFO - [2022-11-21T22:08:02.808-0300] {dag.py:2977} INFO - Setting next_dagrun for example_branch_datetime_operator_2 to 2022-11-21T00:00:00+00:00, run_after=2022-11-22T00:00:00+00:00
[2022-11-21T22:08:02.824-0300] {processor.py:161} INFO - Processing /home/juliana/Área de Trabalho/datapipeline/.env/lib/python3.8/site-packages/airflow/example_dags/example_branch_datetime_operator.py took 0.079 seconds
[2022-11-21T22:08:40.758-0300] {processor.py:153} INFO - Started process (PID=4445) to work on /home/juliana/Área de Trabalho/datapipeline/.env/lib/python3.8/site-packages/airflow/example_dags/example_branch_datetime_operator.py
[2022-11-21T22:08:40.759-0300] {processor.py:640} INFO - Processing file /home/juliana/Área de Trabalho/datapipeline/.env/lib/python3.8/site-packages/airflow/example_dags/example_branch_datetime_operator.py for tasks to queue
[2022-11-21T22:08:40.760-0300] {logging_mixin.py:115} INFO - [2022-11-21T22:08:40.760-0300] {dagbag.py:508} INFO - Filling up the DagBag from /home/juliana/Área de Trabalho/datapipeline/.env/lib/python3.8/site-packages/airflow/example_dags/example_branch_datetime_operator.py
[2022-11-21T22:08:40.779-0300] {processor.py:650} INFO - DAG(s) dict_keys(['example_branch_datetime_operator', 'example_branch_datetime_operator_2']) retrieved from /home/juliana/Área de Trabalho/datapipeline/.env/lib/python3.8/site-packages/airflow/example_dags/example_branch_datetime_operator.py
[2022-11-21T22:08:40.823-0300] {logging_mixin.py:115} INFO - [2022-11-21T22:08:40.823-0300] {dag.py:2429} INFO - Sync 2 DAGs
[2022-11-21T22:08:40.859-0300] {logging_mixin.py:115} INFO - [2022-11-21T22:08:40.859-0300] {dag.py:2977} INFO - Setting next_dagrun for example_branch_datetime_operator to 2022-11-21T00:00:00+00:00, run_after=2022-11-22T00:00:00+00:00
[2022-11-21T22:08:40.862-0300] {logging_mixin.py:115} INFO - [2022-11-21T22:08:40.860-0300] {dag.py:2977} INFO - Setting next_dagrun for example_branch_datetime_operator_2 to 2022-11-21T00:00:00+00:00, run_after=2022-11-22T00:00:00+00:00
[2022-11-21T22:08:40.883-0300] {processor.py:161} INFO - Processing /home/juliana/Área de Trabalho/datapipeline/.env/lib/python3.8/site-packages/airflow/example_dags/example_branch_datetime_operator.py took 0.130 seconds
[2022-11-21T22:09:17.270-0300] {processor.py:153} INFO - Started process (PID=4718) to work on /home/juliana/Área de Trabalho/datapipeline/.env/lib/python3.8/site-packages/airflow/example_dags/example_branch_datetime_operator.py
[2022-11-21T22:09:17.271-0300] {processor.py:640} INFO - Processing file /home/juliana/Área de Trabalho/datapipeline/.env/lib/python3.8/site-packages/airflow/example_dags/example_branch_datetime_operator.py for tasks to queue
[2022-11-21T22:09:17.272-0300] {logging_mixin.py:115} INFO - [2022-11-21T22:09:17.271-0300] {dagbag.py:508} INFO - Filling up the DagBag from /home/juliana/Área de Trabalho/datapipeline/.env/lib/python3.8/site-packages/airflow/example_dags/example_branch_datetime_operator.py
[2022-11-21T22:09:17.282-0300] {processor.py:650} INFO - DAG(s) dict_keys(['example_branch_datetime_operator', 'example_branch_datetime_operator_2']) retrieved from /home/juliana/Área de Trabalho/datapipeline/.env/lib/python3.8/site-packages/airflow/example_dags/example_branch_datetime_operator.py
[2022-11-21T22:09:17.302-0300] {logging_mixin.py:115} INFO - [2022-11-21T22:09:17.301-0300] {dag.py:2429} INFO - Sync 2 DAGs
[2022-11-21T22:09:17.320-0300] {logging_mixin.py:115} INFO - [2022-11-21T22:09:17.320-0300] {dag.py:2977} INFO - Setting next_dagrun for example_branch_datetime_operator to 2022-11-21T00:00:00+00:00, run_after=2022-11-22T00:00:00+00:00
[2022-11-21T22:09:17.321-0300] {logging_mixin.py:115} INFO - [2022-11-21T22:09:17.321-0300] {dag.py:2977} INFO - Setting next_dagrun for example_branch_datetime_operator_2 to 2022-11-21T00:00:00+00:00, run_after=2022-11-22T00:00:00+00:00
[2022-11-21T22:09:17.342-0300] {processor.py:161} INFO - Processing /home/juliana/Área de Trabalho/datapipeline/.env/lib/python3.8/site-packages/airflow/example_dags/example_branch_datetime_operator.py took 0.076 seconds
[2022-11-21T22:09:54.725-0300] {processor.py:153} INFO - Started process (PID=5024) to work on /home/juliana/Área de Trabalho/datapipeline/.env/lib/python3.8/site-packages/airflow/example_dags/example_branch_datetime_operator.py
[2022-11-21T22:09:54.728-0300] {processor.py:640} INFO - Processing file /home/juliana/Área de Trabalho/datapipeline/.env/lib/python3.8/site-packages/airflow/example_dags/example_branch_datetime_operator.py for tasks to queue
[2022-11-21T22:09:54.729-0300] {logging_mixin.py:115} INFO - [2022-11-21T22:09:54.729-0300] {dagbag.py:508} INFO - Filling up the DagBag from /home/juliana/Área de Trabalho/datapipeline/.env/lib/python3.8/site-packages/airflow/example_dags/example_branch_datetime_operator.py
[2022-11-21T22:09:54.742-0300] {processor.py:650} INFO - DAG(s) dict_keys(['example_branch_datetime_operator', 'example_branch_datetime_operator_2']) retrieved from /home/juliana/Área de Trabalho/datapipeline/.env/lib/python3.8/site-packages/airflow/example_dags/example_branch_datetime_operator.py
[2022-11-21T22:09:54.766-0300] {logging_mixin.py:115} INFO - [2022-11-21T22:09:54.765-0300] {dag.py:2429} INFO - Sync 2 DAGs
[2022-11-21T22:09:54.782-0300] {logging_mixin.py:115} INFO - [2022-11-21T22:09:54.782-0300] {dag.py:2977} INFO - Setting next_dagrun for example_branch_datetime_operator to 2022-11-21T00:00:00+00:00, run_after=2022-11-22T00:00:00+00:00
[2022-11-21T22:09:54.783-0300] {logging_mixin.py:115} INFO - [2022-11-21T22:09:54.783-0300] {dag.py:2977} INFO - Setting next_dagrun for example_branch_datetime_operator_2 to 2022-11-21T00:00:00+00:00, run_after=2022-11-22T00:00:00+00:00
[2022-11-21T22:09:54.799-0300] {processor.py:161} INFO - Processing /home/juliana/Área de Trabalho/datapipeline/.env/lib/python3.8/site-packages/airflow/example_dags/example_branch_datetime_operator.py took 0.078 seconds
[2022-11-21T22:10:31.022-0300] {processor.py:153} INFO - Started process (PID=5173) to work on /home/juliana/Área de Trabalho/datapipeline/.env/lib/python3.8/site-packages/airflow/example_dags/example_branch_datetime_operator.py
[2022-11-21T22:10:31.036-0300] {processor.py:640} INFO - Processing file /home/juliana/Área de Trabalho/datapipeline/.env/lib/python3.8/site-packages/airflow/example_dags/example_branch_datetime_operator.py for tasks to queue
[2022-11-21T22:10:31.037-0300] {logging_mixin.py:115} INFO - [2022-11-21T22:10:31.037-0300] {dagbag.py:508} INFO - Filling up the DagBag from /home/juliana/Área de Trabalho/datapipeline/.env/lib/python3.8/site-packages/airflow/example_dags/example_branch_datetime_operator.py
[2022-11-21T22:10:31.046-0300] {processor.py:650} INFO - DAG(s) dict_keys(['example_branch_datetime_operator', 'example_branch_datetime_operator_2']) retrieved from /home/juliana/Área de Trabalho/datapipeline/.env/lib/python3.8/site-packages/airflow/example_dags/example_branch_datetime_operator.py
[2022-11-21T22:10:31.064-0300] {logging_mixin.py:115} INFO - [2022-11-21T22:10:31.064-0300] {dag.py:2429} INFO - Sync 2 DAGs
[2022-11-21T22:10:31.079-0300] {logging_mixin.py:115} INFO - [2022-11-21T22:10:31.079-0300] {dag.py:2977} INFO - Setting next_dagrun for example_branch_datetime_operator to 2022-11-21T00:00:00+00:00, run_after=2022-11-22T00:00:00+00:00
[2022-11-21T22:10:31.080-0300] {logging_mixin.py:115} INFO - [2022-11-21T22:10:31.080-0300] {dag.py:2977} INFO - Setting next_dagrun for example_branch_datetime_operator_2 to 2022-11-21T00:00:00+00:00, run_after=2022-11-22T00:00:00+00:00
[2022-11-21T22:10:31.415-0300] {processor.py:161} INFO - Processing /home/juliana/Área de Trabalho/datapipeline/.env/lib/python3.8/site-packages/airflow/example_dags/example_branch_datetime_operator.py took 0.400 seconds
[2022-11-21T22:11:08.166-0300] {processor.py:153} INFO - Started process (PID=5498) to work on /home/juliana/Área de Trabalho/datapipeline/.env/lib/python3.8/site-packages/airflow/example_dags/example_branch_datetime_operator.py
[2022-11-21T22:11:08.174-0300] {processor.py:640} INFO - Processing file /home/juliana/Área de Trabalho/datapipeline/.env/lib/python3.8/site-packages/airflow/example_dags/example_branch_datetime_operator.py for tasks to queue
[2022-11-21T22:11:08.175-0300] {logging_mixin.py:115} INFO - [2022-11-21T22:11:08.175-0300] {dagbag.py:508} INFO - Filling up the DagBag from /home/juliana/Área de Trabalho/datapipeline/.env/lib/python3.8/site-packages/airflow/example_dags/example_branch_datetime_operator.py
[2022-11-21T22:11:08.187-0300] {processor.py:650} INFO - DAG(s) dict_keys(['example_branch_datetime_operator', 'example_branch_datetime_operator_2']) retrieved from /home/juliana/Área de Trabalho/datapipeline/.env/lib/python3.8/site-packages/airflow/example_dags/example_branch_datetime_operator.py
[2022-11-21T22:11:08.211-0300] {logging_mixin.py:115} INFO - [2022-11-21T22:11:08.211-0300] {dag.py:2429} INFO - Sync 2 DAGs
[2022-11-21T22:11:08.234-0300] {logging_mixin.py:115} INFO - [2022-11-21T22:11:08.233-0300] {dag.py:2977} INFO - Setting next_dagrun for example_branch_datetime_operator to 2022-11-21T00:00:00+00:00, run_after=2022-11-22T00:00:00+00:00
[2022-11-21T22:11:08.235-0300] {logging_mixin.py:115} INFO - [2022-11-21T22:11:08.235-0300] {dag.py:2977} INFO - Setting next_dagrun for example_branch_datetime_operator_2 to 2022-11-21T00:00:00+00:00, run_after=2022-11-22T00:00:00+00:00
[2022-11-21T22:11:08.294-0300] {processor.py:161} INFO - Processing /home/juliana/Área de Trabalho/datapipeline/.env/lib/python3.8/site-packages/airflow/example_dags/example_branch_datetime_operator.py took 0.131 seconds
[2022-11-21T22:11:50.402-0300] {processor.py:153} INFO - Started process (PID=5921) to work on /home/juliana/Área de Trabalho/datapipeline/.env/lib/python3.8/site-packages/airflow/example_dags/example_branch_datetime_operator.py
[2022-11-21T22:11:50.408-0300] {processor.py:640} INFO - Processing file /home/juliana/Área de Trabalho/datapipeline/.env/lib/python3.8/site-packages/airflow/example_dags/example_branch_datetime_operator.py for tasks to queue
[2022-11-21T22:11:50.409-0300] {logging_mixin.py:115} INFO - [2022-11-21T22:11:50.409-0300] {dagbag.py:508} INFO - Filling up the DagBag from /home/juliana/Área de Trabalho/datapipeline/.env/lib/python3.8/site-packages/airflow/example_dags/example_branch_datetime_operator.py
[2022-11-21T22:11:50.423-0300] {processor.py:650} INFO - DAG(s) dict_keys(['example_branch_datetime_operator', 'example_branch_datetime_operator_2']) retrieved from /home/juliana/Área de Trabalho/datapipeline/.env/lib/python3.8/site-packages/airflow/example_dags/example_branch_datetime_operator.py
[2022-11-21T22:11:50.454-0300] {logging_mixin.py:115} INFO - [2022-11-21T22:11:50.453-0300] {dag.py:2429} INFO - Sync 2 DAGs
[2022-11-21T22:11:50.469-0300] {logging_mixin.py:115} INFO - [2022-11-21T22:11:50.469-0300] {dag.py:2977} INFO - Setting next_dagrun for example_branch_datetime_operator to 2022-11-21T00:00:00+00:00, run_after=2022-11-22T00:00:00+00:00
[2022-11-21T22:11:50.470-0300] {logging_mixin.py:115} INFO - [2022-11-21T22:11:50.470-0300] {dag.py:2977} INFO - Setting next_dagrun for example_branch_datetime_operator_2 to 2022-11-21T00:00:00+00:00, run_after=2022-11-22T00:00:00+00:00
[2022-11-21T22:11:50.487-0300] {processor.py:161} INFO - Processing /home/juliana/Área de Trabalho/datapipeline/.env/lib/python3.8/site-packages/airflow/example_dags/example_branch_datetime_operator.py took 0.089 seconds
[2022-11-21T22:12:30.934-0300] {processor.py:153} INFO - Started process (PID=5961) to work on /home/juliana/Área de Trabalho/datapipeline/.env/lib/python3.8/site-packages/airflow/example_dags/example_branch_datetime_operator.py
[2022-11-21T22:12:30.936-0300] {processor.py:640} INFO - Processing file /home/juliana/Área de Trabalho/datapipeline/.env/lib/python3.8/site-packages/airflow/example_dags/example_branch_datetime_operator.py for tasks to queue
[2022-11-21T22:12:30.937-0300] {logging_mixin.py:115} INFO - [2022-11-21T22:12:30.936-0300] {dagbag.py:508} INFO - Filling up the DagBag from /home/juliana/Área de Trabalho/datapipeline/.env/lib/python3.8/site-packages/airflow/example_dags/example_branch_datetime_operator.py
[2022-11-21T22:12:30.951-0300] {processor.py:650} INFO - DAG(s) dict_keys(['example_branch_datetime_operator', 'example_branch_datetime_operator_2']) retrieved from /home/juliana/Área de Trabalho/datapipeline/.env/lib/python3.8/site-packages/airflow/example_dags/example_branch_datetime_operator.py
[2022-11-21T22:12:30.973-0300] {logging_mixin.py:115} INFO - [2022-11-21T22:12:30.973-0300] {dag.py:2429} INFO - Sync 2 DAGs
[2022-11-21T22:12:30.990-0300] {logging_mixin.py:115} INFO - [2022-11-21T22:12:30.990-0300] {dag.py:2977} INFO - Setting next_dagrun for example_branch_datetime_operator to 2022-11-21T00:00:00+00:00, run_after=2022-11-22T00:00:00+00:00
[2022-11-21T22:12:30.991-0300] {logging_mixin.py:115} INFO - [2022-11-21T22:12:30.991-0300] {dag.py:2977} INFO - Setting next_dagrun for example_branch_datetime_operator_2 to 2022-11-21T00:00:00+00:00, run_after=2022-11-22T00:00:00+00:00
[2022-11-21T22:12:31.011-0300] {processor.py:161} INFO - Processing /home/juliana/Área de Trabalho/datapipeline/.env/lib/python3.8/site-packages/airflow/example_dags/example_branch_datetime_operator.py took 0.082 seconds
[2022-11-21T22:13:12.958-0300] {processor.py:153} INFO - Started process (PID=6014) to work on /home/juliana/Área de Trabalho/datapipeline/.env/lib/python3.8/site-packages/airflow/example_dags/example_branch_datetime_operator.py
[2022-11-21T22:13:12.964-0300] {processor.py:640} INFO - Processing file /home/juliana/Área de Trabalho/datapipeline/.env/lib/python3.8/site-packages/airflow/example_dags/example_branch_datetime_operator.py for tasks to queue
[2022-11-21T22:13:12.965-0300] {logging_mixin.py:115} INFO - [2022-11-21T22:13:12.965-0300] {dagbag.py:508} INFO - Filling up the DagBag from /home/juliana/Área de Trabalho/datapipeline/.env/lib/python3.8/site-packages/airflow/example_dags/example_branch_datetime_operator.py
[2022-11-21T22:13:12.976-0300] {processor.py:650} INFO - DAG(s) dict_keys(['example_branch_datetime_operator', 'example_branch_datetime_operator_2']) retrieved from /home/juliana/Área de Trabalho/datapipeline/.env/lib/python3.8/site-packages/airflow/example_dags/example_branch_datetime_operator.py
[2022-11-21T22:13:12.998-0300] {logging_mixin.py:115} INFO - [2022-11-21T22:13:12.998-0300] {dag.py:2429} INFO - Sync 2 DAGs
[2022-11-21T22:13:13.014-0300] {logging_mixin.py:115} INFO - [2022-11-21T22:13:13.013-0300] {dag.py:2977} INFO - Setting next_dagrun for example_branch_datetime_operator to 2022-11-21T00:00:00+00:00, run_after=2022-11-22T00:00:00+00:00
[2022-11-21T22:13:13.015-0300] {logging_mixin.py:115} INFO - [2022-11-21T22:13:13.015-0300] {dag.py:2977} INFO - Setting next_dagrun for example_branch_datetime_operator_2 to 2022-11-21T00:00:00+00:00, run_after=2022-11-22T00:00:00+00:00
[2022-11-21T22:13:13.031-0300] {processor.py:161} INFO - Processing /home/juliana/Área de Trabalho/datapipeline/.env/lib/python3.8/site-packages/airflow/example_dags/example_branch_datetime_operator.py took 0.076 seconds
[2022-11-21T22:13:49.929-0300] {processor.py:153} INFO - Started process (PID=6052) to work on /home/juliana/Área de Trabalho/datapipeline/.env/lib/python3.8/site-packages/airflow/example_dags/example_branch_datetime_operator.py
[2022-11-21T22:13:49.931-0300] {processor.py:640} INFO - Processing file /home/juliana/Área de Trabalho/datapipeline/.env/lib/python3.8/site-packages/airflow/example_dags/example_branch_datetime_operator.py for tasks to queue
[2022-11-21T22:13:49.932-0300] {logging_mixin.py:115} INFO - [2022-11-21T22:13:49.932-0300] {dagbag.py:508} INFO - Filling up the DagBag from /home/juliana/Área de Trabalho/datapipeline/.env/lib/python3.8/site-packages/airflow/example_dags/example_branch_datetime_operator.py
[2022-11-21T22:13:49.945-0300] {processor.py:650} INFO - DAG(s) dict_keys(['example_branch_datetime_operator', 'example_branch_datetime_operator_2']) retrieved from /home/juliana/Área de Trabalho/datapipeline/.env/lib/python3.8/site-packages/airflow/example_dags/example_branch_datetime_operator.py
[2022-11-21T22:13:49.966-0300] {logging_mixin.py:115} INFO - [2022-11-21T22:13:49.965-0300] {dag.py:2429} INFO - Sync 2 DAGs
[2022-11-21T22:13:49.982-0300] {logging_mixin.py:115} INFO - [2022-11-21T22:13:49.981-0300] {dag.py:2977} INFO - Setting next_dagrun for example_branch_datetime_operator to 2022-11-21T00:00:00+00:00, run_after=2022-11-22T00:00:00+00:00
[2022-11-21T22:13:49.983-0300] {logging_mixin.py:115} INFO - [2022-11-21T22:13:49.983-0300] {dag.py:2977} INFO - Setting next_dagrun for example_branch_datetime_operator_2 to 2022-11-21T00:00:00+00:00, run_after=2022-11-22T00:00:00+00:00
[2022-11-21T22:13:50.047-0300] {processor.py:161} INFO - Processing /home/juliana/Área de Trabalho/datapipeline/.env/lib/python3.8/site-packages/airflow/example_dags/example_branch_datetime_operator.py took 0.123 seconds
[2022-11-21T22:14:24.924-0300] {processor.py:153} INFO - Started process (PID=6088) to work on /home/juliana/Área de Trabalho/datapipeline/.env/lib/python3.8/site-packages/airflow/example_dags/example_branch_datetime_operator.py
[2022-11-21T22:14:24.926-0300] {processor.py:640} INFO - Processing file /home/juliana/Área de Trabalho/datapipeline/.env/lib/python3.8/site-packages/airflow/example_dags/example_branch_datetime_operator.py for tasks to queue
[2022-11-21T22:14:24.927-0300] {logging_mixin.py:115} INFO - [2022-11-21T22:14:24.927-0300] {dagbag.py:508} INFO - Filling up the DagBag from /home/juliana/Área de Trabalho/datapipeline/.env/lib/python3.8/site-packages/airflow/example_dags/example_branch_datetime_operator.py
[2022-11-21T22:14:24.942-0300] {processor.py:650} INFO - DAG(s) dict_keys(['example_branch_datetime_operator', 'example_branch_datetime_operator_2']) retrieved from /home/juliana/Área de Trabalho/datapipeline/.env/lib/python3.8/site-packages/airflow/example_dags/example_branch_datetime_operator.py
[2022-11-21T22:14:24.963-0300] {logging_mixin.py:115} INFO - [2022-11-21T22:14:24.963-0300] {dag.py:2429} INFO - Sync 2 DAGs
[2022-11-21T22:14:24.979-0300] {logging_mixin.py:115} INFO - [2022-11-21T22:14:24.979-0300] {dag.py:2977} INFO - Setting next_dagrun for example_branch_datetime_operator to 2022-11-21T00:00:00+00:00, run_after=2022-11-22T00:00:00+00:00
[2022-11-21T22:14:24.981-0300] {logging_mixin.py:115} INFO - [2022-11-21T22:14:24.981-0300] {dag.py:2977} INFO - Setting next_dagrun for example_branch_datetime_operator_2 to 2022-11-21T00:00:00+00:00, run_after=2022-11-22T00:00:00+00:00
[2022-11-21T22:14:25.013-0300] {processor.py:161} INFO - Processing /home/juliana/Área de Trabalho/datapipeline/.env/lib/python3.8/site-packages/airflow/example_dags/example_branch_datetime_operator.py took 0.094 seconds
[2022-11-21T22:15:05.235-0300] {processor.py:153} INFO - Started process (PID=6128) to work on /home/juliana/Área de Trabalho/datapipeline/.env/lib/python3.8/site-packages/airflow/example_dags/example_branch_datetime_operator.py
[2022-11-21T22:15:05.237-0300] {processor.py:640} INFO - Processing file /home/juliana/Área de Trabalho/datapipeline/.env/lib/python3.8/site-packages/airflow/example_dags/example_branch_datetime_operator.py for tasks to queue
[2022-11-21T22:15:05.238-0300] {logging_mixin.py:115} INFO - [2022-11-21T22:15:05.238-0300] {dagbag.py:508} INFO - Filling up the DagBag from /home/juliana/Área de Trabalho/datapipeline/.env/lib/python3.8/site-packages/airflow/example_dags/example_branch_datetime_operator.py
[2022-11-21T22:15:05.252-0300] {processor.py:650} INFO - DAG(s) dict_keys(['example_branch_datetime_operator', 'example_branch_datetime_operator_2']) retrieved from /home/juliana/Área de Trabalho/datapipeline/.env/lib/python3.8/site-packages/airflow/example_dags/example_branch_datetime_operator.py
[2022-11-21T22:15:05.274-0300] {logging_mixin.py:115} INFO - [2022-11-21T22:15:05.274-0300] {dag.py:2429} INFO - Sync 2 DAGs
[2022-11-21T22:15:05.290-0300] {logging_mixin.py:115} INFO - [2022-11-21T22:15:05.290-0300] {dag.py:2977} INFO - Setting next_dagrun for example_branch_datetime_operator to 2022-11-21T00:00:00+00:00, run_after=2022-11-22T00:00:00+00:00
[2022-11-21T22:15:05.291-0300] {logging_mixin.py:115} INFO - [2022-11-21T22:15:05.291-0300] {dag.py:2977} INFO - Setting next_dagrun for example_branch_datetime_operator_2 to 2022-11-21T00:00:00+00:00, run_after=2022-11-22T00:00:00+00:00
[2022-11-21T22:15:05.307-0300] {processor.py:161} INFO - Processing /home/juliana/Área de Trabalho/datapipeline/.env/lib/python3.8/site-packages/airflow/example_dags/example_branch_datetime_operator.py took 0.078 seconds
[2022-11-21T22:15:43.286-0300] {processor.py:153} INFO - Started process (PID=6166) to work on /home/juliana/Área de Trabalho/datapipeline/.env/lib/python3.8/site-packages/airflow/example_dags/example_branch_datetime_operator.py
[2022-11-21T22:15:43.288-0300] {processor.py:640} INFO - Processing file /home/juliana/Área de Trabalho/datapipeline/.env/lib/python3.8/site-packages/airflow/example_dags/example_branch_datetime_operator.py for tasks to queue
[2022-11-21T22:15:43.289-0300] {logging_mixin.py:115} INFO - [2022-11-21T22:15:43.289-0300] {dagbag.py:508} INFO - Filling up the DagBag from /home/juliana/Área de Trabalho/datapipeline/.env/lib/python3.8/site-packages/airflow/example_dags/example_branch_datetime_operator.py
[2022-11-21T22:15:43.302-0300] {processor.py:650} INFO - DAG(s) dict_keys(['example_branch_datetime_operator', 'example_branch_datetime_operator_2']) retrieved from /home/juliana/Área de Trabalho/datapipeline/.env/lib/python3.8/site-packages/airflow/example_dags/example_branch_datetime_operator.py
[2022-11-21T22:15:43.324-0300] {logging_mixin.py:115} INFO - [2022-11-21T22:15:43.323-0300] {dag.py:2429} INFO - Sync 2 DAGs
[2022-11-21T22:15:43.340-0300] {logging_mixin.py:115} INFO - [2022-11-21T22:15:43.339-0300] {dag.py:2977} INFO - Setting next_dagrun for example_branch_datetime_operator to 2022-11-21T00:00:00+00:00, run_after=2022-11-22T00:00:00+00:00
[2022-11-21T22:15:43.341-0300] {logging_mixin.py:115} INFO - [2022-11-21T22:15:43.341-0300] {dag.py:2977} INFO - Setting next_dagrun for example_branch_datetime_operator_2 to 2022-11-21T00:00:00+00:00, run_after=2022-11-22T00:00:00+00:00
[2022-11-21T22:15:43.402-0300] {processor.py:161} INFO - Processing /home/juliana/Área de Trabalho/datapipeline/.env/lib/python3.8/site-packages/airflow/example_dags/example_branch_datetime_operator.py took 0.121 seconds
[2022-11-21T22:16:20.187-0300] {processor.py:153} INFO - Started process (PID=6202) to work on /home/juliana/Área de Trabalho/datapipeline/.env/lib/python3.8/site-packages/airflow/example_dags/example_branch_datetime_operator.py
[2022-11-21T22:16:20.189-0300] {processor.py:640} INFO - Processing file /home/juliana/Área de Trabalho/datapipeline/.env/lib/python3.8/site-packages/airflow/example_dags/example_branch_datetime_operator.py for tasks to queue
[2022-11-21T22:16:20.191-0300] {logging_mixin.py:115} INFO - [2022-11-21T22:16:20.190-0300] {dagbag.py:508} INFO - Filling up the DagBag from /home/juliana/Área de Trabalho/datapipeline/.env/lib/python3.8/site-packages/airflow/example_dags/example_branch_datetime_operator.py
[2022-11-21T22:16:20.204-0300] {processor.py:650} INFO - DAG(s) dict_keys(['example_branch_datetime_operator', 'example_branch_datetime_operator_2']) retrieved from /home/juliana/Área de Trabalho/datapipeline/.env/lib/python3.8/site-packages/airflow/example_dags/example_branch_datetime_operator.py
[2022-11-21T22:16:20.242-0300] {logging_mixin.py:115} INFO - [2022-11-21T22:16:20.242-0300] {dag.py:2429} INFO - Sync 2 DAGs
[2022-11-21T22:16:20.281-0300] {logging_mixin.py:115} INFO - [2022-11-21T22:16:20.281-0300] {dag.py:2977} INFO - Setting next_dagrun for example_branch_datetime_operator to 2022-11-21T00:00:00+00:00, run_after=2022-11-22T00:00:00+00:00
[2022-11-21T22:16:20.283-0300] {logging_mixin.py:115} INFO - [2022-11-21T22:16:20.283-0300] {dag.py:2977} INFO - Setting next_dagrun for example_branch_datetime_operator_2 to 2022-11-21T00:00:00+00:00, run_after=2022-11-22T00:00:00+00:00
[2022-11-21T22:16:20.312-0300] {processor.py:161} INFO - Processing /home/juliana/Área de Trabalho/datapipeline/.env/lib/python3.8/site-packages/airflow/example_dags/example_branch_datetime_operator.py took 0.130 seconds
