[2022-11-21T21:13:12.794-0300] {processor.py:153} INFO - Started process (PID=3088) to work on /home/juliana/Área de Trabalho/datapipeline/.env/lib/python3.8/site-packages/airflow/example_dags/example_task_group_decorator.py
[2022-11-21T21:13:12.796-0300] {processor.py:640} INFO - Processing file /home/juliana/Área de Trabalho/datapipeline/.env/lib/python3.8/site-packages/airflow/example_dags/example_task_group_decorator.py for tasks to queue
[2022-11-21T21:13:12.797-0300] {logging_mixin.py:115} INFO - [2022-11-21T21:13:12.796-0300] {dagbag.py:508} INFO - Filling up the DagBag from /home/juliana/Área de Trabalho/datapipeline/.env/lib/python3.8/site-packages/airflow/example_dags/example_task_group_decorator.py
[2022-11-21T21:13:12.831-0300] {processor.py:650} INFO - DAG(s) dict_keys(['example_task_group_decorator']) retrieved from /home/juliana/Área de Trabalho/datapipeline/.env/lib/python3.8/site-packages/airflow/example_dags/example_task_group_decorator.py
[2022-11-21T21:13:12.871-0300] {logging_mixin.py:115} INFO - [2022-11-21T21:13:12.871-0300] {dag.py:2429} INFO - Sync 1 DAGs
[2022-11-21T21:13:12.885-0300] {logging_mixin.py:115} INFO - [2022-11-21T21:13:12.885-0300] {dag.py:2977} INFO - Setting next_dagrun for example_task_group_decorator to 2022-11-21T00:13:12.885378+00:00, run_after=2022-11-22T00:13:12.885378+00:00
[2022-11-21T21:13:12.901-0300] {processor.py:161} INFO - Processing /home/juliana/Área de Trabalho/datapipeline/.env/lib/python3.8/site-packages/airflow/example_dags/example_task_group_decorator.py took 0.117 seconds
[2022-11-21T21:13:50.813-0300] {processor.py:153} INFO - Started process (PID=3148) to work on /home/juliana/Área de Trabalho/datapipeline/.env/lib/python3.8/site-packages/airflow/example_dags/example_task_group_decorator.py
[2022-11-21T21:13:50.819-0300] {processor.py:640} INFO - Processing file /home/juliana/Área de Trabalho/datapipeline/.env/lib/python3.8/site-packages/airflow/example_dags/example_task_group_decorator.py for tasks to queue
[2022-11-21T21:13:50.819-0300] {logging_mixin.py:115} INFO - [2022-11-21T21:13:50.819-0300] {dagbag.py:508} INFO - Filling up the DagBag from /home/juliana/Área de Trabalho/datapipeline/.env/lib/python3.8/site-packages/airflow/example_dags/example_task_group_decorator.py
[2022-11-21T21:13:50.894-0300] {processor.py:650} INFO - DAG(s) dict_keys(['example_task_group_decorator']) retrieved from /home/juliana/Área de Trabalho/datapipeline/.env/lib/python3.8/site-packages/airflow/example_dags/example_task_group_decorator.py
[2022-11-21T21:13:51.018-0300] {logging_mixin.py:115} INFO - [2022-11-21T21:13:51.018-0300] {dag.py:2429} INFO - Sync 1 DAGs
[2022-11-21T21:13:51.048-0300] {logging_mixin.py:115} INFO - [2022-11-21T21:13:51.048-0300] {dag.py:2977} INFO - Setting next_dagrun for example_task_group_decorator to 2022-11-21T00:13:51.048419+00:00, run_after=2022-11-22T00:13:51.048419+00:00
[2022-11-21T21:13:51.153-0300] {processor.py:161} INFO - Processing /home/juliana/Área de Trabalho/datapipeline/.env/lib/python3.8/site-packages/airflow/example_dags/example_task_group_decorator.py took 0.352 seconds
[2022-11-21T21:14:41.519-0300] {processor.py:153} INFO - Started process (PID=3452) to work on /home/juliana/Área de Trabalho/datapipeline/.env/lib/python3.8/site-packages/airflow/example_dags/example_task_group_decorator.py
[2022-11-21T21:14:41.524-0300] {processor.py:640} INFO - Processing file /home/juliana/Área de Trabalho/datapipeline/.env/lib/python3.8/site-packages/airflow/example_dags/example_task_group_decorator.py for tasks to queue
[2022-11-21T21:14:41.524-0300] {logging_mixin.py:115} INFO - [2022-11-21T21:14:41.524-0300] {dagbag.py:508} INFO - Filling up the DagBag from /home/juliana/Área de Trabalho/datapipeline/.env/lib/python3.8/site-packages/airflow/example_dags/example_task_group_decorator.py
[2022-11-21T21:14:41.685-0300] {processor.py:650} INFO - DAG(s) dict_keys(['example_task_group_decorator']) retrieved from /home/juliana/Área de Trabalho/datapipeline/.env/lib/python3.8/site-packages/airflow/example_dags/example_task_group_decorator.py
[2022-11-21T21:14:42.016-0300] {logging_mixin.py:115} INFO - [2022-11-21T21:14:41.966-0300] {dag.py:2429} INFO - Sync 1 DAGs
[2022-11-21T21:14:42.159-0300] {logging_mixin.py:115} INFO - [2022-11-21T21:14:42.150-0300] {dag.py:2977} INFO - Setting next_dagrun for example_task_group_decorator to 2022-11-21T00:14:42.105591+00:00, run_after=2022-11-22T00:14:42.105591+00:00
[2022-11-21T21:14:42.694-0300] {processor.py:161} INFO - Processing /home/juliana/Área de Trabalho/datapipeline/.env/lib/python3.8/site-packages/airflow/example_dags/example_task_group_decorator.py took 1.186 seconds
[2022-11-21T21:15:57.293-0300] {processor.py:153} INFO - Started process (PID=3516) to work on /home/juliana/Área de Trabalho/datapipeline/.env/lib/python3.8/site-packages/airflow/example_dags/example_task_group_decorator.py
[2022-11-21T21:15:57.296-0300] {processor.py:640} INFO - Processing file /home/juliana/Área de Trabalho/datapipeline/.env/lib/python3.8/site-packages/airflow/example_dags/example_task_group_decorator.py for tasks to queue
[2022-11-21T21:15:57.297-0300] {logging_mixin.py:115} INFO - [2022-11-21T21:15:57.297-0300] {dagbag.py:508} INFO - Filling up the DagBag from /home/juliana/Área de Trabalho/datapipeline/.env/lib/python3.8/site-packages/airflow/example_dags/example_task_group_decorator.py
[2022-11-21T21:15:57.433-0300] {processor.py:650} INFO - DAG(s) dict_keys(['example_task_group_decorator']) retrieved from /home/juliana/Área de Trabalho/datapipeline/.env/lib/python3.8/site-packages/airflow/example_dags/example_task_group_decorator.py
[2022-11-21T21:15:57.674-0300] {logging_mixin.py:115} INFO - [2022-11-21T21:15:57.650-0300] {dag.py:2429} INFO - Sync 1 DAGs
[2022-11-21T21:15:57.805-0300] {logging_mixin.py:115} INFO - [2022-11-21T21:15:57.798-0300] {dag.py:2977} INFO - Setting next_dagrun for example_task_group_decorator to 2022-11-21T00:15:57.770037+00:00, run_after=2022-11-22T00:15:57.770037+00:00
[2022-11-21T21:15:58.423-0300] {processor.py:161} INFO - Processing /home/juliana/Área de Trabalho/datapipeline/.env/lib/python3.8/site-packages/airflow/example_dags/example_task_group_decorator.py took 1.139 seconds
[2022-11-21T21:19:10.492-0300] {processor.py:153} INFO - Started process (PID=3630) to work on /home/juliana/Área de Trabalho/datapipeline/.env/lib/python3.8/site-packages/airflow/example_dags/example_task_group_decorator.py
[2022-11-21T21:19:10.497-0300] {processor.py:640} INFO - Processing file /home/juliana/Área de Trabalho/datapipeline/.env/lib/python3.8/site-packages/airflow/example_dags/example_task_group_decorator.py for tasks to queue
[2022-11-21T21:19:10.510-0300] {logging_mixin.py:115} INFO - [2022-11-21T21:19:10.498-0300] {dagbag.py:508} INFO - Filling up the DagBag from /home/juliana/Área de Trabalho/datapipeline/.env/lib/python3.8/site-packages/airflow/example_dags/example_task_group_decorator.py
[2022-11-21T21:19:10.823-0300] {processor.py:650} INFO - DAG(s) dict_keys(['example_task_group_decorator']) retrieved from /home/juliana/Área de Trabalho/datapipeline/.env/lib/python3.8/site-packages/airflow/example_dags/example_task_group_decorator.py
[2022-11-21T21:19:11.578-0300] {logging_mixin.py:115} INFO - [2022-11-21T21:19:11.404-0300] {dag.py:2429} INFO - Sync 1 DAGs
[2022-11-21T21:19:11.886-0300] {logging_mixin.py:115} INFO - [2022-11-21T21:19:11.876-0300] {dag.py:2977} INFO - Setting next_dagrun for example_task_group_decorator to 2022-11-21T00:19:11.843836+00:00, run_after=2022-11-22T00:19:11.843836+00:00
[2022-11-21T21:19:12.137-0300] {processor.py:161} INFO - Processing /home/juliana/Área de Trabalho/datapipeline/.env/lib/python3.8/site-packages/airflow/example_dags/example_task_group_decorator.py took 1.651 seconds
[2022-11-21T21:38:32.762-0300] {processor.py:153} INFO - Started process (PID=7772) to work on /home/juliana/Área de Trabalho/datapipeline/.env/lib/python3.8/site-packages/airflow/example_dags/example_task_group_decorator.py
[2022-11-21T21:38:32.770-0300] {processor.py:640} INFO - Processing file /home/juliana/Área de Trabalho/datapipeline/.env/lib/python3.8/site-packages/airflow/example_dags/example_task_group_decorator.py for tasks to queue
[2022-11-21T21:38:32.771-0300] {logging_mixin.py:115} INFO - [2022-11-21T21:38:32.770-0300] {dagbag.py:508} INFO - Filling up the DagBag from /home/juliana/Área de Trabalho/datapipeline/.env/lib/python3.8/site-packages/airflow/example_dags/example_task_group_decorator.py
[2022-11-21T21:38:32.807-0300] {processor.py:650} INFO - DAG(s) dict_keys(['example_task_group_decorator']) retrieved from /home/juliana/Área de Trabalho/datapipeline/.env/lib/python3.8/site-packages/airflow/example_dags/example_task_group_decorator.py
[2022-11-21T21:38:32.845-0300] {logging_mixin.py:115} INFO - [2022-11-21T21:38:32.845-0300] {dag.py:2429} INFO - Sync 1 DAGs
[2022-11-21T21:38:32.858-0300] {logging_mixin.py:115} INFO - [2022-11-21T21:38:32.858-0300] {dag.py:2977} INFO - Setting next_dagrun for example_task_group_decorator to 2022-11-21T00:38:32.858175+00:00, run_after=2022-11-22T00:38:32.858175+00:00
[2022-11-21T21:38:32.874-0300] {processor.py:161} INFO - Processing /home/juliana/Área de Trabalho/datapipeline/.env/lib/python3.8/site-packages/airflow/example_dags/example_task_group_decorator.py took 0.117 seconds
[2022-11-21T21:39:12.437-0300] {processor.py:153} INFO - Started process (PID=8083) to work on /home/juliana/Área de Trabalho/datapipeline/.env/lib/python3.8/site-packages/airflow/example_dags/example_task_group_decorator.py
[2022-11-21T21:39:12.443-0300] {processor.py:640} INFO - Processing file /home/juliana/Área de Trabalho/datapipeline/.env/lib/python3.8/site-packages/airflow/example_dags/example_task_group_decorator.py for tasks to queue
[2022-11-21T21:39:12.444-0300] {logging_mixin.py:115} INFO - [2022-11-21T21:39:12.444-0300] {dagbag.py:508} INFO - Filling up the DagBag from /home/juliana/Área de Trabalho/datapipeline/.env/lib/python3.8/site-packages/airflow/example_dags/example_task_group_decorator.py
[2022-11-21T21:39:12.505-0300] {processor.py:650} INFO - DAG(s) dict_keys(['example_task_group_decorator']) retrieved from /home/juliana/Área de Trabalho/datapipeline/.env/lib/python3.8/site-packages/airflow/example_dags/example_task_group_decorator.py
[2022-11-21T21:39:12.570-0300] {logging_mixin.py:115} INFO - [2022-11-21T21:39:12.570-0300] {dag.py:2429} INFO - Sync 1 DAGs
[2022-11-21T21:39:12.601-0300] {logging_mixin.py:115} INFO - [2022-11-21T21:39:12.601-0300] {dag.py:2977} INFO - Setting next_dagrun for example_task_group_decorator to 2022-11-21T00:39:12.600768+00:00, run_after=2022-11-22T00:39:12.600768+00:00
[2022-11-21T21:39:12.619-0300] {processor.py:161} INFO - Processing /home/juliana/Área de Trabalho/datapipeline/.env/lib/python3.8/site-packages/airflow/example_dags/example_task_group_decorator.py took 0.188 seconds
[2022-11-21T21:39:47.503-0300] {processor.py:153} INFO - Started process (PID=8141) to work on /home/juliana/Área de Trabalho/datapipeline/.env/lib/python3.8/site-packages/airflow/example_dags/example_task_group_decorator.py
[2022-11-21T21:39:47.504-0300] {processor.py:640} INFO - Processing file /home/juliana/Área de Trabalho/datapipeline/.env/lib/python3.8/site-packages/airflow/example_dags/example_task_group_decorator.py for tasks to queue
[2022-11-21T21:39:47.505-0300] {logging_mixin.py:115} INFO - [2022-11-21T21:39:47.505-0300] {dagbag.py:508} INFO - Filling up the DagBag from /home/juliana/Área de Trabalho/datapipeline/.env/lib/python3.8/site-packages/airflow/example_dags/example_task_group_decorator.py
[2022-11-21T21:39:47.536-0300] {processor.py:650} INFO - DAG(s) dict_keys(['example_task_group_decorator']) retrieved from /home/juliana/Área de Trabalho/datapipeline/.env/lib/python3.8/site-packages/airflow/example_dags/example_task_group_decorator.py
[2022-11-21T21:39:47.570-0300] {logging_mixin.py:115} INFO - [2022-11-21T21:39:47.570-0300] {dag.py:2429} INFO - Sync 1 DAGs
[2022-11-21T21:39:47.582-0300] {logging_mixin.py:115} INFO - [2022-11-21T21:39:47.582-0300] {dag.py:2977} INFO - Setting next_dagrun for example_task_group_decorator to 2022-11-21T00:39:47.581938+00:00, run_after=2022-11-22T00:39:47.581938+00:00
[2022-11-21T21:39:47.602-0300] {processor.py:161} INFO - Processing /home/juliana/Área de Trabalho/datapipeline/.env/lib/python3.8/site-packages/airflow/example_dags/example_task_group_decorator.py took 0.103 seconds
[2022-11-21T21:40:24.888-0300] {processor.py:153} INFO - Started process (PID=8464) to work on /home/juliana/Área de Trabalho/datapipeline/.env/lib/python3.8/site-packages/airflow/example_dags/example_task_group_decorator.py
[2022-11-21T21:40:24.890-0300] {processor.py:640} INFO - Processing file /home/juliana/Área de Trabalho/datapipeline/.env/lib/python3.8/site-packages/airflow/example_dags/example_task_group_decorator.py for tasks to queue
[2022-11-21T21:40:24.891-0300] {logging_mixin.py:115} INFO - [2022-11-21T21:40:24.891-0300] {dagbag.py:508} INFO - Filling up the DagBag from /home/juliana/Área de Trabalho/datapipeline/.env/lib/python3.8/site-packages/airflow/example_dags/example_task_group_decorator.py
[2022-11-21T21:40:24.931-0300] {processor.py:650} INFO - DAG(s) dict_keys(['example_task_group_decorator']) retrieved from /home/juliana/Área de Trabalho/datapipeline/.env/lib/python3.8/site-packages/airflow/example_dags/example_task_group_decorator.py
[2022-11-21T21:40:24.991-0300] {logging_mixin.py:115} INFO - [2022-11-21T21:40:24.991-0300] {dag.py:2429} INFO - Sync 1 DAGs
[2022-11-21T21:40:25.022-0300] {logging_mixin.py:115} INFO - [2022-11-21T21:40:25.022-0300] {dag.py:2977} INFO - Setting next_dagrun for example_task_group_decorator to 2022-11-21T00:40:25.022443+00:00, run_after=2022-11-22T00:40:25.022443+00:00
[2022-11-21T21:40:25.062-0300] {processor.py:161} INFO - Processing /home/juliana/Área de Trabalho/datapipeline/.env/lib/python3.8/site-packages/airflow/example_dags/example_task_group_decorator.py took 0.177 seconds
[2022-11-21T21:41:01.720-0300] {processor.py:153} INFO - Started process (PID=8706) to work on /home/juliana/Área de Trabalho/datapipeline/.env/lib/python3.8/site-packages/airflow/example_dags/example_task_group_decorator.py
[2022-11-21T21:41:01.725-0300] {processor.py:640} INFO - Processing file /home/juliana/Área de Trabalho/datapipeline/.env/lib/python3.8/site-packages/airflow/example_dags/example_task_group_decorator.py for tasks to queue
[2022-11-21T21:41:01.726-0300] {logging_mixin.py:115} INFO - [2022-11-21T21:41:01.726-0300] {dagbag.py:508} INFO - Filling up the DagBag from /home/juliana/Área de Trabalho/datapipeline/.env/lib/python3.8/site-packages/airflow/example_dags/example_task_group_decorator.py
[2022-11-21T21:41:01.773-0300] {processor.py:650} INFO - DAG(s) dict_keys(['example_task_group_decorator']) retrieved from /home/juliana/Área de Trabalho/datapipeline/.env/lib/python3.8/site-packages/airflow/example_dags/example_task_group_decorator.py
[2022-11-21T21:41:01.806-0300] {logging_mixin.py:115} INFO - [2022-11-21T21:41:01.806-0300] {dag.py:2429} INFO - Sync 1 DAGs
[2022-11-21T21:41:01.824-0300] {logging_mixin.py:115} INFO - [2022-11-21T21:41:01.823-0300] {dag.py:2977} INFO - Setting next_dagrun for example_task_group_decorator to 2022-11-21T00:41:01.823640+00:00, run_after=2022-11-22T00:41:01.823640+00:00
[2022-11-21T21:41:01.838-0300] {processor.py:161} INFO - Processing /home/juliana/Área de Trabalho/datapipeline/.env/lib/python3.8/site-packages/airflow/example_dags/example_task_group_decorator.py took 0.128 seconds
[2022-11-21T21:41:38.298-0300] {processor.py:153} INFO - Started process (PID=8922) to work on /home/juliana/Área de Trabalho/datapipeline/.env/lib/python3.8/site-packages/airflow/example_dags/example_task_group_decorator.py
[2022-11-21T21:41:38.299-0300] {processor.py:640} INFO - Processing file /home/juliana/Área de Trabalho/datapipeline/.env/lib/python3.8/site-packages/airflow/example_dags/example_task_group_decorator.py for tasks to queue
[2022-11-21T21:41:38.299-0300] {logging_mixin.py:115} INFO - [2022-11-21T21:41:38.299-0300] {dagbag.py:508} INFO - Filling up the DagBag from /home/juliana/Área de Trabalho/datapipeline/.env/lib/python3.8/site-packages/airflow/example_dags/example_task_group_decorator.py
[2022-11-21T21:41:38.334-0300] {processor.py:650} INFO - DAG(s) dict_keys(['example_task_group_decorator']) retrieved from /home/juliana/Área de Trabalho/datapipeline/.env/lib/python3.8/site-packages/airflow/example_dags/example_task_group_decorator.py
[2022-11-21T21:41:38.414-0300] {logging_mixin.py:115} INFO - [2022-11-21T21:41:38.414-0300] {dag.py:2429} INFO - Sync 1 DAGs
[2022-11-21T21:41:38.445-0300] {logging_mixin.py:115} INFO - [2022-11-21T21:41:38.445-0300] {dag.py:2977} INFO - Setting next_dagrun for example_task_group_decorator to 2022-11-21T00:41:38.445071+00:00, run_after=2022-11-22T00:41:38.445071+00:00
[2022-11-21T21:41:38.472-0300] {processor.py:161} INFO - Processing /home/juliana/Área de Trabalho/datapipeline/.env/lib/python3.8/site-packages/airflow/example_dags/example_task_group_decorator.py took 0.178 seconds
[2022-11-21T21:42:13.875-0300] {processor.py:153} INFO - Started process (PID=9111) to work on /home/juliana/Área de Trabalho/datapipeline/.env/lib/python3.8/site-packages/airflow/example_dags/example_task_group_decorator.py
[2022-11-21T21:42:13.876-0300] {processor.py:640} INFO - Processing file /home/juliana/Área de Trabalho/datapipeline/.env/lib/python3.8/site-packages/airflow/example_dags/example_task_group_decorator.py for tasks to queue
[2022-11-21T21:42:13.877-0300] {logging_mixin.py:115} INFO - [2022-11-21T21:42:13.877-0300] {dagbag.py:508} INFO - Filling up the DagBag from /home/juliana/Área de Trabalho/datapipeline/.env/lib/python3.8/site-packages/airflow/example_dags/example_task_group_decorator.py
[2022-11-21T21:42:13.904-0300] {processor.py:650} INFO - DAG(s) dict_keys(['example_task_group_decorator']) retrieved from /home/juliana/Área de Trabalho/datapipeline/.env/lib/python3.8/site-packages/airflow/example_dags/example_task_group_decorator.py
[2022-11-21T21:42:13.941-0300] {logging_mixin.py:115} INFO - [2022-11-21T21:42:13.941-0300] {dag.py:2429} INFO - Sync 1 DAGs
[2022-11-21T21:42:13.953-0300] {logging_mixin.py:115} INFO - [2022-11-21T21:42:13.953-0300] {dag.py:2977} INFO - Setting next_dagrun for example_task_group_decorator to 2022-11-21T00:42:13.952633+00:00, run_after=2022-11-22T00:42:13.952633+00:00
[2022-11-21T21:42:13.974-0300] {processor.py:161} INFO - Processing /home/juliana/Área de Trabalho/datapipeline/.env/lib/python3.8/site-packages/airflow/example_dags/example_task_group_decorator.py took 0.103 seconds
[2022-11-21T21:42:50.178-0300] {processor.py:153} INFO - Started process (PID=9322) to work on /home/juliana/Área de Trabalho/datapipeline/.env/lib/python3.8/site-packages/airflow/example_dags/example_task_group_decorator.py
[2022-11-21T21:42:50.184-0300] {processor.py:640} INFO - Processing file /home/juliana/Área de Trabalho/datapipeline/.env/lib/python3.8/site-packages/airflow/example_dags/example_task_group_decorator.py for tasks to queue
[2022-11-21T21:42:50.185-0300] {logging_mixin.py:115} INFO - [2022-11-21T21:42:50.184-0300] {dagbag.py:508} INFO - Filling up the DagBag from /home/juliana/Área de Trabalho/datapipeline/.env/lib/python3.8/site-packages/airflow/example_dags/example_task_group_decorator.py
[2022-11-21T21:42:50.232-0300] {processor.py:650} INFO - DAG(s) dict_keys(['example_task_group_decorator']) retrieved from /home/juliana/Área de Trabalho/datapipeline/.env/lib/python3.8/site-packages/airflow/example_dags/example_task_group_decorator.py
[2022-11-21T21:42:50.267-0300] {logging_mixin.py:115} INFO - [2022-11-21T21:42:50.267-0300] {dag.py:2429} INFO - Sync 1 DAGs
[2022-11-21T21:42:50.299-0300] {logging_mixin.py:115} INFO - [2022-11-21T21:42:50.299-0300] {dag.py:2977} INFO - Setting next_dagrun for example_task_group_decorator to 2022-11-21T00:42:50.299136+00:00, run_after=2022-11-22T00:42:50.299136+00:00
[2022-11-21T21:42:50.325-0300] {processor.py:161} INFO - Processing /home/juliana/Área de Trabalho/datapipeline/.env/lib/python3.8/site-packages/airflow/example_dags/example_task_group_decorator.py took 0.154 seconds
[2022-11-21T21:43:24.202-0300] {processor.py:153} INFO - Started process (PID=9533) to work on /home/juliana/Área de Trabalho/datapipeline/.env/lib/python3.8/site-packages/airflow/example_dags/example_task_group_decorator.py
[2022-11-21T21:43:24.203-0300] {processor.py:640} INFO - Processing file /home/juliana/Área de Trabalho/datapipeline/.env/lib/python3.8/site-packages/airflow/example_dags/example_task_group_decorator.py for tasks to queue
[2022-11-21T21:43:24.204-0300] {logging_mixin.py:115} INFO - [2022-11-21T21:43:24.204-0300] {dagbag.py:508} INFO - Filling up the DagBag from /home/juliana/Área de Trabalho/datapipeline/.env/lib/python3.8/site-packages/airflow/example_dags/example_task_group_decorator.py
[2022-11-21T21:43:24.231-0300] {processor.py:650} INFO - DAG(s) dict_keys(['example_task_group_decorator']) retrieved from /home/juliana/Área de Trabalho/datapipeline/.env/lib/python3.8/site-packages/airflow/example_dags/example_task_group_decorator.py
[2022-11-21T21:43:24.273-0300] {logging_mixin.py:115} INFO - [2022-11-21T21:43:24.273-0300] {dag.py:2429} INFO - Sync 1 DAGs
[2022-11-21T21:43:24.285-0300] {logging_mixin.py:115} INFO - [2022-11-21T21:43:24.285-0300] {dag.py:2977} INFO - Setting next_dagrun for example_task_group_decorator to 2022-11-21T00:43:24.284892+00:00, run_after=2022-11-22T00:43:24.284892+00:00
[2022-11-21T21:43:24.306-0300] {processor.py:161} INFO - Processing /home/juliana/Área de Trabalho/datapipeline/.env/lib/python3.8/site-packages/airflow/example_dags/example_task_group_decorator.py took 0.108 seconds
[2022-11-21T21:43:59.267-0300] {processor.py:153} INFO - Started process (PID=9675) to work on /home/juliana/Área de Trabalho/datapipeline/.env/lib/python3.8/site-packages/airflow/example_dags/example_task_group_decorator.py
[2022-11-21T21:43:59.272-0300] {processor.py:640} INFO - Processing file /home/juliana/Área de Trabalho/datapipeline/.env/lib/python3.8/site-packages/airflow/example_dags/example_task_group_decorator.py for tasks to queue
[2022-11-21T21:43:59.272-0300] {logging_mixin.py:115} INFO - [2022-11-21T21:43:59.272-0300] {dagbag.py:508} INFO - Filling up the DagBag from /home/juliana/Área de Trabalho/datapipeline/.env/lib/python3.8/site-packages/airflow/example_dags/example_task_group_decorator.py
[2022-11-21T21:43:59.303-0300] {processor.py:650} INFO - DAG(s) dict_keys(['example_task_group_decorator']) retrieved from /home/juliana/Área de Trabalho/datapipeline/.env/lib/python3.8/site-packages/airflow/example_dags/example_task_group_decorator.py
[2022-11-21T21:43:59.317-0300] {logging_mixin.py:115} INFO - [2022-11-21T21:43:59.317-0300] {dag.py:2429} INFO - Sync 1 DAGs
[2022-11-21T21:43:59.332-0300] {logging_mixin.py:115} INFO - [2022-11-21T21:43:59.331-0300] {dag.py:2977} INFO - Setting next_dagrun for example_task_group_decorator to 2022-11-21T00:43:59.331659+00:00, run_after=2022-11-22T00:43:59.331659+00:00
[2022-11-21T21:43:59.351-0300] {processor.py:161} INFO - Processing /home/juliana/Área de Trabalho/datapipeline/.env/lib/python3.8/site-packages/airflow/example_dags/example_task_group_decorator.py took 0.092 seconds
[2022-11-21T21:44:33.374-0300] {processor.py:153} INFO - Started process (PID=9720) to work on /home/juliana/Área de Trabalho/datapipeline/.env/lib/python3.8/site-packages/airflow/example_dags/example_task_group_decorator.py
[2022-11-21T21:44:33.381-0300] {processor.py:640} INFO - Processing file /home/juliana/Área de Trabalho/datapipeline/.env/lib/python3.8/site-packages/airflow/example_dags/example_task_group_decorator.py for tasks to queue
[2022-11-21T21:44:33.382-0300] {logging_mixin.py:115} INFO - [2022-11-21T21:44:33.382-0300] {dagbag.py:508} INFO - Filling up the DagBag from /home/juliana/Área de Trabalho/datapipeline/.env/lib/python3.8/site-packages/airflow/example_dags/example_task_group_decorator.py
[2022-11-21T21:44:33.415-0300] {processor.py:650} INFO - DAG(s) dict_keys(['example_task_group_decorator']) retrieved from /home/juliana/Área de Trabalho/datapipeline/.env/lib/python3.8/site-packages/airflow/example_dags/example_task_group_decorator.py
[2022-11-21T21:44:33.429-0300] {logging_mixin.py:115} INFO - [2022-11-21T21:44:33.429-0300] {dag.py:2429} INFO - Sync 1 DAGs
[2022-11-21T21:44:33.443-0300] {logging_mixin.py:115} INFO - [2022-11-21T21:44:33.443-0300] {dag.py:2977} INFO - Setting next_dagrun for example_task_group_decorator to 2022-11-21T00:44:33.442875+00:00, run_after=2022-11-22T00:44:33.442875+00:00
[2022-11-21T21:44:33.459-0300] {processor.py:161} INFO - Processing /home/juliana/Área de Trabalho/datapipeline/.env/lib/python3.8/site-packages/airflow/example_dags/example_task_group_decorator.py took 0.089 seconds
[2022-11-21T21:45:10.372-0300] {processor.py:153} INFO - Started process (PID=9758) to work on /home/juliana/Área de Trabalho/datapipeline/.env/lib/python3.8/site-packages/airflow/example_dags/example_task_group_decorator.py
[2022-11-21T21:45:10.373-0300] {processor.py:640} INFO - Processing file /home/juliana/Área de Trabalho/datapipeline/.env/lib/python3.8/site-packages/airflow/example_dags/example_task_group_decorator.py for tasks to queue
[2022-11-21T21:45:10.373-0300] {logging_mixin.py:115} INFO - [2022-11-21T21:45:10.373-0300] {dagbag.py:508} INFO - Filling up the DagBag from /home/juliana/Área de Trabalho/datapipeline/.env/lib/python3.8/site-packages/airflow/example_dags/example_task_group_decorator.py
[2022-11-21T21:45:10.398-0300] {processor.py:650} INFO - DAG(s) dict_keys(['example_task_group_decorator']) retrieved from /home/juliana/Área de Trabalho/datapipeline/.env/lib/python3.8/site-packages/airflow/example_dags/example_task_group_decorator.py
[2022-11-21T21:45:10.417-0300] {logging_mixin.py:115} INFO - [2022-11-21T21:45:10.416-0300] {dag.py:2429} INFO - Sync 1 DAGs
[2022-11-21T21:45:10.437-0300] {logging_mixin.py:115} INFO - [2022-11-21T21:45:10.437-0300] {dag.py:2977} INFO - Setting next_dagrun for example_task_group_decorator to 2022-11-21T00:45:10.436878+00:00, run_after=2022-11-22T00:45:10.436878+00:00
[2022-11-21T21:45:10.468-0300] {processor.py:161} INFO - Processing /home/juliana/Área de Trabalho/datapipeline/.env/lib/python3.8/site-packages/airflow/example_dags/example_task_group_decorator.py took 0.100 seconds
[2022-11-21T21:45:44.699-0300] {processor.py:153} INFO - Started process (PID=9800) to work on /home/juliana/Área de Trabalho/datapipeline/.env/lib/python3.8/site-packages/airflow/example_dags/example_task_group_decorator.py
[2022-11-21T21:45:44.700-0300] {processor.py:640} INFO - Processing file /home/juliana/Área de Trabalho/datapipeline/.env/lib/python3.8/site-packages/airflow/example_dags/example_task_group_decorator.py for tasks to queue
[2022-11-21T21:45:44.701-0300] {logging_mixin.py:115} INFO - [2022-11-21T21:45:44.701-0300] {dagbag.py:508} INFO - Filling up the DagBag from /home/juliana/Área de Trabalho/datapipeline/.env/lib/python3.8/site-packages/airflow/example_dags/example_task_group_decorator.py
[2022-11-21T21:45:44.728-0300] {processor.py:650} INFO - DAG(s) dict_keys(['example_task_group_decorator']) retrieved from /home/juliana/Área de Trabalho/datapipeline/.env/lib/python3.8/site-packages/airflow/example_dags/example_task_group_decorator.py
[2022-11-21T21:45:44.741-0300] {logging_mixin.py:115} INFO - [2022-11-21T21:45:44.741-0300] {dag.py:2429} INFO - Sync 1 DAGs
[2022-11-21T21:45:44.754-0300] {logging_mixin.py:115} INFO - [2022-11-21T21:45:44.754-0300] {dag.py:2977} INFO - Setting next_dagrun for example_task_group_decorator to 2022-11-21T00:45:44.753966+00:00, run_after=2022-11-22T00:45:44.753966+00:00
[2022-11-21T21:45:44.775-0300] {processor.py:161} INFO - Processing /home/juliana/Área de Trabalho/datapipeline/.env/lib/python3.8/site-packages/airflow/example_dags/example_task_group_decorator.py took 0.081 seconds
[2022-11-21T21:46:20.409-0300] {processor.py:153} INFO - Started process (PID=10022) to work on /home/juliana/Área de Trabalho/datapipeline/.env/lib/python3.8/site-packages/airflow/example_dags/example_task_group_decorator.py
[2022-11-21T21:46:20.410-0300] {processor.py:640} INFO - Processing file /home/juliana/Área de Trabalho/datapipeline/.env/lib/python3.8/site-packages/airflow/example_dags/example_task_group_decorator.py for tasks to queue
[2022-11-21T21:46:20.411-0300] {logging_mixin.py:115} INFO - [2022-11-21T21:46:20.411-0300] {dagbag.py:508} INFO - Filling up the DagBag from /home/juliana/Área de Trabalho/datapipeline/.env/lib/python3.8/site-packages/airflow/example_dags/example_task_group_decorator.py
[2022-11-21T21:46:20.443-0300] {processor.py:650} INFO - DAG(s) dict_keys(['example_task_group_decorator']) retrieved from /home/juliana/Área de Trabalho/datapipeline/.env/lib/python3.8/site-packages/airflow/example_dags/example_task_group_decorator.py
[2022-11-21T21:46:20.460-0300] {logging_mixin.py:115} INFO - [2022-11-21T21:46:20.460-0300] {dag.py:2429} INFO - Sync 1 DAGs
[2022-11-21T21:46:20.485-0300] {logging_mixin.py:115} INFO - [2022-11-21T21:46:20.484-0300] {dag.py:2977} INFO - Setting next_dagrun for example_task_group_decorator to 2022-11-21T00:46:20.484728+00:00, run_after=2022-11-22T00:46:20.484728+00:00
[2022-11-21T21:46:20.542-0300] {processor.py:161} INFO - Processing /home/juliana/Área de Trabalho/datapipeline/.env/lib/python3.8/site-packages/airflow/example_dags/example_task_group_decorator.py took 0.138 seconds
[2022-11-21T21:46:54.902-0300] {processor.py:153} INFO - Started process (PID=10214) to work on /home/juliana/Área de Trabalho/datapipeline/.env/lib/python3.8/site-packages/airflow/example_dags/example_task_group_decorator.py
[2022-11-21T21:46:54.904-0300] {processor.py:640} INFO - Processing file /home/juliana/Área de Trabalho/datapipeline/.env/lib/python3.8/site-packages/airflow/example_dags/example_task_group_decorator.py for tasks to queue
[2022-11-21T21:46:54.905-0300] {logging_mixin.py:115} INFO - [2022-11-21T21:46:54.905-0300] {dagbag.py:508} INFO - Filling up the DagBag from /home/juliana/Área de Trabalho/datapipeline/.env/lib/python3.8/site-packages/airflow/example_dags/example_task_group_decorator.py
[2022-11-21T21:46:54.937-0300] {processor.py:650} INFO - DAG(s) dict_keys(['example_task_group_decorator']) retrieved from /home/juliana/Área de Trabalho/datapipeline/.env/lib/python3.8/site-packages/airflow/example_dags/example_task_group_decorator.py
[2022-11-21T21:46:54.951-0300] {logging_mixin.py:115} INFO - [2022-11-21T21:46:54.951-0300] {dag.py:2429} INFO - Sync 1 DAGs
[2022-11-21T21:46:54.964-0300] {logging_mixin.py:115} INFO - [2022-11-21T21:46:54.964-0300] {dag.py:2977} INFO - Setting next_dagrun for example_task_group_decorator to 2022-11-21T00:46:54.964442+00:00, run_after=2022-11-22T00:46:54.964442+00:00
[2022-11-21T21:46:54.985-0300] {processor.py:161} INFO - Processing /home/juliana/Área de Trabalho/datapipeline/.env/lib/python3.8/site-packages/airflow/example_dags/example_task_group_decorator.py took 0.089 seconds
[2022-11-21T21:47:30.320-0300] {processor.py:153} INFO - Started process (PID=10423) to work on /home/juliana/Área de Trabalho/datapipeline/.env/lib/python3.8/site-packages/airflow/example_dags/example_task_group_decorator.py
[2022-11-21T21:47:30.322-0300] {processor.py:640} INFO - Processing file /home/juliana/Área de Trabalho/datapipeline/.env/lib/python3.8/site-packages/airflow/example_dags/example_task_group_decorator.py for tasks to queue
[2022-11-21T21:47:30.322-0300] {logging_mixin.py:115} INFO - [2022-11-21T21:47:30.322-0300] {dagbag.py:508} INFO - Filling up the DagBag from /home/juliana/Área de Trabalho/datapipeline/.env/lib/python3.8/site-packages/airflow/example_dags/example_task_group_decorator.py
[2022-11-21T21:47:30.352-0300] {processor.py:650} INFO - DAG(s) dict_keys(['example_task_group_decorator']) retrieved from /home/juliana/Área de Trabalho/datapipeline/.env/lib/python3.8/site-packages/airflow/example_dags/example_task_group_decorator.py
[2022-11-21T21:47:30.367-0300] {logging_mixin.py:115} INFO - [2022-11-21T21:47:30.366-0300] {dag.py:2429} INFO - Sync 1 DAGs
[2022-11-21T21:47:30.381-0300] {logging_mixin.py:115} INFO - [2022-11-21T21:47:30.380-0300] {dag.py:2977} INFO - Setting next_dagrun for example_task_group_decorator to 2022-11-21T00:47:30.380584+00:00, run_after=2022-11-22T00:47:30.380584+00:00
[2022-11-21T21:47:30.401-0300] {processor.py:161} INFO - Processing /home/juliana/Área de Trabalho/datapipeline/.env/lib/python3.8/site-packages/airflow/example_dags/example_task_group_decorator.py took 0.085 seconds
[2022-11-21T21:48:02.786-0300] {processor.py:153} INFO - Started process (PID=10583) to work on /home/juliana/Área de Trabalho/datapipeline/.env/lib/python3.8/site-packages/airflow/example_dags/example_task_group_decorator.py
[2022-11-21T21:48:02.787-0300] {processor.py:640} INFO - Processing file /home/juliana/Área de Trabalho/datapipeline/.env/lib/python3.8/site-packages/airflow/example_dags/example_task_group_decorator.py for tasks to queue
[2022-11-21T21:48:02.788-0300] {logging_mixin.py:115} INFO - [2022-11-21T21:48:02.788-0300] {dagbag.py:508} INFO - Filling up the DagBag from /home/juliana/Área de Trabalho/datapipeline/.env/lib/python3.8/site-packages/airflow/example_dags/example_task_group_decorator.py
[2022-11-21T21:48:02.818-0300] {processor.py:650} INFO - DAG(s) dict_keys(['example_task_group_decorator']) retrieved from /home/juliana/Área de Trabalho/datapipeline/.env/lib/python3.8/site-packages/airflow/example_dags/example_task_group_decorator.py
[2022-11-21T21:48:02.832-0300] {logging_mixin.py:115} INFO - [2022-11-21T21:48:02.832-0300] {dag.py:2429} INFO - Sync 1 DAGs
[2022-11-21T21:48:02.846-0300] {logging_mixin.py:115} INFO - [2022-11-21T21:48:02.846-0300] {dag.py:2977} INFO - Setting next_dagrun for example_task_group_decorator to 2022-11-21T00:48:02.846140+00:00, run_after=2022-11-22T00:48:02.846140+00:00
[2022-11-21T21:48:02.861-0300] {processor.py:161} INFO - Processing /home/juliana/Área de Trabalho/datapipeline/.env/lib/python3.8/site-packages/airflow/example_dags/example_task_group_decorator.py took 0.081 seconds
[2022-11-21T21:48:37.975-0300] {processor.py:153} INFO - Started process (PID=10699) to work on /home/juliana/Área de Trabalho/datapipeline/.env/lib/python3.8/site-packages/airflow/example_dags/example_task_group_decorator.py
[2022-11-21T21:48:37.981-0300] {processor.py:640} INFO - Processing file /home/juliana/Área de Trabalho/datapipeline/.env/lib/python3.8/site-packages/airflow/example_dags/example_task_group_decorator.py for tasks to queue
[2022-11-21T21:48:37.982-0300] {logging_mixin.py:115} INFO - [2022-11-21T21:48:37.982-0300] {dagbag.py:508} INFO - Filling up the DagBag from /home/juliana/Área de Trabalho/datapipeline/.env/lib/python3.8/site-packages/airflow/example_dags/example_task_group_decorator.py
[2022-11-21T21:48:38.027-0300] {processor.py:650} INFO - DAG(s) dict_keys(['example_task_group_decorator']) retrieved from /home/juliana/Área de Trabalho/datapipeline/.env/lib/python3.8/site-packages/airflow/example_dags/example_task_group_decorator.py
[2022-11-21T21:48:38.070-0300] {logging_mixin.py:115} INFO - [2022-11-21T21:48:38.070-0300] {dag.py:2429} INFO - Sync 1 DAGs
[2022-11-21T21:48:38.086-0300] {logging_mixin.py:115} INFO - [2022-11-21T21:48:38.086-0300] {dag.py:2977} INFO - Setting next_dagrun for example_task_group_decorator to 2022-11-21T00:48:38.085848+00:00, run_after=2022-11-22T00:48:38.085848+00:00
[2022-11-21T21:48:38.115-0300] {processor.py:161} INFO - Processing /home/juliana/Área de Trabalho/datapipeline/.env/lib/python3.8/site-packages/airflow/example_dags/example_task_group_decorator.py took 0.158 seconds
[2022-11-21T21:49:13.884-0300] {processor.py:153} INFO - Started process (PID=10763) to work on /home/juliana/Área de Trabalho/datapipeline/.env/lib/python3.8/site-packages/airflow/example_dags/example_task_group_decorator.py
[2022-11-21T21:49:13.886-0300] {processor.py:640} INFO - Processing file /home/juliana/Área de Trabalho/datapipeline/.env/lib/python3.8/site-packages/airflow/example_dags/example_task_group_decorator.py for tasks to queue
[2022-11-21T21:49:13.887-0300] {logging_mixin.py:115} INFO - [2022-11-21T21:49:13.887-0300] {dagbag.py:508} INFO - Filling up the DagBag from /home/juliana/Área de Trabalho/datapipeline/.env/lib/python3.8/site-packages/airflow/example_dags/example_task_group_decorator.py
[2022-11-21T21:49:13.924-0300] {processor.py:650} INFO - DAG(s) dict_keys(['example_task_group_decorator']) retrieved from /home/juliana/Área de Trabalho/datapipeline/.env/lib/python3.8/site-packages/airflow/example_dags/example_task_group_decorator.py
[2022-11-21T21:49:13.939-0300] {logging_mixin.py:115} INFO - [2022-11-21T21:49:13.939-0300] {dag.py:2429} INFO - Sync 1 DAGs
[2022-11-21T21:49:13.953-0300] {logging_mixin.py:115} INFO - [2022-11-21T21:49:13.953-0300] {dag.py:2977} INFO - Setting next_dagrun for example_task_group_decorator to 2022-11-21T00:49:13.953040+00:00, run_after=2022-11-22T00:49:13.953040+00:00
[2022-11-21T21:49:13.974-0300] {processor.py:161} INFO - Processing /home/juliana/Área de Trabalho/datapipeline/.env/lib/python3.8/site-packages/airflow/example_dags/example_task_group_decorator.py took 0.096 seconds
[2022-11-21T21:49:49.115-0300] {processor.py:153} INFO - Started process (PID=10798) to work on /home/juliana/Área de Trabalho/datapipeline/.env/lib/python3.8/site-packages/airflow/example_dags/example_task_group_decorator.py
[2022-11-21T21:49:49.117-0300] {processor.py:640} INFO - Processing file /home/juliana/Área de Trabalho/datapipeline/.env/lib/python3.8/site-packages/airflow/example_dags/example_task_group_decorator.py for tasks to queue
[2022-11-21T21:49:49.118-0300] {logging_mixin.py:115} INFO - [2022-11-21T21:49:49.118-0300] {dagbag.py:508} INFO - Filling up the DagBag from /home/juliana/Área de Trabalho/datapipeline/.env/lib/python3.8/site-packages/airflow/example_dags/example_task_group_decorator.py
[2022-11-21T21:49:49.147-0300] {processor.py:650} INFO - DAG(s) dict_keys(['example_task_group_decorator']) retrieved from /home/juliana/Área de Trabalho/datapipeline/.env/lib/python3.8/site-packages/airflow/example_dags/example_task_group_decorator.py
[2022-11-21T21:49:49.161-0300] {logging_mixin.py:115} INFO - [2022-11-21T21:49:49.160-0300] {dag.py:2429} INFO - Sync 1 DAGs
[2022-11-21T21:49:49.176-0300] {logging_mixin.py:115} INFO - [2022-11-21T21:49:49.176-0300] {dag.py:2977} INFO - Setting next_dagrun for example_task_group_decorator to 2022-11-21T00:49:49.175873+00:00, run_after=2022-11-22T00:49:49.175873+00:00
[2022-11-21T21:49:49.195-0300] {processor.py:161} INFO - Processing /home/juliana/Área de Trabalho/datapipeline/.env/lib/python3.8/site-packages/airflow/example_dags/example_task_group_decorator.py took 0.086 seconds
[2022-11-21T21:50:24.882-0300] {processor.py:153} INFO - Started process (PID=10845) to work on /home/juliana/Área de Trabalho/datapipeline/.env/lib/python3.8/site-packages/airflow/example_dags/example_task_group_decorator.py
[2022-11-21T21:50:24.883-0300] {processor.py:640} INFO - Processing file /home/juliana/Área de Trabalho/datapipeline/.env/lib/python3.8/site-packages/airflow/example_dags/example_task_group_decorator.py for tasks to queue
[2022-11-21T21:50:24.884-0300] {logging_mixin.py:115} INFO - [2022-11-21T21:50:24.884-0300] {dagbag.py:508} INFO - Filling up the DagBag from /home/juliana/Área de Trabalho/datapipeline/.env/lib/python3.8/site-packages/airflow/example_dags/example_task_group_decorator.py
[2022-11-21T21:50:24.918-0300] {processor.py:650} INFO - DAG(s) dict_keys(['example_task_group_decorator']) retrieved from /home/juliana/Área de Trabalho/datapipeline/.env/lib/python3.8/site-packages/airflow/example_dags/example_task_group_decorator.py
[2022-11-21T21:50:24.955-0300] {logging_mixin.py:115} INFO - [2022-11-21T21:50:24.955-0300] {dag.py:2429} INFO - Sync 1 DAGs
[2022-11-21T21:50:24.967-0300] {logging_mixin.py:115} INFO - [2022-11-21T21:50:24.967-0300] {dag.py:2977} INFO - Setting next_dagrun for example_task_group_decorator to 2022-11-21T00:50:24.966909+00:00, run_after=2022-11-22T00:50:24.966909+00:00
[2022-11-21T21:50:24.986-0300] {processor.py:161} INFO - Processing /home/juliana/Área de Trabalho/datapipeline/.env/lib/python3.8/site-packages/airflow/example_dags/example_task_group_decorator.py took 0.109 seconds
[2022-11-21T21:50:59.983-0300] {processor.py:153} INFO - Started process (PID=10895) to work on /home/juliana/Área de Trabalho/datapipeline/.env/lib/python3.8/site-packages/airflow/example_dags/example_task_group_decorator.py
[2022-11-21T21:50:59.990-0300] {processor.py:640} INFO - Processing file /home/juliana/Área de Trabalho/datapipeline/.env/lib/python3.8/site-packages/airflow/example_dags/example_task_group_decorator.py for tasks to queue
[2022-11-21T21:50:59.991-0300] {logging_mixin.py:115} INFO - [2022-11-21T21:50:59.991-0300] {dagbag.py:508} INFO - Filling up the DagBag from /home/juliana/Área de Trabalho/datapipeline/.env/lib/python3.8/site-packages/airflow/example_dags/example_task_group_decorator.py
[2022-11-21T21:51:00.029-0300] {processor.py:650} INFO - DAG(s) dict_keys(['example_task_group_decorator']) retrieved from /home/juliana/Área de Trabalho/datapipeline/.env/lib/python3.8/site-packages/airflow/example_dags/example_task_group_decorator.py
[2022-11-21T21:51:00.044-0300] {logging_mixin.py:115} INFO - [2022-11-21T21:51:00.044-0300] {dag.py:2429} INFO - Sync 1 DAGs
[2022-11-21T21:51:00.058-0300] {logging_mixin.py:115} INFO - [2022-11-21T21:51:00.058-0300] {dag.py:2977} INFO - Setting next_dagrun for example_task_group_decorator to 2022-11-21T00:51:00.058403+00:00, run_after=2022-11-22T00:51:00.058403+00:00
[2022-11-21T21:51:00.077-0300] {processor.py:161} INFO - Processing /home/juliana/Área de Trabalho/datapipeline/.env/lib/python3.8/site-packages/airflow/example_dags/example_task_group_decorator.py took 0.101 seconds
[2022-11-21T21:51:39.644-0300] {processor.py:153} INFO - Started process (PID=10933) to work on /home/juliana/Área de Trabalho/datapipeline/.env/lib/python3.8/site-packages/airflow/example_dags/example_task_group_decorator.py
[2022-11-21T21:51:39.645-0300] {processor.py:640} INFO - Processing file /home/juliana/Área de Trabalho/datapipeline/.env/lib/python3.8/site-packages/airflow/example_dags/example_task_group_decorator.py for tasks to queue
[2022-11-21T21:51:39.646-0300] {logging_mixin.py:115} INFO - [2022-11-21T21:51:39.646-0300] {dagbag.py:508} INFO - Filling up the DagBag from /home/juliana/Área de Trabalho/datapipeline/.env/lib/python3.8/site-packages/airflow/example_dags/example_task_group_decorator.py
[2022-11-21T21:51:39.676-0300] {processor.py:650} INFO - DAG(s) dict_keys(['example_task_group_decorator']) retrieved from /home/juliana/Área de Trabalho/datapipeline/.env/lib/python3.8/site-packages/airflow/example_dags/example_task_group_decorator.py
[2022-11-21T21:51:39.691-0300] {logging_mixin.py:115} INFO - [2022-11-21T21:51:39.691-0300] {dag.py:2429} INFO - Sync 1 DAGs
[2022-11-21T21:51:39.705-0300] {logging_mixin.py:115} INFO - [2022-11-21T21:51:39.704-0300] {dag.py:2977} INFO - Setting next_dagrun for example_task_group_decorator to 2022-11-21T00:51:39.704705+00:00, run_after=2022-11-22T00:51:39.704705+00:00
[2022-11-21T21:51:39.721-0300] {processor.py:161} INFO - Processing /home/juliana/Área de Trabalho/datapipeline/.env/lib/python3.8/site-packages/airflow/example_dags/example_task_group_decorator.py took 0.082 seconds
[2022-11-21T21:52:14.153-0300] {processor.py:153} INFO - Started process (PID=10968) to work on /home/juliana/Área de Trabalho/datapipeline/.env/lib/python3.8/site-packages/airflow/example_dags/example_task_group_decorator.py
[2022-11-21T21:52:14.154-0300] {processor.py:640} INFO - Processing file /home/juliana/Área de Trabalho/datapipeline/.env/lib/python3.8/site-packages/airflow/example_dags/example_task_group_decorator.py for tasks to queue
[2022-11-21T21:52:14.155-0300] {logging_mixin.py:115} INFO - [2022-11-21T21:52:14.155-0300] {dagbag.py:508} INFO - Filling up the DagBag from /home/juliana/Área de Trabalho/datapipeline/.env/lib/python3.8/site-packages/airflow/example_dags/example_task_group_decorator.py
[2022-11-21T21:52:14.187-0300] {processor.py:650} INFO - DAG(s) dict_keys(['example_task_group_decorator']) retrieved from /home/juliana/Área de Trabalho/datapipeline/.env/lib/python3.8/site-packages/airflow/example_dags/example_task_group_decorator.py
[2022-11-21T21:52:14.201-0300] {logging_mixin.py:115} INFO - [2022-11-21T21:52:14.200-0300] {dag.py:2429} INFO - Sync 1 DAGs
[2022-11-21T21:52:14.214-0300] {logging_mixin.py:115} INFO - [2022-11-21T21:52:14.214-0300] {dag.py:2977} INFO - Setting next_dagrun for example_task_group_decorator to 2022-11-21T00:52:14.214374+00:00, run_after=2022-11-22T00:52:14.214374+00:00
[2022-11-21T21:52:14.235-0300] {processor.py:161} INFO - Processing /home/juliana/Área de Trabalho/datapipeline/.env/lib/python3.8/site-packages/airflow/example_dags/example_task_group_decorator.py took 0.088 seconds
[2022-11-21T21:52:47.713-0300] {processor.py:153} INFO - Started process (PID=11002) to work on /home/juliana/Área de Trabalho/datapipeline/.env/lib/python3.8/site-packages/airflow/example_dags/example_task_group_decorator.py
[2022-11-21T21:52:47.714-0300] {processor.py:640} INFO - Processing file /home/juliana/Área de Trabalho/datapipeline/.env/lib/python3.8/site-packages/airflow/example_dags/example_task_group_decorator.py for tasks to queue
[2022-11-21T21:52:47.715-0300] {logging_mixin.py:115} INFO - [2022-11-21T21:52:47.715-0300] {dagbag.py:508} INFO - Filling up the DagBag from /home/juliana/Área de Trabalho/datapipeline/.env/lib/python3.8/site-packages/airflow/example_dags/example_task_group_decorator.py
[2022-11-21T21:52:47.746-0300] {processor.py:650} INFO - DAG(s) dict_keys(['example_task_group_decorator']) retrieved from /home/juliana/Área de Trabalho/datapipeline/.env/lib/python3.8/site-packages/airflow/example_dags/example_task_group_decorator.py
[2022-11-21T21:52:47.760-0300] {logging_mixin.py:115} INFO - [2022-11-21T21:52:47.759-0300] {dag.py:2429} INFO - Sync 1 DAGs
[2022-11-21T21:52:47.774-0300] {logging_mixin.py:115} INFO - [2022-11-21T21:52:47.773-0300] {dag.py:2977} INFO - Setting next_dagrun for example_task_group_decorator to 2022-11-21T00:52:47.773786+00:00, run_after=2022-11-22T00:52:47.773786+00:00
[2022-11-21T21:52:47.793-0300] {processor.py:161} INFO - Processing /home/juliana/Área de Trabalho/datapipeline/.env/lib/python3.8/site-packages/airflow/example_dags/example_task_group_decorator.py took 0.085 seconds
[2022-11-21T21:53:21.720-0300] {processor.py:153} INFO - Started process (PID=11103) to work on /home/juliana/Área de Trabalho/datapipeline/.env/lib/python3.8/site-packages/airflow/example_dags/example_task_group_decorator.py
[2022-11-21T21:53:21.721-0300] {processor.py:640} INFO - Processing file /home/juliana/Área de Trabalho/datapipeline/.env/lib/python3.8/site-packages/airflow/example_dags/example_task_group_decorator.py for tasks to queue
[2022-11-21T21:53:21.722-0300] {logging_mixin.py:115} INFO - [2022-11-21T21:53:21.722-0300] {dagbag.py:508} INFO - Filling up the DagBag from /home/juliana/Área de Trabalho/datapipeline/.env/lib/python3.8/site-packages/airflow/example_dags/example_task_group_decorator.py
[2022-11-21T21:53:21.753-0300] {processor.py:650} INFO - DAG(s) dict_keys(['example_task_group_decorator']) retrieved from /home/juliana/Área de Trabalho/datapipeline/.env/lib/python3.8/site-packages/airflow/example_dags/example_task_group_decorator.py
[2022-11-21T21:53:21.788-0300] {logging_mixin.py:115} INFO - [2022-11-21T21:53:21.788-0300] {dag.py:2429} INFO - Sync 1 DAGs
[2022-11-21T21:53:21.800-0300] {logging_mixin.py:115} INFO - [2022-11-21T21:53:21.800-0300] {dag.py:2977} INFO - Setting next_dagrun for example_task_group_decorator to 2022-11-21T00:53:21.799871+00:00, run_after=2022-11-22T00:53:21.799871+00:00
[2022-11-21T21:53:21.823-0300] {processor.py:161} INFO - Processing /home/juliana/Área de Trabalho/datapipeline/.env/lib/python3.8/site-packages/airflow/example_dags/example_task_group_decorator.py took 0.107 seconds
[2022-11-21T21:53:55.353-0300] {processor.py:153} INFO - Started process (PID=11318) to work on /home/juliana/Área de Trabalho/datapipeline/.env/lib/python3.8/site-packages/airflow/example_dags/example_task_group_decorator.py
[2022-11-21T21:53:55.354-0300] {processor.py:640} INFO - Processing file /home/juliana/Área de Trabalho/datapipeline/.env/lib/python3.8/site-packages/airflow/example_dags/example_task_group_decorator.py for tasks to queue
[2022-11-21T21:53:55.355-0300] {logging_mixin.py:115} INFO - [2022-11-21T21:53:55.355-0300] {dagbag.py:508} INFO - Filling up the DagBag from /home/juliana/Área de Trabalho/datapipeline/.env/lib/python3.8/site-packages/airflow/example_dags/example_task_group_decorator.py
[2022-11-21T21:53:55.396-0300] {processor.py:650} INFO - DAG(s) dict_keys(['example_task_group_decorator']) retrieved from /home/juliana/Área de Trabalho/datapipeline/.env/lib/python3.8/site-packages/airflow/example_dags/example_task_group_decorator.py
[2022-11-21T21:53:55.506-0300] {logging_mixin.py:115} INFO - [2022-11-21T21:53:55.506-0300] {dag.py:2429} INFO - Sync 1 DAGs
[2022-11-21T21:53:55.551-0300] {logging_mixin.py:115} INFO - [2022-11-21T21:53:55.551-0300] {dag.py:2977} INFO - Setting next_dagrun for example_task_group_decorator to 2022-11-21T00:53:55.547660+00:00, run_after=2022-11-22T00:53:55.547660+00:00
[2022-11-21T21:53:55.585-0300] {processor.py:161} INFO - Processing /home/juliana/Área de Trabalho/datapipeline/.env/lib/python3.8/site-packages/airflow/example_dags/example_task_group_decorator.py took 0.238 seconds
[2022-11-21T21:54:29.472-0300] {processor.py:153} INFO - Started process (PID=11505) to work on /home/juliana/Área de Trabalho/datapipeline/.env/lib/python3.8/site-packages/airflow/example_dags/example_task_group_decorator.py
[2022-11-21T21:54:29.474-0300] {processor.py:640} INFO - Processing file /home/juliana/Área de Trabalho/datapipeline/.env/lib/python3.8/site-packages/airflow/example_dags/example_task_group_decorator.py for tasks to queue
[2022-11-21T21:54:29.474-0300] {logging_mixin.py:115} INFO - [2022-11-21T21:54:29.474-0300] {dagbag.py:508} INFO - Filling up the DagBag from /home/juliana/Área de Trabalho/datapipeline/.env/lib/python3.8/site-packages/airflow/example_dags/example_task_group_decorator.py
[2022-11-21T21:54:29.500-0300] {processor.py:650} INFO - DAG(s) dict_keys(['example_task_group_decorator']) retrieved from /home/juliana/Área de Trabalho/datapipeline/.env/lib/python3.8/site-packages/airflow/example_dags/example_task_group_decorator.py
[2022-11-21T21:54:29.523-0300] {logging_mixin.py:115} INFO - [2022-11-21T21:54:29.523-0300] {dag.py:2429} INFO - Sync 1 DAGs
[2022-11-21T21:54:29.537-0300] {logging_mixin.py:115} INFO - [2022-11-21T21:54:29.537-0300] {dag.py:2977} INFO - Setting next_dagrun for example_task_group_decorator to 2022-11-21T00:54:29.537425+00:00, run_after=2022-11-22T00:54:29.537425+00:00
[2022-11-21T21:54:29.557-0300] {processor.py:161} INFO - Processing /home/juliana/Área de Trabalho/datapipeline/.env/lib/python3.8/site-packages/airflow/example_dags/example_task_group_decorator.py took 0.089 seconds
[2022-11-21T21:55:40.119-0300] {processor.py:153} INFO - Started process (PID=11705) to work on /home/juliana/Área de Trabalho/datapipeline/.env/lib/python3.8/site-packages/airflow/example_dags/example_task_group_decorator.py
[2022-11-21T21:55:40.121-0300] {processor.py:640} INFO - Processing file /home/juliana/Área de Trabalho/datapipeline/.env/lib/python3.8/site-packages/airflow/example_dags/example_task_group_decorator.py for tasks to queue
[2022-11-21T21:55:40.122-0300] {logging_mixin.py:115} INFO - [2022-11-21T21:55:40.122-0300] {dagbag.py:508} INFO - Filling up the DagBag from /home/juliana/Área de Trabalho/datapipeline/.env/lib/python3.8/site-packages/airflow/example_dags/example_task_group_decorator.py
[2022-11-21T21:55:40.152-0300] {processor.py:650} INFO - DAG(s) dict_keys(['example_task_group_decorator']) retrieved from /home/juliana/Área de Trabalho/datapipeline/.env/lib/python3.8/site-packages/airflow/example_dags/example_task_group_decorator.py
[2022-11-21T21:55:40.186-0300] {logging_mixin.py:115} INFO - [2022-11-21T21:55:40.186-0300] {dag.py:2429} INFO - Sync 1 DAGs
[2022-11-21T21:55:40.199-0300] {logging_mixin.py:115} INFO - [2022-11-21T21:55:40.199-0300] {dag.py:2977} INFO - Setting next_dagrun for example_task_group_decorator to 2022-11-21T00:55:40.199276+00:00, run_after=2022-11-22T00:55:40.199276+00:00
[2022-11-21T21:55:40.216-0300] {processor.py:161} INFO - Processing /home/juliana/Área de Trabalho/datapipeline/.env/lib/python3.8/site-packages/airflow/example_dags/example_task_group_decorator.py took 0.102 seconds
[2022-11-21T21:56:27.943-0300] {processor.py:153} INFO - Started process (PID=12041) to work on /home/juliana/Área de Trabalho/datapipeline/.env/lib/python3.8/site-packages/airflow/example_dags/example_task_group_decorator.py
[2022-11-21T21:56:27.954-0300] {processor.py:640} INFO - Processing file /home/juliana/Área de Trabalho/datapipeline/.env/lib/python3.8/site-packages/airflow/example_dags/example_task_group_decorator.py for tasks to queue
[2022-11-21T21:56:27.955-0300] {logging_mixin.py:115} INFO - [2022-11-21T21:56:27.955-0300] {dagbag.py:508} INFO - Filling up the DagBag from /home/juliana/Área de Trabalho/datapipeline/.env/lib/python3.8/site-packages/airflow/example_dags/example_task_group_decorator.py
[2022-11-21T21:56:28.138-0300] {processor.py:650} INFO - DAG(s) dict_keys(['example_task_group_decorator']) retrieved from /home/juliana/Área de Trabalho/datapipeline/.env/lib/python3.8/site-packages/airflow/example_dags/example_task_group_decorator.py
[2022-11-21T21:56:28.325-0300] {logging_mixin.py:115} INFO - [2022-11-21T21:56:28.325-0300] {dag.py:2429} INFO - Sync 1 DAGs
[2022-11-21T21:56:28.377-0300] {logging_mixin.py:115} INFO - [2022-11-21T21:56:28.377-0300] {dag.py:2977} INFO - Setting next_dagrun for example_task_group_decorator to 2022-11-21T00:56:28.365119+00:00, run_after=2022-11-22T00:56:28.365119+00:00
[2022-11-21T21:56:28.765-0300] {processor.py:161} INFO - Processing /home/juliana/Área de Trabalho/datapipeline/.env/lib/python3.8/site-packages/airflow/example_dags/example_task_group_decorator.py took 0.845 seconds
[2022-11-21T22:03:49.710-0300] {processor.py:153} INFO - Started process (PID=2457) to work on /home/juliana/Área de Trabalho/datapipeline/.env/lib/python3.8/site-packages/airflow/example_dags/example_task_group_decorator.py
[2022-11-21T22:03:49.712-0300] {processor.py:640} INFO - Processing file /home/juliana/Área de Trabalho/datapipeline/.env/lib/python3.8/site-packages/airflow/example_dags/example_task_group_decorator.py for tasks to queue
[2022-11-21T22:03:49.713-0300] {logging_mixin.py:115} INFO - [2022-11-21T22:03:49.713-0300] {dagbag.py:508} INFO - Filling up the DagBag from /home/juliana/Área de Trabalho/datapipeline/.env/lib/python3.8/site-packages/airflow/example_dags/example_task_group_decorator.py
[2022-11-21T22:03:49.740-0300] {processor.py:650} INFO - DAG(s) dict_keys(['example_task_group_decorator']) retrieved from /home/juliana/Área de Trabalho/datapipeline/.env/lib/python3.8/site-packages/airflow/example_dags/example_task_group_decorator.py
[2022-11-21T22:03:49.774-0300] {logging_mixin.py:115} INFO - [2022-11-21T22:03:49.774-0300] {dag.py:2429} INFO - Sync 1 DAGs
[2022-11-21T22:03:49.786-0300] {logging_mixin.py:115} INFO - [2022-11-21T22:03:49.785-0300] {dag.py:2977} INFO - Setting next_dagrun for example_task_group_decorator to 2022-11-21T01:03:49.785627+00:00, run_after=2022-11-22T01:03:49.785627+00:00
[2022-11-21T22:03:49.803-0300] {processor.py:161} INFO - Processing /home/juliana/Área de Trabalho/datapipeline/.env/lib/python3.8/site-packages/airflow/example_dags/example_task_group_decorator.py took 0.104 seconds
[2022-11-21T22:04:29.350-0300] {processor.py:153} INFO - Started process (PID=2520) to work on /home/juliana/Área de Trabalho/datapipeline/.env/lib/python3.8/site-packages/airflow/example_dags/example_task_group_decorator.py
[2022-11-21T22:04:29.356-0300] {processor.py:640} INFO - Processing file /home/juliana/Área de Trabalho/datapipeline/.env/lib/python3.8/site-packages/airflow/example_dags/example_task_group_decorator.py for tasks to queue
[2022-11-21T22:04:29.357-0300] {logging_mixin.py:115} INFO - [2022-11-21T22:04:29.357-0300] {dagbag.py:508} INFO - Filling up the DagBag from /home/juliana/Área de Trabalho/datapipeline/.env/lib/python3.8/site-packages/airflow/example_dags/example_task_group_decorator.py
[2022-11-21T22:04:29.396-0300] {processor.py:650} INFO - DAG(s) dict_keys(['example_task_group_decorator']) retrieved from /home/juliana/Área de Trabalho/datapipeline/.env/lib/python3.8/site-packages/airflow/example_dags/example_task_group_decorator.py
[2022-11-21T22:04:29.450-0300] {logging_mixin.py:115} INFO - [2022-11-21T22:04:29.450-0300] {dag.py:2429} INFO - Sync 1 DAGs
[2022-11-21T22:04:29.463-0300] {logging_mixin.py:115} INFO - [2022-11-21T22:04:29.463-0300] {dag.py:2977} INFO - Setting next_dagrun for example_task_group_decorator to 2022-11-21T01:04:29.462927+00:00, run_after=2022-11-22T01:04:29.462927+00:00
[2022-11-21T22:04:29.482-0300] {processor.py:161} INFO - Processing /home/juliana/Área de Trabalho/datapipeline/.env/lib/python3.8/site-packages/airflow/example_dags/example_task_group_decorator.py took 0.135 seconds
[2022-11-21T22:05:07.557-0300] {processor.py:153} INFO - Started process (PID=2860) to work on /home/juliana/Área de Trabalho/datapipeline/.env/lib/python3.8/site-packages/airflow/example_dags/example_task_group_decorator.py
[2022-11-21T22:05:07.563-0300] {processor.py:640} INFO - Processing file /home/juliana/Área de Trabalho/datapipeline/.env/lib/python3.8/site-packages/airflow/example_dags/example_task_group_decorator.py for tasks to queue
[2022-11-21T22:05:07.566-0300] {logging_mixin.py:115} INFO - [2022-11-21T22:05:07.566-0300] {dagbag.py:508} INFO - Filling up the DagBag from /home/juliana/Área de Trabalho/datapipeline/.env/lib/python3.8/site-packages/airflow/example_dags/example_task_group_decorator.py
[2022-11-21T22:05:07.605-0300] {processor.py:650} INFO - DAG(s) dict_keys(['example_task_group_decorator']) retrieved from /home/juliana/Área de Trabalho/datapipeline/.env/lib/python3.8/site-packages/airflow/example_dags/example_task_group_decorator.py
[2022-11-21T22:05:07.645-0300] {logging_mixin.py:115} INFO - [2022-11-21T22:05:07.645-0300] {dag.py:2429} INFO - Sync 1 DAGs
[2022-11-21T22:05:07.666-0300] {logging_mixin.py:115} INFO - [2022-11-21T22:05:07.665-0300] {dag.py:2977} INFO - Setting next_dagrun for example_task_group_decorator to 2022-11-21T01:05:07.665542+00:00, run_after=2022-11-22T01:05:07.665542+00:00
[2022-11-21T22:05:07.701-0300] {processor.py:161} INFO - Processing /home/juliana/Área de Trabalho/datapipeline/.env/lib/python3.8/site-packages/airflow/example_dags/example_task_group_decorator.py took 0.150 seconds
[2022-11-21T22:05:44.475-0300] {processor.py:153} INFO - Started process (PID=3244) to work on /home/juliana/Área de Trabalho/datapipeline/.env/lib/python3.8/site-packages/airflow/example_dags/example_task_group_decorator.py
[2022-11-21T22:05:44.482-0300] {processor.py:640} INFO - Processing file /home/juliana/Área de Trabalho/datapipeline/.env/lib/python3.8/site-packages/airflow/example_dags/example_task_group_decorator.py for tasks to queue
[2022-11-21T22:05:44.483-0300] {logging_mixin.py:115} INFO - [2022-11-21T22:05:44.483-0300] {dagbag.py:508} INFO - Filling up the DagBag from /home/juliana/Área de Trabalho/datapipeline/.env/lib/python3.8/site-packages/airflow/example_dags/example_task_group_decorator.py
[2022-11-21T22:05:44.528-0300] {processor.py:650} INFO - DAG(s) dict_keys(['example_task_group_decorator']) retrieved from /home/juliana/Área de Trabalho/datapipeline/.env/lib/python3.8/site-packages/airflow/example_dags/example_task_group_decorator.py
[2022-11-21T22:05:44.568-0300] {logging_mixin.py:115} INFO - [2022-11-21T22:05:44.568-0300] {dag.py:2429} INFO - Sync 1 DAGs
[2022-11-21T22:05:44.582-0300] {logging_mixin.py:115} INFO - [2022-11-21T22:05:44.582-0300] {dag.py:2977} INFO - Setting next_dagrun for example_task_group_decorator to 2022-11-21T01:05:44.582487+00:00, run_after=2022-11-22T01:05:44.582487+00:00
[2022-11-21T22:05:44.599-0300] {processor.py:161} INFO - Processing /home/juliana/Área de Trabalho/datapipeline/.env/lib/python3.8/site-packages/airflow/example_dags/example_task_group_decorator.py took 0.131 seconds
[2022-11-21T22:06:23.468-0300] {processor.py:153} INFO - Started process (PID=3646) to work on /home/juliana/Área de Trabalho/datapipeline/.env/lib/python3.8/site-packages/airflow/example_dags/example_task_group_decorator.py
[2022-11-21T22:06:23.471-0300] {processor.py:640} INFO - Processing file /home/juliana/Área de Trabalho/datapipeline/.env/lib/python3.8/site-packages/airflow/example_dags/example_task_group_decorator.py for tasks to queue
[2022-11-21T22:06:23.472-0300] {logging_mixin.py:115} INFO - [2022-11-21T22:06:23.472-0300] {dagbag.py:508} INFO - Filling up the DagBag from /home/juliana/Área de Trabalho/datapipeline/.env/lib/python3.8/site-packages/airflow/example_dags/example_task_group_decorator.py
[2022-11-21T22:06:23.516-0300] {processor.py:650} INFO - DAG(s) dict_keys(['example_task_group_decorator']) retrieved from /home/juliana/Área de Trabalho/datapipeline/.env/lib/python3.8/site-packages/airflow/example_dags/example_task_group_decorator.py
[2022-11-21T22:06:23.533-0300] {logging_mixin.py:115} INFO - [2022-11-21T22:06:23.533-0300] {dag.py:2429} INFO - Sync 1 DAGs
[2022-11-21T22:06:23.550-0300] {logging_mixin.py:115} INFO - [2022-11-21T22:06:23.550-0300] {dag.py:2977} INFO - Setting next_dagrun for example_task_group_decorator to 2022-11-21T01:06:23.549979+00:00, run_after=2022-11-22T01:06:23.549979+00:00
[2022-11-21T22:06:23.570-0300] {processor.py:161} INFO - Processing /home/juliana/Área de Trabalho/datapipeline/.env/lib/python3.8/site-packages/airflow/example_dags/example_task_group_decorator.py took 0.111 seconds
[2022-11-21T22:07:01.524-0300] {processor.py:153} INFO - Started process (PID=3867) to work on /home/juliana/Área de Trabalho/datapipeline/.env/lib/python3.8/site-packages/airflow/example_dags/example_task_group_decorator.py
[2022-11-21T22:07:01.527-0300] {processor.py:640} INFO - Processing file /home/juliana/Área de Trabalho/datapipeline/.env/lib/python3.8/site-packages/airflow/example_dags/example_task_group_decorator.py for tasks to queue
[2022-11-21T22:07:01.529-0300] {logging_mixin.py:115} INFO - [2022-11-21T22:07:01.529-0300] {dagbag.py:508} INFO - Filling up the DagBag from /home/juliana/Área de Trabalho/datapipeline/.env/lib/python3.8/site-packages/airflow/example_dags/example_task_group_decorator.py
[2022-11-21T22:07:01.598-0300] {processor.py:650} INFO - DAG(s) dict_keys(['example_task_group_decorator']) retrieved from /home/juliana/Área de Trabalho/datapipeline/.env/lib/python3.8/site-packages/airflow/example_dags/example_task_group_decorator.py
[2022-11-21T22:07:01.676-0300] {logging_mixin.py:115} INFO - [2022-11-21T22:07:01.676-0300] {dag.py:2429} INFO - Sync 1 DAGs
[2022-11-21T22:07:01.703-0300] {logging_mixin.py:115} INFO - [2022-11-21T22:07:01.703-0300] {dag.py:2977} INFO - Setting next_dagrun for example_task_group_decorator to 2022-11-21T01:07:01.702959+00:00, run_after=2022-11-22T01:07:01.702959+00:00
[2022-11-21T22:07:01.725-0300] {processor.py:161} INFO - Processing /home/juliana/Área de Trabalho/datapipeline/.env/lib/python3.8/site-packages/airflow/example_dags/example_task_group_decorator.py took 0.209 seconds
[2022-11-21T22:07:40.012-0300] {processor.py:153} INFO - Started process (PID=4105) to work on /home/juliana/Área de Trabalho/datapipeline/.env/lib/python3.8/site-packages/airflow/example_dags/example_task_group_decorator.py
[2022-11-21T22:07:40.014-0300] {processor.py:640} INFO - Processing file /home/juliana/Área de Trabalho/datapipeline/.env/lib/python3.8/site-packages/airflow/example_dags/example_task_group_decorator.py for tasks to queue
[2022-11-21T22:07:40.015-0300] {logging_mixin.py:115} INFO - [2022-11-21T22:07:40.015-0300] {dagbag.py:508} INFO - Filling up the DagBag from /home/juliana/Área de Trabalho/datapipeline/.env/lib/python3.8/site-packages/airflow/example_dags/example_task_group_decorator.py
[2022-11-21T22:07:40.052-0300] {processor.py:650} INFO - DAG(s) dict_keys(['example_task_group_decorator']) retrieved from /home/juliana/Área de Trabalho/datapipeline/.env/lib/python3.8/site-packages/airflow/example_dags/example_task_group_decorator.py
[2022-11-21T22:07:40.087-0300] {logging_mixin.py:115} INFO - [2022-11-21T22:07:40.087-0300] {dag.py:2429} INFO - Sync 1 DAGs
[2022-11-21T22:07:40.099-0300] {logging_mixin.py:115} INFO - [2022-11-21T22:07:40.099-0300] {dag.py:2977} INFO - Setting next_dagrun for example_task_group_decorator to 2022-11-21T01:07:40.099484+00:00, run_after=2022-11-22T01:07:40.099484+00:00
[2022-11-21T22:07:40.117-0300] {processor.py:161} INFO - Processing /home/juliana/Área de Trabalho/datapipeline/.env/lib/python3.8/site-packages/airflow/example_dags/example_task_group_decorator.py took 0.111 seconds
[2022-11-21T22:08:16.282-0300] {processor.py:153} INFO - Started process (PID=4318) to work on /home/juliana/Área de Trabalho/datapipeline/.env/lib/python3.8/site-packages/airflow/example_dags/example_task_group_decorator.py
[2022-11-21T22:08:16.288-0300] {processor.py:640} INFO - Processing file /home/juliana/Área de Trabalho/datapipeline/.env/lib/python3.8/site-packages/airflow/example_dags/example_task_group_decorator.py for tasks to queue
[2022-11-21T22:08:16.288-0300] {logging_mixin.py:115} INFO - [2022-11-21T22:08:16.288-0300] {dagbag.py:508} INFO - Filling up the DagBag from /home/juliana/Área de Trabalho/datapipeline/.env/lib/python3.8/site-packages/airflow/example_dags/example_task_group_decorator.py
[2022-11-21T22:08:16.317-0300] {processor.py:650} INFO - DAG(s) dict_keys(['example_task_group_decorator']) retrieved from /home/juliana/Área de Trabalho/datapipeline/.env/lib/python3.8/site-packages/airflow/example_dags/example_task_group_decorator.py
[2022-11-21T22:08:16.357-0300] {logging_mixin.py:115} INFO - [2022-11-21T22:08:16.357-0300] {dag.py:2429} INFO - Sync 1 DAGs
[2022-11-21T22:08:16.370-0300] {logging_mixin.py:115} INFO - [2022-11-21T22:08:16.370-0300] {dag.py:2977} INFO - Setting next_dagrun for example_task_group_decorator to 2022-11-21T01:08:16.370022+00:00, run_after=2022-11-22T01:08:16.370022+00:00
[2022-11-21T22:08:16.386-0300] {processor.py:161} INFO - Processing /home/juliana/Área de Trabalho/datapipeline/.env/lib/python3.8/site-packages/airflow/example_dags/example_task_group_decorator.py took 0.107 seconds
[2022-11-21T22:08:50.724-0300] {processor.py:153} INFO - Started process (PID=4537) to work on /home/juliana/Área de Trabalho/datapipeline/.env/lib/python3.8/site-packages/airflow/example_dags/example_task_group_decorator.py
[2022-11-21T22:08:50.725-0300] {processor.py:640} INFO - Processing file /home/juliana/Área de Trabalho/datapipeline/.env/lib/python3.8/site-packages/airflow/example_dags/example_task_group_decorator.py for tasks to queue
[2022-11-21T22:08:50.726-0300] {logging_mixin.py:115} INFO - [2022-11-21T22:08:50.726-0300] {dagbag.py:508} INFO - Filling up the DagBag from /home/juliana/Área de Trabalho/datapipeline/.env/lib/python3.8/site-packages/airflow/example_dags/example_task_group_decorator.py
[2022-11-21T22:08:50.753-0300] {processor.py:650} INFO - DAG(s) dict_keys(['example_task_group_decorator']) retrieved from /home/juliana/Área de Trabalho/datapipeline/.env/lib/python3.8/site-packages/airflow/example_dags/example_task_group_decorator.py
[2022-11-21T22:08:50.790-0300] {logging_mixin.py:115} INFO - [2022-11-21T22:08:50.790-0300] {dag.py:2429} INFO - Sync 1 DAGs
[2022-11-21T22:08:50.802-0300] {logging_mixin.py:115} INFO - [2022-11-21T22:08:50.802-0300] {dag.py:2977} INFO - Setting next_dagrun for example_task_group_decorator to 2022-11-21T01:08:50.802369+00:00, run_after=2022-11-22T01:08:50.802369+00:00
[2022-11-21T22:08:50.823-0300] {processor.py:161} INFO - Processing /home/juliana/Área de Trabalho/datapipeline/.env/lib/python3.8/site-packages/airflow/example_dags/example_task_group_decorator.py took 0.104 seconds
[2022-11-21T22:09:26.382-0300] {processor.py:153} INFO - Started process (PID=4918) to work on /home/juliana/Área de Trabalho/datapipeline/.env/lib/python3.8/site-packages/airflow/example_dags/example_task_group_decorator.py
[2022-11-21T22:09:26.386-0300] {processor.py:640} INFO - Processing file /home/juliana/Área de Trabalho/datapipeline/.env/lib/python3.8/site-packages/airflow/example_dags/example_task_group_decorator.py for tasks to queue
[2022-11-21T22:09:26.391-0300] {logging_mixin.py:115} INFO - [2022-11-21T22:09:26.386-0300] {dagbag.py:508} INFO - Filling up the DagBag from /home/juliana/Área de Trabalho/datapipeline/.env/lib/python3.8/site-packages/airflow/example_dags/example_task_group_decorator.py
[2022-11-21T22:09:26.457-0300] {processor.py:650} INFO - DAG(s) dict_keys(['example_task_group_decorator']) retrieved from /home/juliana/Área de Trabalho/datapipeline/.env/lib/python3.8/site-packages/airflow/example_dags/example_task_group_decorator.py
[2022-11-21T22:09:26.506-0300] {logging_mixin.py:115} INFO - [2022-11-21T22:09:26.506-0300] {dag.py:2429} INFO - Sync 1 DAGs
[2022-11-21T22:09:26.542-0300] {logging_mixin.py:115} INFO - [2022-11-21T22:09:26.542-0300] {dag.py:2977} INFO - Setting next_dagrun for example_task_group_decorator to 2022-11-21T01:09:26.541879+00:00, run_after=2022-11-22T01:09:26.541879+00:00
[2022-11-21T22:09:26.563-0300] {processor.py:161} INFO - Processing /home/juliana/Área de Trabalho/datapipeline/.env/lib/python3.8/site-packages/airflow/example_dags/example_task_group_decorator.py took 0.189 seconds
[2022-11-21T22:10:05.237-0300] {processor.py:153} INFO - Started process (PID=5034) to work on /home/juliana/Área de Trabalho/datapipeline/.env/lib/python3.8/site-packages/airflow/example_dags/example_task_group_decorator.py
[2022-11-21T22:10:05.243-0300] {processor.py:640} INFO - Processing file /home/juliana/Área de Trabalho/datapipeline/.env/lib/python3.8/site-packages/airflow/example_dags/example_task_group_decorator.py for tasks to queue
[2022-11-21T22:10:05.249-0300] {logging_mixin.py:115} INFO - [2022-11-21T22:10:05.249-0300] {dagbag.py:508} INFO - Filling up the DagBag from /home/juliana/Área de Trabalho/datapipeline/.env/lib/python3.8/site-packages/airflow/example_dags/example_task_group_decorator.py
[2022-11-21T22:10:05.287-0300] {processor.py:650} INFO - DAG(s) dict_keys(['example_task_group_decorator']) retrieved from /home/juliana/Área de Trabalho/datapipeline/.env/lib/python3.8/site-packages/airflow/example_dags/example_task_group_decorator.py
[2022-11-21T22:10:05.304-0300] {logging_mixin.py:115} INFO - [2022-11-21T22:10:05.304-0300] {dag.py:2429} INFO - Sync 1 DAGs
[2022-11-21T22:10:05.324-0300] {logging_mixin.py:115} INFO - [2022-11-21T22:10:05.323-0300] {dag.py:2977} INFO - Setting next_dagrun for example_task_group_decorator to 2022-11-21T01:10:05.323660+00:00, run_after=2022-11-22T01:10:05.323660+00:00
[2022-11-21T22:10:05.348-0300] {processor.py:161} INFO - Processing /home/juliana/Área de Trabalho/datapipeline/.env/lib/python3.8/site-packages/airflow/example_dags/example_task_group_decorator.py took 0.115 seconds
[2022-11-21T22:10:43.117-0300] {processor.py:153} INFO - Started process (PID=5342) to work on /home/juliana/Área de Trabalho/datapipeline/.env/lib/python3.8/site-packages/airflow/example_dags/example_task_group_decorator.py
[2022-11-21T22:10:43.119-0300] {processor.py:640} INFO - Processing file /home/juliana/Área de Trabalho/datapipeline/.env/lib/python3.8/site-packages/airflow/example_dags/example_task_group_decorator.py for tasks to queue
[2022-11-21T22:10:43.119-0300] {logging_mixin.py:115} INFO - [2022-11-21T22:10:43.119-0300] {dagbag.py:508} INFO - Filling up the DagBag from /home/juliana/Área de Trabalho/datapipeline/.env/lib/python3.8/site-packages/airflow/example_dags/example_task_group_decorator.py
[2022-11-21T22:10:43.178-0300] {processor.py:650} INFO - DAG(s) dict_keys(['example_task_group_decorator']) retrieved from /home/juliana/Área de Trabalho/datapipeline/.env/lib/python3.8/site-packages/airflow/example_dags/example_task_group_decorator.py
[2022-11-21T22:10:43.211-0300] {logging_mixin.py:115} INFO - [2022-11-21T22:10:43.211-0300] {dag.py:2429} INFO - Sync 1 DAGs
[2022-11-21T22:10:43.243-0300] {logging_mixin.py:115} INFO - [2022-11-21T22:10:43.242-0300] {dag.py:2977} INFO - Setting next_dagrun for example_task_group_decorator to 2022-11-21T01:10:43.242231+00:00, run_after=2022-11-22T01:10:43.242231+00:00
[2022-11-21T22:10:43.267-0300] {processor.py:161} INFO - Processing /home/juliana/Área de Trabalho/datapipeline/.env/lib/python3.8/site-packages/airflow/example_dags/example_task_group_decorator.py took 0.156 seconds
[2022-11-21T22:11:19.733-0300] {processor.py:153} INFO - Started process (PID=5559) to work on /home/juliana/Área de Trabalho/datapipeline/.env/lib/python3.8/site-packages/airflow/example_dags/example_task_group_decorator.py
[2022-11-21T22:11:19.734-0300] {processor.py:640} INFO - Processing file /home/juliana/Área de Trabalho/datapipeline/.env/lib/python3.8/site-packages/airflow/example_dags/example_task_group_decorator.py for tasks to queue
[2022-11-21T22:11:19.735-0300] {logging_mixin.py:115} INFO - [2022-11-21T22:11:19.735-0300] {dagbag.py:508} INFO - Filling up the DagBag from /home/juliana/Área de Trabalho/datapipeline/.env/lib/python3.8/site-packages/airflow/example_dags/example_task_group_decorator.py
[2022-11-21T22:11:19.768-0300] {processor.py:650} INFO - DAG(s) dict_keys(['example_task_group_decorator']) retrieved from /home/juliana/Área de Trabalho/datapipeline/.env/lib/python3.8/site-packages/airflow/example_dags/example_task_group_decorator.py
[2022-11-21T22:11:19.783-0300] {logging_mixin.py:115} INFO - [2022-11-21T22:11:19.783-0300] {dag.py:2429} INFO - Sync 1 DAGs
[2022-11-21T22:11:19.797-0300] {logging_mixin.py:115} INFO - [2022-11-21T22:11:19.797-0300] {dag.py:2977} INFO - Setting next_dagrun for example_task_group_decorator to 2022-11-21T01:11:19.797419+00:00, run_after=2022-11-22T01:11:19.797419+00:00
[2022-11-21T22:11:19.817-0300] {processor.py:161} INFO - Processing /home/juliana/Área de Trabalho/datapipeline/.env/lib/python3.8/site-packages/airflow/example_dags/example_task_group_decorator.py took 0.091 seconds
[2022-11-21T22:11:56.023-0300] {processor.py:153} INFO - Started process (PID=5926) to work on /home/juliana/Área de Trabalho/datapipeline/.env/lib/python3.8/site-packages/airflow/example_dags/example_task_group_decorator.py
[2022-11-21T22:11:56.031-0300] {processor.py:640} INFO - Processing file /home/juliana/Área de Trabalho/datapipeline/.env/lib/python3.8/site-packages/airflow/example_dags/example_task_group_decorator.py for tasks to queue
[2022-11-21T22:11:56.033-0300] {logging_mixin.py:115} INFO - [2022-11-21T22:11:56.032-0300] {dagbag.py:508} INFO - Filling up the DagBag from /home/juliana/Área de Trabalho/datapipeline/.env/lib/python3.8/site-packages/airflow/example_dags/example_task_group_decorator.py
[2022-11-21T22:11:56.077-0300] {processor.py:650} INFO - DAG(s) dict_keys(['example_task_group_decorator']) retrieved from /home/juliana/Área de Trabalho/datapipeline/.env/lib/python3.8/site-packages/airflow/example_dags/example_task_group_decorator.py
[2022-11-21T22:11:56.095-0300] {logging_mixin.py:115} INFO - [2022-11-21T22:11:56.095-0300] {dag.py:2429} INFO - Sync 1 DAGs
[2022-11-21T22:11:56.115-0300] {logging_mixin.py:115} INFO - [2022-11-21T22:11:56.115-0300] {dag.py:2977} INFO - Setting next_dagrun for example_task_group_decorator to 2022-11-21T01:11:56.115508+00:00, run_after=2022-11-22T01:11:56.115508+00:00
[2022-11-21T22:11:56.136-0300] {processor.py:161} INFO - Processing /home/juliana/Área de Trabalho/datapipeline/.env/lib/python3.8/site-packages/airflow/example_dags/example_task_group_decorator.py took 0.119 seconds
[2022-11-21T22:12:33.807-0300] {processor.py:153} INFO - Started process (PID=5964) to work on /home/juliana/Área de Trabalho/datapipeline/.env/lib/python3.8/site-packages/airflow/example_dags/example_task_group_decorator.py
[2022-11-21T22:12:33.809-0300] {processor.py:640} INFO - Processing file /home/juliana/Área de Trabalho/datapipeline/.env/lib/python3.8/site-packages/airflow/example_dags/example_task_group_decorator.py for tasks to queue
[2022-11-21T22:12:33.809-0300] {logging_mixin.py:115} INFO - [2022-11-21T22:12:33.809-0300] {dagbag.py:508} INFO - Filling up the DagBag from /home/juliana/Área de Trabalho/datapipeline/.env/lib/python3.8/site-packages/airflow/example_dags/example_task_group_decorator.py
[2022-11-21T22:12:33.855-0300] {processor.py:650} INFO - DAG(s) dict_keys(['example_task_group_decorator']) retrieved from /home/juliana/Área de Trabalho/datapipeline/.env/lib/python3.8/site-packages/airflow/example_dags/example_task_group_decorator.py
[2022-11-21T22:12:33.871-0300] {logging_mixin.py:115} INFO - [2022-11-21T22:12:33.871-0300] {dag.py:2429} INFO - Sync 1 DAGs
[2022-11-21T22:12:33.887-0300] {logging_mixin.py:115} INFO - [2022-11-21T22:12:33.887-0300] {dag.py:2977} INFO - Setting next_dagrun for example_task_group_decorator to 2022-11-21T01:12:33.886843+00:00, run_after=2022-11-22T01:12:33.886843+00:00
[2022-11-21T22:12:33.957-0300] {processor.py:161} INFO - Processing /home/juliana/Área de Trabalho/datapipeline/.env/lib/python3.8/site-packages/airflow/example_dags/example_task_group_decorator.py took 0.158 seconds
[2022-11-21T22:13:08.172-0300] {processor.py:153} INFO - Started process (PID=6010) to work on /home/juliana/Área de Trabalho/datapipeline/.env/lib/python3.8/site-packages/airflow/example_dags/example_task_group_decorator.py
[2022-11-21T22:13:08.174-0300] {processor.py:640} INFO - Processing file /home/juliana/Área de Trabalho/datapipeline/.env/lib/python3.8/site-packages/airflow/example_dags/example_task_group_decorator.py for tasks to queue
[2022-11-21T22:13:08.175-0300] {logging_mixin.py:115} INFO - [2022-11-21T22:13:08.175-0300] {dagbag.py:508} INFO - Filling up the DagBag from /home/juliana/Área de Trabalho/datapipeline/.env/lib/python3.8/site-packages/airflow/example_dags/example_task_group_decorator.py
[2022-11-21T22:13:08.209-0300] {processor.py:650} INFO - DAG(s) dict_keys(['example_task_group_decorator']) retrieved from /home/juliana/Área de Trabalho/datapipeline/.env/lib/python3.8/site-packages/airflow/example_dags/example_task_group_decorator.py
[2022-11-21T22:13:08.225-0300] {logging_mixin.py:115} INFO - [2022-11-21T22:13:08.225-0300] {dag.py:2429} INFO - Sync 1 DAGs
[2022-11-21T22:13:08.242-0300] {logging_mixin.py:115} INFO - [2022-11-21T22:13:08.242-0300] {dag.py:2977} INFO - Setting next_dagrun for example_task_group_decorator to 2022-11-21T01:13:08.242034+00:00, run_after=2022-11-22T01:13:08.242034+00:00
[2022-11-21T22:13:08.323-0300] {processor.py:161} INFO - Processing /home/juliana/Área de Trabalho/datapipeline/.env/lib/python3.8/site-packages/airflow/example_dags/example_task_group_decorator.py took 0.156 seconds
[2022-11-21T22:13:43.709-0300] {processor.py:153} INFO - Started process (PID=6046) to work on /home/juliana/Área de Trabalho/datapipeline/.env/lib/python3.8/site-packages/airflow/example_dags/example_task_group_decorator.py
[2022-11-21T22:13:43.710-0300] {processor.py:640} INFO - Processing file /home/juliana/Área de Trabalho/datapipeline/.env/lib/python3.8/site-packages/airflow/example_dags/example_task_group_decorator.py for tasks to queue
[2022-11-21T22:13:43.710-0300] {logging_mixin.py:115} INFO - [2022-11-21T22:13:43.710-0300] {dagbag.py:508} INFO - Filling up the DagBag from /home/juliana/Área de Trabalho/datapipeline/.env/lib/python3.8/site-packages/airflow/example_dags/example_task_group_decorator.py
[2022-11-21T22:13:43.736-0300] {processor.py:650} INFO - DAG(s) dict_keys(['example_task_group_decorator']) retrieved from /home/juliana/Área de Trabalho/datapipeline/.env/lib/python3.8/site-packages/airflow/example_dags/example_task_group_decorator.py
[2022-11-21T22:13:43.775-0300] {logging_mixin.py:115} INFO - [2022-11-21T22:13:43.775-0300] {dag.py:2429} INFO - Sync 1 DAGs
[2022-11-21T22:13:43.789-0300] {logging_mixin.py:115} INFO - [2022-11-21T22:13:43.789-0300] {dag.py:2977} INFO - Setting next_dagrun for example_task_group_decorator to 2022-11-21T01:13:43.789036+00:00, run_after=2022-11-22T01:13:43.789036+00:00
[2022-11-21T22:13:43.812-0300] {processor.py:161} INFO - Processing /home/juliana/Área de Trabalho/datapipeline/.env/lib/python3.8/site-packages/airflow/example_dags/example_task_group_decorator.py took 0.106 seconds
[2022-11-21T22:14:19.460-0300] {processor.py:153} INFO - Started process (PID=6081) to work on /home/juliana/Área de Trabalho/datapipeline/.env/lib/python3.8/site-packages/airflow/example_dags/example_task_group_decorator.py
[2022-11-21T22:14:19.466-0300] {processor.py:640} INFO - Processing file /home/juliana/Área de Trabalho/datapipeline/.env/lib/python3.8/site-packages/airflow/example_dags/example_task_group_decorator.py for tasks to queue
[2022-11-21T22:14:19.468-0300] {logging_mixin.py:115} INFO - [2022-11-21T22:14:19.468-0300] {dagbag.py:508} INFO - Filling up the DagBag from /home/juliana/Área de Trabalho/datapipeline/.env/lib/python3.8/site-packages/airflow/example_dags/example_task_group_decorator.py
[2022-11-21T22:14:19.508-0300] {processor.py:650} INFO - DAG(s) dict_keys(['example_task_group_decorator']) retrieved from /home/juliana/Área de Trabalho/datapipeline/.env/lib/python3.8/site-packages/airflow/example_dags/example_task_group_decorator.py
[2022-11-21T22:14:19.545-0300] {logging_mixin.py:115} INFO - [2022-11-21T22:14:19.544-0300] {dag.py:2429} INFO - Sync 1 DAGs
[2022-11-21T22:14:19.558-0300] {logging_mixin.py:115} INFO - [2022-11-21T22:14:19.558-0300] {dag.py:2977} INFO - Setting next_dagrun for example_task_group_decorator to 2022-11-21T01:14:19.558239+00:00, run_after=2022-11-22T01:14:19.558239+00:00
[2022-11-21T22:14:19.581-0300] {processor.py:161} INFO - Processing /home/juliana/Área de Trabalho/datapipeline/.env/lib/python3.8/site-packages/airflow/example_dags/example_task_group_decorator.py took 0.124 seconds
[2022-11-21T22:14:57.615-0300] {processor.py:153} INFO - Started process (PID=6120) to work on /home/juliana/Área de Trabalho/datapipeline/.env/lib/python3.8/site-packages/airflow/example_dags/example_task_group_decorator.py
[2022-11-21T22:14:57.617-0300] {processor.py:640} INFO - Processing file /home/juliana/Área de Trabalho/datapipeline/.env/lib/python3.8/site-packages/airflow/example_dags/example_task_group_decorator.py for tasks to queue
[2022-11-21T22:14:57.618-0300] {logging_mixin.py:115} INFO - [2022-11-21T22:14:57.618-0300] {dagbag.py:508} INFO - Filling up the DagBag from /home/juliana/Área de Trabalho/datapipeline/.env/lib/python3.8/site-packages/airflow/example_dags/example_task_group_decorator.py
[2022-11-21T22:14:57.652-0300] {processor.py:650} INFO - DAG(s) dict_keys(['example_task_group_decorator']) retrieved from /home/juliana/Área de Trabalho/datapipeline/.env/lib/python3.8/site-packages/airflow/example_dags/example_task_group_decorator.py
[2022-11-21T22:14:57.666-0300] {logging_mixin.py:115} INFO - [2022-11-21T22:14:57.666-0300] {dag.py:2429} INFO - Sync 1 DAGs
[2022-11-21T22:14:57.680-0300] {logging_mixin.py:115} INFO - [2022-11-21T22:14:57.680-0300] {dag.py:2977} INFO - Setting next_dagrun for example_task_group_decorator to 2022-11-21T01:14:57.680361+00:00, run_after=2022-11-22T01:14:57.680361+00:00
[2022-11-21T22:14:57.701-0300] {processor.py:161} INFO - Processing /home/juliana/Área de Trabalho/datapipeline/.env/lib/python3.8/site-packages/airflow/example_dags/example_task_group_decorator.py took 0.092 seconds
[2022-11-21T22:15:31.990-0300] {processor.py:153} INFO - Started process (PID=6155) to work on /home/juliana/Área de Trabalho/datapipeline/.env/lib/python3.8/site-packages/airflow/example_dags/example_task_group_decorator.py
[2022-11-21T22:15:31.992-0300] {processor.py:640} INFO - Processing file /home/juliana/Área de Trabalho/datapipeline/.env/lib/python3.8/site-packages/airflow/example_dags/example_task_group_decorator.py for tasks to queue
[2022-11-21T22:15:31.993-0300] {logging_mixin.py:115} INFO - [2022-11-21T22:15:31.993-0300] {dagbag.py:508} INFO - Filling up the DagBag from /home/juliana/Área de Trabalho/datapipeline/.env/lib/python3.8/site-packages/airflow/example_dags/example_task_group_decorator.py
[2022-11-21T22:15:32.024-0300] {processor.py:650} INFO - DAG(s) dict_keys(['example_task_group_decorator']) retrieved from /home/juliana/Área de Trabalho/datapipeline/.env/lib/python3.8/site-packages/airflow/example_dags/example_task_group_decorator.py
[2022-11-21T22:15:32.038-0300] {logging_mixin.py:115} INFO - [2022-11-21T22:15:32.038-0300] {dag.py:2429} INFO - Sync 1 DAGs
[2022-11-21T22:15:32.051-0300] {logging_mixin.py:115} INFO - [2022-11-21T22:15:32.051-0300] {dag.py:2977} INFO - Setting next_dagrun for example_task_group_decorator to 2022-11-21T01:15:32.051598+00:00, run_after=2022-11-22T01:15:32.051598+00:00
[2022-11-21T22:15:32.072-0300] {processor.py:161} INFO - Processing /home/juliana/Área de Trabalho/datapipeline/.env/lib/python3.8/site-packages/airflow/example_dags/example_task_group_decorator.py took 0.089 seconds
[2022-11-21T22:16:08.700-0300] {processor.py:153} INFO - Started process (PID=6191) to work on /home/juliana/Área de Trabalho/datapipeline/.env/lib/python3.8/site-packages/airflow/example_dags/example_task_group_decorator.py
[2022-11-21T22:16:08.702-0300] {processor.py:640} INFO - Processing file /home/juliana/Área de Trabalho/datapipeline/.env/lib/python3.8/site-packages/airflow/example_dags/example_task_group_decorator.py for tasks to queue
[2022-11-21T22:16:08.703-0300] {logging_mixin.py:115} INFO - [2022-11-21T22:16:08.702-0300] {dagbag.py:508} INFO - Filling up the DagBag from /home/juliana/Área de Trabalho/datapipeline/.env/lib/python3.8/site-packages/airflow/example_dags/example_task_group_decorator.py
[2022-11-21T22:16:08.736-0300] {processor.py:650} INFO - DAG(s) dict_keys(['example_task_group_decorator']) retrieved from /home/juliana/Área de Trabalho/datapipeline/.env/lib/python3.8/site-packages/airflow/example_dags/example_task_group_decorator.py
[2022-11-21T22:16:08.751-0300] {logging_mixin.py:115} INFO - [2022-11-21T22:16:08.750-0300] {dag.py:2429} INFO - Sync 1 DAGs
[2022-11-21T22:16:08.764-0300] {logging_mixin.py:115} INFO - [2022-11-21T22:16:08.764-0300] {dag.py:2977} INFO - Setting next_dagrun for example_task_group_decorator to 2022-11-21T01:16:08.764429+00:00, run_after=2022-11-22T01:16:08.764429+00:00
[2022-11-21T22:16:08.785-0300] {processor.py:161} INFO - Processing /home/juliana/Área de Trabalho/datapipeline/.env/lib/python3.8/site-packages/airflow/example_dags/example_task_group_decorator.py took 0.091 seconds
[2022-11-21T22:16:45.338-0300] {processor.py:153} INFO - Started process (PID=6235) to work on /home/juliana/Área de Trabalho/datapipeline/.env/lib/python3.8/site-packages/airflow/example_dags/example_task_group_decorator.py
[2022-11-21T22:16:45.340-0300] {processor.py:640} INFO - Processing file /home/juliana/Área de Trabalho/datapipeline/.env/lib/python3.8/site-packages/airflow/example_dags/example_task_group_decorator.py for tasks to queue
[2022-11-21T22:16:45.341-0300] {logging_mixin.py:115} INFO - [2022-11-21T22:16:45.341-0300] {dagbag.py:508} INFO - Filling up the DagBag from /home/juliana/Área de Trabalho/datapipeline/.env/lib/python3.8/site-packages/airflow/example_dags/example_task_group_decorator.py
[2022-11-21T22:16:45.374-0300] {processor.py:650} INFO - DAG(s) dict_keys(['example_task_group_decorator']) retrieved from /home/juliana/Área de Trabalho/datapipeline/.env/lib/python3.8/site-packages/airflow/example_dags/example_task_group_decorator.py
[2022-11-21T22:16:45.388-0300] {logging_mixin.py:115} INFO - [2022-11-21T22:16:45.388-0300] {dag.py:2429} INFO - Sync 1 DAGs
[2022-11-21T22:16:45.403-0300] {logging_mixin.py:115} INFO - [2022-11-21T22:16:45.402-0300] {dag.py:2977} INFO - Setting next_dagrun for example_task_group_decorator to 2022-11-21T01:16:45.402694+00:00, run_after=2022-11-22T01:16:45.402694+00:00
[2022-11-21T22:16:45.475-0300] {processor.py:161} INFO - Processing /home/juliana/Área de Trabalho/datapipeline/.env/lib/python3.8/site-packages/airflow/example_dags/example_task_group_decorator.py took 0.143 seconds
