[2022-11-21T21:13:24.501-0300] {processor.py:153} INFO - Started process (PID=3112) to work on /home/juliana/Área de Trabalho/datapipeline/.env/lib/python3.8/site-packages/airflow/example_dags/example_branch_labels.py
[2022-11-21T21:13:24.502-0300] {processor.py:640} INFO - Processing file /home/juliana/Área de Trabalho/datapipeline/.env/lib/python3.8/site-packages/airflow/example_dags/example_branch_labels.py for tasks to queue
[2022-11-21T21:13:24.502-0300] {logging_mixin.py:115} INFO - [2022-11-21T21:13:24.502-0300] {dagbag.py:508} INFO - Filling up the DagBag from /home/juliana/Área de Trabalho/datapipeline/.env/lib/python3.8/site-packages/airflow/example_dags/example_branch_labels.py
[2022-11-21T21:13:24.522-0300] {processor.py:650} INFO - DAG(s) dict_keys(['example_branch_labels']) retrieved from /home/juliana/Área de Trabalho/datapipeline/.env/lib/python3.8/site-packages/airflow/example_dags/example_branch_labels.py
[2022-11-21T21:13:24.564-0300] {logging_mixin.py:115} INFO - [2022-11-21T21:13:24.564-0300] {dag.py:2429} INFO - Sync 1 DAGs
[2022-11-21T21:13:24.602-0300] {logging_mixin.py:115} INFO - [2022-11-21T21:13:24.602-0300] {dag.py:2977} INFO - Setting next_dagrun for example_branch_labels to 2022-11-21T00:00:00+00:00, run_after=2022-11-22T00:00:00+00:00
[2022-11-21T21:13:24.621-0300] {processor.py:161} INFO - Processing /home/juliana/Área de Trabalho/datapipeline/.env/lib/python3.8/site-packages/airflow/example_dags/example_branch_labels.py took 0.129 seconds
[2022-11-21T21:14:01.351-0300] {processor.py:153} INFO - Started process (PID=3257) to work on /home/juliana/Área de Trabalho/datapipeline/.env/lib/python3.8/site-packages/airflow/example_dags/example_branch_labels.py
[2022-11-21T21:14:01.359-0300] {processor.py:640} INFO - Processing file /home/juliana/Área de Trabalho/datapipeline/.env/lib/python3.8/site-packages/airflow/example_dags/example_branch_labels.py for tasks to queue
[2022-11-21T21:14:01.360-0300] {logging_mixin.py:115} INFO - [2022-11-21T21:14:01.359-0300] {dagbag.py:508} INFO - Filling up the DagBag from /home/juliana/Área de Trabalho/datapipeline/.env/lib/python3.8/site-packages/airflow/example_dags/example_branch_labels.py
[2022-11-21T21:14:01.373-0300] {processor.py:650} INFO - DAG(s) dict_keys(['example_branch_labels']) retrieved from /home/juliana/Área de Trabalho/datapipeline/.env/lib/python3.8/site-packages/airflow/example_dags/example_branch_labels.py
[2022-11-21T21:14:01.395-0300] {logging_mixin.py:115} INFO - [2022-11-21T21:14:01.395-0300] {dag.py:2429} INFO - Sync 1 DAGs
[2022-11-21T21:14:01.415-0300] {logging_mixin.py:115} INFO - [2022-11-21T21:14:01.415-0300] {dag.py:2977} INFO - Setting next_dagrun for example_branch_labels to 2022-11-21T00:00:00+00:00, run_after=2022-11-22T00:00:00+00:00
[2022-11-21T21:14:01.430-0300] {processor.py:161} INFO - Processing /home/juliana/Área de Trabalho/datapipeline/.env/lib/python3.8/site-packages/airflow/example_dags/example_branch_labels.py took 0.089 seconds
[2022-11-21T21:14:56.352-0300] {processor.py:153} INFO - Started process (PID=3476) to work on /home/juliana/Área de Trabalho/datapipeline/.env/lib/python3.8/site-packages/airflow/example_dags/example_branch_labels.py
[2022-11-21T21:14:56.360-0300] {processor.py:640} INFO - Processing file /home/juliana/Área de Trabalho/datapipeline/.env/lib/python3.8/site-packages/airflow/example_dags/example_branch_labels.py for tasks to queue
[2022-11-21T21:14:56.361-0300] {logging_mixin.py:115} INFO - [2022-11-21T21:14:56.361-0300] {dagbag.py:508} INFO - Filling up the DagBag from /home/juliana/Área de Trabalho/datapipeline/.env/lib/python3.8/site-packages/airflow/example_dags/example_branch_labels.py
[2022-11-21T21:14:56.479-0300] {processor.py:650} INFO - DAG(s) dict_keys(['example_branch_labels']) retrieved from /home/juliana/Área de Trabalho/datapipeline/.env/lib/python3.8/site-packages/airflow/example_dags/example_branch_labels.py
[2022-11-21T21:14:56.728-0300] {logging_mixin.py:115} INFO - [2022-11-21T21:14:56.684-0300] {dag.py:2429} INFO - Sync 1 DAGs
[2022-11-21T21:14:57.513-0300] {logging_mixin.py:115} INFO - [2022-11-21T21:14:57.507-0300] {dag.py:2977} INFO - Setting next_dagrun for example_branch_labels to 2022-11-21T00:00:00+00:00, run_after=2022-11-22T00:00:00+00:00
[2022-11-21T21:14:57.850-0300] {processor.py:161} INFO - Processing /home/juliana/Área de Trabalho/datapipeline/.env/lib/python3.8/site-packages/airflow/example_dags/example_branch_labels.py took 1.512 seconds
[2022-11-21T21:16:24.458-0300] {processor.py:153} INFO - Started process (PID=3534) to work on /home/juliana/Área de Trabalho/datapipeline/.env/lib/python3.8/site-packages/airflow/example_dags/example_branch_labels.py
[2022-11-21T21:16:24.467-0300] {processor.py:640} INFO - Processing file /home/juliana/Área de Trabalho/datapipeline/.env/lib/python3.8/site-packages/airflow/example_dags/example_branch_labels.py for tasks to queue
[2022-11-21T21:16:24.467-0300] {logging_mixin.py:115} INFO - [2022-11-21T21:16:24.467-0300] {dagbag.py:508} INFO - Filling up the DagBag from /home/juliana/Área de Trabalho/datapipeline/.env/lib/python3.8/site-packages/airflow/example_dags/example_branch_labels.py
[2022-11-21T21:16:24.555-0300] {processor.py:650} INFO - DAG(s) dict_keys(['example_branch_labels']) retrieved from /home/juliana/Área de Trabalho/datapipeline/.env/lib/python3.8/site-packages/airflow/example_dags/example_branch_labels.py
[2022-11-21T21:16:24.917-0300] {logging_mixin.py:115} INFO - [2022-11-21T21:16:24.832-0300] {dag.py:2429} INFO - Sync 1 DAGs
[2022-11-21T21:16:25.697-0300] {logging_mixin.py:115} INFO - [2022-11-21T21:16:25.668-0300] {dag.py:2977} INFO - Setting next_dagrun for example_branch_labels to 2022-11-21T00:00:00+00:00, run_after=2022-11-22T00:00:00+00:00
[2022-11-21T21:16:26.383-0300] {processor.py:161} INFO - Processing /home/juliana/Área de Trabalho/datapipeline/.env/lib/python3.8/site-packages/airflow/example_dags/example_branch_labels.py took 1.936 seconds
[2022-11-21T21:25:33.422-0300] {processor.py:153} INFO - Started process (PID=3653) to work on /home/juliana/Área de Trabalho/datapipeline/.env/lib/python3.8/site-packages/airflow/example_dags/example_branch_labels.py
[2022-11-21T21:25:33.675-0300] {processor.py:640} INFO - Processing file /home/juliana/Área de Trabalho/datapipeline/.env/lib/python3.8/site-packages/airflow/example_dags/example_branch_labels.py for tasks to queue
[2022-11-21T21:25:34.152-0300] {logging_mixin.py:115} INFO - [2022-11-21T21:25:33.894-0300] {dagbag.py:508} INFO - Filling up the DagBag from /home/juliana/Área de Trabalho/datapipeline/.env/lib/python3.8/site-packages/airflow/example_dags/example_branch_labels.py
[2022-11-21T21:25:34.777-0300] {processor.py:650} INFO - DAG(s) dict_keys(['example_branch_labels']) retrieved from /home/juliana/Área de Trabalho/datapipeline/.env/lib/python3.8/site-packages/airflow/example_dags/example_branch_labels.py
[2022-11-21T21:25:35.146-0300] {logging_mixin.py:115} INFO - [2022-11-21T21:25:35.099-0300] {dag.py:2429} INFO - Sync 1 DAGs
[2022-11-21T21:25:35.517-0300] {logging_mixin.py:115} INFO - [2022-11-21T21:25:35.464-0300] {dag.py:2977} INFO - Setting next_dagrun for example_branch_labels to 2022-11-21T00:00:00+00:00, run_after=2022-11-22T00:00:00+00:00
[2022-11-21T21:26:29.662-0300] {processor.py:161} INFO - Processing /home/juliana/Área de Trabalho/datapipeline/.env/lib/python3.8/site-packages/airflow/example_dags/example_branch_labels.py took 56.375 seconds
[2022-11-21T21:38:43.734-0300] {processor.py:153} INFO - Started process (PID=8034) to work on /home/juliana/Área de Trabalho/datapipeline/.env/lib/python3.8/site-packages/airflow/example_dags/example_branch_labels.py
[2022-11-21T21:38:43.740-0300] {processor.py:640} INFO - Processing file /home/juliana/Área de Trabalho/datapipeline/.env/lib/python3.8/site-packages/airflow/example_dags/example_branch_labels.py for tasks to queue
[2022-11-21T21:38:43.741-0300] {logging_mixin.py:115} INFO - [2022-11-21T21:38:43.741-0300] {dagbag.py:508} INFO - Filling up the DagBag from /home/juliana/Área de Trabalho/datapipeline/.env/lib/python3.8/site-packages/airflow/example_dags/example_branch_labels.py
[2022-11-21T21:38:43.752-0300] {processor.py:650} INFO - DAG(s) dict_keys(['example_branch_labels']) retrieved from /home/juliana/Área de Trabalho/datapipeline/.env/lib/python3.8/site-packages/airflow/example_dags/example_branch_labels.py
[2022-11-21T21:38:43.779-0300] {logging_mixin.py:115} INFO - [2022-11-21T21:38:43.779-0300] {dag.py:2429} INFO - Sync 1 DAGs
[2022-11-21T21:38:43.823-0300] {logging_mixin.py:115} INFO - [2022-11-21T21:38:43.823-0300] {dag.py:2977} INFO - Setting next_dagrun for example_branch_labels to 2022-11-21T00:00:00+00:00, run_after=2022-11-22T00:00:00+00:00
[2022-11-21T21:38:43.845-0300] {processor.py:161} INFO - Processing /home/juliana/Área de Trabalho/datapipeline/.env/lib/python3.8/site-packages/airflow/example_dags/example_branch_labels.py took 0.119 seconds
[2022-11-21T21:39:22.784-0300] {processor.py:153} INFO - Started process (PID=8093) to work on /home/juliana/Área de Trabalho/datapipeline/.env/lib/python3.8/site-packages/airflow/example_dags/example_branch_labels.py
[2022-11-21T21:39:22.793-0300] {processor.py:640} INFO - Processing file /home/juliana/Área de Trabalho/datapipeline/.env/lib/python3.8/site-packages/airflow/example_dags/example_branch_labels.py for tasks to queue
[2022-11-21T21:39:22.794-0300] {logging_mixin.py:115} INFO - [2022-11-21T21:39:22.794-0300] {dagbag.py:508} INFO - Filling up the DagBag from /home/juliana/Área de Trabalho/datapipeline/.env/lib/python3.8/site-packages/airflow/example_dags/example_branch_labels.py
[2022-11-21T21:39:22.807-0300] {processor.py:650} INFO - DAG(s) dict_keys(['example_branch_labels']) retrieved from /home/juliana/Área de Trabalho/datapipeline/.env/lib/python3.8/site-packages/airflow/example_dags/example_branch_labels.py
[2022-11-21T21:39:22.823-0300] {logging_mixin.py:115} INFO - [2022-11-21T21:39:22.823-0300] {dag.py:2429} INFO - Sync 1 DAGs
[2022-11-21T21:39:22.841-0300] {logging_mixin.py:115} INFO - [2022-11-21T21:39:22.841-0300] {dag.py:2977} INFO - Setting next_dagrun for example_branch_labels to 2022-11-21T00:00:00+00:00, run_after=2022-11-22T00:00:00+00:00
[2022-11-21T21:39:22.856-0300] {processor.py:161} INFO - Processing /home/juliana/Área de Trabalho/datapipeline/.env/lib/python3.8/site-packages/airflow/example_dags/example_branch_labels.py took 0.077 seconds
[2022-11-21T21:39:57.723-0300] {processor.py:153} INFO - Started process (PID=8163) to work on /home/juliana/Área de Trabalho/datapipeline/.env/lib/python3.8/site-packages/airflow/example_dags/example_branch_labels.py
[2022-11-21T21:39:57.724-0300] {processor.py:640} INFO - Processing file /home/juliana/Área de Trabalho/datapipeline/.env/lib/python3.8/site-packages/airflow/example_dags/example_branch_labels.py for tasks to queue
[2022-11-21T21:39:57.725-0300] {logging_mixin.py:115} INFO - [2022-11-21T21:39:57.725-0300] {dagbag.py:508} INFO - Filling up the DagBag from /home/juliana/Área de Trabalho/datapipeline/.env/lib/python3.8/site-packages/airflow/example_dags/example_branch_labels.py
[2022-11-21T21:39:57.735-0300] {processor.py:650} INFO - DAG(s) dict_keys(['example_branch_labels']) retrieved from /home/juliana/Área de Trabalho/datapipeline/.env/lib/python3.8/site-packages/airflow/example_dags/example_branch_labels.py
[2022-11-21T21:39:57.753-0300] {logging_mixin.py:115} INFO - [2022-11-21T21:39:57.752-0300] {dag.py:2429} INFO - Sync 1 DAGs
[2022-11-21T21:39:57.771-0300] {logging_mixin.py:115} INFO - [2022-11-21T21:39:57.771-0300] {dag.py:2977} INFO - Setting next_dagrun for example_branch_labels to 2022-11-21T00:00:00+00:00, run_after=2022-11-22T00:00:00+00:00
[2022-11-21T21:39:57.785-0300] {processor.py:161} INFO - Processing /home/juliana/Área de Trabalho/datapipeline/.env/lib/python3.8/site-packages/airflow/example_dags/example_branch_labels.py took 0.069 seconds
[2022-11-21T21:40:38.187-0300] {processor.py:153} INFO - Started process (PID=8556) to work on /home/juliana/Área de Trabalho/datapipeline/.env/lib/python3.8/site-packages/airflow/example_dags/example_branch_labels.py
[2022-11-21T21:40:38.189-0300] {processor.py:640} INFO - Processing file /home/juliana/Área de Trabalho/datapipeline/.env/lib/python3.8/site-packages/airflow/example_dags/example_branch_labels.py for tasks to queue
[2022-11-21T21:40:38.190-0300] {logging_mixin.py:115} INFO - [2022-11-21T21:40:38.190-0300] {dagbag.py:508} INFO - Filling up the DagBag from /home/juliana/Área de Trabalho/datapipeline/.env/lib/python3.8/site-packages/airflow/example_dags/example_branch_labels.py
[2022-11-21T21:40:38.206-0300] {processor.py:650} INFO - DAG(s) dict_keys(['example_branch_labels']) retrieved from /home/juliana/Área de Trabalho/datapipeline/.env/lib/python3.8/site-packages/airflow/example_dags/example_branch_labels.py
[2022-11-21T21:40:38.227-0300] {logging_mixin.py:115} INFO - [2022-11-21T21:40:38.226-0300] {dag.py:2429} INFO - Sync 1 DAGs
[2022-11-21T21:40:38.258-0300] {logging_mixin.py:115} INFO - [2022-11-21T21:40:38.258-0300] {dag.py:2977} INFO - Setting next_dagrun for example_branch_labels to 2022-11-21T00:00:00+00:00, run_after=2022-11-22T00:00:00+00:00
[2022-11-21T21:40:38.274-0300] {processor.py:161} INFO - Processing /home/juliana/Área de Trabalho/datapipeline/.env/lib/python3.8/site-packages/airflow/example_dags/example_branch_labels.py took 0.093 seconds
[2022-11-21T21:41:14.069-0300] {processor.py:153} INFO - Started process (PID=8768) to work on /home/juliana/Área de Trabalho/datapipeline/.env/lib/python3.8/site-packages/airflow/example_dags/example_branch_labels.py
[2022-11-21T21:41:14.070-0300] {processor.py:640} INFO - Processing file /home/juliana/Área de Trabalho/datapipeline/.env/lib/python3.8/site-packages/airflow/example_dags/example_branch_labels.py for tasks to queue
[2022-11-21T21:41:14.071-0300] {logging_mixin.py:115} INFO - [2022-11-21T21:41:14.071-0300] {dagbag.py:508} INFO - Filling up the DagBag from /home/juliana/Área de Trabalho/datapipeline/.env/lib/python3.8/site-packages/airflow/example_dags/example_branch_labels.py
[2022-11-21T21:41:14.084-0300] {processor.py:650} INFO - DAG(s) dict_keys(['example_branch_labels']) retrieved from /home/juliana/Área de Trabalho/datapipeline/.env/lib/python3.8/site-packages/airflow/example_dags/example_branch_labels.py
[2022-11-21T21:41:14.099-0300] {logging_mixin.py:115} INFO - [2022-11-21T21:41:14.099-0300] {dag.py:2429} INFO - Sync 1 DAGs
[2022-11-21T21:41:14.123-0300] {logging_mixin.py:115} INFO - [2022-11-21T21:41:14.122-0300] {dag.py:2977} INFO - Setting next_dagrun for example_branch_labels to 2022-11-21T00:00:00+00:00, run_after=2022-11-22T00:00:00+00:00
[2022-11-21T21:41:14.139-0300] {processor.py:161} INFO - Processing /home/juliana/Área de Trabalho/datapipeline/.env/lib/python3.8/site-packages/airflow/example_dags/example_branch_labels.py took 0.075 seconds
[2022-11-21T21:41:50.818-0300] {processor.py:153} INFO - Started process (PID=8988) to work on /home/juliana/Área de Trabalho/datapipeline/.env/lib/python3.8/site-packages/airflow/example_dags/example_branch_labels.py
[2022-11-21T21:41:50.820-0300] {processor.py:640} INFO - Processing file /home/juliana/Área de Trabalho/datapipeline/.env/lib/python3.8/site-packages/airflow/example_dags/example_branch_labels.py for tasks to queue
[2022-11-21T21:41:50.821-0300] {logging_mixin.py:115} INFO - [2022-11-21T21:41:50.821-0300] {dagbag.py:508} INFO - Filling up the DagBag from /home/juliana/Área de Trabalho/datapipeline/.env/lib/python3.8/site-packages/airflow/example_dags/example_branch_labels.py
[2022-11-21T21:41:50.830-0300] {processor.py:650} INFO - DAG(s) dict_keys(['example_branch_labels']) retrieved from /home/juliana/Área de Trabalho/datapipeline/.env/lib/python3.8/site-packages/airflow/example_dags/example_branch_labels.py
[2022-11-21T21:41:50.848-0300] {logging_mixin.py:115} INFO - [2022-11-21T21:41:50.847-0300] {dag.py:2429} INFO - Sync 1 DAGs
[2022-11-21T21:41:50.865-0300] {logging_mixin.py:115} INFO - [2022-11-21T21:41:50.865-0300] {dag.py:2977} INFO - Setting next_dagrun for example_branch_labels to 2022-11-21T00:00:00+00:00, run_after=2022-11-22T00:00:00+00:00
[2022-11-21T21:41:50.884-0300] {processor.py:161} INFO - Processing /home/juliana/Área de Trabalho/datapipeline/.env/lib/python3.8/site-packages/airflow/example_dags/example_branch_labels.py took 0.071 seconds
[2022-11-21T21:42:27.021-0300] {processor.py:153} INFO - Started process (PID=9200) to work on /home/juliana/Área de Trabalho/datapipeline/.env/lib/python3.8/site-packages/airflow/example_dags/example_branch_labels.py
[2022-11-21T21:42:27.022-0300] {processor.py:640} INFO - Processing file /home/juliana/Área de Trabalho/datapipeline/.env/lib/python3.8/site-packages/airflow/example_dags/example_branch_labels.py for tasks to queue
[2022-11-21T21:42:27.023-0300] {logging_mixin.py:115} INFO - [2022-11-21T21:42:27.023-0300] {dagbag.py:508} INFO - Filling up the DagBag from /home/juliana/Área de Trabalho/datapipeline/.env/lib/python3.8/site-packages/airflow/example_dags/example_branch_labels.py
[2022-11-21T21:42:27.033-0300] {processor.py:650} INFO - DAG(s) dict_keys(['example_branch_labels']) retrieved from /home/juliana/Área de Trabalho/datapipeline/.env/lib/python3.8/site-packages/airflow/example_dags/example_branch_labels.py
[2022-11-21T21:42:27.051-0300] {logging_mixin.py:115} INFO - [2022-11-21T21:42:27.051-0300] {dag.py:2429} INFO - Sync 1 DAGs
[2022-11-21T21:42:27.077-0300] {logging_mixin.py:115} INFO - [2022-11-21T21:42:27.077-0300] {dag.py:2977} INFO - Setting next_dagrun for example_branch_labels to 2022-11-21T00:00:00+00:00, run_after=2022-11-22T00:00:00+00:00
[2022-11-21T21:42:27.124-0300] {processor.py:161} INFO - Processing /home/juliana/Área de Trabalho/datapipeline/.env/lib/python3.8/site-packages/airflow/example_dags/example_branch_labels.py took 0.109 seconds
[2022-11-21T21:43:04.518-0300] {processor.py:153} INFO - Started process (PID=9412) to work on /home/juliana/Área de Trabalho/datapipeline/.env/lib/python3.8/site-packages/airflow/example_dags/example_branch_labels.py
[2022-11-21T21:43:04.519-0300] {processor.py:640} INFO - Processing file /home/juliana/Área de Trabalho/datapipeline/.env/lib/python3.8/site-packages/airflow/example_dags/example_branch_labels.py for tasks to queue
[2022-11-21T21:43:04.520-0300] {logging_mixin.py:115} INFO - [2022-11-21T21:43:04.520-0300] {dagbag.py:508} INFO - Filling up the DagBag from /home/juliana/Área de Trabalho/datapipeline/.env/lib/python3.8/site-packages/airflow/example_dags/example_branch_labels.py
[2022-11-21T21:43:04.530-0300] {processor.py:650} INFO - DAG(s) dict_keys(['example_branch_labels']) retrieved from /home/juliana/Área de Trabalho/datapipeline/.env/lib/python3.8/site-packages/airflow/example_dags/example_branch_labels.py
[2022-11-21T21:43:04.549-0300] {logging_mixin.py:115} INFO - [2022-11-21T21:43:04.549-0300] {dag.py:2429} INFO - Sync 1 DAGs
[2022-11-21T21:43:04.570-0300] {logging_mixin.py:115} INFO - [2022-11-21T21:43:04.570-0300] {dag.py:2977} INFO - Setting next_dagrun for example_branch_labels to 2022-11-21T00:00:00+00:00, run_after=2022-11-22T00:00:00+00:00
[2022-11-21T21:43:04.590-0300] {processor.py:161} INFO - Processing /home/juliana/Área de Trabalho/datapipeline/.env/lib/python3.8/site-packages/airflow/example_dags/example_branch_labels.py took 0.077 seconds
[2022-11-21T21:43:42.093-0300] {processor.py:153} INFO - Started process (PID=9650) to work on /home/juliana/Área de Trabalho/datapipeline/.env/lib/python3.8/site-packages/airflow/example_dags/example_branch_labels.py
[2022-11-21T21:43:42.094-0300] {processor.py:640} INFO - Processing file /home/juliana/Área de Trabalho/datapipeline/.env/lib/python3.8/site-packages/airflow/example_dags/example_branch_labels.py for tasks to queue
[2022-11-21T21:43:42.095-0300] {logging_mixin.py:115} INFO - [2022-11-21T21:43:42.095-0300] {dagbag.py:508} INFO - Filling up the DagBag from /home/juliana/Área de Trabalho/datapipeline/.env/lib/python3.8/site-packages/airflow/example_dags/example_branch_labels.py
[2022-11-21T21:43:42.104-0300] {processor.py:650} INFO - DAG(s) dict_keys(['example_branch_labels']) retrieved from /home/juliana/Área de Trabalho/datapipeline/.env/lib/python3.8/site-packages/airflow/example_dags/example_branch_labels.py
[2022-11-21T21:43:42.126-0300] {logging_mixin.py:115} INFO - [2022-11-21T21:43:42.126-0300] {dag.py:2429} INFO - Sync 1 DAGs
[2022-11-21T21:43:42.149-0300] {logging_mixin.py:115} INFO - [2022-11-21T21:43:42.149-0300] {dag.py:2977} INFO - Setting next_dagrun for example_branch_labels to 2022-11-21T00:00:00+00:00, run_after=2022-11-22T00:00:00+00:00
[2022-11-21T21:43:42.169-0300] {processor.py:161} INFO - Processing /home/juliana/Área de Trabalho/datapipeline/.env/lib/python3.8/site-packages/airflow/example_dags/example_branch_labels.py took 0.083 seconds
[2022-11-21T21:44:18.443-0300] {processor.py:153} INFO - Started process (PID=9698) to work on /home/juliana/Área de Trabalho/datapipeline/.env/lib/python3.8/site-packages/airflow/example_dags/example_branch_labels.py
[2022-11-21T21:44:18.446-0300] {processor.py:640} INFO - Processing file /home/juliana/Área de Trabalho/datapipeline/.env/lib/python3.8/site-packages/airflow/example_dags/example_branch_labels.py for tasks to queue
[2022-11-21T21:44:18.447-0300] {logging_mixin.py:115} INFO - [2022-11-21T21:44:18.447-0300] {dagbag.py:508} INFO - Filling up the DagBag from /home/juliana/Área de Trabalho/datapipeline/.env/lib/python3.8/site-packages/airflow/example_dags/example_branch_labels.py
[2022-11-21T21:44:18.462-0300] {processor.py:650} INFO - DAG(s) dict_keys(['example_branch_labels']) retrieved from /home/juliana/Área de Trabalho/datapipeline/.env/lib/python3.8/site-packages/airflow/example_dags/example_branch_labels.py
[2022-11-21T21:44:18.484-0300] {logging_mixin.py:115} INFO - [2022-11-21T21:44:18.484-0300] {dag.py:2429} INFO - Sync 1 DAGs
[2022-11-21T21:44:18.550-0300] {logging_mixin.py:115} INFO - [2022-11-21T21:44:18.550-0300] {dag.py:2977} INFO - Setting next_dagrun for example_branch_labels to 2022-11-21T00:00:00+00:00, run_after=2022-11-22T00:00:00+00:00
[2022-11-21T21:44:18.580-0300] {processor.py:161} INFO - Processing /home/juliana/Área de Trabalho/datapipeline/.env/lib/python3.8/site-packages/airflow/example_dags/example_branch_labels.py took 0.150 seconds
[2022-11-21T21:44:55.366-0300] {processor.py:153} INFO - Started process (PID=9741) to work on /home/juliana/Área de Trabalho/datapipeline/.env/lib/python3.8/site-packages/airflow/example_dags/example_branch_labels.py
[2022-11-21T21:44:55.368-0300] {processor.py:640} INFO - Processing file /home/juliana/Área de Trabalho/datapipeline/.env/lib/python3.8/site-packages/airflow/example_dags/example_branch_labels.py for tasks to queue
[2022-11-21T21:44:55.370-0300] {logging_mixin.py:115} INFO - [2022-11-21T21:44:55.370-0300] {dagbag.py:508} INFO - Filling up the DagBag from /home/juliana/Área de Trabalho/datapipeline/.env/lib/python3.8/site-packages/airflow/example_dags/example_branch_labels.py
[2022-11-21T21:44:55.385-0300] {processor.py:650} INFO - DAG(s) dict_keys(['example_branch_labels']) retrieved from /home/juliana/Área de Trabalho/datapipeline/.env/lib/python3.8/site-packages/airflow/example_dags/example_branch_labels.py
[2022-11-21T21:44:55.406-0300] {logging_mixin.py:115} INFO - [2022-11-21T21:44:55.406-0300] {dag.py:2429} INFO - Sync 1 DAGs
[2022-11-21T21:44:55.430-0300] {logging_mixin.py:115} INFO - [2022-11-21T21:44:55.430-0300] {dag.py:2977} INFO - Setting next_dagrun for example_branch_labels to 2022-11-21T00:00:00+00:00, run_after=2022-11-22T00:00:00+00:00
[2022-11-21T21:44:55.447-0300] {processor.py:161} INFO - Processing /home/juliana/Área de Trabalho/datapipeline/.env/lib/python3.8/site-packages/airflow/example_dags/example_branch_labels.py took 0.084 seconds
[2022-11-21T21:45:32.274-0300] {processor.py:153} INFO - Started process (PID=9788) to work on /home/juliana/Área de Trabalho/datapipeline/.env/lib/python3.8/site-packages/airflow/example_dags/example_branch_labels.py
[2022-11-21T21:45:32.276-0300] {processor.py:640} INFO - Processing file /home/juliana/Área de Trabalho/datapipeline/.env/lib/python3.8/site-packages/airflow/example_dags/example_branch_labels.py for tasks to queue
[2022-11-21T21:45:32.276-0300] {logging_mixin.py:115} INFO - [2022-11-21T21:45:32.276-0300] {dagbag.py:508} INFO - Filling up the DagBag from /home/juliana/Área de Trabalho/datapipeline/.env/lib/python3.8/site-packages/airflow/example_dags/example_branch_labels.py
[2022-11-21T21:45:32.285-0300] {processor.py:650} INFO - DAG(s) dict_keys(['example_branch_labels']) retrieved from /home/juliana/Área de Trabalho/datapipeline/.env/lib/python3.8/site-packages/airflow/example_dags/example_branch_labels.py
[2022-11-21T21:45:32.300-0300] {logging_mixin.py:115} INFO - [2022-11-21T21:45:32.300-0300] {dag.py:2429} INFO - Sync 1 DAGs
[2022-11-21T21:45:32.318-0300] {logging_mixin.py:115} INFO - [2022-11-21T21:45:32.317-0300] {dag.py:2977} INFO - Setting next_dagrun for example_branch_labels to 2022-11-21T00:00:00+00:00, run_after=2022-11-22T00:00:00+00:00
[2022-11-21T21:45:32.338-0300] {processor.py:161} INFO - Processing /home/juliana/Área de Trabalho/datapipeline/.env/lib/python3.8/site-packages/airflow/example_dags/example_branch_labels.py took 0.068 seconds
[2022-11-21T21:46:07.877-0300] {processor.py:153} INFO - Started process (PID=9934) to work on /home/juliana/Área de Trabalho/datapipeline/.env/lib/python3.8/site-packages/airflow/example_dags/example_branch_labels.py
[2022-11-21T21:46:07.879-0300] {processor.py:640} INFO - Processing file /home/juliana/Área de Trabalho/datapipeline/.env/lib/python3.8/site-packages/airflow/example_dags/example_branch_labels.py for tasks to queue
[2022-11-21T21:46:07.880-0300] {logging_mixin.py:115} INFO - [2022-11-21T21:46:07.879-0300] {dagbag.py:508} INFO - Filling up the DagBag from /home/juliana/Área de Trabalho/datapipeline/.env/lib/python3.8/site-packages/airflow/example_dags/example_branch_labels.py
[2022-11-21T21:46:07.889-0300] {processor.py:650} INFO - DAG(s) dict_keys(['example_branch_labels']) retrieved from /home/juliana/Área de Trabalho/datapipeline/.env/lib/python3.8/site-packages/airflow/example_dags/example_branch_labels.py
[2022-11-21T21:46:07.911-0300] {logging_mixin.py:115} INFO - [2022-11-21T21:46:07.911-0300] {dag.py:2429} INFO - Sync 1 DAGs
[2022-11-21T21:46:07.958-0300] {logging_mixin.py:115} INFO - [2022-11-21T21:46:07.957-0300] {dag.py:2977} INFO - Setting next_dagrun for example_branch_labels to 2022-11-21T00:00:00+00:00, run_after=2022-11-22T00:00:00+00:00
[2022-11-21T21:46:08.029-0300] {processor.py:161} INFO - Processing /home/juliana/Área de Trabalho/datapipeline/.env/lib/python3.8/site-packages/airflow/example_dags/example_branch_labels.py took 0.156 seconds
[2022-11-21T21:46:46.721-0300] {processor.py:153} INFO - Started process (PID=10181) to work on /home/juliana/Área de Trabalho/datapipeline/.env/lib/python3.8/site-packages/airflow/example_dags/example_branch_labels.py
[2022-11-21T21:46:46.723-0300] {processor.py:640} INFO - Processing file /home/juliana/Área de Trabalho/datapipeline/.env/lib/python3.8/site-packages/airflow/example_dags/example_branch_labels.py for tasks to queue
[2022-11-21T21:46:46.724-0300] {logging_mixin.py:115} INFO - [2022-11-21T21:46:46.724-0300] {dagbag.py:508} INFO - Filling up the DagBag from /home/juliana/Área de Trabalho/datapipeline/.env/lib/python3.8/site-packages/airflow/example_dags/example_branch_labels.py
[2022-11-21T21:46:46.732-0300] {processor.py:650} INFO - DAG(s) dict_keys(['example_branch_labels']) retrieved from /home/juliana/Área de Trabalho/datapipeline/.env/lib/python3.8/site-packages/airflow/example_dags/example_branch_labels.py
[2022-11-21T21:46:46.750-0300] {logging_mixin.py:115} INFO - [2022-11-21T21:46:46.749-0300] {dag.py:2429} INFO - Sync 1 DAGs
[2022-11-21T21:46:46.768-0300] {logging_mixin.py:115} INFO - [2022-11-21T21:46:46.768-0300] {dag.py:2977} INFO - Setting next_dagrun for example_branch_labels to 2022-11-21T00:00:00+00:00, run_after=2022-11-22T00:00:00+00:00
[2022-11-21T21:46:46.836-0300] {processor.py:161} INFO - Processing /home/juliana/Área de Trabalho/datapipeline/.env/lib/python3.8/site-packages/airflow/example_dags/example_branch_labels.py took 0.120 seconds
[2022-11-21T21:47:26.340-0300] {processor.py:153} INFO - Started process (PID=10394) to work on /home/juliana/Área de Trabalho/datapipeline/.env/lib/python3.8/site-packages/airflow/example_dags/example_branch_labels.py
[2022-11-21T21:47:26.341-0300] {processor.py:640} INFO - Processing file /home/juliana/Área de Trabalho/datapipeline/.env/lib/python3.8/site-packages/airflow/example_dags/example_branch_labels.py for tasks to queue
[2022-11-21T21:47:26.341-0300] {logging_mixin.py:115} INFO - [2022-11-21T21:47:26.341-0300] {dagbag.py:508} INFO - Filling up the DagBag from /home/juliana/Área de Trabalho/datapipeline/.env/lib/python3.8/site-packages/airflow/example_dags/example_branch_labels.py
[2022-11-21T21:47:26.357-0300] {processor.py:650} INFO - DAG(s) dict_keys(['example_branch_labels']) retrieved from /home/juliana/Área de Trabalho/datapipeline/.env/lib/python3.8/site-packages/airflow/example_dags/example_branch_labels.py
[2022-11-21T21:47:26.377-0300] {logging_mixin.py:115} INFO - [2022-11-21T21:47:26.377-0300] {dag.py:2429} INFO - Sync 1 DAGs
[2022-11-21T21:47:26.396-0300] {logging_mixin.py:115} INFO - [2022-11-21T21:47:26.396-0300] {dag.py:2977} INFO - Setting next_dagrun for example_branch_labels to 2022-11-21T00:00:00+00:00, run_after=2022-11-22T00:00:00+00:00
[2022-11-21T21:47:26.412-0300] {processor.py:161} INFO - Processing /home/juliana/Área de Trabalho/datapipeline/.env/lib/python3.8/site-packages/airflow/example_dags/example_branch_labels.py took 0.084 seconds
[2022-11-21T21:48:04.636-0300] {processor.py:153} INFO - Started process (PID=10585) to work on /home/juliana/Área de Trabalho/datapipeline/.env/lib/python3.8/site-packages/airflow/example_dags/example_branch_labels.py
[2022-11-21T21:48:04.638-0300] {processor.py:640} INFO - Processing file /home/juliana/Área de Trabalho/datapipeline/.env/lib/python3.8/site-packages/airflow/example_dags/example_branch_labels.py for tasks to queue
[2022-11-21T21:48:04.639-0300] {logging_mixin.py:115} INFO - [2022-11-21T21:48:04.639-0300] {dagbag.py:508} INFO - Filling up the DagBag from /home/juliana/Área de Trabalho/datapipeline/.env/lib/python3.8/site-packages/airflow/example_dags/example_branch_labels.py
[2022-11-21T21:48:04.651-0300] {processor.py:650} INFO - DAG(s) dict_keys(['example_branch_labels']) retrieved from /home/juliana/Área de Trabalho/datapipeline/.env/lib/python3.8/site-packages/airflow/example_dags/example_branch_labels.py
[2022-11-21T21:48:04.670-0300] {logging_mixin.py:115} INFO - [2022-11-21T21:48:04.670-0300] {dag.py:2429} INFO - Sync 1 DAGs
[2022-11-21T21:48:04.692-0300] {logging_mixin.py:115} INFO - [2022-11-21T21:48:04.692-0300] {dag.py:2977} INFO - Setting next_dagrun for example_branch_labels to 2022-11-21T00:00:00+00:00, run_after=2022-11-22T00:00:00+00:00
[2022-11-21T21:48:04.721-0300] {processor.py:161} INFO - Processing /home/juliana/Área de Trabalho/datapipeline/.env/lib/python3.8/site-packages/airflow/example_dags/example_branch_labels.py took 0.091 seconds
[2022-11-21T21:48:40.374-0300] {processor.py:153} INFO - Started process (PID=10726) to work on /home/juliana/Área de Trabalho/datapipeline/.env/lib/python3.8/site-packages/airflow/example_dags/example_branch_labels.py
[2022-11-21T21:48:40.375-0300] {processor.py:640} INFO - Processing file /home/juliana/Área de Trabalho/datapipeline/.env/lib/python3.8/site-packages/airflow/example_dags/example_branch_labels.py for tasks to queue
[2022-11-21T21:48:40.375-0300] {logging_mixin.py:115} INFO - [2022-11-21T21:48:40.375-0300] {dagbag.py:508} INFO - Filling up the DagBag from /home/juliana/Área de Trabalho/datapipeline/.env/lib/python3.8/site-packages/airflow/example_dags/example_branch_labels.py
[2022-11-21T21:48:40.383-0300] {processor.py:650} INFO - DAG(s) dict_keys(['example_branch_labels']) retrieved from /home/juliana/Área de Trabalho/datapipeline/.env/lib/python3.8/site-packages/airflow/example_dags/example_branch_labels.py
[2022-11-21T21:48:40.400-0300] {logging_mixin.py:115} INFO - [2022-11-21T21:48:40.400-0300] {dag.py:2429} INFO - Sync 1 DAGs
[2022-11-21T21:48:40.416-0300] {logging_mixin.py:115} INFO - [2022-11-21T21:48:40.416-0300] {dag.py:2977} INFO - Setting next_dagrun for example_branch_labels to 2022-11-21T00:00:00+00:00, run_after=2022-11-22T00:00:00+00:00
[2022-11-21T21:48:40.444-0300] {processor.py:161} INFO - Processing /home/juliana/Área de Trabalho/datapipeline/.env/lib/python3.8/site-packages/airflow/example_dags/example_branch_labels.py took 0.081 seconds
[2022-11-21T21:49:16.275-0300] {processor.py:153} INFO - Started process (PID=10765) to work on /home/juliana/Área de Trabalho/datapipeline/.env/lib/python3.8/site-packages/airflow/example_dags/example_branch_labels.py
[2022-11-21T21:49:16.277-0300] {processor.py:640} INFO - Processing file /home/juliana/Área de Trabalho/datapipeline/.env/lib/python3.8/site-packages/airflow/example_dags/example_branch_labels.py for tasks to queue
[2022-11-21T21:49:16.278-0300] {logging_mixin.py:115} INFO - [2022-11-21T21:49:16.277-0300] {dagbag.py:508} INFO - Filling up the DagBag from /home/juliana/Área de Trabalho/datapipeline/.env/lib/python3.8/site-packages/airflow/example_dags/example_branch_labels.py
[2022-11-21T21:49:16.287-0300] {processor.py:650} INFO - DAG(s) dict_keys(['example_branch_labels']) retrieved from /home/juliana/Área de Trabalho/datapipeline/.env/lib/python3.8/site-packages/airflow/example_dags/example_branch_labels.py
[2022-11-21T21:49:16.307-0300] {logging_mixin.py:115} INFO - [2022-11-21T21:49:16.307-0300] {dag.py:2429} INFO - Sync 1 DAGs
[2022-11-21T21:49:16.324-0300] {logging_mixin.py:115} INFO - [2022-11-21T21:49:16.324-0300] {dag.py:2977} INFO - Setting next_dagrun for example_branch_labels to 2022-11-21T00:00:00+00:00, run_after=2022-11-22T00:00:00+00:00
[2022-11-21T21:49:16.381-0300] {processor.py:161} INFO - Processing /home/juliana/Área de Trabalho/datapipeline/.env/lib/python3.8/site-packages/airflow/example_dags/example_branch_labels.py took 0.112 seconds
[2022-11-21T21:49:51.816-0300] {processor.py:153} INFO - Started process (PID=10801) to work on /home/juliana/Área de Trabalho/datapipeline/.env/lib/python3.8/site-packages/airflow/example_dags/example_branch_labels.py
[2022-11-21T21:49:51.817-0300] {processor.py:640} INFO - Processing file /home/juliana/Área de Trabalho/datapipeline/.env/lib/python3.8/site-packages/airflow/example_dags/example_branch_labels.py for tasks to queue
[2022-11-21T21:49:51.818-0300] {logging_mixin.py:115} INFO - [2022-11-21T21:49:51.818-0300] {dagbag.py:508} INFO - Filling up the DagBag from /home/juliana/Área de Trabalho/datapipeline/.env/lib/python3.8/site-packages/airflow/example_dags/example_branch_labels.py
[2022-11-21T21:49:51.825-0300] {processor.py:650} INFO - DAG(s) dict_keys(['example_branch_labels']) retrieved from /home/juliana/Área de Trabalho/datapipeline/.env/lib/python3.8/site-packages/airflow/example_dags/example_branch_labels.py
[2022-11-21T21:49:51.843-0300] {logging_mixin.py:115} INFO - [2022-11-21T21:49:51.842-0300] {dag.py:2429} INFO - Sync 1 DAGs
[2022-11-21T21:49:51.857-0300] {logging_mixin.py:115} INFO - [2022-11-21T21:49:51.857-0300] {dag.py:2977} INFO - Setting next_dagrun for example_branch_labels to 2022-11-21T00:00:00+00:00, run_after=2022-11-22T00:00:00+00:00
[2022-11-21T21:49:51.876-0300] {processor.py:161} INFO - Processing /home/juliana/Área de Trabalho/datapipeline/.env/lib/python3.8/site-packages/airflow/example_dags/example_branch_labels.py took 0.064 seconds
[2022-11-21T21:50:26.474-0300] {processor.py:153} INFO - Started process (PID=10848) to work on /home/juliana/Área de Trabalho/datapipeline/.env/lib/python3.8/site-packages/airflow/example_dags/example_branch_labels.py
[2022-11-21T21:50:26.475-0300] {processor.py:640} INFO - Processing file /home/juliana/Área de Trabalho/datapipeline/.env/lib/python3.8/site-packages/airflow/example_dags/example_branch_labels.py for tasks to queue
[2022-11-21T21:50:26.476-0300] {logging_mixin.py:115} INFO - [2022-11-21T21:50:26.476-0300] {dagbag.py:508} INFO - Filling up the DagBag from /home/juliana/Área de Trabalho/datapipeline/.env/lib/python3.8/site-packages/airflow/example_dags/example_branch_labels.py
[2022-11-21T21:50:26.484-0300] {processor.py:650} INFO - DAG(s) dict_keys(['example_branch_labels']) retrieved from /home/juliana/Área de Trabalho/datapipeline/.env/lib/python3.8/site-packages/airflow/example_dags/example_branch_labels.py
[2022-11-21T21:50:26.501-0300] {logging_mixin.py:115} INFO - [2022-11-21T21:50:26.501-0300] {dag.py:2429} INFO - Sync 1 DAGs
[2022-11-21T21:50:26.517-0300] {logging_mixin.py:115} INFO - [2022-11-21T21:50:26.517-0300] {dag.py:2977} INFO - Setting next_dagrun for example_branch_labels to 2022-11-21T00:00:00+00:00, run_after=2022-11-22T00:00:00+00:00
[2022-11-21T21:50:26.583-0300] {processor.py:161} INFO - Processing /home/juliana/Área de Trabalho/datapipeline/.env/lib/python3.8/site-packages/airflow/example_dags/example_branch_labels.py took 0.113 seconds
[2022-11-21T21:51:02.846-0300] {processor.py:153} INFO - Started process (PID=10898) to work on /home/juliana/Área de Trabalho/datapipeline/.env/lib/python3.8/site-packages/airflow/example_dags/example_branch_labels.py
[2022-11-21T21:51:02.848-0300] {processor.py:640} INFO - Processing file /home/juliana/Área de Trabalho/datapipeline/.env/lib/python3.8/site-packages/airflow/example_dags/example_branch_labels.py for tasks to queue
[2022-11-21T21:51:02.849-0300] {logging_mixin.py:115} INFO - [2022-11-21T21:51:02.848-0300] {dagbag.py:508} INFO - Filling up the DagBag from /home/juliana/Área de Trabalho/datapipeline/.env/lib/python3.8/site-packages/airflow/example_dags/example_branch_labels.py
[2022-11-21T21:51:02.857-0300] {processor.py:650} INFO - DAG(s) dict_keys(['example_branch_labels']) retrieved from /home/juliana/Área de Trabalho/datapipeline/.env/lib/python3.8/site-packages/airflow/example_dags/example_branch_labels.py
[2022-11-21T21:51:02.876-0300] {logging_mixin.py:115} INFO - [2022-11-21T21:51:02.876-0300] {dag.py:2429} INFO - Sync 1 DAGs
[2022-11-21T21:51:02.892-0300] {logging_mixin.py:115} INFO - [2022-11-21T21:51:02.891-0300] {dag.py:2977} INFO - Setting next_dagrun for example_branch_labels to 2022-11-21T00:00:00+00:00, run_after=2022-11-22T00:00:00+00:00
[2022-11-21T21:51:02.911-0300] {processor.py:161} INFO - Processing /home/juliana/Área de Trabalho/datapipeline/.env/lib/python3.8/site-packages/airflow/example_dags/example_branch_labels.py took 0.070 seconds
[2022-11-21T21:51:43.639-0300] {processor.py:153} INFO - Started process (PID=10937) to work on /home/juliana/Área de Trabalho/datapipeline/.env/lib/python3.8/site-packages/airflow/example_dags/example_branch_labels.py
[2022-11-21T21:51:43.641-0300] {processor.py:640} INFO - Processing file /home/juliana/Área de Trabalho/datapipeline/.env/lib/python3.8/site-packages/airflow/example_dags/example_branch_labels.py for tasks to queue
[2022-11-21T21:51:43.642-0300] {logging_mixin.py:115} INFO - [2022-11-21T21:51:43.642-0300] {dagbag.py:508} INFO - Filling up the DagBag from /home/juliana/Área de Trabalho/datapipeline/.env/lib/python3.8/site-packages/airflow/example_dags/example_branch_labels.py
[2022-11-21T21:51:43.650-0300] {processor.py:650} INFO - DAG(s) dict_keys(['example_branch_labels']) retrieved from /home/juliana/Área de Trabalho/datapipeline/.env/lib/python3.8/site-packages/airflow/example_dags/example_branch_labels.py
[2022-11-21T21:51:43.669-0300] {logging_mixin.py:115} INFO - [2022-11-21T21:51:43.669-0300] {dag.py:2429} INFO - Sync 1 DAGs
[2022-11-21T21:51:43.685-0300] {logging_mixin.py:115} INFO - [2022-11-21T21:51:43.685-0300] {dag.py:2977} INFO - Setting next_dagrun for example_branch_labels to 2022-11-21T00:00:00+00:00, run_after=2022-11-22T00:00:00+00:00
[2022-11-21T21:51:43.703-0300] {processor.py:161} INFO - Processing /home/juliana/Área de Trabalho/datapipeline/.env/lib/python3.8/site-packages/airflow/example_dags/example_branch_labels.py took 0.069 seconds
[2022-11-21T21:52:19.263-0300] {processor.py:153} INFO - Started process (PID=10973) to work on /home/juliana/Área de Trabalho/datapipeline/.env/lib/python3.8/site-packages/airflow/example_dags/example_branch_labels.py
[2022-11-21T21:52:19.265-0300] {processor.py:640} INFO - Processing file /home/juliana/Área de Trabalho/datapipeline/.env/lib/python3.8/site-packages/airflow/example_dags/example_branch_labels.py for tasks to queue
[2022-11-21T21:52:19.266-0300] {logging_mixin.py:115} INFO - [2022-11-21T21:52:19.265-0300] {dagbag.py:508} INFO - Filling up the DagBag from /home/juliana/Área de Trabalho/datapipeline/.env/lib/python3.8/site-packages/airflow/example_dags/example_branch_labels.py
[2022-11-21T21:52:19.276-0300] {processor.py:650} INFO - DAG(s) dict_keys(['example_branch_labels']) retrieved from /home/juliana/Área de Trabalho/datapipeline/.env/lib/python3.8/site-packages/airflow/example_dags/example_branch_labels.py
[2022-11-21T21:52:19.297-0300] {logging_mixin.py:115} INFO - [2022-11-21T21:52:19.296-0300] {dag.py:2429} INFO - Sync 1 DAGs
[2022-11-21T21:52:19.312-0300] {logging_mixin.py:115} INFO - [2022-11-21T21:52:19.312-0300] {dag.py:2977} INFO - Setting next_dagrun for example_branch_labels to 2022-11-21T00:00:00+00:00, run_after=2022-11-22T00:00:00+00:00
[2022-11-21T21:52:19.332-0300] {processor.py:161} INFO - Processing /home/juliana/Área de Trabalho/datapipeline/.env/lib/python3.8/site-packages/airflow/example_dags/example_branch_labels.py took 0.075 seconds
[2022-11-21T21:52:54.841-0300] {processor.py:153} INFO - Started process (PID=11017) to work on /home/juliana/Área de Trabalho/datapipeline/.env/lib/python3.8/site-packages/airflow/example_dags/example_branch_labels.py
[2022-11-21T21:52:54.842-0300] {processor.py:640} INFO - Processing file /home/juliana/Área de Trabalho/datapipeline/.env/lib/python3.8/site-packages/airflow/example_dags/example_branch_labels.py for tasks to queue
[2022-11-21T21:52:54.843-0300] {logging_mixin.py:115} INFO - [2022-11-21T21:52:54.843-0300] {dagbag.py:508} INFO - Filling up the DagBag from /home/juliana/Área de Trabalho/datapipeline/.env/lib/python3.8/site-packages/airflow/example_dags/example_branch_labels.py
[2022-11-21T21:52:54.852-0300] {processor.py:650} INFO - DAG(s) dict_keys(['example_branch_labels']) retrieved from /home/juliana/Área de Trabalho/datapipeline/.env/lib/python3.8/site-packages/airflow/example_dags/example_branch_labels.py
[2022-11-21T21:52:54.876-0300] {logging_mixin.py:115} INFO - [2022-11-21T21:52:54.875-0300] {dag.py:2429} INFO - Sync 1 DAGs
[2022-11-21T21:52:54.892-0300] {logging_mixin.py:115} INFO - [2022-11-21T21:52:54.892-0300] {dag.py:2977} INFO - Setting next_dagrun for example_branch_labels to 2022-11-21T00:00:00+00:00, run_after=2022-11-22T00:00:00+00:00
[2022-11-21T21:52:54.912-0300] {processor.py:161} INFO - Processing /home/juliana/Área de Trabalho/datapipeline/.env/lib/python3.8/site-packages/airflow/example_dags/example_branch_labels.py took 0.075 seconds
[2022-11-21T21:53:32.317-0300] {processor.py:153} INFO - Started process (PID=11166) to work on /home/juliana/Área de Trabalho/datapipeline/.env/lib/python3.8/site-packages/airflow/example_dags/example_branch_labels.py
[2022-11-21T21:53:32.319-0300] {processor.py:640} INFO - Processing file /home/juliana/Área de Trabalho/datapipeline/.env/lib/python3.8/site-packages/airflow/example_dags/example_branch_labels.py for tasks to queue
[2022-11-21T21:53:32.319-0300] {logging_mixin.py:115} INFO - [2022-11-21T21:53:32.319-0300] {dagbag.py:508} INFO - Filling up the DagBag from /home/juliana/Área de Trabalho/datapipeline/.env/lib/python3.8/site-packages/airflow/example_dags/example_branch_labels.py
[2022-11-21T21:53:32.329-0300] {processor.py:650} INFO - DAG(s) dict_keys(['example_branch_labels']) retrieved from /home/juliana/Área de Trabalho/datapipeline/.env/lib/python3.8/site-packages/airflow/example_dags/example_branch_labels.py
[2022-11-21T21:53:32.351-0300] {logging_mixin.py:115} INFO - [2022-11-21T21:53:32.351-0300] {dag.py:2429} INFO - Sync 1 DAGs
[2022-11-21T21:53:32.370-0300] {logging_mixin.py:115} INFO - [2022-11-21T21:53:32.370-0300] {dag.py:2977} INFO - Setting next_dagrun for example_branch_labels to 2022-11-21T00:00:00+00:00, run_after=2022-11-22T00:00:00+00:00
[2022-11-21T21:53:32.388-0300] {processor.py:161} INFO - Processing /home/juliana/Área de Trabalho/datapipeline/.env/lib/python3.8/site-packages/airflow/example_dags/example_branch_labels.py took 0.074 seconds
[2022-11-21T21:54:08.511-0300] {processor.py:153} INFO - Started process (PID=11383) to work on /home/juliana/Área de Trabalho/datapipeline/.env/lib/python3.8/site-packages/airflow/example_dags/example_branch_labels.py
[2022-11-21T21:54:08.512-0300] {processor.py:640} INFO - Processing file /home/juliana/Área de Trabalho/datapipeline/.env/lib/python3.8/site-packages/airflow/example_dags/example_branch_labels.py for tasks to queue
[2022-11-21T21:54:08.513-0300] {logging_mixin.py:115} INFO - [2022-11-21T21:54:08.513-0300] {dagbag.py:508} INFO - Filling up the DagBag from /home/juliana/Área de Trabalho/datapipeline/.env/lib/python3.8/site-packages/airflow/example_dags/example_branch_labels.py
[2022-11-21T21:54:08.520-0300] {processor.py:650} INFO - DAG(s) dict_keys(['example_branch_labels']) retrieved from /home/juliana/Área de Trabalho/datapipeline/.env/lib/python3.8/site-packages/airflow/example_dags/example_branch_labels.py
[2022-11-21T21:54:08.541-0300] {logging_mixin.py:115} INFO - [2022-11-21T21:54:08.541-0300] {dag.py:2429} INFO - Sync 1 DAGs
[2022-11-21T21:54:08.557-0300] {logging_mixin.py:115} INFO - [2022-11-21T21:54:08.556-0300] {dag.py:2977} INFO - Setting next_dagrun for example_branch_labels to 2022-11-21T00:00:00+00:00, run_after=2022-11-22T00:00:00+00:00
[2022-11-21T21:54:08.576-0300] {processor.py:161} INFO - Processing /home/juliana/Área de Trabalho/datapipeline/.env/lib/python3.8/site-packages/airflow/example_dags/example_branch_labels.py took 0.068 seconds
[2022-11-21T21:54:48.070-0300] {processor.py:153} INFO - Started process (PID=11547) to work on /home/juliana/Área de Trabalho/datapipeline/.env/lib/python3.8/site-packages/airflow/example_dags/example_branch_labels.py
[2022-11-21T21:54:48.072-0300] {processor.py:640} INFO - Processing file /home/juliana/Área de Trabalho/datapipeline/.env/lib/python3.8/site-packages/airflow/example_dags/example_branch_labels.py for tasks to queue
[2022-11-21T21:54:48.073-0300] {logging_mixin.py:115} INFO - [2022-11-21T21:54:48.073-0300] {dagbag.py:508} INFO - Filling up the DagBag from /home/juliana/Área de Trabalho/datapipeline/.env/lib/python3.8/site-packages/airflow/example_dags/example_branch_labels.py
[2022-11-21T21:54:48.084-0300] {processor.py:650} INFO - DAG(s) dict_keys(['example_branch_labels']) retrieved from /home/juliana/Área de Trabalho/datapipeline/.env/lib/python3.8/site-packages/airflow/example_dags/example_branch_labels.py
[2022-11-21T21:54:48.105-0300] {logging_mixin.py:115} INFO - [2022-11-21T21:54:48.105-0300] {dag.py:2429} INFO - Sync 1 DAGs
[2022-11-21T21:54:48.122-0300] {logging_mixin.py:115} INFO - [2022-11-21T21:54:48.122-0300] {dag.py:2977} INFO - Setting next_dagrun for example_branch_labels to 2022-11-21T00:00:00+00:00, run_after=2022-11-22T00:00:00+00:00
[2022-11-21T21:54:48.144-0300] {processor.py:161} INFO - Processing /home/juliana/Área de Trabalho/datapipeline/.env/lib/python3.8/site-packages/airflow/example_dags/example_branch_labels.py took 0.081 seconds
[2022-11-21T21:55:50.136-0300] {processor.py:153} INFO - Started process (PID=11776) to work on /home/juliana/Área de Trabalho/datapipeline/.env/lib/python3.8/site-packages/airflow/example_dags/example_branch_labels.py
[2022-11-21T21:55:50.138-0300] {processor.py:640} INFO - Processing file /home/juliana/Área de Trabalho/datapipeline/.env/lib/python3.8/site-packages/airflow/example_dags/example_branch_labels.py for tasks to queue
[2022-11-21T21:55:50.138-0300] {logging_mixin.py:115} INFO - [2022-11-21T21:55:50.138-0300] {dagbag.py:508} INFO - Filling up the DagBag from /home/juliana/Área de Trabalho/datapipeline/.env/lib/python3.8/site-packages/airflow/example_dags/example_branch_labels.py
[2022-11-21T21:55:50.158-0300] {processor.py:650} INFO - DAG(s) dict_keys(['example_branch_labels']) retrieved from /home/juliana/Área de Trabalho/datapipeline/.env/lib/python3.8/site-packages/airflow/example_dags/example_branch_labels.py
[2022-11-21T21:55:50.198-0300] {logging_mixin.py:115} INFO - [2022-11-21T21:55:50.198-0300] {dag.py:2429} INFO - Sync 1 DAGs
[2022-11-21T21:55:50.252-0300] {logging_mixin.py:115} INFO - [2022-11-21T21:55:50.252-0300] {dag.py:2977} INFO - Setting next_dagrun for example_branch_labels to 2022-11-21T00:00:00+00:00, run_after=2022-11-22T00:00:00+00:00
[2022-11-21T21:55:50.271-0300] {processor.py:161} INFO - Processing /home/juliana/Área de Trabalho/datapipeline/.env/lib/python3.8/site-packages/airflow/example_dags/example_branch_labels.py took 0.142 seconds
[2022-11-21T21:56:41.845-0300] {processor.py:153} INFO - Started process (PID=12053) to work on /home/juliana/Área de Trabalho/datapipeline/.env/lib/python3.8/site-packages/airflow/example_dags/example_branch_labels.py
[2022-11-21T21:56:41.861-0300] {processor.py:640} INFO - Processing file /home/juliana/Área de Trabalho/datapipeline/.env/lib/python3.8/site-packages/airflow/example_dags/example_branch_labels.py for tasks to queue
[2022-11-21T21:56:41.862-0300] {logging_mixin.py:115} INFO - [2022-11-21T21:56:41.862-0300] {dagbag.py:508} INFO - Filling up the DagBag from /home/juliana/Área de Trabalho/datapipeline/.env/lib/python3.8/site-packages/airflow/example_dags/example_branch_labels.py
[2022-11-21T21:56:41.967-0300] {processor.py:650} INFO - DAG(s) dict_keys(['example_branch_labels']) retrieved from /home/juliana/Área de Trabalho/datapipeline/.env/lib/python3.8/site-packages/airflow/example_dags/example_branch_labels.py
[2022-11-21T21:56:42.087-0300] {logging_mixin.py:115} INFO - [2022-11-21T21:56:42.086-0300] {dag.py:2429} INFO - Sync 1 DAGs
[2022-11-21T21:56:42.214-0300] {logging_mixin.py:115} INFO - [2022-11-21T21:56:42.209-0300] {dag.py:2977} INFO - Setting next_dagrun for example_branch_labels to 2022-11-21T00:00:00+00:00, run_after=2022-11-22T00:00:00+00:00
[2022-11-21T21:56:42.243-0300] {processor.py:161} INFO - Processing /home/juliana/Área de Trabalho/datapipeline/.env/lib/python3.8/site-packages/airflow/example_dags/example_branch_labels.py took 0.437 seconds
[2022-11-21T22:04:01.196-0300] {processor.py:153} INFO - Started process (PID=2493) to work on /home/juliana/Área de Trabalho/datapipeline/.env/lib/python3.8/site-packages/airflow/example_dags/example_branch_labels.py
[2022-11-21T22:04:01.206-0300] {processor.py:640} INFO - Processing file /home/juliana/Área de Trabalho/datapipeline/.env/lib/python3.8/site-packages/airflow/example_dags/example_branch_labels.py for tasks to queue
[2022-11-21T22:04:01.207-0300] {logging_mixin.py:115} INFO - [2022-11-21T22:04:01.207-0300] {dagbag.py:508} INFO - Filling up the DagBag from /home/juliana/Área de Trabalho/datapipeline/.env/lib/python3.8/site-packages/airflow/example_dags/example_branch_labels.py
[2022-11-21T22:04:01.226-0300] {processor.py:650} INFO - DAG(s) dict_keys(['example_branch_labels']) retrieved from /home/juliana/Área de Trabalho/datapipeline/.env/lib/python3.8/site-packages/airflow/example_dags/example_branch_labels.py
[2022-11-21T22:04:01.258-0300] {logging_mixin.py:115} INFO - [2022-11-21T22:04:01.257-0300] {dag.py:2429} INFO - Sync 1 DAGs
[2022-11-21T22:04:01.305-0300] {logging_mixin.py:115} INFO - [2022-11-21T22:04:01.305-0300] {dag.py:2977} INFO - Setting next_dagrun for example_branch_labels to 2022-11-21T00:00:00+00:00, run_after=2022-11-22T00:00:00+00:00
[2022-11-21T22:04:01.324-0300] {processor.py:161} INFO - Processing /home/juliana/Área de Trabalho/datapipeline/.env/lib/python3.8/site-packages/airflow/example_dags/example_branch_labels.py took 0.131 seconds
[2022-11-21T22:04:42.648-0300] {processor.py:153} INFO - Started process (PID=2547) to work on /home/juliana/Área de Trabalho/datapipeline/.env/lib/python3.8/site-packages/airflow/example_dags/example_branch_labels.py
[2022-11-21T22:04:42.650-0300] {processor.py:640} INFO - Processing file /home/juliana/Área de Trabalho/datapipeline/.env/lib/python3.8/site-packages/airflow/example_dags/example_branch_labels.py for tasks to queue
[2022-11-21T22:04:42.651-0300] {logging_mixin.py:115} INFO - [2022-11-21T22:04:42.650-0300] {dagbag.py:508} INFO - Filling up the DagBag from /home/juliana/Área de Trabalho/datapipeline/.env/lib/python3.8/site-packages/airflow/example_dags/example_branch_labels.py
[2022-11-21T22:04:42.663-0300] {processor.py:650} INFO - DAG(s) dict_keys(['example_branch_labels']) retrieved from /home/juliana/Área de Trabalho/datapipeline/.env/lib/python3.8/site-packages/airflow/example_dags/example_branch_labels.py
[2022-11-21T22:04:42.684-0300] {logging_mixin.py:115} INFO - [2022-11-21T22:04:42.684-0300] {dag.py:2429} INFO - Sync 1 DAGs
[2022-11-21T22:04:42.726-0300] {logging_mixin.py:115} INFO - [2022-11-21T22:04:42.726-0300] {dag.py:2977} INFO - Setting next_dagrun for example_branch_labels to 2022-11-21T00:00:00+00:00, run_after=2022-11-22T00:00:00+00:00
[2022-11-21T22:04:42.751-0300] {processor.py:161} INFO - Processing /home/juliana/Área de Trabalho/datapipeline/.env/lib/python3.8/site-packages/airflow/example_dags/example_branch_labels.py took 0.109 seconds
[2022-11-21T22:05:20.263-0300] {processor.py:153} INFO - Started process (PID=2926) to work on /home/juliana/Área de Trabalho/datapipeline/.env/lib/python3.8/site-packages/airflow/example_dags/example_branch_labels.py
[2022-11-21T22:05:20.272-0300] {processor.py:640} INFO - Processing file /home/juliana/Área de Trabalho/datapipeline/.env/lib/python3.8/site-packages/airflow/example_dags/example_branch_labels.py for tasks to queue
[2022-11-21T22:05:20.273-0300] {logging_mixin.py:115} INFO - [2022-11-21T22:05:20.272-0300] {dagbag.py:508} INFO - Filling up the DagBag from /home/juliana/Área de Trabalho/datapipeline/.env/lib/python3.8/site-packages/airflow/example_dags/example_branch_labels.py
[2022-11-21T22:05:20.284-0300] {processor.py:650} INFO - DAG(s) dict_keys(['example_branch_labels']) retrieved from /home/juliana/Área de Trabalho/datapipeline/.env/lib/python3.8/site-packages/airflow/example_dags/example_branch_labels.py
[2022-11-21T22:05:20.305-0300] {logging_mixin.py:115} INFO - [2022-11-21T22:05:20.305-0300] {dag.py:2429} INFO - Sync 1 DAGs
[2022-11-21T22:05:20.323-0300] {logging_mixin.py:115} INFO - [2022-11-21T22:05:20.323-0300] {dag.py:2977} INFO - Setting next_dagrun for example_branch_labels to 2022-11-21T00:00:00+00:00, run_after=2022-11-22T00:00:00+00:00
[2022-11-21T22:05:20.340-0300] {processor.py:161} INFO - Processing /home/juliana/Área de Trabalho/datapipeline/.env/lib/python3.8/site-packages/airflow/example_dags/example_branch_labels.py took 0.089 seconds
[2022-11-21T22:05:57.380-0300] {processor.py:153} INFO - Started process (PID=3418) to work on /home/juliana/Área de Trabalho/datapipeline/.env/lib/python3.8/site-packages/airflow/example_dags/example_branch_labels.py
[2022-11-21T22:05:57.388-0300] {processor.py:640} INFO - Processing file /home/juliana/Área de Trabalho/datapipeline/.env/lib/python3.8/site-packages/airflow/example_dags/example_branch_labels.py for tasks to queue
[2022-11-21T22:05:57.390-0300] {logging_mixin.py:115} INFO - [2022-11-21T22:05:57.389-0300] {dagbag.py:508} INFO - Filling up the DagBag from /home/juliana/Área de Trabalho/datapipeline/.env/lib/python3.8/site-packages/airflow/example_dags/example_branch_labels.py
[2022-11-21T22:05:57.405-0300] {processor.py:650} INFO - DAG(s) dict_keys(['example_branch_labels']) retrieved from /home/juliana/Área de Trabalho/datapipeline/.env/lib/python3.8/site-packages/airflow/example_dags/example_branch_labels.py
[2022-11-21T22:05:57.431-0300] {logging_mixin.py:115} INFO - [2022-11-21T22:05:57.431-0300] {dag.py:2429} INFO - Sync 1 DAGs
[2022-11-21T22:05:57.476-0300] {logging_mixin.py:115} INFO - [2022-11-21T22:05:57.476-0300] {dag.py:2977} INFO - Setting next_dagrun for example_branch_labels to 2022-11-21T00:00:00+00:00, run_after=2022-11-22T00:00:00+00:00
[2022-11-21T22:05:57.498-0300] {processor.py:161} INFO - Processing /home/juliana/Área de Trabalho/datapipeline/.env/lib/python3.8/site-packages/airflow/example_dags/example_branch_labels.py took 0.124 seconds
[2022-11-21T22:06:36.251-0300] {processor.py:153} INFO - Started process (PID=3743) to work on /home/juliana/Área de Trabalho/datapipeline/.env/lib/python3.8/site-packages/airflow/example_dags/example_branch_labels.py
[2022-11-21T22:06:36.263-0300] {processor.py:640} INFO - Processing file /home/juliana/Área de Trabalho/datapipeline/.env/lib/python3.8/site-packages/airflow/example_dags/example_branch_labels.py for tasks to queue
[2022-11-21T22:06:36.267-0300] {logging_mixin.py:115} INFO - [2022-11-21T22:06:36.267-0300] {dagbag.py:508} INFO - Filling up the DagBag from /home/juliana/Área de Trabalho/datapipeline/.env/lib/python3.8/site-packages/airflow/example_dags/example_branch_labels.py
[2022-11-21T22:06:36.300-0300] {processor.py:650} INFO - DAG(s) dict_keys(['example_branch_labels']) retrieved from /home/juliana/Área de Trabalho/datapipeline/.env/lib/python3.8/site-packages/airflow/example_dags/example_branch_labels.py
[2022-11-21T22:06:36.326-0300] {logging_mixin.py:115} INFO - [2022-11-21T22:06:36.326-0300] {dag.py:2429} INFO - Sync 1 DAGs
[2022-11-21T22:06:36.354-0300] {logging_mixin.py:115} INFO - [2022-11-21T22:06:36.354-0300] {dag.py:2977} INFO - Setting next_dagrun for example_branch_labels to 2022-11-21T00:00:00+00:00, run_after=2022-11-22T00:00:00+00:00
[2022-11-21T22:06:36.386-0300] {processor.py:161} INFO - Processing /home/juliana/Área de Trabalho/datapipeline/.env/lib/python3.8/site-packages/airflow/example_dags/example_branch_labels.py took 0.150 seconds
[2022-11-21T22:07:13.930-0300] {processor.py:153} INFO - Started process (PID=3957) to work on /home/juliana/Área de Trabalho/datapipeline/.env/lib/python3.8/site-packages/airflow/example_dags/example_branch_labels.py
[2022-11-21T22:07:13.934-0300] {processor.py:640} INFO - Processing file /home/juliana/Área de Trabalho/datapipeline/.env/lib/python3.8/site-packages/airflow/example_dags/example_branch_labels.py for tasks to queue
[2022-11-21T22:07:13.937-0300] {logging_mixin.py:115} INFO - [2022-11-21T22:07:13.937-0300] {dagbag.py:508} INFO - Filling up the DagBag from /home/juliana/Área de Trabalho/datapipeline/.env/lib/python3.8/site-packages/airflow/example_dags/example_branch_labels.py
[2022-11-21T22:07:13.969-0300] {processor.py:650} INFO - DAG(s) dict_keys(['example_branch_labels']) retrieved from /home/juliana/Área de Trabalho/datapipeline/.env/lib/python3.8/site-packages/airflow/example_dags/example_branch_labels.py
[2022-11-21T22:07:14.004-0300] {logging_mixin.py:115} INFO - [2022-11-21T22:07:14.004-0300] {dag.py:2429} INFO - Sync 1 DAGs
[2022-11-21T22:07:14.035-0300] {logging_mixin.py:115} INFO - [2022-11-21T22:07:14.034-0300] {dag.py:2977} INFO - Setting next_dagrun for example_branch_labels to 2022-11-21T00:00:00+00:00, run_after=2022-11-22T00:00:00+00:00
[2022-11-21T22:07:14.061-0300] {processor.py:161} INFO - Processing /home/juliana/Área de Trabalho/datapipeline/.env/lib/python3.8/site-packages/airflow/example_dags/example_branch_labels.py took 0.144 seconds
[2022-11-21T22:07:55.748-0300] {processor.py:153} INFO - Started process (PID=4199) to work on /home/juliana/Área de Trabalho/datapipeline/.env/lib/python3.8/site-packages/airflow/example_dags/example_branch_labels.py
[2022-11-21T22:07:55.757-0300] {processor.py:640} INFO - Processing file /home/juliana/Área de Trabalho/datapipeline/.env/lib/python3.8/site-packages/airflow/example_dags/example_branch_labels.py for tasks to queue
[2022-11-21T22:07:55.758-0300] {logging_mixin.py:115} INFO - [2022-11-21T22:07:55.758-0300] {dagbag.py:508} INFO - Filling up the DagBag from /home/juliana/Área de Trabalho/datapipeline/.env/lib/python3.8/site-packages/airflow/example_dags/example_branch_labels.py
[2022-11-21T22:07:55.767-0300] {processor.py:650} INFO - DAG(s) dict_keys(['example_branch_labels']) retrieved from /home/juliana/Área de Trabalho/datapipeline/.env/lib/python3.8/site-packages/airflow/example_dags/example_branch_labels.py
[2022-11-21T22:07:55.783-0300] {logging_mixin.py:115} INFO - [2022-11-21T22:07:55.782-0300] {dag.py:2429} INFO - Sync 1 DAGs
[2022-11-21T22:07:55.807-0300] {logging_mixin.py:115} INFO - [2022-11-21T22:07:55.807-0300] {dag.py:2977} INFO - Setting next_dagrun for example_branch_labels to 2022-11-21T00:00:00+00:00, run_after=2022-11-22T00:00:00+00:00
[2022-11-21T22:07:55.829-0300] {processor.py:161} INFO - Processing /home/juliana/Área de Trabalho/datapipeline/.env/lib/python3.8/site-packages/airflow/example_dags/example_branch_labels.py took 0.085 seconds
[2022-11-21T22:08:34.217-0300] {processor.py:153} INFO - Started process (PID=4413) to work on /home/juliana/Área de Trabalho/datapipeline/.env/lib/python3.8/site-packages/airflow/example_dags/example_branch_labels.py
[2022-11-21T22:08:34.219-0300] {processor.py:640} INFO - Processing file /home/juliana/Área de Trabalho/datapipeline/.env/lib/python3.8/site-packages/airflow/example_dags/example_branch_labels.py for tasks to queue
[2022-11-21T22:08:34.220-0300] {logging_mixin.py:115} INFO - [2022-11-21T22:08:34.219-0300] {dagbag.py:508} INFO - Filling up the DagBag from /home/juliana/Área de Trabalho/datapipeline/.env/lib/python3.8/site-packages/airflow/example_dags/example_branch_labels.py
[2022-11-21T22:08:34.230-0300] {processor.py:650} INFO - DAG(s) dict_keys(['example_branch_labels']) retrieved from /home/juliana/Área de Trabalho/datapipeline/.env/lib/python3.8/site-packages/airflow/example_dags/example_branch_labels.py
[2022-11-21T22:08:34.249-0300] {logging_mixin.py:115} INFO - [2022-11-21T22:08:34.249-0300] {dag.py:2429} INFO - Sync 1 DAGs
[2022-11-21T22:08:34.268-0300] {logging_mixin.py:115} INFO - [2022-11-21T22:08:34.268-0300] {dag.py:2977} INFO - Setting next_dagrun for example_branch_labels to 2022-11-21T00:00:00+00:00, run_after=2022-11-22T00:00:00+00:00
[2022-11-21T22:08:34.284-0300] {processor.py:161} INFO - Processing /home/juliana/Área de Trabalho/datapipeline/.env/lib/python3.8/site-packages/airflow/example_dags/example_branch_labels.py took 0.074 seconds
[2022-11-21T22:09:09.737-0300] {processor.py:153} INFO - Started process (PID=4658) to work on /home/juliana/Área de Trabalho/datapipeline/.env/lib/python3.8/site-packages/airflow/example_dags/example_branch_labels.py
[2022-11-21T22:09:09.738-0300] {processor.py:640} INFO - Processing file /home/juliana/Área de Trabalho/datapipeline/.env/lib/python3.8/site-packages/airflow/example_dags/example_branch_labels.py for tasks to queue
[2022-11-21T22:09:09.739-0300] {logging_mixin.py:115} INFO - [2022-11-21T22:09:09.739-0300] {dagbag.py:508} INFO - Filling up the DagBag from /home/juliana/Área de Trabalho/datapipeline/.env/lib/python3.8/site-packages/airflow/example_dags/example_branch_labels.py
[2022-11-21T22:09:09.748-0300] {processor.py:650} INFO - DAG(s) dict_keys(['example_branch_labels']) retrieved from /home/juliana/Área de Trabalho/datapipeline/.env/lib/python3.8/site-packages/airflow/example_dags/example_branch_labels.py
[2022-11-21T22:09:09.766-0300] {logging_mixin.py:115} INFO - [2022-11-21T22:09:09.765-0300] {dag.py:2429} INFO - Sync 1 DAGs
[2022-11-21T22:09:09.784-0300] {logging_mixin.py:115} INFO - [2022-11-21T22:09:09.784-0300] {dag.py:2977} INFO - Setting next_dagrun for example_branch_labels to 2022-11-21T00:00:00+00:00, run_after=2022-11-22T00:00:00+00:00
[2022-11-21T22:09:09.803-0300] {processor.py:161} INFO - Processing /home/juliana/Área de Trabalho/datapipeline/.env/lib/python3.8/site-packages/airflow/example_dags/example_branch_labels.py took 0.072 seconds
[2022-11-21T22:09:45.614-0300] {processor.py:153} INFO - Started process (PID=5016) to work on /home/juliana/Área de Trabalho/datapipeline/.env/lib/python3.8/site-packages/airflow/example_dags/example_branch_labels.py
[2022-11-21T22:09:45.621-0300] {processor.py:640} INFO - Processing file /home/juliana/Área de Trabalho/datapipeline/.env/lib/python3.8/site-packages/airflow/example_dags/example_branch_labels.py for tasks to queue
[2022-11-21T22:09:45.622-0300] {logging_mixin.py:115} INFO - [2022-11-21T22:09:45.622-0300] {dagbag.py:508} INFO - Filling up the DagBag from /home/juliana/Área de Trabalho/datapipeline/.env/lib/python3.8/site-packages/airflow/example_dags/example_branch_labels.py
[2022-11-21T22:09:45.636-0300] {processor.py:650} INFO - DAG(s) dict_keys(['example_branch_labels']) retrieved from /home/juliana/Área de Trabalho/datapipeline/.env/lib/python3.8/site-packages/airflow/example_dags/example_branch_labels.py
[2022-11-21T22:09:45.664-0300] {logging_mixin.py:115} INFO - [2022-11-21T22:09:45.664-0300] {dag.py:2429} INFO - Sync 1 DAGs
[2022-11-21T22:09:45.705-0300] {logging_mixin.py:115} INFO - [2022-11-21T22:09:45.705-0300] {dag.py:2977} INFO - Setting next_dagrun for example_branch_labels to 2022-11-21T00:00:00+00:00, run_after=2022-11-22T00:00:00+00:00
[2022-11-21T22:09:45.720-0300] {processor.py:161} INFO - Processing /home/juliana/Área de Trabalho/datapipeline/.env/lib/python3.8/site-packages/airflow/example_dags/example_branch_labels.py took 0.113 seconds
[2022-11-21T22:10:22.267-0300] {processor.py:153} INFO - Started process (PID=5072) to work on /home/juliana/Área de Trabalho/datapipeline/.env/lib/python3.8/site-packages/airflow/example_dags/example_branch_labels.py
[2022-11-21T22:10:22.269-0300] {processor.py:640} INFO - Processing file /home/juliana/Área de Trabalho/datapipeline/.env/lib/python3.8/site-packages/airflow/example_dags/example_branch_labels.py for tasks to queue
[2022-11-21T22:10:22.270-0300] {logging_mixin.py:115} INFO - [2022-11-21T22:10:22.270-0300] {dagbag.py:508} INFO - Filling up the DagBag from /home/juliana/Área de Trabalho/datapipeline/.env/lib/python3.8/site-packages/airflow/example_dags/example_branch_labels.py
[2022-11-21T22:10:22.283-0300] {processor.py:650} INFO - DAG(s) dict_keys(['example_branch_labels']) retrieved from /home/juliana/Área de Trabalho/datapipeline/.env/lib/python3.8/site-packages/airflow/example_dags/example_branch_labels.py
[2022-11-21T22:10:22.305-0300] {logging_mixin.py:115} INFO - [2022-11-21T22:10:22.305-0300] {dag.py:2429} INFO - Sync 1 DAGs
[2022-11-21T22:10:22.326-0300] {logging_mixin.py:115} INFO - [2022-11-21T22:10:22.326-0300] {dag.py:2977} INFO - Setting next_dagrun for example_branch_labels to 2022-11-21T00:00:00+00:00, run_after=2022-11-22T00:00:00+00:00
[2022-11-21T22:10:22.346-0300] {processor.py:161} INFO - Processing /home/juliana/Área de Trabalho/datapipeline/.env/lib/python3.8/site-packages/airflow/example_dags/example_branch_labels.py took 0.085 seconds
[2022-11-21T22:11:00.025-0300] {processor.py:153} INFO - Started process (PID=5461) to work on /home/juliana/Área de Trabalho/datapipeline/.env/lib/python3.8/site-packages/airflow/example_dags/example_branch_labels.py
[2022-11-21T22:11:00.028-0300] {processor.py:640} INFO - Processing file /home/juliana/Área de Trabalho/datapipeline/.env/lib/python3.8/site-packages/airflow/example_dags/example_branch_labels.py for tasks to queue
[2022-11-21T22:11:00.029-0300] {logging_mixin.py:115} INFO - [2022-11-21T22:11:00.028-0300] {dagbag.py:508} INFO - Filling up the DagBag from /home/juliana/Área de Trabalho/datapipeline/.env/lib/python3.8/site-packages/airflow/example_dags/example_branch_labels.py
[2022-11-21T22:11:00.038-0300] {processor.py:650} INFO - DAG(s) dict_keys(['example_branch_labels']) retrieved from /home/juliana/Área de Trabalho/datapipeline/.env/lib/python3.8/site-packages/airflow/example_dags/example_branch_labels.py
[2022-11-21T22:11:00.055-0300] {logging_mixin.py:115} INFO - [2022-11-21T22:11:00.055-0300] {dag.py:2429} INFO - Sync 1 DAGs
[2022-11-21T22:11:00.074-0300] {logging_mixin.py:115} INFO - [2022-11-21T22:11:00.073-0300] {dag.py:2977} INFO - Setting next_dagrun for example_branch_labels to 2022-11-21T00:00:00+00:00, run_after=2022-11-22T00:00:00+00:00
[2022-11-21T22:11:00.089-0300] {processor.py:161} INFO - Processing /home/juliana/Área de Trabalho/datapipeline/.env/lib/python3.8/site-packages/airflow/example_dags/example_branch_labels.py took 0.071 seconds
[2022-11-21T22:11:39.259-0300] {processor.py:153} INFO - Started process (PID=5884) to work on /home/juliana/Área de Trabalho/datapipeline/.env/lib/python3.8/site-packages/airflow/example_dags/example_branch_labels.py
[2022-11-21T22:11:39.260-0300] {processor.py:640} INFO - Processing file /home/juliana/Área de Trabalho/datapipeline/.env/lib/python3.8/site-packages/airflow/example_dags/example_branch_labels.py for tasks to queue
[2022-11-21T22:11:39.261-0300] {logging_mixin.py:115} INFO - [2022-11-21T22:11:39.261-0300] {dagbag.py:508} INFO - Filling up the DagBag from /home/juliana/Área de Trabalho/datapipeline/.env/lib/python3.8/site-packages/airflow/example_dags/example_branch_labels.py
[2022-11-21T22:11:39.269-0300] {processor.py:650} INFO - DAG(s) dict_keys(['example_branch_labels']) retrieved from /home/juliana/Área de Trabalho/datapipeline/.env/lib/python3.8/site-packages/airflow/example_dags/example_branch_labels.py
[2022-11-21T22:11:39.289-0300] {logging_mixin.py:115} INFO - [2022-11-21T22:11:39.288-0300] {dag.py:2429} INFO - Sync 1 DAGs
[2022-11-21T22:11:39.323-0300] {logging_mixin.py:115} INFO - [2022-11-21T22:11:39.322-0300] {dag.py:2977} INFO - Setting next_dagrun for example_branch_labels to 2022-11-21T00:00:00+00:00, run_after=2022-11-22T00:00:00+00:00
[2022-11-21T22:11:39.337-0300] {processor.py:161} INFO - Processing /home/juliana/Área de Trabalho/datapipeline/.env/lib/python3.8/site-packages/airflow/example_dags/example_branch_labels.py took 0.084 seconds
[2022-11-21T22:12:15.536-0300] {processor.py:153} INFO - Started process (PID=5946) to work on /home/juliana/Área de Trabalho/datapipeline/.env/lib/python3.8/site-packages/airflow/example_dags/example_branch_labels.py
[2022-11-21T22:12:15.537-0300] {processor.py:640} INFO - Processing file /home/juliana/Área de Trabalho/datapipeline/.env/lib/python3.8/site-packages/airflow/example_dags/example_branch_labels.py for tasks to queue
[2022-11-21T22:12:15.538-0300] {logging_mixin.py:115} INFO - [2022-11-21T22:12:15.538-0300] {dagbag.py:508} INFO - Filling up the DagBag from /home/juliana/Área de Trabalho/datapipeline/.env/lib/python3.8/site-packages/airflow/example_dags/example_branch_labels.py
[2022-11-21T22:12:15.557-0300] {processor.py:650} INFO - DAG(s) dict_keys(['example_branch_labels']) retrieved from /home/juliana/Área de Trabalho/datapipeline/.env/lib/python3.8/site-packages/airflow/example_dags/example_branch_labels.py
[2022-11-21T22:12:15.581-0300] {logging_mixin.py:115} INFO - [2022-11-21T22:12:15.580-0300] {dag.py:2429} INFO - Sync 1 DAGs
[2022-11-21T22:12:15.609-0300] {logging_mixin.py:115} INFO - [2022-11-21T22:12:15.609-0300] {dag.py:2977} INFO - Setting next_dagrun for example_branch_labels to 2022-11-21T00:00:00+00:00, run_after=2022-11-22T00:00:00+00:00
[2022-11-21T22:12:15.643-0300] {processor.py:161} INFO - Processing /home/juliana/Área de Trabalho/datapipeline/.env/lib/python3.8/site-packages/airflow/example_dags/example_branch_labels.py took 0.110 seconds
[2022-11-21T22:12:55.058-0300] {processor.py:153} INFO - Started process (PID=5997) to work on /home/juliana/Área de Trabalho/datapipeline/.env/lib/python3.8/site-packages/airflow/example_dags/example_branch_labels.py
[2022-11-21T22:12:55.064-0300] {processor.py:640} INFO - Processing file /home/juliana/Área de Trabalho/datapipeline/.env/lib/python3.8/site-packages/airflow/example_dags/example_branch_labels.py for tasks to queue
[2022-11-21T22:12:55.065-0300] {logging_mixin.py:115} INFO - [2022-11-21T22:12:55.065-0300] {dagbag.py:508} INFO - Filling up the DagBag from /home/juliana/Área de Trabalho/datapipeline/.env/lib/python3.8/site-packages/airflow/example_dags/example_branch_labels.py
[2022-11-21T22:12:55.074-0300] {processor.py:650} INFO - DAG(s) dict_keys(['example_branch_labels']) retrieved from /home/juliana/Área de Trabalho/datapipeline/.env/lib/python3.8/site-packages/airflow/example_dags/example_branch_labels.py
[2022-11-21T22:12:55.093-0300] {logging_mixin.py:115} INFO - [2022-11-21T22:12:55.092-0300] {dag.py:2429} INFO - Sync 1 DAGs
[2022-11-21T22:12:55.113-0300] {logging_mixin.py:115} INFO - [2022-11-21T22:12:55.113-0300] {dag.py:2977} INFO - Setting next_dagrun for example_branch_labels to 2022-11-21T00:00:00+00:00, run_after=2022-11-22T00:00:00+00:00
[2022-11-21T22:12:55.129-0300] {processor.py:161} INFO - Processing /home/juliana/Área de Trabalho/datapipeline/.env/lib/python3.8/site-packages/airflow/example_dags/example_branch_labels.py took 0.076 seconds
[2022-11-21T22:13:30.977-0300] {processor.py:153} INFO - Started process (PID=6032) to work on /home/juliana/Área de Trabalho/datapipeline/.env/lib/python3.8/site-packages/airflow/example_dags/example_branch_labels.py
[2022-11-21T22:13:30.979-0300] {processor.py:640} INFO - Processing file /home/juliana/Área de Trabalho/datapipeline/.env/lib/python3.8/site-packages/airflow/example_dags/example_branch_labels.py for tasks to queue
[2022-11-21T22:13:30.980-0300] {logging_mixin.py:115} INFO - [2022-11-21T22:13:30.979-0300] {dagbag.py:508} INFO - Filling up the DagBag from /home/juliana/Área de Trabalho/datapipeline/.env/lib/python3.8/site-packages/airflow/example_dags/example_branch_labels.py
[2022-11-21T22:13:30.988-0300] {processor.py:650} INFO - DAG(s) dict_keys(['example_branch_labels']) retrieved from /home/juliana/Área de Trabalho/datapipeline/.env/lib/python3.8/site-packages/airflow/example_dags/example_branch_labels.py
[2022-11-21T22:13:31.008-0300] {logging_mixin.py:115} INFO - [2022-11-21T22:13:31.008-0300] {dag.py:2429} INFO - Sync 1 DAGs
[2022-11-21T22:13:31.026-0300] {logging_mixin.py:115} INFO - [2022-11-21T22:13:31.026-0300] {dag.py:2977} INFO - Setting next_dagrun for example_branch_labels to 2022-11-21T00:00:00+00:00, run_after=2022-11-22T00:00:00+00:00
[2022-11-21T22:13:31.046-0300] {processor.py:161} INFO - Processing /home/juliana/Área de Trabalho/datapipeline/.env/lib/python3.8/site-packages/airflow/example_dags/example_branch_labels.py took 0.072 seconds
[2022-11-21T22:14:05.614-0300] {processor.py:153} INFO - Started process (PID=6068) to work on /home/juliana/Área de Trabalho/datapipeline/.env/lib/python3.8/site-packages/airflow/example_dags/example_branch_labels.py
[2022-11-21T22:14:05.615-0300] {processor.py:640} INFO - Processing file /home/juliana/Área de Trabalho/datapipeline/.env/lib/python3.8/site-packages/airflow/example_dags/example_branch_labels.py for tasks to queue
[2022-11-21T22:14:05.616-0300] {logging_mixin.py:115} INFO - [2022-11-21T22:14:05.615-0300] {dagbag.py:508} INFO - Filling up the DagBag from /home/juliana/Área de Trabalho/datapipeline/.env/lib/python3.8/site-packages/airflow/example_dags/example_branch_labels.py
[2022-11-21T22:14:05.624-0300] {processor.py:650} INFO - DAG(s) dict_keys(['example_branch_labels']) retrieved from /home/juliana/Área de Trabalho/datapipeline/.env/lib/python3.8/site-packages/airflow/example_dags/example_branch_labels.py
[2022-11-21T22:14:05.644-0300] {logging_mixin.py:115} INFO - [2022-11-21T22:14:05.644-0300] {dag.py:2429} INFO - Sync 1 DAGs
[2022-11-21T22:14:05.661-0300] {logging_mixin.py:115} INFO - [2022-11-21T22:14:05.661-0300] {dag.py:2977} INFO - Setting next_dagrun for example_branch_labels to 2022-11-21T00:00:00+00:00, run_after=2022-11-22T00:00:00+00:00
[2022-11-21T22:14:05.680-0300] {processor.py:161} INFO - Processing /home/juliana/Área de Trabalho/datapipeline/.env/lib/python3.8/site-packages/airflow/example_dags/example_branch_labels.py took 0.071 seconds
[2022-11-21T22:14:41.168-0300] {processor.py:153} INFO - Started process (PID=6104) to work on /home/juliana/Área de Trabalho/datapipeline/.env/lib/python3.8/site-packages/airflow/example_dags/example_branch_labels.py
[2022-11-21T22:14:41.170-0300] {processor.py:640} INFO - Processing file /home/juliana/Área de Trabalho/datapipeline/.env/lib/python3.8/site-packages/airflow/example_dags/example_branch_labels.py for tasks to queue
[2022-11-21T22:14:41.171-0300] {logging_mixin.py:115} INFO - [2022-11-21T22:14:41.171-0300] {dagbag.py:508} INFO - Filling up the DagBag from /home/juliana/Área de Trabalho/datapipeline/.env/lib/python3.8/site-packages/airflow/example_dags/example_branch_labels.py
[2022-11-21T22:14:41.181-0300] {processor.py:650} INFO - DAG(s) dict_keys(['example_branch_labels']) retrieved from /home/juliana/Área de Trabalho/datapipeline/.env/lib/python3.8/site-packages/airflow/example_dags/example_branch_labels.py
[2022-11-21T22:14:41.200-0300] {logging_mixin.py:115} INFO - [2022-11-21T22:14:41.199-0300] {dag.py:2429} INFO - Sync 1 DAGs
[2022-11-21T22:14:41.215-0300] {logging_mixin.py:115} INFO - [2022-11-21T22:14:41.215-0300] {dag.py:2977} INFO - Setting next_dagrun for example_branch_labels to 2022-11-21T00:00:00+00:00, run_after=2022-11-22T00:00:00+00:00
[2022-11-21T22:14:41.230-0300] {processor.py:161} INFO - Processing /home/juliana/Área de Trabalho/datapipeline/.env/lib/python3.8/site-packages/airflow/example_dags/example_branch_labels.py took 0.068 seconds
[2022-11-21T22:15:17.942-0300] {processor.py:153} INFO - Started process (PID=6140) to work on /home/juliana/Área de Trabalho/datapipeline/.env/lib/python3.8/site-packages/airflow/example_dags/example_branch_labels.py
[2022-11-21T22:15:17.944-0300] {processor.py:640} INFO - Processing file /home/juliana/Área de Trabalho/datapipeline/.env/lib/python3.8/site-packages/airflow/example_dags/example_branch_labels.py for tasks to queue
[2022-11-21T22:15:17.945-0300] {logging_mixin.py:115} INFO - [2022-11-21T22:15:17.945-0300] {dagbag.py:508} INFO - Filling up the DagBag from /home/juliana/Área de Trabalho/datapipeline/.env/lib/python3.8/site-packages/airflow/example_dags/example_branch_labels.py
[2022-11-21T22:15:17.955-0300] {processor.py:650} INFO - DAG(s) dict_keys(['example_branch_labels']) retrieved from /home/juliana/Área de Trabalho/datapipeline/.env/lib/python3.8/site-packages/airflow/example_dags/example_branch_labels.py
[2022-11-21T22:15:17.976-0300] {logging_mixin.py:115} INFO - [2022-11-21T22:15:17.976-0300] {dag.py:2429} INFO - Sync 1 DAGs
[2022-11-21T22:15:17.993-0300] {logging_mixin.py:115} INFO - [2022-11-21T22:15:17.993-0300] {dag.py:2977} INFO - Setting next_dagrun for example_branch_labels to 2022-11-21T00:00:00+00:00, run_after=2022-11-22T00:00:00+00:00
[2022-11-21T22:15:18.061-0300] {processor.py:161} INFO - Processing /home/juliana/Área de Trabalho/datapipeline/.env/lib/python3.8/site-packages/airflow/example_dags/example_branch_labels.py took 0.125 seconds
[2022-11-21T22:15:53.426-0300] {processor.py:153} INFO - Started process (PID=6176) to work on /home/juliana/Área de Trabalho/datapipeline/.env/lib/python3.8/site-packages/airflow/example_dags/example_branch_labels.py
[2022-11-21T22:15:53.428-0300] {processor.py:640} INFO - Processing file /home/juliana/Área de Trabalho/datapipeline/.env/lib/python3.8/site-packages/airflow/example_dags/example_branch_labels.py for tasks to queue
[2022-11-21T22:15:53.429-0300] {logging_mixin.py:115} INFO - [2022-11-21T22:15:53.428-0300] {dagbag.py:508} INFO - Filling up the DagBag from /home/juliana/Área de Trabalho/datapipeline/.env/lib/python3.8/site-packages/airflow/example_dags/example_branch_labels.py
[2022-11-21T22:15:53.437-0300] {processor.py:650} INFO - DAG(s) dict_keys(['example_branch_labels']) retrieved from /home/juliana/Área de Trabalho/datapipeline/.env/lib/python3.8/site-packages/airflow/example_dags/example_branch_labels.py
[2022-11-21T22:15:53.463-0300] {logging_mixin.py:115} INFO - [2022-11-21T22:15:53.463-0300] {dag.py:2429} INFO - Sync 1 DAGs
[2022-11-21T22:15:53.509-0300] {logging_mixin.py:115} INFO - [2022-11-21T22:15:53.509-0300] {dag.py:2977} INFO - Setting next_dagrun for example_branch_labels to 2022-11-21T00:00:00+00:00, run_after=2022-11-22T00:00:00+00:00
[2022-11-21T22:15:53.530-0300] {processor.py:161} INFO - Processing /home/juliana/Área de Trabalho/datapipeline/.env/lib/python3.8/site-packages/airflow/example_dags/example_branch_labels.py took 0.109 seconds
[2022-11-21T22:16:31.040-0300] {processor.py:153} INFO - Started process (PID=6213) to work on /home/juliana/Área de Trabalho/datapipeline/.env/lib/python3.8/site-packages/airflow/example_dags/example_branch_labels.py
[2022-11-21T22:16:31.041-0300] {processor.py:640} INFO - Processing file /home/juliana/Área de Trabalho/datapipeline/.env/lib/python3.8/site-packages/airflow/example_dags/example_branch_labels.py for tasks to queue
[2022-11-21T22:16:31.041-0300] {logging_mixin.py:115} INFO - [2022-11-21T22:16:31.041-0300] {dagbag.py:508} INFO - Filling up the DagBag from /home/juliana/Área de Trabalho/datapipeline/.env/lib/python3.8/site-packages/airflow/example_dags/example_branch_labels.py
[2022-11-21T22:16:31.047-0300] {processor.py:650} INFO - DAG(s) dict_keys(['example_branch_labels']) retrieved from /home/juliana/Área de Trabalho/datapipeline/.env/lib/python3.8/site-packages/airflow/example_dags/example_branch_labels.py
[2022-11-21T22:16:31.063-0300] {logging_mixin.py:115} INFO - [2022-11-21T22:16:31.063-0300] {dag.py:2429} INFO - Sync 1 DAGs
[2022-11-21T22:16:31.079-0300] {logging_mixin.py:115} INFO - [2022-11-21T22:16:31.079-0300] {dag.py:2977} INFO - Setting next_dagrun for example_branch_labels to 2022-11-21T00:00:00+00:00, run_after=2022-11-22T00:00:00+00:00
[2022-11-21T22:16:31.150-0300] {processor.py:161} INFO - Processing /home/juliana/Área de Trabalho/datapipeline/.env/lib/python3.8/site-packages/airflow/example_dags/example_branch_labels.py took 0.113 seconds
