[2022-11-21T21:13:03.266-0300] {processor.py:153} INFO - Started process (PID=3029) to work on /home/juliana/Área de Trabalho/datapipeline/.env/lib/python3.8/site-packages/airflow/example_dags/example_sla_dag.py
[2022-11-21T21:13:03.267-0300] {processor.py:640} INFO - Processing file /home/juliana/Área de Trabalho/datapipeline/.env/lib/python3.8/site-packages/airflow/example_dags/example_sla_dag.py for tasks to queue
[2022-11-21T21:13:03.268-0300] {logging_mixin.py:115} INFO - [2022-11-21T21:13:03.268-0300] {dagbag.py:508} INFO - Filling up the DagBag from /home/juliana/Área de Trabalho/datapipeline/.env/lib/python3.8/site-packages/airflow/example_dags/example_sla_dag.py
[2022-11-21T21:13:03.305-0300] {processor.py:650} INFO - DAG(s) dict_keys(['example_sla_dag']) retrieved from /home/juliana/Área de Trabalho/datapipeline/.env/lib/python3.8/site-packages/airflow/example_dags/example_sla_dag.py
[2022-11-21T21:13:03.343-0300] {logging_mixin.py:115} INFO - [2022-11-21T21:13:03.342-0300] {dag.py:2429} INFO - Sync 1 DAGs
[2022-11-21T21:13:03.412-0300] {logging_mixin.py:115} INFO - [2022-11-21T21:13:03.412-0300] {dag.py:2977} INFO - Setting next_dagrun for example_sla_dag to 2022-11-22T00:10:00+00:00, run_after=2022-11-22T00:12:00+00:00
[2022-11-21T21:13:03.434-0300] {processor.py:161} INFO - Processing /home/juliana/Área de Trabalho/datapipeline/.env/lib/python3.8/site-packages/airflow/example_dags/example_sla_dag.py took 0.171 seconds
[2022-11-21T21:13:42.566-0300] {processor.py:153} INFO - Started process (PID=3129) to work on /home/juliana/Área de Trabalho/datapipeline/.env/lib/python3.8/site-packages/airflow/example_dags/example_sla_dag.py
[2022-11-21T21:13:42.571-0300] {processor.py:640} INFO - Processing file /home/juliana/Área de Trabalho/datapipeline/.env/lib/python3.8/site-packages/airflow/example_dags/example_sla_dag.py for tasks to queue
[2022-11-21T21:13:42.571-0300] {logging_mixin.py:115} INFO - [2022-11-21T21:13:42.571-0300] {dagbag.py:508} INFO - Filling up the DagBag from /home/juliana/Área de Trabalho/datapipeline/.env/lib/python3.8/site-packages/airflow/example_dags/example_sla_dag.py
[2022-11-21T21:13:42.629-0300] {processor.py:650} INFO - DAG(s) dict_keys(['example_sla_dag']) retrieved from /home/juliana/Área de Trabalho/datapipeline/.env/lib/python3.8/site-packages/airflow/example_dags/example_sla_dag.py
[2022-11-21T21:13:42.663-0300] {logging_mixin.py:115} INFO - [2022-11-21T21:13:42.663-0300] {dag.py:2429} INFO - Sync 1 DAGs
[2022-11-21T21:13:42.684-0300] {logging_mixin.py:115} INFO - [2022-11-21T21:13:42.684-0300] {dag.py:2977} INFO - Setting next_dagrun for example_sla_dag to 2022-11-22T00:10:00+00:00, run_after=2022-11-22T00:12:00+00:00
[2022-11-21T21:13:42.698-0300] {processor.py:161} INFO - Processing /home/juliana/Área de Trabalho/datapipeline/.env/lib/python3.8/site-packages/airflow/example_dags/example_sla_dag.py took 0.138 seconds
[2022-11-21T21:14:21.669-0300] {processor.py:153} INFO - Started process (PID=3430) to work on /home/juliana/Área de Trabalho/datapipeline/.env/lib/python3.8/site-packages/airflow/example_dags/example_sla_dag.py
[2022-11-21T21:14:21.672-0300] {processor.py:640} INFO - Processing file /home/juliana/Área de Trabalho/datapipeline/.env/lib/python3.8/site-packages/airflow/example_dags/example_sla_dag.py for tasks to queue
[2022-11-21T21:14:21.673-0300] {logging_mixin.py:115} INFO - [2022-11-21T21:14:21.673-0300] {dagbag.py:508} INFO - Filling up the DagBag from /home/juliana/Área de Trabalho/datapipeline/.env/lib/python3.8/site-packages/airflow/example_dags/example_sla_dag.py
[2022-11-21T21:14:21.816-0300] {processor.py:650} INFO - DAG(s) dict_keys(['example_sla_dag']) retrieved from /home/juliana/Área de Trabalho/datapipeline/.env/lib/python3.8/site-packages/airflow/example_dags/example_sla_dag.py
[2022-11-21T21:14:21.939-0300] {logging_mixin.py:115} INFO - [2022-11-21T21:14:21.934-0300] {dag.py:2429} INFO - Sync 1 DAGs
[2022-11-21T21:14:22.031-0300] {logging_mixin.py:115} INFO - [2022-11-21T21:14:22.027-0300] {dag.py:2977} INFO - Setting next_dagrun for example_sla_dag to 2022-11-22T00:12:00+00:00, run_after=2022-11-22T00:14:00+00:00
[2022-11-21T21:14:22.143-0300] {processor.py:161} INFO - Processing /home/juliana/Área de Trabalho/datapipeline/.env/lib/python3.8/site-packages/airflow/example_dags/example_sla_dag.py took 0.483 seconds
[2022-11-21T21:15:25.770-0300] {processor.py:153} INFO - Started process (PID=3492) to work on /home/juliana/Área de Trabalho/datapipeline/.env/lib/python3.8/site-packages/airflow/example_dags/example_sla_dag.py
[2022-11-21T21:15:25.775-0300] {processor.py:640} INFO - Processing file /home/juliana/Área de Trabalho/datapipeline/.env/lib/python3.8/site-packages/airflow/example_dags/example_sla_dag.py for tasks to queue
[2022-11-21T21:15:25.778-0300] {logging_mixin.py:115} INFO - [2022-11-21T21:15:25.776-0300] {dagbag.py:508} INFO - Filling up the DagBag from /home/juliana/Área de Trabalho/datapipeline/.env/lib/python3.8/site-packages/airflow/example_dags/example_sla_dag.py
[2022-11-21T21:15:25.911-0300] {processor.py:650} INFO - DAG(s) dict_keys(['example_sla_dag']) retrieved from /home/juliana/Área de Trabalho/datapipeline/.env/lib/python3.8/site-packages/airflow/example_dags/example_sla_dag.py
[2022-11-21T21:15:26.037-0300] {logging_mixin.py:115} INFO - [2022-11-21T21:15:26.033-0300] {dag.py:2429} INFO - Sync 1 DAGs
[2022-11-21T21:15:26.157-0300] {logging_mixin.py:115} INFO - [2022-11-21T21:15:26.154-0300] {dag.py:2977} INFO - Setting next_dagrun for example_sla_dag to 2022-11-22T00:12:00+00:00, run_after=2022-11-22T00:14:00+00:00
[2022-11-21T21:15:26.232-0300] {processor.py:161} INFO - Processing /home/juliana/Área de Trabalho/datapipeline/.env/lib/python3.8/site-packages/airflow/example_dags/example_sla_dag.py took 0.482 seconds
[2022-11-21T21:17:55.262-0300] {processor.py:153} INFO - Started process (PID=3588) to work on /home/juliana/Área de Trabalho/datapipeline/.env/lib/python3.8/site-packages/airflow/example_dags/example_sla_dag.py
[2022-11-21T21:17:55.266-0300] {processor.py:640} INFO - Processing file /home/juliana/Área de Trabalho/datapipeline/.env/lib/python3.8/site-packages/airflow/example_dags/example_sla_dag.py for tasks to queue
[2022-11-21T21:17:55.266-0300] {logging_mixin.py:115} INFO - [2022-11-21T21:17:55.266-0300] {dagbag.py:508} INFO - Filling up the DagBag from /home/juliana/Área de Trabalho/datapipeline/.env/lib/python3.8/site-packages/airflow/example_dags/example_sla_dag.py
[2022-11-21T21:17:55.692-0300] {processor.py:650} INFO - DAG(s) dict_keys(['example_sla_dag']) retrieved from /home/juliana/Área de Trabalho/datapipeline/.env/lib/python3.8/site-packages/airflow/example_dags/example_sla_dag.py
[2022-11-21T21:17:55.984-0300] {logging_mixin.py:115} INFO - [2022-11-21T21:17:55.963-0300] {dag.py:2429} INFO - Sync 1 DAGs
[2022-11-21T21:18:10.236-0300] {logging_mixin.py:115} INFO - [2022-11-21T21:18:09.901-0300] {dag.py:2977} INFO - Setting next_dagrun for example_sla_dag to 2022-11-22T00:14:00+00:00, run_after=2022-11-22T00:16:00+00:00
[2022-11-21T21:18:22.822-0300] {processor.py:161} INFO - Processing /home/juliana/Área de Trabalho/datapipeline/.env/lib/python3.8/site-packages/airflow/example_dags/example_sla_dag.py took 27.576 seconds
[2022-11-21T21:38:24.116-0300] {processor.py:153} INFO - Started process (PID=7758) to work on /home/juliana/Área de Trabalho/datapipeline/.env/lib/python3.8/site-packages/airflow/example_dags/example_sla_dag.py
[2022-11-21T21:38:24.122-0300] {processor.py:640} INFO - Processing file /home/juliana/Área de Trabalho/datapipeline/.env/lib/python3.8/site-packages/airflow/example_dags/example_sla_dag.py for tasks to queue
[2022-11-21T21:38:24.123-0300] {logging_mixin.py:115} INFO - [2022-11-21T21:38:24.123-0300] {dagbag.py:508} INFO - Filling up the DagBag from /home/juliana/Área de Trabalho/datapipeline/.env/lib/python3.8/site-packages/airflow/example_dags/example_sla_dag.py
[2022-11-21T21:38:24.140-0300] {processor.py:650} INFO - DAG(s) dict_keys(['example_sla_dag']) retrieved from /home/juliana/Área de Trabalho/datapipeline/.env/lib/python3.8/site-packages/airflow/example_dags/example_sla_dag.py
[2022-11-21T21:38:24.155-0300] {logging_mixin.py:115} INFO - [2022-11-21T21:38:24.155-0300] {dag.py:2429} INFO - Sync 1 DAGs
[2022-11-21T21:38:24.171-0300] {logging_mixin.py:115} INFO - [2022-11-21T21:38:24.171-0300] {dag.py:2977} INFO - Setting next_dagrun for example_sla_dag to 2022-11-22T00:36:00+00:00, run_after=2022-11-22T00:38:00+00:00
[2022-11-21T21:38:24.185-0300] {processor.py:161} INFO - Processing /home/juliana/Área de Trabalho/datapipeline/.env/lib/python3.8/site-packages/airflow/example_dags/example_sla_dag.py took 0.073 seconds
[2022-11-21T21:39:02.991-0300] {processor.py:153} INFO - Started process (PID=8074) to work on /home/juliana/Área de Trabalho/datapipeline/.env/lib/python3.8/site-packages/airflow/example_dags/example_sla_dag.py
[2022-11-21T21:39:02.997-0300] {processor.py:640} INFO - Processing file /home/juliana/Área de Trabalho/datapipeline/.env/lib/python3.8/site-packages/airflow/example_dags/example_sla_dag.py for tasks to queue
[2022-11-21T21:39:02.999-0300] {logging_mixin.py:115} INFO - [2022-11-21T21:39:02.999-0300] {dagbag.py:508} INFO - Filling up the DagBag from /home/juliana/Área de Trabalho/datapipeline/.env/lib/python3.8/site-packages/airflow/example_dags/example_sla_dag.py
[2022-11-21T21:39:03.025-0300] {processor.py:650} INFO - DAG(s) dict_keys(['example_sla_dag']) retrieved from /home/juliana/Área de Trabalho/datapipeline/.env/lib/python3.8/site-packages/airflow/example_dags/example_sla_dag.py
[2022-11-21T21:39:03.042-0300] {logging_mixin.py:115} INFO - [2022-11-21T21:39:03.042-0300] {dag.py:2429} INFO - Sync 1 DAGs
[2022-11-21T21:39:03.068-0300] {logging_mixin.py:115} INFO - [2022-11-21T21:39:03.068-0300] {dag.py:2977} INFO - Setting next_dagrun for example_sla_dag to 2022-11-22T00:36:00+00:00, run_after=2022-11-22T00:38:00+00:00
[2022-11-21T21:39:03.083-0300] {processor.py:161} INFO - Processing /home/juliana/Área de Trabalho/datapipeline/.env/lib/python3.8/site-packages/airflow/example_dags/example_sla_dag.py took 0.096 seconds
[2022-11-21T21:39:40.623-0300] {processor.py:153} INFO - Started process (PID=8133) to work on /home/juliana/Área de Trabalho/datapipeline/.env/lib/python3.8/site-packages/airflow/example_dags/example_sla_dag.py
[2022-11-21T21:39:40.630-0300] {processor.py:640} INFO - Processing file /home/juliana/Área de Trabalho/datapipeline/.env/lib/python3.8/site-packages/airflow/example_dags/example_sla_dag.py for tasks to queue
[2022-11-21T21:39:40.631-0300] {logging_mixin.py:115} INFO - [2022-11-21T21:39:40.630-0300] {dagbag.py:508} INFO - Filling up the DagBag from /home/juliana/Área de Trabalho/datapipeline/.env/lib/python3.8/site-packages/airflow/example_dags/example_sla_dag.py
[2022-11-21T21:39:40.653-0300] {processor.py:650} INFO - DAG(s) dict_keys(['example_sla_dag']) retrieved from /home/juliana/Área de Trabalho/datapipeline/.env/lib/python3.8/site-packages/airflow/example_dags/example_sla_dag.py
[2022-11-21T21:39:40.670-0300] {logging_mixin.py:115} INFO - [2022-11-21T21:39:40.669-0300] {dag.py:2429} INFO - Sync 1 DAGs
[2022-11-21T21:39:40.686-0300] {logging_mixin.py:115} INFO - [2022-11-21T21:39:40.686-0300] {dag.py:2977} INFO - Setting next_dagrun for example_sla_dag to 2022-11-22T00:36:00+00:00, run_after=2022-11-22T00:38:00+00:00
[2022-11-21T21:39:40.704-0300] {processor.py:161} INFO - Processing /home/juliana/Área de Trabalho/datapipeline/.env/lib/python3.8/site-packages/airflow/example_dags/example_sla_dag.py took 0.085 seconds
[2022-11-21T21:40:14.653-0300] {processor.py:153} INFO - Started process (PID=8369) to work on /home/juliana/Área de Trabalho/datapipeline/.env/lib/python3.8/site-packages/airflow/example_dags/example_sla_dag.py
[2022-11-21T21:40:14.655-0300] {processor.py:640} INFO - Processing file /home/juliana/Área de Trabalho/datapipeline/.env/lib/python3.8/site-packages/airflow/example_dags/example_sla_dag.py for tasks to queue
[2022-11-21T21:40:14.658-0300] {logging_mixin.py:115} INFO - [2022-11-21T21:40:14.658-0300] {dagbag.py:508} INFO - Filling up the DagBag from /home/juliana/Área de Trabalho/datapipeline/.env/lib/python3.8/site-packages/airflow/example_dags/example_sla_dag.py
[2022-11-21T21:40:14.694-0300] {processor.py:650} INFO - DAG(s) dict_keys(['example_sla_dag']) retrieved from /home/juliana/Área de Trabalho/datapipeline/.env/lib/python3.8/site-packages/airflow/example_dags/example_sla_dag.py
[2022-11-21T21:40:14.729-0300] {logging_mixin.py:115} INFO - [2022-11-21T21:40:14.729-0300] {dag.py:2429} INFO - Sync 1 DAGs
[2022-11-21T21:40:14.762-0300] {logging_mixin.py:115} INFO - [2022-11-21T21:40:14.762-0300] {dag.py:2977} INFO - Setting next_dagrun for example_sla_dag to 2022-11-22T00:38:00+00:00, run_after=2022-11-22T00:40:00+00:00
[2022-11-21T21:40:14.785-0300] {processor.py:161} INFO - Processing /home/juliana/Área de Trabalho/datapipeline/.env/lib/python3.8/site-packages/airflow/example_dags/example_sla_dag.py took 0.138 seconds
[2022-11-21T21:40:53.376-0300] {processor.py:153} INFO - Started process (PID=8647) to work on /home/juliana/Área de Trabalho/datapipeline/.env/lib/python3.8/site-packages/airflow/example_dags/example_sla_dag.py
[2022-11-21T21:40:53.382-0300] {processor.py:640} INFO - Processing file /home/juliana/Área de Trabalho/datapipeline/.env/lib/python3.8/site-packages/airflow/example_dags/example_sla_dag.py for tasks to queue
[2022-11-21T21:40:53.383-0300] {logging_mixin.py:115} INFO - [2022-11-21T21:40:53.383-0300] {dagbag.py:508} INFO - Filling up the DagBag from /home/juliana/Área de Trabalho/datapipeline/.env/lib/python3.8/site-packages/airflow/example_dags/example_sla_dag.py
[2022-11-21T21:40:53.403-0300] {processor.py:650} INFO - DAG(s) dict_keys(['example_sla_dag']) retrieved from /home/juliana/Área de Trabalho/datapipeline/.env/lib/python3.8/site-packages/airflow/example_dags/example_sla_dag.py
[2022-11-21T21:40:53.418-0300] {logging_mixin.py:115} INFO - [2022-11-21T21:40:53.418-0300] {dag.py:2429} INFO - Sync 1 DAGs
[2022-11-21T21:40:53.434-0300] {logging_mixin.py:115} INFO - [2022-11-21T21:40:53.434-0300] {dag.py:2977} INFO - Setting next_dagrun for example_sla_dag to 2022-11-22T00:38:00+00:00, run_after=2022-11-22T00:40:00+00:00
[2022-11-21T21:40:53.448-0300] {processor.py:161} INFO - Processing /home/juliana/Área de Trabalho/datapipeline/.env/lib/python3.8/site-packages/airflow/example_dags/example_sla_dag.py took 0.075 seconds
[2022-11-21T21:41:28.149-0300] {processor.py:153} INFO - Started process (PID=8857) to work on /home/juliana/Área de Trabalho/datapipeline/.env/lib/python3.8/site-packages/airflow/example_dags/example_sla_dag.py
[2022-11-21T21:41:28.151-0300] {processor.py:640} INFO - Processing file /home/juliana/Área de Trabalho/datapipeline/.env/lib/python3.8/site-packages/airflow/example_dags/example_sla_dag.py for tasks to queue
[2022-11-21T21:41:28.152-0300] {logging_mixin.py:115} INFO - [2022-11-21T21:41:28.152-0300] {dagbag.py:508} INFO - Filling up the DagBag from /home/juliana/Área de Trabalho/datapipeline/.env/lib/python3.8/site-packages/airflow/example_dags/example_sla_dag.py
[2022-11-21T21:41:28.190-0300] {processor.py:650} INFO - DAG(s) dict_keys(['example_sla_dag']) retrieved from /home/juliana/Área de Trabalho/datapipeline/.env/lib/python3.8/site-packages/airflow/example_dags/example_sla_dag.py
[2022-11-21T21:41:28.245-0300] {logging_mixin.py:115} INFO - [2022-11-21T21:41:28.245-0300] {dag.py:2429} INFO - Sync 1 DAGs
[2022-11-21T21:41:28.308-0300] {logging_mixin.py:115} INFO - [2022-11-21T21:41:28.308-0300] {dag.py:2977} INFO - Setting next_dagrun for example_sla_dag to 2022-11-22T00:38:00+00:00, run_after=2022-11-22T00:40:00+00:00
[2022-11-21T21:41:28.344-0300] {processor.py:161} INFO - Processing /home/juliana/Área de Trabalho/datapipeline/.env/lib/python3.8/site-packages/airflow/example_dags/example_sla_dag.py took 0.198 seconds
[2022-11-21T21:42:02.311-0300] {processor.py:153} INFO - Started process (PID=9050) to work on /home/juliana/Área de Trabalho/datapipeline/.env/lib/python3.8/site-packages/airflow/example_dags/example_sla_dag.py
[2022-11-21T21:42:02.312-0300] {processor.py:640} INFO - Processing file /home/juliana/Área de Trabalho/datapipeline/.env/lib/python3.8/site-packages/airflow/example_dags/example_sla_dag.py for tasks to queue
[2022-11-21T21:42:02.313-0300] {logging_mixin.py:115} INFO - [2022-11-21T21:42:02.312-0300] {dagbag.py:508} INFO - Filling up the DagBag from /home/juliana/Área de Trabalho/datapipeline/.env/lib/python3.8/site-packages/airflow/example_dags/example_sla_dag.py
[2022-11-21T21:42:02.330-0300] {processor.py:650} INFO - DAG(s) dict_keys(['example_sla_dag']) retrieved from /home/juliana/Área de Trabalho/datapipeline/.env/lib/python3.8/site-packages/airflow/example_dags/example_sla_dag.py
[2022-11-21T21:42:02.345-0300] {logging_mixin.py:115} INFO - [2022-11-21T21:42:02.345-0300] {dag.py:2429} INFO - Sync 1 DAGs
[2022-11-21T21:42:02.362-0300] {logging_mixin.py:115} INFO - [2022-11-21T21:42:02.362-0300] {dag.py:2977} INFO - Setting next_dagrun for example_sla_dag to 2022-11-22T00:40:00+00:00, run_after=2022-11-22T00:42:00+00:00
[2022-11-21T21:42:02.384-0300] {processor.py:161} INFO - Processing /home/juliana/Área de Trabalho/datapipeline/.env/lib/python3.8/site-packages/airflow/example_dags/example_sla_dag.py took 0.077 seconds
[2022-11-21T21:42:35.750-0300] {processor.py:153} INFO - Started process (PID=9258) to work on /home/juliana/Área de Trabalho/datapipeline/.env/lib/python3.8/site-packages/airflow/example_dags/example_sla_dag.py
[2022-11-21T21:42:35.752-0300] {processor.py:640} INFO - Processing file /home/juliana/Área de Trabalho/datapipeline/.env/lib/python3.8/site-packages/airflow/example_dags/example_sla_dag.py for tasks to queue
[2022-11-21T21:42:35.753-0300] {logging_mixin.py:115} INFO - [2022-11-21T21:42:35.753-0300] {dagbag.py:508} INFO - Filling up the DagBag from /home/juliana/Área de Trabalho/datapipeline/.env/lib/python3.8/site-packages/airflow/example_dags/example_sla_dag.py
[2022-11-21T21:42:35.777-0300] {processor.py:650} INFO - DAG(s) dict_keys(['example_sla_dag']) retrieved from /home/juliana/Área de Trabalho/datapipeline/.env/lib/python3.8/site-packages/airflow/example_dags/example_sla_dag.py
[2022-11-21T21:42:35.794-0300] {logging_mixin.py:115} INFO - [2022-11-21T21:42:35.793-0300] {dag.py:2429} INFO - Sync 1 DAGs
[2022-11-21T21:42:35.810-0300] {logging_mixin.py:115} INFO - [2022-11-21T21:42:35.810-0300] {dag.py:2977} INFO - Setting next_dagrun for example_sla_dag to 2022-11-22T00:40:00+00:00, run_after=2022-11-22T00:42:00+00:00
[2022-11-21T21:42:35.831-0300] {processor.py:161} INFO - Processing /home/juliana/Área de Trabalho/datapipeline/.env/lib/python3.8/site-packages/airflow/example_dags/example_sla_dag.py took 0.087 seconds
[2022-11-21T21:43:12.058-0300] {processor.py:153} INFO - Started process (PID=9470) to work on /home/juliana/Área de Trabalho/datapipeline/.env/lib/python3.8/site-packages/airflow/example_dags/example_sla_dag.py
[2022-11-21T21:43:12.060-0300] {processor.py:640} INFO - Processing file /home/juliana/Área de Trabalho/datapipeline/.env/lib/python3.8/site-packages/airflow/example_dags/example_sla_dag.py for tasks to queue
[2022-11-21T21:43:12.061-0300] {logging_mixin.py:115} INFO - [2022-11-21T21:43:12.060-0300] {dagbag.py:508} INFO - Filling up the DagBag from /home/juliana/Área de Trabalho/datapipeline/.env/lib/python3.8/site-packages/airflow/example_dags/example_sla_dag.py
[2022-11-21T21:43:12.080-0300] {processor.py:650} INFO - DAG(s) dict_keys(['example_sla_dag']) retrieved from /home/juliana/Área de Trabalho/datapipeline/.env/lib/python3.8/site-packages/airflow/example_dags/example_sla_dag.py
[2022-11-21T21:43:12.095-0300] {logging_mixin.py:115} INFO - [2022-11-21T21:43:12.095-0300] {dag.py:2429} INFO - Sync 1 DAGs
[2022-11-21T21:43:12.112-0300] {logging_mixin.py:115} INFO - [2022-11-21T21:43:12.111-0300] {dag.py:2977} INFO - Setting next_dagrun for example_sla_dag to 2022-11-22T00:40:00+00:00, run_after=2022-11-22T00:42:00+00:00
[2022-11-21T21:43:12.143-0300] {processor.py:161} INFO - Processing /home/juliana/Área de Trabalho/datapipeline/.env/lib/python3.8/site-packages/airflow/example_dags/example_sla_dag.py took 0.090 seconds
[2022-11-21T21:43:44.497-0300] {processor.py:153} INFO - Started process (PID=9652) to work on /home/juliana/Área de Trabalho/datapipeline/.env/lib/python3.8/site-packages/airflow/example_dags/example_sla_dag.py
[2022-11-21T21:43:44.498-0300] {processor.py:640} INFO - Processing file /home/juliana/Área de Trabalho/datapipeline/.env/lib/python3.8/site-packages/airflow/example_dags/example_sla_dag.py for tasks to queue
[2022-11-21T21:43:44.498-0300] {logging_mixin.py:115} INFO - [2022-11-21T21:43:44.498-0300] {dagbag.py:508} INFO - Filling up the DagBag from /home/juliana/Área de Trabalho/datapipeline/.env/lib/python3.8/site-packages/airflow/example_dags/example_sla_dag.py
[2022-11-21T21:43:44.521-0300] {processor.py:650} INFO - DAG(s) dict_keys(['example_sla_dag']) retrieved from /home/juliana/Área de Trabalho/datapipeline/.env/lib/python3.8/site-packages/airflow/example_dags/example_sla_dag.py
[2022-11-21T21:43:44.533-0300] {logging_mixin.py:115} INFO - [2022-11-21T21:43:44.532-0300] {dag.py:2429} INFO - Sync 1 DAGs
[2022-11-21T21:43:44.553-0300] {logging_mixin.py:115} INFO - [2022-11-21T21:43:44.553-0300] {dag.py:2977} INFO - Setting next_dagrun for example_sla_dag to 2022-11-22T00:40:00+00:00, run_after=2022-11-22T00:42:00+00:00
[2022-11-21T21:43:44.577-0300] {processor.py:161} INFO - Processing /home/juliana/Área de Trabalho/datapipeline/.env/lib/python3.8/site-packages/airflow/example_dags/example_sla_dag.py took 0.108 seconds
[2022-11-21T21:44:16.173-0300] {processor.py:153} INFO - Started process (PID=9693) to work on /home/juliana/Área de Trabalho/datapipeline/.env/lib/python3.8/site-packages/airflow/example_dags/example_sla_dag.py
[2022-11-21T21:44:16.174-0300] {processor.py:640} INFO - Processing file /home/juliana/Área de Trabalho/datapipeline/.env/lib/python3.8/site-packages/airflow/example_dags/example_sla_dag.py for tasks to queue
[2022-11-21T21:44:16.175-0300] {logging_mixin.py:115} INFO - [2022-11-21T21:44:16.174-0300] {dagbag.py:508} INFO - Filling up the DagBag from /home/juliana/Área de Trabalho/datapipeline/.env/lib/python3.8/site-packages/airflow/example_dags/example_sla_dag.py
[2022-11-21T21:44:16.196-0300] {processor.py:650} INFO - DAG(s) dict_keys(['example_sla_dag']) retrieved from /home/juliana/Área de Trabalho/datapipeline/.env/lib/python3.8/site-packages/airflow/example_dags/example_sla_dag.py
[2022-11-21T21:44:16.207-0300] {logging_mixin.py:115} INFO - [2022-11-21T21:44:16.207-0300] {dag.py:2429} INFO - Sync 1 DAGs
[2022-11-21T21:44:16.223-0300] {logging_mixin.py:115} INFO - [2022-11-21T21:44:16.223-0300] {dag.py:2977} INFO - Setting next_dagrun for example_sla_dag to 2022-11-22T00:42:00+00:00, run_after=2022-11-22T00:44:00+00:00
[2022-11-21T21:44:16.243-0300] {processor.py:161} INFO - Processing /home/juliana/Área de Trabalho/datapipeline/.env/lib/python3.8/site-packages/airflow/example_dags/example_sla_dag.py took 0.075 seconds
[2022-11-21T21:44:52.343-0300] {processor.py:153} INFO - Started process (PID=9738) to work on /home/juliana/Área de Trabalho/datapipeline/.env/lib/python3.8/site-packages/airflow/example_dags/example_sla_dag.py
[2022-11-21T21:44:52.350-0300] {processor.py:640} INFO - Processing file /home/juliana/Área de Trabalho/datapipeline/.env/lib/python3.8/site-packages/airflow/example_dags/example_sla_dag.py for tasks to queue
[2022-11-21T21:44:52.351-0300] {logging_mixin.py:115} INFO - [2022-11-21T21:44:52.351-0300] {dagbag.py:508} INFO - Filling up the DagBag from /home/juliana/Área de Trabalho/datapipeline/.env/lib/python3.8/site-packages/airflow/example_dags/example_sla_dag.py
[2022-11-21T21:44:52.373-0300] {processor.py:650} INFO - DAG(s) dict_keys(['example_sla_dag']) retrieved from /home/juliana/Área de Trabalho/datapipeline/.env/lib/python3.8/site-packages/airflow/example_dags/example_sla_dag.py
[2022-11-21T21:44:52.386-0300] {logging_mixin.py:115} INFO - [2022-11-21T21:44:52.386-0300] {dag.py:2429} INFO - Sync 1 DAGs
[2022-11-21T21:44:52.404-0300] {logging_mixin.py:115} INFO - [2022-11-21T21:44:52.404-0300] {dag.py:2977} INFO - Setting next_dagrun for example_sla_dag to 2022-11-22T00:42:00+00:00, run_after=2022-11-22T00:44:00+00:00
[2022-11-21T21:44:52.474-0300] {processor.py:161} INFO - Processing /home/juliana/Área de Trabalho/datapipeline/.env/lib/python3.8/site-packages/airflow/example_dags/example_sla_dag.py took 0.136 seconds
[2022-11-21T21:45:28.734-0300] {processor.py:153} INFO - Started process (PID=9781) to work on /home/juliana/Área de Trabalho/datapipeline/.env/lib/python3.8/site-packages/airflow/example_dags/example_sla_dag.py
[2022-11-21T21:45:28.735-0300] {processor.py:640} INFO - Processing file /home/juliana/Área de Trabalho/datapipeline/.env/lib/python3.8/site-packages/airflow/example_dags/example_sla_dag.py for tasks to queue
[2022-11-21T21:45:28.736-0300] {logging_mixin.py:115} INFO - [2022-11-21T21:45:28.736-0300] {dagbag.py:508} INFO - Filling up the DagBag from /home/juliana/Área de Trabalho/datapipeline/.env/lib/python3.8/site-packages/airflow/example_dags/example_sla_dag.py
[2022-11-21T21:45:28.758-0300] {processor.py:650} INFO - DAG(s) dict_keys(['example_sla_dag']) retrieved from /home/juliana/Área de Trabalho/datapipeline/.env/lib/python3.8/site-packages/airflow/example_dags/example_sla_dag.py
[2022-11-21T21:45:28.770-0300] {logging_mixin.py:115} INFO - [2022-11-21T21:45:28.770-0300] {dag.py:2429} INFO - Sync 1 DAGs
[2022-11-21T21:45:28.793-0300] {logging_mixin.py:115} INFO - [2022-11-21T21:45:28.793-0300] {dag.py:2977} INFO - Setting next_dagrun for example_sla_dag to 2022-11-22T00:42:00+00:00, run_after=2022-11-22T00:44:00+00:00
[2022-11-21T21:45:28.812-0300] {processor.py:161} INFO - Processing /home/juliana/Área de Trabalho/datapipeline/.env/lib/python3.8/site-packages/airflow/example_dags/example_sla_dag.py took 0.083 seconds
[2022-11-21T21:46:02.555-0300] {processor.py:153} INFO - Started process (PID=9903) to work on /home/juliana/Área de Trabalho/datapipeline/.env/lib/python3.8/site-packages/airflow/example_dags/example_sla_dag.py
[2022-11-21T21:46:02.556-0300] {processor.py:640} INFO - Processing file /home/juliana/Área de Trabalho/datapipeline/.env/lib/python3.8/site-packages/airflow/example_dags/example_sla_dag.py for tasks to queue
[2022-11-21T21:46:02.556-0300] {logging_mixin.py:115} INFO - [2022-11-21T21:46:02.556-0300] {dagbag.py:508} INFO - Filling up the DagBag from /home/juliana/Área de Trabalho/datapipeline/.env/lib/python3.8/site-packages/airflow/example_dags/example_sla_dag.py
[2022-11-21T21:46:02.574-0300] {processor.py:650} INFO - DAG(s) dict_keys(['example_sla_dag']) retrieved from /home/juliana/Área de Trabalho/datapipeline/.env/lib/python3.8/site-packages/airflow/example_dags/example_sla_dag.py
[2022-11-21T21:46:02.586-0300] {logging_mixin.py:115} INFO - [2022-11-21T21:46:02.586-0300] {dag.py:2429} INFO - Sync 1 DAGs
[2022-11-21T21:46:02.605-0300] {logging_mixin.py:115} INFO - [2022-11-21T21:46:02.605-0300] {dag.py:2977} INFO - Setting next_dagrun for example_sla_dag to 2022-11-22T00:44:00+00:00, run_after=2022-11-22T00:46:00+00:00
[2022-11-21T21:46:02.620-0300] {processor.py:161} INFO - Processing /home/juliana/Área de Trabalho/datapipeline/.env/lib/python3.8/site-packages/airflow/example_dags/example_sla_dag.py took 0.069 seconds
[2022-11-21T21:46:36.725-0300] {processor.py:153} INFO - Started process (PID=10119) to work on /home/juliana/Área de Trabalho/datapipeline/.env/lib/python3.8/site-packages/airflow/example_dags/example_sla_dag.py
[2022-11-21T21:46:36.732-0300] {processor.py:640} INFO - Processing file /home/juliana/Área de Trabalho/datapipeline/.env/lib/python3.8/site-packages/airflow/example_dags/example_sla_dag.py for tasks to queue
[2022-11-21T21:46:36.733-0300] {logging_mixin.py:115} INFO - [2022-11-21T21:46:36.732-0300] {dagbag.py:508} INFO - Filling up the DagBag from /home/juliana/Área de Trabalho/datapipeline/.env/lib/python3.8/site-packages/airflow/example_dags/example_sla_dag.py
[2022-11-21T21:46:36.772-0300] {processor.py:650} INFO - DAG(s) dict_keys(['example_sla_dag']) retrieved from /home/juliana/Área de Trabalho/datapipeline/.env/lib/python3.8/site-packages/airflow/example_dags/example_sla_dag.py
[2022-11-21T21:46:36.800-0300] {logging_mixin.py:115} INFO - [2022-11-21T21:46:36.800-0300] {dag.py:2429} INFO - Sync 1 DAGs
[2022-11-21T21:46:36.833-0300] {logging_mixin.py:115} INFO - [2022-11-21T21:46:36.833-0300] {dag.py:2977} INFO - Setting next_dagrun for example_sla_dag to 2022-11-22T00:44:00+00:00, run_after=2022-11-22T00:46:00+00:00
[2022-11-21T21:46:36.897-0300] {processor.py:161} INFO - Processing /home/juliana/Área de Trabalho/datapipeline/.env/lib/python3.8/site-packages/airflow/example_dags/example_sla_dag.py took 0.180 seconds
[2022-11-21T21:47:15.771-0300] {processor.py:153} INFO - Started process (PID=10334) to work on /home/juliana/Área de Trabalho/datapipeline/.env/lib/python3.8/site-packages/airflow/example_dags/example_sla_dag.py
[2022-11-21T21:47:15.772-0300] {processor.py:640} INFO - Processing file /home/juliana/Área de Trabalho/datapipeline/.env/lib/python3.8/site-packages/airflow/example_dags/example_sla_dag.py for tasks to queue
[2022-11-21T21:47:15.773-0300] {logging_mixin.py:115} INFO - [2022-11-21T21:47:15.773-0300] {dagbag.py:508} INFO - Filling up the DagBag from /home/juliana/Área de Trabalho/datapipeline/.env/lib/python3.8/site-packages/airflow/example_dags/example_sla_dag.py
[2022-11-21T21:47:15.794-0300] {processor.py:650} INFO - DAG(s) dict_keys(['example_sla_dag']) retrieved from /home/juliana/Área de Trabalho/datapipeline/.env/lib/python3.8/site-packages/airflow/example_dags/example_sla_dag.py
[2022-11-21T21:47:15.807-0300] {logging_mixin.py:115} INFO - [2022-11-21T21:47:15.806-0300] {dag.py:2429} INFO - Sync 1 DAGs
[2022-11-21T21:47:15.827-0300] {logging_mixin.py:115} INFO - [2022-11-21T21:47:15.827-0300] {dag.py:2977} INFO - Setting next_dagrun for example_sla_dag to 2022-11-22T00:44:00+00:00, run_after=2022-11-22T00:46:00+00:00
[2022-11-21T21:47:15.851-0300] {processor.py:161} INFO - Processing /home/juliana/Área de Trabalho/datapipeline/.env/lib/python3.8/site-packages/airflow/example_dags/example_sla_dag.py took 0.084 seconds
[2022-11-21T21:47:51.195-0300] {processor.py:153} INFO - Started process (PID=10543) to work on /home/juliana/Área de Trabalho/datapipeline/.env/lib/python3.8/site-packages/airflow/example_dags/example_sla_dag.py
[2022-11-21T21:47:51.196-0300] {processor.py:640} INFO - Processing file /home/juliana/Área de Trabalho/datapipeline/.env/lib/python3.8/site-packages/airflow/example_dags/example_sla_dag.py for tasks to queue
[2022-11-21T21:47:51.197-0300] {logging_mixin.py:115} INFO - [2022-11-21T21:47:51.197-0300] {dagbag.py:508} INFO - Filling up the DagBag from /home/juliana/Área de Trabalho/datapipeline/.env/lib/python3.8/site-packages/airflow/example_dags/example_sla_dag.py
[2022-11-21T21:47:51.222-0300] {processor.py:650} INFO - DAG(s) dict_keys(['example_sla_dag']) retrieved from /home/juliana/Área de Trabalho/datapipeline/.env/lib/python3.8/site-packages/airflow/example_dags/example_sla_dag.py
[2022-11-21T21:47:51.235-0300] {logging_mixin.py:115} INFO - [2022-11-21T21:47:51.235-0300] {dag.py:2429} INFO - Sync 1 DAGs
[2022-11-21T21:47:51.254-0300] {logging_mixin.py:115} INFO - [2022-11-21T21:47:51.253-0300] {dag.py:2977} INFO - Setting next_dagrun for example_sla_dag to 2022-11-22T00:44:00+00:00, run_after=2022-11-22T00:46:00+00:00
[2022-11-21T21:47:51.273-0300] {processor.py:161} INFO - Processing /home/juliana/Área de Trabalho/datapipeline/.env/lib/python3.8/site-packages/airflow/example_dags/example_sla_dag.py took 0.083 seconds
[2022-11-21T21:48:26.168-0300] {processor.py:153} INFO - Started process (PID=10636) to work on /home/juliana/Área de Trabalho/datapipeline/.env/lib/python3.8/site-packages/airflow/example_dags/example_sla_dag.py
[2022-11-21T21:48:26.169-0300] {processor.py:640} INFO - Processing file /home/juliana/Área de Trabalho/datapipeline/.env/lib/python3.8/site-packages/airflow/example_dags/example_sla_dag.py for tasks to queue
[2022-11-21T21:48:26.170-0300] {logging_mixin.py:115} INFO - [2022-11-21T21:48:26.170-0300] {dagbag.py:508} INFO - Filling up the DagBag from /home/juliana/Área de Trabalho/datapipeline/.env/lib/python3.8/site-packages/airflow/example_dags/example_sla_dag.py
[2022-11-21T21:48:26.206-0300] {processor.py:650} INFO - DAG(s) dict_keys(['example_sla_dag']) retrieved from /home/juliana/Área de Trabalho/datapipeline/.env/lib/python3.8/site-packages/airflow/example_dags/example_sla_dag.py
[2022-11-21T21:48:26.226-0300] {logging_mixin.py:115} INFO - [2022-11-21T21:48:26.226-0300] {dag.py:2429} INFO - Sync 1 DAGs
[2022-11-21T21:48:26.269-0300] {logging_mixin.py:115} INFO - [2022-11-21T21:48:26.269-0300] {dag.py:2977} INFO - Setting next_dagrun for example_sla_dag to 2022-11-22T00:46:00+00:00, run_after=2022-11-22T00:48:00+00:00
[2022-11-21T21:48:26.293-0300] {processor.py:161} INFO - Processing /home/juliana/Área de Trabalho/datapipeline/.env/lib/python3.8/site-packages/airflow/example_dags/example_sla_dag.py took 0.128 seconds
[2022-11-21T21:48:58.557-0300] {processor.py:153} INFO - Started process (PID=10748) to work on /home/juliana/Área de Trabalho/datapipeline/.env/lib/python3.8/site-packages/airflow/example_dags/example_sla_dag.py
[2022-11-21T21:48:58.558-0300] {processor.py:640} INFO - Processing file /home/juliana/Área de Trabalho/datapipeline/.env/lib/python3.8/site-packages/airflow/example_dags/example_sla_dag.py for tasks to queue
[2022-11-21T21:48:58.559-0300] {logging_mixin.py:115} INFO - [2022-11-21T21:48:58.559-0300] {dagbag.py:508} INFO - Filling up the DagBag from /home/juliana/Área de Trabalho/datapipeline/.env/lib/python3.8/site-packages/airflow/example_dags/example_sla_dag.py
[2022-11-21T21:48:58.588-0300] {processor.py:650} INFO - DAG(s) dict_keys(['example_sla_dag']) retrieved from /home/juliana/Área de Trabalho/datapipeline/.env/lib/python3.8/site-packages/airflow/example_dags/example_sla_dag.py
[2022-11-21T21:48:58.621-0300] {logging_mixin.py:115} INFO - [2022-11-21T21:48:58.620-0300] {dag.py:2429} INFO - Sync 1 DAGs
[2022-11-21T21:48:58.644-0300] {logging_mixin.py:115} INFO - [2022-11-21T21:48:58.644-0300] {dag.py:2977} INFO - Setting next_dagrun for example_sla_dag to 2022-11-22T00:46:00+00:00, run_after=2022-11-22T00:48:00+00:00
[2022-11-21T21:48:58.665-0300] {processor.py:161} INFO - Processing /home/juliana/Área de Trabalho/datapipeline/.env/lib/python3.8/site-packages/airflow/example_dags/example_sla_dag.py took 0.114 seconds
[2022-11-21T21:49:36.643-0300] {processor.py:153} INFO - Started process (PID=10786) to work on /home/juliana/Área de Trabalho/datapipeline/.env/lib/python3.8/site-packages/airflow/example_dags/example_sla_dag.py
[2022-11-21T21:49:36.644-0300] {processor.py:640} INFO - Processing file /home/juliana/Área de Trabalho/datapipeline/.env/lib/python3.8/site-packages/airflow/example_dags/example_sla_dag.py for tasks to queue
[2022-11-21T21:49:36.644-0300] {logging_mixin.py:115} INFO - [2022-11-21T21:49:36.644-0300] {dagbag.py:508} INFO - Filling up the DagBag from /home/juliana/Área de Trabalho/datapipeline/.env/lib/python3.8/site-packages/airflow/example_dags/example_sla_dag.py
[2022-11-21T21:49:36.672-0300] {processor.py:650} INFO - DAG(s) dict_keys(['example_sla_dag']) retrieved from /home/juliana/Área de Trabalho/datapipeline/.env/lib/python3.8/site-packages/airflow/example_dags/example_sla_dag.py
[2022-11-21T21:49:36.687-0300] {logging_mixin.py:115} INFO - [2022-11-21T21:49:36.687-0300] {dag.py:2429} INFO - Sync 1 DAGs
[2022-11-21T21:49:36.708-0300] {logging_mixin.py:115} INFO - [2022-11-21T21:49:36.707-0300] {dag.py:2977} INFO - Setting next_dagrun for example_sla_dag to 2022-11-22T00:46:00+00:00, run_after=2022-11-22T00:48:00+00:00
[2022-11-21T21:49:36.726-0300] {processor.py:161} INFO - Processing /home/juliana/Área de Trabalho/datapipeline/.env/lib/python3.8/site-packages/airflow/example_dags/example_sla_dag.py took 0.087 seconds
[2022-11-21T21:50:12.126-0300] {processor.py:153} INFO - Started process (PID=10821) to work on /home/juliana/Área de Trabalho/datapipeline/.env/lib/python3.8/site-packages/airflow/example_dags/example_sla_dag.py
[2022-11-21T21:50:12.128-0300] {processor.py:640} INFO - Processing file /home/juliana/Área de Trabalho/datapipeline/.env/lib/python3.8/site-packages/airflow/example_dags/example_sla_dag.py for tasks to queue
[2022-11-21T21:50:12.129-0300] {logging_mixin.py:115} INFO - [2022-11-21T21:50:12.128-0300] {dagbag.py:508} INFO - Filling up the DagBag from /home/juliana/Área de Trabalho/datapipeline/.env/lib/python3.8/site-packages/airflow/example_dags/example_sla_dag.py
[2022-11-21T21:50:12.152-0300] {processor.py:650} INFO - DAG(s) dict_keys(['example_sla_dag']) retrieved from /home/juliana/Área de Trabalho/datapipeline/.env/lib/python3.8/site-packages/airflow/example_dags/example_sla_dag.py
[2022-11-21T21:50:12.165-0300] {logging_mixin.py:115} INFO - [2022-11-21T21:50:12.165-0300] {dag.py:2429} INFO - Sync 1 DAGs
[2022-11-21T21:50:12.181-0300] {logging_mixin.py:115} INFO - [2022-11-21T21:50:12.181-0300] {dag.py:2977} INFO - Setting next_dagrun for example_sla_dag to 2022-11-22T00:48:00+00:00, run_after=2022-11-22T00:50:00+00:00
[2022-11-21T21:50:12.258-0300] {processor.py:161} INFO - Processing /home/juliana/Área de Trabalho/datapipeline/.env/lib/python3.8/site-packages/airflow/example_dags/example_sla_dag.py took 0.135 seconds
[2022-11-21T21:50:45.952-0300] {processor.py:153} INFO - Started process (PID=10879) to work on /home/juliana/Área de Trabalho/datapipeline/.env/lib/python3.8/site-packages/airflow/example_dags/example_sla_dag.py
[2022-11-21T21:50:45.954-0300] {processor.py:640} INFO - Processing file /home/juliana/Área de Trabalho/datapipeline/.env/lib/python3.8/site-packages/airflow/example_dags/example_sla_dag.py for tasks to queue
[2022-11-21T21:50:45.955-0300] {logging_mixin.py:115} INFO - [2022-11-21T21:50:45.954-0300] {dagbag.py:508} INFO - Filling up the DagBag from /home/juliana/Área de Trabalho/datapipeline/.env/lib/python3.8/site-packages/airflow/example_dags/example_sla_dag.py
[2022-11-21T21:50:45.986-0300] {processor.py:650} INFO - DAG(s) dict_keys(['example_sla_dag']) retrieved from /home/juliana/Área de Trabalho/datapipeline/.env/lib/python3.8/site-packages/airflow/example_dags/example_sla_dag.py
[2022-11-21T21:50:46.000-0300] {logging_mixin.py:115} INFO - [2022-11-21T21:50:46.000-0300] {dag.py:2429} INFO - Sync 1 DAGs
[2022-11-21T21:50:46.016-0300] {logging_mixin.py:115} INFO - [2022-11-21T21:50:46.016-0300] {dag.py:2977} INFO - Setting next_dagrun for example_sla_dag to 2022-11-22T00:48:00+00:00, run_after=2022-11-22T00:50:00+00:00
[2022-11-21T21:50:46.031-0300] {processor.py:161} INFO - Processing /home/juliana/Área de Trabalho/datapipeline/.env/lib/python3.8/site-packages/airflow/example_dags/example_sla_dag.py took 0.084 seconds
[2022-11-21T21:51:22.338-0300] {processor.py:153} INFO - Started process (PID=10918) to work on /home/juliana/Área de Trabalho/datapipeline/.env/lib/python3.8/site-packages/airflow/example_dags/example_sla_dag.py
[2022-11-21T21:51:22.340-0300] {processor.py:640} INFO - Processing file /home/juliana/Área de Trabalho/datapipeline/.env/lib/python3.8/site-packages/airflow/example_dags/example_sla_dag.py for tasks to queue
[2022-11-21T21:51:22.341-0300] {logging_mixin.py:115} INFO - [2022-11-21T21:51:22.341-0300] {dagbag.py:508} INFO - Filling up the DagBag from /home/juliana/Área de Trabalho/datapipeline/.env/lib/python3.8/site-packages/airflow/example_dags/example_sla_dag.py
[2022-11-21T21:51:22.360-0300] {processor.py:650} INFO - DAG(s) dict_keys(['example_sla_dag']) retrieved from /home/juliana/Área de Trabalho/datapipeline/.env/lib/python3.8/site-packages/airflow/example_dags/example_sla_dag.py
[2022-11-21T21:51:22.373-0300] {logging_mixin.py:115} INFO - [2022-11-21T21:51:22.373-0300] {dag.py:2429} INFO - Sync 1 DAGs
[2022-11-21T21:51:22.390-0300] {logging_mixin.py:115} INFO - [2022-11-21T21:51:22.390-0300] {dag.py:2977} INFO - Setting next_dagrun for example_sla_dag to 2022-11-22T00:48:00+00:00, run_after=2022-11-22T00:50:00+00:00
[2022-11-21T21:51:22.409-0300] {processor.py:161} INFO - Processing /home/juliana/Área de Trabalho/datapipeline/.env/lib/python3.8/site-packages/airflow/example_dags/example_sla_dag.py took 0.074 seconds
[2022-11-21T21:51:56.679-0300] {processor.py:153} INFO - Started process (PID=10950) to work on /home/juliana/Área de Trabalho/datapipeline/.env/lib/python3.8/site-packages/airflow/example_dags/example_sla_dag.py
[2022-11-21T21:51:56.680-0300] {processor.py:640} INFO - Processing file /home/juliana/Área de Trabalho/datapipeline/.env/lib/python3.8/site-packages/airflow/example_dags/example_sla_dag.py for tasks to queue
[2022-11-21T21:51:56.681-0300] {logging_mixin.py:115} INFO - [2022-11-21T21:51:56.681-0300] {dagbag.py:508} INFO - Filling up the DagBag from /home/juliana/Área de Trabalho/datapipeline/.env/lib/python3.8/site-packages/airflow/example_dags/example_sla_dag.py
[2022-11-21T21:51:56.702-0300] {processor.py:650} INFO - DAG(s) dict_keys(['example_sla_dag']) retrieved from /home/juliana/Área de Trabalho/datapipeline/.env/lib/python3.8/site-packages/airflow/example_dags/example_sla_dag.py
[2022-11-21T21:51:56.714-0300] {logging_mixin.py:115} INFO - [2022-11-21T21:51:56.714-0300] {dag.py:2429} INFO - Sync 1 DAGs
[2022-11-21T21:51:56.730-0300] {logging_mixin.py:115} INFO - [2022-11-21T21:51:56.730-0300] {dag.py:2977} INFO - Setting next_dagrun for example_sla_dag to 2022-11-22T00:48:00+00:00, run_after=2022-11-22T00:50:00+00:00
[2022-11-21T21:51:56.750-0300] {processor.py:161} INFO - Processing /home/juliana/Área de Trabalho/datapipeline/.env/lib/python3.8/site-packages/airflow/example_dags/example_sla_dag.py took 0.075 seconds
[2022-11-21T21:52:31.368-0300] {processor.py:153} INFO - Started process (PID=10985) to work on /home/juliana/Área de Trabalho/datapipeline/.env/lib/python3.8/site-packages/airflow/example_dags/example_sla_dag.py
[2022-11-21T21:52:31.370-0300] {processor.py:640} INFO - Processing file /home/juliana/Área de Trabalho/datapipeline/.env/lib/python3.8/site-packages/airflow/example_dags/example_sla_dag.py for tasks to queue
[2022-11-21T21:52:31.371-0300] {logging_mixin.py:115} INFO - [2022-11-21T21:52:31.371-0300] {dagbag.py:508} INFO - Filling up the DagBag from /home/juliana/Área de Trabalho/datapipeline/.env/lib/python3.8/site-packages/airflow/example_dags/example_sla_dag.py
[2022-11-21T21:52:31.395-0300] {processor.py:650} INFO - DAG(s) dict_keys(['example_sla_dag']) retrieved from /home/juliana/Área de Trabalho/datapipeline/.env/lib/python3.8/site-packages/airflow/example_dags/example_sla_dag.py
[2022-11-21T21:52:31.408-0300] {logging_mixin.py:115} INFO - [2022-11-21T21:52:31.408-0300] {dag.py:2429} INFO - Sync 1 DAGs
[2022-11-21T21:52:31.424-0300] {logging_mixin.py:115} INFO - [2022-11-21T21:52:31.424-0300] {dag.py:2977} INFO - Setting next_dagrun for example_sla_dag to 2022-11-22T00:50:00+00:00, run_after=2022-11-22T00:52:00+00:00
[2022-11-21T21:52:31.445-0300] {processor.py:161} INFO - Processing /home/juliana/Área de Trabalho/datapipeline/.env/lib/python3.8/site-packages/airflow/example_dags/example_sla_dag.py took 0.082 seconds
[2022-11-21T21:53:06.081-0300] {processor.py:153} INFO - Started process (PID=11029) to work on /home/juliana/Área de Trabalho/datapipeline/.env/lib/python3.8/site-packages/airflow/example_dags/example_sla_dag.py
[2022-11-21T21:53:06.082-0300] {processor.py:640} INFO - Processing file /home/juliana/Área de Trabalho/datapipeline/.env/lib/python3.8/site-packages/airflow/example_dags/example_sla_dag.py for tasks to queue
[2022-11-21T21:53:06.083-0300] {logging_mixin.py:115} INFO - [2022-11-21T21:53:06.083-0300] {dagbag.py:508} INFO - Filling up the DagBag from /home/juliana/Área de Trabalho/datapipeline/.env/lib/python3.8/site-packages/airflow/example_dags/example_sla_dag.py
[2022-11-21T21:53:06.103-0300] {processor.py:650} INFO - DAG(s) dict_keys(['example_sla_dag']) retrieved from /home/juliana/Área de Trabalho/datapipeline/.env/lib/python3.8/site-packages/airflow/example_dags/example_sla_dag.py
[2022-11-21T21:53:06.115-0300] {logging_mixin.py:115} INFO - [2022-11-21T21:53:06.114-0300] {dag.py:2429} INFO - Sync 1 DAGs
[2022-11-21T21:53:06.130-0300] {logging_mixin.py:115} INFO - [2022-11-21T21:53:06.130-0300] {dag.py:2977} INFO - Setting next_dagrun for example_sla_dag to 2022-11-22T00:50:00+00:00, run_after=2022-11-22T00:52:00+00:00
[2022-11-21T21:53:06.151-0300] {processor.py:161} INFO - Processing /home/juliana/Área de Trabalho/datapipeline/.env/lib/python3.8/site-packages/airflow/example_dags/example_sla_dag.py took 0.074 seconds
[2022-11-21T21:53:38.642-0300] {processor.py:153} INFO - Started process (PID=11197) to work on /home/juliana/Área de Trabalho/datapipeline/.env/lib/python3.8/site-packages/airflow/example_dags/example_sla_dag.py
[2022-11-21T21:53:38.643-0300] {processor.py:640} INFO - Processing file /home/juliana/Área de Trabalho/datapipeline/.env/lib/python3.8/site-packages/airflow/example_dags/example_sla_dag.py for tasks to queue
[2022-11-21T21:53:38.644-0300] {logging_mixin.py:115} INFO - [2022-11-21T21:53:38.644-0300] {dagbag.py:508} INFO - Filling up the DagBag from /home/juliana/Área de Trabalho/datapipeline/.env/lib/python3.8/site-packages/airflow/example_dags/example_sla_dag.py
[2022-11-21T21:53:38.669-0300] {processor.py:650} INFO - DAG(s) dict_keys(['example_sla_dag']) retrieved from /home/juliana/Área de Trabalho/datapipeline/.env/lib/python3.8/site-packages/airflow/example_dags/example_sla_dag.py
[2022-11-21T21:53:38.682-0300] {logging_mixin.py:115} INFO - [2022-11-21T21:53:38.682-0300] {dag.py:2429} INFO - Sync 1 DAGs
[2022-11-21T21:53:38.698-0300] {logging_mixin.py:115} INFO - [2022-11-21T21:53:38.698-0300] {dag.py:2977} INFO - Setting next_dagrun for example_sla_dag to 2022-11-22T00:50:00+00:00, run_after=2022-11-22T00:52:00+00:00
[2022-11-21T21:53:38.720-0300] {processor.py:161} INFO - Processing /home/juliana/Área de Trabalho/datapipeline/.env/lib/python3.8/site-packages/airflow/example_dags/example_sla_dag.py took 0.085 seconds
[2022-11-21T21:54:11.492-0300] {processor.py:153} INFO - Started process (PID=11411) to work on /home/juliana/Área de Trabalho/datapipeline/.env/lib/python3.8/site-packages/airflow/example_dags/example_sla_dag.py
[2022-11-21T21:54:11.493-0300] {processor.py:640} INFO - Processing file /home/juliana/Área de Trabalho/datapipeline/.env/lib/python3.8/site-packages/airflow/example_dags/example_sla_dag.py for tasks to queue
[2022-11-21T21:54:11.494-0300] {logging_mixin.py:115} INFO - [2022-11-21T21:54:11.494-0300] {dagbag.py:508} INFO - Filling up the DagBag from /home/juliana/Área de Trabalho/datapipeline/.env/lib/python3.8/site-packages/airflow/example_dags/example_sla_dag.py
[2022-11-21T21:54:11.515-0300] {processor.py:650} INFO - DAG(s) dict_keys(['example_sla_dag']) retrieved from /home/juliana/Área de Trabalho/datapipeline/.env/lib/python3.8/site-packages/airflow/example_dags/example_sla_dag.py
[2022-11-21T21:54:11.533-0300] {logging_mixin.py:115} INFO - [2022-11-21T21:54:11.533-0300] {dag.py:2429} INFO - Sync 1 DAGs
[2022-11-21T21:54:11.549-0300] {logging_mixin.py:115} INFO - [2022-11-21T21:54:11.549-0300] {dag.py:2977} INFO - Setting next_dagrun for example_sla_dag to 2022-11-22T00:52:00+00:00, run_after=2022-11-22T00:54:00+00:00
[2022-11-21T21:54:11.570-0300] {processor.py:161} INFO - Processing /home/juliana/Área de Trabalho/datapipeline/.env/lib/python3.8/site-packages/airflow/example_dags/example_sla_dag.py took 0.083 seconds
[2022-11-21T21:54:45.781-0300] {processor.py:153} INFO - Started process (PID=11545) to work on /home/juliana/Área de Trabalho/datapipeline/.env/lib/python3.8/site-packages/airflow/example_dags/example_sla_dag.py
[2022-11-21T21:54:45.783-0300] {processor.py:640} INFO - Processing file /home/juliana/Área de Trabalho/datapipeline/.env/lib/python3.8/site-packages/airflow/example_dags/example_sla_dag.py for tasks to queue
[2022-11-21T21:54:45.784-0300] {logging_mixin.py:115} INFO - [2022-11-21T21:54:45.783-0300] {dagbag.py:508} INFO - Filling up the DagBag from /home/juliana/Área de Trabalho/datapipeline/.env/lib/python3.8/site-packages/airflow/example_dags/example_sla_dag.py
[2022-11-21T21:54:45.806-0300] {processor.py:650} INFO - DAG(s) dict_keys(['example_sla_dag']) retrieved from /home/juliana/Área de Trabalho/datapipeline/.env/lib/python3.8/site-packages/airflow/example_dags/example_sla_dag.py
[2022-11-21T21:54:45.819-0300] {logging_mixin.py:115} INFO - [2022-11-21T21:54:45.818-0300] {dag.py:2429} INFO - Sync 1 DAGs
[2022-11-21T21:54:45.834-0300] {logging_mixin.py:115} INFO - [2022-11-21T21:54:45.834-0300] {dag.py:2977} INFO - Setting next_dagrun for example_sla_dag to 2022-11-22T00:52:00+00:00, run_after=2022-11-22T00:54:00+00:00
[2022-11-21T21:54:45.855-0300] {processor.py:161} INFO - Processing /home/juliana/Área de Trabalho/datapipeline/.env/lib/python3.8/site-packages/airflow/example_dags/example_sla_dag.py took 0.079 seconds
[2022-11-21T21:55:31.364-0300] {processor.py:153} INFO - Started process (PID=11644) to work on /home/juliana/Área de Trabalho/datapipeline/.env/lib/python3.8/site-packages/airflow/example_dags/example_sla_dag.py
[2022-11-21T21:55:31.371-0300] {processor.py:640} INFO - Processing file /home/juliana/Área de Trabalho/datapipeline/.env/lib/python3.8/site-packages/airflow/example_dags/example_sla_dag.py for tasks to queue
[2022-11-21T21:55:31.374-0300] {logging_mixin.py:115} INFO - [2022-11-21T21:55:31.373-0300] {dagbag.py:508} INFO - Filling up the DagBag from /home/juliana/Área de Trabalho/datapipeline/.env/lib/python3.8/site-packages/airflow/example_dags/example_sla_dag.py
[2022-11-21T21:55:31.399-0300] {processor.py:650} INFO - DAG(s) dict_keys(['example_sla_dag']) retrieved from /home/juliana/Área de Trabalho/datapipeline/.env/lib/python3.8/site-packages/airflow/example_dags/example_sla_dag.py
[2022-11-21T21:55:31.418-0300] {logging_mixin.py:115} INFO - [2022-11-21T21:55:31.418-0300] {dag.py:2429} INFO - Sync 1 DAGs
[2022-11-21T21:55:31.437-0300] {logging_mixin.py:115} INFO - [2022-11-21T21:55:31.437-0300] {dag.py:2977} INFO - Setting next_dagrun for example_sla_dag to 2022-11-22T00:52:00+00:00, run_after=2022-11-22T00:54:00+00:00
[2022-11-21T21:55:31.466-0300] {processor.py:161} INFO - Processing /home/juliana/Área de Trabalho/datapipeline/.env/lib/python3.8/site-packages/airflow/example_dags/example_sla_dag.py took 0.107 seconds
[2022-11-21T21:56:12.969-0300] {processor.py:153} INFO - Started process (PID=12011) to work on /home/juliana/Área de Trabalho/datapipeline/.env/lib/python3.8/site-packages/airflow/example_dags/example_sla_dag.py
[2022-11-21T21:56:12.975-0300] {processor.py:640} INFO - Processing file /home/juliana/Área de Trabalho/datapipeline/.env/lib/python3.8/site-packages/airflow/example_dags/example_sla_dag.py for tasks to queue
[2022-11-21T21:56:12.983-0300] {logging_mixin.py:115} INFO - [2022-11-21T21:56:12.978-0300] {dagbag.py:508} INFO - Filling up the DagBag from /home/juliana/Área de Trabalho/datapipeline/.env/lib/python3.8/site-packages/airflow/example_dags/example_sla_dag.py
[2022-11-21T21:56:13.085-0300] {processor.py:650} INFO - DAG(s) dict_keys(['example_sla_dag']) retrieved from /home/juliana/Área de Trabalho/datapipeline/.env/lib/python3.8/site-packages/airflow/example_dags/example_sla_dag.py
[2022-11-21T21:56:13.207-0300] {logging_mixin.py:115} INFO - [2022-11-21T21:56:13.207-0300] {dag.py:2429} INFO - Sync 1 DAGs
[2022-11-21T21:56:13.313-0300] {logging_mixin.py:115} INFO - [2022-11-21T21:56:13.313-0300] {dag.py:2977} INFO - Setting next_dagrun for example_sla_dag to 2022-11-22T00:54:00+00:00, run_after=2022-11-22T00:56:00+00:00
[2022-11-21T21:56:13.372-0300] {processor.py:161} INFO - Processing /home/juliana/Área de Trabalho/datapipeline/.env/lib/python3.8/site-packages/airflow/example_dags/example_sla_dag.py took 0.413 seconds
[2022-11-21T22:03:40.029-0300] {processor.py:153} INFO - Started process (PID=2346) to work on /home/juliana/Área de Trabalho/datapipeline/.env/lib/python3.8/site-packages/airflow/example_dags/example_sla_dag.py
[2022-11-21T22:03:40.032-0300] {processor.py:640} INFO - Processing file /home/juliana/Área de Trabalho/datapipeline/.env/lib/python3.8/site-packages/airflow/example_dags/example_sla_dag.py for tasks to queue
[2022-11-21T22:03:40.033-0300] {logging_mixin.py:115} INFO - [2022-11-21T22:03:40.032-0300] {dagbag.py:508} INFO - Filling up the DagBag from /home/juliana/Área de Trabalho/datapipeline/.env/lib/python3.8/site-packages/airflow/example_dags/example_sla_dag.py
[2022-11-21T22:03:40.082-0300] {processor.py:650} INFO - DAG(s) dict_keys(['example_sla_dag']) retrieved from /home/juliana/Área de Trabalho/datapipeline/.env/lib/python3.8/site-packages/airflow/example_dags/example_sla_dag.py
[2022-11-21T22:03:40.124-0300] {logging_mixin.py:115} INFO - [2022-11-21T22:03:40.124-0300] {dag.py:2429} INFO - Sync 1 DAGs
[2022-11-21T22:03:40.196-0300] {logging_mixin.py:115} INFO - [2022-11-21T22:03:40.196-0300] {dag.py:2977} INFO - Setting next_dagrun for example_sla_dag to 2022-11-22T01:00:00+00:00, run_after=2022-11-22T01:02:00+00:00
[2022-11-21T22:03:40.228-0300] {processor.py:161} INFO - Processing /home/juliana/Área de Trabalho/datapipeline/.env/lib/python3.8/site-packages/airflow/example_dags/example_sla_dag.py took 0.205 seconds
[2022-11-21T22:04:20.352-0300] {processor.py:153} INFO - Started process (PID=2512) to work on /home/juliana/Área de Trabalho/datapipeline/.env/lib/python3.8/site-packages/airflow/example_dags/example_sla_dag.py
[2022-11-21T22:04:20.355-0300] {processor.py:640} INFO - Processing file /home/juliana/Área de Trabalho/datapipeline/.env/lib/python3.8/site-packages/airflow/example_dags/example_sla_dag.py for tasks to queue
[2022-11-21T22:04:20.355-0300] {logging_mixin.py:115} INFO - [2022-11-21T22:04:20.355-0300] {dagbag.py:508} INFO - Filling up the DagBag from /home/juliana/Área de Trabalho/datapipeline/.env/lib/python3.8/site-packages/airflow/example_dags/example_sla_dag.py
[2022-11-21T22:04:20.391-0300] {processor.py:650} INFO - DAG(s) dict_keys(['example_sla_dag']) retrieved from /home/juliana/Área de Trabalho/datapipeline/.env/lib/python3.8/site-packages/airflow/example_dags/example_sla_dag.py
[2022-11-21T22:04:20.428-0300] {logging_mixin.py:115} INFO - [2022-11-21T22:04:20.428-0300] {dag.py:2429} INFO - Sync 1 DAGs
[2022-11-21T22:04:20.466-0300] {logging_mixin.py:115} INFO - [2022-11-21T22:04:20.466-0300] {dag.py:2977} INFO - Setting next_dagrun for example_sla_dag to 2022-11-22T01:02:00+00:00, run_after=2022-11-22T01:04:00+00:00
[2022-11-21T22:04:20.486-0300] {processor.py:161} INFO - Processing /home/juliana/Área de Trabalho/datapipeline/.env/lib/python3.8/site-packages/airflow/example_dags/example_sla_dag.py took 0.139 seconds
[2022-11-21T22:04:58.305-0300] {processor.py:153} INFO - Started process (PID=2743) to work on /home/juliana/Área de Trabalho/datapipeline/.env/lib/python3.8/site-packages/airflow/example_dags/example_sla_dag.py
[2022-11-21T22:04:58.314-0300] {processor.py:640} INFO - Processing file /home/juliana/Área de Trabalho/datapipeline/.env/lib/python3.8/site-packages/airflow/example_dags/example_sla_dag.py for tasks to queue
[2022-11-21T22:04:58.314-0300] {logging_mixin.py:115} INFO - [2022-11-21T22:04:58.314-0300] {dagbag.py:508} INFO - Filling up the DagBag from /home/juliana/Área de Trabalho/datapipeline/.env/lib/python3.8/site-packages/airflow/example_dags/example_sla_dag.py
[2022-11-21T22:04:58.340-0300] {processor.py:650} INFO - DAG(s) dict_keys(['example_sla_dag']) retrieved from /home/juliana/Área de Trabalho/datapipeline/.env/lib/python3.8/site-packages/airflow/example_dags/example_sla_dag.py
[2022-11-21T22:04:58.373-0300] {logging_mixin.py:115} INFO - [2022-11-21T22:04:58.372-0300] {dag.py:2429} INFO - Sync 1 DAGs
[2022-11-21T22:04:58.406-0300] {logging_mixin.py:115} INFO - [2022-11-21T22:04:58.406-0300] {dag.py:2977} INFO - Setting next_dagrun for example_sla_dag to 2022-11-22T01:02:00+00:00, run_after=2022-11-22T01:04:00+00:00
[2022-11-21T22:04:58.446-0300] {processor.py:161} INFO - Processing /home/juliana/Área de Trabalho/datapipeline/.env/lib/python3.8/site-packages/airflow/example_dags/example_sla_dag.py took 0.143 seconds
[2022-11-21T22:05:36.058-0300] {processor.py:153} INFO - Started process (PID=3219) to work on /home/juliana/Área de Trabalho/datapipeline/.env/lib/python3.8/site-packages/airflow/example_dags/example_sla_dag.py
[2022-11-21T22:05:36.064-0300] {processor.py:640} INFO - Processing file /home/juliana/Área de Trabalho/datapipeline/.env/lib/python3.8/site-packages/airflow/example_dags/example_sla_dag.py for tasks to queue
[2022-11-21T22:05:36.064-0300] {logging_mixin.py:115} INFO - [2022-11-21T22:05:36.064-0300] {dagbag.py:508} INFO - Filling up the DagBag from /home/juliana/Área de Trabalho/datapipeline/.env/lib/python3.8/site-packages/airflow/example_dags/example_sla_dag.py
[2022-11-21T22:05:36.083-0300] {processor.py:650} INFO - DAG(s) dict_keys(['example_sla_dag']) retrieved from /home/juliana/Área de Trabalho/datapipeline/.env/lib/python3.8/site-packages/airflow/example_dags/example_sla_dag.py
[2022-11-21T22:05:36.098-0300] {logging_mixin.py:115} INFO - [2022-11-21T22:05:36.098-0300] {dag.py:2429} INFO - Sync 1 DAGs
[2022-11-21T22:05:36.114-0300] {logging_mixin.py:115} INFO - [2022-11-21T22:05:36.114-0300] {dag.py:2977} INFO - Setting next_dagrun for example_sla_dag to 2022-11-22T01:02:00+00:00, run_after=2022-11-22T01:04:00+00:00
[2022-11-21T22:05:36.127-0300] {processor.py:161} INFO - Processing /home/juliana/Área de Trabalho/datapipeline/.env/lib/python3.8/site-packages/airflow/example_dags/example_sla_dag.py took 0.072 seconds
[2022-11-21T22:06:13.366-0300] {processor.py:153} INFO - Started process (PID=3587) to work on /home/juliana/Área de Trabalho/datapipeline/.env/lib/python3.8/site-packages/airflow/example_dags/example_sla_dag.py
[2022-11-21T22:06:13.373-0300] {processor.py:640} INFO - Processing file /home/juliana/Área de Trabalho/datapipeline/.env/lib/python3.8/site-packages/airflow/example_dags/example_sla_dag.py for tasks to queue
[2022-11-21T22:06:13.375-0300] {logging_mixin.py:115} INFO - [2022-11-21T22:06:13.374-0300] {dagbag.py:508} INFO - Filling up the DagBag from /home/juliana/Área de Trabalho/datapipeline/.env/lib/python3.8/site-packages/airflow/example_dags/example_sla_dag.py
[2022-11-21T22:06:13.412-0300] {processor.py:650} INFO - DAG(s) dict_keys(['example_sla_dag']) retrieved from /home/juliana/Área de Trabalho/datapipeline/.env/lib/python3.8/site-packages/airflow/example_dags/example_sla_dag.py
[2022-11-21T22:06:13.431-0300] {logging_mixin.py:115} INFO - [2022-11-21T22:06:13.431-0300] {dag.py:2429} INFO - Sync 1 DAGs
[2022-11-21T22:06:13.448-0300] {logging_mixin.py:115} INFO - [2022-11-21T22:06:13.448-0300] {dag.py:2977} INFO - Setting next_dagrun for example_sla_dag to 2022-11-22T01:04:00+00:00, run_after=2022-11-22T01:06:00+00:00
[2022-11-21T22:06:13.465-0300] {processor.py:161} INFO - Processing /home/juliana/Área de Trabalho/datapipeline/.env/lib/python3.8/site-packages/airflow/example_dags/example_sla_dag.py took 0.104 seconds
[2022-11-21T22:06:49.727-0300] {processor.py:153} INFO - Started process (PID=3807) to work on /home/juliana/Área de Trabalho/datapipeline/.env/lib/python3.8/site-packages/airflow/example_dags/example_sla_dag.py
[2022-11-21T22:06:49.728-0300] {processor.py:640} INFO - Processing file /home/juliana/Área de Trabalho/datapipeline/.env/lib/python3.8/site-packages/airflow/example_dags/example_sla_dag.py for tasks to queue
[2022-11-21T22:06:49.728-0300] {logging_mixin.py:115} INFO - [2022-11-21T22:06:49.728-0300] {dagbag.py:508} INFO - Filling up the DagBag from /home/juliana/Área de Trabalho/datapipeline/.env/lib/python3.8/site-packages/airflow/example_dags/example_sla_dag.py
[2022-11-21T22:06:49.754-0300] {processor.py:650} INFO - DAG(s) dict_keys(['example_sla_dag']) retrieved from /home/juliana/Área de Trabalho/datapipeline/.env/lib/python3.8/site-packages/airflow/example_dags/example_sla_dag.py
[2022-11-21T22:06:49.773-0300] {logging_mixin.py:115} INFO - [2022-11-21T22:06:49.773-0300] {dag.py:2429} INFO - Sync 1 DAGs
[2022-11-21T22:06:49.799-0300] {logging_mixin.py:115} INFO - [2022-11-21T22:06:49.798-0300] {dag.py:2977} INFO - Setting next_dagrun for example_sla_dag to 2022-11-22T01:04:00+00:00, run_after=2022-11-22T01:06:00+00:00
[2022-11-21T22:06:49.825-0300] {processor.py:161} INFO - Processing /home/juliana/Área de Trabalho/datapipeline/.env/lib/python3.8/site-packages/airflow/example_dags/example_sla_dag.py took 0.101 seconds
[2022-11-21T22:07:29.763-0300] {processor.py:153} INFO - Started process (PID=4046) to work on /home/juliana/Área de Trabalho/datapipeline/.env/lib/python3.8/site-packages/airflow/example_dags/example_sla_dag.py
[2022-11-21T22:07:29.768-0300] {processor.py:640} INFO - Processing file /home/juliana/Área de Trabalho/datapipeline/.env/lib/python3.8/site-packages/airflow/example_dags/example_sla_dag.py for tasks to queue
[2022-11-21T22:07:29.771-0300] {logging_mixin.py:115} INFO - [2022-11-21T22:07:29.770-0300] {dagbag.py:508} INFO - Filling up the DagBag from /home/juliana/Área de Trabalho/datapipeline/.env/lib/python3.8/site-packages/airflow/example_dags/example_sla_dag.py
[2022-11-21T22:07:29.831-0300] {processor.py:650} INFO - DAG(s) dict_keys(['example_sla_dag']) retrieved from /home/juliana/Área de Trabalho/datapipeline/.env/lib/python3.8/site-packages/airflow/example_dags/example_sla_dag.py
[2022-11-21T22:07:29.855-0300] {logging_mixin.py:115} INFO - [2022-11-21T22:07:29.855-0300] {dag.py:2429} INFO - Sync 1 DAGs
[2022-11-21T22:07:29.884-0300] {logging_mixin.py:115} INFO - [2022-11-21T22:07:29.884-0300] {dag.py:2977} INFO - Setting next_dagrun for example_sla_dag to 2022-11-22T01:04:00+00:00, run_after=2022-11-22T01:06:00+00:00
[2022-11-21T22:07:29.907-0300] {processor.py:161} INFO - Processing /home/juliana/Área de Trabalho/datapipeline/.env/lib/python3.8/site-packages/airflow/example_dags/example_sla_dag.py took 0.156 seconds
[2022-11-21T22:08:06.075-0300] {processor.py:153} INFO - Started process (PID=4259) to work on /home/juliana/Área de Trabalho/datapipeline/.env/lib/python3.8/site-packages/airflow/example_dags/example_sla_dag.py
[2022-11-21T22:08:06.078-0300] {processor.py:640} INFO - Processing file /home/juliana/Área de Trabalho/datapipeline/.env/lib/python3.8/site-packages/airflow/example_dags/example_sla_dag.py for tasks to queue
[2022-11-21T22:08:06.079-0300] {logging_mixin.py:115} INFO - [2022-11-21T22:08:06.079-0300] {dagbag.py:508} INFO - Filling up the DagBag from /home/juliana/Área de Trabalho/datapipeline/.env/lib/python3.8/site-packages/airflow/example_dags/example_sla_dag.py
[2022-11-21T22:08:06.123-0300] {processor.py:650} INFO - DAG(s) dict_keys(['example_sla_dag']) retrieved from /home/juliana/Área de Trabalho/datapipeline/.env/lib/python3.8/site-packages/airflow/example_dags/example_sla_dag.py
[2022-11-21T22:08:06.139-0300] {logging_mixin.py:115} INFO - [2022-11-21T22:08:06.139-0300] {dag.py:2429} INFO - Sync 1 DAGs
[2022-11-21T22:08:06.180-0300] {logging_mixin.py:115} INFO - [2022-11-21T22:08:06.179-0300] {dag.py:2977} INFO - Setting next_dagrun for example_sla_dag to 2022-11-22T01:06:00+00:00, run_after=2022-11-22T01:08:00+00:00
[2022-11-21T22:08:06.204-0300] {processor.py:161} INFO - Processing /home/juliana/Área de Trabalho/datapipeline/.env/lib/python3.8/site-packages/airflow/example_dags/example_sla_dag.py took 0.134 seconds
[2022-11-21T22:08:38.371-0300] {processor.py:153} INFO - Started process (PID=4443) to work on /home/juliana/Área de Trabalho/datapipeline/.env/lib/python3.8/site-packages/airflow/example_dags/example_sla_dag.py
[2022-11-21T22:08:38.373-0300] {processor.py:640} INFO - Processing file /home/juliana/Área de Trabalho/datapipeline/.env/lib/python3.8/site-packages/airflow/example_dags/example_sla_dag.py for tasks to queue
[2022-11-21T22:08:38.374-0300] {logging_mixin.py:115} INFO - [2022-11-21T22:08:38.374-0300] {dagbag.py:508} INFO - Filling up the DagBag from /home/juliana/Área de Trabalho/datapipeline/.env/lib/python3.8/site-packages/airflow/example_dags/example_sla_dag.py
[2022-11-21T22:08:38.449-0300] {processor.py:650} INFO - DAG(s) dict_keys(['example_sla_dag']) retrieved from /home/juliana/Área de Trabalho/datapipeline/.env/lib/python3.8/site-packages/airflow/example_dags/example_sla_dag.py
[2022-11-21T22:08:38.471-0300] {logging_mixin.py:115} INFO - [2022-11-21T22:08:38.471-0300] {dag.py:2429} INFO - Sync 1 DAGs
[2022-11-21T22:08:38.510-0300] {logging_mixin.py:115} INFO - [2022-11-21T22:08:38.509-0300] {dag.py:2977} INFO - Setting next_dagrun for example_sla_dag to 2022-11-22T01:06:00+00:00, run_after=2022-11-22T01:08:00+00:00
[2022-11-21T22:08:38.545-0300] {processor.py:161} INFO - Processing /home/juliana/Área de Trabalho/datapipeline/.env/lib/python3.8/site-packages/airflow/example_dags/example_sla_dag.py took 0.179 seconds
[2022-11-21T22:09:14.872-0300] {processor.py:153} INFO - Started process (PID=4691) to work on /home/juliana/Área de Trabalho/datapipeline/.env/lib/python3.8/site-packages/airflow/example_dags/example_sla_dag.py
[2022-11-21T22:09:14.873-0300] {processor.py:640} INFO - Processing file /home/juliana/Área de Trabalho/datapipeline/.env/lib/python3.8/site-packages/airflow/example_dags/example_sla_dag.py for tasks to queue
[2022-11-21T22:09:14.874-0300] {logging_mixin.py:115} INFO - [2022-11-21T22:09:14.874-0300] {dagbag.py:508} INFO - Filling up the DagBag from /home/juliana/Área de Trabalho/datapipeline/.env/lib/python3.8/site-packages/airflow/example_dags/example_sla_dag.py
[2022-11-21T22:09:14.898-0300] {processor.py:650} INFO - DAG(s) dict_keys(['example_sla_dag']) retrieved from /home/juliana/Área de Trabalho/datapipeline/.env/lib/python3.8/site-packages/airflow/example_dags/example_sla_dag.py
[2022-11-21T22:09:14.914-0300] {logging_mixin.py:115} INFO - [2022-11-21T22:09:14.914-0300] {dag.py:2429} INFO - Sync 1 DAGs
[2022-11-21T22:09:14.941-0300] {logging_mixin.py:115} INFO - [2022-11-21T22:09:14.941-0300] {dag.py:2977} INFO - Setting next_dagrun for example_sla_dag to 2022-11-22T01:06:00+00:00, run_after=2022-11-22T01:08:00+00:00
[2022-11-21T22:09:14.966-0300] {processor.py:161} INFO - Processing /home/juliana/Área de Trabalho/datapipeline/.env/lib/python3.8/site-packages/airflow/example_dags/example_sla_dag.py took 0.101 seconds
[2022-11-21T22:09:50.126-0300] {processor.py:153} INFO - Started process (PID=5020) to work on /home/juliana/Área de Trabalho/datapipeline/.env/lib/python3.8/site-packages/airflow/example_dags/example_sla_dag.py
[2022-11-21T22:09:50.133-0300] {processor.py:640} INFO - Processing file /home/juliana/Área de Trabalho/datapipeline/.env/lib/python3.8/site-packages/airflow/example_dags/example_sla_dag.py for tasks to queue
[2022-11-21T22:09:50.134-0300] {logging_mixin.py:115} INFO - [2022-11-21T22:09:50.133-0300] {dagbag.py:508} INFO - Filling up the DagBag from /home/juliana/Área de Trabalho/datapipeline/.env/lib/python3.8/site-packages/airflow/example_dags/example_sla_dag.py
[2022-11-21T22:09:50.167-0300] {processor.py:650} INFO - DAG(s) dict_keys(['example_sla_dag']) retrieved from /home/juliana/Área de Trabalho/datapipeline/.env/lib/python3.8/site-packages/airflow/example_dags/example_sla_dag.py
[2022-11-21T22:09:50.181-0300] {logging_mixin.py:115} INFO - [2022-11-21T22:09:50.180-0300] {dag.py:2429} INFO - Sync 1 DAGs
[2022-11-21T22:09:50.196-0300] {logging_mixin.py:115} INFO - [2022-11-21T22:09:50.196-0300] {dag.py:2977} INFO - Setting next_dagrun for example_sla_dag to 2022-11-22T01:06:00+00:00, run_after=2022-11-22T01:08:00+00:00
[2022-11-21T22:09:50.212-0300] {processor.py:161} INFO - Processing /home/juliana/Área de Trabalho/datapipeline/.env/lib/python3.8/site-packages/airflow/example_dags/example_sla_dag.py took 0.090 seconds
[2022-11-21T22:10:21.104-0300] {processor.py:153} INFO - Started process (PID=5071) to work on /home/juliana/Área de Trabalho/datapipeline/.env/lib/python3.8/site-packages/airflow/example_dags/example_sla_dag.py
[2022-11-21T22:10:21.105-0300] {processor.py:640} INFO - Processing file /home/juliana/Área de Trabalho/datapipeline/.env/lib/python3.8/site-packages/airflow/example_dags/example_sla_dag.py for tasks to queue
[2022-11-21T22:10:21.106-0300] {logging_mixin.py:115} INFO - [2022-11-21T22:10:21.106-0300] {dagbag.py:508} INFO - Filling up the DagBag from /home/juliana/Área de Trabalho/datapipeline/.env/lib/python3.8/site-packages/airflow/example_dags/example_sla_dag.py
[2022-11-21T22:10:21.127-0300] {processor.py:650} INFO - DAG(s) dict_keys(['example_sla_dag']) retrieved from /home/juliana/Área de Trabalho/datapipeline/.env/lib/python3.8/site-packages/airflow/example_dags/example_sla_dag.py
[2022-11-21T22:10:21.148-0300] {logging_mixin.py:115} INFO - [2022-11-21T22:10:21.147-0300] {dag.py:2429} INFO - Sync 1 DAGs
[2022-11-21T22:10:21.165-0300] {logging_mixin.py:115} INFO - [2022-11-21T22:10:21.164-0300] {dag.py:2977} INFO - Setting next_dagrun for example_sla_dag to 2022-11-22T01:08:00+00:00, run_after=2022-11-22T01:10:00+00:00
[2022-11-21T22:10:21.179-0300] {processor.py:161} INFO - Processing /home/juliana/Área de Trabalho/datapipeline/.env/lib/python3.8/site-packages/airflow/example_dags/example_sla_dag.py took 0.079 seconds
[2022-11-21T22:10:55.988-0300] {processor.py:153} INFO - Started process (PID=5430) to work on /home/juliana/Área de Trabalho/datapipeline/.env/lib/python3.8/site-packages/airflow/example_dags/example_sla_dag.py
[2022-11-21T22:10:55.989-0300] {processor.py:640} INFO - Processing file /home/juliana/Área de Trabalho/datapipeline/.env/lib/python3.8/site-packages/airflow/example_dags/example_sla_dag.py for tasks to queue
[2022-11-21T22:10:55.989-0300] {logging_mixin.py:115} INFO - [2022-11-21T22:10:55.989-0300] {dagbag.py:508} INFO - Filling up the DagBag from /home/juliana/Área de Trabalho/datapipeline/.env/lib/python3.8/site-packages/airflow/example_dags/example_sla_dag.py
[2022-11-21T22:10:56.014-0300] {processor.py:650} INFO - DAG(s) dict_keys(['example_sla_dag']) retrieved from /home/juliana/Área de Trabalho/datapipeline/.env/lib/python3.8/site-packages/airflow/example_dags/example_sla_dag.py
[2022-11-21T22:10:56.028-0300] {logging_mixin.py:115} INFO - [2022-11-21T22:10:56.028-0300] {dag.py:2429} INFO - Sync 1 DAGs
[2022-11-21T22:10:56.047-0300] {logging_mixin.py:115} INFO - [2022-11-21T22:10:56.047-0300] {dag.py:2977} INFO - Setting next_dagrun for example_sla_dag to 2022-11-22T01:08:00+00:00, run_after=2022-11-22T01:10:00+00:00
[2022-11-21T22:10:56.065-0300] {processor.py:161} INFO - Processing /home/juliana/Área de Trabalho/datapipeline/.env/lib/python3.8/site-packages/airflow/example_dags/example_sla_dag.py took 0.080 seconds
[2022-11-21T22:11:31.235-0300] {processor.py:153} INFO - Started process (PID=5626) to work on /home/juliana/Área de Trabalho/datapipeline/.env/lib/python3.8/site-packages/airflow/example_dags/example_sla_dag.py
[2022-11-21T22:11:31.239-0300] {processor.py:640} INFO - Processing file /home/juliana/Área de Trabalho/datapipeline/.env/lib/python3.8/site-packages/airflow/example_dags/example_sla_dag.py for tasks to queue
[2022-11-21T22:11:31.240-0300] {logging_mixin.py:115} INFO - [2022-11-21T22:11:31.240-0300] {dagbag.py:508} INFO - Filling up the DagBag from /home/juliana/Área de Trabalho/datapipeline/.env/lib/python3.8/site-packages/airflow/example_dags/example_sla_dag.py
[2022-11-21T22:11:31.266-0300] {processor.py:650} INFO - DAG(s) dict_keys(['example_sla_dag']) retrieved from /home/juliana/Área de Trabalho/datapipeline/.env/lib/python3.8/site-packages/airflow/example_dags/example_sla_dag.py
[2022-11-21T22:11:31.277-0300] {logging_mixin.py:115} INFO - [2022-11-21T22:11:31.277-0300] {dag.py:2429} INFO - Sync 1 DAGs
[2022-11-21T22:11:31.293-0300] {logging_mixin.py:115} INFO - [2022-11-21T22:11:31.293-0300] {dag.py:2977} INFO - Setting next_dagrun for example_sla_dag to 2022-11-22T01:08:00+00:00, run_after=2022-11-22T01:10:00+00:00
[2022-11-21T22:11:31.307-0300] {processor.py:161} INFO - Processing /home/juliana/Área de Trabalho/datapipeline/.env/lib/python3.8/site-packages/airflow/example_dags/example_sla_dag.py took 0.076 seconds
[2022-11-21T22:12:08.372-0300] {processor.py:153} INFO - Started process (PID=5939) to work on /home/juliana/Área de Trabalho/datapipeline/.env/lib/python3.8/site-packages/airflow/example_dags/example_sla_dag.py
[2022-11-21T22:12:08.378-0300] {processor.py:640} INFO - Processing file /home/juliana/Área de Trabalho/datapipeline/.env/lib/python3.8/site-packages/airflow/example_dags/example_sla_dag.py for tasks to queue
[2022-11-21T22:12:08.379-0300] {logging_mixin.py:115} INFO - [2022-11-21T22:12:08.378-0300] {dagbag.py:508} INFO - Filling up the DagBag from /home/juliana/Área de Trabalho/datapipeline/.env/lib/python3.8/site-packages/airflow/example_dags/example_sla_dag.py
[2022-11-21T22:12:08.404-0300] {processor.py:650} INFO - DAG(s) dict_keys(['example_sla_dag']) retrieved from /home/juliana/Área de Trabalho/datapipeline/.env/lib/python3.8/site-packages/airflow/example_dags/example_sla_dag.py
[2022-11-21T22:12:08.419-0300] {logging_mixin.py:115} INFO - [2022-11-21T22:12:08.419-0300] {dag.py:2429} INFO - Sync 1 DAGs
[2022-11-21T22:12:08.439-0300] {logging_mixin.py:115} INFO - [2022-11-21T22:12:08.439-0300] {dag.py:2977} INFO - Setting next_dagrun for example_sla_dag to 2022-11-22T01:10:00+00:00, run_after=2022-11-22T01:12:00+00:00
[2022-11-21T22:12:08.456-0300] {processor.py:161} INFO - Processing /home/juliana/Área de Trabalho/datapipeline/.env/lib/python3.8/site-packages/airflow/example_dags/example_sla_dag.py took 0.087 seconds
[2022-11-21T22:12:45.294-0300] {processor.py:153} INFO - Started process (PID=5988) to work on /home/juliana/Área de Trabalho/datapipeline/.env/lib/python3.8/site-packages/airflow/example_dags/example_sla_dag.py
[2022-11-21T22:12:45.295-0300] {processor.py:640} INFO - Processing file /home/juliana/Área de Trabalho/datapipeline/.env/lib/python3.8/site-packages/airflow/example_dags/example_sla_dag.py for tasks to queue
[2022-11-21T22:12:45.296-0300] {logging_mixin.py:115} INFO - [2022-11-21T22:12:45.295-0300] {dagbag.py:508} INFO - Filling up the DagBag from /home/juliana/Área de Trabalho/datapipeline/.env/lib/python3.8/site-packages/airflow/example_dags/example_sla_dag.py
[2022-11-21T22:12:45.314-0300] {processor.py:650} INFO - DAG(s) dict_keys(['example_sla_dag']) retrieved from /home/juliana/Área de Trabalho/datapipeline/.env/lib/python3.8/site-packages/airflow/example_dags/example_sla_dag.py
[2022-11-21T22:12:45.327-0300] {logging_mixin.py:115} INFO - [2022-11-21T22:12:45.326-0300] {dag.py:2429} INFO - Sync 1 DAGs
[2022-11-21T22:12:45.344-0300] {logging_mixin.py:115} INFO - [2022-11-21T22:12:45.344-0300] {dag.py:2977} INFO - Setting next_dagrun for example_sla_dag to 2022-11-22T01:10:00+00:00, run_after=2022-11-22T01:12:00+00:00
[2022-11-21T22:12:45.363-0300] {processor.py:161} INFO - Processing /home/juliana/Área de Trabalho/datapipeline/.env/lib/python3.8/site-packages/airflow/example_dags/example_sla_dag.py took 0.072 seconds
[2022-11-21T22:13:21.820-0300] {processor.py:153} INFO - Started process (PID=6023) to work on /home/juliana/Área de Trabalho/datapipeline/.env/lib/python3.8/site-packages/airflow/example_dags/example_sla_dag.py
[2022-11-21T22:13:21.827-0300] {processor.py:640} INFO - Processing file /home/juliana/Área de Trabalho/datapipeline/.env/lib/python3.8/site-packages/airflow/example_dags/example_sla_dag.py for tasks to queue
[2022-11-21T22:13:21.828-0300] {logging_mixin.py:115} INFO - [2022-11-21T22:13:21.828-0300] {dagbag.py:508} INFO - Filling up the DagBag from /home/juliana/Área de Trabalho/datapipeline/.env/lib/python3.8/site-packages/airflow/example_dags/example_sla_dag.py
[2022-11-21T22:13:21.854-0300] {processor.py:650} INFO - DAG(s) dict_keys(['example_sla_dag']) retrieved from /home/juliana/Área de Trabalho/datapipeline/.env/lib/python3.8/site-packages/airflow/example_dags/example_sla_dag.py
[2022-11-21T22:13:21.868-0300] {logging_mixin.py:115} INFO - [2022-11-21T22:13:21.868-0300] {dag.py:2429} INFO - Sync 1 DAGs
[2022-11-21T22:13:21.885-0300] {logging_mixin.py:115} INFO - [2022-11-21T22:13:21.885-0300] {dag.py:2977} INFO - Setting next_dagrun for example_sla_dag to 2022-11-22T01:10:00+00:00, run_after=2022-11-22T01:12:00+00:00
[2022-11-21T22:13:21.903-0300] {processor.py:161} INFO - Processing /home/juliana/Área de Trabalho/datapipeline/.env/lib/python3.8/site-packages/airflow/example_dags/example_sla_dag.py took 0.091 seconds
[2022-11-21T22:13:56.351-0300] {processor.py:153} INFO - Started process (PID=6059) to work on /home/juliana/Área de Trabalho/datapipeline/.env/lib/python3.8/site-packages/airflow/example_dags/example_sla_dag.py
[2022-11-21T22:13:56.352-0300] {processor.py:640} INFO - Processing file /home/juliana/Área de Trabalho/datapipeline/.env/lib/python3.8/site-packages/airflow/example_dags/example_sla_dag.py for tasks to queue
[2022-11-21T22:13:56.353-0300] {logging_mixin.py:115} INFO - [2022-11-21T22:13:56.353-0300] {dagbag.py:508} INFO - Filling up the DagBag from /home/juliana/Área de Trabalho/datapipeline/.env/lib/python3.8/site-packages/airflow/example_dags/example_sla_dag.py
[2022-11-21T22:13:56.379-0300] {processor.py:650} INFO - DAG(s) dict_keys(['example_sla_dag']) retrieved from /home/juliana/Área de Trabalho/datapipeline/.env/lib/python3.8/site-packages/airflow/example_dags/example_sla_dag.py
[2022-11-21T22:13:56.406-0300] {logging_mixin.py:115} INFO - [2022-11-21T22:13:56.406-0300] {dag.py:2429} INFO - Sync 1 DAGs
[2022-11-21T22:13:56.435-0300] {logging_mixin.py:115} INFO - [2022-11-21T22:13:56.435-0300] {dag.py:2977} INFO - Setting next_dagrun for example_sla_dag to 2022-11-22T01:10:00+00:00, run_after=2022-11-22T01:12:00+00:00
[2022-11-21T22:13:56.459-0300] {processor.py:161} INFO - Processing /home/juliana/Área de Trabalho/datapipeline/.env/lib/python3.8/site-packages/airflow/example_dags/example_sla_dag.py took 0.114 seconds
[2022-11-21T22:14:32.664-0300] {processor.py:153} INFO - Started process (PID=6096) to work on /home/juliana/Área de Trabalho/datapipeline/.env/lib/python3.8/site-packages/airflow/example_dags/example_sla_dag.py
[2022-11-21T22:14:32.666-0300] {processor.py:640} INFO - Processing file /home/juliana/Área de Trabalho/datapipeline/.env/lib/python3.8/site-packages/airflow/example_dags/example_sla_dag.py for tasks to queue
[2022-11-21T22:14:32.667-0300] {logging_mixin.py:115} INFO - [2022-11-21T22:14:32.667-0300] {dagbag.py:508} INFO - Filling up the DagBag from /home/juliana/Área de Trabalho/datapipeline/.env/lib/python3.8/site-packages/airflow/example_dags/example_sla_dag.py
[2022-11-21T22:14:32.694-0300] {processor.py:650} INFO - DAG(s) dict_keys(['example_sla_dag']) retrieved from /home/juliana/Área de Trabalho/datapipeline/.env/lib/python3.8/site-packages/airflow/example_dags/example_sla_dag.py
[2022-11-21T22:14:32.707-0300] {logging_mixin.py:115} INFO - [2022-11-21T22:14:32.707-0300] {dag.py:2429} INFO - Sync 1 DAGs
[2022-11-21T22:14:32.724-0300] {logging_mixin.py:115} INFO - [2022-11-21T22:14:32.724-0300] {dag.py:2977} INFO - Setting next_dagrun for example_sla_dag to 2022-11-22T01:12:00+00:00, run_after=2022-11-22T01:14:00+00:00
[2022-11-21T22:14:32.742-0300] {processor.py:161} INFO - Processing /home/juliana/Área de Trabalho/datapipeline/.env/lib/python3.8/site-packages/airflow/example_dags/example_sla_dag.py took 0.085 seconds
[2022-11-21T22:15:07.641-0300] {processor.py:153} INFO - Started process (PID=6130) to work on /home/juliana/Área de Trabalho/datapipeline/.env/lib/python3.8/site-packages/airflow/example_dags/example_sla_dag.py
[2022-11-21T22:15:07.643-0300] {processor.py:640} INFO - Processing file /home/juliana/Área de Trabalho/datapipeline/.env/lib/python3.8/site-packages/airflow/example_dags/example_sla_dag.py for tasks to queue
[2022-11-21T22:15:07.644-0300] {logging_mixin.py:115} INFO - [2022-11-21T22:15:07.644-0300] {dagbag.py:508} INFO - Filling up the DagBag from /home/juliana/Área de Trabalho/datapipeline/.env/lib/python3.8/site-packages/airflow/example_dags/example_sla_dag.py
[2022-11-21T22:15:07.671-0300] {processor.py:650} INFO - DAG(s) dict_keys(['example_sla_dag']) retrieved from /home/juliana/Área de Trabalho/datapipeline/.env/lib/python3.8/site-packages/airflow/example_dags/example_sla_dag.py
[2022-11-21T22:15:07.684-0300] {logging_mixin.py:115} INFO - [2022-11-21T22:15:07.684-0300] {dag.py:2429} INFO - Sync 1 DAGs
[2022-11-21T22:15:07.701-0300] {logging_mixin.py:115} INFO - [2022-11-21T22:15:07.701-0300] {dag.py:2977} INFO - Setting next_dagrun for example_sla_dag to 2022-11-22T01:12:00+00:00, run_after=2022-11-22T01:14:00+00:00
[2022-11-21T22:15:07.721-0300] {processor.py:161} INFO - Processing /home/juliana/Área de Trabalho/datapipeline/.env/lib/python3.8/site-packages/airflow/example_dags/example_sla_dag.py took 0.087 seconds
[2022-11-21T22:15:40.369-0300] {processor.py:153} INFO - Started process (PID=6163) to work on /home/juliana/Área de Trabalho/datapipeline/.env/lib/python3.8/site-packages/airflow/example_dags/example_sla_dag.py
[2022-11-21T22:15:40.371-0300] {processor.py:640} INFO - Processing file /home/juliana/Área de Trabalho/datapipeline/.env/lib/python3.8/site-packages/airflow/example_dags/example_sla_dag.py for tasks to queue
[2022-11-21T22:15:40.372-0300] {logging_mixin.py:115} INFO - [2022-11-21T22:15:40.371-0300] {dagbag.py:508} INFO - Filling up the DagBag from /home/juliana/Área de Trabalho/datapipeline/.env/lib/python3.8/site-packages/airflow/example_dags/example_sla_dag.py
[2022-11-21T22:15:40.398-0300] {processor.py:650} INFO - DAG(s) dict_keys(['example_sla_dag']) retrieved from /home/juliana/Área de Trabalho/datapipeline/.env/lib/python3.8/site-packages/airflow/example_dags/example_sla_dag.py
[2022-11-21T22:15:40.412-0300] {logging_mixin.py:115} INFO - [2022-11-21T22:15:40.411-0300] {dag.py:2429} INFO - Sync 1 DAGs
[2022-11-21T22:15:40.428-0300] {logging_mixin.py:115} INFO - [2022-11-21T22:15:40.428-0300] {dag.py:2977} INFO - Setting next_dagrun for example_sla_dag to 2022-11-22T01:12:00+00:00, run_after=2022-11-22T01:14:00+00:00
[2022-11-21T22:15:40.446-0300] {processor.py:161} INFO - Processing /home/juliana/Área de Trabalho/datapipeline/.env/lib/python3.8/site-packages/airflow/example_dags/example_sla_dag.py took 0.083 seconds
[2022-11-21T22:16:16.750-0300] {processor.py:153} INFO - Started process (PID=6199) to work on /home/juliana/Área de Trabalho/datapipeline/.env/lib/python3.8/site-packages/airflow/example_dags/example_sla_dag.py
[2022-11-21T22:16:16.751-0300] {processor.py:640} INFO - Processing file /home/juliana/Área de Trabalho/datapipeline/.env/lib/python3.8/site-packages/airflow/example_dags/example_sla_dag.py for tasks to queue
[2022-11-21T22:16:16.752-0300] {logging_mixin.py:115} INFO - [2022-11-21T22:16:16.752-0300] {dagbag.py:508} INFO - Filling up the DagBag from /home/juliana/Área de Trabalho/datapipeline/.env/lib/python3.8/site-packages/airflow/example_dags/example_sla_dag.py
[2022-11-21T22:16:16.777-0300] {processor.py:650} INFO - DAG(s) dict_keys(['example_sla_dag']) retrieved from /home/juliana/Área de Trabalho/datapipeline/.env/lib/python3.8/site-packages/airflow/example_dags/example_sla_dag.py
[2022-11-21T22:16:16.790-0300] {logging_mixin.py:115} INFO - [2022-11-21T22:16:16.789-0300] {dag.py:2429} INFO - Sync 1 DAGs
[2022-11-21T22:16:16.807-0300] {logging_mixin.py:115} INFO - [2022-11-21T22:16:16.806-0300] {dag.py:2977} INFO - Setting next_dagrun for example_sla_dag to 2022-11-22T01:14:00+00:00, run_after=2022-11-22T01:16:00+00:00
[2022-11-21T22:16:16.826-0300] {processor.py:161} INFO - Processing /home/juliana/Área de Trabalho/datapipeline/.env/lib/python3.8/site-packages/airflow/example_dags/example_sla_dag.py took 0.081 seconds
[2022-11-21T22:16:51.591-0300] {processor.py:153} INFO - Started process (PID=6250) to work on /home/juliana/Área de Trabalho/datapipeline/.env/lib/python3.8/site-packages/airflow/example_dags/example_sla_dag.py
[2022-11-21T22:16:51.597-0300] {processor.py:640} INFO - Processing file /home/juliana/Área de Trabalho/datapipeline/.env/lib/python3.8/site-packages/airflow/example_dags/example_sla_dag.py for tasks to queue
[2022-11-21T22:16:51.598-0300] {logging_mixin.py:115} INFO - [2022-11-21T22:16:51.598-0300] {dagbag.py:508} INFO - Filling up the DagBag from /home/juliana/Área de Trabalho/datapipeline/.env/lib/python3.8/site-packages/airflow/example_dags/example_sla_dag.py
[2022-11-21T22:16:51.623-0300] {processor.py:650} INFO - DAG(s) dict_keys(['example_sla_dag']) retrieved from /home/juliana/Área de Trabalho/datapipeline/.env/lib/python3.8/site-packages/airflow/example_dags/example_sla_dag.py
[2022-11-21T22:16:51.638-0300] {logging_mixin.py:115} INFO - [2022-11-21T22:16:51.638-0300] {dag.py:2429} INFO - Sync 1 DAGs
[2022-11-21T22:16:51.662-0300] {logging_mixin.py:115} INFO - [2022-11-21T22:16:51.661-0300] {dag.py:2977} INFO - Setting next_dagrun for example_sla_dag to 2022-11-22T01:14:00+00:00, run_after=2022-11-22T01:16:00+00:00
[2022-11-21T22:16:51.680-0300] {processor.py:161} INFO - Processing /home/juliana/Área de Trabalho/datapipeline/.env/lib/python3.8/site-packages/airflow/example_dags/example_sla_dag.py took 0.096 seconds
