[2022-11-21T21:13:02.089-0300] {processor.py:153} INFO - Started process (PID=3023) to work on /home/juliana/Área de Trabalho/datapipeline/.env/lib/python3.8/site-packages/airflow/example_dags/example_branch_day_of_week_operator.py
[2022-11-21T21:13:02.091-0300] {processor.py:640} INFO - Processing file /home/juliana/Área de Trabalho/datapipeline/.env/lib/python3.8/site-packages/airflow/example_dags/example_branch_day_of_week_operator.py for tasks to queue
[2022-11-21T21:13:02.091-0300] {logging_mixin.py:115} INFO - [2022-11-21T21:13:02.091-0300] {dagbag.py:508} INFO - Filling up the DagBag from /home/juliana/Área de Trabalho/datapipeline/.env/lib/python3.8/site-packages/airflow/example_dags/example_branch_day_of_week_operator.py
[2022-11-21T21:13:02.104-0300] {processor.py:650} INFO - DAG(s) dict_keys(['example_weekday_branch_operator']) retrieved from /home/juliana/Área de Trabalho/datapipeline/.env/lib/python3.8/site-packages/airflow/example_dags/example_branch_day_of_week_operator.py
[2022-11-21T21:13:02.121-0300] {logging_mixin.py:115} INFO - [2022-11-21T21:13:02.121-0300] {dag.py:2429} INFO - Sync 1 DAGs
[2022-11-21T21:13:02.144-0300] {logging_mixin.py:115} INFO - [2022-11-21T21:13:02.144-0300] {dag.py:2977} INFO - Setting next_dagrun for example_weekday_branch_operator to 2022-11-21T00:00:00+00:00, run_after=2022-11-22T00:00:00+00:00
[2022-11-21T21:13:02.167-0300] {processor.py:161} INFO - Processing /home/juliana/Área de Trabalho/datapipeline/.env/lib/python3.8/site-packages/airflow/example_dags/example_branch_day_of_week_operator.py took 0.083 seconds
[2022-11-21T21:13:41.427-0300] {processor.py:153} INFO - Started process (PID=3128) to work on /home/juliana/Área de Trabalho/datapipeline/.env/lib/python3.8/site-packages/airflow/example_dags/example_branch_day_of_week_operator.py
[2022-11-21T21:13:41.429-0300] {processor.py:640} INFO - Processing file /home/juliana/Área de Trabalho/datapipeline/.env/lib/python3.8/site-packages/airflow/example_dags/example_branch_day_of_week_operator.py for tasks to queue
[2022-11-21T21:13:41.429-0300] {logging_mixin.py:115} INFO - [2022-11-21T21:13:41.429-0300] {dagbag.py:508} INFO - Filling up the DagBag from /home/juliana/Área de Trabalho/datapipeline/.env/lib/python3.8/site-packages/airflow/example_dags/example_branch_day_of_week_operator.py
[2022-11-21T21:13:41.440-0300] {processor.py:650} INFO - DAG(s) dict_keys(['example_weekday_branch_operator']) retrieved from /home/juliana/Área de Trabalho/datapipeline/.env/lib/python3.8/site-packages/airflow/example_dags/example_branch_day_of_week_operator.py
[2022-11-21T21:13:41.454-0300] {logging_mixin.py:115} INFO - [2022-11-21T21:13:41.454-0300] {dag.py:2429} INFO - Sync 1 DAGs
[2022-11-21T21:13:41.485-0300] {logging_mixin.py:115} INFO - [2022-11-21T21:13:41.485-0300] {dag.py:2977} INFO - Setting next_dagrun for example_weekday_branch_operator to 2022-11-21T00:00:00+00:00, run_after=2022-11-22T00:00:00+00:00
[2022-11-21T21:13:41.499-0300] {processor.py:161} INFO - Processing /home/juliana/Área de Trabalho/datapipeline/.env/lib/python3.8/site-packages/airflow/example_dags/example_branch_day_of_week_operator.py took 0.074 seconds
[2022-11-21T21:14:20.590-0300] {processor.py:153} INFO - Started process (PID=3415) to work on /home/juliana/Área de Trabalho/datapipeline/.env/lib/python3.8/site-packages/airflow/example_dags/example_branch_day_of_week_operator.py
[2022-11-21T21:14:20.595-0300] {processor.py:640} INFO - Processing file /home/juliana/Área de Trabalho/datapipeline/.env/lib/python3.8/site-packages/airflow/example_dags/example_branch_day_of_week_operator.py for tasks to queue
[2022-11-21T21:14:20.601-0300] {logging_mixin.py:115} INFO - [2022-11-21T21:14:20.599-0300] {dagbag.py:508} INFO - Filling up the DagBag from /home/juliana/Área de Trabalho/datapipeline/.env/lib/python3.8/site-packages/airflow/example_dags/example_branch_day_of_week_operator.py
[2022-11-21T21:14:20.681-0300] {processor.py:650} INFO - DAG(s) dict_keys(['example_weekday_branch_operator']) retrieved from /home/juliana/Área de Trabalho/datapipeline/.env/lib/python3.8/site-packages/airflow/example_dags/example_branch_day_of_week_operator.py
[2022-11-21T21:14:20.803-0300] {logging_mixin.py:115} INFO - [2022-11-21T21:14:20.803-0300] {dag.py:2429} INFO - Sync 1 DAGs
[2022-11-21T21:14:20.896-0300] {logging_mixin.py:115} INFO - [2022-11-21T21:14:20.894-0300] {dag.py:2977} INFO - Setting next_dagrun for example_weekday_branch_operator to 2022-11-21T00:00:00+00:00, run_after=2022-11-22T00:00:00+00:00
[2022-11-21T21:14:20.973-0300] {processor.py:161} INFO - Processing /home/juliana/Área de Trabalho/datapipeline/.env/lib/python3.8/site-packages/airflow/example_dags/example_branch_day_of_week_operator.py took 0.395 seconds
[2022-11-21T21:15:23.571-0300] {processor.py:153} INFO - Started process (PID=3491) to work on /home/juliana/Área de Trabalho/datapipeline/.env/lib/python3.8/site-packages/airflow/example_dags/example_branch_day_of_week_operator.py
[2022-11-21T21:15:23.577-0300] {processor.py:640} INFO - Processing file /home/juliana/Área de Trabalho/datapipeline/.env/lib/python3.8/site-packages/airflow/example_dags/example_branch_day_of_week_operator.py for tasks to queue
[2022-11-21T21:15:23.582-0300] {logging_mixin.py:115} INFO - [2022-11-21T21:15:23.578-0300] {dagbag.py:508} INFO - Filling up the DagBag from /home/juliana/Área de Trabalho/datapipeline/.env/lib/python3.8/site-packages/airflow/example_dags/example_branch_day_of_week_operator.py
[2022-11-21T21:15:23.710-0300] {processor.py:650} INFO - DAG(s) dict_keys(['example_weekday_branch_operator']) retrieved from /home/juliana/Área de Trabalho/datapipeline/.env/lib/python3.8/site-packages/airflow/example_dags/example_branch_day_of_week_operator.py
[2022-11-21T21:15:23.855-0300] {logging_mixin.py:115} INFO - [2022-11-21T21:15:23.855-0300] {dag.py:2429} INFO - Sync 1 DAGs
[2022-11-21T21:15:24.028-0300] {logging_mixin.py:115} INFO - [2022-11-21T21:15:24.022-0300] {dag.py:2977} INFO - Setting next_dagrun for example_weekday_branch_operator to 2022-11-21T00:00:00+00:00, run_after=2022-11-22T00:00:00+00:00
[2022-11-21T21:15:24.503-0300] {processor.py:161} INFO - Processing /home/juliana/Área de Trabalho/datapipeline/.env/lib/python3.8/site-packages/airflow/example_dags/example_branch_day_of_week_operator.py took 0.949 seconds
[2022-11-21T21:17:50.718-0300] {processor.py:153} INFO - Started process (PID=3586) to work on /home/juliana/Área de Trabalho/datapipeline/.env/lib/python3.8/site-packages/airflow/example_dags/example_branch_day_of_week_operator.py
[2022-11-21T21:17:50.723-0300] {processor.py:640} INFO - Processing file /home/juliana/Área de Trabalho/datapipeline/.env/lib/python3.8/site-packages/airflow/example_dags/example_branch_day_of_week_operator.py for tasks to queue
[2022-11-21T21:17:50.725-0300] {logging_mixin.py:115} INFO - [2022-11-21T21:17:50.724-0300] {dagbag.py:508} INFO - Filling up the DagBag from /home/juliana/Área de Trabalho/datapipeline/.env/lib/python3.8/site-packages/airflow/example_dags/example_branch_day_of_week_operator.py
[2022-11-21T21:17:50.956-0300] {processor.py:650} INFO - DAG(s) dict_keys(['example_weekday_branch_operator']) retrieved from /home/juliana/Área de Trabalho/datapipeline/.env/lib/python3.8/site-packages/airflow/example_dags/example_branch_day_of_week_operator.py
[2022-11-21T21:17:51.372-0300] {logging_mixin.py:115} INFO - [2022-11-21T21:17:51.304-0300] {dag.py:2429} INFO - Sync 1 DAGs
[2022-11-21T21:17:51.809-0300] {logging_mixin.py:115} INFO - [2022-11-21T21:17:51.794-0300] {dag.py:2977} INFO - Setting next_dagrun for example_weekday_branch_operator to 2022-11-21T00:00:00+00:00, run_after=2022-11-22T00:00:00+00:00
[2022-11-21T21:17:53.668-0300] {processor.py:161} INFO - Processing /home/juliana/Área de Trabalho/datapipeline/.env/lib/python3.8/site-packages/airflow/example_dags/example_branch_day_of_week_operator.py took 2.955 seconds
[2022-11-21T21:38:22.953-0300] {processor.py:153} INFO - Started process (PID=7757) to work on /home/juliana/Área de Trabalho/datapipeline/.env/lib/python3.8/site-packages/airflow/example_dags/example_branch_day_of_week_operator.py
[2022-11-21T21:38:22.959-0300] {processor.py:640} INFO - Processing file /home/juliana/Área de Trabalho/datapipeline/.env/lib/python3.8/site-packages/airflow/example_dags/example_branch_day_of_week_operator.py for tasks to queue
[2022-11-21T21:38:22.961-0300] {logging_mixin.py:115} INFO - [2022-11-21T21:38:22.961-0300] {dagbag.py:508} INFO - Filling up the DagBag from /home/juliana/Área de Trabalho/datapipeline/.env/lib/python3.8/site-packages/airflow/example_dags/example_branch_day_of_week_operator.py
[2022-11-21T21:38:22.973-0300] {processor.py:650} INFO - DAG(s) dict_keys(['example_weekday_branch_operator']) retrieved from /home/juliana/Área de Trabalho/datapipeline/.env/lib/python3.8/site-packages/airflow/example_dags/example_branch_day_of_week_operator.py
[2022-11-21T21:38:22.989-0300] {logging_mixin.py:115} INFO - [2022-11-21T21:38:22.989-0300] {dag.py:2429} INFO - Sync 1 DAGs
[2022-11-21T21:38:23.008-0300] {logging_mixin.py:115} INFO - [2022-11-21T21:38:23.008-0300] {dag.py:2977} INFO - Setting next_dagrun for example_weekday_branch_operator to 2022-11-21T00:00:00+00:00, run_after=2022-11-22T00:00:00+00:00
[2022-11-21T21:38:23.023-0300] {processor.py:161} INFO - Processing /home/juliana/Área de Trabalho/datapipeline/.env/lib/python3.8/site-packages/airflow/example_dags/example_branch_day_of_week_operator.py took 0.074 seconds
[2022-11-21T21:39:01.847-0300] {processor.py:153} INFO - Started process (PID=8073) to work on /home/juliana/Área de Trabalho/datapipeline/.env/lib/python3.8/site-packages/airflow/example_dags/example_branch_day_of_week_operator.py
[2022-11-21T21:39:01.849-0300] {processor.py:640} INFO - Processing file /home/juliana/Área de Trabalho/datapipeline/.env/lib/python3.8/site-packages/airflow/example_dags/example_branch_day_of_week_operator.py for tasks to queue
[2022-11-21T21:39:01.850-0300] {logging_mixin.py:115} INFO - [2022-11-21T21:39:01.850-0300] {dagbag.py:508} INFO - Filling up the DagBag from /home/juliana/Área de Trabalho/datapipeline/.env/lib/python3.8/site-packages/airflow/example_dags/example_branch_day_of_week_operator.py
[2022-11-21T21:39:01.864-0300] {processor.py:650} INFO - DAG(s) dict_keys(['example_weekday_branch_operator']) retrieved from /home/juliana/Área de Trabalho/datapipeline/.env/lib/python3.8/site-packages/airflow/example_dags/example_branch_day_of_week_operator.py
[2022-11-21T21:39:01.880-0300] {logging_mixin.py:115} INFO - [2022-11-21T21:39:01.880-0300] {dag.py:2429} INFO - Sync 1 DAGs
[2022-11-21T21:39:01.898-0300] {logging_mixin.py:115} INFO - [2022-11-21T21:39:01.898-0300] {dag.py:2977} INFO - Setting next_dagrun for example_weekday_branch_operator to 2022-11-21T00:00:00+00:00, run_after=2022-11-22T00:00:00+00:00
[2022-11-21T21:39:01.914-0300] {processor.py:161} INFO - Processing /home/juliana/Área de Trabalho/datapipeline/.env/lib/python3.8/site-packages/airflow/example_dags/example_branch_day_of_week_operator.py took 0.070 seconds
[2022-11-21T21:39:39.493-0300] {processor.py:153} INFO - Started process (PID=8132) to work on /home/juliana/Área de Trabalho/datapipeline/.env/lib/python3.8/site-packages/airflow/example_dags/example_branch_day_of_week_operator.py
[2022-11-21T21:39:39.500-0300] {processor.py:640} INFO - Processing file /home/juliana/Área de Trabalho/datapipeline/.env/lib/python3.8/site-packages/airflow/example_dags/example_branch_day_of_week_operator.py for tasks to queue
[2022-11-21T21:39:39.500-0300] {logging_mixin.py:115} INFO - [2022-11-21T21:39:39.500-0300] {dagbag.py:508} INFO - Filling up the DagBag from /home/juliana/Área de Trabalho/datapipeline/.env/lib/python3.8/site-packages/airflow/example_dags/example_branch_day_of_week_operator.py
[2022-11-21T21:39:39.512-0300] {processor.py:650} INFO - DAG(s) dict_keys(['example_weekday_branch_operator']) retrieved from /home/juliana/Área de Trabalho/datapipeline/.env/lib/python3.8/site-packages/airflow/example_dags/example_branch_day_of_week_operator.py
[2022-11-21T21:39:39.526-0300] {logging_mixin.py:115} INFO - [2022-11-21T21:39:39.526-0300] {dag.py:2429} INFO - Sync 1 DAGs
[2022-11-21T21:39:39.550-0300] {logging_mixin.py:115} INFO - [2022-11-21T21:39:39.549-0300] {dag.py:2977} INFO - Setting next_dagrun for example_weekday_branch_operator to 2022-11-21T00:00:00+00:00, run_after=2022-11-22T00:00:00+00:00
[2022-11-21T21:39:39.564-0300] {processor.py:161} INFO - Processing /home/juliana/Área de Trabalho/datapipeline/.env/lib/python3.8/site-packages/airflow/example_dags/example_branch_day_of_week_operator.py took 0.077 seconds
[2022-11-21T21:40:14.002-0300] {processor.py:153} INFO - Started process (PID=8365) to work on /home/juliana/Área de Trabalho/datapipeline/.env/lib/python3.8/site-packages/airflow/example_dags/example_branch_day_of_week_operator.py
[2022-11-21T21:40:14.007-0300] {processor.py:640} INFO - Processing file /home/juliana/Área de Trabalho/datapipeline/.env/lib/python3.8/site-packages/airflow/example_dags/example_branch_day_of_week_operator.py for tasks to queue
[2022-11-21T21:40:14.008-0300] {logging_mixin.py:115} INFO - [2022-11-21T21:40:14.008-0300] {dagbag.py:508} INFO - Filling up the DagBag from /home/juliana/Área de Trabalho/datapipeline/.env/lib/python3.8/site-packages/airflow/example_dags/example_branch_day_of_week_operator.py
[2022-11-21T21:40:14.023-0300] {processor.py:650} INFO - DAG(s) dict_keys(['example_weekday_branch_operator']) retrieved from /home/juliana/Área de Trabalho/datapipeline/.env/lib/python3.8/site-packages/airflow/example_dags/example_branch_day_of_week_operator.py
[2022-11-21T21:40:14.043-0300] {logging_mixin.py:115} INFO - [2022-11-21T21:40:14.043-0300] {dag.py:2429} INFO - Sync 1 DAGs
[2022-11-21T21:40:14.084-0300] {logging_mixin.py:115} INFO - [2022-11-21T21:40:14.084-0300] {dag.py:2977} INFO - Setting next_dagrun for example_weekday_branch_operator to 2022-11-21T00:00:00+00:00, run_after=2022-11-22T00:00:00+00:00
[2022-11-21T21:40:14.117-0300] {processor.py:161} INFO - Processing /home/juliana/Área de Trabalho/datapipeline/.env/lib/python3.8/site-packages/airflow/example_dags/example_branch_day_of_week_operator.py took 0.117 seconds
[2022-11-21T21:40:52.147-0300] {processor.py:153} INFO - Started process (PID=8646) to work on /home/juliana/Área de Trabalho/datapipeline/.env/lib/python3.8/site-packages/airflow/example_dags/example_branch_day_of_week_operator.py
[2022-11-21T21:40:52.153-0300] {processor.py:640} INFO - Processing file /home/juliana/Área de Trabalho/datapipeline/.env/lib/python3.8/site-packages/airflow/example_dags/example_branch_day_of_week_operator.py for tasks to queue
[2022-11-21T21:40:52.155-0300] {logging_mixin.py:115} INFO - [2022-11-21T21:40:52.154-0300] {dagbag.py:508} INFO - Filling up the DagBag from /home/juliana/Área de Trabalho/datapipeline/.env/lib/python3.8/site-packages/airflow/example_dags/example_branch_day_of_week_operator.py
[2022-11-21T21:40:52.169-0300] {processor.py:650} INFO - DAG(s) dict_keys(['example_weekday_branch_operator']) retrieved from /home/juliana/Área de Trabalho/datapipeline/.env/lib/python3.8/site-packages/airflow/example_dags/example_branch_day_of_week_operator.py
[2022-11-21T21:40:52.188-0300] {logging_mixin.py:115} INFO - [2022-11-21T21:40:52.188-0300] {dag.py:2429} INFO - Sync 1 DAGs
[2022-11-21T21:40:52.226-0300] {logging_mixin.py:115} INFO - [2022-11-21T21:40:52.226-0300] {dag.py:2977} INFO - Setting next_dagrun for example_weekday_branch_operator to 2022-11-21T00:00:00+00:00, run_after=2022-11-22T00:00:00+00:00
[2022-11-21T21:40:52.242-0300] {processor.py:161} INFO - Processing /home/juliana/Área de Trabalho/datapipeline/.env/lib/python3.8/site-packages/airflow/example_dags/example_branch_day_of_week_operator.py took 0.100 seconds
[2022-11-21T21:41:26.916-0300] {processor.py:153} INFO - Started process (PID=8831) to work on /home/juliana/Área de Trabalho/datapipeline/.env/lib/python3.8/site-packages/airflow/example_dags/example_branch_day_of_week_operator.py
[2022-11-21T21:41:26.918-0300] {processor.py:640} INFO - Processing file /home/juliana/Área de Trabalho/datapipeline/.env/lib/python3.8/site-packages/airflow/example_dags/example_branch_day_of_week_operator.py for tasks to queue
[2022-11-21T21:41:26.919-0300] {logging_mixin.py:115} INFO - [2022-11-21T21:41:26.918-0300] {dagbag.py:508} INFO - Filling up the DagBag from /home/juliana/Área de Trabalho/datapipeline/.env/lib/python3.8/site-packages/airflow/example_dags/example_branch_day_of_week_operator.py
[2022-11-21T21:41:26.932-0300] {processor.py:650} INFO - DAG(s) dict_keys(['example_weekday_branch_operator']) retrieved from /home/juliana/Área de Trabalho/datapipeline/.env/lib/python3.8/site-packages/airflow/example_dags/example_branch_day_of_week_operator.py
[2022-11-21T21:41:26.961-0300] {logging_mixin.py:115} INFO - [2022-11-21T21:41:26.960-0300] {dag.py:2429} INFO - Sync 1 DAGs
[2022-11-21T21:41:27.001-0300] {logging_mixin.py:115} INFO - [2022-11-21T21:41:26.998-0300] {dag.py:2977} INFO - Setting next_dagrun for example_weekday_branch_operator to 2022-11-21T00:00:00+00:00, run_after=2022-11-22T00:00:00+00:00
[2022-11-21T21:41:27.026-0300] {processor.py:161} INFO - Processing /home/juliana/Área de Trabalho/datapipeline/.env/lib/python3.8/site-packages/airflow/example_dags/example_branch_day_of_week_operator.py took 0.116 seconds
[2022-11-21T21:42:01.162-0300] {processor.py:153} INFO - Started process (PID=9049) to work on /home/juliana/Área de Trabalho/datapipeline/.env/lib/python3.8/site-packages/airflow/example_dags/example_branch_day_of_week_operator.py
[2022-11-21T21:42:01.163-0300] {processor.py:640} INFO - Processing file /home/juliana/Área de Trabalho/datapipeline/.env/lib/python3.8/site-packages/airflow/example_dags/example_branch_day_of_week_operator.py for tasks to queue
[2022-11-21T21:42:01.164-0300] {logging_mixin.py:115} INFO - [2022-11-21T21:42:01.163-0300] {dagbag.py:508} INFO - Filling up the DagBag from /home/juliana/Área de Trabalho/datapipeline/.env/lib/python3.8/site-packages/airflow/example_dags/example_branch_day_of_week_operator.py
[2022-11-21T21:42:01.174-0300] {processor.py:650} INFO - DAG(s) dict_keys(['example_weekday_branch_operator']) retrieved from /home/juliana/Área de Trabalho/datapipeline/.env/lib/python3.8/site-packages/airflow/example_dags/example_branch_day_of_week_operator.py
[2022-11-21T21:42:01.193-0300] {logging_mixin.py:115} INFO - [2022-11-21T21:42:01.193-0300] {dag.py:2429} INFO - Sync 1 DAGs
[2022-11-21T21:42:01.214-0300] {logging_mixin.py:115} INFO - [2022-11-21T21:42:01.214-0300] {dag.py:2977} INFO - Setting next_dagrun for example_weekday_branch_operator to 2022-11-21T00:00:00+00:00, run_after=2022-11-22T00:00:00+00:00
[2022-11-21T21:42:01.234-0300] {processor.py:161} INFO - Processing /home/juliana/Área de Trabalho/datapipeline/.env/lib/python3.8/site-packages/airflow/example_dags/example_branch_day_of_week_operator.py took 0.076 seconds
[2022-11-21T21:42:34.594-0300] {processor.py:153} INFO - Started process (PID=9232) to work on /home/juliana/Área de Trabalho/datapipeline/.env/lib/python3.8/site-packages/airflow/example_dags/example_branch_day_of_week_operator.py
[2022-11-21T21:42:34.595-0300] {processor.py:640} INFO - Processing file /home/juliana/Área de Trabalho/datapipeline/.env/lib/python3.8/site-packages/airflow/example_dags/example_branch_day_of_week_operator.py for tasks to queue
[2022-11-21T21:42:34.596-0300] {logging_mixin.py:115} INFO - [2022-11-21T21:42:34.596-0300] {dagbag.py:508} INFO - Filling up the DagBag from /home/juliana/Área de Trabalho/datapipeline/.env/lib/python3.8/site-packages/airflow/example_dags/example_branch_day_of_week_operator.py
[2022-11-21T21:42:34.611-0300] {processor.py:650} INFO - DAG(s) dict_keys(['example_weekday_branch_operator']) retrieved from /home/juliana/Área de Trabalho/datapipeline/.env/lib/python3.8/site-packages/airflow/example_dags/example_branch_day_of_week_operator.py
[2022-11-21T21:42:34.629-0300] {logging_mixin.py:115} INFO - [2022-11-21T21:42:34.629-0300] {dag.py:2429} INFO - Sync 1 DAGs
[2022-11-21T21:42:34.651-0300] {logging_mixin.py:115} INFO - [2022-11-21T21:42:34.650-0300] {dag.py:2977} INFO - Setting next_dagrun for example_weekday_branch_operator to 2022-11-21T00:00:00+00:00, run_after=2022-11-22T00:00:00+00:00
[2022-11-21T21:42:34.670-0300] {processor.py:161} INFO - Processing /home/juliana/Área de Trabalho/datapipeline/.env/lib/python3.8/site-packages/airflow/example_dags/example_branch_day_of_week_operator.py took 0.080 seconds
[2022-11-21T21:43:07.189-0300] {processor.py:153} INFO - Started process (PID=9440) to work on /home/juliana/Área de Trabalho/datapipeline/.env/lib/python3.8/site-packages/airflow/example_dags/example_branch_day_of_week_operator.py
[2022-11-21T21:43:07.191-0300] {processor.py:640} INFO - Processing file /home/juliana/Área de Trabalho/datapipeline/.env/lib/python3.8/site-packages/airflow/example_dags/example_branch_day_of_week_operator.py for tasks to queue
[2022-11-21T21:43:07.192-0300] {logging_mixin.py:115} INFO - [2022-11-21T21:43:07.192-0300] {dagbag.py:508} INFO - Filling up the DagBag from /home/juliana/Área de Trabalho/datapipeline/.env/lib/python3.8/site-packages/airflow/example_dags/example_branch_day_of_week_operator.py
[2022-11-21T21:43:07.202-0300] {processor.py:650} INFO - DAG(s) dict_keys(['example_weekday_branch_operator']) retrieved from /home/juliana/Área de Trabalho/datapipeline/.env/lib/python3.8/site-packages/airflow/example_dags/example_branch_day_of_week_operator.py
[2022-11-21T21:43:07.217-0300] {logging_mixin.py:115} INFO - [2022-11-21T21:43:07.217-0300] {dag.py:2429} INFO - Sync 1 DAGs
[2022-11-21T21:43:07.235-0300] {logging_mixin.py:115} INFO - [2022-11-21T21:43:07.235-0300] {dag.py:2977} INFO - Setting next_dagrun for example_weekday_branch_operator to 2022-11-21T00:00:00+00:00, run_after=2022-11-22T00:00:00+00:00
[2022-11-21T21:43:07.251-0300] {processor.py:161} INFO - Processing /home/juliana/Área de Trabalho/datapipeline/.env/lib/python3.8/site-packages/airflow/example_dags/example_branch_day_of_week_operator.py took 0.067 seconds
[2022-11-21T21:43:39.797-0300] {processor.py:153} INFO - Started process (PID=9623) to work on /home/juliana/Área de Trabalho/datapipeline/.env/lib/python3.8/site-packages/airflow/example_dags/example_branch_day_of_week_operator.py
[2022-11-21T21:43:39.799-0300] {processor.py:640} INFO - Processing file /home/juliana/Área de Trabalho/datapipeline/.env/lib/python3.8/site-packages/airflow/example_dags/example_branch_day_of_week_operator.py for tasks to queue
[2022-11-21T21:43:39.800-0300] {logging_mixin.py:115} INFO - [2022-11-21T21:43:39.800-0300] {dagbag.py:508} INFO - Filling up the DagBag from /home/juliana/Área de Trabalho/datapipeline/.env/lib/python3.8/site-packages/airflow/example_dags/example_branch_day_of_week_operator.py
[2022-11-21T21:43:39.812-0300] {processor.py:650} INFO - DAG(s) dict_keys(['example_weekday_branch_operator']) retrieved from /home/juliana/Área de Trabalho/datapipeline/.env/lib/python3.8/site-packages/airflow/example_dags/example_branch_day_of_week_operator.py
[2022-11-21T21:43:39.830-0300] {logging_mixin.py:115} INFO - [2022-11-21T21:43:39.830-0300] {dag.py:2429} INFO - Sync 1 DAGs
[2022-11-21T21:43:39.845-0300] {logging_mixin.py:115} INFO - [2022-11-21T21:43:39.845-0300] {dag.py:2977} INFO - Setting next_dagrun for example_weekday_branch_operator to 2022-11-21T00:00:00+00:00, run_after=2022-11-22T00:00:00+00:00
[2022-11-21T21:43:39.861-0300] {processor.py:161} INFO - Processing /home/juliana/Área de Trabalho/datapipeline/.env/lib/python3.8/site-packages/airflow/example_dags/example_branch_day_of_week_operator.py took 0.070 seconds
[2022-11-21T21:44:13.327-0300] {processor.py:153} INFO - Started process (PID=9690) to work on /home/juliana/Área de Trabalho/datapipeline/.env/lib/python3.8/site-packages/airflow/example_dags/example_branch_day_of_week_operator.py
[2022-11-21T21:44:13.329-0300] {processor.py:640} INFO - Processing file /home/juliana/Área de Trabalho/datapipeline/.env/lib/python3.8/site-packages/airflow/example_dags/example_branch_day_of_week_operator.py for tasks to queue
[2022-11-21T21:44:13.330-0300] {logging_mixin.py:115} INFO - [2022-11-21T21:44:13.330-0300] {dagbag.py:508} INFO - Filling up the DagBag from /home/juliana/Área de Trabalho/datapipeline/.env/lib/python3.8/site-packages/airflow/example_dags/example_branch_day_of_week_operator.py
[2022-11-21T21:44:13.340-0300] {processor.py:650} INFO - DAG(s) dict_keys(['example_weekday_branch_operator']) retrieved from /home/juliana/Área de Trabalho/datapipeline/.env/lib/python3.8/site-packages/airflow/example_dags/example_branch_day_of_week_operator.py
[2022-11-21T21:44:13.357-0300] {logging_mixin.py:115} INFO - [2022-11-21T21:44:13.357-0300] {dag.py:2429} INFO - Sync 1 DAGs
[2022-11-21T21:44:13.372-0300] {logging_mixin.py:115} INFO - [2022-11-21T21:44:13.372-0300] {dag.py:2977} INFO - Setting next_dagrun for example_weekday_branch_operator to 2022-11-21T00:00:00+00:00, run_after=2022-11-22T00:00:00+00:00
[2022-11-21T21:44:13.393-0300] {processor.py:161} INFO - Processing /home/juliana/Área de Trabalho/datapipeline/.env/lib/python3.8/site-packages/airflow/example_dags/example_branch_day_of_week_operator.py took 0.073 seconds
[2022-11-21T21:44:48.931-0300] {processor.py:153} INFO - Started process (PID=9735) to work on /home/juliana/Área de Trabalho/datapipeline/.env/lib/python3.8/site-packages/airflow/example_dags/example_branch_day_of_week_operator.py
[2022-11-21T21:44:48.933-0300] {processor.py:640} INFO - Processing file /home/juliana/Área de Trabalho/datapipeline/.env/lib/python3.8/site-packages/airflow/example_dags/example_branch_day_of_week_operator.py for tasks to queue
[2022-11-21T21:44:48.934-0300] {logging_mixin.py:115} INFO - [2022-11-21T21:44:48.934-0300] {dagbag.py:508} INFO - Filling up the DagBag from /home/juliana/Área de Trabalho/datapipeline/.env/lib/python3.8/site-packages/airflow/example_dags/example_branch_day_of_week_operator.py
[2022-11-21T21:44:48.951-0300] {processor.py:650} INFO - DAG(s) dict_keys(['example_weekday_branch_operator']) retrieved from /home/juliana/Área de Trabalho/datapipeline/.env/lib/python3.8/site-packages/airflow/example_dags/example_branch_day_of_week_operator.py
[2022-11-21T21:44:48.970-0300] {logging_mixin.py:115} INFO - [2022-11-21T21:44:48.970-0300] {dag.py:2429} INFO - Sync 1 DAGs
[2022-11-21T21:44:48.986-0300] {logging_mixin.py:115} INFO - [2022-11-21T21:44:48.986-0300] {dag.py:2977} INFO - Setting next_dagrun for example_weekday_branch_operator to 2022-11-21T00:00:00+00:00, run_after=2022-11-22T00:00:00+00:00
[2022-11-21T21:44:49.008-0300] {processor.py:161} INFO - Processing /home/juliana/Área de Trabalho/datapipeline/.env/lib/python3.8/site-packages/airflow/example_dags/example_branch_day_of_week_operator.py took 0.083 seconds
[2022-11-21T21:45:26.365-0300] {processor.py:153} INFO - Started process (PID=9778) to work on /home/juliana/Área de Trabalho/datapipeline/.env/lib/python3.8/site-packages/airflow/example_dags/example_branch_day_of_week_operator.py
[2022-11-21T21:45:26.366-0300] {processor.py:640} INFO - Processing file /home/juliana/Área de Trabalho/datapipeline/.env/lib/python3.8/site-packages/airflow/example_dags/example_branch_day_of_week_operator.py for tasks to queue
[2022-11-21T21:45:26.367-0300] {logging_mixin.py:115} INFO - [2022-11-21T21:45:26.367-0300] {dagbag.py:508} INFO - Filling up the DagBag from /home/juliana/Área de Trabalho/datapipeline/.env/lib/python3.8/site-packages/airflow/example_dags/example_branch_day_of_week_operator.py
[2022-11-21T21:45:26.379-0300] {processor.py:650} INFO - DAG(s) dict_keys(['example_weekday_branch_operator']) retrieved from /home/juliana/Área de Trabalho/datapipeline/.env/lib/python3.8/site-packages/airflow/example_dags/example_branch_day_of_week_operator.py
[2022-11-21T21:45:26.398-0300] {logging_mixin.py:115} INFO - [2022-11-21T21:45:26.398-0300] {dag.py:2429} INFO - Sync 1 DAGs
[2022-11-21T21:45:26.413-0300] {logging_mixin.py:115} INFO - [2022-11-21T21:45:26.413-0300] {dag.py:2977} INFO - Setting next_dagrun for example_weekday_branch_operator to 2022-11-21T00:00:00+00:00, run_after=2022-11-22T00:00:00+00:00
[2022-11-21T21:45:26.432-0300] {processor.py:161} INFO - Processing /home/juliana/Área de Trabalho/datapipeline/.env/lib/python3.8/site-packages/airflow/example_dags/example_branch_day_of_week_operator.py took 0.074 seconds
[2022-11-21T21:46:01.269-0300] {processor.py:153} INFO - Started process (PID=9901) to work on /home/juliana/Área de Trabalho/datapipeline/.env/lib/python3.8/site-packages/airflow/example_dags/example_branch_day_of_week_operator.py
[2022-11-21T21:46:01.272-0300] {processor.py:640} INFO - Processing file /home/juliana/Área de Trabalho/datapipeline/.env/lib/python3.8/site-packages/airflow/example_dags/example_branch_day_of_week_operator.py for tasks to queue
[2022-11-21T21:46:01.273-0300] {logging_mixin.py:115} INFO - [2022-11-21T21:46:01.273-0300] {dagbag.py:508} INFO - Filling up the DagBag from /home/juliana/Área de Trabalho/datapipeline/.env/lib/python3.8/site-packages/airflow/example_dags/example_branch_day_of_week_operator.py
[2022-11-21T21:46:01.282-0300] {processor.py:650} INFO - DAG(s) dict_keys(['example_weekday_branch_operator']) retrieved from /home/juliana/Área de Trabalho/datapipeline/.env/lib/python3.8/site-packages/airflow/example_dags/example_branch_day_of_week_operator.py
[2022-11-21T21:46:01.300-0300] {logging_mixin.py:115} INFO - [2022-11-21T21:46:01.300-0300] {dag.py:2429} INFO - Sync 1 DAGs
[2022-11-21T21:46:01.315-0300] {logging_mixin.py:115} INFO - [2022-11-21T21:46:01.315-0300] {dag.py:2977} INFO - Setting next_dagrun for example_weekday_branch_operator to 2022-11-21T00:00:00+00:00, run_after=2022-11-22T00:00:00+00:00
[2022-11-21T21:46:01.329-0300] {processor.py:161} INFO - Processing /home/juliana/Área de Trabalho/datapipeline/.env/lib/python3.8/site-packages/airflow/example_dags/example_branch_day_of_week_operator.py took 0.072 seconds
[2022-11-21T21:46:35.103-0300] {processor.py:153} INFO - Started process (PID=10090) to work on /home/juliana/Área de Trabalho/datapipeline/.env/lib/python3.8/site-packages/airflow/example_dags/example_branch_day_of_week_operator.py
[2022-11-21T21:46:35.104-0300] {processor.py:640} INFO - Processing file /home/juliana/Área de Trabalho/datapipeline/.env/lib/python3.8/site-packages/airflow/example_dags/example_branch_day_of_week_operator.py for tasks to queue
[2022-11-21T21:46:35.105-0300] {logging_mixin.py:115} INFO - [2022-11-21T21:46:35.105-0300] {dagbag.py:508} INFO - Filling up the DagBag from /home/juliana/Área de Trabalho/datapipeline/.env/lib/python3.8/site-packages/airflow/example_dags/example_branch_day_of_week_operator.py
[2022-11-21T21:46:35.116-0300] {processor.py:650} INFO - DAG(s) dict_keys(['example_weekday_branch_operator']) retrieved from /home/juliana/Área de Trabalho/datapipeline/.env/lib/python3.8/site-packages/airflow/example_dags/example_branch_day_of_week_operator.py
[2022-11-21T21:46:35.139-0300] {logging_mixin.py:115} INFO - [2022-11-21T21:46:35.139-0300] {dag.py:2429} INFO - Sync 1 DAGs
[2022-11-21T21:46:35.155-0300] {logging_mixin.py:115} INFO - [2022-11-21T21:46:35.155-0300] {dag.py:2977} INFO - Setting next_dagrun for example_weekday_branch_operator to 2022-11-21T00:00:00+00:00, run_after=2022-11-22T00:00:00+00:00
[2022-11-21T21:46:35.177-0300] {processor.py:161} INFO - Processing /home/juliana/Área de Trabalho/datapipeline/.env/lib/python3.8/site-packages/airflow/example_dags/example_branch_day_of_week_operator.py took 0.080 seconds
[2022-11-21T21:47:09.361-0300] {processor.py:153} INFO - Started process (PID=10303) to work on /home/juliana/Área de Trabalho/datapipeline/.env/lib/python3.8/site-packages/airflow/example_dags/example_branch_day_of_week_operator.py
[2022-11-21T21:47:09.362-0300] {processor.py:640} INFO - Processing file /home/juliana/Área de Trabalho/datapipeline/.env/lib/python3.8/site-packages/airflow/example_dags/example_branch_day_of_week_operator.py for tasks to queue
[2022-11-21T21:47:09.363-0300] {logging_mixin.py:115} INFO - [2022-11-21T21:47:09.363-0300] {dagbag.py:508} INFO - Filling up the DagBag from /home/juliana/Área de Trabalho/datapipeline/.env/lib/python3.8/site-packages/airflow/example_dags/example_branch_day_of_week_operator.py
[2022-11-21T21:47:09.374-0300] {processor.py:650} INFO - DAG(s) dict_keys(['example_weekday_branch_operator']) retrieved from /home/juliana/Área de Trabalho/datapipeline/.env/lib/python3.8/site-packages/airflow/example_dags/example_branch_day_of_week_operator.py
[2022-11-21T21:47:09.393-0300] {logging_mixin.py:115} INFO - [2022-11-21T21:47:09.392-0300] {dag.py:2429} INFO - Sync 1 DAGs
[2022-11-21T21:47:09.408-0300] {logging_mixin.py:115} INFO - [2022-11-21T21:47:09.408-0300] {dag.py:2977} INFO - Setting next_dagrun for example_weekday_branch_operator to 2022-11-21T00:00:00+00:00, run_after=2022-11-22T00:00:00+00:00
[2022-11-21T21:47:09.470-0300] {processor.py:161} INFO - Processing /home/juliana/Área de Trabalho/datapipeline/.env/lib/python3.8/site-packages/airflow/example_dags/example_branch_day_of_week_operator.py took 0.114 seconds
[2022-11-21T21:47:45.941-0300] {processor.py:153} INFO - Started process (PID=10513) to work on /home/juliana/Área de Trabalho/datapipeline/.env/lib/python3.8/site-packages/airflow/example_dags/example_branch_day_of_week_operator.py
[2022-11-21T21:47:45.946-0300] {processor.py:640} INFO - Processing file /home/juliana/Área de Trabalho/datapipeline/.env/lib/python3.8/site-packages/airflow/example_dags/example_branch_day_of_week_operator.py for tasks to queue
[2022-11-21T21:47:45.947-0300] {logging_mixin.py:115} INFO - [2022-11-21T21:47:45.947-0300] {dagbag.py:508} INFO - Filling up the DagBag from /home/juliana/Área de Trabalho/datapipeline/.env/lib/python3.8/site-packages/airflow/example_dags/example_branch_day_of_week_operator.py
[2022-11-21T21:47:45.970-0300] {processor.py:650} INFO - DAG(s) dict_keys(['example_weekday_branch_operator']) retrieved from /home/juliana/Área de Trabalho/datapipeline/.env/lib/python3.8/site-packages/airflow/example_dags/example_branch_day_of_week_operator.py
[2022-11-21T21:47:46.008-0300] {logging_mixin.py:115} INFO - [2022-11-21T21:47:46.003-0300] {dag.py:2429} INFO - Sync 1 DAGs
[2022-11-21T21:47:46.050-0300] {logging_mixin.py:115} INFO - [2022-11-21T21:47:46.050-0300] {dag.py:2977} INFO - Setting next_dagrun for example_weekday_branch_operator to 2022-11-21T00:00:00+00:00, run_after=2022-11-22T00:00:00+00:00
[2022-11-21T21:47:46.079-0300] {processor.py:161} INFO - Processing /home/juliana/Área de Trabalho/datapipeline/.env/lib/python3.8/site-packages/airflow/example_dags/example_branch_day_of_week_operator.py took 0.141 seconds
[2022-11-21T21:48:21.030-0300] {processor.py:153} INFO - Started process (PID=10603) to work on /home/juliana/Área de Trabalho/datapipeline/.env/lib/python3.8/site-packages/airflow/example_dags/example_branch_day_of_week_operator.py
[2022-11-21T21:48:21.031-0300] {processor.py:640} INFO - Processing file /home/juliana/Área de Trabalho/datapipeline/.env/lib/python3.8/site-packages/airflow/example_dags/example_branch_day_of_week_operator.py for tasks to queue
[2022-11-21T21:48:21.032-0300] {logging_mixin.py:115} INFO - [2022-11-21T21:48:21.032-0300] {dagbag.py:508} INFO - Filling up the DagBag from /home/juliana/Área de Trabalho/datapipeline/.env/lib/python3.8/site-packages/airflow/example_dags/example_branch_day_of_week_operator.py
[2022-11-21T21:48:21.041-0300] {processor.py:650} INFO - DAG(s) dict_keys(['example_weekday_branch_operator']) retrieved from /home/juliana/Área de Trabalho/datapipeline/.env/lib/python3.8/site-packages/airflow/example_dags/example_branch_day_of_week_operator.py
[2022-11-21T21:48:21.058-0300] {logging_mixin.py:115} INFO - [2022-11-21T21:48:21.058-0300] {dag.py:2429} INFO - Sync 1 DAGs
[2022-11-21T21:48:21.079-0300] {logging_mixin.py:115} INFO - [2022-11-21T21:48:21.079-0300] {dag.py:2977} INFO - Setting next_dagrun for example_weekday_branch_operator to 2022-11-21T00:00:00+00:00, run_after=2022-11-22T00:00:00+00:00
[2022-11-21T21:48:21.095-0300] {processor.py:161} INFO - Processing /home/juliana/Área de Trabalho/datapipeline/.env/lib/python3.8/site-packages/airflow/example_dags/example_branch_day_of_week_operator.py took 0.069 seconds
[2022-11-21T21:48:53.698-0300] {processor.py:153} INFO - Started process (PID=10741) to work on /home/juliana/Área de Trabalho/datapipeline/.env/lib/python3.8/site-packages/airflow/example_dags/example_branch_day_of_week_operator.py
[2022-11-21T21:48:53.700-0300] {processor.py:640} INFO - Processing file /home/juliana/Área de Trabalho/datapipeline/.env/lib/python3.8/site-packages/airflow/example_dags/example_branch_day_of_week_operator.py for tasks to queue
[2022-11-21T21:48:53.700-0300] {logging_mixin.py:115} INFO - [2022-11-21T21:48:53.700-0300] {dagbag.py:508} INFO - Filling up the DagBag from /home/juliana/Área de Trabalho/datapipeline/.env/lib/python3.8/site-packages/airflow/example_dags/example_branch_day_of_week_operator.py
[2022-11-21T21:48:53.709-0300] {processor.py:650} INFO - DAG(s) dict_keys(['example_weekday_branch_operator']) retrieved from /home/juliana/Área de Trabalho/datapipeline/.env/lib/python3.8/site-packages/airflow/example_dags/example_branch_day_of_week_operator.py
[2022-11-21T21:48:53.725-0300] {logging_mixin.py:115} INFO - [2022-11-21T21:48:53.725-0300] {dag.py:2429} INFO - Sync 1 DAGs
[2022-11-21T21:48:53.740-0300] {logging_mixin.py:115} INFO - [2022-11-21T21:48:53.740-0300] {dag.py:2977} INFO - Setting next_dagrun for example_weekday_branch_operator to 2022-11-21T00:00:00+00:00, run_after=2022-11-22T00:00:00+00:00
[2022-11-21T21:48:53.756-0300] {processor.py:161} INFO - Processing /home/juliana/Área de Trabalho/datapipeline/.env/lib/python3.8/site-packages/airflow/example_dags/example_branch_day_of_week_operator.py took 0.061 seconds
[2022-11-21T21:49:31.919-0300] {processor.py:153} INFO - Started process (PID=10780) to work on /home/juliana/Área de Trabalho/datapipeline/.env/lib/python3.8/site-packages/airflow/example_dags/example_branch_day_of_week_operator.py
[2022-11-21T21:49:31.920-0300] {processor.py:640} INFO - Processing file /home/juliana/Área de Trabalho/datapipeline/.env/lib/python3.8/site-packages/airflow/example_dags/example_branch_day_of_week_operator.py for tasks to queue
[2022-11-21T21:49:31.921-0300] {logging_mixin.py:115} INFO - [2022-11-21T21:49:31.921-0300] {dagbag.py:508} INFO - Filling up the DagBag from /home/juliana/Área de Trabalho/datapipeline/.env/lib/python3.8/site-packages/airflow/example_dags/example_branch_day_of_week_operator.py
[2022-11-21T21:49:31.929-0300] {processor.py:650} INFO - DAG(s) dict_keys(['example_weekday_branch_operator']) retrieved from /home/juliana/Área de Trabalho/datapipeline/.env/lib/python3.8/site-packages/airflow/example_dags/example_branch_day_of_week_operator.py
[2022-11-21T21:49:31.948-0300] {logging_mixin.py:115} INFO - [2022-11-21T21:49:31.948-0300] {dag.py:2429} INFO - Sync 1 DAGs
[2022-11-21T21:49:31.962-0300] {logging_mixin.py:115} INFO - [2022-11-21T21:49:31.962-0300] {dag.py:2977} INFO - Setting next_dagrun for example_weekday_branch_operator to 2022-11-21T00:00:00+00:00, run_after=2022-11-22T00:00:00+00:00
[2022-11-21T21:49:31.983-0300] {processor.py:161} INFO - Processing /home/juliana/Área de Trabalho/datapipeline/.env/lib/python3.8/site-packages/airflow/example_dags/example_branch_day_of_week_operator.py took 0.067 seconds
[2022-11-21T21:50:08.237-0300] {processor.py:153} INFO - Started process (PID=10817) to work on /home/juliana/Área de Trabalho/datapipeline/.env/lib/python3.8/site-packages/airflow/example_dags/example_branch_day_of_week_operator.py
[2022-11-21T21:50:08.239-0300] {processor.py:640} INFO - Processing file /home/juliana/Área de Trabalho/datapipeline/.env/lib/python3.8/site-packages/airflow/example_dags/example_branch_day_of_week_operator.py for tasks to queue
[2022-11-21T21:50:08.240-0300] {logging_mixin.py:115} INFO - [2022-11-21T21:50:08.240-0300] {dagbag.py:508} INFO - Filling up the DagBag from /home/juliana/Área de Trabalho/datapipeline/.env/lib/python3.8/site-packages/airflow/example_dags/example_branch_day_of_week_operator.py
[2022-11-21T21:50:08.253-0300] {processor.py:650} INFO - DAG(s) dict_keys(['example_weekday_branch_operator']) retrieved from /home/juliana/Área de Trabalho/datapipeline/.env/lib/python3.8/site-packages/airflow/example_dags/example_branch_day_of_week_operator.py
[2022-11-21T21:50:08.272-0300] {logging_mixin.py:115} INFO - [2022-11-21T21:50:08.272-0300] {dag.py:2429} INFO - Sync 1 DAGs
[2022-11-21T21:50:08.287-0300] {logging_mixin.py:115} INFO - [2022-11-21T21:50:08.287-0300] {dag.py:2977} INFO - Setting next_dagrun for example_weekday_branch_operator to 2022-11-21T00:00:00+00:00, run_after=2022-11-22T00:00:00+00:00
[2022-11-21T21:50:08.351-0300] {processor.py:161} INFO - Processing /home/juliana/Área de Trabalho/datapipeline/.env/lib/python3.8/site-packages/airflow/example_dags/example_branch_day_of_week_operator.py took 0.120 seconds
[2022-11-21T21:50:41.953-0300] {processor.py:153} INFO - Started process (PID=10875) to work on /home/juliana/Área de Trabalho/datapipeline/.env/lib/python3.8/site-packages/airflow/example_dags/example_branch_day_of_week_operator.py
[2022-11-21T21:50:41.955-0300] {processor.py:640} INFO - Processing file /home/juliana/Área de Trabalho/datapipeline/.env/lib/python3.8/site-packages/airflow/example_dags/example_branch_day_of_week_operator.py for tasks to queue
[2022-11-21T21:50:41.956-0300] {logging_mixin.py:115} INFO - [2022-11-21T21:50:41.956-0300] {dagbag.py:508} INFO - Filling up the DagBag from /home/juliana/Área de Trabalho/datapipeline/.env/lib/python3.8/site-packages/airflow/example_dags/example_branch_day_of_week_operator.py
[2022-11-21T21:50:41.981-0300] {processor.py:650} INFO - DAG(s) dict_keys(['example_weekday_branch_operator']) retrieved from /home/juliana/Área de Trabalho/datapipeline/.env/lib/python3.8/site-packages/airflow/example_dags/example_branch_day_of_week_operator.py
[2022-11-21T21:50:42.000-0300] {logging_mixin.py:115} INFO - [2022-11-21T21:50:42.000-0300] {dag.py:2429} INFO - Sync 1 DAGs
[2022-11-21T21:50:42.017-0300] {logging_mixin.py:115} INFO - [2022-11-21T21:50:42.017-0300] {dag.py:2977} INFO - Setting next_dagrun for example_weekday_branch_operator to 2022-11-21T00:00:00+00:00, run_after=2022-11-22T00:00:00+00:00
[2022-11-21T21:50:42.034-0300] {processor.py:161} INFO - Processing /home/juliana/Área de Trabalho/datapipeline/.env/lib/python3.8/site-packages/airflow/example_dags/example_branch_day_of_week_operator.py took 0.087 seconds
[2022-11-21T21:51:19.485-0300] {processor.py:153} INFO - Started process (PID=10915) to work on /home/juliana/Área de Trabalho/datapipeline/.env/lib/python3.8/site-packages/airflow/example_dags/example_branch_day_of_week_operator.py
[2022-11-21T21:51:19.486-0300] {processor.py:640} INFO - Processing file /home/juliana/Área de Trabalho/datapipeline/.env/lib/python3.8/site-packages/airflow/example_dags/example_branch_day_of_week_operator.py for tasks to queue
[2022-11-21T21:51:19.487-0300] {logging_mixin.py:115} INFO - [2022-11-21T21:51:19.487-0300] {dagbag.py:508} INFO - Filling up the DagBag from /home/juliana/Área de Trabalho/datapipeline/.env/lib/python3.8/site-packages/airflow/example_dags/example_branch_day_of_week_operator.py
[2022-11-21T21:51:19.498-0300] {processor.py:650} INFO - DAG(s) dict_keys(['example_weekday_branch_operator']) retrieved from /home/juliana/Área de Trabalho/datapipeline/.env/lib/python3.8/site-packages/airflow/example_dags/example_branch_day_of_week_operator.py
[2022-11-21T21:51:19.516-0300] {logging_mixin.py:115} INFO - [2022-11-21T21:51:19.516-0300] {dag.py:2429} INFO - Sync 1 DAGs
[2022-11-21T21:51:19.534-0300] {logging_mixin.py:115} INFO - [2022-11-21T21:51:19.533-0300] {dag.py:2977} INFO - Setting next_dagrun for example_weekday_branch_operator to 2022-11-21T00:00:00+00:00, run_after=2022-11-22T00:00:00+00:00
[2022-11-21T21:51:19.552-0300] {processor.py:161} INFO - Processing /home/juliana/Área de Trabalho/datapipeline/.env/lib/python3.8/site-packages/airflow/example_dags/example_branch_day_of_week_operator.py took 0.071 seconds
[2022-11-21T21:51:56.421-0300] {processor.py:153} INFO - Started process (PID=10949) to work on /home/juliana/Área de Trabalho/datapipeline/.env/lib/python3.8/site-packages/airflow/example_dags/example_branch_day_of_week_operator.py
[2022-11-21T21:51:56.423-0300] {processor.py:640} INFO - Processing file /home/juliana/Área de Trabalho/datapipeline/.env/lib/python3.8/site-packages/airflow/example_dags/example_branch_day_of_week_operator.py for tasks to queue
[2022-11-21T21:51:56.424-0300] {logging_mixin.py:115} INFO - [2022-11-21T21:51:56.424-0300] {dagbag.py:508} INFO - Filling up the DagBag from /home/juliana/Área de Trabalho/datapipeline/.env/lib/python3.8/site-packages/airflow/example_dags/example_branch_day_of_week_operator.py
[2022-11-21T21:51:56.437-0300] {processor.py:650} INFO - DAG(s) dict_keys(['example_weekday_branch_operator']) retrieved from /home/juliana/Área de Trabalho/datapipeline/.env/lib/python3.8/site-packages/airflow/example_dags/example_branch_day_of_week_operator.py
[2022-11-21T21:51:56.456-0300] {logging_mixin.py:115} INFO - [2022-11-21T21:51:56.456-0300] {dag.py:2429} INFO - Sync 1 DAGs
[2022-11-21T21:51:56.473-0300] {logging_mixin.py:115} INFO - [2022-11-21T21:51:56.472-0300] {dag.py:2977} INFO - Setting next_dagrun for example_weekday_branch_operator to 2022-11-21T00:00:00+00:00, run_after=2022-11-22T00:00:00+00:00
[2022-11-21T21:51:56.492-0300] {processor.py:161} INFO - Processing /home/juliana/Área de Trabalho/datapipeline/.env/lib/python3.8/site-packages/airflow/example_dags/example_branch_day_of_week_operator.py took 0.076 seconds
[2022-11-21T21:52:30.201-0300] {processor.py:153} INFO - Started process (PID=10984) to work on /home/juliana/Área de Trabalho/datapipeline/.env/lib/python3.8/site-packages/airflow/example_dags/example_branch_day_of_week_operator.py
[2022-11-21T21:52:30.203-0300] {processor.py:640} INFO - Processing file /home/juliana/Área de Trabalho/datapipeline/.env/lib/python3.8/site-packages/airflow/example_dags/example_branch_day_of_week_operator.py for tasks to queue
[2022-11-21T21:52:30.204-0300] {logging_mixin.py:115} INFO - [2022-11-21T21:52:30.203-0300] {dagbag.py:508} INFO - Filling up the DagBag from /home/juliana/Área de Trabalho/datapipeline/.env/lib/python3.8/site-packages/airflow/example_dags/example_branch_day_of_week_operator.py
[2022-11-21T21:52:30.214-0300] {processor.py:650} INFO - DAG(s) dict_keys(['example_weekday_branch_operator']) retrieved from /home/juliana/Área de Trabalho/datapipeline/.env/lib/python3.8/site-packages/airflow/example_dags/example_branch_day_of_week_operator.py
[2022-11-21T21:52:30.232-0300] {logging_mixin.py:115} INFO - [2022-11-21T21:52:30.232-0300] {dag.py:2429} INFO - Sync 1 DAGs
[2022-11-21T21:52:30.248-0300] {logging_mixin.py:115} INFO - [2022-11-21T21:52:30.247-0300] {dag.py:2977} INFO - Setting next_dagrun for example_weekday_branch_operator to 2022-11-21T00:00:00+00:00, run_after=2022-11-22T00:00:00+00:00
[2022-11-21T21:52:30.270-0300] {processor.py:161} INFO - Processing /home/juliana/Área de Trabalho/datapipeline/.env/lib/python3.8/site-packages/airflow/example_dags/example_branch_day_of_week_operator.py took 0.074 seconds
[2022-11-21T21:53:04.954-0300] {processor.py:153} INFO - Started process (PID=11028) to work on /home/juliana/Área de Trabalho/datapipeline/.env/lib/python3.8/site-packages/airflow/example_dags/example_branch_day_of_week_operator.py
[2022-11-21T21:53:04.955-0300] {processor.py:640} INFO - Processing file /home/juliana/Área de Trabalho/datapipeline/.env/lib/python3.8/site-packages/airflow/example_dags/example_branch_day_of_week_operator.py for tasks to queue
[2022-11-21T21:53:04.956-0300] {logging_mixin.py:115} INFO - [2022-11-21T21:53:04.956-0300] {dagbag.py:508} INFO - Filling up the DagBag from /home/juliana/Área de Trabalho/datapipeline/.env/lib/python3.8/site-packages/airflow/example_dags/example_branch_day_of_week_operator.py
[2022-11-21T21:53:04.969-0300] {processor.py:650} INFO - DAG(s) dict_keys(['example_weekday_branch_operator']) retrieved from /home/juliana/Área de Trabalho/datapipeline/.env/lib/python3.8/site-packages/airflow/example_dags/example_branch_day_of_week_operator.py
[2022-11-21T21:53:04.989-0300] {logging_mixin.py:115} INFO - [2022-11-21T21:53:04.989-0300] {dag.py:2429} INFO - Sync 1 DAGs
[2022-11-21T21:53:05.007-0300] {logging_mixin.py:115} INFO - [2022-11-21T21:53:05.007-0300] {dag.py:2977} INFO - Setting next_dagrun for example_weekday_branch_operator to 2022-11-21T00:00:00+00:00, run_after=2022-11-22T00:00:00+00:00
[2022-11-21T21:53:05.027-0300] {processor.py:161} INFO - Processing /home/juliana/Área de Trabalho/datapipeline/.env/lib/python3.8/site-packages/airflow/example_dags/example_branch_day_of_week_operator.py took 0.079 seconds
[2022-11-21T21:53:37.475-0300] {processor.py:153} INFO - Started process (PID=11196) to work on /home/juliana/Área de Trabalho/datapipeline/.env/lib/python3.8/site-packages/airflow/example_dags/example_branch_day_of_week_operator.py
[2022-11-21T21:53:37.476-0300] {processor.py:640} INFO - Processing file /home/juliana/Área de Trabalho/datapipeline/.env/lib/python3.8/site-packages/airflow/example_dags/example_branch_day_of_week_operator.py for tasks to queue
[2022-11-21T21:53:37.477-0300] {logging_mixin.py:115} INFO - [2022-11-21T21:53:37.477-0300] {dagbag.py:508} INFO - Filling up the DagBag from /home/juliana/Área de Trabalho/datapipeline/.env/lib/python3.8/site-packages/airflow/example_dags/example_branch_day_of_week_operator.py
[2022-11-21T21:53:37.486-0300] {processor.py:650} INFO - DAG(s) dict_keys(['example_weekday_branch_operator']) retrieved from /home/juliana/Área de Trabalho/datapipeline/.env/lib/python3.8/site-packages/airflow/example_dags/example_branch_day_of_week_operator.py
[2022-11-21T21:53:37.503-0300] {logging_mixin.py:115} INFO - [2022-11-21T21:53:37.503-0300] {dag.py:2429} INFO - Sync 1 DAGs
[2022-11-21T21:53:37.520-0300] {logging_mixin.py:115} INFO - [2022-11-21T21:53:37.520-0300] {dag.py:2977} INFO - Setting next_dagrun for example_weekday_branch_operator to 2022-11-21T00:00:00+00:00, run_after=2022-11-22T00:00:00+00:00
[2022-11-21T21:53:37.536-0300] {processor.py:161} INFO - Processing /home/juliana/Área de Trabalho/datapipeline/.env/lib/python3.8/site-packages/airflow/example_dags/example_branch_day_of_week_operator.py took 0.065 seconds
[2022-11-21T21:54:10.340-0300] {processor.py:153} INFO - Started process (PID=11410) to work on /home/juliana/Área de Trabalho/datapipeline/.env/lib/python3.8/site-packages/airflow/example_dags/example_branch_day_of_week_operator.py
[2022-11-21T21:54:10.342-0300] {processor.py:640} INFO - Processing file /home/juliana/Área de Trabalho/datapipeline/.env/lib/python3.8/site-packages/airflow/example_dags/example_branch_day_of_week_operator.py for tasks to queue
[2022-11-21T21:54:10.343-0300] {logging_mixin.py:115} INFO - [2022-11-21T21:54:10.343-0300] {dagbag.py:508} INFO - Filling up the DagBag from /home/juliana/Área de Trabalho/datapipeline/.env/lib/python3.8/site-packages/airflow/example_dags/example_branch_day_of_week_operator.py
[2022-11-21T21:54:10.355-0300] {processor.py:650} INFO - DAG(s) dict_keys(['example_weekday_branch_operator']) retrieved from /home/juliana/Área de Trabalho/datapipeline/.env/lib/python3.8/site-packages/airflow/example_dags/example_branch_day_of_week_operator.py
[2022-11-21T21:54:10.373-0300] {logging_mixin.py:115} INFO - [2022-11-21T21:54:10.373-0300] {dag.py:2429} INFO - Sync 1 DAGs
[2022-11-21T21:54:10.391-0300] {logging_mixin.py:115} INFO - [2022-11-21T21:54:10.391-0300] {dag.py:2977} INFO - Setting next_dagrun for example_weekday_branch_operator to 2022-11-21T00:00:00+00:00, run_after=2022-11-22T00:00:00+00:00
[2022-11-21T21:54:10.408-0300] {processor.py:161} INFO - Processing /home/juliana/Área de Trabalho/datapipeline/.env/lib/python3.8/site-packages/airflow/example_dags/example_branch_day_of_week_operator.py took 0.072 seconds
[2022-11-21T21:54:44.622-0300] {processor.py:153} INFO - Started process (PID=11544) to work on /home/juliana/Área de Trabalho/datapipeline/.env/lib/python3.8/site-packages/airflow/example_dags/example_branch_day_of_week_operator.py
[2022-11-21T21:54:44.623-0300] {processor.py:640} INFO - Processing file /home/juliana/Área de Trabalho/datapipeline/.env/lib/python3.8/site-packages/airflow/example_dags/example_branch_day_of_week_operator.py for tasks to queue
[2022-11-21T21:54:44.624-0300] {logging_mixin.py:115} INFO - [2022-11-21T21:54:44.624-0300] {dagbag.py:508} INFO - Filling up the DagBag from /home/juliana/Área de Trabalho/datapipeline/.env/lib/python3.8/site-packages/airflow/example_dags/example_branch_day_of_week_operator.py
[2022-11-21T21:54:44.637-0300] {processor.py:650} INFO - DAG(s) dict_keys(['example_weekday_branch_operator']) retrieved from /home/juliana/Área de Trabalho/datapipeline/.env/lib/python3.8/site-packages/airflow/example_dags/example_branch_day_of_week_operator.py
[2022-11-21T21:54:44.657-0300] {logging_mixin.py:115} INFO - [2022-11-21T21:54:44.657-0300] {dag.py:2429} INFO - Sync 1 DAGs
[2022-11-21T21:54:44.679-0300] {logging_mixin.py:115} INFO - [2022-11-21T21:54:44.678-0300] {dag.py:2977} INFO - Setting next_dagrun for example_weekday_branch_operator to 2022-11-21T00:00:00+00:00, run_after=2022-11-22T00:00:00+00:00
[2022-11-21T21:54:44.698-0300] {processor.py:161} INFO - Processing /home/juliana/Área de Trabalho/datapipeline/.env/lib/python3.8/site-packages/airflow/example_dags/example_branch_day_of_week_operator.py took 0.082 seconds
[2022-11-21T21:55:30.204-0300] {processor.py:153} INFO - Started process (PID=11643) to work on /home/juliana/Área de Trabalho/datapipeline/.env/lib/python3.8/site-packages/airflow/example_dags/example_branch_day_of_week_operator.py
[2022-11-21T21:55:30.210-0300] {processor.py:640} INFO - Processing file /home/juliana/Área de Trabalho/datapipeline/.env/lib/python3.8/site-packages/airflow/example_dags/example_branch_day_of_week_operator.py for tasks to queue
[2022-11-21T21:55:30.211-0300] {logging_mixin.py:115} INFO - [2022-11-21T21:55:30.211-0300] {dagbag.py:508} INFO - Filling up the DagBag from /home/juliana/Área de Trabalho/datapipeline/.env/lib/python3.8/site-packages/airflow/example_dags/example_branch_day_of_week_operator.py
[2022-11-21T21:55:30.223-0300] {processor.py:650} INFO - DAG(s) dict_keys(['example_weekday_branch_operator']) retrieved from /home/juliana/Área de Trabalho/datapipeline/.env/lib/python3.8/site-packages/airflow/example_dags/example_branch_day_of_week_operator.py
[2022-11-21T21:55:30.241-0300] {logging_mixin.py:115} INFO - [2022-11-21T21:55:30.241-0300] {dag.py:2429} INFO - Sync 1 DAGs
[2022-11-21T21:55:30.259-0300] {logging_mixin.py:115} INFO - [2022-11-21T21:55:30.259-0300] {dag.py:2977} INFO - Setting next_dagrun for example_weekday_branch_operator to 2022-11-21T00:00:00+00:00, run_after=2022-11-22T00:00:00+00:00
[2022-11-21T21:55:30.275-0300] {processor.py:161} INFO - Processing /home/juliana/Área de Trabalho/datapipeline/.env/lib/python3.8/site-packages/airflow/example_dags/example_branch_day_of_week_operator.py took 0.075 seconds
[2022-11-21T21:56:12.056-0300] {processor.py:153} INFO - Started process (PID=12010) to work on /home/juliana/Área de Trabalho/datapipeline/.env/lib/python3.8/site-packages/airflow/example_dags/example_branch_day_of_week_operator.py
[2022-11-21T21:56:12.062-0300] {processor.py:640} INFO - Processing file /home/juliana/Área de Trabalho/datapipeline/.env/lib/python3.8/site-packages/airflow/example_dags/example_branch_day_of_week_operator.py for tasks to queue
[2022-11-21T21:56:12.064-0300] {logging_mixin.py:115} INFO - [2022-11-21T21:56:12.064-0300] {dagbag.py:508} INFO - Filling up the DagBag from /home/juliana/Área de Trabalho/datapipeline/.env/lib/python3.8/site-packages/airflow/example_dags/example_branch_day_of_week_operator.py
[2022-11-21T21:56:12.132-0300] {processor.py:650} INFO - DAG(s) dict_keys(['example_weekday_branch_operator']) retrieved from /home/juliana/Área de Trabalho/datapipeline/.env/lib/python3.8/site-packages/airflow/example_dags/example_branch_day_of_week_operator.py
[2022-11-21T21:56:12.202-0300] {logging_mixin.py:115} INFO - [2022-11-21T21:56:12.202-0300] {dag.py:2429} INFO - Sync 1 DAGs
[2022-11-21T21:56:12.295-0300] {logging_mixin.py:115} INFO - [2022-11-21T21:56:12.295-0300] {dag.py:2977} INFO - Setting next_dagrun for example_weekday_branch_operator to 2022-11-21T00:00:00+00:00, run_after=2022-11-22T00:00:00+00:00
[2022-11-21T21:56:12.357-0300] {processor.py:161} INFO - Processing /home/juliana/Área de Trabalho/datapipeline/.env/lib/python3.8/site-packages/airflow/example_dags/example_branch_day_of_week_operator.py took 0.309 seconds
[2022-11-21T22:03:38.787-0300] {processor.py:153} INFO - Started process (PID=2279) to work on /home/juliana/Área de Trabalho/datapipeline/.env/lib/python3.8/site-packages/airflow/example_dags/example_branch_day_of_week_operator.py
[2022-11-21T22:03:38.793-0300] {processor.py:640} INFO - Processing file /home/juliana/Área de Trabalho/datapipeline/.env/lib/python3.8/site-packages/airflow/example_dags/example_branch_day_of_week_operator.py for tasks to queue
[2022-11-21T22:03:38.794-0300] {logging_mixin.py:115} INFO - [2022-11-21T22:03:38.794-0300] {dagbag.py:508} INFO - Filling up the DagBag from /home/juliana/Área de Trabalho/datapipeline/.env/lib/python3.8/site-packages/airflow/example_dags/example_branch_day_of_week_operator.py
[2022-11-21T22:03:38.806-0300] {processor.py:650} INFO - DAG(s) dict_keys(['example_weekday_branch_operator']) retrieved from /home/juliana/Área de Trabalho/datapipeline/.env/lib/python3.8/site-packages/airflow/example_dags/example_branch_day_of_week_operator.py
[2022-11-21T22:03:38.832-0300] {logging_mixin.py:115} INFO - [2022-11-21T22:03:38.832-0300] {dag.py:2429} INFO - Sync 1 DAGs
[2022-11-21T22:03:38.873-0300] {logging_mixin.py:115} INFO - [2022-11-21T22:03:38.869-0300] {dag.py:2977} INFO - Setting next_dagrun for example_weekday_branch_operator to 2022-11-21T00:00:00+00:00, run_after=2022-11-22T00:00:00+00:00
[2022-11-21T22:03:38.902-0300] {processor.py:161} INFO - Processing /home/juliana/Área de Trabalho/datapipeline/.env/lib/python3.8/site-packages/airflow/example_dags/example_branch_day_of_week_operator.py took 0.119 seconds
[2022-11-21T22:04:19.213-0300] {processor.py:153} INFO - Started process (PID=2511) to work on /home/juliana/Área de Trabalho/datapipeline/.env/lib/python3.8/site-packages/airflow/example_dags/example_branch_day_of_week_operator.py
[2022-11-21T22:04:19.220-0300] {processor.py:640} INFO - Processing file /home/juliana/Área de Trabalho/datapipeline/.env/lib/python3.8/site-packages/airflow/example_dags/example_branch_day_of_week_operator.py for tasks to queue
[2022-11-21T22:04:19.221-0300] {logging_mixin.py:115} INFO - [2022-11-21T22:04:19.221-0300] {dagbag.py:508} INFO - Filling up the DagBag from /home/juliana/Área de Trabalho/datapipeline/.env/lib/python3.8/site-packages/airflow/example_dags/example_branch_day_of_week_operator.py
[2022-11-21T22:04:19.233-0300] {processor.py:650} INFO - DAG(s) dict_keys(['example_weekday_branch_operator']) retrieved from /home/juliana/Área de Trabalho/datapipeline/.env/lib/python3.8/site-packages/airflow/example_dags/example_branch_day_of_week_operator.py
[2022-11-21T22:04:19.247-0300] {logging_mixin.py:115} INFO - [2022-11-21T22:04:19.247-0300] {dag.py:2429} INFO - Sync 1 DAGs
[2022-11-21T22:04:19.270-0300] {logging_mixin.py:115} INFO - [2022-11-21T22:04:19.269-0300] {dag.py:2977} INFO - Setting next_dagrun for example_weekday_branch_operator to 2022-11-21T00:00:00+00:00, run_after=2022-11-22T00:00:00+00:00
[2022-11-21T22:04:19.284-0300] {processor.py:161} INFO - Processing /home/juliana/Área de Trabalho/datapipeline/.env/lib/python3.8/site-packages/airflow/example_dags/example_branch_day_of_week_operator.py took 0.085 seconds
[2022-11-21T22:04:57.062-0300] {processor.py:153} INFO - Started process (PID=2734) to work on /home/juliana/Área de Trabalho/datapipeline/.env/lib/python3.8/site-packages/airflow/example_dags/example_branch_day_of_week_operator.py
[2022-11-21T22:04:57.065-0300] {processor.py:640} INFO - Processing file /home/juliana/Área de Trabalho/datapipeline/.env/lib/python3.8/site-packages/airflow/example_dags/example_branch_day_of_week_operator.py for tasks to queue
[2022-11-21T22:04:57.065-0300] {logging_mixin.py:115} INFO - [2022-11-21T22:04:57.065-0300] {dagbag.py:508} INFO - Filling up the DagBag from /home/juliana/Área de Trabalho/datapipeline/.env/lib/python3.8/site-packages/airflow/example_dags/example_branch_day_of_week_operator.py
[2022-11-21T22:04:57.079-0300] {processor.py:650} INFO - DAG(s) dict_keys(['example_weekday_branch_operator']) retrieved from /home/juliana/Área de Trabalho/datapipeline/.env/lib/python3.8/site-packages/airflow/example_dags/example_branch_day_of_week_operator.py
[2022-11-21T22:04:57.119-0300] {logging_mixin.py:115} INFO - [2022-11-21T22:04:57.118-0300] {dag.py:2429} INFO - Sync 1 DAGs
[2022-11-21T22:04:57.163-0300] {logging_mixin.py:115} INFO - [2022-11-21T22:04:57.163-0300] {dag.py:2977} INFO - Setting next_dagrun for example_weekday_branch_operator to 2022-11-21T00:00:00+00:00, run_after=2022-11-22T00:00:00+00:00
[2022-11-21T22:04:57.183-0300] {processor.py:161} INFO - Processing /home/juliana/Área de Trabalho/datapipeline/.env/lib/python3.8/site-packages/airflow/example_dags/example_branch_day_of_week_operator.py took 0.124 seconds
[2022-11-21T22:05:34.785-0300] {processor.py:153} INFO - Started process (PID=3218) to work on /home/juliana/Área de Trabalho/datapipeline/.env/lib/python3.8/site-packages/airflow/example_dags/example_branch_day_of_week_operator.py
[2022-11-21T22:05:34.790-0300] {processor.py:640} INFO - Processing file /home/juliana/Área de Trabalho/datapipeline/.env/lib/python3.8/site-packages/airflow/example_dags/example_branch_day_of_week_operator.py for tasks to queue
[2022-11-21T22:05:34.791-0300] {logging_mixin.py:115} INFO - [2022-11-21T22:05:34.791-0300] {dagbag.py:508} INFO - Filling up the DagBag from /home/juliana/Área de Trabalho/datapipeline/.env/lib/python3.8/site-packages/airflow/example_dags/example_branch_day_of_week_operator.py
[2022-11-21T22:05:34.818-0300] {processor.py:650} INFO - DAG(s) dict_keys(['example_weekday_branch_operator']) retrieved from /home/juliana/Área de Trabalho/datapipeline/.env/lib/python3.8/site-packages/airflow/example_dags/example_branch_day_of_week_operator.py
[2022-11-21T22:05:34.861-0300] {logging_mixin.py:115} INFO - [2022-11-21T22:05:34.861-0300] {dag.py:2429} INFO - Sync 1 DAGs
[2022-11-21T22:05:34.930-0300] {logging_mixin.py:115} INFO - [2022-11-21T22:05:34.929-0300] {dag.py:2977} INFO - Setting next_dagrun for example_weekday_branch_operator to 2022-11-21T00:00:00+00:00, run_after=2022-11-22T00:00:00+00:00
[2022-11-21T22:05:34.970-0300] {processor.py:161} INFO - Processing /home/juliana/Área de Trabalho/datapipeline/.env/lib/python3.8/site-packages/airflow/example_dags/example_branch_day_of_week_operator.py took 0.194 seconds
[2022-11-21T22:06:12.231-0300] {processor.py:153} INFO - Started process (PID=3586) to work on /home/juliana/Área de Trabalho/datapipeline/.env/lib/python3.8/site-packages/airflow/example_dags/example_branch_day_of_week_operator.py
[2022-11-21T22:06:12.237-0300] {processor.py:640} INFO - Processing file /home/juliana/Área de Trabalho/datapipeline/.env/lib/python3.8/site-packages/airflow/example_dags/example_branch_day_of_week_operator.py for tasks to queue
[2022-11-21T22:06:12.238-0300] {logging_mixin.py:115} INFO - [2022-11-21T22:06:12.238-0300] {dagbag.py:508} INFO - Filling up the DagBag from /home/juliana/Área de Trabalho/datapipeline/.env/lib/python3.8/site-packages/airflow/example_dags/example_branch_day_of_week_operator.py
[2022-11-21T22:06:12.254-0300] {processor.py:650} INFO - DAG(s) dict_keys(['example_weekday_branch_operator']) retrieved from /home/juliana/Área de Trabalho/datapipeline/.env/lib/python3.8/site-packages/airflow/example_dags/example_branch_day_of_week_operator.py
[2022-11-21T22:06:12.268-0300] {logging_mixin.py:115} INFO - [2022-11-21T22:06:12.268-0300] {dag.py:2429} INFO - Sync 1 DAGs
[2022-11-21T22:06:12.287-0300] {logging_mixin.py:115} INFO - [2022-11-21T22:06:12.287-0300] {dag.py:2977} INFO - Setting next_dagrun for example_weekday_branch_operator to 2022-11-21T00:00:00+00:00, run_after=2022-11-22T00:00:00+00:00
[2022-11-21T22:06:12.303-0300] {processor.py:161} INFO - Processing /home/juliana/Área de Trabalho/datapipeline/.env/lib/python3.8/site-packages/airflow/example_dags/example_branch_day_of_week_operator.py took 0.080 seconds
[2022-11-21T22:06:48.502-0300] {processor.py:153} INFO - Started process (PID=3806) to work on /home/juliana/Área de Trabalho/datapipeline/.env/lib/python3.8/site-packages/airflow/example_dags/example_branch_day_of_week_operator.py
[2022-11-21T22:06:48.506-0300] {processor.py:640} INFO - Processing file /home/juliana/Área de Trabalho/datapipeline/.env/lib/python3.8/site-packages/airflow/example_dags/example_branch_day_of_week_operator.py for tasks to queue
[2022-11-21T22:06:48.509-0300] {logging_mixin.py:115} INFO - [2022-11-21T22:06:48.508-0300] {dagbag.py:508} INFO - Filling up the DagBag from /home/juliana/Área de Trabalho/datapipeline/.env/lib/python3.8/site-packages/airflow/example_dags/example_branch_day_of_week_operator.py
[2022-11-21T22:06:48.534-0300] {processor.py:650} INFO - DAG(s) dict_keys(['example_weekday_branch_operator']) retrieved from /home/juliana/Área de Trabalho/datapipeline/.env/lib/python3.8/site-packages/airflow/example_dags/example_branch_day_of_week_operator.py
[2022-11-21T22:06:48.557-0300] {logging_mixin.py:115} INFO - [2022-11-21T22:06:48.557-0300] {dag.py:2429} INFO - Sync 1 DAGs
[2022-11-21T22:06:48.588-0300] {logging_mixin.py:115} INFO - [2022-11-21T22:06:48.587-0300] {dag.py:2977} INFO - Setting next_dagrun for example_weekday_branch_operator to 2022-11-21T00:00:00+00:00, run_after=2022-11-22T00:00:00+00:00
[2022-11-21T22:06:48.612-0300] {processor.py:161} INFO - Processing /home/juliana/Área de Trabalho/datapipeline/.env/lib/python3.8/site-packages/airflow/example_dags/example_branch_day_of_week_operator.py took 0.124 seconds
[2022-11-21T22:07:28.493-0300] {processor.py:153} INFO - Started process (PID=4045) to work on /home/juliana/Área de Trabalho/datapipeline/.env/lib/python3.8/site-packages/airflow/example_dags/example_branch_day_of_week_operator.py
[2022-11-21T22:07:28.495-0300] {processor.py:640} INFO - Processing file /home/juliana/Área de Trabalho/datapipeline/.env/lib/python3.8/site-packages/airflow/example_dags/example_branch_day_of_week_operator.py for tasks to queue
[2022-11-21T22:07:28.495-0300] {logging_mixin.py:115} INFO - [2022-11-21T22:07:28.495-0300] {dagbag.py:508} INFO - Filling up the DagBag from /home/juliana/Área de Trabalho/datapipeline/.env/lib/python3.8/site-packages/airflow/example_dags/example_branch_day_of_week_operator.py
[2022-11-21T22:07:28.509-0300] {processor.py:650} INFO - DAG(s) dict_keys(['example_weekday_branch_operator']) retrieved from /home/juliana/Área de Trabalho/datapipeline/.env/lib/python3.8/site-packages/airflow/example_dags/example_branch_day_of_week_operator.py
[2022-11-21T22:07:28.544-0300] {logging_mixin.py:115} INFO - [2022-11-21T22:07:28.544-0300] {dag.py:2429} INFO - Sync 1 DAGs
[2022-11-21T22:07:28.610-0300] {logging_mixin.py:115} INFO - [2022-11-21T22:07:28.610-0300] {dag.py:2977} INFO - Setting next_dagrun for example_weekday_branch_operator to 2022-11-21T00:00:00+00:00, run_after=2022-11-22T00:00:00+00:00
[2022-11-21T22:07:28.653-0300] {processor.py:161} INFO - Processing /home/juliana/Área de Trabalho/datapipeline/.env/lib/python3.8/site-packages/airflow/example_dags/example_branch_day_of_week_operator.py took 0.164 seconds
[2022-11-21T22:08:05.003-0300] {processor.py:153} INFO - Started process (PID=4258) to work on /home/juliana/Área de Trabalho/datapipeline/.env/lib/python3.8/site-packages/airflow/example_dags/example_branch_day_of_week_operator.py
[2022-11-21T22:08:05.006-0300] {processor.py:640} INFO - Processing file /home/juliana/Área de Trabalho/datapipeline/.env/lib/python3.8/site-packages/airflow/example_dags/example_branch_day_of_week_operator.py for tasks to queue
[2022-11-21T22:08:05.007-0300] {logging_mixin.py:115} INFO - [2022-11-21T22:08:05.007-0300] {dagbag.py:508} INFO - Filling up the DagBag from /home/juliana/Área de Trabalho/datapipeline/.env/lib/python3.8/site-packages/airflow/example_dags/example_branch_day_of_week_operator.py
[2022-11-21T22:08:05.027-0300] {processor.py:650} INFO - DAG(s) dict_keys(['example_weekday_branch_operator']) retrieved from /home/juliana/Área de Trabalho/datapipeline/.env/lib/python3.8/site-packages/airflow/example_dags/example_branch_day_of_week_operator.py
[2022-11-21T22:08:05.043-0300] {logging_mixin.py:115} INFO - [2022-11-21T22:08:05.043-0300] {dag.py:2429} INFO - Sync 1 DAGs
[2022-11-21T22:08:05.061-0300] {logging_mixin.py:115} INFO - [2022-11-21T22:08:05.061-0300] {dag.py:2977} INFO - Setting next_dagrun for example_weekday_branch_operator to 2022-11-21T00:00:00+00:00, run_after=2022-11-22T00:00:00+00:00
[2022-11-21T22:08:05.082-0300] {processor.py:161} INFO - Processing /home/juliana/Área de Trabalho/datapipeline/.env/lib/python3.8/site-packages/airflow/example_dags/example_branch_day_of_week_operator.py took 0.089 seconds
[2022-11-21T22:08:37.226-0300] {processor.py:153} INFO - Started process (PID=4442) to work on /home/juliana/Área de Trabalho/datapipeline/.env/lib/python3.8/site-packages/airflow/example_dags/example_branch_day_of_week_operator.py
[2022-11-21T22:08:37.228-0300] {processor.py:640} INFO - Processing file /home/juliana/Área de Trabalho/datapipeline/.env/lib/python3.8/site-packages/airflow/example_dags/example_branch_day_of_week_operator.py for tasks to queue
[2022-11-21T22:08:37.229-0300] {logging_mixin.py:115} INFO - [2022-11-21T22:08:37.229-0300] {dagbag.py:508} INFO - Filling up the DagBag from /home/juliana/Área de Trabalho/datapipeline/.env/lib/python3.8/site-packages/airflow/example_dags/example_branch_day_of_week_operator.py
[2022-11-21T22:08:37.240-0300] {processor.py:650} INFO - DAG(s) dict_keys(['example_weekday_branch_operator']) retrieved from /home/juliana/Área de Trabalho/datapipeline/.env/lib/python3.8/site-packages/airflow/example_dags/example_branch_day_of_week_operator.py
[2022-11-21T22:08:37.260-0300] {logging_mixin.py:115} INFO - [2022-11-21T22:08:37.260-0300] {dag.py:2429} INFO - Sync 1 DAGs
[2022-11-21T22:08:37.276-0300] {logging_mixin.py:115} INFO - [2022-11-21T22:08:37.276-0300] {dag.py:2977} INFO - Setting next_dagrun for example_weekday_branch_operator to 2022-11-21T00:00:00+00:00, run_after=2022-11-22T00:00:00+00:00
[2022-11-21T22:08:37.302-0300] {processor.py:161} INFO - Processing /home/juliana/Área de Trabalho/datapipeline/.env/lib/python3.8/site-packages/airflow/example_dags/example_branch_day_of_week_operator.py took 0.081 seconds
[2022-11-21T22:09:08.565-0300] {processor.py:153} INFO - Started process (PID=4657) to work on /home/juliana/Área de Trabalho/datapipeline/.env/lib/python3.8/site-packages/airflow/example_dags/example_branch_day_of_week_operator.py
[2022-11-21T22:09:08.567-0300] {processor.py:640} INFO - Processing file /home/juliana/Área de Trabalho/datapipeline/.env/lib/python3.8/site-packages/airflow/example_dags/example_branch_day_of_week_operator.py for tasks to queue
[2022-11-21T22:09:08.568-0300] {logging_mixin.py:115} INFO - [2022-11-21T22:09:08.568-0300] {dagbag.py:508} INFO - Filling up the DagBag from /home/juliana/Área de Trabalho/datapipeline/.env/lib/python3.8/site-packages/airflow/example_dags/example_branch_day_of_week_operator.py
[2022-11-21T22:09:08.581-0300] {processor.py:650} INFO - DAG(s) dict_keys(['example_weekday_branch_operator']) retrieved from /home/juliana/Área de Trabalho/datapipeline/.env/lib/python3.8/site-packages/airflow/example_dags/example_branch_day_of_week_operator.py
[2022-11-21T22:09:08.604-0300] {logging_mixin.py:115} INFO - [2022-11-21T22:09:08.604-0300] {dag.py:2429} INFO - Sync 1 DAGs
[2022-11-21T22:09:08.621-0300] {logging_mixin.py:115} INFO - [2022-11-21T22:09:08.621-0300] {dag.py:2977} INFO - Setting next_dagrun for example_weekday_branch_operator to 2022-11-21T00:00:00+00:00, run_after=2022-11-22T00:00:00+00:00
[2022-11-21T22:09:08.637-0300] {processor.py:161} INFO - Processing /home/juliana/Área de Trabalho/datapipeline/.env/lib/python3.8/site-packages/airflow/example_dags/example_branch_day_of_week_operator.py took 0.077 seconds
[2022-11-21T22:09:40.989-0300] {processor.py:153} INFO - Started process (PID=5011) to work on /home/juliana/Área de Trabalho/datapipeline/.env/lib/python3.8/site-packages/airflow/example_dags/example_branch_day_of_week_operator.py
[2022-11-21T22:09:40.992-0300] {processor.py:640} INFO - Processing file /home/juliana/Área de Trabalho/datapipeline/.env/lib/python3.8/site-packages/airflow/example_dags/example_branch_day_of_week_operator.py for tasks to queue
[2022-11-21T22:09:40.993-0300] {logging_mixin.py:115} INFO - [2022-11-21T22:09:40.992-0300] {dagbag.py:508} INFO - Filling up the DagBag from /home/juliana/Área de Trabalho/datapipeline/.env/lib/python3.8/site-packages/airflow/example_dags/example_branch_day_of_week_operator.py
[2022-11-21T22:09:41.006-0300] {processor.py:650} INFO - DAG(s) dict_keys(['example_weekday_branch_operator']) retrieved from /home/juliana/Área de Trabalho/datapipeline/.env/lib/python3.8/site-packages/airflow/example_dags/example_branch_day_of_week_operator.py
[2022-11-21T22:09:41.026-0300] {logging_mixin.py:115} INFO - [2022-11-21T22:09:41.026-0300] {dag.py:2429} INFO - Sync 1 DAGs
[2022-11-21T22:09:41.043-0300] {logging_mixin.py:115} INFO - [2022-11-21T22:09:41.043-0300] {dag.py:2977} INFO - Setting next_dagrun for example_weekday_branch_operator to 2022-11-21T00:00:00+00:00, run_after=2022-11-22T00:00:00+00:00
[2022-11-21T22:09:41.059-0300] {processor.py:161} INFO - Processing /home/juliana/Área de Trabalho/datapipeline/.env/lib/python3.8/site-packages/airflow/example_dags/example_branch_day_of_week_operator.py took 0.079 seconds
[2022-11-21T22:10:17.285-0300] {processor.py:153} INFO - Started process (PID=5067) to work on /home/juliana/Área de Trabalho/datapipeline/.env/lib/python3.8/site-packages/airflow/example_dags/example_branch_day_of_week_operator.py
[2022-11-21T22:10:17.286-0300] {processor.py:640} INFO - Processing file /home/juliana/Área de Trabalho/datapipeline/.env/lib/python3.8/site-packages/airflow/example_dags/example_branch_day_of_week_operator.py for tasks to queue
[2022-11-21T22:10:17.287-0300] {logging_mixin.py:115} INFO - [2022-11-21T22:10:17.286-0300] {dagbag.py:508} INFO - Filling up the DagBag from /home/juliana/Área de Trabalho/datapipeline/.env/lib/python3.8/site-packages/airflow/example_dags/example_branch_day_of_week_operator.py
[2022-11-21T22:10:17.297-0300] {processor.py:650} INFO - DAG(s) dict_keys(['example_weekday_branch_operator']) retrieved from /home/juliana/Área de Trabalho/datapipeline/.env/lib/python3.8/site-packages/airflow/example_dags/example_branch_day_of_week_operator.py
[2022-11-21T22:10:17.316-0300] {logging_mixin.py:115} INFO - [2022-11-21T22:10:17.316-0300] {dag.py:2429} INFO - Sync 1 DAGs
[2022-11-21T22:10:17.341-0300] {logging_mixin.py:115} INFO - [2022-11-21T22:10:17.341-0300] {dag.py:2977} INFO - Setting next_dagrun for example_weekday_branch_operator to 2022-11-21T00:00:00+00:00, run_after=2022-11-22T00:00:00+00:00
[2022-11-21T22:10:17.368-0300] {processor.py:161} INFO - Processing /home/juliana/Área de Trabalho/datapipeline/.env/lib/python3.8/site-packages/airflow/example_dags/example_branch_day_of_week_operator.py took 0.088 seconds
[2022-11-21T22:10:54.849-0300] {processor.py:153} INFO - Started process (PID=5429) to work on /home/juliana/Área de Trabalho/datapipeline/.env/lib/python3.8/site-packages/airflow/example_dags/example_branch_day_of_week_operator.py
[2022-11-21T22:10:54.858-0300] {processor.py:640} INFO - Processing file /home/juliana/Área de Trabalho/datapipeline/.env/lib/python3.8/site-packages/airflow/example_dags/example_branch_day_of_week_operator.py for tasks to queue
[2022-11-21T22:10:54.859-0300] {logging_mixin.py:115} INFO - [2022-11-21T22:10:54.859-0300] {dagbag.py:508} INFO - Filling up the DagBag from /home/juliana/Área de Trabalho/datapipeline/.env/lib/python3.8/site-packages/airflow/example_dags/example_branch_day_of_week_operator.py
[2022-11-21T22:10:54.873-0300] {processor.py:650} INFO - DAG(s) dict_keys(['example_weekday_branch_operator']) retrieved from /home/juliana/Área de Trabalho/datapipeline/.env/lib/python3.8/site-packages/airflow/example_dags/example_branch_day_of_week_operator.py
[2022-11-21T22:10:54.896-0300] {logging_mixin.py:115} INFO - [2022-11-21T22:10:54.895-0300] {dag.py:2429} INFO - Sync 1 DAGs
[2022-11-21T22:10:54.913-0300] {logging_mixin.py:115} INFO - [2022-11-21T22:10:54.913-0300] {dag.py:2977} INFO - Setting next_dagrun for example_weekday_branch_operator to 2022-11-21T00:00:00+00:00, run_after=2022-11-22T00:00:00+00:00
[2022-11-21T22:10:54.929-0300] {processor.py:161} INFO - Processing /home/juliana/Área de Trabalho/datapipeline/.env/lib/python3.8/site-packages/airflow/example_dags/example_branch_day_of_week_operator.py took 0.088 seconds
[2022-11-21T22:11:29.983-0300] {processor.py:153} INFO - Started process (PID=5619) to work on /home/juliana/Área de Trabalho/datapipeline/.env/lib/python3.8/site-packages/airflow/example_dags/example_branch_day_of_week_operator.py
[2022-11-21T22:11:29.984-0300] {processor.py:640} INFO - Processing file /home/juliana/Área de Trabalho/datapipeline/.env/lib/python3.8/site-packages/airflow/example_dags/example_branch_day_of_week_operator.py for tasks to queue
[2022-11-21T22:11:29.985-0300] {logging_mixin.py:115} INFO - [2022-11-21T22:11:29.985-0300] {dagbag.py:508} INFO - Filling up the DagBag from /home/juliana/Área de Trabalho/datapipeline/.env/lib/python3.8/site-packages/airflow/example_dags/example_branch_day_of_week_operator.py
[2022-11-21T22:11:30.001-0300] {processor.py:650} INFO - DAG(s) dict_keys(['example_weekday_branch_operator']) retrieved from /home/juliana/Área de Trabalho/datapipeline/.env/lib/python3.8/site-packages/airflow/example_dags/example_branch_day_of_week_operator.py
[2022-11-21T22:11:30.030-0300] {logging_mixin.py:115} INFO - [2022-11-21T22:11:30.030-0300] {dag.py:2429} INFO - Sync 1 DAGs
[2022-11-21T22:11:30.055-0300] {logging_mixin.py:115} INFO - [2022-11-21T22:11:30.054-0300] {dag.py:2977} INFO - Setting next_dagrun for example_weekday_branch_operator to 2022-11-21T00:00:00+00:00, run_after=2022-11-22T00:00:00+00:00
[2022-11-21T22:11:30.082-0300] {processor.py:161} INFO - Processing /home/juliana/Área de Trabalho/datapipeline/.env/lib/python3.8/site-packages/airflow/example_dags/example_branch_day_of_week_operator.py took 0.106 seconds
[2022-11-21T22:12:08.109-0300] {processor.py:153} INFO - Started process (PID=5938) to work on /home/juliana/Área de Trabalho/datapipeline/.env/lib/python3.8/site-packages/airflow/example_dags/example_branch_day_of_week_operator.py
[2022-11-21T22:12:08.110-0300] {processor.py:640} INFO - Processing file /home/juliana/Área de Trabalho/datapipeline/.env/lib/python3.8/site-packages/airflow/example_dags/example_branch_day_of_week_operator.py for tasks to queue
[2022-11-21T22:12:08.111-0300] {logging_mixin.py:115} INFO - [2022-11-21T22:12:08.111-0300] {dagbag.py:508} INFO - Filling up the DagBag from /home/juliana/Área de Trabalho/datapipeline/.env/lib/python3.8/site-packages/airflow/example_dags/example_branch_day_of_week_operator.py
[2022-11-21T22:12:08.123-0300] {processor.py:650} INFO - DAG(s) dict_keys(['example_weekday_branch_operator']) retrieved from /home/juliana/Área de Trabalho/datapipeline/.env/lib/python3.8/site-packages/airflow/example_dags/example_branch_day_of_week_operator.py
[2022-11-21T22:12:08.143-0300] {logging_mixin.py:115} INFO - [2022-11-21T22:12:08.143-0300] {dag.py:2429} INFO - Sync 1 DAGs
[2022-11-21T22:12:08.164-0300] {logging_mixin.py:115} INFO - [2022-11-21T22:12:08.164-0300] {dag.py:2977} INFO - Setting next_dagrun for example_weekday_branch_operator to 2022-11-21T00:00:00+00:00, run_after=2022-11-22T00:00:00+00:00
[2022-11-21T22:12:08.246-0300] {processor.py:161} INFO - Processing /home/juliana/Área de Trabalho/datapipeline/.env/lib/python3.8/site-packages/airflow/example_dags/example_branch_day_of_week_operator.py took 0.140 seconds
[2022-11-21T22:12:44.173-0300] {processor.py:153} INFO - Started process (PID=5987) to work on /home/juliana/Área de Trabalho/datapipeline/.env/lib/python3.8/site-packages/airflow/example_dags/example_branch_day_of_week_operator.py
[2022-11-21T22:12:44.175-0300] {processor.py:640} INFO - Processing file /home/juliana/Área de Trabalho/datapipeline/.env/lib/python3.8/site-packages/airflow/example_dags/example_branch_day_of_week_operator.py for tasks to queue
[2022-11-21T22:12:44.176-0300] {logging_mixin.py:115} INFO - [2022-11-21T22:12:44.175-0300] {dagbag.py:508} INFO - Filling up the DagBag from /home/juliana/Área de Trabalho/datapipeline/.env/lib/python3.8/site-packages/airflow/example_dags/example_branch_day_of_week_operator.py
[2022-11-21T22:12:44.189-0300] {processor.py:650} INFO - DAG(s) dict_keys(['example_weekday_branch_operator']) retrieved from /home/juliana/Área de Trabalho/datapipeline/.env/lib/python3.8/site-packages/airflow/example_dags/example_branch_day_of_week_operator.py
[2022-11-21T22:12:44.211-0300] {logging_mixin.py:115} INFO - [2022-11-21T22:12:44.211-0300] {dag.py:2429} INFO - Sync 1 DAGs
[2022-11-21T22:12:44.227-0300] {logging_mixin.py:115} INFO - [2022-11-21T22:12:44.227-0300] {dag.py:2977} INFO - Setting next_dagrun for example_weekday_branch_operator to 2022-11-21T00:00:00+00:00, run_after=2022-11-22T00:00:00+00:00
[2022-11-21T22:12:44.249-0300] {processor.py:161} INFO - Processing /home/juliana/Área de Trabalho/datapipeline/.env/lib/python3.8/site-packages/airflow/example_dags/example_branch_day_of_week_operator.py took 0.081 seconds
[2022-11-21T22:13:20.691-0300] {processor.py:153} INFO - Started process (PID=6022) to work on /home/juliana/Área de Trabalho/datapipeline/.env/lib/python3.8/site-packages/airflow/example_dags/example_branch_day_of_week_operator.py
[2022-11-21T22:13:20.692-0300] {processor.py:640} INFO - Processing file /home/juliana/Área de Trabalho/datapipeline/.env/lib/python3.8/site-packages/airflow/example_dags/example_branch_day_of_week_operator.py for tasks to queue
[2022-11-21T22:13:20.693-0300] {logging_mixin.py:115} INFO - [2022-11-21T22:13:20.692-0300] {dagbag.py:508} INFO - Filling up the DagBag from /home/juliana/Área de Trabalho/datapipeline/.env/lib/python3.8/site-packages/airflow/example_dags/example_branch_day_of_week_operator.py
[2022-11-21T22:13:20.704-0300] {processor.py:650} INFO - DAG(s) dict_keys(['example_weekday_branch_operator']) retrieved from /home/juliana/Área de Trabalho/datapipeline/.env/lib/python3.8/site-packages/airflow/example_dags/example_branch_day_of_week_operator.py
[2022-11-21T22:13:20.722-0300] {logging_mixin.py:115} INFO - [2022-11-21T22:13:20.722-0300] {dag.py:2429} INFO - Sync 1 DAGs
[2022-11-21T22:13:20.740-0300] {logging_mixin.py:115} INFO - [2022-11-21T22:13:20.740-0300] {dag.py:2977} INFO - Setting next_dagrun for example_weekday_branch_operator to 2022-11-21T00:00:00+00:00, run_after=2022-11-22T00:00:00+00:00
[2022-11-21T22:13:20.759-0300] {processor.py:161} INFO - Processing /home/juliana/Área de Trabalho/datapipeline/.env/lib/python3.8/site-packages/airflow/example_dags/example_branch_day_of_week_operator.py took 0.073 seconds
[2022-11-21T22:13:55.193-0300] {processor.py:153} INFO - Started process (PID=6058) to work on /home/juliana/Área de Trabalho/datapipeline/.env/lib/python3.8/site-packages/airflow/example_dags/example_branch_day_of_week_operator.py
[2022-11-21T22:13:55.194-0300] {processor.py:640} INFO - Processing file /home/juliana/Área de Trabalho/datapipeline/.env/lib/python3.8/site-packages/airflow/example_dags/example_branch_day_of_week_operator.py for tasks to queue
[2022-11-21T22:13:55.195-0300] {logging_mixin.py:115} INFO - [2022-11-21T22:13:55.195-0300] {dagbag.py:508} INFO - Filling up the DagBag from /home/juliana/Área de Trabalho/datapipeline/.env/lib/python3.8/site-packages/airflow/example_dags/example_branch_day_of_week_operator.py
[2022-11-21T22:13:55.205-0300] {processor.py:650} INFO - DAG(s) dict_keys(['example_weekday_branch_operator']) retrieved from /home/juliana/Área de Trabalho/datapipeline/.env/lib/python3.8/site-packages/airflow/example_dags/example_branch_day_of_week_operator.py
[2022-11-21T22:13:55.223-0300] {logging_mixin.py:115} INFO - [2022-11-21T22:13:55.223-0300] {dag.py:2429} INFO - Sync 1 DAGs
[2022-11-21T22:13:55.239-0300] {logging_mixin.py:115} INFO - [2022-11-21T22:13:55.239-0300] {dag.py:2977} INFO - Setting next_dagrun for example_weekday_branch_operator to 2022-11-21T00:00:00+00:00, run_after=2022-11-22T00:00:00+00:00
[2022-11-21T22:13:55.259-0300] {processor.py:161} INFO - Processing /home/juliana/Área de Trabalho/datapipeline/.env/lib/python3.8/site-packages/airflow/example_dags/example_branch_day_of_week_operator.py took 0.070 seconds
[2022-11-21T22:14:26.205-0300] {processor.py:153} INFO - Started process (PID=6089) to work on /home/juliana/Área de Trabalho/datapipeline/.env/lib/python3.8/site-packages/airflow/example_dags/example_branch_day_of_week_operator.py
[2022-11-21T22:14:26.206-0300] {processor.py:640} INFO - Processing file /home/juliana/Área de Trabalho/datapipeline/.env/lib/python3.8/site-packages/airflow/example_dags/example_branch_day_of_week_operator.py for tasks to queue
[2022-11-21T22:14:26.207-0300] {logging_mixin.py:115} INFO - [2022-11-21T22:14:26.207-0300] {dagbag.py:508} INFO - Filling up the DagBag from /home/juliana/Área de Trabalho/datapipeline/.env/lib/python3.8/site-packages/airflow/example_dags/example_branch_day_of_week_operator.py
[2022-11-21T22:14:26.219-0300] {processor.py:650} INFO - DAG(s) dict_keys(['example_weekday_branch_operator']) retrieved from /home/juliana/Área de Trabalho/datapipeline/.env/lib/python3.8/site-packages/airflow/example_dags/example_branch_day_of_week_operator.py
[2022-11-21T22:14:26.237-0300] {logging_mixin.py:115} INFO - [2022-11-21T22:14:26.237-0300] {dag.py:2429} INFO - Sync 1 DAGs
[2022-11-21T22:14:26.253-0300] {logging_mixin.py:115} INFO - [2022-11-21T22:14:26.253-0300] {dag.py:2977} INFO - Setting next_dagrun for example_weekday_branch_operator to 2022-11-21T00:00:00+00:00, run_after=2022-11-22T00:00:00+00:00
[2022-11-21T22:14:26.273-0300] {processor.py:161} INFO - Processing /home/juliana/Área de Trabalho/datapipeline/.env/lib/python3.8/site-packages/airflow/example_dags/example_branch_day_of_week_operator.py took 0.072 seconds
[2022-11-21T22:15:00.124-0300] {processor.py:153} INFO - Started process (PID=6122) to work on /home/juliana/Área de Trabalho/datapipeline/.env/lib/python3.8/site-packages/airflow/example_dags/example_branch_day_of_week_operator.py
[2022-11-21T22:15:00.126-0300] {processor.py:640} INFO - Processing file /home/juliana/Área de Trabalho/datapipeline/.env/lib/python3.8/site-packages/airflow/example_dags/example_branch_day_of_week_operator.py for tasks to queue
[2022-11-21T22:15:00.127-0300] {logging_mixin.py:115} INFO - [2022-11-21T22:15:00.127-0300] {dagbag.py:508} INFO - Filling up the DagBag from /home/juliana/Área de Trabalho/datapipeline/.env/lib/python3.8/site-packages/airflow/example_dags/example_branch_day_of_week_operator.py
[2022-11-21T22:15:00.140-0300] {processor.py:650} INFO - DAG(s) dict_keys(['example_weekday_branch_operator']) retrieved from /home/juliana/Área de Trabalho/datapipeline/.env/lib/python3.8/site-packages/airflow/example_dags/example_branch_day_of_week_operator.py
[2022-11-21T22:15:00.160-0300] {logging_mixin.py:115} INFO - [2022-11-21T22:15:00.160-0300] {dag.py:2429} INFO - Sync 1 DAGs
[2022-11-21T22:15:00.176-0300] {logging_mixin.py:115} INFO - [2022-11-21T22:15:00.176-0300] {dag.py:2977} INFO - Setting next_dagrun for example_weekday_branch_operator to 2022-11-21T00:00:00+00:00, run_after=2022-11-22T00:00:00+00:00
[2022-11-21T22:15:00.198-0300] {processor.py:161} INFO - Processing /home/juliana/Área de Trabalho/datapipeline/.env/lib/python3.8/site-packages/airflow/example_dags/example_branch_day_of_week_operator.py took 0.080 seconds
[2022-11-21T22:15:33.132-0300] {processor.py:153} INFO - Started process (PID=6156) to work on /home/juliana/Área de Trabalho/datapipeline/.env/lib/python3.8/site-packages/airflow/example_dags/example_branch_day_of_week_operator.py
[2022-11-21T22:15:33.133-0300] {processor.py:640} INFO - Processing file /home/juliana/Área de Trabalho/datapipeline/.env/lib/python3.8/site-packages/airflow/example_dags/example_branch_day_of_week_operator.py for tasks to queue
[2022-11-21T22:15:33.134-0300] {logging_mixin.py:115} INFO - [2022-11-21T22:15:33.134-0300] {dagbag.py:508} INFO - Filling up the DagBag from /home/juliana/Área de Trabalho/datapipeline/.env/lib/python3.8/site-packages/airflow/example_dags/example_branch_day_of_week_operator.py
[2022-11-21T22:15:33.148-0300] {processor.py:650} INFO - DAG(s) dict_keys(['example_weekday_branch_operator']) retrieved from /home/juliana/Área de Trabalho/datapipeline/.env/lib/python3.8/site-packages/airflow/example_dags/example_branch_day_of_week_operator.py
[2022-11-21T22:15:33.170-0300] {logging_mixin.py:115} INFO - [2022-11-21T22:15:33.170-0300] {dag.py:2429} INFO - Sync 1 DAGs
[2022-11-21T22:15:33.185-0300] {logging_mixin.py:115} INFO - [2022-11-21T22:15:33.185-0300] {dag.py:2977} INFO - Setting next_dagrun for example_weekday_branch_operator to 2022-11-21T00:00:00+00:00, run_after=2022-11-22T00:00:00+00:00
[2022-11-21T22:15:33.254-0300] {processor.py:161} INFO - Processing /home/juliana/Área de Trabalho/datapipeline/.env/lib/python3.8/site-packages/airflow/example_dags/example_branch_day_of_week_operator.py took 0.128 seconds
[2022-11-21T22:16:05.161-0300] {processor.py:153} INFO - Started process (PID=6188) to work on /home/juliana/Área de Trabalho/datapipeline/.env/lib/python3.8/site-packages/airflow/example_dags/example_branch_day_of_week_operator.py
[2022-11-21T22:16:05.163-0300] {processor.py:640} INFO - Processing file /home/juliana/Área de Trabalho/datapipeline/.env/lib/python3.8/site-packages/airflow/example_dags/example_branch_day_of_week_operator.py for tasks to queue
[2022-11-21T22:16:05.164-0300] {logging_mixin.py:115} INFO - [2022-11-21T22:16:05.164-0300] {dagbag.py:508} INFO - Filling up the DagBag from /home/juliana/Área de Trabalho/datapipeline/.env/lib/python3.8/site-packages/airflow/example_dags/example_branch_day_of_week_operator.py
[2022-11-21T22:16:05.178-0300] {processor.py:650} INFO - DAG(s) dict_keys(['example_weekday_branch_operator']) retrieved from /home/juliana/Área de Trabalho/datapipeline/.env/lib/python3.8/site-packages/airflow/example_dags/example_branch_day_of_week_operator.py
[2022-11-21T22:16:05.199-0300] {logging_mixin.py:115} INFO - [2022-11-21T22:16:05.199-0300] {dag.py:2429} INFO - Sync 1 DAGs
[2022-11-21T22:16:05.214-0300] {logging_mixin.py:115} INFO - [2022-11-21T22:16:05.214-0300] {dag.py:2977} INFO - Setting next_dagrun for example_weekday_branch_operator to 2022-11-21T00:00:00+00:00, run_after=2022-11-22T00:00:00+00:00
[2022-11-21T22:16:05.234-0300] {processor.py:161} INFO - Processing /home/juliana/Área de Trabalho/datapipeline/.env/lib/python3.8/site-packages/airflow/example_dags/example_branch_day_of_week_operator.py took 0.078 seconds
[2022-11-21T22:16:39.067-0300] {processor.py:153} INFO - Started process (PID=6227) to work on /home/juliana/Área de Trabalho/datapipeline/.env/lib/python3.8/site-packages/airflow/example_dags/example_branch_day_of_week_operator.py
[2022-11-21T22:16:39.068-0300] {processor.py:640} INFO - Processing file /home/juliana/Área de Trabalho/datapipeline/.env/lib/python3.8/site-packages/airflow/example_dags/example_branch_day_of_week_operator.py for tasks to queue
[2022-11-21T22:16:39.069-0300] {logging_mixin.py:115} INFO - [2022-11-21T22:16:39.069-0300] {dagbag.py:508} INFO - Filling up the DagBag from /home/juliana/Área de Trabalho/datapipeline/.env/lib/python3.8/site-packages/airflow/example_dags/example_branch_day_of_week_operator.py
[2022-11-21T22:16:39.079-0300] {processor.py:650} INFO - DAG(s) dict_keys(['example_weekday_branch_operator']) retrieved from /home/juliana/Área de Trabalho/datapipeline/.env/lib/python3.8/site-packages/airflow/example_dags/example_branch_day_of_week_operator.py
[2022-11-21T22:16:39.099-0300] {logging_mixin.py:115} INFO - [2022-11-21T22:16:39.099-0300] {dag.py:2429} INFO - Sync 1 DAGs
[2022-11-21T22:16:39.121-0300] {logging_mixin.py:115} INFO - [2022-11-21T22:16:39.121-0300] {dag.py:2977} INFO - Setting next_dagrun for example_weekday_branch_operator to 2022-11-21T00:00:00+00:00, run_after=2022-11-22T00:00:00+00:00
[2022-11-21T22:16:39.191-0300] {processor.py:161} INFO - Processing /home/juliana/Área de Trabalho/datapipeline/.env/lib/python3.8/site-packages/airflow/example_dags/example_branch_day_of_week_operator.py took 0.127 seconds
