[2022-11-21T21:12:54.585-0300] {processor.py:153} INFO - Started process (PID=3016) to work on /home/juliana/Área de Trabalho/datapipeline/.env/lib/python3.8/site-packages/airflow/example_dags/example_short_circuit_operator.py
[2022-11-21T21:12:54.586-0300] {processor.py:640} INFO - Processing file /home/juliana/Área de Trabalho/datapipeline/.env/lib/python3.8/site-packages/airflow/example_dags/example_short_circuit_operator.py for tasks to queue
[2022-11-21T21:12:54.586-0300] {logging_mixin.py:115} INFO - [2022-11-21T21:12:54.586-0300] {dagbag.py:508} INFO - Filling up the DagBag from /home/juliana/Área de Trabalho/datapipeline/.env/lib/python3.8/site-packages/airflow/example_dags/example_short_circuit_operator.py
[2022-11-21T21:12:54.595-0300] {processor.py:650} INFO - DAG(s) dict_keys(['example_short_circuit_operator']) retrieved from /home/juliana/Área de Trabalho/datapipeline/.env/lib/python3.8/site-packages/airflow/example_dags/example_short_circuit_operator.py
[2022-11-21T21:12:54.612-0300] {logging_mixin.py:115} INFO - [2022-11-21T21:12:54.612-0300] {dag.py:2429} INFO - Sync 1 DAGs
[2022-11-21T21:12:54.632-0300] {logging_mixin.py:115} INFO - [2022-11-21T21:12:54.632-0300] {dag.py:2977} INFO - Setting next_dagrun for example_short_circuit_operator to 2022-11-21T00:12:54.632240+00:00, run_after=2022-11-22T00:12:54.632240+00:00
[2022-11-21T21:12:54.651-0300] {processor.py:161} INFO - Processing /home/juliana/Área de Trabalho/datapipeline/.env/lib/python3.8/site-packages/airflow/example_dags/example_short_circuit_operator.py took 0.069 seconds
[2022-11-21T21:13:33.648-0300] {processor.py:153} INFO - Started process (PID=3121) to work on /home/juliana/Área de Trabalho/datapipeline/.env/lib/python3.8/site-packages/airflow/example_dags/example_short_circuit_operator.py
[2022-11-21T21:13:33.654-0300] {processor.py:640} INFO - Processing file /home/juliana/Área de Trabalho/datapipeline/.env/lib/python3.8/site-packages/airflow/example_dags/example_short_circuit_operator.py for tasks to queue
[2022-11-21T21:13:33.655-0300] {logging_mixin.py:115} INFO - [2022-11-21T21:13:33.654-0300] {dagbag.py:508} INFO - Filling up the DagBag from /home/juliana/Área de Trabalho/datapipeline/.env/lib/python3.8/site-packages/airflow/example_dags/example_short_circuit_operator.py
[2022-11-21T21:13:33.664-0300] {processor.py:650} INFO - DAG(s) dict_keys(['example_short_circuit_operator']) retrieved from /home/juliana/Área de Trabalho/datapipeline/.env/lib/python3.8/site-packages/airflow/example_dags/example_short_circuit_operator.py
[2022-11-21T21:13:33.688-0300] {logging_mixin.py:115} INFO - [2022-11-21T21:13:33.688-0300] {dag.py:2429} INFO - Sync 1 DAGs
[2022-11-21T21:13:33.720-0300] {logging_mixin.py:115} INFO - [2022-11-21T21:13:33.719-0300] {dag.py:2977} INFO - Setting next_dagrun for example_short_circuit_operator to 2022-11-21T00:13:33.719627+00:00, run_after=2022-11-22T00:13:33.719627+00:00
[2022-11-21T21:13:33.738-0300] {processor.py:161} INFO - Processing /home/juliana/Área de Trabalho/datapipeline/.env/lib/python3.8/site-packages/airflow/example_dags/example_short_circuit_operator.py took 0.094 seconds
[2022-11-21T21:14:10.746-0300] {processor.py:153} INFO - Started process (PID=3367) to work on /home/juliana/Área de Trabalho/datapipeline/.env/lib/python3.8/site-packages/airflow/example_dags/example_short_circuit_operator.py
[2022-11-21T21:14:10.749-0300] {processor.py:640} INFO - Processing file /home/juliana/Área de Trabalho/datapipeline/.env/lib/python3.8/site-packages/airflow/example_dags/example_short_circuit_operator.py for tasks to queue
[2022-11-21T21:14:10.749-0300] {logging_mixin.py:115} INFO - [2022-11-21T21:14:10.749-0300] {dagbag.py:508} INFO - Filling up the DagBag from /home/juliana/Área de Trabalho/datapipeline/.env/lib/python3.8/site-packages/airflow/example_dags/example_short_circuit_operator.py
[2022-11-21T21:14:10.820-0300] {processor.py:650} INFO - DAG(s) dict_keys(['example_short_circuit_operator']) retrieved from /home/juliana/Área de Trabalho/datapipeline/.env/lib/python3.8/site-packages/airflow/example_dags/example_short_circuit_operator.py
[2022-11-21T21:14:10.878-0300] {logging_mixin.py:115} INFO - [2022-11-21T21:14:10.877-0300] {dag.py:2429} INFO - Sync 1 DAGs
[2022-11-21T21:14:10.933-0300] {logging_mixin.py:115} INFO - [2022-11-21T21:14:10.932-0300] {dag.py:2977} INFO - Setting next_dagrun for example_short_circuit_operator to 2022-11-21T00:14:10.929206+00:00, run_after=2022-11-22T00:14:10.929206+00:00
[2022-11-21T21:14:10.964-0300] {processor.py:161} INFO - Processing /home/juliana/Área de Trabalho/datapipeline/.env/lib/python3.8/site-packages/airflow/example_dags/example_short_circuit_operator.py took 0.228 seconds
[2022-11-21T21:15:07.393-0300] {processor.py:153} INFO - Started process (PID=3481) to work on /home/juliana/Área de Trabalho/datapipeline/.env/lib/python3.8/site-packages/airflow/example_dags/example_short_circuit_operator.py
[2022-11-21T21:15:07.397-0300] {processor.py:640} INFO - Processing file /home/juliana/Área de Trabalho/datapipeline/.env/lib/python3.8/site-packages/airflow/example_dags/example_short_circuit_operator.py for tasks to queue
[2022-11-21T21:15:07.397-0300] {logging_mixin.py:115} INFO - [2022-11-21T21:15:07.397-0300] {dagbag.py:508} INFO - Filling up the DagBag from /home/juliana/Área de Trabalho/datapipeline/.env/lib/python3.8/site-packages/airflow/example_dags/example_short_circuit_operator.py
[2022-11-21T21:15:07.434-0300] {processor.py:650} INFO - DAG(s) dict_keys(['example_short_circuit_operator']) retrieved from /home/juliana/Área de Trabalho/datapipeline/.env/lib/python3.8/site-packages/airflow/example_dags/example_short_circuit_operator.py
[2022-11-21T21:15:07.531-0300] {logging_mixin.py:115} INFO - [2022-11-21T21:15:07.528-0300] {dag.py:2429} INFO - Sync 1 DAGs
[2022-11-21T21:15:07.690-0300] {logging_mixin.py:115} INFO - [2022-11-21T21:15:07.651-0300] {dag.py:2977} INFO - Setting next_dagrun for example_short_circuit_operator to 2022-11-21T00:15:07.616218+00:00, run_after=2022-11-22T00:15:07.616218+00:00
[2022-11-21T21:15:07.862-0300] {processor.py:161} INFO - Processing /home/juliana/Área de Trabalho/datapipeline/.env/lib/python3.8/site-packages/airflow/example_dags/example_short_circuit_operator.py took 0.472 seconds
[2022-11-21T21:15:50.493-0300] {processor.py:153} INFO - Started process (PID=3512) to work on /home/juliana/Área de Trabalho/datapipeline/.env/lib/python3.8/site-packages/airflow/example_dags/example_short_circuit_operator.py
[2022-11-21T21:15:50.497-0300] {processor.py:640} INFO - Processing file /home/juliana/Área de Trabalho/datapipeline/.env/lib/python3.8/site-packages/airflow/example_dags/example_short_circuit_operator.py for tasks to queue
[2022-11-21T21:15:50.498-0300] {logging_mixin.py:115} INFO - [2022-11-21T21:15:50.498-0300] {dagbag.py:508} INFO - Filling up the DagBag from /home/juliana/Área de Trabalho/datapipeline/.env/lib/python3.8/site-packages/airflow/example_dags/example_short_circuit_operator.py
[2022-11-21T21:15:50.568-0300] {processor.py:650} INFO - DAG(s) dict_keys(['example_short_circuit_operator']) retrieved from /home/juliana/Área de Trabalho/datapipeline/.env/lib/python3.8/site-packages/airflow/example_dags/example_short_circuit_operator.py
[2022-11-21T21:15:50.683-0300] {logging_mixin.py:115} INFO - [2022-11-21T21:15:50.682-0300] {dag.py:2429} INFO - Sync 1 DAGs
[2022-11-21T21:15:50.876-0300] {logging_mixin.py:115} INFO - [2022-11-21T21:15:50.865-0300] {dag.py:2977} INFO - Setting next_dagrun for example_short_circuit_operator to 2022-11-21T00:15:50.819560+00:00, run_after=2022-11-22T00:15:50.819560+00:00
[2022-11-21T21:15:51.006-0300] {processor.py:161} INFO - Processing /home/juliana/Área de Trabalho/datapipeline/.env/lib/python3.8/site-packages/airflow/example_dags/example_short_circuit_operator.py took 0.526 seconds
[2022-11-21T21:17:11.167-0300] {processor.py:153} INFO - Started process (PID=3549) to work on /home/juliana/Área de Trabalho/datapipeline/.env/lib/python3.8/site-packages/airflow/example_dags/example_short_circuit_operator.py
[2022-11-21T21:17:11.177-0300] {processor.py:640} INFO - Processing file /home/juliana/Área de Trabalho/datapipeline/.env/lib/python3.8/site-packages/airflow/example_dags/example_short_circuit_operator.py for tasks to queue
[2022-11-21T21:17:11.178-0300] {logging_mixin.py:115} INFO - [2022-11-21T21:17:11.177-0300] {dagbag.py:508} INFO - Filling up the DagBag from /home/juliana/Área de Trabalho/datapipeline/.env/lib/python3.8/site-packages/airflow/example_dags/example_short_circuit_operator.py
[2022-11-21T21:17:11.252-0300] {processor.py:650} INFO - DAG(s) dict_keys(['example_short_circuit_operator']) retrieved from /home/juliana/Área de Trabalho/datapipeline/.env/lib/python3.8/site-packages/airflow/example_dags/example_short_circuit_operator.py
[2022-11-21T21:17:11.511-0300] {logging_mixin.py:115} INFO - [2022-11-21T21:17:11.480-0300] {dag.py:2429} INFO - Sync 1 DAGs
[2022-11-21T21:17:11.771-0300] {logging_mixin.py:115} INFO - [2022-11-21T21:17:11.743-0300] {dag.py:2977} INFO - Setting next_dagrun for example_short_circuit_operator to 2022-11-21T00:17:11.714640+00:00, run_after=2022-11-22T00:17:11.714640+00:00
[2022-11-21T21:17:12.080-0300] {processor.py:161} INFO - Processing /home/juliana/Área de Trabalho/datapipeline/.env/lib/python3.8/site-packages/airflow/example_dags/example_short_circuit_operator.py took 0.928 seconds
[2022-11-21T21:38:15.768-0300] {processor.py:153} INFO - Started process (PID=7750) to work on /home/juliana/Área de Trabalho/datapipeline/.env/lib/python3.8/site-packages/airflow/example_dags/example_short_circuit_operator.py
[2022-11-21T21:38:15.774-0300] {processor.py:640} INFO - Processing file /home/juliana/Área de Trabalho/datapipeline/.env/lib/python3.8/site-packages/airflow/example_dags/example_short_circuit_operator.py for tasks to queue
[2022-11-21T21:38:15.775-0300] {logging_mixin.py:115} INFO - [2022-11-21T21:38:15.775-0300] {dagbag.py:508} INFO - Filling up the DagBag from /home/juliana/Área de Trabalho/datapipeline/.env/lib/python3.8/site-packages/airflow/example_dags/example_short_circuit_operator.py
[2022-11-21T21:38:15.783-0300] {processor.py:650} INFO - DAG(s) dict_keys(['example_short_circuit_operator']) retrieved from /home/juliana/Área de Trabalho/datapipeline/.env/lib/python3.8/site-packages/airflow/example_dags/example_short_circuit_operator.py
[2022-11-21T21:38:15.797-0300] {logging_mixin.py:115} INFO - [2022-11-21T21:38:15.797-0300] {dag.py:2429} INFO - Sync 1 DAGs
[2022-11-21T21:38:15.812-0300] {logging_mixin.py:115} INFO - [2022-11-21T21:38:15.812-0300] {dag.py:2977} INFO - Setting next_dagrun for example_short_circuit_operator to 2022-11-21T00:38:15.812480+00:00, run_after=2022-11-22T00:38:15.812480+00:00
[2022-11-21T21:38:15.828-0300] {processor.py:161} INFO - Processing /home/juliana/Área de Trabalho/datapipeline/.env/lib/python3.8/site-packages/airflow/example_dags/example_short_circuit_operator.py took 0.064 seconds
[2022-11-21T21:38:54.043-0300] {processor.py:153} INFO - Started process (PID=8066) to work on /home/juliana/Área de Trabalho/datapipeline/.env/lib/python3.8/site-packages/airflow/example_dags/example_short_circuit_operator.py
[2022-11-21T21:38:54.053-0300] {processor.py:640} INFO - Processing file /home/juliana/Área de Trabalho/datapipeline/.env/lib/python3.8/site-packages/airflow/example_dags/example_short_circuit_operator.py for tasks to queue
[2022-11-21T21:38:54.053-0300] {logging_mixin.py:115} INFO - [2022-11-21T21:38:54.053-0300] {dagbag.py:508} INFO - Filling up the DagBag from /home/juliana/Área de Trabalho/datapipeline/.env/lib/python3.8/site-packages/airflow/example_dags/example_short_circuit_operator.py
[2022-11-21T21:38:54.067-0300] {processor.py:650} INFO - DAG(s) dict_keys(['example_short_circuit_operator']) retrieved from /home/juliana/Área de Trabalho/datapipeline/.env/lib/python3.8/site-packages/airflow/example_dags/example_short_circuit_operator.py
[2022-11-21T21:38:54.098-0300] {logging_mixin.py:115} INFO - [2022-11-21T21:38:54.097-0300] {dag.py:2429} INFO - Sync 1 DAGs
[2022-11-21T21:38:54.138-0300] {logging_mixin.py:115} INFO - [2022-11-21T21:38:54.138-0300] {dag.py:2977} INFO - Setting next_dagrun for example_short_circuit_operator to 2022-11-21T00:38:54.138041+00:00, run_after=2022-11-22T00:38:54.138041+00:00
[2022-11-21T21:38:54.159-0300] {processor.py:161} INFO - Processing /home/juliana/Área de Trabalho/datapipeline/.env/lib/python3.8/site-packages/airflow/example_dags/example_short_circuit_operator.py took 0.121 seconds
[2022-11-21T21:39:28.722-0300] {processor.py:153} INFO - Started process (PID=8099) to work on /home/juliana/Área de Trabalho/datapipeline/.env/lib/python3.8/site-packages/airflow/example_dags/example_short_circuit_operator.py
[2022-11-21T21:39:28.728-0300] {processor.py:640} INFO - Processing file /home/juliana/Área de Trabalho/datapipeline/.env/lib/python3.8/site-packages/airflow/example_dags/example_short_circuit_operator.py for tasks to queue
[2022-11-21T21:39:28.729-0300] {logging_mixin.py:115} INFO - [2022-11-21T21:39:28.729-0300] {dagbag.py:508} INFO - Filling up the DagBag from /home/juliana/Área de Trabalho/datapipeline/.env/lib/python3.8/site-packages/airflow/example_dags/example_short_circuit_operator.py
[2022-11-21T21:39:28.739-0300] {processor.py:650} INFO - DAG(s) dict_keys(['example_short_circuit_operator']) retrieved from /home/juliana/Área de Trabalho/datapipeline/.env/lib/python3.8/site-packages/airflow/example_dags/example_short_circuit_operator.py
[2022-11-21T21:39:28.756-0300] {logging_mixin.py:115} INFO - [2022-11-21T21:39:28.756-0300] {dag.py:2429} INFO - Sync 1 DAGs
[2022-11-21T21:39:28.773-0300] {logging_mixin.py:115} INFO - [2022-11-21T21:39:28.773-0300] {dag.py:2977} INFO - Setting next_dagrun for example_short_circuit_operator to 2022-11-21T00:39:28.773174+00:00, run_after=2022-11-22T00:39:28.773174+00:00
[2022-11-21T21:39:28.789-0300] {processor.py:161} INFO - Processing /home/juliana/Área de Trabalho/datapipeline/.env/lib/python3.8/site-packages/airflow/example_dags/example_short_circuit_operator.py took 0.073 seconds
[2022-11-21T21:40:01.240-0300] {processor.py:153} INFO - Started process (PID=8166) to work on /home/juliana/Área de Trabalho/datapipeline/.env/lib/python3.8/site-packages/airflow/example_dags/example_short_circuit_operator.py
[2022-11-21T21:40:01.241-0300] {processor.py:640} INFO - Processing file /home/juliana/Área de Trabalho/datapipeline/.env/lib/python3.8/site-packages/airflow/example_dags/example_short_circuit_operator.py for tasks to queue
[2022-11-21T21:40:01.242-0300] {logging_mixin.py:115} INFO - [2022-11-21T21:40:01.241-0300] {dagbag.py:508} INFO - Filling up the DagBag from /home/juliana/Área de Trabalho/datapipeline/.env/lib/python3.8/site-packages/airflow/example_dags/example_short_circuit_operator.py
[2022-11-21T21:40:01.257-0300] {processor.py:650} INFO - DAG(s) dict_keys(['example_short_circuit_operator']) retrieved from /home/juliana/Área de Trabalho/datapipeline/.env/lib/python3.8/site-packages/airflow/example_dags/example_short_circuit_operator.py
[2022-11-21T21:40:01.288-0300] {logging_mixin.py:115} INFO - [2022-11-21T21:40:01.288-0300] {dag.py:2429} INFO - Sync 1 DAGs
[2022-11-21T21:40:01.329-0300] {logging_mixin.py:115} INFO - [2022-11-21T21:40:01.329-0300] {dag.py:2977} INFO - Setting next_dagrun for example_short_circuit_operator to 2022-11-21T00:40:01.329062+00:00, run_after=2022-11-22T00:40:01.329062+00:00
[2022-11-21T21:40:01.356-0300] {processor.py:161} INFO - Processing /home/juliana/Área de Trabalho/datapipeline/.env/lib/python3.8/site-packages/airflow/example_dags/example_short_circuit_operator.py took 0.125 seconds
[2022-11-21T21:40:39.356-0300] {processor.py:153} INFO - Started process (PID=8557) to work on /home/juliana/Área de Trabalho/datapipeline/.env/lib/python3.8/site-packages/airflow/example_dags/example_short_circuit_operator.py
[2022-11-21T21:40:39.360-0300] {processor.py:640} INFO - Processing file /home/juliana/Área de Trabalho/datapipeline/.env/lib/python3.8/site-packages/airflow/example_dags/example_short_circuit_operator.py for tasks to queue
[2022-11-21T21:40:39.360-0300] {logging_mixin.py:115} INFO - [2022-11-21T21:40:39.360-0300] {dagbag.py:508} INFO - Filling up the DagBag from /home/juliana/Área de Trabalho/datapipeline/.env/lib/python3.8/site-packages/airflow/example_dags/example_short_circuit_operator.py
[2022-11-21T21:40:39.374-0300] {processor.py:650} INFO - DAG(s) dict_keys(['example_short_circuit_operator']) retrieved from /home/juliana/Área de Trabalho/datapipeline/.env/lib/python3.8/site-packages/airflow/example_dags/example_short_circuit_operator.py
[2022-11-21T21:40:39.408-0300] {logging_mixin.py:115} INFO - [2022-11-21T21:40:39.408-0300] {dag.py:2429} INFO - Sync 1 DAGs
[2022-11-21T21:40:39.439-0300] {logging_mixin.py:115} INFO - [2022-11-21T21:40:39.439-0300] {dag.py:2977} INFO - Setting next_dagrun for example_short_circuit_operator to 2022-11-21T00:40:39.439373+00:00, run_after=2022-11-22T00:40:39.439373+00:00
[2022-11-21T21:40:39.463-0300] {processor.py:161} INFO - Processing /home/juliana/Área de Trabalho/datapipeline/.env/lib/python3.8/site-packages/airflow/example_dags/example_short_circuit_operator.py took 0.115 seconds
[2022-11-21T21:41:14.587-0300] {processor.py:153} INFO - Started process (PID=8769) to work on /home/juliana/Área de Trabalho/datapipeline/.env/lib/python3.8/site-packages/airflow/example_dags/example_short_circuit_operator.py
[2022-11-21T21:41:14.588-0300] {processor.py:640} INFO - Processing file /home/juliana/Área de Trabalho/datapipeline/.env/lib/python3.8/site-packages/airflow/example_dags/example_short_circuit_operator.py for tasks to queue
[2022-11-21T21:41:14.589-0300] {logging_mixin.py:115} INFO - [2022-11-21T21:41:14.589-0300] {dagbag.py:508} INFO - Filling up the DagBag from /home/juliana/Área de Trabalho/datapipeline/.env/lib/python3.8/site-packages/airflow/example_dags/example_short_circuit_operator.py
[2022-11-21T21:41:14.602-0300] {processor.py:650} INFO - DAG(s) dict_keys(['example_short_circuit_operator']) retrieved from /home/juliana/Área de Trabalho/datapipeline/.env/lib/python3.8/site-packages/airflow/example_dags/example_short_circuit_operator.py
[2022-11-21T21:41:14.622-0300] {logging_mixin.py:115} INFO - [2022-11-21T21:41:14.622-0300] {dag.py:2429} INFO - Sync 1 DAGs
[2022-11-21T21:41:14.641-0300] {logging_mixin.py:115} INFO - [2022-11-21T21:41:14.641-0300] {dag.py:2977} INFO - Setting next_dagrun for example_short_circuit_operator to 2022-11-21T00:41:14.641127+00:00, run_after=2022-11-22T00:41:14.641127+00:00
[2022-11-21T21:41:14.659-0300] {processor.py:161} INFO - Processing /home/juliana/Área de Trabalho/datapipeline/.env/lib/python3.8/site-packages/airflow/example_dags/example_short_circuit_operator.py took 0.078 seconds
[2022-11-21T21:41:46.055-0300] {processor.py:153} INFO - Started process (PID=8959) to work on /home/juliana/Área de Trabalho/datapipeline/.env/lib/python3.8/site-packages/airflow/example_dags/example_short_circuit_operator.py
[2022-11-21T21:41:46.056-0300] {processor.py:640} INFO - Processing file /home/juliana/Área de Trabalho/datapipeline/.env/lib/python3.8/site-packages/airflow/example_dags/example_short_circuit_operator.py for tasks to queue
[2022-11-21T21:41:46.057-0300] {logging_mixin.py:115} INFO - [2022-11-21T21:41:46.057-0300] {dagbag.py:508} INFO - Filling up the DagBag from /home/juliana/Área de Trabalho/datapipeline/.env/lib/python3.8/site-packages/airflow/example_dags/example_short_circuit_operator.py
[2022-11-21T21:41:46.073-0300] {processor.py:650} INFO - DAG(s) dict_keys(['example_short_circuit_operator']) retrieved from /home/juliana/Área de Trabalho/datapipeline/.env/lib/python3.8/site-packages/airflow/example_dags/example_short_circuit_operator.py
[2022-11-21T21:41:46.106-0300] {logging_mixin.py:115} INFO - [2022-11-21T21:41:46.106-0300] {dag.py:2429} INFO - Sync 1 DAGs
[2022-11-21T21:41:46.127-0300] {logging_mixin.py:115} INFO - [2022-11-21T21:41:46.127-0300] {dag.py:2977} INFO - Setting next_dagrun for example_short_circuit_operator to 2022-11-21T00:41:46.126798+00:00, run_after=2022-11-22T00:41:46.126798+00:00
[2022-11-21T21:41:46.143-0300] {processor.py:161} INFO - Processing /home/juliana/Área de Trabalho/datapipeline/.env/lib/python3.8/site-packages/airflow/example_dags/example_short_circuit_operator.py took 0.093 seconds
[2022-11-21T21:42:17.759-0300] {processor.py:153} INFO - Started process (PID=9140) to work on /home/juliana/Área de Trabalho/datapipeline/.env/lib/python3.8/site-packages/airflow/example_dags/example_short_circuit_operator.py
[2022-11-21T21:42:17.760-0300] {processor.py:640} INFO - Processing file /home/juliana/Área de Trabalho/datapipeline/.env/lib/python3.8/site-packages/airflow/example_dags/example_short_circuit_operator.py for tasks to queue
[2022-11-21T21:42:17.761-0300] {logging_mixin.py:115} INFO - [2022-11-21T21:42:17.761-0300] {dagbag.py:508} INFO - Filling up the DagBag from /home/juliana/Área de Trabalho/datapipeline/.env/lib/python3.8/site-packages/airflow/example_dags/example_short_circuit_operator.py
[2022-11-21T21:42:17.773-0300] {processor.py:650} INFO - DAG(s) dict_keys(['example_short_circuit_operator']) retrieved from /home/juliana/Área de Trabalho/datapipeline/.env/lib/python3.8/site-packages/airflow/example_dags/example_short_circuit_operator.py
[2022-11-21T21:42:17.790-0300] {logging_mixin.py:115} INFO - [2022-11-21T21:42:17.790-0300] {dag.py:2429} INFO - Sync 1 DAGs
[2022-11-21T21:42:17.806-0300] {logging_mixin.py:115} INFO - [2022-11-21T21:42:17.806-0300] {dag.py:2977} INFO - Setting next_dagrun for example_short_circuit_operator to 2022-11-21T00:42:17.806158+00:00, run_after=2022-11-22T00:42:17.806158+00:00
[2022-11-21T21:42:17.827-0300] {processor.py:161} INFO - Processing /home/juliana/Área de Trabalho/datapipeline/.env/lib/python3.8/site-packages/airflow/example_dags/example_short_circuit_operator.py took 0.073 seconds
[2022-11-21T21:42:49.040-0300] {processor.py:153} INFO - Started process (PID=9321) to work on /home/juliana/Área de Trabalho/datapipeline/.env/lib/python3.8/site-packages/airflow/example_dags/example_short_circuit_operator.py
[2022-11-21T21:42:49.041-0300] {processor.py:640} INFO - Processing file /home/juliana/Área de Trabalho/datapipeline/.env/lib/python3.8/site-packages/airflow/example_dags/example_short_circuit_operator.py for tasks to queue
[2022-11-21T21:42:49.042-0300] {logging_mixin.py:115} INFO - [2022-11-21T21:42:49.042-0300] {dagbag.py:508} INFO - Filling up the DagBag from /home/juliana/Área de Trabalho/datapipeline/.env/lib/python3.8/site-packages/airflow/example_dags/example_short_circuit_operator.py
[2022-11-21T21:42:49.052-0300] {processor.py:650} INFO - DAG(s) dict_keys(['example_short_circuit_operator']) retrieved from /home/juliana/Área de Trabalho/datapipeline/.env/lib/python3.8/site-packages/airflow/example_dags/example_short_circuit_operator.py
[2022-11-21T21:42:49.069-0300] {logging_mixin.py:115} INFO - [2022-11-21T21:42:49.069-0300] {dag.py:2429} INFO - Sync 1 DAGs
[2022-11-21T21:42:49.086-0300] {logging_mixin.py:115} INFO - [2022-11-21T21:42:49.085-0300] {dag.py:2977} INFO - Setting next_dagrun for example_short_circuit_operator to 2022-11-21T00:42:49.085626+00:00, run_after=2022-11-22T00:42:49.085626+00:00
[2022-11-21T21:42:49.107-0300] {processor.py:161} INFO - Processing /home/juliana/Área de Trabalho/datapipeline/.env/lib/python3.8/site-packages/airflow/example_dags/example_short_circuit_operator.py took 0.072 seconds
[2022-11-21T21:43:21.340-0300] {processor.py:153} INFO - Started process (PID=9530) to work on /home/juliana/Área de Trabalho/datapipeline/.env/lib/python3.8/site-packages/airflow/example_dags/example_short_circuit_operator.py
[2022-11-21T21:43:21.341-0300] {processor.py:640} INFO - Processing file /home/juliana/Área de Trabalho/datapipeline/.env/lib/python3.8/site-packages/airflow/example_dags/example_short_circuit_operator.py for tasks to queue
[2022-11-21T21:43:21.342-0300] {logging_mixin.py:115} INFO - [2022-11-21T21:43:21.342-0300] {dagbag.py:508} INFO - Filling up the DagBag from /home/juliana/Área de Trabalho/datapipeline/.env/lib/python3.8/site-packages/airflow/example_dags/example_short_circuit_operator.py
[2022-11-21T21:43:21.353-0300] {processor.py:650} INFO - DAG(s) dict_keys(['example_short_circuit_operator']) retrieved from /home/juliana/Área de Trabalho/datapipeline/.env/lib/python3.8/site-packages/airflow/example_dags/example_short_circuit_operator.py
[2022-11-21T21:43:21.372-0300] {logging_mixin.py:115} INFO - [2022-11-21T21:43:21.372-0300] {dag.py:2429} INFO - Sync 1 DAGs
[2022-11-21T21:43:21.395-0300] {logging_mixin.py:115} INFO - [2022-11-21T21:43:21.395-0300] {dag.py:2977} INFO - Setting next_dagrun for example_short_circuit_operator to 2022-11-21T00:43:21.395287+00:00, run_after=2022-11-22T00:43:21.395287+00:00
[2022-11-21T21:43:21.426-0300] {processor.py:161} INFO - Processing /home/juliana/Área de Trabalho/datapipeline/.env/lib/python3.8/site-packages/airflow/example_dags/example_short_circuit_operator.py took 0.090 seconds
[2022-11-21T21:43:55.277-0300] {processor.py:153} INFO - Started process (PID=9671) to work on /home/juliana/Área de Trabalho/datapipeline/.env/lib/python3.8/site-packages/airflow/example_dags/example_short_circuit_operator.py
[2022-11-21T21:43:55.280-0300] {processor.py:640} INFO - Processing file /home/juliana/Área de Trabalho/datapipeline/.env/lib/python3.8/site-packages/airflow/example_dags/example_short_circuit_operator.py for tasks to queue
[2022-11-21T21:43:55.281-0300] {logging_mixin.py:115} INFO - [2022-11-21T21:43:55.281-0300] {dagbag.py:508} INFO - Filling up the DagBag from /home/juliana/Área de Trabalho/datapipeline/.env/lib/python3.8/site-packages/airflow/example_dags/example_short_circuit_operator.py
[2022-11-21T21:43:55.289-0300] {processor.py:650} INFO - DAG(s) dict_keys(['example_short_circuit_operator']) retrieved from /home/juliana/Área de Trabalho/datapipeline/.env/lib/python3.8/site-packages/airflow/example_dags/example_short_circuit_operator.py
[2022-11-21T21:43:55.328-0300] {logging_mixin.py:115} INFO - [2022-11-21T21:43:55.328-0300] {dag.py:2429} INFO - Sync 1 DAGs
[2022-11-21T21:43:55.357-0300] {logging_mixin.py:115} INFO - [2022-11-21T21:43:55.355-0300] {dag.py:2977} INFO - Setting next_dagrun for example_short_circuit_operator to 2022-11-21T00:43:55.355610+00:00, run_after=2022-11-22T00:43:55.355610+00:00
[2022-11-21T21:43:55.380-0300] {processor.py:161} INFO - Processing /home/juliana/Área de Trabalho/datapipeline/.env/lib/python3.8/site-packages/airflow/example_dags/example_short_circuit_operator.py took 0.110 seconds
[2022-11-21T21:44:28.098-0300] {processor.py:153} INFO - Started process (PID=9714) to work on /home/juliana/Área de Trabalho/datapipeline/.env/lib/python3.8/site-packages/airflow/example_dags/example_short_circuit_operator.py
[2022-11-21T21:44:28.106-0300] {processor.py:640} INFO - Processing file /home/juliana/Área de Trabalho/datapipeline/.env/lib/python3.8/site-packages/airflow/example_dags/example_short_circuit_operator.py for tasks to queue
[2022-11-21T21:44:28.107-0300] {logging_mixin.py:115} INFO - [2022-11-21T21:44:28.107-0300] {dagbag.py:508} INFO - Filling up the DagBag from /home/juliana/Área de Trabalho/datapipeline/.env/lib/python3.8/site-packages/airflow/example_dags/example_short_circuit_operator.py
[2022-11-21T21:44:28.122-0300] {processor.py:650} INFO - DAG(s) dict_keys(['example_short_circuit_operator']) retrieved from /home/juliana/Área de Trabalho/datapipeline/.env/lib/python3.8/site-packages/airflow/example_dags/example_short_circuit_operator.py
[2022-11-21T21:44:28.155-0300] {logging_mixin.py:115} INFO - [2022-11-21T21:44:28.155-0300] {dag.py:2429} INFO - Sync 1 DAGs
[2022-11-21T21:44:28.170-0300] {logging_mixin.py:115} INFO - [2022-11-21T21:44:28.170-0300] {dag.py:2977} INFO - Setting next_dagrun for example_short_circuit_operator to 2022-11-21T00:44:28.169773+00:00, run_after=2022-11-22T00:44:28.169773+00:00
[2022-11-21T21:44:28.185-0300] {processor.py:161} INFO - Processing /home/juliana/Área de Trabalho/datapipeline/.env/lib/python3.8/site-packages/airflow/example_dags/example_short_circuit_operator.py took 0.093 seconds
[2022-11-21T21:45:03.011-0300] {processor.py:153} INFO - Started process (PID=9749) to work on /home/juliana/Área de Trabalho/datapipeline/.env/lib/python3.8/site-packages/airflow/example_dags/example_short_circuit_operator.py
[2022-11-21T21:45:03.012-0300] {processor.py:640} INFO - Processing file /home/juliana/Área de Trabalho/datapipeline/.env/lib/python3.8/site-packages/airflow/example_dags/example_short_circuit_operator.py for tasks to queue
[2022-11-21T21:45:03.013-0300] {logging_mixin.py:115} INFO - [2022-11-21T21:45:03.013-0300] {dagbag.py:508} INFO - Filling up the DagBag from /home/juliana/Área de Trabalho/datapipeline/.env/lib/python3.8/site-packages/airflow/example_dags/example_short_circuit_operator.py
[2022-11-21T21:45:03.021-0300] {processor.py:650} INFO - DAG(s) dict_keys(['example_short_circuit_operator']) retrieved from /home/juliana/Área de Trabalho/datapipeline/.env/lib/python3.8/site-packages/airflow/example_dags/example_short_circuit_operator.py
[2022-11-21T21:45:03.039-0300] {logging_mixin.py:115} INFO - [2022-11-21T21:45:03.039-0300] {dag.py:2429} INFO - Sync 1 DAGs
[2022-11-21T21:45:03.054-0300] {logging_mixin.py:115} INFO - [2022-11-21T21:45:03.054-0300] {dag.py:2977} INFO - Setting next_dagrun for example_short_circuit_operator to 2022-11-21T00:45:03.054359+00:00, run_after=2022-11-22T00:45:03.054359+00:00
[2022-11-21T21:45:03.080-0300] {processor.py:161} INFO - Processing /home/juliana/Área de Trabalho/datapipeline/.env/lib/python3.8/site-packages/airflow/example_dags/example_short_circuit_operator.py took 0.072 seconds
[2022-11-21T21:45:34.383-0300] {processor.py:153} INFO - Started process (PID=9790) to work on /home/juliana/Área de Trabalho/datapipeline/.env/lib/python3.8/site-packages/airflow/example_dags/example_short_circuit_operator.py
[2022-11-21T21:45:34.385-0300] {processor.py:640} INFO - Processing file /home/juliana/Área de Trabalho/datapipeline/.env/lib/python3.8/site-packages/airflow/example_dags/example_short_circuit_operator.py for tasks to queue
[2022-11-21T21:45:34.386-0300] {logging_mixin.py:115} INFO - [2022-11-21T21:45:34.385-0300] {dagbag.py:508} INFO - Filling up the DagBag from /home/juliana/Área de Trabalho/datapipeline/.env/lib/python3.8/site-packages/airflow/example_dags/example_short_circuit_operator.py
[2022-11-21T21:45:34.397-0300] {processor.py:650} INFO - DAG(s) dict_keys(['example_short_circuit_operator']) retrieved from /home/juliana/Área de Trabalho/datapipeline/.env/lib/python3.8/site-packages/airflow/example_dags/example_short_circuit_operator.py
[2022-11-21T21:45:34.416-0300] {logging_mixin.py:115} INFO - [2022-11-21T21:45:34.416-0300] {dag.py:2429} INFO - Sync 1 DAGs
[2022-11-21T21:45:34.430-0300] {logging_mixin.py:115} INFO - [2022-11-21T21:45:34.430-0300] {dag.py:2977} INFO - Setting next_dagrun for example_short_circuit_operator to 2022-11-21T00:45:34.430402+00:00, run_after=2022-11-22T00:45:34.430402+00:00
[2022-11-21T21:45:34.450-0300] {processor.py:161} INFO - Processing /home/juliana/Área de Trabalho/datapipeline/.env/lib/python3.8/site-packages/airflow/example_dags/example_short_circuit_operator.py took 0.072 seconds
[2022-11-21T21:46:09.135-0300] {processor.py:153} INFO - Started process (PID=9935) to work on /home/juliana/Área de Trabalho/datapipeline/.env/lib/python3.8/site-packages/airflow/example_dags/example_short_circuit_operator.py
[2022-11-21T21:46:09.137-0300] {processor.py:640} INFO - Processing file /home/juliana/Área de Trabalho/datapipeline/.env/lib/python3.8/site-packages/airflow/example_dags/example_short_circuit_operator.py for tasks to queue
[2022-11-21T21:46:09.138-0300] {logging_mixin.py:115} INFO - [2022-11-21T21:46:09.138-0300] {dagbag.py:508} INFO - Filling up the DagBag from /home/juliana/Área de Trabalho/datapipeline/.env/lib/python3.8/site-packages/airflow/example_dags/example_short_circuit_operator.py
[2022-11-21T21:46:09.164-0300] {processor.py:650} INFO - DAG(s) dict_keys(['example_short_circuit_operator']) retrieved from /home/juliana/Área de Trabalho/datapipeline/.env/lib/python3.8/site-packages/airflow/example_dags/example_short_circuit_operator.py
[2022-11-21T21:46:09.200-0300] {logging_mixin.py:115} INFO - [2022-11-21T21:46:09.200-0300] {dag.py:2429} INFO - Sync 1 DAGs
[2022-11-21T21:46:09.219-0300] {logging_mixin.py:115} INFO - [2022-11-21T21:46:09.219-0300] {dag.py:2977} INFO - Setting next_dagrun for example_short_circuit_operator to 2022-11-21T00:46:09.219007+00:00, run_after=2022-11-22T00:46:09.219007+00:00
[2022-11-21T21:46:09.239-0300] {processor.py:161} INFO - Processing /home/juliana/Área de Trabalho/datapipeline/.env/lib/python3.8/site-packages/airflow/example_dags/example_short_circuit_operator.py took 0.110 seconds
[2022-11-21T21:46:41.924-0300] {processor.py:153} INFO - Started process (PID=10151) to work on /home/juliana/Área de Trabalho/datapipeline/.env/lib/python3.8/site-packages/airflow/example_dags/example_short_circuit_operator.py
[2022-11-21T21:46:41.925-0300] {processor.py:640} INFO - Processing file /home/juliana/Área de Trabalho/datapipeline/.env/lib/python3.8/site-packages/airflow/example_dags/example_short_circuit_operator.py for tasks to queue
[2022-11-21T21:46:41.925-0300] {logging_mixin.py:115} INFO - [2022-11-21T21:46:41.925-0300] {dagbag.py:508} INFO - Filling up the DagBag from /home/juliana/Área de Trabalho/datapipeline/.env/lib/python3.8/site-packages/airflow/example_dags/example_short_circuit_operator.py
[2022-11-21T21:46:41.934-0300] {processor.py:650} INFO - DAG(s) dict_keys(['example_short_circuit_operator']) retrieved from /home/juliana/Área de Trabalho/datapipeline/.env/lib/python3.8/site-packages/airflow/example_dags/example_short_circuit_operator.py
[2022-11-21T21:46:41.952-0300] {logging_mixin.py:115} INFO - [2022-11-21T21:46:41.951-0300] {dag.py:2429} INFO - Sync 1 DAGs
[2022-11-21T21:46:41.969-0300] {logging_mixin.py:115} INFO - [2022-11-21T21:46:41.969-0300] {dag.py:2977} INFO - Setting next_dagrun for example_short_circuit_operator to 2022-11-21T00:46:41.969109+00:00, run_after=2022-11-22T00:46:41.969109+00:00
[2022-11-21T21:46:42.010-0300] {processor.py:161} INFO - Processing /home/juliana/Área de Trabalho/datapipeline/.env/lib/python3.8/site-packages/airflow/example_dags/example_short_circuit_operator.py took 0.091 seconds
[2022-11-21T21:47:13.352-0300] {processor.py:153} INFO - Started process (PID=10332) to work on /home/juliana/Área de Trabalho/datapipeline/.env/lib/python3.8/site-packages/airflow/example_dags/example_short_circuit_operator.py
[2022-11-21T21:47:13.353-0300] {processor.py:640} INFO - Processing file /home/juliana/Área de Trabalho/datapipeline/.env/lib/python3.8/site-packages/airflow/example_dags/example_short_circuit_operator.py for tasks to queue
[2022-11-21T21:47:13.354-0300] {logging_mixin.py:115} INFO - [2022-11-21T21:47:13.354-0300] {dagbag.py:508} INFO - Filling up the DagBag from /home/juliana/Área de Trabalho/datapipeline/.env/lib/python3.8/site-packages/airflow/example_dags/example_short_circuit_operator.py
[2022-11-21T21:47:13.374-0300] {processor.py:650} INFO - DAG(s) dict_keys(['example_short_circuit_operator']) retrieved from /home/juliana/Área de Trabalho/datapipeline/.env/lib/python3.8/site-packages/airflow/example_dags/example_short_circuit_operator.py
[2022-11-21T21:47:13.417-0300] {logging_mixin.py:115} INFO - [2022-11-21T21:47:13.417-0300] {dag.py:2429} INFO - Sync 1 DAGs
[2022-11-21T21:47:13.443-0300] {logging_mixin.py:115} INFO - [2022-11-21T21:47:13.443-0300] {dag.py:2977} INFO - Setting next_dagrun for example_short_circuit_operator to 2022-11-21T00:47:13.443288+00:00, run_after=2022-11-22T00:47:13.443288+00:00
[2022-11-21T21:47:13.461-0300] {processor.py:161} INFO - Processing /home/juliana/Área de Trabalho/datapipeline/.env/lib/python3.8/site-packages/airflow/example_dags/example_short_circuit_operator.py took 0.115 seconds
[2022-11-21T21:47:49.471-0300] {processor.py:153} INFO - Started process (PID=10541) to work on /home/juliana/Área de Trabalho/datapipeline/.env/lib/python3.8/site-packages/airflow/example_dags/example_short_circuit_operator.py
[2022-11-21T21:47:49.472-0300] {processor.py:640} INFO - Processing file /home/juliana/Área de Trabalho/datapipeline/.env/lib/python3.8/site-packages/airflow/example_dags/example_short_circuit_operator.py for tasks to queue
[2022-11-21T21:47:49.472-0300] {logging_mixin.py:115} INFO - [2022-11-21T21:47:49.472-0300] {dagbag.py:508} INFO - Filling up the DagBag from /home/juliana/Área de Trabalho/datapipeline/.env/lib/python3.8/site-packages/airflow/example_dags/example_short_circuit_operator.py
[2022-11-21T21:47:49.481-0300] {processor.py:650} INFO - DAG(s) dict_keys(['example_short_circuit_operator']) retrieved from /home/juliana/Área de Trabalho/datapipeline/.env/lib/python3.8/site-packages/airflow/example_dags/example_short_circuit_operator.py
[2022-11-21T21:47:49.497-0300] {logging_mixin.py:115} INFO - [2022-11-21T21:47:49.497-0300] {dag.py:2429} INFO - Sync 1 DAGs
[2022-11-21T21:47:49.511-0300] {logging_mixin.py:115} INFO - [2022-11-21T21:47:49.511-0300] {dag.py:2977} INFO - Setting next_dagrun for example_short_circuit_operator to 2022-11-21T00:47:49.511383+00:00, run_after=2022-11-22T00:47:49.511383+00:00
[2022-11-21T21:47:49.532-0300] {processor.py:161} INFO - Processing /home/juliana/Área de Trabalho/datapipeline/.env/lib/python3.8/site-packages/airflow/example_dags/example_short_circuit_operator.py took 0.064 seconds
[2022-11-21T21:48:24.335-0300] {processor.py:153} INFO - Started process (PID=10634) to work on /home/juliana/Área de Trabalho/datapipeline/.env/lib/python3.8/site-packages/airflow/example_dags/example_short_circuit_operator.py
[2022-11-21T21:48:24.336-0300] {processor.py:640} INFO - Processing file /home/juliana/Área de Trabalho/datapipeline/.env/lib/python3.8/site-packages/airflow/example_dags/example_short_circuit_operator.py for tasks to queue
[2022-11-21T21:48:24.337-0300] {logging_mixin.py:115} INFO - [2022-11-21T21:48:24.337-0300] {dagbag.py:508} INFO - Filling up the DagBag from /home/juliana/Área de Trabalho/datapipeline/.env/lib/python3.8/site-packages/airflow/example_dags/example_short_circuit_operator.py
[2022-11-21T21:48:24.350-0300] {processor.py:650} INFO - DAG(s) dict_keys(['example_short_circuit_operator']) retrieved from /home/juliana/Área de Trabalho/datapipeline/.env/lib/python3.8/site-packages/airflow/example_dags/example_short_circuit_operator.py
[2022-11-21T21:48:24.381-0300] {logging_mixin.py:115} INFO - [2022-11-21T21:48:24.381-0300] {dag.py:2429} INFO - Sync 1 DAGs
[2022-11-21T21:48:24.404-0300] {logging_mixin.py:115} INFO - [2022-11-21T21:48:24.404-0300] {dag.py:2977} INFO - Setting next_dagrun for example_short_circuit_operator to 2022-11-21T00:48:24.404158+00:00, run_after=2022-11-22T00:48:24.404158+00:00
[2022-11-21T21:48:24.434-0300] {processor.py:161} INFO - Processing /home/juliana/Área de Trabalho/datapipeline/.env/lib/python3.8/site-packages/airflow/example_dags/example_short_circuit_operator.py took 0.103 seconds
[2022-11-21T21:48:57.123-0300] {processor.py:153} INFO - Started process (PID=10746) to work on /home/juliana/Área de Trabalho/datapipeline/.env/lib/python3.8/site-packages/airflow/example_dags/example_short_circuit_operator.py
[2022-11-21T21:48:57.125-0300] {processor.py:640} INFO - Processing file /home/juliana/Área de Trabalho/datapipeline/.env/lib/python3.8/site-packages/airflow/example_dags/example_short_circuit_operator.py for tasks to queue
[2022-11-21T21:48:57.125-0300] {logging_mixin.py:115} INFO - [2022-11-21T21:48:57.125-0300] {dagbag.py:508} INFO - Filling up the DagBag from /home/juliana/Área de Trabalho/datapipeline/.env/lib/python3.8/site-packages/airflow/example_dags/example_short_circuit_operator.py
[2022-11-21T21:48:57.137-0300] {processor.py:650} INFO - DAG(s) dict_keys(['example_short_circuit_operator']) retrieved from /home/juliana/Área de Trabalho/datapipeline/.env/lib/python3.8/site-packages/airflow/example_dags/example_short_circuit_operator.py
[2022-11-21T21:48:57.176-0300] {logging_mixin.py:115} INFO - [2022-11-21T21:48:57.176-0300] {dag.py:2429} INFO - Sync 1 DAGs
[2022-11-21T21:48:57.190-0300] {logging_mixin.py:115} INFO - [2022-11-21T21:48:57.190-0300] {dag.py:2977} INFO - Setting next_dagrun for example_short_circuit_operator to 2022-11-21T00:48:57.190243+00:00, run_after=2022-11-22T00:48:57.190243+00:00
[2022-11-21T21:48:57.259-0300] {processor.py:161} INFO - Processing /home/juliana/Área de Trabalho/datapipeline/.env/lib/python3.8/site-packages/airflow/example_dags/example_short_circuit_operator.py took 0.140 seconds
[2022-11-21T21:49:28.488-0300] {processor.py:153} INFO - Started process (PID=10777) to work on /home/juliana/Área de Trabalho/datapipeline/.env/lib/python3.8/site-packages/airflow/example_dags/example_short_circuit_operator.py
[2022-11-21T21:49:28.489-0300] {processor.py:640} INFO - Processing file /home/juliana/Área de Trabalho/datapipeline/.env/lib/python3.8/site-packages/airflow/example_dags/example_short_circuit_operator.py for tasks to queue
[2022-11-21T21:49:28.490-0300] {logging_mixin.py:115} INFO - [2022-11-21T21:49:28.489-0300] {dagbag.py:508} INFO - Filling up the DagBag from /home/juliana/Área de Trabalho/datapipeline/.env/lib/python3.8/site-packages/airflow/example_dags/example_short_circuit_operator.py
[2022-11-21T21:49:28.499-0300] {processor.py:650} INFO - DAG(s) dict_keys(['example_short_circuit_operator']) retrieved from /home/juliana/Área de Trabalho/datapipeline/.env/lib/python3.8/site-packages/airflow/example_dags/example_short_circuit_operator.py
[2022-11-21T21:49:28.517-0300] {logging_mixin.py:115} INFO - [2022-11-21T21:49:28.517-0300] {dag.py:2429} INFO - Sync 1 DAGs
[2022-11-21T21:49:28.531-0300] {logging_mixin.py:115} INFO - [2022-11-21T21:49:28.531-0300] {dag.py:2977} INFO - Setting next_dagrun for example_short_circuit_operator to 2022-11-21T00:49:28.531210+00:00, run_after=2022-11-22T00:49:28.531210+00:00
[2022-11-21T21:49:28.546-0300] {processor.py:161} INFO - Processing /home/juliana/Área de Trabalho/datapipeline/.env/lib/python3.8/site-packages/airflow/example_dags/example_short_circuit_operator.py took 0.063 seconds
[2022-11-21T21:50:04.539-0300] {processor.py:153} INFO - Started process (PID=10813) to work on /home/juliana/Área de Trabalho/datapipeline/.env/lib/python3.8/site-packages/airflow/example_dags/example_short_circuit_operator.py
[2022-11-21T21:50:04.540-0300] {processor.py:640} INFO - Processing file /home/juliana/Área de Trabalho/datapipeline/.env/lib/python3.8/site-packages/airflow/example_dags/example_short_circuit_operator.py for tasks to queue
[2022-11-21T21:50:04.541-0300] {logging_mixin.py:115} INFO - [2022-11-21T21:50:04.541-0300] {dagbag.py:508} INFO - Filling up the DagBag from /home/juliana/Área de Trabalho/datapipeline/.env/lib/python3.8/site-packages/airflow/example_dags/example_short_circuit_operator.py
[2022-11-21T21:50:04.551-0300] {processor.py:650} INFO - DAG(s) dict_keys(['example_short_circuit_operator']) retrieved from /home/juliana/Área de Trabalho/datapipeline/.env/lib/python3.8/site-packages/airflow/example_dags/example_short_circuit_operator.py
[2022-11-21T21:50:04.568-0300] {logging_mixin.py:115} INFO - [2022-11-21T21:50:04.568-0300] {dag.py:2429} INFO - Sync 1 DAGs
[2022-11-21T21:50:04.582-0300] {logging_mixin.py:115} INFO - [2022-11-21T21:50:04.581-0300] {dag.py:2977} INFO - Setting next_dagrun for example_short_circuit_operator to 2022-11-21T00:50:04.581625+00:00, run_after=2022-11-22T00:50:04.581625+00:00
[2022-11-21T21:50:04.602-0300] {processor.py:161} INFO - Processing /home/juliana/Área de Trabalho/datapipeline/.env/lib/python3.8/site-packages/airflow/example_dags/example_short_circuit_operator.py took 0.068 seconds
[2022-11-21T21:50:35.629-0300] {processor.py:153} INFO - Started process (PID=10869) to work on /home/juliana/Área de Trabalho/datapipeline/.env/lib/python3.8/site-packages/airflow/example_dags/example_short_circuit_operator.py
[2022-11-21T21:50:35.631-0300] {processor.py:640} INFO - Processing file /home/juliana/Área de Trabalho/datapipeline/.env/lib/python3.8/site-packages/airflow/example_dags/example_short_circuit_operator.py for tasks to queue
[2022-11-21T21:50:35.632-0300] {logging_mixin.py:115} INFO - [2022-11-21T21:50:35.631-0300] {dagbag.py:508} INFO - Filling up the DagBag from /home/juliana/Área de Trabalho/datapipeline/.env/lib/python3.8/site-packages/airflow/example_dags/example_short_circuit_operator.py
[2022-11-21T21:50:35.648-0300] {processor.py:650} INFO - DAG(s) dict_keys(['example_short_circuit_operator']) retrieved from /home/juliana/Área de Trabalho/datapipeline/.env/lib/python3.8/site-packages/airflow/example_dags/example_short_circuit_operator.py
[2022-11-21T21:50:35.668-0300] {logging_mixin.py:115} INFO - [2022-11-21T21:50:35.668-0300] {dag.py:2429} INFO - Sync 1 DAGs
[2022-11-21T21:50:35.685-0300] {logging_mixin.py:115} INFO - [2022-11-21T21:50:35.685-0300] {dag.py:2977} INFO - Setting next_dagrun for example_short_circuit_operator to 2022-11-21T00:50:35.685139+00:00, run_after=2022-11-22T00:50:35.685139+00:00
[2022-11-21T21:50:35.700-0300] {processor.py:161} INFO - Processing /home/juliana/Área de Trabalho/datapipeline/.env/lib/python3.8/site-packages/airflow/example_dags/example_short_circuit_operator.py took 0.075 seconds
[2022-11-21T21:51:09.285-0300] {processor.py:153} INFO - Started process (PID=10905) to work on /home/juliana/Área de Trabalho/datapipeline/.env/lib/python3.8/site-packages/airflow/example_dags/example_short_circuit_operator.py
[2022-11-21T21:51:09.286-0300] {processor.py:640} INFO - Processing file /home/juliana/Área de Trabalho/datapipeline/.env/lib/python3.8/site-packages/airflow/example_dags/example_short_circuit_operator.py for tasks to queue
[2022-11-21T21:51:09.288-0300] {logging_mixin.py:115} INFO - [2022-11-21T21:51:09.287-0300] {dagbag.py:508} INFO - Filling up the DagBag from /home/juliana/Área de Trabalho/datapipeline/.env/lib/python3.8/site-packages/airflow/example_dags/example_short_circuit_operator.py
[2022-11-21T21:51:09.299-0300] {processor.py:650} INFO - DAG(s) dict_keys(['example_short_circuit_operator']) retrieved from /home/juliana/Área de Trabalho/datapipeline/.env/lib/python3.8/site-packages/airflow/example_dags/example_short_circuit_operator.py
[2022-11-21T21:51:09.325-0300] {logging_mixin.py:115} INFO - [2022-11-21T21:51:09.325-0300] {dag.py:2429} INFO - Sync 1 DAGs
[2022-11-21T21:51:09.340-0300] {logging_mixin.py:115} INFO - [2022-11-21T21:51:09.339-0300] {dag.py:2977} INFO - Setting next_dagrun for example_short_circuit_operator to 2022-11-21T00:51:09.339436+00:00, run_after=2022-11-22T00:51:09.339436+00:00
[2022-11-21T21:51:09.361-0300] {processor.py:161} INFO - Processing /home/juliana/Área de Trabalho/datapipeline/.env/lib/python3.8/site-packages/airflow/example_dags/example_short_circuit_operator.py took 0.081 seconds
[2022-11-21T21:51:44.800-0300] {processor.py:153} INFO - Started process (PID=10938) to work on /home/juliana/Área de Trabalho/datapipeline/.env/lib/python3.8/site-packages/airflow/example_dags/example_short_circuit_operator.py
[2022-11-21T21:51:44.802-0300] {processor.py:640} INFO - Processing file /home/juliana/Área de Trabalho/datapipeline/.env/lib/python3.8/site-packages/airflow/example_dags/example_short_circuit_operator.py for tasks to queue
[2022-11-21T21:51:44.803-0300] {logging_mixin.py:115} INFO - [2022-11-21T21:51:44.803-0300] {dagbag.py:508} INFO - Filling up the DagBag from /home/juliana/Área de Trabalho/datapipeline/.env/lib/python3.8/site-packages/airflow/example_dags/example_short_circuit_operator.py
[2022-11-21T21:51:44.815-0300] {processor.py:650} INFO - DAG(s) dict_keys(['example_short_circuit_operator']) retrieved from /home/juliana/Área de Trabalho/datapipeline/.env/lib/python3.8/site-packages/airflow/example_dags/example_short_circuit_operator.py
[2022-11-21T21:51:44.835-0300] {logging_mixin.py:115} INFO - [2022-11-21T21:51:44.835-0300] {dag.py:2429} INFO - Sync 1 DAGs
[2022-11-21T21:51:44.850-0300] {logging_mixin.py:115} INFO - [2022-11-21T21:51:44.850-0300] {dag.py:2977} INFO - Setting next_dagrun for example_short_circuit_operator to 2022-11-21T00:51:44.850282+00:00, run_after=2022-11-22T00:51:44.850282+00:00
[2022-11-21T21:51:44.866-0300] {processor.py:161} INFO - Processing /home/juliana/Área de Trabalho/datapipeline/.env/lib/python3.8/site-packages/airflow/example_dags/example_short_circuit_operator.py took 0.071 seconds
[2022-11-21T21:52:15.879-0300] {processor.py:153} INFO - Started process (PID=10970) to work on /home/juliana/Área de Trabalho/datapipeline/.env/lib/python3.8/site-packages/airflow/example_dags/example_short_circuit_operator.py
[2022-11-21T21:52:15.880-0300] {processor.py:640} INFO - Processing file /home/juliana/Área de Trabalho/datapipeline/.env/lib/python3.8/site-packages/airflow/example_dags/example_short_circuit_operator.py for tasks to queue
[2022-11-21T21:52:15.881-0300] {logging_mixin.py:115} INFO - [2022-11-21T21:52:15.881-0300] {dagbag.py:508} INFO - Filling up the DagBag from /home/juliana/Área de Trabalho/datapipeline/.env/lib/python3.8/site-packages/airflow/example_dags/example_short_circuit_operator.py
[2022-11-21T21:52:15.894-0300] {processor.py:650} INFO - DAG(s) dict_keys(['example_short_circuit_operator']) retrieved from /home/juliana/Área de Trabalho/datapipeline/.env/lib/python3.8/site-packages/airflow/example_dags/example_short_circuit_operator.py
[2022-11-21T21:52:15.915-0300] {logging_mixin.py:115} INFO - [2022-11-21T21:52:15.915-0300] {dag.py:2429} INFO - Sync 1 DAGs
[2022-11-21T21:52:15.931-0300] {logging_mixin.py:115} INFO - [2022-11-21T21:52:15.931-0300] {dag.py:2977} INFO - Setting next_dagrun for example_short_circuit_operator to 2022-11-21T00:52:15.931038+00:00, run_after=2022-11-22T00:52:15.931038+00:00
[2022-11-21T21:52:15.947-0300] {processor.py:161} INFO - Processing /home/juliana/Área de Trabalho/datapipeline/.env/lib/python3.8/site-packages/airflow/example_dags/example_short_circuit_operator.py took 0.074 seconds
[2022-11-21T21:52:50.961-0300] {processor.py:153} INFO - Started process (PID=11005) to work on /home/juliana/Área de Trabalho/datapipeline/.env/lib/python3.8/site-packages/airflow/example_dags/example_short_circuit_operator.py
[2022-11-21T21:52:50.963-0300] {processor.py:640} INFO - Processing file /home/juliana/Área de Trabalho/datapipeline/.env/lib/python3.8/site-packages/airflow/example_dags/example_short_circuit_operator.py for tasks to queue
[2022-11-21T21:52:50.965-0300] {logging_mixin.py:115} INFO - [2022-11-21T21:52:50.965-0300] {dagbag.py:508} INFO - Filling up the DagBag from /home/juliana/Área de Trabalho/datapipeline/.env/lib/python3.8/site-packages/airflow/example_dags/example_short_circuit_operator.py
[2022-11-21T21:52:50.978-0300] {processor.py:650} INFO - DAG(s) dict_keys(['example_short_circuit_operator']) retrieved from /home/juliana/Área de Trabalho/datapipeline/.env/lib/python3.8/site-packages/airflow/example_dags/example_short_circuit_operator.py
[2022-11-21T21:52:51.004-0300] {logging_mixin.py:115} INFO - [2022-11-21T21:52:51.004-0300] {dag.py:2429} INFO - Sync 1 DAGs
[2022-11-21T21:52:51.030-0300] {logging_mixin.py:115} INFO - [2022-11-21T21:52:51.029-0300] {dag.py:2977} INFO - Setting next_dagrun for example_short_circuit_operator to 2022-11-21T00:52:51.029268+00:00, run_after=2022-11-22T00:52:51.029268+00:00
[2022-11-21T21:52:51.055-0300] {processor.py:161} INFO - Processing /home/juliana/Área de Trabalho/datapipeline/.env/lib/python3.8/site-packages/airflow/example_dags/example_short_circuit_operator.py took 0.099 seconds
[2022-11-21T21:53:24.304-0300] {processor.py:153} INFO - Started process (PID=11131) to work on /home/juliana/Área de Trabalho/datapipeline/.env/lib/python3.8/site-packages/airflow/example_dags/example_short_circuit_operator.py
[2022-11-21T21:53:24.306-0300] {processor.py:640} INFO - Processing file /home/juliana/Área de Trabalho/datapipeline/.env/lib/python3.8/site-packages/airflow/example_dags/example_short_circuit_operator.py for tasks to queue
[2022-11-21T21:53:24.306-0300] {logging_mixin.py:115} INFO - [2022-11-21T21:53:24.306-0300] {dagbag.py:508} INFO - Filling up the DagBag from /home/juliana/Área de Trabalho/datapipeline/.env/lib/python3.8/site-packages/airflow/example_dags/example_short_circuit_operator.py
[2022-11-21T21:53:24.328-0300] {processor.py:650} INFO - DAG(s) dict_keys(['example_short_circuit_operator']) retrieved from /home/juliana/Área de Trabalho/datapipeline/.env/lib/python3.8/site-packages/airflow/example_dags/example_short_circuit_operator.py
[2022-11-21T21:53:24.356-0300] {logging_mixin.py:115} INFO - [2022-11-21T21:53:24.356-0300] {dag.py:2429} INFO - Sync 1 DAGs
[2022-11-21T21:53:24.382-0300] {logging_mixin.py:115} INFO - [2022-11-21T21:53:24.382-0300] {dag.py:2977} INFO - Setting next_dagrun for example_short_circuit_operator to 2022-11-21T00:53:24.382175+00:00, run_after=2022-11-22T00:53:24.382175+00:00
[2022-11-21T21:53:24.406-0300] {processor.py:161} INFO - Processing /home/juliana/Área de Trabalho/datapipeline/.env/lib/python3.8/site-packages/airflow/example_dags/example_short_circuit_operator.py took 0.107 seconds
[2022-11-21T21:53:58.202-0300] {processor.py:153} INFO - Started process (PID=11323) to work on /home/juliana/Área de Trabalho/datapipeline/.env/lib/python3.8/site-packages/airflow/example_dags/example_short_circuit_operator.py
[2022-11-21T21:53:58.203-0300] {processor.py:640} INFO - Processing file /home/juliana/Área de Trabalho/datapipeline/.env/lib/python3.8/site-packages/airflow/example_dags/example_short_circuit_operator.py for tasks to queue
[2022-11-21T21:53:58.204-0300] {logging_mixin.py:115} INFO - [2022-11-21T21:53:58.204-0300] {dagbag.py:508} INFO - Filling up the DagBag from /home/juliana/Área de Trabalho/datapipeline/.env/lib/python3.8/site-packages/airflow/example_dags/example_short_circuit_operator.py
[2022-11-21T21:53:58.220-0300] {processor.py:650} INFO - DAG(s) dict_keys(['example_short_circuit_operator']) retrieved from /home/juliana/Área de Trabalho/datapipeline/.env/lib/python3.8/site-packages/airflow/example_dags/example_short_circuit_operator.py
[2022-11-21T21:53:58.239-0300] {logging_mixin.py:115} INFO - [2022-11-21T21:53:58.239-0300] {dag.py:2429} INFO - Sync 1 DAGs
[2022-11-21T21:53:58.258-0300] {logging_mixin.py:115} INFO - [2022-11-21T21:53:58.257-0300] {dag.py:2977} INFO - Setting next_dagrun for example_short_circuit_operator to 2022-11-21T00:53:58.257641+00:00, run_after=2022-11-22T00:53:58.257641+00:00
[2022-11-21T21:53:58.279-0300] {processor.py:161} INFO - Processing /home/juliana/Área de Trabalho/datapipeline/.env/lib/python3.8/site-packages/airflow/example_dags/example_short_circuit_operator.py took 0.084 seconds
[2022-11-21T21:54:31.893-0300] {processor.py:153} INFO - Started process (PID=11532) to work on /home/juliana/Área de Trabalho/datapipeline/.env/lib/python3.8/site-packages/airflow/example_dags/example_short_circuit_operator.py
[2022-11-21T21:54:31.895-0300] {processor.py:640} INFO - Processing file /home/juliana/Área de Trabalho/datapipeline/.env/lib/python3.8/site-packages/airflow/example_dags/example_short_circuit_operator.py for tasks to queue
[2022-11-21T21:54:31.896-0300] {logging_mixin.py:115} INFO - [2022-11-21T21:54:31.895-0300] {dagbag.py:508} INFO - Filling up the DagBag from /home/juliana/Área de Trabalho/datapipeline/.env/lib/python3.8/site-packages/airflow/example_dags/example_short_circuit_operator.py
[2022-11-21T21:54:31.910-0300] {processor.py:650} INFO - DAG(s) dict_keys(['example_short_circuit_operator']) retrieved from /home/juliana/Área de Trabalho/datapipeline/.env/lib/python3.8/site-packages/airflow/example_dags/example_short_circuit_operator.py
[2022-11-21T21:54:31.926-0300] {logging_mixin.py:115} INFO - [2022-11-21T21:54:31.926-0300] {dag.py:2429} INFO - Sync 1 DAGs
[2022-11-21T21:54:31.941-0300] {logging_mixin.py:115} INFO - [2022-11-21T21:54:31.941-0300] {dag.py:2977} INFO - Setting next_dagrun for example_short_circuit_operator to 2022-11-21T00:54:31.940839+00:00, run_after=2022-11-22T00:54:31.940839+00:00
[2022-11-21T21:54:31.962-0300] {processor.py:161} INFO - Processing /home/juliana/Área de Trabalho/datapipeline/.env/lib/python3.8/site-packages/airflow/example_dags/example_short_circuit_operator.py took 0.073 seconds
[2022-11-21T21:55:22.436-0300] {processor.py:153} INFO - Started process (PID=11578) to work on /home/juliana/Área de Trabalho/datapipeline/.env/lib/python3.8/site-packages/airflow/example_dags/example_short_circuit_operator.py
[2022-11-21T21:55:22.441-0300] {processor.py:640} INFO - Processing file /home/juliana/Área de Trabalho/datapipeline/.env/lib/python3.8/site-packages/airflow/example_dags/example_short_circuit_operator.py for tasks to queue
[2022-11-21T21:55:22.442-0300] {logging_mixin.py:115} INFO - [2022-11-21T21:55:22.442-0300] {dagbag.py:508} INFO - Filling up the DagBag from /home/juliana/Área de Trabalho/datapipeline/.env/lib/python3.8/site-packages/airflow/example_dags/example_short_circuit_operator.py
[2022-11-21T21:55:22.461-0300] {processor.py:650} INFO - DAG(s) dict_keys(['example_short_circuit_operator']) retrieved from /home/juliana/Área de Trabalho/datapipeline/.env/lib/python3.8/site-packages/airflow/example_dags/example_short_circuit_operator.py
[2022-11-21T21:55:22.510-0300] {logging_mixin.py:115} INFO - [2022-11-21T21:55:22.510-0300] {dag.py:2429} INFO - Sync 1 DAGs
[2022-11-21T21:55:22.597-0300] {logging_mixin.py:115} INFO - [2022-11-21T21:55:22.595-0300] {dag.py:2977} INFO - Setting next_dagrun for example_short_circuit_operator to 2022-11-21T00:55:22.595192+00:00, run_after=2022-11-22T00:55:22.595192+00:00
[2022-11-21T21:55:22.634-0300] {processor.py:161} INFO - Processing /home/juliana/Área de Trabalho/datapipeline/.env/lib/python3.8/site-packages/airflow/example_dags/example_short_circuit_operator.py took 0.208 seconds
[2022-11-21T21:56:01.440-0300] {processor.py:153} INFO - Started process (PID=11982) to work on /home/juliana/Área de Trabalho/datapipeline/.env/lib/python3.8/site-packages/airflow/example_dags/example_short_circuit_operator.py
[2022-11-21T21:56:01.444-0300] {processor.py:640} INFO - Processing file /home/juliana/Área de Trabalho/datapipeline/.env/lib/python3.8/site-packages/airflow/example_dags/example_short_circuit_operator.py for tasks to queue
[2022-11-21T21:56:01.447-0300] {logging_mixin.py:115} INFO - [2022-11-21T21:56:01.445-0300] {dagbag.py:508} INFO - Filling up the DagBag from /home/juliana/Área de Trabalho/datapipeline/.env/lib/python3.8/site-packages/airflow/example_dags/example_short_circuit_operator.py
[2022-11-21T21:56:01.507-0300] {processor.py:650} INFO - DAG(s) dict_keys(['example_short_circuit_operator']) retrieved from /home/juliana/Área de Trabalho/datapipeline/.env/lib/python3.8/site-packages/airflow/example_dags/example_short_circuit_operator.py
[2022-11-21T21:56:01.587-0300] {logging_mixin.py:115} INFO - [2022-11-21T21:56:01.586-0300] {dag.py:2429} INFO - Sync 1 DAGs
[2022-11-21T21:56:01.669-0300] {logging_mixin.py:115} INFO - [2022-11-21T21:56:01.668-0300] {dag.py:2977} INFO - Setting next_dagrun for example_short_circuit_operator to 2022-11-21T00:56:01.659129+00:00, run_after=2022-11-22T00:56:01.659129+00:00
[2022-11-21T21:56:01.712-0300] {processor.py:161} INFO - Processing /home/juliana/Área de Trabalho/datapipeline/.env/lib/python3.8/site-packages/airflow/example_dags/example_short_circuit_operator.py took 0.279 seconds
[2022-11-21T22:03:31.200-0300] {processor.py:153} INFO - Started process (PID=2196) to work on /home/juliana/Área de Trabalho/datapipeline/.env/lib/python3.8/site-packages/airflow/example_dags/example_short_circuit_operator.py
[2022-11-21T22:03:31.208-0300] {processor.py:640} INFO - Processing file /home/juliana/Área de Trabalho/datapipeline/.env/lib/python3.8/site-packages/airflow/example_dags/example_short_circuit_operator.py for tasks to queue
[2022-11-21T22:03:31.209-0300] {logging_mixin.py:115} INFO - [2022-11-21T22:03:31.209-0300] {dagbag.py:508} INFO - Filling up the DagBag from /home/juliana/Área de Trabalho/datapipeline/.env/lib/python3.8/site-packages/airflow/example_dags/example_short_circuit_operator.py
[2022-11-21T22:03:31.221-0300] {processor.py:650} INFO - DAG(s) dict_keys(['example_short_circuit_operator']) retrieved from /home/juliana/Área de Trabalho/datapipeline/.env/lib/python3.8/site-packages/airflow/example_dags/example_short_circuit_operator.py
[2022-11-21T22:03:31.240-0300] {logging_mixin.py:115} INFO - [2022-11-21T22:03:31.240-0300] {dag.py:2429} INFO - Sync 1 DAGs
[2022-11-21T22:03:31.257-0300] {logging_mixin.py:115} INFO - [2022-11-21T22:03:31.256-0300] {dag.py:2977} INFO - Setting next_dagrun for example_short_circuit_operator to 2022-11-21T01:03:31.256658+00:00, run_after=2022-11-22T01:03:31.256658+00:00
[2022-11-21T22:03:31.272-0300] {processor.py:161} INFO - Processing /home/juliana/Área de Trabalho/datapipeline/.env/lib/python3.8/site-packages/airflow/example_dags/example_short_circuit_operator.py took 0.077 seconds
[2022-11-21T22:04:11.682-0300] {processor.py:153} INFO - Started process (PID=2502) to work on /home/juliana/Área de Trabalho/datapipeline/.env/lib/python3.8/site-packages/airflow/example_dags/example_short_circuit_operator.py
[2022-11-21T22:04:11.686-0300] {processor.py:640} INFO - Processing file /home/juliana/Área de Trabalho/datapipeline/.env/lib/python3.8/site-packages/airflow/example_dags/example_short_circuit_operator.py for tasks to queue
[2022-11-21T22:04:11.687-0300] {logging_mixin.py:115} INFO - [2022-11-21T22:04:11.687-0300] {dagbag.py:508} INFO - Filling up the DagBag from /home/juliana/Área de Trabalho/datapipeline/.env/lib/python3.8/site-packages/airflow/example_dags/example_short_circuit_operator.py
[2022-11-21T22:04:11.720-0300] {processor.py:650} INFO - DAG(s) dict_keys(['example_short_circuit_operator']) retrieved from /home/juliana/Área de Trabalho/datapipeline/.env/lib/python3.8/site-packages/airflow/example_dags/example_short_circuit_operator.py
[2022-11-21T22:04:11.770-0300] {logging_mixin.py:115} INFO - [2022-11-21T22:04:11.770-0300] {dag.py:2429} INFO - Sync 1 DAGs
[2022-11-21T22:04:11.911-0300] {logging_mixin.py:115} INFO - [2022-11-21T22:04:11.911-0300] {dag.py:2977} INFO - Setting next_dagrun for example_short_circuit_operator to 2022-11-21T01:04:11.910879+00:00, run_after=2022-11-22T01:04:11.910879+00:00
[2022-11-21T22:04:11.959-0300] {processor.py:161} INFO - Processing /home/juliana/Área de Trabalho/datapipeline/.env/lib/python3.8/site-packages/airflow/example_dags/example_short_circuit_operator.py took 0.279 seconds
[2022-11-21T22:04:49.754-0300] {processor.py:153} INFO - Started process (PID=2568) to work on /home/juliana/Área de Trabalho/datapipeline/.env/lib/python3.8/site-packages/airflow/example_dags/example_short_circuit_operator.py
[2022-11-21T22:04:49.756-0300] {processor.py:640} INFO - Processing file /home/juliana/Área de Trabalho/datapipeline/.env/lib/python3.8/site-packages/airflow/example_dags/example_short_circuit_operator.py for tasks to queue
[2022-11-21T22:04:49.756-0300] {logging_mixin.py:115} INFO - [2022-11-21T22:04:49.756-0300] {dagbag.py:508} INFO - Filling up the DagBag from /home/juliana/Área de Trabalho/datapipeline/.env/lib/python3.8/site-packages/airflow/example_dags/example_short_circuit_operator.py
[2022-11-21T22:04:49.768-0300] {processor.py:650} INFO - DAG(s) dict_keys(['example_short_circuit_operator']) retrieved from /home/juliana/Área de Trabalho/datapipeline/.env/lib/python3.8/site-packages/airflow/example_dags/example_short_circuit_operator.py
[2022-11-21T22:04:49.789-0300] {logging_mixin.py:115} INFO - [2022-11-21T22:04:49.789-0300] {dag.py:2429} INFO - Sync 1 DAGs
[2022-11-21T22:04:49.814-0300] {logging_mixin.py:115} INFO - [2022-11-21T22:04:49.813-0300] {dag.py:2977} INFO - Setting next_dagrun for example_short_circuit_operator to 2022-11-21T01:04:49.813360+00:00, run_after=2022-11-22T01:04:49.813360+00:00
[2022-11-21T22:04:49.834-0300] {processor.py:161} INFO - Processing /home/juliana/Área de Trabalho/datapipeline/.env/lib/python3.8/site-packages/airflow/example_dags/example_short_circuit_operator.py took 0.083 seconds
[2022-11-21T22:05:23.114-0300] {processor.py:153} INFO - Started process (PID=2970) to work on /home/juliana/Área de Trabalho/datapipeline/.env/lib/python3.8/site-packages/airflow/example_dags/example_short_circuit_operator.py
[2022-11-21T22:05:23.117-0300] {processor.py:640} INFO - Processing file /home/juliana/Área de Trabalho/datapipeline/.env/lib/python3.8/site-packages/airflow/example_dags/example_short_circuit_operator.py for tasks to queue
[2022-11-21T22:05:23.117-0300] {logging_mixin.py:115} INFO - [2022-11-21T22:05:23.117-0300] {dagbag.py:508} INFO - Filling up the DagBag from /home/juliana/Área de Trabalho/datapipeline/.env/lib/python3.8/site-packages/airflow/example_dags/example_short_circuit_operator.py
[2022-11-21T22:05:23.145-0300] {processor.py:650} INFO - DAG(s) dict_keys(['example_short_circuit_operator']) retrieved from /home/juliana/Área de Trabalho/datapipeline/.env/lib/python3.8/site-packages/airflow/example_dags/example_short_circuit_operator.py
[2022-11-21T22:05:23.171-0300] {logging_mixin.py:115} INFO - [2022-11-21T22:05:23.171-0300] {dag.py:2429} INFO - Sync 1 DAGs
[2022-11-21T22:05:23.214-0300] {logging_mixin.py:115} INFO - [2022-11-21T22:05:23.214-0300] {dag.py:2977} INFO - Setting next_dagrun for example_short_circuit_operator to 2022-11-21T01:05:23.213997+00:00, run_after=2022-11-22T01:05:23.213997+00:00
[2022-11-21T22:05:23.240-0300] {processor.py:161} INFO - Processing /home/juliana/Área de Trabalho/datapipeline/.env/lib/python3.8/site-packages/airflow/example_dags/example_short_circuit_operator.py took 0.129 seconds
[2022-11-21T22:06:00.730-0300] {processor.py:153} INFO - Started process (PID=3445) to work on /home/juliana/Área de Trabalho/datapipeline/.env/lib/python3.8/site-packages/airflow/example_dags/example_short_circuit_operator.py
[2022-11-21T22:06:00.733-0300] {processor.py:640} INFO - Processing file /home/juliana/Área de Trabalho/datapipeline/.env/lib/python3.8/site-packages/airflow/example_dags/example_short_circuit_operator.py for tasks to queue
[2022-11-21T22:06:00.734-0300] {logging_mixin.py:115} INFO - [2022-11-21T22:06:00.734-0300] {dagbag.py:508} INFO - Filling up the DagBag from /home/juliana/Área de Trabalho/datapipeline/.env/lib/python3.8/site-packages/airflow/example_dags/example_short_circuit_operator.py
[2022-11-21T22:06:00.748-0300] {processor.py:650} INFO - DAG(s) dict_keys(['example_short_circuit_operator']) retrieved from /home/juliana/Área de Trabalho/datapipeline/.env/lib/python3.8/site-packages/airflow/example_dags/example_short_circuit_operator.py
[2022-11-21T22:06:00.784-0300] {logging_mixin.py:115} INFO - [2022-11-21T22:06:00.783-0300] {dag.py:2429} INFO - Sync 1 DAGs
[2022-11-21T22:06:00.825-0300] {logging_mixin.py:115} INFO - [2022-11-21T22:06:00.825-0300] {dag.py:2977} INFO - Setting next_dagrun for example_short_circuit_operator to 2022-11-21T01:06:00.825497+00:00, run_after=2022-11-22T01:06:00.825497+00:00
[2022-11-21T22:06:00.851-0300] {processor.py:161} INFO - Processing /home/juliana/Área de Trabalho/datapipeline/.env/lib/python3.8/site-packages/airflow/example_dags/example_short_circuit_operator.py took 0.128 seconds
[2022-11-21T22:06:32.817-0300] {processor.py:153} INFO - Started process (PID=3713) to work on /home/juliana/Área de Trabalho/datapipeline/.env/lib/python3.8/site-packages/airflow/example_dags/example_short_circuit_operator.py
[2022-11-21T22:06:32.818-0300] {processor.py:640} INFO - Processing file /home/juliana/Área de Trabalho/datapipeline/.env/lib/python3.8/site-packages/airflow/example_dags/example_short_circuit_operator.py for tasks to queue
[2022-11-21T22:06:32.818-0300] {logging_mixin.py:115} INFO - [2022-11-21T22:06:32.818-0300] {dagbag.py:508} INFO - Filling up the DagBag from /home/juliana/Área de Trabalho/datapipeline/.env/lib/python3.8/site-packages/airflow/example_dags/example_short_circuit_operator.py
[2022-11-21T22:06:32.836-0300] {processor.py:650} INFO - DAG(s) dict_keys(['example_short_circuit_operator']) retrieved from /home/juliana/Área de Trabalho/datapipeline/.env/lib/python3.8/site-packages/airflow/example_dags/example_short_circuit_operator.py
[2022-11-21T22:06:32.854-0300] {logging_mixin.py:115} INFO - [2022-11-21T22:06:32.854-0300] {dag.py:2429} INFO - Sync 1 DAGs
[2022-11-21T22:06:32.875-0300] {logging_mixin.py:115} INFO - [2022-11-21T22:06:32.875-0300] {dag.py:2977} INFO - Setting next_dagrun for example_short_circuit_operator to 2022-11-21T01:06:32.875165+00:00, run_after=2022-11-22T01:06:32.875165+00:00
[2022-11-21T22:06:32.892-0300] {processor.py:161} INFO - Processing /home/juliana/Área de Trabalho/datapipeline/.env/lib/python3.8/site-packages/airflow/example_dags/example_short_circuit_operator.py took 0.079 seconds
[2022-11-21T22:07:06.962-0300] {processor.py:153} INFO - Started process (PID=3897) to work on /home/juliana/Área de Trabalho/datapipeline/.env/lib/python3.8/site-packages/airflow/example_dags/example_short_circuit_operator.py
[2022-11-21T22:07:06.963-0300] {processor.py:640} INFO - Processing file /home/juliana/Área de Trabalho/datapipeline/.env/lib/python3.8/site-packages/airflow/example_dags/example_short_circuit_operator.py for tasks to queue
[2022-11-21T22:07:06.964-0300] {logging_mixin.py:115} INFO - [2022-11-21T22:07:06.964-0300] {dagbag.py:508} INFO - Filling up the DagBag from /home/juliana/Área de Trabalho/datapipeline/.env/lib/python3.8/site-packages/airflow/example_dags/example_short_circuit_operator.py
[2022-11-21T22:07:06.974-0300] {processor.py:650} INFO - DAG(s) dict_keys(['example_short_circuit_operator']) retrieved from /home/juliana/Área de Trabalho/datapipeline/.env/lib/python3.8/site-packages/airflow/example_dags/example_short_circuit_operator.py
[2022-11-21T22:07:06.993-0300] {logging_mixin.py:115} INFO - [2022-11-21T22:07:06.993-0300] {dag.py:2429} INFO - Sync 1 DAGs
[2022-11-21T22:07:07.020-0300] {logging_mixin.py:115} INFO - [2022-11-21T22:07:07.020-0300] {dag.py:2977} INFO - Setting next_dagrun for example_short_circuit_operator to 2022-11-21T01:07:07.020318+00:00, run_after=2022-11-22T01:07:07.020318+00:00
[2022-11-21T22:07:07.045-0300] {processor.py:161} INFO - Processing /home/juliana/Área de Trabalho/datapipeline/.env/lib/python3.8/site-packages/airflow/example_dags/example_short_circuit_operator.py took 0.086 seconds
[2022-11-21T22:07:43.453-0300] {processor.py:153} INFO - Started process (PID=4109) to work on /home/juliana/Área de Trabalho/datapipeline/.env/lib/python3.8/site-packages/airflow/example_dags/example_short_circuit_operator.py
[2022-11-21T22:07:43.457-0300] {processor.py:640} INFO - Processing file /home/juliana/Área de Trabalho/datapipeline/.env/lib/python3.8/site-packages/airflow/example_dags/example_short_circuit_operator.py for tasks to queue
[2022-11-21T22:07:43.460-0300] {logging_mixin.py:115} INFO - [2022-11-21T22:07:43.457-0300] {dagbag.py:508} INFO - Filling up the DagBag from /home/juliana/Área de Trabalho/datapipeline/.env/lib/python3.8/site-packages/airflow/example_dags/example_short_circuit_operator.py
[2022-11-21T22:07:43.490-0300] {processor.py:650} INFO - DAG(s) dict_keys(['example_short_circuit_operator']) retrieved from /home/juliana/Área de Trabalho/datapipeline/.env/lib/python3.8/site-packages/airflow/example_dags/example_short_circuit_operator.py
[2022-11-21T22:07:43.521-0300] {logging_mixin.py:115} INFO - [2022-11-21T22:07:43.521-0300] {dag.py:2429} INFO - Sync 1 DAGs
[2022-11-21T22:07:43.548-0300] {logging_mixin.py:115} INFO - [2022-11-21T22:07:43.548-0300] {dag.py:2977} INFO - Setting next_dagrun for example_short_circuit_operator to 2022-11-21T01:07:43.544951+00:00, run_after=2022-11-22T01:07:43.544951+00:00
[2022-11-21T22:07:43.588-0300] {processor.py:161} INFO - Processing /home/juliana/Área de Trabalho/datapipeline/.env/lib/python3.8/site-packages/airflow/example_dags/example_short_circuit_operator.py took 0.140 seconds
[2022-11-21T22:08:17.791-0300] {processor.py:153} INFO - Started process (PID=4320) to work on /home/juliana/Área de Trabalho/datapipeline/.env/lib/python3.8/site-packages/airflow/example_dags/example_short_circuit_operator.py
[2022-11-21T22:08:17.792-0300] {processor.py:640} INFO - Processing file /home/juliana/Área de Trabalho/datapipeline/.env/lib/python3.8/site-packages/airflow/example_dags/example_short_circuit_operator.py for tasks to queue
[2022-11-21T22:08:17.793-0300] {logging_mixin.py:115} INFO - [2022-11-21T22:08:17.793-0300] {dagbag.py:508} INFO - Filling up the DagBag from /home/juliana/Área de Trabalho/datapipeline/.env/lib/python3.8/site-packages/airflow/example_dags/example_short_circuit_operator.py
[2022-11-21T22:08:17.804-0300] {processor.py:650} INFO - DAG(s) dict_keys(['example_short_circuit_operator']) retrieved from /home/juliana/Área de Trabalho/datapipeline/.env/lib/python3.8/site-packages/airflow/example_dags/example_short_circuit_operator.py
[2022-11-21T22:08:17.822-0300] {logging_mixin.py:115} INFO - [2022-11-21T22:08:17.822-0300] {dag.py:2429} INFO - Sync 1 DAGs
[2022-11-21T22:08:17.839-0300] {logging_mixin.py:115} INFO - [2022-11-21T22:08:17.838-0300] {dag.py:2977} INFO - Setting next_dagrun for example_short_circuit_operator to 2022-11-21T01:08:17.838587+00:00, run_after=2022-11-22T01:08:17.838587+00:00
[2022-11-21T22:08:17.855-0300] {processor.py:161} INFO - Processing /home/juliana/Área de Trabalho/datapipeline/.env/lib/python3.8/site-packages/airflow/example_dags/example_short_circuit_operator.py took 0.069 seconds
[2022-11-21T22:08:52.958-0300] {processor.py:153} INFO - Started process (PID=4564) to work on /home/juliana/Área de Trabalho/datapipeline/.env/lib/python3.8/site-packages/airflow/example_dags/example_short_circuit_operator.py
[2022-11-21T22:08:52.959-0300] {processor.py:640} INFO - Processing file /home/juliana/Área de Trabalho/datapipeline/.env/lib/python3.8/site-packages/airflow/example_dags/example_short_circuit_operator.py for tasks to queue
[2022-11-21T22:08:52.961-0300] {logging_mixin.py:115} INFO - [2022-11-21T22:08:52.960-0300] {dagbag.py:508} INFO - Filling up the DagBag from /home/juliana/Área de Trabalho/datapipeline/.env/lib/python3.8/site-packages/airflow/example_dags/example_short_circuit_operator.py
[2022-11-21T22:08:52.973-0300] {processor.py:650} INFO - DAG(s) dict_keys(['example_short_circuit_operator']) retrieved from /home/juliana/Área de Trabalho/datapipeline/.env/lib/python3.8/site-packages/airflow/example_dags/example_short_circuit_operator.py
[2022-11-21T22:08:52.993-0300] {logging_mixin.py:115} INFO - [2022-11-21T22:08:52.993-0300] {dag.py:2429} INFO - Sync 1 DAGs
[2022-11-21T22:08:53.010-0300] {logging_mixin.py:115} INFO - [2022-11-21T22:08:53.010-0300] {dag.py:2977} INFO - Setting next_dagrun for example_short_circuit_operator to 2022-11-21T01:08:53.009787+00:00, run_after=2022-11-22T01:08:53.009787+00:00
[2022-11-21T22:08:53.041-0300] {processor.py:161} INFO - Processing /home/juliana/Área de Trabalho/datapipeline/.env/lib/python3.8/site-packages/airflow/example_dags/example_short_circuit_operator.py took 0.088 seconds
[2022-11-21T22:09:24.148-0300] {processor.py:153} INFO - Started process (PID=4806) to work on /home/juliana/Área de Trabalho/datapipeline/.env/lib/python3.8/site-packages/airflow/example_dags/example_short_circuit_operator.py
[2022-11-21T22:09:24.150-0300] {processor.py:640} INFO - Processing file /home/juliana/Área de Trabalho/datapipeline/.env/lib/python3.8/site-packages/airflow/example_dags/example_short_circuit_operator.py for tasks to queue
[2022-11-21T22:09:24.151-0300] {logging_mixin.py:115} INFO - [2022-11-21T22:09:24.151-0300] {dagbag.py:508} INFO - Filling up the DagBag from /home/juliana/Área de Trabalho/datapipeline/.env/lib/python3.8/site-packages/airflow/example_dags/example_short_circuit_operator.py
[2022-11-21T22:09:24.170-0300] {processor.py:650} INFO - DAG(s) dict_keys(['example_short_circuit_operator']) retrieved from /home/juliana/Área de Trabalho/datapipeline/.env/lib/python3.8/site-packages/airflow/example_dags/example_short_circuit_operator.py
[2022-11-21T22:09:24.204-0300] {logging_mixin.py:115} INFO - [2022-11-21T22:09:24.203-0300] {dag.py:2429} INFO - Sync 1 DAGs
[2022-11-21T22:09:24.236-0300] {logging_mixin.py:115} INFO - [2022-11-21T22:09:24.236-0300] {dag.py:2977} INFO - Setting next_dagrun for example_short_circuit_operator to 2022-11-21T01:09:24.235935+00:00, run_after=2022-11-22T01:09:24.235935+00:00
[2022-11-21T22:09:24.260-0300] {processor.py:161} INFO - Processing /home/juliana/Área de Trabalho/datapipeline/.env/lib/python3.8/site-packages/airflow/example_dags/example_short_circuit_operator.py took 0.117 seconds
[2022-11-21T22:09:55.864-0300] {processor.py:153} INFO - Started process (PID=5026) to work on /home/juliana/Área de Trabalho/datapipeline/.env/lib/python3.8/site-packages/airflow/example_dags/example_short_circuit_operator.py
[2022-11-21T22:09:55.872-0300] {processor.py:640} INFO - Processing file /home/juliana/Área de Trabalho/datapipeline/.env/lib/python3.8/site-packages/airflow/example_dags/example_short_circuit_operator.py for tasks to queue
[2022-11-21T22:09:55.874-0300] {logging_mixin.py:115} INFO - [2022-11-21T22:09:55.873-0300] {dagbag.py:508} INFO - Filling up the DagBag from /home/juliana/Área de Trabalho/datapipeline/.env/lib/python3.8/site-packages/airflow/example_dags/example_short_circuit_operator.py
[2022-11-21T22:09:55.887-0300] {processor.py:650} INFO - DAG(s) dict_keys(['example_short_circuit_operator']) retrieved from /home/juliana/Área de Trabalho/datapipeline/.env/lib/python3.8/site-packages/airflow/example_dags/example_short_circuit_operator.py
[2022-11-21T22:09:55.908-0300] {logging_mixin.py:115} INFO - [2022-11-21T22:09:55.908-0300] {dag.py:2429} INFO - Sync 1 DAGs
[2022-11-21T22:09:55.922-0300] {logging_mixin.py:115} INFO - [2022-11-21T22:09:55.922-0300] {dag.py:2977} INFO - Setting next_dagrun for example_short_circuit_operator to 2022-11-21T01:09:55.922565+00:00, run_after=2022-11-22T01:09:55.922565+00:00
[2022-11-21T22:09:55.939-0300] {processor.py:161} INFO - Processing /home/juliana/Área de Trabalho/datapipeline/.env/lib/python3.8/site-packages/airflow/example_dags/example_short_circuit_operator.py took 0.080 seconds
[2022-11-21T22:10:26.256-0300] {processor.py:153} INFO - Started process (PID=5076) to work on /home/juliana/Área de Trabalho/datapipeline/.env/lib/python3.8/site-packages/airflow/example_dags/example_short_circuit_operator.py
[2022-11-21T22:10:26.258-0300] {processor.py:640} INFO - Processing file /home/juliana/Área de Trabalho/datapipeline/.env/lib/python3.8/site-packages/airflow/example_dags/example_short_circuit_operator.py for tasks to queue
[2022-11-21T22:10:26.258-0300] {logging_mixin.py:115} INFO - [2022-11-21T22:10:26.258-0300] {dagbag.py:508} INFO - Filling up the DagBag from /home/juliana/Área de Trabalho/datapipeline/.env/lib/python3.8/site-packages/airflow/example_dags/example_short_circuit_operator.py
[2022-11-21T22:10:26.270-0300] {processor.py:650} INFO - DAG(s) dict_keys(['example_short_circuit_operator']) retrieved from /home/juliana/Área de Trabalho/datapipeline/.env/lib/python3.8/site-packages/airflow/example_dags/example_short_circuit_operator.py
[2022-11-21T22:10:26.290-0300] {logging_mixin.py:115} INFO - [2022-11-21T22:10:26.290-0300] {dag.py:2429} INFO - Sync 1 DAGs
[2022-11-21T22:10:26.306-0300] {logging_mixin.py:115} INFO - [2022-11-21T22:10:26.306-0300] {dag.py:2977} INFO - Setting next_dagrun for example_short_circuit_operator to 2022-11-21T01:10:26.305868+00:00, run_after=2022-11-22T01:10:26.305868+00:00
[2022-11-21T22:10:26.325-0300] {processor.py:161} INFO - Processing /home/juliana/Área de Trabalho/datapipeline/.env/lib/python3.8/site-packages/airflow/example_dags/example_short_circuit_operator.py took 0.074 seconds
[2022-11-21T22:11:02.302-0300] {processor.py:153} INFO - Started process (PID=5464) to work on /home/juliana/Área de Trabalho/datapipeline/.env/lib/python3.8/site-packages/airflow/example_dags/example_short_circuit_operator.py
[2022-11-21T22:11:02.309-0300] {processor.py:640} INFO - Processing file /home/juliana/Área de Trabalho/datapipeline/.env/lib/python3.8/site-packages/airflow/example_dags/example_short_circuit_operator.py for tasks to queue
[2022-11-21T22:11:02.310-0300] {logging_mixin.py:115} INFO - [2022-11-21T22:11:02.310-0300] {dagbag.py:508} INFO - Filling up the DagBag from /home/juliana/Área de Trabalho/datapipeline/.env/lib/python3.8/site-packages/airflow/example_dags/example_short_circuit_operator.py
[2022-11-21T22:11:02.321-0300] {processor.py:650} INFO - DAG(s) dict_keys(['example_short_circuit_operator']) retrieved from /home/juliana/Área de Trabalho/datapipeline/.env/lib/python3.8/site-packages/airflow/example_dags/example_short_circuit_operator.py
[2022-11-21T22:11:02.341-0300] {logging_mixin.py:115} INFO - [2022-11-21T22:11:02.341-0300] {dag.py:2429} INFO - Sync 1 DAGs
[2022-11-21T22:11:02.356-0300] {logging_mixin.py:115} INFO - [2022-11-21T22:11:02.356-0300] {dag.py:2977} INFO - Setting next_dagrun for example_short_circuit_operator to 2022-11-21T01:11:02.356316+00:00, run_after=2022-11-22T01:11:02.356316+00:00
[2022-11-21T22:11:02.376-0300] {processor.py:161} INFO - Processing /home/juliana/Área de Trabalho/datapipeline/.env/lib/python3.8/site-packages/airflow/example_dags/example_short_circuit_operator.py took 0.085 seconds
[2022-11-21T22:11:36.388-0300] {processor.py:153} INFO - Started process (PID=5787) to work on /home/juliana/Área de Trabalho/datapipeline/.env/lib/python3.8/site-packages/airflow/example_dags/example_short_circuit_operator.py
[2022-11-21T22:11:36.393-0300] {processor.py:640} INFO - Processing file /home/juliana/Área de Trabalho/datapipeline/.env/lib/python3.8/site-packages/airflow/example_dags/example_short_circuit_operator.py for tasks to queue
[2022-11-21T22:11:36.393-0300] {logging_mixin.py:115} INFO - [2022-11-21T22:11:36.393-0300] {dagbag.py:508} INFO - Filling up the DagBag from /home/juliana/Área de Trabalho/datapipeline/.env/lib/python3.8/site-packages/airflow/example_dags/example_short_circuit_operator.py
[2022-11-21T22:11:36.408-0300] {processor.py:650} INFO - DAG(s) dict_keys(['example_short_circuit_operator']) retrieved from /home/juliana/Área de Trabalho/datapipeline/.env/lib/python3.8/site-packages/airflow/example_dags/example_short_circuit_operator.py
[2022-11-21T22:11:36.447-0300] {logging_mixin.py:115} INFO - [2022-11-21T22:11:36.447-0300] {dag.py:2429} INFO - Sync 1 DAGs
[2022-11-21T22:11:36.482-0300] {logging_mixin.py:115} INFO - [2022-11-21T22:11:36.482-0300] {dag.py:2977} INFO - Setting next_dagrun for example_short_circuit_operator to 2022-11-21T01:11:36.481802+00:00, run_after=2022-11-22T01:11:36.481802+00:00
[2022-11-21T22:11:36.557-0300] {processor.py:161} INFO - Processing /home/juliana/Área de Trabalho/datapipeline/.env/lib/python3.8/site-packages/airflow/example_dags/example_short_circuit_operator.py took 0.172 seconds
[2022-11-21T22:12:06.875-0300] {processor.py:153} INFO - Started process (PID=5937) to work on /home/juliana/Área de Trabalho/datapipeline/.env/lib/python3.8/site-packages/airflow/example_dags/example_short_circuit_operator.py
[2022-11-21T22:12:06.875-0300] {processor.py:640} INFO - Processing file /home/juliana/Área de Trabalho/datapipeline/.env/lib/python3.8/site-packages/airflow/example_dags/example_short_circuit_operator.py for tasks to queue
[2022-11-21T22:12:06.876-0300] {logging_mixin.py:115} INFO - [2022-11-21T22:12:06.876-0300] {dagbag.py:508} INFO - Filling up the DagBag from /home/juliana/Área de Trabalho/datapipeline/.env/lib/python3.8/site-packages/airflow/example_dags/example_short_circuit_operator.py
[2022-11-21T22:12:06.891-0300] {processor.py:650} INFO - DAG(s) dict_keys(['example_short_circuit_operator']) retrieved from /home/juliana/Área de Trabalho/datapipeline/.env/lib/python3.8/site-packages/airflow/example_dags/example_short_circuit_operator.py
[2022-11-21T22:12:06.913-0300] {logging_mixin.py:115} INFO - [2022-11-21T22:12:06.912-0300] {dag.py:2429} INFO - Sync 1 DAGs
[2022-11-21T22:12:06.933-0300] {logging_mixin.py:115} INFO - [2022-11-21T22:12:06.933-0300] {dag.py:2977} INFO - Setting next_dagrun for example_short_circuit_operator to 2022-11-21T01:12:06.933092+00:00, run_after=2022-11-22T01:12:06.933092+00:00
[2022-11-21T22:12:06.999-0300] {processor.py:161} INFO - Processing /home/juliana/Área de Trabalho/datapipeline/.env/lib/python3.8/site-packages/airflow/example_dags/example_short_circuit_operator.py took 0.127 seconds
[2022-11-21T22:12:37.832-0300] {processor.py:153} INFO - Started process (PID=5978) to work on /home/juliana/Área de Trabalho/datapipeline/.env/lib/python3.8/site-packages/airflow/example_dags/example_short_circuit_operator.py
[2022-11-21T22:12:37.833-0300] {processor.py:640} INFO - Processing file /home/juliana/Área de Trabalho/datapipeline/.env/lib/python3.8/site-packages/airflow/example_dags/example_short_circuit_operator.py for tasks to queue
[2022-11-21T22:12:37.834-0300] {logging_mixin.py:115} INFO - [2022-11-21T22:12:37.834-0300] {dagbag.py:508} INFO - Filling up the DagBag from /home/juliana/Área de Trabalho/datapipeline/.env/lib/python3.8/site-packages/airflow/example_dags/example_short_circuit_operator.py
[2022-11-21T22:12:37.842-0300] {processor.py:650} INFO - DAG(s) dict_keys(['example_short_circuit_operator']) retrieved from /home/juliana/Área de Trabalho/datapipeline/.env/lib/python3.8/site-packages/airflow/example_dags/example_short_circuit_operator.py
[2022-11-21T22:12:37.860-0300] {logging_mixin.py:115} INFO - [2022-11-21T22:12:37.860-0300] {dag.py:2429} INFO - Sync 1 DAGs
[2022-11-21T22:12:37.876-0300] {logging_mixin.py:115} INFO - [2022-11-21T22:12:37.875-0300] {dag.py:2977} INFO - Setting next_dagrun for example_short_circuit_operator to 2022-11-21T01:12:37.875669+00:00, run_after=2022-11-22T01:12:37.875669+00:00
[2022-11-21T22:12:37.892-0300] {processor.py:161} INFO - Processing /home/juliana/Área de Trabalho/datapipeline/.env/lib/python3.8/site-packages/airflow/example_dags/example_short_circuit_operator.py took 0.068 seconds
[2022-11-21T22:13:13.439-0300] {processor.py:153} INFO - Started process (PID=6015) to work on /home/juliana/Área de Trabalho/datapipeline/.env/lib/python3.8/site-packages/airflow/example_dags/example_short_circuit_operator.py
[2022-11-21T22:13:13.445-0300] {processor.py:640} INFO - Processing file /home/juliana/Área de Trabalho/datapipeline/.env/lib/python3.8/site-packages/airflow/example_dags/example_short_circuit_operator.py for tasks to queue
[2022-11-21T22:13:13.445-0300] {logging_mixin.py:115} INFO - [2022-11-21T22:13:13.445-0300] {dagbag.py:508} INFO - Filling up the DagBag from /home/juliana/Área de Trabalho/datapipeline/.env/lib/python3.8/site-packages/airflow/example_dags/example_short_circuit_operator.py
[2022-11-21T22:13:13.454-0300] {processor.py:650} INFO - DAG(s) dict_keys(['example_short_circuit_operator']) retrieved from /home/juliana/Área de Trabalho/datapipeline/.env/lib/python3.8/site-packages/airflow/example_dags/example_short_circuit_operator.py
[2022-11-21T22:13:13.471-0300] {logging_mixin.py:115} INFO - [2022-11-21T22:13:13.471-0300] {dag.py:2429} INFO - Sync 1 DAGs
[2022-11-21T22:13:13.485-0300] {logging_mixin.py:115} INFO - [2022-11-21T22:13:13.485-0300] {dag.py:2977} INFO - Setting next_dagrun for example_short_circuit_operator to 2022-11-21T01:13:13.485022+00:00, run_after=2022-11-22T01:13:13.485022+00:00
[2022-11-21T22:13:13.500-0300] {processor.py:161} INFO - Processing /home/juliana/Área de Trabalho/datapipeline/.env/lib/python3.8/site-packages/airflow/example_dags/example_short_circuit_operator.py took 0.064 seconds
[2022-11-21T22:13:45.927-0300] {processor.py:153} INFO - Started process (PID=6048) to work on /home/juliana/Área de Trabalho/datapipeline/.env/lib/python3.8/site-packages/airflow/example_dags/example_short_circuit_operator.py
[2022-11-21T22:13:45.931-0300] {processor.py:640} INFO - Processing file /home/juliana/Área de Trabalho/datapipeline/.env/lib/python3.8/site-packages/airflow/example_dags/example_short_circuit_operator.py for tasks to queue
[2022-11-21T22:13:45.932-0300] {logging_mixin.py:115} INFO - [2022-11-21T22:13:45.932-0300] {dagbag.py:508} INFO - Filling up the DagBag from /home/juliana/Área de Trabalho/datapipeline/.env/lib/python3.8/site-packages/airflow/example_dags/example_short_circuit_operator.py
[2022-11-21T22:13:45.948-0300] {processor.py:650} INFO - DAG(s) dict_keys(['example_short_circuit_operator']) retrieved from /home/juliana/Área de Trabalho/datapipeline/.env/lib/python3.8/site-packages/airflow/example_dags/example_short_circuit_operator.py
[2022-11-21T22:13:45.997-0300] {logging_mixin.py:115} INFO - [2022-11-21T22:13:45.997-0300] {dag.py:2429} INFO - Sync 1 DAGs
[2022-11-21T22:13:46.032-0300] {logging_mixin.py:115} INFO - [2022-11-21T22:13:46.032-0300] {dag.py:2977} INFO - Setting next_dagrun for example_short_circuit_operator to 2022-11-21T01:13:46.032108+00:00, run_after=2022-11-22T01:13:46.032108+00:00
[2022-11-21T22:13:46.057-0300] {processor.py:161} INFO - Processing /home/juliana/Área de Trabalho/datapipeline/.env/lib/python3.8/site-packages/airflow/example_dags/example_short_circuit_operator.py took 0.135 seconds
[2022-11-21T22:14:20.876-0300] {processor.py:153} INFO - Started process (PID=6083) to work on /home/juliana/Área de Trabalho/datapipeline/.env/lib/python3.8/site-packages/airflow/example_dags/example_short_circuit_operator.py
[2022-11-21T22:14:20.877-0300] {processor.py:640} INFO - Processing file /home/juliana/Área de Trabalho/datapipeline/.env/lib/python3.8/site-packages/airflow/example_dags/example_short_circuit_operator.py for tasks to queue
[2022-11-21T22:14:20.878-0300] {logging_mixin.py:115} INFO - [2022-11-21T22:14:20.877-0300] {dagbag.py:508} INFO - Filling up the DagBag from /home/juliana/Área de Trabalho/datapipeline/.env/lib/python3.8/site-packages/airflow/example_dags/example_short_circuit_operator.py
[2022-11-21T22:14:20.886-0300] {processor.py:650} INFO - DAG(s) dict_keys(['example_short_circuit_operator']) retrieved from /home/juliana/Área de Trabalho/datapipeline/.env/lib/python3.8/site-packages/airflow/example_dags/example_short_circuit_operator.py
[2022-11-21T22:14:20.905-0300] {logging_mixin.py:115} INFO - [2022-11-21T22:14:20.904-0300] {dag.py:2429} INFO - Sync 1 DAGs
[2022-11-21T22:14:20.920-0300] {logging_mixin.py:115} INFO - [2022-11-21T22:14:20.920-0300] {dag.py:2977} INFO - Setting next_dagrun for example_short_circuit_operator to 2022-11-21T01:14:20.920093+00:00, run_after=2022-11-22T01:14:20.920093+00:00
[2022-11-21T22:14:20.941-0300] {processor.py:161} INFO - Processing /home/juliana/Área de Trabalho/datapipeline/.env/lib/python3.8/site-packages/airflow/example_dags/example_short_circuit_operator.py took 0.068 seconds
[2022-11-21T22:14:52.463-0300] {processor.py:153} INFO - Started process (PID=6115) to work on /home/juliana/Área de Trabalho/datapipeline/.env/lib/python3.8/site-packages/airflow/example_dags/example_short_circuit_operator.py
[2022-11-21T22:14:52.465-0300] {processor.py:640} INFO - Processing file /home/juliana/Área de Trabalho/datapipeline/.env/lib/python3.8/site-packages/airflow/example_dags/example_short_circuit_operator.py for tasks to queue
[2022-11-21T22:14:52.465-0300] {logging_mixin.py:115} INFO - [2022-11-21T22:14:52.465-0300] {dagbag.py:508} INFO - Filling up the DagBag from /home/juliana/Área de Trabalho/datapipeline/.env/lib/python3.8/site-packages/airflow/example_dags/example_short_circuit_operator.py
[2022-11-21T22:14:52.481-0300] {processor.py:650} INFO - DAG(s) dict_keys(['example_short_circuit_operator']) retrieved from /home/juliana/Área de Trabalho/datapipeline/.env/lib/python3.8/site-packages/airflow/example_dags/example_short_circuit_operator.py
[2022-11-21T22:14:52.509-0300] {logging_mixin.py:115} INFO - [2022-11-21T22:14:52.509-0300] {dag.py:2429} INFO - Sync 1 DAGs
[2022-11-21T22:14:52.525-0300] {logging_mixin.py:115} INFO - [2022-11-21T22:14:52.524-0300] {dag.py:2977} INFO - Setting next_dagrun for example_short_circuit_operator to 2022-11-21T01:14:52.524564+00:00, run_after=2022-11-22T01:14:52.524564+00:00
[2022-11-21T22:14:52.544-0300] {processor.py:161} INFO - Processing /home/juliana/Área de Trabalho/datapipeline/.env/lib/python3.8/site-packages/airflow/example_dags/example_short_circuit_operator.py took 0.087 seconds
[2022-11-21T22:15:23.222-0300] {processor.py:153} INFO - Started process (PID=6146) to work on /home/juliana/Área de Trabalho/datapipeline/.env/lib/python3.8/site-packages/airflow/example_dags/example_short_circuit_operator.py
[2022-11-21T22:15:23.224-0300] {processor.py:640} INFO - Processing file /home/juliana/Área de Trabalho/datapipeline/.env/lib/python3.8/site-packages/airflow/example_dags/example_short_circuit_operator.py for tasks to queue
[2022-11-21T22:15:23.225-0300] {logging_mixin.py:115} INFO - [2022-11-21T22:15:23.225-0300] {dagbag.py:508} INFO - Filling up the DagBag from /home/juliana/Área de Trabalho/datapipeline/.env/lib/python3.8/site-packages/airflow/example_dags/example_short_circuit_operator.py
[2022-11-21T22:15:23.239-0300] {processor.py:650} INFO - DAG(s) dict_keys(['example_short_circuit_operator']) retrieved from /home/juliana/Área de Trabalho/datapipeline/.env/lib/python3.8/site-packages/airflow/example_dags/example_short_circuit_operator.py
[2022-11-21T22:15:23.260-0300] {logging_mixin.py:115} INFO - [2022-11-21T22:15:23.260-0300] {dag.py:2429} INFO - Sync 1 DAGs
[2022-11-21T22:15:23.274-0300] {logging_mixin.py:115} INFO - [2022-11-21T22:15:23.274-0300] {dag.py:2977} INFO - Setting next_dagrun for example_short_circuit_operator to 2022-11-21T01:15:23.274466+00:00, run_after=2022-11-22T01:15:23.274466+00:00
[2022-11-21T22:15:23.309-0300] {processor.py:161} INFO - Processing /home/juliana/Área de Trabalho/datapipeline/.env/lib/python3.8/site-packages/airflow/example_dags/example_short_circuit_operator.py took 0.094 seconds
[2022-11-21T22:15:53.726-0300] {processor.py:153} INFO - Started process (PID=6177) to work on /home/juliana/Área de Trabalho/datapipeline/.env/lib/python3.8/site-packages/airflow/example_dags/example_short_circuit_operator.py
[2022-11-21T22:15:53.728-0300] {processor.py:640} INFO - Processing file /home/juliana/Área de Trabalho/datapipeline/.env/lib/python3.8/site-packages/airflow/example_dags/example_short_circuit_operator.py for tasks to queue
[2022-11-21T22:15:53.729-0300] {logging_mixin.py:115} INFO - [2022-11-21T22:15:53.729-0300] {dagbag.py:508} INFO - Filling up the DagBag from /home/juliana/Área de Trabalho/datapipeline/.env/lib/python3.8/site-packages/airflow/example_dags/example_short_circuit_operator.py
[2022-11-21T22:15:53.741-0300] {processor.py:650} INFO - DAG(s) dict_keys(['example_short_circuit_operator']) retrieved from /home/juliana/Área de Trabalho/datapipeline/.env/lib/python3.8/site-packages/airflow/example_dags/example_short_circuit_operator.py
[2022-11-21T22:15:53.762-0300] {logging_mixin.py:115} INFO - [2022-11-21T22:15:53.762-0300] {dag.py:2429} INFO - Sync 1 DAGs
[2022-11-21T22:15:53.777-0300] {logging_mixin.py:115} INFO - [2022-11-21T22:15:53.777-0300] {dag.py:2977} INFO - Setting next_dagrun for example_short_circuit_operator to 2022-11-21T01:15:53.777085+00:00, run_after=2022-11-22T01:15:53.777085+00:00
[2022-11-21T22:15:53.797-0300] {processor.py:161} INFO - Processing /home/juliana/Área de Trabalho/datapipeline/.env/lib/python3.8/site-packages/airflow/example_dags/example_short_circuit_operator.py took 0.076 seconds
[2022-11-21T22:16:25.903-0300] {processor.py:153} INFO - Started process (PID=6208) to work on /home/juliana/Área de Trabalho/datapipeline/.env/lib/python3.8/site-packages/airflow/example_dags/example_short_circuit_operator.py
[2022-11-21T22:16:25.905-0300] {processor.py:640} INFO - Processing file /home/juliana/Área de Trabalho/datapipeline/.env/lib/python3.8/site-packages/airflow/example_dags/example_short_circuit_operator.py for tasks to queue
[2022-11-21T22:16:25.906-0300] {logging_mixin.py:115} INFO - [2022-11-21T22:16:25.906-0300] {dagbag.py:508} INFO - Filling up the DagBag from /home/juliana/Área de Trabalho/datapipeline/.env/lib/python3.8/site-packages/airflow/example_dags/example_short_circuit_operator.py
[2022-11-21T22:16:25.919-0300] {processor.py:650} INFO - DAG(s) dict_keys(['example_short_circuit_operator']) retrieved from /home/juliana/Área de Trabalho/datapipeline/.env/lib/python3.8/site-packages/airflow/example_dags/example_short_circuit_operator.py
[2022-11-21T22:16:25.941-0300] {logging_mixin.py:115} INFO - [2022-11-21T22:16:25.940-0300] {dag.py:2429} INFO - Sync 1 DAGs
[2022-11-21T22:16:25.955-0300] {logging_mixin.py:115} INFO - [2022-11-21T22:16:25.955-0300] {dag.py:2977} INFO - Setting next_dagrun for example_short_circuit_operator to 2022-11-21T01:16:25.955169+00:00, run_after=2022-11-22T01:16:25.955169+00:00
[2022-11-21T22:16:25.976-0300] {processor.py:161} INFO - Processing /home/juliana/Área de Trabalho/datapipeline/.env/lib/python3.8/site-packages/airflow/example_dags/example_short_circuit_operator.py took 0.078 seconds
