[2022-11-21T21:12:59.287-0300] {processor.py:153} INFO - Started process (PID=3020) to work on /home/juliana/Área de Trabalho/datapipeline/.env/lib/python3.8/site-packages/airflow/example_dags/example_branch_operator_decorator.py
[2022-11-21T21:12:59.288-0300] {processor.py:640} INFO - Processing file /home/juliana/Área de Trabalho/datapipeline/.env/lib/python3.8/site-packages/airflow/example_dags/example_branch_operator_decorator.py for tasks to queue
[2022-11-21T21:12:59.290-0300] {logging_mixin.py:115} INFO - [2022-11-21T21:12:59.290-0300] {dagbag.py:508} INFO - Filling up the DagBag from /home/juliana/Área de Trabalho/datapipeline/.env/lib/python3.8/site-packages/airflow/example_dags/example_branch_operator_decorator.py
[2022-11-21T21:12:59.314-0300] {processor.py:650} INFO - DAG(s) dict_keys(['example_branch_python_operator_decorator']) retrieved from /home/juliana/Área de Trabalho/datapipeline/.env/lib/python3.8/site-packages/airflow/example_dags/example_branch_operator_decorator.py
[2022-11-21T21:12:59.334-0300] {logging_mixin.py:115} INFO - [2022-11-21T21:12:59.334-0300] {dag.py:2429} INFO - Sync 1 DAGs
[2022-11-21T21:12:59.358-0300] {logging_mixin.py:115} INFO - [2022-11-21T21:12:59.357-0300] {dag.py:2977} INFO - Setting next_dagrun for example_branch_python_operator_decorator to 2022-11-21T00:00:00+00:00, run_after=2022-11-22T00:00:00+00:00
[2022-11-21T21:12:59.376-0300] {processor.py:161} INFO - Processing /home/juliana/Área de Trabalho/datapipeline/.env/lib/python3.8/site-packages/airflow/example_dags/example_branch_operator_decorator.py took 0.092 seconds
[2022-11-21T21:13:37.782-0300] {processor.py:153} INFO - Started process (PID=3125) to work on /home/juliana/Área de Trabalho/datapipeline/.env/lib/python3.8/site-packages/airflow/example_dags/example_branch_operator_decorator.py
[2022-11-21T21:13:37.788-0300] {processor.py:640} INFO - Processing file /home/juliana/Área de Trabalho/datapipeline/.env/lib/python3.8/site-packages/airflow/example_dags/example_branch_operator_decorator.py for tasks to queue
[2022-11-21T21:13:37.789-0300] {logging_mixin.py:115} INFO - [2022-11-21T21:13:37.789-0300] {dagbag.py:508} INFO - Filling up the DagBag from /home/juliana/Área de Trabalho/datapipeline/.env/lib/python3.8/site-packages/airflow/example_dags/example_branch_operator_decorator.py
[2022-11-21T21:13:37.812-0300] {processor.py:650} INFO - DAG(s) dict_keys(['example_branch_python_operator_decorator']) retrieved from /home/juliana/Área de Trabalho/datapipeline/.env/lib/python3.8/site-packages/airflow/example_dags/example_branch_operator_decorator.py
[2022-11-21T21:13:37.829-0300] {logging_mixin.py:115} INFO - [2022-11-21T21:13:37.829-0300] {dag.py:2429} INFO - Sync 1 DAGs
[2022-11-21T21:13:37.869-0300] {logging_mixin.py:115} INFO - [2022-11-21T21:13:37.869-0300] {dag.py:2977} INFO - Setting next_dagrun for example_branch_python_operator_decorator to 2022-11-21T00:00:00+00:00, run_after=2022-11-22T00:00:00+00:00
[2022-11-21T21:13:37.886-0300] {processor.py:161} INFO - Processing /home/juliana/Área de Trabalho/datapipeline/.env/lib/python3.8/site-packages/airflow/example_dags/example_branch_operator_decorator.py took 0.107 seconds
[2022-11-21T21:14:16.148-0300] {processor.py:153} INFO - Started process (PID=3399) to work on /home/juliana/Área de Trabalho/datapipeline/.env/lib/python3.8/site-packages/airflow/example_dags/example_branch_operator_decorator.py
[2022-11-21T21:14:16.153-0300] {processor.py:640} INFO - Processing file /home/juliana/Área de Trabalho/datapipeline/.env/lib/python3.8/site-packages/airflow/example_dags/example_branch_operator_decorator.py for tasks to queue
[2022-11-21T21:14:16.153-0300] {logging_mixin.py:115} INFO - [2022-11-21T21:14:16.153-0300] {dagbag.py:508} INFO - Filling up the DagBag from /home/juliana/Área de Trabalho/datapipeline/.env/lib/python3.8/site-packages/airflow/example_dags/example_branch_operator_decorator.py
[2022-11-21T21:14:16.260-0300] {processor.py:650} INFO - DAG(s) dict_keys(['example_branch_python_operator_decorator']) retrieved from /home/juliana/Área de Trabalho/datapipeline/.env/lib/python3.8/site-packages/airflow/example_dags/example_branch_operator_decorator.py
[2022-11-21T21:14:16.325-0300] {logging_mixin.py:115} INFO - [2022-11-21T21:14:16.325-0300] {dag.py:2429} INFO - Sync 1 DAGs
[2022-11-21T21:14:16.391-0300] {logging_mixin.py:115} INFO - [2022-11-21T21:14:16.391-0300] {dag.py:2977} INFO - Setting next_dagrun for example_branch_python_operator_decorator to 2022-11-21T00:00:00+00:00, run_after=2022-11-22T00:00:00+00:00
[2022-11-21T21:14:16.430-0300] {processor.py:161} INFO - Processing /home/juliana/Área de Trabalho/datapipeline/.env/lib/python3.8/site-packages/airflow/example_dags/example_branch_operator_decorator.py took 0.287 seconds
[2022-11-21T21:15:18.153-0300] {processor.py:153} INFO - Started process (PID=3486) to work on /home/juliana/Área de Trabalho/datapipeline/.env/lib/python3.8/site-packages/airflow/example_dags/example_branch_operator_decorator.py
[2022-11-21T21:15:18.161-0300] {processor.py:640} INFO - Processing file /home/juliana/Área de Trabalho/datapipeline/.env/lib/python3.8/site-packages/airflow/example_dags/example_branch_operator_decorator.py for tasks to queue
[2022-11-21T21:15:18.161-0300] {logging_mixin.py:115} INFO - [2022-11-21T21:15:18.161-0300] {dagbag.py:508} INFO - Filling up the DagBag from /home/juliana/Área de Trabalho/datapipeline/.env/lib/python3.8/site-packages/airflow/example_dags/example_branch_operator_decorator.py
[2022-11-21T21:15:18.290-0300] {processor.py:650} INFO - DAG(s) dict_keys(['example_branch_python_operator_decorator']) retrieved from /home/juliana/Área de Trabalho/datapipeline/.env/lib/python3.8/site-packages/airflow/example_dags/example_branch_operator_decorator.py
[2022-11-21T21:15:18.425-0300] {logging_mixin.py:115} INFO - [2022-11-21T21:15:18.416-0300] {dag.py:2429} INFO - Sync 1 DAGs
[2022-11-21T21:15:18.590-0300] {logging_mixin.py:115} INFO - [2022-11-21T21:15:18.588-0300] {dag.py:2977} INFO - Setting next_dagrun for example_branch_python_operator_decorator to 2022-11-21T00:00:00+00:00, run_after=2022-11-22T00:00:00+00:00
[2022-11-21T21:15:18.975-0300] {processor.py:161} INFO - Processing /home/juliana/Área de Trabalho/datapipeline/.env/lib/python3.8/site-packages/airflow/example_dags/example_branch_operator_decorator.py took 0.833 seconds
[2022-11-21T21:17:35.750-0300] {processor.py:153} INFO - Started process (PID=3583) to work on /home/juliana/Área de Trabalho/datapipeline/.env/lib/python3.8/site-packages/airflow/example_dags/example_branch_operator_decorator.py
[2022-11-21T21:17:35.756-0300] {processor.py:640} INFO - Processing file /home/juliana/Área de Trabalho/datapipeline/.env/lib/python3.8/site-packages/airflow/example_dags/example_branch_operator_decorator.py for tasks to queue
[2022-11-21T21:17:35.757-0300] {logging_mixin.py:115} INFO - [2022-11-21T21:17:35.757-0300] {dagbag.py:508} INFO - Filling up the DagBag from /home/juliana/Área de Trabalho/datapipeline/.env/lib/python3.8/site-packages/airflow/example_dags/example_branch_operator_decorator.py
[2022-11-21T21:17:35.898-0300] {processor.py:650} INFO - DAG(s) dict_keys(['example_branch_python_operator_decorator']) retrieved from /home/juliana/Área de Trabalho/datapipeline/.env/lib/python3.8/site-packages/airflow/example_dags/example_branch_operator_decorator.py
[2022-11-21T21:17:36.039-0300] {logging_mixin.py:115} INFO - [2022-11-21T21:17:36.033-0300] {dag.py:2429} INFO - Sync 1 DAGs
[2022-11-21T21:17:36.253-0300] {logging_mixin.py:115} INFO - [2022-11-21T21:17:36.249-0300] {dag.py:2977} INFO - Setting next_dagrun for example_branch_python_operator_decorator to 2022-11-21T00:00:00+00:00, run_after=2022-11-22T00:00:00+00:00
[2022-11-21T21:17:36.367-0300] {processor.py:161} INFO - Processing /home/juliana/Área de Trabalho/datapipeline/.env/lib/python3.8/site-packages/airflow/example_dags/example_branch_operator_decorator.py took 0.626 seconds
[2022-11-21T21:38:20.216-0300] {processor.py:153} INFO - Started process (PID=7754) to work on /home/juliana/Área de Trabalho/datapipeline/.env/lib/python3.8/site-packages/airflow/example_dags/example_branch_operator_decorator.py
[2022-11-21T21:38:20.223-0300] {processor.py:640} INFO - Processing file /home/juliana/Área de Trabalho/datapipeline/.env/lib/python3.8/site-packages/airflow/example_dags/example_branch_operator_decorator.py for tasks to queue
[2022-11-21T21:38:20.224-0300] {logging_mixin.py:115} INFO - [2022-11-21T21:38:20.224-0300] {dagbag.py:508} INFO - Filling up the DagBag from /home/juliana/Área de Trabalho/datapipeline/.env/lib/python3.8/site-packages/airflow/example_dags/example_branch_operator_decorator.py
[2022-11-21T21:38:20.255-0300] {processor.py:650} INFO - DAG(s) dict_keys(['example_branch_python_operator_decorator']) retrieved from /home/juliana/Área de Trabalho/datapipeline/.env/lib/python3.8/site-packages/airflow/example_dags/example_branch_operator_decorator.py
[2022-11-21T21:38:20.274-0300] {logging_mixin.py:115} INFO - [2022-11-21T21:38:20.274-0300] {dag.py:2429} INFO - Sync 1 DAGs
[2022-11-21T21:38:20.293-0300] {logging_mixin.py:115} INFO - [2022-11-21T21:38:20.293-0300] {dag.py:2977} INFO - Setting next_dagrun for example_branch_python_operator_decorator to 2022-11-21T00:00:00+00:00, run_after=2022-11-22T00:00:00+00:00
[2022-11-21T21:38:20.312-0300] {processor.py:161} INFO - Processing /home/juliana/Área de Trabalho/datapipeline/.env/lib/python3.8/site-packages/airflow/example_dags/example_branch_operator_decorator.py took 0.101 seconds
[2022-11-21T21:38:58.193-0300] {processor.py:153} INFO - Started process (PID=8070) to work on /home/juliana/Área de Trabalho/datapipeline/.env/lib/python3.8/site-packages/airflow/example_dags/example_branch_operator_decorator.py
[2022-11-21T21:38:58.195-0300] {processor.py:640} INFO - Processing file /home/juliana/Área de Trabalho/datapipeline/.env/lib/python3.8/site-packages/airflow/example_dags/example_branch_operator_decorator.py for tasks to queue
[2022-11-21T21:38:58.196-0300] {logging_mixin.py:115} INFO - [2022-11-21T21:38:58.195-0300] {dagbag.py:508} INFO - Filling up the DagBag from /home/juliana/Área de Trabalho/datapipeline/.env/lib/python3.8/site-packages/airflow/example_dags/example_branch_operator_decorator.py
[2022-11-21T21:38:58.228-0300] {processor.py:650} INFO - DAG(s) dict_keys(['example_branch_python_operator_decorator']) retrieved from /home/juliana/Área de Trabalho/datapipeline/.env/lib/python3.8/site-packages/airflow/example_dags/example_branch_operator_decorator.py
[2022-11-21T21:38:58.266-0300] {logging_mixin.py:115} INFO - [2022-11-21T21:38:58.265-0300] {dag.py:2429} INFO - Sync 1 DAGs
[2022-11-21T21:38:58.299-0300] {logging_mixin.py:115} INFO - [2022-11-21T21:38:58.298-0300] {dag.py:2977} INFO - Setting next_dagrun for example_branch_python_operator_decorator to 2022-11-21T00:00:00+00:00, run_after=2022-11-22T00:00:00+00:00
[2022-11-21T21:38:58.321-0300] {processor.py:161} INFO - Processing /home/juliana/Área de Trabalho/datapipeline/.env/lib/python3.8/site-packages/airflow/example_dags/example_branch_operator_decorator.py took 0.134 seconds
[2022-11-21T21:39:36.058-0300] {processor.py:153} INFO - Started process (PID=8129) to work on /home/juliana/Área de Trabalho/datapipeline/.env/lib/python3.8/site-packages/airflow/example_dags/example_branch_operator_decorator.py
[2022-11-21T21:39:36.064-0300] {processor.py:640} INFO - Processing file /home/juliana/Área de Trabalho/datapipeline/.env/lib/python3.8/site-packages/airflow/example_dags/example_branch_operator_decorator.py for tasks to queue
[2022-11-21T21:39:36.065-0300] {logging_mixin.py:115} INFO - [2022-11-21T21:39:36.065-0300] {dagbag.py:508} INFO - Filling up the DagBag from /home/juliana/Área de Trabalho/datapipeline/.env/lib/python3.8/site-packages/airflow/example_dags/example_branch_operator_decorator.py
[2022-11-21T21:39:36.084-0300] {processor.py:650} INFO - DAG(s) dict_keys(['example_branch_python_operator_decorator']) retrieved from /home/juliana/Área de Trabalho/datapipeline/.env/lib/python3.8/site-packages/airflow/example_dags/example_branch_operator_decorator.py
[2022-11-21T21:39:36.109-0300] {logging_mixin.py:115} INFO - [2022-11-21T21:39:36.109-0300] {dag.py:2429} INFO - Sync 1 DAGs
[2022-11-21T21:39:36.126-0300] {logging_mixin.py:115} INFO - [2022-11-21T21:39:36.126-0300] {dag.py:2977} INFO - Setting next_dagrun for example_branch_python_operator_decorator to 2022-11-21T00:00:00+00:00, run_after=2022-11-22T00:00:00+00:00
[2022-11-21T21:39:36.141-0300] {processor.py:161} INFO - Processing /home/juliana/Área de Trabalho/datapipeline/.env/lib/python3.8/site-packages/airflow/example_dags/example_branch_operator_decorator.py took 0.087 seconds
[2022-11-21T21:40:11.763-0300] {processor.py:153} INFO - Started process (PID=8347) to work on /home/juliana/Área de Trabalho/datapipeline/.env/lib/python3.8/site-packages/airflow/example_dags/example_branch_operator_decorator.py
[2022-11-21T21:40:11.768-0300] {processor.py:640} INFO - Processing file /home/juliana/Área de Trabalho/datapipeline/.env/lib/python3.8/site-packages/airflow/example_dags/example_branch_operator_decorator.py for tasks to queue
[2022-11-21T21:40:11.769-0300] {logging_mixin.py:115} INFO - [2022-11-21T21:40:11.768-0300] {dagbag.py:508} INFO - Filling up the DagBag from /home/juliana/Área de Trabalho/datapipeline/.env/lib/python3.8/site-packages/airflow/example_dags/example_branch_operator_decorator.py
[2022-11-21T21:40:11.799-0300] {processor.py:650} INFO - DAG(s) dict_keys(['example_branch_python_operator_decorator']) retrieved from /home/juliana/Área de Trabalho/datapipeline/.env/lib/python3.8/site-packages/airflow/example_dags/example_branch_operator_decorator.py
[2022-11-21T21:40:11.844-0300] {logging_mixin.py:115} INFO - [2022-11-21T21:40:11.844-0300] {dag.py:2429} INFO - Sync 1 DAGs
[2022-11-21T21:40:11.872-0300] {logging_mixin.py:115} INFO - [2022-11-21T21:40:11.872-0300] {dag.py:2977} INFO - Setting next_dagrun for example_branch_python_operator_decorator to 2022-11-21T00:00:00+00:00, run_after=2022-11-22T00:00:00+00:00
[2022-11-21T21:40:11.894-0300] {processor.py:161} INFO - Processing /home/juliana/Área de Trabalho/datapipeline/.env/lib/python3.8/site-packages/airflow/example_dags/example_branch_operator_decorator.py took 0.136 seconds
[2022-11-21T21:40:48.715-0300] {processor.py:153} INFO - Started process (PID=8618) to work on /home/juliana/Área de Trabalho/datapipeline/.env/lib/python3.8/site-packages/airflow/example_dags/example_branch_operator_decorator.py
[2022-11-21T21:40:48.721-0300] {processor.py:640} INFO - Processing file /home/juliana/Área de Trabalho/datapipeline/.env/lib/python3.8/site-packages/airflow/example_dags/example_branch_operator_decorator.py for tasks to queue
[2022-11-21T21:40:48.722-0300] {logging_mixin.py:115} INFO - [2022-11-21T21:40:48.722-0300] {dagbag.py:508} INFO - Filling up the DagBag from /home/juliana/Área de Trabalho/datapipeline/.env/lib/python3.8/site-packages/airflow/example_dags/example_branch_operator_decorator.py
[2022-11-21T21:40:48.746-0300] {processor.py:650} INFO - DAG(s) dict_keys(['example_branch_python_operator_decorator']) retrieved from /home/juliana/Área de Trabalho/datapipeline/.env/lib/python3.8/site-packages/airflow/example_dags/example_branch_operator_decorator.py
[2022-11-21T21:40:48.764-0300] {logging_mixin.py:115} INFO - [2022-11-21T21:40:48.764-0300] {dag.py:2429} INFO - Sync 1 DAGs
[2022-11-21T21:40:48.779-0300] {logging_mixin.py:115} INFO - [2022-11-21T21:40:48.779-0300] {dag.py:2977} INFO - Setting next_dagrun for example_branch_python_operator_decorator to 2022-11-21T00:00:00+00:00, run_after=2022-11-22T00:00:00+00:00
[2022-11-21T21:40:48.796-0300] {processor.py:161} INFO - Processing /home/juliana/Área de Trabalho/datapipeline/.env/lib/python3.8/site-packages/airflow/example_dags/example_branch_operator_decorator.py took 0.085 seconds
[2022-11-21T21:41:22.034-0300] {processor.py:153} INFO - Started process (PID=8801) to work on /home/juliana/Área de Trabalho/datapipeline/.env/lib/python3.8/site-packages/airflow/example_dags/example_branch_operator_decorator.py
[2022-11-21T21:41:22.035-0300] {processor.py:640} INFO - Processing file /home/juliana/Área de Trabalho/datapipeline/.env/lib/python3.8/site-packages/airflow/example_dags/example_branch_operator_decorator.py for tasks to queue
[2022-11-21T21:41:22.036-0300] {logging_mixin.py:115} INFO - [2022-11-21T21:41:22.036-0300] {dagbag.py:508} INFO - Filling up the DagBag from /home/juliana/Área de Trabalho/datapipeline/.env/lib/python3.8/site-packages/airflow/example_dags/example_branch_operator_decorator.py
[2022-11-21T21:41:22.052-0300] {processor.py:650} INFO - DAG(s) dict_keys(['example_branch_python_operator_decorator']) retrieved from /home/juliana/Área de Trabalho/datapipeline/.env/lib/python3.8/site-packages/airflow/example_dags/example_branch_operator_decorator.py
[2022-11-21T21:41:22.070-0300] {logging_mixin.py:115} INFO - [2022-11-21T21:41:22.070-0300] {dag.py:2429} INFO - Sync 1 DAGs
[2022-11-21T21:41:22.086-0300] {logging_mixin.py:115} INFO - [2022-11-21T21:41:22.086-0300] {dag.py:2977} INFO - Setting next_dagrun for example_branch_python_operator_decorator to 2022-11-21T00:00:00+00:00, run_after=2022-11-22T00:00:00+00:00
[2022-11-21T21:41:22.110-0300] {processor.py:161} INFO - Processing /home/juliana/Área de Trabalho/datapipeline/.env/lib/python3.8/site-packages/airflow/example_dags/example_branch_operator_decorator.py took 0.078 seconds
[2022-11-21T21:41:56.306-0300] {processor.py:153} INFO - Started process (PID=9019) to work on /home/juliana/Área de Trabalho/datapipeline/.env/lib/python3.8/site-packages/airflow/example_dags/example_branch_operator_decorator.py
[2022-11-21T21:41:56.307-0300] {processor.py:640} INFO - Processing file /home/juliana/Área de Trabalho/datapipeline/.env/lib/python3.8/site-packages/airflow/example_dags/example_branch_operator_decorator.py for tasks to queue
[2022-11-21T21:41:56.309-0300] {logging_mixin.py:115} INFO - [2022-11-21T21:41:56.308-0300] {dagbag.py:508} INFO - Filling up the DagBag from /home/juliana/Área de Trabalho/datapipeline/.env/lib/python3.8/site-packages/airflow/example_dags/example_branch_operator_decorator.py
[2022-11-21T21:41:56.331-0300] {processor.py:650} INFO - DAG(s) dict_keys(['example_branch_python_operator_decorator']) retrieved from /home/juliana/Área de Trabalho/datapipeline/.env/lib/python3.8/site-packages/airflow/example_dags/example_branch_operator_decorator.py
[2022-11-21T21:41:56.348-0300] {logging_mixin.py:115} INFO - [2022-11-21T21:41:56.348-0300] {dag.py:2429} INFO - Sync 1 DAGs
[2022-11-21T21:41:56.363-0300] {logging_mixin.py:115} INFO - [2022-11-21T21:41:56.363-0300] {dag.py:2977} INFO - Setting next_dagrun for example_branch_python_operator_decorator to 2022-11-21T00:00:00+00:00, run_after=2022-11-22T00:00:00+00:00
[2022-11-21T21:41:56.378-0300] {processor.py:161} INFO - Processing /home/juliana/Área de Trabalho/datapipeline/.env/lib/python3.8/site-packages/airflow/example_dags/example_branch_operator_decorator.py took 0.077 seconds
[2022-11-21T21:42:28.297-0300] {processor.py:153} INFO - Started process (PID=9201) to work on /home/juliana/Área de Trabalho/datapipeline/.env/lib/python3.8/site-packages/airflow/example_dags/example_branch_operator_decorator.py
[2022-11-21T21:42:28.298-0300] {processor.py:640} INFO - Processing file /home/juliana/Área de Trabalho/datapipeline/.env/lib/python3.8/site-packages/airflow/example_dags/example_branch_operator_decorator.py for tasks to queue
[2022-11-21T21:42:28.299-0300] {logging_mixin.py:115} INFO - [2022-11-21T21:42:28.299-0300] {dagbag.py:508} INFO - Filling up the DagBag from /home/juliana/Área de Trabalho/datapipeline/.env/lib/python3.8/site-packages/airflow/example_dags/example_branch_operator_decorator.py
[2022-11-21T21:42:28.326-0300] {processor.py:650} INFO - DAG(s) dict_keys(['example_branch_python_operator_decorator']) retrieved from /home/juliana/Área de Trabalho/datapipeline/.env/lib/python3.8/site-packages/airflow/example_dags/example_branch_operator_decorator.py
[2022-11-21T21:42:28.343-0300] {logging_mixin.py:115} INFO - [2022-11-21T21:42:28.343-0300] {dag.py:2429} INFO - Sync 1 DAGs
[2022-11-21T21:42:28.358-0300] {logging_mixin.py:115} INFO - [2022-11-21T21:42:28.358-0300] {dag.py:2977} INFO - Setting next_dagrun for example_branch_python_operator_decorator to 2022-11-21T00:00:00+00:00, run_after=2022-11-22T00:00:00+00:00
[2022-11-21T21:42:28.382-0300] {processor.py:161} INFO - Processing /home/juliana/Área de Trabalho/datapipeline/.env/lib/python3.8/site-packages/airflow/example_dags/example_branch_operator_decorator.py took 0.091 seconds
[2022-11-21T21:43:01.841-0300] {processor.py:153} INFO - Started process (PID=9408) to work on /home/juliana/Área de Trabalho/datapipeline/.env/lib/python3.8/site-packages/airflow/example_dags/example_branch_operator_decorator.py
[2022-11-21T21:43:01.843-0300] {processor.py:640} INFO - Processing file /home/juliana/Área de Trabalho/datapipeline/.env/lib/python3.8/site-packages/airflow/example_dags/example_branch_operator_decorator.py for tasks to queue
[2022-11-21T21:43:01.843-0300] {logging_mixin.py:115} INFO - [2022-11-21T21:43:01.843-0300] {dagbag.py:508} INFO - Filling up the DagBag from /home/juliana/Área de Trabalho/datapipeline/.env/lib/python3.8/site-packages/airflow/example_dags/example_branch_operator_decorator.py
[2022-11-21T21:43:01.863-0300] {processor.py:650} INFO - DAG(s) dict_keys(['example_branch_python_operator_decorator']) retrieved from /home/juliana/Área de Trabalho/datapipeline/.env/lib/python3.8/site-packages/airflow/example_dags/example_branch_operator_decorator.py
[2022-11-21T21:43:01.879-0300] {logging_mixin.py:115} INFO - [2022-11-21T21:43:01.879-0300] {dag.py:2429} INFO - Sync 1 DAGs
[2022-11-21T21:43:01.895-0300] {logging_mixin.py:115} INFO - [2022-11-21T21:43:01.895-0300] {dag.py:2977} INFO - Setting next_dagrun for example_branch_python_operator_decorator to 2022-11-21T00:00:00+00:00, run_after=2022-11-22T00:00:00+00:00
[2022-11-21T21:43:01.915-0300] {processor.py:161} INFO - Processing /home/juliana/Área de Trabalho/datapipeline/.env/lib/python3.8/site-packages/airflow/example_dags/example_branch_operator_decorator.py took 0.078 seconds
[2022-11-21T21:43:35.798-0300] {processor.py:153} INFO - Started process (PID=9594) to work on /home/juliana/Área de Trabalho/datapipeline/.env/lib/python3.8/site-packages/airflow/example_dags/example_branch_operator_decorator.py
[2022-11-21T21:43:35.800-0300] {processor.py:640} INFO - Processing file /home/juliana/Área de Trabalho/datapipeline/.env/lib/python3.8/site-packages/airflow/example_dags/example_branch_operator_decorator.py for tasks to queue
[2022-11-21T21:43:35.801-0300] {logging_mixin.py:115} INFO - [2022-11-21T21:43:35.800-0300] {dagbag.py:508} INFO - Filling up the DagBag from /home/juliana/Área de Trabalho/datapipeline/.env/lib/python3.8/site-packages/airflow/example_dags/example_branch_operator_decorator.py
[2022-11-21T21:43:35.826-0300] {processor.py:650} INFO - DAG(s) dict_keys(['example_branch_python_operator_decorator']) retrieved from /home/juliana/Área de Trabalho/datapipeline/.env/lib/python3.8/site-packages/airflow/example_dags/example_branch_operator_decorator.py
[2022-11-21T21:43:35.839-0300] {logging_mixin.py:115} INFO - [2022-11-21T21:43:35.839-0300] {dag.py:2429} INFO - Sync 1 DAGs
[2022-11-21T21:43:35.854-0300] {logging_mixin.py:115} INFO - [2022-11-21T21:43:35.854-0300] {dag.py:2977} INFO - Setting next_dagrun for example_branch_python_operator_decorator to 2022-11-21T00:00:00+00:00, run_after=2022-11-22T00:00:00+00:00
[2022-11-21T21:43:35.870-0300] {processor.py:161} INFO - Processing /home/juliana/Área de Trabalho/datapipeline/.env/lib/python3.8/site-packages/airflow/example_dags/example_branch_operator_decorator.py took 0.078 seconds
[2022-11-21T21:44:10.542-0300] {processor.py:153} INFO - Started process (PID=9687) to work on /home/juliana/Área de Trabalho/datapipeline/.env/lib/python3.8/site-packages/airflow/example_dags/example_branch_operator_decorator.py
[2022-11-21T21:44:10.544-0300] {processor.py:640} INFO - Processing file /home/juliana/Área de Trabalho/datapipeline/.env/lib/python3.8/site-packages/airflow/example_dags/example_branch_operator_decorator.py for tasks to queue
[2022-11-21T21:44:10.545-0300] {logging_mixin.py:115} INFO - [2022-11-21T21:44:10.545-0300] {dagbag.py:508} INFO - Filling up the DagBag from /home/juliana/Área de Trabalho/datapipeline/.env/lib/python3.8/site-packages/airflow/example_dags/example_branch_operator_decorator.py
[2022-11-21T21:44:10.569-0300] {processor.py:650} INFO - DAG(s) dict_keys(['example_branch_python_operator_decorator']) retrieved from /home/juliana/Área de Trabalho/datapipeline/.env/lib/python3.8/site-packages/airflow/example_dags/example_branch_operator_decorator.py
[2022-11-21T21:44:10.583-0300] {logging_mixin.py:115} INFO - [2022-11-21T21:44:10.583-0300] {dag.py:2429} INFO - Sync 1 DAGs
[2022-11-21T21:44:10.598-0300] {logging_mixin.py:115} INFO - [2022-11-21T21:44:10.598-0300] {dag.py:2977} INFO - Setting next_dagrun for example_branch_python_operator_decorator to 2022-11-21T00:00:00+00:00, run_after=2022-11-22T00:00:00+00:00
[2022-11-21T21:44:10.618-0300] {processor.py:161} INFO - Processing /home/juliana/Área de Trabalho/datapipeline/.env/lib/python3.8/site-packages/airflow/example_dags/example_branch_operator_decorator.py took 0.080 seconds
[2022-11-21T21:44:42.212-0300] {processor.py:153} INFO - Started process (PID=9728) to work on /home/juliana/Área de Trabalho/datapipeline/.env/lib/python3.8/site-packages/airflow/example_dags/example_branch_operator_decorator.py
[2022-11-21T21:44:42.214-0300] {processor.py:640} INFO - Processing file /home/juliana/Área de Trabalho/datapipeline/.env/lib/python3.8/site-packages/airflow/example_dags/example_branch_operator_decorator.py for tasks to queue
[2022-11-21T21:44:42.215-0300] {logging_mixin.py:115} INFO - [2022-11-21T21:44:42.214-0300] {dagbag.py:508} INFO - Filling up the DagBag from /home/juliana/Área de Trabalho/datapipeline/.env/lib/python3.8/site-packages/airflow/example_dags/example_branch_operator_decorator.py
[2022-11-21T21:44:42.241-0300] {processor.py:650} INFO - DAG(s) dict_keys(['example_branch_python_operator_decorator']) retrieved from /home/juliana/Área de Trabalho/datapipeline/.env/lib/python3.8/site-packages/airflow/example_dags/example_branch_operator_decorator.py
[2022-11-21T21:44:42.255-0300] {logging_mixin.py:115} INFO - [2022-11-21T21:44:42.255-0300] {dag.py:2429} INFO - Sync 1 DAGs
[2022-11-21T21:44:42.271-0300] {logging_mixin.py:115} INFO - [2022-11-21T21:44:42.271-0300] {dag.py:2977} INFO - Setting next_dagrun for example_branch_python_operator_decorator to 2022-11-21T00:00:00+00:00, run_after=2022-11-22T00:00:00+00:00
[2022-11-21T21:44:42.287-0300] {processor.py:161} INFO - Processing /home/juliana/Área de Trabalho/datapipeline/.env/lib/python3.8/site-packages/airflow/example_dags/example_branch_operator_decorator.py took 0.080 seconds
[2022-11-21T21:45:17.019-0300] {processor.py:153} INFO - Started process (PID=9767) to work on /home/juliana/Área de Trabalho/datapipeline/.env/lib/python3.8/site-packages/airflow/example_dags/example_branch_operator_decorator.py
[2022-11-21T21:45:17.021-0300] {processor.py:640} INFO - Processing file /home/juliana/Área de Trabalho/datapipeline/.env/lib/python3.8/site-packages/airflow/example_dags/example_branch_operator_decorator.py for tasks to queue
[2022-11-21T21:45:17.022-0300] {logging_mixin.py:115} INFO - [2022-11-21T21:45:17.021-0300] {dagbag.py:508} INFO - Filling up the DagBag from /home/juliana/Área de Trabalho/datapipeline/.env/lib/python3.8/site-packages/airflow/example_dags/example_branch_operator_decorator.py
[2022-11-21T21:45:17.047-0300] {processor.py:650} INFO - DAG(s) dict_keys(['example_branch_python_operator_decorator']) retrieved from /home/juliana/Área de Trabalho/datapipeline/.env/lib/python3.8/site-packages/airflow/example_dags/example_branch_operator_decorator.py
[2022-11-21T21:45:17.060-0300] {logging_mixin.py:115} INFO - [2022-11-21T21:45:17.060-0300] {dag.py:2429} INFO - Sync 1 DAGs
[2022-11-21T21:45:17.075-0300] {logging_mixin.py:115} INFO - [2022-11-21T21:45:17.075-0300] {dag.py:2977} INFO - Setting next_dagrun for example_branch_python_operator_decorator to 2022-11-21T00:00:00+00:00, run_after=2022-11-22T00:00:00+00:00
[2022-11-21T21:45:17.108-0300] {processor.py:161} INFO - Processing /home/juliana/Área de Trabalho/datapipeline/.env/lib/python3.8/site-packages/airflow/example_dags/example_branch_operator_decorator.py took 0.093 seconds
[2022-11-21T21:45:53.403-0300] {processor.py:153} INFO - Started process (PID=9837) to work on /home/juliana/Área de Trabalho/datapipeline/.env/lib/python3.8/site-packages/airflow/example_dags/example_branch_operator_decorator.py
[2022-11-21T21:45:53.405-0300] {processor.py:640} INFO - Processing file /home/juliana/Área de Trabalho/datapipeline/.env/lib/python3.8/site-packages/airflow/example_dags/example_branch_operator_decorator.py for tasks to queue
[2022-11-21T21:45:53.406-0300] {logging_mixin.py:115} INFO - [2022-11-21T21:45:53.406-0300] {dagbag.py:508} INFO - Filling up the DagBag from /home/juliana/Área de Trabalho/datapipeline/.env/lib/python3.8/site-packages/airflow/example_dags/example_branch_operator_decorator.py
[2022-11-21T21:45:53.437-0300] {processor.py:650} INFO - DAG(s) dict_keys(['example_branch_python_operator_decorator']) retrieved from /home/juliana/Área de Trabalho/datapipeline/.env/lib/python3.8/site-packages/airflow/example_dags/example_branch_operator_decorator.py
[2022-11-21T21:45:53.451-0300] {logging_mixin.py:115} INFO - [2022-11-21T21:45:53.450-0300] {dag.py:2429} INFO - Sync 1 DAGs
[2022-11-21T21:45:53.471-0300] {logging_mixin.py:115} INFO - [2022-11-21T21:45:53.471-0300] {dag.py:2977} INFO - Setting next_dagrun for example_branch_python_operator_decorator to 2022-11-21T00:00:00+00:00, run_after=2022-11-22T00:00:00+00:00
[2022-11-21T21:45:53.537-0300] {processor.py:161} INFO - Processing /home/juliana/Área de Trabalho/datapipeline/.env/lib/python3.8/site-packages/airflow/example_dags/example_branch_operator_decorator.py took 0.139 seconds
[2022-11-21T21:46:27.426-0300] {processor.py:153} INFO - Started process (PID=10054) to work on /home/juliana/Área de Trabalho/datapipeline/.env/lib/python3.8/site-packages/airflow/example_dags/example_branch_operator_decorator.py
[2022-11-21T21:46:27.428-0300] {processor.py:640} INFO - Processing file /home/juliana/Área de Trabalho/datapipeline/.env/lib/python3.8/site-packages/airflow/example_dags/example_branch_operator_decorator.py for tasks to queue
[2022-11-21T21:46:27.428-0300] {logging_mixin.py:115} INFO - [2022-11-21T21:46:27.428-0300] {dagbag.py:508} INFO - Filling up the DagBag from /home/juliana/Área de Trabalho/datapipeline/.env/lib/python3.8/site-packages/airflow/example_dags/example_branch_operator_decorator.py
[2022-11-21T21:46:27.453-0300] {processor.py:650} INFO - DAG(s) dict_keys(['example_branch_python_operator_decorator']) retrieved from /home/juliana/Área de Trabalho/datapipeline/.env/lib/python3.8/site-packages/airflow/example_dags/example_branch_operator_decorator.py
[2022-11-21T21:46:27.467-0300] {logging_mixin.py:115} INFO - [2022-11-21T21:46:27.467-0300] {dag.py:2429} INFO - Sync 1 DAGs
[2022-11-21T21:46:27.482-0300] {logging_mixin.py:115} INFO - [2022-11-21T21:46:27.482-0300] {dag.py:2977} INFO - Setting next_dagrun for example_branch_python_operator_decorator to 2022-11-21T00:00:00+00:00, run_after=2022-11-22T00:00:00+00:00
[2022-11-21T21:46:27.508-0300] {processor.py:161} INFO - Processing /home/juliana/Área de Trabalho/datapipeline/.env/lib/python3.8/site-packages/airflow/example_dags/example_branch_operator_decorator.py took 0.085 seconds
[2022-11-21T21:47:00.007-0300] {processor.py:153} INFO - Started process (PID=10244) to work on /home/juliana/Área de Trabalho/datapipeline/.env/lib/python3.8/site-packages/airflow/example_dags/example_branch_operator_decorator.py
[2022-11-21T21:47:00.008-0300] {processor.py:640} INFO - Processing file /home/juliana/Área de Trabalho/datapipeline/.env/lib/python3.8/site-packages/airflow/example_dags/example_branch_operator_decorator.py for tasks to queue
[2022-11-21T21:47:00.009-0300] {logging_mixin.py:115} INFO - [2022-11-21T21:47:00.009-0300] {dagbag.py:508} INFO - Filling up the DagBag from /home/juliana/Área de Trabalho/datapipeline/.env/lib/python3.8/site-packages/airflow/example_dags/example_branch_operator_decorator.py
[2022-11-21T21:47:00.035-0300] {processor.py:650} INFO - DAG(s) dict_keys(['example_branch_python_operator_decorator']) retrieved from /home/juliana/Área de Trabalho/datapipeline/.env/lib/python3.8/site-packages/airflow/example_dags/example_branch_operator_decorator.py
[2022-11-21T21:47:00.051-0300] {logging_mixin.py:115} INFO - [2022-11-21T21:47:00.051-0300] {dag.py:2429} INFO - Sync 1 DAGs
[2022-11-21T21:47:00.066-0300] {logging_mixin.py:115} INFO - [2022-11-21T21:47:00.066-0300] {dag.py:2977} INFO - Setting next_dagrun for example_branch_python_operator_decorator to 2022-11-21T00:00:00+00:00, run_after=2022-11-22T00:00:00+00:00
[2022-11-21T21:47:00.128-0300] {processor.py:161} INFO - Processing /home/juliana/Área de Trabalho/datapipeline/.env/lib/python3.8/site-packages/airflow/example_dags/example_branch_operator_decorator.py took 0.130 seconds
[2022-11-21T21:47:36.651-0300] {processor.py:153} INFO - Started process (PID=10454) to work on /home/juliana/Área de Trabalho/datapipeline/.env/lib/python3.8/site-packages/airflow/example_dags/example_branch_operator_decorator.py
[2022-11-21T21:47:36.653-0300] {processor.py:640} INFO - Processing file /home/juliana/Área de Trabalho/datapipeline/.env/lib/python3.8/site-packages/airflow/example_dags/example_branch_operator_decorator.py for tasks to queue
[2022-11-21T21:47:36.654-0300] {logging_mixin.py:115} INFO - [2022-11-21T21:47:36.653-0300] {dagbag.py:508} INFO - Filling up the DagBag from /home/juliana/Área de Trabalho/datapipeline/.env/lib/python3.8/site-packages/airflow/example_dags/example_branch_operator_decorator.py
[2022-11-21T21:47:36.677-0300] {processor.py:650} INFO - DAG(s) dict_keys(['example_branch_python_operator_decorator']) retrieved from /home/juliana/Área de Trabalho/datapipeline/.env/lib/python3.8/site-packages/airflow/example_dags/example_branch_operator_decorator.py
[2022-11-21T21:47:36.690-0300] {logging_mixin.py:115} INFO - [2022-11-21T21:47:36.690-0300] {dag.py:2429} INFO - Sync 1 DAGs
[2022-11-21T21:47:36.705-0300] {logging_mixin.py:115} INFO - [2022-11-21T21:47:36.705-0300] {dag.py:2977} INFO - Setting next_dagrun for example_branch_python_operator_decorator to 2022-11-21T00:00:00+00:00, run_after=2022-11-22T00:00:00+00:00
[2022-11-21T21:47:36.726-0300] {processor.py:161} INFO - Processing /home/juliana/Área de Trabalho/datapipeline/.env/lib/python3.8/site-packages/airflow/example_dags/example_branch_operator_decorator.py took 0.079 seconds
[2022-11-21T21:48:08.046-0300] {processor.py:153} INFO - Started process (PID=10588) to work on /home/juliana/Área de Trabalho/datapipeline/.env/lib/python3.8/site-packages/airflow/example_dags/example_branch_operator_decorator.py
[2022-11-21T21:48:08.047-0300] {processor.py:640} INFO - Processing file /home/juliana/Área de Trabalho/datapipeline/.env/lib/python3.8/site-packages/airflow/example_dags/example_branch_operator_decorator.py for tasks to queue
[2022-11-21T21:48:08.048-0300] {logging_mixin.py:115} INFO - [2022-11-21T21:48:08.047-0300] {dagbag.py:508} INFO - Filling up the DagBag from /home/juliana/Área de Trabalho/datapipeline/.env/lib/python3.8/site-packages/airflow/example_dags/example_branch_operator_decorator.py
[2022-11-21T21:48:08.071-0300] {processor.py:650} INFO - DAG(s) dict_keys(['example_branch_python_operator_decorator']) retrieved from /home/juliana/Área de Trabalho/datapipeline/.env/lib/python3.8/site-packages/airflow/example_dags/example_branch_operator_decorator.py
[2022-11-21T21:48:08.085-0300] {logging_mixin.py:115} INFO - [2022-11-21T21:48:08.085-0300] {dag.py:2429} INFO - Sync 1 DAGs
[2022-11-21T21:48:08.099-0300] {logging_mixin.py:115} INFO - [2022-11-21T21:48:08.099-0300] {dag.py:2977} INFO - Setting next_dagrun for example_branch_python_operator_decorator to 2022-11-21T00:00:00+00:00, run_after=2022-11-22T00:00:00+00:00
[2022-11-21T21:48:08.119-0300] {processor.py:161} INFO - Processing /home/juliana/Área de Trabalho/datapipeline/.env/lib/python3.8/site-packages/airflow/example_dags/example_branch_operator_decorator.py took 0.077 seconds
[2022-11-21T21:48:43.123-0300] {processor.py:153} INFO - Started process (PID=10729) to work on /home/juliana/Área de Trabalho/datapipeline/.env/lib/python3.8/site-packages/airflow/example_dags/example_branch_operator_decorator.py
[2022-11-21T21:48:43.128-0300] {processor.py:640} INFO - Processing file /home/juliana/Área de Trabalho/datapipeline/.env/lib/python3.8/site-packages/airflow/example_dags/example_branch_operator_decorator.py for tasks to queue
[2022-11-21T21:48:43.133-0300] {logging_mixin.py:115} INFO - [2022-11-21T21:48:43.133-0300] {dagbag.py:508} INFO - Filling up the DagBag from /home/juliana/Área de Trabalho/datapipeline/.env/lib/python3.8/site-packages/airflow/example_dags/example_branch_operator_decorator.py
[2022-11-21T21:48:43.177-0300] {processor.py:650} INFO - DAG(s) dict_keys(['example_branch_python_operator_decorator']) retrieved from /home/juliana/Área de Trabalho/datapipeline/.env/lib/python3.8/site-packages/airflow/example_dags/example_branch_operator_decorator.py
[2022-11-21T21:48:43.208-0300] {logging_mixin.py:115} INFO - [2022-11-21T21:48:43.208-0300] {dag.py:2429} INFO - Sync 1 DAGs
[2022-11-21T21:48:43.250-0300] {logging_mixin.py:115} INFO - [2022-11-21T21:48:43.250-0300] {dag.py:2977} INFO - Setting next_dagrun for example_branch_python_operator_decorator to 2022-11-21T00:00:00+00:00, run_after=2022-11-22T00:00:00+00:00
[2022-11-21T21:48:43.320-0300] {processor.py:161} INFO - Processing /home/juliana/Área de Trabalho/datapipeline/.env/lib/python3.8/site-packages/airflow/example_dags/example_branch_operator_decorator.py took 0.205 seconds
[2022-11-21T21:49:19.336-0300] {processor.py:153} INFO - Started process (PID=10768) to work on /home/juliana/Área de Trabalho/datapipeline/.env/lib/python3.8/site-packages/airflow/example_dags/example_branch_operator_decorator.py
[2022-11-21T21:49:19.338-0300] {processor.py:640} INFO - Processing file /home/juliana/Área de Trabalho/datapipeline/.env/lib/python3.8/site-packages/airflow/example_dags/example_branch_operator_decorator.py for tasks to queue
[2022-11-21T21:49:19.339-0300] {logging_mixin.py:115} INFO - [2022-11-21T21:49:19.338-0300] {dagbag.py:508} INFO - Filling up the DagBag from /home/juliana/Área de Trabalho/datapipeline/.env/lib/python3.8/site-packages/airflow/example_dags/example_branch_operator_decorator.py
[2022-11-21T21:49:19.362-0300] {processor.py:650} INFO - DAG(s) dict_keys(['example_branch_python_operator_decorator']) retrieved from /home/juliana/Área de Trabalho/datapipeline/.env/lib/python3.8/site-packages/airflow/example_dags/example_branch_operator_decorator.py
[2022-11-21T21:49:19.375-0300] {logging_mixin.py:115} INFO - [2022-11-21T21:49:19.375-0300] {dag.py:2429} INFO - Sync 1 DAGs
[2022-11-21T21:49:19.391-0300] {logging_mixin.py:115} INFO - [2022-11-21T21:49:19.390-0300] {dag.py:2977} INFO - Setting next_dagrun for example_branch_python_operator_decorator to 2022-11-21T00:00:00+00:00, run_after=2022-11-22T00:00:00+00:00
[2022-11-21T21:49:19.409-0300] {processor.py:161} INFO - Processing /home/juliana/Área de Trabalho/datapipeline/.env/lib/python3.8/site-packages/airflow/example_dags/example_branch_operator_decorator.py took 0.077 seconds
[2022-11-21T21:49:54.123-0300] {processor.py:153} INFO - Started process (PID=10803) to work on /home/juliana/Área de Trabalho/datapipeline/.env/lib/python3.8/site-packages/airflow/example_dags/example_branch_operator_decorator.py
[2022-11-21T21:49:54.124-0300] {processor.py:640} INFO - Processing file /home/juliana/Área de Trabalho/datapipeline/.env/lib/python3.8/site-packages/airflow/example_dags/example_branch_operator_decorator.py for tasks to queue
[2022-11-21T21:49:54.125-0300] {logging_mixin.py:115} INFO - [2022-11-21T21:49:54.125-0300] {dagbag.py:508} INFO - Filling up the DagBag from /home/juliana/Área de Trabalho/datapipeline/.env/lib/python3.8/site-packages/airflow/example_dags/example_branch_operator_decorator.py
[2022-11-21T21:49:54.151-0300] {processor.py:650} INFO - DAG(s) dict_keys(['example_branch_python_operator_decorator']) retrieved from /home/juliana/Área de Trabalho/datapipeline/.env/lib/python3.8/site-packages/airflow/example_dags/example_branch_operator_decorator.py
[2022-11-21T21:49:54.164-0300] {logging_mixin.py:115} INFO - [2022-11-21T21:49:54.164-0300] {dag.py:2429} INFO - Sync 1 DAGs
[2022-11-21T21:49:54.179-0300] {logging_mixin.py:115} INFO - [2022-11-21T21:49:54.178-0300] {dag.py:2977} INFO - Setting next_dagrun for example_branch_python_operator_decorator to 2022-11-21T00:00:00+00:00, run_after=2022-11-22T00:00:00+00:00
[2022-11-21T21:49:54.198-0300] {processor.py:161} INFO - Processing /home/juliana/Área de Trabalho/datapipeline/.env/lib/python3.8/site-packages/airflow/example_dags/example_branch_operator_decorator.py took 0.081 seconds
[2022-11-21T21:50:28.876-0300] {processor.py:153} INFO - Started process (PID=10858) to work on /home/juliana/Área de Trabalho/datapipeline/.env/lib/python3.8/site-packages/airflow/example_dags/example_branch_operator_decorator.py
[2022-11-21T21:50:28.879-0300] {processor.py:640} INFO - Processing file /home/juliana/Área de Trabalho/datapipeline/.env/lib/python3.8/site-packages/airflow/example_dags/example_branch_operator_decorator.py for tasks to queue
[2022-11-21T21:50:28.880-0300] {logging_mixin.py:115} INFO - [2022-11-21T21:50:28.880-0300] {dagbag.py:508} INFO - Filling up the DagBag from /home/juliana/Área de Trabalho/datapipeline/.env/lib/python3.8/site-packages/airflow/example_dags/example_branch_operator_decorator.py
[2022-11-21T21:50:28.942-0300] {processor.py:650} INFO - DAG(s) dict_keys(['example_branch_python_operator_decorator']) retrieved from /home/juliana/Área de Trabalho/datapipeline/.env/lib/python3.8/site-packages/airflow/example_dags/example_branch_operator_decorator.py
[2022-11-21T21:50:28.987-0300] {logging_mixin.py:115} INFO - [2022-11-21T21:50:28.987-0300] {dag.py:2429} INFO - Sync 1 DAGs
[2022-11-21T21:50:29.027-0300] {logging_mixin.py:115} INFO - [2022-11-21T21:50:29.026-0300] {dag.py:2977} INFO - Setting next_dagrun for example_branch_python_operator_decorator to 2022-11-21T00:00:00+00:00, run_after=2022-11-22T00:00:00+00:00
[2022-11-21T21:50:29.093-0300] {processor.py:161} INFO - Processing /home/juliana/Área de Trabalho/datapipeline/.env/lib/python3.8/site-packages/airflow/example_dags/example_branch_operator_decorator.py took 0.224 seconds
[2022-11-21T21:51:03.991-0300] {processor.py:153} INFO - Started process (PID=10899) to work on /home/juliana/Área de Trabalho/datapipeline/.env/lib/python3.8/site-packages/airflow/example_dags/example_branch_operator_decorator.py
[2022-11-21T21:51:03.993-0300] {processor.py:640} INFO - Processing file /home/juliana/Área de Trabalho/datapipeline/.env/lib/python3.8/site-packages/airflow/example_dags/example_branch_operator_decorator.py for tasks to queue
[2022-11-21T21:51:03.994-0300] {logging_mixin.py:115} INFO - [2022-11-21T21:51:03.994-0300] {dagbag.py:508} INFO - Filling up the DagBag from /home/juliana/Área de Trabalho/datapipeline/.env/lib/python3.8/site-packages/airflow/example_dags/example_branch_operator_decorator.py
[2022-11-21T21:51:04.017-0300] {processor.py:650} INFO - DAG(s) dict_keys(['example_branch_python_operator_decorator']) retrieved from /home/juliana/Área de Trabalho/datapipeline/.env/lib/python3.8/site-packages/airflow/example_dags/example_branch_operator_decorator.py
[2022-11-21T21:51:04.031-0300] {logging_mixin.py:115} INFO - [2022-11-21T21:51:04.031-0300] {dag.py:2429} INFO - Sync 1 DAGs
[2022-11-21T21:51:04.046-0300] {logging_mixin.py:115} INFO - [2022-11-21T21:51:04.046-0300] {dag.py:2977} INFO - Setting next_dagrun for example_branch_python_operator_decorator to 2022-11-21T00:00:00+00:00, run_after=2022-11-22T00:00:00+00:00
[2022-11-21T21:51:04.067-0300] {processor.py:161} INFO - Processing /home/juliana/Área de Trabalho/datapipeline/.env/lib/python3.8/site-packages/airflow/example_dags/example_branch_operator_decorator.py took 0.081 seconds
[2022-11-21T21:51:37.549-0300] {processor.py:153} INFO - Started process (PID=10931) to work on /home/juliana/Área de Trabalho/datapipeline/.env/lib/python3.8/site-packages/airflow/example_dags/example_branch_operator_decorator.py
[2022-11-21T21:51:37.550-0300] {processor.py:640} INFO - Processing file /home/juliana/Área de Trabalho/datapipeline/.env/lib/python3.8/site-packages/airflow/example_dags/example_branch_operator_decorator.py for tasks to queue
[2022-11-21T21:51:37.553-0300] {logging_mixin.py:115} INFO - [2022-11-21T21:51:37.553-0300] {dagbag.py:508} INFO - Filling up the DagBag from /home/juliana/Área de Trabalho/datapipeline/.env/lib/python3.8/site-packages/airflow/example_dags/example_branch_operator_decorator.py
[2022-11-21T21:51:37.580-0300] {processor.py:650} INFO - DAG(s) dict_keys(['example_branch_python_operator_decorator']) retrieved from /home/juliana/Área de Trabalho/datapipeline/.env/lib/python3.8/site-packages/airflow/example_dags/example_branch_operator_decorator.py
[2022-11-21T21:51:37.596-0300] {logging_mixin.py:115} INFO - [2022-11-21T21:51:37.596-0300] {dag.py:2429} INFO - Sync 1 DAGs
[2022-11-21T21:51:37.612-0300] {logging_mixin.py:115} INFO - [2022-11-21T21:51:37.612-0300] {dag.py:2977} INFO - Setting next_dagrun for example_branch_python_operator_decorator to 2022-11-21T00:00:00+00:00, run_after=2022-11-22T00:00:00+00:00
[2022-11-21T21:51:37.628-0300] {processor.py:161} INFO - Processing /home/juliana/Área de Trabalho/datapipeline/.env/lib/python3.8/site-packages/airflow/example_dags/example_branch_operator_decorator.py took 0.089 seconds
[2022-11-21T21:52:11.859-0300] {processor.py:153} INFO - Started process (PID=10966) to work on /home/juliana/Área de Trabalho/datapipeline/.env/lib/python3.8/site-packages/airflow/example_dags/example_branch_operator_decorator.py
[2022-11-21T21:52:11.861-0300] {processor.py:640} INFO - Processing file /home/juliana/Área de Trabalho/datapipeline/.env/lib/python3.8/site-packages/airflow/example_dags/example_branch_operator_decorator.py for tasks to queue
[2022-11-21T21:52:11.862-0300] {logging_mixin.py:115} INFO - [2022-11-21T21:52:11.861-0300] {dagbag.py:508} INFO - Filling up the DagBag from /home/juliana/Área de Trabalho/datapipeline/.env/lib/python3.8/site-packages/airflow/example_dags/example_branch_operator_decorator.py
[2022-11-21T21:52:11.882-0300] {processor.py:650} INFO - DAG(s) dict_keys(['example_branch_python_operator_decorator']) retrieved from /home/juliana/Área de Trabalho/datapipeline/.env/lib/python3.8/site-packages/airflow/example_dags/example_branch_operator_decorator.py
[2022-11-21T21:52:11.895-0300] {logging_mixin.py:115} INFO - [2022-11-21T21:52:11.895-0300] {dag.py:2429} INFO - Sync 1 DAGs
[2022-11-21T21:52:11.911-0300] {logging_mixin.py:115} INFO - [2022-11-21T21:52:11.911-0300] {dag.py:2977} INFO - Setting next_dagrun for example_branch_python_operator_decorator to 2022-11-21T00:00:00+00:00, run_after=2022-11-22T00:00:00+00:00
[2022-11-21T21:52:11.946-0300] {processor.py:161} INFO - Processing /home/juliana/Área de Trabalho/datapipeline/.env/lib/python3.8/site-packages/airflow/example_dags/example_branch_operator_decorator.py took 0.091 seconds
[2022-11-21T21:52:45.796-0300] {processor.py:153} INFO - Started process (PID=11000) to work on /home/juliana/Área de Trabalho/datapipeline/.env/lib/python3.8/site-packages/airflow/example_dags/example_branch_operator_decorator.py
[2022-11-21T21:52:45.798-0300] {processor.py:640} INFO - Processing file /home/juliana/Área de Trabalho/datapipeline/.env/lib/python3.8/site-packages/airflow/example_dags/example_branch_operator_decorator.py for tasks to queue
[2022-11-21T21:52:45.799-0300] {logging_mixin.py:115} INFO - [2022-11-21T21:52:45.798-0300] {dagbag.py:508} INFO - Filling up the DagBag from /home/juliana/Área de Trabalho/datapipeline/.env/lib/python3.8/site-packages/airflow/example_dags/example_branch_operator_decorator.py
[2022-11-21T21:52:45.824-0300] {processor.py:650} INFO - DAG(s) dict_keys(['example_branch_python_operator_decorator']) retrieved from /home/juliana/Área de Trabalho/datapipeline/.env/lib/python3.8/site-packages/airflow/example_dags/example_branch_operator_decorator.py
[2022-11-21T21:52:45.838-0300] {logging_mixin.py:115} INFO - [2022-11-21T21:52:45.838-0300] {dag.py:2429} INFO - Sync 1 DAGs
[2022-11-21T21:52:45.853-0300] {logging_mixin.py:115} INFO - [2022-11-21T21:52:45.853-0300] {dag.py:2977} INFO - Setting next_dagrun for example_branch_python_operator_decorator to 2022-11-21T00:00:00+00:00, run_after=2022-11-22T00:00:00+00:00
[2022-11-21T21:52:45.873-0300] {processor.py:161} INFO - Processing /home/juliana/Área de Trabalho/datapipeline/.env/lib/python3.8/site-packages/airflow/example_dags/example_branch_operator_decorator.py took 0.082 seconds
[2022-11-21T21:53:19.506-0300] {processor.py:153} INFO - Started process (PID=11101) to work on /home/juliana/Área de Trabalho/datapipeline/.env/lib/python3.8/site-packages/airflow/example_dags/example_branch_operator_decorator.py
[2022-11-21T21:53:19.508-0300] {processor.py:640} INFO - Processing file /home/juliana/Área de Trabalho/datapipeline/.env/lib/python3.8/site-packages/airflow/example_dags/example_branch_operator_decorator.py for tasks to queue
[2022-11-21T21:53:19.509-0300] {logging_mixin.py:115} INFO - [2022-11-21T21:53:19.508-0300] {dagbag.py:508} INFO - Filling up the DagBag from /home/juliana/Área de Trabalho/datapipeline/.env/lib/python3.8/site-packages/airflow/example_dags/example_branch_operator_decorator.py
[2022-11-21T21:53:19.531-0300] {processor.py:650} INFO - DAG(s) dict_keys(['example_branch_python_operator_decorator']) retrieved from /home/juliana/Área de Trabalho/datapipeline/.env/lib/python3.8/site-packages/airflow/example_dags/example_branch_operator_decorator.py
[2022-11-21T21:53:19.545-0300] {logging_mixin.py:115} INFO - [2022-11-21T21:53:19.545-0300] {dag.py:2429} INFO - Sync 1 DAGs
[2022-11-21T21:53:19.560-0300] {logging_mixin.py:115} INFO - [2022-11-21T21:53:19.560-0300] {dag.py:2977} INFO - Setting next_dagrun for example_branch_python_operator_decorator to 2022-11-21T00:00:00+00:00, run_after=2022-11-22T00:00:00+00:00
[2022-11-21T21:53:19.580-0300] {processor.py:161} INFO - Processing /home/juliana/Área de Trabalho/datapipeline/.env/lib/python3.8/site-packages/airflow/example_dags/example_branch_operator_decorator.py took 0.078 seconds
[2022-11-21T21:53:52.225-0300] {processor.py:153} INFO - Started process (PID=11290) to work on /home/juliana/Área de Trabalho/datapipeline/.env/lib/python3.8/site-packages/airflow/example_dags/example_branch_operator_decorator.py
[2022-11-21T21:53:52.227-0300] {processor.py:640} INFO - Processing file /home/juliana/Área de Trabalho/datapipeline/.env/lib/python3.8/site-packages/airflow/example_dags/example_branch_operator_decorator.py for tasks to queue
[2022-11-21T21:53:52.228-0300] {logging_mixin.py:115} INFO - [2022-11-21T21:53:52.227-0300] {dagbag.py:508} INFO - Filling up the DagBag from /home/juliana/Área de Trabalho/datapipeline/.env/lib/python3.8/site-packages/airflow/example_dags/example_branch_operator_decorator.py
[2022-11-21T21:53:52.250-0300] {processor.py:650} INFO - DAG(s) dict_keys(['example_branch_python_operator_decorator']) retrieved from /home/juliana/Área de Trabalho/datapipeline/.env/lib/python3.8/site-packages/airflow/example_dags/example_branch_operator_decorator.py
[2022-11-21T21:53:52.265-0300] {logging_mixin.py:115} INFO - [2022-11-21T21:53:52.265-0300] {dag.py:2429} INFO - Sync 1 DAGs
[2022-11-21T21:53:52.279-0300] {logging_mixin.py:115} INFO - [2022-11-21T21:53:52.279-0300] {dag.py:2977} INFO - Setting next_dagrun for example_branch_python_operator_decorator to 2022-11-21T00:00:00+00:00, run_after=2022-11-22T00:00:00+00:00
[2022-11-21T21:53:52.300-0300] {processor.py:161} INFO - Processing /home/juliana/Área de Trabalho/datapipeline/.env/lib/python3.8/site-packages/airflow/example_dags/example_branch_operator_decorator.py took 0.079 seconds
[2022-11-21T21:54:27.668-0300] {processor.py:153} INFO - Started process (PID=11502) to work on /home/juliana/Área de Trabalho/datapipeline/.env/lib/python3.8/site-packages/airflow/example_dags/example_branch_operator_decorator.py
[2022-11-21T21:54:27.674-0300] {processor.py:640} INFO - Processing file /home/juliana/Área de Trabalho/datapipeline/.env/lib/python3.8/site-packages/airflow/example_dags/example_branch_operator_decorator.py for tasks to queue
[2022-11-21T21:54:27.676-0300] {logging_mixin.py:115} INFO - [2022-11-21T21:54:27.675-0300] {dagbag.py:508} INFO - Filling up the DagBag from /home/juliana/Área de Trabalho/datapipeline/.env/lib/python3.8/site-packages/airflow/example_dags/example_branch_operator_decorator.py
[2022-11-21T21:54:27.697-0300] {processor.py:650} INFO - DAG(s) dict_keys(['example_branch_python_operator_decorator']) retrieved from /home/juliana/Área de Trabalho/datapipeline/.env/lib/python3.8/site-packages/airflow/example_dags/example_branch_operator_decorator.py
[2022-11-21T21:54:27.715-0300] {logging_mixin.py:115} INFO - [2022-11-21T21:54:27.715-0300] {dag.py:2429} INFO - Sync 1 DAGs
[2022-11-21T21:54:27.730-0300] {logging_mixin.py:115} INFO - [2022-11-21T21:54:27.730-0300] {dag.py:2977} INFO - Setting next_dagrun for example_branch_python_operator_decorator to 2022-11-21T00:00:00+00:00, run_after=2022-11-22T00:00:00+00:00
[2022-11-21T21:54:27.748-0300] {processor.py:161} INFO - Processing /home/juliana/Área de Trabalho/datapipeline/.env/lib/python3.8/site-packages/airflow/example_dags/example_branch_operator_decorator.py took 0.086 seconds
[2022-11-21T21:55:27.640-0300] {processor.py:153} INFO - Started process (PID=11613) to work on /home/juliana/Área de Trabalho/datapipeline/.env/lib/python3.8/site-packages/airflow/example_dags/example_branch_operator_decorator.py
[2022-11-21T21:55:27.645-0300] {processor.py:640} INFO - Processing file /home/juliana/Área de Trabalho/datapipeline/.env/lib/python3.8/site-packages/airflow/example_dags/example_branch_operator_decorator.py for tasks to queue
[2022-11-21T21:55:27.646-0300] {logging_mixin.py:115} INFO - [2022-11-21T21:55:27.646-0300] {dagbag.py:508} INFO - Filling up the DagBag from /home/juliana/Área de Trabalho/datapipeline/.env/lib/python3.8/site-packages/airflow/example_dags/example_branch_operator_decorator.py
[2022-11-21T21:55:27.675-0300] {processor.py:650} INFO - DAG(s) dict_keys(['example_branch_python_operator_decorator']) retrieved from /home/juliana/Área de Trabalho/datapipeline/.env/lib/python3.8/site-packages/airflow/example_dags/example_branch_operator_decorator.py
[2022-11-21T21:55:27.709-0300] {logging_mixin.py:115} INFO - [2022-11-21T21:55:27.709-0300] {dag.py:2429} INFO - Sync 1 DAGs
[2022-11-21T21:55:27.737-0300] {logging_mixin.py:115} INFO - [2022-11-21T21:55:27.737-0300] {dag.py:2977} INFO - Setting next_dagrun for example_branch_python_operator_decorator to 2022-11-21T00:00:00+00:00, run_after=2022-11-22T00:00:00+00:00
[2022-11-21T21:55:27.962-0300] {processor.py:161} INFO - Processing /home/juliana/Área de Trabalho/datapipeline/.env/lib/python3.8/site-packages/airflow/example_dags/example_branch_operator_decorator.py took 0.327 seconds
[2022-11-21T21:56:06.805-0300] {processor.py:153} INFO - Started process (PID=12002) to work on /home/juliana/Área de Trabalho/datapipeline/.env/lib/python3.8/site-packages/airflow/example_dags/example_branch_operator_decorator.py
[2022-11-21T21:56:06.808-0300] {processor.py:640} INFO - Processing file /home/juliana/Área de Trabalho/datapipeline/.env/lib/python3.8/site-packages/airflow/example_dags/example_branch_operator_decorator.py for tasks to queue
[2022-11-21T21:56:06.809-0300] {logging_mixin.py:115} INFO - [2022-11-21T21:56:06.809-0300] {dagbag.py:508} INFO - Filling up the DagBag from /home/juliana/Área de Trabalho/datapipeline/.env/lib/python3.8/site-packages/airflow/example_dags/example_branch_operator_decorator.py
[2022-11-21T21:56:06.895-0300] {processor.py:650} INFO - DAG(s) dict_keys(['example_branch_python_operator_decorator']) retrieved from /home/juliana/Área de Trabalho/datapipeline/.env/lib/python3.8/site-packages/airflow/example_dags/example_branch_operator_decorator.py
[2022-11-21T21:56:06.967-0300] {logging_mixin.py:115} INFO - [2022-11-21T21:56:06.964-0300] {dag.py:2429} INFO - Sync 1 DAGs
[2022-11-21T21:56:07.044-0300] {logging_mixin.py:115} INFO - [2022-11-21T21:56:07.044-0300] {dag.py:2977} INFO - Setting next_dagrun for example_branch_python_operator_decorator to 2022-11-21T00:00:00+00:00, run_after=2022-11-22T00:00:00+00:00
[2022-11-21T21:56:07.445-0300] {processor.py:161} INFO - Processing /home/juliana/Área de Trabalho/datapipeline/.env/lib/python3.8/site-packages/airflow/example_dags/example_branch_operator_decorator.py took 0.649 seconds
[2022-11-21T22:03:35.938-0300] {processor.py:153} INFO - Started process (PID=2208) to work on /home/juliana/Área de Trabalho/datapipeline/.env/lib/python3.8/site-packages/airflow/example_dags/example_branch_operator_decorator.py
[2022-11-21T22:03:35.946-0300] {processor.py:640} INFO - Processing file /home/juliana/Área de Trabalho/datapipeline/.env/lib/python3.8/site-packages/airflow/example_dags/example_branch_operator_decorator.py for tasks to queue
[2022-11-21T22:03:35.947-0300] {logging_mixin.py:115} INFO - [2022-11-21T22:03:35.946-0300] {dagbag.py:508} INFO - Filling up the DagBag from /home/juliana/Área de Trabalho/datapipeline/.env/lib/python3.8/site-packages/airflow/example_dags/example_branch_operator_decorator.py
[2022-11-21T22:03:35.982-0300] {processor.py:650} INFO - DAG(s) dict_keys(['example_branch_python_operator_decorator']) retrieved from /home/juliana/Área de Trabalho/datapipeline/.env/lib/python3.8/site-packages/airflow/example_dags/example_branch_operator_decorator.py
[2022-11-21T22:03:36.022-0300] {logging_mixin.py:115} INFO - [2022-11-21T22:03:36.022-0300] {dag.py:2429} INFO - Sync 1 DAGs
[2022-11-21T22:03:36.087-0300] {logging_mixin.py:115} INFO - [2022-11-21T22:03:36.086-0300] {dag.py:2977} INFO - Setting next_dagrun for example_branch_python_operator_decorator to 2022-11-21T00:00:00+00:00, run_after=2022-11-22T00:00:00+00:00
[2022-11-21T22:03:36.182-0300] {processor.py:161} INFO - Processing /home/juliana/Área de Trabalho/datapipeline/.env/lib/python3.8/site-packages/airflow/example_dags/example_branch_operator_decorator.py took 0.254 seconds
[2022-11-21T22:04:15.684-0300] {processor.py:153} INFO - Started process (PID=2508) to work on /home/juliana/Área de Trabalho/datapipeline/.env/lib/python3.8/site-packages/airflow/example_dags/example_branch_operator_decorator.py
[2022-11-21T22:04:15.691-0300] {processor.py:640} INFO - Processing file /home/juliana/Área de Trabalho/datapipeline/.env/lib/python3.8/site-packages/airflow/example_dags/example_branch_operator_decorator.py for tasks to queue
[2022-11-21T22:04:15.692-0300] {logging_mixin.py:115} INFO - [2022-11-21T22:04:15.692-0300] {dagbag.py:508} INFO - Filling up the DagBag from /home/juliana/Área de Trabalho/datapipeline/.env/lib/python3.8/site-packages/airflow/example_dags/example_branch_operator_decorator.py
[2022-11-21T22:04:15.717-0300] {processor.py:650} INFO - DAG(s) dict_keys(['example_branch_python_operator_decorator']) retrieved from /home/juliana/Área de Trabalho/datapipeline/.env/lib/python3.8/site-packages/airflow/example_dags/example_branch_operator_decorator.py
[2022-11-21T22:04:15.735-0300] {logging_mixin.py:115} INFO - [2022-11-21T22:04:15.735-0300] {dag.py:2429} INFO - Sync 1 DAGs
[2022-11-21T22:04:15.750-0300] {logging_mixin.py:115} INFO - [2022-11-21T22:04:15.750-0300] {dag.py:2977} INFO - Setting next_dagrun for example_branch_python_operator_decorator to 2022-11-21T00:00:00+00:00, run_after=2022-11-22T00:00:00+00:00
[2022-11-21T22:04:15.766-0300] {processor.py:161} INFO - Processing /home/juliana/Área de Trabalho/datapipeline/.env/lib/python3.8/site-packages/airflow/example_dags/example_branch_operator_decorator.py took 0.087 seconds
[2022-11-21T22:04:54.311-0300] {processor.py:153} INFO - Started process (PID=2698) to work on /home/juliana/Área de Trabalho/datapipeline/.env/lib/python3.8/site-packages/airflow/example_dags/example_branch_operator_decorator.py
[2022-11-21T22:04:54.313-0300] {processor.py:640} INFO - Processing file /home/juliana/Área de Trabalho/datapipeline/.env/lib/python3.8/site-packages/airflow/example_dags/example_branch_operator_decorator.py for tasks to queue
[2022-11-21T22:04:54.313-0300] {logging_mixin.py:115} INFO - [2022-11-21T22:04:54.313-0300] {dagbag.py:508} INFO - Filling up the DagBag from /home/juliana/Área de Trabalho/datapipeline/.env/lib/python3.8/site-packages/airflow/example_dags/example_branch_operator_decorator.py
[2022-11-21T22:04:54.355-0300] {processor.py:650} INFO - DAG(s) dict_keys(['example_branch_python_operator_decorator']) retrieved from /home/juliana/Área de Trabalho/datapipeline/.env/lib/python3.8/site-packages/airflow/example_dags/example_branch_operator_decorator.py
[2022-11-21T22:04:54.413-0300] {logging_mixin.py:115} INFO - [2022-11-21T22:04:54.413-0300] {dag.py:2429} INFO - Sync 1 DAGs
[2022-11-21T22:04:54.455-0300] {logging_mixin.py:115} INFO - [2022-11-21T22:04:54.455-0300] {dag.py:2977} INFO - Setting next_dagrun for example_branch_python_operator_decorator to 2022-11-21T00:00:00+00:00, run_after=2022-11-22T00:00:00+00:00
[2022-11-21T22:04:54.481-0300] {processor.py:161} INFO - Processing /home/juliana/Área de Trabalho/datapipeline/.env/lib/python3.8/site-packages/airflow/example_dags/example_branch_operator_decorator.py took 0.178 seconds
[2022-11-21T22:05:31.588-0300] {processor.py:153} INFO - Started process (PID=3215) to work on /home/juliana/Área de Trabalho/datapipeline/.env/lib/python3.8/site-packages/airflow/example_dags/example_branch_operator_decorator.py
[2022-11-21T22:05:31.590-0300] {processor.py:640} INFO - Processing file /home/juliana/Área de Trabalho/datapipeline/.env/lib/python3.8/site-packages/airflow/example_dags/example_branch_operator_decorator.py for tasks to queue
[2022-11-21T22:05:31.591-0300] {logging_mixin.py:115} INFO - [2022-11-21T22:05:31.591-0300] {dagbag.py:508} INFO - Filling up the DagBag from /home/juliana/Área de Trabalho/datapipeline/.env/lib/python3.8/site-packages/airflow/example_dags/example_branch_operator_decorator.py
[2022-11-21T22:05:31.649-0300] {processor.py:650} INFO - DAG(s) dict_keys(['example_branch_python_operator_decorator']) retrieved from /home/juliana/Área de Trabalho/datapipeline/.env/lib/python3.8/site-packages/airflow/example_dags/example_branch_operator_decorator.py
[2022-11-21T22:05:31.712-0300] {logging_mixin.py:115} INFO - [2022-11-21T22:05:31.710-0300] {dag.py:2429} INFO - Sync 1 DAGs
[2022-11-21T22:05:31.764-0300] {logging_mixin.py:115} INFO - [2022-11-21T22:05:31.764-0300] {dag.py:2977} INFO - Setting next_dagrun for example_branch_python_operator_decorator to 2022-11-21T00:00:00+00:00, run_after=2022-11-22T00:00:00+00:00
[2022-11-21T22:05:31.794-0300] {processor.py:161} INFO - Processing /home/juliana/Área de Trabalho/datapipeline/.env/lib/python3.8/site-packages/airflow/example_dags/example_branch_operator_decorator.py took 0.212 seconds
[2022-11-21T22:06:10.102-0300] {processor.py:153} INFO - Started process (PID=3582) to work on /home/juliana/Área de Trabalho/datapipeline/.env/lib/python3.8/site-packages/airflow/example_dags/example_branch_operator_decorator.py
[2022-11-21T22:06:10.104-0300] {processor.py:640} INFO - Processing file /home/juliana/Área de Trabalho/datapipeline/.env/lib/python3.8/site-packages/airflow/example_dags/example_branch_operator_decorator.py for tasks to queue
[2022-11-21T22:06:10.105-0300] {logging_mixin.py:115} INFO - [2022-11-21T22:06:10.104-0300] {dagbag.py:508} INFO - Filling up the DagBag from /home/juliana/Área de Trabalho/datapipeline/.env/lib/python3.8/site-packages/airflow/example_dags/example_branch_operator_decorator.py
[2022-11-21T22:06:10.140-0300] {processor.py:650} INFO - DAG(s) dict_keys(['example_branch_python_operator_decorator']) retrieved from /home/juliana/Área de Trabalho/datapipeline/.env/lib/python3.8/site-packages/airflow/example_dags/example_branch_operator_decorator.py
[2022-11-21T22:06:10.171-0300] {logging_mixin.py:115} INFO - [2022-11-21T22:06:10.171-0300] {dag.py:2429} INFO - Sync 1 DAGs
[2022-11-21T22:06:10.199-0300] {logging_mixin.py:115} INFO - [2022-11-21T22:06:10.199-0300] {dag.py:2977} INFO - Setting next_dagrun for example_branch_python_operator_decorator to 2022-11-21T00:00:00+00:00, run_after=2022-11-22T00:00:00+00:00
[2022-11-21T22:06:10.222-0300] {processor.py:161} INFO - Processing /home/juliana/Área de Trabalho/datapipeline/.env/lib/python3.8/site-packages/airflow/example_dags/example_branch_operator_decorator.py took 0.127 seconds
[2022-11-21T22:06:45.597-0300] {processor.py:153} INFO - Started process (PID=3778) to work on /home/juliana/Área de Trabalho/datapipeline/.env/lib/python3.8/site-packages/airflow/example_dags/example_branch_operator_decorator.py
[2022-11-21T22:06:45.601-0300] {processor.py:640} INFO - Processing file /home/juliana/Área de Trabalho/datapipeline/.env/lib/python3.8/site-packages/airflow/example_dags/example_branch_operator_decorator.py for tasks to queue
[2022-11-21T22:06:45.605-0300] {logging_mixin.py:115} INFO - [2022-11-21T22:06:45.603-0300] {dagbag.py:508} INFO - Filling up the DagBag from /home/juliana/Área de Trabalho/datapipeline/.env/lib/python3.8/site-packages/airflow/example_dags/example_branch_operator_decorator.py
[2022-11-21T22:06:45.645-0300] {processor.py:650} INFO - DAG(s) dict_keys(['example_branch_python_operator_decorator']) retrieved from /home/juliana/Área de Trabalho/datapipeline/.env/lib/python3.8/site-packages/airflow/example_dags/example_branch_operator_decorator.py
[2022-11-21T22:06:45.663-0300] {logging_mixin.py:115} INFO - [2022-11-21T22:06:45.663-0300] {dag.py:2429} INFO - Sync 1 DAGs
[2022-11-21T22:06:45.681-0300] {logging_mixin.py:115} INFO - [2022-11-21T22:06:45.681-0300] {dag.py:2977} INFO - Setting next_dagrun for example_branch_python_operator_decorator to 2022-11-21T00:00:00+00:00, run_after=2022-11-22T00:00:00+00:00
[2022-11-21T22:06:45.703-0300] {processor.py:161} INFO - Processing /home/juliana/Área de Trabalho/datapipeline/.env/lib/python3.8/site-packages/airflow/example_dags/example_branch_operator_decorator.py took 0.127 seconds
[2022-11-21T22:07:18.322-0300] {processor.py:153} INFO - Started process (PID=3986) to work on /home/juliana/Área de Trabalho/datapipeline/.env/lib/python3.8/site-packages/airflow/example_dags/example_branch_operator_decorator.py
[2022-11-21T22:07:18.326-0300] {processor.py:640} INFO - Processing file /home/juliana/Área de Trabalho/datapipeline/.env/lib/python3.8/site-packages/airflow/example_dags/example_branch_operator_decorator.py for tasks to queue
[2022-11-21T22:07:18.329-0300] {logging_mixin.py:115} INFO - [2022-11-21T22:07:18.329-0300] {dagbag.py:508} INFO - Filling up the DagBag from /home/juliana/Área de Trabalho/datapipeline/.env/lib/python3.8/site-packages/airflow/example_dags/example_branch_operator_decorator.py
[2022-11-21T22:07:18.423-0300] {processor.py:650} INFO - DAG(s) dict_keys(['example_branch_python_operator_decorator']) retrieved from /home/juliana/Área de Trabalho/datapipeline/.env/lib/python3.8/site-packages/airflow/example_dags/example_branch_operator_decorator.py
[2022-11-21T22:07:18.461-0300] {logging_mixin.py:115} INFO - [2022-11-21T22:07:18.461-0300] {dag.py:2429} INFO - Sync 1 DAGs
[2022-11-21T22:07:18.490-0300] {logging_mixin.py:115} INFO - [2022-11-21T22:07:18.489-0300] {dag.py:2977} INFO - Setting next_dagrun for example_branch_python_operator_decorator to 2022-11-21T00:00:00+00:00, run_after=2022-11-22T00:00:00+00:00
[2022-11-21T22:07:18.513-0300] {processor.py:161} INFO - Processing /home/juliana/Área de Trabalho/datapipeline/.env/lib/python3.8/site-packages/airflow/example_dags/example_branch_operator_decorator.py took 0.205 seconds
[2022-11-21T22:07:53.000-0300] {processor.py:153} INFO - Started process (PID=4171) to work on /home/juliana/Área de Trabalho/datapipeline/.env/lib/python3.8/site-packages/airflow/example_dags/example_branch_operator_decorator.py
[2022-11-21T22:07:53.002-0300] {processor.py:640} INFO - Processing file /home/juliana/Área de Trabalho/datapipeline/.env/lib/python3.8/site-packages/airflow/example_dags/example_branch_operator_decorator.py for tasks to queue
[2022-11-21T22:07:53.003-0300] {logging_mixin.py:115} INFO - [2022-11-21T22:07:53.003-0300] {dagbag.py:508} INFO - Filling up the DagBag from /home/juliana/Área de Trabalho/datapipeline/.env/lib/python3.8/site-packages/airflow/example_dags/example_branch_operator_decorator.py
[2022-11-21T22:07:53.031-0300] {processor.py:650} INFO - DAG(s) dict_keys(['example_branch_python_operator_decorator']) retrieved from /home/juliana/Área de Trabalho/datapipeline/.env/lib/python3.8/site-packages/airflow/example_dags/example_branch_operator_decorator.py
[2022-11-21T22:07:53.050-0300] {logging_mixin.py:115} INFO - [2022-11-21T22:07:53.050-0300] {dag.py:2429} INFO - Sync 1 DAGs
[2022-11-21T22:07:53.066-0300] {logging_mixin.py:115} INFO - [2022-11-21T22:07:53.066-0300] {dag.py:2977} INFO - Setting next_dagrun for example_branch_python_operator_decorator to 2022-11-21T00:00:00+00:00, run_after=2022-11-22T00:00:00+00:00
[2022-11-21T22:07:53.084-0300] {processor.py:161} INFO - Processing /home/juliana/Área de Trabalho/datapipeline/.env/lib/python3.8/site-packages/airflow/example_dags/example_branch_operator_decorator.py took 0.089 seconds
[2022-11-21T22:08:26.960-0300] {processor.py:153} INFO - Started process (PID=4379) to work on /home/juliana/Área de Trabalho/datapipeline/.env/lib/python3.8/site-packages/airflow/example_dags/example_branch_operator_decorator.py
[2022-11-21T22:08:26.962-0300] {processor.py:640} INFO - Processing file /home/juliana/Área de Trabalho/datapipeline/.env/lib/python3.8/site-packages/airflow/example_dags/example_branch_operator_decorator.py for tasks to queue
[2022-11-21T22:08:26.963-0300] {logging_mixin.py:115} INFO - [2022-11-21T22:08:26.963-0300] {dagbag.py:508} INFO - Filling up the DagBag from /home/juliana/Área de Trabalho/datapipeline/.env/lib/python3.8/site-packages/airflow/example_dags/example_branch_operator_decorator.py
[2022-11-21T22:08:26.987-0300] {processor.py:650} INFO - DAG(s) dict_keys(['example_branch_python_operator_decorator']) retrieved from /home/juliana/Área de Trabalho/datapipeline/.env/lib/python3.8/site-packages/airflow/example_dags/example_branch_operator_decorator.py
[2022-11-21T22:08:27.004-0300] {logging_mixin.py:115} INFO - [2022-11-21T22:08:27.004-0300] {dag.py:2429} INFO - Sync 1 DAGs
[2022-11-21T22:08:27.021-0300] {logging_mixin.py:115} INFO - [2022-11-21T22:08:27.021-0300] {dag.py:2977} INFO - Setting next_dagrun for example_branch_python_operator_decorator to 2022-11-21T00:00:00+00:00, run_after=2022-11-22T00:00:00+00:00
[2022-11-21T22:08:27.037-0300] {processor.py:161} INFO - Processing /home/juliana/Área de Trabalho/datapipeline/.env/lib/python3.8/site-packages/airflow/example_dags/example_branch_operator_decorator.py took 0.088 seconds
[2022-11-21T22:09:00.550-0300] {processor.py:153} INFO - Started process (PID=4598) to work on /home/juliana/Área de Trabalho/datapipeline/.env/lib/python3.8/site-packages/airflow/example_dags/example_branch_operator_decorator.py
[2022-11-21T22:09:00.556-0300] {processor.py:640} INFO - Processing file /home/juliana/Área de Trabalho/datapipeline/.env/lib/python3.8/site-packages/airflow/example_dags/example_branch_operator_decorator.py for tasks to queue
[2022-11-21T22:09:00.557-0300] {logging_mixin.py:115} INFO - [2022-11-21T22:09:00.557-0300] {dagbag.py:508} INFO - Filling up the DagBag from /home/juliana/Área de Trabalho/datapipeline/.env/lib/python3.8/site-packages/airflow/example_dags/example_branch_operator_decorator.py
[2022-11-21T22:09:00.585-0300] {processor.py:650} INFO - DAG(s) dict_keys(['example_branch_python_operator_decorator']) retrieved from /home/juliana/Área de Trabalho/datapipeline/.env/lib/python3.8/site-packages/airflow/example_dags/example_branch_operator_decorator.py
[2022-11-21T22:09:00.600-0300] {logging_mixin.py:115} INFO - [2022-11-21T22:09:00.600-0300] {dag.py:2429} INFO - Sync 1 DAGs
[2022-11-21T22:09:00.615-0300] {logging_mixin.py:115} INFO - [2022-11-21T22:09:00.615-0300] {dag.py:2977} INFO - Setting next_dagrun for example_branch_python_operator_decorator to 2022-11-21T00:00:00+00:00, run_after=2022-11-22T00:00:00+00:00
[2022-11-21T22:09:00.631-0300] {processor.py:161} INFO - Processing /home/juliana/Área de Trabalho/datapipeline/.env/lib/python3.8/site-packages/airflow/example_dags/example_branch_operator_decorator.py took 0.088 seconds
[2022-11-21T22:09:35.354-0300] {processor.py:153} INFO - Started process (PID=5006) to work on /home/juliana/Área de Trabalho/datapipeline/.env/lib/python3.8/site-packages/airflow/example_dags/example_branch_operator_decorator.py
[2022-11-21T22:09:35.364-0300] {processor.py:640} INFO - Processing file /home/juliana/Área de Trabalho/datapipeline/.env/lib/python3.8/site-packages/airflow/example_dags/example_branch_operator_decorator.py for tasks to queue
[2022-11-21T22:09:35.364-0300] {logging_mixin.py:115} INFO - [2022-11-21T22:09:35.364-0300] {dagbag.py:508} INFO - Filling up the DagBag from /home/juliana/Área de Trabalho/datapipeline/.env/lib/python3.8/site-packages/airflow/example_dags/example_branch_operator_decorator.py
[2022-11-21T22:09:35.417-0300] {processor.py:650} INFO - DAG(s) dict_keys(['example_branch_python_operator_decorator']) retrieved from /home/juliana/Área de Trabalho/datapipeline/.env/lib/python3.8/site-packages/airflow/example_dags/example_branch_operator_decorator.py
[2022-11-21T22:09:35.453-0300] {logging_mixin.py:115} INFO - [2022-11-21T22:09:35.453-0300] {dag.py:2429} INFO - Sync 1 DAGs
[2022-11-21T22:09:35.495-0300] {logging_mixin.py:115} INFO - [2022-11-21T22:09:35.495-0300] {dag.py:2977} INFO - Setting next_dagrun for example_branch_python_operator_decorator to 2022-11-21T00:00:00+00:00, run_after=2022-11-22T00:00:00+00:00
[2022-11-21T22:09:35.518-0300] {processor.py:161} INFO - Processing /home/juliana/Área de Trabalho/datapipeline/.env/lib/python3.8/site-packages/airflow/example_dags/example_branch_operator_decorator.py took 0.166 seconds
[2022-11-21T22:10:10.591-0300] {processor.py:153} INFO - Started process (PID=5044) to work on /home/juliana/Área de Trabalho/datapipeline/.env/lib/python3.8/site-packages/airflow/example_dags/example_branch_operator_decorator.py
[2022-11-21T22:10:10.597-0300] {processor.py:640} INFO - Processing file /home/juliana/Área de Trabalho/datapipeline/.env/lib/python3.8/site-packages/airflow/example_dags/example_branch_operator_decorator.py for tasks to queue
[2022-11-21T22:10:10.597-0300] {logging_mixin.py:115} INFO - [2022-11-21T22:10:10.597-0300] {dagbag.py:508} INFO - Filling up the DagBag from /home/juliana/Área de Trabalho/datapipeline/.env/lib/python3.8/site-packages/airflow/example_dags/example_branch_operator_decorator.py
[2022-11-21T22:10:10.639-0300] {processor.py:650} INFO - DAG(s) dict_keys(['example_branch_python_operator_decorator']) retrieved from /home/juliana/Área de Trabalho/datapipeline/.env/lib/python3.8/site-packages/airflow/example_dags/example_branch_operator_decorator.py
[2022-11-21T22:10:10.670-0300] {logging_mixin.py:115} INFO - [2022-11-21T22:10:10.669-0300] {dag.py:2429} INFO - Sync 1 DAGs
[2022-11-21T22:10:10.696-0300] {logging_mixin.py:115} INFO - [2022-11-21T22:10:10.696-0300] {dag.py:2977} INFO - Setting next_dagrun for example_branch_python_operator_decorator to 2022-11-21T00:00:00+00:00, run_after=2022-11-22T00:00:00+00:00
[2022-11-21T22:10:10.729-0300] {processor.py:161} INFO - Processing /home/juliana/Área de Trabalho/datapipeline/.env/lib/python3.8/site-packages/airflow/example_dags/example_branch_operator_decorator.py took 0.140 seconds
[2022-11-21T22:10:48.404-0300] {processor.py:153} INFO - Started process (PID=5373) to work on /home/juliana/Área de Trabalho/datapipeline/.env/lib/python3.8/site-packages/airflow/example_dags/example_branch_operator_decorator.py
[2022-11-21T22:10:48.406-0300] {processor.py:640} INFO - Processing file /home/juliana/Área de Trabalho/datapipeline/.env/lib/python3.8/site-packages/airflow/example_dags/example_branch_operator_decorator.py for tasks to queue
[2022-11-21T22:10:48.407-0300] {logging_mixin.py:115} INFO - [2022-11-21T22:10:48.407-0300] {dagbag.py:508} INFO - Filling up the DagBag from /home/juliana/Área de Trabalho/datapipeline/.env/lib/python3.8/site-packages/airflow/example_dags/example_branch_operator_decorator.py
[2022-11-21T22:10:48.427-0300] {processor.py:650} INFO - DAG(s) dict_keys(['example_branch_python_operator_decorator']) retrieved from /home/juliana/Área de Trabalho/datapipeline/.env/lib/python3.8/site-packages/airflow/example_dags/example_branch_operator_decorator.py
[2022-11-21T22:10:48.442-0300] {logging_mixin.py:115} INFO - [2022-11-21T22:10:48.442-0300] {dag.py:2429} INFO - Sync 1 DAGs
[2022-11-21T22:10:48.457-0300] {logging_mixin.py:115} INFO - [2022-11-21T22:10:48.457-0300] {dag.py:2977} INFO - Setting next_dagrun for example_branch_python_operator_decorator to 2022-11-21T00:00:00+00:00, run_after=2022-11-22T00:00:00+00:00
[2022-11-21T22:10:48.517-0300] {processor.py:161} INFO - Processing /home/juliana/Área de Trabalho/datapipeline/.env/lib/python3.8/site-packages/airflow/example_dags/example_branch_operator_decorator.py took 0.119 seconds
[2022-11-21T22:11:23.668-0300] {processor.py:153} INFO - Started process (PID=5588) to work on /home/juliana/Área de Trabalho/datapipeline/.env/lib/python3.8/site-packages/airflow/example_dags/example_branch_operator_decorator.py
[2022-11-21T22:11:23.670-0300] {processor.py:640} INFO - Processing file /home/juliana/Área de Trabalho/datapipeline/.env/lib/python3.8/site-packages/airflow/example_dags/example_branch_operator_decorator.py for tasks to queue
[2022-11-21T22:11:23.671-0300] {logging_mixin.py:115} INFO - [2022-11-21T22:11:23.671-0300] {dagbag.py:508} INFO - Filling up the DagBag from /home/juliana/Área de Trabalho/datapipeline/.env/lib/python3.8/site-packages/airflow/example_dags/example_branch_operator_decorator.py
[2022-11-21T22:11:23.701-0300] {processor.py:650} INFO - DAG(s) dict_keys(['example_branch_python_operator_decorator']) retrieved from /home/juliana/Área de Trabalho/datapipeline/.env/lib/python3.8/site-packages/airflow/example_dags/example_branch_operator_decorator.py
[2022-11-21T22:11:23.718-0300] {logging_mixin.py:115} INFO - [2022-11-21T22:11:23.718-0300] {dag.py:2429} INFO - Sync 1 DAGs
[2022-11-21T22:11:23.733-0300] {logging_mixin.py:115} INFO - [2022-11-21T22:11:23.733-0300] {dag.py:2977} INFO - Setting next_dagrun for example_branch_python_operator_decorator to 2022-11-21T00:00:00+00:00, run_after=2022-11-22T00:00:00+00:00
[2022-11-21T22:11:23.750-0300] {processor.py:161} INFO - Processing /home/juliana/Área de Trabalho/datapipeline/.env/lib/python3.8/site-packages/airflow/example_dags/example_branch_operator_decorator.py took 0.089 seconds
[2022-11-21T22:12:01.182-0300] {processor.py:153} INFO - Started process (PID=5931) to work on /home/juliana/Área de Trabalho/datapipeline/.env/lib/python3.8/site-packages/airflow/example_dags/example_branch_operator_decorator.py
[2022-11-21T22:12:01.183-0300] {processor.py:640} INFO - Processing file /home/juliana/Área de Trabalho/datapipeline/.env/lib/python3.8/site-packages/airflow/example_dags/example_branch_operator_decorator.py for tasks to queue
[2022-11-21T22:12:01.184-0300] {logging_mixin.py:115} INFO - [2022-11-21T22:12:01.184-0300] {dagbag.py:508} INFO - Filling up the DagBag from /home/juliana/Área de Trabalho/datapipeline/.env/lib/python3.8/site-packages/airflow/example_dags/example_branch_operator_decorator.py
[2022-11-21T22:12:01.214-0300] {processor.py:650} INFO - DAG(s) dict_keys(['example_branch_python_operator_decorator']) retrieved from /home/juliana/Área de Trabalho/datapipeline/.env/lib/python3.8/site-packages/airflow/example_dags/example_branch_operator_decorator.py
[2022-11-21T22:12:01.228-0300] {logging_mixin.py:115} INFO - [2022-11-21T22:12:01.228-0300] {dag.py:2429} INFO - Sync 1 DAGs
[2022-11-21T22:12:01.245-0300] {logging_mixin.py:115} INFO - [2022-11-21T22:12:01.245-0300] {dag.py:2977} INFO - Setting next_dagrun for example_branch_python_operator_decorator to 2022-11-21T00:00:00+00:00, run_after=2022-11-22T00:00:00+00:00
[2022-11-21T22:12:01.261-0300] {processor.py:161} INFO - Processing /home/juliana/Área de Trabalho/datapipeline/.env/lib/python3.8/site-packages/airflow/example_dags/example_branch_operator_decorator.py took 0.083 seconds
[2022-11-21T22:12:32.565-0300] {processor.py:153} INFO - Started process (PID=5963) to work on /home/juliana/Área de Trabalho/datapipeline/.env/lib/python3.8/site-packages/airflow/example_dags/example_branch_operator_decorator.py
[2022-11-21T22:12:32.566-0300] {processor.py:640} INFO - Processing file /home/juliana/Área de Trabalho/datapipeline/.env/lib/python3.8/site-packages/airflow/example_dags/example_branch_operator_decorator.py for tasks to queue
[2022-11-21T22:12:32.567-0300] {logging_mixin.py:115} INFO - [2022-11-21T22:12:32.567-0300] {dagbag.py:508} INFO - Filling up the DagBag from /home/juliana/Área de Trabalho/datapipeline/.env/lib/python3.8/site-packages/airflow/example_dags/example_branch_operator_decorator.py
[2022-11-21T22:12:32.594-0300] {processor.py:650} INFO - DAG(s) dict_keys(['example_branch_python_operator_decorator']) retrieved from /home/juliana/Área de Trabalho/datapipeline/.env/lib/python3.8/site-packages/airflow/example_dags/example_branch_operator_decorator.py
[2022-11-21T22:12:32.608-0300] {logging_mixin.py:115} INFO - [2022-11-21T22:12:32.608-0300] {dag.py:2429} INFO - Sync 1 DAGs
[2022-11-21T22:12:32.625-0300] {logging_mixin.py:115} INFO - [2022-11-21T22:12:32.625-0300] {dag.py:2977} INFO - Setting next_dagrun for example_branch_python_operator_decorator to 2022-11-21T00:00:00+00:00, run_after=2022-11-22T00:00:00+00:00
[2022-11-21T22:12:32.690-0300] {processor.py:161} INFO - Processing /home/juliana/Área de Trabalho/datapipeline/.env/lib/python3.8/site-packages/airflow/example_dags/example_branch_operator_decorator.py took 0.132 seconds
[2022-11-21T22:13:07.806-0300] {processor.py:153} INFO - Started process (PID=6009) to work on /home/juliana/Área de Trabalho/datapipeline/.env/lib/python3.8/site-packages/airflow/example_dags/example_branch_operator_decorator.py
[2022-11-21T22:13:07.808-0300] {processor.py:640} INFO - Processing file /home/juliana/Área de Trabalho/datapipeline/.env/lib/python3.8/site-packages/airflow/example_dags/example_branch_operator_decorator.py for tasks to queue
[2022-11-21T22:13:07.808-0300] {logging_mixin.py:115} INFO - [2022-11-21T22:13:07.808-0300] {dagbag.py:508} INFO - Filling up the DagBag from /home/juliana/Área de Trabalho/datapipeline/.env/lib/python3.8/site-packages/airflow/example_dags/example_branch_operator_decorator.py
[2022-11-21T22:13:07.828-0300] {processor.py:650} INFO - DAG(s) dict_keys(['example_branch_python_operator_decorator']) retrieved from /home/juliana/Área de Trabalho/datapipeline/.env/lib/python3.8/site-packages/airflow/example_dags/example_branch_operator_decorator.py
[2022-11-21T22:13:07.843-0300] {logging_mixin.py:115} INFO - [2022-11-21T22:13:07.843-0300] {dag.py:2429} INFO - Sync 1 DAGs
[2022-11-21T22:13:07.859-0300] {logging_mixin.py:115} INFO - [2022-11-21T22:13:07.859-0300] {dag.py:2977} INFO - Setting next_dagrun for example_branch_python_operator_decorator to 2022-11-21T00:00:00+00:00, run_after=2022-11-22T00:00:00+00:00
[2022-11-21T22:13:07.873-0300] {processor.py:161} INFO - Processing /home/juliana/Área de Trabalho/datapipeline/.env/lib/python3.8/site-packages/airflow/example_dags/example_branch_operator_decorator.py took 0.070 seconds
[2022-11-21T22:13:41.231-0300] {processor.py:153} INFO - Started process (PID=6044) to work on /home/juliana/Área de Trabalho/datapipeline/.env/lib/python3.8/site-packages/airflow/example_dags/example_branch_operator_decorator.py
[2022-11-21T22:13:41.233-0300] {processor.py:640} INFO - Processing file /home/juliana/Área de Trabalho/datapipeline/.env/lib/python3.8/site-packages/airflow/example_dags/example_branch_operator_decorator.py for tasks to queue
[2022-11-21T22:13:41.234-0300] {logging_mixin.py:115} INFO - [2022-11-21T22:13:41.233-0300] {dagbag.py:508} INFO - Filling up the DagBag from /home/juliana/Área de Trabalho/datapipeline/.env/lib/python3.8/site-packages/airflow/example_dags/example_branch_operator_decorator.py
[2022-11-21T22:13:41.263-0300] {processor.py:650} INFO - DAG(s) dict_keys(['example_branch_python_operator_decorator']) retrieved from /home/juliana/Área de Trabalho/datapipeline/.env/lib/python3.8/site-packages/airflow/example_dags/example_branch_operator_decorator.py
[2022-11-21T22:13:41.282-0300] {logging_mixin.py:115} INFO - [2022-11-21T22:13:41.282-0300] {dag.py:2429} INFO - Sync 1 DAGs
[2022-11-21T22:13:41.306-0300] {logging_mixin.py:115} INFO - [2022-11-21T22:13:41.306-0300] {dag.py:2977} INFO - Setting next_dagrun for example_branch_python_operator_decorator to 2022-11-21T00:00:00+00:00, run_after=2022-11-22T00:00:00+00:00
[2022-11-21T22:13:41.325-0300] {processor.py:161} INFO - Processing /home/juliana/Área de Trabalho/datapipeline/.env/lib/python3.8/site-packages/airflow/example_dags/example_branch_operator_decorator.py took 0.099 seconds
[2022-11-21T22:14:15.879-0300] {processor.py:153} INFO - Started process (PID=6078) to work on /home/juliana/Área de Trabalho/datapipeline/.env/lib/python3.8/site-packages/airflow/example_dags/example_branch_operator_decorator.py
[2022-11-21T22:14:15.879-0300] {processor.py:640} INFO - Processing file /home/juliana/Área de Trabalho/datapipeline/.env/lib/python3.8/site-packages/airflow/example_dags/example_branch_operator_decorator.py for tasks to queue
[2022-11-21T22:14:15.880-0300] {logging_mixin.py:115} INFO - [2022-11-21T22:14:15.880-0300] {dagbag.py:508} INFO - Filling up the DagBag from /home/juliana/Área de Trabalho/datapipeline/.env/lib/python3.8/site-packages/airflow/example_dags/example_branch_operator_decorator.py
[2022-11-21T22:14:15.901-0300] {processor.py:650} INFO - DAG(s) dict_keys(['example_branch_python_operator_decorator']) retrieved from /home/juliana/Área de Trabalho/datapipeline/.env/lib/python3.8/site-packages/airflow/example_dags/example_branch_operator_decorator.py
[2022-11-21T22:14:15.916-0300] {logging_mixin.py:115} INFO - [2022-11-21T22:14:15.916-0300] {dag.py:2429} INFO - Sync 1 DAGs
[2022-11-21T22:14:15.933-0300] {logging_mixin.py:115} INFO - [2022-11-21T22:14:15.933-0300] {dag.py:2977} INFO - Setting next_dagrun for example_branch_python_operator_decorator to 2022-11-21T00:00:00+00:00, run_after=2022-11-22T00:00:00+00:00
[2022-11-21T22:14:15.956-0300] {processor.py:161} INFO - Processing /home/juliana/Área de Trabalho/datapipeline/.env/lib/python3.8/site-packages/airflow/example_dags/example_branch_operator_decorator.py took 0.080 seconds
[2022-11-21T22:14:49.703-0300] {processor.py:153} INFO - Started process (PID=6112) to work on /home/juliana/Área de Trabalho/datapipeline/.env/lib/python3.8/site-packages/airflow/example_dags/example_branch_operator_decorator.py
[2022-11-21T22:14:49.705-0300] {processor.py:640} INFO - Processing file /home/juliana/Área de Trabalho/datapipeline/.env/lib/python3.8/site-packages/airflow/example_dags/example_branch_operator_decorator.py for tasks to queue
[2022-11-21T22:14:49.706-0300] {logging_mixin.py:115} INFO - [2022-11-21T22:14:49.706-0300] {dagbag.py:508} INFO - Filling up the DagBag from /home/juliana/Área de Trabalho/datapipeline/.env/lib/python3.8/site-packages/airflow/example_dags/example_branch_operator_decorator.py
[2022-11-21T22:14:49.733-0300] {processor.py:650} INFO - DAG(s) dict_keys(['example_branch_python_operator_decorator']) retrieved from /home/juliana/Área de Trabalho/datapipeline/.env/lib/python3.8/site-packages/airflow/example_dags/example_branch_operator_decorator.py
[2022-11-21T22:14:49.748-0300] {logging_mixin.py:115} INFO - [2022-11-21T22:14:49.748-0300] {dag.py:2429} INFO - Sync 1 DAGs
[2022-11-21T22:14:49.763-0300] {logging_mixin.py:115} INFO - [2022-11-21T22:14:49.763-0300] {dag.py:2977} INFO - Setting next_dagrun for example_branch_python_operator_decorator to 2022-11-21T00:00:00+00:00, run_after=2022-11-22T00:00:00+00:00
[2022-11-21T22:14:49.785-0300] {processor.py:161} INFO - Processing /home/juliana/Área de Trabalho/datapipeline/.env/lib/python3.8/site-packages/airflow/example_dags/example_branch_operator_decorator.py took 0.087 seconds
[2022-11-21T22:15:24.885-0300] {processor.py:153} INFO - Started process (PID=6148) to work on /home/juliana/Área de Trabalho/datapipeline/.env/lib/python3.8/site-packages/airflow/example_dags/example_branch_operator_decorator.py
[2022-11-21T22:15:24.887-0300] {processor.py:640} INFO - Processing file /home/juliana/Área de Trabalho/datapipeline/.env/lib/python3.8/site-packages/airflow/example_dags/example_branch_operator_decorator.py for tasks to queue
[2022-11-21T22:15:24.889-0300] {logging_mixin.py:115} INFO - [2022-11-21T22:15:24.888-0300] {dagbag.py:508} INFO - Filling up the DagBag from /home/juliana/Área de Trabalho/datapipeline/.env/lib/python3.8/site-packages/airflow/example_dags/example_branch_operator_decorator.py
[2022-11-21T22:15:24.915-0300] {processor.py:650} INFO - DAG(s) dict_keys(['example_branch_python_operator_decorator']) retrieved from /home/juliana/Área de Trabalho/datapipeline/.env/lib/python3.8/site-packages/airflow/example_dags/example_branch_operator_decorator.py
[2022-11-21T22:15:24.930-0300] {logging_mixin.py:115} INFO - [2022-11-21T22:15:24.930-0300] {dag.py:2429} INFO - Sync 1 DAGs
[2022-11-21T22:15:24.945-0300] {logging_mixin.py:115} INFO - [2022-11-21T22:15:24.945-0300] {dag.py:2977} INFO - Setting next_dagrun for example_branch_python_operator_decorator to 2022-11-21T00:00:00+00:00, run_after=2022-11-22T00:00:00+00:00
[2022-11-21T22:15:24.976-0300] {processor.py:161} INFO - Processing /home/juliana/Área de Trabalho/datapipeline/.env/lib/python3.8/site-packages/airflow/example_dags/example_branch_operator_decorator.py took 0.097 seconds
[2022-11-21T22:16:00.010-0300] {processor.py:153} INFO - Started process (PID=6183) to work on /home/juliana/Área de Trabalho/datapipeline/.env/lib/python3.8/site-packages/airflow/example_dags/example_branch_operator_decorator.py
[2022-11-21T22:16:00.011-0300] {processor.py:640} INFO - Processing file /home/juliana/Área de Trabalho/datapipeline/.env/lib/python3.8/site-packages/airflow/example_dags/example_branch_operator_decorator.py for tasks to queue
[2022-11-21T22:16:00.012-0300] {logging_mixin.py:115} INFO - [2022-11-21T22:16:00.012-0300] {dagbag.py:508} INFO - Filling up the DagBag from /home/juliana/Área de Trabalho/datapipeline/.env/lib/python3.8/site-packages/airflow/example_dags/example_branch_operator_decorator.py
[2022-11-21T22:16:00.039-0300] {processor.py:650} INFO - DAG(s) dict_keys(['example_branch_python_operator_decorator']) retrieved from /home/juliana/Área de Trabalho/datapipeline/.env/lib/python3.8/site-packages/airflow/example_dags/example_branch_operator_decorator.py
[2022-11-21T22:16:00.055-0300] {logging_mixin.py:115} INFO - [2022-11-21T22:16:00.055-0300] {dag.py:2429} INFO - Sync 1 DAGs
[2022-11-21T22:16:00.070-0300] {logging_mixin.py:115} INFO - [2022-11-21T22:16:00.070-0300] {dag.py:2977} INFO - Setting next_dagrun for example_branch_python_operator_decorator to 2022-11-21T00:00:00+00:00, run_after=2022-11-22T00:00:00+00:00
[2022-11-21T22:16:00.091-0300] {processor.py:161} INFO - Processing /home/juliana/Área de Trabalho/datapipeline/.env/lib/python3.8/site-packages/airflow/example_dags/example_branch_operator_decorator.py took 0.086 seconds
[2022-11-21T22:16:32.927-0300] {processor.py:153} INFO - Started process (PID=6215) to work on /home/juliana/Área de Trabalho/datapipeline/.env/lib/python3.8/site-packages/airflow/example_dags/example_branch_operator_decorator.py
[2022-11-21T22:16:32.928-0300] {processor.py:640} INFO - Processing file /home/juliana/Área de Trabalho/datapipeline/.env/lib/python3.8/site-packages/airflow/example_dags/example_branch_operator_decorator.py for tasks to queue
[2022-11-21T22:16:32.929-0300] {logging_mixin.py:115} INFO - [2022-11-21T22:16:32.928-0300] {dagbag.py:508} INFO - Filling up the DagBag from /home/juliana/Área de Trabalho/datapipeline/.env/lib/python3.8/site-packages/airflow/example_dags/example_branch_operator_decorator.py
[2022-11-21T22:16:32.959-0300] {processor.py:650} INFO - DAG(s) dict_keys(['example_branch_python_operator_decorator']) retrieved from /home/juliana/Área de Trabalho/datapipeline/.env/lib/python3.8/site-packages/airflow/example_dags/example_branch_operator_decorator.py
[2022-11-21T22:16:32.976-0300] {logging_mixin.py:115} INFO - [2022-11-21T22:16:32.976-0300] {dag.py:2429} INFO - Sync 1 DAGs
[2022-11-21T22:16:32.994-0300] {logging_mixin.py:115} INFO - [2022-11-21T22:16:32.994-0300] {dag.py:2977} INFO - Setting next_dagrun for example_branch_python_operator_decorator to 2022-11-21T00:00:00+00:00, run_after=2022-11-22T00:00:00+00:00
[2022-11-21T22:16:33.012-0300] {processor.py:161} INFO - Processing /home/juliana/Área de Trabalho/datapipeline/.env/lib/python3.8/site-packages/airflow/example_dags/example_branch_operator_decorator.py took 0.090 seconds
