[2022-11-21T21:13:08.772-0300] {processor.py:153} INFO - Started process (PID=3084) to work on /home/juliana/Área de Trabalho/datapipeline/.env/lib/python3.8/site-packages/airflow/example_dags/example_trigger_controller_dag.py
[2022-11-21T21:13:08.772-0300] {processor.py:640} INFO - Processing file /home/juliana/Área de Trabalho/datapipeline/.env/lib/python3.8/site-packages/airflow/example_dags/example_trigger_controller_dag.py for tasks to queue
[2022-11-21T21:13:08.773-0300] {logging_mixin.py:115} INFO - [2022-11-21T21:13:08.773-0300] {dagbag.py:508} INFO - Filling up the DagBag from /home/juliana/Área de Trabalho/datapipeline/.env/lib/python3.8/site-packages/airflow/example_dags/example_trigger_controller_dag.py
[2022-11-21T21:13:08.778-0300] {processor.py:650} INFO - DAG(s) dict_keys(['example_trigger_controller_dag']) retrieved from /home/juliana/Área de Trabalho/datapipeline/.env/lib/python3.8/site-packages/airflow/example_dags/example_trigger_controller_dag.py
[2022-11-21T21:13:08.821-0300] {logging_mixin.py:115} INFO - [2022-11-21T21:13:08.820-0300] {dag.py:2429} INFO - Sync 1 DAGs
[2022-11-21T21:13:08.885-0300] {logging_mixin.py:115} INFO - [2022-11-21T21:13:08.885-0300] {dag.py:2977} INFO - Setting next_dagrun for example_trigger_controller_dag to 2021-01-01T00:00:00+00:00, run_after=2021-01-01T00:00:00+00:00
[2022-11-21T21:13:08.930-0300] {processor.py:161} INFO - Processing /home/juliana/Área de Trabalho/datapipeline/.env/lib/python3.8/site-packages/airflow/example_dags/example_trigger_controller_dag.py took 0.162 seconds
[2022-11-21T21:13:46.786-0300] {processor.py:153} INFO - Started process (PID=3140) to work on /home/juliana/Área de Trabalho/datapipeline/.env/lib/python3.8/site-packages/airflow/example_dags/example_trigger_controller_dag.py
[2022-11-21T21:13:46.788-0300] {processor.py:640} INFO - Processing file /home/juliana/Área de Trabalho/datapipeline/.env/lib/python3.8/site-packages/airflow/example_dags/example_trigger_controller_dag.py for tasks to queue
[2022-11-21T21:13:46.789-0300] {logging_mixin.py:115} INFO - [2022-11-21T21:13:46.789-0300] {dagbag.py:508} INFO - Filling up the DagBag from /home/juliana/Área de Trabalho/datapipeline/.env/lib/python3.8/site-packages/airflow/example_dags/example_trigger_controller_dag.py
[2022-11-21T21:13:46.792-0300] {processor.py:650} INFO - DAG(s) dict_keys(['example_trigger_controller_dag']) retrieved from /home/juliana/Área de Trabalho/datapipeline/.env/lib/python3.8/site-packages/airflow/example_dags/example_trigger_controller_dag.py
[2022-11-21T21:13:46.810-0300] {logging_mixin.py:115} INFO - [2022-11-21T21:13:46.810-0300] {dag.py:2429} INFO - Sync 1 DAGs
[2022-11-21T21:13:46.829-0300] {logging_mixin.py:115} INFO - [2022-11-21T21:13:46.828-0300] {dag.py:2977} INFO - Setting next_dagrun for example_trigger_controller_dag to 2021-01-01T00:00:00+00:00, run_after=2021-01-01T00:00:00+00:00
[2022-11-21T21:13:46.847-0300] {processor.py:161} INFO - Processing /home/juliana/Área de Trabalho/datapipeline/.env/lib/python3.8/site-packages/airflow/example_dags/example_trigger_controller_dag.py took 0.065 seconds
[2022-11-21T21:14:30.965-0300] {processor.py:153} INFO - Started process (PID=3439) to work on /home/juliana/Área de Trabalho/datapipeline/.env/lib/python3.8/site-packages/airflow/example_dags/example_trigger_controller_dag.py
[2022-11-21T21:14:30.974-0300] {processor.py:640} INFO - Processing file /home/juliana/Área de Trabalho/datapipeline/.env/lib/python3.8/site-packages/airflow/example_dags/example_trigger_controller_dag.py for tasks to queue
[2022-11-21T21:14:30.975-0300] {logging_mixin.py:115} INFO - [2022-11-21T21:14:30.975-0300] {dagbag.py:508} INFO - Filling up the DagBag from /home/juliana/Área de Trabalho/datapipeline/.env/lib/python3.8/site-packages/airflow/example_dags/example_trigger_controller_dag.py
[2022-11-21T21:14:31.027-0300] {processor.py:650} INFO - DAG(s) dict_keys(['example_trigger_controller_dag']) retrieved from /home/juliana/Área de Trabalho/datapipeline/.env/lib/python3.8/site-packages/airflow/example_dags/example_trigger_controller_dag.py
[2022-11-21T21:14:31.123-0300] {logging_mixin.py:115} INFO - [2022-11-21T21:14:31.122-0300] {dag.py:2429} INFO - Sync 1 DAGs
[2022-11-21T21:14:31.176-0300] {logging_mixin.py:115} INFO - [2022-11-21T21:14:31.176-0300] {dag.py:2977} INFO - Setting next_dagrun for example_trigger_controller_dag to 2021-01-01T00:00:00+00:00, run_after=2021-01-01T00:00:00+00:00
[2022-11-21T21:14:31.606-0300] {processor.py:161} INFO - Processing /home/juliana/Área de Trabalho/datapipeline/.env/lib/python3.8/site-packages/airflow/example_dags/example_trigger_controller_dag.py took 0.678 seconds
[2022-11-21T21:15:34.386-0300] {processor.py:153} INFO - Started process (PID=3497) to work on /home/juliana/Área de Trabalho/datapipeline/.env/lib/python3.8/site-packages/airflow/example_dags/example_trigger_controller_dag.py
[2022-11-21T21:15:34.391-0300] {processor.py:640} INFO - Processing file /home/juliana/Área de Trabalho/datapipeline/.env/lib/python3.8/site-packages/airflow/example_dags/example_trigger_controller_dag.py for tasks to queue
[2022-11-21T21:15:34.392-0300] {logging_mixin.py:115} INFO - [2022-11-21T21:15:34.392-0300] {dagbag.py:508} INFO - Filling up the DagBag from /home/juliana/Área de Trabalho/datapipeline/.env/lib/python3.8/site-packages/airflow/example_dags/example_trigger_controller_dag.py
[2022-11-21T21:15:34.424-0300] {processor.py:650} INFO - DAG(s) dict_keys(['example_trigger_controller_dag']) retrieved from /home/juliana/Área de Trabalho/datapipeline/.env/lib/python3.8/site-packages/airflow/example_dags/example_trigger_controller_dag.py
[2022-11-21T21:15:34.531-0300] {logging_mixin.py:115} INFO - [2022-11-21T21:15:34.526-0300] {dag.py:2429} INFO - Sync 1 DAGs
[2022-11-21T21:15:34.623-0300] {logging_mixin.py:115} INFO - [2022-11-21T21:15:34.618-0300] {dag.py:2977} INFO - Setting next_dagrun for example_trigger_controller_dag to 2021-01-01T00:00:00+00:00, run_after=2021-01-01T00:00:00+00:00
[2022-11-21T21:15:34.699-0300] {processor.py:161} INFO - Processing /home/juliana/Área de Trabalho/datapipeline/.env/lib/python3.8/site-packages/airflow/example_dags/example_trigger_controller_dag.py took 0.323 seconds
[2022-11-21T21:18:49.652-0300] {processor.py:153} INFO - Started process (PID=3621) to work on /home/juliana/Área de Trabalho/datapipeline/.env/lib/python3.8/site-packages/airflow/example_dags/example_trigger_controller_dag.py
[2022-11-21T21:18:49.659-0300] {processor.py:640} INFO - Processing file /home/juliana/Área de Trabalho/datapipeline/.env/lib/python3.8/site-packages/airflow/example_dags/example_trigger_controller_dag.py for tasks to queue
[2022-11-21T21:18:49.668-0300] {logging_mixin.py:115} INFO - [2022-11-21T21:18:49.667-0300] {dagbag.py:508} INFO - Filling up the DagBag from /home/juliana/Área de Trabalho/datapipeline/.env/lib/python3.8/site-packages/airflow/example_dags/example_trigger_controller_dag.py
[2022-11-21T21:18:49.727-0300] {processor.py:650} INFO - DAG(s) dict_keys(['example_trigger_controller_dag']) retrieved from /home/juliana/Área de Trabalho/datapipeline/.env/lib/python3.8/site-packages/airflow/example_dags/example_trigger_controller_dag.py
[2022-11-21T21:18:49.947-0300] {logging_mixin.py:115} INFO - [2022-11-21T21:18:49.935-0300] {dag.py:2429} INFO - Sync 1 DAGs
[2022-11-21T21:18:50.301-0300] {logging_mixin.py:115} INFO - [2022-11-21T21:18:50.286-0300] {dag.py:2977} INFO - Setting next_dagrun for example_trigger_controller_dag to 2021-01-01T00:00:00+00:00, run_after=2021-01-01T00:00:00+00:00
[2022-11-21T21:18:50.497-0300] {processor.py:161} INFO - Processing /home/juliana/Área de Trabalho/datapipeline/.env/lib/python3.8/site-packages/airflow/example_dags/example_trigger_controller_dag.py took 0.870 seconds
[2022-11-21T21:38:28.091-0300] {processor.py:153} INFO - Started process (PID=7762) to work on /home/juliana/Área de Trabalho/datapipeline/.env/lib/python3.8/site-packages/airflow/example_dags/example_trigger_controller_dag.py
[2022-11-21T21:38:28.093-0300] {processor.py:640} INFO - Processing file /home/juliana/Área de Trabalho/datapipeline/.env/lib/python3.8/site-packages/airflow/example_dags/example_trigger_controller_dag.py for tasks to queue
[2022-11-21T21:38:28.094-0300] {logging_mixin.py:115} INFO - [2022-11-21T21:38:28.094-0300] {dagbag.py:508} INFO - Filling up the DagBag from /home/juliana/Área de Trabalho/datapipeline/.env/lib/python3.8/site-packages/airflow/example_dags/example_trigger_controller_dag.py
[2022-11-21T21:38:28.098-0300] {processor.py:650} INFO - DAG(s) dict_keys(['example_trigger_controller_dag']) retrieved from /home/juliana/Área de Trabalho/datapipeline/.env/lib/python3.8/site-packages/airflow/example_dags/example_trigger_controller_dag.py
[2022-11-21T21:38:28.115-0300] {logging_mixin.py:115} INFO - [2022-11-21T21:38:28.115-0300] {dag.py:2429} INFO - Sync 1 DAGs
[2022-11-21T21:38:28.135-0300] {logging_mixin.py:115} INFO - [2022-11-21T21:38:28.135-0300] {dag.py:2977} INFO - Setting next_dagrun for example_trigger_controller_dag to 2021-01-01T00:00:00+00:00, run_after=2021-01-01T00:00:00+00:00
[2022-11-21T21:38:28.149-0300] {processor.py:161} INFO - Processing /home/juliana/Área de Trabalho/datapipeline/.env/lib/python3.8/site-packages/airflow/example_dags/example_trigger_controller_dag.py took 0.064 seconds
[2022-11-21T21:39:07.191-0300] {processor.py:153} INFO - Started process (PID=8079) to work on /home/juliana/Área de Trabalho/datapipeline/.env/lib/python3.8/site-packages/airflow/example_dags/example_trigger_controller_dag.py
[2022-11-21T21:39:07.193-0300] {processor.py:640} INFO - Processing file /home/juliana/Área de Trabalho/datapipeline/.env/lib/python3.8/site-packages/airflow/example_dags/example_trigger_controller_dag.py for tasks to queue
[2022-11-21T21:39:07.193-0300] {logging_mixin.py:115} INFO - [2022-11-21T21:39:07.193-0300] {dagbag.py:508} INFO - Filling up the DagBag from /home/juliana/Área de Trabalho/datapipeline/.env/lib/python3.8/site-packages/airflow/example_dags/example_trigger_controller_dag.py
[2022-11-21T21:39:07.204-0300] {processor.py:650} INFO - DAG(s) dict_keys(['example_trigger_controller_dag']) retrieved from /home/juliana/Área de Trabalho/datapipeline/.env/lib/python3.8/site-packages/airflow/example_dags/example_trigger_controller_dag.py
[2022-11-21T21:39:07.225-0300] {logging_mixin.py:115} INFO - [2022-11-21T21:39:07.225-0300] {dag.py:2429} INFO - Sync 1 DAGs
[2022-11-21T21:39:07.270-0300] {logging_mixin.py:115} INFO - [2022-11-21T21:39:07.269-0300] {dag.py:2977} INFO - Setting next_dagrun for example_trigger_controller_dag to 2021-01-01T00:00:00+00:00, run_after=2021-01-01T00:00:00+00:00
[2022-11-21T21:39:07.308-0300] {processor.py:161} INFO - Processing /home/juliana/Área de Trabalho/datapipeline/.env/lib/python3.8/site-packages/airflow/example_dags/example_trigger_controller_dag.py took 0.122 seconds
[2022-11-21T21:39:43.851-0300] {processor.py:153} INFO - Started process (PID=8137) to work on /home/juliana/Área de Trabalho/datapipeline/.env/lib/python3.8/site-packages/airflow/example_dags/example_trigger_controller_dag.py
[2022-11-21T21:39:43.858-0300] {processor.py:640} INFO - Processing file /home/juliana/Área de Trabalho/datapipeline/.env/lib/python3.8/site-packages/airflow/example_dags/example_trigger_controller_dag.py for tasks to queue
[2022-11-21T21:39:43.859-0300] {logging_mixin.py:115} INFO - [2022-11-21T21:39:43.859-0300] {dagbag.py:508} INFO - Filling up the DagBag from /home/juliana/Área de Trabalho/datapipeline/.env/lib/python3.8/site-packages/airflow/example_dags/example_trigger_controller_dag.py
[2022-11-21T21:39:43.863-0300] {processor.py:650} INFO - DAG(s) dict_keys(['example_trigger_controller_dag']) retrieved from /home/juliana/Área de Trabalho/datapipeline/.env/lib/python3.8/site-packages/airflow/example_dags/example_trigger_controller_dag.py
[2022-11-21T21:39:43.884-0300] {logging_mixin.py:115} INFO - [2022-11-21T21:39:43.884-0300] {dag.py:2429} INFO - Sync 1 DAGs
[2022-11-21T21:39:43.906-0300] {logging_mixin.py:115} INFO - [2022-11-21T21:39:43.906-0300] {dag.py:2977} INFO - Setting next_dagrun for example_trigger_controller_dag to 2021-01-01T00:00:00+00:00, run_after=2021-01-01T00:00:00+00:00
[2022-11-21T21:39:43.926-0300] {processor.py:161} INFO - Processing /home/juliana/Área de Trabalho/datapipeline/.env/lib/python3.8/site-packages/airflow/example_dags/example_trigger_controller_dag.py took 0.078 seconds
[2022-11-21T21:40:19.826-0300] {processor.py:153} INFO - Started process (PID=8445) to work on /home/juliana/Área de Trabalho/datapipeline/.env/lib/python3.8/site-packages/airflow/example_dags/example_trigger_controller_dag.py
[2022-11-21T21:40:19.829-0300] {processor.py:640} INFO - Processing file /home/juliana/Área de Trabalho/datapipeline/.env/lib/python3.8/site-packages/airflow/example_dags/example_trigger_controller_dag.py for tasks to queue
[2022-11-21T21:40:19.830-0300] {logging_mixin.py:115} INFO - [2022-11-21T21:40:19.829-0300] {dagbag.py:508} INFO - Filling up the DagBag from /home/juliana/Área de Trabalho/datapipeline/.env/lib/python3.8/site-packages/airflow/example_dags/example_trigger_controller_dag.py
[2022-11-21T21:40:19.834-0300] {processor.py:650} INFO - DAG(s) dict_keys(['example_trigger_controller_dag']) retrieved from /home/juliana/Área de Trabalho/datapipeline/.env/lib/python3.8/site-packages/airflow/example_dags/example_trigger_controller_dag.py
[2022-11-21T21:40:19.875-0300] {logging_mixin.py:115} INFO - [2022-11-21T21:40:19.875-0300] {dag.py:2429} INFO - Sync 1 DAGs
[2022-11-21T21:40:19.938-0300] {logging_mixin.py:115} INFO - [2022-11-21T21:40:19.938-0300] {dag.py:2977} INFO - Setting next_dagrun for example_trigger_controller_dag to 2021-01-01T00:00:00+00:00, run_after=2021-01-01T00:00:00+00:00
[2022-11-21T21:40:19.968-0300] {processor.py:161} INFO - Processing /home/juliana/Área de Trabalho/datapipeline/.env/lib/python3.8/site-packages/airflow/example_dags/example_trigger_controller_dag.py took 0.145 seconds
[2022-11-21T21:40:57.932-0300] {processor.py:153} INFO - Started process (PID=8677) to work on /home/juliana/Área de Trabalho/datapipeline/.env/lib/python3.8/site-packages/airflow/example_dags/example_trigger_controller_dag.py
[2022-11-21T21:40:57.938-0300] {processor.py:640} INFO - Processing file /home/juliana/Área de Trabalho/datapipeline/.env/lib/python3.8/site-packages/airflow/example_dags/example_trigger_controller_dag.py for tasks to queue
[2022-11-21T21:40:57.939-0300] {logging_mixin.py:115} INFO - [2022-11-21T21:40:57.938-0300] {dagbag.py:508} INFO - Filling up the DagBag from /home/juliana/Área de Trabalho/datapipeline/.env/lib/python3.8/site-packages/airflow/example_dags/example_trigger_controller_dag.py
[2022-11-21T21:40:57.944-0300] {processor.py:650} INFO - DAG(s) dict_keys(['example_trigger_controller_dag']) retrieved from /home/juliana/Área de Trabalho/datapipeline/.env/lib/python3.8/site-packages/airflow/example_dags/example_trigger_controller_dag.py
[2022-11-21T21:40:57.964-0300] {logging_mixin.py:115} INFO - [2022-11-21T21:40:57.964-0300] {dag.py:2429} INFO - Sync 1 DAGs
[2022-11-21T21:40:57.983-0300] {logging_mixin.py:115} INFO - [2022-11-21T21:40:57.983-0300] {dag.py:2977} INFO - Setting next_dagrun for example_trigger_controller_dag to 2021-01-01T00:00:00+00:00, run_after=2021-01-01T00:00:00+00:00
[2022-11-21T21:40:58.000-0300] {processor.py:161} INFO - Processing /home/juliana/Área de Trabalho/datapipeline/.env/lib/python3.8/site-packages/airflow/example_dags/example_trigger_controller_dag.py took 0.073 seconds
[2022-11-21T21:41:32.608-0300] {processor.py:153} INFO - Started process (PID=8866) to work on /home/juliana/Área de Trabalho/datapipeline/.env/lib/python3.8/site-packages/airflow/example_dags/example_trigger_controller_dag.py
[2022-11-21T21:41:32.616-0300] {processor.py:640} INFO - Processing file /home/juliana/Área de Trabalho/datapipeline/.env/lib/python3.8/site-packages/airflow/example_dags/example_trigger_controller_dag.py for tasks to queue
[2022-11-21T21:41:32.616-0300] {logging_mixin.py:115} INFO - [2022-11-21T21:41:32.616-0300] {dagbag.py:508} INFO - Filling up the DagBag from /home/juliana/Área de Trabalho/datapipeline/.env/lib/python3.8/site-packages/airflow/example_dags/example_trigger_controller_dag.py
[2022-11-21T21:41:32.620-0300] {processor.py:650} INFO - DAG(s) dict_keys(['example_trigger_controller_dag']) retrieved from /home/juliana/Área de Trabalho/datapipeline/.env/lib/python3.8/site-packages/airflow/example_dags/example_trigger_controller_dag.py
[2022-11-21T21:41:32.640-0300] {logging_mixin.py:115} INFO - [2022-11-21T21:41:32.640-0300] {dag.py:2429} INFO - Sync 1 DAGs
[2022-11-21T21:41:32.662-0300] {logging_mixin.py:115} INFO - [2022-11-21T21:41:32.662-0300] {dag.py:2977} INFO - Setting next_dagrun for example_trigger_controller_dag to 2021-01-01T00:00:00+00:00, run_after=2021-01-01T00:00:00+00:00
[2022-11-21T21:41:32.678-0300] {processor.py:161} INFO - Processing /home/juliana/Área de Trabalho/datapipeline/.env/lib/python3.8/site-packages/airflow/example_dags/example_trigger_controller_dag.py took 0.074 seconds
[2022-11-21T21:42:08.713-0300] {processor.py:153} INFO - Started process (PID=9081) to work on /home/juliana/Área de Trabalho/datapipeline/.env/lib/python3.8/site-packages/airflow/example_dags/example_trigger_controller_dag.py
[2022-11-21T21:42:08.714-0300] {processor.py:640} INFO - Processing file /home/juliana/Área de Trabalho/datapipeline/.env/lib/python3.8/site-packages/airflow/example_dags/example_trigger_controller_dag.py for tasks to queue
[2022-11-21T21:42:08.715-0300] {logging_mixin.py:115} INFO - [2022-11-21T21:42:08.715-0300] {dagbag.py:508} INFO - Filling up the DagBag from /home/juliana/Área de Trabalho/datapipeline/.env/lib/python3.8/site-packages/airflow/example_dags/example_trigger_controller_dag.py
[2022-11-21T21:42:08.720-0300] {processor.py:650} INFO - DAG(s) dict_keys(['example_trigger_controller_dag']) retrieved from /home/juliana/Área de Trabalho/datapipeline/.env/lib/python3.8/site-packages/airflow/example_dags/example_trigger_controller_dag.py
[2022-11-21T21:42:08.742-0300] {logging_mixin.py:115} INFO - [2022-11-21T21:42:08.742-0300] {dag.py:2429} INFO - Sync 1 DAGs
[2022-11-21T21:42:08.770-0300] {logging_mixin.py:115} INFO - [2022-11-21T21:42:08.770-0300] {dag.py:2977} INFO - Setting next_dagrun for example_trigger_controller_dag to 2021-01-01T00:00:00+00:00, run_after=2021-01-01T00:00:00+00:00
[2022-11-21T21:42:08.790-0300] {processor.py:161} INFO - Processing /home/juliana/Área de Trabalho/datapipeline/.env/lib/python3.8/site-packages/airflow/example_dags/example_trigger_controller_dag.py took 0.082 seconds
[2022-11-21T21:42:45.006-0300] {processor.py:153} INFO - Started process (PID=9295) to work on /home/juliana/Área de Trabalho/datapipeline/.env/lib/python3.8/site-packages/airflow/example_dags/example_trigger_controller_dag.py
[2022-11-21T21:42:45.011-0300] {processor.py:640} INFO - Processing file /home/juliana/Área de Trabalho/datapipeline/.env/lib/python3.8/site-packages/airflow/example_dags/example_trigger_controller_dag.py for tasks to queue
[2022-11-21T21:42:45.012-0300] {logging_mixin.py:115} INFO - [2022-11-21T21:42:45.012-0300] {dagbag.py:508} INFO - Filling up the DagBag from /home/juliana/Área de Trabalho/datapipeline/.env/lib/python3.8/site-packages/airflow/example_dags/example_trigger_controller_dag.py
[2022-11-21T21:42:45.015-0300] {processor.py:650} INFO - DAG(s) dict_keys(['example_trigger_controller_dag']) retrieved from /home/juliana/Área de Trabalho/datapipeline/.env/lib/python3.8/site-packages/airflow/example_dags/example_trigger_controller_dag.py
[2022-11-21T21:42:45.045-0300] {logging_mixin.py:115} INFO - [2022-11-21T21:42:45.045-0300] {dag.py:2429} INFO - Sync 1 DAGs
[2022-11-21T21:42:45.075-0300] {logging_mixin.py:115} INFO - [2022-11-21T21:42:45.075-0300] {dag.py:2977} INFO - Setting next_dagrun for example_trigger_controller_dag to 2021-01-01T00:00:00+00:00, run_after=2021-01-01T00:00:00+00:00
[2022-11-21T21:42:45.104-0300] {processor.py:161} INFO - Processing /home/juliana/Área de Trabalho/datapipeline/.env/lib/python3.8/site-packages/airflow/example_dags/example_trigger_controller_dag.py took 0.105 seconds
[2022-11-21T21:43:18.589-0300] {processor.py:153} INFO - Started process (PID=9502) to work on /home/juliana/Área de Trabalho/datapipeline/.env/lib/python3.8/site-packages/airflow/example_dags/example_trigger_controller_dag.py
[2022-11-21T21:43:18.591-0300] {processor.py:640} INFO - Processing file /home/juliana/Área de Trabalho/datapipeline/.env/lib/python3.8/site-packages/airflow/example_dags/example_trigger_controller_dag.py for tasks to queue
[2022-11-21T21:43:18.592-0300] {logging_mixin.py:115} INFO - [2022-11-21T21:43:18.592-0300] {dagbag.py:508} INFO - Filling up the DagBag from /home/juliana/Área de Trabalho/datapipeline/.env/lib/python3.8/site-packages/airflow/example_dags/example_trigger_controller_dag.py
[2022-11-21T21:43:18.597-0300] {processor.py:650} INFO - DAG(s) dict_keys(['example_trigger_controller_dag']) retrieved from /home/juliana/Área de Trabalho/datapipeline/.env/lib/python3.8/site-packages/airflow/example_dags/example_trigger_controller_dag.py
[2022-11-21T21:43:18.616-0300] {logging_mixin.py:115} INFO - [2022-11-21T21:43:18.616-0300] {dag.py:2429} INFO - Sync 1 DAGs
[2022-11-21T21:43:18.640-0300] {logging_mixin.py:115} INFO - [2022-11-21T21:43:18.640-0300] {dag.py:2977} INFO - Setting next_dagrun for example_trigger_controller_dag to 2021-01-01T00:00:00+00:00, run_after=2021-01-01T00:00:00+00:00
[2022-11-21T21:43:18.660-0300] {processor.py:161} INFO - Processing /home/juliana/Área de Trabalho/datapipeline/.env/lib/python3.8/site-packages/airflow/example_dags/example_trigger_controller_dag.py took 0.076 seconds
[2022-11-21T21:43:52.522-0300] {processor.py:153} INFO - Started process (PID=9668) to work on /home/juliana/Área de Trabalho/datapipeline/.env/lib/python3.8/site-packages/airflow/example_dags/example_trigger_controller_dag.py
[2022-11-21T21:43:52.524-0300] {processor.py:640} INFO - Processing file /home/juliana/Área de Trabalho/datapipeline/.env/lib/python3.8/site-packages/airflow/example_dags/example_trigger_controller_dag.py for tasks to queue
[2022-11-21T21:43:52.524-0300] {logging_mixin.py:115} INFO - [2022-11-21T21:43:52.524-0300] {dagbag.py:508} INFO - Filling up the DagBag from /home/juliana/Área de Trabalho/datapipeline/.env/lib/python3.8/site-packages/airflow/example_dags/example_trigger_controller_dag.py
[2022-11-21T21:43:52.529-0300] {processor.py:650} INFO - DAG(s) dict_keys(['example_trigger_controller_dag']) retrieved from /home/juliana/Área de Trabalho/datapipeline/.env/lib/python3.8/site-packages/airflow/example_dags/example_trigger_controller_dag.py
[2022-11-21T21:43:52.546-0300] {logging_mixin.py:115} INFO - [2022-11-21T21:43:52.546-0300] {dag.py:2429} INFO - Sync 1 DAGs
[2022-11-21T21:43:52.565-0300] {logging_mixin.py:115} INFO - [2022-11-21T21:43:52.565-0300] {dag.py:2977} INFO - Setting next_dagrun for example_trigger_controller_dag to 2021-01-01T00:00:00+00:00, run_after=2021-01-01T00:00:00+00:00
[2022-11-21T21:43:52.588-0300] {processor.py:161} INFO - Processing /home/juliana/Área de Trabalho/datapipeline/.env/lib/python3.8/site-packages/airflow/example_dags/example_trigger_controller_dag.py took 0.071 seconds
[2022-11-21T21:44:26.584-0300] {processor.py:153} INFO - Started process (PID=9712) to work on /home/juliana/Área de Trabalho/datapipeline/.env/lib/python3.8/site-packages/airflow/example_dags/example_trigger_controller_dag.py
[2022-11-21T21:44:26.590-0300] {processor.py:640} INFO - Processing file /home/juliana/Área de Trabalho/datapipeline/.env/lib/python3.8/site-packages/airflow/example_dags/example_trigger_controller_dag.py for tasks to queue
[2022-11-21T21:44:26.591-0300] {logging_mixin.py:115} INFO - [2022-11-21T21:44:26.591-0300] {dagbag.py:508} INFO - Filling up the DagBag from /home/juliana/Área de Trabalho/datapipeline/.env/lib/python3.8/site-packages/airflow/example_dags/example_trigger_controller_dag.py
[2022-11-21T21:44:26.597-0300] {processor.py:650} INFO - DAG(s) dict_keys(['example_trigger_controller_dag']) retrieved from /home/juliana/Área de Trabalho/datapipeline/.env/lib/python3.8/site-packages/airflow/example_dags/example_trigger_controller_dag.py
[2022-11-21T21:44:26.614-0300] {logging_mixin.py:115} INFO - [2022-11-21T21:44:26.614-0300] {dag.py:2429} INFO - Sync 1 DAGs
[2022-11-21T21:44:26.632-0300] {logging_mixin.py:115} INFO - [2022-11-21T21:44:26.632-0300] {dag.py:2977} INFO - Setting next_dagrun for example_trigger_controller_dag to 2021-01-01T00:00:00+00:00, run_after=2021-01-01T00:00:00+00:00
[2022-11-21T21:44:26.693-0300] {processor.py:161} INFO - Processing /home/juliana/Área de Trabalho/datapipeline/.env/lib/python3.8/site-packages/airflow/example_dags/example_trigger_controller_dag.py took 0.112 seconds
[2022-11-21T21:44:59.078-0300] {processor.py:153} INFO - Started process (PID=9745) to work on /home/juliana/Área de Trabalho/datapipeline/.env/lib/python3.8/site-packages/airflow/example_dags/example_trigger_controller_dag.py
[2022-11-21T21:44:59.079-0300] {processor.py:640} INFO - Processing file /home/juliana/Área de Trabalho/datapipeline/.env/lib/python3.8/site-packages/airflow/example_dags/example_trigger_controller_dag.py for tasks to queue
[2022-11-21T21:44:59.080-0300] {logging_mixin.py:115} INFO - [2022-11-21T21:44:59.080-0300] {dagbag.py:508} INFO - Filling up the DagBag from /home/juliana/Área de Trabalho/datapipeline/.env/lib/python3.8/site-packages/airflow/example_dags/example_trigger_controller_dag.py
[2022-11-21T21:44:59.085-0300] {processor.py:650} INFO - DAG(s) dict_keys(['example_trigger_controller_dag']) retrieved from /home/juliana/Área de Trabalho/datapipeline/.env/lib/python3.8/site-packages/airflow/example_dags/example_trigger_controller_dag.py
[2022-11-21T21:44:59.105-0300] {logging_mixin.py:115} INFO - [2022-11-21T21:44:59.105-0300] {dag.py:2429} INFO - Sync 1 DAGs
[2022-11-21T21:44:59.124-0300] {logging_mixin.py:115} INFO - [2022-11-21T21:44:59.124-0300] {dag.py:2977} INFO - Setting next_dagrun for example_trigger_controller_dag to 2021-01-01T00:00:00+00:00, run_after=2021-01-01T00:00:00+00:00
[2022-11-21T21:44:59.145-0300] {processor.py:161} INFO - Processing /home/juliana/Área de Trabalho/datapipeline/.env/lib/python3.8/site-packages/airflow/example_dags/example_trigger_controller_dag.py took 0.073 seconds
[2022-11-21T21:45:36.780-0300] {processor.py:153} INFO - Started process (PID=9792) to work on /home/juliana/Área de Trabalho/datapipeline/.env/lib/python3.8/site-packages/airflow/example_dags/example_trigger_controller_dag.py
[2022-11-21T21:45:36.782-0300] {processor.py:640} INFO - Processing file /home/juliana/Área de Trabalho/datapipeline/.env/lib/python3.8/site-packages/airflow/example_dags/example_trigger_controller_dag.py for tasks to queue
[2022-11-21T21:45:36.783-0300] {logging_mixin.py:115} INFO - [2022-11-21T21:45:36.783-0300] {dagbag.py:508} INFO - Filling up the DagBag from /home/juliana/Área de Trabalho/datapipeline/.env/lib/python3.8/site-packages/airflow/example_dags/example_trigger_controller_dag.py
[2022-11-21T21:45:36.787-0300] {processor.py:650} INFO - DAG(s) dict_keys(['example_trigger_controller_dag']) retrieved from /home/juliana/Área de Trabalho/datapipeline/.env/lib/python3.8/site-packages/airflow/example_dags/example_trigger_controller_dag.py
[2022-11-21T21:45:36.807-0300] {logging_mixin.py:115} INFO - [2022-11-21T21:45:36.807-0300] {dag.py:2429} INFO - Sync 1 DAGs
[2022-11-21T21:45:36.828-0300] {logging_mixin.py:115} INFO - [2022-11-21T21:45:36.828-0300] {dag.py:2977} INFO - Setting next_dagrun for example_trigger_controller_dag to 2021-01-01T00:00:00+00:00, run_after=2021-01-01T00:00:00+00:00
[2022-11-21T21:45:36.849-0300] {processor.py:161} INFO - Processing /home/juliana/Área de Trabalho/datapipeline/.env/lib/python3.8/site-packages/airflow/example_dags/example_trigger_controller_dag.py took 0.074 seconds
[2022-11-21T21:46:10.718-0300] {processor.py:153} INFO - Started process (PID=9962) to work on /home/juliana/Área de Trabalho/datapipeline/.env/lib/python3.8/site-packages/airflow/example_dags/example_trigger_controller_dag.py
[2022-11-21T21:46:10.719-0300] {processor.py:640} INFO - Processing file /home/juliana/Área de Trabalho/datapipeline/.env/lib/python3.8/site-packages/airflow/example_dags/example_trigger_controller_dag.py for tasks to queue
[2022-11-21T21:46:10.720-0300] {logging_mixin.py:115} INFO - [2022-11-21T21:46:10.720-0300] {dagbag.py:508} INFO - Filling up the DagBag from /home/juliana/Área de Trabalho/datapipeline/.env/lib/python3.8/site-packages/airflow/example_dags/example_trigger_controller_dag.py
[2022-11-21T21:46:10.724-0300] {processor.py:650} INFO - DAG(s) dict_keys(['example_trigger_controller_dag']) retrieved from /home/juliana/Área de Trabalho/datapipeline/.env/lib/python3.8/site-packages/airflow/example_dags/example_trigger_controller_dag.py
[2022-11-21T21:46:10.743-0300] {logging_mixin.py:115} INFO - [2022-11-21T21:46:10.743-0300] {dag.py:2429} INFO - Sync 1 DAGs
[2022-11-21T21:46:10.766-0300] {logging_mixin.py:115} INFO - [2022-11-21T21:46:10.765-0300] {dag.py:2977} INFO - Setting next_dagrun for example_trigger_controller_dag to 2021-01-01T00:00:00+00:00, run_after=2021-01-01T00:00:00+00:00
[2022-11-21T21:46:10.782-0300] {processor.py:161} INFO - Processing /home/juliana/Área de Trabalho/datapipeline/.env/lib/python3.8/site-packages/airflow/example_dags/example_trigger_controller_dag.py took 0.068 seconds
[2022-11-21T21:46:44.323-0300] {processor.py:153} INFO - Started process (PID=10154) to work on /home/juliana/Área de Trabalho/datapipeline/.env/lib/python3.8/site-packages/airflow/example_dags/example_trigger_controller_dag.py
[2022-11-21T21:46:44.324-0300] {processor.py:640} INFO - Processing file /home/juliana/Área de Trabalho/datapipeline/.env/lib/python3.8/site-packages/airflow/example_dags/example_trigger_controller_dag.py for tasks to queue
[2022-11-21T21:46:44.325-0300] {logging_mixin.py:115} INFO - [2022-11-21T21:46:44.325-0300] {dagbag.py:508} INFO - Filling up the DagBag from /home/juliana/Área de Trabalho/datapipeline/.env/lib/python3.8/site-packages/airflow/example_dags/example_trigger_controller_dag.py
[2022-11-21T21:46:44.329-0300] {processor.py:650} INFO - DAG(s) dict_keys(['example_trigger_controller_dag']) retrieved from /home/juliana/Área de Trabalho/datapipeline/.env/lib/python3.8/site-packages/airflow/example_dags/example_trigger_controller_dag.py
[2022-11-21T21:46:44.348-0300] {logging_mixin.py:115} INFO - [2022-11-21T21:46:44.348-0300] {dag.py:2429} INFO - Sync 1 DAGs
[2022-11-21T21:46:44.378-0300] {logging_mixin.py:115} INFO - [2022-11-21T21:46:44.378-0300] {dag.py:2977} INFO - Setting next_dagrun for example_trigger_controller_dag to 2021-01-01T00:00:00+00:00, run_after=2021-01-01T00:00:00+00:00
[2022-11-21T21:46:44.437-0300] {processor.py:161} INFO - Processing /home/juliana/Área de Trabalho/datapipeline/.env/lib/python3.8/site-packages/airflow/example_dags/example_trigger_controller_dag.py took 0.119 seconds
[2022-11-21T21:47:21.752-0300] {processor.py:153} INFO - Started process (PID=10368) to work on /home/juliana/Área de Trabalho/datapipeline/.env/lib/python3.8/site-packages/airflow/example_dags/example_trigger_controller_dag.py
[2022-11-21T21:47:21.778-0300] {processor.py:640} INFO - Processing file /home/juliana/Área de Trabalho/datapipeline/.env/lib/python3.8/site-packages/airflow/example_dags/example_trigger_controller_dag.py for tasks to queue
[2022-11-21T21:47:21.779-0300] {logging_mixin.py:115} INFO - [2022-11-21T21:47:21.779-0300] {dagbag.py:508} INFO - Filling up the DagBag from /home/juliana/Área de Trabalho/datapipeline/.env/lib/python3.8/site-packages/airflow/example_dags/example_trigger_controller_dag.py
[2022-11-21T21:47:21.783-0300] {processor.py:650} INFO - DAG(s) dict_keys(['example_trigger_controller_dag']) retrieved from /home/juliana/Área de Trabalho/datapipeline/.env/lib/python3.8/site-packages/airflow/example_dags/example_trigger_controller_dag.py
[2022-11-21T21:47:21.819-0300] {logging_mixin.py:115} INFO - [2022-11-21T21:47:21.819-0300] {dag.py:2429} INFO - Sync 1 DAGs
[2022-11-21T21:47:21.857-0300] {logging_mixin.py:115} INFO - [2022-11-21T21:47:21.857-0300] {dag.py:2977} INFO - Setting next_dagrun for example_trigger_controller_dag to 2021-01-01T00:00:00+00:00, run_after=2021-01-01T00:00:00+00:00
[2022-11-21T21:47:21.887-0300] {processor.py:161} INFO - Processing /home/juliana/Área de Trabalho/datapipeline/.env/lib/python3.8/site-packages/airflow/example_dags/example_trigger_controller_dag.py took 0.142 seconds
[2022-11-21T21:47:56.472-0300] {processor.py:153} INFO - Started process (PID=10577) to work on /home/juliana/Área de Trabalho/datapipeline/.env/lib/python3.8/site-packages/airflow/example_dags/example_trigger_controller_dag.py
[2022-11-21T21:47:56.477-0300] {processor.py:640} INFO - Processing file /home/juliana/Área de Trabalho/datapipeline/.env/lib/python3.8/site-packages/airflow/example_dags/example_trigger_controller_dag.py for tasks to queue
[2022-11-21T21:47:56.478-0300] {logging_mixin.py:115} INFO - [2022-11-21T21:47:56.478-0300] {dagbag.py:508} INFO - Filling up the DagBag from /home/juliana/Área de Trabalho/datapipeline/.env/lib/python3.8/site-packages/airflow/example_dags/example_trigger_controller_dag.py
[2022-11-21T21:47:56.486-0300] {processor.py:650} INFO - DAG(s) dict_keys(['example_trigger_controller_dag']) retrieved from /home/juliana/Área de Trabalho/datapipeline/.env/lib/python3.8/site-packages/airflow/example_dags/example_trigger_controller_dag.py
[2022-11-21T21:47:56.534-0300] {logging_mixin.py:115} INFO - [2022-11-21T21:47:56.531-0300] {dag.py:2429} INFO - Sync 1 DAGs
[2022-11-21T21:47:56.583-0300] {logging_mixin.py:115} INFO - [2022-11-21T21:47:56.583-0300] {dag.py:2977} INFO - Setting next_dagrun for example_trigger_controller_dag to 2021-01-01T00:00:00+00:00, run_after=2021-01-01T00:00:00+00:00
[2022-11-21T21:47:56.605-0300] {processor.py:161} INFO - Processing /home/juliana/Área de Trabalho/datapipeline/.env/lib/python3.8/site-packages/airflow/example_dags/example_trigger_controller_dag.py took 0.144 seconds
[2022-11-21T21:48:32.812-0300] {processor.py:153} INFO - Started process (PID=10668) to work on /home/juliana/Área de Trabalho/datapipeline/.env/lib/python3.8/site-packages/airflow/example_dags/example_trigger_controller_dag.py
[2022-11-21T21:48:32.815-0300] {processor.py:640} INFO - Processing file /home/juliana/Área de Trabalho/datapipeline/.env/lib/python3.8/site-packages/airflow/example_dags/example_trigger_controller_dag.py for tasks to queue
[2022-11-21T21:48:32.816-0300] {logging_mixin.py:115} INFO - [2022-11-21T21:48:32.816-0300] {dagbag.py:508} INFO - Filling up the DagBag from /home/juliana/Área de Trabalho/datapipeline/.env/lib/python3.8/site-packages/airflow/example_dags/example_trigger_controller_dag.py
[2022-11-21T21:48:32.821-0300] {processor.py:650} INFO - DAG(s) dict_keys(['example_trigger_controller_dag']) retrieved from /home/juliana/Área de Trabalho/datapipeline/.env/lib/python3.8/site-packages/airflow/example_dags/example_trigger_controller_dag.py
[2022-11-21T21:48:32.843-0300] {logging_mixin.py:115} INFO - [2022-11-21T21:48:32.843-0300] {dag.py:2429} INFO - Sync 1 DAGs
[2022-11-21T21:48:32.868-0300] {logging_mixin.py:115} INFO - [2022-11-21T21:48:32.867-0300] {dag.py:2977} INFO - Setting next_dagrun for example_trigger_controller_dag to 2021-01-01T00:00:00+00:00, run_after=2021-01-01T00:00:00+00:00
[2022-11-21T21:48:32.888-0300] {processor.py:161} INFO - Processing /home/juliana/Área de Trabalho/datapipeline/.env/lib/python3.8/site-packages/airflow/example_dags/example_trigger_controller_dag.py took 0.082 seconds
[2022-11-21T21:49:06.670-0300] {processor.py:153} INFO - Started process (PID=10756) to work on /home/juliana/Área de Trabalho/datapipeline/.env/lib/python3.8/site-packages/airflow/example_dags/example_trigger_controller_dag.py
[2022-11-21T21:49:06.671-0300] {processor.py:640} INFO - Processing file /home/juliana/Área de Trabalho/datapipeline/.env/lib/python3.8/site-packages/airflow/example_dags/example_trigger_controller_dag.py for tasks to queue
[2022-11-21T21:49:06.672-0300] {logging_mixin.py:115} INFO - [2022-11-21T21:49:06.672-0300] {dagbag.py:508} INFO - Filling up the DagBag from /home/juliana/Área de Trabalho/datapipeline/.env/lib/python3.8/site-packages/airflow/example_dags/example_trigger_controller_dag.py
[2022-11-21T21:49:06.676-0300] {processor.py:650} INFO - DAG(s) dict_keys(['example_trigger_controller_dag']) retrieved from /home/juliana/Área de Trabalho/datapipeline/.env/lib/python3.8/site-packages/airflow/example_dags/example_trigger_controller_dag.py
[2022-11-21T21:49:06.691-0300] {logging_mixin.py:115} INFO - [2022-11-21T21:49:06.691-0300] {dag.py:2429} INFO - Sync 1 DAGs
[2022-11-21T21:49:06.707-0300] {logging_mixin.py:115} INFO - [2022-11-21T21:49:06.707-0300] {dag.py:2977} INFO - Setting next_dagrun for example_trigger_controller_dag to 2021-01-01T00:00:00+00:00, run_after=2021-01-01T00:00:00+00:00
[2022-11-21T21:49:06.723-0300] {processor.py:161} INFO - Processing /home/juliana/Área de Trabalho/datapipeline/.env/lib/python3.8/site-packages/airflow/example_dags/example_trigger_controller_dag.py took 0.058 seconds
[2022-11-21T21:49:43.623-0300] {processor.py:153} INFO - Started process (PID=10792) to work on /home/juliana/Área de Trabalho/datapipeline/.env/lib/python3.8/site-packages/airflow/example_dags/example_trigger_controller_dag.py
[2022-11-21T21:49:43.624-0300] {processor.py:640} INFO - Processing file /home/juliana/Área de Trabalho/datapipeline/.env/lib/python3.8/site-packages/airflow/example_dags/example_trigger_controller_dag.py for tasks to queue
[2022-11-21T21:49:43.624-0300] {logging_mixin.py:115} INFO - [2022-11-21T21:49:43.624-0300] {dagbag.py:508} INFO - Filling up the DagBag from /home/juliana/Área de Trabalho/datapipeline/.env/lib/python3.8/site-packages/airflow/example_dags/example_trigger_controller_dag.py
[2022-11-21T21:49:43.628-0300] {processor.py:650} INFO - DAG(s) dict_keys(['example_trigger_controller_dag']) retrieved from /home/juliana/Área de Trabalho/datapipeline/.env/lib/python3.8/site-packages/airflow/example_dags/example_trigger_controller_dag.py
[2022-11-21T21:49:43.646-0300] {logging_mixin.py:115} INFO - [2022-11-21T21:49:43.646-0300] {dag.py:2429} INFO - Sync 1 DAGs
[2022-11-21T21:49:43.667-0300] {logging_mixin.py:115} INFO - [2022-11-21T21:49:43.667-0300] {dag.py:2977} INFO - Setting next_dagrun for example_trigger_controller_dag to 2021-01-01T00:00:00+00:00, run_after=2021-01-01T00:00:00+00:00
[2022-11-21T21:49:43.733-0300] {processor.py:161} INFO - Processing /home/juliana/Área de Trabalho/datapipeline/.env/lib/python3.8/site-packages/airflow/example_dags/example_trigger_controller_dag.py took 0.116 seconds
[2022-11-21T21:50:18.661-0300] {processor.py:153} INFO - Started process (PID=10831) to work on /home/juliana/Área de Trabalho/datapipeline/.env/lib/python3.8/site-packages/airflow/example_dags/example_trigger_controller_dag.py
[2022-11-21T21:50:18.664-0300] {processor.py:640} INFO - Processing file /home/juliana/Área de Trabalho/datapipeline/.env/lib/python3.8/site-packages/airflow/example_dags/example_trigger_controller_dag.py for tasks to queue
[2022-11-21T21:50:18.666-0300] {logging_mixin.py:115} INFO - [2022-11-21T21:50:18.666-0300] {dagbag.py:508} INFO - Filling up the DagBag from /home/juliana/Área de Trabalho/datapipeline/.env/lib/python3.8/site-packages/airflow/example_dags/example_trigger_controller_dag.py
[2022-11-21T21:50:18.678-0300] {processor.py:650} INFO - DAG(s) dict_keys(['example_trigger_controller_dag']) retrieved from /home/juliana/Área de Trabalho/datapipeline/.env/lib/python3.8/site-packages/airflow/example_dags/example_trigger_controller_dag.py
[2022-11-21T21:50:18.725-0300] {logging_mixin.py:115} INFO - [2022-11-21T21:50:18.725-0300] {dag.py:2429} INFO - Sync 1 DAGs
[2022-11-21T21:50:18.763-0300] {logging_mixin.py:115} INFO - [2022-11-21T21:50:18.763-0300] {dag.py:2977} INFO - Setting next_dagrun for example_trigger_controller_dag to 2021-01-01T00:00:00+00:00, run_after=2021-01-01T00:00:00+00:00
[2022-11-21T21:50:18.786-0300] {processor.py:161} INFO - Processing /home/juliana/Área de Trabalho/datapipeline/.env/lib/python3.8/site-packages/airflow/example_dags/example_trigger_controller_dag.py took 0.136 seconds
[2022-11-21T21:50:52.479-0300] {processor.py:153} INFO - Started process (PID=10887) to work on /home/juliana/Área de Trabalho/datapipeline/.env/lib/python3.8/site-packages/airflow/example_dags/example_trigger_controller_dag.py
[2022-11-21T21:50:52.481-0300] {processor.py:640} INFO - Processing file /home/juliana/Área de Trabalho/datapipeline/.env/lib/python3.8/site-packages/airflow/example_dags/example_trigger_controller_dag.py for tasks to queue
[2022-11-21T21:50:52.482-0300] {logging_mixin.py:115} INFO - [2022-11-21T21:50:52.482-0300] {dagbag.py:508} INFO - Filling up the DagBag from /home/juliana/Área de Trabalho/datapipeline/.env/lib/python3.8/site-packages/airflow/example_dags/example_trigger_controller_dag.py
[2022-11-21T21:50:52.488-0300] {processor.py:650} INFO - DAG(s) dict_keys(['example_trigger_controller_dag']) retrieved from /home/juliana/Área de Trabalho/datapipeline/.env/lib/python3.8/site-packages/airflow/example_dags/example_trigger_controller_dag.py
[2022-11-21T21:50:52.504-0300] {logging_mixin.py:115} INFO - [2022-11-21T21:50:52.504-0300] {dag.py:2429} INFO - Sync 1 DAGs
[2022-11-21T21:50:52.524-0300] {logging_mixin.py:115} INFO - [2022-11-21T21:50:52.524-0300] {dag.py:2977} INFO - Setting next_dagrun for example_trigger_controller_dag to 2021-01-01T00:00:00+00:00, run_after=2021-01-01T00:00:00+00:00
[2022-11-21T21:50:52.540-0300] {processor.py:161} INFO - Processing /home/juliana/Área de Trabalho/datapipeline/.env/lib/python3.8/site-packages/airflow/example_dags/example_trigger_controller_dag.py took 0.066 seconds
[2022-11-21T21:51:29.835-0300] {processor.py:153} INFO - Started process (PID=10925) to work on /home/juliana/Área de Trabalho/datapipeline/.env/lib/python3.8/site-packages/airflow/example_dags/example_trigger_controller_dag.py
[2022-11-21T21:51:29.837-0300] {processor.py:640} INFO - Processing file /home/juliana/Área de Trabalho/datapipeline/.env/lib/python3.8/site-packages/airflow/example_dags/example_trigger_controller_dag.py for tasks to queue
[2022-11-21T21:51:29.838-0300] {logging_mixin.py:115} INFO - [2022-11-21T21:51:29.838-0300] {dagbag.py:508} INFO - Filling up the DagBag from /home/juliana/Área de Trabalho/datapipeline/.env/lib/python3.8/site-packages/airflow/example_dags/example_trigger_controller_dag.py
[2022-11-21T21:51:29.844-0300] {processor.py:650} INFO - DAG(s) dict_keys(['example_trigger_controller_dag']) retrieved from /home/juliana/Área de Trabalho/datapipeline/.env/lib/python3.8/site-packages/airflow/example_dags/example_trigger_controller_dag.py
[2022-11-21T21:51:29.874-0300] {logging_mixin.py:115} INFO - [2022-11-21T21:51:29.874-0300] {dag.py:2429} INFO - Sync 1 DAGs
[2022-11-21T21:51:29.916-0300] {logging_mixin.py:115} INFO - [2022-11-21T21:51:29.916-0300] {dag.py:2977} INFO - Setting next_dagrun for example_trigger_controller_dag to 2021-01-01T00:00:00+00:00, run_after=2021-01-01T00:00:00+00:00
[2022-11-21T21:51:29.947-0300] {processor.py:161} INFO - Processing /home/juliana/Área de Trabalho/datapipeline/.env/lib/python3.8/site-packages/airflow/example_dags/example_trigger_controller_dag.py took 0.117 seconds
[2022-11-21T21:52:04.412-0300] {processor.py:153} INFO - Started process (PID=10958) to work on /home/juliana/Área de Trabalho/datapipeline/.env/lib/python3.8/site-packages/airflow/example_dags/example_trigger_controller_dag.py
[2022-11-21T21:52:04.413-0300] {processor.py:640} INFO - Processing file /home/juliana/Área de Trabalho/datapipeline/.env/lib/python3.8/site-packages/airflow/example_dags/example_trigger_controller_dag.py for tasks to queue
[2022-11-21T21:52:04.414-0300] {logging_mixin.py:115} INFO - [2022-11-21T21:52:04.414-0300] {dagbag.py:508} INFO - Filling up the DagBag from /home/juliana/Área de Trabalho/datapipeline/.env/lib/python3.8/site-packages/airflow/example_dags/example_trigger_controller_dag.py
[2022-11-21T21:52:04.417-0300] {processor.py:650} INFO - DAG(s) dict_keys(['example_trigger_controller_dag']) retrieved from /home/juliana/Área de Trabalho/datapipeline/.env/lib/python3.8/site-packages/airflow/example_dags/example_trigger_controller_dag.py
[2022-11-21T21:52:04.434-0300] {logging_mixin.py:115} INFO - [2022-11-21T21:52:04.433-0300] {dag.py:2429} INFO - Sync 1 DAGs
[2022-11-21T21:52:04.457-0300] {logging_mixin.py:115} INFO - [2022-11-21T21:52:04.457-0300] {dag.py:2977} INFO - Setting next_dagrun for example_trigger_controller_dag to 2021-01-01T00:00:00+00:00, run_after=2021-01-01T00:00:00+00:00
[2022-11-21T21:52:04.476-0300] {processor.py:161} INFO - Processing /home/juliana/Área de Trabalho/datapipeline/.env/lib/python3.8/site-packages/airflow/example_dags/example_trigger_controller_dag.py took 0.068 seconds
[2022-11-21T21:52:38.727-0300] {processor.py:153} INFO - Started process (PID=10993) to work on /home/juliana/Área de Trabalho/datapipeline/.env/lib/python3.8/site-packages/airflow/example_dags/example_trigger_controller_dag.py
[2022-11-21T21:52:38.728-0300] {processor.py:640} INFO - Processing file /home/juliana/Área de Trabalho/datapipeline/.env/lib/python3.8/site-packages/airflow/example_dags/example_trigger_controller_dag.py for tasks to queue
[2022-11-21T21:52:38.729-0300] {logging_mixin.py:115} INFO - [2022-11-21T21:52:38.729-0300] {dagbag.py:508} INFO - Filling up the DagBag from /home/juliana/Área de Trabalho/datapipeline/.env/lib/python3.8/site-packages/airflow/example_dags/example_trigger_controller_dag.py
[2022-11-21T21:52:38.734-0300] {processor.py:650} INFO - DAG(s) dict_keys(['example_trigger_controller_dag']) retrieved from /home/juliana/Área de Trabalho/datapipeline/.env/lib/python3.8/site-packages/airflow/example_dags/example_trigger_controller_dag.py
[2022-11-21T21:52:38.755-0300] {logging_mixin.py:115} INFO - [2022-11-21T21:52:38.755-0300] {dag.py:2429} INFO - Sync 1 DAGs
[2022-11-21T21:52:38.772-0300] {logging_mixin.py:115} INFO - [2022-11-21T21:52:38.772-0300] {dag.py:2977} INFO - Setting next_dagrun for example_trigger_controller_dag to 2021-01-01T00:00:00+00:00, run_after=2021-01-01T00:00:00+00:00
[2022-11-21T21:52:38.795-0300] {processor.py:161} INFO - Processing /home/juliana/Área de Trabalho/datapipeline/.env/lib/python3.8/site-packages/airflow/example_dags/example_trigger_controller_dag.py took 0.073 seconds
[2022-11-21T21:53:13.111-0300] {processor.py:153} INFO - Started process (PID=11043) to work on /home/juliana/Área de Trabalho/datapipeline/.env/lib/python3.8/site-packages/airflow/example_dags/example_trigger_controller_dag.py
[2022-11-21T21:53:13.112-0300] {processor.py:640} INFO - Processing file /home/juliana/Área de Trabalho/datapipeline/.env/lib/python3.8/site-packages/airflow/example_dags/example_trigger_controller_dag.py for tasks to queue
[2022-11-21T21:53:13.113-0300] {logging_mixin.py:115} INFO - [2022-11-21T21:53:13.113-0300] {dagbag.py:508} INFO - Filling up the DagBag from /home/juliana/Área de Trabalho/datapipeline/.env/lib/python3.8/site-packages/airflow/example_dags/example_trigger_controller_dag.py
[2022-11-21T21:53:13.116-0300] {processor.py:650} INFO - DAG(s) dict_keys(['example_trigger_controller_dag']) retrieved from /home/juliana/Área de Trabalho/datapipeline/.env/lib/python3.8/site-packages/airflow/example_dags/example_trigger_controller_dag.py
[2022-11-21T21:53:13.133-0300] {logging_mixin.py:115} INFO - [2022-11-21T21:53:13.133-0300] {dag.py:2429} INFO - Sync 1 DAGs
[2022-11-21T21:53:13.147-0300] {logging_mixin.py:115} INFO - [2022-11-21T21:53:13.146-0300] {dag.py:2977} INFO - Setting next_dagrun for example_trigger_controller_dag to 2021-01-01T00:00:00+00:00, run_after=2021-01-01T00:00:00+00:00
[2022-11-21T21:53:13.163-0300] {processor.py:161} INFO - Processing /home/juliana/Área de Trabalho/datapipeline/.env/lib/python3.8/site-packages/airflow/example_dags/example_trigger_controller_dag.py took 0.055 seconds
[2022-11-21T21:53:48.772-0300] {processor.py:153} INFO - Started process (PID=11257) to work on /home/juliana/Área de Trabalho/datapipeline/.env/lib/python3.8/site-packages/airflow/example_dags/example_trigger_controller_dag.py
[2022-11-21T21:53:48.775-0300] {processor.py:640} INFO - Processing file /home/juliana/Área de Trabalho/datapipeline/.env/lib/python3.8/site-packages/airflow/example_dags/example_trigger_controller_dag.py for tasks to queue
[2022-11-21T21:53:48.776-0300] {logging_mixin.py:115} INFO - [2022-11-21T21:53:48.776-0300] {dagbag.py:508} INFO - Filling up the DagBag from /home/juliana/Área de Trabalho/datapipeline/.env/lib/python3.8/site-packages/airflow/example_dags/example_trigger_controller_dag.py
[2022-11-21T21:53:48.786-0300] {processor.py:650} INFO - DAG(s) dict_keys(['example_trigger_controller_dag']) retrieved from /home/juliana/Área de Trabalho/datapipeline/.env/lib/python3.8/site-packages/airflow/example_dags/example_trigger_controller_dag.py
[2022-11-21T21:53:48.825-0300] {logging_mixin.py:115} INFO - [2022-11-21T21:53:48.825-0300] {dag.py:2429} INFO - Sync 1 DAGs
[2022-11-21T21:53:48.866-0300] {logging_mixin.py:115} INFO - [2022-11-21T21:53:48.866-0300] {dag.py:2977} INFO - Setting next_dagrun for example_trigger_controller_dag to 2021-01-01T00:00:00+00:00, run_after=2021-01-01T00:00:00+00:00
[2022-11-21T21:53:48.887-0300] {processor.py:161} INFO - Processing /home/juliana/Área de Trabalho/datapipeline/.env/lib/python3.8/site-packages/airflow/example_dags/example_trigger_controller_dag.py took 0.120 seconds
[2022-11-21T21:54:23.781-0300] {processor.py:153} INFO - Started process (PID=11473) to work on /home/juliana/Área de Trabalho/datapipeline/.env/lib/python3.8/site-packages/airflow/example_dags/example_trigger_controller_dag.py
[2022-11-21T21:54:23.783-0300] {processor.py:640} INFO - Processing file /home/juliana/Área de Trabalho/datapipeline/.env/lib/python3.8/site-packages/airflow/example_dags/example_trigger_controller_dag.py for tasks to queue
[2022-11-21T21:54:23.784-0300] {logging_mixin.py:115} INFO - [2022-11-21T21:54:23.783-0300] {dagbag.py:508} INFO - Filling up the DagBag from /home/juliana/Área de Trabalho/datapipeline/.env/lib/python3.8/site-packages/airflow/example_dags/example_trigger_controller_dag.py
[2022-11-21T21:54:23.787-0300] {processor.py:650} INFO - DAG(s) dict_keys(['example_trigger_controller_dag']) retrieved from /home/juliana/Área de Trabalho/datapipeline/.env/lib/python3.8/site-packages/airflow/example_dags/example_trigger_controller_dag.py
[2022-11-21T21:54:23.808-0300] {logging_mixin.py:115} INFO - [2022-11-21T21:54:23.808-0300] {dag.py:2429} INFO - Sync 1 DAGs
[2022-11-21T21:54:23.826-0300] {logging_mixin.py:115} INFO - [2022-11-21T21:54:23.826-0300] {dag.py:2977} INFO - Setting next_dagrun for example_trigger_controller_dag to 2021-01-01T00:00:00+00:00, run_after=2021-01-01T00:00:00+00:00
[2022-11-21T21:54:23.847-0300] {processor.py:161} INFO - Processing /home/juliana/Área de Trabalho/datapipeline/.env/lib/python3.8/site-packages/airflow/example_dags/example_trigger_controller_dag.py took 0.070 seconds
[2022-11-21T21:54:58.757-0300] {processor.py:153} INFO - Started process (PID=11565) to work on /home/juliana/Área de Trabalho/datapipeline/.env/lib/python3.8/site-packages/airflow/example_dags/example_trigger_controller_dag.py
[2022-11-21T21:54:58.757-0300] {processor.py:640} INFO - Processing file /home/juliana/Área de Trabalho/datapipeline/.env/lib/python3.8/site-packages/airflow/example_dags/example_trigger_controller_dag.py for tasks to queue
[2022-11-21T21:54:58.758-0300] {logging_mixin.py:115} INFO - [2022-11-21T21:54:58.758-0300] {dagbag.py:508} INFO - Filling up the DagBag from /home/juliana/Área de Trabalho/datapipeline/.env/lib/python3.8/site-packages/airflow/example_dags/example_trigger_controller_dag.py
[2022-11-21T21:54:58.764-0300] {processor.py:650} INFO - DAG(s) dict_keys(['example_trigger_controller_dag']) retrieved from /home/juliana/Área de Trabalho/datapipeline/.env/lib/python3.8/site-packages/airflow/example_dags/example_trigger_controller_dag.py
[2022-11-21T21:54:58.796-0300] {logging_mixin.py:115} INFO - [2022-11-21T21:54:58.796-0300] {dag.py:2429} INFO - Sync 1 DAGs
[2022-11-21T21:54:58.822-0300] {logging_mixin.py:115} INFO - [2022-11-21T21:54:58.822-0300] {dag.py:2977} INFO - Setting next_dagrun for example_trigger_controller_dag to 2021-01-01T00:00:00+00:00, run_after=2021-01-01T00:00:00+00:00
[2022-11-21T21:54:58.852-0300] {processor.py:161} INFO - Processing /home/juliana/Área de Trabalho/datapipeline/.env/lib/python3.8/site-packages/airflow/example_dags/example_trigger_controller_dag.py took 0.102 seconds
[2022-11-21T21:55:35.347-0300] {processor.py:153} INFO - Started process (PID=11673) to work on /home/juliana/Área de Trabalho/datapipeline/.env/lib/python3.8/site-packages/airflow/example_dags/example_trigger_controller_dag.py
[2022-11-21T21:55:35.348-0300] {processor.py:640} INFO - Processing file /home/juliana/Área de Trabalho/datapipeline/.env/lib/python3.8/site-packages/airflow/example_dags/example_trigger_controller_dag.py for tasks to queue
[2022-11-21T21:55:35.349-0300] {logging_mixin.py:115} INFO - [2022-11-21T21:55:35.349-0300] {dagbag.py:508} INFO - Filling up the DagBag from /home/juliana/Área de Trabalho/datapipeline/.env/lib/python3.8/site-packages/airflow/example_dags/example_trigger_controller_dag.py
[2022-11-21T21:55:35.352-0300] {processor.py:650} INFO - DAG(s) dict_keys(['example_trigger_controller_dag']) retrieved from /home/juliana/Área de Trabalho/datapipeline/.env/lib/python3.8/site-packages/airflow/example_dags/example_trigger_controller_dag.py
[2022-11-21T21:55:35.368-0300] {logging_mixin.py:115} INFO - [2022-11-21T21:55:35.368-0300] {dag.py:2429} INFO - Sync 1 DAGs
[2022-11-21T21:55:35.384-0300] {logging_mixin.py:115} INFO - [2022-11-21T21:55:35.383-0300] {dag.py:2977} INFO - Setting next_dagrun for example_trigger_controller_dag to 2021-01-01T00:00:00+00:00, run_after=2021-01-01T00:00:00+00:00
[2022-11-21T21:55:35.404-0300] {processor.py:161} INFO - Processing /home/juliana/Área de Trabalho/datapipeline/.env/lib/python3.8/site-packages/airflow/example_dags/example_trigger_controller_dag.py took 0.061 seconds
[2022-11-21T21:56:20.689-0300] {processor.py:153} INFO - Started process (PID=12025) to work on /home/juliana/Área de Trabalho/datapipeline/.env/lib/python3.8/site-packages/airflow/example_dags/example_trigger_controller_dag.py
[2022-11-21T21:56:20.699-0300] {processor.py:640} INFO - Processing file /home/juliana/Área de Trabalho/datapipeline/.env/lib/python3.8/site-packages/airflow/example_dags/example_trigger_controller_dag.py for tasks to queue
[2022-11-21T21:56:20.700-0300] {logging_mixin.py:115} INFO - [2022-11-21T21:56:20.700-0300] {dagbag.py:508} INFO - Filling up the DagBag from /home/juliana/Área de Trabalho/datapipeline/.env/lib/python3.8/site-packages/airflow/example_dags/example_trigger_controller_dag.py
[2022-11-21T21:56:20.725-0300] {processor.py:650} INFO - DAG(s) dict_keys(['example_trigger_controller_dag']) retrieved from /home/juliana/Área de Trabalho/datapipeline/.env/lib/python3.8/site-packages/airflow/example_dags/example_trigger_controller_dag.py
[2022-11-21T21:56:20.804-0300] {logging_mixin.py:115} INFO - [2022-11-21T21:56:20.804-0300] {dag.py:2429} INFO - Sync 1 DAGs
[2022-11-21T21:56:20.918-0300] {logging_mixin.py:115} INFO - [2022-11-21T21:56:20.917-0300] {dag.py:2977} INFO - Setting next_dagrun for example_trigger_controller_dag to 2021-01-01T00:00:00+00:00, run_after=2021-01-01T00:00:00+00:00
[2022-11-21T21:56:21.013-0300] {processor.py:161} INFO - Processing /home/juliana/Área de Trabalho/datapipeline/.env/lib/python3.8/site-packages/airflow/example_dags/example_trigger_controller_dag.py took 0.345 seconds
[2022-11-21T22:03:45.715-0300] {processor.py:153} INFO - Started process (PID=2443) to work on /home/juliana/Área de Trabalho/datapipeline/.env/lib/python3.8/site-packages/airflow/example_dags/example_trigger_controller_dag.py
[2022-11-21T22:03:45.722-0300] {processor.py:640} INFO - Processing file /home/juliana/Área de Trabalho/datapipeline/.env/lib/python3.8/site-packages/airflow/example_dags/example_trigger_controller_dag.py for tasks to queue
[2022-11-21T22:03:45.723-0300] {logging_mixin.py:115} INFO - [2022-11-21T22:03:45.723-0300] {dagbag.py:508} INFO - Filling up the DagBag from /home/juliana/Área de Trabalho/datapipeline/.env/lib/python3.8/site-packages/airflow/example_dags/example_trigger_controller_dag.py
[2022-11-21T22:03:45.730-0300] {processor.py:650} INFO - DAG(s) dict_keys(['example_trigger_controller_dag']) retrieved from /home/juliana/Área de Trabalho/datapipeline/.env/lib/python3.8/site-packages/airflow/example_dags/example_trigger_controller_dag.py
[2022-11-21T22:03:45.750-0300] {logging_mixin.py:115} INFO - [2022-11-21T22:03:45.749-0300] {dag.py:2429} INFO - Sync 1 DAGs
[2022-11-21T22:03:45.767-0300] {logging_mixin.py:115} INFO - [2022-11-21T22:03:45.767-0300] {dag.py:2977} INFO - Setting next_dagrun for example_trigger_controller_dag to 2021-01-01T00:00:00+00:00, run_after=2021-01-01T00:00:00+00:00
[2022-11-21T22:03:45.783-0300] {processor.py:161} INFO - Processing /home/juliana/Área de Trabalho/datapipeline/.env/lib/python3.8/site-packages/airflow/example_dags/example_trigger_controller_dag.py took 0.074 seconds
[2022-11-21T22:04:24.574-0300] {processor.py:153} INFO - Started process (PID=2516) to work on /home/juliana/Área de Trabalho/datapipeline/.env/lib/python3.8/site-packages/airflow/example_dags/example_trigger_controller_dag.py
[2022-11-21T22:04:24.581-0300] {processor.py:640} INFO - Processing file /home/juliana/Área de Trabalho/datapipeline/.env/lib/python3.8/site-packages/airflow/example_dags/example_trigger_controller_dag.py for tasks to queue
[2022-11-21T22:04:24.584-0300] {logging_mixin.py:115} INFO - [2022-11-21T22:04:24.581-0300] {dagbag.py:508} INFO - Filling up the DagBag from /home/juliana/Área de Trabalho/datapipeline/.env/lib/python3.8/site-packages/airflow/example_dags/example_trigger_controller_dag.py
[2022-11-21T22:04:24.593-0300] {processor.py:650} INFO - DAG(s) dict_keys(['example_trigger_controller_dag']) retrieved from /home/juliana/Área de Trabalho/datapipeline/.env/lib/python3.8/site-packages/airflow/example_dags/example_trigger_controller_dag.py
[2022-11-21T22:04:24.621-0300] {logging_mixin.py:115} INFO - [2022-11-21T22:04:24.621-0300] {dag.py:2429} INFO - Sync 1 DAGs
[2022-11-21T22:04:24.644-0300] {logging_mixin.py:115} INFO - [2022-11-21T22:04:24.644-0300] {dag.py:2977} INFO - Setting next_dagrun for example_trigger_controller_dag to 2021-01-01T00:00:00+00:00, run_after=2021-01-01T00:00:00+00:00
[2022-11-21T22:04:24.659-0300] {processor.py:161} INFO - Processing /home/juliana/Área de Trabalho/datapipeline/.env/lib/python3.8/site-packages/airflow/example_dags/example_trigger_controller_dag.py took 0.095 seconds
[2022-11-21T22:05:02.303-0300] {processor.py:153} INFO - Started process (PID=2823) to work on /home/juliana/Área de Trabalho/datapipeline/.env/lib/python3.8/site-packages/airflow/example_dags/example_trigger_controller_dag.py
[2022-11-21T22:05:02.312-0300] {processor.py:640} INFO - Processing file /home/juliana/Área de Trabalho/datapipeline/.env/lib/python3.8/site-packages/airflow/example_dags/example_trigger_controller_dag.py for tasks to queue
[2022-11-21T22:05:02.313-0300] {logging_mixin.py:115} INFO - [2022-11-21T22:05:02.312-0300] {dagbag.py:508} INFO - Filling up the DagBag from /home/juliana/Área de Trabalho/datapipeline/.env/lib/python3.8/site-packages/airflow/example_dags/example_trigger_controller_dag.py
[2022-11-21T22:05:02.318-0300] {processor.py:650} INFO - DAG(s) dict_keys(['example_trigger_controller_dag']) retrieved from /home/juliana/Área de Trabalho/datapipeline/.env/lib/python3.8/site-packages/airflow/example_dags/example_trigger_controller_dag.py
[2022-11-21T22:05:02.348-0300] {logging_mixin.py:115} INFO - [2022-11-21T22:05:02.348-0300] {dag.py:2429} INFO - Sync 1 DAGs
[2022-11-21T22:05:02.383-0300] {logging_mixin.py:115} INFO - [2022-11-21T22:05:02.383-0300] {dag.py:2977} INFO - Setting next_dagrun for example_trigger_controller_dag to 2021-01-01T00:00:00+00:00, run_after=2021-01-01T00:00:00+00:00
[2022-11-21T22:05:02.407-0300] {processor.py:161} INFO - Processing /home/juliana/Área de Trabalho/datapipeline/.env/lib/python3.8/site-packages/airflow/example_dags/example_trigger_controller_dag.py took 0.106 seconds
[2022-11-21T22:05:40.468-0300] {processor.py:153} INFO - Started process (PID=3228) to work on /home/juliana/Área de Trabalho/datapipeline/.env/lib/python3.8/site-packages/airflow/example_dags/example_trigger_controller_dag.py
[2022-11-21T22:05:40.474-0300] {processor.py:640} INFO - Processing file /home/juliana/Área de Trabalho/datapipeline/.env/lib/python3.8/site-packages/airflow/example_dags/example_trigger_controller_dag.py for tasks to queue
[2022-11-21T22:05:40.474-0300] {logging_mixin.py:115} INFO - [2022-11-21T22:05:40.474-0300] {dagbag.py:508} INFO - Filling up the DagBag from /home/juliana/Área de Trabalho/datapipeline/.env/lib/python3.8/site-packages/airflow/example_dags/example_trigger_controller_dag.py
[2022-11-21T22:05:40.479-0300] {processor.py:650} INFO - DAG(s) dict_keys(['example_trigger_controller_dag']) retrieved from /home/juliana/Área de Trabalho/datapipeline/.env/lib/python3.8/site-packages/airflow/example_dags/example_trigger_controller_dag.py
[2022-11-21T22:05:40.494-0300] {logging_mixin.py:115} INFO - [2022-11-21T22:05:40.494-0300] {dag.py:2429} INFO - Sync 1 DAGs
[2022-11-21T22:05:40.511-0300] {logging_mixin.py:115} INFO - [2022-11-21T22:05:40.511-0300] {dag.py:2977} INFO - Setting next_dagrun for example_trigger_controller_dag to 2021-01-01T00:00:00+00:00, run_after=2021-01-01T00:00:00+00:00
[2022-11-21T22:05:40.524-0300] {processor.py:161} INFO - Processing /home/juliana/Área de Trabalho/datapipeline/.env/lib/python3.8/site-packages/airflow/example_dags/example_trigger_controller_dag.py took 0.064 seconds
[2022-11-21T22:06:19.621-0300] {processor.py:153} INFO - Started process (PID=3617) to work on /home/juliana/Área de Trabalho/datapipeline/.env/lib/python3.8/site-packages/airflow/example_dags/example_trigger_controller_dag.py
[2022-11-21T22:06:19.623-0300] {processor.py:640} INFO - Processing file /home/juliana/Área de Trabalho/datapipeline/.env/lib/python3.8/site-packages/airflow/example_dags/example_trigger_controller_dag.py for tasks to queue
[2022-11-21T22:06:19.624-0300] {logging_mixin.py:115} INFO - [2022-11-21T22:06:19.624-0300] {dagbag.py:508} INFO - Filling up the DagBag from /home/juliana/Área de Trabalho/datapipeline/.env/lib/python3.8/site-packages/airflow/example_dags/example_trigger_controller_dag.py
[2022-11-21T22:06:19.635-0300] {processor.py:650} INFO - DAG(s) dict_keys(['example_trigger_controller_dag']) retrieved from /home/juliana/Área de Trabalho/datapipeline/.env/lib/python3.8/site-packages/airflow/example_dags/example_trigger_controller_dag.py
[2022-11-21T22:06:19.654-0300] {logging_mixin.py:115} INFO - [2022-11-21T22:06:19.653-0300] {dag.py:2429} INFO - Sync 1 DAGs
[2022-11-21T22:06:19.672-0300] {logging_mixin.py:115} INFO - [2022-11-21T22:06:19.672-0300] {dag.py:2977} INFO - Setting next_dagrun for example_trigger_controller_dag to 2021-01-01T00:00:00+00:00, run_after=2021-01-01T00:00:00+00:00
[2022-11-21T22:06:19.688-0300] {processor.py:161} INFO - Processing /home/juliana/Área de Trabalho/datapipeline/.env/lib/python3.8/site-packages/airflow/example_dags/example_trigger_controller_dag.py took 0.073 seconds
[2022-11-21T22:06:55.192-0300] {processor.py:153} INFO - Started process (PID=3837) to work on /home/juliana/Área de Trabalho/datapipeline/.env/lib/python3.8/site-packages/airflow/example_dags/example_trigger_controller_dag.py
[2022-11-21T22:06:55.196-0300] {processor.py:640} INFO - Processing file /home/juliana/Área de Trabalho/datapipeline/.env/lib/python3.8/site-packages/airflow/example_dags/example_trigger_controller_dag.py for tasks to queue
[2022-11-21T22:06:55.199-0300] {logging_mixin.py:115} INFO - [2022-11-21T22:06:55.198-0300] {dagbag.py:508} INFO - Filling up the DagBag from /home/juliana/Área de Trabalho/datapipeline/.env/lib/python3.8/site-packages/airflow/example_dags/example_trigger_controller_dag.py
[2022-11-21T22:06:55.213-0300] {processor.py:650} INFO - DAG(s) dict_keys(['example_trigger_controller_dag']) retrieved from /home/juliana/Área de Trabalho/datapipeline/.env/lib/python3.8/site-packages/airflow/example_dags/example_trigger_controller_dag.py
[2022-11-21T22:06:55.285-0300] {logging_mixin.py:115} INFO - [2022-11-21T22:06:55.285-0300] {dag.py:2429} INFO - Sync 1 DAGs
[2022-11-21T22:06:55.317-0300] {logging_mixin.py:115} INFO - [2022-11-21T22:06:55.317-0300] {dag.py:2977} INFO - Setting next_dagrun for example_trigger_controller_dag to 2021-01-01T00:00:00+00:00, run_after=2021-01-01T00:00:00+00:00
[2022-11-21T22:06:55.343-0300] {processor.py:161} INFO - Processing /home/juliana/Área de Trabalho/datapipeline/.env/lib/python3.8/site-packages/airflow/example_dags/example_trigger_controller_dag.py took 0.160 seconds
[2022-11-21T22:07:34.445-0300] {processor.py:153} INFO - Started process (PID=4075) to work on /home/juliana/Área de Trabalho/datapipeline/.env/lib/python3.8/site-packages/airflow/example_dags/example_trigger_controller_dag.py
[2022-11-21T22:07:34.446-0300] {processor.py:640} INFO - Processing file /home/juliana/Área de Trabalho/datapipeline/.env/lib/python3.8/site-packages/airflow/example_dags/example_trigger_controller_dag.py for tasks to queue
[2022-11-21T22:07:34.447-0300] {logging_mixin.py:115} INFO - [2022-11-21T22:07:34.447-0300] {dagbag.py:508} INFO - Filling up the DagBag from /home/juliana/Área de Trabalho/datapipeline/.env/lib/python3.8/site-packages/airflow/example_dags/example_trigger_controller_dag.py
[2022-11-21T22:07:34.451-0300] {processor.py:650} INFO - DAG(s) dict_keys(['example_trigger_controller_dag']) retrieved from /home/juliana/Área de Trabalho/datapipeline/.env/lib/python3.8/site-packages/airflow/example_dags/example_trigger_controller_dag.py
[2022-11-21T22:07:34.469-0300] {logging_mixin.py:115} INFO - [2022-11-21T22:07:34.469-0300] {dag.py:2429} INFO - Sync 1 DAGs
[2022-11-21T22:07:34.487-0300] {logging_mixin.py:115} INFO - [2022-11-21T22:07:34.487-0300] {dag.py:2977} INFO - Setting next_dagrun for example_trigger_controller_dag to 2021-01-01T00:00:00+00:00, run_after=2021-01-01T00:00:00+00:00
[2022-11-21T22:07:34.508-0300] {processor.py:161} INFO - Processing /home/juliana/Área de Trabalho/datapipeline/.env/lib/python3.8/site-packages/airflow/example_dags/example_trigger_controller_dag.py took 0.068 seconds
[2022-11-21T22:08:10.947-0300] {processor.py:153} INFO - Started process (PID=4288) to work on /home/juliana/Área de Trabalho/datapipeline/.env/lib/python3.8/site-packages/airflow/example_dags/example_trigger_controller_dag.py
[2022-11-21T22:08:10.954-0300] {processor.py:640} INFO - Processing file /home/juliana/Área de Trabalho/datapipeline/.env/lib/python3.8/site-packages/airflow/example_dags/example_trigger_controller_dag.py for tasks to queue
[2022-11-21T22:08:10.955-0300] {logging_mixin.py:115} INFO - [2022-11-21T22:08:10.955-0300] {dagbag.py:508} INFO - Filling up the DagBag from /home/juliana/Área de Trabalho/datapipeline/.env/lib/python3.8/site-packages/airflow/example_dags/example_trigger_controller_dag.py
[2022-11-21T22:08:10.959-0300] {processor.py:650} INFO - DAG(s) dict_keys(['example_trigger_controller_dag']) retrieved from /home/juliana/Área de Trabalho/datapipeline/.env/lib/python3.8/site-packages/airflow/example_dags/example_trigger_controller_dag.py
[2022-11-21T22:08:10.979-0300] {logging_mixin.py:115} INFO - [2022-11-21T22:08:10.979-0300] {dag.py:2429} INFO - Sync 1 DAGs
[2022-11-21T22:08:10.998-0300] {logging_mixin.py:115} INFO - [2022-11-21T22:08:10.998-0300] {dag.py:2977} INFO - Setting next_dagrun for example_trigger_controller_dag to 2021-01-01T00:00:00+00:00, run_after=2021-01-01T00:00:00+00:00
[2022-11-21T22:08:11.015-0300] {processor.py:161} INFO - Processing /home/juliana/Área de Trabalho/datapipeline/.env/lib/python3.8/site-packages/airflow/example_dags/example_trigger_controller_dag.py took 0.071 seconds
[2022-11-21T22:08:47.205-0300] {processor.py:153} INFO - Started process (PID=4533) to work on /home/juliana/Área de Trabalho/datapipeline/.env/lib/python3.8/site-packages/airflow/example_dags/example_trigger_controller_dag.py
[2022-11-21T22:08:47.207-0300] {processor.py:640} INFO - Processing file /home/juliana/Área de Trabalho/datapipeline/.env/lib/python3.8/site-packages/airflow/example_dags/example_trigger_controller_dag.py for tasks to queue
[2022-11-21T22:08:47.208-0300] {logging_mixin.py:115} INFO - [2022-11-21T22:08:47.208-0300] {dagbag.py:508} INFO - Filling up the DagBag from /home/juliana/Área de Trabalho/datapipeline/.env/lib/python3.8/site-packages/airflow/example_dags/example_trigger_controller_dag.py
[2022-11-21T22:08:47.212-0300] {processor.py:650} INFO - DAG(s) dict_keys(['example_trigger_controller_dag']) retrieved from /home/juliana/Área de Trabalho/datapipeline/.env/lib/python3.8/site-packages/airflow/example_dags/example_trigger_controller_dag.py
[2022-11-21T22:08:47.231-0300] {logging_mixin.py:115} INFO - [2022-11-21T22:08:47.230-0300] {dag.py:2429} INFO - Sync 1 DAGs
[2022-11-21T22:08:47.249-0300] {logging_mixin.py:115} INFO - [2022-11-21T22:08:47.249-0300] {dag.py:2977} INFO - Setting next_dagrun for example_trigger_controller_dag to 2021-01-01T00:00:00+00:00, run_after=2021-01-01T00:00:00+00:00
[2022-11-21T22:08:47.265-0300] {processor.py:161} INFO - Processing /home/juliana/Área de Trabalho/datapipeline/.env/lib/python3.8/site-packages/airflow/example_dags/example_trigger_controller_dag.py took 0.071 seconds
[2022-11-21T22:09:21.406-0300] {processor.py:153} INFO - Started process (PID=4731) to work on /home/juliana/Área de Trabalho/datapipeline/.env/lib/python3.8/site-packages/airflow/example_dags/example_trigger_controller_dag.py
[2022-11-21T22:09:21.407-0300] {processor.py:640} INFO - Processing file /home/juliana/Área de Trabalho/datapipeline/.env/lib/python3.8/site-packages/airflow/example_dags/example_trigger_controller_dag.py for tasks to queue
[2022-11-21T22:09:21.408-0300] {logging_mixin.py:115} INFO - [2022-11-21T22:09:21.408-0300] {dagbag.py:508} INFO - Filling up the DagBag from /home/juliana/Área de Trabalho/datapipeline/.env/lib/python3.8/site-packages/airflow/example_dags/example_trigger_controller_dag.py
[2022-11-21T22:09:21.412-0300] {processor.py:650} INFO - DAG(s) dict_keys(['example_trigger_controller_dag']) retrieved from /home/juliana/Área de Trabalho/datapipeline/.env/lib/python3.8/site-packages/airflow/example_dags/example_trigger_controller_dag.py
[2022-11-21T22:09:21.434-0300] {logging_mixin.py:115} INFO - [2022-11-21T22:09:21.434-0300] {dag.py:2429} INFO - Sync 1 DAGs
[2022-11-21T22:09:21.452-0300] {logging_mixin.py:115} INFO - [2022-11-21T22:09:21.452-0300] {dag.py:2977} INFO - Setting next_dagrun for example_trigger_controller_dag to 2021-01-01T00:00:00+00:00, run_after=2021-01-01T00:00:00+00:00
[2022-11-21T22:09:21.471-0300] {processor.py:161} INFO - Processing /home/juliana/Área de Trabalho/datapipeline/.env/lib/python3.8/site-packages/airflow/example_dags/example_trigger_controller_dag.py took 0.069 seconds
[2022-11-21T22:09:58.258-0300] {processor.py:153} INFO - Started process (PID=5028) to work on /home/juliana/Área de Trabalho/datapipeline/.env/lib/python3.8/site-packages/airflow/example_dags/example_trigger_controller_dag.py
[2022-11-21T22:09:58.261-0300] {processor.py:640} INFO - Processing file /home/juliana/Área de Trabalho/datapipeline/.env/lib/python3.8/site-packages/airflow/example_dags/example_trigger_controller_dag.py for tasks to queue
[2022-11-21T22:09:58.262-0300] {logging_mixin.py:115} INFO - [2022-11-21T22:09:58.262-0300] {dagbag.py:508} INFO - Filling up the DagBag from /home/juliana/Área de Trabalho/datapipeline/.env/lib/python3.8/site-packages/airflow/example_dags/example_trigger_controller_dag.py
[2022-11-21T22:09:58.269-0300] {processor.py:650} INFO - DAG(s) dict_keys(['example_trigger_controller_dag']) retrieved from /home/juliana/Área de Trabalho/datapipeline/.env/lib/python3.8/site-packages/airflow/example_dags/example_trigger_controller_dag.py
[2022-11-21T22:09:58.289-0300] {logging_mixin.py:115} INFO - [2022-11-21T22:09:58.289-0300] {dag.py:2429} INFO - Sync 1 DAGs
[2022-11-21T22:09:58.308-0300] {logging_mixin.py:115} INFO - [2022-11-21T22:09:58.308-0300] {dag.py:2977} INFO - Setting next_dagrun for example_trigger_controller_dag to 2021-01-01T00:00:00+00:00, run_after=2021-01-01T00:00:00+00:00
[2022-11-21T22:09:58.327-0300] {processor.py:161} INFO - Processing /home/juliana/Área de Trabalho/datapipeline/.env/lib/python3.8/site-packages/airflow/example_dags/example_trigger_controller_dag.py took 0.075 seconds
[2022-11-21T22:10:35.736-0300] {processor.py:153} INFO - Started process (PID=5236) to work on /home/juliana/Área de Trabalho/datapipeline/.env/lib/python3.8/site-packages/airflow/example_dags/example_trigger_controller_dag.py
[2022-11-21T22:10:35.741-0300] {processor.py:640} INFO - Processing file /home/juliana/Área de Trabalho/datapipeline/.env/lib/python3.8/site-packages/airflow/example_dags/example_trigger_controller_dag.py for tasks to queue
[2022-11-21T22:10:35.741-0300] {logging_mixin.py:115} INFO - [2022-11-21T22:10:35.741-0300] {dagbag.py:508} INFO - Filling up the DagBag from /home/juliana/Área de Trabalho/datapipeline/.env/lib/python3.8/site-packages/airflow/example_dags/example_trigger_controller_dag.py
[2022-11-21T22:10:35.747-0300] {processor.py:650} INFO - DAG(s) dict_keys(['example_trigger_controller_dag']) retrieved from /home/juliana/Área de Trabalho/datapipeline/.env/lib/python3.8/site-packages/airflow/example_dags/example_trigger_controller_dag.py
[2022-11-21T22:10:35.792-0300] {logging_mixin.py:115} INFO - [2022-11-21T22:10:35.792-0300] {dag.py:2429} INFO - Sync 1 DAGs
[2022-11-21T22:10:35.869-0300] {logging_mixin.py:115} INFO - [2022-11-21T22:10:35.868-0300] {dag.py:2977} INFO - Setting next_dagrun for example_trigger_controller_dag to 2021-01-01T00:00:00+00:00, run_after=2021-01-01T00:00:00+00:00
[2022-11-21T22:10:35.897-0300] {processor.py:161} INFO - Processing /home/juliana/Área de Trabalho/datapipeline/.env/lib/python3.8/site-packages/airflow/example_dags/example_trigger_controller_dag.py took 0.170 seconds
[2022-11-21T22:11:11.813-0300] {processor.py:153} INFO - Started process (PID=5526) to work on /home/juliana/Área de Trabalho/datapipeline/.env/lib/python3.8/site-packages/airflow/example_dags/example_trigger_controller_dag.py
[2022-11-21T22:11:11.815-0300] {processor.py:640} INFO - Processing file /home/juliana/Área de Trabalho/datapipeline/.env/lib/python3.8/site-packages/airflow/example_dags/example_trigger_controller_dag.py for tasks to queue
[2022-11-21T22:11:11.816-0300] {logging_mixin.py:115} INFO - [2022-11-21T22:11:11.816-0300] {dagbag.py:508} INFO - Filling up the DagBag from /home/juliana/Área de Trabalho/datapipeline/.env/lib/python3.8/site-packages/airflow/example_dags/example_trigger_controller_dag.py
[2022-11-21T22:11:11.822-0300] {processor.py:650} INFO - DAG(s) dict_keys(['example_trigger_controller_dag']) retrieved from /home/juliana/Área de Trabalho/datapipeline/.env/lib/python3.8/site-packages/airflow/example_dags/example_trigger_controller_dag.py
[2022-11-21T22:11:11.842-0300] {logging_mixin.py:115} INFO - [2022-11-21T22:11:11.842-0300] {dag.py:2429} INFO - Sync 1 DAGs
[2022-11-21T22:11:11.860-0300] {logging_mixin.py:115} INFO - [2022-11-21T22:11:11.860-0300] {dag.py:2977} INFO - Setting next_dagrun for example_trigger_controller_dag to 2021-01-01T00:00:00+00:00, run_after=2021-01-01T00:00:00+00:00
[2022-11-21T22:11:11.875-0300] {processor.py:161} INFO - Processing /home/juliana/Área de Trabalho/datapipeline/.env/lib/python3.8/site-packages/airflow/example_dags/example_trigger_controller_dag.py took 0.067 seconds
[2022-11-21T22:11:47.030-0300] {processor.py:153} INFO - Started process (PID=5916) to work on /home/juliana/Área de Trabalho/datapipeline/.env/lib/python3.8/site-packages/airflow/example_dags/example_trigger_controller_dag.py
[2022-11-21T22:11:47.034-0300] {processor.py:640} INFO - Processing file /home/juliana/Área de Trabalho/datapipeline/.env/lib/python3.8/site-packages/airflow/example_dags/example_trigger_controller_dag.py for tasks to queue
[2022-11-21T22:11:47.035-0300] {logging_mixin.py:115} INFO - [2022-11-21T22:11:47.035-0300] {dagbag.py:508} INFO - Filling up the DagBag from /home/juliana/Área de Trabalho/datapipeline/.env/lib/python3.8/site-packages/airflow/example_dags/example_trigger_controller_dag.py
[2022-11-21T22:11:47.042-0300] {processor.py:650} INFO - DAG(s) dict_keys(['example_trigger_controller_dag']) retrieved from /home/juliana/Área de Trabalho/datapipeline/.env/lib/python3.8/site-packages/airflow/example_dags/example_trigger_controller_dag.py
[2022-11-21T22:11:47.082-0300] {logging_mixin.py:115} INFO - [2022-11-21T22:11:47.081-0300] {dag.py:2429} INFO - Sync 1 DAGs
[2022-11-21T22:11:47.124-0300] {logging_mixin.py:115} INFO - [2022-11-21T22:11:47.123-0300] {dag.py:2977} INFO - Setting next_dagrun for example_trigger_controller_dag to 2021-01-01T00:00:00+00:00, run_after=2021-01-01T00:00:00+00:00
[2022-11-21T22:11:47.150-0300] {processor.py:161} INFO - Processing /home/juliana/Área de Trabalho/datapipeline/.env/lib/python3.8/site-packages/airflow/example_dags/example_trigger_controller_dag.py took 0.129 seconds
[2022-11-21T22:12:22.046-0300] {processor.py:153} INFO - Started process (PID=5953) to work on /home/juliana/Área de Trabalho/datapipeline/.env/lib/python3.8/site-packages/airflow/example_dags/example_trigger_controller_dag.py
[2022-11-21T22:12:22.047-0300] {processor.py:640} INFO - Processing file /home/juliana/Área de Trabalho/datapipeline/.env/lib/python3.8/site-packages/airflow/example_dags/example_trigger_controller_dag.py for tasks to queue
[2022-11-21T22:12:22.049-0300] {logging_mixin.py:115} INFO - [2022-11-21T22:12:22.048-0300] {dagbag.py:508} INFO - Filling up the DagBag from /home/juliana/Área de Trabalho/datapipeline/.env/lib/python3.8/site-packages/airflow/example_dags/example_trigger_controller_dag.py
[2022-11-21T22:12:22.052-0300] {processor.py:650} INFO - DAG(s) dict_keys(['example_trigger_controller_dag']) retrieved from /home/juliana/Área de Trabalho/datapipeline/.env/lib/python3.8/site-packages/airflow/example_dags/example_trigger_controller_dag.py
[2022-11-21T22:12:22.069-0300] {logging_mixin.py:115} INFO - [2022-11-21T22:12:22.069-0300] {dag.py:2429} INFO - Sync 1 DAGs
[2022-11-21T22:12:22.091-0300] {logging_mixin.py:115} INFO - [2022-11-21T22:12:22.091-0300] {dag.py:2977} INFO - Setting next_dagrun for example_trigger_controller_dag to 2021-01-01T00:00:00+00:00, run_after=2021-01-01T00:00:00+00:00
[2022-11-21T22:12:22.166-0300] {processor.py:161} INFO - Processing /home/juliana/Área de Trabalho/datapipeline/.env/lib/python3.8/site-packages/airflow/example_dags/example_trigger_controller_dag.py took 0.125 seconds
[2022-11-21T22:13:01.557-0300] {processor.py:153} INFO - Started process (PID=6004) to work on /home/juliana/Área de Trabalho/datapipeline/.env/lib/python3.8/site-packages/airflow/example_dags/example_trigger_controller_dag.py
[2022-11-21T22:13:01.561-0300] {processor.py:640} INFO - Processing file /home/juliana/Área de Trabalho/datapipeline/.env/lib/python3.8/site-packages/airflow/example_dags/example_trigger_controller_dag.py for tasks to queue
[2022-11-21T22:13:01.561-0300] {logging_mixin.py:115} INFO - [2022-11-21T22:13:01.561-0300] {dagbag.py:508} INFO - Filling up the DagBag from /home/juliana/Área de Trabalho/datapipeline/.env/lib/python3.8/site-packages/airflow/example_dags/example_trigger_controller_dag.py
[2022-11-21T22:13:01.573-0300] {processor.py:650} INFO - DAG(s) dict_keys(['example_trigger_controller_dag']) retrieved from /home/juliana/Área de Trabalho/datapipeline/.env/lib/python3.8/site-packages/airflow/example_dags/example_trigger_controller_dag.py
[2022-11-21T22:13:01.612-0300] {logging_mixin.py:115} INFO - [2022-11-21T22:13:01.608-0300] {dag.py:2429} INFO - Sync 1 DAGs
[2022-11-21T22:13:01.670-0300] {logging_mixin.py:115} INFO - [2022-11-21T22:13:01.670-0300] {dag.py:2977} INFO - Setting next_dagrun for example_trigger_controller_dag to 2021-01-01T00:00:00+00:00, run_after=2021-01-01T00:00:00+00:00
[2022-11-21T22:13:01.704-0300] {processor.py:161} INFO - Processing /home/juliana/Área de Trabalho/datapipeline/.env/lib/python3.8/site-packages/airflow/example_dags/example_trigger_controller_dag.py took 0.154 seconds
[2022-11-21T22:13:38.097-0300] {processor.py:153} INFO - Started process (PID=6040) to work on /home/juliana/Área de Trabalho/datapipeline/.env/lib/python3.8/site-packages/airflow/example_dags/example_trigger_controller_dag.py
[2022-11-21T22:13:38.098-0300] {processor.py:640} INFO - Processing file /home/juliana/Área de Trabalho/datapipeline/.env/lib/python3.8/site-packages/airflow/example_dags/example_trigger_controller_dag.py for tasks to queue
[2022-11-21T22:13:38.099-0300] {logging_mixin.py:115} INFO - [2022-11-21T22:13:38.099-0300] {dagbag.py:508} INFO - Filling up the DagBag from /home/juliana/Área de Trabalho/datapipeline/.env/lib/python3.8/site-packages/airflow/example_dags/example_trigger_controller_dag.py
[2022-11-21T22:13:38.104-0300] {processor.py:650} INFO - DAG(s) dict_keys(['example_trigger_controller_dag']) retrieved from /home/juliana/Área de Trabalho/datapipeline/.env/lib/python3.8/site-packages/airflow/example_dags/example_trigger_controller_dag.py
[2022-11-21T22:13:38.121-0300] {logging_mixin.py:115} INFO - [2022-11-21T22:13:38.121-0300] {dag.py:2429} INFO - Sync 1 DAGs
[2022-11-21T22:13:38.139-0300] {logging_mixin.py:115} INFO - [2022-11-21T22:13:38.139-0300] {dag.py:2977} INFO - Setting next_dagrun for example_trigger_controller_dag to 2021-01-01T00:00:00+00:00, run_after=2021-01-01T00:00:00+00:00
[2022-11-21T22:13:38.158-0300] {processor.py:161} INFO - Processing /home/juliana/Área de Trabalho/datapipeline/.env/lib/python3.8/site-packages/airflow/example_dags/example_trigger_controller_dag.py took 0.066 seconds
[2022-11-21T22:14:13.028-0300] {processor.py:153} INFO - Started process (PID=6075) to work on /home/juliana/Área de Trabalho/datapipeline/.env/lib/python3.8/site-packages/airflow/example_dags/example_trigger_controller_dag.py
[2022-11-21T22:14:13.029-0300] {processor.py:640} INFO - Processing file /home/juliana/Área de Trabalho/datapipeline/.env/lib/python3.8/site-packages/airflow/example_dags/example_trigger_controller_dag.py for tasks to queue
[2022-11-21T22:14:13.034-0300] {logging_mixin.py:115} INFO - [2022-11-21T22:14:13.034-0300] {dagbag.py:508} INFO - Filling up the DagBag from /home/juliana/Área de Trabalho/datapipeline/.env/lib/python3.8/site-packages/airflow/example_dags/example_trigger_controller_dag.py
[2022-11-21T22:14:13.040-0300] {processor.py:650} INFO - DAG(s) dict_keys(['example_trigger_controller_dag']) retrieved from /home/juliana/Área de Trabalho/datapipeline/.env/lib/python3.8/site-packages/airflow/example_dags/example_trigger_controller_dag.py
[2022-11-21T22:14:13.060-0300] {logging_mixin.py:115} INFO - [2022-11-21T22:14:13.059-0300] {dag.py:2429} INFO - Sync 1 DAGs
[2022-11-21T22:14:13.078-0300] {logging_mixin.py:115} INFO - [2022-11-21T22:14:13.078-0300] {dag.py:2977} INFO - Setting next_dagrun for example_trigger_controller_dag to 2021-01-01T00:00:00+00:00, run_after=2021-01-01T00:00:00+00:00
[2022-11-21T22:14:13.098-0300] {processor.py:161} INFO - Processing /home/juliana/Área de Trabalho/datapipeline/.env/lib/python3.8/site-packages/airflow/example_dags/example_trigger_controller_dag.py took 0.076 seconds
[2022-11-21T22:14:50.831-0300] {processor.py:153} INFO - Started process (PID=6113) to work on /home/juliana/Área de Trabalho/datapipeline/.env/lib/python3.8/site-packages/airflow/example_dags/example_trigger_controller_dag.py
[2022-11-21T22:14:50.832-0300] {processor.py:640} INFO - Processing file /home/juliana/Área de Trabalho/datapipeline/.env/lib/python3.8/site-packages/airflow/example_dags/example_trigger_controller_dag.py for tasks to queue
[2022-11-21T22:14:50.833-0300] {logging_mixin.py:115} INFO - [2022-11-21T22:14:50.833-0300] {dagbag.py:508} INFO - Filling up the DagBag from /home/juliana/Área de Trabalho/datapipeline/.env/lib/python3.8/site-packages/airflow/example_dags/example_trigger_controller_dag.py
[2022-11-21T22:14:50.837-0300] {processor.py:650} INFO - DAG(s) dict_keys(['example_trigger_controller_dag']) retrieved from /home/juliana/Área de Trabalho/datapipeline/.env/lib/python3.8/site-packages/airflow/example_dags/example_trigger_controller_dag.py
[2022-11-21T22:14:50.853-0300] {logging_mixin.py:115} INFO - [2022-11-21T22:14:50.853-0300] {dag.py:2429} INFO - Sync 1 DAGs
[2022-11-21T22:14:50.871-0300] {logging_mixin.py:115} INFO - [2022-11-21T22:14:50.871-0300] {dag.py:2977} INFO - Setting next_dagrun for example_trigger_controller_dag to 2021-01-01T00:00:00+00:00, run_after=2021-01-01T00:00:00+00:00
[2022-11-21T22:14:50.891-0300] {processor.py:161} INFO - Processing /home/juliana/Área de Trabalho/datapipeline/.env/lib/python3.8/site-packages/airflow/example_dags/example_trigger_controller_dag.py took 0.065 seconds
[2022-11-21T22:15:27.272-0300] {processor.py:153} INFO - Started process (PID=6150) to work on /home/juliana/Área de Trabalho/datapipeline/.env/lib/python3.8/site-packages/airflow/example_dags/example_trigger_controller_dag.py
[2022-11-21T22:15:27.273-0300] {processor.py:640} INFO - Processing file /home/juliana/Área de Trabalho/datapipeline/.env/lib/python3.8/site-packages/airflow/example_dags/example_trigger_controller_dag.py for tasks to queue
[2022-11-21T22:15:27.275-0300] {logging_mixin.py:115} INFO - [2022-11-21T22:15:27.274-0300] {dagbag.py:508} INFO - Filling up the DagBag from /home/juliana/Área de Trabalho/datapipeline/.env/lib/python3.8/site-packages/airflow/example_dags/example_trigger_controller_dag.py
[2022-11-21T22:15:27.280-0300] {processor.py:650} INFO - DAG(s) dict_keys(['example_trigger_controller_dag']) retrieved from /home/juliana/Área de Trabalho/datapipeline/.env/lib/python3.8/site-packages/airflow/example_dags/example_trigger_controller_dag.py
[2022-11-21T22:15:27.301-0300] {logging_mixin.py:115} INFO - [2022-11-21T22:15:27.301-0300] {dag.py:2429} INFO - Sync 1 DAGs
[2022-11-21T22:15:27.317-0300] {logging_mixin.py:115} INFO - [2022-11-21T22:15:27.317-0300] {dag.py:2977} INFO - Setting next_dagrun for example_trigger_controller_dag to 2021-01-01T00:00:00+00:00, run_after=2021-01-01T00:00:00+00:00
[2022-11-21T22:15:27.375-0300] {processor.py:161} INFO - Processing /home/juliana/Área de Trabalho/datapipeline/.env/lib/python3.8/site-packages/airflow/example_dags/example_trigger_controller_dag.py took 0.110 seconds
[2022-11-21T22:16:03.440-0300] {processor.py:153} INFO - Started process (PID=6186) to work on /home/juliana/Área de Trabalho/datapipeline/.env/lib/python3.8/site-packages/airflow/example_dags/example_trigger_controller_dag.py
[2022-11-21T22:16:03.441-0300] {processor.py:640} INFO - Processing file /home/juliana/Área de Trabalho/datapipeline/.env/lib/python3.8/site-packages/airflow/example_dags/example_trigger_controller_dag.py for tasks to queue
[2022-11-21T22:16:03.444-0300] {logging_mixin.py:115} INFO - [2022-11-21T22:16:03.442-0300] {dagbag.py:508} INFO - Filling up the DagBag from /home/juliana/Área de Trabalho/datapipeline/.env/lib/python3.8/site-packages/airflow/example_dags/example_trigger_controller_dag.py
[2022-11-21T22:16:03.448-0300] {processor.py:650} INFO - DAG(s) dict_keys(['example_trigger_controller_dag']) retrieved from /home/juliana/Área de Trabalho/datapipeline/.env/lib/python3.8/site-packages/airflow/example_dags/example_trigger_controller_dag.py
[2022-11-21T22:16:03.470-0300] {logging_mixin.py:115} INFO - [2022-11-21T22:16:03.469-0300] {dag.py:2429} INFO - Sync 1 DAGs
[2022-11-21T22:16:03.514-0300] {logging_mixin.py:115} INFO - [2022-11-21T22:16:03.513-0300] {dag.py:2977} INFO - Setting next_dagrun for example_trigger_controller_dag to 2021-01-01T00:00:00+00:00, run_after=2021-01-01T00:00:00+00:00
[2022-11-21T22:16:03.541-0300] {processor.py:161} INFO - Processing /home/juliana/Área de Trabalho/datapipeline/.env/lib/python3.8/site-packages/airflow/example_dags/example_trigger_controller_dag.py took 0.105 seconds
[2022-11-21T22:16:40.320-0300] {processor.py:153} INFO - Started process (PID=6228) to work on /home/juliana/Área de Trabalho/datapipeline/.env/lib/python3.8/site-packages/airflow/example_dags/example_trigger_controller_dag.py
[2022-11-21T22:16:40.321-0300] {processor.py:640} INFO - Processing file /home/juliana/Área de Trabalho/datapipeline/.env/lib/python3.8/site-packages/airflow/example_dags/example_trigger_controller_dag.py for tasks to queue
[2022-11-21T22:16:40.323-0300] {logging_mixin.py:115} INFO - [2022-11-21T22:16:40.322-0300] {dagbag.py:508} INFO - Filling up the DagBag from /home/juliana/Área de Trabalho/datapipeline/.env/lib/python3.8/site-packages/airflow/example_dags/example_trigger_controller_dag.py
[2022-11-21T22:16:40.329-0300] {processor.py:650} INFO - DAG(s) dict_keys(['example_trigger_controller_dag']) retrieved from /home/juliana/Área de Trabalho/datapipeline/.env/lib/python3.8/site-packages/airflow/example_dags/example_trigger_controller_dag.py
[2022-11-21T22:16:40.348-0300] {logging_mixin.py:115} INFO - [2022-11-21T22:16:40.348-0300] {dag.py:2429} INFO - Sync 1 DAGs
[2022-11-21T22:16:40.366-0300] {logging_mixin.py:115} INFO - [2022-11-21T22:16:40.366-0300] {dag.py:2977} INFO - Setting next_dagrun for example_trigger_controller_dag to 2021-01-01T00:00:00+00:00, run_after=2021-01-01T00:00:00+00:00
[2022-11-21T22:16:40.382-0300] {processor.py:161} INFO - Processing /home/juliana/Área de Trabalho/datapipeline/.env/lib/python3.8/site-packages/airflow/example_dags/example_trigger_controller_dag.py took 0.065 seconds
