[2022-11-21T21:13:00.426-0300] {processor.py:153} INFO - Started process (PID=3021) to work on /home/juliana/Área de Trabalho/datapipeline/.env/lib/python3.8/site-packages/airflow/example_dags/example_nested_branch_dag.py
[2022-11-21T21:13:00.428-0300] {processor.py:640} INFO - Processing file /home/juliana/Área de Trabalho/datapipeline/.env/lib/python3.8/site-packages/airflow/example_dags/example_nested_branch_dag.py for tasks to queue
[2022-11-21T21:13:00.429-0300] {logging_mixin.py:115} INFO - [2022-11-21T21:13:00.429-0300] {dagbag.py:508} INFO - Filling up the DagBag from /home/juliana/Área de Trabalho/datapipeline/.env/lib/python3.8/site-packages/airflow/example_dags/example_nested_branch_dag.py
[2022-11-21T21:13:00.444-0300] {processor.py:650} INFO - DAG(s) dict_keys(['example_nested_branch_dag']) retrieved from /home/juliana/Área de Trabalho/datapipeline/.env/lib/python3.8/site-packages/airflow/example_dags/example_nested_branch_dag.py
[2022-11-21T21:13:00.465-0300] {logging_mixin.py:115} INFO - [2022-11-21T21:13:00.465-0300] {dag.py:2429} INFO - Sync 1 DAGs
[2022-11-21T21:13:00.491-0300] {logging_mixin.py:115} INFO - [2022-11-21T21:13:00.490-0300] {dag.py:2977} INFO - Setting next_dagrun for example_nested_branch_dag to 2022-11-21T00:00:00+00:00, run_after=2022-11-22T00:00:00+00:00
[2022-11-21T21:13:00.512-0300] {processor.py:161} INFO - Processing /home/juliana/Área de Trabalho/datapipeline/.env/lib/python3.8/site-packages/airflow/example_dags/example_nested_branch_dag.py took 0.094 seconds
[2022-11-21T21:13:38.904-0300] {processor.py:153} INFO - Started process (PID=3126) to work on /home/juliana/Área de Trabalho/datapipeline/.env/lib/python3.8/site-packages/airflow/example_dags/example_nested_branch_dag.py
[2022-11-21T21:13:38.905-0300] {processor.py:640} INFO - Processing file /home/juliana/Área de Trabalho/datapipeline/.env/lib/python3.8/site-packages/airflow/example_dags/example_nested_branch_dag.py for tasks to queue
[2022-11-21T21:13:38.906-0300] {logging_mixin.py:115} INFO - [2022-11-21T21:13:38.906-0300] {dagbag.py:508} INFO - Filling up the DagBag from /home/juliana/Área de Trabalho/datapipeline/.env/lib/python3.8/site-packages/airflow/example_dags/example_nested_branch_dag.py
[2022-11-21T21:13:38.934-0300] {processor.py:650} INFO - DAG(s) dict_keys(['example_nested_branch_dag']) retrieved from /home/juliana/Área de Trabalho/datapipeline/.env/lib/python3.8/site-packages/airflow/example_dags/example_nested_branch_dag.py
[2022-11-21T21:13:38.951-0300] {logging_mixin.py:115} INFO - [2022-11-21T21:13:38.951-0300] {dag.py:2429} INFO - Sync 1 DAGs
[2022-11-21T21:13:38.972-0300] {logging_mixin.py:115} INFO - [2022-11-21T21:13:38.972-0300] {dag.py:2977} INFO - Setting next_dagrun for example_nested_branch_dag to 2022-11-21T00:00:00+00:00, run_after=2022-11-22T00:00:00+00:00
[2022-11-21T21:13:38.996-0300] {processor.py:161} INFO - Processing /home/juliana/Área de Trabalho/datapipeline/.env/lib/python3.8/site-packages/airflow/example_dags/example_nested_branch_dag.py took 0.098 seconds
[2022-11-21T21:14:17.721-0300] {processor.py:153} INFO - Started process (PID=3400) to work on /home/juliana/Área de Trabalho/datapipeline/.env/lib/python3.8/site-packages/airflow/example_dags/example_nested_branch_dag.py
[2022-11-21T21:14:17.725-0300] {processor.py:640} INFO - Processing file /home/juliana/Área de Trabalho/datapipeline/.env/lib/python3.8/site-packages/airflow/example_dags/example_nested_branch_dag.py for tasks to queue
[2022-11-21T21:14:17.730-0300] {logging_mixin.py:115} INFO - [2022-11-21T21:14:17.730-0300] {dagbag.py:508} INFO - Filling up the DagBag from /home/juliana/Área de Trabalho/datapipeline/.env/lib/python3.8/site-packages/airflow/example_dags/example_nested_branch_dag.py
[2022-11-21T21:14:17.806-0300] {processor.py:650} INFO - DAG(s) dict_keys(['example_nested_branch_dag']) retrieved from /home/juliana/Área de Trabalho/datapipeline/.env/lib/python3.8/site-packages/airflow/example_dags/example_nested_branch_dag.py
[2022-11-21T21:14:17.889-0300] {logging_mixin.py:115} INFO - [2022-11-21T21:14:17.888-0300] {dag.py:2429} INFO - Sync 1 DAGs
[2022-11-21T21:14:17.960-0300] {logging_mixin.py:115} INFO - [2022-11-21T21:14:17.958-0300] {dag.py:2977} INFO - Setting next_dagrun for example_nested_branch_dag to 2022-11-21T00:00:00+00:00, run_after=2022-11-22T00:00:00+00:00
[2022-11-21T21:14:18.009-0300] {processor.py:161} INFO - Processing /home/juliana/Área de Trabalho/datapipeline/.env/lib/python3.8/site-packages/airflow/example_dags/example_nested_branch_dag.py took 0.295 seconds
[2022-11-21T21:15:19.577-0300] {processor.py:153} INFO - Started process (PID=3488) to work on /home/juliana/Área de Trabalho/datapipeline/.env/lib/python3.8/site-packages/airflow/example_dags/example_nested_branch_dag.py
[2022-11-21T21:15:19.583-0300] {processor.py:640} INFO - Processing file /home/juliana/Área de Trabalho/datapipeline/.env/lib/python3.8/site-packages/airflow/example_dags/example_nested_branch_dag.py for tasks to queue
[2022-11-21T21:15:19.584-0300] {logging_mixin.py:115} INFO - [2022-11-21T21:15:19.584-0300] {dagbag.py:508} INFO - Filling up the DagBag from /home/juliana/Área de Trabalho/datapipeline/.env/lib/python3.8/site-packages/airflow/example_dags/example_nested_branch_dag.py
[2022-11-21T21:15:19.685-0300] {processor.py:650} INFO - DAG(s) dict_keys(['example_nested_branch_dag']) retrieved from /home/juliana/Área de Trabalho/datapipeline/.env/lib/python3.8/site-packages/airflow/example_dags/example_nested_branch_dag.py
[2022-11-21T21:15:19.830-0300] {logging_mixin.py:115} INFO - [2022-11-21T21:15:19.827-0300] {dag.py:2429} INFO - Sync 1 DAGs
[2022-11-21T21:15:20.013-0300] {logging_mixin.py:115} INFO - [2022-11-21T21:15:20.000-0300] {dag.py:2977} INFO - Setting next_dagrun for example_nested_branch_dag to 2022-11-21T00:00:00+00:00, run_after=2022-11-22T00:00:00+00:00
[2022-11-21T21:15:20.617-0300] {processor.py:161} INFO - Processing /home/juliana/Área de Trabalho/datapipeline/.env/lib/python3.8/site-packages/airflow/example_dags/example_nested_branch_dag.py took 1.059 seconds
[2022-11-21T21:17:37.714-0300] {processor.py:153} INFO - Started process (PID=3584) to work on /home/juliana/Área de Trabalho/datapipeline/.env/lib/python3.8/site-packages/airflow/example_dags/example_nested_branch_dag.py
[2022-11-21T21:17:37.722-0300] {processor.py:640} INFO - Processing file /home/juliana/Área de Trabalho/datapipeline/.env/lib/python3.8/site-packages/airflow/example_dags/example_nested_branch_dag.py for tasks to queue
[2022-11-21T21:17:37.723-0300] {logging_mixin.py:115} INFO - [2022-11-21T21:17:37.723-0300] {dagbag.py:508} INFO - Filling up the DagBag from /home/juliana/Área de Trabalho/datapipeline/.env/lib/python3.8/site-packages/airflow/example_dags/example_nested_branch_dag.py
[2022-11-21T21:17:37.942-0300] {processor.py:650} INFO - DAG(s) dict_keys(['example_nested_branch_dag']) retrieved from /home/juliana/Área de Trabalho/datapipeline/.env/lib/python3.8/site-packages/airflow/example_dags/example_nested_branch_dag.py
[2022-11-21T21:17:38.215-0300] {logging_mixin.py:115} INFO - [2022-11-21T21:17:38.160-0300] {dag.py:2429} INFO - Sync 1 DAGs
[2022-11-21T21:17:38.503-0300] {logging_mixin.py:115} INFO - [2022-11-21T21:17:38.497-0300] {dag.py:2977} INFO - Setting next_dagrun for example_nested_branch_dag to 2022-11-21T00:00:00+00:00, run_after=2022-11-22T00:00:00+00:00
[2022-11-21T21:17:40.517-0300] {processor.py:161} INFO - Processing /home/juliana/Área de Trabalho/datapipeline/.env/lib/python3.8/site-packages/airflow/example_dags/example_nested_branch_dag.py took 2.826 seconds
[2022-11-21T21:38:21.463-0300] {processor.py:153} INFO - Started process (PID=7755) to work on /home/juliana/Área de Trabalho/datapipeline/.env/lib/python3.8/site-packages/airflow/example_dags/example_nested_branch_dag.py
[2022-11-21T21:38:21.464-0300] {processor.py:640} INFO - Processing file /home/juliana/Área de Trabalho/datapipeline/.env/lib/python3.8/site-packages/airflow/example_dags/example_nested_branch_dag.py for tasks to queue
[2022-11-21T21:38:21.465-0300] {logging_mixin.py:115} INFO - [2022-11-21T21:38:21.465-0300] {dagbag.py:508} INFO - Filling up the DagBag from /home/juliana/Área de Trabalho/datapipeline/.env/lib/python3.8/site-packages/airflow/example_dags/example_nested_branch_dag.py
[2022-11-21T21:38:21.482-0300] {processor.py:650} INFO - DAG(s) dict_keys(['example_nested_branch_dag']) retrieved from /home/juliana/Área de Trabalho/datapipeline/.env/lib/python3.8/site-packages/airflow/example_dags/example_nested_branch_dag.py
[2022-11-21T21:38:21.501-0300] {logging_mixin.py:115} INFO - [2022-11-21T21:38:21.501-0300] {dag.py:2429} INFO - Sync 1 DAGs
[2022-11-21T21:38:21.526-0300] {logging_mixin.py:115} INFO - [2022-11-21T21:38:21.526-0300] {dag.py:2977} INFO - Setting next_dagrun for example_nested_branch_dag to 2022-11-21T00:00:00+00:00, run_after=2022-11-22T00:00:00+00:00
[2022-11-21T21:38:21.543-0300] {processor.py:161} INFO - Processing /home/juliana/Área de Trabalho/datapipeline/.env/lib/python3.8/site-packages/airflow/example_dags/example_nested_branch_dag.py took 0.083 seconds
[2022-11-21T21:38:59.329-0300] {processor.py:153} INFO - Started process (PID=8071) to work on /home/juliana/Área de Trabalho/datapipeline/.env/lib/python3.8/site-packages/airflow/example_dags/example_nested_branch_dag.py
[2022-11-21T21:38:59.336-0300] {processor.py:640} INFO - Processing file /home/juliana/Área de Trabalho/datapipeline/.env/lib/python3.8/site-packages/airflow/example_dags/example_nested_branch_dag.py for tasks to queue
[2022-11-21T21:38:59.337-0300] {logging_mixin.py:115} INFO - [2022-11-21T21:38:59.336-0300] {dagbag.py:508} INFO - Filling up the DagBag from /home/juliana/Área de Trabalho/datapipeline/.env/lib/python3.8/site-packages/airflow/example_dags/example_nested_branch_dag.py
[2022-11-21T21:38:59.356-0300] {processor.py:650} INFO - DAG(s) dict_keys(['example_nested_branch_dag']) retrieved from /home/juliana/Área de Trabalho/datapipeline/.env/lib/python3.8/site-packages/airflow/example_dags/example_nested_branch_dag.py
[2022-11-21T21:38:59.373-0300] {logging_mixin.py:115} INFO - [2022-11-21T21:38:59.373-0300] {dag.py:2429} INFO - Sync 1 DAGs
[2022-11-21T21:38:59.397-0300] {logging_mixin.py:115} INFO - [2022-11-21T21:38:59.397-0300] {dag.py:2977} INFO - Setting next_dagrun for example_nested_branch_dag to 2022-11-21T00:00:00+00:00, run_after=2022-11-22T00:00:00+00:00
[2022-11-21T21:38:59.418-0300] {processor.py:161} INFO - Processing /home/juliana/Área de Trabalho/datapipeline/.env/lib/python3.8/site-packages/airflow/example_dags/example_nested_branch_dag.py took 0.094 seconds
[2022-11-21T21:39:37.223-0300] {processor.py:153} INFO - Started process (PID=8130) to work on /home/juliana/Área de Trabalho/datapipeline/.env/lib/python3.8/site-packages/airflow/example_dags/example_nested_branch_dag.py
[2022-11-21T21:39:37.229-0300] {processor.py:640} INFO - Processing file /home/juliana/Área de Trabalho/datapipeline/.env/lib/python3.8/site-packages/airflow/example_dags/example_nested_branch_dag.py for tasks to queue
[2022-11-21T21:39:37.230-0300] {logging_mixin.py:115} INFO - [2022-11-21T21:39:37.230-0300] {dagbag.py:508} INFO - Filling up the DagBag from /home/juliana/Área de Trabalho/datapipeline/.env/lib/python3.8/site-packages/airflow/example_dags/example_nested_branch_dag.py
[2022-11-21T21:39:37.245-0300] {processor.py:650} INFO - DAG(s) dict_keys(['example_nested_branch_dag']) retrieved from /home/juliana/Área de Trabalho/datapipeline/.env/lib/python3.8/site-packages/airflow/example_dags/example_nested_branch_dag.py
[2022-11-21T21:39:37.262-0300] {logging_mixin.py:115} INFO - [2022-11-21T21:39:37.262-0300] {dag.py:2429} INFO - Sync 1 DAGs
[2022-11-21T21:39:37.279-0300] {logging_mixin.py:115} INFO - [2022-11-21T21:39:37.279-0300] {dag.py:2977} INFO - Setting next_dagrun for example_nested_branch_dag to 2022-11-21T00:00:00+00:00, run_after=2022-11-22T00:00:00+00:00
[2022-11-21T21:39:37.294-0300] {processor.py:161} INFO - Processing /home/juliana/Área de Trabalho/datapipeline/.env/lib/python3.8/site-packages/airflow/example_dags/example_nested_branch_dag.py took 0.078 seconds
[2022-11-21T21:40:12.036-0300] {processor.py:153} INFO - Started process (PID=8348) to work on /home/juliana/Área de Trabalho/datapipeline/.env/lib/python3.8/site-packages/airflow/example_dags/example_nested_branch_dag.py
[2022-11-21T21:40:12.041-0300] {processor.py:640} INFO - Processing file /home/juliana/Área de Trabalho/datapipeline/.env/lib/python3.8/site-packages/airflow/example_dags/example_nested_branch_dag.py for tasks to queue
[2022-11-21T21:40:12.042-0300] {logging_mixin.py:115} INFO - [2022-11-21T21:40:12.041-0300] {dagbag.py:508} INFO - Filling up the DagBag from /home/juliana/Área de Trabalho/datapipeline/.env/lib/python3.8/site-packages/airflow/example_dags/example_nested_branch_dag.py
[2022-11-21T21:40:12.054-0300] {processor.py:650} INFO - DAG(s) dict_keys(['example_nested_branch_dag']) retrieved from /home/juliana/Área de Trabalho/datapipeline/.env/lib/python3.8/site-packages/airflow/example_dags/example_nested_branch_dag.py
[2022-11-21T21:40:12.084-0300] {logging_mixin.py:115} INFO - [2022-11-21T21:40:12.084-0300] {dag.py:2429} INFO - Sync 1 DAGs
[2022-11-21T21:40:12.124-0300] {logging_mixin.py:115} INFO - [2022-11-21T21:40:12.124-0300] {dag.py:2977} INFO - Setting next_dagrun for example_nested_branch_dag to 2022-11-21T00:00:00+00:00, run_after=2022-11-22T00:00:00+00:00
[2022-11-21T21:40:12.142-0300] {processor.py:161} INFO - Processing /home/juliana/Área de Trabalho/datapipeline/.env/lib/python3.8/site-packages/airflow/example_dags/example_nested_branch_dag.py took 0.113 seconds
[2022-11-21T21:40:49.871-0300] {processor.py:153} INFO - Started process (PID=8619) to work on /home/juliana/Área de Trabalho/datapipeline/.env/lib/python3.8/site-packages/airflow/example_dags/example_nested_branch_dag.py
[2022-11-21T21:40:49.877-0300] {processor.py:640} INFO - Processing file /home/juliana/Área de Trabalho/datapipeline/.env/lib/python3.8/site-packages/airflow/example_dags/example_nested_branch_dag.py for tasks to queue
[2022-11-21T21:40:49.878-0300] {logging_mixin.py:115} INFO - [2022-11-21T21:40:49.878-0300] {dagbag.py:508} INFO - Filling up the DagBag from /home/juliana/Área de Trabalho/datapipeline/.env/lib/python3.8/site-packages/airflow/example_dags/example_nested_branch_dag.py
[2022-11-21T21:40:49.892-0300] {processor.py:650} INFO - DAG(s) dict_keys(['example_nested_branch_dag']) retrieved from /home/juliana/Área de Trabalho/datapipeline/.env/lib/python3.8/site-packages/airflow/example_dags/example_nested_branch_dag.py
[2022-11-21T21:40:49.909-0300] {logging_mixin.py:115} INFO - [2022-11-21T21:40:49.909-0300] {dag.py:2429} INFO - Sync 1 DAGs
[2022-11-21T21:40:49.930-0300] {logging_mixin.py:115} INFO - [2022-11-21T21:40:49.930-0300] {dag.py:2977} INFO - Setting next_dagrun for example_nested_branch_dag to 2022-11-21T00:00:00+00:00, run_after=2022-11-22T00:00:00+00:00
[2022-11-21T21:40:49.949-0300] {processor.py:161} INFO - Processing /home/juliana/Área de Trabalho/datapipeline/.env/lib/python3.8/site-packages/airflow/example_dags/example_nested_branch_dag.py took 0.083 seconds
[2022-11-21T21:41:23.198-0300] {processor.py:153} INFO - Started process (PID=8827) to work on /home/juliana/Área de Trabalho/datapipeline/.env/lib/python3.8/site-packages/airflow/example_dags/example_nested_branch_dag.py
[2022-11-21T21:41:23.198-0300] {processor.py:640} INFO - Processing file /home/juliana/Área de Trabalho/datapipeline/.env/lib/python3.8/site-packages/airflow/example_dags/example_nested_branch_dag.py for tasks to queue
[2022-11-21T21:41:23.199-0300] {logging_mixin.py:115} INFO - [2022-11-21T21:41:23.199-0300] {dagbag.py:508} INFO - Filling up the DagBag from /home/juliana/Área de Trabalho/datapipeline/.env/lib/python3.8/site-packages/airflow/example_dags/example_nested_branch_dag.py
[2022-11-21T21:41:23.209-0300] {processor.py:650} INFO - DAG(s) dict_keys(['example_nested_branch_dag']) retrieved from /home/juliana/Área de Trabalho/datapipeline/.env/lib/python3.8/site-packages/airflow/example_dags/example_nested_branch_dag.py
[2022-11-21T21:41:23.224-0300] {logging_mixin.py:115} INFO - [2022-11-21T21:41:23.224-0300] {dag.py:2429} INFO - Sync 1 DAGs
[2022-11-21T21:41:23.242-0300] {logging_mixin.py:115} INFO - [2022-11-21T21:41:23.242-0300] {dag.py:2977} INFO - Setting next_dagrun for example_nested_branch_dag to 2022-11-21T00:00:00+00:00, run_after=2022-11-22T00:00:00+00:00
[2022-11-21T21:41:23.261-0300] {processor.py:161} INFO - Processing /home/juliana/Área de Trabalho/datapipeline/.env/lib/python3.8/site-packages/airflow/example_dags/example_nested_branch_dag.py took 0.074 seconds
[2022-11-21T21:41:57.438-0300] {processor.py:153} INFO - Started process (PID=9020) to work on /home/juliana/Área de Trabalho/datapipeline/.env/lib/python3.8/site-packages/airflow/example_dags/example_nested_branch_dag.py
[2022-11-21T21:41:57.441-0300] {processor.py:640} INFO - Processing file /home/juliana/Área de Trabalho/datapipeline/.env/lib/python3.8/site-packages/airflow/example_dags/example_nested_branch_dag.py for tasks to queue
[2022-11-21T21:41:57.445-0300] {logging_mixin.py:115} INFO - [2022-11-21T21:41:57.444-0300] {dagbag.py:508} INFO - Filling up the DagBag from /home/juliana/Área de Trabalho/datapipeline/.env/lib/python3.8/site-packages/airflow/example_dags/example_nested_branch_dag.py
[2022-11-21T21:41:57.462-0300] {processor.py:650} INFO - DAG(s) dict_keys(['example_nested_branch_dag']) retrieved from /home/juliana/Área de Trabalho/datapipeline/.env/lib/python3.8/site-packages/airflow/example_dags/example_nested_branch_dag.py
[2022-11-21T21:41:57.481-0300] {logging_mixin.py:115} INFO - [2022-11-21T21:41:57.481-0300] {dag.py:2429} INFO - Sync 1 DAGs
[2022-11-21T21:41:57.505-0300] {logging_mixin.py:115} INFO - [2022-11-21T21:41:57.505-0300] {dag.py:2977} INFO - Setting next_dagrun for example_nested_branch_dag to 2022-11-21T00:00:00+00:00, run_after=2022-11-22T00:00:00+00:00
[2022-11-21T21:41:57.530-0300] {processor.py:161} INFO - Processing /home/juliana/Área de Trabalho/datapipeline/.env/lib/python3.8/site-packages/airflow/example_dags/example_nested_branch_dag.py took 0.096 seconds
[2022-11-21T21:42:29.440-0300] {processor.py:153} INFO - Started process (PID=9202) to work on /home/juliana/Área de Trabalho/datapipeline/.env/lib/python3.8/site-packages/airflow/example_dags/example_nested_branch_dag.py
[2022-11-21T21:42:29.441-0300] {processor.py:640} INFO - Processing file /home/juliana/Área de Trabalho/datapipeline/.env/lib/python3.8/site-packages/airflow/example_dags/example_nested_branch_dag.py for tasks to queue
[2022-11-21T21:42:29.442-0300] {logging_mixin.py:115} INFO - [2022-11-21T21:42:29.442-0300] {dagbag.py:508} INFO - Filling up the DagBag from /home/juliana/Área de Trabalho/datapipeline/.env/lib/python3.8/site-packages/airflow/example_dags/example_nested_branch_dag.py
[2022-11-21T21:42:29.457-0300] {processor.py:650} INFO - DAG(s) dict_keys(['example_nested_branch_dag']) retrieved from /home/juliana/Área de Trabalho/datapipeline/.env/lib/python3.8/site-packages/airflow/example_dags/example_nested_branch_dag.py
[2022-11-21T21:42:29.472-0300] {logging_mixin.py:115} INFO - [2022-11-21T21:42:29.472-0300] {dag.py:2429} INFO - Sync 1 DAGs
[2022-11-21T21:42:29.491-0300] {logging_mixin.py:115} INFO - [2022-11-21T21:42:29.491-0300] {dag.py:2977} INFO - Setting next_dagrun for example_nested_branch_dag to 2022-11-21T00:00:00+00:00, run_after=2022-11-22T00:00:00+00:00
[2022-11-21T21:42:29.512-0300] {processor.py:161} INFO - Processing /home/juliana/Área de Trabalho/datapipeline/.env/lib/python3.8/site-packages/airflow/example_dags/example_nested_branch_dag.py took 0.079 seconds
[2022-11-21T21:43:05.658-0300] {processor.py:153} INFO - Started process (PID=9413) to work on /home/juliana/Área de Trabalho/datapipeline/.env/lib/python3.8/site-packages/airflow/example_dags/example_nested_branch_dag.py
[2022-11-21T21:43:05.659-0300] {processor.py:640} INFO - Processing file /home/juliana/Área de Trabalho/datapipeline/.env/lib/python3.8/site-packages/airflow/example_dags/example_nested_branch_dag.py for tasks to queue
[2022-11-21T21:43:05.660-0300] {logging_mixin.py:115} INFO - [2022-11-21T21:43:05.660-0300] {dagbag.py:508} INFO - Filling up the DagBag from /home/juliana/Área de Trabalho/datapipeline/.env/lib/python3.8/site-packages/airflow/example_dags/example_nested_branch_dag.py
[2022-11-21T21:43:05.671-0300] {processor.py:650} INFO - DAG(s) dict_keys(['example_nested_branch_dag']) retrieved from /home/juliana/Área de Trabalho/datapipeline/.env/lib/python3.8/site-packages/airflow/example_dags/example_nested_branch_dag.py
[2022-11-21T21:43:05.689-0300] {logging_mixin.py:115} INFO - [2022-11-21T21:43:05.689-0300] {dag.py:2429} INFO - Sync 1 DAGs
[2022-11-21T21:43:05.707-0300] {logging_mixin.py:115} INFO - [2022-11-21T21:43:05.707-0300] {dag.py:2977} INFO - Setting next_dagrun for example_nested_branch_dag to 2022-11-21T00:00:00+00:00, run_after=2022-11-22T00:00:00+00:00
[2022-11-21T21:43:05.734-0300] {processor.py:161} INFO - Processing /home/juliana/Área de Trabalho/datapipeline/.env/lib/python3.8/site-packages/airflow/example_dags/example_nested_branch_dag.py took 0.080 seconds
[2022-11-21T21:43:37.839-0300] {processor.py:153} INFO - Started process (PID=9621) to work on /home/juliana/Área de Trabalho/datapipeline/.env/lib/python3.8/site-packages/airflow/example_dags/example_nested_branch_dag.py
[2022-11-21T21:43:37.841-0300] {processor.py:640} INFO - Processing file /home/juliana/Área de Trabalho/datapipeline/.env/lib/python3.8/site-packages/airflow/example_dags/example_nested_branch_dag.py for tasks to queue
[2022-11-21T21:43:37.841-0300] {logging_mixin.py:115} INFO - [2022-11-21T21:43:37.841-0300] {dagbag.py:508} INFO - Filling up the DagBag from /home/juliana/Área de Trabalho/datapipeline/.env/lib/python3.8/site-packages/airflow/example_dags/example_nested_branch_dag.py
[2022-11-21T21:43:37.855-0300] {processor.py:650} INFO - DAG(s) dict_keys(['example_nested_branch_dag']) retrieved from /home/juliana/Área de Trabalho/datapipeline/.env/lib/python3.8/site-packages/airflow/example_dags/example_nested_branch_dag.py
[2022-11-21T21:43:37.875-0300] {logging_mixin.py:115} INFO - [2022-11-21T21:43:37.874-0300] {dag.py:2429} INFO - Sync 1 DAGs
[2022-11-21T21:43:37.890-0300] {logging_mixin.py:115} INFO - [2022-11-21T21:43:37.890-0300] {dag.py:2977} INFO - Setting next_dagrun for example_nested_branch_dag to 2022-11-21T00:00:00+00:00, run_after=2022-11-22T00:00:00+00:00
[2022-11-21T21:43:37.911-0300] {processor.py:161} INFO - Processing /home/juliana/Área de Trabalho/datapipeline/.env/lib/python3.8/site-packages/airflow/example_dags/example_nested_branch_dag.py took 0.076 seconds
[2022-11-21T21:44:10.866-0300] {processor.py:153} INFO - Started process (PID=9688) to work on /home/juliana/Área de Trabalho/datapipeline/.env/lib/python3.8/site-packages/airflow/example_dags/example_nested_branch_dag.py
[2022-11-21T21:44:10.867-0300] {processor.py:640} INFO - Processing file /home/juliana/Área de Trabalho/datapipeline/.env/lib/python3.8/site-packages/airflow/example_dags/example_nested_branch_dag.py for tasks to queue
[2022-11-21T21:44:10.868-0300] {logging_mixin.py:115} INFO - [2022-11-21T21:44:10.868-0300] {dagbag.py:508} INFO - Filling up the DagBag from /home/juliana/Área de Trabalho/datapipeline/.env/lib/python3.8/site-packages/airflow/example_dags/example_nested_branch_dag.py
[2022-11-21T21:44:10.894-0300] {processor.py:650} INFO - DAG(s) dict_keys(['example_nested_branch_dag']) retrieved from /home/juliana/Área de Trabalho/datapipeline/.env/lib/python3.8/site-packages/airflow/example_dags/example_nested_branch_dag.py
[2022-11-21T21:44:10.943-0300] {logging_mixin.py:115} INFO - [2022-11-21T21:44:10.943-0300] {dag.py:2429} INFO - Sync 1 DAGs
[2022-11-21T21:44:10.974-0300] {logging_mixin.py:115} INFO - [2022-11-21T21:44:10.974-0300] {dag.py:2977} INFO - Setting next_dagrun for example_nested_branch_dag to 2022-11-21T00:00:00+00:00, run_after=2022-11-22T00:00:00+00:00
[2022-11-21T21:44:11.015-0300] {processor.py:161} INFO - Processing /home/juliana/Área de Trabalho/datapipeline/.env/lib/python3.8/site-packages/airflow/example_dags/example_nested_branch_dag.py took 0.154 seconds
[2022-11-21T21:44:46.727-0300] {processor.py:153} INFO - Started process (PID=9733) to work on /home/juliana/Área de Trabalho/datapipeline/.env/lib/python3.8/site-packages/airflow/example_dags/example_nested_branch_dag.py
[2022-11-21T21:44:46.733-0300] {processor.py:640} INFO - Processing file /home/juliana/Área de Trabalho/datapipeline/.env/lib/python3.8/site-packages/airflow/example_dags/example_nested_branch_dag.py for tasks to queue
[2022-11-21T21:44:46.735-0300] {logging_mixin.py:115} INFO - [2022-11-21T21:44:46.734-0300] {dagbag.py:508} INFO - Filling up the DagBag from /home/juliana/Área de Trabalho/datapipeline/.env/lib/python3.8/site-packages/airflow/example_dags/example_nested_branch_dag.py
[2022-11-21T21:44:46.748-0300] {processor.py:650} INFO - DAG(s) dict_keys(['example_nested_branch_dag']) retrieved from /home/juliana/Área de Trabalho/datapipeline/.env/lib/python3.8/site-packages/airflow/example_dags/example_nested_branch_dag.py
[2022-11-21T21:44:46.766-0300] {logging_mixin.py:115} INFO - [2022-11-21T21:44:46.766-0300] {dag.py:2429} INFO - Sync 1 DAGs
[2022-11-21T21:44:46.782-0300] {logging_mixin.py:115} INFO - [2022-11-21T21:44:46.781-0300] {dag.py:2977} INFO - Setting next_dagrun for example_nested_branch_dag to 2022-11-21T00:00:00+00:00, run_after=2022-11-22T00:00:00+00:00
[2022-11-21T21:44:46.801-0300] {processor.py:161} INFO - Processing /home/juliana/Área de Trabalho/datapipeline/.env/lib/python3.8/site-packages/airflow/example_dags/example_nested_branch_dag.py took 0.078 seconds
[2022-11-21T21:45:23.930-0300] {processor.py:153} INFO - Started process (PID=9776) to work on /home/juliana/Área de Trabalho/datapipeline/.env/lib/python3.8/site-packages/airflow/example_dags/example_nested_branch_dag.py
[2022-11-21T21:45:23.931-0300] {processor.py:640} INFO - Processing file /home/juliana/Área de Trabalho/datapipeline/.env/lib/python3.8/site-packages/airflow/example_dags/example_nested_branch_dag.py for tasks to queue
[2022-11-21T21:45:23.932-0300] {logging_mixin.py:115} INFO - [2022-11-21T21:45:23.932-0300] {dagbag.py:508} INFO - Filling up the DagBag from /home/juliana/Área de Trabalho/datapipeline/.env/lib/python3.8/site-packages/airflow/example_dags/example_nested_branch_dag.py
[2022-11-21T21:45:23.945-0300] {processor.py:650} INFO - DAG(s) dict_keys(['example_nested_branch_dag']) retrieved from /home/juliana/Área de Trabalho/datapipeline/.env/lib/python3.8/site-packages/airflow/example_dags/example_nested_branch_dag.py
[2022-11-21T21:45:23.964-0300] {logging_mixin.py:115} INFO - [2022-11-21T21:45:23.964-0300] {dag.py:2429} INFO - Sync 1 DAGs
[2022-11-21T21:45:23.980-0300] {logging_mixin.py:115} INFO - [2022-11-21T21:45:23.979-0300] {dag.py:2977} INFO - Setting next_dagrun for example_nested_branch_dag to 2022-11-21T00:00:00+00:00, run_after=2022-11-22T00:00:00+00:00
[2022-11-21T21:45:24.048-0300] {processor.py:161} INFO - Processing /home/juliana/Área de Trabalho/datapipeline/.env/lib/python3.8/site-packages/airflow/example_dags/example_nested_branch_dag.py took 0.123 seconds
[2022-11-21T21:45:59.838-0300] {processor.py:153} INFO - Started process (PID=9899) to work on /home/juliana/Área de Trabalho/datapipeline/.env/lib/python3.8/site-packages/airflow/example_dags/example_nested_branch_dag.py
[2022-11-21T21:45:59.840-0300] {processor.py:640} INFO - Processing file /home/juliana/Área de Trabalho/datapipeline/.env/lib/python3.8/site-packages/airflow/example_dags/example_nested_branch_dag.py for tasks to queue
[2022-11-21T21:45:59.840-0300] {logging_mixin.py:115} INFO - [2022-11-21T21:45:59.840-0300] {dagbag.py:508} INFO - Filling up the DagBag from /home/juliana/Área de Trabalho/datapipeline/.env/lib/python3.8/site-packages/airflow/example_dags/example_nested_branch_dag.py
[2022-11-21T21:45:59.854-0300] {processor.py:650} INFO - DAG(s) dict_keys(['example_nested_branch_dag']) retrieved from /home/juliana/Área de Trabalho/datapipeline/.env/lib/python3.8/site-packages/airflow/example_dags/example_nested_branch_dag.py
[2022-11-21T21:45:59.870-0300] {logging_mixin.py:115} INFO - [2022-11-21T21:45:59.870-0300] {dag.py:2429} INFO - Sync 1 DAGs
[2022-11-21T21:45:59.899-0300] {logging_mixin.py:115} INFO - [2022-11-21T21:45:59.899-0300] {dag.py:2977} INFO - Setting next_dagrun for example_nested_branch_dag to 2022-11-21T00:00:00+00:00, run_after=2022-11-22T00:00:00+00:00
[2022-11-21T21:45:59.914-0300] {processor.py:161} INFO - Processing /home/juliana/Área de Trabalho/datapipeline/.env/lib/python3.8/site-packages/airflow/example_dags/example_nested_branch_dag.py took 0.082 seconds
[2022-11-21T21:46:32.702-0300] {processor.py:153} INFO - Started process (PID=10088) to work on /home/juliana/Área de Trabalho/datapipeline/.env/lib/python3.8/site-packages/airflow/example_dags/example_nested_branch_dag.py
[2022-11-21T21:46:32.703-0300] {processor.py:640} INFO - Processing file /home/juliana/Área de Trabalho/datapipeline/.env/lib/python3.8/site-packages/airflow/example_dags/example_nested_branch_dag.py for tasks to queue
[2022-11-21T21:46:32.704-0300] {logging_mixin.py:115} INFO - [2022-11-21T21:46:32.704-0300] {dagbag.py:508} INFO - Filling up the DagBag from /home/juliana/Área de Trabalho/datapipeline/.env/lib/python3.8/site-packages/airflow/example_dags/example_nested_branch_dag.py
[2022-11-21T21:46:32.713-0300] {processor.py:650} INFO - DAG(s) dict_keys(['example_nested_branch_dag']) retrieved from /home/juliana/Área de Trabalho/datapipeline/.env/lib/python3.8/site-packages/airflow/example_dags/example_nested_branch_dag.py
[2022-11-21T21:46:32.729-0300] {logging_mixin.py:115} INFO - [2022-11-21T21:46:32.729-0300] {dag.py:2429} INFO - Sync 1 DAGs
[2022-11-21T21:46:32.745-0300] {logging_mixin.py:115} INFO - [2022-11-21T21:46:32.745-0300] {dag.py:2977} INFO - Setting next_dagrun for example_nested_branch_dag to 2022-11-21T00:00:00+00:00, run_after=2022-11-22T00:00:00+00:00
[2022-11-21T21:46:32.818-0300] {processor.py:161} INFO - Processing /home/juliana/Área de Trabalho/datapipeline/.env/lib/python3.8/site-packages/airflow/example_dags/example_nested_branch_dag.py took 0.119 seconds
[2022-11-21T21:47:07.641-0300] {processor.py:153} INFO - Started process (PID=10301) to work on /home/juliana/Área de Trabalho/datapipeline/.env/lib/python3.8/site-packages/airflow/example_dags/example_nested_branch_dag.py
[2022-11-21T21:47:07.642-0300] {processor.py:640} INFO - Processing file /home/juliana/Área de Trabalho/datapipeline/.env/lib/python3.8/site-packages/airflow/example_dags/example_nested_branch_dag.py for tasks to queue
[2022-11-21T21:47:07.643-0300] {logging_mixin.py:115} INFO - [2022-11-21T21:47:07.643-0300] {dagbag.py:508} INFO - Filling up the DagBag from /home/juliana/Área de Trabalho/datapipeline/.env/lib/python3.8/site-packages/airflow/example_dags/example_nested_branch_dag.py
[2022-11-21T21:47:07.661-0300] {processor.py:650} INFO - DAG(s) dict_keys(['example_nested_branch_dag']) retrieved from /home/juliana/Área de Trabalho/datapipeline/.env/lib/python3.8/site-packages/airflow/example_dags/example_nested_branch_dag.py
[2022-11-21T21:47:07.686-0300] {logging_mixin.py:115} INFO - [2022-11-21T21:47:07.686-0300] {dag.py:2429} INFO - Sync 1 DAGs
[2022-11-21T21:47:07.701-0300] {logging_mixin.py:115} INFO - [2022-11-21T21:47:07.701-0300] {dag.py:2977} INFO - Setting next_dagrun for example_nested_branch_dag to 2022-11-21T00:00:00+00:00, run_after=2022-11-22T00:00:00+00:00
[2022-11-21T21:47:07.722-0300] {processor.py:161} INFO - Processing /home/juliana/Área de Trabalho/datapipeline/.env/lib/python3.8/site-packages/airflow/example_dags/example_nested_branch_dag.py took 0.086 seconds
[2022-11-21T21:47:43.631-0300] {processor.py:153} INFO - Started process (PID=10511) to work on /home/juliana/Área de Trabalho/datapipeline/.env/lib/python3.8/site-packages/airflow/example_dags/example_nested_branch_dag.py
[2022-11-21T21:47:43.633-0300] {processor.py:640} INFO - Processing file /home/juliana/Área de Trabalho/datapipeline/.env/lib/python3.8/site-packages/airflow/example_dags/example_nested_branch_dag.py for tasks to queue
[2022-11-21T21:47:43.634-0300] {logging_mixin.py:115} INFO - [2022-11-21T21:47:43.634-0300] {dagbag.py:508} INFO - Filling up the DagBag from /home/juliana/Área de Trabalho/datapipeline/.env/lib/python3.8/site-packages/airflow/example_dags/example_nested_branch_dag.py
[2022-11-21T21:47:43.658-0300] {processor.py:650} INFO - DAG(s) dict_keys(['example_nested_branch_dag']) retrieved from /home/juliana/Área de Trabalho/datapipeline/.env/lib/python3.8/site-packages/airflow/example_dags/example_nested_branch_dag.py
[2022-11-21T21:47:43.678-0300] {logging_mixin.py:115} INFO - [2022-11-21T21:47:43.678-0300] {dag.py:2429} INFO - Sync 1 DAGs
[2022-11-21T21:47:43.697-0300] {logging_mixin.py:115} INFO - [2022-11-21T21:47:43.696-0300] {dag.py:2977} INFO - Setting next_dagrun for example_nested_branch_dag to 2022-11-21T00:00:00+00:00, run_after=2022-11-22T00:00:00+00:00
[2022-11-21T21:47:43.716-0300] {processor.py:161} INFO - Processing /home/juliana/Área de Trabalho/datapipeline/.env/lib/python3.8/site-packages/airflow/example_dags/example_nested_branch_dag.py took 0.093 seconds
[2022-11-21T21:48:18.633-0300] {processor.py:153} INFO - Started process (PID=10601) to work on /home/juliana/Área de Trabalho/datapipeline/.env/lib/python3.8/site-packages/airflow/example_dags/example_nested_branch_dag.py
[2022-11-21T21:48:18.634-0300] {processor.py:640} INFO - Processing file /home/juliana/Área de Trabalho/datapipeline/.env/lib/python3.8/site-packages/airflow/example_dags/example_nested_branch_dag.py for tasks to queue
[2022-11-21T21:48:18.635-0300] {logging_mixin.py:115} INFO - [2022-11-21T21:48:18.635-0300] {dagbag.py:508} INFO - Filling up the DagBag from /home/juliana/Área de Trabalho/datapipeline/.env/lib/python3.8/site-packages/airflow/example_dags/example_nested_branch_dag.py
[2022-11-21T21:48:18.649-0300] {processor.py:650} INFO - DAG(s) dict_keys(['example_nested_branch_dag']) retrieved from /home/juliana/Área de Trabalho/datapipeline/.env/lib/python3.8/site-packages/airflow/example_dags/example_nested_branch_dag.py
[2022-11-21T21:48:18.668-0300] {logging_mixin.py:115} INFO - [2022-11-21T21:48:18.668-0300] {dag.py:2429} INFO - Sync 1 DAGs
[2022-11-21T21:48:18.684-0300] {logging_mixin.py:115} INFO - [2022-11-21T21:48:18.684-0300] {dag.py:2977} INFO - Setting next_dagrun for example_nested_branch_dag to 2022-11-21T00:00:00+00:00, run_after=2022-11-22T00:00:00+00:00
[2022-11-21T21:48:18.704-0300] {processor.py:161} INFO - Processing /home/juliana/Área de Trabalho/datapipeline/.env/lib/python3.8/site-packages/airflow/example_dags/example_nested_branch_dag.py took 0.076 seconds
[2022-11-21T21:48:52.267-0300] {processor.py:153} INFO - Started process (PID=10739) to work on /home/juliana/Área de Trabalho/datapipeline/.env/lib/python3.8/site-packages/airflow/example_dags/example_nested_branch_dag.py
[2022-11-21T21:48:52.269-0300] {processor.py:640} INFO - Processing file /home/juliana/Área de Trabalho/datapipeline/.env/lib/python3.8/site-packages/airflow/example_dags/example_nested_branch_dag.py for tasks to queue
[2022-11-21T21:48:52.270-0300] {logging_mixin.py:115} INFO - [2022-11-21T21:48:52.269-0300] {dagbag.py:508} INFO - Filling up the DagBag from /home/juliana/Área de Trabalho/datapipeline/.env/lib/python3.8/site-packages/airflow/example_dags/example_nested_branch_dag.py
[2022-11-21T21:48:52.279-0300] {processor.py:650} INFO - DAG(s) dict_keys(['example_nested_branch_dag']) retrieved from /home/juliana/Área de Trabalho/datapipeline/.env/lib/python3.8/site-packages/airflow/example_dags/example_nested_branch_dag.py
[2022-11-21T21:48:52.295-0300] {logging_mixin.py:115} INFO - [2022-11-21T21:48:52.295-0300] {dag.py:2429} INFO - Sync 1 DAGs
[2022-11-21T21:48:52.310-0300] {logging_mixin.py:115} INFO - [2022-11-21T21:48:52.309-0300] {dag.py:2977} INFO - Setting next_dagrun for example_nested_branch_dag to 2022-11-21T00:00:00+00:00, run_after=2022-11-22T00:00:00+00:00
[2022-11-21T21:48:52.330-0300] {processor.py:161} INFO - Processing /home/juliana/Área de Trabalho/datapipeline/.env/lib/python3.8/site-packages/airflow/example_dags/example_nested_branch_dag.py took 0.071 seconds
[2022-11-21T21:49:23.320-0300] {processor.py:153} INFO - Started process (PID=10772) to work on /home/juliana/Área de Trabalho/datapipeline/.env/lib/python3.8/site-packages/airflow/example_dags/example_nested_branch_dag.py
[2022-11-21T21:49:23.321-0300] {processor.py:640} INFO - Processing file /home/juliana/Área de Trabalho/datapipeline/.env/lib/python3.8/site-packages/airflow/example_dags/example_nested_branch_dag.py for tasks to queue
[2022-11-21T21:49:23.322-0300] {logging_mixin.py:115} INFO - [2022-11-21T21:49:23.322-0300] {dagbag.py:508} INFO - Filling up the DagBag from /home/juliana/Área de Trabalho/datapipeline/.env/lib/python3.8/site-packages/airflow/example_dags/example_nested_branch_dag.py
[2022-11-21T21:49:23.336-0300] {processor.py:650} INFO - DAG(s) dict_keys(['example_nested_branch_dag']) retrieved from /home/juliana/Área de Trabalho/datapipeline/.env/lib/python3.8/site-packages/airflow/example_dags/example_nested_branch_dag.py
[2022-11-21T21:49:23.354-0300] {logging_mixin.py:115} INFO - [2022-11-21T21:49:23.354-0300] {dag.py:2429} INFO - Sync 1 DAGs
[2022-11-21T21:49:23.368-0300] {logging_mixin.py:115} INFO - [2022-11-21T21:49:23.368-0300] {dag.py:2977} INFO - Setting next_dagrun for example_nested_branch_dag to 2022-11-21T00:00:00+00:00, run_after=2022-11-22T00:00:00+00:00
[2022-11-21T21:49:23.388-0300] {processor.py:161} INFO - Processing /home/juliana/Área de Trabalho/datapipeline/.env/lib/python3.8/site-packages/airflow/example_dags/example_nested_branch_dag.py took 0.073 seconds
[2022-11-21T21:49:58.206-0300] {processor.py:153} INFO - Started process (PID=10807) to work on /home/juliana/Área de Trabalho/datapipeline/.env/lib/python3.8/site-packages/airflow/example_dags/example_nested_branch_dag.py
[2022-11-21T21:49:58.208-0300] {processor.py:640} INFO - Processing file /home/juliana/Área de Trabalho/datapipeline/.env/lib/python3.8/site-packages/airflow/example_dags/example_nested_branch_dag.py for tasks to queue
[2022-11-21T21:49:58.208-0300] {logging_mixin.py:115} INFO - [2022-11-21T21:49:58.208-0300] {dagbag.py:508} INFO - Filling up the DagBag from /home/juliana/Área de Trabalho/datapipeline/.env/lib/python3.8/site-packages/airflow/example_dags/example_nested_branch_dag.py
[2022-11-21T21:49:58.238-0300] {processor.py:650} INFO - DAG(s) dict_keys(['example_nested_branch_dag']) retrieved from /home/juliana/Área de Trabalho/datapipeline/.env/lib/python3.8/site-packages/airflow/example_dags/example_nested_branch_dag.py
[2022-11-21T21:49:58.256-0300] {logging_mixin.py:115} INFO - [2022-11-21T21:49:58.255-0300] {dag.py:2429} INFO - Sync 1 DAGs
[2022-11-21T21:49:58.272-0300] {logging_mixin.py:115} INFO - [2022-11-21T21:49:58.272-0300] {dag.py:2977} INFO - Setting next_dagrun for example_nested_branch_dag to 2022-11-21T00:00:00+00:00, run_after=2022-11-22T00:00:00+00:00
[2022-11-21T21:49:58.288-0300] {processor.py:161} INFO - Processing /home/juliana/Área de Trabalho/datapipeline/.env/lib/python3.8/site-packages/airflow/example_dags/example_nested_branch_dag.py took 0.086 seconds
[2022-11-21T21:50:32.876-0300] {processor.py:153} INFO - Started process (PID=10863) to work on /home/juliana/Área de Trabalho/datapipeline/.env/lib/python3.8/site-packages/airflow/example_dags/example_nested_branch_dag.py
[2022-11-21T21:50:32.878-0300] {processor.py:640} INFO - Processing file /home/juliana/Área de Trabalho/datapipeline/.env/lib/python3.8/site-packages/airflow/example_dags/example_nested_branch_dag.py for tasks to queue
[2022-11-21T21:50:32.879-0300] {logging_mixin.py:115} INFO - [2022-11-21T21:50:32.878-0300] {dagbag.py:508} INFO - Filling up the DagBag from /home/juliana/Área de Trabalho/datapipeline/.env/lib/python3.8/site-packages/airflow/example_dags/example_nested_branch_dag.py
[2022-11-21T21:50:32.895-0300] {processor.py:650} INFO - DAG(s) dict_keys(['example_nested_branch_dag']) retrieved from /home/juliana/Área de Trabalho/datapipeline/.env/lib/python3.8/site-packages/airflow/example_dags/example_nested_branch_dag.py
[2022-11-21T21:50:32.913-0300] {logging_mixin.py:115} INFO - [2022-11-21T21:50:32.913-0300] {dag.py:2429} INFO - Sync 1 DAGs
[2022-11-21T21:50:32.928-0300] {logging_mixin.py:115} INFO - [2022-11-21T21:50:32.928-0300] {dag.py:2977} INFO - Setting next_dagrun for example_nested_branch_dag to 2022-11-21T00:00:00+00:00, run_after=2022-11-22T00:00:00+00:00
[2022-11-21T21:50:32.945-0300] {processor.py:161} INFO - Processing /home/juliana/Área de Trabalho/datapipeline/.env/lib/python3.8/site-packages/airflow/example_dags/example_nested_branch_dag.py took 0.075 seconds
[2022-11-21T21:51:05.135-0300] {processor.py:153} INFO - Started process (PID=10900) to work on /home/juliana/Área de Trabalho/datapipeline/.env/lib/python3.8/site-packages/airflow/example_dags/example_nested_branch_dag.py
[2022-11-21T21:51:05.136-0300] {processor.py:640} INFO - Processing file /home/juliana/Área de Trabalho/datapipeline/.env/lib/python3.8/site-packages/airflow/example_dags/example_nested_branch_dag.py for tasks to queue
[2022-11-21T21:51:05.137-0300] {logging_mixin.py:115} INFO - [2022-11-21T21:51:05.137-0300] {dagbag.py:508} INFO - Filling up the DagBag from /home/juliana/Área de Trabalho/datapipeline/.env/lib/python3.8/site-packages/airflow/example_dags/example_nested_branch_dag.py
[2022-11-21T21:51:05.152-0300] {processor.py:650} INFO - DAG(s) dict_keys(['example_nested_branch_dag']) retrieved from /home/juliana/Área de Trabalho/datapipeline/.env/lib/python3.8/site-packages/airflow/example_dags/example_nested_branch_dag.py
[2022-11-21T21:51:05.171-0300] {logging_mixin.py:115} INFO - [2022-11-21T21:51:05.171-0300] {dag.py:2429} INFO - Sync 1 DAGs
[2022-11-21T21:51:05.187-0300] {logging_mixin.py:115} INFO - [2022-11-21T21:51:05.187-0300] {dag.py:2977} INFO - Setting next_dagrun for example_nested_branch_dag to 2022-11-21T00:00:00+00:00, run_after=2022-11-22T00:00:00+00:00
[2022-11-21T21:51:05.251-0300] {processor.py:161} INFO - Processing /home/juliana/Área de Trabalho/datapipeline/.env/lib/python3.8/site-packages/airflow/example_dags/example_nested_branch_dag.py took 0.121 seconds
[2022-11-21T21:51:38.496-0300] {processor.py:153} INFO - Started process (PID=10932) to work on /home/juliana/Área de Trabalho/datapipeline/.env/lib/python3.8/site-packages/airflow/example_dags/example_nested_branch_dag.py
[2022-11-21T21:51:38.499-0300] {processor.py:640} INFO - Processing file /home/juliana/Área de Trabalho/datapipeline/.env/lib/python3.8/site-packages/airflow/example_dags/example_nested_branch_dag.py for tasks to queue
[2022-11-21T21:51:38.500-0300] {logging_mixin.py:115} INFO - [2022-11-21T21:51:38.500-0300] {dagbag.py:508} INFO - Filling up the DagBag from /home/juliana/Área de Trabalho/datapipeline/.env/lib/python3.8/site-packages/airflow/example_dags/example_nested_branch_dag.py
[2022-11-21T21:51:38.520-0300] {processor.py:650} INFO - DAG(s) dict_keys(['example_nested_branch_dag']) retrieved from /home/juliana/Área de Trabalho/datapipeline/.env/lib/python3.8/site-packages/airflow/example_dags/example_nested_branch_dag.py
[2022-11-21T21:51:38.542-0300] {logging_mixin.py:115} INFO - [2022-11-21T21:51:38.541-0300] {dag.py:2429} INFO - Sync 1 DAGs
[2022-11-21T21:51:38.558-0300] {logging_mixin.py:115} INFO - [2022-11-21T21:51:38.558-0300] {dag.py:2977} INFO - Setting next_dagrun for example_nested_branch_dag to 2022-11-21T00:00:00+00:00, run_after=2022-11-22T00:00:00+00:00
[2022-11-21T21:51:38.573-0300] {processor.py:161} INFO - Processing /home/juliana/Área de Trabalho/datapipeline/.env/lib/python3.8/site-packages/airflow/example_dags/example_nested_branch_dag.py took 0.083 seconds
[2022-11-21T21:52:12.996-0300] {processor.py:153} INFO - Started process (PID=10967) to work on /home/juliana/Área de Trabalho/datapipeline/.env/lib/python3.8/site-packages/airflow/example_dags/example_nested_branch_dag.py
[2022-11-21T21:52:12.997-0300] {processor.py:640} INFO - Processing file /home/juliana/Área de Trabalho/datapipeline/.env/lib/python3.8/site-packages/airflow/example_dags/example_nested_branch_dag.py for tasks to queue
[2022-11-21T21:52:12.998-0300] {logging_mixin.py:115} INFO - [2022-11-21T21:52:12.998-0300] {dagbag.py:508} INFO - Filling up the DagBag from /home/juliana/Área de Trabalho/datapipeline/.env/lib/python3.8/site-packages/airflow/example_dags/example_nested_branch_dag.py
[2022-11-21T21:52:13.008-0300] {processor.py:650} INFO - DAG(s) dict_keys(['example_nested_branch_dag']) retrieved from /home/juliana/Área de Trabalho/datapipeline/.env/lib/python3.8/site-packages/airflow/example_dags/example_nested_branch_dag.py
[2022-11-21T21:52:13.029-0300] {logging_mixin.py:115} INFO - [2022-11-21T21:52:13.029-0300] {dag.py:2429} INFO - Sync 1 DAGs
[2022-11-21T21:52:13.049-0300] {logging_mixin.py:115} INFO - [2022-11-21T21:52:13.049-0300] {dag.py:2977} INFO - Setting next_dagrun for example_nested_branch_dag to 2022-11-21T00:00:00+00:00, run_after=2022-11-22T00:00:00+00:00
[2022-11-21T21:52:13.067-0300] {processor.py:161} INFO - Processing /home/juliana/Área de Trabalho/datapipeline/.env/lib/python3.8/site-packages/airflow/example_dags/example_nested_branch_dag.py took 0.077 seconds
[2022-11-21T21:52:46.941-0300] {processor.py:153} INFO - Started process (PID=11001) to work on /home/juliana/Área de Trabalho/datapipeline/.env/lib/python3.8/site-packages/airflow/example_dags/example_nested_branch_dag.py
[2022-11-21T21:52:46.942-0300] {processor.py:640} INFO - Processing file /home/juliana/Área de Trabalho/datapipeline/.env/lib/python3.8/site-packages/airflow/example_dags/example_nested_branch_dag.py for tasks to queue
[2022-11-21T21:52:46.943-0300] {logging_mixin.py:115} INFO - [2022-11-21T21:52:46.943-0300] {dagbag.py:508} INFO - Filling up the DagBag from /home/juliana/Área de Trabalho/datapipeline/.env/lib/python3.8/site-packages/airflow/example_dags/example_nested_branch_dag.py
[2022-11-21T21:52:46.956-0300] {processor.py:650} INFO - DAG(s) dict_keys(['example_nested_branch_dag']) retrieved from /home/juliana/Área de Trabalho/datapipeline/.env/lib/python3.8/site-packages/airflow/example_dags/example_nested_branch_dag.py
[2022-11-21T21:52:46.975-0300] {logging_mixin.py:115} INFO - [2022-11-21T21:52:46.975-0300] {dag.py:2429} INFO - Sync 1 DAGs
[2022-11-21T21:52:46.991-0300] {logging_mixin.py:115} INFO - [2022-11-21T21:52:46.990-0300] {dag.py:2977} INFO - Setting next_dagrun for example_nested_branch_dag to 2022-11-21T00:00:00+00:00, run_after=2022-11-22T00:00:00+00:00
[2022-11-21T21:52:47.011-0300] {processor.py:161} INFO - Processing /home/juliana/Área de Trabalho/datapipeline/.env/lib/python3.8/site-packages/airflow/example_dags/example_nested_branch_dag.py took 0.074 seconds
[2022-11-21T21:53:20.638-0300] {processor.py:153} INFO - Started process (PID=11102) to work on /home/juliana/Área de Trabalho/datapipeline/.env/lib/python3.8/site-packages/airflow/example_dags/example_nested_branch_dag.py
[2022-11-21T21:53:20.639-0300] {processor.py:640} INFO - Processing file /home/juliana/Área de Trabalho/datapipeline/.env/lib/python3.8/site-packages/airflow/example_dags/example_nested_branch_dag.py for tasks to queue
[2022-11-21T21:53:20.640-0300] {logging_mixin.py:115} INFO - [2022-11-21T21:53:20.640-0300] {dagbag.py:508} INFO - Filling up the DagBag from /home/juliana/Área de Trabalho/datapipeline/.env/lib/python3.8/site-packages/airflow/example_dags/example_nested_branch_dag.py
[2022-11-21T21:53:20.657-0300] {processor.py:650} INFO - DAG(s) dict_keys(['example_nested_branch_dag']) retrieved from /home/juliana/Área de Trabalho/datapipeline/.env/lib/python3.8/site-packages/airflow/example_dags/example_nested_branch_dag.py
[2022-11-21T21:53:20.672-0300] {logging_mixin.py:115} INFO - [2022-11-21T21:53:20.672-0300] {dag.py:2429} INFO - Sync 1 DAGs
[2022-11-21T21:53:20.687-0300] {logging_mixin.py:115} INFO - [2022-11-21T21:53:20.687-0300] {dag.py:2977} INFO - Setting next_dagrun for example_nested_branch_dag to 2022-11-21T00:00:00+00:00, run_after=2022-11-22T00:00:00+00:00
[2022-11-21T21:53:20.706-0300] {processor.py:161} INFO - Processing /home/juliana/Área de Trabalho/datapipeline/.env/lib/python3.8/site-packages/airflow/example_dags/example_nested_branch_dag.py took 0.074 seconds
[2022-11-21T21:53:53.049-0300] {processor.py:153} INFO - Started process (PID=11291) to work on /home/juliana/Área de Trabalho/datapipeline/.env/lib/python3.8/site-packages/airflow/example_dags/example_nested_branch_dag.py
[2022-11-21T21:53:53.050-0300] {processor.py:640} INFO - Processing file /home/juliana/Área de Trabalho/datapipeline/.env/lib/python3.8/site-packages/airflow/example_dags/example_nested_branch_dag.py for tasks to queue
[2022-11-21T21:53:53.052-0300] {logging_mixin.py:115} INFO - [2022-11-21T21:53:53.052-0300] {dagbag.py:508} INFO - Filling up the DagBag from /home/juliana/Área de Trabalho/datapipeline/.env/lib/python3.8/site-packages/airflow/example_dags/example_nested_branch_dag.py
[2022-11-21T21:53:53.066-0300] {processor.py:650} INFO - DAG(s) dict_keys(['example_nested_branch_dag']) retrieved from /home/juliana/Área de Trabalho/datapipeline/.env/lib/python3.8/site-packages/airflow/example_dags/example_nested_branch_dag.py
[2022-11-21T21:53:53.082-0300] {logging_mixin.py:115} INFO - [2022-11-21T21:53:53.082-0300] {dag.py:2429} INFO - Sync 1 DAGs
[2022-11-21T21:53:53.103-0300] {logging_mixin.py:115} INFO - [2022-11-21T21:53:53.103-0300] {dag.py:2977} INFO - Setting next_dagrun for example_nested_branch_dag to 2022-11-21T00:00:00+00:00, run_after=2022-11-22T00:00:00+00:00
[2022-11-21T21:53:53.121-0300] {processor.py:161} INFO - Processing /home/juliana/Área de Trabalho/datapipeline/.env/lib/python3.8/site-packages/airflow/example_dags/example_nested_branch_dag.py took 0.077 seconds
[2022-11-21T21:54:28.802-0300] {processor.py:153} INFO - Started process (PID=11503) to work on /home/juliana/Área de Trabalho/datapipeline/.env/lib/python3.8/site-packages/airflow/example_dags/example_nested_branch_dag.py
[2022-11-21T21:54:28.808-0300] {processor.py:640} INFO - Processing file /home/juliana/Área de Trabalho/datapipeline/.env/lib/python3.8/site-packages/airflow/example_dags/example_nested_branch_dag.py for tasks to queue
[2022-11-21T21:54:28.808-0300] {logging_mixin.py:115} INFO - [2022-11-21T21:54:28.808-0300] {dagbag.py:508} INFO - Filling up the DagBag from /home/juliana/Área de Trabalho/datapipeline/.env/lib/python3.8/site-packages/airflow/example_dags/example_nested_branch_dag.py
[2022-11-21T21:54:28.825-0300] {processor.py:650} INFO - DAG(s) dict_keys(['example_nested_branch_dag']) retrieved from /home/juliana/Área de Trabalho/datapipeline/.env/lib/python3.8/site-packages/airflow/example_dags/example_nested_branch_dag.py
[2022-11-21T21:54:28.844-0300] {logging_mixin.py:115} INFO - [2022-11-21T21:54:28.844-0300] {dag.py:2429} INFO - Sync 1 DAGs
[2022-11-21T21:54:28.867-0300] {logging_mixin.py:115} INFO - [2022-11-21T21:54:28.867-0300] {dag.py:2977} INFO - Setting next_dagrun for example_nested_branch_dag to 2022-11-21T00:00:00+00:00, run_after=2022-11-22T00:00:00+00:00
[2022-11-21T21:54:28.886-0300] {processor.py:161} INFO - Processing /home/juliana/Área de Trabalho/datapipeline/.env/lib/python3.8/site-packages/airflow/example_dags/example_nested_branch_dag.py took 0.090 seconds
[2022-11-21T21:55:29.094-0300] {processor.py:153} INFO - Started process (PID=11641) to work on /home/juliana/Área de Trabalho/datapipeline/.env/lib/python3.8/site-packages/airflow/example_dags/example_nested_branch_dag.py
[2022-11-21T21:55:29.096-0300] {processor.py:640} INFO - Processing file /home/juliana/Área de Trabalho/datapipeline/.env/lib/python3.8/site-packages/airflow/example_dags/example_nested_branch_dag.py for tasks to queue
[2022-11-21T21:55:29.097-0300] {logging_mixin.py:115} INFO - [2022-11-21T21:55:29.097-0300] {dagbag.py:508} INFO - Filling up the DagBag from /home/juliana/Área de Trabalho/datapipeline/.env/lib/python3.8/site-packages/airflow/example_dags/example_nested_branch_dag.py
[2022-11-21T21:55:29.109-0300] {processor.py:650} INFO - DAG(s) dict_keys(['example_nested_branch_dag']) retrieved from /home/juliana/Área de Trabalho/datapipeline/.env/lib/python3.8/site-packages/airflow/example_dags/example_nested_branch_dag.py
[2022-11-21T21:55:29.125-0300] {logging_mixin.py:115} INFO - [2022-11-21T21:55:29.125-0300] {dag.py:2429} INFO - Sync 1 DAGs
[2022-11-21T21:55:29.145-0300] {logging_mixin.py:115} INFO - [2022-11-21T21:55:29.145-0300] {dag.py:2977} INFO - Setting next_dagrun for example_nested_branch_dag to 2022-11-21T00:00:00+00:00, run_after=2022-11-22T00:00:00+00:00
[2022-11-21T21:55:29.377-0300] {processor.py:161} INFO - Processing /home/juliana/Área de Trabalho/datapipeline/.env/lib/python3.8/site-packages/airflow/example_dags/example_nested_branch_dag.py took 0.288 seconds
[2022-11-21T21:56:09.032-0300] {processor.py:153} INFO - Started process (PID=12007) to work on /home/juliana/Área de Trabalho/datapipeline/.env/lib/python3.8/site-packages/airflow/example_dags/example_nested_branch_dag.py
[2022-11-21T21:56:09.036-0300] {processor.py:640} INFO - Processing file /home/juliana/Área de Trabalho/datapipeline/.env/lib/python3.8/site-packages/airflow/example_dags/example_nested_branch_dag.py for tasks to queue
[2022-11-21T21:56:09.039-0300] {logging_mixin.py:115} INFO - [2022-11-21T21:56:09.038-0300] {dagbag.py:508} INFO - Filling up the DagBag from /home/juliana/Área de Trabalho/datapipeline/.env/lib/python3.8/site-packages/airflow/example_dags/example_nested_branch_dag.py
[2022-11-21T21:56:09.109-0300] {processor.py:650} INFO - DAG(s) dict_keys(['example_nested_branch_dag']) retrieved from /home/juliana/Área de Trabalho/datapipeline/.env/lib/python3.8/site-packages/airflow/example_dags/example_nested_branch_dag.py
[2022-11-21T21:56:09.202-0300] {logging_mixin.py:115} INFO - [2022-11-21T21:56:09.202-0300] {dag.py:2429} INFO - Sync 1 DAGs
[2022-11-21T21:56:09.303-0300] {logging_mixin.py:115} INFO - [2022-11-21T21:56:09.303-0300] {dag.py:2977} INFO - Setting next_dagrun for example_nested_branch_dag to 2022-11-21T00:00:00+00:00, run_after=2022-11-22T00:00:00+00:00
[2022-11-21T21:56:09.377-0300] {processor.py:161} INFO - Processing /home/juliana/Área de Trabalho/datapipeline/.env/lib/python3.8/site-packages/airflow/example_dags/example_nested_branch_dag.py took 0.350 seconds
[2022-11-21T22:03:37.289-0300] {processor.py:153} INFO - Started process (PID=2234) to work on /home/juliana/Área de Trabalho/datapipeline/.env/lib/python3.8/site-packages/airflow/example_dags/example_nested_branch_dag.py
[2022-11-21T22:03:37.292-0300] {processor.py:640} INFO - Processing file /home/juliana/Área de Trabalho/datapipeline/.env/lib/python3.8/site-packages/airflow/example_dags/example_nested_branch_dag.py for tasks to queue
[2022-11-21T22:03:37.293-0300] {logging_mixin.py:115} INFO - [2022-11-21T22:03:37.293-0300] {dagbag.py:508} INFO - Filling up the DagBag from /home/juliana/Área de Trabalho/datapipeline/.env/lib/python3.8/site-packages/airflow/example_dags/example_nested_branch_dag.py
[2022-11-21T22:03:37.325-0300] {processor.py:650} INFO - DAG(s) dict_keys(['example_nested_branch_dag']) retrieved from /home/juliana/Área de Trabalho/datapipeline/.env/lib/python3.8/site-packages/airflow/example_dags/example_nested_branch_dag.py
[2022-11-21T22:03:37.368-0300] {logging_mixin.py:115} INFO - [2022-11-21T22:03:37.368-0300] {dag.py:2429} INFO - Sync 1 DAGs
[2022-11-21T22:03:37.429-0300] {logging_mixin.py:115} INFO - [2022-11-21T22:03:37.428-0300] {dag.py:2977} INFO - Setting next_dagrun for example_nested_branch_dag to 2022-11-21T00:00:00+00:00, run_after=2022-11-22T00:00:00+00:00
[2022-11-21T22:03:37.510-0300] {processor.py:161} INFO - Processing /home/juliana/Área de Trabalho/datapipeline/.env/lib/python3.8/site-packages/airflow/example_dags/example_nested_branch_dag.py took 0.227 seconds
[2022-11-21T22:04:16.840-0300] {processor.py:153} INFO - Started process (PID=2509) to work on /home/juliana/Área de Trabalho/datapipeline/.env/lib/python3.8/site-packages/airflow/example_dags/example_nested_branch_dag.py
[2022-11-21T22:04:16.844-0300] {processor.py:640} INFO - Processing file /home/juliana/Área de Trabalho/datapipeline/.env/lib/python3.8/site-packages/airflow/example_dags/example_nested_branch_dag.py for tasks to queue
[2022-11-21T22:04:16.844-0300] {logging_mixin.py:115} INFO - [2022-11-21T22:04:16.844-0300] {dagbag.py:508} INFO - Filling up the DagBag from /home/juliana/Área de Trabalho/datapipeline/.env/lib/python3.8/site-packages/airflow/example_dags/example_nested_branch_dag.py
[2022-11-21T22:04:16.862-0300] {processor.py:650} INFO - DAG(s) dict_keys(['example_nested_branch_dag']) retrieved from /home/juliana/Área de Trabalho/datapipeline/.env/lib/python3.8/site-packages/airflow/example_dags/example_nested_branch_dag.py
[2022-11-21T22:04:16.895-0300] {logging_mixin.py:115} INFO - [2022-11-21T22:04:16.895-0300] {dag.py:2429} INFO - Sync 1 DAGs
[2022-11-21T22:04:16.923-0300] {logging_mixin.py:115} INFO - [2022-11-21T22:04:16.923-0300] {dag.py:2977} INFO - Setting next_dagrun for example_nested_branch_dag to 2022-11-21T00:00:00+00:00, run_after=2022-11-22T00:00:00+00:00
[2022-11-21T22:04:16.940-0300] {processor.py:161} INFO - Processing /home/juliana/Área de Trabalho/datapipeline/.env/lib/python3.8/site-packages/airflow/example_dags/example_nested_branch_dag.py took 0.110 seconds
[2022-11-21T22:04:55.550-0300] {processor.py:153} INFO - Started process (PID=2701) to work on /home/juliana/Área de Trabalho/datapipeline/.env/lib/python3.8/site-packages/airflow/example_dags/example_nested_branch_dag.py
[2022-11-21T22:04:55.554-0300] {processor.py:640} INFO - Processing file /home/juliana/Área de Trabalho/datapipeline/.env/lib/python3.8/site-packages/airflow/example_dags/example_nested_branch_dag.py for tasks to queue
[2022-11-21T22:04:55.555-0300] {logging_mixin.py:115} INFO - [2022-11-21T22:04:55.555-0300] {dagbag.py:508} INFO - Filling up the DagBag from /home/juliana/Área de Trabalho/datapipeline/.env/lib/python3.8/site-packages/airflow/example_dags/example_nested_branch_dag.py
[2022-11-21T22:04:55.573-0300] {processor.py:650} INFO - DAG(s) dict_keys(['example_nested_branch_dag']) retrieved from /home/juliana/Área de Trabalho/datapipeline/.env/lib/python3.8/site-packages/airflow/example_dags/example_nested_branch_dag.py
[2022-11-21T22:04:55.619-0300] {logging_mixin.py:115} INFO - [2022-11-21T22:04:55.619-0300] {dag.py:2429} INFO - Sync 1 DAGs
[2022-11-21T22:04:55.680-0300] {logging_mixin.py:115} INFO - [2022-11-21T22:04:55.680-0300] {dag.py:2977} INFO - Setting next_dagrun for example_nested_branch_dag to 2022-11-21T00:00:00+00:00, run_after=2022-11-22T00:00:00+00:00
[2022-11-21T22:04:55.705-0300] {processor.py:161} INFO - Processing /home/juliana/Área de Trabalho/datapipeline/.env/lib/python3.8/site-packages/airflow/example_dags/example_nested_branch_dag.py took 0.160 seconds
[2022-11-21T22:05:32.933-0300] {processor.py:153} INFO - Started process (PID=3216) to work on /home/juliana/Área de Trabalho/datapipeline/.env/lib/python3.8/site-packages/airflow/example_dags/example_nested_branch_dag.py
[2022-11-21T22:05:32.935-0300] {processor.py:640} INFO - Processing file /home/juliana/Área de Trabalho/datapipeline/.env/lib/python3.8/site-packages/airflow/example_dags/example_nested_branch_dag.py for tasks to queue
[2022-11-21T22:05:32.936-0300] {logging_mixin.py:115} INFO - [2022-11-21T22:05:32.936-0300] {dagbag.py:508} INFO - Filling up the DagBag from /home/juliana/Área de Trabalho/datapipeline/.env/lib/python3.8/site-packages/airflow/example_dags/example_nested_branch_dag.py
[2022-11-21T22:05:32.964-0300] {processor.py:650} INFO - DAG(s) dict_keys(['example_nested_branch_dag']) retrieved from /home/juliana/Área de Trabalho/datapipeline/.env/lib/python3.8/site-packages/airflow/example_dags/example_nested_branch_dag.py
[2022-11-21T22:05:32.996-0300] {logging_mixin.py:115} INFO - [2022-11-21T22:05:32.995-0300] {dag.py:2429} INFO - Sync 1 DAGs
[2022-11-21T22:05:33.019-0300] {logging_mixin.py:115} INFO - [2022-11-21T22:05:33.019-0300] {dag.py:2977} INFO - Setting next_dagrun for example_nested_branch_dag to 2022-11-21T00:00:00+00:00, run_after=2022-11-22T00:00:00+00:00
[2022-11-21T22:05:33.034-0300] {processor.py:161} INFO - Processing /home/juliana/Área de Trabalho/datapipeline/.env/lib/python3.8/site-packages/airflow/example_dags/example_nested_branch_dag.py took 0.106 seconds
[2022-11-21T22:06:10.486-0300] {processor.py:153} INFO - Started process (PID=3584) to work on /home/juliana/Área de Trabalho/datapipeline/.env/lib/python3.8/site-packages/airflow/example_dags/example_nested_branch_dag.py
[2022-11-21T22:06:10.489-0300] {processor.py:640} INFO - Processing file /home/juliana/Área de Trabalho/datapipeline/.env/lib/python3.8/site-packages/airflow/example_dags/example_nested_branch_dag.py for tasks to queue
[2022-11-21T22:06:10.490-0300] {logging_mixin.py:115} INFO - [2022-11-21T22:06:10.490-0300] {dagbag.py:508} INFO - Filling up the DagBag from /home/juliana/Área de Trabalho/datapipeline/.env/lib/python3.8/site-packages/airflow/example_dags/example_nested_branch_dag.py
[2022-11-21T22:06:10.508-0300] {processor.py:650} INFO - DAG(s) dict_keys(['example_nested_branch_dag']) retrieved from /home/juliana/Área de Trabalho/datapipeline/.env/lib/python3.8/site-packages/airflow/example_dags/example_nested_branch_dag.py
[2022-11-21T22:06:10.543-0300] {logging_mixin.py:115} INFO - [2022-11-21T22:06:10.543-0300] {dag.py:2429} INFO - Sync 1 DAGs
[2022-11-21T22:06:10.567-0300] {logging_mixin.py:115} INFO - [2022-11-21T22:06:10.567-0300] {dag.py:2977} INFO - Setting next_dagrun for example_nested_branch_dag to 2022-11-21T00:00:00+00:00, run_after=2022-11-22T00:00:00+00:00
[2022-11-21T22:06:10.587-0300] {processor.py:161} INFO - Processing /home/juliana/Área de Trabalho/datapipeline/.env/lib/python3.8/site-packages/airflow/example_dags/example_nested_branch_dag.py took 0.125 seconds
[2022-11-21T22:06:46.194-0300] {processor.py:153} INFO - Started process (PID=3803) to work on /home/juliana/Área de Trabalho/datapipeline/.env/lib/python3.8/site-packages/airflow/example_dags/example_nested_branch_dag.py
[2022-11-21T22:06:46.196-0300] {processor.py:640} INFO - Processing file /home/juliana/Área de Trabalho/datapipeline/.env/lib/python3.8/site-packages/airflow/example_dags/example_nested_branch_dag.py for tasks to queue
[2022-11-21T22:06:46.198-0300] {logging_mixin.py:115} INFO - [2022-11-21T22:06:46.198-0300] {dagbag.py:508} INFO - Filling up the DagBag from /home/juliana/Área de Trabalho/datapipeline/.env/lib/python3.8/site-packages/airflow/example_dags/example_nested_branch_dag.py
[2022-11-21T22:06:46.236-0300] {processor.py:650} INFO - DAG(s) dict_keys(['example_nested_branch_dag']) retrieved from /home/juliana/Área de Trabalho/datapipeline/.env/lib/python3.8/site-packages/airflow/example_dags/example_nested_branch_dag.py
[2022-11-21T22:06:46.287-0300] {logging_mixin.py:115} INFO - [2022-11-21T22:06:46.287-0300] {dag.py:2429} INFO - Sync 1 DAGs
[2022-11-21T22:06:46.339-0300] {logging_mixin.py:115} INFO - [2022-11-21T22:06:46.339-0300] {dag.py:2977} INFO - Setting next_dagrun for example_nested_branch_dag to 2022-11-21T00:00:00+00:00, run_after=2022-11-22T00:00:00+00:00
[2022-11-21T22:06:46.377-0300] {processor.py:161} INFO - Processing /home/juliana/Área de Trabalho/datapipeline/.env/lib/python3.8/site-packages/airflow/example_dags/example_nested_branch_dag.py took 0.193 seconds
[2022-11-21T22:07:19.280-0300] {processor.py:153} INFO - Started process (PID=3987) to work on /home/juliana/Área de Trabalho/datapipeline/.env/lib/python3.8/site-packages/airflow/example_dags/example_nested_branch_dag.py
[2022-11-21T22:07:19.284-0300] {processor.py:640} INFO - Processing file /home/juliana/Área de Trabalho/datapipeline/.env/lib/python3.8/site-packages/airflow/example_dags/example_nested_branch_dag.py for tasks to queue
[2022-11-21T22:07:19.287-0300] {logging_mixin.py:115} INFO - [2022-11-21T22:07:19.287-0300] {dagbag.py:508} INFO - Filling up the DagBag from /home/juliana/Área de Trabalho/datapipeline/.env/lib/python3.8/site-packages/airflow/example_dags/example_nested_branch_dag.py
[2022-11-21T22:07:19.337-0300] {processor.py:650} INFO - DAG(s) dict_keys(['example_nested_branch_dag']) retrieved from /home/juliana/Área de Trabalho/datapipeline/.env/lib/python3.8/site-packages/airflow/example_dags/example_nested_branch_dag.py
[2022-11-21T22:07:19.376-0300] {logging_mixin.py:115} INFO - [2022-11-21T22:07:19.376-0300] {dag.py:2429} INFO - Sync 1 DAGs
[2022-11-21T22:07:19.402-0300] {logging_mixin.py:115} INFO - [2022-11-21T22:07:19.402-0300] {dag.py:2977} INFO - Setting next_dagrun for example_nested_branch_dag to 2022-11-21T00:00:00+00:00, run_after=2022-11-22T00:00:00+00:00
[2022-11-21T22:07:19.428-0300] {processor.py:161} INFO - Processing /home/juliana/Área de Trabalho/datapipeline/.env/lib/python3.8/site-packages/airflow/example_dags/example_nested_branch_dag.py took 0.162 seconds
[2022-11-21T22:07:53.685-0300] {processor.py:153} INFO - Started process (PID=4172) to work on /home/juliana/Área de Trabalho/datapipeline/.env/lib/python3.8/site-packages/airflow/example_dags/example_nested_branch_dag.py
[2022-11-21T22:07:53.686-0300] {processor.py:640} INFO - Processing file /home/juliana/Área de Trabalho/datapipeline/.env/lib/python3.8/site-packages/airflow/example_dags/example_nested_branch_dag.py for tasks to queue
[2022-11-21T22:07:53.687-0300] {logging_mixin.py:115} INFO - [2022-11-21T22:07:53.687-0300] {dagbag.py:508} INFO - Filling up the DagBag from /home/juliana/Área de Trabalho/datapipeline/.env/lib/python3.8/site-packages/airflow/example_dags/example_nested_branch_dag.py
[2022-11-21T22:07:53.697-0300] {processor.py:650} INFO - DAG(s) dict_keys(['example_nested_branch_dag']) retrieved from /home/juliana/Área de Trabalho/datapipeline/.env/lib/python3.8/site-packages/airflow/example_dags/example_nested_branch_dag.py
[2022-11-21T22:07:53.712-0300] {logging_mixin.py:115} INFO - [2022-11-21T22:07:53.712-0300] {dag.py:2429} INFO - Sync 1 DAGs
[2022-11-21T22:07:53.731-0300] {logging_mixin.py:115} INFO - [2022-11-21T22:07:53.730-0300] {dag.py:2977} INFO - Setting next_dagrun for example_nested_branch_dag to 2022-11-21T00:00:00+00:00, run_after=2022-11-22T00:00:00+00:00
[2022-11-21T22:07:53.751-0300] {processor.py:161} INFO - Processing /home/juliana/Área de Trabalho/datapipeline/.env/lib/python3.8/site-packages/airflow/example_dags/example_nested_branch_dag.py took 0.069 seconds
[2022-11-21T22:08:28.108-0300] {processor.py:153} INFO - Started process (PID=4380) to work on /home/juliana/Área de Trabalho/datapipeline/.env/lib/python3.8/site-packages/airflow/example_dags/example_nested_branch_dag.py
[2022-11-21T22:08:28.110-0300] {processor.py:640} INFO - Processing file /home/juliana/Área de Trabalho/datapipeline/.env/lib/python3.8/site-packages/airflow/example_dags/example_nested_branch_dag.py for tasks to queue
[2022-11-21T22:08:28.110-0300] {logging_mixin.py:115} INFO - [2022-11-21T22:08:28.110-0300] {dagbag.py:508} INFO - Filling up the DagBag from /home/juliana/Área de Trabalho/datapipeline/.env/lib/python3.8/site-packages/airflow/example_dags/example_nested_branch_dag.py
[2022-11-21T22:08:28.142-0300] {processor.py:650} INFO - DAG(s) dict_keys(['example_nested_branch_dag']) retrieved from /home/juliana/Área de Trabalho/datapipeline/.env/lib/python3.8/site-packages/airflow/example_dags/example_nested_branch_dag.py
[2022-11-21T22:08:28.182-0300] {logging_mixin.py:115} INFO - [2022-11-21T22:08:28.180-0300] {dag.py:2429} INFO - Sync 1 DAGs
[2022-11-21T22:08:28.208-0300] {logging_mixin.py:115} INFO - [2022-11-21T22:08:28.208-0300] {dag.py:2977} INFO - Setting next_dagrun for example_nested_branch_dag to 2022-11-21T00:00:00+00:00, run_after=2022-11-22T00:00:00+00:00
[2022-11-21T22:08:28.227-0300] {processor.py:161} INFO - Processing /home/juliana/Área de Trabalho/datapipeline/.env/lib/python3.8/site-packages/airflow/example_dags/example_nested_branch_dag.py took 0.128 seconds
[2022-11-21T22:09:04.565-0300] {processor.py:153} INFO - Started process (PID=4627) to work on /home/juliana/Área de Trabalho/datapipeline/.env/lib/python3.8/site-packages/airflow/example_dags/example_nested_branch_dag.py
[2022-11-21T22:09:04.567-0300] {processor.py:640} INFO - Processing file /home/juliana/Área de Trabalho/datapipeline/.env/lib/python3.8/site-packages/airflow/example_dags/example_nested_branch_dag.py for tasks to queue
[2022-11-21T22:09:04.568-0300] {logging_mixin.py:115} INFO - [2022-11-21T22:09:04.568-0300] {dagbag.py:508} INFO - Filling up the DagBag from /home/juliana/Área de Trabalho/datapipeline/.env/lib/python3.8/site-packages/airflow/example_dags/example_nested_branch_dag.py
[2022-11-21T22:09:04.583-0300] {processor.py:650} INFO - DAG(s) dict_keys(['example_nested_branch_dag']) retrieved from /home/juliana/Área de Trabalho/datapipeline/.env/lib/python3.8/site-packages/airflow/example_dags/example_nested_branch_dag.py
[2022-11-21T22:09:04.603-0300] {logging_mixin.py:115} INFO - [2022-11-21T22:09:04.603-0300] {dag.py:2429} INFO - Sync 1 DAGs
[2022-11-21T22:09:04.618-0300] {logging_mixin.py:115} INFO - [2022-11-21T22:09:04.618-0300] {dag.py:2977} INFO - Setting next_dagrun for example_nested_branch_dag to 2022-11-21T00:00:00+00:00, run_after=2022-11-22T00:00:00+00:00
[2022-11-21T22:09:04.645-0300] {processor.py:161} INFO - Processing /home/juliana/Área de Trabalho/datapipeline/.env/lib/python3.8/site-packages/airflow/example_dags/example_nested_branch_dag.py took 0.086 seconds
[2022-11-21T22:09:39.102-0300] {processor.py:153} INFO - Started process (PID=5009) to work on /home/juliana/Área de Trabalho/datapipeline/.env/lib/python3.8/site-packages/airflow/example_dags/example_nested_branch_dag.py
[2022-11-21T22:09:39.105-0300] {processor.py:640} INFO - Processing file /home/juliana/Área de Trabalho/datapipeline/.env/lib/python3.8/site-packages/airflow/example_dags/example_nested_branch_dag.py for tasks to queue
[2022-11-21T22:09:39.105-0300] {logging_mixin.py:115} INFO - [2022-11-21T22:09:39.105-0300] {dagbag.py:508} INFO - Filling up the DagBag from /home/juliana/Área de Trabalho/datapipeline/.env/lib/python3.8/site-packages/airflow/example_dags/example_nested_branch_dag.py
[2022-11-21T22:09:39.129-0300] {processor.py:650} INFO - DAG(s) dict_keys(['example_nested_branch_dag']) retrieved from /home/juliana/Área de Trabalho/datapipeline/.env/lib/python3.8/site-packages/airflow/example_dags/example_nested_branch_dag.py
[2022-11-21T22:09:39.171-0300] {logging_mixin.py:115} INFO - [2022-11-21T22:09:39.171-0300] {dag.py:2429} INFO - Sync 1 DAGs
[2022-11-21T22:09:39.214-0300] {logging_mixin.py:115} INFO - [2022-11-21T22:09:39.214-0300] {dag.py:2977} INFO - Setting next_dagrun for example_nested_branch_dag to 2022-11-21T00:00:00+00:00, run_after=2022-11-22T00:00:00+00:00
[2022-11-21T22:09:39.238-0300] {processor.py:161} INFO - Processing /home/juliana/Área de Trabalho/datapipeline/.env/lib/python3.8/site-packages/airflow/example_dags/example_nested_branch_dag.py took 0.144 seconds
[2022-11-21T22:10:15.838-0300] {processor.py:153} INFO - Started process (PID=5061) to work on /home/juliana/Área de Trabalho/datapipeline/.env/lib/python3.8/site-packages/airflow/example_dags/example_nested_branch_dag.py
[2022-11-21T22:10:15.839-0300] {processor.py:640} INFO - Processing file /home/juliana/Área de Trabalho/datapipeline/.env/lib/python3.8/site-packages/airflow/example_dags/example_nested_branch_dag.py for tasks to queue
[2022-11-21T22:10:15.840-0300] {logging_mixin.py:115} INFO - [2022-11-21T22:10:15.840-0300] {dagbag.py:508} INFO - Filling up the DagBag from /home/juliana/Área de Trabalho/datapipeline/.env/lib/python3.8/site-packages/airflow/example_dags/example_nested_branch_dag.py
[2022-11-21T22:10:15.854-0300] {processor.py:650} INFO - DAG(s) dict_keys(['example_nested_branch_dag']) retrieved from /home/juliana/Área de Trabalho/datapipeline/.env/lib/python3.8/site-packages/airflow/example_dags/example_nested_branch_dag.py
[2022-11-21T22:10:15.889-0300] {logging_mixin.py:115} INFO - [2022-11-21T22:10:15.889-0300] {dag.py:2429} INFO - Sync 1 DAGs
[2022-11-21T22:10:15.919-0300] {logging_mixin.py:115} INFO - [2022-11-21T22:10:15.918-0300] {dag.py:2977} INFO - Setting next_dagrun for example_nested_branch_dag to 2022-11-21T00:00:00+00:00, run_after=2022-11-22T00:00:00+00:00
[2022-11-21T22:10:15.939-0300] {processor.py:161} INFO - Processing /home/juliana/Área de Trabalho/datapipeline/.env/lib/python3.8/site-packages/airflow/example_dags/example_nested_branch_dag.py took 0.104 seconds
[2022-11-21T22:10:49.654-0300] {processor.py:153} INFO - Started process (PID=5399) to work on /home/juliana/Área de Trabalho/datapipeline/.env/lib/python3.8/site-packages/airflow/example_dags/example_nested_branch_dag.py
[2022-11-21T22:10:49.661-0300] {processor.py:640} INFO - Processing file /home/juliana/Área de Trabalho/datapipeline/.env/lib/python3.8/site-packages/airflow/example_dags/example_nested_branch_dag.py for tasks to queue
[2022-11-21T22:10:49.662-0300] {logging_mixin.py:115} INFO - [2022-11-21T22:10:49.662-0300] {dagbag.py:508} INFO - Filling up the DagBag from /home/juliana/Área de Trabalho/datapipeline/.env/lib/python3.8/site-packages/airflow/example_dags/example_nested_branch_dag.py
[2022-11-21T22:10:49.678-0300] {processor.py:650} INFO - DAG(s) dict_keys(['example_nested_branch_dag']) retrieved from /home/juliana/Área de Trabalho/datapipeline/.env/lib/python3.8/site-packages/airflow/example_dags/example_nested_branch_dag.py
[2022-11-21T22:10:49.698-0300] {logging_mixin.py:115} INFO - [2022-11-21T22:10:49.698-0300] {dag.py:2429} INFO - Sync 1 DAGs
[2022-11-21T22:10:49.714-0300] {logging_mixin.py:115} INFO - [2022-11-21T22:10:49.714-0300] {dag.py:2977} INFO - Setting next_dagrun for example_nested_branch_dag to 2022-11-21T00:00:00+00:00, run_after=2022-11-22T00:00:00+00:00
[2022-11-21T22:10:49.730-0300] {processor.py:161} INFO - Processing /home/juliana/Área de Trabalho/datapipeline/.env/lib/python3.8/site-packages/airflow/example_dags/example_nested_branch_dag.py took 0.083 seconds
[2022-11-21T22:11:24.942-0300] {processor.py:153} INFO - Started process (PID=5589) to work on /home/juliana/Área de Trabalho/datapipeline/.env/lib/python3.8/site-packages/airflow/example_dags/example_nested_branch_dag.py
[2022-11-21T22:11:24.943-0300] {processor.py:640} INFO - Processing file /home/juliana/Área de Trabalho/datapipeline/.env/lib/python3.8/site-packages/airflow/example_dags/example_nested_branch_dag.py for tasks to queue
[2022-11-21T22:11:24.945-0300] {logging_mixin.py:115} INFO - [2022-11-21T22:11:24.944-0300] {dagbag.py:508} INFO - Filling up the DagBag from /home/juliana/Área de Trabalho/datapipeline/.env/lib/python3.8/site-packages/airflow/example_dags/example_nested_branch_dag.py
[2022-11-21T22:11:24.966-0300] {processor.py:650} INFO - DAG(s) dict_keys(['example_nested_branch_dag']) retrieved from /home/juliana/Área de Trabalho/datapipeline/.env/lib/python3.8/site-packages/airflow/example_dags/example_nested_branch_dag.py
[2022-11-21T22:11:24.987-0300] {logging_mixin.py:115} INFO - [2022-11-21T22:11:24.987-0300] {dag.py:2429} INFO - Sync 1 DAGs
[2022-11-21T22:11:25.003-0300] {logging_mixin.py:115} INFO - [2022-11-21T22:11:25.003-0300] {dag.py:2977} INFO - Setting next_dagrun for example_nested_branch_dag to 2022-11-21T00:00:00+00:00, run_after=2022-11-22T00:00:00+00:00
[2022-11-21T22:11:25.022-0300] {processor.py:161} INFO - Processing /home/juliana/Área de Trabalho/datapipeline/.env/lib/python3.8/site-packages/airflow/example_dags/example_nested_branch_dag.py took 0.085 seconds
[2022-11-21T22:12:02.312-0300] {processor.py:153} INFO - Started process (PID=5932) to work on /home/juliana/Área de Trabalho/datapipeline/.env/lib/python3.8/site-packages/airflow/example_dags/example_nested_branch_dag.py
[2022-11-21T22:12:02.314-0300] {processor.py:640} INFO - Processing file /home/juliana/Área de Trabalho/datapipeline/.env/lib/python3.8/site-packages/airflow/example_dags/example_nested_branch_dag.py for tasks to queue
[2022-11-21T22:12:02.315-0300] {logging_mixin.py:115} INFO - [2022-11-21T22:12:02.315-0300] {dagbag.py:508} INFO - Filling up the DagBag from /home/juliana/Área de Trabalho/datapipeline/.env/lib/python3.8/site-packages/airflow/example_dags/example_nested_branch_dag.py
[2022-11-21T22:12:02.326-0300] {processor.py:650} INFO - DAG(s) dict_keys(['example_nested_branch_dag']) retrieved from /home/juliana/Área de Trabalho/datapipeline/.env/lib/python3.8/site-packages/airflow/example_dags/example_nested_branch_dag.py
[2022-11-21T22:12:02.343-0300] {logging_mixin.py:115} INFO - [2022-11-21T22:12:02.343-0300] {dag.py:2429} INFO - Sync 1 DAGs
[2022-11-21T22:12:02.361-0300] {logging_mixin.py:115} INFO - [2022-11-21T22:12:02.361-0300] {dag.py:2977} INFO - Setting next_dagrun for example_nested_branch_dag to 2022-11-21T00:00:00+00:00, run_after=2022-11-22T00:00:00+00:00
[2022-11-21T22:12:02.423-0300] {processor.py:161} INFO - Processing /home/juliana/Área de Trabalho/datapipeline/.env/lib/python3.8/site-packages/airflow/example_dags/example_nested_branch_dag.py took 0.114 seconds
[2022-11-21T22:12:38.805-0300] {processor.py:153} INFO - Started process (PID=5981) to work on /home/juliana/Área de Trabalho/datapipeline/.env/lib/python3.8/site-packages/airflow/example_dags/example_nested_branch_dag.py
[2022-11-21T22:12:38.806-0300] {processor.py:640} INFO - Processing file /home/juliana/Área de Trabalho/datapipeline/.env/lib/python3.8/site-packages/airflow/example_dags/example_nested_branch_dag.py for tasks to queue
[2022-11-21T22:12:38.807-0300] {logging_mixin.py:115} INFO - [2022-11-21T22:12:38.807-0300] {dagbag.py:508} INFO - Filling up the DagBag from /home/juliana/Área de Trabalho/datapipeline/.env/lib/python3.8/site-packages/airflow/example_dags/example_nested_branch_dag.py
[2022-11-21T22:12:38.824-0300] {processor.py:650} INFO - DAG(s) dict_keys(['example_nested_branch_dag']) retrieved from /home/juliana/Área de Trabalho/datapipeline/.env/lib/python3.8/site-packages/airflow/example_dags/example_nested_branch_dag.py
[2022-11-21T22:12:38.857-0300] {logging_mixin.py:115} INFO - [2022-11-21T22:12:38.857-0300] {dag.py:2429} INFO - Sync 1 DAGs
[2022-11-21T22:12:38.876-0300] {logging_mixin.py:115} INFO - [2022-11-21T22:12:38.876-0300] {dag.py:2977} INFO - Setting next_dagrun for example_nested_branch_dag to 2022-11-21T00:00:00+00:00, run_after=2022-11-22T00:00:00+00:00
[2022-11-21T22:12:38.943-0300] {processor.py:161} INFO - Processing /home/juliana/Área de Trabalho/datapipeline/.env/lib/python3.8/site-packages/airflow/example_dags/example_nested_branch_dag.py took 0.153 seconds
[2022-11-21T22:13:14.626-0300] {processor.py:153} INFO - Started process (PID=6016) to work on /home/juliana/Área de Trabalho/datapipeline/.env/lib/python3.8/site-packages/airflow/example_dags/example_nested_branch_dag.py
[2022-11-21T22:13:14.632-0300] {processor.py:640} INFO - Processing file /home/juliana/Área de Trabalho/datapipeline/.env/lib/python3.8/site-packages/airflow/example_dags/example_nested_branch_dag.py for tasks to queue
[2022-11-21T22:13:14.634-0300] {logging_mixin.py:115} INFO - [2022-11-21T22:13:14.633-0300] {dagbag.py:508} INFO - Filling up the DagBag from /home/juliana/Área de Trabalho/datapipeline/.env/lib/python3.8/site-packages/airflow/example_dags/example_nested_branch_dag.py
[2022-11-21T22:13:14.647-0300] {processor.py:650} INFO - DAG(s) dict_keys(['example_nested_branch_dag']) retrieved from /home/juliana/Área de Trabalho/datapipeline/.env/lib/python3.8/site-packages/airflow/example_dags/example_nested_branch_dag.py
[2022-11-21T22:13:14.667-0300] {logging_mixin.py:115} INFO - [2022-11-21T22:13:14.667-0300] {dag.py:2429} INFO - Sync 1 DAGs
[2022-11-21T22:13:14.683-0300] {logging_mixin.py:115} INFO - [2022-11-21T22:13:14.683-0300] {dag.py:2977} INFO - Setting next_dagrun for example_nested_branch_dag to 2022-11-21T00:00:00+00:00, run_after=2022-11-22T00:00:00+00:00
[2022-11-21T22:13:14.770-0300] {processor.py:161} INFO - Processing /home/juliana/Área de Trabalho/datapipeline/.env/lib/python3.8/site-packages/airflow/example_dags/example_nested_branch_dag.py took 0.150 seconds
[2022-11-21T22:13:47.182-0300] {processor.py:153} INFO - Started process (PID=6049) to work on /home/juliana/Área de Trabalho/datapipeline/.env/lib/python3.8/site-packages/airflow/example_dags/example_nested_branch_dag.py
[2022-11-21T22:13:47.184-0300] {processor.py:640} INFO - Processing file /home/juliana/Área de Trabalho/datapipeline/.env/lib/python3.8/site-packages/airflow/example_dags/example_nested_branch_dag.py for tasks to queue
[2022-11-21T22:13:47.186-0300] {logging_mixin.py:115} INFO - [2022-11-21T22:13:47.185-0300] {dagbag.py:508} INFO - Filling up the DagBag from /home/juliana/Área de Trabalho/datapipeline/.env/lib/python3.8/site-packages/airflow/example_dags/example_nested_branch_dag.py
[2022-11-21T22:13:47.205-0300] {processor.py:650} INFO - DAG(s) dict_keys(['example_nested_branch_dag']) retrieved from /home/juliana/Área de Trabalho/datapipeline/.env/lib/python3.8/site-packages/airflow/example_dags/example_nested_branch_dag.py
[2022-11-21T22:13:47.226-0300] {logging_mixin.py:115} INFO - [2022-11-21T22:13:47.225-0300] {dag.py:2429} INFO - Sync 1 DAGs
[2022-11-21T22:13:47.242-0300] {logging_mixin.py:115} INFO - [2022-11-21T22:13:47.242-0300] {dag.py:2977} INFO - Setting next_dagrun for example_nested_branch_dag to 2022-11-21T00:00:00+00:00, run_after=2022-11-22T00:00:00+00:00
[2022-11-21T22:13:47.262-0300] {processor.py:161} INFO - Processing /home/juliana/Área de Trabalho/datapipeline/.env/lib/python3.8/site-packages/airflow/example_dags/example_nested_branch_dag.py took 0.085 seconds
[2022-11-21T22:14:21.072-0300] {processor.py:153} INFO - Started process (PID=6084) to work on /home/juliana/Área de Trabalho/datapipeline/.env/lib/python3.8/site-packages/airflow/example_dags/example_nested_branch_dag.py
[2022-11-21T22:14:21.073-0300] {processor.py:640} INFO - Processing file /home/juliana/Área de Trabalho/datapipeline/.env/lib/python3.8/site-packages/airflow/example_dags/example_nested_branch_dag.py for tasks to queue
[2022-11-21T22:14:21.074-0300] {logging_mixin.py:115} INFO - [2022-11-21T22:14:21.073-0300] {dagbag.py:508} INFO - Filling up the DagBag from /home/juliana/Área de Trabalho/datapipeline/.env/lib/python3.8/site-packages/airflow/example_dags/example_nested_branch_dag.py
[2022-11-21T22:14:21.082-0300] {processor.py:650} INFO - DAG(s) dict_keys(['example_nested_branch_dag']) retrieved from /home/juliana/Área de Trabalho/datapipeline/.env/lib/python3.8/site-packages/airflow/example_dags/example_nested_branch_dag.py
[2022-11-21T22:14:21.098-0300] {logging_mixin.py:115} INFO - [2022-11-21T22:14:21.098-0300] {dag.py:2429} INFO - Sync 1 DAGs
[2022-11-21T22:14:21.113-0300] {logging_mixin.py:115} INFO - [2022-11-21T22:14:21.113-0300] {dag.py:2977} INFO - Setting next_dagrun for example_nested_branch_dag to 2022-11-21T00:00:00+00:00, run_after=2022-11-22T00:00:00+00:00
[2022-11-21T22:14:21.176-0300] {processor.py:161} INFO - Processing /home/juliana/Área de Trabalho/datapipeline/.env/lib/python3.8/site-packages/airflow/example_dags/example_nested_branch_dag.py took 0.106 seconds
[2022-11-21T22:14:52.921-0300] {processor.py:153} INFO - Started process (PID=6116) to work on /home/juliana/Área de Trabalho/datapipeline/.env/lib/python3.8/site-packages/airflow/example_dags/example_nested_branch_dag.py
[2022-11-21T22:14:52.923-0300] {processor.py:640} INFO - Processing file /home/juliana/Área de Trabalho/datapipeline/.env/lib/python3.8/site-packages/airflow/example_dags/example_nested_branch_dag.py for tasks to queue
[2022-11-21T22:14:52.925-0300] {logging_mixin.py:115} INFO - [2022-11-21T22:14:52.924-0300] {dagbag.py:508} INFO - Filling up the DagBag from /home/juliana/Área de Trabalho/datapipeline/.env/lib/python3.8/site-packages/airflow/example_dags/example_nested_branch_dag.py
[2022-11-21T22:14:52.938-0300] {processor.py:650} INFO - DAG(s) dict_keys(['example_nested_branch_dag']) retrieved from /home/juliana/Área de Trabalho/datapipeline/.env/lib/python3.8/site-packages/airflow/example_dags/example_nested_branch_dag.py
[2022-11-21T22:14:52.958-0300] {logging_mixin.py:115} INFO - [2022-11-21T22:14:52.958-0300] {dag.py:2429} INFO - Sync 1 DAGs
[2022-11-21T22:14:52.974-0300] {logging_mixin.py:115} INFO - [2022-11-21T22:14:52.973-0300] {dag.py:2977} INFO - Setting next_dagrun for example_nested_branch_dag to 2022-11-21T00:00:00+00:00, run_after=2022-11-22T00:00:00+00:00
[2022-11-21T22:14:52.996-0300] {processor.py:161} INFO - Processing /home/juliana/Área de Trabalho/datapipeline/.env/lib/python3.8/site-packages/airflow/example_dags/example_nested_branch_dag.py took 0.081 seconds
[2022-11-21T22:15:26.133-0300] {processor.py:153} INFO - Started process (PID=6149) to work on /home/juliana/Área de Trabalho/datapipeline/.env/lib/python3.8/site-packages/airflow/example_dags/example_nested_branch_dag.py
[2022-11-21T22:15:26.134-0300] {processor.py:640} INFO - Processing file /home/juliana/Área de Trabalho/datapipeline/.env/lib/python3.8/site-packages/airflow/example_dags/example_nested_branch_dag.py for tasks to queue
[2022-11-21T22:15:26.135-0300] {logging_mixin.py:115} INFO - [2022-11-21T22:15:26.135-0300] {dagbag.py:508} INFO - Filling up the DagBag from /home/juliana/Área de Trabalho/datapipeline/.env/lib/python3.8/site-packages/airflow/example_dags/example_nested_branch_dag.py
[2022-11-21T22:15:26.151-0300] {processor.py:650} INFO - DAG(s) dict_keys(['example_nested_branch_dag']) retrieved from /home/juliana/Área de Trabalho/datapipeline/.env/lib/python3.8/site-packages/airflow/example_dags/example_nested_branch_dag.py
[2022-11-21T22:15:26.170-0300] {logging_mixin.py:115} INFO - [2022-11-21T22:15:26.170-0300] {dag.py:2429} INFO - Sync 1 DAGs
[2022-11-21T22:15:26.186-0300] {logging_mixin.py:115} INFO - [2022-11-21T22:15:26.185-0300] {dag.py:2977} INFO - Setting next_dagrun for example_nested_branch_dag to 2022-11-21T00:00:00+00:00, run_after=2022-11-22T00:00:00+00:00
[2022-11-21T22:15:26.202-0300] {processor.py:161} INFO - Processing /home/juliana/Área de Trabalho/datapipeline/.env/lib/python3.8/site-packages/airflow/example_dags/example_nested_branch_dag.py took 0.076 seconds
[2022-11-21T22:16:01.164-0300] {processor.py:153} INFO - Started process (PID=6184) to work on /home/juliana/Área de Trabalho/datapipeline/.env/lib/python3.8/site-packages/airflow/example_dags/example_nested_branch_dag.py
[2022-11-21T22:16:01.166-0300] {processor.py:640} INFO - Processing file /home/juliana/Área de Trabalho/datapipeline/.env/lib/python3.8/site-packages/airflow/example_dags/example_nested_branch_dag.py for tasks to queue
[2022-11-21T22:16:01.167-0300] {logging_mixin.py:115} INFO - [2022-11-21T22:16:01.167-0300] {dagbag.py:508} INFO - Filling up the DagBag from /home/juliana/Área de Trabalho/datapipeline/.env/lib/python3.8/site-packages/airflow/example_dags/example_nested_branch_dag.py
[2022-11-21T22:16:01.184-0300] {processor.py:650} INFO - DAG(s) dict_keys(['example_nested_branch_dag']) retrieved from /home/juliana/Área de Trabalho/datapipeline/.env/lib/python3.8/site-packages/airflow/example_dags/example_nested_branch_dag.py
[2022-11-21T22:16:01.203-0300] {logging_mixin.py:115} INFO - [2022-11-21T22:16:01.203-0300] {dag.py:2429} INFO - Sync 1 DAGs
[2022-11-21T22:16:01.218-0300] {logging_mixin.py:115} INFO - [2022-11-21T22:16:01.218-0300] {dag.py:2977} INFO - Setting next_dagrun for example_nested_branch_dag to 2022-11-21T00:00:00+00:00, run_after=2022-11-22T00:00:00+00:00
[2022-11-21T22:16:01.240-0300] {processor.py:161} INFO - Processing /home/juliana/Área de Trabalho/datapipeline/.env/lib/python3.8/site-packages/airflow/example_dags/example_nested_branch_dag.py took 0.083 seconds
[2022-11-21T22:16:34.064-0300] {processor.py:153} INFO - Started process (PID=6216) to work on /home/juliana/Área de Trabalho/datapipeline/.env/lib/python3.8/site-packages/airflow/example_dags/example_nested_branch_dag.py
[2022-11-21T22:16:34.065-0300] {processor.py:640} INFO - Processing file /home/juliana/Área de Trabalho/datapipeline/.env/lib/python3.8/site-packages/airflow/example_dags/example_nested_branch_dag.py for tasks to queue
[2022-11-21T22:16:34.066-0300] {logging_mixin.py:115} INFO - [2022-11-21T22:16:34.066-0300] {dagbag.py:508} INFO - Filling up the DagBag from /home/juliana/Área de Trabalho/datapipeline/.env/lib/python3.8/site-packages/airflow/example_dags/example_nested_branch_dag.py
[2022-11-21T22:16:34.079-0300] {processor.py:650} INFO - DAG(s) dict_keys(['example_nested_branch_dag']) retrieved from /home/juliana/Área de Trabalho/datapipeline/.env/lib/python3.8/site-packages/airflow/example_dags/example_nested_branch_dag.py
[2022-11-21T22:16:34.098-0300] {logging_mixin.py:115} INFO - [2022-11-21T22:16:34.098-0300] {dag.py:2429} INFO - Sync 1 DAGs
[2022-11-21T22:16:34.117-0300] {logging_mixin.py:115} INFO - [2022-11-21T22:16:34.117-0300] {dag.py:2977} INFO - Setting next_dagrun for example_nested_branch_dag to 2022-11-21T00:00:00+00:00, run_after=2022-11-22T00:00:00+00:00
[2022-11-21T22:16:34.131-0300] {processor.py:161} INFO - Processing /home/juliana/Área de Trabalho/datapipeline/.env/lib/python3.8/site-packages/airflow/example_dags/example_nested_branch_dag.py took 0.072 seconds
