[2022-11-21T21:13:11.361-0300] {processor.py:153} INFO - Started process (PID=3086) to work on /home/juliana/Área de Trabalho/datapipeline/.env/lib/python3.8/site-packages/airflow/example_dags/example_xcom.py
[2022-11-21T21:13:11.362-0300] {processor.py:640} INFO - Processing file /home/juliana/Área de Trabalho/datapipeline/.env/lib/python3.8/site-packages/airflow/example_dags/example_xcom.py for tasks to queue
[2022-11-21T21:13:11.363-0300] {logging_mixin.py:115} INFO - [2022-11-21T21:13:11.363-0300] {dagbag.py:508} INFO - Filling up the DagBag from /home/juliana/Área de Trabalho/datapipeline/.env/lib/python3.8/site-packages/airflow/example_dags/example_xcom.py
[2022-11-21T21:13:11.382-0300] {processor.py:650} INFO - DAG(s) dict_keys(['example_xcom']) retrieved from /home/juliana/Área de Trabalho/datapipeline/.env/lib/python3.8/site-packages/airflow/example_dags/example_xcom.py
[2022-11-21T21:13:11.420-0300] {logging_mixin.py:115} INFO - [2022-11-21T21:13:11.420-0300] {dag.py:2429} INFO - Sync 1 DAGs
[2022-11-21T21:13:11.433-0300] {logging_mixin.py:115} INFO - [2022-11-21T21:13:11.433-0300] {dag.py:2977} INFO - Setting next_dagrun for example_xcom to 2021-01-01T00:00:00+00:00, run_after=2021-01-01T00:00:00+00:00
[2022-11-21T21:13:11.449-0300] {processor.py:161} INFO - Processing /home/juliana/Área de Trabalho/datapipeline/.env/lib/python3.8/site-packages/airflow/example_dags/example_xcom.py took 0.090 seconds
[2022-11-21T21:13:49.172-0300] {processor.py:153} INFO - Started process (PID=3145) to work on /home/juliana/Área de Trabalho/datapipeline/.env/lib/python3.8/site-packages/airflow/example_dags/example_xcom.py
[2022-11-21T21:13:49.179-0300] {processor.py:640} INFO - Processing file /home/juliana/Área de Trabalho/datapipeline/.env/lib/python3.8/site-packages/airflow/example_dags/example_xcom.py for tasks to queue
[2022-11-21T21:13:49.180-0300] {logging_mixin.py:115} INFO - [2022-11-21T21:13:49.179-0300] {dagbag.py:508} INFO - Filling up the DagBag from /home/juliana/Área de Trabalho/datapipeline/.env/lib/python3.8/site-packages/airflow/example_dags/example_xcom.py
[2022-11-21T21:13:49.199-0300] {processor.py:650} INFO - DAG(s) dict_keys(['example_xcom']) retrieved from /home/juliana/Área de Trabalho/datapipeline/.env/lib/python3.8/site-packages/airflow/example_dags/example_xcom.py
[2022-11-21T21:13:49.240-0300] {logging_mixin.py:115} INFO - [2022-11-21T21:13:49.240-0300] {dag.py:2429} INFO - Sync 1 DAGs
[2022-11-21T21:13:49.252-0300] {logging_mixin.py:115} INFO - [2022-11-21T21:13:49.252-0300] {dag.py:2977} INFO - Setting next_dagrun for example_xcom to 2021-01-01T00:00:00+00:00, run_after=2021-01-01T00:00:00+00:00
[2022-11-21T21:13:49.270-0300] {processor.py:161} INFO - Processing /home/juliana/Área de Trabalho/datapipeline/.env/lib/python3.8/site-packages/airflow/example_dags/example_xcom.py took 0.103 seconds
[2022-11-21T21:14:34.546-0300] {processor.py:153} INFO - Started process (PID=3442) to work on /home/juliana/Área de Trabalho/datapipeline/.env/lib/python3.8/site-packages/airflow/example_dags/example_xcom.py
[2022-11-21T21:14:34.548-0300] {processor.py:640} INFO - Processing file /home/juliana/Área de Trabalho/datapipeline/.env/lib/python3.8/site-packages/airflow/example_dags/example_xcom.py for tasks to queue
[2022-11-21T21:14:34.549-0300] {logging_mixin.py:115} INFO - [2022-11-21T21:14:34.549-0300] {dagbag.py:508} INFO - Filling up the DagBag from /home/juliana/Área de Trabalho/datapipeline/.env/lib/python3.8/site-packages/airflow/example_dags/example_xcom.py
[2022-11-21T21:14:34.622-0300] {processor.py:650} INFO - DAG(s) dict_keys(['example_xcom']) retrieved from /home/juliana/Área de Trabalho/datapipeline/.env/lib/python3.8/site-packages/airflow/example_dags/example_xcom.py
[2022-11-21T21:14:34.793-0300] {logging_mixin.py:115} INFO - [2022-11-21T21:14:34.790-0300] {dag.py:2429} INFO - Sync 1 DAGs
[2022-11-21T21:14:34.836-0300] {logging_mixin.py:115} INFO - [2022-11-21T21:14:34.836-0300] {dag.py:2977} INFO - Setting next_dagrun for example_xcom to 2021-01-01T00:00:00+00:00, run_after=2021-01-01T00:00:00+00:00
[2022-11-21T21:14:34.882-0300] {processor.py:161} INFO - Processing /home/juliana/Área de Trabalho/datapipeline/.env/lib/python3.8/site-packages/airflow/example_dags/example_xcom.py took 0.341 seconds
[2022-11-21T21:15:40.027-0300] {processor.py:153} INFO - Started process (PID=3502) to work on /home/juliana/Área de Trabalho/datapipeline/.env/lib/python3.8/site-packages/airflow/example_dags/example_xcom.py
[2022-11-21T21:15:40.030-0300] {processor.py:640} INFO - Processing file /home/juliana/Área de Trabalho/datapipeline/.env/lib/python3.8/site-packages/airflow/example_dags/example_xcom.py for tasks to queue
[2022-11-21T21:15:40.031-0300] {logging_mixin.py:115} INFO - [2022-11-21T21:15:40.031-0300] {dagbag.py:508} INFO - Filling up the DagBag from /home/juliana/Área de Trabalho/datapipeline/.env/lib/python3.8/site-packages/airflow/example_dags/example_xcom.py
[2022-11-21T21:15:40.115-0300] {processor.py:650} INFO - DAG(s) dict_keys(['example_xcom']) retrieved from /home/juliana/Área de Trabalho/datapipeline/.env/lib/python3.8/site-packages/airflow/example_dags/example_xcom.py
[2022-11-21T21:15:40.405-0300] {logging_mixin.py:115} INFO - [2022-11-21T21:15:40.368-0300] {dag.py:2429} INFO - Sync 1 DAGs
[2022-11-21T21:15:40.496-0300] {logging_mixin.py:115} INFO - [2022-11-21T21:15:40.494-0300] {dag.py:2977} INFO - Setting next_dagrun for example_xcom to 2021-01-01T00:00:00+00:00, run_after=2021-01-01T00:00:00+00:00
[2022-11-21T21:15:40.660-0300] {processor.py:161} INFO - Processing /home/juliana/Área de Trabalho/datapipeline/.env/lib/python3.8/site-packages/airflow/example_dags/example_xcom.py took 0.639 seconds
[2022-11-21T21:19:03.612-0300] {processor.py:153} INFO - Started process (PID=3625) to work on /home/juliana/Área de Trabalho/datapipeline/.env/lib/python3.8/site-packages/airflow/example_dags/example_xcom.py
[2022-11-21T21:19:03.615-0300] {processor.py:640} INFO - Processing file /home/juliana/Área de Trabalho/datapipeline/.env/lib/python3.8/site-packages/airflow/example_dags/example_xcom.py for tasks to queue
[2022-11-21T21:19:03.616-0300] {logging_mixin.py:115} INFO - [2022-11-21T21:19:03.616-0300] {dagbag.py:508} INFO - Filling up the DagBag from /home/juliana/Área de Trabalho/datapipeline/.env/lib/python3.8/site-packages/airflow/example_dags/example_xcom.py
[2022-11-21T21:19:03.985-0300] {processor.py:650} INFO - DAG(s) dict_keys(['example_xcom']) retrieved from /home/juliana/Área de Trabalho/datapipeline/.env/lib/python3.8/site-packages/airflow/example_dags/example_xcom.py
[2022-11-21T21:19:04.573-0300] {logging_mixin.py:115} INFO - [2022-11-21T21:19:04.545-0300] {dag.py:2429} INFO - Sync 1 DAGs
[2022-11-21T21:19:04.686-0300] {logging_mixin.py:115} INFO - [2022-11-21T21:19:04.680-0300] {dag.py:2977} INFO - Setting next_dagrun for example_xcom to 2021-01-01T00:00:00+00:00, run_after=2021-01-01T00:00:00+00:00
[2022-11-21T21:19:04.873-0300] {processor.py:161} INFO - Processing /home/juliana/Área de Trabalho/datapipeline/.env/lib/python3.8/site-packages/airflow/example_dags/example_xcom.py took 1.280 seconds
[2022-11-21T21:38:30.474-0300] {processor.py:153} INFO - Started process (PID=7765) to work on /home/juliana/Área de Trabalho/datapipeline/.env/lib/python3.8/site-packages/airflow/example_dags/example_xcom.py
[2022-11-21T21:38:30.478-0300] {processor.py:640} INFO - Processing file /home/juliana/Área de Trabalho/datapipeline/.env/lib/python3.8/site-packages/airflow/example_dags/example_xcom.py for tasks to queue
[2022-11-21T21:38:30.478-0300] {logging_mixin.py:115} INFO - [2022-11-21T21:38:30.478-0300] {dagbag.py:508} INFO - Filling up the DagBag from /home/juliana/Área de Trabalho/datapipeline/.env/lib/python3.8/site-packages/airflow/example_dags/example_xcom.py
[2022-11-21T21:38:30.516-0300] {processor.py:650} INFO - DAG(s) dict_keys(['example_xcom']) retrieved from /home/juliana/Área de Trabalho/datapipeline/.env/lib/python3.8/site-packages/airflow/example_dags/example_xcom.py
[2022-11-21T21:38:30.584-0300] {logging_mixin.py:115} INFO - [2022-11-21T21:38:30.583-0300] {dag.py:2429} INFO - Sync 1 DAGs
[2022-11-21T21:38:30.600-0300] {logging_mixin.py:115} INFO - [2022-11-21T21:38:30.600-0300] {dag.py:2977} INFO - Setting next_dagrun for example_xcom to 2021-01-01T00:00:00+00:00, run_after=2021-01-01T00:00:00+00:00
[2022-11-21T21:38:30.666-0300] {processor.py:161} INFO - Processing /home/juliana/Área de Trabalho/datapipeline/.env/lib/python3.8/site-packages/airflow/example_dags/example_xcom.py took 0.192 seconds
[2022-11-21T21:39:09.799-0300] {processor.py:153} INFO - Started process (PID=8081) to work on /home/juliana/Área de Trabalho/datapipeline/.env/lib/python3.8/site-packages/airflow/example_dags/example_xcom.py
[2022-11-21T21:39:09.806-0300] {processor.py:640} INFO - Processing file /home/juliana/Área de Trabalho/datapipeline/.env/lib/python3.8/site-packages/airflow/example_dags/example_xcom.py for tasks to queue
[2022-11-21T21:39:09.807-0300] {logging_mixin.py:115} INFO - [2022-11-21T21:39:09.807-0300] {dagbag.py:508} INFO - Filling up the DagBag from /home/juliana/Área de Trabalho/datapipeline/.env/lib/python3.8/site-packages/airflow/example_dags/example_xcom.py
[2022-11-21T21:39:09.851-0300] {processor.py:650} INFO - DAG(s) dict_keys(['example_xcom']) retrieved from /home/juliana/Área de Trabalho/datapipeline/.env/lib/python3.8/site-packages/airflow/example_dags/example_xcom.py
[2022-11-21T21:39:09.947-0300] {logging_mixin.py:115} INFO - [2022-11-21T21:39:09.946-0300] {dag.py:2429} INFO - Sync 1 DAGs
[2022-11-21T21:39:09.991-0300] {logging_mixin.py:115} INFO - [2022-11-21T21:39:09.990-0300] {dag.py:2977} INFO - Setting next_dagrun for example_xcom to 2021-01-01T00:00:00+00:00, run_after=2021-01-01T00:00:00+00:00
[2022-11-21T21:39:10.033-0300] {processor.py:161} INFO - Processing /home/juliana/Área de Trabalho/datapipeline/.env/lib/python3.8/site-packages/airflow/example_dags/example_xcom.py took 0.242 seconds
[2022-11-21T21:39:45.254-0300] {processor.py:153} INFO - Started process (PID=8139) to work on /home/juliana/Área de Trabalho/datapipeline/.env/lib/python3.8/site-packages/airflow/example_dags/example_xcom.py
[2022-11-21T21:39:45.255-0300] {processor.py:640} INFO - Processing file /home/juliana/Área de Trabalho/datapipeline/.env/lib/python3.8/site-packages/airflow/example_dags/example_xcom.py for tasks to queue
[2022-11-21T21:39:45.256-0300] {logging_mixin.py:115} INFO - [2022-11-21T21:39:45.256-0300] {dagbag.py:508} INFO - Filling up the DagBag from /home/juliana/Área de Trabalho/datapipeline/.env/lib/python3.8/site-packages/airflow/example_dags/example_xcom.py
[2022-11-21T21:39:45.283-0300] {processor.py:650} INFO - DAG(s) dict_keys(['example_xcom']) retrieved from /home/juliana/Área de Trabalho/datapipeline/.env/lib/python3.8/site-packages/airflow/example_dags/example_xcom.py
[2022-11-21T21:39:45.322-0300] {logging_mixin.py:115} INFO - [2022-11-21T21:39:45.322-0300] {dag.py:2429} INFO - Sync 1 DAGs
[2022-11-21T21:39:45.336-0300] {logging_mixin.py:115} INFO - [2022-11-21T21:39:45.336-0300] {dag.py:2977} INFO - Setting next_dagrun for example_xcom to 2021-01-01T00:00:00+00:00, run_after=2021-01-01T00:00:00+00:00
[2022-11-21T21:39:45.356-0300] {processor.py:161} INFO - Processing /home/juliana/Área de Trabalho/datapipeline/.env/lib/python3.8/site-packages/airflow/example_dags/example_xcom.py took 0.106 seconds
[2022-11-21T21:40:22.397-0300] {processor.py:153} INFO - Started process (PID=8452) to work on /home/juliana/Área de Trabalho/datapipeline/.env/lib/python3.8/site-packages/airflow/example_dags/example_xcom.py
[2022-11-21T21:40:22.404-0300] {processor.py:640} INFO - Processing file /home/juliana/Área de Trabalho/datapipeline/.env/lib/python3.8/site-packages/airflow/example_dags/example_xcom.py for tasks to queue
[2022-11-21T21:40:22.405-0300] {logging_mixin.py:115} INFO - [2022-11-21T21:40:22.405-0300] {dagbag.py:508} INFO - Filling up the DagBag from /home/juliana/Área de Trabalho/datapipeline/.env/lib/python3.8/site-packages/airflow/example_dags/example_xcom.py
[2022-11-21T21:40:22.447-0300] {processor.py:650} INFO - DAG(s) dict_keys(['example_xcom']) retrieved from /home/juliana/Área de Trabalho/datapipeline/.env/lib/python3.8/site-packages/airflow/example_dags/example_xcom.py
[2022-11-21T21:40:22.554-0300] {logging_mixin.py:115} INFO - [2022-11-21T21:40:22.554-0300] {dag.py:2429} INFO - Sync 1 DAGs
[2022-11-21T21:40:22.590-0300] {logging_mixin.py:115} INFO - [2022-11-21T21:40:22.590-0300] {dag.py:2977} INFO - Setting next_dagrun for example_xcom to 2021-01-01T00:00:00+00:00, run_after=2021-01-01T00:00:00+00:00
[2022-11-21T21:40:22.619-0300] {processor.py:161} INFO - Processing /home/juliana/Área de Trabalho/datapipeline/.env/lib/python3.8/site-packages/airflow/example_dags/example_xcom.py took 0.229 seconds
[2022-11-21T21:40:59.452-0300] {processor.py:153} INFO - Started process (PID=8679) to work on /home/juliana/Área de Trabalho/datapipeline/.env/lib/python3.8/site-packages/airflow/example_dags/example_xcom.py
[2022-11-21T21:40:59.460-0300] {processor.py:640} INFO - Processing file /home/juliana/Área de Trabalho/datapipeline/.env/lib/python3.8/site-packages/airflow/example_dags/example_xcom.py for tasks to queue
[2022-11-21T21:40:59.461-0300] {logging_mixin.py:115} INFO - [2022-11-21T21:40:59.461-0300] {dagbag.py:508} INFO - Filling up the DagBag from /home/juliana/Área de Trabalho/datapipeline/.env/lib/python3.8/site-packages/airflow/example_dags/example_xcom.py
[2022-11-21T21:40:59.486-0300] {processor.py:650} INFO - DAG(s) dict_keys(['example_xcom']) retrieved from /home/juliana/Área de Trabalho/datapipeline/.env/lib/python3.8/site-packages/airflow/example_dags/example_xcom.py
[2022-11-21T21:40:59.502-0300] {logging_mixin.py:115} INFO - [2022-11-21T21:40:59.502-0300] {dag.py:2429} INFO - Sync 1 DAGs
[2022-11-21T21:40:59.517-0300] {logging_mixin.py:115} INFO - [2022-11-21T21:40:59.517-0300] {dag.py:2977} INFO - Setting next_dagrun for example_xcom to 2021-01-01T00:00:00+00:00, run_after=2021-01-01T00:00:00+00:00
[2022-11-21T21:40:59.532-0300] {processor.py:161} INFO - Processing /home/juliana/Área de Trabalho/datapipeline/.env/lib/python3.8/site-packages/airflow/example_dags/example_xcom.py took 0.089 seconds
[2022-11-21T21:41:34.985-0300] {processor.py:153} INFO - Started process (PID=8893) to work on /home/juliana/Área de Trabalho/datapipeline/.env/lib/python3.8/site-packages/airflow/example_dags/example_xcom.py
[2022-11-21T21:41:34.986-0300] {processor.py:640} INFO - Processing file /home/juliana/Área de Trabalho/datapipeline/.env/lib/python3.8/site-packages/airflow/example_dags/example_xcom.py for tasks to queue
[2022-11-21T21:41:34.987-0300] {logging_mixin.py:115} INFO - [2022-11-21T21:41:34.987-0300] {dagbag.py:508} INFO - Filling up the DagBag from /home/juliana/Área de Trabalho/datapipeline/.env/lib/python3.8/site-packages/airflow/example_dags/example_xcom.py
[2022-11-21T21:41:35.016-0300] {processor.py:650} INFO - DAG(s) dict_keys(['example_xcom']) retrieved from /home/juliana/Área de Trabalho/datapipeline/.env/lib/python3.8/site-packages/airflow/example_dags/example_xcom.py
[2022-11-21T21:41:35.063-0300] {logging_mixin.py:115} INFO - [2022-11-21T21:41:35.063-0300] {dag.py:2429} INFO - Sync 1 DAGs
[2022-11-21T21:41:35.090-0300] {logging_mixin.py:115} INFO - [2022-11-21T21:41:35.089-0300] {dag.py:2977} INFO - Setting next_dagrun for example_xcom to 2021-01-01T00:00:00+00:00, run_after=2021-01-01T00:00:00+00:00
[2022-11-21T21:41:35.107-0300] {processor.py:161} INFO - Processing /home/juliana/Área de Trabalho/datapipeline/.env/lib/python3.8/site-packages/airflow/example_dags/example_xcom.py took 0.129 seconds
[2022-11-21T21:42:11.108-0300] {processor.py:153} INFO - Started process (PID=9108) to work on /home/juliana/Área de Trabalho/datapipeline/.env/lib/python3.8/site-packages/airflow/example_dags/example_xcom.py
[2022-11-21T21:42:11.112-0300] {processor.py:640} INFO - Processing file /home/juliana/Área de Trabalho/datapipeline/.env/lib/python3.8/site-packages/airflow/example_dags/example_xcom.py for tasks to queue
[2022-11-21T21:42:11.113-0300] {logging_mixin.py:115} INFO - [2022-11-21T21:42:11.113-0300] {dagbag.py:508} INFO - Filling up the DagBag from /home/juliana/Área de Trabalho/datapipeline/.env/lib/python3.8/site-packages/airflow/example_dags/example_xcom.py
[2022-11-21T21:42:11.158-0300] {processor.py:650} INFO - DAG(s) dict_keys(['example_xcom']) retrieved from /home/juliana/Área de Trabalho/datapipeline/.env/lib/python3.8/site-packages/airflow/example_dags/example_xcom.py
[2022-11-21T21:42:11.236-0300] {logging_mixin.py:115} INFO - [2022-11-21T21:42:11.236-0300] {dag.py:2429} INFO - Sync 1 DAGs
[2022-11-21T21:42:11.261-0300] {logging_mixin.py:115} INFO - [2022-11-21T21:42:11.261-0300] {dag.py:2977} INFO - Setting next_dagrun for example_xcom to 2021-01-01T00:00:00+00:00, run_after=2021-01-01T00:00:00+00:00
[2022-11-21T21:42:11.282-0300] {processor.py:161} INFO - Processing /home/juliana/Área de Trabalho/datapipeline/.env/lib/python3.8/site-packages/airflow/example_dags/example_xcom.py took 0.185 seconds
[2022-11-21T21:42:46.780-0300] {processor.py:153} INFO - Started process (PID=9319) to work on /home/juliana/Área de Trabalho/datapipeline/.env/lib/python3.8/site-packages/airflow/example_dags/example_xcom.py
[2022-11-21T21:42:46.782-0300] {processor.py:640} INFO - Processing file /home/juliana/Área de Trabalho/datapipeline/.env/lib/python3.8/site-packages/airflow/example_dags/example_xcom.py for tasks to queue
[2022-11-21T21:42:46.782-0300] {logging_mixin.py:115} INFO - [2022-11-21T21:42:46.782-0300] {dagbag.py:508} INFO - Filling up the DagBag from /home/juliana/Área de Trabalho/datapipeline/.env/lib/python3.8/site-packages/airflow/example_dags/example_xcom.py
[2022-11-21T21:42:46.802-0300] {processor.py:650} INFO - DAG(s) dict_keys(['example_xcom']) retrieved from /home/juliana/Área de Trabalho/datapipeline/.env/lib/python3.8/site-packages/airflow/example_dags/example_xcom.py
[2022-11-21T21:42:46.840-0300] {logging_mixin.py:115} INFO - [2022-11-21T21:42:46.840-0300] {dag.py:2429} INFO - Sync 1 DAGs
[2022-11-21T21:42:46.852-0300] {logging_mixin.py:115} INFO - [2022-11-21T21:42:46.852-0300] {dag.py:2977} INFO - Setting next_dagrun for example_xcom to 2021-01-01T00:00:00+00:00, run_after=2021-01-01T00:00:00+00:00
[2022-11-21T21:42:46.880-0300] {processor.py:161} INFO - Processing /home/juliana/Área de Trabalho/datapipeline/.env/lib/python3.8/site-packages/airflow/example_dags/example_xcom.py took 0.106 seconds
[2022-11-21T21:43:22.495-0300] {processor.py:153} INFO - Started process (PID=9531) to work on /home/juliana/Área de Trabalho/datapipeline/.env/lib/python3.8/site-packages/airflow/example_dags/example_xcom.py
[2022-11-21T21:43:22.496-0300] {processor.py:640} INFO - Processing file /home/juliana/Área de Trabalho/datapipeline/.env/lib/python3.8/site-packages/airflow/example_dags/example_xcom.py for tasks to queue
[2022-11-21T21:43:22.497-0300] {logging_mixin.py:115} INFO - [2022-11-21T21:43:22.497-0300] {dagbag.py:508} INFO - Filling up the DagBag from /home/juliana/Área de Trabalho/datapipeline/.env/lib/python3.8/site-packages/airflow/example_dags/example_xcom.py
[2022-11-21T21:43:22.518-0300] {processor.py:650} INFO - DAG(s) dict_keys(['example_xcom']) retrieved from /home/juliana/Área de Trabalho/datapipeline/.env/lib/python3.8/site-packages/airflow/example_dags/example_xcom.py
[2022-11-21T21:43:22.552-0300] {logging_mixin.py:115} INFO - [2022-11-21T21:43:22.551-0300] {dag.py:2429} INFO - Sync 1 DAGs
[2022-11-21T21:43:22.563-0300] {logging_mixin.py:115} INFO - [2022-11-21T21:43:22.563-0300] {dag.py:2977} INFO - Setting next_dagrun for example_xcom to 2021-01-01T00:00:00+00:00, run_after=2021-01-01T00:00:00+00:00
[2022-11-21T21:43:22.585-0300] {processor.py:161} INFO - Processing /home/juliana/Área de Trabalho/datapipeline/.env/lib/python3.8/site-packages/airflow/example_dags/example_xcom.py took 0.095 seconds
[2022-11-21T21:43:57.804-0300] {processor.py:153} INFO - Started process (PID=9673) to work on /home/juliana/Área de Trabalho/datapipeline/.env/lib/python3.8/site-packages/airflow/example_dags/example_xcom.py
[2022-11-21T21:43:57.805-0300] {processor.py:640} INFO - Processing file /home/juliana/Área de Trabalho/datapipeline/.env/lib/python3.8/site-packages/airflow/example_dags/example_xcom.py for tasks to queue
[2022-11-21T21:43:57.805-0300] {logging_mixin.py:115} INFO - [2022-11-21T21:43:57.805-0300] {dagbag.py:508} INFO - Filling up the DagBag from /home/juliana/Área de Trabalho/datapipeline/.env/lib/python3.8/site-packages/airflow/example_dags/example_xcom.py
[2022-11-21T21:43:57.833-0300] {processor.py:650} INFO - DAG(s) dict_keys(['example_xcom']) retrieved from /home/juliana/Área de Trabalho/datapipeline/.env/lib/python3.8/site-packages/airflow/example_dags/example_xcom.py
[2022-11-21T21:43:57.849-0300] {logging_mixin.py:115} INFO - [2022-11-21T21:43:57.848-0300] {dag.py:2429} INFO - Sync 1 DAGs
[2022-11-21T21:43:57.866-0300] {logging_mixin.py:115} INFO - [2022-11-21T21:43:57.866-0300] {dag.py:2977} INFO - Setting next_dagrun for example_xcom to 2021-01-01T00:00:00+00:00, run_after=2021-01-01T00:00:00+00:00
[2022-11-21T21:43:57.884-0300] {processor.py:161} INFO - Processing /home/juliana/Área de Trabalho/datapipeline/.env/lib/python3.8/site-packages/airflow/example_dags/example_xcom.py took 0.084 seconds
[2022-11-21T21:44:29.909-0300] {processor.py:153} INFO - Started process (PID=9716) to work on /home/juliana/Área de Trabalho/datapipeline/.env/lib/python3.8/site-packages/airflow/example_dags/example_xcom.py
[2022-11-21T21:44:29.916-0300] {processor.py:640} INFO - Processing file /home/juliana/Área de Trabalho/datapipeline/.env/lib/python3.8/site-packages/airflow/example_dags/example_xcom.py for tasks to queue
[2022-11-21T21:44:29.917-0300] {logging_mixin.py:115} INFO - [2022-11-21T21:44:29.916-0300] {dagbag.py:508} INFO - Filling up the DagBag from /home/juliana/Área de Trabalho/datapipeline/.env/lib/python3.8/site-packages/airflow/example_dags/example_xcom.py
[2022-11-21T21:44:29.943-0300] {processor.py:650} INFO - DAG(s) dict_keys(['example_xcom']) retrieved from /home/juliana/Área de Trabalho/datapipeline/.env/lib/python3.8/site-packages/airflow/example_dags/example_xcom.py
[2022-11-21T21:44:29.958-0300] {logging_mixin.py:115} INFO - [2022-11-21T21:44:29.958-0300] {dag.py:2429} INFO - Sync 1 DAGs
[2022-11-21T21:44:29.972-0300] {logging_mixin.py:115} INFO - [2022-11-21T21:44:29.972-0300] {dag.py:2977} INFO - Setting next_dagrun for example_xcom to 2021-01-01T00:00:00+00:00, run_after=2021-01-01T00:00:00+00:00
[2022-11-21T21:44:29.989-0300] {processor.py:161} INFO - Processing /home/juliana/Área de Trabalho/datapipeline/.env/lib/python3.8/site-packages/airflow/example_dags/example_xcom.py took 0.086 seconds
[2022-11-21T21:45:05.919-0300] {processor.py:153} INFO - Started process (PID=9752) to work on /home/juliana/Área de Trabalho/datapipeline/.env/lib/python3.8/site-packages/airflow/example_dags/example_xcom.py
[2022-11-21T21:45:05.920-0300] {processor.py:640} INFO - Processing file /home/juliana/Área de Trabalho/datapipeline/.env/lib/python3.8/site-packages/airflow/example_dags/example_xcom.py for tasks to queue
[2022-11-21T21:45:05.921-0300] {logging_mixin.py:115} INFO - [2022-11-21T21:45:05.921-0300] {dagbag.py:508} INFO - Filling up the DagBag from /home/juliana/Área de Trabalho/datapipeline/.env/lib/python3.8/site-packages/airflow/example_dags/example_xcom.py
[2022-11-21T21:45:05.963-0300] {processor.py:650} INFO - DAG(s) dict_keys(['example_xcom']) retrieved from /home/juliana/Área de Trabalho/datapipeline/.env/lib/python3.8/site-packages/airflow/example_dags/example_xcom.py
[2022-11-21T21:45:05.976-0300] {logging_mixin.py:115} INFO - [2022-11-21T21:45:05.976-0300] {dag.py:2429} INFO - Sync 1 DAGs
[2022-11-21T21:45:05.989-0300] {logging_mixin.py:115} INFO - [2022-11-21T21:45:05.989-0300] {dag.py:2977} INFO - Setting next_dagrun for example_xcom to 2021-01-01T00:00:00+00:00, run_after=2021-01-01T00:00:00+00:00
[2022-11-21T21:45:06.005-0300] {processor.py:161} INFO - Processing /home/juliana/Área de Trabalho/datapipeline/.env/lib/python3.8/site-packages/airflow/example_dags/example_xcom.py took 0.107 seconds
[2022-11-21T21:45:43.217-0300] {processor.py:153} INFO - Started process (PID=9798) to work on /home/juliana/Área de Trabalho/datapipeline/.env/lib/python3.8/site-packages/airflow/example_dags/example_xcom.py
[2022-11-21T21:45:43.218-0300] {processor.py:640} INFO - Processing file /home/juliana/Área de Trabalho/datapipeline/.env/lib/python3.8/site-packages/airflow/example_dags/example_xcom.py for tasks to queue
[2022-11-21T21:45:43.219-0300] {logging_mixin.py:115} INFO - [2022-11-21T21:45:43.219-0300] {dagbag.py:508} INFO - Filling up the DagBag from /home/juliana/Área de Trabalho/datapipeline/.env/lib/python3.8/site-packages/airflow/example_dags/example_xcom.py
[2022-11-21T21:45:43.247-0300] {processor.py:650} INFO - DAG(s) dict_keys(['example_xcom']) retrieved from /home/juliana/Área de Trabalho/datapipeline/.env/lib/python3.8/site-packages/airflow/example_dags/example_xcom.py
[2022-11-21T21:45:43.260-0300] {logging_mixin.py:115} INFO - [2022-11-21T21:45:43.260-0300] {dag.py:2429} INFO - Sync 1 DAGs
[2022-11-21T21:45:43.274-0300] {logging_mixin.py:115} INFO - [2022-11-21T21:45:43.274-0300] {dag.py:2977} INFO - Setting next_dagrun for example_xcom to 2021-01-01T00:00:00+00:00, run_after=2021-01-01T00:00:00+00:00
[2022-11-21T21:45:43.289-0300] {processor.py:161} INFO - Processing /home/juliana/Área de Trabalho/datapipeline/.env/lib/python3.8/site-packages/airflow/example_dags/example_xcom.py took 0.080 seconds
[2022-11-21T21:46:15.876-0300] {processor.py:153} INFO - Started process (PID=9992) to work on /home/juliana/Área de Trabalho/datapipeline/.env/lib/python3.8/site-packages/airflow/example_dags/example_xcom.py
[2022-11-21T21:46:15.877-0300] {processor.py:640} INFO - Processing file /home/juliana/Área de Trabalho/datapipeline/.env/lib/python3.8/site-packages/airflow/example_dags/example_xcom.py for tasks to queue
[2022-11-21T21:46:15.878-0300] {logging_mixin.py:115} INFO - [2022-11-21T21:46:15.878-0300] {dagbag.py:508} INFO - Filling up the DagBag from /home/juliana/Área de Trabalho/datapipeline/.env/lib/python3.8/site-packages/airflow/example_dags/example_xcom.py
[2022-11-21T21:46:15.908-0300] {processor.py:650} INFO - DAG(s) dict_keys(['example_xcom']) retrieved from /home/juliana/Área de Trabalho/datapipeline/.env/lib/python3.8/site-packages/airflow/example_dags/example_xcom.py
[2022-11-21T21:46:15.922-0300] {logging_mixin.py:115} INFO - [2022-11-21T21:46:15.922-0300] {dag.py:2429} INFO - Sync 1 DAGs
[2022-11-21T21:46:15.937-0300] {logging_mixin.py:115} INFO - [2022-11-21T21:46:15.937-0300] {dag.py:2977} INFO - Setting next_dagrun for example_xcom to 2021-01-01T00:00:00+00:00, run_after=2021-01-01T00:00:00+00:00
[2022-11-21T21:46:15.997-0300] {processor.py:161} INFO - Processing /home/juliana/Área de Trabalho/datapipeline/.env/lib/python3.8/site-packages/airflow/example_dags/example_xcom.py took 0.126 seconds
[2022-11-21T21:46:49.192-0300] {processor.py:153} INFO - Started process (PID=10184) to work on /home/juliana/Área de Trabalho/datapipeline/.env/lib/python3.8/site-packages/airflow/example_dags/example_xcom.py
[2022-11-21T21:46:49.193-0300] {processor.py:640} INFO - Processing file /home/juliana/Área de Trabalho/datapipeline/.env/lib/python3.8/site-packages/airflow/example_dags/example_xcom.py for tasks to queue
[2022-11-21T21:46:49.194-0300] {logging_mixin.py:115} INFO - [2022-11-21T21:46:49.194-0300] {dagbag.py:508} INFO - Filling up the DagBag from /home/juliana/Área de Trabalho/datapipeline/.env/lib/python3.8/site-packages/airflow/example_dags/example_xcom.py
[2022-11-21T21:46:49.215-0300] {processor.py:650} INFO - DAG(s) dict_keys(['example_xcom']) retrieved from /home/juliana/Área de Trabalho/datapipeline/.env/lib/python3.8/site-packages/airflow/example_dags/example_xcom.py
[2022-11-21T21:46:49.261-0300] {logging_mixin.py:115} INFO - [2022-11-21T21:46:49.260-0300] {dag.py:2429} INFO - Sync 1 DAGs
[2022-11-21T21:46:49.277-0300] {logging_mixin.py:115} INFO - [2022-11-21T21:46:49.276-0300] {dag.py:2977} INFO - Setting next_dagrun for example_xcom to 2021-01-01T00:00:00+00:00, run_after=2021-01-01T00:00:00+00:00
[2022-11-21T21:46:49.299-0300] {processor.py:161} INFO - Processing /home/juliana/Área de Trabalho/datapipeline/.env/lib/python3.8/site-packages/airflow/example_dags/example_xcom.py took 0.110 seconds
[2022-11-21T21:47:23.885-0300] {processor.py:153} INFO - Started process (PID=10392) to work on /home/juliana/Área de Trabalho/datapipeline/.env/lib/python3.8/site-packages/airflow/example_dags/example_xcom.py
[2022-11-21T21:47:23.886-0300] {processor.py:640} INFO - Processing file /home/juliana/Área de Trabalho/datapipeline/.env/lib/python3.8/site-packages/airflow/example_dags/example_xcom.py for tasks to queue
[2022-11-21T21:47:23.891-0300] {logging_mixin.py:115} INFO - [2022-11-21T21:47:23.891-0300] {dagbag.py:508} INFO - Filling up the DagBag from /home/juliana/Área de Trabalho/datapipeline/.env/lib/python3.8/site-packages/airflow/example_dags/example_xcom.py
[2022-11-21T21:47:23.922-0300] {processor.py:650} INFO - DAG(s) dict_keys(['example_xcom']) retrieved from /home/juliana/Área de Trabalho/datapipeline/.env/lib/python3.8/site-packages/airflow/example_dags/example_xcom.py
[2022-11-21T21:47:23.987-0300] {logging_mixin.py:115} INFO - [2022-11-21T21:47:23.987-0300] {dag.py:2429} INFO - Sync 1 DAGs
[2022-11-21T21:47:24.001-0300] {logging_mixin.py:115} INFO - [2022-11-21T21:47:24.001-0300] {dag.py:2977} INFO - Setting next_dagrun for example_xcom to 2021-01-01T00:00:00+00:00, run_after=2021-01-01T00:00:00+00:00
[2022-11-21T21:47:24.075-0300] {processor.py:161} INFO - Processing /home/juliana/Área de Trabalho/datapipeline/.env/lib/python3.8/site-packages/airflow/example_dags/example_xcom.py took 0.193 seconds
[2022-11-21T21:47:58.953-0300] {processor.py:153} INFO - Started process (PID=10579) to work on /home/juliana/Área de Trabalho/datapipeline/.env/lib/python3.8/site-packages/airflow/example_dags/example_xcom.py
[2022-11-21T21:47:58.954-0300] {processor.py:640} INFO - Processing file /home/juliana/Área de Trabalho/datapipeline/.env/lib/python3.8/site-packages/airflow/example_dags/example_xcom.py for tasks to queue
[2022-11-21T21:47:58.955-0300] {logging_mixin.py:115} INFO - [2022-11-21T21:47:58.955-0300] {dagbag.py:508} INFO - Filling up the DagBag from /home/juliana/Área de Trabalho/datapipeline/.env/lib/python3.8/site-packages/airflow/example_dags/example_xcom.py
[2022-11-21T21:47:58.977-0300] {processor.py:650} INFO - DAG(s) dict_keys(['example_xcom']) retrieved from /home/juliana/Área de Trabalho/datapipeline/.env/lib/python3.8/site-packages/airflow/example_dags/example_xcom.py
[2022-11-21T21:47:58.996-0300] {logging_mixin.py:115} INFO - [2022-11-21T21:47:58.996-0300] {dag.py:2429} INFO - Sync 1 DAGs
[2022-11-21T21:47:59.012-0300] {logging_mixin.py:115} INFO - [2022-11-21T21:47:59.012-0300] {dag.py:2977} INFO - Setting next_dagrun for example_xcom to 2021-01-01T00:00:00+00:00, run_after=2021-01-01T00:00:00+00:00
[2022-11-21T21:47:59.028-0300] {processor.py:161} INFO - Processing /home/juliana/Área de Trabalho/datapipeline/.env/lib/python3.8/site-packages/airflow/example_dags/example_xcom.py took 0.079 seconds
[2022-11-21T21:48:33.768-0300] {processor.py:153} INFO - Started process (PID=10695) to work on /home/juliana/Área de Trabalho/datapipeline/.env/lib/python3.8/site-packages/airflow/example_dags/example_xcom.py
[2022-11-21T21:48:33.770-0300] {processor.py:640} INFO - Processing file /home/juliana/Área de Trabalho/datapipeline/.env/lib/python3.8/site-packages/airflow/example_dags/example_xcom.py for tasks to queue
[2022-11-21T21:48:33.770-0300] {logging_mixin.py:115} INFO - [2022-11-21T21:48:33.770-0300] {dagbag.py:508} INFO - Filling up the DagBag from /home/juliana/Área de Trabalho/datapipeline/.env/lib/python3.8/site-packages/airflow/example_dags/example_xcom.py
[2022-11-21T21:48:33.791-0300] {processor.py:650} INFO - DAG(s) dict_keys(['example_xcom']) retrieved from /home/juliana/Área de Trabalho/datapipeline/.env/lib/python3.8/site-packages/airflow/example_dags/example_xcom.py
[2022-11-21T21:48:33.830-0300] {logging_mixin.py:115} INFO - [2022-11-21T21:48:33.830-0300] {dag.py:2429} INFO - Sync 1 DAGs
[2022-11-21T21:48:33.843-0300] {logging_mixin.py:115} INFO - [2022-11-21T21:48:33.843-0300] {dag.py:2977} INFO - Setting next_dagrun for example_xcom to 2021-01-01T00:00:00+00:00, run_after=2021-01-01T00:00:00+00:00
[2022-11-21T21:48:33.862-0300] {processor.py:161} INFO - Processing /home/juliana/Área de Trabalho/datapipeline/.env/lib/python3.8/site-packages/airflow/example_dags/example_xcom.py took 0.100 seconds
[2022-11-21T21:49:09.021-0300] {processor.py:153} INFO - Started process (PID=10758) to work on /home/juliana/Área de Trabalho/datapipeline/.env/lib/python3.8/site-packages/airflow/example_dags/example_xcom.py
[2022-11-21T21:49:09.022-0300] {processor.py:640} INFO - Processing file /home/juliana/Área de Trabalho/datapipeline/.env/lib/python3.8/site-packages/airflow/example_dags/example_xcom.py for tasks to queue
[2022-11-21T21:49:09.023-0300] {logging_mixin.py:115} INFO - [2022-11-21T21:49:09.023-0300] {dagbag.py:508} INFO - Filling up the DagBag from /home/juliana/Área de Trabalho/datapipeline/.env/lib/python3.8/site-packages/airflow/example_dags/example_xcom.py
[2022-11-21T21:49:09.045-0300] {processor.py:650} INFO - DAG(s) dict_keys(['example_xcom']) retrieved from /home/juliana/Área de Trabalho/datapipeline/.env/lib/python3.8/site-packages/airflow/example_dags/example_xcom.py
[2022-11-21T21:49:09.057-0300] {logging_mixin.py:115} INFO - [2022-11-21T21:49:09.057-0300] {dag.py:2429} INFO - Sync 1 DAGs
[2022-11-21T21:49:09.072-0300] {logging_mixin.py:115} INFO - [2022-11-21T21:49:09.072-0300] {dag.py:2977} INFO - Setting next_dagrun for example_xcom to 2021-01-01T00:00:00+00:00, run_after=2021-01-01T00:00:00+00:00
[2022-11-21T21:49:09.092-0300] {processor.py:161} INFO - Processing /home/juliana/Área de Trabalho/datapipeline/.env/lib/python3.8/site-packages/airflow/example_dags/example_xcom.py took 0.076 seconds
[2022-11-21T21:49:44.508-0300] {processor.py:153} INFO - Started process (PID=10794) to work on /home/juliana/Área de Trabalho/datapipeline/.env/lib/python3.8/site-packages/airflow/example_dags/example_xcom.py
[2022-11-21T21:49:44.509-0300] {processor.py:640} INFO - Processing file /home/juliana/Área de Trabalho/datapipeline/.env/lib/python3.8/site-packages/airflow/example_dags/example_xcom.py for tasks to queue
[2022-11-21T21:49:44.510-0300] {logging_mixin.py:115} INFO - [2022-11-21T21:49:44.510-0300] {dagbag.py:508} INFO - Filling up the DagBag from /home/juliana/Área de Trabalho/datapipeline/.env/lib/python3.8/site-packages/airflow/example_dags/example_xcom.py
[2022-11-21T21:49:44.531-0300] {processor.py:650} INFO - DAG(s) dict_keys(['example_xcom']) retrieved from /home/juliana/Área de Trabalho/datapipeline/.env/lib/python3.8/site-packages/airflow/example_dags/example_xcom.py
[2022-11-21T21:49:44.543-0300] {logging_mixin.py:115} INFO - [2022-11-21T21:49:44.543-0300] {dag.py:2429} INFO - Sync 1 DAGs
[2022-11-21T21:49:44.557-0300] {logging_mixin.py:115} INFO - [2022-11-21T21:49:44.557-0300] {dag.py:2977} INFO - Setting next_dagrun for example_xcom to 2021-01-01T00:00:00+00:00, run_after=2021-01-01T00:00:00+00:00
[2022-11-21T21:49:44.577-0300] {processor.py:161} INFO - Processing /home/juliana/Área de Trabalho/datapipeline/.env/lib/python3.8/site-packages/airflow/example_dags/example_xcom.py took 0.073 seconds
[2022-11-21T21:50:20.173-0300] {processor.py:153} INFO - Started process (PID=10839) to work on /home/juliana/Área de Trabalho/datapipeline/.env/lib/python3.8/site-packages/airflow/example_dags/example_xcom.py
[2022-11-21T21:50:20.175-0300] {processor.py:640} INFO - Processing file /home/juliana/Área de Trabalho/datapipeline/.env/lib/python3.8/site-packages/airflow/example_dags/example_xcom.py for tasks to queue
[2022-11-21T21:50:20.176-0300] {logging_mixin.py:115} INFO - [2022-11-21T21:50:20.175-0300] {dagbag.py:508} INFO - Filling up the DagBag from /home/juliana/Área de Trabalho/datapipeline/.env/lib/python3.8/site-packages/airflow/example_dags/example_xcom.py
[2022-11-21T21:50:20.202-0300] {processor.py:650} INFO - DAG(s) dict_keys(['example_xcom']) retrieved from /home/juliana/Área de Trabalho/datapipeline/.env/lib/python3.8/site-packages/airflow/example_dags/example_xcom.py
[2022-11-21T21:50:20.216-0300] {logging_mixin.py:115} INFO - [2022-11-21T21:50:20.216-0300] {dag.py:2429} INFO - Sync 1 DAGs
[2022-11-21T21:50:20.229-0300] {logging_mixin.py:115} INFO - [2022-11-21T21:50:20.229-0300] {dag.py:2977} INFO - Setting next_dagrun for example_xcom to 2021-01-01T00:00:00+00:00, run_after=2021-01-01T00:00:00+00:00
[2022-11-21T21:50:20.249-0300] {processor.py:161} INFO - Processing /home/juliana/Área de Trabalho/datapipeline/.env/lib/python3.8/site-packages/airflow/example_dags/example_xcom.py took 0.082 seconds
[2022-11-21T21:50:55.625-0300] {processor.py:153} INFO - Started process (PID=10891) to work on /home/juliana/Área de Trabalho/datapipeline/.env/lib/python3.8/site-packages/airflow/example_dags/example_xcom.py
[2022-11-21T21:50:55.627-0300] {processor.py:640} INFO - Processing file /home/juliana/Área de Trabalho/datapipeline/.env/lib/python3.8/site-packages/airflow/example_dags/example_xcom.py for tasks to queue
[2022-11-21T21:50:55.628-0300] {logging_mixin.py:115} INFO - [2022-11-21T21:50:55.628-0300] {dagbag.py:508} INFO - Filling up the DagBag from /home/juliana/Área de Trabalho/datapipeline/.env/lib/python3.8/site-packages/airflow/example_dags/example_xcom.py
[2022-11-21T21:50:55.654-0300] {processor.py:650} INFO - DAG(s) dict_keys(['example_xcom']) retrieved from /home/juliana/Área de Trabalho/datapipeline/.env/lib/python3.8/site-packages/airflow/example_dags/example_xcom.py
[2022-11-21T21:50:55.670-0300] {logging_mixin.py:115} INFO - [2022-11-21T21:50:55.670-0300] {dag.py:2429} INFO - Sync 1 DAGs
[2022-11-21T21:50:55.691-0300] {logging_mixin.py:115} INFO - [2022-11-21T21:50:55.691-0300] {dag.py:2977} INFO - Setting next_dagrun for example_xcom to 2021-01-01T00:00:00+00:00, run_after=2021-01-01T00:00:00+00:00
[2022-11-21T21:50:55.713-0300] {processor.py:161} INFO - Processing /home/juliana/Área de Trabalho/datapipeline/.env/lib/python3.8/site-packages/airflow/example_dags/example_xcom.py took 0.095 seconds
[2022-11-21T21:51:32.683-0300] {processor.py:153} INFO - Started process (PID=10927) to work on /home/juliana/Área de Trabalho/datapipeline/.env/lib/python3.8/site-packages/airflow/example_dags/example_xcom.py
[2022-11-21T21:51:32.685-0300] {processor.py:640} INFO - Processing file /home/juliana/Área de Trabalho/datapipeline/.env/lib/python3.8/site-packages/airflow/example_dags/example_xcom.py for tasks to queue
[2022-11-21T21:51:32.686-0300] {logging_mixin.py:115} INFO - [2022-11-21T21:51:32.686-0300] {dagbag.py:508} INFO - Filling up the DagBag from /home/juliana/Área de Trabalho/datapipeline/.env/lib/python3.8/site-packages/airflow/example_dags/example_xcom.py
[2022-11-21T21:51:32.710-0300] {processor.py:650} INFO - DAG(s) dict_keys(['example_xcom']) retrieved from /home/juliana/Área de Trabalho/datapipeline/.env/lib/python3.8/site-packages/airflow/example_dags/example_xcom.py
[2022-11-21T21:51:32.730-0300] {logging_mixin.py:115} INFO - [2022-11-21T21:51:32.730-0300] {dag.py:2429} INFO - Sync 1 DAGs
[2022-11-21T21:51:32.758-0300] {logging_mixin.py:115} INFO - [2022-11-21T21:51:32.758-0300] {dag.py:2977} INFO - Setting next_dagrun for example_xcom to 2021-01-01T00:00:00+00:00, run_after=2021-01-01T00:00:00+00:00
[2022-11-21T21:51:33.128-0300] {processor.py:161} INFO - Processing /home/juliana/Área de Trabalho/datapipeline/.env/lib/python3.8/site-packages/airflow/example_dags/example_xcom.py took 0.449 seconds
[2022-11-21T21:52:09.207-0300] {processor.py:153} INFO - Started process (PID=10963) to work on /home/juliana/Área de Trabalho/datapipeline/.env/lib/python3.8/site-packages/airflow/example_dags/example_xcom.py
[2022-11-21T21:52:09.209-0300] {processor.py:640} INFO - Processing file /home/juliana/Área de Trabalho/datapipeline/.env/lib/python3.8/site-packages/airflow/example_dags/example_xcom.py for tasks to queue
[2022-11-21T21:52:09.210-0300] {logging_mixin.py:115} INFO - [2022-11-21T21:52:09.209-0300] {dagbag.py:508} INFO - Filling up the DagBag from /home/juliana/Área de Trabalho/datapipeline/.env/lib/python3.8/site-packages/airflow/example_dags/example_xcom.py
[2022-11-21T21:52:09.235-0300] {processor.py:650} INFO - DAG(s) dict_keys(['example_xcom']) retrieved from /home/juliana/Área de Trabalho/datapipeline/.env/lib/python3.8/site-packages/airflow/example_dags/example_xcom.py
[2022-11-21T21:52:09.248-0300] {logging_mixin.py:115} INFO - [2022-11-21T21:52:09.248-0300] {dag.py:2429} INFO - Sync 1 DAGs
[2022-11-21T21:52:09.262-0300] {logging_mixin.py:115} INFO - [2022-11-21T21:52:09.261-0300] {dag.py:2977} INFO - Setting next_dagrun for example_xcom to 2021-01-01T00:00:00+00:00, run_after=2021-01-01T00:00:00+00:00
[2022-11-21T21:52:09.282-0300] {processor.py:161} INFO - Processing /home/juliana/Área de Trabalho/datapipeline/.env/lib/python3.8/site-packages/airflow/example_dags/example_xcom.py took 0.081 seconds
[2022-11-21T21:52:41.797-0300] {processor.py:153} INFO - Started process (PID=10996) to work on /home/juliana/Área de Trabalho/datapipeline/.env/lib/python3.8/site-packages/airflow/example_dags/example_xcom.py
[2022-11-21T21:52:41.798-0300] {processor.py:640} INFO - Processing file /home/juliana/Área de Trabalho/datapipeline/.env/lib/python3.8/site-packages/airflow/example_dags/example_xcom.py for tasks to queue
[2022-11-21T21:52:41.799-0300] {logging_mixin.py:115} INFO - [2022-11-21T21:52:41.799-0300] {dagbag.py:508} INFO - Filling up the DagBag from /home/juliana/Área de Trabalho/datapipeline/.env/lib/python3.8/site-packages/airflow/example_dags/example_xcom.py
[2022-11-21T21:52:41.823-0300] {processor.py:650} INFO - DAG(s) dict_keys(['example_xcom']) retrieved from /home/juliana/Área de Trabalho/datapipeline/.env/lib/python3.8/site-packages/airflow/example_dags/example_xcom.py
[2022-11-21T21:52:41.836-0300] {logging_mixin.py:115} INFO - [2022-11-21T21:52:41.836-0300] {dag.py:2429} INFO - Sync 1 DAGs
[2022-11-21T21:52:41.849-0300] {logging_mixin.py:115} INFO - [2022-11-21T21:52:41.849-0300] {dag.py:2977} INFO - Setting next_dagrun for example_xcom to 2021-01-01T00:00:00+00:00, run_after=2021-01-01T00:00:00+00:00
[2022-11-21T21:52:41.869-0300] {processor.py:161} INFO - Processing /home/juliana/Área de Trabalho/datapipeline/.env/lib/python3.8/site-packages/airflow/example_dags/example_xcom.py took 0.079 seconds
[2022-11-21T21:53:16.764-0300] {processor.py:153} INFO - Started process (PID=11073) to work on /home/juliana/Área de Trabalho/datapipeline/.env/lib/python3.8/site-packages/airflow/example_dags/example_xcom.py
[2022-11-21T21:53:16.765-0300] {processor.py:640} INFO - Processing file /home/juliana/Área de Trabalho/datapipeline/.env/lib/python3.8/site-packages/airflow/example_dags/example_xcom.py for tasks to queue
[2022-11-21T21:53:16.766-0300] {logging_mixin.py:115} INFO - [2022-11-21T21:53:16.766-0300] {dagbag.py:508} INFO - Filling up the DagBag from /home/juliana/Área de Trabalho/datapipeline/.env/lib/python3.8/site-packages/airflow/example_dags/example_xcom.py
[2022-11-21T21:53:16.803-0300] {processor.py:650} INFO - DAG(s) dict_keys(['example_xcom']) retrieved from /home/juliana/Área de Trabalho/datapipeline/.env/lib/python3.8/site-packages/airflow/example_dags/example_xcom.py
[2022-11-21T21:53:16.842-0300] {logging_mixin.py:115} INFO - [2022-11-21T21:53:16.842-0300] {dag.py:2429} INFO - Sync 1 DAGs
[2022-11-21T21:53:16.858-0300] {logging_mixin.py:115} INFO - [2022-11-21T21:53:16.857-0300] {dag.py:2977} INFO - Setting next_dagrun for example_xcom to 2021-01-01T00:00:00+00:00, run_after=2021-01-01T00:00:00+00:00
[2022-11-21T21:53:16.886-0300] {processor.py:161} INFO - Processing /home/juliana/Área de Trabalho/datapipeline/.env/lib/python3.8/site-packages/airflow/example_dags/example_xcom.py took 0.127 seconds
[2022-11-21T21:53:51.382-0300] {processor.py:153} INFO - Started process (PID=11289) to work on /home/juliana/Área de Trabalho/datapipeline/.env/lib/python3.8/site-packages/airflow/example_dags/example_xcom.py
[2022-11-21T21:53:51.383-0300] {processor.py:640} INFO - Processing file /home/juliana/Área de Trabalho/datapipeline/.env/lib/python3.8/site-packages/airflow/example_dags/example_xcom.py for tasks to queue
[2022-11-21T21:53:51.384-0300] {logging_mixin.py:115} INFO - [2022-11-21T21:53:51.384-0300] {dagbag.py:508} INFO - Filling up the DagBag from /home/juliana/Área de Trabalho/datapipeline/.env/lib/python3.8/site-packages/airflow/example_dags/example_xcom.py
[2022-11-21T21:53:51.416-0300] {processor.py:650} INFO - DAG(s) dict_keys(['example_xcom']) retrieved from /home/juliana/Área de Trabalho/datapipeline/.env/lib/python3.8/site-packages/airflow/example_dags/example_xcom.py
[2022-11-21T21:53:51.456-0300] {logging_mixin.py:115} INFO - [2022-11-21T21:53:51.456-0300] {dag.py:2429} INFO - Sync 1 DAGs
[2022-11-21T21:53:51.470-0300] {logging_mixin.py:115} INFO - [2022-11-21T21:53:51.470-0300] {dag.py:2977} INFO - Setting next_dagrun for example_xcom to 2021-01-01T00:00:00+00:00, run_after=2021-01-01T00:00:00+00:00
[2022-11-21T21:53:51.491-0300] {processor.py:161} INFO - Processing /home/juliana/Área de Trabalho/datapipeline/.env/lib/python3.8/site-packages/airflow/example_dags/example_xcom.py took 0.114 seconds
[2022-11-21T21:54:25.292-0300] {processor.py:153} INFO - Started process (PID=11475) to work on /home/juliana/Área de Trabalho/datapipeline/.env/lib/python3.8/site-packages/airflow/example_dags/example_xcom.py
[2022-11-21T21:54:25.293-0300] {processor.py:640} INFO - Processing file /home/juliana/Área de Trabalho/datapipeline/.env/lib/python3.8/site-packages/airflow/example_dags/example_xcom.py for tasks to queue
[2022-11-21T21:54:25.294-0300] {logging_mixin.py:115} INFO - [2022-11-21T21:54:25.294-0300] {dagbag.py:508} INFO - Filling up the DagBag from /home/juliana/Área de Trabalho/datapipeline/.env/lib/python3.8/site-packages/airflow/example_dags/example_xcom.py
[2022-11-21T21:54:25.319-0300] {processor.py:650} INFO - DAG(s) dict_keys(['example_xcom']) retrieved from /home/juliana/Área de Trabalho/datapipeline/.env/lib/python3.8/site-packages/airflow/example_dags/example_xcom.py
[2022-11-21T21:54:25.335-0300] {logging_mixin.py:115} INFO - [2022-11-21T21:54:25.335-0300] {dag.py:2429} INFO - Sync 1 DAGs
[2022-11-21T21:54:25.366-0300] {logging_mixin.py:115} INFO - [2022-11-21T21:54:25.366-0300] {dag.py:2977} INFO - Setting next_dagrun for example_xcom to 2021-01-01T00:00:00+00:00, run_after=2021-01-01T00:00:00+00:00
[2022-11-21T21:54:25.393-0300] {processor.py:161} INFO - Processing /home/juliana/Área de Trabalho/datapipeline/.env/lib/python3.8/site-packages/airflow/example_dags/example_xcom.py took 0.106 seconds
[2022-11-21T21:55:01.272-0300] {processor.py:153} INFO - Started process (PID=11567) to work on /home/juliana/Área de Trabalho/datapipeline/.env/lib/python3.8/site-packages/airflow/example_dags/example_xcom.py
[2022-11-21T21:55:01.276-0300] {processor.py:640} INFO - Processing file /home/juliana/Área de Trabalho/datapipeline/.env/lib/python3.8/site-packages/airflow/example_dags/example_xcom.py for tasks to queue
[2022-11-21T21:55:01.277-0300] {logging_mixin.py:115} INFO - [2022-11-21T21:55:01.276-0300] {dagbag.py:508} INFO - Filling up the DagBag from /home/juliana/Área de Trabalho/datapipeline/.env/lib/python3.8/site-packages/airflow/example_dags/example_xcom.py
[2022-11-21T21:55:01.350-0300] {processor.py:650} INFO - DAG(s) dict_keys(['example_xcom']) retrieved from /home/juliana/Área de Trabalho/datapipeline/.env/lib/python3.8/site-packages/airflow/example_dags/example_xcom.py
[2022-11-21T21:55:01.385-0300] {logging_mixin.py:115} INFO - [2022-11-21T21:55:01.385-0300] {dag.py:2429} INFO - Sync 1 DAGs
[2022-11-21T21:55:01.426-0300] {logging_mixin.py:115} INFO - [2022-11-21T21:55:01.426-0300] {dag.py:2977} INFO - Setting next_dagrun for example_xcom to 2021-01-01T00:00:00+00:00, run_after=2021-01-01T00:00:00+00:00
[2022-11-21T21:55:01.450-0300] {processor.py:161} INFO - Processing /home/juliana/Área de Trabalho/datapipeline/.env/lib/python3.8/site-packages/airflow/example_dags/example_xcom.py took 0.183 seconds
[2022-11-21T21:55:37.766-0300] {processor.py:153} INFO - Started process (PID=11675) to work on /home/juliana/Área de Trabalho/datapipeline/.env/lib/python3.8/site-packages/airflow/example_dags/example_xcom.py
[2022-11-21T21:55:37.768-0300] {processor.py:640} INFO - Processing file /home/juliana/Área de Trabalho/datapipeline/.env/lib/python3.8/site-packages/airflow/example_dags/example_xcom.py for tasks to queue
[2022-11-21T21:55:37.769-0300] {logging_mixin.py:115} INFO - [2022-11-21T21:55:37.769-0300] {dagbag.py:508} INFO - Filling up the DagBag from /home/juliana/Área de Trabalho/datapipeline/.env/lib/python3.8/site-packages/airflow/example_dags/example_xcom.py
[2022-11-21T21:55:37.790-0300] {processor.py:650} INFO - DAG(s) dict_keys(['example_xcom']) retrieved from /home/juliana/Área de Trabalho/datapipeline/.env/lib/python3.8/site-packages/airflow/example_dags/example_xcom.py
[2022-11-21T21:55:37.825-0300] {logging_mixin.py:115} INFO - [2022-11-21T21:55:37.825-0300] {dag.py:2429} INFO - Sync 1 DAGs
[2022-11-21T21:55:37.837-0300] {logging_mixin.py:115} INFO - [2022-11-21T21:55:37.837-0300] {dag.py:2977} INFO - Setting next_dagrun for example_xcom to 2021-01-01T00:00:00+00:00, run_after=2021-01-01T00:00:00+00:00
[2022-11-21T21:55:37.859-0300] {processor.py:161} INFO - Processing /home/juliana/Área de Trabalho/datapipeline/.env/lib/python3.8/site-packages/airflow/example_dags/example_xcom.py took 0.098 seconds
[2022-11-21T21:56:24.596-0300] {processor.py:153} INFO - Started process (PID=12034) to work on /home/juliana/Área de Trabalho/datapipeline/.env/lib/python3.8/site-packages/airflow/example_dags/example_xcom.py
[2022-11-21T21:56:24.602-0300] {processor.py:640} INFO - Processing file /home/juliana/Área de Trabalho/datapipeline/.env/lib/python3.8/site-packages/airflow/example_dags/example_xcom.py for tasks to queue
[2022-11-21T21:56:24.603-0300] {logging_mixin.py:115} INFO - [2022-11-21T21:56:24.603-0300] {dagbag.py:508} INFO - Filling up the DagBag from /home/juliana/Área de Trabalho/datapipeline/.env/lib/python3.8/site-packages/airflow/example_dags/example_xcom.py
[2022-11-21T21:56:24.735-0300] {processor.py:650} INFO - DAG(s) dict_keys(['example_xcom']) retrieved from /home/juliana/Área de Trabalho/datapipeline/.env/lib/python3.8/site-packages/airflow/example_dags/example_xcom.py
[2022-11-21T21:56:25.029-0300] {logging_mixin.py:115} INFO - [2022-11-21T21:56:25.027-0300] {dag.py:2429} INFO - Sync 1 DAGs
[2022-11-21T21:56:25.072-0300] {logging_mixin.py:115} INFO - [2022-11-21T21:56:25.072-0300] {dag.py:2977} INFO - Setting next_dagrun for example_xcom to 2021-01-01T00:00:00+00:00, run_after=2021-01-01T00:00:00+00:00
[2022-11-21T21:56:25.141-0300] {processor.py:161} INFO - Processing /home/juliana/Área de Trabalho/datapipeline/.env/lib/python3.8/site-packages/airflow/example_dags/example_xcom.py took 0.557 seconds
[2022-11-21T22:03:48.085-0300] {processor.py:153} INFO - Started process (PID=2455) to work on /home/juliana/Área de Trabalho/datapipeline/.env/lib/python3.8/site-packages/airflow/example_dags/example_xcom.py
[2022-11-21T22:03:48.088-0300] {processor.py:640} INFO - Processing file /home/juliana/Área de Trabalho/datapipeline/.env/lib/python3.8/site-packages/airflow/example_dags/example_xcom.py for tasks to queue
[2022-11-21T22:03:48.089-0300] {logging_mixin.py:115} INFO - [2022-11-21T22:03:48.089-0300] {dagbag.py:508} INFO - Filling up the DagBag from /home/juliana/Área de Trabalho/datapipeline/.env/lib/python3.8/site-packages/airflow/example_dags/example_xcom.py
[2022-11-21T22:03:48.114-0300] {processor.py:650} INFO - DAG(s) dict_keys(['example_xcom']) retrieved from /home/juliana/Área de Trabalho/datapipeline/.env/lib/python3.8/site-packages/airflow/example_dags/example_xcom.py
[2022-11-21T22:03:48.200-0300] {logging_mixin.py:115} INFO - [2022-11-21T22:03:48.200-0300] {dag.py:2429} INFO - Sync 1 DAGs
[2022-11-21T22:03:48.226-0300] {logging_mixin.py:115} INFO - [2022-11-21T22:03:48.225-0300] {dag.py:2977} INFO - Setting next_dagrun for example_xcom to 2021-01-01T00:00:00+00:00, run_after=2021-01-01T00:00:00+00:00
[2022-11-21T22:03:48.249-0300] {processor.py:161} INFO - Processing /home/juliana/Área de Trabalho/datapipeline/.env/lib/python3.8/site-packages/airflow/example_dags/example_xcom.py took 0.168 seconds
[2022-11-21T22:04:27.102-0300] {processor.py:153} INFO - Started process (PID=2518) to work on /home/juliana/Área de Trabalho/datapipeline/.env/lib/python3.8/site-packages/airflow/example_dags/example_xcom.py
[2022-11-21T22:04:27.105-0300] {processor.py:640} INFO - Processing file /home/juliana/Área de Trabalho/datapipeline/.env/lib/python3.8/site-packages/airflow/example_dags/example_xcom.py for tasks to queue
[2022-11-21T22:04:27.106-0300] {logging_mixin.py:115} INFO - [2022-11-21T22:04:27.106-0300] {dagbag.py:508} INFO - Filling up the DagBag from /home/juliana/Área de Trabalho/datapipeline/.env/lib/python3.8/site-packages/airflow/example_dags/example_xcom.py
[2022-11-21T22:04:27.138-0300] {processor.py:650} INFO - DAG(s) dict_keys(['example_xcom']) retrieved from /home/juliana/Área de Trabalho/datapipeline/.env/lib/python3.8/site-packages/airflow/example_dags/example_xcom.py
[2022-11-21T22:04:27.198-0300] {logging_mixin.py:115} INFO - [2022-11-21T22:04:27.198-0300] {dag.py:2429} INFO - Sync 1 DAGs
[2022-11-21T22:04:27.218-0300] {logging_mixin.py:115} INFO - [2022-11-21T22:04:27.218-0300] {dag.py:2977} INFO - Setting next_dagrun for example_xcom to 2021-01-01T00:00:00+00:00, run_after=2021-01-01T00:00:00+00:00
[2022-11-21T22:04:27.251-0300] {processor.py:161} INFO - Processing /home/juliana/Área de Trabalho/datapipeline/.env/lib/python3.8/site-packages/airflow/example_dags/example_xcom.py took 0.156 seconds
[2022-11-21T22:05:05.022-0300] {processor.py:153} INFO - Started process (PID=2830) to work on /home/juliana/Área de Trabalho/datapipeline/.env/lib/python3.8/site-packages/airflow/example_dags/example_xcom.py
[2022-11-21T22:05:05.029-0300] {processor.py:640} INFO - Processing file /home/juliana/Área de Trabalho/datapipeline/.env/lib/python3.8/site-packages/airflow/example_dags/example_xcom.py for tasks to queue
[2022-11-21T22:05:05.030-0300] {logging_mixin.py:115} INFO - [2022-11-21T22:05:05.030-0300] {dagbag.py:508} INFO - Filling up the DagBag from /home/juliana/Área de Trabalho/datapipeline/.env/lib/python3.8/site-packages/airflow/example_dags/example_xcom.py
[2022-11-21T22:05:05.063-0300] {processor.py:650} INFO - DAG(s) dict_keys(['example_xcom']) retrieved from /home/juliana/Área de Trabalho/datapipeline/.env/lib/python3.8/site-packages/airflow/example_dags/example_xcom.py
[2022-11-21T22:05:05.161-0300] {logging_mixin.py:115} INFO - [2022-11-21T22:05:05.161-0300] {dag.py:2429} INFO - Sync 1 DAGs
[2022-11-21T22:05:05.197-0300] {logging_mixin.py:115} INFO - [2022-11-21T22:05:05.197-0300] {dag.py:2977} INFO - Setting next_dagrun for example_xcom to 2021-01-01T00:00:00+00:00, run_after=2021-01-01T00:00:00+00:00
[2022-11-21T22:05:05.217-0300] {processor.py:161} INFO - Processing /home/juliana/Área de Trabalho/datapipeline/.env/lib/python3.8/site-packages/airflow/example_dags/example_xcom.py took 0.214 seconds
[2022-11-21T22:05:42.954-0300] {processor.py:153} INFO - Started process (PID=3242) to work on /home/juliana/Área de Trabalho/datapipeline/.env/lib/python3.8/site-packages/airflow/example_dags/example_xcom.py
[2022-11-21T22:05:42.958-0300] {processor.py:640} INFO - Processing file /home/juliana/Área de Trabalho/datapipeline/.env/lib/python3.8/site-packages/airflow/example_dags/example_xcom.py for tasks to queue
[2022-11-21T22:05:42.959-0300] {logging_mixin.py:115} INFO - [2022-11-21T22:05:42.959-0300] {dagbag.py:508} INFO - Filling up the DagBag from /home/juliana/Área de Trabalho/datapipeline/.env/lib/python3.8/site-packages/airflow/example_dags/example_xcom.py
[2022-11-21T22:05:42.985-0300] {processor.py:650} INFO - DAG(s) dict_keys(['example_xcom']) retrieved from /home/juliana/Área de Trabalho/datapipeline/.env/lib/python3.8/site-packages/airflow/example_dags/example_xcom.py
[2022-11-21T22:05:43.074-0300] {logging_mixin.py:115} INFO - [2022-11-21T22:05:43.074-0300] {dag.py:2429} INFO - Sync 1 DAGs
[2022-11-21T22:05:43.088-0300] {logging_mixin.py:115} INFO - [2022-11-21T22:05:43.088-0300] {dag.py:2977} INFO - Setting next_dagrun for example_xcom to 2021-01-01T00:00:00+00:00, run_after=2021-01-01T00:00:00+00:00
[2022-11-21T22:05:43.109-0300] {processor.py:161} INFO - Processing /home/juliana/Área de Trabalho/datapipeline/.env/lib/python3.8/site-packages/airflow/example_dags/example_xcom.py took 0.159 seconds
[2022-11-21T22:06:21.027-0300] {processor.py:153} INFO - Started process (PID=3644) to work on /home/juliana/Área de Trabalho/datapipeline/.env/lib/python3.8/site-packages/airflow/example_dags/example_xcom.py
[2022-11-21T22:06:21.028-0300] {processor.py:640} INFO - Processing file /home/juliana/Área de Trabalho/datapipeline/.env/lib/python3.8/site-packages/airflow/example_dags/example_xcom.py for tasks to queue
[2022-11-21T22:06:21.030-0300] {logging_mixin.py:115} INFO - [2022-11-21T22:06:21.030-0300] {dagbag.py:508} INFO - Filling up the DagBag from /home/juliana/Área de Trabalho/datapipeline/.env/lib/python3.8/site-packages/airflow/example_dags/example_xcom.py
[2022-11-21T22:06:21.057-0300] {processor.py:650} INFO - DAG(s) dict_keys(['example_xcom']) retrieved from /home/juliana/Área de Trabalho/datapipeline/.env/lib/python3.8/site-packages/airflow/example_dags/example_xcom.py
[2022-11-21T22:06:21.104-0300] {logging_mixin.py:115} INFO - [2022-11-21T22:06:21.104-0300] {dag.py:2429} INFO - Sync 1 DAGs
[2022-11-21T22:06:21.117-0300] {logging_mixin.py:115} INFO - [2022-11-21T22:06:21.117-0300] {dag.py:2977} INFO - Setting next_dagrun for example_xcom to 2021-01-01T00:00:00+00:00, run_after=2021-01-01T00:00:00+00:00
[2022-11-21T22:06:21.134-0300] {processor.py:161} INFO - Processing /home/juliana/Área de Trabalho/datapipeline/.env/lib/python3.8/site-packages/airflow/example_dags/example_xcom.py took 0.111 seconds
[2022-11-21T22:06:57.715-0300] {processor.py:153} INFO - Started process (PID=3864) to work on /home/juliana/Área de Trabalho/datapipeline/.env/lib/python3.8/site-packages/airflow/example_dags/example_xcom.py
[2022-11-21T22:06:57.719-0300] {processor.py:640} INFO - Processing file /home/juliana/Área de Trabalho/datapipeline/.env/lib/python3.8/site-packages/airflow/example_dags/example_xcom.py for tasks to queue
[2022-11-21T22:06:57.723-0300] {logging_mixin.py:115} INFO - [2022-11-21T22:06:57.722-0300] {dagbag.py:508} INFO - Filling up the DagBag from /home/juliana/Área de Trabalho/datapipeline/.env/lib/python3.8/site-packages/airflow/example_dags/example_xcom.py
[2022-11-21T22:06:57.772-0300] {processor.py:650} INFO - DAG(s) dict_keys(['example_xcom']) retrieved from /home/juliana/Área de Trabalho/datapipeline/.env/lib/python3.8/site-packages/airflow/example_dags/example_xcom.py
[2022-11-21T22:06:57.868-0300] {logging_mixin.py:115} INFO - [2022-11-21T22:06:57.868-0300] {dag.py:2429} INFO - Sync 1 DAGs
[2022-11-21T22:06:57.888-0300] {logging_mixin.py:115} INFO - [2022-11-21T22:06:57.888-0300] {dag.py:2977} INFO - Setting next_dagrun for example_xcom to 2021-01-01T00:00:00+00:00, run_after=2021-01-01T00:00:00+00:00
[2022-11-21T22:06:57.914-0300] {processor.py:161} INFO - Processing /home/juliana/Área de Trabalho/datapipeline/.env/lib/python3.8/site-packages/airflow/example_dags/example_xcom.py took 0.212 seconds
[2022-11-21T22:07:37.533-0300] {processor.py:153} INFO - Started process (PID=4078) to work on /home/juliana/Área de Trabalho/datapipeline/.env/lib/python3.8/site-packages/airflow/example_dags/example_xcom.py
[2022-11-21T22:07:37.534-0300] {processor.py:640} INFO - Processing file /home/juliana/Área de Trabalho/datapipeline/.env/lib/python3.8/site-packages/airflow/example_dags/example_xcom.py for tasks to queue
[2022-11-21T22:07:37.535-0300] {logging_mixin.py:115} INFO - [2022-11-21T22:07:37.535-0300] {dagbag.py:508} INFO - Filling up the DagBag from /home/juliana/Área de Trabalho/datapipeline/.env/lib/python3.8/site-packages/airflow/example_dags/example_xcom.py
[2022-11-21T22:07:37.558-0300] {processor.py:650} INFO - DAG(s) dict_keys(['example_xcom']) retrieved from /home/juliana/Área de Trabalho/datapipeline/.env/lib/python3.8/site-packages/airflow/example_dags/example_xcom.py
[2022-11-21T22:07:37.603-0300] {logging_mixin.py:115} INFO - [2022-11-21T22:07:37.602-0300] {dag.py:2429} INFO - Sync 1 DAGs
[2022-11-21T22:07:37.614-0300] {logging_mixin.py:115} INFO - [2022-11-21T22:07:37.614-0300] {dag.py:2977} INFO - Setting next_dagrun for example_xcom to 2021-01-01T00:00:00+00:00, run_after=2021-01-01T00:00:00+00:00
[2022-11-21T22:07:37.638-0300] {processor.py:161} INFO - Processing /home/juliana/Área de Trabalho/datapipeline/.env/lib/python3.8/site-packages/airflow/example_dags/example_xcom.py took 0.112 seconds
[2022-11-21T22:08:13.891-0300] {processor.py:153} INFO - Started process (PID=4291) to work on /home/juliana/Área de Trabalho/datapipeline/.env/lib/python3.8/site-packages/airflow/example_dags/example_xcom.py
[2022-11-21T22:08:13.898-0300] {processor.py:640} INFO - Processing file /home/juliana/Área de Trabalho/datapipeline/.env/lib/python3.8/site-packages/airflow/example_dags/example_xcom.py for tasks to queue
[2022-11-21T22:08:13.899-0300] {logging_mixin.py:115} INFO - [2022-11-21T22:08:13.899-0300] {dagbag.py:508} INFO - Filling up the DagBag from /home/juliana/Área de Trabalho/datapipeline/.env/lib/python3.8/site-packages/airflow/example_dags/example_xcom.py
[2022-11-21T22:08:13.921-0300] {processor.py:650} INFO - DAG(s) dict_keys(['example_xcom']) retrieved from /home/juliana/Área de Trabalho/datapipeline/.env/lib/python3.8/site-packages/airflow/example_dags/example_xcom.py
[2022-11-21T22:08:13.960-0300] {logging_mixin.py:115} INFO - [2022-11-21T22:08:13.960-0300] {dag.py:2429} INFO - Sync 1 DAGs
[2022-11-21T22:08:13.972-0300] {logging_mixin.py:115} INFO - [2022-11-21T22:08:13.972-0300] {dag.py:2977} INFO - Setting next_dagrun for example_xcom to 2021-01-01T00:00:00+00:00, run_after=2021-01-01T00:00:00+00:00
[2022-11-21T22:08:13.989-0300] {processor.py:161} INFO - Processing /home/juliana/Área de Trabalho/datapipeline/.env/lib/python3.8/site-packages/airflow/example_dags/example_xcom.py took 0.103 seconds
[2022-11-21T22:08:48.226-0300] {processor.py:153} INFO - Started process (PID=4535) to work on /home/juliana/Área de Trabalho/datapipeline/.env/lib/python3.8/site-packages/airflow/example_dags/example_xcom.py
[2022-11-21T22:08:48.227-0300] {processor.py:640} INFO - Processing file /home/juliana/Área de Trabalho/datapipeline/.env/lib/python3.8/site-packages/airflow/example_dags/example_xcom.py for tasks to queue
[2022-11-21T22:08:48.228-0300] {logging_mixin.py:115} INFO - [2022-11-21T22:08:48.228-0300] {dagbag.py:508} INFO - Filling up the DagBag from /home/juliana/Área de Trabalho/datapipeline/.env/lib/python3.8/site-packages/airflow/example_dags/example_xcom.py
[2022-11-21T22:08:48.251-0300] {processor.py:650} INFO - DAG(s) dict_keys(['example_xcom']) retrieved from /home/juliana/Área de Trabalho/datapipeline/.env/lib/python3.8/site-packages/airflow/example_dags/example_xcom.py
[2022-11-21T22:08:48.293-0300] {logging_mixin.py:115} INFO - [2022-11-21T22:08:48.292-0300] {dag.py:2429} INFO - Sync 1 DAGs
[2022-11-21T22:08:48.305-0300] {logging_mixin.py:115} INFO - [2022-11-21T22:08:48.304-0300] {dag.py:2977} INFO - Setting next_dagrun for example_xcom to 2021-01-01T00:00:00+00:00, run_after=2021-01-01T00:00:00+00:00
[2022-11-21T22:08:48.329-0300] {processor.py:161} INFO - Processing /home/juliana/Área de Trabalho/datapipeline/.env/lib/python3.8/site-packages/airflow/example_dags/example_xcom.py took 0.110 seconds
[2022-11-21T22:09:23.875-0300] {processor.py:153} INFO - Started process (PID=4784) to work on /home/juliana/Área de Trabalho/datapipeline/.env/lib/python3.8/site-packages/airflow/example_dags/example_xcom.py
[2022-11-21T22:09:23.877-0300] {processor.py:640} INFO - Processing file /home/juliana/Área de Trabalho/datapipeline/.env/lib/python3.8/site-packages/airflow/example_dags/example_xcom.py for tasks to queue
[2022-11-21T22:09:23.877-0300] {logging_mixin.py:115} INFO - [2022-11-21T22:09:23.877-0300] {dagbag.py:508} INFO - Filling up the DagBag from /home/juliana/Área de Trabalho/datapipeline/.env/lib/python3.8/site-packages/airflow/example_dags/example_xcom.py
[2022-11-21T22:09:23.913-0300] {processor.py:650} INFO - DAG(s) dict_keys(['example_xcom']) retrieved from /home/juliana/Área de Trabalho/datapipeline/.env/lib/python3.8/site-packages/airflow/example_dags/example_xcom.py
[2022-11-21T22:09:23.942-0300] {logging_mixin.py:115} INFO - [2022-11-21T22:09:23.941-0300] {dag.py:2429} INFO - Sync 1 DAGs
[2022-11-21T22:09:23.976-0300] {logging_mixin.py:115} INFO - [2022-11-21T22:09:23.976-0300] {dag.py:2977} INFO - Setting next_dagrun for example_xcom to 2021-01-01T00:00:00+00:00, run_after=2021-01-01T00:00:00+00:00
[2022-11-21T22:09:23.997-0300] {processor.py:161} INFO - Processing /home/juliana/Área de Trabalho/datapipeline/.env/lib/python3.8/site-packages/airflow/example_dags/example_xcom.py took 0.133 seconds
[2022-11-21T22:10:00.424-0300] {processor.py:153} INFO - Started process (PID=5030) to work on /home/juliana/Área de Trabalho/datapipeline/.env/lib/python3.8/site-packages/airflow/example_dags/example_xcom.py
[2022-11-21T22:10:00.431-0300] {processor.py:640} INFO - Processing file /home/juliana/Área de Trabalho/datapipeline/.env/lib/python3.8/site-packages/airflow/example_dags/example_xcom.py for tasks to queue
[2022-11-21T22:10:00.432-0300] {logging_mixin.py:115} INFO - [2022-11-21T22:10:00.432-0300] {dagbag.py:508} INFO - Filling up the DagBag from /home/juliana/Área de Trabalho/datapipeline/.env/lib/python3.8/site-packages/airflow/example_dags/example_xcom.py
[2022-11-21T22:10:00.454-0300] {processor.py:650} INFO - DAG(s) dict_keys(['example_xcom']) retrieved from /home/juliana/Área de Trabalho/datapipeline/.env/lib/python3.8/site-packages/airflow/example_dags/example_xcom.py
[2022-11-21T22:10:00.467-0300] {logging_mixin.py:115} INFO - [2022-11-21T22:10:00.467-0300] {dag.py:2429} INFO - Sync 1 DAGs
[2022-11-21T22:10:00.482-0300] {logging_mixin.py:115} INFO - [2022-11-21T22:10:00.481-0300] {dag.py:2977} INFO - Setting next_dagrun for example_xcom to 2021-01-01T00:00:00+00:00, run_after=2021-01-01T00:00:00+00:00
[2022-11-21T22:10:00.499-0300] {processor.py:161} INFO - Processing /home/juliana/Área de Trabalho/datapipeline/.env/lib/python3.8/site-packages/airflow/example_dags/example_xcom.py took 0.079 seconds
[2022-11-21T22:10:37.870-0300] {processor.py:153} INFO - Started process (PID=5257) to work on /home/juliana/Área de Trabalho/datapipeline/.env/lib/python3.8/site-packages/airflow/example_dags/example_xcom.py
[2022-11-21T22:10:37.872-0300] {processor.py:640} INFO - Processing file /home/juliana/Área de Trabalho/datapipeline/.env/lib/python3.8/site-packages/airflow/example_dags/example_xcom.py for tasks to queue
[2022-11-21T22:10:37.873-0300] {logging_mixin.py:115} INFO - [2022-11-21T22:10:37.873-0300] {dagbag.py:508} INFO - Filling up the DagBag from /home/juliana/Área de Trabalho/datapipeline/.env/lib/python3.8/site-packages/airflow/example_dags/example_xcom.py
[2022-11-21T22:10:37.904-0300] {processor.py:650} INFO - DAG(s) dict_keys(['example_xcom']) retrieved from /home/juliana/Área de Trabalho/datapipeline/.env/lib/python3.8/site-packages/airflow/example_dags/example_xcom.py
[2022-11-21T22:10:37.935-0300] {logging_mixin.py:115} INFO - [2022-11-21T22:10:37.935-0300] {dag.py:2429} INFO - Sync 1 DAGs
[2022-11-21T22:10:37.962-0300] {logging_mixin.py:115} INFO - [2022-11-21T22:10:37.962-0300] {dag.py:2977} INFO - Setting next_dagrun for example_xcom to 2021-01-01T00:00:00+00:00, run_after=2021-01-01T00:00:00+00:00
[2022-11-21T22:10:37.986-0300] {processor.py:161} INFO - Processing /home/juliana/Área de Trabalho/datapipeline/.env/lib/python3.8/site-packages/airflow/example_dags/example_xcom.py took 0.122 seconds
[2022-11-21T22:11:13.433-0300] {processor.py:153} INFO - Started process (PID=5528) to work on /home/juliana/Área de Trabalho/datapipeline/.env/lib/python3.8/site-packages/airflow/example_dags/example_xcom.py
[2022-11-21T22:11:13.440-0300] {processor.py:640} INFO - Processing file /home/juliana/Área de Trabalho/datapipeline/.env/lib/python3.8/site-packages/airflow/example_dags/example_xcom.py for tasks to queue
[2022-11-21T22:11:13.441-0300] {logging_mixin.py:115} INFO - [2022-11-21T22:11:13.441-0300] {dagbag.py:508} INFO - Filling up the DagBag from /home/juliana/Área de Trabalho/datapipeline/.env/lib/python3.8/site-packages/airflow/example_dags/example_xcom.py
[2022-11-21T22:11:13.463-0300] {processor.py:650} INFO - DAG(s) dict_keys(['example_xcom']) retrieved from /home/juliana/Área de Trabalho/datapipeline/.env/lib/python3.8/site-packages/airflow/example_dags/example_xcom.py
[2022-11-21T22:11:13.476-0300] {logging_mixin.py:115} INFO - [2022-11-21T22:11:13.476-0300] {dag.py:2429} INFO - Sync 1 DAGs
[2022-11-21T22:11:13.490-0300] {logging_mixin.py:115} INFO - [2022-11-21T22:11:13.490-0300] {dag.py:2977} INFO - Setting next_dagrun for example_xcom to 2021-01-01T00:00:00+00:00, run_after=2021-01-01T00:00:00+00:00
[2022-11-21T22:11:13.504-0300] {processor.py:161} INFO - Processing /home/juliana/Área de Trabalho/datapipeline/.env/lib/python3.8/site-packages/airflow/example_dags/example_xcom.py took 0.077 seconds
[2022-11-21T22:11:49.235-0300] {processor.py:153} INFO - Started process (PID=5918) to work on /home/juliana/Área de Trabalho/datapipeline/.env/lib/python3.8/site-packages/airflow/example_dags/example_xcom.py
[2022-11-21T22:11:49.236-0300] {processor.py:640} INFO - Processing file /home/juliana/Área de Trabalho/datapipeline/.env/lib/python3.8/site-packages/airflow/example_dags/example_xcom.py for tasks to queue
[2022-11-21T22:11:49.237-0300] {logging_mixin.py:115} INFO - [2022-11-21T22:11:49.237-0300] {dagbag.py:508} INFO - Filling up the DagBag from /home/juliana/Área de Trabalho/datapipeline/.env/lib/python3.8/site-packages/airflow/example_dags/example_xcom.py
[2022-11-21T22:11:49.258-0300] {processor.py:650} INFO - DAG(s) dict_keys(['example_xcom']) retrieved from /home/juliana/Área de Trabalho/datapipeline/.env/lib/python3.8/site-packages/airflow/example_dags/example_xcom.py
[2022-11-21T22:11:49.270-0300] {logging_mixin.py:115} INFO - [2022-11-21T22:11:49.270-0300] {dag.py:2429} INFO - Sync 1 DAGs
[2022-11-21T22:11:49.284-0300] {logging_mixin.py:115} INFO - [2022-11-21T22:11:49.284-0300] {dag.py:2977} INFO - Setting next_dagrun for example_xcom to 2021-01-01T00:00:00+00:00, run_after=2021-01-01T00:00:00+00:00
[2022-11-21T22:11:49.299-0300] {processor.py:161} INFO - Processing /home/juliana/Área de Trabalho/datapipeline/.env/lib/python3.8/site-packages/airflow/example_dags/example_xcom.py took 0.068 seconds
[2022-11-21T22:12:24.530-0300] {processor.py:153} INFO - Started process (PID=5955) to work on /home/juliana/Área de Trabalho/datapipeline/.env/lib/python3.8/site-packages/airflow/example_dags/example_xcom.py
[2022-11-21T22:12:24.532-0300] {processor.py:640} INFO - Processing file /home/juliana/Área de Trabalho/datapipeline/.env/lib/python3.8/site-packages/airflow/example_dags/example_xcom.py for tasks to queue
[2022-11-21T22:12:24.533-0300] {logging_mixin.py:115} INFO - [2022-11-21T22:12:24.533-0300] {dagbag.py:508} INFO - Filling up the DagBag from /home/juliana/Área de Trabalho/datapipeline/.env/lib/python3.8/site-packages/airflow/example_dags/example_xcom.py
[2022-11-21T22:12:24.558-0300] {processor.py:650} INFO - DAG(s) dict_keys(['example_xcom']) retrieved from /home/juliana/Área de Trabalho/datapipeline/.env/lib/python3.8/site-packages/airflow/example_dags/example_xcom.py
[2022-11-21T22:12:24.573-0300] {logging_mixin.py:115} INFO - [2022-11-21T22:12:24.572-0300] {dag.py:2429} INFO - Sync 1 DAGs
[2022-11-21T22:12:24.588-0300] {logging_mixin.py:115} INFO - [2022-11-21T22:12:24.588-0300] {dag.py:2977} INFO - Setting next_dagrun for example_xcom to 2021-01-01T00:00:00+00:00, run_after=2021-01-01T00:00:00+00:00
[2022-11-21T22:12:24.657-0300] {processor.py:161} INFO - Processing /home/juliana/Área de Trabalho/datapipeline/.env/lib/python3.8/site-packages/airflow/example_dags/example_xcom.py took 0.133 seconds
[2022-11-21T22:13:04.163-0300] {processor.py:153} INFO - Started process (PID=6006) to work on /home/juliana/Área de Trabalho/datapipeline/.env/lib/python3.8/site-packages/airflow/example_dags/example_xcom.py
[2022-11-21T22:13:04.165-0300] {processor.py:640} INFO - Processing file /home/juliana/Área de Trabalho/datapipeline/.env/lib/python3.8/site-packages/airflow/example_dags/example_xcom.py for tasks to queue
[2022-11-21T22:13:04.165-0300] {logging_mixin.py:115} INFO - [2022-11-21T22:13:04.165-0300] {dagbag.py:508} INFO - Filling up the DagBag from /home/juliana/Área de Trabalho/datapipeline/.env/lib/python3.8/site-packages/airflow/example_dags/example_xcom.py
[2022-11-21T22:13:04.185-0300] {processor.py:650} INFO - DAG(s) dict_keys(['example_xcom']) retrieved from /home/juliana/Área de Trabalho/datapipeline/.env/lib/python3.8/site-packages/airflow/example_dags/example_xcom.py
[2022-11-21T22:13:04.208-0300] {logging_mixin.py:115} INFO - [2022-11-21T22:13:04.208-0300] {dag.py:2429} INFO - Sync 1 DAGs
[2022-11-21T22:13:04.222-0300] {logging_mixin.py:115} INFO - [2022-11-21T22:13:04.222-0300] {dag.py:2977} INFO - Setting next_dagrun for example_xcom to 2021-01-01T00:00:00+00:00, run_after=2021-01-01T00:00:00+00:00
[2022-11-21T22:13:04.562-0300] {processor.py:161} INFO - Processing /home/juliana/Área de Trabalho/datapipeline/.env/lib/python3.8/site-packages/airflow/example_dags/example_xcom.py took 0.401 seconds
[2022-11-21T22:13:39.498-0300] {processor.py:153} INFO - Started process (PID=6042) to work on /home/juliana/Área de Trabalho/datapipeline/.env/lib/python3.8/site-packages/airflow/example_dags/example_xcom.py
[2022-11-21T22:13:39.499-0300] {processor.py:640} INFO - Processing file /home/juliana/Área de Trabalho/datapipeline/.env/lib/python3.8/site-packages/airflow/example_dags/example_xcom.py for tasks to queue
[2022-11-21T22:13:39.501-0300] {logging_mixin.py:115} INFO - [2022-11-21T22:13:39.500-0300] {dagbag.py:508} INFO - Filling up the DagBag from /home/juliana/Área de Trabalho/datapipeline/.env/lib/python3.8/site-packages/airflow/example_dags/example_xcom.py
[2022-11-21T22:13:39.523-0300] {processor.py:650} INFO - DAG(s) dict_keys(['example_xcom']) retrieved from /home/juliana/Área de Trabalho/datapipeline/.env/lib/python3.8/site-packages/airflow/example_dags/example_xcom.py
[2022-11-21T22:13:39.560-0300] {logging_mixin.py:115} INFO - [2022-11-21T22:13:39.560-0300] {dag.py:2429} INFO - Sync 1 DAGs
[2022-11-21T22:13:39.574-0300] {logging_mixin.py:115} INFO - [2022-11-21T22:13:39.574-0300] {dag.py:2977} INFO - Setting next_dagrun for example_xcom to 2021-01-01T00:00:00+00:00, run_after=2021-01-01T00:00:00+00:00
[2022-11-21T22:13:39.594-0300] {processor.py:161} INFO - Processing /home/juliana/Área de Trabalho/datapipeline/.env/lib/python3.8/site-packages/airflow/example_dags/example_xcom.py took 0.100 seconds
[2022-11-21T22:14:17.075-0300] {processor.py:153} INFO - Started process (PID=6079) to work on /home/juliana/Área de Trabalho/datapipeline/.env/lib/python3.8/site-packages/airflow/example_dags/example_xcom.py
[2022-11-21T22:14:17.076-0300] {processor.py:640} INFO - Processing file /home/juliana/Área de Trabalho/datapipeline/.env/lib/python3.8/site-packages/airflow/example_dags/example_xcom.py for tasks to queue
[2022-11-21T22:14:17.076-0300] {logging_mixin.py:115} INFO - [2022-11-21T22:14:17.076-0300] {dagbag.py:508} INFO - Filling up the DagBag from /home/juliana/Área de Trabalho/datapipeline/.env/lib/python3.8/site-packages/airflow/example_dags/example_xcom.py
[2022-11-21T22:14:17.103-0300] {processor.py:650} INFO - DAG(s) dict_keys(['example_xcom']) retrieved from /home/juliana/Área de Trabalho/datapipeline/.env/lib/python3.8/site-packages/airflow/example_dags/example_xcom.py
[2022-11-21T22:14:17.155-0300] {logging_mixin.py:115} INFO - [2022-11-21T22:14:17.154-0300] {dag.py:2429} INFO - Sync 1 DAGs
[2022-11-21T22:14:17.178-0300] {logging_mixin.py:115} INFO - [2022-11-21T22:14:17.177-0300] {dag.py:2977} INFO - Setting next_dagrun for example_xcom to 2021-01-01T00:00:00+00:00, run_after=2021-01-01T00:00:00+00:00
[2022-11-21T22:14:17.201-0300] {processor.py:161} INFO - Processing /home/juliana/Área de Trabalho/datapipeline/.env/lib/python3.8/site-packages/airflow/example_dags/example_xcom.py took 0.129 seconds
[2022-11-21T22:14:55.208-0300] {processor.py:153} INFO - Started process (PID=6118) to work on /home/juliana/Área de Trabalho/datapipeline/.env/lib/python3.8/site-packages/airflow/example_dags/example_xcom.py
[2022-11-21T22:14:55.210-0300] {processor.py:640} INFO - Processing file /home/juliana/Área de Trabalho/datapipeline/.env/lib/python3.8/site-packages/airflow/example_dags/example_xcom.py for tasks to queue
[2022-11-21T22:14:55.211-0300] {logging_mixin.py:115} INFO - [2022-11-21T22:14:55.210-0300] {dagbag.py:508} INFO - Filling up the DagBag from /home/juliana/Área de Trabalho/datapipeline/.env/lib/python3.8/site-packages/airflow/example_dags/example_xcom.py
[2022-11-21T22:14:55.239-0300] {processor.py:650} INFO - DAG(s) dict_keys(['example_xcom']) retrieved from /home/juliana/Área de Trabalho/datapipeline/.env/lib/python3.8/site-packages/airflow/example_dags/example_xcom.py
[2022-11-21T22:14:55.254-0300] {logging_mixin.py:115} INFO - [2022-11-21T22:14:55.254-0300] {dag.py:2429} INFO - Sync 1 DAGs
[2022-11-21T22:14:55.268-0300] {logging_mixin.py:115} INFO - [2022-11-21T22:14:55.268-0300] {dag.py:2977} INFO - Setting next_dagrun for example_xcom to 2021-01-01T00:00:00+00:00, run_after=2021-01-01T00:00:00+00:00
[2022-11-21T22:14:55.334-0300] {processor.py:161} INFO - Processing /home/juliana/Área de Trabalho/datapipeline/.env/lib/python3.8/site-packages/airflow/example_dags/example_xcom.py took 0.133 seconds
[2022-11-21T22:15:30.063-0300] {processor.py:153} INFO - Started process (PID=6153) to work on /home/juliana/Área de Trabalho/datapipeline/.env/lib/python3.8/site-packages/airflow/example_dags/example_xcom.py
[2022-11-21T22:15:30.065-0300] {processor.py:640} INFO - Processing file /home/juliana/Área de Trabalho/datapipeline/.env/lib/python3.8/site-packages/airflow/example_dags/example_xcom.py for tasks to queue
[2022-11-21T22:15:30.066-0300] {logging_mixin.py:115} INFO - [2022-11-21T22:15:30.066-0300] {dagbag.py:508} INFO - Filling up the DagBag from /home/juliana/Área de Trabalho/datapipeline/.env/lib/python3.8/site-packages/airflow/example_dags/example_xcom.py
[2022-11-21T22:15:30.094-0300] {processor.py:650} INFO - DAG(s) dict_keys(['example_xcom']) retrieved from /home/juliana/Área de Trabalho/datapipeline/.env/lib/python3.8/site-packages/airflow/example_dags/example_xcom.py
[2022-11-21T22:15:30.109-0300] {logging_mixin.py:115} INFO - [2022-11-21T22:15:30.109-0300] {dag.py:2429} INFO - Sync 1 DAGs
[2022-11-21T22:15:30.123-0300] {logging_mixin.py:115} INFO - [2022-11-21T22:15:30.123-0300] {dag.py:2977} INFO - Setting next_dagrun for example_xcom to 2021-01-01T00:00:00+00:00, run_after=2021-01-01T00:00:00+00:00
[2022-11-21T22:15:30.142-0300] {processor.py:161} INFO - Processing /home/juliana/Área de Trabalho/datapipeline/.env/lib/python3.8/site-packages/airflow/example_dags/example_xcom.py took 0.085 seconds
[2022-11-21T22:16:06.308-0300] {processor.py:153} INFO - Started process (PID=6189) to work on /home/juliana/Área de Trabalho/datapipeline/.env/lib/python3.8/site-packages/airflow/example_dags/example_xcom.py
[2022-11-21T22:16:06.310-0300] {processor.py:640} INFO - Processing file /home/juliana/Área de Trabalho/datapipeline/.env/lib/python3.8/site-packages/airflow/example_dags/example_xcom.py for tasks to queue
[2022-11-21T22:16:06.310-0300] {logging_mixin.py:115} INFO - [2022-11-21T22:16:06.310-0300] {dagbag.py:508} INFO - Filling up the DagBag from /home/juliana/Área de Trabalho/datapipeline/.env/lib/python3.8/site-packages/airflow/example_dags/example_xcom.py
[2022-11-21T22:16:06.337-0300] {processor.py:650} INFO - DAG(s) dict_keys(['example_xcom']) retrieved from /home/juliana/Área de Trabalho/datapipeline/.env/lib/python3.8/site-packages/airflow/example_dags/example_xcom.py
[2022-11-21T22:16:06.352-0300] {logging_mixin.py:115} INFO - [2022-11-21T22:16:06.352-0300] {dag.py:2429} INFO - Sync 1 DAGs
[2022-11-21T22:16:06.366-0300] {logging_mixin.py:115} INFO - [2022-11-21T22:16:06.366-0300] {dag.py:2977} INFO - Setting next_dagrun for example_xcom to 2021-01-01T00:00:00+00:00, run_after=2021-01-01T00:00:00+00:00
[2022-11-21T22:16:06.386-0300] {processor.py:161} INFO - Processing /home/juliana/Área de Trabalho/datapipeline/.env/lib/python3.8/site-packages/airflow/example_dags/example_xcom.py took 0.082 seconds
[2022-11-21T22:16:42.825-0300] {processor.py:153} INFO - Started process (PID=6232) to work on /home/juliana/Área de Trabalho/datapipeline/.env/lib/python3.8/site-packages/airflow/example_dags/example_xcom.py
[2022-11-21T22:16:42.826-0300] {processor.py:640} INFO - Processing file /home/juliana/Área de Trabalho/datapipeline/.env/lib/python3.8/site-packages/airflow/example_dags/example_xcom.py for tasks to queue
[2022-11-21T22:16:42.827-0300] {logging_mixin.py:115} INFO - [2022-11-21T22:16:42.827-0300] {dagbag.py:508} INFO - Filling up the DagBag from /home/juliana/Área de Trabalho/datapipeline/.env/lib/python3.8/site-packages/airflow/example_dags/example_xcom.py
[2022-11-21T22:16:42.850-0300] {processor.py:650} INFO - DAG(s) dict_keys(['example_xcom']) retrieved from /home/juliana/Área de Trabalho/datapipeline/.env/lib/python3.8/site-packages/airflow/example_dags/example_xcom.py
[2022-11-21T22:16:42.863-0300] {logging_mixin.py:115} INFO - [2022-11-21T22:16:42.863-0300] {dag.py:2429} INFO - Sync 1 DAGs
[2022-11-21T22:16:42.878-0300] {logging_mixin.py:115} INFO - [2022-11-21T22:16:42.878-0300] {dag.py:2977} INFO - Setting next_dagrun for example_xcom to 2021-01-01T00:00:00+00:00, run_after=2021-01-01T00:00:00+00:00
[2022-11-21T22:16:42.894-0300] {processor.py:161} INFO - Processing /home/juliana/Área de Trabalho/datapipeline/.env/lib/python3.8/site-packages/airflow/example_dags/example_xcom.py took 0.075 seconds
