[2022-11-21T21:13:20.546-0300] {processor.py:153} INFO - Started process (PID=3108) to work on /home/juliana/Área de Trabalho/datapipeline/.env/lib/python3.8/site-packages/airflow/example_dags/example_branch_python_dop_operator_3.py
[2022-11-21T21:13:20.547-0300] {processor.py:640} INFO - Processing file /home/juliana/Área de Trabalho/datapipeline/.env/lib/python3.8/site-packages/airflow/example_dags/example_branch_python_dop_operator_3.py for tasks to queue
[2022-11-21T21:13:20.548-0300] {logging_mixin.py:115} INFO - [2022-11-21T21:13:20.547-0300] {dagbag.py:508} INFO - Filling up the DagBag from /home/juliana/Área de Trabalho/datapipeline/.env/lib/python3.8/site-packages/airflow/example_dags/example_branch_python_dop_operator_3.py
[2022-11-21T21:13:20.569-0300] {processor.py:650} INFO - DAG(s) dict_keys(['example_branch_dop_operator_v3']) retrieved from /home/juliana/Área de Trabalho/datapipeline/.env/lib/python3.8/site-packages/airflow/example_dags/example_branch_python_dop_operator_3.py
[2022-11-21T21:13:20.592-0300] {logging_mixin.py:115} INFO - [2022-11-21T21:13:20.591-0300] {dag.py:2429} INFO - Sync 1 DAGs
[2022-11-21T21:13:20.645-0300] {logging_mixin.py:115} INFO - [2022-11-21T21:13:20.644-0300] {dag.py:2977} INFO - Setting next_dagrun for example_branch_dop_operator_v3 to 2022-11-22T00:12:00+00:00, run_after=2022-11-22T00:13:00+00:00
[2022-11-21T21:13:20.681-0300] {processor.py:161} INFO - Processing /home/juliana/Área de Trabalho/datapipeline/.env/lib/python3.8/site-packages/airflow/example_dags/example_branch_python_dop_operator_3.py took 0.139 seconds
[2022-11-21T21:13:57.413-0300] {processor.py:153} INFO - Started process (PID=3253) to work on /home/juliana/Área de Trabalho/datapipeline/.env/lib/python3.8/site-packages/airflow/example_dags/example_branch_python_dop_operator_3.py
[2022-11-21T21:13:57.414-0300] {processor.py:640} INFO - Processing file /home/juliana/Área de Trabalho/datapipeline/.env/lib/python3.8/site-packages/airflow/example_dags/example_branch_python_dop_operator_3.py for tasks to queue
[2022-11-21T21:13:57.415-0300] {logging_mixin.py:115} INFO - [2022-11-21T21:13:57.415-0300] {dagbag.py:508} INFO - Filling up the DagBag from /home/juliana/Área de Trabalho/datapipeline/.env/lib/python3.8/site-packages/airflow/example_dags/example_branch_python_dop_operator_3.py
[2022-11-21T21:13:57.425-0300] {processor.py:650} INFO - DAG(s) dict_keys(['example_branch_dop_operator_v3']) retrieved from /home/juliana/Área de Trabalho/datapipeline/.env/lib/python3.8/site-packages/airflow/example_dags/example_branch_python_dop_operator_3.py
[2022-11-21T21:13:57.439-0300] {logging_mixin.py:115} INFO - [2022-11-21T21:13:57.439-0300] {dag.py:2429} INFO - Sync 1 DAGs
[2022-11-21T21:13:57.458-0300] {logging_mixin.py:115} INFO - [2022-11-21T21:13:57.458-0300] {dag.py:2977} INFO - Setting next_dagrun for example_branch_dop_operator_v3 to 2022-11-22T00:12:00+00:00, run_after=2022-11-22T00:13:00+00:00
[2022-11-21T21:13:57.473-0300] {processor.py:161} INFO - Processing /home/juliana/Área de Trabalho/datapipeline/.env/lib/python3.8/site-packages/airflow/example_dags/example_branch_python_dop_operator_3.py took 0.065 seconds
[2022-11-21T21:14:51.219-0300] {processor.py:153} INFO - Started process (PID=3472) to work on /home/juliana/Área de Trabalho/datapipeline/.env/lib/python3.8/site-packages/airflow/example_dags/example_branch_python_dop_operator_3.py
[2022-11-21T21:14:51.223-0300] {processor.py:640} INFO - Processing file /home/juliana/Área de Trabalho/datapipeline/.env/lib/python3.8/site-packages/airflow/example_dags/example_branch_python_dop_operator_3.py for tasks to queue
[2022-11-21T21:14:51.224-0300] {logging_mixin.py:115} INFO - [2022-11-21T21:14:51.224-0300] {dagbag.py:508} INFO - Filling up the DagBag from /home/juliana/Área de Trabalho/datapipeline/.env/lib/python3.8/site-packages/airflow/example_dags/example_branch_python_dop_operator_3.py
[2022-11-21T21:14:51.296-0300] {processor.py:650} INFO - DAG(s) dict_keys(['example_branch_dop_operator_v3']) retrieved from /home/juliana/Área de Trabalho/datapipeline/.env/lib/python3.8/site-packages/airflow/example_dags/example_branch_python_dop_operator_3.py
[2022-11-21T21:14:51.375-0300] {logging_mixin.py:115} INFO - [2022-11-21T21:14:51.375-0300] {dag.py:2429} INFO - Sync 1 DAGs
[2022-11-21T21:14:51.477-0300] {logging_mixin.py:115} INFO - [2022-11-21T21:14:51.465-0300] {dag.py:2977} INFO - Setting next_dagrun for example_branch_dop_operator_v3 to 2022-11-22T00:13:00+00:00, run_after=2022-11-22T00:14:00+00:00
[2022-11-21T21:14:51.577-0300] {processor.py:161} INFO - Processing /home/juliana/Área de Trabalho/datapipeline/.env/lib/python3.8/site-packages/airflow/example_dags/example_branch_python_dop_operator_3.py took 0.364 seconds
[2022-11-21T21:16:14.546-0300] {processor.py:153} INFO - Started process (PID=3530) to work on /home/juliana/Área de Trabalho/datapipeline/.env/lib/python3.8/site-packages/airflow/example_dags/example_branch_python_dop_operator_3.py
[2022-11-21T21:16:14.555-0300] {processor.py:640} INFO - Processing file /home/juliana/Área de Trabalho/datapipeline/.env/lib/python3.8/site-packages/airflow/example_dags/example_branch_python_dop_operator_3.py for tasks to queue
[2022-11-21T21:16:14.556-0300] {logging_mixin.py:115} INFO - [2022-11-21T21:16:14.556-0300] {dagbag.py:508} INFO - Filling up the DagBag from /home/juliana/Área de Trabalho/datapipeline/.env/lib/python3.8/site-packages/airflow/example_dags/example_branch_python_dop_operator_3.py
[2022-11-21T21:16:14.629-0300] {processor.py:650} INFO - DAG(s) dict_keys(['example_branch_dop_operator_v3']) retrieved from /home/juliana/Área de Trabalho/datapipeline/.env/lib/python3.8/site-packages/airflow/example_dags/example_branch_python_dop_operator_3.py
[2022-11-21T21:16:15.042-0300] {logging_mixin.py:115} INFO - [2022-11-21T21:16:14.978-0300] {dag.py:2429} INFO - Sync 1 DAGs
[2022-11-21T21:16:15.867-0300] {logging_mixin.py:115} INFO - [2022-11-21T21:16:15.783-0300] {dag.py:2977} INFO - Setting next_dagrun for example_branch_dop_operator_v3 to 2022-11-22T00:15:00+00:00, run_after=2022-11-22T00:16:00+00:00
[2022-11-21T21:16:16.821-0300] {processor.py:161} INFO - Processing /home/juliana/Área de Trabalho/datapipeline/.env/lib/python3.8/site-packages/airflow/example_dags/example_branch_python_dop_operator_3.py took 2.284 seconds
[2022-11-21T21:20:04.656-0300] {processor.py:153} INFO - Started process (PID=3641) to work on /home/juliana/Área de Trabalho/datapipeline/.env/lib/python3.8/site-packages/airflow/example_dags/example_branch_python_dop_operator_3.py
[2022-11-21T21:20:04.667-0300] {processor.py:640} INFO - Processing file /home/juliana/Área de Trabalho/datapipeline/.env/lib/python3.8/site-packages/airflow/example_dags/example_branch_python_dop_operator_3.py for tasks to queue
[2022-11-21T21:20:04.668-0300] {logging_mixin.py:115} INFO - [2022-11-21T21:20:04.668-0300] {dagbag.py:508} INFO - Filling up the DagBag from /home/juliana/Área de Trabalho/datapipeline/.env/lib/python3.8/site-packages/airflow/example_dags/example_branch_python_dop_operator_3.py
[2022-11-21T21:20:05.133-0300] {processor.py:650} INFO - DAG(s) dict_keys(['example_branch_dop_operator_v3']) retrieved from /home/juliana/Área de Trabalho/datapipeline/.env/lib/python3.8/site-packages/airflow/example_dags/example_branch_python_dop_operator_3.py
[2022-11-21T21:20:15.383-0300] {logging_mixin.py:115} INFO - [2022-11-21T21:20:13.671-0300] {dag.py:2429} INFO - Sync 1 DAGs
[2022-11-21T21:21:02.961-0300] {logging_mixin.py:115} INFO - [2022-11-21T21:21:02.921-0300] {dag.py:2977} INFO - Setting next_dagrun for example_branch_dop_operator_v3 to 2022-11-22T00:20:00+00:00, run_after=2022-11-22T00:21:00+00:00
[2022-11-21T21:22:07.446-0300] {processor.py:161} INFO - Processing /home/juliana/Área de Trabalho/datapipeline/.env/lib/python3.8/site-packages/airflow/example_dags/example_branch_python_dop_operator_3.py took 122.802 seconds
[2022-11-21T21:38:39.722-0300] {processor.py:153} INFO - Started process (PID=8026) to work on /home/juliana/Área de Trabalho/datapipeline/.env/lib/python3.8/site-packages/airflow/example_dags/example_branch_python_dop_operator_3.py
[2022-11-21T21:38:39.730-0300] {processor.py:640} INFO - Processing file /home/juliana/Área de Trabalho/datapipeline/.env/lib/python3.8/site-packages/airflow/example_dags/example_branch_python_dop_operator_3.py for tasks to queue
[2022-11-21T21:38:39.731-0300] {logging_mixin.py:115} INFO - [2022-11-21T21:38:39.730-0300] {dagbag.py:508} INFO - Filling up the DagBag from /home/juliana/Área de Trabalho/datapipeline/.env/lib/python3.8/site-packages/airflow/example_dags/example_branch_python_dop_operator_3.py
[2022-11-21T21:38:39.756-0300] {processor.py:650} INFO - DAG(s) dict_keys(['example_branch_dop_operator_v3']) retrieved from /home/juliana/Área de Trabalho/datapipeline/.env/lib/python3.8/site-packages/airflow/example_dags/example_branch_python_dop_operator_3.py
[2022-11-21T21:38:39.780-0300] {logging_mixin.py:115} INFO - [2022-11-21T21:38:39.780-0300] {dag.py:2429} INFO - Sync 1 DAGs
[2022-11-21T21:38:39.824-0300] {logging_mixin.py:115} INFO - [2022-11-21T21:38:39.824-0300] {dag.py:2977} INFO - Setting next_dagrun for example_branch_dop_operator_v3 to 2022-11-22T00:37:00+00:00, run_after=2022-11-22T00:38:00+00:00
[2022-11-21T21:38:39.843-0300] {processor.py:161} INFO - Processing /home/juliana/Área de Trabalho/datapipeline/.env/lib/python3.8/site-packages/airflow/example_dags/example_branch_python_dop_operator_3.py took 0.126 seconds
[2022-11-21T21:39:18.735-0300] {processor.py:153} INFO - Started process (PID=8089) to work on /home/juliana/Área de Trabalho/datapipeline/.env/lib/python3.8/site-packages/airflow/example_dags/example_branch_python_dop_operator_3.py
[2022-11-21T21:39:18.740-0300] {processor.py:640} INFO - Processing file /home/juliana/Área de Trabalho/datapipeline/.env/lib/python3.8/site-packages/airflow/example_dags/example_branch_python_dop_operator_3.py for tasks to queue
[2022-11-21T21:39:18.741-0300] {logging_mixin.py:115} INFO - [2022-11-21T21:39:18.741-0300] {dagbag.py:508} INFO - Filling up the DagBag from /home/juliana/Área de Trabalho/datapipeline/.env/lib/python3.8/site-packages/airflow/example_dags/example_branch_python_dop_operator_3.py
[2022-11-21T21:39:18.753-0300] {processor.py:650} INFO - DAG(s) dict_keys(['example_branch_dop_operator_v3']) retrieved from /home/juliana/Área de Trabalho/datapipeline/.env/lib/python3.8/site-packages/airflow/example_dags/example_branch_python_dop_operator_3.py
[2022-11-21T21:39:18.768-0300] {logging_mixin.py:115} INFO - [2022-11-21T21:39:18.768-0300] {dag.py:2429} INFO - Sync 1 DAGs
[2022-11-21T21:39:18.788-0300] {logging_mixin.py:115} INFO - [2022-11-21T21:39:18.788-0300] {dag.py:2977} INFO - Setting next_dagrun for example_branch_dop_operator_v3 to 2022-11-22T00:38:00+00:00, run_after=2022-11-22T00:39:00+00:00
[2022-11-21T21:39:18.804-0300] {processor.py:161} INFO - Processing /home/juliana/Área de Trabalho/datapipeline/.env/lib/python3.8/site-packages/airflow/example_dags/example_branch_python_dop_operator_3.py took 0.073 seconds
[2022-11-21T21:39:53.806-0300] {processor.py:153} INFO - Started process (PID=8155) to work on /home/juliana/Área de Trabalho/datapipeline/.env/lib/python3.8/site-packages/airflow/example_dags/example_branch_python_dop_operator_3.py
[2022-11-21T21:39:53.807-0300] {processor.py:640} INFO - Processing file /home/juliana/Área de Trabalho/datapipeline/.env/lib/python3.8/site-packages/airflow/example_dags/example_branch_python_dop_operator_3.py for tasks to queue
[2022-11-21T21:39:53.808-0300] {logging_mixin.py:115} INFO - [2022-11-21T21:39:53.808-0300] {dagbag.py:508} INFO - Filling up the DagBag from /home/juliana/Área de Trabalho/datapipeline/.env/lib/python3.8/site-packages/airflow/example_dags/example_branch_python_dop_operator_3.py
[2022-11-21T21:39:53.821-0300] {processor.py:650} INFO - DAG(s) dict_keys(['example_branch_dop_operator_v3']) retrieved from /home/juliana/Área de Trabalho/datapipeline/.env/lib/python3.8/site-packages/airflow/example_dags/example_branch_python_dop_operator_3.py
[2022-11-21T21:39:53.837-0300] {logging_mixin.py:115} INFO - [2022-11-21T21:39:53.837-0300] {dag.py:2429} INFO - Sync 1 DAGs
[2022-11-21T21:39:53.856-0300] {logging_mixin.py:115} INFO - [2022-11-21T21:39:53.856-0300] {dag.py:2977} INFO - Setting next_dagrun for example_branch_dop_operator_v3 to 2022-11-22T00:38:00+00:00, run_after=2022-11-22T00:39:00+00:00
[2022-11-21T21:39:53.877-0300] {processor.py:161} INFO - Processing /home/juliana/Área de Trabalho/datapipeline/.env/lib/python3.8/site-packages/airflow/example_dags/example_branch_python_dop_operator_3.py took 0.076 seconds
[2022-11-21T21:40:34.191-0300] {processor.py:153} INFO - Started process (PID=8526) to work on /home/juliana/Área de Trabalho/datapipeline/.env/lib/python3.8/site-packages/airflow/example_dags/example_branch_python_dop_operator_3.py
[2022-11-21T21:40:34.197-0300] {processor.py:640} INFO - Processing file /home/juliana/Área de Trabalho/datapipeline/.env/lib/python3.8/site-packages/airflow/example_dags/example_branch_python_dop_operator_3.py for tasks to queue
[2022-11-21T21:40:34.198-0300] {logging_mixin.py:115} INFO - [2022-11-21T21:40:34.198-0300] {dagbag.py:508} INFO - Filling up the DagBag from /home/juliana/Área de Trabalho/datapipeline/.env/lib/python3.8/site-packages/airflow/example_dags/example_branch_python_dop_operator_3.py
[2022-11-21T21:40:34.216-0300] {processor.py:650} INFO - DAG(s) dict_keys(['example_branch_dop_operator_v3']) retrieved from /home/juliana/Área de Trabalho/datapipeline/.env/lib/python3.8/site-packages/airflow/example_dags/example_branch_python_dop_operator_3.py
[2022-11-21T21:40:34.231-0300] {logging_mixin.py:115} INFO - [2022-11-21T21:40:34.231-0300] {dag.py:2429} INFO - Sync 1 DAGs
[2022-11-21T21:40:34.251-0300] {logging_mixin.py:115} INFO - [2022-11-21T21:40:34.251-0300] {dag.py:2977} INFO - Setting next_dagrun for example_branch_dop_operator_v3 to 2022-11-22T00:39:00+00:00, run_after=2022-11-22T00:40:00+00:00
[2022-11-21T21:40:34.265-0300] {processor.py:161} INFO - Processing /home/juliana/Área de Trabalho/datapipeline/.env/lib/python3.8/site-packages/airflow/example_dags/example_branch_python_dop_operator_3.py took 0.080 seconds
[2022-11-21T21:41:09.494-0300] {processor.py:153} INFO - Started process (PID=8739) to work on /home/juliana/Área de Trabalho/datapipeline/.env/lib/python3.8/site-packages/airflow/example_dags/example_branch_python_dop_operator_3.py
[2022-11-21T21:41:09.495-0300] {processor.py:640} INFO - Processing file /home/juliana/Área de Trabalho/datapipeline/.env/lib/python3.8/site-packages/airflow/example_dags/example_branch_python_dop_operator_3.py for tasks to queue
[2022-11-21T21:41:09.496-0300] {logging_mixin.py:115} INFO - [2022-11-21T21:41:09.496-0300] {dagbag.py:508} INFO - Filling up the DagBag from /home/juliana/Área de Trabalho/datapipeline/.env/lib/python3.8/site-packages/airflow/example_dags/example_branch_python_dop_operator_3.py
[2022-11-21T21:41:09.511-0300] {processor.py:650} INFO - DAG(s) dict_keys(['example_branch_dop_operator_v3']) retrieved from /home/juliana/Área de Trabalho/datapipeline/.env/lib/python3.8/site-packages/airflow/example_dags/example_branch_python_dop_operator_3.py
[2022-11-21T21:41:09.526-0300] {logging_mixin.py:115} INFO - [2022-11-21T21:41:09.526-0300] {dag.py:2429} INFO - Sync 1 DAGs
[2022-11-21T21:41:09.546-0300] {logging_mixin.py:115} INFO - [2022-11-21T21:41:09.545-0300] {dag.py:2977} INFO - Setting next_dagrun for example_branch_dop_operator_v3 to 2022-11-22T00:40:00+00:00, run_after=2022-11-22T00:41:00+00:00
[2022-11-21T21:41:09.562-0300] {processor.py:161} INFO - Processing /home/juliana/Área de Trabalho/datapipeline/.env/lib/python3.8/site-packages/airflow/example_dags/example_branch_python_dop_operator_3.py took 0.072 seconds
[2022-11-21T21:41:44.986-0300] {processor.py:153} INFO - Started process (PID=8957) to work on /home/juliana/Área de Trabalho/datapipeline/.env/lib/python3.8/site-packages/airflow/example_dags/example_branch_python_dop_operator_3.py
[2022-11-21T21:41:44.988-0300] {processor.py:640} INFO - Processing file /home/juliana/Área de Trabalho/datapipeline/.env/lib/python3.8/site-packages/airflow/example_dags/example_branch_python_dop_operator_3.py for tasks to queue
[2022-11-21T21:41:44.989-0300] {logging_mixin.py:115} INFO - [2022-11-21T21:41:44.989-0300] {dagbag.py:508} INFO - Filling up the DagBag from /home/juliana/Área de Trabalho/datapipeline/.env/lib/python3.8/site-packages/airflow/example_dags/example_branch_python_dop_operator_3.py
[2022-11-21T21:41:45.002-0300] {processor.py:650} INFO - DAG(s) dict_keys(['example_branch_dop_operator_v3']) retrieved from /home/juliana/Área de Trabalho/datapipeline/.env/lib/python3.8/site-packages/airflow/example_dags/example_branch_python_dop_operator_3.py
[2022-11-21T21:41:45.017-0300] {logging_mixin.py:115} INFO - [2022-11-21T21:41:45.017-0300] {dag.py:2429} INFO - Sync 1 DAGs
[2022-11-21T21:41:45.036-0300] {logging_mixin.py:115} INFO - [2022-11-21T21:41:45.036-0300] {dag.py:2977} INFO - Setting next_dagrun for example_branch_dop_operator_v3 to 2022-11-22T00:40:00+00:00, run_after=2022-11-22T00:41:00+00:00
[2022-11-21T21:41:45.052-0300] {processor.py:161} INFO - Processing /home/juliana/Área de Trabalho/datapipeline/.env/lib/python3.8/site-packages/airflow/example_dags/example_branch_python_dop_operator_3.py took 0.074 seconds
[2022-11-21T21:42:21.750-0300] {processor.py:153} INFO - Started process (PID=9169) to work on /home/juliana/Área de Trabalho/datapipeline/.env/lib/python3.8/site-packages/airflow/example_dags/example_branch_python_dop_operator_3.py
[2022-11-21T21:42:21.751-0300] {processor.py:640} INFO - Processing file /home/juliana/Área de Trabalho/datapipeline/.env/lib/python3.8/site-packages/airflow/example_dags/example_branch_python_dop_operator_3.py for tasks to queue
[2022-11-21T21:42:21.751-0300] {logging_mixin.py:115} INFO - [2022-11-21T21:42:21.751-0300] {dagbag.py:508} INFO - Filling up the DagBag from /home/juliana/Área de Trabalho/datapipeline/.env/lib/python3.8/site-packages/airflow/example_dags/example_branch_python_dop_operator_3.py
[2022-11-21T21:42:21.762-0300] {processor.py:650} INFO - DAG(s) dict_keys(['example_branch_dop_operator_v3']) retrieved from /home/juliana/Área de Trabalho/datapipeline/.env/lib/python3.8/site-packages/airflow/example_dags/example_branch_python_dop_operator_3.py
[2022-11-21T21:42:21.794-0300] {logging_mixin.py:115} INFO - [2022-11-21T21:42:21.794-0300] {dag.py:2429} INFO - Sync 1 DAGs
[2022-11-21T21:42:21.825-0300] {logging_mixin.py:115} INFO - [2022-11-21T21:42:21.825-0300] {dag.py:2977} INFO - Setting next_dagrun for example_branch_dop_operator_v3 to 2022-11-22T00:41:00+00:00, run_after=2022-11-22T00:42:00+00:00
[2022-11-21T21:42:21.848-0300] {processor.py:161} INFO - Processing /home/juliana/Área de Trabalho/datapipeline/.env/lib/python3.8/site-packages/airflow/example_dags/example_branch_python_dop_operator_3.py took 0.103 seconds
[2022-11-21T21:42:57.046-0300] {processor.py:153} INFO - Started process (PID=9379) to work on /home/juliana/Área de Trabalho/datapipeline/.env/lib/python3.8/site-packages/airflow/example_dags/example_branch_python_dop_operator_3.py
[2022-11-21T21:42:57.047-0300] {processor.py:640} INFO - Processing file /home/juliana/Área de Trabalho/datapipeline/.env/lib/python3.8/site-packages/airflow/example_dags/example_branch_python_dop_operator_3.py for tasks to queue
[2022-11-21T21:42:57.048-0300] {logging_mixin.py:115} INFO - [2022-11-21T21:42:57.048-0300] {dagbag.py:508} INFO - Filling up the DagBag from /home/juliana/Área de Trabalho/datapipeline/.env/lib/python3.8/site-packages/airflow/example_dags/example_branch_python_dop_operator_3.py
[2022-11-21T21:42:57.060-0300] {processor.py:650} INFO - DAG(s) dict_keys(['example_branch_dop_operator_v3']) retrieved from /home/juliana/Área de Trabalho/datapipeline/.env/lib/python3.8/site-packages/airflow/example_dags/example_branch_python_dop_operator_3.py
[2022-11-21T21:42:57.074-0300] {logging_mixin.py:115} INFO - [2022-11-21T21:42:57.074-0300] {dag.py:2429} INFO - Sync 1 DAGs
[2022-11-21T21:42:57.094-0300] {logging_mixin.py:115} INFO - [2022-11-21T21:42:57.094-0300] {dag.py:2977} INFO - Setting next_dagrun for example_branch_dop_operator_v3 to 2022-11-22T00:41:00+00:00, run_after=2022-11-22T00:42:00+00:00
[2022-11-21T21:42:57.115-0300] {processor.py:161} INFO - Processing /home/juliana/Área de Trabalho/datapipeline/.env/lib/python3.8/site-packages/airflow/example_dags/example_branch_python_dop_operator_3.py took 0.074 seconds
[2022-11-21T21:43:31.111-0300] {processor.py:153} INFO - Started process (PID=9565) to work on /home/juliana/Área de Trabalho/datapipeline/.env/lib/python3.8/site-packages/airflow/example_dags/example_branch_python_dop_operator_3.py
[2022-11-21T21:43:31.113-0300] {processor.py:640} INFO - Processing file /home/juliana/Área de Trabalho/datapipeline/.env/lib/python3.8/site-packages/airflow/example_dags/example_branch_python_dop_operator_3.py for tasks to queue
[2022-11-21T21:43:31.114-0300] {logging_mixin.py:115} INFO - [2022-11-21T21:43:31.114-0300] {dagbag.py:508} INFO - Filling up the DagBag from /home/juliana/Área de Trabalho/datapipeline/.env/lib/python3.8/site-packages/airflow/example_dags/example_branch_python_dop_operator_3.py
[2022-11-21T21:43:31.129-0300] {processor.py:650} INFO - DAG(s) dict_keys(['example_branch_dop_operator_v3']) retrieved from /home/juliana/Área de Trabalho/datapipeline/.env/lib/python3.8/site-packages/airflow/example_dags/example_branch_python_dop_operator_3.py
[2022-11-21T21:43:31.150-0300] {logging_mixin.py:115} INFO - [2022-11-21T21:43:31.150-0300] {dag.py:2429} INFO - Sync 1 DAGs
[2022-11-21T21:43:31.168-0300] {logging_mixin.py:115} INFO - [2022-11-21T21:43:31.168-0300] {dag.py:2977} INFO - Setting next_dagrun for example_branch_dop_operator_v3 to 2022-11-22T00:42:00+00:00, run_after=2022-11-22T00:43:00+00:00
[2022-11-21T21:43:31.186-0300] {processor.py:161} INFO - Processing /home/juliana/Área de Trabalho/datapipeline/.env/lib/python3.8/site-packages/airflow/example_dags/example_branch_python_dop_operator_3.py took 0.080 seconds
[2022-11-21T21:44:08.258-0300] {processor.py:153} INFO - Started process (PID=9685) to work on /home/juliana/Área de Trabalho/datapipeline/.env/lib/python3.8/site-packages/airflow/example_dags/example_branch_python_dop_operator_3.py
[2022-11-21T21:44:08.259-0300] {processor.py:640} INFO - Processing file /home/juliana/Área de Trabalho/datapipeline/.env/lib/python3.8/site-packages/airflow/example_dags/example_branch_python_dop_operator_3.py for tasks to queue
[2022-11-21T21:44:08.260-0300] {logging_mixin.py:115} INFO - [2022-11-21T21:44:08.260-0300] {dagbag.py:508} INFO - Filling up the DagBag from /home/juliana/Área de Trabalho/datapipeline/.env/lib/python3.8/site-packages/airflow/example_dags/example_branch_python_dop_operator_3.py
[2022-11-21T21:44:08.272-0300] {processor.py:650} INFO - DAG(s) dict_keys(['example_branch_dop_operator_v3']) retrieved from /home/juliana/Área de Trabalho/datapipeline/.env/lib/python3.8/site-packages/airflow/example_dags/example_branch_python_dop_operator_3.py
[2022-11-21T21:44:08.288-0300] {logging_mixin.py:115} INFO - [2022-11-21T21:44:08.288-0300] {dag.py:2429} INFO - Sync 1 DAGs
[2022-11-21T21:44:08.306-0300] {logging_mixin.py:115} INFO - [2022-11-21T21:44:08.306-0300] {dag.py:2977} INFO - Setting next_dagrun for example_branch_dop_operator_v3 to 2022-11-22T00:43:00+00:00, run_after=2022-11-22T00:44:00+00:00
[2022-11-21T21:44:08.329-0300] {processor.py:161} INFO - Processing /home/juliana/Área de Trabalho/datapipeline/.env/lib/python3.8/site-packages/airflow/example_dags/example_branch_python_dop_operator_3.py took 0.076 seconds
[2022-11-21T21:44:43.823-0300] {processor.py:153} INFO - Started process (PID=9730) to work on /home/juliana/Área de Trabalho/datapipeline/.env/lib/python3.8/site-packages/airflow/example_dags/example_branch_python_dop_operator_3.py
[2022-11-21T21:44:43.830-0300] {processor.py:640} INFO - Processing file /home/juliana/Área de Trabalho/datapipeline/.env/lib/python3.8/site-packages/airflow/example_dags/example_branch_python_dop_operator_3.py for tasks to queue
[2022-11-21T21:44:43.832-0300] {logging_mixin.py:115} INFO - [2022-11-21T21:44:43.831-0300] {dagbag.py:508} INFO - Filling up the DagBag from /home/juliana/Área de Trabalho/datapipeline/.env/lib/python3.8/site-packages/airflow/example_dags/example_branch_python_dop_operator_3.py
[2022-11-21T21:44:43.849-0300] {processor.py:650} INFO - DAG(s) dict_keys(['example_branch_dop_operator_v3']) retrieved from /home/juliana/Área de Trabalho/datapipeline/.env/lib/python3.8/site-packages/airflow/example_dags/example_branch_python_dop_operator_3.py
[2022-11-21T21:44:43.869-0300] {logging_mixin.py:115} INFO - [2022-11-21T21:44:43.869-0300] {dag.py:2429} INFO - Sync 1 DAGs
[2022-11-21T21:44:43.888-0300] {logging_mixin.py:115} INFO - [2022-11-21T21:44:43.887-0300] {dag.py:2977} INFO - Setting next_dagrun for example_branch_dop_operator_v3 to 2022-11-22T00:43:00+00:00, run_after=2022-11-22T00:44:00+00:00
[2022-11-21T21:44:43.908-0300] {processor.py:161} INFO - Processing /home/juliana/Área de Trabalho/datapipeline/.env/lib/python3.8/site-packages/airflow/example_dags/example_branch_python_dop_operator_3.py took 0.091 seconds
[2022-11-21T21:45:19.385-0300] {processor.py:153} INFO - Started process (PID=9770) to work on /home/juliana/Área de Trabalho/datapipeline/.env/lib/python3.8/site-packages/airflow/example_dags/example_branch_python_dop_operator_3.py
[2022-11-21T21:45:19.387-0300] {processor.py:640} INFO - Processing file /home/juliana/Área de Trabalho/datapipeline/.env/lib/python3.8/site-packages/airflow/example_dags/example_branch_python_dop_operator_3.py for tasks to queue
[2022-11-21T21:45:19.388-0300] {logging_mixin.py:115} INFO - [2022-11-21T21:45:19.388-0300] {dagbag.py:508} INFO - Filling up the DagBag from /home/juliana/Área de Trabalho/datapipeline/.env/lib/python3.8/site-packages/airflow/example_dags/example_branch_python_dop_operator_3.py
[2022-11-21T21:45:19.401-0300] {processor.py:650} INFO - DAG(s) dict_keys(['example_branch_dop_operator_v3']) retrieved from /home/juliana/Área de Trabalho/datapipeline/.env/lib/python3.8/site-packages/airflow/example_dags/example_branch_python_dop_operator_3.py
[2022-11-21T21:45:19.420-0300] {logging_mixin.py:115} INFO - [2022-11-21T21:45:19.420-0300] {dag.py:2429} INFO - Sync 1 DAGs
[2022-11-21T21:45:19.437-0300] {logging_mixin.py:115} INFO - [2022-11-21T21:45:19.437-0300] {dag.py:2977} INFO - Setting next_dagrun for example_branch_dop_operator_v3 to 2022-11-22T00:44:00+00:00, run_after=2022-11-22T00:45:00+00:00
[2022-11-21T21:45:19.459-0300] {processor.py:161} INFO - Processing /home/juliana/Área de Trabalho/datapipeline/.env/lib/python3.8/site-packages/airflow/example_dags/example_branch_python_dop_operator_3.py took 0.079 seconds
[2022-11-21T21:45:56.150-0300] {processor.py:153} INFO - Started process (PID=9865) to work on /home/juliana/Área de Trabalho/datapipeline/.env/lib/python3.8/site-packages/airflow/example_dags/example_branch_python_dop_operator_3.py
[2022-11-21T21:45:56.152-0300] {processor.py:640} INFO - Processing file /home/juliana/Área de Trabalho/datapipeline/.env/lib/python3.8/site-packages/airflow/example_dags/example_branch_python_dop_operator_3.py for tasks to queue
[2022-11-21T21:45:56.153-0300] {logging_mixin.py:115} INFO - [2022-11-21T21:45:56.153-0300] {dagbag.py:508} INFO - Filling up the DagBag from /home/juliana/Área de Trabalho/datapipeline/.env/lib/python3.8/site-packages/airflow/example_dags/example_branch_python_dop_operator_3.py
[2022-11-21T21:45:56.166-0300] {processor.py:650} INFO - DAG(s) dict_keys(['example_branch_dop_operator_v3']) retrieved from /home/juliana/Área de Trabalho/datapipeline/.env/lib/python3.8/site-packages/airflow/example_dags/example_branch_python_dop_operator_3.py
[2022-11-21T21:45:56.187-0300] {logging_mixin.py:115} INFO - [2022-11-21T21:45:56.186-0300] {dag.py:2429} INFO - Sync 1 DAGs
[2022-11-21T21:45:56.204-0300] {logging_mixin.py:115} INFO - [2022-11-21T21:45:56.204-0300] {dag.py:2977} INFO - Setting next_dagrun for example_branch_dop_operator_v3 to 2022-11-22T00:44:00+00:00, run_after=2022-11-22T00:45:00+00:00
[2022-11-21T21:45:56.270-0300] {processor.py:161} INFO - Processing /home/juliana/Área de Trabalho/datapipeline/.env/lib/python3.8/site-packages/airflow/example_dags/example_branch_python_dop_operator_3.py took 0.125 seconds
[2022-11-21T21:46:30.651-0300] {processor.py:153} INFO - Started process (PID=10086) to work on /home/juliana/Área de Trabalho/datapipeline/.env/lib/python3.8/site-packages/airflow/example_dags/example_branch_python_dop_operator_3.py
[2022-11-21T21:46:30.652-0300] {processor.py:640} INFO - Processing file /home/juliana/Área de Trabalho/datapipeline/.env/lib/python3.8/site-packages/airflow/example_dags/example_branch_python_dop_operator_3.py for tasks to queue
[2022-11-21T21:46:30.653-0300] {logging_mixin.py:115} INFO - [2022-11-21T21:46:30.653-0300] {dagbag.py:508} INFO - Filling up the DagBag from /home/juliana/Área de Trabalho/datapipeline/.env/lib/python3.8/site-packages/airflow/example_dags/example_branch_python_dop_operator_3.py
[2022-11-21T21:46:30.664-0300] {processor.py:650} INFO - DAG(s) dict_keys(['example_branch_dop_operator_v3']) retrieved from /home/juliana/Área de Trabalho/datapipeline/.env/lib/python3.8/site-packages/airflow/example_dags/example_branch_python_dop_operator_3.py
[2022-11-21T21:46:30.682-0300] {logging_mixin.py:115} INFO - [2022-11-21T21:46:30.682-0300] {dag.py:2429} INFO - Sync 1 DAGs
[2022-11-21T21:46:30.698-0300] {logging_mixin.py:115} INFO - [2022-11-21T21:46:30.698-0300] {dag.py:2977} INFO - Setting next_dagrun for example_branch_dop_operator_v3 to 2022-11-22T00:45:00+00:00, run_after=2022-11-22T00:46:00+00:00
[2022-11-21T21:46:30.720-0300] {processor.py:161} INFO - Processing /home/juliana/Área de Trabalho/datapipeline/.env/lib/python3.8/site-packages/airflow/example_dags/example_branch_python_dop_operator_3.py took 0.074 seconds
[2022-11-21T21:47:11.509-0300] {processor.py:153} INFO - Started process (PID=10330) to work on /home/juliana/Área de Trabalho/datapipeline/.env/lib/python3.8/site-packages/airflow/example_dags/example_branch_python_dop_operator_3.py
[2022-11-21T21:47:11.511-0300] {processor.py:640} INFO - Processing file /home/juliana/Área de Trabalho/datapipeline/.env/lib/python3.8/site-packages/airflow/example_dags/example_branch_python_dop_operator_3.py for tasks to queue
[2022-11-21T21:47:11.512-0300] {logging_mixin.py:115} INFO - [2022-11-21T21:47:11.512-0300] {dagbag.py:508} INFO - Filling up the DagBag from /home/juliana/Área de Trabalho/datapipeline/.env/lib/python3.8/site-packages/airflow/example_dags/example_branch_python_dop_operator_3.py
[2022-11-21T21:47:11.530-0300] {processor.py:650} INFO - DAG(s) dict_keys(['example_branch_dop_operator_v3']) retrieved from /home/juliana/Área de Trabalho/datapipeline/.env/lib/python3.8/site-packages/airflow/example_dags/example_branch_python_dop_operator_3.py
[2022-11-21T21:47:11.558-0300] {logging_mixin.py:115} INFO - [2022-11-21T21:47:11.558-0300] {dag.py:2429} INFO - Sync 1 DAGs
[2022-11-21T21:47:11.578-0300] {logging_mixin.py:115} INFO - [2022-11-21T21:47:11.578-0300] {dag.py:2977} INFO - Setting next_dagrun for example_branch_dop_operator_v3 to 2022-11-22T00:46:00+00:00, run_after=2022-11-22T00:47:00+00:00
[2022-11-21T21:47:11.606-0300] {processor.py:161} INFO - Processing /home/juliana/Área de Trabalho/datapipeline/.env/lib/python3.8/site-packages/airflow/example_dags/example_branch_python_dop_operator_3.py took 0.105 seconds
[2022-11-21T21:47:48.340-0300] {processor.py:153} INFO - Started process (PID=10540) to work on /home/juliana/Área de Trabalho/datapipeline/.env/lib/python3.8/site-packages/airflow/example_dags/example_branch_python_dop_operator_3.py
[2022-11-21T21:47:48.341-0300] {processor.py:640} INFO - Processing file /home/juliana/Área de Trabalho/datapipeline/.env/lib/python3.8/site-packages/airflow/example_dags/example_branch_python_dop_operator_3.py for tasks to queue
[2022-11-21T21:47:48.343-0300] {logging_mixin.py:115} INFO - [2022-11-21T21:47:48.342-0300] {dagbag.py:508} INFO - Filling up the DagBag from /home/juliana/Área de Trabalho/datapipeline/.env/lib/python3.8/site-packages/airflow/example_dags/example_branch_python_dop_operator_3.py
[2022-11-21T21:47:48.355-0300] {processor.py:650} INFO - DAG(s) dict_keys(['example_branch_dop_operator_v3']) retrieved from /home/juliana/Área de Trabalho/datapipeline/.env/lib/python3.8/site-packages/airflow/example_dags/example_branch_python_dop_operator_3.py
[2022-11-21T21:47:48.373-0300] {logging_mixin.py:115} INFO - [2022-11-21T21:47:48.373-0300] {dag.py:2429} INFO - Sync 1 DAGs
[2022-11-21T21:47:48.390-0300] {logging_mixin.py:115} INFO - [2022-11-21T21:47:48.390-0300] {dag.py:2977} INFO - Setting next_dagrun for example_branch_dop_operator_v3 to 2022-11-22T00:46:00+00:00, run_after=2022-11-22T00:47:00+00:00
[2022-11-21T21:47:48.415-0300] {processor.py:161} INFO - Processing /home/juliana/Área de Trabalho/datapipeline/.env/lib/python3.8/site-packages/airflow/example_dags/example_branch_python_dop_operator_3.py took 0.080 seconds
[2022-11-21T21:48:23.081-0300] {processor.py:153} INFO - Started process (PID=10633) to work on /home/juliana/Área de Trabalho/datapipeline/.env/lib/python3.8/site-packages/airflow/example_dags/example_branch_python_dop_operator_3.py
[2022-11-21T21:48:23.084-0300] {processor.py:640} INFO - Processing file /home/juliana/Área de Trabalho/datapipeline/.env/lib/python3.8/site-packages/airflow/example_dags/example_branch_python_dop_operator_3.py for tasks to queue
[2022-11-21T21:48:23.084-0300] {logging_mixin.py:115} INFO - [2022-11-21T21:48:23.084-0300] {dagbag.py:508} INFO - Filling up the DagBag from /home/juliana/Área de Trabalho/datapipeline/.env/lib/python3.8/site-packages/airflow/example_dags/example_branch_python_dop_operator_3.py
[2022-11-21T21:48:23.109-0300] {processor.py:650} INFO - DAG(s) dict_keys(['example_branch_dop_operator_v3']) retrieved from /home/juliana/Área de Trabalho/datapipeline/.env/lib/python3.8/site-packages/airflow/example_dags/example_branch_python_dop_operator_3.py
[2022-11-21T21:48:23.142-0300] {logging_mixin.py:115} INFO - [2022-11-21T21:48:23.142-0300] {dag.py:2429} INFO - Sync 1 DAGs
[2022-11-21T21:48:23.194-0300] {logging_mixin.py:115} INFO - [2022-11-21T21:48:23.194-0300] {dag.py:2977} INFO - Setting next_dagrun for example_branch_dop_operator_v3 to 2022-11-22T00:47:00+00:00, run_after=2022-11-22T00:48:00+00:00
[2022-11-21T21:48:23.218-0300] {processor.py:161} INFO - Processing /home/juliana/Área de Trabalho/datapipeline/.env/lib/python3.8/site-packages/airflow/example_dags/example_branch_python_dop_operator_3.py took 0.144 seconds
[2022-11-21T21:49:00.953-0300] {processor.py:153} INFO - Started process (PID=10750) to work on /home/juliana/Área de Trabalho/datapipeline/.env/lib/python3.8/site-packages/airflow/example_dags/example_branch_python_dop_operator_3.py
[2022-11-21T21:49:00.956-0300] {processor.py:640} INFO - Processing file /home/juliana/Área de Trabalho/datapipeline/.env/lib/python3.8/site-packages/airflow/example_dags/example_branch_python_dop_operator_3.py for tasks to queue
[2022-11-21T21:49:00.957-0300] {logging_mixin.py:115} INFO - [2022-11-21T21:49:00.957-0300] {dagbag.py:508} INFO - Filling up the DagBag from /home/juliana/Área de Trabalho/datapipeline/.env/lib/python3.8/site-packages/airflow/example_dags/example_branch_python_dop_operator_3.py
[2022-11-21T21:49:00.978-0300] {processor.py:650} INFO - DAG(s) dict_keys(['example_branch_dop_operator_v3']) retrieved from /home/juliana/Área de Trabalho/datapipeline/.env/lib/python3.8/site-packages/airflow/example_dags/example_branch_python_dop_operator_3.py
[2022-11-21T21:49:00.997-0300] {logging_mixin.py:115} INFO - [2022-11-21T21:49:00.996-0300] {dag.py:2429} INFO - Sync 1 DAGs
[2022-11-21T21:49:01.018-0300] {logging_mixin.py:115} INFO - [2022-11-21T21:49:01.018-0300] {dag.py:2977} INFO - Setting next_dagrun for example_branch_dop_operator_v3 to 2022-11-22T00:48:00+00:00, run_after=2022-11-22T00:49:00+00:00
[2022-11-21T21:49:01.091-0300] {processor.py:161} INFO - Processing /home/juliana/Área de Trabalho/datapipeline/.env/lib/python3.8/site-packages/airflow/example_dags/example_branch_python_dop_operator_3.py took 0.144 seconds
[2022-11-21T21:49:39.956-0300] {processor.py:153} INFO - Started process (PID=10789) to work on /home/juliana/Área de Trabalho/datapipeline/.env/lib/python3.8/site-packages/airflow/example_dags/example_branch_python_dop_operator_3.py
[2022-11-21T21:49:39.957-0300] {processor.py:640} INFO - Processing file /home/juliana/Área de Trabalho/datapipeline/.env/lib/python3.8/site-packages/airflow/example_dags/example_branch_python_dop_operator_3.py for tasks to queue
[2022-11-21T21:49:39.958-0300] {logging_mixin.py:115} INFO - [2022-11-21T21:49:39.958-0300] {dagbag.py:508} INFO - Filling up the DagBag from /home/juliana/Área de Trabalho/datapipeline/.env/lib/python3.8/site-packages/airflow/example_dags/example_branch_python_dop_operator_3.py
[2022-11-21T21:49:39.971-0300] {processor.py:650} INFO - DAG(s) dict_keys(['example_branch_dop_operator_v3']) retrieved from /home/juliana/Área de Trabalho/datapipeline/.env/lib/python3.8/site-packages/airflow/example_dags/example_branch_python_dop_operator_3.py
[2022-11-21T21:49:39.989-0300] {logging_mixin.py:115} INFO - [2022-11-21T21:49:39.989-0300] {dag.py:2429} INFO - Sync 1 DAGs
[2022-11-21T21:49:40.006-0300] {logging_mixin.py:115} INFO - [2022-11-21T21:49:40.006-0300] {dag.py:2977} INFO - Setting next_dagrun for example_branch_dop_operator_v3 to 2022-11-22T00:48:00+00:00, run_after=2022-11-22T00:49:00+00:00
[2022-11-21T21:49:40.064-0300] {processor.py:161} INFO - Processing /home/juliana/Área de Trabalho/datapipeline/.env/lib/python3.8/site-packages/airflow/example_dags/example_branch_python_dop_operator_3.py took 0.114 seconds
[2022-11-21T21:50:14.873-0300] {processor.py:153} INFO - Started process (PID=10826) to work on /home/juliana/Área de Trabalho/datapipeline/.env/lib/python3.8/site-packages/airflow/example_dags/example_branch_python_dop_operator_3.py
[2022-11-21T21:50:14.875-0300] {processor.py:640} INFO - Processing file /home/juliana/Área de Trabalho/datapipeline/.env/lib/python3.8/site-packages/airflow/example_dags/example_branch_python_dop_operator_3.py for tasks to queue
[2022-11-21T21:50:14.877-0300] {logging_mixin.py:115} INFO - [2022-11-21T21:50:14.876-0300] {dagbag.py:508} INFO - Filling up the DagBag from /home/juliana/Área de Trabalho/datapipeline/.env/lib/python3.8/site-packages/airflow/example_dags/example_branch_python_dop_operator_3.py
[2022-11-21T21:50:14.895-0300] {processor.py:650} INFO - DAG(s) dict_keys(['example_branch_dop_operator_v3']) retrieved from /home/juliana/Área de Trabalho/datapipeline/.env/lib/python3.8/site-packages/airflow/example_dags/example_branch_python_dop_operator_3.py
[2022-11-21T21:50:14.916-0300] {logging_mixin.py:115} INFO - [2022-11-21T21:50:14.916-0300] {dag.py:2429} INFO - Sync 1 DAGs
[2022-11-21T21:50:14.938-0300] {logging_mixin.py:115} INFO - [2022-11-21T21:50:14.938-0300] {dag.py:2977} INFO - Setting next_dagrun for example_branch_dop_operator_v3 to 2022-11-22T00:49:00+00:00, run_after=2022-11-22T00:50:00+00:00
[2022-11-21T21:50:14.959-0300] {processor.py:161} INFO - Processing /home/juliana/Área de Trabalho/datapipeline/.env/lib/python3.8/site-packages/airflow/example_dags/example_branch_python_dop_operator_3.py took 0.092 seconds
[2022-11-21T21:50:49.374-0300] {processor.py:153} INFO - Started process (PID=10882) to work on /home/juliana/Área de Trabalho/datapipeline/.env/lib/python3.8/site-packages/airflow/example_dags/example_branch_python_dop_operator_3.py
[2022-11-21T21:50:49.376-0300] {processor.py:640} INFO - Processing file /home/juliana/Área de Trabalho/datapipeline/.env/lib/python3.8/site-packages/airflow/example_dags/example_branch_python_dop_operator_3.py for tasks to queue
[2022-11-21T21:50:49.377-0300] {logging_mixin.py:115} INFO - [2022-11-21T21:50:49.376-0300] {dagbag.py:508} INFO - Filling up the DagBag from /home/juliana/Área de Trabalho/datapipeline/.env/lib/python3.8/site-packages/airflow/example_dags/example_branch_python_dop_operator_3.py
[2022-11-21T21:50:49.395-0300] {processor.py:650} INFO - DAG(s) dict_keys(['example_branch_dop_operator_v3']) retrieved from /home/juliana/Área de Trabalho/datapipeline/.env/lib/python3.8/site-packages/airflow/example_dags/example_branch_python_dop_operator_3.py
[2022-11-21T21:50:49.413-0300] {logging_mixin.py:115} INFO - [2022-11-21T21:50:49.412-0300] {dag.py:2429} INFO - Sync 1 DAGs
[2022-11-21T21:50:49.429-0300] {logging_mixin.py:115} INFO - [2022-11-21T21:50:49.429-0300] {dag.py:2977} INFO - Setting next_dagrun for example_branch_dop_operator_v3 to 2022-11-22T00:49:00+00:00, run_after=2022-11-22T00:50:00+00:00
[2022-11-21T21:50:49.445-0300] {processor.py:161} INFO - Processing /home/juliana/Área de Trabalho/datapipeline/.env/lib/python3.8/site-packages/airflow/example_dags/example_branch_python_dop_operator_3.py took 0.075 seconds
[2022-11-21T21:51:27.407-0300] {processor.py:153} INFO - Started process (PID=10923) to work on /home/juliana/Área de Trabalho/datapipeline/.env/lib/python3.8/site-packages/airflow/example_dags/example_branch_python_dop_operator_3.py
[2022-11-21T21:51:27.408-0300] {processor.py:640} INFO - Processing file /home/juliana/Área de Trabalho/datapipeline/.env/lib/python3.8/site-packages/airflow/example_dags/example_branch_python_dop_operator_3.py for tasks to queue
[2022-11-21T21:51:27.408-0300] {logging_mixin.py:115} INFO - [2022-11-21T21:51:27.408-0300] {dagbag.py:508} INFO - Filling up the DagBag from /home/juliana/Área de Trabalho/datapipeline/.env/lib/python3.8/site-packages/airflow/example_dags/example_branch_python_dop_operator_3.py
[2022-11-21T21:51:27.416-0300] {processor.py:650} INFO - DAG(s) dict_keys(['example_branch_dop_operator_v3']) retrieved from /home/juliana/Área de Trabalho/datapipeline/.env/lib/python3.8/site-packages/airflow/example_dags/example_branch_python_dop_operator_3.py
[2022-11-21T21:51:27.431-0300] {logging_mixin.py:115} INFO - [2022-11-21T21:51:27.431-0300] {dag.py:2429} INFO - Sync 1 DAGs
[2022-11-21T21:51:27.449-0300] {logging_mixin.py:115} INFO - [2022-11-21T21:51:27.448-0300] {dag.py:2977} INFO - Setting next_dagrun for example_branch_dop_operator_v3 to 2022-11-22T00:50:00+00:00, run_after=2022-11-22T00:51:00+00:00
[2022-11-21T21:51:27.508-0300] {processor.py:161} INFO - Processing /home/juliana/Área de Trabalho/datapipeline/.env/lib/python3.8/site-packages/airflow/example_dags/example_branch_python_dop_operator_3.py took 0.104 seconds
[2022-11-21T21:52:05.925-0300] {processor.py:153} INFO - Started process (PID=10960) to work on /home/juliana/Área de Trabalho/datapipeline/.env/lib/python3.8/site-packages/airflow/example_dags/example_branch_python_dop_operator_3.py
[2022-11-21T21:52:05.926-0300] {processor.py:640} INFO - Processing file /home/juliana/Área de Trabalho/datapipeline/.env/lib/python3.8/site-packages/airflow/example_dags/example_branch_python_dop_operator_3.py for tasks to queue
[2022-11-21T21:52:05.927-0300] {logging_mixin.py:115} INFO - [2022-11-21T21:52:05.927-0300] {dagbag.py:508} INFO - Filling up the DagBag from /home/juliana/Área de Trabalho/datapipeline/.env/lib/python3.8/site-packages/airflow/example_dags/example_branch_python_dop_operator_3.py
[2022-11-21T21:52:05.942-0300] {processor.py:650} INFO - DAG(s) dict_keys(['example_branch_dop_operator_v3']) retrieved from /home/juliana/Área de Trabalho/datapipeline/.env/lib/python3.8/site-packages/airflow/example_dags/example_branch_python_dop_operator_3.py
[2022-11-21T21:52:05.958-0300] {logging_mixin.py:115} INFO - [2022-11-21T21:52:05.958-0300] {dag.py:2429} INFO - Sync 1 DAGs
[2022-11-21T21:52:05.976-0300] {logging_mixin.py:115} INFO - [2022-11-21T21:52:05.976-0300] {dag.py:2977} INFO - Setting next_dagrun for example_branch_dop_operator_v3 to 2022-11-22T00:51:00+00:00, run_after=2022-11-22T00:52:00+00:00
[2022-11-21T21:52:05.997-0300] {processor.py:161} INFO - Processing /home/juliana/Área de Trabalho/datapipeline/.env/lib/python3.8/site-packages/airflow/example_dags/example_branch_python_dop_operator_3.py took 0.077 seconds
[2022-11-21T21:52:45.231-0300] {processor.py:153} INFO - Started process (PID=10999) to work on /home/juliana/Área de Trabalho/datapipeline/.env/lib/python3.8/site-packages/airflow/example_dags/example_branch_python_dop_operator_3.py
[2022-11-21T21:52:45.233-0300] {processor.py:640} INFO - Processing file /home/juliana/Área de Trabalho/datapipeline/.env/lib/python3.8/site-packages/airflow/example_dags/example_branch_python_dop_operator_3.py for tasks to queue
[2022-11-21T21:52:45.233-0300] {logging_mixin.py:115} INFO - [2022-11-21T21:52:45.233-0300] {dagbag.py:508} INFO - Filling up the DagBag from /home/juliana/Área de Trabalho/datapipeline/.env/lib/python3.8/site-packages/airflow/example_dags/example_branch_python_dop_operator_3.py
[2022-11-21T21:52:45.244-0300] {processor.py:650} INFO - DAG(s) dict_keys(['example_branch_dop_operator_v3']) retrieved from /home/juliana/Área de Trabalho/datapipeline/.env/lib/python3.8/site-packages/airflow/example_dags/example_branch_python_dop_operator_3.py
[2022-11-21T21:52:45.260-0300] {logging_mixin.py:115} INFO - [2022-11-21T21:52:45.260-0300] {dag.py:2429} INFO - Sync 1 DAGs
[2022-11-21T21:52:45.277-0300] {logging_mixin.py:115} INFO - [2022-11-21T21:52:45.277-0300] {dag.py:2977} INFO - Setting next_dagrun for example_branch_dop_operator_v3 to 2022-11-22T00:51:00+00:00, run_after=2022-11-22T00:52:00+00:00
[2022-11-21T21:52:45.297-0300] {processor.py:161} INFO - Processing /home/juliana/Área de Trabalho/datapipeline/.env/lib/python3.8/site-packages/airflow/example_dags/example_branch_python_dop_operator_3.py took 0.078 seconds
[2022-11-21T21:53:23.176-0300] {processor.py:153} INFO - Started process (PID=11105) to work on /home/juliana/Área de Trabalho/datapipeline/.env/lib/python3.8/site-packages/airflow/example_dags/example_branch_python_dop_operator_3.py
[2022-11-21T21:53:23.178-0300] {processor.py:640} INFO - Processing file /home/juliana/Área de Trabalho/datapipeline/.env/lib/python3.8/site-packages/airflow/example_dags/example_branch_python_dop_operator_3.py for tasks to queue
[2022-11-21T21:53:23.179-0300] {logging_mixin.py:115} INFO - [2022-11-21T21:53:23.179-0300] {dagbag.py:508} INFO - Filling up the DagBag from /home/juliana/Área de Trabalho/datapipeline/.env/lib/python3.8/site-packages/airflow/example_dags/example_branch_python_dop_operator_3.py
[2022-11-21T21:53:23.192-0300] {processor.py:650} INFO - DAG(s) dict_keys(['example_branch_dop_operator_v3']) retrieved from /home/juliana/Área de Trabalho/datapipeline/.env/lib/python3.8/site-packages/airflow/example_dags/example_branch_python_dop_operator_3.py
[2022-11-21T21:53:23.210-0300] {logging_mixin.py:115} INFO - [2022-11-21T21:53:23.210-0300] {dag.py:2429} INFO - Sync 1 DAGs
[2022-11-21T21:53:23.227-0300] {logging_mixin.py:115} INFO - [2022-11-21T21:53:23.227-0300] {dag.py:2977} INFO - Setting next_dagrun for example_branch_dop_operator_v3 to 2022-11-22T00:52:00+00:00, run_after=2022-11-22T00:53:00+00:00
[2022-11-21T21:53:23.248-0300] {processor.py:161} INFO - Processing /home/juliana/Área de Trabalho/datapipeline/.env/lib/python3.8/site-packages/airflow/example_dags/example_branch_python_dop_operator_3.py took 0.078 seconds
[2022-11-21T21:54:00.190-0300] {processor.py:153} INFO - Started process (PID=11350) to work on /home/juliana/Área de Trabalho/datapipeline/.env/lib/python3.8/site-packages/airflow/example_dags/example_branch_python_dop_operator_3.py
[2022-11-21T21:54:00.191-0300] {processor.py:640} INFO - Processing file /home/juliana/Área de Trabalho/datapipeline/.env/lib/python3.8/site-packages/airflow/example_dags/example_branch_python_dop_operator_3.py for tasks to queue
[2022-11-21T21:54:00.192-0300] {logging_mixin.py:115} INFO - [2022-11-21T21:54:00.192-0300] {dagbag.py:508} INFO - Filling up the DagBag from /home/juliana/Área de Trabalho/datapipeline/.env/lib/python3.8/site-packages/airflow/example_dags/example_branch_python_dop_operator_3.py
[2022-11-21T21:54:00.207-0300] {processor.py:650} INFO - DAG(s) dict_keys(['example_branch_dop_operator_v3']) retrieved from /home/juliana/Área de Trabalho/datapipeline/.env/lib/python3.8/site-packages/airflow/example_dags/example_branch_python_dop_operator_3.py
[2022-11-21T21:54:00.224-0300] {logging_mixin.py:115} INFO - [2022-11-21T21:54:00.224-0300] {dag.py:2429} INFO - Sync 1 DAGs
[2022-11-21T21:54:00.241-0300] {logging_mixin.py:115} INFO - [2022-11-21T21:54:00.241-0300] {dag.py:2977} INFO - Setting next_dagrun for example_branch_dop_operator_v3 to 2022-11-22T00:53:00+00:00, run_after=2022-11-22T00:54:00+00:00
[2022-11-21T21:54:00.258-0300] {processor.py:161} INFO - Processing /home/juliana/Área de Trabalho/datapipeline/.env/lib/python3.8/site-packages/airflow/example_dags/example_branch_python_dop_operator_3.py took 0.073 seconds
[2022-11-21T21:54:35.466-0300] {processor.py:153} INFO - Started process (PID=11535) to work on /home/juliana/Área de Trabalho/datapipeline/.env/lib/python3.8/site-packages/airflow/example_dags/example_branch_python_dop_operator_3.py
[2022-11-21T21:54:35.467-0300] {processor.py:640} INFO - Processing file /home/juliana/Área de Trabalho/datapipeline/.env/lib/python3.8/site-packages/airflow/example_dags/example_branch_python_dop_operator_3.py for tasks to queue
[2022-11-21T21:54:35.468-0300] {logging_mixin.py:115} INFO - [2022-11-21T21:54:35.468-0300] {dagbag.py:508} INFO - Filling up the DagBag from /home/juliana/Área de Trabalho/datapipeline/.env/lib/python3.8/site-packages/airflow/example_dags/example_branch_python_dop_operator_3.py
[2022-11-21T21:54:35.482-0300] {processor.py:650} INFO - DAG(s) dict_keys(['example_branch_dop_operator_v3']) retrieved from /home/juliana/Área de Trabalho/datapipeline/.env/lib/python3.8/site-packages/airflow/example_dags/example_branch_python_dop_operator_3.py
[2022-11-21T21:54:35.499-0300] {logging_mixin.py:115} INFO - [2022-11-21T21:54:35.499-0300] {dag.py:2429} INFO - Sync 1 DAGs
[2022-11-21T21:54:35.520-0300] {logging_mixin.py:115} INFO - [2022-11-21T21:54:35.520-0300] {dag.py:2977} INFO - Setting next_dagrun for example_branch_dop_operator_v3 to 2022-11-22T00:53:00+00:00, run_after=2022-11-22T00:54:00+00:00
[2022-11-21T21:54:35.540-0300] {processor.py:161} INFO - Processing /home/juliana/Área de Trabalho/datapipeline/.env/lib/python3.8/site-packages/airflow/example_dags/example_branch_python_dop_operator_3.py took 0.079 seconds
[2022-11-21T21:55:45.799-0300] {processor.py:153} INFO - Started process (PID=11740) to work on /home/juliana/Área de Trabalho/datapipeline/.env/lib/python3.8/site-packages/airflow/example_dags/example_branch_python_dop_operator_3.py
[2022-11-21T21:55:45.806-0300] {processor.py:640} INFO - Processing file /home/juliana/Área de Trabalho/datapipeline/.env/lib/python3.8/site-packages/airflow/example_dags/example_branch_python_dop_operator_3.py for tasks to queue
[2022-11-21T21:55:45.807-0300] {logging_mixin.py:115} INFO - [2022-11-21T21:55:45.807-0300] {dagbag.py:508} INFO - Filling up the DagBag from /home/juliana/Área de Trabalho/datapipeline/.env/lib/python3.8/site-packages/airflow/example_dags/example_branch_python_dop_operator_3.py
[2022-11-21T21:55:45.821-0300] {processor.py:650} INFO - DAG(s) dict_keys(['example_branch_dop_operator_v3']) retrieved from /home/juliana/Área de Trabalho/datapipeline/.env/lib/python3.8/site-packages/airflow/example_dags/example_branch_python_dop_operator_3.py
[2022-11-21T21:55:45.838-0300] {logging_mixin.py:115} INFO - [2022-11-21T21:55:45.838-0300] {dag.py:2429} INFO - Sync 1 DAGs
[2022-11-21T21:55:45.870-0300] {logging_mixin.py:115} INFO - [2022-11-21T21:55:45.870-0300] {dag.py:2977} INFO - Setting next_dagrun for example_branch_dop_operator_v3 to 2022-11-22T00:54:00+00:00, run_after=2022-11-22T00:55:00+00:00
[2022-11-21T21:55:45.892-0300] {processor.py:161} INFO - Processing /home/juliana/Área de Trabalho/datapipeline/.env/lib/python3.8/site-packages/airflow/example_dags/example_branch_python_dop_operator_3.py took 0.097 seconds
[2022-11-21T21:56:36.221-0300] {processor.py:153} INFO - Started process (PID=12049) to work on /home/juliana/Área de Trabalho/datapipeline/.env/lib/python3.8/site-packages/airflow/example_dags/example_branch_python_dop_operator_3.py
[2022-11-21T21:56:36.231-0300] {processor.py:640} INFO - Processing file /home/juliana/Área de Trabalho/datapipeline/.env/lib/python3.8/site-packages/airflow/example_dags/example_branch_python_dop_operator_3.py for tasks to queue
[2022-11-21T21:56:36.233-0300] {logging_mixin.py:115} INFO - [2022-11-21T21:56:36.233-0300] {dagbag.py:508} INFO - Filling up the DagBag from /home/juliana/Área de Trabalho/datapipeline/.env/lib/python3.8/site-packages/airflow/example_dags/example_branch_python_dop_operator_3.py
[2022-11-21T21:56:36.317-0300] {processor.py:650} INFO - DAG(s) dict_keys(['example_branch_dop_operator_v3']) retrieved from /home/juliana/Área de Trabalho/datapipeline/.env/lib/python3.8/site-packages/airflow/example_dags/example_branch_python_dop_operator_3.py
[2022-11-21T21:56:36.390-0300] {logging_mixin.py:115} INFO - [2022-11-21T21:56:36.390-0300] {dag.py:2429} INFO - Sync 1 DAGs
[2022-11-21T21:56:36.534-0300] {logging_mixin.py:115} INFO - [2022-11-21T21:56:36.531-0300] {dag.py:2977} INFO - Setting next_dagrun for example_branch_dop_operator_v3 to 2022-11-22T00:55:00+00:00, run_after=2022-11-22T00:56:00+00:00
[2022-11-21T21:56:36.584-0300] {processor.py:161} INFO - Processing /home/juliana/Área de Trabalho/datapipeline/.env/lib/python3.8/site-packages/airflow/example_dags/example_branch_python_dop_operator_3.py took 0.368 seconds
[2022-11-21T22:03:57.267-0300] {processor.py:153} INFO - Started process (PID=2489) to work on /home/juliana/Área de Trabalho/datapipeline/.env/lib/python3.8/site-packages/airflow/example_dags/example_branch_python_dop_operator_3.py
[2022-11-21T22:03:57.271-0300] {processor.py:640} INFO - Processing file /home/juliana/Área de Trabalho/datapipeline/.env/lib/python3.8/site-packages/airflow/example_dags/example_branch_python_dop_operator_3.py for tasks to queue
[2022-11-21T22:03:57.271-0300] {logging_mixin.py:115} INFO - [2022-11-21T22:03:57.271-0300] {dagbag.py:508} INFO - Filling up the DagBag from /home/juliana/Área de Trabalho/datapipeline/.env/lib/python3.8/site-packages/airflow/example_dags/example_branch_python_dop_operator_3.py
[2022-11-21T22:03:57.283-0300] {processor.py:650} INFO - DAG(s) dict_keys(['example_branch_dop_operator_v3']) retrieved from /home/juliana/Área de Trabalho/datapipeline/.env/lib/python3.8/site-packages/airflow/example_dags/example_branch_python_dop_operator_3.py
[2022-11-21T22:03:57.296-0300] {logging_mixin.py:115} INFO - [2022-11-21T22:03:57.296-0300] {dag.py:2429} INFO - Sync 1 DAGs
[2022-11-21T22:03:57.315-0300] {logging_mixin.py:115} INFO - [2022-11-21T22:03:57.315-0300] {dag.py:2977} INFO - Setting next_dagrun for example_branch_dop_operator_v3 to 2022-11-22T01:02:00+00:00, run_after=2022-11-22T01:03:00+00:00
[2022-11-21T22:03:57.329-0300] {processor.py:161} INFO - Processing /home/juliana/Área de Trabalho/datapipeline/.env/lib/python3.8/site-packages/airflow/example_dags/example_branch_python_dop_operator_3.py took 0.065 seconds
[2022-11-21T22:04:36.090-0300] {processor.py:153} INFO - Started process (PID=2526) to work on /home/juliana/Área de Trabalho/datapipeline/.env/lib/python3.8/site-packages/airflow/example_dags/example_branch_python_dop_operator_3.py
[2022-11-21T22:04:36.098-0300] {processor.py:640} INFO - Processing file /home/juliana/Área de Trabalho/datapipeline/.env/lib/python3.8/site-packages/airflow/example_dags/example_branch_python_dop_operator_3.py for tasks to queue
[2022-11-21T22:04:36.099-0300] {logging_mixin.py:115} INFO - [2022-11-21T22:04:36.099-0300] {dagbag.py:508} INFO - Filling up the DagBag from /home/juliana/Área de Trabalho/datapipeline/.env/lib/python3.8/site-packages/airflow/example_dags/example_branch_python_dop_operator_3.py
[2022-11-21T22:04:36.121-0300] {processor.py:650} INFO - DAG(s) dict_keys(['example_branch_dop_operator_v3']) retrieved from /home/juliana/Área de Trabalho/datapipeline/.env/lib/python3.8/site-packages/airflow/example_dags/example_branch_python_dop_operator_3.py
[2022-11-21T22:04:36.158-0300] {logging_mixin.py:115} INFO - [2022-11-21T22:04:36.158-0300] {dag.py:2429} INFO - Sync 1 DAGs
[2022-11-21T22:04:36.231-0300] {logging_mixin.py:115} INFO - [2022-11-21T22:04:36.231-0300] {dag.py:2977} INFO - Setting next_dagrun for example_branch_dop_operator_v3 to 2022-11-22T01:03:00+00:00, run_after=2022-11-22T01:04:00+00:00
[2022-11-21T22:04:36.269-0300] {processor.py:161} INFO - Processing /home/juliana/Área de Trabalho/datapipeline/.env/lib/python3.8/site-packages/airflow/example_dags/example_branch_python_dop_operator_3.py took 0.184 seconds
[2022-11-21T22:05:13.974-0300] {processor.py:153} INFO - Started process (PID=2892) to work on /home/juliana/Área de Trabalho/datapipeline/.env/lib/python3.8/site-packages/airflow/example_dags/example_branch_python_dop_operator_3.py
[2022-11-21T22:05:13.977-0300] {processor.py:640} INFO - Processing file /home/juliana/Área de Trabalho/datapipeline/.env/lib/python3.8/site-packages/airflow/example_dags/example_branch_python_dop_operator_3.py for tasks to queue
[2022-11-21T22:05:13.977-0300] {logging_mixin.py:115} INFO - [2022-11-21T22:05:13.977-0300] {dagbag.py:508} INFO - Filling up the DagBag from /home/juliana/Área de Trabalho/datapipeline/.env/lib/python3.8/site-packages/airflow/example_dags/example_branch_python_dop_operator_3.py
[2022-11-21T22:05:13.993-0300] {processor.py:650} INFO - DAG(s) dict_keys(['example_branch_dop_operator_v3']) retrieved from /home/juliana/Área de Trabalho/datapipeline/.env/lib/python3.8/site-packages/airflow/example_dags/example_branch_python_dop_operator_3.py
[2022-11-21T22:05:14.032-0300] {logging_mixin.py:115} INFO - [2022-11-21T22:05:14.030-0300] {dag.py:2429} INFO - Sync 1 DAGs
[2022-11-21T22:05:14.092-0300] {logging_mixin.py:115} INFO - [2022-11-21T22:05:14.092-0300] {dag.py:2977} INFO - Setting next_dagrun for example_branch_dop_operator_v3 to 2022-11-22T01:04:00+00:00, run_after=2022-11-22T01:05:00+00:00
[2022-11-21T22:05:14.118-0300] {processor.py:161} INFO - Processing /home/juliana/Área de Trabalho/datapipeline/.env/lib/python3.8/site-packages/airflow/example_dags/example_branch_python_dop_operator_3.py took 0.154 seconds
[2022-11-21T22:05:51.778-0300] {processor.py:153} INFO - Started process (PID=3281) to work on /home/juliana/Área de Trabalho/datapipeline/.env/lib/python3.8/site-packages/airflow/example_dags/example_branch_python_dop_operator_3.py
[2022-11-21T22:05:51.785-0300] {processor.py:640} INFO - Processing file /home/juliana/Área de Trabalho/datapipeline/.env/lib/python3.8/site-packages/airflow/example_dags/example_branch_python_dop_operator_3.py for tasks to queue
[2022-11-21T22:05:51.785-0300] {logging_mixin.py:115} INFO - [2022-11-21T22:05:51.785-0300] {dagbag.py:508} INFO - Filling up the DagBag from /home/juliana/Área de Trabalho/datapipeline/.env/lib/python3.8/site-packages/airflow/example_dags/example_branch_python_dop_operator_3.py
[2022-11-21T22:05:51.805-0300] {processor.py:650} INFO - DAG(s) dict_keys(['example_branch_dop_operator_v3']) retrieved from /home/juliana/Área de Trabalho/datapipeline/.env/lib/python3.8/site-packages/airflow/example_dags/example_branch_python_dop_operator_3.py
[2022-11-21T22:05:51.831-0300] {logging_mixin.py:115} INFO - [2022-11-21T22:05:51.830-0300] {dag.py:2429} INFO - Sync 1 DAGs
[2022-11-21T22:05:51.878-0300] {logging_mixin.py:115} INFO - [2022-11-21T22:05:51.875-0300] {dag.py:2977} INFO - Setting next_dagrun for example_branch_dop_operator_v3 to 2022-11-22T01:04:00+00:00, run_after=2022-11-22T01:05:00+00:00
[2022-11-21T22:05:51.922-0300] {processor.py:161} INFO - Processing /home/juliana/Área de Trabalho/datapipeline/.env/lib/python3.8/site-packages/airflow/example_dags/example_branch_python_dop_operator_3.py took 0.151 seconds
[2022-11-21T22:06:31.036-0300] {processor.py:153} INFO - Started process (PID=3710) to work on /home/juliana/Área de Trabalho/datapipeline/.env/lib/python3.8/site-packages/airflow/example_dags/example_branch_python_dop_operator_3.py
[2022-11-21T22:06:31.044-0300] {processor.py:640} INFO - Processing file /home/juliana/Área de Trabalho/datapipeline/.env/lib/python3.8/site-packages/airflow/example_dags/example_branch_python_dop_operator_3.py for tasks to queue
[2022-11-21T22:06:31.045-0300] {logging_mixin.py:115} INFO - [2022-11-21T22:06:31.045-0300] {dagbag.py:508} INFO - Filling up the DagBag from /home/juliana/Área de Trabalho/datapipeline/.env/lib/python3.8/site-packages/airflow/example_dags/example_branch_python_dop_operator_3.py
[2022-11-21T22:06:31.059-0300] {processor.py:650} INFO - DAG(s) dict_keys(['example_branch_dop_operator_v3']) retrieved from /home/juliana/Área de Trabalho/datapipeline/.env/lib/python3.8/site-packages/airflow/example_dags/example_branch_python_dop_operator_3.py
[2022-11-21T22:06:31.075-0300] {logging_mixin.py:115} INFO - [2022-11-21T22:06:31.075-0300] {dag.py:2429} INFO - Sync 1 DAGs
[2022-11-21T22:06:31.097-0300] {logging_mixin.py:115} INFO - [2022-11-21T22:06:31.097-0300] {dag.py:2977} INFO - Setting next_dagrun for example_branch_dop_operator_v3 to 2022-11-22T01:05:00+00:00, run_after=2022-11-22T01:06:00+00:00
[2022-11-21T22:06:31.114-0300] {processor.py:161} INFO - Processing /home/juliana/Área de Trabalho/datapipeline/.env/lib/python3.8/site-packages/airflow/example_dags/example_branch_python_dop_operator_3.py took 0.083 seconds
[2022-11-21T22:07:09.919-0300] {processor.py:153} INFO - Started process (PID=3926) to work on /home/juliana/Área de Trabalho/datapipeline/.env/lib/python3.8/site-packages/airflow/example_dags/example_branch_python_dop_operator_3.py
[2022-11-21T22:07:09.921-0300] {processor.py:640} INFO - Processing file /home/juliana/Área de Trabalho/datapipeline/.env/lib/python3.8/site-packages/airflow/example_dags/example_branch_python_dop_operator_3.py for tasks to queue
[2022-11-21T22:07:09.922-0300] {logging_mixin.py:115} INFO - [2022-11-21T22:07:09.922-0300] {dagbag.py:508} INFO - Filling up the DagBag from /home/juliana/Área de Trabalho/datapipeline/.env/lib/python3.8/site-packages/airflow/example_dags/example_branch_python_dop_operator_3.py
[2022-11-21T22:07:09.938-0300] {processor.py:650} INFO - DAG(s) dict_keys(['example_branch_dop_operator_v3']) retrieved from /home/juliana/Área de Trabalho/datapipeline/.env/lib/python3.8/site-packages/airflow/example_dags/example_branch_python_dop_operator_3.py
[2022-11-21T22:07:09.960-0300] {logging_mixin.py:115} INFO - [2022-11-21T22:07:09.960-0300] {dag.py:2429} INFO - Sync 1 DAGs
[2022-11-21T22:07:09.994-0300] {logging_mixin.py:115} INFO - [2022-11-21T22:07:09.993-0300] {dag.py:2977} INFO - Setting next_dagrun for example_branch_dop_operator_v3 to 2022-11-22T01:06:00+00:00, run_after=2022-11-22T01:07:00+00:00
[2022-11-21T22:07:10.020-0300] {processor.py:161} INFO - Processing /home/juliana/Área de Trabalho/datapipeline/.env/lib/python3.8/site-packages/airflow/example_dags/example_branch_python_dop_operator_3.py took 0.108 seconds
[2022-11-21T22:07:47.612-0300] {processor.py:153} INFO - Started process (PID=4141) to work on /home/juliana/Área de Trabalho/datapipeline/.env/lib/python3.8/site-packages/airflow/example_dags/example_branch_python_dop_operator_3.py
[2022-11-21T22:07:47.613-0300] {processor.py:640} INFO - Processing file /home/juliana/Área de Trabalho/datapipeline/.env/lib/python3.8/site-packages/airflow/example_dags/example_branch_python_dop_operator_3.py for tasks to queue
[2022-11-21T22:07:47.615-0300] {logging_mixin.py:115} INFO - [2022-11-21T22:07:47.615-0300] {dagbag.py:508} INFO - Filling up the DagBag from /home/juliana/Área de Trabalho/datapipeline/.env/lib/python3.8/site-packages/airflow/example_dags/example_branch_python_dop_operator_3.py
[2022-11-21T22:07:47.626-0300] {processor.py:650} INFO - DAG(s) dict_keys(['example_branch_dop_operator_v3']) retrieved from /home/juliana/Área de Trabalho/datapipeline/.env/lib/python3.8/site-packages/airflow/example_dags/example_branch_python_dop_operator_3.py
[2022-11-21T22:07:47.642-0300] {logging_mixin.py:115} INFO - [2022-11-21T22:07:47.642-0300] {dag.py:2429} INFO - Sync 1 DAGs
[2022-11-21T22:07:47.661-0300] {logging_mixin.py:115} INFO - [2022-11-21T22:07:47.661-0300] {dag.py:2977} INFO - Setting next_dagrun for example_branch_dop_operator_v3 to 2022-11-22T01:06:00+00:00, run_after=2022-11-22T01:07:00+00:00
[2022-11-21T22:07:47.677-0300] {processor.py:161} INFO - Processing /home/juliana/Área de Trabalho/datapipeline/.env/lib/python3.8/site-packages/airflow/example_dags/example_branch_python_dop_operator_3.py took 0.069 seconds
[2022-11-21T22:08:24.094-0300] {processor.py:153} INFO - Started process (PID=4351) to work on /home/juliana/Área de Trabalho/datapipeline/.env/lib/python3.8/site-packages/airflow/example_dags/example_branch_python_dop_operator_3.py
[2022-11-21T22:08:24.096-0300] {processor.py:640} INFO - Processing file /home/juliana/Área de Trabalho/datapipeline/.env/lib/python3.8/site-packages/airflow/example_dags/example_branch_python_dop_operator_3.py for tasks to queue
[2022-11-21T22:08:24.097-0300] {logging_mixin.py:115} INFO - [2022-11-21T22:08:24.096-0300] {dagbag.py:508} INFO - Filling up the DagBag from /home/juliana/Área de Trabalho/datapipeline/.env/lib/python3.8/site-packages/airflow/example_dags/example_branch_python_dop_operator_3.py
[2022-11-21T22:08:24.114-0300] {processor.py:650} INFO - DAG(s) dict_keys(['example_branch_dop_operator_v3']) retrieved from /home/juliana/Área de Trabalho/datapipeline/.env/lib/python3.8/site-packages/airflow/example_dags/example_branch_python_dop_operator_3.py
[2022-11-21T22:08:24.140-0300] {logging_mixin.py:115} INFO - [2022-11-21T22:08:24.140-0300] {dag.py:2429} INFO - Sync 1 DAGs
[2022-11-21T22:08:24.209-0300] {logging_mixin.py:115} INFO - [2022-11-21T22:08:24.209-0300] {dag.py:2977} INFO - Setting next_dagrun for example_branch_dop_operator_v3 to 2022-11-22T01:07:00+00:00, run_after=2022-11-22T01:08:00+00:00
[2022-11-21T22:08:24.236-0300] {processor.py:161} INFO - Processing /home/juliana/Área de Trabalho/datapipeline/.env/lib/python3.8/site-packages/airflow/example_dags/example_branch_python_dop_operator_3.py took 0.149 seconds
[2022-11-21T22:09:02.828-0300] {processor.py:153} INFO - Started process (PID=4625) to work on /home/juliana/Área de Trabalho/datapipeline/.env/lib/python3.8/site-packages/airflow/example_dags/example_branch_python_dop_operator_3.py
[2022-11-21T22:09:02.829-0300] {processor.py:640} INFO - Processing file /home/juliana/Área de Trabalho/datapipeline/.env/lib/python3.8/site-packages/airflow/example_dags/example_branch_python_dop_operator_3.py for tasks to queue
[2022-11-21T22:09:02.830-0300] {logging_mixin.py:115} INFO - [2022-11-21T22:09:02.830-0300] {dagbag.py:508} INFO - Filling up the DagBag from /home/juliana/Área de Trabalho/datapipeline/.env/lib/python3.8/site-packages/airflow/example_dags/example_branch_python_dop_operator_3.py
[2022-11-21T22:09:02.842-0300] {processor.py:650} INFO - DAG(s) dict_keys(['example_branch_dop_operator_v3']) retrieved from /home/juliana/Área de Trabalho/datapipeline/.env/lib/python3.8/site-packages/airflow/example_dags/example_branch_python_dop_operator_3.py
[2022-11-21T22:09:02.862-0300] {logging_mixin.py:115} INFO - [2022-11-21T22:09:02.861-0300] {dag.py:2429} INFO - Sync 1 DAGs
[2022-11-21T22:09:02.880-0300] {logging_mixin.py:115} INFO - [2022-11-21T22:09:02.879-0300] {dag.py:2977} INFO - Setting next_dagrun for example_branch_dop_operator_v3 to 2022-11-22T01:08:00+00:00, run_after=2022-11-22T01:09:00+00:00
[2022-11-21T22:09:02.897-0300] {processor.py:161} INFO - Processing /home/juliana/Área de Trabalho/datapipeline/.env/lib/python3.8/site-packages/airflow/example_dags/example_branch_python_dop_operator_3.py took 0.074 seconds
[2022-11-21T22:09:37.856-0300] {processor.py:153} INFO - Started process (PID=5008) to work on /home/juliana/Área de Trabalho/datapipeline/.env/lib/python3.8/site-packages/airflow/example_dags/example_branch_python_dop_operator_3.py
[2022-11-21T22:09:37.859-0300] {processor.py:640} INFO - Processing file /home/juliana/Área de Trabalho/datapipeline/.env/lib/python3.8/site-packages/airflow/example_dags/example_branch_python_dop_operator_3.py for tasks to queue
[2022-11-21T22:09:37.861-0300] {logging_mixin.py:115} INFO - [2022-11-21T22:09:37.860-0300] {dagbag.py:508} INFO - Filling up the DagBag from /home/juliana/Área de Trabalho/datapipeline/.env/lib/python3.8/site-packages/airflow/example_dags/example_branch_python_dop_operator_3.py
[2022-11-21T22:09:37.877-0300] {processor.py:650} INFO - DAG(s) dict_keys(['example_branch_dop_operator_v3']) retrieved from /home/juliana/Área de Trabalho/datapipeline/.env/lib/python3.8/site-packages/airflow/example_dags/example_branch_python_dop_operator_3.py
[2022-11-21T22:09:37.899-0300] {logging_mixin.py:115} INFO - [2022-11-21T22:09:37.899-0300] {dag.py:2429} INFO - Sync 1 DAGs
[2022-11-21T22:09:37.937-0300] {logging_mixin.py:115} INFO - [2022-11-21T22:09:37.937-0300] {dag.py:2977} INFO - Setting next_dagrun for example_branch_dop_operator_v3 to 2022-11-22T01:08:00+00:00, run_after=2022-11-22T01:09:00+00:00
[2022-11-21T22:09:37.964-0300] {processor.py:161} INFO - Processing /home/juliana/Área de Trabalho/datapipeline/.env/lib/python3.8/site-packages/airflow/example_dags/example_branch_python_dop_operator_3.py took 0.114 seconds
[2022-11-21T22:10:14.145-0300] {processor.py:153} INFO - Started process (PID=5047) to work on /home/juliana/Área de Trabalho/datapipeline/.env/lib/python3.8/site-packages/airflow/example_dags/example_branch_python_dop_operator_3.py
[2022-11-21T22:10:14.146-0300] {processor.py:640} INFO - Processing file /home/juliana/Área de Trabalho/datapipeline/.env/lib/python3.8/site-packages/airflow/example_dags/example_branch_python_dop_operator_3.py for tasks to queue
[2022-11-21T22:10:14.147-0300] {logging_mixin.py:115} INFO - [2022-11-21T22:10:14.147-0300] {dagbag.py:508} INFO - Filling up the DagBag from /home/juliana/Área de Trabalho/datapipeline/.env/lib/python3.8/site-packages/airflow/example_dags/example_branch_python_dop_operator_3.py
[2022-11-21T22:10:14.158-0300] {processor.py:650} INFO - DAG(s) dict_keys(['example_branch_dop_operator_v3']) retrieved from /home/juliana/Área de Trabalho/datapipeline/.env/lib/python3.8/site-packages/airflow/example_dags/example_branch_python_dop_operator_3.py
[2022-11-21T22:10:14.176-0300] {logging_mixin.py:115} INFO - [2022-11-21T22:10:14.176-0300] {dag.py:2429} INFO - Sync 1 DAGs
[2022-11-21T22:10:14.194-0300] {logging_mixin.py:115} INFO - [2022-11-21T22:10:14.194-0300] {dag.py:2977} INFO - Setting next_dagrun for example_branch_dop_operator_v3 to 2022-11-22T01:09:00+00:00, run_after=2022-11-22T01:10:00+00:00
[2022-11-21T22:10:14.210-0300] {processor.py:161} INFO - Processing /home/juliana/Área de Trabalho/datapipeline/.env/lib/python3.8/site-packages/airflow/example_dags/example_branch_python_dop_operator_3.py took 0.069 seconds
[2022-11-21T22:10:53.573-0300] {processor.py:153} INFO - Started process (PID=5403) to work on /home/juliana/Área de Trabalho/datapipeline/.env/lib/python3.8/site-packages/airflow/example_dags/example_branch_python_dop_operator_3.py
[2022-11-21T22:10:53.576-0300] {processor.py:640} INFO - Processing file /home/juliana/Área de Trabalho/datapipeline/.env/lib/python3.8/site-packages/airflow/example_dags/example_branch_python_dop_operator_3.py for tasks to queue
[2022-11-21T22:10:53.577-0300] {logging_mixin.py:115} INFO - [2022-11-21T22:10:53.577-0300] {dagbag.py:508} INFO - Filling up the DagBag from /home/juliana/Área de Trabalho/datapipeline/.env/lib/python3.8/site-packages/airflow/example_dags/example_branch_python_dop_operator_3.py
[2022-11-21T22:10:53.590-0300] {processor.py:650} INFO - DAG(s) dict_keys(['example_branch_dop_operator_v3']) retrieved from /home/juliana/Área de Trabalho/datapipeline/.env/lib/python3.8/site-packages/airflow/example_dags/example_branch_python_dop_operator_3.py
[2022-11-21T22:10:53.610-0300] {logging_mixin.py:115} INFO - [2022-11-21T22:10:53.610-0300] {dag.py:2429} INFO - Sync 1 DAGs
[2022-11-21T22:10:53.629-0300] {logging_mixin.py:115} INFO - [2022-11-21T22:10:53.628-0300] {dag.py:2977} INFO - Setting next_dagrun for example_branch_dop_operator_v3 to 2022-11-22T01:09:00+00:00, run_after=2022-11-22T01:10:00+00:00
[2022-11-21T22:10:53.688-0300] {processor.py:161} INFO - Processing /home/juliana/Área de Trabalho/datapipeline/.env/lib/python3.8/site-packages/airflow/example_dags/example_branch_python_dop_operator_3.py took 0.120 seconds
[2022-11-21T22:11:32.371-0300] {processor.py:153} INFO - Started process (PID=5627) to work on /home/juliana/Área de Trabalho/datapipeline/.env/lib/python3.8/site-packages/airflow/example_dags/example_branch_python_dop_operator_3.py
[2022-11-21T22:11:32.373-0300] {processor.py:640} INFO - Processing file /home/juliana/Área de Trabalho/datapipeline/.env/lib/python3.8/site-packages/airflow/example_dags/example_branch_python_dop_operator_3.py for tasks to queue
[2022-11-21T22:11:32.374-0300] {logging_mixin.py:115} INFO - [2022-11-21T22:11:32.374-0300] {dagbag.py:508} INFO - Filling up the DagBag from /home/juliana/Área de Trabalho/datapipeline/.env/lib/python3.8/site-packages/airflow/example_dags/example_branch_python_dop_operator_3.py
[2022-11-21T22:11:32.387-0300] {processor.py:650} INFO - DAG(s) dict_keys(['example_branch_dop_operator_v3']) retrieved from /home/juliana/Área de Trabalho/datapipeline/.env/lib/python3.8/site-packages/airflow/example_dags/example_branch_python_dop_operator_3.py
[2022-11-21T22:11:32.406-0300] {logging_mixin.py:115} INFO - [2022-11-21T22:11:32.406-0300] {dag.py:2429} INFO - Sync 1 DAGs
[2022-11-21T22:11:32.423-0300] {logging_mixin.py:115} INFO - [2022-11-21T22:11:32.423-0300] {dag.py:2977} INFO - Setting next_dagrun for example_branch_dop_operator_v3 to 2022-11-22T01:10:00+00:00, run_after=2022-11-22T01:11:00+00:00
[2022-11-21T22:11:32.438-0300] {processor.py:161} INFO - Processing /home/juliana/Área de Trabalho/datapipeline/.env/lib/python3.8/site-packages/airflow/example_dags/example_branch_python_dop_operator_3.py took 0.073 seconds
[2022-11-21T22:12:09.516-0300] {processor.py:153} INFO - Started process (PID=5940) to work on /home/juliana/Área de Trabalho/datapipeline/.env/lib/python3.8/site-packages/airflow/example_dags/example_branch_python_dop_operator_3.py
[2022-11-21T22:12:09.518-0300] {processor.py:640} INFO - Processing file /home/juliana/Área de Trabalho/datapipeline/.env/lib/python3.8/site-packages/airflow/example_dags/example_branch_python_dop_operator_3.py for tasks to queue
[2022-11-21T22:12:09.519-0300] {logging_mixin.py:115} INFO - [2022-11-21T22:12:09.519-0300] {dagbag.py:508} INFO - Filling up the DagBag from /home/juliana/Área de Trabalho/datapipeline/.env/lib/python3.8/site-packages/airflow/example_dags/example_branch_python_dop_operator_3.py
[2022-11-21T22:12:09.533-0300] {processor.py:650} INFO - DAG(s) dict_keys(['example_branch_dop_operator_v3']) retrieved from /home/juliana/Área de Trabalho/datapipeline/.env/lib/python3.8/site-packages/airflow/example_dags/example_branch_python_dop_operator_3.py
[2022-11-21T22:12:09.550-0300] {logging_mixin.py:115} INFO - [2022-11-21T22:12:09.550-0300] {dag.py:2429} INFO - Sync 1 DAGs
[2022-11-21T22:12:09.571-0300] {logging_mixin.py:115} INFO - [2022-11-21T22:12:09.570-0300] {dag.py:2977} INFO - Setting next_dagrun for example_branch_dop_operator_v3 to 2022-11-22T01:11:00+00:00, run_after=2022-11-22T01:12:00+00:00
[2022-11-21T22:12:09.586-0300] {processor.py:161} INFO - Processing /home/juliana/Área de Trabalho/datapipeline/.env/lib/python3.8/site-packages/airflow/example_dags/example_branch_python_dop_operator_3.py took 0.075 seconds
[2022-11-21T22:12:47.036-0300] {processor.py:153} INFO - Started process (PID=5990) to work on /home/juliana/Área de Trabalho/datapipeline/.env/lib/python3.8/site-packages/airflow/example_dags/example_branch_python_dop_operator_3.py
[2022-11-21T22:12:47.038-0300] {processor.py:640} INFO - Processing file /home/juliana/Área de Trabalho/datapipeline/.env/lib/python3.8/site-packages/airflow/example_dags/example_branch_python_dop_operator_3.py for tasks to queue
[2022-11-21T22:12:47.039-0300] {logging_mixin.py:115} INFO - [2022-11-21T22:12:47.039-0300] {dagbag.py:508} INFO - Filling up the DagBag from /home/juliana/Área de Trabalho/datapipeline/.env/lib/python3.8/site-packages/airflow/example_dags/example_branch_python_dop_operator_3.py
[2022-11-21T22:12:47.053-0300] {processor.py:650} INFO - DAG(s) dict_keys(['example_branch_dop_operator_v3']) retrieved from /home/juliana/Área de Trabalho/datapipeline/.env/lib/python3.8/site-packages/airflow/example_dags/example_branch_python_dop_operator_3.py
[2022-11-21T22:12:47.075-0300] {logging_mixin.py:115} INFO - [2022-11-21T22:12:47.074-0300] {dag.py:2429} INFO - Sync 1 DAGs
[2022-11-21T22:12:47.093-0300] {logging_mixin.py:115} INFO - [2022-11-21T22:12:47.093-0300] {dag.py:2977} INFO - Setting next_dagrun for example_branch_dop_operator_v3 to 2022-11-22T01:11:00+00:00, run_after=2022-11-22T01:12:00+00:00
[2022-11-21T22:12:47.108-0300] {processor.py:161} INFO - Processing /home/juliana/Área de Trabalho/datapipeline/.env/lib/python3.8/site-packages/airflow/example_dags/example_branch_python_dop_operator_3.py took 0.078 seconds
[2022-11-21T22:13:23.932-0300] {processor.py:153} INFO - Started process (PID=6025) to work on /home/juliana/Área de Trabalho/datapipeline/.env/lib/python3.8/site-packages/airflow/example_dags/example_branch_python_dop_operator_3.py
[2022-11-21T22:13:23.934-0300] {processor.py:640} INFO - Processing file /home/juliana/Área de Trabalho/datapipeline/.env/lib/python3.8/site-packages/airflow/example_dags/example_branch_python_dop_operator_3.py for tasks to queue
[2022-11-21T22:13:23.935-0300] {logging_mixin.py:115} INFO - [2022-11-21T22:13:23.935-0300] {dagbag.py:508} INFO - Filling up the DagBag from /home/juliana/Área de Trabalho/datapipeline/.env/lib/python3.8/site-packages/airflow/example_dags/example_branch_python_dop_operator_3.py
[2022-11-21T22:13:23.949-0300] {processor.py:650} INFO - DAG(s) dict_keys(['example_branch_dop_operator_v3']) retrieved from /home/juliana/Área de Trabalho/datapipeline/.env/lib/python3.8/site-packages/airflow/example_dags/example_branch_python_dop_operator_3.py
[2022-11-21T22:13:23.969-0300] {logging_mixin.py:115} INFO - [2022-11-21T22:13:23.969-0300] {dag.py:2429} INFO - Sync 1 DAGs
[2022-11-21T22:13:23.988-0300] {logging_mixin.py:115} INFO - [2022-11-21T22:13:23.988-0300] {dag.py:2977} INFO - Setting next_dagrun for example_branch_dop_operator_v3 to 2022-11-22T01:12:00+00:00, run_after=2022-11-22T01:13:00+00:00
[2022-11-21T22:13:24.009-0300] {processor.py:161} INFO - Processing /home/juliana/Área de Trabalho/datapipeline/.env/lib/python3.8/site-packages/airflow/example_dags/example_branch_python_dop_operator_3.py took 0.082 seconds
[2022-11-21T22:13:58.737-0300] {processor.py:153} INFO - Started process (PID=6061) to work on /home/juliana/Área de Trabalho/datapipeline/.env/lib/python3.8/site-packages/airflow/example_dags/example_branch_python_dop_operator_3.py
[2022-11-21T22:13:58.738-0300] {processor.py:640} INFO - Processing file /home/juliana/Área de Trabalho/datapipeline/.env/lib/python3.8/site-packages/airflow/example_dags/example_branch_python_dop_operator_3.py for tasks to queue
[2022-11-21T22:13:58.739-0300] {logging_mixin.py:115} INFO - [2022-11-21T22:13:58.739-0300] {dagbag.py:508} INFO - Filling up the DagBag from /home/juliana/Área de Trabalho/datapipeline/.env/lib/python3.8/site-packages/airflow/example_dags/example_branch_python_dop_operator_3.py
[2022-11-21T22:13:58.752-0300] {processor.py:650} INFO - DAG(s) dict_keys(['example_branch_dop_operator_v3']) retrieved from /home/juliana/Área de Trabalho/datapipeline/.env/lib/python3.8/site-packages/airflow/example_dags/example_branch_python_dop_operator_3.py
[2022-11-21T22:13:58.770-0300] {logging_mixin.py:115} INFO - [2022-11-21T22:13:58.770-0300] {dag.py:2429} INFO - Sync 1 DAGs
[2022-11-21T22:13:58.788-0300] {logging_mixin.py:115} INFO - [2022-11-21T22:13:58.788-0300] {dag.py:2977} INFO - Setting next_dagrun for example_branch_dop_operator_v3 to 2022-11-22T01:12:00+00:00, run_after=2022-11-22T01:13:00+00:00
[2022-11-21T22:13:58.807-0300] {processor.py:161} INFO - Processing /home/juliana/Área de Trabalho/datapipeline/.env/lib/python3.8/site-packages/airflow/example_dags/example_branch_python_dop_operator_3.py took 0.077 seconds
[2022-11-21T22:14:36.087-0300] {processor.py:153} INFO - Started process (PID=6099) to work on /home/juliana/Área de Trabalho/datapipeline/.env/lib/python3.8/site-packages/airflow/example_dags/example_branch_python_dop_operator_3.py
[2022-11-21T22:14:36.088-0300] {processor.py:640} INFO - Processing file /home/juliana/Área de Trabalho/datapipeline/.env/lib/python3.8/site-packages/airflow/example_dags/example_branch_python_dop_operator_3.py for tasks to queue
[2022-11-21T22:14:36.089-0300] {logging_mixin.py:115} INFO - [2022-11-21T22:14:36.089-0300] {dagbag.py:508} INFO - Filling up the DagBag from /home/juliana/Área de Trabalho/datapipeline/.env/lib/python3.8/site-packages/airflow/example_dags/example_branch_python_dop_operator_3.py
[2022-11-21T22:14:36.101-0300] {processor.py:650} INFO - DAG(s) dict_keys(['example_branch_dop_operator_v3']) retrieved from /home/juliana/Área de Trabalho/datapipeline/.env/lib/python3.8/site-packages/airflow/example_dags/example_branch_python_dop_operator_3.py
[2022-11-21T22:14:36.119-0300] {logging_mixin.py:115} INFO - [2022-11-21T22:14:36.118-0300] {dag.py:2429} INFO - Sync 1 DAGs
[2022-11-21T22:14:36.136-0300] {logging_mixin.py:115} INFO - [2022-11-21T22:14:36.136-0300] {dag.py:2977} INFO - Setting next_dagrun for example_branch_dop_operator_v3 to 2022-11-22T01:13:00+00:00, run_after=2022-11-22T01:14:00+00:00
[2022-11-21T22:14:36.156-0300] {processor.py:161} INFO - Processing /home/juliana/Área de Trabalho/datapipeline/.env/lib/python3.8/site-packages/airflow/example_dags/example_branch_python_dop_operator_3.py took 0.074 seconds
[2022-11-21T22:15:10.357-0300] {processor.py:153} INFO - Started process (PID=6133) to work on /home/juliana/Área de Trabalho/datapipeline/.env/lib/python3.8/site-packages/airflow/example_dags/example_branch_python_dop_operator_3.py
[2022-11-21T22:15:10.359-0300] {processor.py:640} INFO - Processing file /home/juliana/Área de Trabalho/datapipeline/.env/lib/python3.8/site-packages/airflow/example_dags/example_branch_python_dop_operator_3.py for tasks to queue
[2022-11-21T22:15:10.360-0300] {logging_mixin.py:115} INFO - [2022-11-21T22:15:10.359-0300] {dagbag.py:508} INFO - Filling up the DagBag from /home/juliana/Área de Trabalho/datapipeline/.env/lib/python3.8/site-packages/airflow/example_dags/example_branch_python_dop_operator_3.py
[2022-11-21T22:15:10.373-0300] {processor.py:650} INFO - DAG(s) dict_keys(['example_branch_dop_operator_v3']) retrieved from /home/juliana/Área de Trabalho/datapipeline/.env/lib/python3.8/site-packages/airflow/example_dags/example_branch_python_dop_operator_3.py
[2022-11-21T22:15:10.391-0300] {logging_mixin.py:115} INFO - [2022-11-21T22:15:10.391-0300] {dag.py:2429} INFO - Sync 1 DAGs
[2022-11-21T22:15:10.410-0300] {logging_mixin.py:115} INFO - [2022-11-21T22:15:10.410-0300] {dag.py:2977} INFO - Setting next_dagrun for example_branch_dop_operator_v3 to 2022-11-22T01:14:00+00:00, run_after=2022-11-22T01:15:00+00:00
[2022-11-21T22:15:10.474-0300] {processor.py:161} INFO - Processing /home/juliana/Área de Trabalho/datapipeline/.env/lib/python3.8/site-packages/airflow/example_dags/example_branch_python_dop_operator_3.py took 0.123 seconds
[2022-11-21T22:15:48.055-0300] {processor.py:153} INFO - Started process (PID=6170) to work on /home/juliana/Área de Trabalho/datapipeline/.env/lib/python3.8/site-packages/airflow/example_dags/example_branch_python_dop_operator_3.py
[2022-11-21T22:15:48.057-0300] {processor.py:640} INFO - Processing file /home/juliana/Área de Trabalho/datapipeline/.env/lib/python3.8/site-packages/airflow/example_dags/example_branch_python_dop_operator_3.py for tasks to queue
[2022-11-21T22:15:48.058-0300] {logging_mixin.py:115} INFO - [2022-11-21T22:15:48.057-0300] {dagbag.py:508} INFO - Filling up the DagBag from /home/juliana/Área de Trabalho/datapipeline/.env/lib/python3.8/site-packages/airflow/example_dags/example_branch_python_dop_operator_3.py
[2022-11-21T22:15:48.070-0300] {processor.py:650} INFO - DAG(s) dict_keys(['example_branch_dop_operator_v3']) retrieved from /home/juliana/Área de Trabalho/datapipeline/.env/lib/python3.8/site-packages/airflow/example_dags/example_branch_python_dop_operator_3.py
[2022-11-21T22:15:48.087-0300] {logging_mixin.py:115} INFO - [2022-11-21T22:15:48.087-0300] {dag.py:2429} INFO - Sync 1 DAGs
[2022-11-21T22:15:48.104-0300] {logging_mixin.py:115} INFO - [2022-11-21T22:15:48.104-0300] {dag.py:2977} INFO - Setting next_dagrun for example_branch_dop_operator_v3 to 2022-11-22T01:14:00+00:00, run_after=2022-11-22T01:15:00+00:00
[2022-11-21T22:15:48.124-0300] {processor.py:161} INFO - Processing /home/juliana/Área de Trabalho/datapipeline/.env/lib/python3.8/site-packages/airflow/example_dags/example_branch_python_dop_operator_3.py took 0.079 seconds
[2022-11-21T22:16:23.943-0300] {processor.py:153} INFO - Started process (PID=6206) to work on /home/juliana/Área de Trabalho/datapipeline/.env/lib/python3.8/site-packages/airflow/example_dags/example_branch_python_dop_operator_3.py
[2022-11-21T22:16:23.945-0300] {processor.py:640} INFO - Processing file /home/juliana/Área de Trabalho/datapipeline/.env/lib/python3.8/site-packages/airflow/example_dags/example_branch_python_dop_operator_3.py for tasks to queue
[2022-11-21T22:16:23.946-0300] {logging_mixin.py:115} INFO - [2022-11-21T22:16:23.946-0300] {dagbag.py:508} INFO - Filling up the DagBag from /home/juliana/Área de Trabalho/datapipeline/.env/lib/python3.8/site-packages/airflow/example_dags/example_branch_python_dop_operator_3.py
[2022-11-21T22:16:23.961-0300] {processor.py:650} INFO - DAG(s) dict_keys(['example_branch_dop_operator_v3']) retrieved from /home/juliana/Área de Trabalho/datapipeline/.env/lib/python3.8/site-packages/airflow/example_dags/example_branch_python_dop_operator_3.py
[2022-11-21T22:16:23.980-0300] {logging_mixin.py:115} INFO - [2022-11-21T22:16:23.980-0300] {dag.py:2429} INFO - Sync 1 DAGs
[2022-11-21T22:16:23.997-0300] {logging_mixin.py:115} INFO - [2022-11-21T22:16:23.997-0300] {dag.py:2977} INFO - Setting next_dagrun for example_branch_dop_operator_v3 to 2022-11-22T01:15:00+00:00, run_after=2022-11-22T01:16:00+00:00
[2022-11-21T22:16:24.017-0300] {processor.py:161} INFO - Processing /home/juliana/Área de Trabalho/datapipeline/.env/lib/python3.8/site-packages/airflow/example_dags/example_branch_python_dop_operator_3.py took 0.079 seconds
