[2022-11-21T21:13:21.821-0300] {processor.py:153} INFO - Started process (PID=3109) to work on /home/juliana/Área de Trabalho/datapipeline/.env/lib/python3.8/site-packages/airflow/example_dags/tutorial_taskflow_api_etl_virtualenv.py
[2022-11-21T21:13:21.822-0300] {processor.py:640} INFO - Processing file /home/juliana/Área de Trabalho/datapipeline/.env/lib/python3.8/site-packages/airflow/example_dags/tutorial_taskflow_api_etl_virtualenv.py for tasks to queue
[2022-11-21T21:13:21.823-0300] {logging_mixin.py:115} INFO - [2022-11-21T21:13:21.823-0300] {dagbag.py:508} INFO - Filling up the DagBag from /home/juliana/Área de Trabalho/datapipeline/.env/lib/python3.8/site-packages/airflow/example_dags/tutorial_taskflow_api_etl_virtualenv.py
[2022-11-21T21:13:21.836-0300] {logging_mixin.py:115} INFO - [2022-11-21T21:13:21.836-0300] {tutorial_taskflow_api_etl_virtualenv.py:29} WARNING - The tutorial_taskflow_api_etl_virtualenv example DAG requires virtualenv, please install it.
[2022-11-21T21:13:21.836-0300] {processor.py:652} WARNING - No viable dags retrieved from /home/juliana/Área de Trabalho/datapipeline/.env/lib/python3.8/site-packages/airflow/example_dags/tutorial_taskflow_api_etl_virtualenv.py
[2022-11-21T21:13:21.847-0300] {processor.py:161} INFO - Processing /home/juliana/Área de Trabalho/datapipeline/.env/lib/python3.8/site-packages/airflow/example_dags/tutorial_taskflow_api_etl_virtualenv.py took 0.046 seconds
[2022-11-21T21:13:58.547-0300] {processor.py:153} INFO - Started process (PID=3254) to work on /home/juliana/Área de Trabalho/datapipeline/.env/lib/python3.8/site-packages/airflow/example_dags/tutorial_taskflow_api_etl_virtualenv.py
[2022-11-21T21:13:58.553-0300] {processor.py:640} INFO - Processing file /home/juliana/Área de Trabalho/datapipeline/.env/lib/python3.8/site-packages/airflow/example_dags/tutorial_taskflow_api_etl_virtualenv.py for tasks to queue
[2022-11-21T21:13:58.554-0300] {logging_mixin.py:115} INFO - [2022-11-21T21:13:58.554-0300] {dagbag.py:508} INFO - Filling up the DagBag from /home/juliana/Área de Trabalho/datapipeline/.env/lib/python3.8/site-packages/airflow/example_dags/tutorial_taskflow_api_etl_virtualenv.py
[2022-11-21T21:13:58.572-0300] {logging_mixin.py:115} INFO - [2022-11-21T21:13:58.572-0300] {tutorial_taskflow_api_etl_virtualenv.py:29} WARNING - The tutorial_taskflow_api_etl_virtualenv example DAG requires virtualenv, please install it.
[2022-11-21T21:13:58.572-0300] {processor.py:652} WARNING - No viable dags retrieved from /home/juliana/Área de Trabalho/datapipeline/.env/lib/python3.8/site-packages/airflow/example_dags/tutorial_taskflow_api_etl_virtualenv.py
[2022-11-21T21:13:58.591-0300] {processor.py:161} INFO - Processing /home/juliana/Área de Trabalho/datapipeline/.env/lib/python3.8/site-packages/airflow/example_dags/tutorial_taskflow_api_etl_virtualenv.py took 0.047 seconds
[2022-11-21T21:14:52.920-0300] {processor.py:153} INFO - Started process (PID=3473) to work on /home/juliana/Área de Trabalho/datapipeline/.env/lib/python3.8/site-packages/airflow/example_dags/tutorial_taskflow_api_etl_virtualenv.py
[2022-11-21T21:14:52.927-0300] {processor.py:640} INFO - Processing file /home/juliana/Área de Trabalho/datapipeline/.env/lib/python3.8/site-packages/airflow/example_dags/tutorial_taskflow_api_etl_virtualenv.py for tasks to queue
[2022-11-21T21:14:52.927-0300] {logging_mixin.py:115} INFO - [2022-11-21T21:14:52.927-0300] {dagbag.py:508} INFO - Filling up the DagBag from /home/juliana/Área de Trabalho/datapipeline/.env/lib/python3.8/site-packages/airflow/example_dags/tutorial_taskflow_api_etl_virtualenv.py
[2022-11-21T21:14:52.999-0300] {logging_mixin.py:115} INFO - [2022-11-21T21:14:52.999-0300] {tutorial_taskflow_api_etl_virtualenv.py:29} WARNING - The tutorial_taskflow_api_etl_virtualenv example DAG requires virtualenv, please install it.
[2022-11-21T21:14:52.999-0300] {processor.py:652} WARNING - No viable dags retrieved from /home/juliana/Área de Trabalho/datapipeline/.env/lib/python3.8/site-packages/airflow/example_dags/tutorial_taskflow_api_etl_virtualenv.py
[2022-11-21T21:14:53.020-0300] {processor.py:161} INFO - Processing /home/juliana/Área de Trabalho/datapipeline/.env/lib/python3.8/site-packages/airflow/example_dags/tutorial_taskflow_api_etl_virtualenv.py took 0.103 seconds
[2022-11-21T21:16:17.926-0300] {processor.py:153} INFO - Started process (PID=3531) to work on /home/juliana/Área de Trabalho/datapipeline/.env/lib/python3.8/site-packages/airflow/example_dags/tutorial_taskflow_api_etl_virtualenv.py
[2022-11-21T21:16:17.939-0300] {processor.py:640} INFO - Processing file /home/juliana/Área de Trabalho/datapipeline/.env/lib/python3.8/site-packages/airflow/example_dags/tutorial_taskflow_api_etl_virtualenv.py for tasks to queue
[2022-11-21T21:16:17.940-0300] {logging_mixin.py:115} INFO - [2022-11-21T21:16:17.940-0300] {dagbag.py:508} INFO - Filling up the DagBag from /home/juliana/Área de Trabalho/datapipeline/.env/lib/python3.8/site-packages/airflow/example_dags/tutorial_taskflow_api_etl_virtualenv.py
[2022-11-21T21:16:18.286-0300] {logging_mixin.py:115} INFO - [2022-11-21T21:16:18.244-0300] {tutorial_taskflow_api_etl_virtualenv.py:29} WARNING - The tutorial_taskflow_api_etl_virtualenv example DAG requires virtualenv, please install it.
[2022-11-21T21:16:18.289-0300] {processor.py:652} WARNING - No viable dags retrieved from /home/juliana/Área de Trabalho/datapipeline/.env/lib/python3.8/site-packages/airflow/example_dags/tutorial_taskflow_api_etl_virtualenv.py
[2022-11-21T21:16:18.585-0300] {processor.py:161} INFO - Processing /home/juliana/Área de Trabalho/datapipeline/.env/lib/python3.8/site-packages/airflow/example_dags/tutorial_taskflow_api_etl_virtualenv.py took 0.668 seconds
[2022-11-21T21:22:23.230-0300] {processor.py:153} INFO - Started process (PID=3644) to work on /home/juliana/Área de Trabalho/datapipeline/.env/lib/python3.8/site-packages/airflow/example_dags/tutorial_taskflow_api_etl_virtualenv.py
[2022-11-21T21:22:23.467-0300] {processor.py:640} INFO - Processing file /home/juliana/Área de Trabalho/datapipeline/.env/lib/python3.8/site-packages/airflow/example_dags/tutorial_taskflow_api_etl_virtualenv.py for tasks to queue
[2022-11-21T21:22:23.588-0300] {logging_mixin.py:115} INFO - [2022-11-21T21:22:23.581-0300] {dagbag.py:508} INFO - Filling up the DagBag from /home/juliana/Área de Trabalho/datapipeline/.env/lib/python3.8/site-packages/airflow/example_dags/tutorial_taskflow_api_etl_virtualenv.py
[2022-11-21T21:22:27.235-0300] {logging_mixin.py:115} INFO - [2022-11-21T21:22:26.573-0300] {tutorial_taskflow_api_etl_virtualenv.py:29} WARNING - The tutorial_taskflow_api_etl_virtualenv example DAG requires virtualenv, please install it.
[2022-11-21T21:22:28.048-0300] {processor.py:652} WARNING - No viable dags retrieved from /home/juliana/Área de Trabalho/datapipeline/.env/lib/python3.8/site-packages/airflow/example_dags/tutorial_taskflow_api_etl_virtualenv.py
[2022-11-21T21:22:34.883-0300] {processor.py:161} INFO - Processing /home/juliana/Área de Trabalho/datapipeline/.env/lib/python3.8/site-packages/airflow/example_dags/tutorial_taskflow_api_etl_virtualenv.py took 11.813 seconds
[2022-11-21T21:38:40.975-0300] {processor.py:153} INFO - Started process (PID=8027) to work on /home/juliana/Área de Trabalho/datapipeline/.env/lib/python3.8/site-packages/airflow/example_dags/tutorial_taskflow_api_etl_virtualenv.py
[2022-11-21T21:38:40.978-0300] {processor.py:640} INFO - Processing file /home/juliana/Área de Trabalho/datapipeline/.env/lib/python3.8/site-packages/airflow/example_dags/tutorial_taskflow_api_etl_virtualenv.py for tasks to queue
[2022-11-21T21:38:40.979-0300] {logging_mixin.py:115} INFO - [2022-11-21T21:38:40.978-0300] {dagbag.py:508} INFO - Filling up the DagBag from /home/juliana/Área de Trabalho/datapipeline/.env/lib/python3.8/site-packages/airflow/example_dags/tutorial_taskflow_api_etl_virtualenv.py
[2022-11-21T21:38:40.996-0300] {logging_mixin.py:115} INFO - [2022-11-21T21:38:40.996-0300] {tutorial_taskflow_api_etl_virtualenv.py:29} WARNING - The tutorial_taskflow_api_etl_virtualenv example DAG requires virtualenv, please install it.
[2022-11-21T21:38:40.996-0300] {processor.py:652} WARNING - No viable dags retrieved from /home/juliana/Área de Trabalho/datapipeline/.env/lib/python3.8/site-packages/airflow/example_dags/tutorial_taskflow_api_etl_virtualenv.py
[2022-11-21T21:38:41.007-0300] {processor.py:161} INFO - Processing /home/juliana/Área de Trabalho/datapipeline/.env/lib/python3.8/site-packages/airflow/example_dags/tutorial_taskflow_api_etl_virtualenv.py took 0.040 seconds
[2022-11-21T21:39:19.873-0300] {processor.py:153} INFO - Started process (PID=8090) to work on /home/juliana/Área de Trabalho/datapipeline/.env/lib/python3.8/site-packages/airflow/example_dags/tutorial_taskflow_api_etl_virtualenv.py
[2022-11-21T21:39:19.879-0300] {processor.py:640} INFO - Processing file /home/juliana/Área de Trabalho/datapipeline/.env/lib/python3.8/site-packages/airflow/example_dags/tutorial_taskflow_api_etl_virtualenv.py for tasks to queue
[2022-11-21T21:39:19.880-0300] {logging_mixin.py:115} INFO - [2022-11-21T21:39:19.880-0300] {dagbag.py:508} INFO - Filling up the DagBag from /home/juliana/Área de Trabalho/datapipeline/.env/lib/python3.8/site-packages/airflow/example_dags/tutorial_taskflow_api_etl_virtualenv.py
[2022-11-21T21:39:19.895-0300] {logging_mixin.py:115} INFO - [2022-11-21T21:39:19.895-0300] {tutorial_taskflow_api_etl_virtualenv.py:29} WARNING - The tutorial_taskflow_api_etl_virtualenv example DAG requires virtualenv, please install it.
[2022-11-21T21:39:19.895-0300] {processor.py:652} WARNING - No viable dags retrieved from /home/juliana/Área de Trabalho/datapipeline/.env/lib/python3.8/site-packages/airflow/example_dags/tutorial_taskflow_api_etl_virtualenv.py
[2022-11-21T21:39:19.905-0300] {processor.py:161} INFO - Processing /home/juliana/Área de Trabalho/datapipeline/.env/lib/python3.8/site-packages/airflow/example_dags/tutorial_taskflow_api_etl_virtualenv.py took 0.037 seconds
[2022-11-21T21:39:54.267-0300] {processor.py:153} INFO - Started process (PID=8156) to work on /home/juliana/Área de Trabalho/datapipeline/.env/lib/python3.8/site-packages/airflow/example_dags/tutorial_taskflow_api_etl_virtualenv.py
[2022-11-21T21:39:54.269-0300] {processor.py:640} INFO - Processing file /home/juliana/Área de Trabalho/datapipeline/.env/lib/python3.8/site-packages/airflow/example_dags/tutorial_taskflow_api_etl_virtualenv.py for tasks to queue
[2022-11-21T21:39:54.269-0300] {logging_mixin.py:115} INFO - [2022-11-21T21:39:54.269-0300] {dagbag.py:508} INFO - Filling up the DagBag from /home/juliana/Área de Trabalho/datapipeline/.env/lib/python3.8/site-packages/airflow/example_dags/tutorial_taskflow_api_etl_virtualenv.py
[2022-11-21T21:39:54.285-0300] {logging_mixin.py:115} INFO - [2022-11-21T21:39:54.285-0300] {tutorial_taskflow_api_etl_virtualenv.py:29} WARNING - The tutorial_taskflow_api_etl_virtualenv example DAG requires virtualenv, please install it.
[2022-11-21T21:39:54.285-0300] {processor.py:652} WARNING - No viable dags retrieved from /home/juliana/Área de Trabalho/datapipeline/.env/lib/python3.8/site-packages/airflow/example_dags/tutorial_taskflow_api_etl_virtualenv.py
[2022-11-21T21:39:54.295-0300] {processor.py:161} INFO - Processing /home/juliana/Área de Trabalho/datapipeline/.env/lib/python3.8/site-packages/airflow/example_dags/tutorial_taskflow_api_etl_virtualenv.py took 0.033 seconds
[2022-11-21T21:40:35.149-0300] {processor.py:153} INFO - Started process (PID=8527) to work on /home/juliana/Área de Trabalho/datapipeline/.env/lib/python3.8/site-packages/airflow/example_dags/tutorial_taskflow_api_etl_virtualenv.py
[2022-11-21T21:40:35.156-0300] {processor.py:640} INFO - Processing file /home/juliana/Área de Trabalho/datapipeline/.env/lib/python3.8/site-packages/airflow/example_dags/tutorial_taskflow_api_etl_virtualenv.py for tasks to queue
[2022-11-21T21:40:35.157-0300] {logging_mixin.py:115} INFO - [2022-11-21T21:40:35.157-0300] {dagbag.py:508} INFO - Filling up the DagBag from /home/juliana/Área de Trabalho/datapipeline/.env/lib/python3.8/site-packages/airflow/example_dags/tutorial_taskflow_api_etl_virtualenv.py
[2022-11-21T21:40:35.184-0300] {logging_mixin.py:115} INFO - [2022-11-21T21:40:35.184-0300] {tutorial_taskflow_api_etl_virtualenv.py:29} WARNING - The tutorial_taskflow_api_etl_virtualenv example DAG requires virtualenv, please install it.
[2022-11-21T21:40:35.184-0300] {processor.py:652} WARNING - No viable dags retrieved from /home/juliana/Área de Trabalho/datapipeline/.env/lib/python3.8/site-packages/airflow/example_dags/tutorial_taskflow_api_etl_virtualenv.py
[2022-11-21T21:40:35.201-0300] {processor.py:161} INFO - Processing /home/juliana/Área de Trabalho/datapipeline/.env/lib/python3.8/site-packages/airflow/example_dags/tutorial_taskflow_api_etl_virtualenv.py took 0.058 seconds
[2022-11-21T21:41:10.641-0300] {processor.py:153} INFO - Started process (PID=8740) to work on /home/juliana/Área de Trabalho/datapipeline/.env/lib/python3.8/site-packages/airflow/example_dags/tutorial_taskflow_api_etl_virtualenv.py
[2022-11-21T21:41:10.642-0300] {processor.py:640} INFO - Processing file /home/juliana/Área de Trabalho/datapipeline/.env/lib/python3.8/site-packages/airflow/example_dags/tutorial_taskflow_api_etl_virtualenv.py for tasks to queue
[2022-11-21T21:41:10.643-0300] {logging_mixin.py:115} INFO - [2022-11-21T21:41:10.643-0300] {dagbag.py:508} INFO - Filling up the DagBag from /home/juliana/Área de Trabalho/datapipeline/.env/lib/python3.8/site-packages/airflow/example_dags/tutorial_taskflow_api_etl_virtualenv.py
[2022-11-21T21:41:10.666-0300] {logging_mixin.py:115} INFO - [2022-11-21T21:41:10.666-0300] {tutorial_taskflow_api_etl_virtualenv.py:29} WARNING - The tutorial_taskflow_api_etl_virtualenv example DAG requires virtualenv, please install it.
[2022-11-21T21:41:10.666-0300] {processor.py:652} WARNING - No viable dags retrieved from /home/juliana/Área de Trabalho/datapipeline/.env/lib/python3.8/site-packages/airflow/example_dags/tutorial_taskflow_api_etl_virtualenv.py
[2022-11-21T21:41:10.676-0300] {processor.py:161} INFO - Processing /home/juliana/Área de Trabalho/datapipeline/.env/lib/python3.8/site-packages/airflow/example_dags/tutorial_taskflow_api_etl_virtualenv.py took 0.040 seconds
[2022-11-21T21:41:45.642-0300] {processor.py:153} INFO - Started process (PID=8958) to work on /home/juliana/Área de Trabalho/datapipeline/.env/lib/python3.8/site-packages/airflow/example_dags/tutorial_taskflow_api_etl_virtualenv.py
[2022-11-21T21:41:45.643-0300] {processor.py:640} INFO - Processing file /home/juliana/Área de Trabalho/datapipeline/.env/lib/python3.8/site-packages/airflow/example_dags/tutorial_taskflow_api_etl_virtualenv.py for tasks to queue
[2022-11-21T21:41:45.643-0300] {logging_mixin.py:115} INFO - [2022-11-21T21:41:45.643-0300] {dagbag.py:508} INFO - Filling up the DagBag from /home/juliana/Área de Trabalho/datapipeline/.env/lib/python3.8/site-packages/airflow/example_dags/tutorial_taskflow_api_etl_virtualenv.py
[2022-11-21T21:41:45.662-0300] {logging_mixin.py:115} INFO - [2022-11-21T21:41:45.662-0300] {tutorial_taskflow_api_etl_virtualenv.py:29} WARNING - The tutorial_taskflow_api_etl_virtualenv example DAG requires virtualenv, please install it.
[2022-11-21T21:41:45.662-0300] {processor.py:652} WARNING - No viable dags retrieved from /home/juliana/Área de Trabalho/datapipeline/.env/lib/python3.8/site-packages/airflow/example_dags/tutorial_taskflow_api_etl_virtualenv.py
[2022-11-21T21:41:45.671-0300] {processor.py:161} INFO - Processing /home/juliana/Área de Trabalho/datapipeline/.env/lib/python3.8/site-packages/airflow/example_dags/tutorial_taskflow_api_etl_virtualenv.py took 0.036 seconds
[2022-11-21T21:42:23.010-0300] {processor.py:153} INFO - Started process (PID=9170) to work on /home/juliana/Área de Trabalho/datapipeline/.env/lib/python3.8/site-packages/airflow/example_dags/tutorial_taskflow_api_etl_virtualenv.py
[2022-11-21T21:42:23.011-0300] {processor.py:640} INFO - Processing file /home/juliana/Área de Trabalho/datapipeline/.env/lib/python3.8/site-packages/airflow/example_dags/tutorial_taskflow_api_etl_virtualenv.py for tasks to queue
[2022-11-21T21:42:23.011-0300] {logging_mixin.py:115} INFO - [2022-11-21T21:42:23.011-0300] {dagbag.py:508} INFO - Filling up the DagBag from /home/juliana/Área de Trabalho/datapipeline/.env/lib/python3.8/site-packages/airflow/example_dags/tutorial_taskflow_api_etl_virtualenv.py
[2022-11-21T21:42:23.024-0300] {logging_mixin.py:115} INFO - [2022-11-21T21:42:23.023-0300] {tutorial_taskflow_api_etl_virtualenv.py:29} WARNING - The tutorial_taskflow_api_etl_virtualenv example DAG requires virtualenv, please install it.
[2022-11-21T21:42:23.024-0300] {processor.py:652} WARNING - No viable dags retrieved from /home/juliana/Área de Trabalho/datapipeline/.env/lib/python3.8/site-packages/airflow/example_dags/tutorial_taskflow_api_etl_virtualenv.py
[2022-11-21T21:42:23.033-0300] {processor.py:161} INFO - Processing /home/juliana/Área de Trabalho/datapipeline/.env/lib/python3.8/site-packages/airflow/example_dags/tutorial_taskflow_api_etl_virtualenv.py took 0.026 seconds
[2022-11-21T21:42:58.181-0300] {processor.py:153} INFO - Started process (PID=9380) to work on /home/juliana/Área de Trabalho/datapipeline/.env/lib/python3.8/site-packages/airflow/example_dags/tutorial_taskflow_api_etl_virtualenv.py
[2022-11-21T21:42:58.183-0300] {processor.py:640} INFO - Processing file /home/juliana/Área de Trabalho/datapipeline/.env/lib/python3.8/site-packages/airflow/example_dags/tutorial_taskflow_api_etl_virtualenv.py for tasks to queue
[2022-11-21T21:42:58.184-0300] {logging_mixin.py:115} INFO - [2022-11-21T21:42:58.184-0300] {dagbag.py:508} INFO - Filling up the DagBag from /home/juliana/Área de Trabalho/datapipeline/.env/lib/python3.8/site-packages/airflow/example_dags/tutorial_taskflow_api_etl_virtualenv.py
[2022-11-21T21:42:58.217-0300] {logging_mixin.py:115} INFO - [2022-11-21T21:42:58.217-0300] {tutorial_taskflow_api_etl_virtualenv.py:29} WARNING - The tutorial_taskflow_api_etl_virtualenv example DAG requires virtualenv, please install it.
[2022-11-21T21:42:58.218-0300] {processor.py:652} WARNING - No viable dags retrieved from /home/juliana/Área de Trabalho/datapipeline/.env/lib/python3.8/site-packages/airflow/example_dags/tutorial_taskflow_api_etl_virtualenv.py
[2022-11-21T21:42:58.228-0300] {processor.py:161} INFO - Processing /home/juliana/Área de Trabalho/datapipeline/.env/lib/python3.8/site-packages/airflow/example_dags/tutorial_taskflow_api_etl_virtualenv.py took 0.051 seconds
[2022-11-21T21:43:32.258-0300] {processor.py:153} INFO - Started process (PID=9591) to work on /home/juliana/Área de Trabalho/datapipeline/.env/lib/python3.8/site-packages/airflow/example_dags/tutorial_taskflow_api_etl_virtualenv.py
[2022-11-21T21:43:32.260-0300] {processor.py:640} INFO - Processing file /home/juliana/Área de Trabalho/datapipeline/.env/lib/python3.8/site-packages/airflow/example_dags/tutorial_taskflow_api_etl_virtualenv.py for tasks to queue
[2022-11-21T21:43:32.261-0300] {logging_mixin.py:115} INFO - [2022-11-21T21:43:32.261-0300] {dagbag.py:508} INFO - Filling up the DagBag from /home/juliana/Área de Trabalho/datapipeline/.env/lib/python3.8/site-packages/airflow/example_dags/tutorial_taskflow_api_etl_virtualenv.py
[2022-11-21T21:43:32.278-0300] {logging_mixin.py:115} INFO - [2022-11-21T21:43:32.278-0300] {tutorial_taskflow_api_etl_virtualenv.py:29} WARNING - The tutorial_taskflow_api_etl_virtualenv example DAG requires virtualenv, please install it.
[2022-11-21T21:43:32.278-0300] {processor.py:652} WARNING - No viable dags retrieved from /home/juliana/Área de Trabalho/datapipeline/.env/lib/python3.8/site-packages/airflow/example_dags/tutorial_taskflow_api_etl_virtualenv.py
[2022-11-21T21:43:32.291-0300] {processor.py:161} INFO - Processing /home/juliana/Área de Trabalho/datapipeline/.env/lib/python3.8/site-packages/airflow/example_dags/tutorial_taskflow_api_etl_virtualenv.py took 0.038 seconds
[2022-11-21T21:44:09.407-0300] {processor.py:153} INFO - Started process (PID=9686) to work on /home/juliana/Área de Trabalho/datapipeline/.env/lib/python3.8/site-packages/airflow/example_dags/tutorial_taskflow_api_etl_virtualenv.py
[2022-11-21T21:44:09.409-0300] {processor.py:640} INFO - Processing file /home/juliana/Área de Trabalho/datapipeline/.env/lib/python3.8/site-packages/airflow/example_dags/tutorial_taskflow_api_etl_virtualenv.py for tasks to queue
[2022-11-21T21:44:09.410-0300] {logging_mixin.py:115} INFO - [2022-11-21T21:44:09.409-0300] {dagbag.py:508} INFO - Filling up the DagBag from /home/juliana/Área de Trabalho/datapipeline/.env/lib/python3.8/site-packages/airflow/example_dags/tutorial_taskflow_api_etl_virtualenv.py
[2022-11-21T21:44:09.427-0300] {logging_mixin.py:115} INFO - [2022-11-21T21:44:09.426-0300] {tutorial_taskflow_api_etl_virtualenv.py:29} WARNING - The tutorial_taskflow_api_etl_virtualenv example DAG requires virtualenv, please install it.
[2022-11-21T21:44:09.427-0300] {processor.py:652} WARNING - No viable dags retrieved from /home/juliana/Área de Trabalho/datapipeline/.env/lib/python3.8/site-packages/airflow/example_dags/tutorial_taskflow_api_etl_virtualenv.py
[2022-11-21T21:44:09.440-0300] {processor.py:161} INFO - Processing /home/juliana/Área de Trabalho/datapipeline/.env/lib/python3.8/site-packages/airflow/example_dags/tutorial_taskflow_api_etl_virtualenv.py took 0.038 seconds
[2022-11-21T21:44:44.947-0300] {processor.py:153} INFO - Started process (PID=9731) to work on /home/juliana/Área de Trabalho/datapipeline/.env/lib/python3.8/site-packages/airflow/example_dags/tutorial_taskflow_api_etl_virtualenv.py
[2022-11-21T21:44:44.953-0300] {processor.py:640} INFO - Processing file /home/juliana/Área de Trabalho/datapipeline/.env/lib/python3.8/site-packages/airflow/example_dags/tutorial_taskflow_api_etl_virtualenv.py for tasks to queue
[2022-11-21T21:44:44.953-0300] {logging_mixin.py:115} INFO - [2022-11-21T21:44:44.953-0300] {dagbag.py:508} INFO - Filling up the DagBag from /home/juliana/Área de Trabalho/datapipeline/.env/lib/python3.8/site-packages/airflow/example_dags/tutorial_taskflow_api_etl_virtualenv.py
[2022-11-21T21:44:44.969-0300] {logging_mixin.py:115} INFO - [2022-11-21T21:44:44.969-0300] {tutorial_taskflow_api_etl_virtualenv.py:29} WARNING - The tutorial_taskflow_api_etl_virtualenv example DAG requires virtualenv, please install it.
[2022-11-21T21:44:44.969-0300] {processor.py:652} WARNING - No viable dags retrieved from /home/juliana/Área de Trabalho/datapipeline/.env/lib/python3.8/site-packages/airflow/example_dags/tutorial_taskflow_api_etl_virtualenv.py
[2022-11-21T21:44:44.981-0300] {processor.py:161} INFO - Processing /home/juliana/Área de Trabalho/datapipeline/.env/lib/python3.8/site-packages/airflow/example_dags/tutorial_taskflow_api_etl_virtualenv.py took 0.037 seconds
[2022-11-21T21:45:20.519-0300] {processor.py:153} INFO - Started process (PID=9771) to work on /home/juliana/Área de Trabalho/datapipeline/.env/lib/python3.8/site-packages/airflow/example_dags/tutorial_taskflow_api_etl_virtualenv.py
[2022-11-21T21:45:20.521-0300] {processor.py:640} INFO - Processing file /home/juliana/Área de Trabalho/datapipeline/.env/lib/python3.8/site-packages/airflow/example_dags/tutorial_taskflow_api_etl_virtualenv.py for tasks to queue
[2022-11-21T21:45:20.522-0300] {logging_mixin.py:115} INFO - [2022-11-21T21:45:20.521-0300] {dagbag.py:508} INFO - Filling up the DagBag from /home/juliana/Área de Trabalho/datapipeline/.env/lib/python3.8/site-packages/airflow/example_dags/tutorial_taskflow_api_etl_virtualenv.py
[2022-11-21T21:45:20.537-0300] {logging_mixin.py:115} INFO - [2022-11-21T21:45:20.537-0300] {tutorial_taskflow_api_etl_virtualenv.py:29} WARNING - The tutorial_taskflow_api_etl_virtualenv example DAG requires virtualenv, please install it.
[2022-11-21T21:45:20.537-0300] {processor.py:652} WARNING - No viable dags retrieved from /home/juliana/Área de Trabalho/datapipeline/.env/lib/python3.8/site-packages/airflow/example_dags/tutorial_taskflow_api_etl_virtualenv.py
[2022-11-21T21:45:20.549-0300] {processor.py:161} INFO - Processing /home/juliana/Área de Trabalho/datapipeline/.env/lib/python3.8/site-packages/airflow/example_dags/tutorial_taskflow_api_etl_virtualenv.py took 0.034 seconds
[2022-11-21T21:45:57.413-0300] {processor.py:153} INFO - Started process (PID=9867) to work on /home/juliana/Área de Trabalho/datapipeline/.env/lib/python3.8/site-packages/airflow/example_dags/tutorial_taskflow_api_etl_virtualenv.py
[2022-11-21T21:45:57.415-0300] {processor.py:640} INFO - Processing file /home/juliana/Área de Trabalho/datapipeline/.env/lib/python3.8/site-packages/airflow/example_dags/tutorial_taskflow_api_etl_virtualenv.py for tasks to queue
[2022-11-21T21:45:57.416-0300] {logging_mixin.py:115} INFO - [2022-11-21T21:45:57.415-0300] {dagbag.py:508} INFO - Filling up the DagBag from /home/juliana/Área de Trabalho/datapipeline/.env/lib/python3.8/site-packages/airflow/example_dags/tutorial_taskflow_api_etl_virtualenv.py
[2022-11-21T21:45:57.442-0300] {logging_mixin.py:115} INFO - [2022-11-21T21:45:57.442-0300] {tutorial_taskflow_api_etl_virtualenv.py:29} WARNING - The tutorial_taskflow_api_etl_virtualenv example DAG requires virtualenv, please install it.
[2022-11-21T21:45:57.442-0300] {processor.py:652} WARNING - No viable dags retrieved from /home/juliana/Área de Trabalho/datapipeline/.env/lib/python3.8/site-packages/airflow/example_dags/tutorial_taskflow_api_etl_virtualenv.py
[2022-11-21T21:45:57.464-0300] {processor.py:161} INFO - Processing /home/juliana/Área de Trabalho/datapipeline/.env/lib/python3.8/site-packages/airflow/example_dags/tutorial_taskflow_api_etl_virtualenv.py took 0.054 seconds
[2022-11-21T21:46:36.260-0300] {processor.py:153} INFO - Started process (PID=10116) to work on /home/juliana/Área de Trabalho/datapipeline/.env/lib/python3.8/site-packages/airflow/example_dags/tutorial_taskflow_api_etl_virtualenv.py
[2022-11-21T21:46:36.262-0300] {processor.py:640} INFO - Processing file /home/juliana/Área de Trabalho/datapipeline/.env/lib/python3.8/site-packages/airflow/example_dags/tutorial_taskflow_api_etl_virtualenv.py for tasks to queue
[2022-11-21T21:46:36.263-0300] {logging_mixin.py:115} INFO - [2022-11-21T21:46:36.263-0300] {dagbag.py:508} INFO - Filling up the DagBag from /home/juliana/Área de Trabalho/datapipeline/.env/lib/python3.8/site-packages/airflow/example_dags/tutorial_taskflow_api_etl_virtualenv.py
[2022-11-21T21:46:36.296-0300] {logging_mixin.py:115} INFO - [2022-11-21T21:46:36.296-0300] {tutorial_taskflow_api_etl_virtualenv.py:29} WARNING - The tutorial_taskflow_api_etl_virtualenv example DAG requires virtualenv, please install it.
[2022-11-21T21:46:36.300-0300] {processor.py:652} WARNING - No viable dags retrieved from /home/juliana/Área de Trabalho/datapipeline/.env/lib/python3.8/site-packages/airflow/example_dags/tutorial_taskflow_api_etl_virtualenv.py
[2022-11-21T21:46:36.323-0300] {processor.py:161} INFO - Processing /home/juliana/Área de Trabalho/datapipeline/.env/lib/python3.8/site-packages/airflow/example_dags/tutorial_taskflow_api_etl_virtualenv.py took 0.068 seconds
[2022-11-21T21:47:12.756-0300] {processor.py:153} INFO - Started process (PID=10331) to work on /home/juliana/Área de Trabalho/datapipeline/.env/lib/python3.8/site-packages/airflow/example_dags/tutorial_taskflow_api_etl_virtualenv.py
[2022-11-21T21:47:12.757-0300] {processor.py:640} INFO - Processing file /home/juliana/Área de Trabalho/datapipeline/.env/lib/python3.8/site-packages/airflow/example_dags/tutorial_taskflow_api_etl_virtualenv.py for tasks to queue
[2022-11-21T21:47:12.758-0300] {logging_mixin.py:115} INFO - [2022-11-21T21:47:12.758-0300] {dagbag.py:508} INFO - Filling up the DagBag from /home/juliana/Área de Trabalho/datapipeline/.env/lib/python3.8/site-packages/airflow/example_dags/tutorial_taskflow_api_etl_virtualenv.py
[2022-11-21T21:47:12.783-0300] {logging_mixin.py:115} INFO - [2022-11-21T21:47:12.783-0300] {tutorial_taskflow_api_etl_virtualenv.py:29} WARNING - The tutorial_taskflow_api_etl_virtualenv example DAG requires virtualenv, please install it.
[2022-11-21T21:47:12.783-0300] {processor.py:652} WARNING - No viable dags retrieved from /home/juliana/Área de Trabalho/datapipeline/.env/lib/python3.8/site-packages/airflow/example_dags/tutorial_taskflow_api_etl_virtualenv.py
[2022-11-21T21:47:12.796-0300] {processor.py:161} INFO - Processing /home/juliana/Área de Trabalho/datapipeline/.env/lib/python3.8/site-packages/airflow/example_dags/tutorial_taskflow_api_etl_virtualenv.py took 0.048 seconds
[2022-11-21T21:47:55.031-0300] {processor.py:153} INFO - Started process (PID=10572) to work on /home/juliana/Área de Trabalho/datapipeline/.env/lib/python3.8/site-packages/airflow/example_dags/tutorial_taskflow_api_etl_virtualenv.py
[2022-11-21T21:47:55.033-0300] {processor.py:640} INFO - Processing file /home/juliana/Área de Trabalho/datapipeline/.env/lib/python3.8/site-packages/airflow/example_dags/tutorial_taskflow_api_etl_virtualenv.py for tasks to queue
[2022-11-21T21:47:55.033-0300] {logging_mixin.py:115} INFO - [2022-11-21T21:47:55.033-0300] {dagbag.py:508} INFO - Filling up the DagBag from /home/juliana/Área de Trabalho/datapipeline/.env/lib/python3.8/site-packages/airflow/example_dags/tutorial_taskflow_api_etl_virtualenv.py
[2022-11-21T21:47:55.048-0300] {logging_mixin.py:115} INFO - [2022-11-21T21:47:55.048-0300] {tutorial_taskflow_api_etl_virtualenv.py:29} WARNING - The tutorial_taskflow_api_etl_virtualenv example DAG requires virtualenv, please install it.
[2022-11-21T21:47:55.048-0300] {processor.py:652} WARNING - No viable dags retrieved from /home/juliana/Área de Trabalho/datapipeline/.env/lib/python3.8/site-packages/airflow/example_dags/tutorial_taskflow_api_etl_virtualenv.py
[2022-11-21T21:47:55.060-0300] {processor.py:161} INFO - Processing /home/juliana/Área de Trabalho/datapipeline/.env/lib/python3.8/site-packages/airflow/example_dags/tutorial_taskflow_api_etl_virtualenv.py took 0.035 seconds
[2022-11-21T21:48:35.034-0300] {processor.py:153} INFO - Started process (PID=10696) to work on /home/juliana/Área de Trabalho/datapipeline/.env/lib/python3.8/site-packages/airflow/example_dags/tutorial_taskflow_api_etl_virtualenv.py
[2022-11-21T21:48:35.036-0300] {processor.py:640} INFO - Processing file /home/juliana/Área de Trabalho/datapipeline/.env/lib/python3.8/site-packages/airflow/example_dags/tutorial_taskflow_api_etl_virtualenv.py for tasks to queue
[2022-11-21T21:48:35.037-0300] {logging_mixin.py:115} INFO - [2022-11-21T21:48:35.036-0300] {dagbag.py:508} INFO - Filling up the DagBag from /home/juliana/Área de Trabalho/datapipeline/.env/lib/python3.8/site-packages/airflow/example_dags/tutorial_taskflow_api_etl_virtualenv.py
[2022-11-21T21:48:35.056-0300] {logging_mixin.py:115} INFO - [2022-11-21T21:48:35.055-0300] {tutorial_taskflow_api_etl_virtualenv.py:29} WARNING - The tutorial_taskflow_api_etl_virtualenv example DAG requires virtualenv, please install it.
[2022-11-21T21:48:35.056-0300] {processor.py:652} WARNING - No viable dags retrieved from /home/juliana/Área de Trabalho/datapipeline/.env/lib/python3.8/site-packages/airflow/example_dags/tutorial_taskflow_api_etl_virtualenv.py
[2022-11-21T21:48:35.065-0300] {processor.py:161} INFO - Processing /home/juliana/Área de Trabalho/datapipeline/.env/lib/python3.8/site-packages/airflow/example_dags/tutorial_taskflow_api_etl_virtualenv.py took 0.037 seconds
[2022-11-21T21:49:10.174-0300] {processor.py:153} INFO - Started process (PID=10759) to work on /home/juliana/Área de Trabalho/datapipeline/.env/lib/python3.8/site-packages/airflow/example_dags/tutorial_taskflow_api_etl_virtualenv.py
[2022-11-21T21:49:10.176-0300] {processor.py:640} INFO - Processing file /home/juliana/Área de Trabalho/datapipeline/.env/lib/python3.8/site-packages/airflow/example_dags/tutorial_taskflow_api_etl_virtualenv.py for tasks to queue
[2022-11-21T21:49:10.177-0300] {logging_mixin.py:115} INFO - [2022-11-21T21:49:10.177-0300] {dagbag.py:508} INFO - Filling up the DagBag from /home/juliana/Área de Trabalho/datapipeline/.env/lib/python3.8/site-packages/airflow/example_dags/tutorial_taskflow_api_etl_virtualenv.py
[2022-11-21T21:49:10.195-0300] {logging_mixin.py:115} INFO - [2022-11-21T21:49:10.195-0300] {tutorial_taskflow_api_etl_virtualenv.py:29} WARNING - The tutorial_taskflow_api_etl_virtualenv example DAG requires virtualenv, please install it.
[2022-11-21T21:49:10.195-0300] {processor.py:652} WARNING - No viable dags retrieved from /home/juliana/Área de Trabalho/datapipeline/.env/lib/python3.8/site-packages/airflow/example_dags/tutorial_taskflow_api_etl_virtualenv.py
[2022-11-21T21:49:10.204-0300] {processor.py:161} INFO - Processing /home/juliana/Área de Trabalho/datapipeline/.env/lib/python3.8/site-packages/airflow/example_dags/tutorial_taskflow_api_etl_virtualenv.py took 0.035 seconds
[2022-11-21T21:49:45.674-0300] {processor.py:153} INFO - Started process (PID=10795) to work on /home/juliana/Área de Trabalho/datapipeline/.env/lib/python3.8/site-packages/airflow/example_dags/tutorial_taskflow_api_etl_virtualenv.py
[2022-11-21T21:49:45.675-0300] {processor.py:640} INFO - Processing file /home/juliana/Área de Trabalho/datapipeline/.env/lib/python3.8/site-packages/airflow/example_dags/tutorial_taskflow_api_etl_virtualenv.py for tasks to queue
[2022-11-21T21:49:45.676-0300] {logging_mixin.py:115} INFO - [2022-11-21T21:49:45.676-0300] {dagbag.py:508} INFO - Filling up the DagBag from /home/juliana/Área de Trabalho/datapipeline/.env/lib/python3.8/site-packages/airflow/example_dags/tutorial_taskflow_api_etl_virtualenv.py
[2022-11-21T21:49:45.692-0300] {logging_mixin.py:115} INFO - [2022-11-21T21:49:45.692-0300] {tutorial_taskflow_api_etl_virtualenv.py:29} WARNING - The tutorial_taskflow_api_etl_virtualenv example DAG requires virtualenv, please install it.
[2022-11-21T21:49:45.693-0300] {processor.py:652} WARNING - No viable dags retrieved from /home/juliana/Área de Trabalho/datapipeline/.env/lib/python3.8/site-packages/airflow/example_dags/tutorial_taskflow_api_etl_virtualenv.py
[2022-11-21T21:49:45.701-0300] {processor.py:161} INFO - Processing /home/juliana/Área de Trabalho/datapipeline/.env/lib/python3.8/site-packages/airflow/example_dags/tutorial_taskflow_api_etl_virtualenv.py took 0.031 seconds
[2022-11-21T21:50:21.340-0300] {processor.py:153} INFO - Started process (PID=10840) to work on /home/juliana/Área de Trabalho/datapipeline/.env/lib/python3.8/site-packages/airflow/example_dags/tutorial_taskflow_api_etl_virtualenv.py
[2022-11-21T21:50:21.344-0300] {processor.py:640} INFO - Processing file /home/juliana/Área de Trabalho/datapipeline/.env/lib/python3.8/site-packages/airflow/example_dags/tutorial_taskflow_api_etl_virtualenv.py for tasks to queue
[2022-11-21T21:50:21.344-0300] {logging_mixin.py:115} INFO - [2022-11-21T21:50:21.344-0300] {dagbag.py:508} INFO - Filling up the DagBag from /home/juliana/Área de Trabalho/datapipeline/.env/lib/python3.8/site-packages/airflow/example_dags/tutorial_taskflow_api_etl_virtualenv.py
[2022-11-21T21:50:21.371-0300] {logging_mixin.py:115} INFO - [2022-11-21T21:50:21.370-0300] {tutorial_taskflow_api_etl_virtualenv.py:29} WARNING - The tutorial_taskflow_api_etl_virtualenv example DAG requires virtualenv, please install it.
[2022-11-21T21:50:21.371-0300] {processor.py:652} WARNING - No viable dags retrieved from /home/juliana/Área de Trabalho/datapipeline/.env/lib/python3.8/site-packages/airflow/example_dags/tutorial_taskflow_api_etl_virtualenv.py
[2022-11-21T21:50:21.382-0300] {processor.py:161} INFO - Processing /home/juliana/Área de Trabalho/datapipeline/.env/lib/python3.8/site-packages/airflow/example_dags/tutorial_taskflow_api_etl_virtualenv.py took 0.050 seconds
[2022-11-21T21:50:57.687-0300] {processor.py:153} INFO - Started process (PID=10893) to work on /home/juliana/Área de Trabalho/datapipeline/.env/lib/python3.8/site-packages/airflow/example_dags/tutorial_taskflow_api_etl_virtualenv.py
[2022-11-21T21:50:57.694-0300] {processor.py:640} INFO - Processing file /home/juliana/Área de Trabalho/datapipeline/.env/lib/python3.8/site-packages/airflow/example_dags/tutorial_taskflow_api_etl_virtualenv.py for tasks to queue
[2022-11-21T21:50:57.695-0300] {logging_mixin.py:115} INFO - [2022-11-21T21:50:57.695-0300] {dagbag.py:508} INFO - Filling up the DagBag from /home/juliana/Área de Trabalho/datapipeline/.env/lib/python3.8/site-packages/airflow/example_dags/tutorial_taskflow_api_etl_virtualenv.py
[2022-11-21T21:50:57.715-0300] {logging_mixin.py:115} INFO - [2022-11-21T21:50:57.714-0300] {tutorial_taskflow_api_etl_virtualenv.py:29} WARNING - The tutorial_taskflow_api_etl_virtualenv example DAG requires virtualenv, please install it.
[2022-11-21T21:50:57.715-0300] {processor.py:652} WARNING - No viable dags retrieved from /home/juliana/Área de Trabalho/datapipeline/.env/lib/python3.8/site-packages/airflow/example_dags/tutorial_taskflow_api_etl_virtualenv.py
[2022-11-21T21:50:57.725-0300] {processor.py:161} INFO - Processing /home/juliana/Área de Trabalho/datapipeline/.env/lib/python3.8/site-packages/airflow/example_dags/tutorial_taskflow_api_etl_virtualenv.py took 0.044 seconds
[2022-11-21T21:51:35.524-0300] {processor.py:153} INFO - Started process (PID=10929) to work on /home/juliana/Área de Trabalho/datapipeline/.env/lib/python3.8/site-packages/airflow/example_dags/tutorial_taskflow_api_etl_virtualenv.py
[2022-11-21T21:51:35.525-0300] {processor.py:640} INFO - Processing file /home/juliana/Área de Trabalho/datapipeline/.env/lib/python3.8/site-packages/airflow/example_dags/tutorial_taskflow_api_etl_virtualenv.py for tasks to queue
[2022-11-21T21:51:35.526-0300] {logging_mixin.py:115} INFO - [2022-11-21T21:51:35.526-0300] {dagbag.py:508} INFO - Filling up the DagBag from /home/juliana/Área de Trabalho/datapipeline/.env/lib/python3.8/site-packages/airflow/example_dags/tutorial_taskflow_api_etl_virtualenv.py
[2022-11-21T21:51:35.548-0300] {logging_mixin.py:115} INFO - [2022-11-21T21:51:35.548-0300] {tutorial_taskflow_api_etl_virtualenv.py:29} WARNING - The tutorial_taskflow_api_etl_virtualenv example DAG requires virtualenv, please install it.
[2022-11-21T21:51:35.549-0300] {processor.py:652} WARNING - No viable dags retrieved from /home/juliana/Área de Trabalho/datapipeline/.env/lib/python3.8/site-packages/airflow/example_dags/tutorial_taskflow_api_etl_virtualenv.py
[2022-11-21T21:51:35.562-0300] {processor.py:161} INFO - Processing /home/juliana/Área de Trabalho/datapipeline/.env/lib/python3.8/site-packages/airflow/example_dags/tutorial_taskflow_api_etl_virtualenv.py took 0.041 seconds
[2022-11-21T21:52:10.714-0300] {processor.py:153} INFO - Started process (PID=10965) to work on /home/juliana/Área de Trabalho/datapipeline/.env/lib/python3.8/site-packages/airflow/example_dags/tutorial_taskflow_api_etl_virtualenv.py
[2022-11-21T21:52:10.715-0300] {processor.py:640} INFO - Processing file /home/juliana/Área de Trabalho/datapipeline/.env/lib/python3.8/site-packages/airflow/example_dags/tutorial_taskflow_api_etl_virtualenv.py for tasks to queue
[2022-11-21T21:52:10.716-0300] {logging_mixin.py:115} INFO - [2022-11-21T21:52:10.716-0300] {dagbag.py:508} INFO - Filling up the DagBag from /home/juliana/Área de Trabalho/datapipeline/.env/lib/python3.8/site-packages/airflow/example_dags/tutorial_taskflow_api_etl_virtualenv.py
[2022-11-21T21:52:10.733-0300] {logging_mixin.py:115} INFO - [2022-11-21T21:52:10.733-0300] {tutorial_taskflow_api_etl_virtualenv.py:29} WARNING - The tutorial_taskflow_api_etl_virtualenv example DAG requires virtualenv, please install it.
[2022-11-21T21:52:10.734-0300] {processor.py:652} WARNING - No viable dags retrieved from /home/juliana/Área de Trabalho/datapipeline/.env/lib/python3.8/site-packages/airflow/example_dags/tutorial_taskflow_api_etl_virtualenv.py
[2022-11-21T21:52:10.744-0300] {processor.py:161} INFO - Processing /home/juliana/Área de Trabalho/datapipeline/.env/lib/python3.8/site-packages/airflow/example_dags/tutorial_taskflow_api_etl_virtualenv.py took 0.033 seconds
[2022-11-21T21:52:50.003-0300] {processor.py:153} INFO - Started process (PID=11004) to work on /home/juliana/Área de Trabalho/datapipeline/.env/lib/python3.8/site-packages/airflow/example_dags/tutorial_taskflow_api_etl_virtualenv.py
[2022-11-21T21:52:50.004-0300] {processor.py:640} INFO - Processing file /home/juliana/Área de Trabalho/datapipeline/.env/lib/python3.8/site-packages/airflow/example_dags/tutorial_taskflow_api_etl_virtualenv.py for tasks to queue
[2022-11-21T21:52:50.005-0300] {logging_mixin.py:115} INFO - [2022-11-21T21:52:50.005-0300] {dagbag.py:508} INFO - Filling up the DagBag from /home/juliana/Área de Trabalho/datapipeline/.env/lib/python3.8/site-packages/airflow/example_dags/tutorial_taskflow_api_etl_virtualenv.py
[2022-11-21T21:52:50.025-0300] {logging_mixin.py:115} INFO - [2022-11-21T21:52:50.025-0300] {tutorial_taskflow_api_etl_virtualenv.py:29} WARNING - The tutorial_taskflow_api_etl_virtualenv example DAG requires virtualenv, please install it.
[2022-11-21T21:52:50.026-0300] {processor.py:652} WARNING - No viable dags retrieved from /home/juliana/Área de Trabalho/datapipeline/.env/lib/python3.8/site-packages/airflow/example_dags/tutorial_taskflow_api_etl_virtualenv.py
[2022-11-21T21:52:50.035-0300] {processor.py:161} INFO - Processing /home/juliana/Área de Trabalho/datapipeline/.env/lib/python3.8/site-packages/airflow/example_dags/tutorial_taskflow_api_etl_virtualenv.py took 0.039 seconds
[2022-11-21T21:53:26.680-0300] {processor.py:153} INFO - Started process (PID=11134) to work on /home/juliana/Área de Trabalho/datapipeline/.env/lib/python3.8/site-packages/airflow/example_dags/tutorial_taskflow_api_etl_virtualenv.py
[2022-11-21T21:53:26.681-0300] {processor.py:640} INFO - Processing file /home/juliana/Área de Trabalho/datapipeline/.env/lib/python3.8/site-packages/airflow/example_dags/tutorial_taskflow_api_etl_virtualenv.py for tasks to queue
[2022-11-21T21:53:26.682-0300] {logging_mixin.py:115} INFO - [2022-11-21T21:53:26.682-0300] {dagbag.py:508} INFO - Filling up the DagBag from /home/juliana/Área de Trabalho/datapipeline/.env/lib/python3.8/site-packages/airflow/example_dags/tutorial_taskflow_api_etl_virtualenv.py
[2022-11-21T21:53:26.708-0300] {logging_mixin.py:115} INFO - [2022-11-21T21:53:26.708-0300] {tutorial_taskflow_api_etl_virtualenv.py:29} WARNING - The tutorial_taskflow_api_etl_virtualenv example DAG requires virtualenv, please install it.
[2022-11-21T21:53:26.709-0300] {processor.py:652} WARNING - No viable dags retrieved from /home/juliana/Área de Trabalho/datapipeline/.env/lib/python3.8/site-packages/airflow/example_dags/tutorial_taskflow_api_etl_virtualenv.py
[2022-11-21T21:53:26.719-0300] {processor.py:161} INFO - Processing /home/juliana/Área de Trabalho/datapipeline/.env/lib/python3.8/site-packages/airflow/example_dags/tutorial_taskflow_api_etl_virtualenv.py took 0.045 seconds
[2022-11-21T21:54:01.330-0300] {processor.py:153} INFO - Started process (PID=11351) to work on /home/juliana/Área de Trabalho/datapipeline/.env/lib/python3.8/site-packages/airflow/example_dags/tutorial_taskflow_api_etl_virtualenv.py
[2022-11-21T21:54:01.331-0300] {processor.py:640} INFO - Processing file /home/juliana/Área de Trabalho/datapipeline/.env/lib/python3.8/site-packages/airflow/example_dags/tutorial_taskflow_api_etl_virtualenv.py for tasks to queue
[2022-11-21T21:54:01.332-0300] {logging_mixin.py:115} INFO - [2022-11-21T21:54:01.332-0300] {dagbag.py:508} INFO - Filling up the DagBag from /home/juliana/Área de Trabalho/datapipeline/.env/lib/python3.8/site-packages/airflow/example_dags/tutorial_taskflow_api_etl_virtualenv.py
[2022-11-21T21:54:01.351-0300] {logging_mixin.py:115} INFO - [2022-11-21T21:54:01.351-0300] {tutorial_taskflow_api_etl_virtualenv.py:29} WARNING - The tutorial_taskflow_api_etl_virtualenv example DAG requires virtualenv, please install it.
[2022-11-21T21:54:01.352-0300] {processor.py:652} WARNING - No viable dags retrieved from /home/juliana/Área de Trabalho/datapipeline/.env/lib/python3.8/site-packages/airflow/example_dags/tutorial_taskflow_api_etl_virtualenv.py
[2022-11-21T21:54:01.362-0300] {processor.py:161} INFO - Processing /home/juliana/Área de Trabalho/datapipeline/.env/lib/python3.8/site-packages/airflow/example_dags/tutorial_taskflow_api_etl_virtualenv.py took 0.035 seconds
[2022-11-21T21:54:36.610-0300] {processor.py:153} INFO - Started process (PID=11536) to work on /home/juliana/Área de Trabalho/datapipeline/.env/lib/python3.8/site-packages/airflow/example_dags/tutorial_taskflow_api_etl_virtualenv.py
[2022-11-21T21:54:36.612-0300] {processor.py:640} INFO - Processing file /home/juliana/Área de Trabalho/datapipeline/.env/lib/python3.8/site-packages/airflow/example_dags/tutorial_taskflow_api_etl_virtualenv.py for tasks to queue
[2022-11-21T21:54:36.613-0300] {logging_mixin.py:115} INFO - [2022-11-21T21:54:36.613-0300] {dagbag.py:508} INFO - Filling up the DagBag from /home/juliana/Área de Trabalho/datapipeline/.env/lib/python3.8/site-packages/airflow/example_dags/tutorial_taskflow_api_etl_virtualenv.py
[2022-11-21T21:54:36.634-0300] {logging_mixin.py:115} INFO - [2022-11-21T21:54:36.634-0300] {tutorial_taskflow_api_etl_virtualenv.py:29} WARNING - The tutorial_taskflow_api_etl_virtualenv example DAG requires virtualenv, please install it.
[2022-11-21T21:54:36.634-0300] {processor.py:652} WARNING - No viable dags retrieved from /home/juliana/Área de Trabalho/datapipeline/.env/lib/python3.8/site-packages/airflow/example_dags/tutorial_taskflow_api_etl_virtualenv.py
[2022-11-21T21:54:36.643-0300] {processor.py:161} INFO - Processing /home/juliana/Área de Trabalho/datapipeline/.env/lib/python3.8/site-packages/airflow/example_dags/tutorial_taskflow_api_etl_virtualenv.py took 0.038 seconds
[2022-11-21T21:55:47.095-0300] {processor.py:153} INFO - Started process (PID=11742) to work on /home/juliana/Área de Trabalho/datapipeline/.env/lib/python3.8/site-packages/airflow/example_dags/tutorial_taskflow_api_etl_virtualenv.py
[2022-11-21T21:55:47.097-0300] {processor.py:640} INFO - Processing file /home/juliana/Área de Trabalho/datapipeline/.env/lib/python3.8/site-packages/airflow/example_dags/tutorial_taskflow_api_etl_virtualenv.py for tasks to queue
[2022-11-21T21:55:47.101-0300] {logging_mixin.py:115} INFO - [2022-11-21T21:55:47.100-0300] {dagbag.py:508} INFO - Filling up the DagBag from /home/juliana/Área de Trabalho/datapipeline/.env/lib/python3.8/site-packages/airflow/example_dags/tutorial_taskflow_api_etl_virtualenv.py
[2022-11-21T21:55:47.170-0300] {logging_mixin.py:115} INFO - [2022-11-21T21:55:47.170-0300] {tutorial_taskflow_api_etl_virtualenv.py:29} WARNING - The tutorial_taskflow_api_etl_virtualenv example DAG requires virtualenv, please install it.
[2022-11-21T21:55:47.171-0300] {processor.py:652} WARNING - No viable dags retrieved from /home/juliana/Área de Trabalho/datapipeline/.env/lib/python3.8/site-packages/airflow/example_dags/tutorial_taskflow_api_etl_virtualenv.py
[2022-11-21T21:55:47.212-0300] {processor.py:161} INFO - Processing /home/juliana/Área de Trabalho/datapipeline/.env/lib/python3.8/site-packages/airflow/example_dags/tutorial_taskflow_api_etl_virtualenv.py took 0.128 seconds
[2022-11-21T21:56:37.878-0300] {processor.py:153} INFO - Started process (PID=12050) to work on /home/juliana/Área de Trabalho/datapipeline/.env/lib/python3.8/site-packages/airflow/example_dags/tutorial_taskflow_api_etl_virtualenv.py
[2022-11-21T21:56:37.889-0300] {processor.py:640} INFO - Processing file /home/juliana/Área de Trabalho/datapipeline/.env/lib/python3.8/site-packages/airflow/example_dags/tutorial_taskflow_api_etl_virtualenv.py for tasks to queue
[2022-11-21T21:56:37.893-0300] {logging_mixin.py:115} INFO - [2022-11-21T21:56:37.889-0300] {dagbag.py:508} INFO - Filling up the DagBag from /home/juliana/Área de Trabalho/datapipeline/.env/lib/python3.8/site-packages/airflow/example_dags/tutorial_taskflow_api_etl_virtualenv.py
[2022-11-21T21:56:38.097-0300] {logging_mixin.py:115} INFO - [2022-11-21T21:56:38.097-0300] {tutorial_taskflow_api_etl_virtualenv.py:29} WARNING - The tutorial_taskflow_api_etl_virtualenv example DAG requires virtualenv, please install it.
[2022-11-21T21:56:38.098-0300] {processor.py:652} WARNING - No viable dags retrieved from /home/juliana/Área de Trabalho/datapipeline/.env/lib/python3.8/site-packages/airflow/example_dags/tutorial_taskflow_api_etl_virtualenv.py
[2022-11-21T21:56:38.221-0300] {processor.py:161} INFO - Processing /home/juliana/Área de Trabalho/datapipeline/.env/lib/python3.8/site-packages/airflow/example_dags/tutorial_taskflow_api_etl_virtualenv.py took 0.375 seconds
[2022-11-21T22:03:58.415-0300] {processor.py:153} INFO - Started process (PID=2490) to work on /home/juliana/Área de Trabalho/datapipeline/.env/lib/python3.8/site-packages/airflow/example_dags/tutorial_taskflow_api_etl_virtualenv.py
[2022-11-21T22:03:58.422-0300] {processor.py:640} INFO - Processing file /home/juliana/Área de Trabalho/datapipeline/.env/lib/python3.8/site-packages/airflow/example_dags/tutorial_taskflow_api_etl_virtualenv.py for tasks to queue
[2022-11-21T22:03:58.423-0300] {logging_mixin.py:115} INFO - [2022-11-21T22:03:58.423-0300] {dagbag.py:508} INFO - Filling up the DagBag from /home/juliana/Área de Trabalho/datapipeline/.env/lib/python3.8/site-packages/airflow/example_dags/tutorial_taskflow_api_etl_virtualenv.py
[2022-11-21T22:03:58.450-0300] {logging_mixin.py:115} INFO - [2022-11-21T22:03:58.449-0300] {tutorial_taskflow_api_etl_virtualenv.py:29} WARNING - The tutorial_taskflow_api_etl_virtualenv example DAG requires virtualenv, please install it.
[2022-11-21T22:03:58.450-0300] {processor.py:652} WARNING - No viable dags retrieved from /home/juliana/Área de Trabalho/datapipeline/.env/lib/python3.8/site-packages/airflow/example_dags/tutorial_taskflow_api_etl_virtualenv.py
[2022-11-21T22:03:58.462-0300] {processor.py:161} INFO - Processing /home/juliana/Área de Trabalho/datapipeline/.env/lib/python3.8/site-packages/airflow/example_dags/tutorial_taskflow_api_etl_virtualenv.py took 0.051 seconds
[2022-11-21T22:04:37.399-0300] {processor.py:153} INFO - Started process (PID=2527) to work on /home/juliana/Área de Trabalho/datapipeline/.env/lib/python3.8/site-packages/airflow/example_dags/tutorial_taskflow_api_etl_virtualenv.py
[2022-11-21T22:04:37.404-0300] {processor.py:640} INFO - Processing file /home/juliana/Área de Trabalho/datapipeline/.env/lib/python3.8/site-packages/airflow/example_dags/tutorial_taskflow_api_etl_virtualenv.py for tasks to queue
[2022-11-21T22:04:37.405-0300] {logging_mixin.py:115} INFO - [2022-11-21T22:04:37.405-0300] {dagbag.py:508} INFO - Filling up the DagBag from /home/juliana/Área de Trabalho/datapipeline/.env/lib/python3.8/site-packages/airflow/example_dags/tutorial_taskflow_api_etl_virtualenv.py
[2022-11-21T22:04:37.440-0300] {logging_mixin.py:115} INFO - [2022-11-21T22:04:37.440-0300] {tutorial_taskflow_api_etl_virtualenv.py:29} WARNING - The tutorial_taskflow_api_etl_virtualenv example DAG requires virtualenv, please install it.
[2022-11-21T22:04:37.441-0300] {processor.py:652} WARNING - No viable dags retrieved from /home/juliana/Área de Trabalho/datapipeline/.env/lib/python3.8/site-packages/airflow/example_dags/tutorial_taskflow_api_etl_virtualenv.py
[2022-11-21T22:04:37.464-0300] {processor.py:161} INFO - Processing /home/juliana/Área de Trabalho/datapipeline/.env/lib/python3.8/site-packages/airflow/example_dags/tutorial_taskflow_api_etl_virtualenv.py took 0.074 seconds
[2022-11-21T22:05:17.575-0300] {processor.py:153} INFO - Started process (PID=2920) to work on /home/juliana/Área de Trabalho/datapipeline/.env/lib/python3.8/site-packages/airflow/example_dags/tutorial_taskflow_api_etl_virtualenv.py
[2022-11-21T22:05:17.580-0300] {processor.py:640} INFO - Processing file /home/juliana/Área de Trabalho/datapipeline/.env/lib/python3.8/site-packages/airflow/example_dags/tutorial_taskflow_api_etl_virtualenv.py for tasks to queue
[2022-11-21T22:05:17.581-0300] {logging_mixin.py:115} INFO - [2022-11-21T22:05:17.581-0300] {dagbag.py:508} INFO - Filling up the DagBag from /home/juliana/Área de Trabalho/datapipeline/.env/lib/python3.8/site-packages/airflow/example_dags/tutorial_taskflow_api_etl_virtualenv.py
[2022-11-21T22:05:17.603-0300] {logging_mixin.py:115} INFO - [2022-11-21T22:05:17.603-0300] {tutorial_taskflow_api_etl_virtualenv.py:29} WARNING - The tutorial_taskflow_api_etl_virtualenv example DAG requires virtualenv, please install it.
[2022-11-21T22:05:17.603-0300] {processor.py:652} WARNING - No viable dags retrieved from /home/juliana/Área de Trabalho/datapipeline/.env/lib/python3.8/site-packages/airflow/example_dags/tutorial_taskflow_api_etl_virtualenv.py
[2022-11-21T22:05:17.619-0300] {processor.py:161} INFO - Processing /home/juliana/Área de Trabalho/datapipeline/.env/lib/python3.8/site-packages/airflow/example_dags/tutorial_taskflow_api_etl_virtualenv.py took 0.047 seconds
[2022-11-21T22:05:54.259-0300] {processor.py:153} INFO - Started process (PID=3380) to work on /home/juliana/Área de Trabalho/datapipeline/.env/lib/python3.8/site-packages/airflow/example_dags/tutorial_taskflow_api_etl_virtualenv.py
[2022-11-21T22:05:54.277-0300] {processor.py:640} INFO - Processing file /home/juliana/Área de Trabalho/datapipeline/.env/lib/python3.8/site-packages/airflow/example_dags/tutorial_taskflow_api_etl_virtualenv.py for tasks to queue
[2022-11-21T22:05:54.277-0300] {logging_mixin.py:115} INFO - [2022-11-21T22:05:54.277-0300] {dagbag.py:508} INFO - Filling up the DagBag from /home/juliana/Área de Trabalho/datapipeline/.env/lib/python3.8/site-packages/airflow/example_dags/tutorial_taskflow_api_etl_virtualenv.py
[2022-11-21T22:05:54.332-0300] {logging_mixin.py:115} INFO - [2022-11-21T22:05:54.332-0300] {tutorial_taskflow_api_etl_virtualenv.py:29} WARNING - The tutorial_taskflow_api_etl_virtualenv example DAG requires virtualenv, please install it.
[2022-11-21T22:05:54.337-0300] {processor.py:652} WARNING - No viable dags retrieved from /home/juliana/Área de Trabalho/datapipeline/.env/lib/python3.8/site-packages/airflow/example_dags/tutorial_taskflow_api_etl_virtualenv.py
[2022-11-21T22:05:54.384-0300] {processor.py:161} INFO - Processing /home/juliana/Área de Trabalho/datapipeline/.env/lib/python3.8/site-packages/airflow/example_dags/tutorial_taskflow_api_etl_virtualenv.py took 0.127 seconds
[2022-11-21T22:06:31.318-0300] {processor.py:153} INFO - Started process (PID=3711) to work on /home/juliana/Área de Trabalho/datapipeline/.env/lib/python3.8/site-packages/airflow/example_dags/tutorial_taskflow_api_etl_virtualenv.py
[2022-11-21T22:06:31.324-0300] {processor.py:640} INFO - Processing file /home/juliana/Área de Trabalho/datapipeline/.env/lib/python3.8/site-packages/airflow/example_dags/tutorial_taskflow_api_etl_virtualenv.py for tasks to queue
[2022-11-21T22:06:31.325-0300] {logging_mixin.py:115} INFO - [2022-11-21T22:06:31.325-0300] {dagbag.py:508} INFO - Filling up the DagBag from /home/juliana/Área de Trabalho/datapipeline/.env/lib/python3.8/site-packages/airflow/example_dags/tutorial_taskflow_api_etl_virtualenv.py
[2022-11-21T22:06:31.345-0300] {logging_mixin.py:115} INFO - [2022-11-21T22:06:31.345-0300] {tutorial_taskflow_api_etl_virtualenv.py:29} WARNING - The tutorial_taskflow_api_etl_virtualenv example DAG requires virtualenv, please install it.
[2022-11-21T22:06:31.345-0300] {processor.py:652} WARNING - No viable dags retrieved from /home/juliana/Área de Trabalho/datapipeline/.env/lib/python3.8/site-packages/airflow/example_dags/tutorial_taskflow_api_etl_virtualenv.py
[2022-11-21T22:06:31.359-0300] {processor.py:161} INFO - Processing /home/juliana/Área de Trabalho/datapipeline/.env/lib/python3.8/site-packages/airflow/example_dags/tutorial_taskflow_api_etl_virtualenv.py took 0.048 seconds
[2022-11-21T22:07:11.243-0300] {processor.py:153} INFO - Started process (PID=3927) to work on /home/juliana/Área de Trabalho/datapipeline/.env/lib/python3.8/site-packages/airflow/example_dags/tutorial_taskflow_api_etl_virtualenv.py
[2022-11-21T22:07:11.248-0300] {processor.py:640} INFO - Processing file /home/juliana/Área de Trabalho/datapipeline/.env/lib/python3.8/site-packages/airflow/example_dags/tutorial_taskflow_api_etl_virtualenv.py for tasks to queue
[2022-11-21T22:07:11.251-0300] {logging_mixin.py:115} INFO - [2022-11-21T22:07:11.251-0300] {dagbag.py:508} INFO - Filling up the DagBag from /home/juliana/Área de Trabalho/datapipeline/.env/lib/python3.8/site-packages/airflow/example_dags/tutorial_taskflow_api_etl_virtualenv.py
[2022-11-21T22:07:11.289-0300] {logging_mixin.py:115} INFO - [2022-11-21T22:07:11.289-0300] {tutorial_taskflow_api_etl_virtualenv.py:29} WARNING - The tutorial_taskflow_api_etl_virtualenv example DAG requires virtualenv, please install it.
[2022-11-21T22:07:11.289-0300] {processor.py:652} WARNING - No viable dags retrieved from /home/juliana/Área de Trabalho/datapipeline/.env/lib/python3.8/site-packages/airflow/example_dags/tutorial_taskflow_api_etl_virtualenv.py
[2022-11-21T22:07:11.304-0300] {processor.py:161} INFO - Processing /home/juliana/Área de Trabalho/datapipeline/.env/lib/python3.8/site-packages/airflow/example_dags/tutorial_taskflow_api_etl_virtualenv.py took 0.075 seconds
[2022-11-21T22:07:48.751-0300] {processor.py:153} INFO - Started process (PID=4142) to work on /home/juliana/Área de Trabalho/datapipeline/.env/lib/python3.8/site-packages/airflow/example_dags/tutorial_taskflow_api_etl_virtualenv.py
[2022-11-21T22:07:48.757-0300] {processor.py:640} INFO - Processing file /home/juliana/Área de Trabalho/datapipeline/.env/lib/python3.8/site-packages/airflow/example_dags/tutorial_taskflow_api_etl_virtualenv.py for tasks to queue
[2022-11-21T22:07:48.758-0300] {logging_mixin.py:115} INFO - [2022-11-21T22:07:48.758-0300] {dagbag.py:508} INFO - Filling up the DagBag from /home/juliana/Área de Trabalho/datapipeline/.env/lib/python3.8/site-packages/airflow/example_dags/tutorial_taskflow_api_etl_virtualenv.py
[2022-11-21T22:07:48.778-0300] {logging_mixin.py:115} INFO - [2022-11-21T22:07:48.778-0300] {tutorial_taskflow_api_etl_virtualenv.py:29} WARNING - The tutorial_taskflow_api_etl_virtualenv example DAG requires virtualenv, please install it.
[2022-11-21T22:07:48.778-0300] {processor.py:652} WARNING - No viable dags retrieved from /home/juliana/Área de Trabalho/datapipeline/.env/lib/python3.8/site-packages/airflow/example_dags/tutorial_taskflow_api_etl_virtualenv.py
[2022-11-21T22:07:48.793-0300] {processor.py:161} INFO - Processing /home/juliana/Área de Trabalho/datapipeline/.env/lib/python3.8/site-packages/airflow/example_dags/tutorial_taskflow_api_etl_virtualenv.py took 0.058 seconds
[2022-11-21T22:08:28.526-0300] {processor.py:153} INFO - Started process (PID=4381) to work on /home/juliana/Área de Trabalho/datapipeline/.env/lib/python3.8/site-packages/airflow/example_dags/tutorial_taskflow_api_etl_virtualenv.py
[2022-11-21T22:08:28.527-0300] {processor.py:640} INFO - Processing file /home/juliana/Área de Trabalho/datapipeline/.env/lib/python3.8/site-packages/airflow/example_dags/tutorial_taskflow_api_etl_virtualenv.py for tasks to queue
[2022-11-21T22:08:28.528-0300] {logging_mixin.py:115} INFO - [2022-11-21T22:08:28.528-0300] {dagbag.py:508} INFO - Filling up the DagBag from /home/juliana/Área de Trabalho/datapipeline/.env/lib/python3.8/site-packages/airflow/example_dags/tutorial_taskflow_api_etl_virtualenv.py
[2022-11-21T22:08:28.553-0300] {logging_mixin.py:115} INFO - [2022-11-21T22:08:28.553-0300] {tutorial_taskflow_api_etl_virtualenv.py:29} WARNING - The tutorial_taskflow_api_etl_virtualenv example DAG requires virtualenv, please install it.
[2022-11-21T22:08:28.558-0300] {processor.py:652} WARNING - No viable dags retrieved from /home/juliana/Área de Trabalho/datapipeline/.env/lib/python3.8/site-packages/airflow/example_dags/tutorial_taskflow_api_etl_virtualenv.py
[2022-11-21T22:08:28.568-0300] {processor.py:161} INFO - Processing /home/juliana/Área de Trabalho/datapipeline/.env/lib/python3.8/site-packages/airflow/example_dags/tutorial_taskflow_api_etl_virtualenv.py took 0.050 seconds
[2022-11-21T22:09:06.037-0300] {processor.py:153} INFO - Started process (PID=4629) to work on /home/juliana/Área de Trabalho/datapipeline/.env/lib/python3.8/site-packages/airflow/example_dags/tutorial_taskflow_api_etl_virtualenv.py
[2022-11-21T22:09:06.038-0300] {processor.py:640} INFO - Processing file /home/juliana/Área de Trabalho/datapipeline/.env/lib/python3.8/site-packages/airflow/example_dags/tutorial_taskflow_api_etl_virtualenv.py for tasks to queue
[2022-11-21T22:09:06.040-0300] {logging_mixin.py:115} INFO - [2022-11-21T22:09:06.039-0300] {dagbag.py:508} INFO - Filling up the DagBag from /home/juliana/Área de Trabalho/datapipeline/.env/lib/python3.8/site-packages/airflow/example_dags/tutorial_taskflow_api_etl_virtualenv.py
[2022-11-21T22:09:06.055-0300] {logging_mixin.py:115} INFO - [2022-11-21T22:09:06.055-0300] {tutorial_taskflow_api_etl_virtualenv.py:29} WARNING - The tutorial_taskflow_api_etl_virtualenv example DAG requires virtualenv, please install it.
[2022-11-21T22:09:06.056-0300] {processor.py:652} WARNING - No viable dags retrieved from /home/juliana/Área de Trabalho/datapipeline/.env/lib/python3.8/site-packages/airflow/example_dags/tutorial_taskflow_api_etl_virtualenv.py
[2022-11-21T22:09:06.070-0300] {processor.py:161} INFO - Processing /home/juliana/Área de Trabalho/datapipeline/.env/lib/python3.8/site-packages/airflow/example_dags/tutorial_taskflow_api_etl_virtualenv.py took 0.038 seconds
[2022-11-21T22:09:42.116-0300] {processor.py:153} INFO - Started process (PID=5012) to work on /home/juliana/Área de Trabalho/datapipeline/.env/lib/python3.8/site-packages/airflow/example_dags/tutorial_taskflow_api_etl_virtualenv.py
[2022-11-21T22:09:42.119-0300] {processor.py:640} INFO - Processing file /home/juliana/Área de Trabalho/datapipeline/.env/lib/python3.8/site-packages/airflow/example_dags/tutorial_taskflow_api_etl_virtualenv.py for tasks to queue
[2022-11-21T22:09:42.120-0300] {logging_mixin.py:115} INFO - [2022-11-21T22:09:42.119-0300] {dagbag.py:508} INFO - Filling up the DagBag from /home/juliana/Área de Trabalho/datapipeline/.env/lib/python3.8/site-packages/airflow/example_dags/tutorial_taskflow_api_etl_virtualenv.py
[2022-11-21T22:09:42.147-0300] {logging_mixin.py:115} INFO - [2022-11-21T22:09:42.146-0300] {tutorial_taskflow_api_etl_virtualenv.py:29} WARNING - The tutorial_taskflow_api_etl_virtualenv example DAG requires virtualenv, please install it.
[2022-11-21T22:09:42.147-0300] {processor.py:652} WARNING - No viable dags retrieved from /home/juliana/Área de Trabalho/datapipeline/.env/lib/python3.8/site-packages/airflow/example_dags/tutorial_taskflow_api_etl_virtualenv.py
[2022-11-21T22:09:42.174-0300] {processor.py:161} INFO - Processing /home/juliana/Área de Trabalho/datapipeline/.env/lib/python3.8/site-packages/airflow/example_dags/tutorial_taskflow_api_etl_virtualenv.py took 0.064 seconds
[2022-11-21T22:10:18.441-0300] {processor.py:153} INFO - Started process (PID=5068) to work on /home/juliana/Área de Trabalho/datapipeline/.env/lib/python3.8/site-packages/airflow/example_dags/tutorial_taskflow_api_etl_virtualenv.py
[2022-11-21T22:10:18.442-0300] {processor.py:640} INFO - Processing file /home/juliana/Área de Trabalho/datapipeline/.env/lib/python3.8/site-packages/airflow/example_dags/tutorial_taskflow_api_etl_virtualenv.py for tasks to queue
[2022-11-21T22:10:18.443-0300] {logging_mixin.py:115} INFO - [2022-11-21T22:10:18.443-0300] {dagbag.py:508} INFO - Filling up the DagBag from /home/juliana/Área de Trabalho/datapipeline/.env/lib/python3.8/site-packages/airflow/example_dags/tutorial_taskflow_api_etl_virtualenv.py
[2022-11-21T22:10:18.467-0300] {logging_mixin.py:115} INFO - [2022-11-21T22:10:18.467-0300] {tutorial_taskflow_api_etl_virtualenv.py:29} WARNING - The tutorial_taskflow_api_etl_virtualenv example DAG requires virtualenv, please install it.
[2022-11-21T22:10:18.467-0300] {processor.py:652} WARNING - No viable dags retrieved from /home/juliana/Área de Trabalho/datapipeline/.env/lib/python3.8/site-packages/airflow/example_dags/tutorial_taskflow_api_etl_virtualenv.py
[2022-11-21T22:10:18.481-0300] {processor.py:161} INFO - Processing /home/juliana/Área de Trabalho/datapipeline/.env/lib/python3.8/site-packages/airflow/example_dags/tutorial_taskflow_api_etl_virtualenv.py took 0.045 seconds
[2022-11-21T22:10:57.106-0300] {processor.py:153} INFO - Started process (PID=5431) to work on /home/juliana/Área de Trabalho/datapipeline/.env/lib/python3.8/site-packages/airflow/example_dags/tutorial_taskflow_api_etl_virtualenv.py
[2022-11-21T22:10:57.116-0300] {processor.py:640} INFO - Processing file /home/juliana/Área de Trabalho/datapipeline/.env/lib/python3.8/site-packages/airflow/example_dags/tutorial_taskflow_api_etl_virtualenv.py for tasks to queue
[2022-11-21T22:10:57.117-0300] {logging_mixin.py:115} INFO - [2022-11-21T22:10:57.117-0300] {dagbag.py:508} INFO - Filling up the DagBag from /home/juliana/Área de Trabalho/datapipeline/.env/lib/python3.8/site-packages/airflow/example_dags/tutorial_taskflow_api_etl_virtualenv.py
[2022-11-21T22:10:57.146-0300] {logging_mixin.py:115} INFO - [2022-11-21T22:10:57.146-0300] {tutorial_taskflow_api_etl_virtualenv.py:29} WARNING - The tutorial_taskflow_api_etl_virtualenv example DAG requires virtualenv, please install it.
[2022-11-21T22:10:57.149-0300] {processor.py:652} WARNING - No viable dags retrieved from /home/juliana/Área de Trabalho/datapipeline/.env/lib/python3.8/site-packages/airflow/example_dags/tutorial_taskflow_api_etl_virtualenv.py
[2022-11-21T22:10:57.177-0300] {processor.py:161} INFO - Processing /home/juliana/Área de Trabalho/datapipeline/.env/lib/python3.8/site-packages/airflow/example_dags/tutorial_taskflow_api_etl_virtualenv.py took 0.076 seconds
[2022-11-21T22:11:33.499-0300] {processor.py:153} INFO - Started process (PID=5640) to work on /home/juliana/Área de Trabalho/datapipeline/.env/lib/python3.8/site-packages/airflow/example_dags/tutorial_taskflow_api_etl_virtualenv.py
[2022-11-21T22:11:33.500-0300] {processor.py:640} INFO - Processing file /home/juliana/Área de Trabalho/datapipeline/.env/lib/python3.8/site-packages/airflow/example_dags/tutorial_taskflow_api_etl_virtualenv.py for tasks to queue
[2022-11-21T22:11:33.501-0300] {logging_mixin.py:115} INFO - [2022-11-21T22:11:33.501-0300] {dagbag.py:508} INFO - Filling up the DagBag from /home/juliana/Área de Trabalho/datapipeline/.env/lib/python3.8/site-packages/airflow/example_dags/tutorial_taskflow_api_etl_virtualenv.py
[2022-11-21T22:11:33.524-0300] {logging_mixin.py:115} INFO - [2022-11-21T22:11:33.520-0300] {tutorial_taskflow_api_etl_virtualenv.py:29} WARNING - The tutorial_taskflow_api_etl_virtualenv example DAG requires virtualenv, please install it.
[2022-11-21T22:11:33.524-0300] {processor.py:652} WARNING - No viable dags retrieved from /home/juliana/Área de Trabalho/datapipeline/.env/lib/python3.8/site-packages/airflow/example_dags/tutorial_taskflow_api_etl_virtualenv.py
[2022-11-21T22:11:33.549-0300] {processor.py:161} INFO - Processing /home/juliana/Área de Trabalho/datapipeline/.env/lib/python3.8/site-packages/airflow/example_dags/tutorial_taskflow_api_etl_virtualenv.py took 0.056 seconds
[2022-11-21T22:12:10.376-0300] {processor.py:153} INFO - Started process (PID=5941) to work on /home/juliana/Área de Trabalho/datapipeline/.env/lib/python3.8/site-packages/airflow/example_dags/tutorial_taskflow_api_etl_virtualenv.py
[2022-11-21T22:12:10.382-0300] {processor.py:640} INFO - Processing file /home/juliana/Área de Trabalho/datapipeline/.env/lib/python3.8/site-packages/airflow/example_dags/tutorial_taskflow_api_etl_virtualenv.py for tasks to queue
[2022-11-21T22:12:10.383-0300] {logging_mixin.py:115} INFO - [2022-11-21T22:12:10.383-0300] {dagbag.py:508} INFO - Filling up the DagBag from /home/juliana/Área de Trabalho/datapipeline/.env/lib/python3.8/site-packages/airflow/example_dags/tutorial_taskflow_api_etl_virtualenv.py
[2022-11-21T22:12:10.397-0300] {logging_mixin.py:115} INFO - [2022-11-21T22:12:10.396-0300] {tutorial_taskflow_api_etl_virtualenv.py:29} WARNING - The tutorial_taskflow_api_etl_virtualenv example DAG requires virtualenv, please install it.
[2022-11-21T22:12:10.397-0300] {processor.py:652} WARNING - No viable dags retrieved from /home/juliana/Área de Trabalho/datapipeline/.env/lib/python3.8/site-packages/airflow/example_dags/tutorial_taskflow_api_etl_virtualenv.py
[2022-11-21T22:12:10.411-0300] {processor.py:161} INFO - Processing /home/juliana/Área de Trabalho/datapipeline/.env/lib/python3.8/site-packages/airflow/example_dags/tutorial_taskflow_api_etl_virtualenv.py took 0.038 seconds
[2022-11-21T22:12:48.198-0300] {processor.py:153} INFO - Started process (PID=5991) to work on /home/juliana/Área de Trabalho/datapipeline/.env/lib/python3.8/site-packages/airflow/example_dags/tutorial_taskflow_api_etl_virtualenv.py
[2022-11-21T22:12:48.201-0300] {processor.py:640} INFO - Processing file /home/juliana/Área de Trabalho/datapipeline/.env/lib/python3.8/site-packages/airflow/example_dags/tutorial_taskflow_api_etl_virtualenv.py for tasks to queue
[2022-11-21T22:12:48.202-0300] {logging_mixin.py:115} INFO - [2022-11-21T22:12:48.201-0300] {dagbag.py:508} INFO - Filling up the DagBag from /home/juliana/Área de Trabalho/datapipeline/.env/lib/python3.8/site-packages/airflow/example_dags/tutorial_taskflow_api_etl_virtualenv.py
[2022-11-21T22:12:48.226-0300] {logging_mixin.py:115} INFO - [2022-11-21T22:12:48.226-0300] {tutorial_taskflow_api_etl_virtualenv.py:29} WARNING - The tutorial_taskflow_api_etl_virtualenv example DAG requires virtualenv, please install it.
[2022-11-21T22:12:48.227-0300] {processor.py:652} WARNING - No viable dags retrieved from /home/juliana/Área de Trabalho/datapipeline/.env/lib/python3.8/site-packages/airflow/example_dags/tutorial_taskflow_api_etl_virtualenv.py
[2022-11-21T22:12:48.247-0300] {processor.py:161} INFO - Processing /home/juliana/Área de Trabalho/datapipeline/.env/lib/python3.8/site-packages/airflow/example_dags/tutorial_taskflow_api_etl_virtualenv.py took 0.057 seconds
[2022-11-21T22:13:25.104-0300] {processor.py:153} INFO - Started process (PID=6026) to work on /home/juliana/Área de Trabalho/datapipeline/.env/lib/python3.8/site-packages/airflow/example_dags/tutorial_taskflow_api_etl_virtualenv.py
[2022-11-21T22:13:25.110-0300] {processor.py:640} INFO - Processing file /home/juliana/Área de Trabalho/datapipeline/.env/lib/python3.8/site-packages/airflow/example_dags/tutorial_taskflow_api_etl_virtualenv.py for tasks to queue
[2022-11-21T22:13:25.111-0300] {logging_mixin.py:115} INFO - [2022-11-21T22:13:25.111-0300] {dagbag.py:508} INFO - Filling up the DagBag from /home/juliana/Área de Trabalho/datapipeline/.env/lib/python3.8/site-packages/airflow/example_dags/tutorial_taskflow_api_etl_virtualenv.py
[2022-11-21T22:13:25.125-0300] {logging_mixin.py:115} INFO - [2022-11-21T22:13:25.124-0300] {tutorial_taskflow_api_etl_virtualenv.py:29} WARNING - The tutorial_taskflow_api_etl_virtualenv example DAG requires virtualenv, please install it.
[2022-11-21T22:13:25.125-0300] {processor.py:652} WARNING - No viable dags retrieved from /home/juliana/Área de Trabalho/datapipeline/.env/lib/python3.8/site-packages/airflow/example_dags/tutorial_taskflow_api_etl_virtualenv.py
[2022-11-21T22:13:25.137-0300] {processor.py:161} INFO - Processing /home/juliana/Área de Trabalho/datapipeline/.env/lib/python3.8/site-packages/airflow/example_dags/tutorial_taskflow_api_etl_virtualenv.py took 0.036 seconds
[2022-11-21T22:14:01.612-0300] {processor.py:153} INFO - Started process (PID=6064) to work on /home/juliana/Área de Trabalho/datapipeline/.env/lib/python3.8/site-packages/airflow/example_dags/tutorial_taskflow_api_etl_virtualenv.py
[2022-11-21T22:14:01.614-0300] {processor.py:640} INFO - Processing file /home/juliana/Área de Trabalho/datapipeline/.env/lib/python3.8/site-packages/airflow/example_dags/tutorial_taskflow_api_etl_virtualenv.py for tasks to queue
[2022-11-21T22:14:01.614-0300] {logging_mixin.py:115} INFO - [2022-11-21T22:14:01.614-0300] {dagbag.py:508} INFO - Filling up the DagBag from /home/juliana/Área de Trabalho/datapipeline/.env/lib/python3.8/site-packages/airflow/example_dags/tutorial_taskflow_api_etl_virtualenv.py
[2022-11-21T22:14:01.634-0300] {logging_mixin.py:115} INFO - [2022-11-21T22:14:01.634-0300] {tutorial_taskflow_api_etl_virtualenv.py:29} WARNING - The tutorial_taskflow_api_etl_virtualenv example DAG requires virtualenv, please install it.
[2022-11-21T22:14:01.634-0300] {processor.py:652} WARNING - No viable dags retrieved from /home/juliana/Área de Trabalho/datapipeline/.env/lib/python3.8/site-packages/airflow/example_dags/tutorial_taskflow_api_etl_virtualenv.py
[2022-11-21T22:14:01.644-0300] {processor.py:161} INFO - Processing /home/juliana/Área de Trabalho/datapipeline/.env/lib/python3.8/site-packages/airflow/example_dags/tutorial_taskflow_api_etl_virtualenv.py took 0.036 seconds
[2022-11-21T22:14:37.771-0300] {processor.py:153} INFO - Started process (PID=6101) to work on /home/juliana/Área de Trabalho/datapipeline/.env/lib/python3.8/site-packages/airflow/example_dags/tutorial_taskflow_api_etl_virtualenv.py
[2022-11-21T22:14:37.773-0300] {processor.py:640} INFO - Processing file /home/juliana/Área de Trabalho/datapipeline/.env/lib/python3.8/site-packages/airflow/example_dags/tutorial_taskflow_api_etl_virtualenv.py for tasks to queue
[2022-11-21T22:14:37.774-0300] {logging_mixin.py:115} INFO - [2022-11-21T22:14:37.774-0300] {dagbag.py:508} INFO - Filling up the DagBag from /home/juliana/Área de Trabalho/datapipeline/.env/lib/python3.8/site-packages/airflow/example_dags/tutorial_taskflow_api_etl_virtualenv.py
[2022-11-21T22:14:37.797-0300] {logging_mixin.py:115} INFO - [2022-11-21T22:14:37.797-0300] {tutorial_taskflow_api_etl_virtualenv.py:29} WARNING - The tutorial_taskflow_api_etl_virtualenv example DAG requires virtualenv, please install it.
[2022-11-21T22:14:37.797-0300] {processor.py:652} WARNING - No viable dags retrieved from /home/juliana/Área de Trabalho/datapipeline/.env/lib/python3.8/site-packages/airflow/example_dags/tutorial_taskflow_api_etl_virtualenv.py
[2022-11-21T22:14:37.807-0300] {processor.py:161} INFO - Processing /home/juliana/Área de Trabalho/datapipeline/.env/lib/python3.8/site-packages/airflow/example_dags/tutorial_taskflow_api_etl_virtualenv.py took 0.042 seconds
[2022-11-21T22:15:14.504-0300] {processor.py:153} INFO - Started process (PID=6137) to work on /home/juliana/Área de Trabalho/datapipeline/.env/lib/python3.8/site-packages/airflow/example_dags/tutorial_taskflow_api_etl_virtualenv.py
[2022-11-21T22:15:14.510-0300] {processor.py:640} INFO - Processing file /home/juliana/Área de Trabalho/datapipeline/.env/lib/python3.8/site-packages/airflow/example_dags/tutorial_taskflow_api_etl_virtualenv.py for tasks to queue
[2022-11-21T22:15:14.511-0300] {logging_mixin.py:115} INFO - [2022-11-21T22:15:14.510-0300] {dagbag.py:508} INFO - Filling up the DagBag from /home/juliana/Área de Trabalho/datapipeline/.env/lib/python3.8/site-packages/airflow/example_dags/tutorial_taskflow_api_etl_virtualenv.py
[2022-11-21T22:15:14.526-0300] {logging_mixin.py:115} INFO - [2022-11-21T22:15:14.526-0300] {tutorial_taskflow_api_etl_virtualenv.py:29} WARNING - The tutorial_taskflow_api_etl_virtualenv example DAG requires virtualenv, please install it.
[2022-11-21T22:15:14.526-0300] {processor.py:652} WARNING - No viable dags retrieved from /home/juliana/Área de Trabalho/datapipeline/.env/lib/python3.8/site-packages/airflow/example_dags/tutorial_taskflow_api_etl_virtualenv.py
[2022-11-21T22:15:14.535-0300] {processor.py:161} INFO - Processing /home/juliana/Área de Trabalho/datapipeline/.env/lib/python3.8/site-packages/airflow/example_dags/tutorial_taskflow_api_etl_virtualenv.py took 0.034 seconds
[2022-11-21T22:15:50.856-0300] {processor.py:153} INFO - Started process (PID=6173) to work on /home/juliana/Área de Trabalho/datapipeline/.env/lib/python3.8/site-packages/airflow/example_dags/tutorial_taskflow_api_etl_virtualenv.py
[2022-11-21T22:15:50.858-0300] {processor.py:640} INFO - Processing file /home/juliana/Área de Trabalho/datapipeline/.env/lib/python3.8/site-packages/airflow/example_dags/tutorial_taskflow_api_etl_virtualenv.py for tasks to queue
[2022-11-21T22:15:50.859-0300] {logging_mixin.py:115} INFO - [2022-11-21T22:15:50.859-0300] {dagbag.py:508} INFO - Filling up the DagBag from /home/juliana/Área de Trabalho/datapipeline/.env/lib/python3.8/site-packages/airflow/example_dags/tutorial_taskflow_api_etl_virtualenv.py
[2022-11-21T22:15:50.880-0300] {logging_mixin.py:115} INFO - [2022-11-21T22:15:50.880-0300] {tutorial_taskflow_api_etl_virtualenv.py:29} WARNING - The tutorial_taskflow_api_etl_virtualenv example DAG requires virtualenv, please install it.
[2022-11-21T22:15:50.880-0300] {processor.py:652} WARNING - No viable dags retrieved from /home/juliana/Área de Trabalho/datapipeline/.env/lib/python3.8/site-packages/airflow/example_dags/tutorial_taskflow_api_etl_virtualenv.py
[2022-11-21T22:15:50.890-0300] {processor.py:161} INFO - Processing /home/juliana/Área de Trabalho/datapipeline/.env/lib/python3.8/site-packages/airflow/example_dags/tutorial_taskflow_api_etl_virtualenv.py took 0.040 seconds
[2022-11-21T22:16:28.201-0300] {processor.py:153} INFO - Started process (PID=6210) to work on /home/juliana/Área de Trabalho/datapipeline/.env/lib/python3.8/site-packages/airflow/example_dags/tutorial_taskflow_api_etl_virtualenv.py
[2022-11-21T22:16:28.203-0300] {processor.py:640} INFO - Processing file /home/juliana/Área de Trabalho/datapipeline/.env/lib/python3.8/site-packages/airflow/example_dags/tutorial_taskflow_api_etl_virtualenv.py for tasks to queue
[2022-11-21T22:16:28.204-0300] {logging_mixin.py:115} INFO - [2022-11-21T22:16:28.204-0300] {dagbag.py:508} INFO - Filling up the DagBag from /home/juliana/Área de Trabalho/datapipeline/.env/lib/python3.8/site-packages/airflow/example_dags/tutorial_taskflow_api_etl_virtualenv.py
[2022-11-21T22:16:28.227-0300] {logging_mixin.py:115} INFO - [2022-11-21T22:16:28.227-0300] {tutorial_taskflow_api_etl_virtualenv.py:29} WARNING - The tutorial_taskflow_api_etl_virtualenv example DAG requires virtualenv, please install it.
[2022-11-21T22:16:28.227-0300] {processor.py:652} WARNING - No viable dags retrieved from /home/juliana/Área de Trabalho/datapipeline/.env/lib/python3.8/site-packages/airflow/example_dags/tutorial_taskflow_api_etl_virtualenv.py
[2022-11-21T22:16:28.236-0300] {processor.py:161} INFO - Processing /home/juliana/Área de Trabalho/datapipeline/.env/lib/python3.8/site-packages/airflow/example_dags/tutorial_taskflow_api_etl_virtualenv.py took 0.041 seconds
