[2022-11-21T21:13:01.565-0300] {processor.py:153} INFO - Started process (PID=3022) to work on /home/juliana/Área de Trabalho/datapipeline/.env/lib/python3.8/site-packages/airflow/example_dags/tutorial.py
[2022-11-21T21:13:01.565-0300] {processor.py:640} INFO - Processing file /home/juliana/Área de Trabalho/datapipeline/.env/lib/python3.8/site-packages/airflow/example_dags/tutorial.py for tasks to queue
[2022-11-21T21:13:01.566-0300] {logging_mixin.py:115} INFO - [2022-11-21T21:13:01.566-0300] {dagbag.py:508} INFO - Filling up the DagBag from /home/juliana/Área de Trabalho/datapipeline/.env/lib/python3.8/site-packages/airflow/example_dags/tutorial.py
[2022-11-21T21:13:01.574-0300] {processor.py:650} INFO - DAG(s) dict_keys(['tutorial']) retrieved from /home/juliana/Área de Trabalho/datapipeline/.env/lib/python3.8/site-packages/airflow/example_dags/tutorial.py
[2022-11-21T21:13:01.588-0300] {logging_mixin.py:115} INFO - [2022-11-21T21:13:01.588-0300] {dag.py:2429} INFO - Sync 1 DAGs
[2022-11-21T21:13:01.608-0300] {logging_mixin.py:115} INFO - [2022-11-21T21:13:01.607-0300] {dag.py:2977} INFO - Setting next_dagrun for tutorial to 2022-11-21T00:13:01.607606+00:00, run_after=2022-11-22T00:13:01.607606+00:00
[2022-11-21T21:13:01.627-0300] {processor.py:161} INFO - Processing /home/juliana/Área de Trabalho/datapipeline/.env/lib/python3.8/site-packages/airflow/example_dags/tutorial.py took 0.067 seconds
[2022-11-21T21:13:40.193-0300] {processor.py:153} INFO - Started process (PID=3127) to work on /home/juliana/Área de Trabalho/datapipeline/.env/lib/python3.8/site-packages/airflow/example_dags/tutorial.py
[2022-11-21T21:13:40.195-0300] {processor.py:640} INFO - Processing file /home/juliana/Área de Trabalho/datapipeline/.env/lib/python3.8/site-packages/airflow/example_dags/tutorial.py for tasks to queue
[2022-11-21T21:13:40.195-0300] {logging_mixin.py:115} INFO - [2022-11-21T21:13:40.195-0300] {dagbag.py:508} INFO - Filling up the DagBag from /home/juliana/Área de Trabalho/datapipeline/.env/lib/python3.8/site-packages/airflow/example_dags/tutorial.py
[2022-11-21T21:13:40.207-0300] {processor.py:650} INFO - DAG(s) dict_keys(['tutorial']) retrieved from /home/juliana/Área de Trabalho/datapipeline/.env/lib/python3.8/site-packages/airflow/example_dags/tutorial.py
[2022-11-21T21:13:40.244-0300] {logging_mixin.py:115} INFO - [2022-11-21T21:13:40.244-0300] {dag.py:2429} INFO - Sync 1 DAGs
[2022-11-21T21:13:40.268-0300] {logging_mixin.py:115} INFO - [2022-11-21T21:13:40.267-0300] {dag.py:2977} INFO - Setting next_dagrun for tutorial to 2022-11-21T00:13:40.267329+00:00, run_after=2022-11-22T00:13:40.267329+00:00
[2022-11-21T21:13:40.293-0300] {processor.py:161} INFO - Processing /home/juliana/Área de Trabalho/datapipeline/.env/lib/python3.8/site-packages/airflow/example_dags/tutorial.py took 0.107 seconds
[2022-11-21T21:14:19.260-0300] {processor.py:153} INFO - Started process (PID=3402) to work on /home/juliana/Área de Trabalho/datapipeline/.env/lib/python3.8/site-packages/airflow/example_dags/tutorial.py
[2022-11-21T21:14:19.264-0300] {processor.py:640} INFO - Processing file /home/juliana/Área de Trabalho/datapipeline/.env/lib/python3.8/site-packages/airflow/example_dags/tutorial.py for tasks to queue
[2022-11-21T21:14:19.264-0300] {logging_mixin.py:115} INFO - [2022-11-21T21:14:19.264-0300] {dagbag.py:508} INFO - Filling up the DagBag from /home/juliana/Área de Trabalho/datapipeline/.env/lib/python3.8/site-packages/airflow/example_dags/tutorial.py
[2022-11-21T21:14:19.308-0300] {processor.py:650} INFO - DAG(s) dict_keys(['tutorial']) retrieved from /home/juliana/Área de Trabalho/datapipeline/.env/lib/python3.8/site-packages/airflow/example_dags/tutorial.py
[2022-11-21T21:14:19.373-0300] {logging_mixin.py:115} INFO - [2022-11-21T21:14:19.372-0300] {dag.py:2429} INFO - Sync 1 DAGs
[2022-11-21T21:14:19.417-0300] {logging_mixin.py:115} INFO - [2022-11-21T21:14:19.417-0300] {dag.py:2977} INFO - Setting next_dagrun for tutorial to 2022-11-21T00:14:19.411630+00:00, run_after=2022-11-22T00:14:19.411630+00:00
[2022-11-21T21:14:19.446-0300] {processor.py:161} INFO - Processing /home/juliana/Área de Trabalho/datapipeline/.env/lib/python3.8/site-packages/airflow/example_dags/tutorial.py took 0.201 seconds
[2022-11-21T21:15:22.004-0300] {processor.py:153} INFO - Started process (PID=3489) to work on /home/juliana/Área de Trabalho/datapipeline/.env/lib/python3.8/site-packages/airflow/example_dags/tutorial.py
[2022-11-21T21:15:22.015-0300] {processor.py:640} INFO - Processing file /home/juliana/Área de Trabalho/datapipeline/.env/lib/python3.8/site-packages/airflow/example_dags/tutorial.py for tasks to queue
[2022-11-21T21:15:22.016-0300] {logging_mixin.py:115} INFO - [2022-11-21T21:15:22.015-0300] {dagbag.py:508} INFO - Filling up the DagBag from /home/juliana/Área de Trabalho/datapipeline/.env/lib/python3.8/site-packages/airflow/example_dags/tutorial.py
[2022-11-21T21:15:22.060-0300] {processor.py:650} INFO - DAG(s) dict_keys(['tutorial']) retrieved from /home/juliana/Área de Trabalho/datapipeline/.env/lib/python3.8/site-packages/airflow/example_dags/tutorial.py
[2022-11-21T21:15:22.171-0300] {logging_mixin.py:115} INFO - [2022-11-21T21:15:22.170-0300] {dag.py:2429} INFO - Sync 1 DAGs
[2022-11-21T21:15:22.240-0300] {logging_mixin.py:115} INFO - [2022-11-21T21:15:22.240-0300] {dag.py:2977} INFO - Setting next_dagrun for tutorial to 2022-11-21T00:15:22.226241+00:00, run_after=2022-11-22T00:15:22.226241+00:00
[2022-11-21T21:15:22.281-0300] {processor.py:161} INFO - Processing /home/juliana/Área de Trabalho/datapipeline/.env/lib/python3.8/site-packages/airflow/example_dags/tutorial.py took 0.286 seconds
[2022-11-21T21:17:42.507-0300] {processor.py:153} INFO - Started process (PID=3585) to work on /home/juliana/Área de Trabalho/datapipeline/.env/lib/python3.8/site-packages/airflow/example_dags/tutorial.py
[2022-11-21T21:17:42.514-0300] {processor.py:640} INFO - Processing file /home/juliana/Área de Trabalho/datapipeline/.env/lib/python3.8/site-packages/airflow/example_dags/tutorial.py for tasks to queue
[2022-11-21T21:17:42.515-0300] {logging_mixin.py:115} INFO - [2022-11-21T21:17:42.515-0300] {dagbag.py:508} INFO - Filling up the DagBag from /home/juliana/Área de Trabalho/datapipeline/.env/lib/python3.8/site-packages/airflow/example_dags/tutorial.py
[2022-11-21T21:17:42.661-0300] {processor.py:650} INFO - DAG(s) dict_keys(['tutorial']) retrieved from /home/juliana/Área de Trabalho/datapipeline/.env/lib/python3.8/site-packages/airflow/example_dags/tutorial.py
[2022-11-21T21:17:42.956-0300] {logging_mixin.py:115} INFO - [2022-11-21T21:17:42.944-0300] {dag.py:2429} INFO - Sync 1 DAGs
[2022-11-21T21:17:43.699-0300] {logging_mixin.py:115} INFO - [2022-11-21T21:17:43.607-0300] {dag.py:2977} INFO - Setting next_dagrun for tutorial to 2022-11-21T00:17:43.548911+00:00, run_after=2022-11-22T00:17:43.548911+00:00
[2022-11-21T21:17:49.116-0300] {processor.py:161} INFO - Processing /home/juliana/Área de Trabalho/datapipeline/.env/lib/python3.8/site-packages/airflow/example_dags/tutorial.py took 6.585 seconds
[2022-11-21T21:38:22.604-0300] {processor.py:153} INFO - Started process (PID=7756) to work on /home/juliana/Área de Trabalho/datapipeline/.env/lib/python3.8/site-packages/airflow/example_dags/tutorial.py
[2022-11-21T21:38:22.607-0300] {processor.py:640} INFO - Processing file /home/juliana/Área de Trabalho/datapipeline/.env/lib/python3.8/site-packages/airflow/example_dags/tutorial.py for tasks to queue
[2022-11-21T21:38:22.607-0300] {logging_mixin.py:115} INFO - [2022-11-21T21:38:22.607-0300] {dagbag.py:508} INFO - Filling up the DagBag from /home/juliana/Área de Trabalho/datapipeline/.env/lib/python3.8/site-packages/airflow/example_dags/tutorial.py
[2022-11-21T21:38:22.614-0300] {processor.py:650} INFO - DAG(s) dict_keys(['tutorial']) retrieved from /home/juliana/Área de Trabalho/datapipeline/.env/lib/python3.8/site-packages/airflow/example_dags/tutorial.py
[2022-11-21T21:38:22.630-0300] {logging_mixin.py:115} INFO - [2022-11-21T21:38:22.630-0300] {dag.py:2429} INFO - Sync 1 DAGs
[2022-11-21T21:38:22.649-0300] {logging_mixin.py:115} INFO - [2022-11-21T21:38:22.649-0300] {dag.py:2977} INFO - Setting next_dagrun for tutorial to 2022-11-21T00:38:22.649617+00:00, run_after=2022-11-22T00:38:22.649617+00:00
[2022-11-21T21:38:22.665-0300] {processor.py:161} INFO - Processing /home/juliana/Área de Trabalho/datapipeline/.env/lib/python3.8/site-packages/airflow/example_dags/tutorial.py took 0.065 seconds
[2022-11-21T21:39:00.600-0300] {processor.py:153} INFO - Started process (PID=8072) to work on /home/juliana/Área de Trabalho/datapipeline/.env/lib/python3.8/site-packages/airflow/example_dags/tutorial.py
[2022-11-21T21:39:00.607-0300] {processor.py:640} INFO - Processing file /home/juliana/Área de Trabalho/datapipeline/.env/lib/python3.8/site-packages/airflow/example_dags/tutorial.py for tasks to queue
[2022-11-21T21:39:00.608-0300] {logging_mixin.py:115} INFO - [2022-11-21T21:39:00.607-0300] {dagbag.py:508} INFO - Filling up the DagBag from /home/juliana/Área de Trabalho/datapipeline/.env/lib/python3.8/site-packages/airflow/example_dags/tutorial.py
[2022-11-21T21:39:00.618-0300] {processor.py:650} INFO - DAG(s) dict_keys(['tutorial']) retrieved from /home/juliana/Área de Trabalho/datapipeline/.env/lib/python3.8/site-packages/airflow/example_dags/tutorial.py
[2022-11-21T21:39:00.644-0300] {logging_mixin.py:115} INFO - [2022-11-21T21:39:00.644-0300] {dag.py:2429} INFO - Sync 1 DAGs
[2022-11-21T21:39:00.684-0300] {logging_mixin.py:115} INFO - [2022-11-21T21:39:00.684-0300] {dag.py:2977} INFO - Setting next_dagrun for tutorial to 2022-11-21T00:39:00.684201+00:00, run_after=2022-11-22T00:39:00.684201+00:00
[2022-11-21T21:39:00.718-0300] {processor.py:161} INFO - Processing /home/juliana/Área de Trabalho/datapipeline/.env/lib/python3.8/site-packages/airflow/example_dags/tutorial.py took 0.121 seconds
[2022-11-21T21:39:38.355-0300] {processor.py:153} INFO - Started process (PID=8131) to work on /home/juliana/Área de Trabalho/datapipeline/.env/lib/python3.8/site-packages/airflow/example_dags/tutorial.py
[2022-11-21T21:39:38.362-0300] {processor.py:640} INFO - Processing file /home/juliana/Área de Trabalho/datapipeline/.env/lib/python3.8/site-packages/airflow/example_dags/tutorial.py for tasks to queue
[2022-11-21T21:39:38.363-0300] {logging_mixin.py:115} INFO - [2022-11-21T21:39:38.363-0300] {dagbag.py:508} INFO - Filling up the DagBag from /home/juliana/Área de Trabalho/datapipeline/.env/lib/python3.8/site-packages/airflow/example_dags/tutorial.py
[2022-11-21T21:39:38.374-0300] {processor.py:650} INFO - DAG(s) dict_keys(['tutorial']) retrieved from /home/juliana/Área de Trabalho/datapipeline/.env/lib/python3.8/site-packages/airflow/example_dags/tutorial.py
[2022-11-21T21:39:38.395-0300] {logging_mixin.py:115} INFO - [2022-11-21T21:39:38.395-0300] {dag.py:2429} INFO - Sync 1 DAGs
[2022-11-21T21:39:38.413-0300] {logging_mixin.py:115} INFO - [2022-11-21T21:39:38.413-0300] {dag.py:2977} INFO - Setting next_dagrun for tutorial to 2022-11-21T00:39:38.413490+00:00, run_after=2022-11-22T00:39:38.413490+00:00
[2022-11-21T21:39:38.434-0300] {processor.py:161} INFO - Processing /home/juliana/Área de Trabalho/datapipeline/.env/lib/python3.8/site-packages/airflow/example_dags/tutorial.py took 0.084 seconds
[2022-11-21T21:40:13.286-0300] {processor.py:153} INFO - Started process (PID=8359) to work on /home/juliana/Área de Trabalho/datapipeline/.env/lib/python3.8/site-packages/airflow/example_dags/tutorial.py
[2022-11-21T21:40:13.292-0300] {processor.py:640} INFO - Processing file /home/juliana/Área de Trabalho/datapipeline/.env/lib/python3.8/site-packages/airflow/example_dags/tutorial.py for tasks to queue
[2022-11-21T21:40:13.293-0300] {logging_mixin.py:115} INFO - [2022-11-21T21:40:13.292-0300] {dagbag.py:508} INFO - Filling up the DagBag from /home/juliana/Área de Trabalho/datapipeline/.env/lib/python3.8/site-packages/airflow/example_dags/tutorial.py
[2022-11-21T21:40:13.303-0300] {processor.py:650} INFO - DAG(s) dict_keys(['tutorial']) retrieved from /home/juliana/Área de Trabalho/datapipeline/.env/lib/python3.8/site-packages/airflow/example_dags/tutorial.py
[2022-11-21T21:40:13.341-0300] {logging_mixin.py:115} INFO - [2022-11-21T21:40:13.341-0300] {dag.py:2429} INFO - Sync 1 DAGs
[2022-11-21T21:40:13.390-0300] {logging_mixin.py:115} INFO - [2022-11-21T21:40:13.390-0300] {dag.py:2977} INFO - Setting next_dagrun for tutorial to 2022-11-21T00:40:13.390105+00:00, run_after=2022-11-22T00:40:13.390105+00:00
[2022-11-21T21:40:13.415-0300] {processor.py:161} INFO - Processing /home/juliana/Área de Trabalho/datapipeline/.env/lib/python3.8/site-packages/airflow/example_dags/tutorial.py took 0.131 seconds
[2022-11-21T21:40:50.996-0300] {processor.py:153} INFO - Started process (PID=8620) to work on /home/juliana/Área de Trabalho/datapipeline/.env/lib/python3.8/site-packages/airflow/example_dags/tutorial.py
[2022-11-21T21:40:50.997-0300] {processor.py:640} INFO - Processing file /home/juliana/Área de Trabalho/datapipeline/.env/lib/python3.8/site-packages/airflow/example_dags/tutorial.py for tasks to queue
[2022-11-21T21:40:50.998-0300] {logging_mixin.py:115} INFO - [2022-11-21T21:40:50.998-0300] {dagbag.py:508} INFO - Filling up the DagBag from /home/juliana/Área de Trabalho/datapipeline/.env/lib/python3.8/site-packages/airflow/example_dags/tutorial.py
[2022-11-21T21:40:51.006-0300] {processor.py:650} INFO - DAG(s) dict_keys(['tutorial']) retrieved from /home/juliana/Área de Trabalho/datapipeline/.env/lib/python3.8/site-packages/airflow/example_dags/tutorial.py
[2022-11-21T21:40:51.023-0300] {logging_mixin.py:115} INFO - [2022-11-21T21:40:51.022-0300] {dag.py:2429} INFO - Sync 1 DAGs
[2022-11-21T21:40:51.044-0300] {logging_mixin.py:115} INFO - [2022-11-21T21:40:51.044-0300] {dag.py:2977} INFO - Setting next_dagrun for tutorial to 2022-11-21T00:40:51.043642+00:00, run_after=2022-11-22T00:40:51.043642+00:00
[2022-11-21T21:40:51.060-0300] {processor.py:161} INFO - Processing /home/juliana/Área de Trabalho/datapipeline/.env/lib/python3.8/site-packages/airflow/example_dags/tutorial.py took 0.068 seconds
[2022-11-21T21:41:25.763-0300] {processor.py:153} INFO - Started process (PID=8830) to work on /home/juliana/Área de Trabalho/datapipeline/.env/lib/python3.8/site-packages/airflow/example_dags/tutorial.py
[2022-11-21T21:41:25.764-0300] {processor.py:640} INFO - Processing file /home/juliana/Área de Trabalho/datapipeline/.env/lib/python3.8/site-packages/airflow/example_dags/tutorial.py for tasks to queue
[2022-11-21T21:41:25.765-0300] {logging_mixin.py:115} INFO - [2022-11-21T21:41:25.765-0300] {dagbag.py:508} INFO - Filling up the DagBag from /home/juliana/Área de Trabalho/datapipeline/.env/lib/python3.8/site-packages/airflow/example_dags/tutorial.py
[2022-11-21T21:41:25.772-0300] {processor.py:650} INFO - DAG(s) dict_keys(['tutorial']) retrieved from /home/juliana/Área de Trabalho/datapipeline/.env/lib/python3.8/site-packages/airflow/example_dags/tutorial.py
[2022-11-21T21:41:25.789-0300] {logging_mixin.py:115} INFO - [2022-11-21T21:41:25.789-0300] {dag.py:2429} INFO - Sync 1 DAGs
[2022-11-21T21:41:25.805-0300] {logging_mixin.py:115} INFO - [2022-11-21T21:41:25.805-0300] {dag.py:2977} INFO - Setting next_dagrun for tutorial to 2022-11-21T00:41:25.805408+00:00, run_after=2022-11-22T00:41:25.805408+00:00
[2022-11-21T21:41:25.826-0300] {processor.py:161} INFO - Processing /home/juliana/Área de Trabalho/datapipeline/.env/lib/python3.8/site-packages/airflow/example_dags/tutorial.py took 0.068 seconds
[2022-11-21T21:41:58.585-0300] {processor.py:153} INFO - Started process (PID=9021) to work on /home/juliana/Área de Trabalho/datapipeline/.env/lib/python3.8/site-packages/airflow/example_dags/tutorial.py
[2022-11-21T21:41:58.586-0300] {processor.py:640} INFO - Processing file /home/juliana/Área de Trabalho/datapipeline/.env/lib/python3.8/site-packages/airflow/example_dags/tutorial.py for tasks to queue
[2022-11-21T21:41:58.587-0300] {logging_mixin.py:115} INFO - [2022-11-21T21:41:58.587-0300] {dagbag.py:508} INFO - Filling up the DagBag from /home/juliana/Área de Trabalho/datapipeline/.env/lib/python3.8/site-packages/airflow/example_dags/tutorial.py
[2022-11-21T21:41:58.592-0300] {processor.py:650} INFO - DAG(s) dict_keys(['tutorial']) retrieved from /home/juliana/Área de Trabalho/datapipeline/.env/lib/python3.8/site-packages/airflow/example_dags/tutorial.py
[2022-11-21T21:41:58.607-0300] {logging_mixin.py:115} INFO - [2022-11-21T21:41:58.607-0300] {dag.py:2429} INFO - Sync 1 DAGs
[2022-11-21T21:41:58.633-0300] {logging_mixin.py:115} INFO - [2022-11-21T21:41:58.633-0300] {dag.py:2977} INFO - Setting next_dagrun for tutorial to 2022-11-21T00:41:58.633279+00:00, run_after=2022-11-22T00:41:58.633279+00:00
[2022-11-21T21:41:58.654-0300] {processor.py:161} INFO - Processing /home/juliana/Área de Trabalho/datapipeline/.env/lib/python3.8/site-packages/airflow/example_dags/tutorial.py took 0.072 seconds
[2022-11-21T21:42:33.460-0300] {processor.py:153} INFO - Started process (PID=9231) to work on /home/juliana/Área de Trabalho/datapipeline/.env/lib/python3.8/site-packages/airflow/example_dags/tutorial.py
[2022-11-21T21:42:33.462-0300] {processor.py:640} INFO - Processing file /home/juliana/Área de Trabalho/datapipeline/.env/lib/python3.8/site-packages/airflow/example_dags/tutorial.py for tasks to queue
[2022-11-21T21:42:33.462-0300] {logging_mixin.py:115} INFO - [2022-11-21T21:42:33.462-0300] {dagbag.py:508} INFO - Filling up the DagBag from /home/juliana/Área de Trabalho/datapipeline/.env/lib/python3.8/site-packages/airflow/example_dags/tutorial.py
[2022-11-21T21:42:33.469-0300] {processor.py:650} INFO - DAG(s) dict_keys(['tutorial']) retrieved from /home/juliana/Área de Trabalho/datapipeline/.env/lib/python3.8/site-packages/airflow/example_dags/tutorial.py
[2022-11-21T21:42:33.487-0300] {logging_mixin.py:115} INFO - [2022-11-21T21:42:33.487-0300] {dag.py:2429} INFO - Sync 1 DAGs
[2022-11-21T21:42:33.509-0300] {logging_mixin.py:115} INFO - [2022-11-21T21:42:33.508-0300] {dag.py:2977} INFO - Setting next_dagrun for tutorial to 2022-11-21T00:42:33.507792+00:00, run_after=2022-11-22T00:42:33.507792+00:00
[2022-11-21T21:42:33.527-0300] {processor.py:161} INFO - Processing /home/juliana/Área de Trabalho/datapipeline/.env/lib/python3.8/site-packages/airflow/example_dags/tutorial.py took 0.071 seconds
[2022-11-21T21:43:06.815-0300] {processor.py:153} INFO - Started process (PID=9439) to work on /home/juliana/Área de Trabalho/datapipeline/.env/lib/python3.8/site-packages/airflow/example_dags/tutorial.py
[2022-11-21T21:43:06.817-0300] {processor.py:640} INFO - Processing file /home/juliana/Área de Trabalho/datapipeline/.env/lib/python3.8/site-packages/airflow/example_dags/tutorial.py for tasks to queue
[2022-11-21T21:43:06.819-0300] {logging_mixin.py:115} INFO - [2022-11-21T21:43:06.818-0300] {dagbag.py:508} INFO - Filling up the DagBag from /home/juliana/Área de Trabalho/datapipeline/.env/lib/python3.8/site-packages/airflow/example_dags/tutorial.py
[2022-11-21T21:43:06.830-0300] {processor.py:650} INFO - DAG(s) dict_keys(['tutorial']) retrieved from /home/juliana/Área de Trabalho/datapipeline/.env/lib/python3.8/site-packages/airflow/example_dags/tutorial.py
[2022-11-21T21:43:06.848-0300] {logging_mixin.py:115} INFO - [2022-11-21T21:43:06.848-0300] {dag.py:2429} INFO - Sync 1 DAGs
[2022-11-21T21:43:06.866-0300] {logging_mixin.py:115} INFO - [2022-11-21T21:43:06.865-0300] {dag.py:2977} INFO - Setting next_dagrun for tutorial to 2022-11-21T00:43:06.865605+00:00, run_after=2022-11-22T00:43:06.865605+00:00
[2022-11-21T21:43:06.893-0300] {processor.py:161} INFO - Processing /home/juliana/Área de Trabalho/datapipeline/.env/lib/python3.8/site-packages/airflow/example_dags/tutorial.py took 0.084 seconds
[2022-11-21T21:43:38.983-0300] {processor.py:153} INFO - Started process (PID=9622) to work on /home/juliana/Área de Trabalho/datapipeline/.env/lib/python3.8/site-packages/airflow/example_dags/tutorial.py
[2022-11-21T21:43:38.985-0300] {processor.py:640} INFO - Processing file /home/juliana/Área de Trabalho/datapipeline/.env/lib/python3.8/site-packages/airflow/example_dags/tutorial.py for tasks to queue
[2022-11-21T21:43:38.986-0300] {logging_mixin.py:115} INFO - [2022-11-21T21:43:38.986-0300] {dagbag.py:508} INFO - Filling up the DagBag from /home/juliana/Área de Trabalho/datapipeline/.env/lib/python3.8/site-packages/airflow/example_dags/tutorial.py
[2022-11-21T21:43:38.994-0300] {processor.py:650} INFO - DAG(s) dict_keys(['tutorial']) retrieved from /home/juliana/Área de Trabalho/datapipeline/.env/lib/python3.8/site-packages/airflow/example_dags/tutorial.py
[2022-11-21T21:43:39.017-0300] {logging_mixin.py:115} INFO - [2022-11-21T21:43:39.017-0300] {dag.py:2429} INFO - Sync 1 DAGs
[2022-11-21T21:43:39.033-0300] {logging_mixin.py:115} INFO - [2022-11-21T21:43:39.033-0300] {dag.py:2977} INFO - Setting next_dagrun for tutorial to 2022-11-21T00:43:39.033498+00:00, run_after=2022-11-22T00:43:39.033498+00:00
[2022-11-21T21:43:39.054-0300] {processor.py:161} INFO - Processing /home/juliana/Área de Trabalho/datapipeline/.env/lib/python3.8/site-packages/airflow/example_dags/tutorial.py took 0.079 seconds
[2022-11-21T21:44:12.168-0300] {processor.py:153} INFO - Started process (PID=9689) to work on /home/juliana/Área de Trabalho/datapipeline/.env/lib/python3.8/site-packages/airflow/example_dags/tutorial.py
[2022-11-21T21:44:12.172-0300] {processor.py:640} INFO - Processing file /home/juliana/Área de Trabalho/datapipeline/.env/lib/python3.8/site-packages/airflow/example_dags/tutorial.py for tasks to queue
[2022-11-21T21:44:12.174-0300] {logging_mixin.py:115} INFO - [2022-11-21T21:44:12.173-0300] {dagbag.py:508} INFO - Filling up the DagBag from /home/juliana/Área de Trabalho/datapipeline/.env/lib/python3.8/site-packages/airflow/example_dags/tutorial.py
[2022-11-21T21:44:12.179-0300] {processor.py:650} INFO - DAG(s) dict_keys(['tutorial']) retrieved from /home/juliana/Área de Trabalho/datapipeline/.env/lib/python3.8/site-packages/airflow/example_dags/tutorial.py
[2022-11-21T21:44:12.195-0300] {logging_mixin.py:115} INFO - [2022-11-21T21:44:12.195-0300] {dag.py:2429} INFO - Sync 1 DAGs
[2022-11-21T21:44:12.213-0300] {logging_mixin.py:115} INFO - [2022-11-21T21:44:12.213-0300] {dag.py:2977} INFO - Setting next_dagrun for tutorial to 2022-11-21T00:44:12.212786+00:00, run_after=2022-11-22T00:44:12.212786+00:00
[2022-11-21T21:44:12.234-0300] {processor.py:161} INFO - Processing /home/juliana/Área de Trabalho/datapipeline/.env/lib/python3.8/site-packages/airflow/example_dags/tutorial.py took 0.069 seconds
[2022-11-21T21:44:47.818-0300] {processor.py:153} INFO - Started process (PID=9734) to work on /home/juliana/Área de Trabalho/datapipeline/.env/lib/python3.8/site-packages/airflow/example_dags/tutorial.py
[2022-11-21T21:44:47.824-0300] {processor.py:640} INFO - Processing file /home/juliana/Área de Trabalho/datapipeline/.env/lib/python3.8/site-packages/airflow/example_dags/tutorial.py for tasks to queue
[2022-11-21T21:44:47.825-0300] {logging_mixin.py:115} INFO - [2022-11-21T21:44:47.825-0300] {dagbag.py:508} INFO - Filling up the DagBag from /home/juliana/Área de Trabalho/datapipeline/.env/lib/python3.8/site-packages/airflow/example_dags/tutorial.py
[2022-11-21T21:44:47.833-0300] {processor.py:650} INFO - DAG(s) dict_keys(['tutorial']) retrieved from /home/juliana/Área de Trabalho/datapipeline/.env/lib/python3.8/site-packages/airflow/example_dags/tutorial.py
[2022-11-21T21:44:47.850-0300] {logging_mixin.py:115} INFO - [2022-11-21T21:44:47.850-0300] {dag.py:2429} INFO - Sync 1 DAGs
[2022-11-21T21:44:47.868-0300] {logging_mixin.py:115} INFO - [2022-11-21T21:44:47.867-0300] {dag.py:2977} INFO - Setting next_dagrun for tutorial to 2022-11-21T00:44:47.867683+00:00, run_after=2022-11-22T00:44:47.867683+00:00
[2022-11-21T21:44:47.933-0300] {processor.py:161} INFO - Processing /home/juliana/Área de Trabalho/datapipeline/.env/lib/python3.8/site-packages/airflow/example_dags/tutorial.py took 0.121 seconds
[2022-11-21T21:45:25.209-0300] {processor.py:153} INFO - Started process (PID=9777) to work on /home/juliana/Área de Trabalho/datapipeline/.env/lib/python3.8/site-packages/airflow/example_dags/tutorial.py
[2022-11-21T21:45:25.211-0300] {processor.py:640} INFO - Processing file /home/juliana/Área de Trabalho/datapipeline/.env/lib/python3.8/site-packages/airflow/example_dags/tutorial.py for tasks to queue
[2022-11-21T21:45:25.212-0300] {logging_mixin.py:115} INFO - [2022-11-21T21:45:25.211-0300] {dagbag.py:508} INFO - Filling up the DagBag from /home/juliana/Área de Trabalho/datapipeline/.env/lib/python3.8/site-packages/airflow/example_dags/tutorial.py
[2022-11-21T21:45:25.218-0300] {processor.py:650} INFO - DAG(s) dict_keys(['tutorial']) retrieved from /home/juliana/Área de Trabalho/datapipeline/.env/lib/python3.8/site-packages/airflow/example_dags/tutorial.py
[2022-11-21T21:45:25.234-0300] {logging_mixin.py:115} INFO - [2022-11-21T21:45:25.234-0300] {dag.py:2429} INFO - Sync 1 DAGs
[2022-11-21T21:45:25.251-0300] {logging_mixin.py:115} INFO - [2022-11-21T21:45:25.251-0300] {dag.py:2977} INFO - Setting next_dagrun for tutorial to 2022-11-21T00:45:25.251155+00:00, run_after=2022-11-22T00:45:25.251155+00:00
[2022-11-21T21:45:25.268-0300] {processor.py:161} INFO - Processing /home/juliana/Área de Trabalho/datapipeline/.env/lib/python3.8/site-packages/airflow/example_dags/tutorial.py took 0.063 seconds
[2022-11-21T21:45:59.970-0300] {processor.py:153} INFO - Started process (PID=9900) to work on /home/juliana/Área de Trabalho/datapipeline/.env/lib/python3.8/site-packages/airflow/example_dags/tutorial.py
[2022-11-21T21:45:59.971-0300] {processor.py:640} INFO - Processing file /home/juliana/Área de Trabalho/datapipeline/.env/lib/python3.8/site-packages/airflow/example_dags/tutorial.py for tasks to queue
[2022-11-21T21:45:59.971-0300] {logging_mixin.py:115} INFO - [2022-11-21T21:45:59.971-0300] {dagbag.py:508} INFO - Filling up the DagBag from /home/juliana/Área de Trabalho/datapipeline/.env/lib/python3.8/site-packages/airflow/example_dags/tutorial.py
[2022-11-21T21:45:59.977-0300] {processor.py:650} INFO - DAG(s) dict_keys(['tutorial']) retrieved from /home/juliana/Área de Trabalho/datapipeline/.env/lib/python3.8/site-packages/airflow/example_dags/tutorial.py
[2022-11-21T21:45:59.992-0300] {logging_mixin.py:115} INFO - [2022-11-21T21:45:59.991-0300] {dag.py:2429} INFO - Sync 1 DAGs
[2022-11-21T21:46:00.017-0300] {logging_mixin.py:115} INFO - [2022-11-21T21:46:00.017-0300] {dag.py:2977} INFO - Setting next_dagrun for tutorial to 2022-11-21T00:46:00.016868+00:00, run_after=2022-11-22T00:46:00.016868+00:00
[2022-11-21T21:46:00.094-0300] {processor.py:161} INFO - Processing /home/juliana/Área de Trabalho/datapipeline/.env/lib/python3.8/site-packages/airflow/example_dags/tutorial.py took 0.129 seconds
[2022-11-21T21:46:33.958-0300] {processor.py:153} INFO - Started process (PID=10089) to work on /home/juliana/Área de Trabalho/datapipeline/.env/lib/python3.8/site-packages/airflow/example_dags/tutorial.py
[2022-11-21T21:46:33.959-0300] {processor.py:640} INFO - Processing file /home/juliana/Área de Trabalho/datapipeline/.env/lib/python3.8/site-packages/airflow/example_dags/tutorial.py for tasks to queue
[2022-11-21T21:46:33.960-0300] {logging_mixin.py:115} INFO - [2022-11-21T21:46:33.960-0300] {dagbag.py:508} INFO - Filling up the DagBag from /home/juliana/Área de Trabalho/datapipeline/.env/lib/python3.8/site-packages/airflow/example_dags/tutorial.py
[2022-11-21T21:46:33.967-0300] {processor.py:650} INFO - DAG(s) dict_keys(['tutorial']) retrieved from /home/juliana/Área de Trabalho/datapipeline/.env/lib/python3.8/site-packages/airflow/example_dags/tutorial.py
[2022-11-21T21:46:33.983-0300] {logging_mixin.py:115} INFO - [2022-11-21T21:46:33.983-0300] {dag.py:2429} INFO - Sync 1 DAGs
[2022-11-21T21:46:34.000-0300] {logging_mixin.py:115} INFO - [2022-11-21T21:46:34.000-0300] {dag.py:2977} INFO - Setting next_dagrun for tutorial to 2022-11-21T00:46:34.000107+00:00, run_after=2022-11-22T00:46:34.000107+00:00
[2022-11-21T21:46:34.016-0300] {processor.py:161} INFO - Processing /home/juliana/Área de Trabalho/datapipeline/.env/lib/python3.8/site-packages/airflow/example_dags/tutorial.py took 0.064 seconds
[2022-11-21T21:47:08.204-0300] {processor.py:153} INFO - Started process (PID=10302) to work on /home/juliana/Área de Trabalho/datapipeline/.env/lib/python3.8/site-packages/airflow/example_dags/tutorial.py
[2022-11-21T21:47:08.206-0300] {processor.py:640} INFO - Processing file /home/juliana/Área de Trabalho/datapipeline/.env/lib/python3.8/site-packages/airflow/example_dags/tutorial.py for tasks to queue
[2022-11-21T21:47:08.206-0300] {logging_mixin.py:115} INFO - [2022-11-21T21:47:08.206-0300] {dagbag.py:508} INFO - Filling up the DagBag from /home/juliana/Área de Trabalho/datapipeline/.env/lib/python3.8/site-packages/airflow/example_dags/tutorial.py
[2022-11-21T21:47:08.213-0300] {processor.py:650} INFO - DAG(s) dict_keys(['tutorial']) retrieved from /home/juliana/Área de Trabalho/datapipeline/.env/lib/python3.8/site-packages/airflow/example_dags/tutorial.py
[2022-11-21T21:47:08.230-0300] {logging_mixin.py:115} INFO - [2022-11-21T21:47:08.230-0300] {dag.py:2429} INFO - Sync 1 DAGs
[2022-11-21T21:47:08.253-0300] {logging_mixin.py:115} INFO - [2022-11-21T21:47:08.251-0300] {dag.py:2977} INFO - Setting next_dagrun for tutorial to 2022-11-21T00:47:08.250799+00:00, run_after=2022-11-22T00:47:08.250799+00:00
[2022-11-21T21:47:08.273-0300] {processor.py:161} INFO - Processing /home/juliana/Área de Trabalho/datapipeline/.env/lib/python3.8/site-packages/airflow/example_dags/tutorial.py took 0.075 seconds
[2022-11-21T21:47:44.676-0300] {processor.py:153} INFO - Started process (PID=10512) to work on /home/juliana/Área de Trabalho/datapipeline/.env/lib/python3.8/site-packages/airflow/example_dags/tutorial.py
[2022-11-21T21:47:44.678-0300] {processor.py:640} INFO - Processing file /home/juliana/Área de Trabalho/datapipeline/.env/lib/python3.8/site-packages/airflow/example_dags/tutorial.py for tasks to queue
[2022-11-21T21:47:44.679-0300] {logging_mixin.py:115} INFO - [2022-11-21T21:47:44.678-0300] {dagbag.py:508} INFO - Filling up the DagBag from /home/juliana/Área de Trabalho/datapipeline/.env/lib/python3.8/site-packages/airflow/example_dags/tutorial.py
[2022-11-21T21:47:44.686-0300] {processor.py:650} INFO - DAG(s) dict_keys(['tutorial']) retrieved from /home/juliana/Área de Trabalho/datapipeline/.env/lib/python3.8/site-packages/airflow/example_dags/tutorial.py
[2022-11-21T21:47:44.712-0300] {logging_mixin.py:115} INFO - [2022-11-21T21:47:44.712-0300] {dag.py:2429} INFO - Sync 1 DAGs
[2022-11-21T21:47:44.734-0300] {logging_mixin.py:115} INFO - [2022-11-21T21:47:44.734-0300] {dag.py:2977} INFO - Setting next_dagrun for tutorial to 2022-11-21T00:47:44.734528+00:00, run_after=2022-11-22T00:47:44.734528+00:00
[2022-11-21T21:47:44.823-0300] {processor.py:161} INFO - Processing /home/juliana/Área de Trabalho/datapipeline/.env/lib/python3.8/site-packages/airflow/example_dags/tutorial.py took 0.151 seconds
[2022-11-21T21:48:19.778-0300] {processor.py:153} INFO - Started process (PID=10602) to work on /home/juliana/Área de Trabalho/datapipeline/.env/lib/python3.8/site-packages/airflow/example_dags/tutorial.py
[2022-11-21T21:48:19.780-0300] {processor.py:640} INFO - Processing file /home/juliana/Área de Trabalho/datapipeline/.env/lib/python3.8/site-packages/airflow/example_dags/tutorial.py for tasks to queue
[2022-11-21T21:48:19.780-0300] {logging_mixin.py:115} INFO - [2022-11-21T21:48:19.780-0300] {dagbag.py:508} INFO - Filling up the DagBag from /home/juliana/Área de Trabalho/datapipeline/.env/lib/python3.8/site-packages/airflow/example_dags/tutorial.py
[2022-11-21T21:48:19.788-0300] {processor.py:650} INFO - DAG(s) dict_keys(['tutorial']) retrieved from /home/juliana/Área de Trabalho/datapipeline/.env/lib/python3.8/site-packages/airflow/example_dags/tutorial.py
[2022-11-21T21:48:19.806-0300] {logging_mixin.py:115} INFO - [2022-11-21T21:48:19.806-0300] {dag.py:2429} INFO - Sync 1 DAGs
[2022-11-21T21:48:19.820-0300] {logging_mixin.py:115} INFO - [2022-11-21T21:48:19.820-0300] {dag.py:2977} INFO - Setting next_dagrun for tutorial to 2022-11-21T00:48:19.820111+00:00, run_after=2022-11-22T00:48:19.820111+00:00
[2022-11-21T21:48:19.893-0300] {processor.py:161} INFO - Processing /home/juliana/Área de Trabalho/datapipeline/.env/lib/python3.8/site-packages/airflow/example_dags/tutorial.py took 0.120 seconds
[2022-11-21T21:48:53.418-0300] {processor.py:153} INFO - Started process (PID=10740) to work on /home/juliana/Área de Trabalho/datapipeline/.env/lib/python3.8/site-packages/airflow/example_dags/tutorial.py
[2022-11-21T21:48:53.420-0300] {processor.py:640} INFO - Processing file /home/juliana/Área de Trabalho/datapipeline/.env/lib/python3.8/site-packages/airflow/example_dags/tutorial.py for tasks to queue
[2022-11-21T21:48:53.420-0300] {logging_mixin.py:115} INFO - [2022-11-21T21:48:53.420-0300] {dagbag.py:508} INFO - Filling up the DagBag from /home/juliana/Área de Trabalho/datapipeline/.env/lib/python3.8/site-packages/airflow/example_dags/tutorial.py
[2022-11-21T21:48:53.428-0300] {processor.py:650} INFO - DAG(s) dict_keys(['tutorial']) retrieved from /home/juliana/Área de Trabalho/datapipeline/.env/lib/python3.8/site-packages/airflow/example_dags/tutorial.py
[2022-11-21T21:48:53.446-0300] {logging_mixin.py:115} INFO - [2022-11-21T21:48:53.446-0300] {dag.py:2429} INFO - Sync 1 DAGs
[2022-11-21T21:48:53.461-0300] {logging_mixin.py:115} INFO - [2022-11-21T21:48:53.461-0300] {dag.py:2977} INFO - Setting next_dagrun for tutorial to 2022-11-21T00:48:53.461304+00:00, run_after=2022-11-22T00:48:53.461304+00:00
[2022-11-21T21:48:53.525-0300] {processor.py:161} INFO - Processing /home/juliana/Área de Trabalho/datapipeline/.env/lib/python3.8/site-packages/airflow/example_dags/tutorial.py took 0.112 seconds
[2022-11-21T21:49:30.785-0300] {processor.py:153} INFO - Started process (PID=10779) to work on /home/juliana/Área de Trabalho/datapipeline/.env/lib/python3.8/site-packages/airflow/example_dags/tutorial.py
[2022-11-21T21:49:30.787-0300] {processor.py:640} INFO - Processing file /home/juliana/Área de Trabalho/datapipeline/.env/lib/python3.8/site-packages/airflow/example_dags/tutorial.py for tasks to queue
[2022-11-21T21:49:30.788-0300] {logging_mixin.py:115} INFO - [2022-11-21T21:49:30.787-0300] {dagbag.py:508} INFO - Filling up the DagBag from /home/juliana/Área de Trabalho/datapipeline/.env/lib/python3.8/site-packages/airflow/example_dags/tutorial.py
[2022-11-21T21:49:30.795-0300] {processor.py:650} INFO - DAG(s) dict_keys(['tutorial']) retrieved from /home/juliana/Área de Trabalho/datapipeline/.env/lib/python3.8/site-packages/airflow/example_dags/tutorial.py
[2022-11-21T21:49:30.814-0300] {logging_mixin.py:115} INFO - [2022-11-21T21:49:30.813-0300] {dag.py:2429} INFO - Sync 1 DAGs
[2022-11-21T21:49:30.828-0300] {logging_mixin.py:115} INFO - [2022-11-21T21:49:30.828-0300] {dag.py:2977} INFO - Setting next_dagrun for tutorial to 2022-11-21T00:49:30.828609+00:00, run_after=2022-11-22T00:49:30.828609+00:00
[2022-11-21T21:49:30.844-0300] {processor.py:161} INFO - Processing /home/juliana/Área de Trabalho/datapipeline/.env/lib/python3.8/site-packages/airflow/example_dags/tutorial.py took 0.064 seconds
[2022-11-21T21:50:07.102-0300] {processor.py:153} INFO - Started process (PID=10816) to work on /home/juliana/Área de Trabalho/datapipeline/.env/lib/python3.8/site-packages/airflow/example_dags/tutorial.py
[2022-11-21T21:50:07.104-0300] {processor.py:640} INFO - Processing file /home/juliana/Área de Trabalho/datapipeline/.env/lib/python3.8/site-packages/airflow/example_dags/tutorial.py for tasks to queue
[2022-11-21T21:50:07.105-0300] {logging_mixin.py:115} INFO - [2022-11-21T21:50:07.105-0300] {dagbag.py:508} INFO - Filling up the DagBag from /home/juliana/Área de Trabalho/datapipeline/.env/lib/python3.8/site-packages/airflow/example_dags/tutorial.py
[2022-11-21T21:50:07.114-0300] {processor.py:650} INFO - DAG(s) dict_keys(['tutorial']) retrieved from /home/juliana/Área de Trabalho/datapipeline/.env/lib/python3.8/site-packages/airflow/example_dags/tutorial.py
[2022-11-21T21:50:07.133-0300] {logging_mixin.py:115} INFO - [2022-11-21T21:50:07.132-0300] {dag.py:2429} INFO - Sync 1 DAGs
[2022-11-21T21:50:07.147-0300] {logging_mixin.py:115} INFO - [2022-11-21T21:50:07.147-0300] {dag.py:2977} INFO - Setting next_dagrun for tutorial to 2022-11-21T00:50:07.146794+00:00, run_after=2022-11-22T00:50:07.146794+00:00
[2022-11-21T21:50:07.166-0300] {processor.py:161} INFO - Processing /home/juliana/Área de Trabalho/datapipeline/.env/lib/python3.8/site-packages/airflow/example_dags/tutorial.py took 0.073 seconds
[2022-11-21T21:50:40.795-0300] {processor.py:153} INFO - Started process (PID=10874) to work on /home/juliana/Área de Trabalho/datapipeline/.env/lib/python3.8/site-packages/airflow/example_dags/tutorial.py
[2022-11-21T21:50:40.796-0300] {processor.py:640} INFO - Processing file /home/juliana/Área de Trabalho/datapipeline/.env/lib/python3.8/site-packages/airflow/example_dags/tutorial.py for tasks to queue
[2022-11-21T21:50:40.798-0300] {logging_mixin.py:115} INFO - [2022-11-21T21:50:40.797-0300] {dagbag.py:508} INFO - Filling up the DagBag from /home/juliana/Área de Trabalho/datapipeline/.env/lib/python3.8/site-packages/airflow/example_dags/tutorial.py
[2022-11-21T21:50:40.812-0300] {processor.py:650} INFO - DAG(s) dict_keys(['tutorial']) retrieved from /home/juliana/Área de Trabalho/datapipeline/.env/lib/python3.8/site-packages/airflow/example_dags/tutorial.py
[2022-11-21T21:50:40.833-0300] {logging_mixin.py:115} INFO - [2022-11-21T21:50:40.833-0300] {dag.py:2429} INFO - Sync 1 DAGs
[2022-11-21T21:50:40.849-0300] {logging_mixin.py:115} INFO - [2022-11-21T21:50:40.849-0300] {dag.py:2977} INFO - Setting next_dagrun for tutorial to 2022-11-21T00:50:40.849306+00:00, run_after=2022-11-22T00:50:40.849306+00:00
[2022-11-21T21:50:40.865-0300] {processor.py:161} INFO - Processing /home/juliana/Área de Trabalho/datapipeline/.env/lib/python3.8/site-packages/airflow/example_dags/tutorial.py took 0.076 seconds
[2022-11-21T21:51:18.349-0300] {processor.py:153} INFO - Started process (PID=10914) to work on /home/juliana/Área de Trabalho/datapipeline/.env/lib/python3.8/site-packages/airflow/example_dags/tutorial.py
[2022-11-21T21:51:18.351-0300] {processor.py:640} INFO - Processing file /home/juliana/Área de Trabalho/datapipeline/.env/lib/python3.8/site-packages/airflow/example_dags/tutorial.py for tasks to queue
[2022-11-21T21:51:18.352-0300] {logging_mixin.py:115} INFO - [2022-11-21T21:51:18.352-0300] {dagbag.py:508} INFO - Filling up the DagBag from /home/juliana/Área de Trabalho/datapipeline/.env/lib/python3.8/site-packages/airflow/example_dags/tutorial.py
[2022-11-21T21:51:18.360-0300] {processor.py:650} INFO - DAG(s) dict_keys(['tutorial']) retrieved from /home/juliana/Área de Trabalho/datapipeline/.env/lib/python3.8/site-packages/airflow/example_dags/tutorial.py
[2022-11-21T21:51:18.379-0300] {logging_mixin.py:115} INFO - [2022-11-21T21:51:18.379-0300] {dag.py:2429} INFO - Sync 1 DAGs
[2022-11-21T21:51:18.395-0300] {logging_mixin.py:115} INFO - [2022-11-21T21:51:18.395-0300] {dag.py:2977} INFO - Setting next_dagrun for tutorial to 2022-11-21T00:51:18.395208+00:00, run_after=2022-11-22T00:51:18.395208+00:00
[2022-11-21T21:51:18.423-0300] {processor.py:161} INFO - Processing /home/juliana/Área de Trabalho/datapipeline/.env/lib/python3.8/site-packages/airflow/example_dags/tutorial.py took 0.078 seconds
[2022-11-21T21:51:55.276-0300] {processor.py:153} INFO - Started process (PID=10948) to work on /home/juliana/Área de Trabalho/datapipeline/.env/lib/python3.8/site-packages/airflow/example_dags/tutorial.py
[2022-11-21T21:51:55.278-0300] {processor.py:640} INFO - Processing file /home/juliana/Área de Trabalho/datapipeline/.env/lib/python3.8/site-packages/airflow/example_dags/tutorial.py for tasks to queue
[2022-11-21T21:51:55.279-0300] {logging_mixin.py:115} INFO - [2022-11-21T21:51:55.279-0300] {dagbag.py:508} INFO - Filling up the DagBag from /home/juliana/Área de Trabalho/datapipeline/.env/lib/python3.8/site-packages/airflow/example_dags/tutorial.py
[2022-11-21T21:51:55.288-0300] {processor.py:650} INFO - DAG(s) dict_keys(['tutorial']) retrieved from /home/juliana/Área de Trabalho/datapipeline/.env/lib/python3.8/site-packages/airflow/example_dags/tutorial.py
[2022-11-21T21:51:55.312-0300] {logging_mixin.py:115} INFO - [2022-11-21T21:51:55.312-0300] {dag.py:2429} INFO - Sync 1 DAGs
[2022-11-21T21:51:55.328-0300] {logging_mixin.py:115} INFO - [2022-11-21T21:51:55.327-0300] {dag.py:2977} INFO - Setting next_dagrun for tutorial to 2022-11-21T00:51:55.327632+00:00, run_after=2022-11-22T00:51:55.327632+00:00
[2022-11-21T21:51:55.349-0300] {processor.py:161} INFO - Processing /home/juliana/Área de Trabalho/datapipeline/.env/lib/python3.8/site-packages/airflow/example_dags/tutorial.py took 0.078 seconds
[2022-11-21T21:52:29.624-0300] {processor.py:153} INFO - Started process (PID=10983) to work on /home/juliana/Área de Trabalho/datapipeline/.env/lib/python3.8/site-packages/airflow/example_dags/tutorial.py
[2022-11-21T21:52:29.625-0300] {processor.py:640} INFO - Processing file /home/juliana/Área de Trabalho/datapipeline/.env/lib/python3.8/site-packages/airflow/example_dags/tutorial.py for tasks to queue
[2022-11-21T21:52:29.626-0300] {logging_mixin.py:115} INFO - [2022-11-21T21:52:29.626-0300] {dagbag.py:508} INFO - Filling up the DagBag from /home/juliana/Área de Trabalho/datapipeline/.env/lib/python3.8/site-packages/airflow/example_dags/tutorial.py
[2022-11-21T21:52:29.634-0300] {processor.py:650} INFO - DAG(s) dict_keys(['tutorial']) retrieved from /home/juliana/Área de Trabalho/datapipeline/.env/lib/python3.8/site-packages/airflow/example_dags/tutorial.py
[2022-11-21T21:52:29.652-0300] {logging_mixin.py:115} INFO - [2022-11-21T21:52:29.652-0300] {dag.py:2429} INFO - Sync 1 DAGs
[2022-11-21T21:52:29.667-0300] {logging_mixin.py:115} INFO - [2022-11-21T21:52:29.666-0300] {dag.py:2977} INFO - Setting next_dagrun for tutorial to 2022-11-21T00:52:29.666733+00:00, run_after=2022-11-22T00:52:29.666733+00:00
[2022-11-21T21:52:29.682-0300] {processor.py:161} INFO - Processing /home/juliana/Área de Trabalho/datapipeline/.env/lib/python3.8/site-packages/airflow/example_dags/tutorial.py took 0.063 seconds
[2022-11-21T21:53:00.245-0300] {processor.py:153} INFO - Started process (PID=11023) to work on /home/juliana/Área de Trabalho/datapipeline/.env/lib/python3.8/site-packages/airflow/example_dags/tutorial.py
[2022-11-21T21:53:00.246-0300] {processor.py:640} INFO - Processing file /home/juliana/Área de Trabalho/datapipeline/.env/lib/python3.8/site-packages/airflow/example_dags/tutorial.py for tasks to queue
[2022-11-21T21:53:00.247-0300] {logging_mixin.py:115} INFO - [2022-11-21T21:53:00.247-0300] {dagbag.py:508} INFO - Filling up the DagBag from /home/juliana/Área de Trabalho/datapipeline/.env/lib/python3.8/site-packages/airflow/example_dags/tutorial.py
[2022-11-21T21:53:00.254-0300] {processor.py:650} INFO - DAG(s) dict_keys(['tutorial']) retrieved from /home/juliana/Área de Trabalho/datapipeline/.env/lib/python3.8/site-packages/airflow/example_dags/tutorial.py
[2022-11-21T21:53:00.272-0300] {logging_mixin.py:115} INFO - [2022-11-21T21:53:00.272-0300] {dag.py:2429} INFO - Sync 1 DAGs
[2022-11-21T21:53:00.290-0300] {logging_mixin.py:115} INFO - [2022-11-21T21:53:00.290-0300] {dag.py:2977} INFO - Setting next_dagrun for tutorial to 2022-11-21T00:53:00.290513+00:00, run_after=2022-11-22T00:53:00.290513+00:00
[2022-11-21T21:53:00.313-0300] {processor.py:161} INFO - Processing /home/juliana/Área de Trabalho/datapipeline/.env/lib/python3.8/site-packages/airflow/example_dags/tutorial.py took 0.072 seconds
[2022-11-21T21:53:33.483-0300] {processor.py:153} INFO - Started process (PID=11167) to work on /home/juliana/Área de Trabalho/datapipeline/.env/lib/python3.8/site-packages/airflow/example_dags/tutorial.py
[2022-11-21T21:53:33.485-0300] {processor.py:640} INFO - Processing file /home/juliana/Área de Trabalho/datapipeline/.env/lib/python3.8/site-packages/airflow/example_dags/tutorial.py for tasks to queue
[2022-11-21T21:53:33.486-0300] {logging_mixin.py:115} INFO - [2022-11-21T21:53:33.486-0300] {dagbag.py:508} INFO - Filling up the DagBag from /home/juliana/Área de Trabalho/datapipeline/.env/lib/python3.8/site-packages/airflow/example_dags/tutorial.py
[2022-11-21T21:53:33.494-0300] {processor.py:650} INFO - DAG(s) dict_keys(['tutorial']) retrieved from /home/juliana/Área de Trabalho/datapipeline/.env/lib/python3.8/site-packages/airflow/example_dags/tutorial.py
[2022-11-21T21:53:33.513-0300] {logging_mixin.py:115} INFO - [2022-11-21T21:53:33.513-0300] {dag.py:2429} INFO - Sync 1 DAGs
[2022-11-21T21:53:33.528-0300] {logging_mixin.py:115} INFO - [2022-11-21T21:53:33.528-0300] {dag.py:2977} INFO - Setting next_dagrun for tutorial to 2022-11-21T00:53:33.528520+00:00, run_after=2022-11-22T00:53:33.528520+00:00
[2022-11-21T21:53:33.549-0300] {processor.py:161} INFO - Processing /home/juliana/Área de Trabalho/datapipeline/.env/lib/python3.8/site-packages/airflow/example_dags/tutorial.py took 0.071 seconds
[2022-11-21T21:54:09.193-0300] {processor.py:153} INFO - Started process (PID=11384) to work on /home/juliana/Área de Trabalho/datapipeline/.env/lib/python3.8/site-packages/airflow/example_dags/tutorial.py
[2022-11-21T21:54:09.194-0300] {processor.py:640} INFO - Processing file /home/juliana/Área de Trabalho/datapipeline/.env/lib/python3.8/site-packages/airflow/example_dags/tutorial.py for tasks to queue
[2022-11-21T21:54:09.195-0300] {logging_mixin.py:115} INFO - [2022-11-21T21:54:09.195-0300] {dagbag.py:508} INFO - Filling up the DagBag from /home/juliana/Área de Trabalho/datapipeline/.env/lib/python3.8/site-packages/airflow/example_dags/tutorial.py
[2022-11-21T21:54:09.203-0300] {processor.py:650} INFO - DAG(s) dict_keys(['tutorial']) retrieved from /home/juliana/Área de Trabalho/datapipeline/.env/lib/python3.8/site-packages/airflow/example_dags/tutorial.py
[2022-11-21T21:54:09.225-0300] {logging_mixin.py:115} INFO - [2022-11-21T21:54:09.225-0300] {dag.py:2429} INFO - Sync 1 DAGs
[2022-11-21T21:54:09.241-0300] {logging_mixin.py:115} INFO - [2022-11-21T21:54:09.241-0300] {dag.py:2977} INFO - Setting next_dagrun for tutorial to 2022-11-21T00:54:09.240887+00:00, run_after=2022-11-22T00:54:09.240887+00:00
[2022-11-21T21:54:09.262-0300] {processor.py:161} INFO - Processing /home/juliana/Área de Trabalho/datapipeline/.env/lib/python3.8/site-packages/airflow/example_dags/tutorial.py took 0.074 seconds
[2022-11-21T21:54:44.159-0300] {processor.py:153} INFO - Started process (PID=11543) to work on /home/juliana/Área de Trabalho/datapipeline/.env/lib/python3.8/site-packages/airflow/example_dags/tutorial.py
[2022-11-21T21:54:44.161-0300] {processor.py:640} INFO - Processing file /home/juliana/Área de Trabalho/datapipeline/.env/lib/python3.8/site-packages/airflow/example_dags/tutorial.py for tasks to queue
[2022-11-21T21:54:44.162-0300] {logging_mixin.py:115} INFO - [2022-11-21T21:54:44.161-0300] {dagbag.py:508} INFO - Filling up the DagBag from /home/juliana/Área de Trabalho/datapipeline/.env/lib/python3.8/site-packages/airflow/example_dags/tutorial.py
[2022-11-21T21:54:44.169-0300] {processor.py:650} INFO - DAG(s) dict_keys(['tutorial']) retrieved from /home/juliana/Área de Trabalho/datapipeline/.env/lib/python3.8/site-packages/airflow/example_dags/tutorial.py
[2022-11-21T21:54:44.190-0300] {logging_mixin.py:115} INFO - [2022-11-21T21:54:44.190-0300] {dag.py:2429} INFO - Sync 1 DAGs
[2022-11-21T21:54:44.213-0300] {logging_mixin.py:115} INFO - [2022-11-21T21:54:44.212-0300] {dag.py:2977} INFO - Setting next_dagrun for tutorial to 2022-11-21T00:54:44.212600+00:00, run_after=2022-11-22T00:54:44.212600+00:00
[2022-11-21T21:54:44.232-0300] {processor.py:161} INFO - Processing /home/juliana/Área de Trabalho/datapipeline/.env/lib/python3.8/site-packages/airflow/example_dags/tutorial.py took 0.078 seconds
[2022-11-21T21:55:29.977-0300] {processor.py:153} INFO - Started process (PID=11642) to work on /home/juliana/Área de Trabalho/datapipeline/.env/lib/python3.8/site-packages/airflow/example_dags/tutorial.py
[2022-11-21T21:55:29.984-0300] {processor.py:640} INFO - Processing file /home/juliana/Área de Trabalho/datapipeline/.env/lib/python3.8/site-packages/airflow/example_dags/tutorial.py for tasks to queue
[2022-11-21T21:55:29.985-0300] {logging_mixin.py:115} INFO - [2022-11-21T21:55:29.985-0300] {dagbag.py:508} INFO - Filling up the DagBag from /home/juliana/Área de Trabalho/datapipeline/.env/lib/python3.8/site-packages/airflow/example_dags/tutorial.py
[2022-11-21T21:55:29.993-0300] {processor.py:650} INFO - DAG(s) dict_keys(['tutorial']) retrieved from /home/juliana/Área de Trabalho/datapipeline/.env/lib/python3.8/site-packages/airflow/example_dags/tutorial.py
[2022-11-21T21:55:30.009-0300] {logging_mixin.py:115} INFO - [2022-11-21T21:55:30.009-0300] {dag.py:2429} INFO - Sync 1 DAGs
[2022-11-21T21:55:30.026-0300] {logging_mixin.py:115} INFO - [2022-11-21T21:55:30.026-0300] {dag.py:2977} INFO - Setting next_dagrun for tutorial to 2022-11-21T00:55:30.026338+00:00, run_after=2022-11-22T00:55:30.026338+00:00
[2022-11-21T21:55:30.055-0300] {processor.py:161} INFO - Processing /home/juliana/Área de Trabalho/datapipeline/.env/lib/python3.8/site-packages/airflow/example_dags/tutorial.py took 0.083 seconds
[2022-11-21T21:56:10.522-0300] {processor.py:153} INFO - Started process (PID=12008) to work on /home/juliana/Área de Trabalho/datapipeline/.env/lib/python3.8/site-packages/airflow/example_dags/tutorial.py
[2022-11-21T21:56:10.532-0300] {processor.py:640} INFO - Processing file /home/juliana/Área de Trabalho/datapipeline/.env/lib/python3.8/site-packages/airflow/example_dags/tutorial.py for tasks to queue
[2022-11-21T21:56:10.533-0300] {logging_mixin.py:115} INFO - [2022-11-21T21:56:10.533-0300] {dagbag.py:508} INFO - Filling up the DagBag from /home/juliana/Área de Trabalho/datapipeline/.env/lib/python3.8/site-packages/airflow/example_dags/tutorial.py
[2022-11-21T21:56:10.586-0300] {processor.py:650} INFO - DAG(s) dict_keys(['tutorial']) retrieved from /home/juliana/Área de Trabalho/datapipeline/.env/lib/python3.8/site-packages/airflow/example_dags/tutorial.py
[2022-11-21T21:56:10.680-0300] {logging_mixin.py:115} INFO - [2022-11-21T21:56:10.679-0300] {dag.py:2429} INFO - Sync 1 DAGs
[2022-11-21T21:56:10.762-0300] {logging_mixin.py:115} INFO - [2022-11-21T21:56:10.762-0300] {dag.py:2977} INFO - Setting next_dagrun for tutorial to 2022-11-21T00:56:10.757977+00:00, run_after=2022-11-22T00:56:10.757977+00:00
[2022-11-21T21:56:10.843-0300] {processor.py:161} INFO - Processing /home/juliana/Área de Trabalho/datapipeline/.env/lib/python3.8/site-packages/airflow/example_dags/tutorial.py took 0.335 seconds
[2022-11-21T22:03:38.525-0300] {processor.py:153} INFO - Started process (PID=2265) to work on /home/juliana/Área de Trabalho/datapipeline/.env/lib/python3.8/site-packages/airflow/example_dags/tutorial.py
[2022-11-21T22:03:38.535-0300] {processor.py:640} INFO - Processing file /home/juliana/Área de Trabalho/datapipeline/.env/lib/python3.8/site-packages/airflow/example_dags/tutorial.py for tasks to queue
[2022-11-21T22:03:38.535-0300] {logging_mixin.py:115} INFO - [2022-11-21T22:03:38.535-0300] {dagbag.py:508} INFO - Filling up the DagBag from /home/juliana/Área de Trabalho/datapipeline/.env/lib/python3.8/site-packages/airflow/example_dags/tutorial.py
[2022-11-21T22:03:38.550-0300] {processor.py:650} INFO - DAG(s) dict_keys(['tutorial']) retrieved from /home/juliana/Área de Trabalho/datapipeline/.env/lib/python3.8/site-packages/airflow/example_dags/tutorial.py
[2022-11-21T22:03:38.596-0300] {logging_mixin.py:115} INFO - [2022-11-21T22:03:38.596-0300] {dag.py:2429} INFO - Sync 1 DAGs
[2022-11-21T22:03:38.651-0300] {logging_mixin.py:115} INFO - [2022-11-21T22:03:38.651-0300] {dag.py:2977} INFO - Setting next_dagrun for tutorial to 2022-11-21T01:03:38.644639+00:00, run_after=2022-11-22T01:03:38.644639+00:00
[2022-11-21T22:03:38.676-0300] {processor.py:161} INFO - Processing /home/juliana/Área de Trabalho/datapipeline/.env/lib/python3.8/site-packages/airflow/example_dags/tutorial.py took 0.159 seconds
[2022-11-21T22:04:18.068-0300] {processor.py:153} INFO - Started process (PID=2510) to work on /home/juliana/Área de Trabalho/datapipeline/.env/lib/python3.8/site-packages/airflow/example_dags/tutorial.py
[2022-11-21T22:04:18.076-0300] {processor.py:640} INFO - Processing file /home/juliana/Área de Trabalho/datapipeline/.env/lib/python3.8/site-packages/airflow/example_dags/tutorial.py for tasks to queue
[2022-11-21T22:04:18.077-0300] {logging_mixin.py:115} INFO - [2022-11-21T22:04:18.077-0300] {dagbag.py:508} INFO - Filling up the DagBag from /home/juliana/Área de Trabalho/datapipeline/.env/lib/python3.8/site-packages/airflow/example_dags/tutorial.py
[2022-11-21T22:04:18.089-0300] {processor.py:650} INFO - DAG(s) dict_keys(['tutorial']) retrieved from /home/juliana/Área de Trabalho/datapipeline/.env/lib/python3.8/site-packages/airflow/example_dags/tutorial.py
[2022-11-21T22:04:18.112-0300] {logging_mixin.py:115} INFO - [2022-11-21T22:04:18.112-0300] {dag.py:2429} INFO - Sync 1 DAGs
[2022-11-21T22:04:18.135-0300] {logging_mixin.py:115} INFO - [2022-11-21T22:04:18.135-0300] {dag.py:2977} INFO - Setting next_dagrun for tutorial to 2022-11-21T01:04:18.135059+00:00, run_after=2022-11-22T01:04:18.135059+00:00
[2022-11-21T22:04:18.153-0300] {processor.py:161} INFO - Processing /home/juliana/Área de Trabalho/datapipeline/.env/lib/python3.8/site-packages/airflow/example_dags/tutorial.py took 0.089 seconds
[2022-11-21T22:04:56.793-0300] {processor.py:153} INFO - Started process (PID=2721) to work on /home/juliana/Área de Trabalho/datapipeline/.env/lib/python3.8/site-packages/airflow/example_dags/tutorial.py
[2022-11-21T22:04:56.796-0300] {processor.py:640} INFO - Processing file /home/juliana/Área de Trabalho/datapipeline/.env/lib/python3.8/site-packages/airflow/example_dags/tutorial.py for tasks to queue
[2022-11-21T22:04:56.797-0300] {logging_mixin.py:115} INFO - [2022-11-21T22:04:56.797-0300] {dagbag.py:508} INFO - Filling up the DagBag from /home/juliana/Área de Trabalho/datapipeline/.env/lib/python3.8/site-packages/airflow/example_dags/tutorial.py
[2022-11-21T22:04:56.807-0300] {processor.py:650} INFO - DAG(s) dict_keys(['tutorial']) retrieved from /home/juliana/Área de Trabalho/datapipeline/.env/lib/python3.8/site-packages/airflow/example_dags/tutorial.py
[2022-11-21T22:04:56.834-0300] {logging_mixin.py:115} INFO - [2022-11-21T22:04:56.833-0300] {dag.py:2429} INFO - Sync 1 DAGs
[2022-11-21T22:04:56.871-0300] {logging_mixin.py:115} INFO - [2022-11-21T22:04:56.870-0300] {dag.py:2977} INFO - Setting next_dagrun for tutorial to 2022-11-21T01:04:56.870629+00:00, run_after=2022-11-22T01:04:56.870629+00:00
[2022-11-21T22:04:56.896-0300] {processor.py:161} INFO - Processing /home/juliana/Área de Trabalho/datapipeline/.env/lib/python3.8/site-packages/airflow/example_dags/tutorial.py took 0.115 seconds
[2022-11-21T22:05:33.642-0300] {processor.py:153} INFO - Started process (PID=3217) to work on /home/juliana/Área de Trabalho/datapipeline/.env/lib/python3.8/site-packages/airflow/example_dags/tutorial.py
[2022-11-21T22:05:33.649-0300] {processor.py:640} INFO - Processing file /home/juliana/Área de Trabalho/datapipeline/.env/lib/python3.8/site-packages/airflow/example_dags/tutorial.py for tasks to queue
[2022-11-21T22:05:33.649-0300] {logging_mixin.py:115} INFO - [2022-11-21T22:05:33.649-0300] {dagbag.py:508} INFO - Filling up the DagBag from /home/juliana/Área de Trabalho/datapipeline/.env/lib/python3.8/site-packages/airflow/example_dags/tutorial.py
[2022-11-21T22:05:33.656-0300] {processor.py:650} INFO - DAG(s) dict_keys(['tutorial']) retrieved from /home/juliana/Área de Trabalho/datapipeline/.env/lib/python3.8/site-packages/airflow/example_dags/tutorial.py
[2022-11-21T22:05:33.669-0300] {logging_mixin.py:115} INFO - [2022-11-21T22:05:33.669-0300] {dag.py:2429} INFO - Sync 1 DAGs
[2022-11-21T22:05:33.685-0300] {logging_mixin.py:115} INFO - [2022-11-21T22:05:33.685-0300] {dag.py:2977} INFO - Setting next_dagrun for tutorial to 2022-11-21T01:05:33.685189+00:00, run_after=2022-11-22T01:05:33.685189+00:00
[2022-11-21T22:05:33.699-0300] {processor.py:161} INFO - Processing /home/juliana/Área de Trabalho/datapipeline/.env/lib/python3.8/site-packages/airflow/example_dags/tutorial.py took 0.061 seconds
[2022-11-21T22:06:10.991-0300] {processor.py:153} INFO - Started process (PID=3585) to work on /home/juliana/Área de Trabalho/datapipeline/.env/lib/python3.8/site-packages/airflow/example_dags/tutorial.py
[2022-11-21T22:06:10.996-0300] {processor.py:640} INFO - Processing file /home/juliana/Área de Trabalho/datapipeline/.env/lib/python3.8/site-packages/airflow/example_dags/tutorial.py for tasks to queue
[2022-11-21T22:06:11.001-0300] {logging_mixin.py:115} INFO - [2022-11-21T22:06:11.001-0300] {dagbag.py:508} INFO - Filling up the DagBag from /home/juliana/Área de Trabalho/datapipeline/.env/lib/python3.8/site-packages/airflow/example_dags/tutorial.py
[2022-11-21T22:06:11.017-0300] {processor.py:650} INFO - DAG(s) dict_keys(['tutorial']) retrieved from /home/juliana/Área de Trabalho/datapipeline/.env/lib/python3.8/site-packages/airflow/example_dags/tutorial.py
[2022-11-21T22:06:11.053-0300] {logging_mixin.py:115} INFO - [2022-11-21T22:06:11.053-0300] {dag.py:2429} INFO - Sync 1 DAGs
[2022-11-21T22:06:11.082-0300] {logging_mixin.py:115} INFO - [2022-11-21T22:06:11.082-0300] {dag.py:2977} INFO - Setting next_dagrun for tutorial to 2022-11-21T01:06:11.082292+00:00, run_after=2022-11-22T01:06:11.082292+00:00
[2022-11-21T22:06:11.101-0300] {processor.py:161} INFO - Processing /home/juliana/Área de Trabalho/datapipeline/.env/lib/python3.8/site-packages/airflow/example_dags/tutorial.py took 0.121 seconds
[2022-11-21T22:06:47.196-0300] {processor.py:153} INFO - Started process (PID=3805) to work on /home/juliana/Área de Trabalho/datapipeline/.env/lib/python3.8/site-packages/airflow/example_dags/tutorial.py
[2022-11-21T22:06:47.200-0300] {processor.py:640} INFO - Processing file /home/juliana/Área de Trabalho/datapipeline/.env/lib/python3.8/site-packages/airflow/example_dags/tutorial.py for tasks to queue
[2022-11-21T22:06:47.203-0300] {logging_mixin.py:115} INFO - [2022-11-21T22:06:47.202-0300] {dagbag.py:508} INFO - Filling up the DagBag from /home/juliana/Área de Trabalho/datapipeline/.env/lib/python3.8/site-packages/airflow/example_dags/tutorial.py
[2022-11-21T22:06:47.226-0300] {processor.py:650} INFO - DAG(s) dict_keys(['tutorial']) retrieved from /home/juliana/Área de Trabalho/datapipeline/.env/lib/python3.8/site-packages/airflow/example_dags/tutorial.py
[2022-11-21T22:06:47.251-0300] {logging_mixin.py:115} INFO - [2022-11-21T22:06:47.251-0300] {dag.py:2429} INFO - Sync 1 DAGs
[2022-11-21T22:06:47.277-0300] {logging_mixin.py:115} INFO - [2022-11-21T22:06:47.277-0300] {dag.py:2977} INFO - Setting next_dagrun for tutorial to 2022-11-21T01:06:47.277233+00:00, run_after=2022-11-22T01:06:47.277233+00:00
[2022-11-21T22:06:47.303-0300] {processor.py:161} INFO - Processing /home/juliana/Área de Trabalho/datapipeline/.env/lib/python3.8/site-packages/airflow/example_dags/tutorial.py took 0.120 seconds
[2022-11-21T22:07:27.122-0300] {processor.py:153} INFO - Started process (PID=4019) to work on /home/juliana/Área de Trabalho/datapipeline/.env/lib/python3.8/site-packages/airflow/example_dags/tutorial.py
[2022-11-21T22:07:27.138-0300] {processor.py:640} INFO - Processing file /home/juliana/Área de Trabalho/datapipeline/.env/lib/python3.8/site-packages/airflow/example_dags/tutorial.py for tasks to queue
[2022-11-21T22:07:27.141-0300] {logging_mixin.py:115} INFO - [2022-11-21T22:07:27.141-0300] {dagbag.py:508} INFO - Filling up the DagBag from /home/juliana/Área de Trabalho/datapipeline/.env/lib/python3.8/site-packages/airflow/example_dags/tutorial.py
[2022-11-21T22:07:27.181-0300] {processor.py:650} INFO - DAG(s) dict_keys(['tutorial']) retrieved from /home/juliana/Área de Trabalho/datapipeline/.env/lib/python3.8/site-packages/airflow/example_dags/tutorial.py
[2022-11-21T22:07:27.249-0300] {logging_mixin.py:115} INFO - [2022-11-21T22:07:27.249-0300] {dag.py:2429} INFO - Sync 1 DAGs
[2022-11-21T22:07:27.276-0300] {logging_mixin.py:115} INFO - [2022-11-21T22:07:27.276-0300] {dag.py:2977} INFO - Setting next_dagrun for tutorial to 2022-11-21T01:07:27.275970+00:00, run_after=2022-11-22T01:07:27.275970+00:00
[2022-11-21T22:07:27.303-0300] {processor.py:161} INFO - Processing /home/juliana/Área de Trabalho/datapipeline/.env/lib/python3.8/site-packages/airflow/example_dags/tutorial.py took 0.194 seconds
[2022-11-21T22:07:59.220-0300] {processor.py:153} INFO - Started process (PID=4202) to work on /home/juliana/Área de Trabalho/datapipeline/.env/lib/python3.8/site-packages/airflow/example_dags/tutorial.py
[2022-11-21T22:07:59.222-0300] {processor.py:640} INFO - Processing file /home/juliana/Área de Trabalho/datapipeline/.env/lib/python3.8/site-packages/airflow/example_dags/tutorial.py for tasks to queue
[2022-11-21T22:07:59.224-0300] {logging_mixin.py:115} INFO - [2022-11-21T22:07:59.223-0300] {dagbag.py:508} INFO - Filling up the DagBag from /home/juliana/Área de Trabalho/datapipeline/.env/lib/python3.8/site-packages/airflow/example_dags/tutorial.py
[2022-11-21T22:07:59.232-0300] {processor.py:650} INFO - DAG(s) dict_keys(['tutorial']) retrieved from /home/juliana/Área de Trabalho/datapipeline/.env/lib/python3.8/site-packages/airflow/example_dags/tutorial.py
[2022-11-21T22:07:59.252-0300] {logging_mixin.py:115} INFO - [2022-11-21T22:07:59.251-0300] {dag.py:2429} INFO - Sync 1 DAGs
[2022-11-21T22:07:59.270-0300] {logging_mixin.py:115} INFO - [2022-11-21T22:07:59.270-0300] {dag.py:2977} INFO - Setting next_dagrun for tutorial to 2022-11-21T01:07:59.269707+00:00, run_after=2022-11-22T01:07:59.269707+00:00
[2022-11-21T22:07:59.302-0300] {processor.py:161} INFO - Processing /home/juliana/Área de Trabalho/datapipeline/.env/lib/python3.8/site-packages/airflow/example_dags/tutorial.py took 0.088 seconds
[2022-11-21T22:08:32.926-0300] {processor.py:153} INFO - Started process (PID=4410) to work on /home/juliana/Área de Trabalho/datapipeline/.env/lib/python3.8/site-packages/airflow/example_dags/tutorial.py
[2022-11-21T22:08:32.928-0300] {processor.py:640} INFO - Processing file /home/juliana/Área de Trabalho/datapipeline/.env/lib/python3.8/site-packages/airflow/example_dags/tutorial.py for tasks to queue
[2022-11-21T22:08:32.928-0300] {logging_mixin.py:115} INFO - [2022-11-21T22:08:32.928-0300] {dagbag.py:508} INFO - Filling up the DagBag from /home/juliana/Área de Trabalho/datapipeline/.env/lib/python3.8/site-packages/airflow/example_dags/tutorial.py
[2022-11-21T22:08:32.935-0300] {processor.py:650} INFO - DAG(s) dict_keys(['tutorial']) retrieved from /home/juliana/Área de Trabalho/datapipeline/.env/lib/python3.8/site-packages/airflow/example_dags/tutorial.py
[2022-11-21T22:08:32.980-0300] {logging_mixin.py:115} INFO - [2022-11-21T22:08:32.975-0300] {dag.py:2429} INFO - Sync 1 DAGs
[2022-11-21T22:08:33.002-0300] {logging_mixin.py:115} INFO - [2022-11-21T22:08:33.002-0300] {dag.py:2977} INFO - Setting next_dagrun for tutorial to 2022-11-21T01:08:33.002380+00:00, run_after=2022-11-22T01:08:33.002380+00:00
[2022-11-21T22:08:33.036-0300] {processor.py:161} INFO - Processing /home/juliana/Área de Trabalho/datapipeline/.env/lib/python3.8/site-packages/airflow/example_dags/tutorial.py took 0.112 seconds
[2022-11-21T22:09:04.891-0300] {processor.py:153} INFO - Started process (PID=4628) to work on /home/juliana/Área de Trabalho/datapipeline/.env/lib/python3.8/site-packages/airflow/example_dags/tutorial.py
[2022-11-21T22:09:04.893-0300] {processor.py:640} INFO - Processing file /home/juliana/Área de Trabalho/datapipeline/.env/lib/python3.8/site-packages/airflow/example_dags/tutorial.py for tasks to queue
[2022-11-21T22:09:04.894-0300] {logging_mixin.py:115} INFO - [2022-11-21T22:09:04.894-0300] {dagbag.py:508} INFO - Filling up the DagBag from /home/juliana/Área de Trabalho/datapipeline/.env/lib/python3.8/site-packages/airflow/example_dags/tutorial.py
[2022-11-21T22:09:04.901-0300] {processor.py:650} INFO - DAG(s) dict_keys(['tutorial']) retrieved from /home/juliana/Área de Trabalho/datapipeline/.env/lib/python3.8/site-packages/airflow/example_dags/tutorial.py
[2022-11-21T22:09:04.919-0300] {logging_mixin.py:115} INFO - [2022-11-21T22:09:04.919-0300] {dag.py:2429} INFO - Sync 1 DAGs
[2022-11-21T22:09:04.937-0300] {logging_mixin.py:115} INFO - [2022-11-21T22:09:04.937-0300] {dag.py:2977} INFO - Setting next_dagrun for tutorial to 2022-11-21T01:09:04.937237+00:00, run_after=2022-11-22T01:09:04.937237+00:00
[2022-11-21T22:09:04.959-0300] {processor.py:161} INFO - Processing /home/juliana/Área de Trabalho/datapipeline/.env/lib/python3.8/site-packages/airflow/example_dags/tutorial.py took 0.073 seconds
[2022-11-21T22:09:39.829-0300] {processor.py:153} INFO - Started process (PID=5010) to work on /home/juliana/Área de Trabalho/datapipeline/.env/lib/python3.8/site-packages/airflow/example_dags/tutorial.py
[2022-11-21T22:09:39.831-0300] {processor.py:640} INFO - Processing file /home/juliana/Área de Trabalho/datapipeline/.env/lib/python3.8/site-packages/airflow/example_dags/tutorial.py for tasks to queue
[2022-11-21T22:09:39.831-0300] {logging_mixin.py:115} INFO - [2022-11-21T22:09:39.831-0300] {dagbag.py:508} INFO - Filling up the DagBag from /home/juliana/Área de Trabalho/datapipeline/.env/lib/python3.8/site-packages/airflow/example_dags/tutorial.py
[2022-11-21T22:09:39.840-0300] {processor.py:650} INFO - DAG(s) dict_keys(['tutorial']) retrieved from /home/juliana/Área de Trabalho/datapipeline/.env/lib/python3.8/site-packages/airflow/example_dags/tutorial.py
[2022-11-21T22:09:39.859-0300] {logging_mixin.py:115} INFO - [2022-11-21T22:09:39.859-0300] {dag.py:2429} INFO - Sync 1 DAGs
[2022-11-21T22:09:39.877-0300] {logging_mixin.py:115} INFO - [2022-11-21T22:09:39.877-0300] {dag.py:2977} INFO - Setting next_dagrun for tutorial to 2022-11-21T01:09:39.877448+00:00, run_after=2022-11-22T01:09:39.877448+00:00
[2022-11-21T22:09:39.894-0300] {processor.py:161} INFO - Processing /home/juliana/Área de Trabalho/datapipeline/.env/lib/python3.8/site-packages/airflow/example_dags/tutorial.py took 0.069 seconds
[2022-11-21T22:10:16.156-0300] {processor.py:153} INFO - Started process (PID=5066) to work on /home/juliana/Área de Trabalho/datapipeline/.env/lib/python3.8/site-packages/airflow/example_dags/tutorial.py
[2022-11-21T22:10:16.157-0300] {processor.py:640} INFO - Processing file /home/juliana/Área de Trabalho/datapipeline/.env/lib/python3.8/site-packages/airflow/example_dags/tutorial.py for tasks to queue
[2022-11-21T22:10:16.158-0300] {logging_mixin.py:115} INFO - [2022-11-21T22:10:16.157-0300] {dagbag.py:508} INFO - Filling up the DagBag from /home/juliana/Área de Trabalho/datapipeline/.env/lib/python3.8/site-packages/airflow/example_dags/tutorial.py
[2022-11-21T22:10:16.162-0300] {processor.py:650} INFO - DAG(s) dict_keys(['tutorial']) retrieved from /home/juliana/Área de Trabalho/datapipeline/.env/lib/python3.8/site-packages/airflow/example_dags/tutorial.py
[2022-11-21T22:10:16.180-0300] {logging_mixin.py:115} INFO - [2022-11-21T22:10:16.180-0300] {dag.py:2429} INFO - Sync 1 DAGs
[2022-11-21T22:10:16.200-0300] {logging_mixin.py:115} INFO - [2022-11-21T22:10:16.200-0300] {dag.py:2977} INFO - Setting next_dagrun for tutorial to 2022-11-21T01:10:16.199861+00:00, run_after=2022-11-22T01:10:16.199861+00:00
[2022-11-21T22:10:16.218-0300] {processor.py:161} INFO - Processing /home/juliana/Área de Trabalho/datapipeline/.env/lib/python3.8/site-packages/airflow/example_dags/tutorial.py took 0.071 seconds
[2022-11-21T22:10:50.789-0300] {processor.py:153} INFO - Started process (PID=5400) to work on /home/juliana/Área de Trabalho/datapipeline/.env/lib/python3.8/site-packages/airflow/example_dags/tutorial.py
[2022-11-21T22:10:50.792-0300] {processor.py:640} INFO - Processing file /home/juliana/Área de Trabalho/datapipeline/.env/lib/python3.8/site-packages/airflow/example_dags/tutorial.py for tasks to queue
[2022-11-21T22:10:50.793-0300] {logging_mixin.py:115} INFO - [2022-11-21T22:10:50.793-0300] {dagbag.py:508} INFO - Filling up the DagBag from /home/juliana/Área de Trabalho/datapipeline/.env/lib/python3.8/site-packages/airflow/example_dags/tutorial.py
[2022-11-21T22:10:50.803-0300] {processor.py:650} INFO - DAG(s) dict_keys(['tutorial']) retrieved from /home/juliana/Área de Trabalho/datapipeline/.env/lib/python3.8/site-packages/airflow/example_dags/tutorial.py
[2022-11-21T22:10:50.825-0300] {logging_mixin.py:115} INFO - [2022-11-21T22:10:50.825-0300] {dag.py:2429} INFO - Sync 1 DAGs
[2022-11-21T22:10:50.855-0300] {logging_mixin.py:115} INFO - [2022-11-21T22:10:50.855-0300] {dag.py:2977} INFO - Setting next_dagrun for tutorial to 2022-11-21T01:10:50.855451+00:00, run_after=2022-11-22T01:10:50.855451+00:00
[2022-11-21T22:10:50.872-0300] {processor.py:161} INFO - Processing /home/juliana/Área de Trabalho/datapipeline/.env/lib/python3.8/site-packages/airflow/example_dags/tutorial.py took 0.090 seconds
[2022-11-21T22:11:26.090-0300] {processor.py:153} INFO - Started process (PID=5590) to work on /home/juliana/Área de Trabalho/datapipeline/.env/lib/python3.8/site-packages/airflow/example_dags/tutorial.py
[2022-11-21T22:11:26.091-0300] {processor.py:640} INFO - Processing file /home/juliana/Área de Trabalho/datapipeline/.env/lib/python3.8/site-packages/airflow/example_dags/tutorial.py for tasks to queue
[2022-11-21T22:11:26.092-0300] {logging_mixin.py:115} INFO - [2022-11-21T22:11:26.092-0300] {dagbag.py:508} INFO - Filling up the DagBag from /home/juliana/Área de Trabalho/datapipeline/.env/lib/python3.8/site-packages/airflow/example_dags/tutorial.py
[2022-11-21T22:11:26.098-0300] {processor.py:650} INFO - DAG(s) dict_keys(['tutorial']) retrieved from /home/juliana/Área de Trabalho/datapipeline/.env/lib/python3.8/site-packages/airflow/example_dags/tutorial.py
[2022-11-21T22:11:26.113-0300] {logging_mixin.py:115} INFO - [2022-11-21T22:11:26.113-0300] {dag.py:2429} INFO - Sync 1 DAGs
[2022-11-21T22:11:26.130-0300] {logging_mixin.py:115} INFO - [2022-11-21T22:11:26.130-0300] {dag.py:2977} INFO - Setting next_dagrun for tutorial to 2022-11-21T01:11:26.130282+00:00, run_after=2022-11-22T01:11:26.130282+00:00
[2022-11-21T22:11:26.147-0300] {processor.py:161} INFO - Processing /home/juliana/Área de Trabalho/datapipeline/.env/lib/python3.8/site-packages/airflow/example_dags/tutorial.py took 0.060 seconds
[2022-11-21T22:12:03.553-0300] {processor.py:153} INFO - Started process (PID=5933) to work on /home/juliana/Área de Trabalho/datapipeline/.env/lib/python3.8/site-packages/airflow/example_dags/tutorial.py
[2022-11-21T22:12:03.559-0300] {processor.py:640} INFO - Processing file /home/juliana/Área de Trabalho/datapipeline/.env/lib/python3.8/site-packages/airflow/example_dags/tutorial.py for tasks to queue
[2022-11-21T22:12:03.560-0300] {logging_mixin.py:115} INFO - [2022-11-21T22:12:03.560-0300] {dagbag.py:508} INFO - Filling up the DagBag from /home/juliana/Área de Trabalho/datapipeline/.env/lib/python3.8/site-packages/airflow/example_dags/tutorial.py
[2022-11-21T22:12:03.568-0300] {processor.py:650} INFO - DAG(s) dict_keys(['tutorial']) retrieved from /home/juliana/Área de Trabalho/datapipeline/.env/lib/python3.8/site-packages/airflow/example_dags/tutorial.py
[2022-11-21T22:12:03.586-0300] {logging_mixin.py:115} INFO - [2022-11-21T22:12:03.586-0300] {dag.py:2429} INFO - Sync 1 DAGs
[2022-11-21T22:12:03.609-0300] {logging_mixin.py:115} INFO - [2022-11-21T22:12:03.609-0300] {dag.py:2977} INFO - Setting next_dagrun for tutorial to 2022-11-21T01:12:03.609383+00:00, run_after=2022-11-22T01:12:03.609383+00:00
[2022-11-21T22:12:03.638-0300] {processor.py:161} INFO - Processing /home/juliana/Área de Trabalho/datapipeline/.env/lib/python3.8/site-packages/airflow/example_dags/tutorial.py took 0.089 seconds
[2022-11-21T22:12:40.030-0300] {processor.py:153} INFO - Started process (PID=5982) to work on /home/juliana/Área de Trabalho/datapipeline/.env/lib/python3.8/site-packages/airflow/example_dags/tutorial.py
[2022-11-21T22:12:40.032-0300] {processor.py:640} INFO - Processing file /home/juliana/Área de Trabalho/datapipeline/.env/lib/python3.8/site-packages/airflow/example_dags/tutorial.py for tasks to queue
[2022-11-21T22:12:40.033-0300] {logging_mixin.py:115} INFO - [2022-11-21T22:12:40.033-0300] {dagbag.py:508} INFO - Filling up the DagBag from /home/juliana/Área de Trabalho/datapipeline/.env/lib/python3.8/site-packages/airflow/example_dags/tutorial.py
[2022-11-21T22:12:40.044-0300] {processor.py:650} INFO - DAG(s) dict_keys(['tutorial']) retrieved from /home/juliana/Área de Trabalho/datapipeline/.env/lib/python3.8/site-packages/airflow/example_dags/tutorial.py
[2022-11-21T22:12:40.062-0300] {logging_mixin.py:115} INFO - [2022-11-21T22:12:40.062-0300] {dag.py:2429} INFO - Sync 1 DAGs
[2022-11-21T22:12:40.083-0300] {logging_mixin.py:115} INFO - [2022-11-21T22:12:40.083-0300] {dag.py:2977} INFO - Setting next_dagrun for tutorial to 2022-11-21T01:12:40.082984+00:00, run_after=2022-11-22T01:12:40.082984+00:00
[2022-11-21T22:12:40.105-0300] {processor.py:161} INFO - Processing /home/juliana/Área de Trabalho/datapipeline/.env/lib/python3.8/site-packages/airflow/example_dags/tutorial.py took 0.078 seconds
[2022-11-21T22:13:15.875-0300] {processor.py:153} INFO - Started process (PID=6017) to work on /home/juliana/Área de Trabalho/datapipeline/.env/lib/python3.8/site-packages/airflow/example_dags/tutorial.py
[2022-11-21T22:13:15.876-0300] {processor.py:640} INFO - Processing file /home/juliana/Área de Trabalho/datapipeline/.env/lib/python3.8/site-packages/airflow/example_dags/tutorial.py for tasks to queue
[2022-11-21T22:13:15.877-0300] {logging_mixin.py:115} INFO - [2022-11-21T22:13:15.877-0300] {dagbag.py:508} INFO - Filling up the DagBag from /home/juliana/Área de Trabalho/datapipeline/.env/lib/python3.8/site-packages/airflow/example_dags/tutorial.py
[2022-11-21T22:13:15.883-0300] {processor.py:650} INFO - DAG(s) dict_keys(['tutorial']) retrieved from /home/juliana/Área de Trabalho/datapipeline/.env/lib/python3.8/site-packages/airflow/example_dags/tutorial.py
[2022-11-21T22:13:15.910-0300] {logging_mixin.py:115} INFO - [2022-11-21T22:13:15.910-0300] {dag.py:2429} INFO - Sync 1 DAGs
[2022-11-21T22:13:15.931-0300] {logging_mixin.py:115} INFO - [2022-11-21T22:13:15.930-0300] {dag.py:2977} INFO - Setting next_dagrun for tutorial to 2022-11-21T01:13:15.930686+00:00, run_after=2022-11-22T01:13:15.930686+00:00
[2022-11-21T22:13:15.947-0300] {processor.py:161} INFO - Processing /home/juliana/Área de Trabalho/datapipeline/.env/lib/python3.8/site-packages/airflow/example_dags/tutorial.py took 0.077 seconds
[2022-11-21T22:13:50.225-0300] {processor.py:153} INFO - Started process (PID=6053) to work on /home/juliana/Área de Trabalho/datapipeline/.env/lib/python3.8/site-packages/airflow/example_dags/tutorial.py
[2022-11-21T22:13:50.226-0300] {processor.py:640} INFO - Processing file /home/juliana/Área de Trabalho/datapipeline/.env/lib/python3.8/site-packages/airflow/example_dags/tutorial.py for tasks to queue
[2022-11-21T22:13:50.226-0300] {logging_mixin.py:115} INFO - [2022-11-21T22:13:50.226-0300] {dagbag.py:508} INFO - Filling up the DagBag from /home/juliana/Área de Trabalho/datapipeline/.env/lib/python3.8/site-packages/airflow/example_dags/tutorial.py
[2022-11-21T22:13:50.233-0300] {processor.py:650} INFO - DAG(s) dict_keys(['tutorial']) retrieved from /home/juliana/Área de Trabalho/datapipeline/.env/lib/python3.8/site-packages/airflow/example_dags/tutorial.py
[2022-11-21T22:13:50.249-0300] {logging_mixin.py:115} INFO - [2022-11-21T22:13:50.249-0300] {dag.py:2429} INFO - Sync 1 DAGs
[2022-11-21T22:13:50.265-0300] {logging_mixin.py:115} INFO - [2022-11-21T22:13:50.264-0300] {dag.py:2977} INFO - Setting next_dagrun for tutorial to 2022-11-21T01:13:50.264650+00:00, run_after=2022-11-22T01:13:50.264650+00:00
[2022-11-21T22:13:50.282-0300] {processor.py:161} INFO - Processing /home/juliana/Área de Trabalho/datapipeline/.env/lib/python3.8/site-packages/airflow/example_dags/tutorial.py took 0.061 seconds
[2022-11-21T22:14:22.330-0300] {processor.py:153} INFO - Started process (PID=6085) to work on /home/juliana/Área de Trabalho/datapipeline/.env/lib/python3.8/site-packages/airflow/example_dags/tutorial.py
[2022-11-21T22:14:22.332-0300] {processor.py:640} INFO - Processing file /home/juliana/Área de Trabalho/datapipeline/.env/lib/python3.8/site-packages/airflow/example_dags/tutorial.py for tasks to queue
[2022-11-21T22:14:22.333-0300] {logging_mixin.py:115} INFO - [2022-11-21T22:14:22.332-0300] {dagbag.py:508} INFO - Filling up the DagBag from /home/juliana/Área de Trabalho/datapipeline/.env/lib/python3.8/site-packages/airflow/example_dags/tutorial.py
[2022-11-21T22:14:22.342-0300] {processor.py:650} INFO - DAG(s) dict_keys(['tutorial']) retrieved from /home/juliana/Área de Trabalho/datapipeline/.env/lib/python3.8/site-packages/airflow/example_dags/tutorial.py
[2022-11-21T22:14:22.363-0300] {logging_mixin.py:115} INFO - [2022-11-21T22:14:22.363-0300] {dag.py:2429} INFO - Sync 1 DAGs
[2022-11-21T22:14:22.379-0300] {logging_mixin.py:115} INFO - [2022-11-21T22:14:22.379-0300] {dag.py:2977} INFO - Setting next_dagrun for tutorial to 2022-11-21T01:14:22.379191+00:00, run_after=2022-11-22T01:14:22.379191+00:00
[2022-11-21T22:14:22.403-0300] {processor.py:161} INFO - Processing /home/juliana/Área de Trabalho/datapipeline/.env/lib/python3.8/site-packages/airflow/example_dags/tutorial.py took 0.078 seconds
[2022-11-21T22:14:54.068-0300] {processor.py:153} INFO - Started process (PID=6117) to work on /home/juliana/Área de Trabalho/datapipeline/.env/lib/python3.8/site-packages/airflow/example_dags/tutorial.py
[2022-11-21T22:14:54.070-0300] {processor.py:640} INFO - Processing file /home/juliana/Área de Trabalho/datapipeline/.env/lib/python3.8/site-packages/airflow/example_dags/tutorial.py for tasks to queue
[2022-11-21T22:14:54.071-0300] {logging_mixin.py:115} INFO - [2022-11-21T22:14:54.071-0300] {dagbag.py:508} INFO - Filling up the DagBag from /home/juliana/Área de Trabalho/datapipeline/.env/lib/python3.8/site-packages/airflow/example_dags/tutorial.py
[2022-11-21T22:14:54.081-0300] {processor.py:650} INFO - DAG(s) dict_keys(['tutorial']) retrieved from /home/juliana/Área de Trabalho/datapipeline/.env/lib/python3.8/site-packages/airflow/example_dags/tutorial.py
[2022-11-21T22:14:54.103-0300] {logging_mixin.py:115} INFO - [2022-11-21T22:14:54.103-0300] {dag.py:2429} INFO - Sync 1 DAGs
[2022-11-21T22:14:54.119-0300] {logging_mixin.py:115} INFO - [2022-11-21T22:14:54.119-0300] {dag.py:2977} INFO - Setting next_dagrun for tutorial to 2022-11-21T01:14:54.119531+00:00, run_after=2022-11-22T01:14:54.119531+00:00
[2022-11-21T22:14:54.135-0300] {processor.py:161} INFO - Processing /home/juliana/Área de Trabalho/datapipeline/.env/lib/python3.8/site-packages/airflow/example_dags/tutorial.py took 0.074 seconds
[2022-11-21T22:15:28.888-0300] {processor.py:153} INFO - Started process (PID=6152) to work on /home/juliana/Área de Trabalho/datapipeline/.env/lib/python3.8/site-packages/airflow/example_dags/tutorial.py
[2022-11-21T22:15:28.890-0300] {processor.py:640} INFO - Processing file /home/juliana/Área de Trabalho/datapipeline/.env/lib/python3.8/site-packages/airflow/example_dags/tutorial.py for tasks to queue
[2022-11-21T22:15:28.891-0300] {logging_mixin.py:115} INFO - [2022-11-21T22:15:28.891-0300] {dagbag.py:508} INFO - Filling up the DagBag from /home/juliana/Área de Trabalho/datapipeline/.env/lib/python3.8/site-packages/airflow/example_dags/tutorial.py
[2022-11-21T22:15:28.901-0300] {processor.py:650} INFO - DAG(s) dict_keys(['tutorial']) retrieved from /home/juliana/Área de Trabalho/datapipeline/.env/lib/python3.8/site-packages/airflow/example_dags/tutorial.py
[2022-11-21T22:15:28.923-0300] {logging_mixin.py:115} INFO - [2022-11-21T22:15:28.923-0300] {dag.py:2429} INFO - Sync 1 DAGs
[2022-11-21T22:15:28.939-0300] {logging_mixin.py:115} INFO - [2022-11-21T22:15:28.938-0300] {dag.py:2977} INFO - Setting next_dagrun for tutorial to 2022-11-21T01:15:28.938698+00:00, run_after=2022-11-22T01:15:28.938698+00:00
[2022-11-21T22:15:28.969-0300] {processor.py:161} INFO - Processing /home/juliana/Área de Trabalho/datapipeline/.env/lib/python3.8/site-packages/airflow/example_dags/tutorial.py took 0.087 seconds
[2022-11-21T22:16:02.308-0300] {processor.py:153} INFO - Started process (PID=6185) to work on /home/juliana/Área de Trabalho/datapipeline/.env/lib/python3.8/site-packages/airflow/example_dags/tutorial.py
[2022-11-21T22:16:02.309-0300] {processor.py:640} INFO - Processing file /home/juliana/Área de Trabalho/datapipeline/.env/lib/python3.8/site-packages/airflow/example_dags/tutorial.py for tasks to queue
[2022-11-21T22:16:02.311-0300] {logging_mixin.py:115} INFO - [2022-11-21T22:16:02.310-0300] {dagbag.py:508} INFO - Filling up the DagBag from /home/juliana/Área de Trabalho/datapipeline/.env/lib/python3.8/site-packages/airflow/example_dags/tutorial.py
[2022-11-21T22:16:02.320-0300] {processor.py:650} INFO - DAG(s) dict_keys(['tutorial']) retrieved from /home/juliana/Área de Trabalho/datapipeline/.env/lib/python3.8/site-packages/airflow/example_dags/tutorial.py
[2022-11-21T22:16:02.342-0300] {logging_mixin.py:115} INFO - [2022-11-21T22:16:02.342-0300] {dag.py:2429} INFO - Sync 1 DAGs
[2022-11-21T22:16:02.357-0300] {logging_mixin.py:115} INFO - [2022-11-21T22:16:02.357-0300] {dag.py:2977} INFO - Setting next_dagrun for tutorial to 2022-11-21T01:16:02.357582+00:00, run_after=2022-11-22T01:16:02.357582+00:00
[2022-11-21T22:16:02.374-0300] {processor.py:161} INFO - Processing /home/juliana/Área de Trabalho/datapipeline/.env/lib/python3.8/site-packages/airflow/example_dags/tutorial.py took 0.073 seconds
[2022-11-21T22:16:38.853-0300] {processor.py:153} INFO - Started process (PID=6226) to work on /home/juliana/Área de Trabalho/datapipeline/.env/lib/python3.8/site-packages/airflow/example_dags/tutorial.py
[2022-11-21T22:16:38.855-0300] {processor.py:640} INFO - Processing file /home/juliana/Área de Trabalho/datapipeline/.env/lib/python3.8/site-packages/airflow/example_dags/tutorial.py for tasks to queue
[2022-11-21T22:16:38.856-0300] {logging_mixin.py:115} INFO - [2022-11-21T22:16:38.855-0300] {dagbag.py:508} INFO - Filling up the DagBag from /home/juliana/Área de Trabalho/datapipeline/.env/lib/python3.8/site-packages/airflow/example_dags/tutorial.py
[2022-11-21T22:16:38.863-0300] {processor.py:650} INFO - DAG(s) dict_keys(['tutorial']) retrieved from /home/juliana/Área de Trabalho/datapipeline/.env/lib/python3.8/site-packages/airflow/example_dags/tutorial.py
[2022-11-21T22:16:38.880-0300] {logging_mixin.py:115} INFO - [2022-11-21T22:16:38.880-0300] {dag.py:2429} INFO - Sync 1 DAGs
[2022-11-21T22:16:38.895-0300] {logging_mixin.py:115} INFO - [2022-11-21T22:16:38.895-0300] {dag.py:2977} INFO - Setting next_dagrun for tutorial to 2022-11-21T01:16:38.895112+00:00, run_after=2022-11-22T01:16:38.895112+00:00
[2022-11-21T22:16:38.915-0300] {processor.py:161} INFO - Processing /home/juliana/Área de Trabalho/datapipeline/.env/lib/python3.8/site-packages/airflow/example_dags/tutorial.py took 0.066 seconds
