[2022-11-21T21:13:19.302-0300] {processor.py:153} INFO - Started process (PID=3107) to work on /home/juliana/Área de Trabalho/datapipeline/.env/lib/python3.8/site-packages/airflow/example_dags/tutorial_etl_dag.py
[2022-11-21T21:13:19.303-0300] {processor.py:640} INFO - Processing file /home/juliana/Área de Trabalho/datapipeline/.env/lib/python3.8/site-packages/airflow/example_dags/tutorial_etl_dag.py for tasks to queue
[2022-11-21T21:13:19.303-0300] {logging_mixin.py:115} INFO - [2022-11-21T21:13:19.303-0300] {dagbag.py:508} INFO - Filling up the DagBag from /home/juliana/Área de Trabalho/datapipeline/.env/lib/python3.8/site-packages/airflow/example_dags/tutorial_etl_dag.py
[2022-11-21T21:13:19.316-0300] {processor.py:650} INFO - DAG(s) dict_keys(['tutorial_etl_dag']) retrieved from /home/juliana/Área de Trabalho/datapipeline/.env/lib/python3.8/site-packages/airflow/example_dags/tutorial_etl_dag.py
[2022-11-21T21:13:19.338-0300] {logging_mixin.py:115} INFO - [2022-11-21T21:13:19.337-0300] {dag.py:2429} INFO - Sync 1 DAGs
[2022-11-21T21:13:19.383-0300] {logging_mixin.py:115} INFO - [2022-11-21T21:13:19.382-0300] {dag.py:2977} INFO - Setting next_dagrun for tutorial_etl_dag to None, run_after=None
[2022-11-21T21:13:19.414-0300] {processor.py:161} INFO - Processing /home/juliana/Área de Trabalho/datapipeline/.env/lib/python3.8/site-packages/airflow/example_dags/tutorial_etl_dag.py took 0.117 seconds
[2022-11-21T21:13:56.189-0300] {processor.py:153} INFO - Started process (PID=3246) to work on /home/juliana/Área de Trabalho/datapipeline/.env/lib/python3.8/site-packages/airflow/example_dags/tutorial_etl_dag.py
[2022-11-21T21:13:56.191-0300] {processor.py:640} INFO - Processing file /home/juliana/Área de Trabalho/datapipeline/.env/lib/python3.8/site-packages/airflow/example_dags/tutorial_etl_dag.py for tasks to queue
[2022-11-21T21:13:56.198-0300] {logging_mixin.py:115} INFO - [2022-11-21T21:13:56.195-0300] {dagbag.py:508} INFO - Filling up the DagBag from /home/juliana/Área de Trabalho/datapipeline/.env/lib/python3.8/site-packages/airflow/example_dags/tutorial_etl_dag.py
[2022-11-21T21:13:56.210-0300] {processor.py:650} INFO - DAG(s) dict_keys(['tutorial_etl_dag']) retrieved from /home/juliana/Área de Trabalho/datapipeline/.env/lib/python3.8/site-packages/airflow/example_dags/tutorial_etl_dag.py
[2022-11-21T21:13:56.240-0300] {logging_mixin.py:115} INFO - [2022-11-21T21:13:56.240-0300] {dag.py:2429} INFO - Sync 1 DAGs
[2022-11-21T21:13:56.277-0300] {logging_mixin.py:115} INFO - [2022-11-21T21:13:56.276-0300] {dag.py:2977} INFO - Setting next_dagrun for tutorial_etl_dag to None, run_after=None
[2022-11-21T21:13:56.293-0300] {processor.py:161} INFO - Processing /home/juliana/Área de Trabalho/datapipeline/.env/lib/python3.8/site-packages/airflow/example_dags/tutorial_etl_dag.py took 0.120 seconds
[2022-11-21T21:14:50.583-0300] {processor.py:153} INFO - Started process (PID=3470) to work on /home/juliana/Área de Trabalho/datapipeline/.env/lib/python3.8/site-packages/airflow/example_dags/tutorial_etl_dag.py
[2022-11-21T21:14:50.595-0300] {processor.py:640} INFO - Processing file /home/juliana/Área de Trabalho/datapipeline/.env/lib/python3.8/site-packages/airflow/example_dags/tutorial_etl_dag.py for tasks to queue
[2022-11-21T21:14:50.597-0300] {logging_mixin.py:115} INFO - [2022-11-21T21:14:50.596-0300] {dagbag.py:508} INFO - Filling up the DagBag from /home/juliana/Área de Trabalho/datapipeline/.env/lib/python3.8/site-packages/airflow/example_dags/tutorial_etl_dag.py
[2022-11-21T21:14:50.674-0300] {processor.py:650} INFO - DAG(s) dict_keys(['tutorial_etl_dag']) retrieved from /home/juliana/Área de Trabalho/datapipeline/.env/lib/python3.8/site-packages/airflow/example_dags/tutorial_etl_dag.py
[2022-11-21T21:14:50.810-0300] {logging_mixin.py:115} INFO - [2022-11-21T21:14:50.807-0300] {dag.py:2429} INFO - Sync 1 DAGs
[2022-11-21T21:14:50.900-0300] {logging_mixin.py:115} INFO - [2022-11-21T21:14:50.899-0300] {dag.py:2977} INFO - Setting next_dagrun for tutorial_etl_dag to None, run_after=None
[2022-11-21T21:14:50.978-0300] {processor.py:161} INFO - Processing /home/juliana/Área de Trabalho/datapipeline/.env/lib/python3.8/site-packages/airflow/example_dags/tutorial_etl_dag.py took 0.405 seconds
[2022-11-21T21:16:10.410-0300] {processor.py:153} INFO - Started process (PID=3529) to work on /home/juliana/Área de Trabalho/datapipeline/.env/lib/python3.8/site-packages/airflow/example_dags/tutorial_etl_dag.py
[2022-11-21T21:16:10.416-0300] {processor.py:640} INFO - Processing file /home/juliana/Área de Trabalho/datapipeline/.env/lib/python3.8/site-packages/airflow/example_dags/tutorial_etl_dag.py for tasks to queue
[2022-11-21T21:16:10.416-0300] {logging_mixin.py:115} INFO - [2022-11-21T21:16:10.416-0300] {dagbag.py:508} INFO - Filling up the DagBag from /home/juliana/Área de Trabalho/datapipeline/.env/lib/python3.8/site-packages/airflow/example_dags/tutorial_etl_dag.py
[2022-11-21T21:16:10.527-0300] {processor.py:650} INFO - DAG(s) dict_keys(['tutorial_etl_dag']) retrieved from /home/juliana/Área de Trabalho/datapipeline/.env/lib/python3.8/site-packages/airflow/example_dags/tutorial_etl_dag.py
[2022-11-21T21:16:10.715-0300] {logging_mixin.py:115} INFO - [2022-11-21T21:16:10.686-0300] {dag.py:2429} INFO - Sync 1 DAGs
[2022-11-21T21:16:11.432-0300] {logging_mixin.py:115} INFO - [2022-11-21T21:16:11.364-0300] {dag.py:2977} INFO - Setting next_dagrun for tutorial_etl_dag to None, run_after=None
[2022-11-21T21:16:12.829-0300] {processor.py:161} INFO - Processing /home/juliana/Área de Trabalho/datapipeline/.env/lib/python3.8/site-packages/airflow/example_dags/tutorial_etl_dag.py took 2.431 seconds
[2022-11-21T21:19:51.746-0300] {processor.py:153} INFO - Started process (PID=3640) to work on /home/juliana/Área de Trabalho/datapipeline/.env/lib/python3.8/site-packages/airflow/example_dags/tutorial_etl_dag.py
[2022-11-21T21:19:51.847-0300] {processor.py:640} INFO - Processing file /home/juliana/Área de Trabalho/datapipeline/.env/lib/python3.8/site-packages/airflow/example_dags/tutorial_etl_dag.py for tasks to queue
[2022-11-21T21:19:51.848-0300] {logging_mixin.py:115} INFO - [2022-11-21T21:19:51.847-0300] {dagbag.py:508} INFO - Filling up the DagBag from /home/juliana/Área de Trabalho/datapipeline/.env/lib/python3.8/site-packages/airflow/example_dags/tutorial_etl_dag.py
[2022-11-21T21:19:52.387-0300] {processor.py:650} INFO - DAG(s) dict_keys(['tutorial_etl_dag']) retrieved from /home/juliana/Área de Trabalho/datapipeline/.env/lib/python3.8/site-packages/airflow/example_dags/tutorial_etl_dag.py
[2022-11-21T21:19:53.389-0300] {logging_mixin.py:115} INFO - [2022-11-21T21:19:53.181-0300] {dag.py:2429} INFO - Sync 1 DAGs
[2022-11-21T21:19:59.800-0300] {logging_mixin.py:115} INFO - [2022-11-21T21:19:59.208-0300] {dag.py:2977} INFO - Setting next_dagrun for tutorial_etl_dag to None, run_after=None
[2022-11-21T21:20:02.963-0300] {processor.py:161} INFO - Processing /home/juliana/Área de Trabalho/datapipeline/.env/lib/python3.8/site-packages/airflow/example_dags/tutorial_etl_dag.py took 11.309 seconds
[2022-11-21T21:38:38.467-0300] {processor.py:153} INFO - Started process (PID=8024) to work on /home/juliana/Área de Trabalho/datapipeline/.env/lib/python3.8/site-packages/airflow/example_dags/tutorial_etl_dag.py
[2022-11-21T21:38:38.470-0300] {processor.py:640} INFO - Processing file /home/juliana/Área de Trabalho/datapipeline/.env/lib/python3.8/site-packages/airflow/example_dags/tutorial_etl_dag.py for tasks to queue
[2022-11-21T21:38:38.474-0300] {logging_mixin.py:115} INFO - [2022-11-21T21:38:38.474-0300] {dagbag.py:508} INFO - Filling up the DagBag from /home/juliana/Área de Trabalho/datapipeline/.env/lib/python3.8/site-packages/airflow/example_dags/tutorial_etl_dag.py
[2022-11-21T21:38:38.484-0300] {processor.py:650} INFO - DAG(s) dict_keys(['tutorial_etl_dag']) retrieved from /home/juliana/Área de Trabalho/datapipeline/.env/lib/python3.8/site-packages/airflow/example_dags/tutorial_etl_dag.py
[2022-11-21T21:38:38.505-0300] {logging_mixin.py:115} INFO - [2022-11-21T21:38:38.505-0300] {dag.py:2429} INFO - Sync 1 DAGs
[2022-11-21T21:38:38.525-0300] {logging_mixin.py:115} INFO - [2022-11-21T21:38:38.524-0300] {dag.py:2977} INFO - Setting next_dagrun for tutorial_etl_dag to None, run_after=None
[2022-11-21T21:38:38.551-0300] {processor.py:161} INFO - Processing /home/juliana/Área de Trabalho/datapipeline/.env/lib/python3.8/site-packages/airflow/example_dags/tutorial_etl_dag.py took 0.093 seconds
[2022-11-21T21:39:17.606-0300] {processor.py:153} INFO - Started process (PID=8088) to work on /home/juliana/Área de Trabalho/datapipeline/.env/lib/python3.8/site-packages/airflow/example_dags/tutorial_etl_dag.py
[2022-11-21T21:39:17.612-0300] {processor.py:640} INFO - Processing file /home/juliana/Área de Trabalho/datapipeline/.env/lib/python3.8/site-packages/airflow/example_dags/tutorial_etl_dag.py for tasks to queue
[2022-11-21T21:39:17.613-0300] {logging_mixin.py:115} INFO - [2022-11-21T21:39:17.613-0300] {dagbag.py:508} INFO - Filling up the DagBag from /home/juliana/Área de Trabalho/datapipeline/.env/lib/python3.8/site-packages/airflow/example_dags/tutorial_etl_dag.py
[2022-11-21T21:39:17.624-0300] {processor.py:650} INFO - DAG(s) dict_keys(['tutorial_etl_dag']) retrieved from /home/juliana/Área de Trabalho/datapipeline/.env/lib/python3.8/site-packages/airflow/example_dags/tutorial_etl_dag.py
[2022-11-21T21:39:17.640-0300] {logging_mixin.py:115} INFO - [2022-11-21T21:39:17.640-0300] {dag.py:2429} INFO - Sync 1 DAGs
[2022-11-21T21:39:17.657-0300] {logging_mixin.py:115} INFO - [2022-11-21T21:39:17.656-0300] {dag.py:2977} INFO - Setting next_dagrun for tutorial_etl_dag to None, run_after=None
[2022-11-21T21:39:17.672-0300] {processor.py:161} INFO - Processing /home/juliana/Área de Trabalho/datapipeline/.env/lib/python3.8/site-packages/airflow/example_dags/tutorial_etl_dag.py took 0.072 seconds
[2022-11-21T21:39:52.663-0300] {processor.py:153} INFO - Started process (PID=8154) to work on /home/juliana/Área de Trabalho/datapipeline/.env/lib/python3.8/site-packages/airflow/example_dags/tutorial_etl_dag.py
[2022-11-21T21:39:52.664-0300] {processor.py:640} INFO - Processing file /home/juliana/Área de Trabalho/datapipeline/.env/lib/python3.8/site-packages/airflow/example_dags/tutorial_etl_dag.py for tasks to queue
[2022-11-21T21:39:52.664-0300] {logging_mixin.py:115} INFO - [2022-11-21T21:39:52.664-0300] {dagbag.py:508} INFO - Filling up the DagBag from /home/juliana/Área de Trabalho/datapipeline/.env/lib/python3.8/site-packages/airflow/example_dags/tutorial_etl_dag.py
[2022-11-21T21:39:52.680-0300] {processor.py:650} INFO - DAG(s) dict_keys(['tutorial_etl_dag']) retrieved from /home/juliana/Área de Trabalho/datapipeline/.env/lib/python3.8/site-packages/airflow/example_dags/tutorial_etl_dag.py
[2022-11-21T21:39:52.694-0300] {logging_mixin.py:115} INFO - [2022-11-21T21:39:52.693-0300] {dag.py:2429} INFO - Sync 1 DAGs
[2022-11-21T21:39:52.711-0300] {logging_mixin.py:115} INFO - [2022-11-21T21:39:52.711-0300] {dag.py:2977} INFO - Setting next_dagrun for tutorial_etl_dag to None, run_after=None
[2022-11-21T21:39:52.726-0300] {processor.py:161} INFO - Processing /home/juliana/Área de Trabalho/datapipeline/.env/lib/python3.8/site-packages/airflow/example_dags/tutorial_etl_dag.py took 0.068 seconds
[2022-11-21T21:40:32.927-0300] {processor.py:153} INFO - Started process (PID=8525) to work on /home/juliana/Área de Trabalho/datapipeline/.env/lib/python3.8/site-packages/airflow/example_dags/tutorial_etl_dag.py
[2022-11-21T21:40:32.936-0300] {processor.py:640} INFO - Processing file /home/juliana/Área de Trabalho/datapipeline/.env/lib/python3.8/site-packages/airflow/example_dags/tutorial_etl_dag.py for tasks to queue
[2022-11-21T21:40:32.937-0300] {logging_mixin.py:115} INFO - [2022-11-21T21:40:32.937-0300] {dagbag.py:508} INFO - Filling up the DagBag from /home/juliana/Área de Trabalho/datapipeline/.env/lib/python3.8/site-packages/airflow/example_dags/tutorial_etl_dag.py
[2022-11-21T21:40:32.948-0300] {processor.py:650} INFO - DAG(s) dict_keys(['tutorial_etl_dag']) retrieved from /home/juliana/Área de Trabalho/datapipeline/.env/lib/python3.8/site-packages/airflow/example_dags/tutorial_etl_dag.py
[2022-11-21T21:40:32.963-0300] {logging_mixin.py:115} INFO - [2022-11-21T21:40:32.963-0300] {dag.py:2429} INFO - Sync 1 DAGs
[2022-11-21T21:40:32.994-0300] {logging_mixin.py:115} INFO - [2022-11-21T21:40:32.994-0300] {dag.py:2977} INFO - Setting next_dagrun for tutorial_etl_dag to None, run_after=None
[2022-11-21T21:40:33.010-0300] {processor.py:161} INFO - Processing /home/juliana/Área de Trabalho/datapipeline/.env/lib/python3.8/site-packages/airflow/example_dags/tutorial_etl_dag.py took 0.087 seconds
[2022-11-21T21:41:09.015-0300] {processor.py:153} INFO - Started process (PID=8738) to work on /home/juliana/Área de Trabalho/datapipeline/.env/lib/python3.8/site-packages/airflow/example_dags/tutorial_etl_dag.py
[2022-11-21T21:41:09.016-0300] {processor.py:640} INFO - Processing file /home/juliana/Área de Trabalho/datapipeline/.env/lib/python3.8/site-packages/airflow/example_dags/tutorial_etl_dag.py for tasks to queue
[2022-11-21T21:41:09.018-0300] {logging_mixin.py:115} INFO - [2022-11-21T21:41:09.017-0300] {dagbag.py:508} INFO - Filling up the DagBag from /home/juliana/Área de Trabalho/datapipeline/.env/lib/python3.8/site-packages/airflow/example_dags/tutorial_etl_dag.py
[2022-11-21T21:41:09.028-0300] {processor.py:650} INFO - DAG(s) dict_keys(['tutorial_etl_dag']) retrieved from /home/juliana/Área de Trabalho/datapipeline/.env/lib/python3.8/site-packages/airflow/example_dags/tutorial_etl_dag.py
[2022-11-21T21:41:09.046-0300] {logging_mixin.py:115} INFO - [2022-11-21T21:41:09.046-0300] {dag.py:2429} INFO - Sync 1 DAGs
[2022-11-21T21:41:09.069-0300] {logging_mixin.py:115} INFO - [2022-11-21T21:41:09.069-0300] {dag.py:2977} INFO - Setting next_dagrun for tutorial_etl_dag to None, run_after=None
[2022-11-21T21:41:09.088-0300] {processor.py:161} INFO - Processing /home/juliana/Área de Trabalho/datapipeline/.env/lib/python3.8/site-packages/airflow/example_dags/tutorial_etl_dag.py took 0.078 seconds
[2022-11-21T21:41:44.153-0300] {processor.py:153} INFO - Started process (PID=8953) to work on /home/juliana/Área de Trabalho/datapipeline/.env/lib/python3.8/site-packages/airflow/example_dags/tutorial_etl_dag.py
[2022-11-21T21:41:44.156-0300] {processor.py:640} INFO - Processing file /home/juliana/Área de Trabalho/datapipeline/.env/lib/python3.8/site-packages/airflow/example_dags/tutorial_etl_dag.py for tasks to queue
[2022-11-21T21:41:44.156-0300] {logging_mixin.py:115} INFO - [2022-11-21T21:41:44.156-0300] {dagbag.py:508} INFO - Filling up the DagBag from /home/juliana/Área de Trabalho/datapipeline/.env/lib/python3.8/site-packages/airflow/example_dags/tutorial_etl_dag.py
[2022-11-21T21:41:44.166-0300] {processor.py:650} INFO - DAG(s) dict_keys(['tutorial_etl_dag']) retrieved from /home/juliana/Área de Trabalho/datapipeline/.env/lib/python3.8/site-packages/airflow/example_dags/tutorial_etl_dag.py
[2022-11-21T21:41:44.209-0300] {logging_mixin.py:115} INFO - [2022-11-21T21:41:44.209-0300] {dag.py:2429} INFO - Sync 1 DAGs
[2022-11-21T21:41:44.267-0300] {logging_mixin.py:115} INFO - [2022-11-21T21:41:44.267-0300] {dag.py:2977} INFO - Setting next_dagrun for tutorial_etl_dag to None, run_after=None
[2022-11-21T21:41:44.291-0300] {processor.py:161} INFO - Processing /home/juliana/Área de Trabalho/datapipeline/.env/lib/python3.8/site-packages/airflow/example_dags/tutorial_etl_dag.py took 0.144 seconds
[2022-11-21T21:42:21.327-0300] {processor.py:153} INFO - Started process (PID=9168) to work on /home/juliana/Área de Trabalho/datapipeline/.env/lib/python3.8/site-packages/airflow/example_dags/tutorial_etl_dag.py
[2022-11-21T21:42:21.329-0300] {processor.py:640} INFO - Processing file /home/juliana/Área de Trabalho/datapipeline/.env/lib/python3.8/site-packages/airflow/example_dags/tutorial_etl_dag.py for tasks to queue
[2022-11-21T21:42:21.330-0300] {logging_mixin.py:115} INFO - [2022-11-21T21:42:21.329-0300] {dagbag.py:508} INFO - Filling up the DagBag from /home/juliana/Área de Trabalho/datapipeline/.env/lib/python3.8/site-packages/airflow/example_dags/tutorial_etl_dag.py
[2022-11-21T21:42:21.351-0300] {processor.py:650} INFO - DAG(s) dict_keys(['tutorial_etl_dag']) retrieved from /home/juliana/Área de Trabalho/datapipeline/.env/lib/python3.8/site-packages/airflow/example_dags/tutorial_etl_dag.py
[2022-11-21T21:42:21.368-0300] {logging_mixin.py:115} INFO - [2022-11-21T21:42:21.368-0300] {dag.py:2429} INFO - Sync 1 DAGs
[2022-11-21T21:42:21.385-0300] {logging_mixin.py:115} INFO - [2022-11-21T21:42:21.385-0300] {dag.py:2977} INFO - Setting next_dagrun for tutorial_etl_dag to None, run_after=None
[2022-11-21T21:42:21.406-0300] {processor.py:161} INFO - Processing /home/juliana/Área de Trabalho/datapipeline/.env/lib/python3.8/site-packages/airflow/example_dags/tutorial_etl_dag.py took 0.084 seconds
[2022-11-21T21:42:56.628-0300] {processor.py:153} INFO - Started process (PID=9378) to work on /home/juliana/Área de Trabalho/datapipeline/.env/lib/python3.8/site-packages/airflow/example_dags/tutorial_etl_dag.py
[2022-11-21T21:42:56.638-0300] {processor.py:640} INFO - Processing file /home/juliana/Área de Trabalho/datapipeline/.env/lib/python3.8/site-packages/airflow/example_dags/tutorial_etl_dag.py for tasks to queue
[2022-11-21T21:42:56.639-0300] {logging_mixin.py:115} INFO - [2022-11-21T21:42:56.639-0300] {dagbag.py:508} INFO - Filling up the DagBag from /home/juliana/Área de Trabalho/datapipeline/.env/lib/python3.8/site-packages/airflow/example_dags/tutorial_etl_dag.py
[2022-11-21T21:42:56.647-0300] {processor.py:650} INFO - DAG(s) dict_keys(['tutorial_etl_dag']) retrieved from /home/juliana/Área de Trabalho/datapipeline/.env/lib/python3.8/site-packages/airflow/example_dags/tutorial_etl_dag.py
[2022-11-21T21:42:56.663-0300] {logging_mixin.py:115} INFO - [2022-11-21T21:42:56.663-0300] {dag.py:2429} INFO - Sync 1 DAGs
[2022-11-21T21:42:56.681-0300] {logging_mixin.py:115} INFO - [2022-11-21T21:42:56.681-0300] {dag.py:2977} INFO - Setting next_dagrun for tutorial_etl_dag to None, run_after=None
[2022-11-21T21:42:56.703-0300] {processor.py:161} INFO - Processing /home/juliana/Área de Trabalho/datapipeline/.env/lib/python3.8/site-packages/airflow/example_dags/tutorial_etl_dag.py took 0.085 seconds
[2022-11-21T21:43:30.638-0300] {processor.py:153} INFO - Started process (PID=9564) to work on /home/juliana/Área de Trabalho/datapipeline/.env/lib/python3.8/site-packages/airflow/example_dags/tutorial_etl_dag.py
[2022-11-21T21:43:30.639-0300] {processor.py:640} INFO - Processing file /home/juliana/Área de Trabalho/datapipeline/.env/lib/python3.8/site-packages/airflow/example_dags/tutorial_etl_dag.py for tasks to queue
[2022-11-21T21:43:30.640-0300] {logging_mixin.py:115} INFO - [2022-11-21T21:43:30.640-0300] {dagbag.py:508} INFO - Filling up the DagBag from /home/juliana/Área de Trabalho/datapipeline/.env/lib/python3.8/site-packages/airflow/example_dags/tutorial_etl_dag.py
[2022-11-21T21:43:30.648-0300] {processor.py:650} INFO - DAG(s) dict_keys(['tutorial_etl_dag']) retrieved from /home/juliana/Área de Trabalho/datapipeline/.env/lib/python3.8/site-packages/airflow/example_dags/tutorial_etl_dag.py
[2022-11-21T21:43:30.667-0300] {logging_mixin.py:115} INFO - [2022-11-21T21:43:30.667-0300] {dag.py:2429} INFO - Sync 1 DAGs
[2022-11-21T21:43:30.682-0300] {logging_mixin.py:115} INFO - [2022-11-21T21:43:30.682-0300] {dag.py:2977} INFO - Setting next_dagrun for tutorial_etl_dag to None, run_after=None
[2022-11-21T21:43:30.702-0300] {processor.py:161} INFO - Processing /home/juliana/Área de Trabalho/datapipeline/.env/lib/python3.8/site-packages/airflow/example_dags/tutorial_etl_dag.py took 0.071 seconds
[2022-11-21T21:44:08.009-0300] {processor.py:153} INFO - Started process (PID=9684) to work on /home/juliana/Área de Trabalho/datapipeline/.env/lib/python3.8/site-packages/airflow/example_dags/tutorial_etl_dag.py
[2022-11-21T21:44:08.016-0300] {processor.py:640} INFO - Processing file /home/juliana/Área de Trabalho/datapipeline/.env/lib/python3.8/site-packages/airflow/example_dags/tutorial_etl_dag.py for tasks to queue
[2022-11-21T21:44:08.017-0300] {logging_mixin.py:115} INFO - [2022-11-21T21:44:08.017-0300] {dagbag.py:508} INFO - Filling up the DagBag from /home/juliana/Área de Trabalho/datapipeline/.env/lib/python3.8/site-packages/airflow/example_dags/tutorial_etl_dag.py
[2022-11-21T21:44:08.027-0300] {processor.py:650} INFO - DAG(s) dict_keys(['tutorial_etl_dag']) retrieved from /home/juliana/Área de Trabalho/datapipeline/.env/lib/python3.8/site-packages/airflow/example_dags/tutorial_etl_dag.py
[2022-11-21T21:44:08.047-0300] {logging_mixin.py:115} INFO - [2022-11-21T21:44:08.047-0300] {dag.py:2429} INFO - Sync 1 DAGs
[2022-11-21T21:44:08.062-0300] {logging_mixin.py:115} INFO - [2022-11-21T21:44:08.062-0300] {dag.py:2977} INFO - Setting next_dagrun for tutorial_etl_dag to None, run_after=None
[2022-11-21T21:44:08.079-0300] {processor.py:161} INFO - Processing /home/juliana/Área de Trabalho/datapipeline/.env/lib/python3.8/site-packages/airflow/example_dags/tutorial_etl_dag.py took 0.074 seconds
[2022-11-21T21:44:42.662-0300] {processor.py:153} INFO - Started process (PID=9729) to work on /home/juliana/Área de Trabalho/datapipeline/.env/lib/python3.8/site-packages/airflow/example_dags/tutorial_etl_dag.py
[2022-11-21T21:44:42.668-0300] {processor.py:640} INFO - Processing file /home/juliana/Área de Trabalho/datapipeline/.env/lib/python3.8/site-packages/airflow/example_dags/tutorial_etl_dag.py for tasks to queue
[2022-11-21T21:44:42.669-0300] {logging_mixin.py:115} INFO - [2022-11-21T21:44:42.669-0300] {dagbag.py:508} INFO - Filling up the DagBag from /home/juliana/Área de Trabalho/datapipeline/.env/lib/python3.8/site-packages/airflow/example_dags/tutorial_etl_dag.py
[2022-11-21T21:44:42.681-0300] {processor.py:650} INFO - DAG(s) dict_keys(['tutorial_etl_dag']) retrieved from /home/juliana/Área de Trabalho/datapipeline/.env/lib/python3.8/site-packages/airflow/example_dags/tutorial_etl_dag.py
[2022-11-21T21:44:42.700-0300] {logging_mixin.py:115} INFO - [2022-11-21T21:44:42.700-0300] {dag.py:2429} INFO - Sync 1 DAGs
[2022-11-21T21:44:42.715-0300] {logging_mixin.py:115} INFO - [2022-11-21T21:44:42.715-0300] {dag.py:2977} INFO - Setting next_dagrun for tutorial_etl_dag to None, run_after=None
[2022-11-21T21:44:42.732-0300] {processor.py:161} INFO - Processing /home/juliana/Área de Trabalho/datapipeline/.env/lib/python3.8/site-packages/airflow/example_dags/tutorial_etl_dag.py took 0.075 seconds
[2022-11-21T21:45:18.935-0300] {processor.py:153} INFO - Started process (PID=9769) to work on /home/juliana/Área de Trabalho/datapipeline/.env/lib/python3.8/site-packages/airflow/example_dags/tutorial_etl_dag.py
[2022-11-21T21:45:18.937-0300] {processor.py:640} INFO - Processing file /home/juliana/Área de Trabalho/datapipeline/.env/lib/python3.8/site-packages/airflow/example_dags/tutorial_etl_dag.py for tasks to queue
[2022-11-21T21:45:18.938-0300] {logging_mixin.py:115} INFO - [2022-11-21T21:45:18.937-0300] {dagbag.py:508} INFO - Filling up the DagBag from /home/juliana/Área de Trabalho/datapipeline/.env/lib/python3.8/site-packages/airflow/example_dags/tutorial_etl_dag.py
[2022-11-21T21:45:18.947-0300] {processor.py:650} INFO - DAG(s) dict_keys(['tutorial_etl_dag']) retrieved from /home/juliana/Área de Trabalho/datapipeline/.env/lib/python3.8/site-packages/airflow/example_dags/tutorial_etl_dag.py
[2022-11-21T21:45:18.966-0300] {logging_mixin.py:115} INFO - [2022-11-21T21:45:18.966-0300] {dag.py:2429} INFO - Sync 1 DAGs
[2022-11-21T21:45:18.980-0300] {logging_mixin.py:115} INFO - [2022-11-21T21:45:18.980-0300] {dag.py:2977} INFO - Setting next_dagrun for tutorial_etl_dag to None, run_after=None
[2022-11-21T21:45:19.000-0300] {processor.py:161} INFO - Processing /home/juliana/Área de Trabalho/datapipeline/.env/lib/python3.8/site-packages/airflow/example_dags/tutorial_etl_dag.py took 0.071 seconds
[2022-11-21T21:45:54.982-0300] {processor.py:153} INFO - Started process (PID=9864) to work on /home/juliana/Área de Trabalho/datapipeline/.env/lib/python3.8/site-packages/airflow/example_dags/tutorial_etl_dag.py
[2022-11-21T21:45:54.988-0300] {processor.py:640} INFO - Processing file /home/juliana/Área de Trabalho/datapipeline/.env/lib/python3.8/site-packages/airflow/example_dags/tutorial_etl_dag.py for tasks to queue
[2022-11-21T21:45:54.989-0300] {logging_mixin.py:115} INFO - [2022-11-21T21:45:54.989-0300] {dagbag.py:508} INFO - Filling up the DagBag from /home/juliana/Área de Trabalho/datapipeline/.env/lib/python3.8/site-packages/airflow/example_dags/tutorial_etl_dag.py
[2022-11-21T21:45:54.997-0300] {processor.py:650} INFO - DAG(s) dict_keys(['tutorial_etl_dag']) retrieved from /home/juliana/Área de Trabalho/datapipeline/.env/lib/python3.8/site-packages/airflow/example_dags/tutorial_etl_dag.py
[2022-11-21T21:45:55.019-0300] {logging_mixin.py:115} INFO - [2022-11-21T21:45:55.019-0300] {dag.py:2429} INFO - Sync 1 DAGs
[2022-11-21T21:45:55.034-0300] {logging_mixin.py:115} INFO - [2022-11-21T21:45:55.034-0300] {dag.py:2977} INFO - Setting next_dagrun for tutorial_etl_dag to None, run_after=None
[2022-11-21T21:45:55.051-0300] {processor.py:161} INFO - Processing /home/juliana/Área de Trabalho/datapipeline/.env/lib/python3.8/site-packages/airflow/example_dags/tutorial_etl_dag.py took 0.074 seconds
[2022-11-21T21:46:29.724-0300] {processor.py:153} INFO - Started process (PID=10060) to work on /home/juliana/Área de Trabalho/datapipeline/.env/lib/python3.8/site-packages/airflow/example_dags/tutorial_etl_dag.py
[2022-11-21T21:46:29.725-0300] {processor.py:640} INFO - Processing file /home/juliana/Área de Trabalho/datapipeline/.env/lib/python3.8/site-packages/airflow/example_dags/tutorial_etl_dag.py for tasks to queue
[2022-11-21T21:46:29.726-0300] {logging_mixin.py:115} INFO - [2022-11-21T21:46:29.726-0300] {dagbag.py:508} INFO - Filling up the DagBag from /home/juliana/Área de Trabalho/datapipeline/.env/lib/python3.8/site-packages/airflow/example_dags/tutorial_etl_dag.py
[2022-11-21T21:46:29.736-0300] {processor.py:650} INFO - DAG(s) dict_keys(['tutorial_etl_dag']) retrieved from /home/juliana/Área de Trabalho/datapipeline/.env/lib/python3.8/site-packages/airflow/example_dags/tutorial_etl_dag.py
[2022-11-21T21:46:29.754-0300] {logging_mixin.py:115} INFO - [2022-11-21T21:46:29.754-0300] {dag.py:2429} INFO - Sync 1 DAGs
[2022-11-21T21:46:29.772-0300] {logging_mixin.py:115} INFO - [2022-11-21T21:46:29.772-0300] {dag.py:2977} INFO - Setting next_dagrun for tutorial_etl_dag to None, run_after=None
[2022-11-21T21:46:29.794-0300] {processor.py:161} INFO - Processing /home/juliana/Área de Trabalho/datapipeline/.env/lib/python3.8/site-packages/airflow/example_dags/tutorial_etl_dag.py took 0.076 seconds
[2022-11-21T21:47:10.602-0300] {processor.py:153} INFO - Started process (PID=10304) to work on /home/juliana/Área de Trabalho/datapipeline/.env/lib/python3.8/site-packages/airflow/example_dags/tutorial_etl_dag.py
[2022-11-21T21:47:10.604-0300] {processor.py:640} INFO - Processing file /home/juliana/Área de Trabalho/datapipeline/.env/lib/python3.8/site-packages/airflow/example_dags/tutorial_etl_dag.py for tasks to queue
[2022-11-21T21:47:10.604-0300] {logging_mixin.py:115} INFO - [2022-11-21T21:47:10.604-0300] {dagbag.py:508} INFO - Filling up the DagBag from /home/juliana/Área de Trabalho/datapipeline/.env/lib/python3.8/site-packages/airflow/example_dags/tutorial_etl_dag.py
[2022-11-21T21:47:10.622-0300] {processor.py:650} INFO - DAG(s) dict_keys(['tutorial_etl_dag']) retrieved from /home/juliana/Área de Trabalho/datapipeline/.env/lib/python3.8/site-packages/airflow/example_dags/tutorial_etl_dag.py
[2022-11-21T21:47:10.664-0300] {logging_mixin.py:115} INFO - [2022-11-21T21:47:10.664-0300] {dag.py:2429} INFO - Sync 1 DAGs
[2022-11-21T21:47:10.687-0300] {logging_mixin.py:115} INFO - [2022-11-21T21:47:10.687-0300] {dag.py:2977} INFO - Setting next_dagrun for tutorial_etl_dag to None, run_after=None
[2022-11-21T21:47:10.707-0300] {processor.py:161} INFO - Processing /home/juliana/Área de Trabalho/datapipeline/.env/lib/python3.8/site-packages/airflow/example_dags/tutorial_etl_dag.py took 0.109 seconds
[2022-11-21T21:47:47.199-0300] {processor.py:153} INFO - Started process (PID=10514) to work on /home/juliana/Área de Trabalho/datapipeline/.env/lib/python3.8/site-packages/airflow/example_dags/tutorial_etl_dag.py
[2022-11-21T21:47:47.201-0300] {processor.py:640} INFO - Processing file /home/juliana/Área de Trabalho/datapipeline/.env/lib/python3.8/site-packages/airflow/example_dags/tutorial_etl_dag.py for tasks to queue
[2022-11-21T21:47:47.202-0300] {logging_mixin.py:115} INFO - [2022-11-21T21:47:47.201-0300] {dagbag.py:508} INFO - Filling up the DagBag from /home/juliana/Área de Trabalho/datapipeline/.env/lib/python3.8/site-packages/airflow/example_dags/tutorial_etl_dag.py
[2022-11-21T21:47:47.213-0300] {processor.py:650} INFO - DAG(s) dict_keys(['tutorial_etl_dag']) retrieved from /home/juliana/Área de Trabalho/datapipeline/.env/lib/python3.8/site-packages/airflow/example_dags/tutorial_etl_dag.py
[2022-11-21T21:47:47.231-0300] {logging_mixin.py:115} INFO - [2022-11-21T21:47:47.231-0300] {dag.py:2429} INFO - Sync 1 DAGs
[2022-11-21T21:47:47.245-0300] {logging_mixin.py:115} INFO - [2022-11-21T21:47:47.245-0300] {dag.py:2977} INFO - Setting next_dagrun for tutorial_etl_dag to None, run_after=None
[2022-11-21T21:47:47.268-0300] {processor.py:161} INFO - Processing /home/juliana/Área de Trabalho/datapipeline/.env/lib/python3.8/site-packages/airflow/example_dags/tutorial_etl_dag.py took 0.074 seconds
[2022-11-21T21:48:22.181-0300] {processor.py:153} INFO - Started process (PID=10604) to work on /home/juliana/Área de Trabalho/datapipeline/.env/lib/python3.8/site-packages/airflow/example_dags/tutorial_etl_dag.py
[2022-11-21T21:48:22.184-0300] {processor.py:640} INFO - Processing file /home/juliana/Área de Trabalho/datapipeline/.env/lib/python3.8/site-packages/airflow/example_dags/tutorial_etl_dag.py for tasks to queue
[2022-11-21T21:48:22.192-0300] {logging_mixin.py:115} INFO - [2022-11-21T21:48:22.192-0300] {dagbag.py:508} INFO - Filling up the DagBag from /home/juliana/Área de Trabalho/datapipeline/.env/lib/python3.8/site-packages/airflow/example_dags/tutorial_etl_dag.py
[2022-11-21T21:48:22.201-0300] {processor.py:650} INFO - DAG(s) dict_keys(['tutorial_etl_dag']) retrieved from /home/juliana/Área de Trabalho/datapipeline/.env/lib/python3.8/site-packages/airflow/example_dags/tutorial_etl_dag.py
[2022-11-21T21:48:22.232-0300] {logging_mixin.py:115} INFO - [2022-11-21T21:48:22.232-0300] {dag.py:2429} INFO - Sync 1 DAGs
[2022-11-21T21:48:22.261-0300] {logging_mixin.py:115} INFO - [2022-11-21T21:48:22.261-0300] {dag.py:2977} INFO - Setting next_dagrun for tutorial_etl_dag to None, run_after=None
[2022-11-21T21:48:22.283-0300] {processor.py:161} INFO - Processing /home/juliana/Área de Trabalho/datapipeline/.env/lib/python3.8/site-packages/airflow/example_dags/tutorial_etl_dag.py took 0.116 seconds
[2022-11-21T21:48:59.790-0300] {processor.py:153} INFO - Started process (PID=10749) to work on /home/juliana/Área de Trabalho/datapipeline/.env/lib/python3.8/site-packages/airflow/example_dags/tutorial_etl_dag.py
[2022-11-21T21:48:59.791-0300] {processor.py:640} INFO - Processing file /home/juliana/Área de Trabalho/datapipeline/.env/lib/python3.8/site-packages/airflow/example_dags/tutorial_etl_dag.py for tasks to queue
[2022-11-21T21:48:59.791-0300] {logging_mixin.py:115} INFO - [2022-11-21T21:48:59.791-0300] {dagbag.py:508} INFO - Filling up the DagBag from /home/juliana/Área de Trabalho/datapipeline/.env/lib/python3.8/site-packages/airflow/example_dags/tutorial_etl_dag.py
[2022-11-21T21:48:59.797-0300] {processor.py:650} INFO - DAG(s) dict_keys(['tutorial_etl_dag']) retrieved from /home/juliana/Área de Trabalho/datapipeline/.env/lib/python3.8/site-packages/airflow/example_dags/tutorial_etl_dag.py
[2022-11-21T21:48:59.813-0300] {logging_mixin.py:115} INFO - [2022-11-21T21:48:59.813-0300] {dag.py:2429} INFO - Sync 1 DAGs
[2022-11-21T21:48:59.827-0300] {logging_mixin.py:115} INFO - [2022-11-21T21:48:59.827-0300] {dag.py:2977} INFO - Setting next_dagrun for tutorial_etl_dag to None, run_after=None
[2022-11-21T21:48:59.847-0300] {processor.py:161} INFO - Processing /home/juliana/Área de Trabalho/datapipeline/.env/lib/python3.8/site-packages/airflow/example_dags/tutorial_etl_dag.py took 0.060 seconds
[2022-11-21T21:49:38.800-0300] {processor.py:153} INFO - Started process (PID=10788) to work on /home/juliana/Área de Trabalho/datapipeline/.env/lib/python3.8/site-packages/airflow/example_dags/tutorial_etl_dag.py
[2022-11-21T21:49:38.801-0300] {processor.py:640} INFO - Processing file /home/juliana/Área de Trabalho/datapipeline/.env/lib/python3.8/site-packages/airflow/example_dags/tutorial_etl_dag.py for tasks to queue
[2022-11-21T21:49:38.802-0300] {logging_mixin.py:115} INFO - [2022-11-21T21:49:38.802-0300] {dagbag.py:508} INFO - Filling up the DagBag from /home/juliana/Área de Trabalho/datapipeline/.env/lib/python3.8/site-packages/airflow/example_dags/tutorial_etl_dag.py
[2022-11-21T21:49:38.812-0300] {processor.py:650} INFO - DAG(s) dict_keys(['tutorial_etl_dag']) retrieved from /home/juliana/Área de Trabalho/datapipeline/.env/lib/python3.8/site-packages/airflow/example_dags/tutorial_etl_dag.py
[2022-11-21T21:49:38.832-0300] {logging_mixin.py:115} INFO - [2022-11-21T21:49:38.832-0300] {dag.py:2429} INFO - Sync 1 DAGs
[2022-11-21T21:49:38.848-0300] {logging_mixin.py:115} INFO - [2022-11-21T21:49:38.848-0300] {dag.py:2977} INFO - Setting next_dagrun for tutorial_etl_dag to None, run_after=None
[2022-11-21T21:49:38.867-0300] {processor.py:161} INFO - Processing /home/juliana/Área de Trabalho/datapipeline/.env/lib/python3.8/site-packages/airflow/example_dags/tutorial_etl_dag.py took 0.072 seconds
[2022-11-21T21:50:14.503-0300] {processor.py:153} INFO - Started process (PID=10825) to work on /home/juliana/Área de Trabalho/datapipeline/.env/lib/python3.8/site-packages/airflow/example_dags/tutorial_etl_dag.py
[2022-11-21T21:50:14.505-0300] {processor.py:640} INFO - Processing file /home/juliana/Área de Trabalho/datapipeline/.env/lib/python3.8/site-packages/airflow/example_dags/tutorial_etl_dag.py for tasks to queue
[2022-11-21T21:50:14.506-0300] {logging_mixin.py:115} INFO - [2022-11-21T21:50:14.506-0300] {dagbag.py:508} INFO - Filling up the DagBag from /home/juliana/Área de Trabalho/datapipeline/.env/lib/python3.8/site-packages/airflow/example_dags/tutorial_etl_dag.py
[2022-11-21T21:50:14.517-0300] {processor.py:650} INFO - DAG(s) dict_keys(['tutorial_etl_dag']) retrieved from /home/juliana/Área de Trabalho/datapipeline/.env/lib/python3.8/site-packages/airflow/example_dags/tutorial_etl_dag.py
[2022-11-21T21:50:14.537-0300] {logging_mixin.py:115} INFO - [2022-11-21T21:50:14.537-0300] {dag.py:2429} INFO - Sync 1 DAGs
[2022-11-21T21:50:14.551-0300] {logging_mixin.py:115} INFO - [2022-11-21T21:50:14.551-0300] {dag.py:2977} INFO - Setting next_dagrun for tutorial_etl_dag to None, run_after=None
[2022-11-21T21:50:14.568-0300] {processor.py:161} INFO - Processing /home/juliana/Área de Trabalho/datapipeline/.env/lib/python3.8/site-packages/airflow/example_dags/tutorial_etl_dag.py took 0.069 seconds
[2022-11-21T21:50:48.232-0300] {processor.py:153} INFO - Started process (PID=10881) to work on /home/juliana/Área de Trabalho/datapipeline/.env/lib/python3.8/site-packages/airflow/example_dags/tutorial_etl_dag.py
[2022-11-21T21:50:48.233-0300] {processor.py:640} INFO - Processing file /home/juliana/Área de Trabalho/datapipeline/.env/lib/python3.8/site-packages/airflow/example_dags/tutorial_etl_dag.py for tasks to queue
[2022-11-21T21:50:48.234-0300] {logging_mixin.py:115} INFO - [2022-11-21T21:50:48.234-0300] {dagbag.py:508} INFO - Filling up the DagBag from /home/juliana/Área de Trabalho/datapipeline/.env/lib/python3.8/site-packages/airflow/example_dags/tutorial_etl_dag.py
[2022-11-21T21:50:48.253-0300] {processor.py:650} INFO - DAG(s) dict_keys(['tutorial_etl_dag']) retrieved from /home/juliana/Área de Trabalho/datapipeline/.env/lib/python3.8/site-packages/airflow/example_dags/tutorial_etl_dag.py
[2022-11-21T21:50:48.277-0300] {logging_mixin.py:115} INFO - [2022-11-21T21:50:48.277-0300] {dag.py:2429} INFO - Sync 1 DAGs
[2022-11-21T21:50:48.294-0300] {logging_mixin.py:115} INFO - [2022-11-21T21:50:48.294-0300] {dag.py:2977} INFO - Setting next_dagrun for tutorial_etl_dag to None, run_after=None
[2022-11-21T21:50:48.314-0300] {processor.py:161} INFO - Processing /home/juliana/Área de Trabalho/datapipeline/.env/lib/python3.8/site-packages/airflow/example_dags/tutorial_etl_dag.py took 0.087 seconds
[2022-11-21T21:51:26.280-0300] {processor.py:153} INFO - Started process (PID=10922) to work on /home/juliana/Área de Trabalho/datapipeline/.env/lib/python3.8/site-packages/airflow/example_dags/tutorial_etl_dag.py
[2022-11-21T21:51:26.282-0300] {processor.py:640} INFO - Processing file /home/juliana/Área de Trabalho/datapipeline/.env/lib/python3.8/site-packages/airflow/example_dags/tutorial_etl_dag.py for tasks to queue
[2022-11-21T21:51:26.283-0300] {logging_mixin.py:115} INFO - [2022-11-21T21:51:26.282-0300] {dagbag.py:508} INFO - Filling up the DagBag from /home/juliana/Área de Trabalho/datapipeline/.env/lib/python3.8/site-packages/airflow/example_dags/tutorial_etl_dag.py
[2022-11-21T21:51:26.299-0300] {processor.py:650} INFO - DAG(s) dict_keys(['tutorial_etl_dag']) retrieved from /home/juliana/Área de Trabalho/datapipeline/.env/lib/python3.8/site-packages/airflow/example_dags/tutorial_etl_dag.py
[2022-11-21T21:51:26.316-0300] {logging_mixin.py:115} INFO - [2022-11-21T21:51:26.316-0300] {dag.py:2429} INFO - Sync 1 DAGs
[2022-11-21T21:51:26.331-0300] {logging_mixin.py:115} INFO - [2022-11-21T21:51:26.331-0300] {dag.py:2977} INFO - Setting next_dagrun for tutorial_etl_dag to None, run_after=None
[2022-11-21T21:51:26.348-0300] {processor.py:161} INFO - Processing /home/juliana/Área de Trabalho/datapipeline/.env/lib/python3.8/site-packages/airflow/example_dags/tutorial_etl_dag.py took 0.073 seconds
[2022-11-21T21:52:05.575-0300] {processor.py:153} INFO - Started process (PID=10959) to work on /home/juliana/Área de Trabalho/datapipeline/.env/lib/python3.8/site-packages/airflow/example_dags/tutorial_etl_dag.py
[2022-11-21T21:52:05.576-0300] {processor.py:640} INFO - Processing file /home/juliana/Área de Trabalho/datapipeline/.env/lib/python3.8/site-packages/airflow/example_dags/tutorial_etl_dag.py for tasks to queue
[2022-11-21T21:52:05.578-0300] {logging_mixin.py:115} INFO - [2022-11-21T21:52:05.577-0300] {dagbag.py:508} INFO - Filling up the DagBag from /home/juliana/Área de Trabalho/datapipeline/.env/lib/python3.8/site-packages/airflow/example_dags/tutorial_etl_dag.py
[2022-11-21T21:52:05.589-0300] {processor.py:650} INFO - DAG(s) dict_keys(['tutorial_etl_dag']) retrieved from /home/juliana/Área de Trabalho/datapipeline/.env/lib/python3.8/site-packages/airflow/example_dags/tutorial_etl_dag.py
[2022-11-21T21:52:05.611-0300] {logging_mixin.py:115} INFO - [2022-11-21T21:52:05.610-0300] {dag.py:2429} INFO - Sync 1 DAGs
[2022-11-21T21:52:05.625-0300] {logging_mixin.py:115} INFO - [2022-11-21T21:52:05.625-0300] {dag.py:2977} INFO - Setting next_dagrun for tutorial_etl_dag to None, run_after=None
[2022-11-21T21:52:05.643-0300] {processor.py:161} INFO - Processing /home/juliana/Área de Trabalho/datapipeline/.env/lib/python3.8/site-packages/airflow/example_dags/tutorial_etl_dag.py took 0.074 seconds
[2022-11-21T21:52:44.082-0300] {processor.py:153} INFO - Started process (PID=10998) to work on /home/juliana/Área de Trabalho/datapipeline/.env/lib/python3.8/site-packages/airflow/example_dags/tutorial_etl_dag.py
[2022-11-21T21:52:44.084-0300] {processor.py:640} INFO - Processing file /home/juliana/Área de Trabalho/datapipeline/.env/lib/python3.8/site-packages/airflow/example_dags/tutorial_etl_dag.py for tasks to queue
[2022-11-21T21:52:44.085-0300] {logging_mixin.py:115} INFO - [2022-11-21T21:52:44.085-0300] {dagbag.py:508} INFO - Filling up the DagBag from /home/juliana/Área de Trabalho/datapipeline/.env/lib/python3.8/site-packages/airflow/example_dags/tutorial_etl_dag.py
[2022-11-21T21:52:44.095-0300] {processor.py:650} INFO - DAG(s) dict_keys(['tutorial_etl_dag']) retrieved from /home/juliana/Área de Trabalho/datapipeline/.env/lib/python3.8/site-packages/airflow/example_dags/tutorial_etl_dag.py
[2022-11-21T21:52:44.115-0300] {logging_mixin.py:115} INFO - [2022-11-21T21:52:44.115-0300] {dag.py:2429} INFO - Sync 1 DAGs
[2022-11-21T21:52:44.130-0300] {logging_mixin.py:115} INFO - [2022-11-21T21:52:44.130-0300] {dag.py:2977} INFO - Setting next_dagrun for tutorial_etl_dag to None, run_after=None
[2022-11-21T21:52:44.150-0300] {processor.py:161} INFO - Processing /home/juliana/Área de Trabalho/datapipeline/.env/lib/python3.8/site-packages/airflow/example_dags/tutorial_etl_dag.py took 0.074 seconds
[2022-11-21T21:53:18.359-0300] {processor.py:153} INFO - Started process (PID=11075) to work on /home/juliana/Área de Trabalho/datapipeline/.env/lib/python3.8/site-packages/airflow/example_dags/tutorial_etl_dag.py
[2022-11-21T21:53:18.361-0300] {processor.py:640} INFO - Processing file /home/juliana/Área de Trabalho/datapipeline/.env/lib/python3.8/site-packages/airflow/example_dags/tutorial_etl_dag.py for tasks to queue
[2022-11-21T21:53:18.362-0300] {logging_mixin.py:115} INFO - [2022-11-21T21:53:18.362-0300] {dagbag.py:508} INFO - Filling up the DagBag from /home/juliana/Área de Trabalho/datapipeline/.env/lib/python3.8/site-packages/airflow/example_dags/tutorial_etl_dag.py
[2022-11-21T21:53:18.371-0300] {processor.py:650} INFO - DAG(s) dict_keys(['tutorial_etl_dag']) retrieved from /home/juliana/Área de Trabalho/datapipeline/.env/lib/python3.8/site-packages/airflow/example_dags/tutorial_etl_dag.py
[2022-11-21T21:53:18.389-0300] {logging_mixin.py:115} INFO - [2022-11-21T21:53:18.389-0300] {dag.py:2429} INFO - Sync 1 DAGs
[2022-11-21T21:53:18.404-0300] {logging_mixin.py:115} INFO - [2022-11-21T21:53:18.404-0300] {dag.py:2977} INFO - Setting next_dagrun for tutorial_etl_dag to None, run_after=None
[2022-11-21T21:53:18.423-0300] {processor.py:161} INFO - Processing /home/juliana/Área de Trabalho/datapipeline/.env/lib/python3.8/site-packages/airflow/example_dags/tutorial_etl_dag.py took 0.068 seconds
[2022-11-21T21:53:57.822-0300] {processor.py:153} INFO - Started process (PID=11322) to work on /home/juliana/Área de Trabalho/datapipeline/.env/lib/python3.8/site-packages/airflow/example_dags/tutorial_etl_dag.py
[2022-11-21T21:53:57.824-0300] {processor.py:640} INFO - Processing file /home/juliana/Área de Trabalho/datapipeline/.env/lib/python3.8/site-packages/airflow/example_dags/tutorial_etl_dag.py for tasks to queue
[2022-11-21T21:53:57.824-0300] {logging_mixin.py:115} INFO - [2022-11-21T21:53:57.824-0300] {dagbag.py:508} INFO - Filling up the DagBag from /home/juliana/Área de Trabalho/datapipeline/.env/lib/python3.8/site-packages/airflow/example_dags/tutorial_etl_dag.py
[2022-11-21T21:53:57.843-0300] {processor.py:650} INFO - DAG(s) dict_keys(['tutorial_etl_dag']) retrieved from /home/juliana/Área de Trabalho/datapipeline/.env/lib/python3.8/site-packages/airflow/example_dags/tutorial_etl_dag.py
[2022-11-21T21:53:57.866-0300] {logging_mixin.py:115} INFO - [2022-11-21T21:53:57.865-0300] {dag.py:2429} INFO - Sync 1 DAGs
[2022-11-21T21:53:57.884-0300] {logging_mixin.py:115} INFO - [2022-11-21T21:53:57.884-0300] {dag.py:2977} INFO - Setting next_dagrun for tutorial_etl_dag to None, run_after=None
[2022-11-21T21:53:57.905-0300] {processor.py:161} INFO - Processing /home/juliana/Área de Trabalho/datapipeline/.env/lib/python3.8/site-packages/airflow/example_dags/tutorial_etl_dag.py took 0.086 seconds
[2022-11-21T21:54:34.199-0300] {processor.py:153} INFO - Started process (PID=11534) to work on /home/juliana/Área de Trabalho/datapipeline/.env/lib/python3.8/site-packages/airflow/example_dags/tutorial_etl_dag.py
[2022-11-21T21:54:34.201-0300] {processor.py:640} INFO - Processing file /home/juliana/Área de Trabalho/datapipeline/.env/lib/python3.8/site-packages/airflow/example_dags/tutorial_etl_dag.py for tasks to queue
[2022-11-21T21:54:34.202-0300] {logging_mixin.py:115} INFO - [2022-11-21T21:54:34.202-0300] {dagbag.py:508} INFO - Filling up the DagBag from /home/juliana/Área de Trabalho/datapipeline/.env/lib/python3.8/site-packages/airflow/example_dags/tutorial_etl_dag.py
[2022-11-21T21:54:34.216-0300] {processor.py:650} INFO - DAG(s) dict_keys(['tutorial_etl_dag']) retrieved from /home/juliana/Área de Trabalho/datapipeline/.env/lib/python3.8/site-packages/airflow/example_dags/tutorial_etl_dag.py
[2022-11-21T21:54:34.239-0300] {logging_mixin.py:115} INFO - [2022-11-21T21:54:34.239-0300] {dag.py:2429} INFO - Sync 1 DAGs
[2022-11-21T21:54:34.253-0300] {logging_mixin.py:115} INFO - [2022-11-21T21:54:34.253-0300] {dag.py:2977} INFO - Setting next_dagrun for tutorial_etl_dag to None, run_after=None
[2022-11-21T21:54:34.282-0300] {processor.py:161} INFO - Processing /home/juliana/Área de Trabalho/datapipeline/.env/lib/python3.8/site-packages/airflow/example_dags/tutorial_etl_dag.py took 0.091 seconds
[2022-11-21T21:55:45.336-0300] {processor.py:153} INFO - Started process (PID=11739) to work on /home/juliana/Área de Trabalho/datapipeline/.env/lib/python3.8/site-packages/airflow/example_dags/tutorial_etl_dag.py
[2022-11-21T21:55:45.342-0300] {processor.py:640} INFO - Processing file /home/juliana/Área de Trabalho/datapipeline/.env/lib/python3.8/site-packages/airflow/example_dags/tutorial_etl_dag.py for tasks to queue
[2022-11-21T21:55:45.344-0300] {logging_mixin.py:115} INFO - [2022-11-21T21:55:45.343-0300] {dagbag.py:508} INFO - Filling up the DagBag from /home/juliana/Área de Trabalho/datapipeline/.env/lib/python3.8/site-packages/airflow/example_dags/tutorial_etl_dag.py
[2022-11-21T21:55:45.353-0300] {processor.py:650} INFO - DAG(s) dict_keys(['tutorial_etl_dag']) retrieved from /home/juliana/Área de Trabalho/datapipeline/.env/lib/python3.8/site-packages/airflow/example_dags/tutorial_etl_dag.py
[2022-11-21T21:55:45.371-0300] {logging_mixin.py:115} INFO - [2022-11-21T21:55:45.371-0300] {dag.py:2429} INFO - Sync 1 DAGs
[2022-11-21T21:55:45.400-0300] {logging_mixin.py:115} INFO - [2022-11-21T21:55:45.399-0300] {dag.py:2977} INFO - Setting next_dagrun for tutorial_etl_dag to None, run_after=None
[2022-11-21T21:55:45.447-0300] {processor.py:161} INFO - Processing /home/juliana/Área de Trabalho/datapipeline/.env/lib/python3.8/site-packages/airflow/example_dags/tutorial_etl_dag.py took 0.116 seconds
[2022-11-21T21:56:35.537-0300] {processor.py:153} INFO - Started process (PID=12048) to work on /home/juliana/Área de Trabalho/datapipeline/.env/lib/python3.8/site-packages/airflow/example_dags/tutorial_etl_dag.py
[2022-11-21T21:56:35.545-0300] {processor.py:640} INFO - Processing file /home/juliana/Área de Trabalho/datapipeline/.env/lib/python3.8/site-packages/airflow/example_dags/tutorial_etl_dag.py for tasks to queue
[2022-11-21T21:56:35.547-0300] {logging_mixin.py:115} INFO - [2022-11-21T21:56:35.546-0300] {dagbag.py:508} INFO - Filling up the DagBag from /home/juliana/Área de Trabalho/datapipeline/.env/lib/python3.8/site-packages/airflow/example_dags/tutorial_etl_dag.py
[2022-11-21T21:56:35.618-0300] {processor.py:650} INFO - DAG(s) dict_keys(['tutorial_etl_dag']) retrieved from /home/juliana/Área de Trabalho/datapipeline/.env/lib/python3.8/site-packages/airflow/example_dags/tutorial_etl_dag.py
[2022-11-21T21:56:35.714-0300] {logging_mixin.py:115} INFO - [2022-11-21T21:56:35.714-0300] {dag.py:2429} INFO - Sync 1 DAGs
[2022-11-21T21:56:35.835-0300] {logging_mixin.py:115} INFO - [2022-11-21T21:56:35.835-0300] {dag.py:2977} INFO - Setting next_dagrun for tutorial_etl_dag to None, run_after=None
[2022-11-21T21:56:35.910-0300] {processor.py:161} INFO - Processing /home/juliana/Área de Trabalho/datapipeline/.env/lib/python3.8/site-packages/airflow/example_dags/tutorial_etl_dag.py took 0.390 seconds
[2022-11-21T22:03:56.150-0300] {processor.py:153} INFO - Started process (PID=2488) to work on /home/juliana/Área de Trabalho/datapipeline/.env/lib/python3.8/site-packages/airflow/example_dags/tutorial_etl_dag.py
[2022-11-21T22:03:56.157-0300] {processor.py:640} INFO - Processing file /home/juliana/Área de Trabalho/datapipeline/.env/lib/python3.8/site-packages/airflow/example_dags/tutorial_etl_dag.py for tasks to queue
[2022-11-21T22:03:56.159-0300] {logging_mixin.py:115} INFO - [2022-11-21T22:03:56.158-0300] {dagbag.py:508} INFO - Filling up the DagBag from /home/juliana/Área de Trabalho/datapipeline/.env/lib/python3.8/site-packages/airflow/example_dags/tutorial_etl_dag.py
[2022-11-21T22:03:56.172-0300] {processor.py:650} INFO - DAG(s) dict_keys(['tutorial_etl_dag']) retrieved from /home/juliana/Área de Trabalho/datapipeline/.env/lib/python3.8/site-packages/airflow/example_dags/tutorial_etl_dag.py
[2022-11-21T22:03:56.189-0300] {logging_mixin.py:115} INFO - [2022-11-21T22:03:56.189-0300] {dag.py:2429} INFO - Sync 1 DAGs
[2022-11-21T22:03:56.207-0300] {logging_mixin.py:115} INFO - [2022-11-21T22:03:56.207-0300] {dag.py:2977} INFO - Setting next_dagrun for tutorial_etl_dag to None, run_after=None
[2022-11-21T22:03:56.223-0300] {processor.py:161} INFO - Processing /home/juliana/Área de Trabalho/datapipeline/.env/lib/python3.8/site-packages/airflow/example_dags/tutorial_etl_dag.py took 0.080 seconds
[2022-11-21T22:04:34.835-0300] {processor.py:153} INFO - Started process (PID=2525) to work on /home/juliana/Área de Trabalho/datapipeline/.env/lib/python3.8/site-packages/airflow/example_dags/tutorial_etl_dag.py
[2022-11-21T22:04:34.842-0300] {processor.py:640} INFO - Processing file /home/juliana/Área de Trabalho/datapipeline/.env/lib/python3.8/site-packages/airflow/example_dags/tutorial_etl_dag.py for tasks to queue
[2022-11-21T22:04:34.843-0300] {logging_mixin.py:115} INFO - [2022-11-21T22:04:34.843-0300] {dagbag.py:508} INFO - Filling up the DagBag from /home/juliana/Área de Trabalho/datapipeline/.env/lib/python3.8/site-packages/airflow/example_dags/tutorial_etl_dag.py
[2022-11-21T22:04:34.856-0300] {processor.py:650} INFO - DAG(s) dict_keys(['tutorial_etl_dag']) retrieved from /home/juliana/Área de Trabalho/datapipeline/.env/lib/python3.8/site-packages/airflow/example_dags/tutorial_etl_dag.py
[2022-11-21T22:04:34.874-0300] {logging_mixin.py:115} INFO - [2022-11-21T22:04:34.874-0300] {dag.py:2429} INFO - Sync 1 DAGs
[2022-11-21T22:04:34.902-0300] {logging_mixin.py:115} INFO - [2022-11-21T22:04:34.902-0300] {dag.py:2977} INFO - Setting next_dagrun for tutorial_etl_dag to None, run_after=None
[2022-11-21T22:04:34.927-0300] {processor.py:161} INFO - Processing /home/juliana/Área de Trabalho/datapipeline/.env/lib/python3.8/site-packages/airflow/example_dags/tutorial_etl_dag.py took 0.099 seconds
[2022-11-21T22:05:12.817-0300] {processor.py:153} INFO - Started process (PID=2890) to work on /home/juliana/Área de Trabalho/datapipeline/.env/lib/python3.8/site-packages/airflow/example_dags/tutorial_etl_dag.py
[2022-11-21T22:05:12.824-0300] {processor.py:640} INFO - Processing file /home/juliana/Área de Trabalho/datapipeline/.env/lib/python3.8/site-packages/airflow/example_dags/tutorial_etl_dag.py for tasks to queue
[2022-11-21T22:05:12.825-0300] {logging_mixin.py:115} INFO - [2022-11-21T22:05:12.824-0300] {dagbag.py:508} INFO - Filling up the DagBag from /home/juliana/Área de Trabalho/datapipeline/.env/lib/python3.8/site-packages/airflow/example_dags/tutorial_etl_dag.py
[2022-11-21T22:05:12.837-0300] {processor.py:650} INFO - DAG(s) dict_keys(['tutorial_etl_dag']) retrieved from /home/juliana/Área de Trabalho/datapipeline/.env/lib/python3.8/site-packages/airflow/example_dags/tutorial_etl_dag.py
[2022-11-21T22:05:12.855-0300] {logging_mixin.py:115} INFO - [2022-11-21T22:05:12.855-0300] {dag.py:2429} INFO - Sync 1 DAGs
[2022-11-21T22:05:12.873-0300] {logging_mixin.py:115} INFO - [2022-11-21T22:05:12.873-0300] {dag.py:2977} INFO - Setting next_dagrun for tutorial_etl_dag to None, run_after=None
[2022-11-21T22:05:12.888-0300] {processor.py:161} INFO - Processing /home/juliana/Área de Trabalho/datapipeline/.env/lib/python3.8/site-packages/airflow/example_dags/tutorial_etl_dag.py took 0.074 seconds
[2022-11-21T22:05:50.649-0300] {processor.py:153} INFO - Started process (PID=3259) to work on /home/juliana/Área de Trabalho/datapipeline/.env/lib/python3.8/site-packages/airflow/example_dags/tutorial_etl_dag.py
[2022-11-21T22:05:50.652-0300] {processor.py:640} INFO - Processing file /home/juliana/Área de Trabalho/datapipeline/.env/lib/python3.8/site-packages/airflow/example_dags/tutorial_etl_dag.py for tasks to queue
[2022-11-21T22:05:50.653-0300] {logging_mixin.py:115} INFO - [2022-11-21T22:05:50.652-0300] {dagbag.py:508} INFO - Filling up the DagBag from /home/juliana/Área de Trabalho/datapipeline/.env/lib/python3.8/site-packages/airflow/example_dags/tutorial_etl_dag.py
[2022-11-21T22:05:50.665-0300] {processor.py:650} INFO - DAG(s) dict_keys(['tutorial_etl_dag']) retrieved from /home/juliana/Área de Trabalho/datapipeline/.env/lib/python3.8/site-packages/airflow/example_dags/tutorial_etl_dag.py
[2022-11-21T22:05:50.685-0300] {logging_mixin.py:115} INFO - [2022-11-21T22:05:50.685-0300] {dag.py:2429} INFO - Sync 1 DAGs
[2022-11-21T22:05:50.708-0300] {logging_mixin.py:115} INFO - [2022-11-21T22:05:50.707-0300] {dag.py:2977} INFO - Setting next_dagrun for tutorial_etl_dag to None, run_after=None
[2022-11-21T22:05:50.729-0300] {processor.py:161} INFO - Processing /home/juliana/Área de Trabalho/datapipeline/.env/lib/python3.8/site-packages/airflow/example_dags/tutorial_etl_dag.py took 0.084 seconds
[2022-11-21T22:06:29.960-0300] {processor.py:153} INFO - Started process (PID=3684) to work on /home/juliana/Área de Trabalho/datapipeline/.env/lib/python3.8/site-packages/airflow/example_dags/tutorial_etl_dag.py
[2022-11-21T22:06:29.966-0300] {processor.py:640} INFO - Processing file /home/juliana/Área de Trabalho/datapipeline/.env/lib/python3.8/site-packages/airflow/example_dags/tutorial_etl_dag.py for tasks to queue
[2022-11-21T22:06:29.967-0300] {logging_mixin.py:115} INFO - [2022-11-21T22:06:29.967-0300] {dagbag.py:508} INFO - Filling up the DagBag from /home/juliana/Área de Trabalho/datapipeline/.env/lib/python3.8/site-packages/airflow/example_dags/tutorial_etl_dag.py
[2022-11-21T22:06:29.979-0300] {processor.py:650} INFO - DAG(s) dict_keys(['tutorial_etl_dag']) retrieved from /home/juliana/Área de Trabalho/datapipeline/.env/lib/python3.8/site-packages/airflow/example_dags/tutorial_etl_dag.py
[2022-11-21T22:06:29.995-0300] {logging_mixin.py:115} INFO - [2022-11-21T22:06:29.995-0300] {dag.py:2429} INFO - Sync 1 DAGs
[2022-11-21T22:06:30.014-0300] {logging_mixin.py:115} INFO - [2022-11-21T22:06:30.013-0300] {dag.py:2977} INFO - Setting next_dagrun for tutorial_etl_dag to None, run_after=None
[2022-11-21T22:06:30.028-0300] {processor.py:161} INFO - Processing /home/juliana/Área de Trabalho/datapipeline/.env/lib/python3.8/site-packages/airflow/example_dags/tutorial_etl_dag.py took 0.073 seconds
[2022-11-21T22:07:08.497-0300] {processor.py:153} INFO - Started process (PID=3924) to work on /home/juliana/Área de Trabalho/datapipeline/.env/lib/python3.8/site-packages/airflow/example_dags/tutorial_etl_dag.py
[2022-11-21T22:07:08.501-0300] {processor.py:640} INFO - Processing file /home/juliana/Área de Trabalho/datapipeline/.env/lib/python3.8/site-packages/airflow/example_dags/tutorial_etl_dag.py for tasks to queue
[2022-11-21T22:07:08.504-0300] {logging_mixin.py:115} INFO - [2022-11-21T22:07:08.504-0300] {dagbag.py:508} INFO - Filling up the DagBag from /home/juliana/Área de Trabalho/datapipeline/.env/lib/python3.8/site-packages/airflow/example_dags/tutorial_etl_dag.py
[2022-11-21T22:07:08.539-0300] {processor.py:650} INFO - DAG(s) dict_keys(['tutorial_etl_dag']) retrieved from /home/juliana/Área de Trabalho/datapipeline/.env/lib/python3.8/site-packages/airflow/example_dags/tutorial_etl_dag.py
[2022-11-21T22:07:08.611-0300] {logging_mixin.py:115} INFO - [2022-11-21T22:07:08.611-0300] {dag.py:2429} INFO - Sync 1 DAGs
[2022-11-21T22:07:08.650-0300] {logging_mixin.py:115} INFO - [2022-11-21T22:07:08.650-0300] {dag.py:2977} INFO - Setting next_dagrun for tutorial_etl_dag to None, run_after=None
[2022-11-21T22:07:08.678-0300] {processor.py:161} INFO - Processing /home/juliana/Área de Trabalho/datapipeline/.env/lib/python3.8/site-packages/airflow/example_dags/tutorial_etl_dag.py took 0.194 seconds
[2022-11-21T22:07:46.609-0300] {processor.py:153} INFO - Started process (PID=4140) to work on /home/juliana/Área de Trabalho/datapipeline/.env/lib/python3.8/site-packages/airflow/example_dags/tutorial_etl_dag.py
[2022-11-21T22:07:46.613-0300] {processor.py:640} INFO - Processing file /home/juliana/Área de Trabalho/datapipeline/.env/lib/python3.8/site-packages/airflow/example_dags/tutorial_etl_dag.py for tasks to queue
[2022-11-21T22:07:46.613-0300] {logging_mixin.py:115} INFO - [2022-11-21T22:07:46.613-0300] {dagbag.py:508} INFO - Filling up the DagBag from /home/juliana/Área de Trabalho/datapipeline/.env/lib/python3.8/site-packages/airflow/example_dags/tutorial_etl_dag.py
[2022-11-21T22:07:46.644-0300] {processor.py:650} INFO - DAG(s) dict_keys(['tutorial_etl_dag']) retrieved from /home/juliana/Área de Trabalho/datapipeline/.env/lib/python3.8/site-packages/airflow/example_dags/tutorial_etl_dag.py
[2022-11-21T22:07:46.673-0300] {logging_mixin.py:115} INFO - [2022-11-21T22:07:46.673-0300] {dag.py:2429} INFO - Sync 1 DAGs
[2022-11-21T22:07:46.728-0300] {logging_mixin.py:115} INFO - [2022-11-21T22:07:46.728-0300] {dag.py:2977} INFO - Setting next_dagrun for tutorial_etl_dag to None, run_after=None
[2022-11-21T22:07:46.772-0300] {processor.py:161} INFO - Processing /home/juliana/Área de Trabalho/datapipeline/.env/lib/python3.8/site-packages/airflow/example_dags/tutorial_etl_dag.py took 0.172 seconds
[2022-11-21T22:08:22.952-0300] {processor.py:153} INFO - Started process (PID=4350) to work on /home/juliana/Área de Trabalho/datapipeline/.env/lib/python3.8/site-packages/airflow/example_dags/tutorial_etl_dag.py
[2022-11-21T22:08:22.953-0300] {processor.py:640} INFO - Processing file /home/juliana/Área de Trabalho/datapipeline/.env/lib/python3.8/site-packages/airflow/example_dags/tutorial_etl_dag.py for tasks to queue
[2022-11-21T22:08:22.955-0300] {logging_mixin.py:115} INFO - [2022-11-21T22:08:22.954-0300] {dagbag.py:508} INFO - Filling up the DagBag from /home/juliana/Área de Trabalho/datapipeline/.env/lib/python3.8/site-packages/airflow/example_dags/tutorial_etl_dag.py
[2022-11-21T22:08:22.964-0300] {processor.py:650} INFO - DAG(s) dict_keys(['tutorial_etl_dag']) retrieved from /home/juliana/Área de Trabalho/datapipeline/.env/lib/python3.8/site-packages/airflow/example_dags/tutorial_etl_dag.py
[2022-11-21T22:08:22.980-0300] {logging_mixin.py:115} INFO - [2022-11-21T22:08:22.980-0300] {dag.py:2429} INFO - Sync 1 DAGs
[2022-11-21T22:08:23.008-0300] {logging_mixin.py:115} INFO - [2022-11-21T22:08:23.008-0300] {dag.py:2977} INFO - Setting next_dagrun for tutorial_etl_dag to None, run_after=None
[2022-11-21T22:08:23.025-0300] {processor.py:161} INFO - Processing /home/juliana/Área de Trabalho/datapipeline/.env/lib/python3.8/site-packages/airflow/example_dags/tutorial_etl_dag.py took 0.079 seconds
[2022-11-21T22:09:01.675-0300] {processor.py:153} INFO - Started process (PID=4624) to work on /home/juliana/Área de Trabalho/datapipeline/.env/lib/python3.8/site-packages/airflow/example_dags/tutorial_etl_dag.py
[2022-11-21T22:09:01.676-0300] {processor.py:640} INFO - Processing file /home/juliana/Área de Trabalho/datapipeline/.env/lib/python3.8/site-packages/airflow/example_dags/tutorial_etl_dag.py for tasks to queue
[2022-11-21T22:09:01.677-0300] {logging_mixin.py:115} INFO - [2022-11-21T22:09:01.676-0300] {dagbag.py:508} INFO - Filling up the DagBag from /home/juliana/Área de Trabalho/datapipeline/.env/lib/python3.8/site-packages/airflow/example_dags/tutorial_etl_dag.py
[2022-11-21T22:09:01.683-0300] {processor.py:650} INFO - DAG(s) dict_keys(['tutorial_etl_dag']) retrieved from /home/juliana/Área de Trabalho/datapipeline/.env/lib/python3.8/site-packages/airflow/example_dags/tutorial_etl_dag.py
[2022-11-21T22:09:01.707-0300] {logging_mixin.py:115} INFO - [2022-11-21T22:09:01.707-0300] {dag.py:2429} INFO - Sync 1 DAGs
[2022-11-21T22:09:01.721-0300] {logging_mixin.py:115} INFO - [2022-11-21T22:09:01.721-0300] {dag.py:2977} INFO - Setting next_dagrun for tutorial_etl_dag to None, run_after=None
[2022-11-21T22:09:01.743-0300] {processor.py:161} INFO - Processing /home/juliana/Área de Trabalho/datapipeline/.env/lib/python3.8/site-packages/airflow/example_dags/tutorial_etl_dag.py took 0.071 seconds
[2022-11-21T22:09:36.600-0300] {processor.py:153} INFO - Started process (PID=5007) to work on /home/juliana/Área de Trabalho/datapipeline/.env/lib/python3.8/site-packages/airflow/example_dags/tutorial_etl_dag.py
[2022-11-21T22:09:36.612-0300] {processor.py:640} INFO - Processing file /home/juliana/Área de Trabalho/datapipeline/.env/lib/python3.8/site-packages/airflow/example_dags/tutorial_etl_dag.py for tasks to queue
[2022-11-21T22:09:36.613-0300] {logging_mixin.py:115} INFO - [2022-11-21T22:09:36.613-0300] {dagbag.py:508} INFO - Filling up the DagBag from /home/juliana/Área de Trabalho/datapipeline/.env/lib/python3.8/site-packages/airflow/example_dags/tutorial_etl_dag.py
[2022-11-21T22:09:36.630-0300] {processor.py:650} INFO - DAG(s) dict_keys(['tutorial_etl_dag']) retrieved from /home/juliana/Área de Trabalho/datapipeline/.env/lib/python3.8/site-packages/airflow/example_dags/tutorial_etl_dag.py
[2022-11-21T22:09:36.668-0300] {logging_mixin.py:115} INFO - [2022-11-21T22:09:36.668-0300] {dag.py:2429} INFO - Sync 1 DAGs
[2022-11-21T22:09:36.705-0300] {logging_mixin.py:115} INFO - [2022-11-21T22:09:36.704-0300] {dag.py:2977} INFO - Setting next_dagrun for tutorial_etl_dag to None, run_after=None
[2022-11-21T22:09:36.723-0300] {processor.py:161} INFO - Processing /home/juliana/Área de Trabalho/datapipeline/.env/lib/python3.8/site-packages/airflow/example_dags/tutorial_etl_dag.py took 0.126 seconds
[2022-11-21T22:10:13.008-0300] {processor.py:153} INFO - Started process (PID=5046) to work on /home/juliana/Área de Trabalho/datapipeline/.env/lib/python3.8/site-packages/airflow/example_dags/tutorial_etl_dag.py
[2022-11-21T22:10:13.013-0300] {processor.py:640} INFO - Processing file /home/juliana/Área de Trabalho/datapipeline/.env/lib/python3.8/site-packages/airflow/example_dags/tutorial_etl_dag.py for tasks to queue
[2022-11-21T22:10:13.013-0300] {logging_mixin.py:115} INFO - [2022-11-21T22:10:13.013-0300] {dagbag.py:508} INFO - Filling up the DagBag from /home/juliana/Área de Trabalho/datapipeline/.env/lib/python3.8/site-packages/airflow/example_dags/tutorial_etl_dag.py
[2022-11-21T22:10:13.022-0300] {processor.py:650} INFO - DAG(s) dict_keys(['tutorial_etl_dag']) retrieved from /home/juliana/Área de Trabalho/datapipeline/.env/lib/python3.8/site-packages/airflow/example_dags/tutorial_etl_dag.py
[2022-11-21T22:10:13.039-0300] {logging_mixin.py:115} INFO - [2022-11-21T22:10:13.039-0300] {dag.py:2429} INFO - Sync 1 DAGs
[2022-11-21T22:10:13.054-0300] {logging_mixin.py:115} INFO - [2022-11-21T22:10:13.054-0300] {dag.py:2977} INFO - Setting next_dagrun for tutorial_etl_dag to None, run_after=None
[2022-11-21T22:10:13.075-0300] {processor.py:161} INFO - Processing /home/juliana/Área de Trabalho/datapipeline/.env/lib/python3.8/site-packages/airflow/example_dags/tutorial_etl_dag.py took 0.075 seconds
[2022-11-21T22:10:52.409-0300] {processor.py:153} INFO - Started process (PID=5402) to work on /home/juliana/Área de Trabalho/datapipeline/.env/lib/python3.8/site-packages/airflow/example_dags/tutorial_etl_dag.py
[2022-11-21T22:10:52.416-0300] {processor.py:640} INFO - Processing file /home/juliana/Área de Trabalho/datapipeline/.env/lib/python3.8/site-packages/airflow/example_dags/tutorial_etl_dag.py for tasks to queue
[2022-11-21T22:10:52.418-0300] {logging_mixin.py:115} INFO - [2022-11-21T22:10:52.418-0300] {dagbag.py:508} INFO - Filling up the DagBag from /home/juliana/Área de Trabalho/datapipeline/.env/lib/python3.8/site-packages/airflow/example_dags/tutorial_etl_dag.py
[2022-11-21T22:10:52.431-0300] {processor.py:650} INFO - DAG(s) dict_keys(['tutorial_etl_dag']) retrieved from /home/juliana/Área de Trabalho/datapipeline/.env/lib/python3.8/site-packages/airflow/example_dags/tutorial_etl_dag.py
[2022-11-21T22:10:52.453-0300] {logging_mixin.py:115} INFO - [2022-11-21T22:10:52.453-0300] {dag.py:2429} INFO - Sync 1 DAGs
[2022-11-21T22:10:52.468-0300] {logging_mixin.py:115} INFO - [2022-11-21T22:10:52.468-0300] {dag.py:2977} INFO - Setting next_dagrun for tutorial_etl_dag to None, run_after=None
[2022-11-21T22:10:52.485-0300] {processor.py:161} INFO - Processing /home/juliana/Área de Trabalho/datapipeline/.env/lib/python3.8/site-packages/airflow/example_dags/tutorial_etl_dag.py took 0.082 seconds
[2022-11-21T22:11:28.718-0300] {processor.py:153} INFO - Started process (PID=5618) to work on /home/juliana/Área de Trabalho/datapipeline/.env/lib/python3.8/site-packages/airflow/example_dags/tutorial_etl_dag.py
[2022-11-21T22:11:28.719-0300] {processor.py:640} INFO - Processing file /home/juliana/Área de Trabalho/datapipeline/.env/lib/python3.8/site-packages/airflow/example_dags/tutorial_etl_dag.py for tasks to queue
[2022-11-21T22:11:28.720-0300] {logging_mixin.py:115} INFO - [2022-11-21T22:11:28.720-0300] {dagbag.py:508} INFO - Filling up the DagBag from /home/juliana/Área de Trabalho/datapipeline/.env/lib/python3.8/site-packages/airflow/example_dags/tutorial_etl_dag.py
[2022-11-21T22:11:28.733-0300] {processor.py:650} INFO - DAG(s) dict_keys(['tutorial_etl_dag']) retrieved from /home/juliana/Área de Trabalho/datapipeline/.env/lib/python3.8/site-packages/airflow/example_dags/tutorial_etl_dag.py
[2022-11-21T22:11:28.766-0300] {logging_mixin.py:115} INFO - [2022-11-21T22:11:28.765-0300] {dag.py:2429} INFO - Sync 1 DAGs
[2022-11-21T22:11:28.784-0300] {logging_mixin.py:115} INFO - [2022-11-21T22:11:28.783-0300] {dag.py:2977} INFO - Setting next_dagrun for tutorial_etl_dag to None, run_after=None
[2022-11-21T22:11:28.853-0300] {processor.py:161} INFO - Processing /home/juliana/Área de Trabalho/datapipeline/.env/lib/python3.8/site-packages/airflow/example_dags/tutorial_etl_dag.py took 0.140 seconds
[2022-11-21T22:12:05.629-0300] {processor.py:153} INFO - Started process (PID=5936) to work on /home/juliana/Área de Trabalho/datapipeline/.env/lib/python3.8/site-packages/airflow/example_dags/tutorial_etl_dag.py
[2022-11-21T22:12:05.631-0300] {processor.py:640} INFO - Processing file /home/juliana/Área de Trabalho/datapipeline/.env/lib/python3.8/site-packages/airflow/example_dags/tutorial_etl_dag.py for tasks to queue
[2022-11-21T22:12:05.632-0300] {logging_mixin.py:115} INFO - [2022-11-21T22:12:05.632-0300] {dagbag.py:508} INFO - Filling up the DagBag from /home/juliana/Área de Trabalho/datapipeline/.env/lib/python3.8/site-packages/airflow/example_dags/tutorial_etl_dag.py
[2022-11-21T22:12:05.644-0300] {processor.py:650} INFO - DAG(s) dict_keys(['tutorial_etl_dag']) retrieved from /home/juliana/Área de Trabalho/datapipeline/.env/lib/python3.8/site-packages/airflow/example_dags/tutorial_etl_dag.py
[2022-11-21T22:12:05.686-0300] {logging_mixin.py:115} INFO - [2022-11-21T22:12:05.686-0300] {dag.py:2429} INFO - Sync 1 DAGs
[2022-11-21T22:12:05.702-0300] {logging_mixin.py:115} INFO - [2022-11-21T22:12:05.702-0300] {dag.py:2977} INFO - Setting next_dagrun for tutorial_etl_dag to None, run_after=None
[2022-11-21T22:12:05.723-0300] {processor.py:161} INFO - Processing /home/juliana/Área de Trabalho/datapipeline/.env/lib/python3.8/site-packages/airflow/example_dags/tutorial_etl_dag.py took 0.102 seconds
[2022-11-21T22:12:43.029-0300] {processor.py:153} INFO - Started process (PID=5986) to work on /home/juliana/Área de Trabalho/datapipeline/.env/lib/python3.8/site-packages/airflow/example_dags/tutorial_etl_dag.py
[2022-11-21T22:12:43.031-0300] {processor.py:640} INFO - Processing file /home/juliana/Área de Trabalho/datapipeline/.env/lib/python3.8/site-packages/airflow/example_dags/tutorial_etl_dag.py for tasks to queue
[2022-11-21T22:12:43.033-0300] {logging_mixin.py:115} INFO - [2022-11-21T22:12:43.032-0300] {dagbag.py:508} INFO - Filling up the DagBag from /home/juliana/Área de Trabalho/datapipeline/.env/lib/python3.8/site-packages/airflow/example_dags/tutorial_etl_dag.py
[2022-11-21T22:12:43.041-0300] {processor.py:650} INFO - DAG(s) dict_keys(['tutorial_etl_dag']) retrieved from /home/juliana/Área de Trabalho/datapipeline/.env/lib/python3.8/site-packages/airflow/example_dags/tutorial_etl_dag.py
[2022-11-21T22:12:43.060-0300] {logging_mixin.py:115} INFO - [2022-11-21T22:12:43.060-0300] {dag.py:2429} INFO - Sync 1 DAGs
[2022-11-21T22:12:43.075-0300] {logging_mixin.py:115} INFO - [2022-11-21T22:12:43.075-0300] {dag.py:2977} INFO - Setting next_dagrun for tutorial_etl_dag to None, run_after=None
[2022-11-21T22:12:43.094-0300] {processor.py:161} INFO - Processing /home/juliana/Área de Trabalho/datapipeline/.env/lib/python3.8/site-packages/airflow/example_dags/tutorial_etl_dag.py took 0.069 seconds
[2022-11-21T22:13:18.605-0300] {processor.py:153} INFO - Started process (PID=6020) to work on /home/juliana/Área de Trabalho/datapipeline/.env/lib/python3.8/site-packages/airflow/example_dags/tutorial_etl_dag.py
[2022-11-21T22:13:18.644-0300] {processor.py:640} INFO - Processing file /home/juliana/Área de Trabalho/datapipeline/.env/lib/python3.8/site-packages/airflow/example_dags/tutorial_etl_dag.py for tasks to queue
[2022-11-21T22:13:18.645-0300] {logging_mixin.py:115} INFO - [2022-11-21T22:13:18.645-0300] {dagbag.py:508} INFO - Filling up the DagBag from /home/juliana/Área de Trabalho/datapipeline/.env/lib/python3.8/site-packages/airflow/example_dags/tutorial_etl_dag.py
[2022-11-21T22:13:18.653-0300] {processor.py:650} INFO - DAG(s) dict_keys(['tutorial_etl_dag']) retrieved from /home/juliana/Área de Trabalho/datapipeline/.env/lib/python3.8/site-packages/airflow/example_dags/tutorial_etl_dag.py
[2022-11-21T22:13:18.674-0300] {logging_mixin.py:115} INFO - [2022-11-21T22:13:18.674-0300] {dag.py:2429} INFO - Sync 1 DAGs
[2022-11-21T22:13:18.695-0300] {logging_mixin.py:115} INFO - [2022-11-21T22:13:18.694-0300] {dag.py:2977} INFO - Setting next_dagrun for tutorial_etl_dag to None, run_after=None
[2022-11-21T22:13:18.711-0300] {processor.py:161} INFO - Processing /home/juliana/Área de Trabalho/datapipeline/.env/lib/python3.8/site-packages/airflow/example_dags/tutorial_etl_dag.py took 0.109 seconds
[2022-11-21T22:13:53.250-0300] {processor.py:153} INFO - Started process (PID=6056) to work on /home/juliana/Área de Trabalho/datapipeline/.env/lib/python3.8/site-packages/airflow/example_dags/tutorial_etl_dag.py
[2022-11-21T22:13:53.251-0300] {processor.py:640} INFO - Processing file /home/juliana/Área de Trabalho/datapipeline/.env/lib/python3.8/site-packages/airflow/example_dags/tutorial_etl_dag.py for tasks to queue
[2022-11-21T22:13:53.252-0300] {logging_mixin.py:115} INFO - [2022-11-21T22:13:53.252-0300] {dagbag.py:508} INFO - Filling up the DagBag from /home/juliana/Área de Trabalho/datapipeline/.env/lib/python3.8/site-packages/airflow/example_dags/tutorial_etl_dag.py
[2022-11-21T22:13:53.261-0300] {processor.py:650} INFO - DAG(s) dict_keys(['tutorial_etl_dag']) retrieved from /home/juliana/Área de Trabalho/datapipeline/.env/lib/python3.8/site-packages/airflow/example_dags/tutorial_etl_dag.py
[2022-11-21T22:13:53.280-0300] {logging_mixin.py:115} INFO - [2022-11-21T22:13:53.279-0300] {dag.py:2429} INFO - Sync 1 DAGs
[2022-11-21T22:13:53.294-0300] {logging_mixin.py:115} INFO - [2022-11-21T22:13:53.294-0300] {dag.py:2977} INFO - Setting next_dagrun for tutorial_etl_dag to None, run_after=None
[2022-11-21T22:13:53.318-0300] {processor.py:161} INFO - Processing /home/juliana/Área de Trabalho/datapipeline/.env/lib/python3.8/site-packages/airflow/example_dags/tutorial_etl_dag.py took 0.073 seconds
[2022-11-21T22:14:29.780-0300] {processor.py:153} INFO - Started process (PID=6093) to work on /home/juliana/Área de Trabalho/datapipeline/.env/lib/python3.8/site-packages/airflow/example_dags/tutorial_etl_dag.py
[2022-11-21T22:14:29.782-0300] {processor.py:640} INFO - Processing file /home/juliana/Área de Trabalho/datapipeline/.env/lib/python3.8/site-packages/airflow/example_dags/tutorial_etl_dag.py for tasks to queue
[2022-11-21T22:14:29.782-0300] {logging_mixin.py:115} INFO - [2022-11-21T22:14:29.782-0300] {dagbag.py:508} INFO - Filling up the DagBag from /home/juliana/Área de Trabalho/datapipeline/.env/lib/python3.8/site-packages/airflow/example_dags/tutorial_etl_dag.py
[2022-11-21T22:14:29.792-0300] {processor.py:650} INFO - DAG(s) dict_keys(['tutorial_etl_dag']) retrieved from /home/juliana/Área de Trabalho/datapipeline/.env/lib/python3.8/site-packages/airflow/example_dags/tutorial_etl_dag.py
[2022-11-21T22:14:29.812-0300] {logging_mixin.py:115} INFO - [2022-11-21T22:14:29.812-0300] {dag.py:2429} INFO - Sync 1 DAGs
[2022-11-21T22:14:29.826-0300] {logging_mixin.py:115} INFO - [2022-11-21T22:14:29.826-0300] {dag.py:2977} INFO - Setting next_dagrun for tutorial_etl_dag to None, run_after=None
[2022-11-21T22:14:29.893-0300] {processor.py:161} INFO - Processing /home/juliana/Área de Trabalho/datapipeline/.env/lib/python3.8/site-packages/airflow/example_dags/tutorial_etl_dag.py took 0.118 seconds
[2022-11-21T22:15:02.877-0300] {processor.py:153} INFO - Started process (PID=6126) to work on /home/juliana/Área de Trabalho/datapipeline/.env/lib/python3.8/site-packages/airflow/example_dags/tutorial_etl_dag.py
[2022-11-21T22:15:02.878-0300] {processor.py:640} INFO - Processing file /home/juliana/Área de Trabalho/datapipeline/.env/lib/python3.8/site-packages/airflow/example_dags/tutorial_etl_dag.py for tasks to queue
[2022-11-21T22:15:02.879-0300] {logging_mixin.py:115} INFO - [2022-11-21T22:15:02.879-0300] {dagbag.py:508} INFO - Filling up the DagBag from /home/juliana/Área de Trabalho/datapipeline/.env/lib/python3.8/site-packages/airflow/example_dags/tutorial_etl_dag.py
[2022-11-21T22:15:02.890-0300] {processor.py:650} INFO - DAG(s) dict_keys(['tutorial_etl_dag']) retrieved from /home/juliana/Área de Trabalho/datapipeline/.env/lib/python3.8/site-packages/airflow/example_dags/tutorial_etl_dag.py
[2022-11-21T22:15:02.910-0300] {logging_mixin.py:115} INFO - [2022-11-21T22:15:02.910-0300] {dag.py:2429} INFO - Sync 1 DAGs
[2022-11-21T22:15:02.926-0300] {logging_mixin.py:115} INFO - [2022-11-21T22:15:02.926-0300] {dag.py:2977} INFO - Setting next_dagrun for tutorial_etl_dag to None, run_after=None
[2022-11-21T22:15:02.950-0300] {processor.py:161} INFO - Processing /home/juliana/Área de Trabalho/datapipeline/.env/lib/python3.8/site-packages/airflow/example_dags/tutorial_etl_dag.py took 0.080 seconds
[2022-11-21T22:15:38.468-0300] {processor.py:153} INFO - Started process (PID=6161) to work on /home/juliana/Área de Trabalho/datapipeline/.env/lib/python3.8/site-packages/airflow/example_dags/tutorial_etl_dag.py
[2022-11-21T22:15:38.477-0300] {processor.py:640} INFO - Processing file /home/juliana/Área de Trabalho/datapipeline/.env/lib/python3.8/site-packages/airflow/example_dags/tutorial_etl_dag.py for tasks to queue
[2022-11-21T22:15:38.478-0300] {logging_mixin.py:115} INFO - [2022-11-21T22:15:38.478-0300] {dagbag.py:508} INFO - Filling up the DagBag from /home/juliana/Área de Trabalho/datapipeline/.env/lib/python3.8/site-packages/airflow/example_dags/tutorial_etl_dag.py
[2022-11-21T22:15:38.488-0300] {processor.py:650} INFO - DAG(s) dict_keys(['tutorial_etl_dag']) retrieved from /home/juliana/Área de Trabalho/datapipeline/.env/lib/python3.8/site-packages/airflow/example_dags/tutorial_etl_dag.py
[2022-11-21T22:15:38.525-0300] {logging_mixin.py:115} INFO - [2022-11-21T22:15:38.525-0300] {dag.py:2429} INFO - Sync 1 DAGs
[2022-11-21T22:15:38.540-0300] {logging_mixin.py:115} INFO - [2022-11-21T22:15:38.540-0300] {dag.py:2977} INFO - Setting next_dagrun for tutorial_etl_dag to None, run_after=None
[2022-11-21T22:15:38.556-0300] {processor.py:161} INFO - Processing /home/juliana/Área de Trabalho/datapipeline/.env/lib/python3.8/site-packages/airflow/example_dags/tutorial_etl_dag.py took 0.097 seconds
[2022-11-21T22:16:14.937-0300] {processor.py:153} INFO - Started process (PID=6197) to work on /home/juliana/Área de Trabalho/datapipeline/.env/lib/python3.8/site-packages/airflow/example_dags/tutorial_etl_dag.py
[2022-11-21T22:16:14.938-0300] {processor.py:640} INFO - Processing file /home/juliana/Área de Trabalho/datapipeline/.env/lib/python3.8/site-packages/airflow/example_dags/tutorial_etl_dag.py for tasks to queue
[2022-11-21T22:16:14.940-0300] {logging_mixin.py:115} INFO - [2022-11-21T22:16:14.939-0300] {dagbag.py:508} INFO - Filling up the DagBag from /home/juliana/Área de Trabalho/datapipeline/.env/lib/python3.8/site-packages/airflow/example_dags/tutorial_etl_dag.py
[2022-11-21T22:16:14.951-0300] {processor.py:650} INFO - DAG(s) dict_keys(['tutorial_etl_dag']) retrieved from /home/juliana/Área de Trabalho/datapipeline/.env/lib/python3.8/site-packages/airflow/example_dags/tutorial_etl_dag.py
[2022-11-21T22:16:14.973-0300] {logging_mixin.py:115} INFO - [2022-11-21T22:16:14.973-0300] {dag.py:2429} INFO - Sync 1 DAGs
[2022-11-21T22:16:14.989-0300] {logging_mixin.py:115} INFO - [2022-11-21T22:16:14.989-0300] {dag.py:2977} INFO - Setting next_dagrun for tutorial_etl_dag to None, run_after=None
[2022-11-21T22:16:15.009-0300] {processor.py:161} INFO - Processing /home/juliana/Área de Trabalho/datapipeline/.env/lib/python3.8/site-packages/airflow/example_dags/tutorial_etl_dag.py took 0.078 seconds
[2022-11-21T22:16:53.191-0300] {processor.py:153} INFO - Started process (PID=6255) to work on /home/juliana/Área de Trabalho/datapipeline/.env/lib/python3.8/site-packages/airflow/example_dags/tutorial_etl_dag.py
[2022-11-21T22:16:53.192-0300] {processor.py:640} INFO - Processing file /home/juliana/Área de Trabalho/datapipeline/.env/lib/python3.8/site-packages/airflow/example_dags/tutorial_etl_dag.py for tasks to queue
[2022-11-21T22:16:53.193-0300] {logging_mixin.py:115} INFO - [2022-11-21T22:16:53.192-0300] {dagbag.py:508} INFO - Filling up the DagBag from /home/juliana/Área de Trabalho/datapipeline/.env/lib/python3.8/site-packages/airflow/example_dags/tutorial_etl_dag.py
[2022-11-21T22:16:53.201-0300] {processor.py:650} INFO - DAG(s) dict_keys(['tutorial_etl_dag']) retrieved from /home/juliana/Área de Trabalho/datapipeline/.env/lib/python3.8/site-packages/airflow/example_dags/tutorial_etl_dag.py
[2022-11-21T22:16:53.222-0300] {logging_mixin.py:115} INFO - [2022-11-21T22:16:53.221-0300] {dag.py:2429} INFO - Sync 1 DAGs
[2022-11-21T22:16:53.242-0300] {logging_mixin.py:115} INFO - [2022-11-21T22:16:53.241-0300] {dag.py:2977} INFO - Setting next_dagrun for tutorial_etl_dag to None, run_after=None
[2022-11-21T22:16:53.317-0300] {processor.py:161} INFO - Processing /home/juliana/Área de Trabalho/datapipeline/.env/lib/python3.8/site-packages/airflow/example_dags/tutorial_etl_dag.py took 0.130 seconds
