[2022-09-14T19:01:39.591-0300] {taskinstance.py:1171} INFO - Dependencies all met for <TaskInstance: example_python_operator.sleep_for_2 manual__2022-09-14T21:58:09.961868+00:00 [queued]>
[2022-09-14T19:01:39.597-0300] {taskinstance.py:1171} INFO - Dependencies all met for <TaskInstance: example_python_operator.sleep_for_2 manual__2022-09-14T21:58:09.961868+00:00 [queued]>
[2022-09-14T19:01:39.597-0300] {taskinstance.py:1368} INFO - 
--------------------------------------------------------------------------------
[2022-09-14T19:01:39.597-0300] {taskinstance.py:1369} INFO - Starting attempt 2 of 2
[2022-09-14T19:01:39.597-0300] {taskinstance.py:1370} INFO - 
--------------------------------------------------------------------------------
[2022-09-14T19:01:39.612-0300] {taskinstance.py:1389} INFO - Executing <Task(_PythonDecoratedOperator): sleep_for_2> on 2022-09-14 21:58:09.961868+00:00
[2022-09-14T19:01:39.614-0300] {standard_task_runner.py:52} INFO - Started process 11147 to run task
[2022-09-14T19:01:39.620-0300] {standard_task_runner.py:79} INFO - Running: ['airflow', 'tasks', 'run', 'example_python_operator', 'sleep_for_2', 'manual__2022-09-14T21:58:09.961868+00:00', '--job-id', '13', '--raw', '--subdir', '/home/juliana/Área de Trabalho/datapipeline/.env/lib/python3.8/site-packages/airflow/example_dags/example_python_operator.py', '--cfg-path', '/tmp/tmpnbby3flf', '--error-file', '/tmp/tmpstnzb8_l']
[2022-09-14T19:01:39.621-0300] {standard_task_runner.py:80} INFO - Job 13: Subtask sleep_for_2
[2022-09-14T19:01:39.663-0300] {task_command.py:371} INFO - Running <TaskInstance: example_python_operator.sleep_for_2 manual__2022-09-14T21:58:09.961868+00:00 [running]> on host juliana-VirtualBox
[2022-09-14T19:01:39.705-0300] {taskinstance.py:1581} INFO - Exporting the following env vars:
AIRFLOW_CTX_DAG_OWNER=airflow
AIRFLOW_CTX_DAG_ID=example_python_operator
AIRFLOW_CTX_TASK_ID=sleep_for_2
AIRFLOW_CTX_EXECUTION_DATE=2022-09-14T21:58:09.961868+00:00
AIRFLOW_CTX_TRY_NUMBER=2
AIRFLOW_CTX_DAG_RUN_ID=manual__2022-09-14T21:58:09.961868+00:00
[2022-09-14T19:01:39.906-0300] {python.py:173} INFO - Done. Returned value was: None
[2022-09-14T19:01:39.918-0300] {taskinstance.py:1407} INFO - Marking task as SUCCESS. dag_id=example_python_operator, task_id=sleep_for_2, execution_date=20220914T215809, start_date=20220914T220139, end_date=20220914T220139
[2022-09-14T19:01:39.954-0300] {local_task_job.py:156} INFO - Task exited with return code 0
[2022-09-14T19:01:39.974-0300] {local_task_job.py:279} INFO - 0 downstream tasks scheduled from follow-on schedule check
