[2022-09-14T21:00:31.702-0300] {processor.py:153} INFO - Started process (PID=19995) to work on /home/juliana/Área de Trabalho/datapipeline/.env/lib/python3.8/site-packages/airflow/example_dags/plugins/workday.py
[2022-09-14T21:00:31.704-0300] {processor.py:640} INFO - Processing file /home/juliana/Área de Trabalho/datapipeline/.env/lib/python3.8/site-packages/airflow/example_dags/plugins/workday.py for tasks to queue
[2022-09-14T21:00:31.704-0300] {logging_mixin.py:115} INFO - [2022-09-14T21:00:31.704-0300] {dagbag.py:508} INFO - Filling up the DagBag from /home/juliana/Área de Trabalho/datapipeline/.env/lib/python3.8/site-packages/airflow/example_dags/plugins/workday.py
[2022-09-14T21:00:31.707-0300] {processor.py:652} WARNING - No viable dags retrieved from /home/juliana/Área de Trabalho/datapipeline/.env/lib/python3.8/site-packages/airflow/example_dags/plugins/workday.py
[2022-09-14T21:00:31.719-0300] {processor.py:161} INFO - Processing /home/juliana/Área de Trabalho/datapipeline/.env/lib/python3.8/site-packages/airflow/example_dags/plugins/workday.py took 0.020 seconds
[2022-09-14T21:01:05.180-0300] {processor.py:153} INFO - Started process (PID=20030) to work on /home/juliana/Área de Trabalho/datapipeline/.env/lib/python3.8/site-packages/airflow/example_dags/plugins/workday.py
[2022-09-14T21:01:05.182-0300] {processor.py:640} INFO - Processing file /home/juliana/Área de Trabalho/datapipeline/.env/lib/python3.8/site-packages/airflow/example_dags/plugins/workday.py for tasks to queue
[2022-09-14T21:01:05.183-0300] {logging_mixin.py:115} INFO - [2022-09-14T21:01:05.183-0300] {dagbag.py:508} INFO - Filling up the DagBag from /home/juliana/Área de Trabalho/datapipeline/.env/lib/python3.8/site-packages/airflow/example_dags/plugins/workday.py
[2022-09-14T21:01:05.192-0300] {processor.py:652} WARNING - No viable dags retrieved from /home/juliana/Área de Trabalho/datapipeline/.env/lib/python3.8/site-packages/airflow/example_dags/plugins/workday.py
[2022-09-14T21:01:05.206-0300] {processor.py:161} INFO - Processing /home/juliana/Área de Trabalho/datapipeline/.env/lib/python3.8/site-packages/airflow/example_dags/plugins/workday.py took 0.033 seconds
[2022-09-14T21:01:41.871-0300] {processor.py:153} INFO - Started process (PID=20069) to work on /home/juliana/Área de Trabalho/datapipeline/.env/lib/python3.8/site-packages/airflow/example_dags/plugins/workday.py
[2022-09-14T21:01:41.873-0300] {processor.py:640} INFO - Processing file /home/juliana/Área de Trabalho/datapipeline/.env/lib/python3.8/site-packages/airflow/example_dags/plugins/workday.py for tasks to queue
[2022-09-14T21:01:41.875-0300] {logging_mixin.py:115} INFO - [2022-09-14T21:01:41.874-0300] {dagbag.py:508} INFO - Filling up the DagBag from /home/juliana/Área de Trabalho/datapipeline/.env/lib/python3.8/site-packages/airflow/example_dags/plugins/workday.py
[2022-09-14T21:01:41.885-0300] {processor.py:652} WARNING - No viable dags retrieved from /home/juliana/Área de Trabalho/datapipeline/.env/lib/python3.8/site-packages/airflow/example_dags/plugins/workday.py
[2022-09-14T21:01:41.901-0300] {processor.py:161} INFO - Processing /home/juliana/Área de Trabalho/datapipeline/.env/lib/python3.8/site-packages/airflow/example_dags/plugins/workday.py took 0.035 seconds
[2022-09-14T21:02:17.794-0300] {processor.py:153} INFO - Started process (PID=20106) to work on /home/juliana/Área de Trabalho/datapipeline/.env/lib/python3.8/site-packages/airflow/example_dags/plugins/workday.py
[2022-09-14T21:02:17.796-0300] {processor.py:640} INFO - Processing file /home/juliana/Área de Trabalho/datapipeline/.env/lib/python3.8/site-packages/airflow/example_dags/plugins/workday.py for tasks to queue
[2022-09-14T21:02:17.797-0300] {logging_mixin.py:115} INFO - [2022-09-14T21:02:17.796-0300] {dagbag.py:508} INFO - Filling up the DagBag from /home/juliana/Área de Trabalho/datapipeline/.env/lib/python3.8/site-packages/airflow/example_dags/plugins/workday.py
[2022-09-14T21:02:17.799-0300] {processor.py:652} WARNING - No viable dags retrieved from /home/juliana/Área de Trabalho/datapipeline/.env/lib/python3.8/site-packages/airflow/example_dags/plugins/workday.py
[2022-09-14T21:02:17.811-0300] {processor.py:161} INFO - Processing /home/juliana/Área de Trabalho/datapipeline/.env/lib/python3.8/site-packages/airflow/example_dags/plugins/workday.py took 0.020 seconds
[2022-09-14T21:03:22.902-0300] {processor.py:153} INFO - Started process (PID=20188) to work on /home/juliana/Área de Trabalho/datapipeline/.env/lib/python3.8/site-packages/airflow/example_dags/plugins/workday.py
[2022-09-14T21:03:22.907-0300] {processor.py:640} INFO - Processing file /home/juliana/Área de Trabalho/datapipeline/.env/lib/python3.8/site-packages/airflow/example_dags/plugins/workday.py for tasks to queue
[2022-09-14T21:03:22.908-0300] {logging_mixin.py:115} INFO - [2022-09-14T21:03:22.908-0300] {dagbag.py:508} INFO - Filling up the DagBag from /home/juliana/Área de Trabalho/datapipeline/.env/lib/python3.8/site-packages/airflow/example_dags/plugins/workday.py
[2022-09-14T21:03:22.916-0300] {processor.py:652} WARNING - No viable dags retrieved from /home/juliana/Área de Trabalho/datapipeline/.env/lib/python3.8/site-packages/airflow/example_dags/plugins/workday.py
[2022-09-14T21:03:22.938-0300] {processor.py:161} INFO - Processing /home/juliana/Área de Trabalho/datapipeline/.env/lib/python3.8/site-packages/airflow/example_dags/plugins/workday.py took 0.044 seconds
[2022-09-14T21:04:01.101-0300] {processor.py:153} INFO - Started process (PID=20223) to work on /home/juliana/Área de Trabalho/datapipeline/.env/lib/python3.8/site-packages/airflow/example_dags/plugins/workday.py
[2022-09-14T21:04:01.102-0300] {processor.py:640} INFO - Processing file /home/juliana/Área de Trabalho/datapipeline/.env/lib/python3.8/site-packages/airflow/example_dags/plugins/workday.py for tasks to queue
[2022-09-14T21:04:01.103-0300] {logging_mixin.py:115} INFO - [2022-09-14T21:04:01.102-0300] {dagbag.py:508} INFO - Filling up the DagBag from /home/juliana/Área de Trabalho/datapipeline/.env/lib/python3.8/site-packages/airflow/example_dags/plugins/workday.py
[2022-09-14T21:04:01.107-0300] {processor.py:652} WARNING - No viable dags retrieved from /home/juliana/Área de Trabalho/datapipeline/.env/lib/python3.8/site-packages/airflow/example_dags/plugins/workday.py
[2022-09-14T21:04:01.125-0300] {processor.py:161} INFO - Processing /home/juliana/Área de Trabalho/datapipeline/.env/lib/python3.8/site-packages/airflow/example_dags/plugins/workday.py took 0.034 seconds
[2022-09-14T21:04:37.889-0300] {processor.py:153} INFO - Started process (PID=20257) to work on /home/juliana/Área de Trabalho/datapipeline/.env/lib/python3.8/site-packages/airflow/example_dags/plugins/workday.py
[2022-09-14T21:04:37.890-0300] {processor.py:640} INFO - Processing file /home/juliana/Área de Trabalho/datapipeline/.env/lib/python3.8/site-packages/airflow/example_dags/plugins/workday.py for tasks to queue
[2022-09-14T21:04:37.891-0300] {logging_mixin.py:115} INFO - [2022-09-14T21:04:37.891-0300] {dagbag.py:508} INFO - Filling up the DagBag from /home/juliana/Área de Trabalho/datapipeline/.env/lib/python3.8/site-packages/airflow/example_dags/plugins/workday.py
[2022-09-14T21:04:37.895-0300] {processor.py:652} WARNING - No viable dags retrieved from /home/juliana/Área de Trabalho/datapipeline/.env/lib/python3.8/site-packages/airflow/example_dags/plugins/workday.py
[2022-09-14T21:04:37.905-0300] {processor.py:161} INFO - Processing /home/juliana/Área de Trabalho/datapipeline/.env/lib/python3.8/site-packages/airflow/example_dags/plugins/workday.py took 0.020 seconds
[2022-09-14T21:06:13.707-0300] {processor.py:153} INFO - Started process (PID=20315) to work on /home/juliana/Área de Trabalho/datapipeline/.env/lib/python3.8/site-packages/airflow/example_dags/plugins/workday.py
[2022-09-14T21:06:13.708-0300] {processor.py:640} INFO - Processing file /home/juliana/Área de Trabalho/datapipeline/.env/lib/python3.8/site-packages/airflow/example_dags/plugins/workday.py for tasks to queue
[2022-09-14T21:06:13.709-0300] {logging_mixin.py:115} INFO - [2022-09-14T21:06:13.709-0300] {dagbag.py:508} INFO - Filling up the DagBag from /home/juliana/Área de Trabalho/datapipeline/.env/lib/python3.8/site-packages/airflow/example_dags/plugins/workday.py
[2022-09-14T21:06:13.714-0300] {processor.py:652} WARNING - No viable dags retrieved from /home/juliana/Área de Trabalho/datapipeline/.env/lib/python3.8/site-packages/airflow/example_dags/plugins/workday.py
[2022-09-14T21:06:13.724-0300] {processor.py:161} INFO - Processing /home/juliana/Área de Trabalho/datapipeline/.env/lib/python3.8/site-packages/airflow/example_dags/plugins/workday.py took 0.019 seconds
[2022-09-14T21:06:47.857-0300] {processor.py:153} INFO - Started process (PID=20350) to work on /home/juliana/Área de Trabalho/datapipeline/.env/lib/python3.8/site-packages/airflow/example_dags/plugins/workday.py
[2022-09-14T21:06:47.859-0300] {processor.py:640} INFO - Processing file /home/juliana/Área de Trabalho/datapipeline/.env/lib/python3.8/site-packages/airflow/example_dags/plugins/workday.py for tasks to queue
[2022-09-14T21:06:47.861-0300] {logging_mixin.py:115} INFO - [2022-09-14T21:06:47.860-0300] {dagbag.py:508} INFO - Filling up the DagBag from /home/juliana/Área de Trabalho/datapipeline/.env/lib/python3.8/site-packages/airflow/example_dags/plugins/workday.py
[2022-09-14T21:06:47.864-0300] {processor.py:652} WARNING - No viable dags retrieved from /home/juliana/Área de Trabalho/datapipeline/.env/lib/python3.8/site-packages/airflow/example_dags/plugins/workday.py
[2022-09-14T21:06:47.879-0300] {processor.py:161} INFO - Processing /home/juliana/Área de Trabalho/datapipeline/.env/lib/python3.8/site-packages/airflow/example_dags/plugins/workday.py took 0.028 seconds
[2022-09-14T21:07:22.348-0300] {processor.py:153} INFO - Started process (PID=20385) to work on /home/juliana/Área de Trabalho/datapipeline/.env/lib/python3.8/site-packages/airflow/example_dags/plugins/workday.py
[2022-09-14T21:07:22.350-0300] {processor.py:640} INFO - Processing file /home/juliana/Área de Trabalho/datapipeline/.env/lib/python3.8/site-packages/airflow/example_dags/plugins/workday.py for tasks to queue
[2022-09-14T21:07:22.350-0300] {logging_mixin.py:115} INFO - [2022-09-14T21:07:22.350-0300] {dagbag.py:508} INFO - Filling up the DagBag from /home/juliana/Área de Trabalho/datapipeline/.env/lib/python3.8/site-packages/airflow/example_dags/plugins/workday.py
[2022-09-14T21:07:22.353-0300] {processor.py:652} WARNING - No viable dags retrieved from /home/juliana/Área de Trabalho/datapipeline/.env/lib/python3.8/site-packages/airflow/example_dags/plugins/workday.py
[2022-09-14T21:07:22.367-0300] {processor.py:161} INFO - Processing /home/juliana/Área de Trabalho/datapipeline/.env/lib/python3.8/site-packages/airflow/example_dags/plugins/workday.py took 0.028 seconds
[2022-09-14T21:07:56.928-0300] {processor.py:153} INFO - Started process (PID=20428) to work on /home/juliana/Área de Trabalho/datapipeline/.env/lib/python3.8/site-packages/airflow/example_dags/plugins/workday.py
[2022-09-14T21:07:56.930-0300] {processor.py:640} INFO - Processing file /home/juliana/Área de Trabalho/datapipeline/.env/lib/python3.8/site-packages/airflow/example_dags/plugins/workday.py for tasks to queue
[2022-09-14T21:07:56.931-0300] {logging_mixin.py:115} INFO - [2022-09-14T21:07:56.930-0300] {dagbag.py:508} INFO - Filling up the DagBag from /home/juliana/Área de Trabalho/datapipeline/.env/lib/python3.8/site-packages/airflow/example_dags/plugins/workday.py
[2022-09-14T21:07:56.938-0300] {processor.py:652} WARNING - No viable dags retrieved from /home/juliana/Área de Trabalho/datapipeline/.env/lib/python3.8/site-packages/airflow/example_dags/plugins/workday.py
[2022-09-14T21:07:56.951-0300] {processor.py:161} INFO - Processing /home/juliana/Área de Trabalho/datapipeline/.env/lib/python3.8/site-packages/airflow/example_dags/plugins/workday.py took 0.034 seconds
[2022-09-14T21:08:33.011-0300] {processor.py:153} INFO - Started process (PID=20464) to work on /home/juliana/Área de Trabalho/datapipeline/.env/lib/python3.8/site-packages/airflow/example_dags/plugins/workday.py
[2022-09-14T21:08:33.012-0300] {processor.py:640} INFO - Processing file /home/juliana/Área de Trabalho/datapipeline/.env/lib/python3.8/site-packages/airflow/example_dags/plugins/workday.py for tasks to queue
[2022-09-14T21:08:33.013-0300] {logging_mixin.py:115} INFO - [2022-09-14T21:08:33.013-0300] {dagbag.py:508} INFO - Filling up the DagBag from /home/juliana/Área de Trabalho/datapipeline/.env/lib/python3.8/site-packages/airflow/example_dags/plugins/workday.py
[2022-09-14T21:08:33.015-0300] {processor.py:652} WARNING - No viable dags retrieved from /home/juliana/Área de Trabalho/datapipeline/.env/lib/python3.8/site-packages/airflow/example_dags/plugins/workday.py
[2022-09-14T21:08:33.028-0300] {processor.py:161} INFO - Processing /home/juliana/Área de Trabalho/datapipeline/.env/lib/python3.8/site-packages/airflow/example_dags/plugins/workday.py took 0.021 seconds
[2022-09-14T21:09:09.318-0300] {processor.py:153} INFO - Started process (PID=20501) to work on /home/juliana/Área de Trabalho/datapipeline/.env/lib/python3.8/site-packages/airflow/example_dags/plugins/workday.py
[2022-09-14T21:09:09.319-0300] {processor.py:640} INFO - Processing file /home/juliana/Área de Trabalho/datapipeline/.env/lib/python3.8/site-packages/airflow/example_dags/plugins/workday.py for tasks to queue
[2022-09-14T21:09:09.320-0300] {logging_mixin.py:115} INFO - [2022-09-14T21:09:09.320-0300] {dagbag.py:508} INFO - Filling up the DagBag from /home/juliana/Área de Trabalho/datapipeline/.env/lib/python3.8/site-packages/airflow/example_dags/plugins/workday.py
[2022-09-14T21:09:09.322-0300] {processor.py:652} WARNING - No viable dags retrieved from /home/juliana/Área de Trabalho/datapipeline/.env/lib/python3.8/site-packages/airflow/example_dags/plugins/workday.py
[2022-09-14T21:09:09.335-0300] {processor.py:161} INFO - Processing /home/juliana/Área de Trabalho/datapipeline/.env/lib/python3.8/site-packages/airflow/example_dags/plugins/workday.py took 0.020 seconds
[2022-09-14T21:09:45.609-0300] {processor.py:153} INFO - Started process (PID=20539) to work on /home/juliana/Área de Trabalho/datapipeline/.env/lib/python3.8/site-packages/airflow/example_dags/plugins/workday.py
[2022-09-14T21:09:45.610-0300] {processor.py:640} INFO - Processing file /home/juliana/Área de Trabalho/datapipeline/.env/lib/python3.8/site-packages/airflow/example_dags/plugins/workday.py for tasks to queue
[2022-09-14T21:09:45.611-0300] {logging_mixin.py:115} INFO - [2022-09-14T21:09:45.611-0300] {dagbag.py:508} INFO - Filling up the DagBag from /home/juliana/Área de Trabalho/datapipeline/.env/lib/python3.8/site-packages/airflow/example_dags/plugins/workday.py
[2022-09-14T21:09:45.613-0300] {processor.py:652} WARNING - No viable dags retrieved from /home/juliana/Área de Trabalho/datapipeline/.env/lib/python3.8/site-packages/airflow/example_dags/plugins/workday.py
[2022-09-14T21:09:45.624-0300] {processor.py:161} INFO - Processing /home/juliana/Área de Trabalho/datapipeline/.env/lib/python3.8/site-packages/airflow/example_dags/plugins/workday.py took 0.021 seconds
[2022-09-14T21:10:20.622-0300] {processor.py:153} INFO - Started process (PID=20579) to work on /home/juliana/Área de Trabalho/datapipeline/.env/lib/python3.8/site-packages/airflow/example_dags/plugins/workday.py
[2022-09-14T21:10:20.624-0300] {processor.py:640} INFO - Processing file /home/juliana/Área de Trabalho/datapipeline/.env/lib/python3.8/site-packages/airflow/example_dags/plugins/workday.py for tasks to queue
[2022-09-14T21:10:20.626-0300] {logging_mixin.py:115} INFO - [2022-09-14T21:10:20.625-0300] {dagbag.py:508} INFO - Filling up the DagBag from /home/juliana/Área de Trabalho/datapipeline/.env/lib/python3.8/site-packages/airflow/example_dags/plugins/workday.py
[2022-09-14T21:10:20.637-0300] {processor.py:652} WARNING - No viable dags retrieved from /home/juliana/Área de Trabalho/datapipeline/.env/lib/python3.8/site-packages/airflow/example_dags/plugins/workday.py
[2022-09-14T21:10:20.664-0300] {processor.py:161} INFO - Processing /home/juliana/Área de Trabalho/datapipeline/.env/lib/python3.8/site-packages/airflow/example_dags/plugins/workday.py took 0.048 seconds
[2022-09-14T21:10:55.684-0300] {processor.py:153} INFO - Started process (PID=20617) to work on /home/juliana/Área de Trabalho/datapipeline/.env/lib/python3.8/site-packages/airflow/example_dags/plugins/workday.py
[2022-09-14T21:10:55.686-0300] {processor.py:640} INFO - Processing file /home/juliana/Área de Trabalho/datapipeline/.env/lib/python3.8/site-packages/airflow/example_dags/plugins/workday.py for tasks to queue
[2022-09-14T21:10:55.687-0300] {logging_mixin.py:115} INFO - [2022-09-14T21:10:55.687-0300] {dagbag.py:508} INFO - Filling up the DagBag from /home/juliana/Área de Trabalho/datapipeline/.env/lib/python3.8/site-packages/airflow/example_dags/plugins/workday.py
[2022-09-14T21:10:55.690-0300] {processor.py:652} WARNING - No viable dags retrieved from /home/juliana/Área de Trabalho/datapipeline/.env/lib/python3.8/site-packages/airflow/example_dags/plugins/workday.py
[2022-09-14T21:10:55.705-0300] {processor.py:161} INFO - Processing /home/juliana/Área de Trabalho/datapipeline/.env/lib/python3.8/site-packages/airflow/example_dags/plugins/workday.py took 0.027 seconds
[2022-09-14T21:11:30.474-0300] {processor.py:153} INFO - Started process (PID=20652) to work on /home/juliana/Área de Trabalho/datapipeline/.env/lib/python3.8/site-packages/airflow/example_dags/plugins/workday.py
[2022-09-14T21:11:30.476-0300] {processor.py:640} INFO - Processing file /home/juliana/Área de Trabalho/datapipeline/.env/lib/python3.8/site-packages/airflow/example_dags/plugins/workday.py for tasks to queue
[2022-09-14T21:11:30.477-0300] {logging_mixin.py:115} INFO - [2022-09-14T21:11:30.477-0300] {dagbag.py:508} INFO - Filling up the DagBag from /home/juliana/Área de Trabalho/datapipeline/.env/lib/python3.8/site-packages/airflow/example_dags/plugins/workday.py
[2022-09-14T21:11:30.480-0300] {processor.py:652} WARNING - No viable dags retrieved from /home/juliana/Área de Trabalho/datapipeline/.env/lib/python3.8/site-packages/airflow/example_dags/plugins/workday.py
[2022-09-14T21:11:30.494-0300] {processor.py:161} INFO - Processing /home/juliana/Área de Trabalho/datapipeline/.env/lib/python3.8/site-packages/airflow/example_dags/plugins/workday.py took 0.026 seconds
[2022-09-14T21:12:03.278-0300] {processor.py:153} INFO - Started process (PID=20687) to work on /home/juliana/Área de Trabalho/datapipeline/.env/lib/python3.8/site-packages/airflow/example_dags/plugins/workday.py
[2022-09-14T21:12:03.279-0300] {processor.py:640} INFO - Processing file /home/juliana/Área de Trabalho/datapipeline/.env/lib/python3.8/site-packages/airflow/example_dags/plugins/workday.py for tasks to queue
[2022-09-14T21:12:03.280-0300] {logging_mixin.py:115} INFO - [2022-09-14T21:12:03.280-0300] {dagbag.py:508} INFO - Filling up the DagBag from /home/juliana/Área de Trabalho/datapipeline/.env/lib/python3.8/site-packages/airflow/example_dags/plugins/workday.py
[2022-09-14T21:12:03.283-0300] {processor.py:652} WARNING - No viable dags retrieved from /home/juliana/Área de Trabalho/datapipeline/.env/lib/python3.8/site-packages/airflow/example_dags/plugins/workday.py
[2022-09-14T21:12:03.296-0300] {processor.py:161} INFO - Processing /home/juliana/Área de Trabalho/datapipeline/.env/lib/python3.8/site-packages/airflow/example_dags/plugins/workday.py took 0.023 seconds
[2022-09-14T21:12:37.269-0300] {processor.py:153} INFO - Started process (PID=20723) to work on /home/juliana/Área de Trabalho/datapipeline/.env/lib/python3.8/site-packages/airflow/example_dags/plugins/workday.py
[2022-09-14T21:12:37.271-0300] {processor.py:640} INFO - Processing file /home/juliana/Área de Trabalho/datapipeline/.env/lib/python3.8/site-packages/airflow/example_dags/plugins/workday.py for tasks to queue
[2022-09-14T21:12:37.272-0300] {logging_mixin.py:115} INFO - [2022-09-14T21:12:37.272-0300] {dagbag.py:508} INFO - Filling up the DagBag from /home/juliana/Área de Trabalho/datapipeline/.env/lib/python3.8/site-packages/airflow/example_dags/plugins/workday.py
[2022-09-14T21:12:37.276-0300] {processor.py:652} WARNING - No viable dags retrieved from /home/juliana/Área de Trabalho/datapipeline/.env/lib/python3.8/site-packages/airflow/example_dags/plugins/workday.py
[2022-09-14T21:12:37.297-0300] {processor.py:161} INFO - Processing /home/juliana/Área de Trabalho/datapipeline/.env/lib/python3.8/site-packages/airflow/example_dags/plugins/workday.py took 0.034 seconds
[2022-09-14T21:13:14.253-0300] {processor.py:153} INFO - Started process (PID=20763) to work on /home/juliana/Área de Trabalho/datapipeline/.env/lib/python3.8/site-packages/airflow/example_dags/plugins/workday.py
[2022-09-14T21:13:14.255-0300] {processor.py:640} INFO - Processing file /home/juliana/Área de Trabalho/datapipeline/.env/lib/python3.8/site-packages/airflow/example_dags/plugins/workday.py for tasks to queue
[2022-09-14T21:13:14.256-0300] {logging_mixin.py:115} INFO - [2022-09-14T21:13:14.256-0300] {dagbag.py:508} INFO - Filling up the DagBag from /home/juliana/Área de Trabalho/datapipeline/.env/lib/python3.8/site-packages/airflow/example_dags/plugins/workday.py
[2022-09-14T21:13:14.259-0300] {processor.py:652} WARNING - No viable dags retrieved from /home/juliana/Área de Trabalho/datapipeline/.env/lib/python3.8/site-packages/airflow/example_dags/plugins/workday.py
[2022-09-14T21:13:14.277-0300] {processor.py:161} INFO - Processing /home/juliana/Área de Trabalho/datapipeline/.env/lib/python3.8/site-packages/airflow/example_dags/plugins/workday.py took 0.031 seconds
[2022-09-14T21:13:47.019-0300] {processor.py:153} INFO - Started process (PID=20798) to work on /home/juliana/Área de Trabalho/datapipeline/.env/lib/python3.8/site-packages/airflow/example_dags/plugins/workday.py
[2022-09-14T21:13:47.021-0300] {processor.py:640} INFO - Processing file /home/juliana/Área de Trabalho/datapipeline/.env/lib/python3.8/site-packages/airflow/example_dags/plugins/workday.py for tasks to queue
[2022-09-14T21:13:47.022-0300] {logging_mixin.py:115} INFO - [2022-09-14T21:13:47.022-0300] {dagbag.py:508} INFO - Filling up the DagBag from /home/juliana/Área de Trabalho/datapipeline/.env/lib/python3.8/site-packages/airflow/example_dags/plugins/workday.py
[2022-09-14T21:13:47.025-0300] {processor.py:652} WARNING - No viable dags retrieved from /home/juliana/Área de Trabalho/datapipeline/.env/lib/python3.8/site-packages/airflow/example_dags/plugins/workday.py
[2022-09-14T21:13:47.041-0300] {processor.py:161} INFO - Processing /home/juliana/Área de Trabalho/datapipeline/.env/lib/python3.8/site-packages/airflow/example_dags/plugins/workday.py took 0.028 seconds
[2022-09-14T21:14:21.309-0300] {processor.py:153} INFO - Started process (PID=20834) to work on /home/juliana/Área de Trabalho/datapipeline/.env/lib/python3.8/site-packages/airflow/example_dags/plugins/workday.py
[2022-09-14T21:14:21.310-0300] {processor.py:640} INFO - Processing file /home/juliana/Área de Trabalho/datapipeline/.env/lib/python3.8/site-packages/airflow/example_dags/plugins/workday.py for tasks to queue
[2022-09-14T21:14:21.311-0300] {logging_mixin.py:115} INFO - [2022-09-14T21:14:21.311-0300] {dagbag.py:508} INFO - Filling up the DagBag from /home/juliana/Área de Trabalho/datapipeline/.env/lib/python3.8/site-packages/airflow/example_dags/plugins/workday.py
[2022-09-14T21:14:21.314-0300] {processor.py:652} WARNING - No viable dags retrieved from /home/juliana/Área de Trabalho/datapipeline/.env/lib/python3.8/site-packages/airflow/example_dags/plugins/workday.py
[2022-09-14T21:14:21.329-0300] {processor.py:161} INFO - Processing /home/juliana/Área de Trabalho/datapipeline/.env/lib/python3.8/site-packages/airflow/example_dags/plugins/workday.py took 0.026 seconds
[2022-09-14T21:14:55.789-0300] {processor.py:153} INFO - Started process (PID=20868) to work on /home/juliana/Área de Trabalho/datapipeline/.env/lib/python3.8/site-packages/airflow/example_dags/plugins/workday.py
[2022-09-14T21:14:55.790-0300] {processor.py:640} INFO - Processing file /home/juliana/Área de Trabalho/datapipeline/.env/lib/python3.8/site-packages/airflow/example_dags/plugins/workday.py for tasks to queue
[2022-09-14T21:14:55.791-0300] {logging_mixin.py:115} INFO - [2022-09-14T21:14:55.791-0300] {dagbag.py:508} INFO - Filling up the DagBag from /home/juliana/Área de Trabalho/datapipeline/.env/lib/python3.8/site-packages/airflow/example_dags/plugins/workday.py
[2022-09-14T21:14:55.794-0300] {processor.py:652} WARNING - No viable dags retrieved from /home/juliana/Área de Trabalho/datapipeline/.env/lib/python3.8/site-packages/airflow/example_dags/plugins/workday.py
[2022-09-14T21:14:55.809-0300] {processor.py:161} INFO - Processing /home/juliana/Área de Trabalho/datapipeline/.env/lib/python3.8/site-packages/airflow/example_dags/plugins/workday.py took 0.026 seconds
[2022-09-14T21:15:29.565-0300] {processor.py:153} INFO - Started process (PID=20906) to work on /home/juliana/Área de Trabalho/datapipeline/.env/lib/python3.8/site-packages/airflow/example_dags/plugins/workday.py
[2022-09-14T21:15:29.567-0300] {processor.py:640} INFO - Processing file /home/juliana/Área de Trabalho/datapipeline/.env/lib/python3.8/site-packages/airflow/example_dags/plugins/workday.py for tasks to queue
[2022-09-14T21:15:29.569-0300] {logging_mixin.py:115} INFO - [2022-09-14T21:15:29.569-0300] {dagbag.py:508} INFO - Filling up the DagBag from /home/juliana/Área de Trabalho/datapipeline/.env/lib/python3.8/site-packages/airflow/example_dags/plugins/workday.py
[2022-09-14T21:15:29.572-0300] {processor.py:652} WARNING - No viable dags retrieved from /home/juliana/Área de Trabalho/datapipeline/.env/lib/python3.8/site-packages/airflow/example_dags/plugins/workday.py
[2022-09-14T21:15:29.587-0300] {processor.py:161} INFO - Processing /home/juliana/Área de Trabalho/datapipeline/.env/lib/python3.8/site-packages/airflow/example_dags/plugins/workday.py took 0.028 seconds
[2022-09-14T21:16:07.063-0300] {processor.py:153} INFO - Started process (PID=20944) to work on /home/juliana/Área de Trabalho/datapipeline/.env/lib/python3.8/site-packages/airflow/example_dags/plugins/workday.py
[2022-09-14T21:16:07.064-0300] {processor.py:640} INFO - Processing file /home/juliana/Área de Trabalho/datapipeline/.env/lib/python3.8/site-packages/airflow/example_dags/plugins/workday.py for tasks to queue
[2022-09-14T21:16:07.065-0300] {logging_mixin.py:115} INFO - [2022-09-14T21:16:07.065-0300] {dagbag.py:508} INFO - Filling up the DagBag from /home/juliana/Área de Trabalho/datapipeline/.env/lib/python3.8/site-packages/airflow/example_dags/plugins/workday.py
[2022-09-14T21:16:07.068-0300] {processor.py:652} WARNING - No viable dags retrieved from /home/juliana/Área de Trabalho/datapipeline/.env/lib/python3.8/site-packages/airflow/example_dags/plugins/workday.py
[2022-09-14T21:16:07.083-0300] {processor.py:161} INFO - Processing /home/juliana/Área de Trabalho/datapipeline/.env/lib/python3.8/site-packages/airflow/example_dags/plugins/workday.py took 0.026 seconds
[2022-09-14T21:16:44.470-0300] {processor.py:153} INFO - Started process (PID=20981) to work on /home/juliana/Área de Trabalho/datapipeline/.env/lib/python3.8/site-packages/airflow/example_dags/plugins/workday.py
[2022-09-14T21:16:44.471-0300] {processor.py:640} INFO - Processing file /home/juliana/Área de Trabalho/datapipeline/.env/lib/python3.8/site-packages/airflow/example_dags/plugins/workday.py for tasks to queue
[2022-09-14T21:16:44.473-0300] {logging_mixin.py:115} INFO - [2022-09-14T21:16:44.472-0300] {dagbag.py:508} INFO - Filling up the DagBag from /home/juliana/Área de Trabalho/datapipeline/.env/lib/python3.8/site-packages/airflow/example_dags/plugins/workday.py
[2022-09-14T21:16:44.476-0300] {processor.py:652} WARNING - No viable dags retrieved from /home/juliana/Área de Trabalho/datapipeline/.env/lib/python3.8/site-packages/airflow/example_dags/plugins/workday.py
[2022-09-14T21:16:44.493-0300] {processor.py:161} INFO - Processing /home/juliana/Área de Trabalho/datapipeline/.env/lib/python3.8/site-packages/airflow/example_dags/plugins/workday.py took 0.031 seconds
[2022-09-14T21:17:17.094-0300] {processor.py:153} INFO - Started process (PID=21018) to work on /home/juliana/Área de Trabalho/datapipeline/.env/lib/python3.8/site-packages/airflow/example_dags/plugins/workday.py
[2022-09-14T21:17:17.095-0300] {processor.py:640} INFO - Processing file /home/juliana/Área de Trabalho/datapipeline/.env/lib/python3.8/site-packages/airflow/example_dags/plugins/workday.py for tasks to queue
[2022-09-14T21:17:17.096-0300] {logging_mixin.py:115} INFO - [2022-09-14T21:17:17.096-0300] {dagbag.py:508} INFO - Filling up the DagBag from /home/juliana/Área de Trabalho/datapipeline/.env/lib/python3.8/site-packages/airflow/example_dags/plugins/workday.py
[2022-09-14T21:17:17.098-0300] {processor.py:652} WARNING - No viable dags retrieved from /home/juliana/Área de Trabalho/datapipeline/.env/lib/python3.8/site-packages/airflow/example_dags/plugins/workday.py
[2022-09-14T21:17:17.118-0300] {processor.py:161} INFO - Processing /home/juliana/Área de Trabalho/datapipeline/.env/lib/python3.8/site-packages/airflow/example_dags/plugins/workday.py took 0.027 seconds
[2022-09-14T21:17:50.984-0300] {processor.py:153} INFO - Started process (PID=21059) to work on /home/juliana/Área de Trabalho/datapipeline/.env/lib/python3.8/site-packages/airflow/example_dags/plugins/workday.py
[2022-09-14T21:17:50.985-0300] {processor.py:640} INFO - Processing file /home/juliana/Área de Trabalho/datapipeline/.env/lib/python3.8/site-packages/airflow/example_dags/plugins/workday.py for tasks to queue
[2022-09-14T21:17:50.986-0300] {logging_mixin.py:115} INFO - [2022-09-14T21:17:50.986-0300] {dagbag.py:508} INFO - Filling up the DagBag from /home/juliana/Área de Trabalho/datapipeline/.env/lib/python3.8/site-packages/airflow/example_dags/plugins/workday.py
[2022-09-14T21:17:50.988-0300] {processor.py:652} WARNING - No viable dags retrieved from /home/juliana/Área de Trabalho/datapipeline/.env/lib/python3.8/site-packages/airflow/example_dags/plugins/workday.py
[2022-09-14T21:17:51.001-0300] {processor.py:161} INFO - Processing /home/juliana/Área de Trabalho/datapipeline/.env/lib/python3.8/site-packages/airflow/example_dags/plugins/workday.py took 0.020 seconds
[2022-09-14T21:18:26.292-0300] {processor.py:153} INFO - Started process (PID=21098) to work on /home/juliana/Área de Trabalho/datapipeline/.env/lib/python3.8/site-packages/airflow/example_dags/plugins/workday.py
[2022-09-14T21:18:26.293-0300] {processor.py:640} INFO - Processing file /home/juliana/Área de Trabalho/datapipeline/.env/lib/python3.8/site-packages/airflow/example_dags/plugins/workday.py for tasks to queue
[2022-09-14T21:18:26.293-0300] {logging_mixin.py:115} INFO - [2022-09-14T21:18:26.293-0300] {dagbag.py:508} INFO - Filling up the DagBag from /home/juliana/Área de Trabalho/datapipeline/.env/lib/python3.8/site-packages/airflow/example_dags/plugins/workday.py
[2022-09-14T21:18:26.295-0300] {processor.py:652} WARNING - No viable dags retrieved from /home/juliana/Área de Trabalho/datapipeline/.env/lib/python3.8/site-packages/airflow/example_dags/plugins/workday.py
[2022-09-14T21:18:26.307-0300] {processor.py:161} INFO - Processing /home/juliana/Área de Trabalho/datapipeline/.env/lib/python3.8/site-packages/airflow/example_dags/plugins/workday.py took 0.018 seconds
[2022-09-14T21:19:00.097-0300] {processor.py:153} INFO - Started process (PID=21135) to work on /home/juliana/Área de Trabalho/datapipeline/.env/lib/python3.8/site-packages/airflow/example_dags/plugins/workday.py
[2022-09-14T21:19:00.098-0300] {processor.py:640} INFO - Processing file /home/juliana/Área de Trabalho/datapipeline/.env/lib/python3.8/site-packages/airflow/example_dags/plugins/workday.py for tasks to queue
[2022-09-14T21:19:00.099-0300] {logging_mixin.py:115} INFO - [2022-09-14T21:19:00.098-0300] {dagbag.py:508} INFO - Filling up the DagBag from /home/juliana/Área de Trabalho/datapipeline/.env/lib/python3.8/site-packages/airflow/example_dags/plugins/workday.py
[2022-09-14T21:19:00.100-0300] {processor.py:652} WARNING - No viable dags retrieved from /home/juliana/Área de Trabalho/datapipeline/.env/lib/python3.8/site-packages/airflow/example_dags/plugins/workday.py
[2022-09-14T21:19:00.112-0300] {processor.py:161} INFO - Processing /home/juliana/Área de Trabalho/datapipeline/.env/lib/python3.8/site-packages/airflow/example_dags/plugins/workday.py took 0.017 seconds
[2022-09-14T21:19:35.250-0300] {processor.py:153} INFO - Started process (PID=21169) to work on /home/juliana/Área de Trabalho/datapipeline/.env/lib/python3.8/site-packages/airflow/example_dags/plugins/workday.py
[2022-09-14T21:19:35.252-0300] {processor.py:640} INFO - Processing file /home/juliana/Área de Trabalho/datapipeline/.env/lib/python3.8/site-packages/airflow/example_dags/plugins/workday.py for tasks to queue
[2022-09-14T21:19:35.253-0300] {logging_mixin.py:115} INFO - [2022-09-14T21:19:35.253-0300] {dagbag.py:508} INFO - Filling up the DagBag from /home/juliana/Área de Trabalho/datapipeline/.env/lib/python3.8/site-packages/airflow/example_dags/plugins/workday.py
[2022-09-14T21:19:35.257-0300] {processor.py:652} WARNING - No viable dags retrieved from /home/juliana/Área de Trabalho/datapipeline/.env/lib/python3.8/site-packages/airflow/example_dags/plugins/workday.py
[2022-09-14T21:19:35.271-0300] {processor.py:161} INFO - Processing /home/juliana/Área de Trabalho/datapipeline/.env/lib/python3.8/site-packages/airflow/example_dags/plugins/workday.py took 0.026 seconds
[2022-09-14T21:20:10.902-0300] {processor.py:153} INFO - Started process (PID=21205) to work on /home/juliana/Área de Trabalho/datapipeline/.env/lib/python3.8/site-packages/airflow/example_dags/plugins/workday.py
[2022-09-14T21:20:10.903-0300] {processor.py:640} INFO - Processing file /home/juliana/Área de Trabalho/datapipeline/.env/lib/python3.8/site-packages/airflow/example_dags/plugins/workday.py for tasks to queue
[2022-09-14T21:20:10.904-0300] {logging_mixin.py:115} INFO - [2022-09-14T21:20:10.904-0300] {dagbag.py:508} INFO - Filling up the DagBag from /home/juliana/Área de Trabalho/datapipeline/.env/lib/python3.8/site-packages/airflow/example_dags/plugins/workday.py
[2022-09-14T21:20:10.907-0300] {processor.py:652} WARNING - No viable dags retrieved from /home/juliana/Área de Trabalho/datapipeline/.env/lib/python3.8/site-packages/airflow/example_dags/plugins/workday.py
[2022-09-14T21:20:10.922-0300] {processor.py:161} INFO - Processing /home/juliana/Área de Trabalho/datapipeline/.env/lib/python3.8/site-packages/airflow/example_dags/plugins/workday.py took 0.026 seconds
[2022-09-14T21:20:45.932-0300] {processor.py:153} INFO - Started process (PID=21243) to work on /home/juliana/Área de Trabalho/datapipeline/.env/lib/python3.8/site-packages/airflow/example_dags/plugins/workday.py
[2022-09-14T21:20:45.934-0300] {processor.py:640} INFO - Processing file /home/juliana/Área de Trabalho/datapipeline/.env/lib/python3.8/site-packages/airflow/example_dags/plugins/workday.py for tasks to queue
[2022-09-14T21:20:45.935-0300] {logging_mixin.py:115} INFO - [2022-09-14T21:20:45.935-0300] {dagbag.py:508} INFO - Filling up the DagBag from /home/juliana/Área de Trabalho/datapipeline/.env/lib/python3.8/site-packages/airflow/example_dags/plugins/workday.py
[2022-09-14T21:20:45.938-0300] {processor.py:652} WARNING - No viable dags retrieved from /home/juliana/Área de Trabalho/datapipeline/.env/lib/python3.8/site-packages/airflow/example_dags/plugins/workday.py
[2022-09-14T21:20:45.953-0300] {processor.py:161} INFO - Processing /home/juliana/Área de Trabalho/datapipeline/.env/lib/python3.8/site-packages/airflow/example_dags/plugins/workday.py took 0.026 seconds
[2022-09-14T21:21:21.953-0300] {processor.py:153} INFO - Started process (PID=21282) to work on /home/juliana/Área de Trabalho/datapipeline/.env/lib/python3.8/site-packages/airflow/example_dags/plugins/workday.py
[2022-09-14T21:21:21.959-0300] {processor.py:640} INFO - Processing file /home/juliana/Área de Trabalho/datapipeline/.env/lib/python3.8/site-packages/airflow/example_dags/plugins/workday.py for tasks to queue
[2022-09-14T21:21:21.959-0300] {logging_mixin.py:115} INFO - [2022-09-14T21:21:21.959-0300] {dagbag.py:508} INFO - Filling up the DagBag from /home/juliana/Área de Trabalho/datapipeline/.env/lib/python3.8/site-packages/airflow/example_dags/plugins/workday.py
[2022-09-14T21:21:21.961-0300] {processor.py:652} WARNING - No viable dags retrieved from /home/juliana/Área de Trabalho/datapipeline/.env/lib/python3.8/site-packages/airflow/example_dags/plugins/workday.py
[2022-09-14T21:21:21.972-0300] {processor.py:161} INFO - Processing /home/juliana/Área de Trabalho/datapipeline/.env/lib/python3.8/site-packages/airflow/example_dags/plugins/workday.py took 0.021 seconds
[2022-09-14T21:21:57.397-0300] {processor.py:153} INFO - Started process (PID=21319) to work on /home/juliana/Área de Trabalho/datapipeline/.env/lib/python3.8/site-packages/airflow/example_dags/plugins/workday.py
[2022-09-14T21:21:57.398-0300] {processor.py:640} INFO - Processing file /home/juliana/Área de Trabalho/datapipeline/.env/lib/python3.8/site-packages/airflow/example_dags/plugins/workday.py for tasks to queue
[2022-09-14T21:21:57.399-0300] {logging_mixin.py:115} INFO - [2022-09-14T21:21:57.398-0300] {dagbag.py:508} INFO - Filling up the DagBag from /home/juliana/Área de Trabalho/datapipeline/.env/lib/python3.8/site-packages/airflow/example_dags/plugins/workday.py
[2022-09-14T21:21:57.401-0300] {processor.py:652} WARNING - No viable dags retrieved from /home/juliana/Área de Trabalho/datapipeline/.env/lib/python3.8/site-packages/airflow/example_dags/plugins/workday.py
[2022-09-14T21:21:57.412-0300] {processor.py:161} INFO - Processing /home/juliana/Área de Trabalho/datapipeline/.env/lib/python3.8/site-packages/airflow/example_dags/plugins/workday.py took 0.018 seconds
[2022-09-14T21:22:35.429-0300] {processor.py:153} INFO - Started process (PID=21363) to work on /home/juliana/Área de Trabalho/datapipeline/.env/lib/python3.8/site-packages/airflow/example_dags/plugins/workday.py
[2022-09-14T21:22:35.431-0300] {processor.py:640} INFO - Processing file /home/juliana/Área de Trabalho/datapipeline/.env/lib/python3.8/site-packages/airflow/example_dags/plugins/workday.py for tasks to queue
[2022-09-14T21:22:35.432-0300] {logging_mixin.py:115} INFO - [2022-09-14T21:22:35.432-0300] {dagbag.py:508} INFO - Filling up the DagBag from /home/juliana/Área de Trabalho/datapipeline/.env/lib/python3.8/site-packages/airflow/example_dags/plugins/workday.py
[2022-09-14T21:22:35.436-0300] {processor.py:652} WARNING - No viable dags retrieved from /home/juliana/Área de Trabalho/datapipeline/.env/lib/python3.8/site-packages/airflow/example_dags/plugins/workday.py
[2022-09-14T21:22:35.450-0300] {processor.py:161} INFO - Processing /home/juliana/Área de Trabalho/datapipeline/.env/lib/python3.8/site-packages/airflow/example_dags/plugins/workday.py took 0.026 seconds
[2022-09-14T21:23:09.184-0300] {processor.py:153} INFO - Started process (PID=21427) to work on /home/juliana/Área de Trabalho/datapipeline/.env/lib/python3.8/site-packages/airflow/example_dags/plugins/workday.py
[2022-09-14T21:23:09.185-0300] {processor.py:640} INFO - Processing file /home/juliana/Área de Trabalho/datapipeline/.env/lib/python3.8/site-packages/airflow/example_dags/plugins/workday.py for tasks to queue
[2022-09-14T21:23:09.192-0300] {logging_mixin.py:115} INFO - [2022-09-14T21:23:09.192-0300] {dagbag.py:508} INFO - Filling up the DagBag from /home/juliana/Área de Trabalho/datapipeline/.env/lib/python3.8/site-packages/airflow/example_dags/plugins/workday.py
[2022-09-14T21:23:09.200-0300] {processor.py:652} WARNING - No viable dags retrieved from /home/juliana/Área de Trabalho/datapipeline/.env/lib/python3.8/site-packages/airflow/example_dags/plugins/workday.py
[2022-09-14T21:23:09.219-0300] {processor.py:161} INFO - Processing /home/juliana/Área de Trabalho/datapipeline/.env/lib/python3.8/site-packages/airflow/example_dags/plugins/workday.py took 0.042 seconds
[2022-09-14T21:23:45.378-0300] {processor.py:153} INFO - Started process (PID=21479) to work on /home/juliana/Área de Trabalho/datapipeline/.env/lib/python3.8/site-packages/airflow/example_dags/plugins/workday.py
[2022-09-14T21:23:45.388-0300] {processor.py:640} INFO - Processing file /home/juliana/Área de Trabalho/datapipeline/.env/lib/python3.8/site-packages/airflow/example_dags/plugins/workday.py for tasks to queue
[2022-09-14T21:23:45.389-0300] {logging_mixin.py:115} INFO - [2022-09-14T21:23:45.389-0300] {dagbag.py:508} INFO - Filling up the DagBag from /home/juliana/Área de Trabalho/datapipeline/.env/lib/python3.8/site-packages/airflow/example_dags/plugins/workday.py
[2022-09-14T21:23:45.394-0300] {processor.py:652} WARNING - No viable dags retrieved from /home/juliana/Área de Trabalho/datapipeline/.env/lib/python3.8/site-packages/airflow/example_dags/plugins/workday.py
[2022-09-14T21:23:45.427-0300] {processor.py:161} INFO - Processing /home/juliana/Área de Trabalho/datapipeline/.env/lib/python3.8/site-packages/airflow/example_dags/plugins/workday.py took 0.056 seconds
[2022-09-14T21:24:24.790-0300] {processor.py:153} INFO - Started process (PID=21528) to work on /home/juliana/Área de Trabalho/datapipeline/.env/lib/python3.8/site-packages/airflow/example_dags/plugins/workday.py
[2022-09-14T21:24:24.791-0300] {processor.py:640} INFO - Processing file /home/juliana/Área de Trabalho/datapipeline/.env/lib/python3.8/site-packages/airflow/example_dags/plugins/workday.py for tasks to queue
[2022-09-14T21:24:24.792-0300] {logging_mixin.py:115} INFO - [2022-09-14T21:24:24.792-0300] {dagbag.py:508} INFO - Filling up the DagBag from /home/juliana/Área de Trabalho/datapipeline/.env/lib/python3.8/site-packages/airflow/example_dags/plugins/workday.py
[2022-09-14T21:24:24.796-0300] {processor.py:652} WARNING - No viable dags retrieved from /home/juliana/Área de Trabalho/datapipeline/.env/lib/python3.8/site-packages/airflow/example_dags/plugins/workday.py
[2022-09-14T21:24:24.804-0300] {processor.py:161} INFO - Processing /home/juliana/Área de Trabalho/datapipeline/.env/lib/python3.8/site-packages/airflow/example_dags/plugins/workday.py took 0.017 seconds
[2022-09-14T21:25:00.508-0300] {processor.py:153} INFO - Started process (PID=21569) to work on /home/juliana/Área de Trabalho/datapipeline/.env/lib/python3.8/site-packages/airflow/example_dags/plugins/workday.py
[2022-09-14T21:25:00.510-0300] {processor.py:640} INFO - Processing file /home/juliana/Área de Trabalho/datapipeline/.env/lib/python3.8/site-packages/airflow/example_dags/plugins/workday.py for tasks to queue
[2022-09-14T21:25:00.511-0300] {logging_mixin.py:115} INFO - [2022-09-14T21:25:00.511-0300] {dagbag.py:508} INFO - Filling up the DagBag from /home/juliana/Área de Trabalho/datapipeline/.env/lib/python3.8/site-packages/airflow/example_dags/plugins/workday.py
[2022-09-14T21:25:00.515-0300] {processor.py:652} WARNING - No viable dags retrieved from /home/juliana/Área de Trabalho/datapipeline/.env/lib/python3.8/site-packages/airflow/example_dags/plugins/workday.py
[2022-09-14T21:25:00.526-0300] {processor.py:161} INFO - Processing /home/juliana/Área de Trabalho/datapipeline/.env/lib/python3.8/site-packages/airflow/example_dags/plugins/workday.py took 0.021 seconds
[2022-09-14T21:25:35.099-0300] {processor.py:153} INFO - Started process (PID=21604) to work on /home/juliana/Área de Trabalho/datapipeline/.env/lib/python3.8/site-packages/airflow/example_dags/plugins/workday.py
[2022-09-14T21:25:35.104-0300] {processor.py:640} INFO - Processing file /home/juliana/Área de Trabalho/datapipeline/.env/lib/python3.8/site-packages/airflow/example_dags/plugins/workday.py for tasks to queue
[2022-09-14T21:25:35.105-0300] {logging_mixin.py:115} INFO - [2022-09-14T21:25:35.105-0300] {dagbag.py:508} INFO - Filling up the DagBag from /home/juliana/Área de Trabalho/datapipeline/.env/lib/python3.8/site-packages/airflow/example_dags/plugins/workday.py
[2022-09-14T21:25:35.110-0300] {processor.py:652} WARNING - No viable dags retrieved from /home/juliana/Área de Trabalho/datapipeline/.env/lib/python3.8/site-packages/airflow/example_dags/plugins/workday.py
[2022-09-14T21:25:35.122-0300] {processor.py:161} INFO - Processing /home/juliana/Área de Trabalho/datapipeline/.env/lib/python3.8/site-packages/airflow/example_dags/plugins/workday.py took 0.035 seconds
[2022-09-14T21:26:08.984-0300] {processor.py:153} INFO - Started process (PID=21640) to work on /home/juliana/Área de Trabalho/datapipeline/.env/lib/python3.8/site-packages/airflow/example_dags/plugins/workday.py
[2022-09-14T21:26:08.985-0300] {processor.py:640} INFO - Processing file /home/juliana/Área de Trabalho/datapipeline/.env/lib/python3.8/site-packages/airflow/example_dags/plugins/workday.py for tasks to queue
[2022-09-14T21:26:08.986-0300] {logging_mixin.py:115} INFO - [2022-09-14T21:26:08.986-0300] {dagbag.py:508} INFO - Filling up the DagBag from /home/juliana/Área de Trabalho/datapipeline/.env/lib/python3.8/site-packages/airflow/example_dags/plugins/workday.py
[2022-09-14T21:26:08.990-0300] {processor.py:652} WARNING - No viable dags retrieved from /home/juliana/Área de Trabalho/datapipeline/.env/lib/python3.8/site-packages/airflow/example_dags/plugins/workday.py
[2022-09-14T21:26:09.001-0300] {processor.py:161} INFO - Processing /home/juliana/Área de Trabalho/datapipeline/.env/lib/python3.8/site-packages/airflow/example_dags/plugins/workday.py took 0.023 seconds
[2022-09-14T21:26:42.758-0300] {processor.py:153} INFO - Started process (PID=21678) to work on /home/juliana/Área de Trabalho/datapipeline/.env/lib/python3.8/site-packages/airflow/example_dags/plugins/workday.py
[2022-09-14T21:26:42.760-0300] {processor.py:640} INFO - Processing file /home/juliana/Área de Trabalho/datapipeline/.env/lib/python3.8/site-packages/airflow/example_dags/plugins/workday.py for tasks to queue
[2022-09-14T21:26:42.761-0300] {logging_mixin.py:115} INFO - [2022-09-14T21:26:42.761-0300] {dagbag.py:508} INFO - Filling up the DagBag from /home/juliana/Área de Trabalho/datapipeline/.env/lib/python3.8/site-packages/airflow/example_dags/plugins/workday.py
[2022-09-14T21:26:42.764-0300] {processor.py:652} WARNING - No viable dags retrieved from /home/juliana/Área de Trabalho/datapipeline/.env/lib/python3.8/site-packages/airflow/example_dags/plugins/workday.py
[2022-09-14T21:26:42.779-0300] {processor.py:161} INFO - Processing /home/juliana/Área de Trabalho/datapipeline/.env/lib/python3.8/site-packages/airflow/example_dags/plugins/workday.py took 0.029 seconds
[2022-09-14T21:27:23.892-0300] {processor.py:153} INFO - Started process (PID=21755) to work on /home/juliana/Área de Trabalho/datapipeline/.env/lib/python3.8/site-packages/airflow/example_dags/plugins/workday.py
[2022-09-14T21:27:23.897-0300] {processor.py:640} INFO - Processing file /home/juliana/Área de Trabalho/datapipeline/.env/lib/python3.8/site-packages/airflow/example_dags/plugins/workday.py for tasks to queue
[2022-09-14T21:27:23.897-0300] {logging_mixin.py:115} INFO - [2022-09-14T21:27:23.897-0300] {dagbag.py:508} INFO - Filling up the DagBag from /home/juliana/Área de Trabalho/datapipeline/.env/lib/python3.8/site-packages/airflow/example_dags/plugins/workday.py
[2022-09-14T21:27:23.908-0300] {processor.py:652} WARNING - No viable dags retrieved from /home/juliana/Área de Trabalho/datapipeline/.env/lib/python3.8/site-packages/airflow/example_dags/plugins/workday.py
[2022-09-14T21:27:23.959-0300] {processor.py:161} INFO - Processing /home/juliana/Área de Trabalho/datapipeline/.env/lib/python3.8/site-packages/airflow/example_dags/plugins/workday.py took 0.070 seconds
[2022-09-14T21:36:46.792-0300] {processor.py:153} INFO - Started process (PID=21924) to work on /home/juliana/Área de Trabalho/datapipeline/.env/lib/python3.8/site-packages/airflow/example_dags/plugins/workday.py
[2022-09-14T21:36:46.798-0300] {processor.py:640} INFO - Processing file /home/juliana/Área de Trabalho/datapipeline/.env/lib/python3.8/site-packages/airflow/example_dags/plugins/workday.py for tasks to queue
[2022-09-14T21:36:46.800-0300] {logging_mixin.py:115} INFO - [2022-09-14T21:36:46.799-0300] {dagbag.py:508} INFO - Filling up the DagBag from /home/juliana/Área de Trabalho/datapipeline/.env/lib/python3.8/site-packages/airflow/example_dags/plugins/workday.py
[2022-09-14T21:36:46.842-0300] {processor.py:652} WARNING - No viable dags retrieved from /home/juliana/Área de Trabalho/datapipeline/.env/lib/python3.8/site-packages/airflow/example_dags/plugins/workday.py
[2022-09-14T21:36:46.954-0300] {processor.py:161} INFO - Processing /home/juliana/Área de Trabalho/datapipeline/.env/lib/python3.8/site-packages/airflow/example_dags/plugins/workday.py took 0.177 seconds
[2022-09-15T13:35:54.464-0300] {processor.py:153} INFO - Started process (PID=7381) to work on /home/juliana/Área de Trabalho/datapipeline/.env/lib/python3.8/site-packages/airflow/example_dags/plugins/workday.py
[2022-09-15T13:35:54.468-0300] {processor.py:640} INFO - Processing file /home/juliana/Área de Trabalho/datapipeline/.env/lib/python3.8/site-packages/airflow/example_dags/plugins/workday.py for tasks to queue
[2022-09-15T13:35:54.469-0300] {logging_mixin.py:115} INFO - [2022-09-15T13:35:54.469-0300] {dagbag.py:508} INFO - Filling up the DagBag from /home/juliana/Área de Trabalho/datapipeline/.env/lib/python3.8/site-packages/airflow/example_dags/plugins/workday.py
[2022-09-15T13:35:54.475-0300] {processor.py:652} WARNING - No viable dags retrieved from /home/juliana/Área de Trabalho/datapipeline/.env/lib/python3.8/site-packages/airflow/example_dags/plugins/workday.py
[2022-09-15T13:35:54.488-0300] {processor.py:161} INFO - Processing /home/juliana/Área de Trabalho/datapipeline/.env/lib/python3.8/site-packages/airflow/example_dags/plugins/workday.py took 0.030 seconds
[2022-09-15T13:36:34.599-0300] {processor.py:153} INFO - Started process (PID=7528) to work on /home/juliana/Área de Trabalho/datapipeline/.env/lib/python3.8/site-packages/airflow/example_dags/plugins/workday.py
[2022-09-15T13:36:34.607-0300] {processor.py:640} INFO - Processing file /home/juliana/Área de Trabalho/datapipeline/.env/lib/python3.8/site-packages/airflow/example_dags/plugins/workday.py for tasks to queue
[2022-09-15T13:36:34.608-0300] {logging_mixin.py:115} INFO - [2022-09-15T13:36:34.608-0300] {dagbag.py:508} INFO - Filling up the DagBag from /home/juliana/Área de Trabalho/datapipeline/.env/lib/python3.8/site-packages/airflow/example_dags/plugins/workday.py
[2022-09-15T13:36:34.614-0300] {processor.py:652} WARNING - No viable dags retrieved from /home/juliana/Área de Trabalho/datapipeline/.env/lib/python3.8/site-packages/airflow/example_dags/plugins/workday.py
[2022-09-15T13:36:34.628-0300] {processor.py:161} INFO - Processing /home/juliana/Área de Trabalho/datapipeline/.env/lib/python3.8/site-packages/airflow/example_dags/plugins/workday.py took 0.036 seconds
[2022-09-15T13:37:17.191-0300] {processor.py:153} INFO - Started process (PID=7679) to work on /home/juliana/Área de Trabalho/datapipeline/.env/lib/python3.8/site-packages/airflow/example_dags/plugins/workday.py
[2022-09-15T13:37:17.198-0300] {processor.py:640} INFO - Processing file /home/juliana/Área de Trabalho/datapipeline/.env/lib/python3.8/site-packages/airflow/example_dags/plugins/workday.py for tasks to queue
[2022-09-15T13:37:17.200-0300] {logging_mixin.py:115} INFO - [2022-09-15T13:37:17.199-0300] {dagbag.py:508} INFO - Filling up the DagBag from /home/juliana/Área de Trabalho/datapipeline/.env/lib/python3.8/site-packages/airflow/example_dags/plugins/workday.py
[2022-09-15T13:37:17.202-0300] {processor.py:652} WARNING - No viable dags retrieved from /home/juliana/Área de Trabalho/datapipeline/.env/lib/python3.8/site-packages/airflow/example_dags/plugins/workday.py
[2022-09-15T13:37:17.216-0300] {processor.py:161} INFO - Processing /home/juliana/Área de Trabalho/datapipeline/.env/lib/python3.8/site-packages/airflow/example_dags/plugins/workday.py took 0.031 seconds
[2022-09-15T13:38:07.809-0300] {processor.py:153} INFO - Started process (PID=7857) to work on /home/juliana/Área de Trabalho/datapipeline/.env/lib/python3.8/site-packages/airflow/example_dags/plugins/workday.py
[2022-09-15T13:38:07.812-0300] {processor.py:640} INFO - Processing file /home/juliana/Área de Trabalho/datapipeline/.env/lib/python3.8/site-packages/airflow/example_dags/plugins/workday.py for tasks to queue
[2022-09-15T13:38:07.813-0300] {logging_mixin.py:115} INFO - [2022-09-15T13:38:07.813-0300] {dagbag.py:508} INFO - Filling up the DagBag from /home/juliana/Área de Trabalho/datapipeline/.env/lib/python3.8/site-packages/airflow/example_dags/plugins/workday.py
[2022-09-15T13:38:07.819-0300] {processor.py:652} WARNING - No viable dags retrieved from /home/juliana/Área de Trabalho/datapipeline/.env/lib/python3.8/site-packages/airflow/example_dags/plugins/workday.py
[2022-09-15T13:38:07.832-0300] {processor.py:161} INFO - Processing /home/juliana/Área de Trabalho/datapipeline/.env/lib/python3.8/site-packages/airflow/example_dags/plugins/workday.py took 0.028 seconds
[2022-09-15T13:38:47.657-0300] {processor.py:153} INFO - Started process (PID=7988) to work on /home/juliana/Área de Trabalho/datapipeline/.env/lib/python3.8/site-packages/airflow/example_dags/plugins/workday.py
[2022-09-15T13:38:47.662-0300] {processor.py:640} INFO - Processing file /home/juliana/Área de Trabalho/datapipeline/.env/lib/python3.8/site-packages/airflow/example_dags/plugins/workday.py for tasks to queue
[2022-09-15T13:38:47.666-0300] {logging_mixin.py:115} INFO - [2022-09-15T13:38:47.662-0300] {dagbag.py:508} INFO - Filling up the DagBag from /home/juliana/Área de Trabalho/datapipeline/.env/lib/python3.8/site-packages/airflow/example_dags/plugins/workday.py
[2022-09-15T13:38:47.672-0300] {processor.py:652} WARNING - No viable dags retrieved from /home/juliana/Área de Trabalho/datapipeline/.env/lib/python3.8/site-packages/airflow/example_dags/plugins/workday.py
[2022-09-15T13:38:47.695-0300] {processor.py:161} INFO - Processing /home/juliana/Área de Trabalho/datapipeline/.env/lib/python3.8/site-packages/airflow/example_dags/plugins/workday.py took 0.041 seconds
[2022-09-15T13:39:29.437-0300] {processor.py:153} INFO - Started process (PID=8130) to work on /home/juliana/Área de Trabalho/datapipeline/.env/lib/python3.8/site-packages/airflow/example_dags/plugins/workday.py
[2022-09-15T13:39:29.439-0300] {processor.py:640} INFO - Processing file /home/juliana/Área de Trabalho/datapipeline/.env/lib/python3.8/site-packages/airflow/example_dags/plugins/workday.py for tasks to queue
[2022-09-15T13:39:29.440-0300] {logging_mixin.py:115} INFO - [2022-09-15T13:39:29.440-0300] {dagbag.py:508} INFO - Filling up the DagBag from /home/juliana/Área de Trabalho/datapipeline/.env/lib/python3.8/site-packages/airflow/example_dags/plugins/workday.py
[2022-09-15T13:39:29.451-0300] {processor.py:652} WARNING - No viable dags retrieved from /home/juliana/Área de Trabalho/datapipeline/.env/lib/python3.8/site-packages/airflow/example_dags/plugins/workday.py
[2022-09-15T13:39:29.464-0300] {processor.py:161} INFO - Processing /home/juliana/Área de Trabalho/datapipeline/.env/lib/python3.8/site-packages/airflow/example_dags/plugins/workday.py took 0.031 seconds
[2022-09-15T13:40:07.389-0300] {processor.py:153} INFO - Started process (PID=8264) to work on /home/juliana/Área de Trabalho/datapipeline/.env/lib/python3.8/site-packages/airflow/example_dags/plugins/workday.py
[2022-09-15T13:40:07.395-0300] {processor.py:640} INFO - Processing file /home/juliana/Área de Trabalho/datapipeline/.env/lib/python3.8/site-packages/airflow/example_dags/plugins/workday.py for tasks to queue
[2022-09-15T13:40:07.396-0300] {logging_mixin.py:115} INFO - [2022-09-15T13:40:07.396-0300] {dagbag.py:508} INFO - Filling up the DagBag from /home/juliana/Área de Trabalho/datapipeline/.env/lib/python3.8/site-packages/airflow/example_dags/plugins/workday.py
[2022-09-15T13:40:07.403-0300] {processor.py:652} WARNING - No viable dags retrieved from /home/juliana/Área de Trabalho/datapipeline/.env/lib/python3.8/site-packages/airflow/example_dags/plugins/workday.py
[2022-09-15T13:40:07.424-0300] {processor.py:161} INFO - Processing /home/juliana/Área de Trabalho/datapipeline/.env/lib/python3.8/site-packages/airflow/example_dags/plugins/workday.py took 0.065 seconds
[2022-09-15T13:40:48.115-0300] {processor.py:153} INFO - Started process (PID=8416) to work on /home/juliana/Área de Trabalho/datapipeline/.env/lib/python3.8/site-packages/airflow/example_dags/plugins/workday.py
[2022-09-15T13:40:48.119-0300] {processor.py:640} INFO - Processing file /home/juliana/Área de Trabalho/datapipeline/.env/lib/python3.8/site-packages/airflow/example_dags/plugins/workday.py for tasks to queue
[2022-09-15T13:40:48.120-0300] {logging_mixin.py:115} INFO - [2022-09-15T13:40:48.120-0300] {dagbag.py:508} INFO - Filling up the DagBag from /home/juliana/Área de Trabalho/datapipeline/.env/lib/python3.8/site-packages/airflow/example_dags/plugins/workday.py
[2022-09-15T13:40:48.131-0300] {processor.py:652} WARNING - No viable dags retrieved from /home/juliana/Área de Trabalho/datapipeline/.env/lib/python3.8/site-packages/airflow/example_dags/plugins/workday.py
[2022-09-15T13:40:48.145-0300] {processor.py:161} INFO - Processing /home/juliana/Área de Trabalho/datapipeline/.env/lib/python3.8/site-packages/airflow/example_dags/plugins/workday.py took 0.037 seconds
[2022-09-15T13:41:30.312-0300] {processor.py:153} INFO - Started process (PID=8565) to work on /home/juliana/Área de Trabalho/datapipeline/.env/lib/python3.8/site-packages/airflow/example_dags/plugins/workday.py
[2022-09-15T13:41:30.314-0300] {processor.py:640} INFO - Processing file /home/juliana/Área de Trabalho/datapipeline/.env/lib/python3.8/site-packages/airflow/example_dags/plugins/workday.py for tasks to queue
[2022-09-15T13:41:30.315-0300] {logging_mixin.py:115} INFO - [2022-09-15T13:41:30.315-0300] {dagbag.py:508} INFO - Filling up the DagBag from /home/juliana/Área de Trabalho/datapipeline/.env/lib/python3.8/site-packages/airflow/example_dags/plugins/workday.py
[2022-09-15T13:41:30.317-0300] {processor.py:652} WARNING - No viable dags retrieved from /home/juliana/Área de Trabalho/datapipeline/.env/lib/python3.8/site-packages/airflow/example_dags/plugins/workday.py
[2022-09-15T13:41:30.333-0300] {processor.py:161} INFO - Processing /home/juliana/Área de Trabalho/datapipeline/.env/lib/python3.8/site-packages/airflow/example_dags/plugins/workday.py took 0.024 seconds
[2022-09-15T13:42:11.142-0300] {processor.py:153} INFO - Started process (PID=8714) to work on /home/juliana/Área de Trabalho/datapipeline/.env/lib/python3.8/site-packages/airflow/example_dags/plugins/workday.py
[2022-09-15T13:42:11.146-0300] {processor.py:640} INFO - Processing file /home/juliana/Área de Trabalho/datapipeline/.env/lib/python3.8/site-packages/airflow/example_dags/plugins/workday.py for tasks to queue
[2022-09-15T13:42:11.147-0300] {logging_mixin.py:115} INFO - [2022-09-15T13:42:11.147-0300] {dagbag.py:508} INFO - Filling up the DagBag from /home/juliana/Área de Trabalho/datapipeline/.env/lib/python3.8/site-packages/airflow/example_dags/plugins/workday.py
[2022-09-15T13:42:11.156-0300] {processor.py:652} WARNING - No viable dags retrieved from /home/juliana/Área de Trabalho/datapipeline/.env/lib/python3.8/site-packages/airflow/example_dags/plugins/workday.py
[2022-09-15T13:42:11.194-0300] {processor.py:161} INFO - Processing /home/juliana/Área de Trabalho/datapipeline/.env/lib/python3.8/site-packages/airflow/example_dags/plugins/workday.py took 0.061 seconds
[2022-09-15T13:42:55.634-0300] {processor.py:153} INFO - Started process (PID=8866) to work on /home/juliana/Área de Trabalho/datapipeline/.env/lib/python3.8/site-packages/airflow/example_dags/plugins/workday.py
[2022-09-15T13:42:55.640-0300] {processor.py:640} INFO - Processing file /home/juliana/Área de Trabalho/datapipeline/.env/lib/python3.8/site-packages/airflow/example_dags/plugins/workday.py for tasks to queue
[2022-09-15T13:42:55.641-0300] {logging_mixin.py:115} INFO - [2022-09-15T13:42:55.641-0300] {dagbag.py:508} INFO - Filling up the DagBag from /home/juliana/Área de Trabalho/datapipeline/.env/lib/python3.8/site-packages/airflow/example_dags/plugins/workday.py
[2022-09-15T13:42:55.656-0300] {processor.py:652} WARNING - No viable dags retrieved from /home/juliana/Área de Trabalho/datapipeline/.env/lib/python3.8/site-packages/airflow/example_dags/plugins/workday.py
[2022-09-15T13:42:55.692-0300] {processor.py:161} INFO - Processing /home/juliana/Área de Trabalho/datapipeline/.env/lib/python3.8/site-packages/airflow/example_dags/plugins/workday.py took 0.064 seconds
