[2022-09-14T18:58:17.878-0300] {taskinstance.py:1171} INFO - Dependencies all met for <TaskInstance: example_python_operator.sleep_for_1 manual__2022-09-14T21:58:09.961868+00:00 [queued]>
[2022-09-14T18:58:17.890-0300] {taskinstance.py:1171} INFO - Dependencies all met for <TaskInstance: example_python_operator.sleep_for_1 manual__2022-09-14T21:58:09.961868+00:00 [queued]>
[2022-09-14T18:58:17.890-0300] {taskinstance.py:1368} INFO - 
--------------------------------------------------------------------------------
[2022-09-14T18:58:17.890-0300] {taskinstance.py:1369} INFO - Starting attempt 1 of 1
[2022-09-14T18:58:17.890-0300] {taskinstance.py:1370} INFO - 
--------------------------------------------------------------------------------
[2022-09-14T18:58:17.906-0300] {taskinstance.py:1389} INFO - Executing <Task(_PythonDecoratedOperator): sleep_for_1> on 2022-09-14 21:58:09.961868+00:00
[2022-09-14T18:58:17.910-0300] {standard_task_runner.py:52} INFO - Started process 10945 to run task
[2022-09-14T18:58:17.919-0300] {standard_task_runner.py:79} INFO - Running: ['airflow', 'tasks', 'run', 'example_python_operator', 'sleep_for_1', 'manual__2022-09-14T21:58:09.961868+00:00', '--job-id', '6', '--raw', '--subdir', '/home/juliana/Área de Trabalho/datapipeline/.env/lib/python3.8/site-packages/airflow/example_dags/example_python_operator.py', '--cfg-path', '/tmp/tmpqz156pfj', '--error-file', '/tmp/tmpi7r6_45z']
[2022-09-14T18:58:17.921-0300] {standard_task_runner.py:80} INFO - Job 6: Subtask sleep_for_1
[2022-09-14T18:58:17.970-0300] {task_command.py:371} INFO - Running <TaskInstance: example_python_operator.sleep_for_1 manual__2022-09-14T21:58:09.961868+00:00 [running]> on host juliana-VirtualBox
[2022-09-14T18:58:18.031-0300] {taskinstance.py:1581} INFO - Exporting the following env vars:
AIRFLOW_CTX_DAG_OWNER=airflow
AIRFLOW_CTX_DAG_ID=example_python_operator
AIRFLOW_CTX_TASK_ID=sleep_for_1
AIRFLOW_CTX_EXECUTION_DATE=2022-09-14T21:58:09.961868+00:00
AIRFLOW_CTX_TRY_NUMBER=1
AIRFLOW_CTX_DAG_RUN_ID=manual__2022-09-14T21:58:09.961868+00:00
[2022-09-14T18:58:18.134-0300] {python.py:173} INFO - Done. Returned value was: None
[2022-09-14T18:58:18.140-0300] {taskinstance.py:1407} INFO - Marking task as SUCCESS. dag_id=example_python_operator, task_id=sleep_for_1, execution_date=20220914T215809, start_date=20220914T215817, end_date=20220914T215818
[2022-09-14T18:58:18.174-0300] {local_task_job.py:156} INFO - Task exited with return code 0
[2022-09-14T18:58:18.209-0300] {local_task_job.py:279} INFO - 0 downstream tasks scheduled from follow-on schedule check
