[2022-09-14T18:58:13.726-0300] {taskinstance.py:1171} INFO - Dependencies all met for <TaskInstance: example_python_operator.print_the_context manual__2022-09-14T21:58:09.961868+00:00 [queued]>
[2022-09-14T18:58:13.733-0300] {taskinstance.py:1171} INFO - Dependencies all met for <TaskInstance: example_python_operator.print_the_context manual__2022-09-14T21:58:09.961868+00:00 [queued]>
[2022-09-14T18:58:13.733-0300] {taskinstance.py:1368} INFO - 
--------------------------------------------------------------------------------
[2022-09-14T18:58:13.733-0300] {taskinstance.py:1369} INFO - Starting attempt 1 of 1
[2022-09-14T18:58:13.733-0300] {taskinstance.py:1370} INFO - 
--------------------------------------------------------------------------------
[2022-09-14T18:58:13.750-0300] {taskinstance.py:1389} INFO - Executing <Task(_PythonDecoratedOperator): print_the_context> on 2022-09-14 21:58:09.961868+00:00
[2022-09-14T18:58:13.752-0300] {standard_task_runner.py:52} INFO - Started process 10938 to run task
[2022-09-14T18:58:13.760-0300] {standard_task_runner.py:79} INFO - Running: ['airflow', 'tasks', 'run', 'example_python_operator', 'print_the_context', 'manual__2022-09-14T21:58:09.961868+00:00', '--job-id', '4', '--raw', '--subdir', '/home/juliana/Área de Trabalho/datapipeline/.env/lib/python3.8/site-packages/airflow/example_dags/example_python_operator.py', '--cfg-path', '/tmp/tmpsg1xhhik', '--error-file', '/tmp/tmpdqctwx6p']
[2022-09-14T18:58:13.761-0300] {standard_task_runner.py:80} INFO - Job 4: Subtask print_the_context
[2022-09-14T18:58:13.828-0300] {task_command.py:371} INFO - Running <TaskInstance: example_python_operator.print_the_context manual__2022-09-14T21:58:09.961868+00:00 [running]> on host juliana-VirtualBox
[2022-09-14T18:58:13.888-0300] {taskinstance.py:1581} INFO - Exporting the following env vars:
AIRFLOW_CTX_DAG_OWNER=airflow
AIRFLOW_CTX_DAG_ID=example_python_operator
AIRFLOW_CTX_TASK_ID=print_the_context
AIRFLOW_CTX_EXECUTION_DATE=2022-09-14T21:58:09.961868+00:00
AIRFLOW_CTX_TRY_NUMBER=1
AIRFLOW_CTX_DAG_RUN_ID=manual__2022-09-14T21:58:09.961868+00:00
[2022-09-14T18:58:13.903-0300] {logging_mixin.py:115} WARNING - /home/juliana/Área de Trabalho/datapipeline/.env/lib/python3.8/site-packages/airflow/utils/context.py:290 AirflowContextDeprecationWarning: Accessing 'execution_date' from the template is deprecated and will be removed in a future version. Please use 'data_interval_start' or 'logical_date' instead.
[2022-09-14T18:58:13.905-0300] {logging_mixin.py:115} WARNING - /home/juliana/Área de Trabalho/datapipeline/.env/lib/python3.8/site-packages/airflow/utils/context.py:290 AirflowContextDeprecationWarning: Accessing 'next_ds' from the template is deprecated and will be removed in a future version. Please use '{{ data_interval_end | ds }}' instead.
[2022-09-14T18:58:13.906-0300] {logging_mixin.py:115} WARNING - /home/juliana/Área de Trabalho/datapipeline/.env/lib/python3.8/site-packages/airflow/utils/context.py:290 AirflowContextDeprecationWarning: Accessing 'next_ds_nodash' from the template is deprecated and will be removed in a future version. Please use '{{ data_interval_end | ds_nodash }}' instead.
[2022-09-14T18:58:13.907-0300] {logging_mixin.py:115} WARNING - /home/juliana/Área de Trabalho/datapipeline/.env/lib/python3.8/site-packages/airflow/utils/context.py:290 AirflowContextDeprecationWarning: Accessing 'next_execution_date' from the template is deprecated and will be removed in a future version. Please use 'data_interval_end' instead.
[2022-09-14T18:58:13.916-0300] {logging_mixin.py:115} WARNING - /home/juliana/Área de Trabalho/datapipeline/.env/lib/python3.8/site-packages/airflow/utils/context.py:290 AirflowContextDeprecationWarning: Accessing 'prev_ds' from the template is deprecated and will be removed in a future version.
[2022-09-14T18:58:13.917-0300] {logging_mixin.py:115} WARNING - /home/juliana/Área de Trabalho/datapipeline/.env/lib/python3.8/site-packages/airflow/utils/context.py:290 AirflowContextDeprecationWarning: Accessing 'prev_ds_nodash' from the template is deprecated and will be removed in a future version.
[2022-09-14T18:58:13.924-0300] {logging_mixin.py:115} WARNING - /home/juliana/Área de Trabalho/datapipeline/.env/lib/python3.8/site-packages/airflow/utils/context.py:290 AirflowContextDeprecationWarning: Accessing 'prev_execution_date' from the template is deprecated and will be removed in a future version.
[2022-09-14T18:58:13.925-0300] {logging_mixin.py:115} WARNING - /home/juliana/Área de Trabalho/datapipeline/.env/lib/python3.8/site-packages/airflow/utils/context.py:290 AirflowContextDeprecationWarning: Accessing 'prev_execution_date_success' from the template is deprecated and will be removed in a future version. Please use 'prev_data_interval_start_success' instead.
[2022-09-14T18:58:13.926-0300] {logging_mixin.py:115} WARNING - /home/juliana/Área de Trabalho/datapipeline/.env/lib/python3.8/site-packages/airflow/utils/context.py:290 AirflowContextDeprecationWarning: Accessing 'tomorrow_ds' from the template is deprecated and will be removed in a future version.
[2022-09-14T18:58:13.941-0300] {logging_mixin.py:115} WARNING - /home/juliana/Área de Trabalho/datapipeline/.env/lib/python3.8/site-packages/airflow/utils/context.py:290 AirflowContextDeprecationWarning: Accessing 'tomorrow_ds_nodash' from the template is deprecated and will be removed in a future version.
[2022-09-14T18:58:13.942-0300] {logging_mixin.py:115} WARNING - /home/juliana/Área de Trabalho/datapipeline/.env/lib/python3.8/site-packages/airflow/utils/context.py:290 AirflowContextDeprecationWarning: Accessing 'yesterday_ds' from the template is deprecated and will be removed in a future version.
[2022-09-14T18:58:13.943-0300] {logging_mixin.py:115} WARNING - /home/juliana/Área de Trabalho/datapipeline/.env/lib/python3.8/site-packages/airflow/utils/context.py:290 AirflowContextDeprecationWarning: Accessing 'yesterday_ds_nodash' from the template is deprecated and will be removed in a future version.
[2022-09-14T18:58:13.943-0300] {logging_mixin.py:115} INFO - {'conf': <airflow.configuration.AirflowConfigParser object at 0x7f165ec821c0>,
 'conn': None,
 'dag': <DAG: example_python_operator>,
 'dag_run': <DagRun example_python_operator @ 2022-09-14 21:58:09.961868+00:00: manual__2022-09-14T21:58:09.961868+00:00, state:running, queued_at: 2022-09-14 21:58:09.998693+00:00. externally triggered: True>,
 'data_interval_end': DateTime(2022, 9, 14, 21, 58, 9, 961868, tzinfo=Timezone('UTC')),
 'data_interval_start': DateTime(2022, 9, 14, 21, 58, 9, 961868, tzinfo=Timezone('UTC')),
 'ds_nodash': '20220914',
 'execution_date': <Proxy at 0x7f165c9c2b00 with factory functools.partial(<function lazy_mapping_from_context.<locals>._deprecated_proxy_factory at 0x7f165ca52c10>, 'execution_date', DateTime(2022, 9, 14, 21, 58, 9, 961868, tzinfo=Timezone('UTC')))>,
 'inlets': [],
 'logical_date': DateTime(2022, 9, 14, 21, 58, 9, 961868, tzinfo=Timezone('UTC')),
 'macros': <module 'airflow.macros' from '/home/juliana/Área de Trabalho/datapipeline/.env/lib/python3.8/site-packages/airflow/macros/__init__.py'>,
 'next_ds': <Proxy at 0x7f165c9c2080 with factory functools.partial(<function lazy_mapping_from_context.<locals>._deprecated_proxy_factory at 0x7f165ca52c10>, 'next_ds', '2022-09-14')>,
 'next_ds_nodash': <Proxy at 0x7f165ca3d1c0 with factory functools.partial(<function lazy_mapping_from_context.<locals>._deprecated_proxy_factory at 0x7f165ca52c10>, 'next_ds_nodash', '20220914')>,
 'next_execution_date': <Proxy at 0x7f165c9c6240 with factory functools.partial(<function lazy_mapping_from_context.<locals>._deprecated_proxy_factory at 0x7f165ca52c10>, 'next_execution_date', DateTime(2022, 9, 14, 21, 58, 9, 961868, tzinfo=Timezone('UTC')))>,
 'outlets': [],
 'params': {},
 'prev_data_interval_end_success': None,
 'prev_data_interval_start_success': None,
 'prev_ds': <Proxy at 0x7f165c9c6800 with factory functools.partial(<function lazy_mapping_from_context.<locals>._deprecated_proxy_factory at 0x7f165ca52c10>, 'prev_ds', '2022-09-14')>,
 'prev_ds_nodash': <Proxy at 0x7f165c9c6780 with factory functools.partial(<function lazy_mapping_from_context.<locals>._deprecated_proxy_factory at 0x7f165ca52c10>, 'prev_ds_nodash', '20220914')>,
 'prev_execution_date': <Proxy at 0x7f165c9c6940 with factory functools.partial(<function lazy_mapping_from_context.<locals>._deprecated_proxy_factory at 0x7f165ca52c10>, 'prev_execution_date', DateTime(2022, 9, 14, 21, 58, 9, 961868, tzinfo=Timezone('UTC')))>,
 'prev_execution_date_success': <Proxy at 0x7f165c9c6a80 with factory functools.partial(<function lazy_mapping_from_context.<locals>._deprecated_proxy_factory at 0x7f165ca52c10>, 'prev_execution_date_success', None)>,
 'prev_start_date_success': None,
 'run_id': 'manual__2022-09-14T21:58:09.961868+00:00',
 'task': <Task(_PythonDecoratedOperator): print_the_context>,
 'task_instance': <TaskInstance: example_python_operator.print_the_context manual__2022-09-14T21:58:09.961868+00:00 [running]>,
 'task_instance_key_str': 'example_python_operator__print_the_context__20220914',
 'templates_dict': None,
 'test_mode': False,
 'ti': <TaskInstance: example_python_operator.print_the_context manual__2022-09-14T21:58:09.961868+00:00 [running]>,
 'tomorrow_ds': <Proxy at 0x7f165c9c6ac0 with factory functools.partial(<function lazy_mapping_from_context.<locals>._deprecated_proxy_factory at 0x7f165ca52c10>, 'tomorrow_ds', '2022-09-15')>,
 'tomorrow_ds_nodash': <Proxy at 0x7f165c9c6b00 with factory functools.partial(<function lazy_mapping_from_context.<locals>._deprecated_proxy_factory at 0x7f165ca52c10>, 'tomorrow_ds_nodash', '20220915')>,
 'ts': '2022-09-14T21:58:09.961868+00:00',
 'ts_nodash': '20220914T215809',
 'ts_nodash_with_tz': '20220914T215809.961868+0000',
 'var': {'json': None, 'value': None},
 'yesterday_ds': <Proxy at 0x7f165c9c6b40 with factory functools.partial(<function lazy_mapping_from_context.<locals>._deprecated_proxy_factory at 0x7f165ca52c10>, 'yesterday_ds', '2022-09-13')>,
 'yesterday_ds_nodash': <Proxy at 0x7f165c9c6b80 with factory functools.partial(<function lazy_mapping_from_context.<locals>._deprecated_proxy_factory at 0x7f165ca52c10>, 'yesterday_ds_nodash', '20220913')>}
[2022-09-14T18:58:13.945-0300] {logging_mixin.py:115} INFO - 2022-09-14
[2022-09-14T18:58:13.945-0300] {python.py:173} INFO - Done. Returned value was: Whatever you return gets printed in the logs
[2022-09-14T18:58:13.986-0300] {taskinstance.py:1407} INFO - Marking task as SUCCESS. dag_id=example_python_operator, task_id=print_the_context, execution_date=20220914T215809, start_date=20220914T215813, end_date=20220914T215813
[2022-09-14T18:58:14.026-0300] {local_task_job.py:156} INFO - Task exited with return code 0
[2022-09-14T18:58:14.088-0300] {local_task_job.py:279} INFO - 5 downstream tasks scheduled from follow-on schedule check
